6d9f7 config: MoHex v2.0.CMake Mar 21 2025.
6d9f7 config: ============ InitializeSystem ============
6d9f7 config: BenzeneProgram::InitRandom()
6d9f7 config: Seed = 183283
6d9f7 info: Prior Patterns:
6d9f7 info: Global:
6d9f7 info: Size            = 565 32648 
6d9f7 info: TableEntries    = 65932 65910
6d9f7 info: MirrorsAdded    = 0 0
6d9f7 info: PrunableCount   = 30593 30629
6d9f7 info: LargestGamma    = 5820.77
6d9f7 info: SmallestGamma   = 6.6e-05
6d9f7 info: Local:
6d9f7 info: Size            = 550 5318 
6d9f7 info: TableEntries    = 11602 11588
6d9f7 info: MirrorsAdded    = 0 0
6d9f7 info: PrunableCount   = 3659 3667
6d9f7 info: LargestGamma    = 11281.8
6d9f7 info: SmallestGamma   = 0.026235
6d9f7 info: Playout Patterns:
6d9f7 info: Global:
6d9f7 info: Size            = 565 32648 
6d9f7 info: TableEntries    = 70329 70329
6d9f7 info: MirrorsAdded    = 4397 4419
6d9f7 info: PrunableCount   = 30593 30629
6d9f7 info: LargestGamma    = 5820.77
6d9f7 info: SmallestGamma   = 6.6e-05
6d9f7 info: Local:
6d9f7 info: Size            = 550 5318 
6d9f7 info: TableEntries    = 11602 11588
6d9f7 info: MirrorsAdded    = 0 0
6d9f7 info: PrunableCount   = 3659 3667
6d9f7 info: LargestGamma    = 11281.8
6d9f7 info: SmallestGamma   = 0.026235
6d9f7 config: IcePatternSet: reading from '/home/linus/MoHex2.0/nfbranchfix/benzene-vanilla-cmake/share/ice-patterns.txt'.
6d9f7 config: IcePatternSet: parsed 708 patterns.
6d9f7 config: VCS: reading captured set patterns from '/home/linus/MoHex2.0/nfbranchfix/benzene-vanilla-cmake/share/vc-captured-set.txt'.
6d9f7 config: VCS:: parsed 2 patterns.
6d9f7 config: VCS: reading captured set patterns from '/home/linus/MoHex2.0/nfbranchfix/benzene-vanilla-cmake/share/vc-captured-set.txt'.
6d9f7 config: VCS:: parsed 2 patterns.
6d9f7 config: IcePatternSet: reading from '/home/linus/MoHex2.0/nfbranchfix/benzene-vanilla-cmake/share/ice-patterns.txt'.
6d9f7 config: IcePatternSet: parsed 708 patterns.
6d9f7 config: VCS: reading captured set patterns from '/home/linus/MoHex2.0/nfbranchfix/benzene-vanilla-cmake/share/vc-captured-set.txt'.
6d9f7 config: VCS:: parsed 2 patterns.
6d9f7 config: VCS: reading captured set patterns from '/home/linus/MoHex2.0/nfbranchfix/benzene-vanilla-cmake/share/vc-captured-set.txt'.
6d9f7 config: VCS:: parsed 2 patterns.
6d9f7 config: VCS: reading captured set patterns from '/home/linus/MoHex2.0/nfbranchfix/benzene-vanilla-cmake/share/vc-captured-set.txt'.
6d9f7 config: VCS:: parsed 2 patterns.
6d9f7 config: VCS: reading captured set patterns from '/home/linus/MoHex2.0/nfbranchfix/benzene-vanilla-cmake/share/vc-captured-set.txt'.
6d9f7 config: VCS:: parsed 2 patterns.
6d9f7 config: VCS: reading captured set patterns from '/home/linus/MoHex2.0/nfbranchfix/benzene-vanilla-cmake/share/vc-captured-set.txt'.
6d9f7 config: VCS:: parsed 2 patterns.
6d9f7 config: VCS: reading captured set patterns from '/home/linus/MoHex2.0/nfbranchfix/benzene-vanilla-cmake/share/vc-captured-set.txt'.
6d9f7 config: VCS:: parsed 2 patterns.
6d9f7 info: SwapCheck: reading from '/home/linus/MoHex2.0/nfbranchfix/benzene-vanilla-cmake/share/swap-moves.txt'.
6d9f7 info: SwapCheck: opting not to swap.
6d9f7 config: VCPattern: loading pattern templates from '/home/linus/MoHex2.0/nfbranchfix/benzene-vanilla-cmake/share/vc-patterns.txt'.
6d9f7 info: Best move cannot be determined, must search state.
6d9f7 info: --- MoHexPlayer::Search() ---
6d9f7 info: Color: white
6d9f7 info: MaxGames: 1
6d9f7 info: NumberThreads: 1
6d9f7 info: MaxNodes: 9090 (799920 bytes)
6d9f7 info: TimeForMove: 1
6d9f7 info: PreSearch: max time reached (54/91).
6d9f7 info: Time for PreSearch: 0.203394s
6d9f7 info: 
  de5c99c3cee1a41e
  a  b  c  d  e  f  g  h  i  j  k  
 1\.  .  .  *  *  *  *  *  *  *  .\1
  2\.  .  *  *  *  *  *  *  *  *  .\2
   3\.  *  *  *  *  *  *  *  *  *  .\3
    4\.  *  *  *  *  *  *  *  *  *  .\4
     5\.  *  *  *  *  *  *  *  *  *  .\5
      6\.  *  *  *  *  *  *  *  *  *  .\6
       7\.  *  *  *  *  *  *  *  *  *  .\7
        8\.  *  *  *  *  *  *  *  *  *  .\8
         9\.  *  *  *  *  *  *  *  *  *  .\9
         10\.  *  *  *  *  *  *  *  *  .  .\10
          11\.  *  *  *  *  *  .  B  .  .  .\11
              a  b  c  d  e  f  g  h  i  j  k  
6d9f7 info: No subtree to reuse.
6d9f7 info: Creating thread 0
6d9f7 info: StartSearch()[0]
6d9f7 config: VCS: reading captured set patterns from '/home/linus/MoHex2.0/nfbranchfix/benzene-vanilla-cmake/share/vc-captured-set.txt'.
6d9f7 config: VCS:: parsed 2 patterns.
6d9f7 config: VCS: reading captured set patterns from '/home/linus/MoHex2.0/nfbranchfix/benzene-vanilla-cmake/share/vc-captured-set.txt'.
6d9f7 config: VCS:: parsed 2 patterns.
6d9f7 info: 
Elapsed Time   0.360672s
Count          1
GamesPlayed    1
Nodes          1
Knowledge      0 (0.0%)
Expansions     0.0
Time           0.00
GameLen        120.0 dev=0.0 min=120.0 max=120.0
InTree         0.0 dev=0.0 min=0.0 max=0.0
KnowDepth      -
Aborted        0%
Games/s        378.8
Score          0.00
Sequence      
6d9f7 info: 
6d9f7 warning: **** MoHexSearch returned empty sequence!
6d9f7 warning: **** Returning random move!
6d9f7 info: Best move cannot be determined, must search state.
6d9f7 info: --- MoHexPlayer::Search() ---
6d9f7 info: Color: white
6d9f7 info: MaxGames: 1
6d9f7 info: NumberThreads: 1
6d9f7 info: MaxNodes: 9090 (799920 bytes)
6d9f7 info: TimeForMove: 1
6d9f7 info: PreSearch: max time reached (57/89).
6d9f7 info: Time for PreSearch: 0.20118s
6d9f7 info: 
  4fbe0999fe1fa292
  a  b  c  d  e  f  g  h  i  j  k  
 1\.  .  .  *  *  *  *  *  *  *  .\1
  2\.  .  *  *  *  *  *  *  *  *  .\2
   3\.  *  *  *  *  W  *  *  *  *  .\3
    4\.  *  *  *  *  *  *  *  *  *  .\4
     5\.  *  *  *  *  *  *  *  *  *  .\5
      6\.  *  *  *  *  *  *  *  *  *  .\6
       7\.  B  *  *  *  *  *  *  *  *  .\7
        8\.  *  *  *  *  *  *  *  *  *  .\8
         9\.  *  *  *  *  *  *  *  *  *  .\9
         10\.  *  *  *  *  *  *  *  *  .  .\10
          11\.  *  *  *  *  *  .  B  .  .  .\11
              a  b  c  d  e  f  g  h  i  j  k  
6d9f7 info: Old: [black, h11] 
6d9f7 info: New: [black, h11] [white, f3] [black, b7] 
6d9f7 info: MovesPlayed: [white, f3] [black, b7] 
6d9f7 info: No subtree to reuse.
6d9f7 info: StartSearch()[0]
6d9f7 info: 
Elapsed Time   0.341993s
Count          1
GamesPlayed    1
Nodes          1
Knowledge      0 (0.0%)
Expansions     0.0
Time           0.00
GameLen        118.0 dev=0.0 min=118.0 max=118.0
InTree         0.0 dev=0.0 min=0.0 max=0.0
KnowDepth      -
Aborted        0%
Games/s        3424.7
Score          1.00
Sequence      
6d9f7 info: 
6d9f7 warning: **** MoHexSearch returned empty sequence!
6d9f7 warning: **** Returning random move!
6d9f7 info: Best move cannot be determined, must search state.
6d9f7 info: --- MoHexPlayer::Search() ---
6d9f7 info: Color: white
6d9f7 info: MaxGames: 1
6d9f7 info: NumberThreads: 1
6d9f7 info: MaxNodes: 9090 (799920 bytes)
6d9f7 info: TimeForMove: 1
6d9f7 info: PreSearch: max time reached (65/87).
6d9f7 info: Time for PreSearch: 0.202491s
6d9f7 info: 
  133fe3793a129d4a
  a  b  c  d  e  f  g  h  i  j  k  
 1\B  b  .  *  *  *  *  *  *  *  .\1
  2\.  .  *  *  *  *  *  *  *  *  .\2
   3\.  .  *  *  *  W  *  *  *  *  .\3
    4\.  *  *  *  *  *  *  *  *  .  w\4
     5\.  *  *  *  *  *  *  *  *  .  w\5
      6\.  *  *  *  *  *  *  *  *  W  w\6
       7\.  B  *  *  *  *  *  *  *  .  w\7
        8\.  *  *  *  *  *  *  *  *  *  .\8
         9\.  *  *  *  *  *  *  *  *  *  .\9
         10\.  *  *  *  *  *  *  *  *  .  .\10
          11\.  *  *  *  *  *  .  B  .  .  .\11
              a  b  c  d  e  f  g  h  i  j  k  
6d9f7 info: Old: [black, h11] [white, f3] [black, b7] 
6d9f7 info: New: [black, h11] [white, f3] [black, b7] [white, j6] [black, a1] 
6d9f7 info: MovesPlayed: [white, j6] [black, a1] 
6d9f7 info: No subtree to reuse.
6d9f7 info: StartSearch()[0]
6d9f7 info: 
Elapsed Time   0.344295s
Count          1
GamesPlayed    1
Nodes          1
Knowledge      0 (0.0%)
Expansions     0.0
Time           0.00
GameLen        111.0 dev=0.0 min=111.0 max=111.0
InTree         0.0 dev=0.0 min=0.0 max=0.0
KnowDepth      -
Aborted        0%
Games/s        3521.1
Score          1.00
Sequence      
6d9f7 info: 
6d9f7 warning: **** MoHexSearch returned empty sequence!
6d9f7 warning: **** Returning random move!
6d9f7 info: Best move cannot be determined, must search state.
6d9f7 info: --- MoHexPlayer::Search() ---
6d9f7 info: Color: white
6d9f7 info: MaxGames: 1
6d9f7 info: NumberThreads: 1
6d9f7 info: MaxNodes: 9090 (799920 bytes)
6d9f7 info: TimeForMove: 1
6d9f7 info: PreSearch: max time reached (62/86).
6d9f7 info: Time for PreSearch: 0.202179s
6d9f7 info: 
  1c3222d4994d2264
  a  b  c  d  e  f  g  h  i  j  k  
 1\B  b  .  *  *  *  *  *  *  *  .\1
  2\.  *  *  *  *  *  *  *  *  *  .\2
   3\.  *  *  *  *  W  *  *  *  *  .\3
    4\B  *  *  *  *  *  *  *  *  *  w\4
     5\.  *  *  *  *  *  *  *  *  .  w\5
      6\.  *  *  *  *  *  *  *  *  W  w\6
       7\.  B  *  *  *  *  *  *  *  .  w\7
        8\.  *  *  *  *  *  W  *  *  *  .\8
         9\.  *  *  *  *  *  *  *  *  *  .\9
         10\.  *  *  *  *  *  *  *  *  .  .\10
          11\.  *  *  *  *  *  .  B  .  .  .\11
              a  b  c  d  e  f  g  h  i  j  k  
6d9f7 info: Old: [black, h11] [white, f3] [black, b7] [white, j6] [black, a1] 
6d9f7 info: New: [black, h11] [white, f3] [black, b7] [white, j6] [black, a1] [white, g8] [black, a4] 
6d9f7 info: MovesPlayed: [white, g8] [black, a4] 
6d9f7 info: No subtree to reuse.
6d9f7 info: StartSearch()[0]
6d9f7 info: 
Elapsed Time   0.347264s
Count          1
GamesPlayed    1
Nodes          1
Knowledge      0 (0.0%)
Expansions     0.0
Time           0.00
GameLen        109.0 dev=0.0 min=109.0 max=109.0
InTree         0.0 dev=0.0 min=0.0 max=0.0
KnowDepth      -
Aborted        0%
Games/s        3367.0
Score          1.00
Sequence      
6d9f7 info: 
6d9f7 warning: **** MoHexSearch returned empty sequence!
6d9f7 warning: **** Returning random move!
6d9f7 info: Best move cannot be determined, must search state.
6d9f7 info: --- MoHexPlayer::Search() ---
6d9f7 info: Color: white
6d9f7 info: MaxGames: 1
6d9f7 info: NumberThreads: 1
6d9f7 info: MaxNodes: 9090 (799920 bytes)
6d9f7 info: TimeForMove: 1
6d9f7 info: PreSearch: max time reached (44/79).
6d9f7 info: Time for PreSearch: 0.202056s
6d9f7 info: 
  4512c16cba37a511
  a  b  c  d  e  f  g  h  i  j  k  
 1\B  b  b  b  B  .  *  *  *  *  .\1
  2\.  *  .  *  *  *  *  *  *  *  .\2
   3\.  .  *  *  *  W  *  *  *  *  .\3
    4\B  *  *  *  *  *  *  *  *  *  w\4
     5\.  *  *  *  *  *  *  *  *  .  w\5
      6\.  *  *  *  *  *  *  *  *  W  w\6
       7\.  B  *  *  *  *  *  W  .  .  w\7
        8\.  *  *  *  *  *  W  *  *  *  .\8
         9\.  *  *  *  *  *  *  *  *  *  .\9
         10\.  *  *  *  *  *  *  *  *  .  .\10
          11\.  *  *  *  *  *  .  B  .  .  .\11
              a  b  c  d  e  f  g  h  i  j  k  
6d9f7 info: Old: [black, h11] [white, f3] [black, b7] [white, j6] [black, a1] [white, g8] [black, a4] 
6d9f7 info: New: [black, h11] [white, f3] [black, b7] [white, j6] [black, a1] [white, g8] [black, a4] [white, h7] [black, e1] 
6d9f7 info: MovesPlayed: [white, h7] [black, e1] 
6d9f7 info: No subtree to reuse.
6d9f7 info: StartSearch()[0]
6d9f7 info: 
Elapsed Time   0.346453s
Count          1
GamesPlayed    1
Nodes          1
Knowledge      0 (0.0%)
Expansions     0.0
Time           0.00
GameLen        105.0 dev=0.0 min=105.0 max=105.0
InTree         0.0 dev=0.0 min=0.0 max=0.0
KnowDepth      -
Aborted        0%
Games/s        3378.4
Score          1.00
Sequence      
6d9f7 info: 
6d9f7 warning: **** MoHexSearch returned empty sequence!
6d9f7 warning: **** Returning random move!
6d9f7 info: Best move cannot be determined, must search state.
6d9f7 info: --- MoHexPlayer::Search() ---
6d9f7 info: Color: white
6d9f7 info: MaxGames: 1
6d9f7 info: NumberThreads: 1
6d9f7 info: MaxNodes: 9090 (799920 bytes)
6d9f7 info: TimeForMove: 1
6d9f7 info: PreSearch: max time reached (34/74).
6d9f7 info: Time for PreSearch: 0.210286s
6d9f7 info: 
  4e8a742f8e40deb4
  a  b  c  d  e  f  g  h  i  j  k  
 1\B  b  b  b  B  .  *  *  *  *  .\1
  2\.  *  .  .  *  *  *  *  *  *  .\2
   3\.  .  *  B  *  W  *  *  *  *  .\3
    4\B  *  *  *  *  *  *  *  W  .  w\4
     5\.  *  *  *  *  *  *  *  .  .  w\5
      6\.  *  *  *  *  *  *  *  *  W  w\6
       7\.  B  *  *  *  *  *  W  .  .  w\7
        8\.  *  *  *  *  *  W  *  *  *  .\8
         9\.  *  *  *  *  *  *  *  *  *  .\9
         10\.  *  *  *  *  *  *  *  *  .  .\10
          11\.  *  *  *  *  *  .  B  .  .  .\11
              a  b  c  d  e  f  g  h  i  j  k  
6d9f7 info: Old: [black, h11] [white, f3] [black, b7] [white, j6] [black, a1] [white, g8] [black, a4] [white, h7] [black, e1] 
6d9f7 info: New: [black, h11] [white, f3] [black, b7] [white, j6] [black, a1] [white, g8] [black, a4] [white, h7] [black, e1] [white, i4] [black, d3] 
6d9f7 info: MovesPlayed: [white, i4] [black, d3] 
6d9f7 info: No subtree to reuse.
6d9f7 info: StartSearch()[0]
6d9f7 info: 
Elapsed Time   0.355339s
Count          1
GamesPlayed    1
Nodes          1
Knowledge      0 (0.0%)
Expansions     0.0
Time           0.00
GameLen        103.0 dev=0.0 min=103.0 max=103.0
InTree         0.0 dev=0.0 min=0.0 max=0.0
KnowDepth      -
Aborted        0%
Games/s        3194.9
Score          0.00
Sequence      
6d9f7 info: 
6d9f7 warning: **** MoHexSearch returned empty sequence!
6d9f7 warning: **** Returning random move!
6d9f7 info: Best move cannot be determined, must search state.
6d9f7 info: --- MoHexPlayer::Search() ---
6d9f7 info: Color: white
6d9f7 info: MaxGames: 1
6d9f7 info: NumberThreads: 1
6d9f7 info: MaxNodes: 9090 (799920 bytes)
6d9f7 info: TimeForMove: 1
6d9f7 info: Time for PreSearch: 0.19388s
6d9f7 info: 
  1706994c097416f5
  a  b  c  d  e  f  g  h  i  j  k  
 1\B  b  b  b  B  .  *  *  *  .  w\1
  2\.  *  .  .  *  .  *  *  .  w  w\2
   3\.  .  .  B  *  W  *  *  W  w  w\3
    4\B  *  *  *  *  *  *  *  W  w  w\4
     5\.  *  *  *  B  *  *  *  .  b  w\5
      6\.  *  *  *  *  *  *  .  .  W  w\6
       7\.  B  *  *  *  *  *  W  .  .  w\7
        8\.  *  *  *  *  *  W  .  .  .  .\8
         9\.  *  *  *  *  *  .  *  .  *  .\9
         10\.  *  *  *  *  *  .  .  .  .  .\10
          11\.  *  *  *  *  *  .  B  .  .  .\11
              a  b  c  d  e  f  g  h  i  j  k  
6d9f7 info: Old: [black, h11] [white, f3] [black, b7] [white, j6] [black, a1] [white, g8] [black, a4] [white, h7] [black, e1] [white, i4] [black, d3] 
6d9f7 info: New: [black, h11] [white, f3] [black, b7] [white, j6] [black, a1] [white, g8] [black, a4] [white, h7] [black, e1] [white, i4] [black, d3] [white, i3] [black, e5] 
6d9f7 info: MovesPlayed: [white, i3] [black, e5] 
6d9f7 info: No subtree to reuse.
6d9f7 info: StartSearch()[0]
6d9f7 info: 
Elapsed Time   0.336473s
Count          1
GamesPlayed    1
Nodes          1
Knowledge      0 (0.0%)
Expansions     0.0
Time           0.00
GameLen        94.0 dev=0.0 min=94.0 max=94.0
InTree         0.0 dev=0.0 min=0.0 max=0.0
KnowDepth      -
Aborted        0%
Games/s        3174.6
Score          0.00
Sequence      
6d9f7 info: 
6d9f7 warning: **** MoHexSearch returned empty sequence!
6d9f7 warning: **** Returning random move!
6d9f7 info: Best move cannot be determined, must search state.
6d9f7 info: --- MoHexPlayer::Search() ---
6d9f7 info: Color: white
6d9f7 info: MaxGames: 1
6d9f7 info: NumberThreads: 1
6d9f7 info: MaxNodes: 9090 (799920 bytes)
6d9f7 info: TimeForMove: 1
6d9f7 info: Time for PreSearch: 0.199385s
6d9f7 info: 
  ccb72d71b1d76007
  a  b  c  d  e  f  g  h  i  j  k  
 1\B  b  b  b  B  .  .  *  *  .  w\1
  2\.  *  .  .  *  .  *  *  .  w  w\2
   3\.  .  .  B  W  W  *  *  W  w  w\3
    4\B  *  *  B  .  *  *  *  W  w  w\4
     5\.  *  *  *  B  *  *  *  .  b  w\5
      6\.  *  *  *  *  *  *  .  .  W  w\6
       7\.  B  *  *  *  *  *  W  .  .  w\7
        8\.  *  *  *  *  *  W  .  .  .  .\8
         9\.  *  *  *  *  *  .  *  .  *  .\9
         10\.  *  *  *  *  *  .  .  .  .  .\10
          11\.  *  *  *  *  *  .  B  .  .  .\11
              a  b  c  d  e  f  g  h  i  j  k  
6d9f7 info: Old: [black, h11] [white, f3] [black, b7] [white, j6] [black, a1] [white, g8] [black, a4] [white, h7] [black, e1] [white, i4] [black, d3] [white, i3] [black, e5] 
6d9f7 info: New: [black, h11] [white, f3] [black, b7] [white, j6] [black, a1] [white, g8] [black, a4] [white, h7] [black, e1] [white, i4] [black, d3] [white, i3] [black, e5] [white, e3] [black, d4] 
6d9f7 info: MovesPlayed: [white, e3] [black, d4] 
6d9f7 info: No subtree to reuse.
6d9f7 info: StartSearch()[0]
6d9f7 info: 
Elapsed Time   0.340958s
Count          1
GamesPlayed    1
Nodes          1
Knowledge      0 (0.0%)
Expansions     0.0
Time           0.00
GameLen        92.0 dev=0.0 min=92.0 max=92.0
InTree         0.0 dev=0.0 min=0.0 max=0.0
KnowDepth      -
Aborted        0%
Games/s        3663.0
Score          0.00
Sequence      
6d9f7 info: 
6d9f7 warning: **** MoHexSearch returned empty sequence!
6d9f7 warning: **** Returning random move!
6d9f7 info: Opponent has won; playing most blocking move.
6d9f7 info: Opponent has won; playing most blocking move.
6d9f7 info: Opponent has won; playing most blocking move.
6d9f7 info: Opponent has won; playing most blocking move.
6d9f7 info: Opponent has won; playing most blocking move.
6d9f7 info: Opponent has won; playing most blocking move.
6d9f7 info: Opponent has won; playing most blocking move.
6d9f7 info: Opponent has won; playing most blocking move.
6d9f7 info: Opponent has won; playing most blocking move.
6d9f7 info: Opponent has won; playing most blocking move.
6d9f7 info: Captured cells caused win! Removing...
6d9f7 info: Opponent has won; playing most blocking move.
6d9f7 info: Captured cells caused win! Removing...
6d9f7 info: Opponent has won; playing most blocking move.
6d9f7 info: Captured cells caused win! Removing...
6d9f7 info: Opponent has won; playing most blocking move.
6d9f7 info: Captured cells caused win! Removing...
6d9f7 info: Opponent has won; playing most blocking move.
6d9f7 config: ============ BenzeneShutdown =============
6d9f7 config: MoHexProgram:: ShutdownSystem()
6d9f7 config: CommonProgram:: ShutdownSystem()
6d9f7 config: BenzeneProgram:: ShutdownSystem()
Flushing and closing this stream...
