# nice ../build/src/mohex/mohex --config mohex-weak.htp --seed 469048 --logfile-name jobs/11x11-mohex-mohex-cg2010-vs-mohex-mohex-weak/mohex-mohex-weak-65.log
>boardsize 11 11
<= 
<
>name
MoHex 2.0.CMake Mar 21 2025
Copyright (C) 2007-2012 by the authors of the Benzene project.
This program comes with ABSOLUTELY NO WARRANTY. This is
free software and you are welcome to redistribute it under
certain conditions. Type `benzene-license' for details.

SgRandom::SetSeed: 469048
SgUctSearch: system memory 33632358400, using 1000000000 (5681818 nodes)
SgRandom::SetSeed: 1
SgRandom::SetSeed: 469048
298f7 info: Prior Patterns:
298f7 info: Global:
298f7 info: Size            = 565 32648 
298f7 info: TableEntries    = 65932 65910
298f7 info: MirrorsAdded    = 0 0
298f7 info: PrunableCount   = 30593 30629
298f7 info: LargestGamma    = 5820.77
298f7 info: SmallestGamma   = 6.6e-05
298f7 info: Local:
298f7 info: Size            = 550 5318 
298f7 info: TableEntries    = 11602 11588
298f7 info: MirrorsAdded    = 0 0
298f7 info: PrunableCount   = 3659 3667
298f7 info: LargestGamma    = 11281.8
298f7 info: SmallestGamma   = 0.026235
298f7 info: Playout Patterns:
298f7 info: Global:
298f7 info: Size            = 565 32648 
298f7 info: TableEntries    = 70329 70329
298f7 info: MirrorsAdded    = 4397 4419
298f7 info: PrunableCount   = 30593 30629
298f7 info: LargestGamma    = 5820.77
298f7 info: SmallestGamma   = 6.6e-05
298f7 info: Local:
298f7 info: Size            = 550 5318 
298f7 info: TableEntries    = 11602 11588
298f7 info: MirrorsAdded    = 0 0
298f7 info: PrunableCount   = 3659 3667
298f7 info: LargestGamma    = 11281.8
298f7 info: SmallestGamma   = 0.026235
param_game allow_swap 1
= 

param_mohex max_memory 1600000
= 

param_mohex num_threads 1
= 

param_mohex max_time 1
= 

param_mohex max_games 1
= 

param_mohex knowledge_threshold 400
= 

param_mohex reuse_subtree 1
= 

param_mohex use_parallel_solver 1
= 

<= MoHex
<
>version
<= 2.0.CMake
<
>play b c11
<= 
<
>showboard
<= 
< 
<  2b03449583697465
<  a  b  c  d  e  f  g  h  i  j  k  
< 1\.  .  .  .  .  .  .  .  .  .  .\1
<  2\.  .  .  .  .  .  .  .  .  .  .\2
<   3\.  .  .  .  .  .  .  .  .  .  .\3
<    4\.  .  .  .  .  .  .  .  .  .  .\4
<     5\.  .  .  .  .  .  .  .  .  .  .\5
<      6\.  .  .  .  .  .  .  .  .  .  .\6
<       7\.  .  .  .  .  .  .  .  .  .  .\7
<        8\.  .  .  .  .  .  .  .  .  .  .\8
<         9\.  .  .  .  .  .  .  .  .  .  .\9
<         10\.  .  .  .  .  .  .  .  .  .  .\10
<          11\.  .  B  .  .  .  .  .  .  .  .\11
<              a  b  c  d  e  f  g  h  i  j  k  
<
>play w j9
<= 
<
>showboard
<= 
< 
<  e5a74e3d98abf3de
<  a  b  c  d  e  f  g  h  i  j  k  
< 1\.  .  .  .  .  .  .  .  .  .  .\1
<  2\.  .  .  .  .  .  .  .  .  .  .\2
<   3\.  .  .  .  .  .  .  .  .  .  .\3
<    4\.  .  .  .  .  .  .  .  .  .  .\4
<     5\.  .  .  .  .  .  .  .  .  .  .\5
<      6\.  .  .  .  .  .  .  .  .  .  .\6
<       7\.  .  .  .  .  .  .  .  .  .  .\7
<        8\.  .  .  .  .  .  .  .  .  .  .\8
<         9\.  .  .  .  .  .  .  .  .  W  .\9
<         10\.  .  .  .  .  .  .  .  .  .  .\10
<          11\.  .  B  .  .  .  .  .  .  .  .\11
<              a  b  c  d  e  f  g  h  i  j  k  
<
>genmove b
<= f8
<
>showboard
298f7 info: PlayAndSolve: Building VCs to avoid race condition.
298f7 info: PlayAndSolve: Continuing on as usual.
b6b96 info: *** PlayerThread ***
aeb86 info: *** SolverThread ***
b6b96 info: Best move cannot be determined, must search state.
b6b96 info: --- MoHexPlayer::Search() ---
b6b96 info: Color: black
b6b96 info: MaxGames: 1
b6b96 info: NumberThreads: 1
b6b96 info: MaxNodes: 9090 (799920 bytes)
b6b96 info: TimeForMove: 1
b6b96 info: PreSearch: max time reached (56/86).
b6b96 info: Time for PreSearch: 0.202794s
b6b96 info: 
  e5a74e3d98abf3de
  a  b  c  d  e  f  g  h  i  j  k  
 1\.  .  .  .  .  .  .  .  .  .  .\1
  2\.  .  *  *  *  *  *  *  *  *  *\2
   3\.  *  *  *  *  *  *  *  *  *  *\3
    4\*  *  *  *  *  *  *  *  *  *  *\4
     5\*  *  *  *  *  *  *  *  *  *  *\5
      6\*  *  *  *  *  *  *  *  *  *  .\6
       7\*  *  *  *  *  *  *  *  *  *  w\7
        8\*  *  *  *  *  *  *  *  *  .  w\8
         9\*  *  *  *  *  *  *  *  *  W  w\9
         10\*  *  *  *  *  *  *  .  .  w  w\10
          11\.  .  B  .  .  .  .  .  .  w  w\11
              a  b  c  d  e  f  g  h  i  j  k  
b6b96 info: No subtree to reuse.
b6b96 info: Creating thread 0
b6b96 info: StartSearch()[0]
SgUctSearch: max games reached
b6b96 info: 
Elapsed Time   0.391401s
Count          1
GamesPlayed    1
Nodes          1
Knowledge      0 (0.0%)
Expansions     0.0
Time           0.00
GameLen        112.0 dev=0.0 min=112.0 max=112.0
InTree         0.0 dev=0.0 min=0.0 max=0.0
KnowDepth      -
Aborted        0%
Games/s        372.2
Score          0.00
Sequence      
b6b96 info: 
b6b96 warning: **** MoHexSearch returned empty sequence!
b6b96 warning: **** Returning random move!
b6b96 info: *** Player move: f8
a6b76 info: DfpnSolver::CheckAbort(): Abort flag!
aeb86 info: 
MID calls      52
VC builds      51
Terminal       0
Work           52
Wasted Work    0 (0%)
Elapsed Time   0.404335
MIDs/sec       128.606
VCs/sec        126.133
Cnt prune sib  0
Avg prune sib  -
Consider Size  83.7451 dev=2.98245 min=74 max=86
Move Index     -
Move Percent   -
Delta Increase 4.17647 dev=15.5345 min=1 max=84
Winner         empty
PV             i4 j2 d8 e6

HashTableStatistics:
Stores         125
LookupAttempt  11888
LookupSuccess  631
Collisions     0

aeb86 info: Search aborted.
<= 
< 
<  5c64fb9f534f58d0
<  a  b  c  d  e  f  g  h  i  j  k  
< 1\.  .  .  .  .  .  .  .  .  .  .\1
<  2\.  .  .  .  .  .  .  .  .  .  .\2
<   3\.  .  .  .  .  .  .  .  .  .  .\3
<    4\.  .  .  .  .  .  .  .  .  .  .\4
<     5\.  .  .  .  .  .  .  .  .  .  .\5
<      6\.  .  .  .  .  .  .  .  .  .  .\6
<       7\.  .  .  .  .  .  .  .  .  .  .\7
<        8\.  .  .  .  .  B  .  .  .  .  .\8
<         9\.  .  .  .  .  .  .  .  .  W  .\9
<         10\.  .  .  .  .  .  .  .  .  .  .\10
<          11\.  .  B  .  .  .  .  .  .  .  .\11
<              a  b  c  d  e  f  g  h  i  j  k  
<
>play w e11
<= 
<
>showboard
<= 
< 
<  70c4b4e7567ec2d1
<  a  b  c  d  e  f  g  h  i  j  k  
< 1\.  .  .  .  .  .  .  .  .  .  .\1
<  2\.  .  .  .  .  .  .  .  .  .  .\2
<   3\.  .  .  .  .  .  .  .  .  .  .\3
<    4\.  .  .  .  .  .  .  .  .  .  .\4
<     5\.  .  .  .  .  .  .  .  .  .  .\5
<      6\.  .  .  .  .  .  .  .  .  .  .\6
<       7\.  .  .  .  .  .  .  .  .  .  .\7
<        8\.  .  .  .  .  B  .  .  .  .  .\8
<         9\.  .  .  .  .  .  .  .  .  W  .\9
<         10\.  .  .  .  .  .  .  .  .  .  .\10
<          11\.  .  B  .  W  .  .  .  .  .  .\11
<              a  b  c  d  e  f  g  h  i  j  k  
<
>genmove b
<= g1
<
>showboard
298f7 info: PlayAndSolve: Building VCs to avoid race condition.
298f7 info: PlayAndSolve: Continuing on as usual.
aeb86 info: *** PlayerThread ***
b6b96 info: *** SolverThread ***
aeb86 info: Best move cannot be determined, must search state.
aeb86 info: --- MoHexPlayer::Search() ---
aeb86 info: Color: black
aeb86 info: MaxGames: 1
aeb86 info: NumberThreads: 1
aeb86 info: MaxNodes: 9090 (799920 bytes)
aeb86 info: TimeForMove: 1
aeb86 info: PreSearch: max time reached (54/85).
aeb86 info: Time for PreSearch: 0.202037s
aeb86 info: 
  70c4b4e7567ec2d1
  a  b  c  d  e  f  g  h  i  j  k  
 1\.  .  .  .  .  .  .  .  .  .  .\1
  2\.  .  *  *  *  *  *  *  *  *  *\2
   3\.  *  *  *  *  *  *  *  *  *  *\3
    4\*  *  *  *  *  *  *  *  *  *  *\4
     5\*  *  *  *  *  *  *  *  *  *  *\5
      6\*  *  *  *  *  *  *  *  *  *  .\6
       7\*  *  *  *  *  *  *  *  *  *  w\7
        8\*  *  *  *  *  B  *  *  *  .  w\8
         9\*  *  *  *  *  *  *  *  *  W  w\9
         10\*  *  *  *  *  *  *  .  .  w  w\10
          11\.  .  B  .  W  .  .  .  .  w  w\11
              a  b  c  d  e  f  g  h  i  j  k  
aeb86 info: Old: [black, c11] [white, j9] 
aeb86 info: New: [black, c11] [white, j9] [black, f8] [white, e11] 
aeb86 info: MovesPlayed: [black, f8] [white, e11] 
aeb86 info: No subtree to reuse.
aeb86 info: StartSearch()[0]
SgUctSearch: max games reached
aeb86 info: 
Elapsed Time   0.36366s
Count          1
GamesPlayed    1
Nodes          1
Knowledge      0 (0.0%)
Expansions     0.0
Time           0.00
GameLen        110.0 dev=0.0 min=110.0 max=110.0
InTree         0.0 dev=0.0 min=0.0 max=0.0
KnowDepth      -
Aborted        0%
Games/s        2617.8
Score          0.00
Sequence      
aeb86 info: 
aeb86 warning: **** MoHexSearch returned empty sequence!
aeb86 warning: **** Returning random move!
aeb86 info: *** Player move: g1
a6b76 info: DfpnSolver::CheckAbort(): Abort flag!
b6b96 info: 
MID calls      57
VC builds      55
Terminal       0
Work           57
Wasted Work    0 (0%)
Elapsed Time   0.374298
MIDs/sec       152.285
VCs/sec        146.942
Cnt prune sib  0
Avg prune sib  -
Consider Size  80.4727 dev=5.06978 min=49 max=85
Move Index     -
Move Percent   -
Delta Increase 3.80357 dev=14.3806 min=1 max=80
Winner         empty
PV             j2 i4 f7 g5

HashTableStatistics:
Stores         261
LookupAttempt  24224
LookupSuccess  1316
Collisions     0

b6b96 info: Search aborted.
<= 
< 
<  fb20c655c800a0eb
<  a  b  c  d  e  f  g  h  i  j  k  
< 1\.  .  .  .  .  .  B  .  .  .  .\1
<  2\.  .  .  .  .  .  .  .  .  .  .\2
<   3\.  .  .  .  .  .  .  .  .  .  .\3
<    4\.  .  .  .  .  .  .  .  .  .  .\4
<     5\.  .  .  .  .  .  .  .  .  .  .\5
<      6\.  .  .  .  .  .  .  .  .  .  .\6
<       7\.  .  .  .  .  .  .  .  .  .  .\7
<        8\.  .  .  .  .  B  .  .  .  .  .\8
<         9\.  .  .  .  .  .  .  .  .  W  .\9
<         10\.  .  .  .  .  .  .  .  .  .  .\10
<          11\.  .  B  .  W  .  .  .  .  .  .\11
<              a  b  c  d  e  f  g  h  i  j  k  
<
>play w a8
<= 
<
>showboard
<= 
< 
<  27a15edbe9dd635a
<  a  b  c  d  e  f  g  h  i  j  k  
< 1\.  .  .  .  .  .  B  .  .  .  .\1
<  2\.  .  .  .  .  .  .  .  .  .  .\2
<   3\.  .  .  .  .  .  .  .  .  .  .\3
<    4\.  .  .  .  .  .  .  .  .  .  .\4
<     5\.  .  .  .  .  .  .  .  .  .  .\5
<      6\.  .  .  .  .  .  .  .  .  .  .\6
<       7\.  .  .  .  .  .  .  .  .  .  .\7
<        8\W  .  .  .  .  B  .  .  .  .  .\8
<         9\.  .  .  .  .  .  .  .  .  W  .\9
<         10\.  .  .  .  .  .  .  .  .  .  .\10
<          11\.  .  B  .  W  .  .  .  .  .  .\11
<              a  b  c  d  e  f  g  h  i  j  k  
<
>genmove b
<= j6
<
>showboard
298f7 info: PlayAndSolve: Building VCs to avoid race condition.
298f7 info: PlayAndSolve: Continuing on as usual.
b6b96 info: *** PlayerThread ***
aeb86 info: *** SolverThread ***
b6b96 info: Best move cannot be determined, must search state.
b6b96 info: --- MoHexPlayer::Search() ---
b6b96 info: Color: black
b6b96 info: MaxGames: 1
b6b96 info: NumberThreads: 1
b6b96 info: MaxNodes: 9090 (799920 bytes)
b6b96 info: TimeForMove: 1
b6b96 info: PreSearch: max time reached (53/82).
b6b96 info: Time for PreSearch: 0.201s
b6b96 info: 
  27a15edbe9dd635a
  a  b  c  d  e  f  g  h  i  j  k  
 1\.  .  .  .  .  .  B  .  .  .  .\1
  2\.  .  *  *  *  *  *  *  *  *  *\2
   3\.  *  *  *  *  *  *  *  *  *  *\3
    4\*  *  *  *  *  *  *  *  *  *  *\4
     5\*  *  *  *  *  *  *  *  *  *  *\5
      6\*  *  *  *  *  *  *  *  *  *  .\6
       7\.  *  *  *  *  *  *  *  *  *  w\7
        8\W  *  *  *  *  B  *  *  *  .  w\8
         9\.  *  *  *  *  *  *  *  *  W  w\9
         10\*  *  *  *  *  *  *  .  .  w  w\10
          11\.  .  B  .  W  .  .  .  .  w  w\11
              a  b  c  d  e  f  g  h  i  j  k  
b6b96 info: Old: [black, c11] [white, j9] [black, f8] [white, e11] 
b6b96 info: New: [black, c11] [white, j9] [black, f8] [white, e11] [black, g1] [white, a8] 
b6b96 info: MovesPlayed: [black, g1] [white, a8] 
b6b96 info: No subtree to reuse.
b6b96 info: StartSearch()[0]
SgUctSearch: max games reached
b6b96 info: 
Elapsed Time   0.356958s
Count          1
GamesPlayed    1
Nodes          1
Knowledge      0 (0.0%)
Expansions     0.0
Time           0.00
GameLen        108.0 dev=0.0 min=108.0 max=108.0
InTree         0.0 dev=0.0 min=0.0 max=0.0
KnowDepth      -
Aborted        0%
Games/s        2976.2
Score          0.00
Sequence      
b6b96 info: 
b6b96 warning: **** MoHexSearch returned empty sequence!
b6b96 warning: **** Returning random move!
b6b96 info: *** Player move: j6
a6b76 info: DfpnSolver::CheckAbort(): Abort flag!
aeb86 info: 
MID calls      58
VC builds      57
Terminal       0
Work           58
Wasted Work    0 (0%)
Elapsed Time   0.367179
MIDs/sec       157.961
VCs/sec        155.238
Cnt prune sib  0
Avg prune sib  -
Consider Size  76.1579 dev=6.33524 min=36 max=82
Move Index     -
Move Percent   -
Delta Increase 3.63158 dev=13.6236 min=1 max=78
Winner         empty
PV             j2 i4 e5 d7

HashTableStatistics:
Stores         397
LookupAttempt  35535
LookupSuccess  1906
Collisions     0

aeb86 info: Search aborted.
<= 
< 
<  3480c75e2b4cbffb
<  a  b  c  d  e  f  g  h  i  j  k  
< 1\.  .  .  .  .  .  B  .  .  .  .\1
<  2\.  .  .  .  .  .  .  .  .  .  .\2
<   3\.  .  .  .  .  .  .  .  .  .  .\3
<    4\.  .  .  .  .  .  .  .  .  .  .\4
<     5\.  .  .  .  .  .  .  .  .  .  .\5
<      6\.  .  .  .  .  .  .  .  .  B  .\6
<       7\.  .  .  .  .  .  .  .  .  .  .\7
<        8\W  .  .  .  .  B  .  .  .  .  .\8
<         9\.  .  .  .  .  .  .  .  .  W  .\9
<         10\.  .  .  .  .  .  .  .  .  .  .\10
<          11\.  .  B  .  W  .  .  .  .  .  .\11
<              a  b  c  d  e  f  g  h  i  j  k  
<
>play w h8
<= 
<
>showboard
<= 
< 
<  a2427fcc03709a00
<  a  b  c  d  e  f  g  h  i  j  k  
< 1\.  .  .  .  .  .  B  .  .  .  .\1
<  2\.  .  .  .  .  .  .  .  .  .  .\2
<   3\.  .  .  .  .  .  .  .  .  .  .\3
<    4\.  .  .  .  .  .  .  .  .  .  .\4
<     5\.  .  .  .  .  .  .  .  .  .  .\5
<      6\.  .  .  .  .  .  .  .  .  B  .\6
<       7\.  .  .  .  .  .  .  .  .  .  .\7
<        8\W  .  .  .  .  B  .  W  .  .  .\8
<         9\.  .  .  .  .  .  .  .  .  W  .\9
<         10\.  .  .  .  .  .  .  .  .  .  .\10
<          11\.  .  B  .  W  .  .  .  .  .  .\11
<              a  b  c  d  e  f  g  h  i  j  k  
<
>genmove b
<= b6
<
>showboard
298f7 info: PlayAndSolve: Building VCs to avoid race condition.
298f7 info: PlayAndSolve: Continuing on as usual.
aeb86 info: *** PlayerThread ***
b6b96 info: *** SolverThread ***
aeb86 info: Best move cannot be determined, must search state.
aeb86 info: --- MoHexPlayer::Search() ---
aeb86 info: Color: black
aeb86 info: MaxGames: 1
aeb86 info: NumberThreads: 1
aeb86 info: MaxNodes: 9090 (799920 bytes)
aeb86 info: TimeForMove: 1
aeb86 info: PreSearch: max time reached (59/79).
aeb86 info: Time for PreSearch: 0.203817s
aeb86 info: 
  a2427fcc03709a00
  a  b  c  d  e  f  g  h  i  j  k  
 1\.  .  .  .  .  .  B  .  .  .  .\1
  2\.  .  *  *  *  *  *  *  *  *  *\2
   3\.  *  *  *  *  *  *  *  *  *  *\3
    4\*  *  *  *  *  *  *  *  *  *  *\4
     5\*  *  *  *  *  *  *  *  *  *  .\5
      6\*  *  *  *  *  *  *  *  *  B  w\6
       7\.  *  *  *  *  *  *  *  *  *  w\7
        8\W  *  *  *  *  B  *  W  *  .  w\8
         9\.  *  *  *  *  *  *  .  .  W  w\9
         10\*  *  *  *  *  *  *  .  .  w  w\10
          11\.  .  B  .  W  .  .  .  .  w  w\11
              a  b  c  d  e  f  g  h  i  j  k  
aeb86 info: Old: [black, c11] [white, j9] [black, f8] [white, e11] [black, g1] [white, a8] 
aeb86 info: New: [black, c11] [white, j9] [black, f8] [white, e11] [black, g1] [white, a8] [black, j6] [white, h8] 
aeb86 info: MovesPlayed: [black, j6] [white, h8] 
aeb86 info: No subtree to reuse.
aeb86 info: StartSearch()[0]
SgUctSearch: max games reached
aeb86 info: 
Elapsed Time   0.587085s
Count          1
GamesPlayed    1
Nodes          1
Knowledge      0 (0.0%)
Expansions     0.0
Time           0.00
GameLen        105.0 dev=0.0 min=105.0 max=105.0
InTree         0.0 dev=0.0 min=0.0 max=0.0
KnowDepth      -
Aborted        0%
Games/s        2824.9
Score          0.00
Sequence      
aeb86 info: 
aeb86 warning: **** MoHexSearch returned empty sequence!
aeb86 warning: **** Returning random move!
aeb86 info: *** Player move: b6
a6b76 info: DfpnSolver::CheckAbort(): Abort flag!
b6b96 info: 
MID calls      116
VC builds      112
Terminal       0
Work           116
Wasted Work    0 (0%)
Elapsed Time   0.598125
MIDs/sec       193.939
VCs/sec        187.252
Cnt prune sib  1
Avg prune sib  1 dev=0 min=1 max=1
Consider Size  71.0625 dev=7.81066 min=26 max=79
Move Index     -
Move Percent   -
Delta Increase 2.86087 dev=11.1026 min=1 max=73
Winner         empty
PV             c9 g4 e5

HashTableStatistics:
Stores         651
LookupAttempt  50807
LookupSuccess  2600
Collisions     0

b6b96 info: Search aborted.
<= 
< 
<  e4b4e9da4099109b
<  a  b  c  d  e  f  g  h  i  j  k  
< 1\.  .  .  .  .  .  B  .  .  .  .\1
<  2\.  .  .  .  .  .  .  .  .  .  .\2
<   3\.  .  .  .  .  .  .  .  .  .  .\3
<    4\.  .  .  .  .  .  .  .  .  .  .\4
<     5\.  .  .  .  .  .  .  .  .  .  .\5
<      6\.  B  .  .  .  .  .  .  .  B  .\6
<       7\.  .  .  .  .  .  .  .  .  .  .\7
<        8\W  .  .  .  .  B  .  W  .  .  .\8
<         9\.  .  .  .  .  .  .  .  .  W  .\9
<         10\.  .  .  .  .  .  .  .  .  .  .\10
<          11\.  .  B  .  W  .  .  .  .  .  .\11
<              a  b  c  d  e  f  g  h  i  j  k  
<
>play w k2
<= 
<
>showboard
<= 
< 
<  0357e6acf108d899
<  a  b  c  d  e  f  g  h  i  j  k  
< 1\.  .  .  .  .  .  B  .  .  .  .\1
<  2\.  .  .  .  .  .  .  .  .  .  W\2
<   3\.  .  .  .  .  .  .  .  .  .  .\3
<    4\.  .  .  .  .  .  .  .  .  .  .\4
<     5\.  .  .  .  .  .  .  .  .  .  .\5
<      6\.  B  .  .  .  .  .  .  .  B  .\6
<       7\.  .  .  .  .  .  .  .  .  .  .\7
<        8\W  .  .  .  .  B  .  W  .  .  .\8
<         9\.  .  .  .  .  .  .  .  .  W  .\9
<         10\.  .  .  .  .  .  .  .  .  .  .\10
<          11\.  .  B  .  W  .  .  .  .  .  .\11
<              a  b  c  d  e  f  g  h  i  j  k  
<
>genmove b
<= h10
<
>showboard
298f7 info: PlayAndSolve: Building VCs to avoid race condition.
298f7 info: PlayAndSolve: Continuing on as usual.
b6b96 info: *** PlayerThread ***
aeb86 info: *** SolverThread ***
b6b96 info: Best move cannot be determined, must search state.
b6b96 info: --- MoHexPlayer::Search() ---
b6b96 info: Color: black
b6b96 info: MaxGames: 1
b6b96 info: NumberThreads: 1
b6b96 info: MaxNodes: 9090 (799920 bytes)
b6b96 info: TimeForMove: 1
b6b96 info: PreSearch: max time reached (58/75).
b6b96 info: Time for PreSearch: 0.200732s
b6b96 info: 
  0357e6acf108d899
  a  b  c  d  e  f  g  h  i  j  k  
 1\.  .  .  .  .  .  B  .  .  .  .\1
  2\.  .  *  *  *  *  *  *  *  *  W\2
   3\.  *  *  *  *  *  *  *  *  *  .\3
    4\*  *  *  *  *  *  *  *  *  *  *\4
     5\*  *  *  *  *  *  *  *  *  *  .\5
      6\.  B  *  *  *  *  *  *  *  B  w\6
       7\b  *  *  *  *  *  *  *  *  *  w\7
        8\W  *  *  *  *  B  *  W  *  .  w\8
         9\.  *  *  *  *  *  *  .  .  W  w\9
         10\*  *  *  *  *  *  *  .  .  w  w\10
          11\.  .  B  .  W  .  .  .  .  w  w\11
              a  b  c  d  e  f  g  h  i  j  k  
b6b96 info: Old: [black, c11] [white, j9] [black, f8] [white, e11] [black, g1] [white, a8] [black, j6] [white, h8] 
b6b96 info: New: [black, c11] [white, j9] [black, f8] [white, e11] [black, g1] [white, a8] [black, j6] [white, h8] [black, b6] [white, k2] 
b6b96 info: MovesPlayed: [black, b6] [white, k2] 
b6b96 info: No subtree to reuse.
b6b96 info: StartSearch()[0]
SgUctSearch: max games reached
b6b96 info: 
Elapsed Time   0.357148s
Count          1
GamesPlayed    1
Nodes          1
Knowledge      0 (0.0%)
Expansions     0.0
Time           0.00
GameLen        102.0 dev=0.0 min=102.0 max=102.0
InTree         0.0 dev=0.0 min=0.0 max=0.0
KnowDepth      -
Aborted        0%
Games/s        3367.0
Score          1.00
Sequence      
b6b96 info: 
b6b96 warning: **** MoHexSearch returned empty sequence!
b6b96 warning: **** Returning random move!
b6b96 info: *** Player move: h10
a6b76 info: DfpnSolver::CheckAbort(): Abort flag!
aeb86 info: 
MID calls      74
VC builds      71
Terminal       0
Work           74
Wasted Work    0 (0%)
Elapsed Time   0.36583
MIDs/sec       202.28
VCs/sec        194.079
Cnt prune sib  0
Avg prune sib  -
Consider Size  69.4366 dev=5.14511 min=38 max=75
Move Index     -
Move Percent   -
Delta Increase 2.93151 dev=10.9298 min=1 max=69
Winner         empty
PV             b10 f5 c7

HashTableStatistics:
Stores         820
LookupAttempt  62262
LookupSuccess  3204
Collisions     0

aeb86 info: Search aborted.
<= 
< 
<  cfafeea7c62ad4fb
<  a  b  c  d  e  f  g  h  i  j  k  
< 1\.  .  .  .  .  .  B  .  .  .  .\1
<  2\.  .  .  .  .  .  .  .  .  .  W\2
<   3\.  .  .  .  .  .  .  .  .  .  .\3
<    4\.  .  .  .  .  .  .  .  .  .  .\4
<     5\.  .  .  .  .  .  .  .  .  .  .\5
<      6\.  B  .  .  .  .  .  .  .  B  .\6
<       7\.  .  .  .  .  .  .  .  .  .  .\7
<        8\W  .  .  .  .  B  .  W  .  .  .\8
<         9\.  .  .  .  .  .  .  .  .  W  .\9
<         10\.  .  .  .  .  .  .  B  .  .  .\10
<          11\.  .  B  .  W  .  .  .  .  .  .\11
<              a  b  c  d  e  f  g  h  i  j  k  
<
>play w i5
<= 
<
>showboard
<= 
< 
<  b5950d3119c5f00d
<  a  b  c  d  e  f  g  h  i  j  k  
< 1\.  .  .  .  .  .  B  .  .  .  .\1
<  2\.  .  .  .  .  .  .  .  .  .  W\2
<   3\.  .  .  .  .  .  .  .  .  .  .\3
<    4\.  .  .  .  .  .  .  .  .  .  .\4
<     5\.  .  .  .  .  .  .  .  W  .  .\5
<      6\.  B  .  .  .  .  .  .  .  B  .\6
<       7\.  .  .  .  .  .  .  .  .  .  .\7
<        8\W  .  .  .  .  B  .  W  .  .  .\8
<         9\.  .  .  .  .  .  .  .  .  W  .\9
<         10\.  .  .  .  .  .  .  B  .  .  .\10
<          11\.  .  B  .  W  .  .  .  .  .  .\11
<              a  b  c  d  e  f  g  h  i  j  k  
<
>genmove b
<= h3
<
>showboard
298f7 info: PlayAndSolve: Building VCs to avoid race condition.
298f7 info: PlayAndSolve: Continuing on as usual.
aeb86 info: *** PlayerThread ***
b6b96 info: *** SolverThread ***
aeb86 info: Best move cannot be determined, must search state.
aeb86 info: --- MoHexPlayer::Search() ---
aeb86 info: Color: black
aeb86 info: MaxGames: 1
aeb86 info: NumberThreads: 1
aeb86 info: MaxNodes: 9090 (799920 bytes)
aeb86 info: TimeForMove: 1
aeb86 info: PreSearch: max time reached (60/67).
aeb86 info: Time for PreSearch: 0.201603s
aeb86 info: 
  b5950d3119c5f00d
  a  b  c  d  e  f  g  h  i  j  k  
 1\.  .  .  .  .  .  B  .  .  .  .\1
  2\.  .  *  *  *  *  *  *  *  *  W\2
   3\.  *  *  *  *  *  *  *  *  .  .\3
    4\*  *  *  *  *  *  *  *  *  .  *\4
     5\*  *  *  *  *  *  *  *  W  .  .\5
      6\.  B  *  *  *  *  *  *  *  B  w\6
       7\b  *  *  *  *  *  *  *  .  .  w\7
        8\W  *  *  *  *  B  *  W  *  w  w\8
         9\.  *  *  *  *  *  *  .  .  W  w\9
         10\*  *  *  *  *  *  .  B  b  b  b\10
          11\.  .  B  .  W  .  b  b  b  b  b\11
              a  b  c  d  e  f  g  h  i  j  k  
aeb86 info: Old: [black, c11] [white, j9] [black, f8] [white, e11] [black, g1] [white, a8] [black, j6] [white, h8] [black, b6] [white, k2] 
aeb86 info: New: [black, c11] [white, j9] [black, f8] [white, e11] [black, g1] [white, a8] [black, j6] [white, h8] [black, b6] [white, k2] [black, h10] [white, i5] 
aeb86 info: MovesPlayed: [black, h10] [white, i5] 
aeb86 info: No subtree to reuse.
aeb86 info: StartSearch()[0]
SgUctSearch: max games reached
aeb86 info: 
Elapsed Time   0.36372s
Count          1
GamesPlayed    1
Nodes          1
Knowledge      0 (0.0%)
Expansions     0.0
Time           0.00
GameLen        95.0 dev=0.0 min=95.0 max=95.0
InTree         0.0 dev=0.0 min=0.0 max=0.0
KnowDepth      -
Aborted        0%
Games/s        3105.6
Score          1.00
Sequence      
aeb86 info: 
aeb86 warning: **** MoHexSearch returned empty sequence!
aeb86 warning: **** Returning random move!
aeb86 info: *** Player move: h3
a6b76 info: DfpnSolver::CheckAbort(): Abort flag!
b6b96 info: 
MID calls      74
VC builds      67
Terminal       0
Work           74
Wasted Work    0 (0%)
Elapsed Time   0.373481
MIDs/sec       198.136
VCs/sec        179.393
Cnt prune sib  1
Avg prune sib  1 dev=0 min=1 max=1
Consider Size  48.6269 dev=23.1915 min=8 max=68
Move Index     -
Move Percent   -
Delta Increase 3.27397 dev=8.9783 min=1 max=63
Winner         empty
PV             g6 h3 j2 h4

HashTableStatistics:
Stores         987
LookupAttempt  71125
LookupSuccess  3785
Collisions     0

b6b96 info: Search aborted.
<= 
< 
<  5bac2630acf7435e
<  a  b  c  d  e  f  g  h  i  j  k  
< 1\.  .  .  .  .  .  B  .  .  .  .\1
<  2\.  .  .  .  .  .  .  .  .  .  W\2
<   3\.  .  .  .  .  .  .  B  .  .  .\3
<    4\.  .  .  .  .  .  .  .  .  .  .\4
<     5\.  .  .  .  .  .  .  .  W  .  .\5
<      6\.  B  .  .  .  .  .  .  .  B  .\6
<       7\.  .  .  .  .  .  .  .  .  .  .\7
<        8\W  .  .  .  .  B  .  W  .  .  .\8
<         9\.  .  .  .  .  .  .  .  .  W  .\9
<         10\.  .  .  .  .  .  .  B  .  .  .\10
<          11\.  .  B  .  W  .  .  .  .  .  .\11
<              a  b  c  d  e  f  g  h  i  j  k  
<
>play w i3
<= 
<
>showboard
<= 
< 
<  9ed4254a82a4e6bd
<  a  b  c  d  e  f  g  h  i  j  k  
< 1\.  .  .  .  .  .  B  .  .  .  .\1
<  2\.  .  .  .  .  .  .  .  .  .  W\2
<   3\.  .  .  .  .  .  .  B  W  .  .\3
<    4\.  .  .  .  .  .  .  .  .  .  .\4
<     5\.  .  .  .  .  .  .  .  W  .  .\5
<      6\.  B  .  .  .  .  .  .  .  B  .\6
<       7\.  .  .  .  .  .  .  .  .  .  .\7
<        8\W  .  .  .  .  B  .  W  .  .  .\8
<         9\.  .  .  .  .  .  .  .  .  W  .\9
<         10\.  .  .  .  .  .  .  B  .  .  .\10
<          11\.  .  B  .  W  .  .  .  .  .  .\11
<              a  b  c  d  e  f  g  h  i  j  k  
<
>genmove b
<= e6
<
>showboard
298f7 info: PlayAndSolve: Building VCs to avoid race condition.
298f7 info: PlayAndSolve: Continuing on as usual.
b6b96 info: *** PlayerThread ***
aeb86 info: *** SolverThread ***
b6b96 info: Best move cannot be determined, must search state.
b6b96 info: --- MoHexPlayer::Search() ---
b6b96 info: Color: black
b6b96 info: MaxGames: 1
b6b96 info: NumberThreads: 1
b6b96 info: MaxNodes: 9090 (799920 bytes)
b6b96 info: TimeForMove: 1
b6b96 info: PreSearch: max time reached (51/63).
b6b96 info: Time for PreSearch: 0.203262s
b6b96 info: 
  9ed4254a82a4e6bd
  a  b  c  d  e  f  g  h  i  j  k  
 1\.  .  .  .  .  .  B  .  .  .  .\1
  2\.  .  *  *  *  *  .  .  .  *  W\2
   3\.  *  *  *  *  *  *  B  W  *  .\3
    4\*  *  *  *  *  *  *  *  *  .  *\4
     5\*  *  *  *  *  *  *  *  W  .  .\5
      6\.  B  *  *  *  *  *  *  *  B  w\6
       7\b  *  *  *  *  *  *  *  .  .  w\7
        8\W  *  *  *  *  B  *  W  *  w  w\8
         9\.  *  *  *  *  *  *  .  .  W  w\9
         10\*  *  *  *  *  *  .  B  b  b  b\10
          11\.  .  B  .  W  .  b  b  b  b  b\11
              a  b  c  d  e  f  g  h  i  j  k  
b6b96 info: Old: [black, c11] [white, j9] [black, f8] [white, e11] [black, g1] [white, a8] [black, j6] [white, h8] [black, b6] [white, k2] [black, h10] [white, i5] 
b6b96 info: New: [black, c11] [white, j9] [black, f8] [white, e11] [black, g1] [white, a8] [black, j6] [white, h8] [black, b6] [white, k2] [black, h10] [white, i5] [black, h3] [white, i3] 
b6b96 info: MovesPlayed: [black, h3] [white, i3] 
b6b96 info: No subtree to reuse.
b6b96 info: StartSearch()[0]
SgUctSearch: max games reached
b6b96 info: 
Elapsed Time   0.586206s
Count          1
GamesPlayed    1
Nodes          1
Knowledge      0 (0.0%)
Expansions     0.0
Time           0.00
GameLen        93.0 dev=0.0 min=93.0 max=93.0
InTree         0.0 dev=0.0 min=0.0 max=0.0
KnowDepth      -
Aborted        0%
Games/s        3413.0
Score          1.00
Sequence      
b6b96 info: 
b6b96 warning: **** MoHexSearch returned empty sequence!
b6b96 warning: **** Returning random move!
b6b96 info: *** Player move: e6
a6b76 info: DfpnSolver::CheckAbort(): Abort flag!
aeb86 info: 
MID calls      104
VC builds      95
Terminal       2
Work           106
Wasted Work    0 (0%)
Elapsed Time   0.598854
MIDs/sec       173.665
VCs/sec        158.636
Cnt prune sib  1
Avg prune sib  1 dev=0 min=1 max=1
Consider Size  35.4946 dev=22.3345 min=3 max=64
Move Index     -
Move Percent   -
Delta Increase 3.51429 dev=9.77179 min=1 max=61
Winner         empty
PV             f7 h4 e5 e6

HashTableStatistics:
Stores         1219
LookupAttempt  80066
LookupSuccess  4430
Collisions     0

aeb86 info: Search aborted.
<= 
< 
<  93435cae0ba238fd
<  a  b  c  d  e  f  g  h  i  j  k  
< 1\.  .  .  .  .  .  B  .  .  .  .\1
<  2\.  .  .  .  .  .  .  .  .  .  W\2
<   3\.  .  .  .  .  .  .  B  W  .  .\3
<    4\.  .  .  .  .  .  .  .  .  .  .\4
<     5\.  .  .  .  .  .  .  .  W  .  .\5
<      6\.  B  .  .  B  .  .  .  .  B  .\6
<       7\.  .  .  .  .  .  .  .  .  .  .\7
<        8\W  .  .  .  .  B  .  W  .  .  .\8
<         9\.  .  .  .  .  .  .  .  .  W  .\9
<         10\.  .  .  .  .  .  .  B  .  .  .\10
<          11\.  .  B  .  W  .  .  .  .  .  .\11
<              a  b  c  d  e  f  g  h  i  j  k  
<
>play w c9
<= 
<
>showboard
<= 
< 
<  d7512777e33efd5b
<  a  b  c  d  e  f  g  h  i  j  k  
< 1\.  .  .  .  .  .  B  .  .  .  .\1
<  2\.  .  .  .  .  .  .  .  .  .  W\2
<   3\.  .  .  .  .  .  .  B  W  .  .\3
<    4\.  .  .  .  .  .  .  .  .  .  .\4
<     5\.  .  .  .  .  .  .  .  W  .  .\5
<      6\.  B  .  .  B  .  .  .  .  B  .\6
<       7\.  .  .  .  .  .  .  .  .  .  .\7
<        8\W  .  .  .  .  B  .  W  .  .  .\8
<         9\.  .  W  .  .  .  .  .  .  W  .\9
<         10\.  .  .  .  .  .  .  B  .  .  .\10
<          11\.  .  B  .  W  .  .  .  .  .  .\11
<              a  b  c  d  e  f  g  h  i  j  k  
<
>genmove b
<= h7
<
>showboard
298f7 info: PlayAndSolve: Building VCs to avoid race condition.
298f7 info: PlayAndSolve: Continuing on as usual.
aeb86 info: *** PlayerThread ***
b6b96 info: *** SolverThread ***
aeb86 info: Best move cannot be determined, must search state.
aeb86 info: --- MoHexPlayer::Search() ---
aeb86 info: Color: black
aeb86 info: MaxGames: 1
aeb86 info: NumberThreads: 1
aeb86 info: MaxNodes: 9090 (799920 bytes)
aeb86 info: TimeForMove: 1
aeb86 info: PreSearch: max time reached (25/60).
aeb86 info: Time for PreSearch: 0.20668s
aeb86 info: 
  d7512777e33efd5b
  a  b  c  d  e  f  g  h  i  j  k  
 1\.  .  .  .  .  .  B  .  .  .  .\1
  2\.  .  *  *  *  *  .  *  .  *  W\2
   3\.  *  *  *  *  *  *  B  W  *  .\3
    4\*  *  *  *  *  *  *  *  *  .  *\4
     5\*  *  *  *  *  *  *  *  W  .  .\5
      6\.  B  *  *  B  *  *  *  *  B  w\6
       7\b  *  *  *  *  *  *  *  .  .  w\7
        8\W  *  *  *  *  B  *  W  *  w  w\8
         9\.  *  W  *  *  *  *  .  .  W  w\9
         10\*  *  .  *  *  *  .  B  b  b  b\10
          11\.  .  B  .  W  .  b  b  b  b  b\11
              a  b  c  d  e  f  g  h  i  j  k  
aeb86 info: Old: [black, c11] [white, j9] [black, f8] [white, e11] [black, g1] [white, a8] [black, j6] [white, h8] [black, b6] [white, k2] [black, h10] [white, i5] [black, h3] [white, i3] 
aeb86 info: New: [black, c11] [white, j9] [black, f8] [white, e11] [black, g1] [white, a8] [black, j6] [white, h8] [black, b6] [white, k2] [black, h10] [white, i5] [black, h3] [white, i3] [black, e6] [white, c9] 
aeb86 info: MovesPlayed: [black, e6] [white, c9] 
aeb86 info: No subtree to reuse.
aeb86 info: StartSearch()[0]
SgUctSearch: max games reached
aeb86 info: 
Elapsed Time   0.413759s
Count          1
GamesPlayed    1
Nodes          1
Knowledge      0 (0.0%)
Expansions     0.0
Time           0.00
GameLen        91.0 dev=0.0 min=91.0 max=91.0
InTree         0.0 dev=0.0 min=0.0 max=0.0
KnowDepth      -
Aborted        0%
Games/s        2688.2
Score          0.00
Sequence      
aeb86 info: 
aeb86 warning: **** MoHexSearch returned empty sequence!
aeb86 warning: **** Returning random move!
aeb86 info: *** Player move: h7
a6b76 info: DfpnSolver::CheckAbort(): Abort flag!
b6b96 info: 
MID calls      35
VC builds      31
Terminal       1
Work           36
Wasted Work    0 (0%)
Elapsed Time   0.43133
MIDs/sec       81.1444
VCs/sec        71.8707
Cnt prune sib  0
Avg prune sib  -
Consider Size  20.5 dev=18.2332 min=4 max=60
Move Index     -
Move Percent   -
Delta Increase 3.22857 dev=7.93576 min=1 max=47
Winner         empty
PV             g5 d10 g9

HashTableStatistics:
Stores         1309
LookupAttempt  85043
LookupSuccess  4864
Collisions     0

b6b96 info: Search aborted.
<= 
< 
<  c59f928c8da8f115
<  a  b  c  d  e  f  g  h  i  j  k  
< 1\.  .  .  .  .  .  B  .  .  .  .\1
<  2\.  .  .  .  .  .  .  .  .  .  W\2
<   3\.  .  .  .  .  .  .  B  W  .  .\3
<    4\.  .  .  .  .  .  .  .  .  .  .\4
<     5\.  .  .  .  .  .  .  .  W  .  .\5
<      6\.  B  .  .  B  .  .  .  .  B  .\6
<       7\.  .  .  .  .  .  .  B  .  .  .\7
<        8\W  .  .  .  .  B  .  W  .  .  .\8
<         9\.  .  W  .  .  .  .  .  .  W  .\9
<         10\.  .  .  .  .  .  .  B  .  .  .\10
<          11\.  .  B  .  W  .  .  .  .  .  .\11
<              a  b  c  d  e  f  g  h  i  j  k  
<
>play w f4
<= 
<
>showboard
<= 
< 
<  c9ac8bcab76bddb6
<  a  b  c  d  e  f  g  h  i  j  k  
< 1\.  .  .  .  .  .  B  .  .  .  .\1
<  2\.  .  .  .  .  .  .  .  .  .  W\2
<   3\.  .  .  .  .  .  .  B  W  .  .\3
<    4\.  .  .  .  .  W  .  .  .  .  .\4
<     5\.  .  .  .  .  .  .  .  W  .  .\5
<      6\.  B  .  .  B  .  .  .  .  B  .\6
<       7\.  .  .  .  .  .  .  B  .  .  .\7
<        8\W  .  .  .  .  B  .  W  .  .  .\8
<         9\.  .  W  .  .  .  .  .  .  W  .\9
<         10\.  .  .  .  .  .  .  B  .  .  .\10
<          11\.  .  B  .  W  .  .  .  .  .  .\11
<              a  b  c  d  e  f  g  h  i  j  k  
<
>genmove b
<= g5
<
>showboard
298f7 info: PlayAndSolve: Building VCs to avoid race condition.
298f7 info: PlayAndSolve: Continuing on as usual.
b6b96 info: *** PlayerThread ***
aeb86 info: *** SolverThread ***
b6b96 info: Winning SC.
b6b96 info: *** Player move: g5
aeb86 info: 
MID calls      0
VC builds      1
Terminal       1
Work           1
Wasted Work    0 (0%)
Elapsed Time   0.008964
MIDs/sec       0
VCs/sec        111.557
Cnt prune sib  0
Avg prune sib  -
Consider Size  -
Move Index     -
Move Percent   -
Delta Increase -
Winner         black
PV             

HashTableStatistics:
Stores         1310
LookupAttempt  85049
LookupSuccess  4867
Collisions     0

<= 
< 
<  5161247c076a9157
<  a  b  c  d  e  f  g  h  i  j  k  
< 1\.  .  .  .  .  .  B  .  .  .  .\1
<  2\.  .  .  .  .  .  .  .  .  .  W\2
<   3\.  .  .  .  .  .  .  B  W  .  .\3
<    4\.  .  .  .  .  W  .  .  .  .  .\4
<     5\.  .  .  .  .  .  B  .  W  .  .\5
<      6\.  B  .  .  B  .  .  .  .  B  .\6
<       7\.  .  .  .  .  .  .  B  .  .  .\7
<        8\W  .  .  .  .  B  .  W  .  .  .\8
<         9\.  .  W  .  .  .  .  .  .  W  .\9
<         10\.  .  .  .  .  .  .  B  .  .  .\10
<          11\.  .  B  .  W  .  .  .  .  .  .\11
<              a  b  c  d  e  f  g  h  i  j  k  
<
>play w g4
<= 
<
>showboard
<= 
< 
<  23f5af92d7e734a0
<  a  b  c  d  e  f  g  h  i  j  k  
< 1\.  .  .  .  .  .  B  .  .  .  .\1
<  2\.  .  .  .  .  .  .  .  .  .  W\2
<   3\.  .  .  .  .  .  .  B  W  .  .\3
<    4\.  .  .  .  .  W  W  .  .  .  .\4
<     5\.  .  .  .  .  .  B  .  W  .  .\5
<      6\.  B  .  .  B  .  .  .  .  B  .\6
<       7\.  .  .  .  .  .  .  B  .  .  .\7
<        8\W  .  .  .  .  B  .  W  .  .  .\8
<         9\.  .  W  .  .  .  .  .  .  W  .\9
<         10\.  .  .  .  .  .  .  B  .  .  .\10
<          11\.  .  B  .  W  .  .  .  .  .  .\11
<              a  b  c  d  e  f  g  h  i  j  k  
<
>genmove b
<= h4
<
>showboard
298f7 info: PlayAndSolve: Building VCs to avoid race condition.
298f7 info: PlayAndSolve: Continuing on as usual.
b6b96 info: *** SolverThread ***
aeb86 info: *** PlayerThread ***
aeb86 info: Winning SC.
aeb86 info: *** Player move: h4
b6b96 info: 
MID calls      0
VC builds      1
Terminal       1
Work           1
Wasted Work    0 (0%)
Elapsed Time   0.009422
MIDs/sec       0
VCs/sec        106.135
Cnt prune sib  0
Avg prune sib  -
Consider Size  -
Move Index     -
Move Percent   -
Delta Increase -
Winner         black
PV             

HashTableStatistics:
Stores         1311
LookupAttempt  85055
LookupSuccess  4870
Collisions     0

<= 
< 
<  aa4c3fb4aad50871
<  a  b  c  d  e  f  g  h  i  j  k  
< 1\.  .  .  .  .  .  B  .  .  .  .\1
<  2\.  .  .  .  .  .  .  .  .  .  W\2
<   3\.  .  .  .  .  .  .  B  W  .  .\3
<    4\.  .  .  .  .  W  W  B  .  .  .\4
<     5\.  .  .  .  .  .  B  .  W  .  .\5
<      6\.  B  .  .  B  .  .  .  .  B  .\6
<       7\.  .  .  .  .  .  .  B  .  .  .\7
<        8\W  .  .  .  .  B  .  W  .  .  .\8
<         9\.  .  W  .  .  .  .  .  .  W  .\9
<         10\.  .  .  .  .  .  .  B  .  .  .\10
<          11\.  .  B  .  W  .  .  .  .  .  .\11
<              a  b  c  d  e  f  g  h  i  j  k  
<
>play w g6
<= 
<
>showboard
<= 
< 
<  ca97f3bb0a3d5020
<  a  b  c  d  e  f  g  h  i  j  k  
< 1\.  .  .  .  .  .  B  .  .  .  .\1
<  2\.  .  .  .  .  .  .  .  .  .  W\2
<   3\.  .  .  .  .  .  .  B  W  .  .\3
<    4\.  .  .  .  .  W  W  B  .  .  .\4
<     5\.  .  .  .  .  .  B  .  W  .  .\5
<      6\.  B  .  .  B  .  W  .  .  B  .\6
<       7\.  .  .  .  .  .  .  B  .  .  .\7
<        8\W  .  .  .  .  B  .  W  .  .  .\8
<         9\.  .  W  .  .  .  .  .  .  W  .\9
<         10\.  .  .  .  .  .  .  B  .  .  .\10
<          11\.  .  B  .  W  .  .  .  .  .  .\11
<              a  b  c  d  e  f  g  h  i  j  k  
<
>genmove b
<= e7
<
>showboard
298f7 info: PlayAndSolve: Building VCs to avoid race condition.
298f7 info: PlayAndSolve: Continuing on as usual.
aeb86 info: *** SolverThread ***
b6b96 info: *** PlayerThread ***
b6b96 info: Winning SC.
b6b96 info: *** Player move: e7
aeb86 info: 
MID calls      0
VC builds      1
Terminal       1
Work           1
Wasted Work    0 (0%)
Elapsed Time   0.012037
MIDs/sec       0
VCs/sec        83.0772
Cnt prune sib  0
Avg prune sib  -
Consider Size  -
Move Index     -
Move Percent   -
Delta Increase -
Winner         black
PV             

HashTableStatistics:
Stores         1312
LookupAttempt  85061
LookupSuccess  4873
Collisions     0

<= 
< 
<  3508f98dd88d6c49
<  a  b  c  d  e  f  g  h  i  j  k  
< 1\.  .  .  .  .  .  B  .  .  .  .\1
<  2\.  .  .  .  .  .  .  .  .  .  W\2
<   3\.  .  .  .  .  .  .  B  W  .  .\3
<    4\.  .  .  .  .  W  W  B  .  .  .\4
<     5\.  .  .  .  .  .  B  .  W  .  .\5
<      6\.  B  .  .  B  .  W  .  .  B  .\6
<       7\.  .  .  .  B  .  .  B  .  .  .\7
<        8\W  .  .  .  .  B  .  W  .  .  .\8
<         9\.  .  W  .  .  .  .  .  .  W  .\9
<         10\.  .  .  .  .  .  .  B  .  .  .\10
<          11\.  .  B  .  W  .  .  .  .  .  .\11
<              a  b  c  d  e  f  g  h  i  j  k  
<
>play w e8
<= 
<
>showboard
<= 
< 
<  c53915c00efd228e
<  a  b  c  d  e  f  g  h  i  j  k  
< 1\.  .  .  .  .  .  B  .  .  .  .\1
<  2\.  .  .  .  .  .  .  .  .  .  W\2
<   3\.  .  .  .  .  .  .  B  W  .  .\3
<    4\.  .  .  .  .  W  W  B  .  .  .\4
<     5\.  .  .  .  .  .  B  .  W  .  .\5
<      6\.  B  .  .  B  .  W  .  .  B  .\6
<       7\.  .  .  .  B  .  .  B  .  .  .\7
<        8\W  .  .  .  W  B  .  W  .  .  .\8
<         9\.  .  W  .  .  .  .  .  .  W  .\9
<         10\.  .  .  .  .  .  .  B  .  .  .\10
<          11\.  .  B  .  W  .  .  .  .  .  .\11
<              a  b  c  d  e  f  g  h  i  j  k  
<
>genmove b
<= f7
<
>showboard
298f7 info: PlayAndSolve: Building VCs to avoid race condition.
298f7 info: PlayAndSolve: Continuing on as usual.
aeb86 info: *** PlayerThread ***
b6b96 info: *** SolverThread ***
b6b96 info: 
MID calls      0
VC builds      1
Terminal       1
Work           1
Wasted Work    0 (0%)
Elapsed Time   0.009752
MIDs/sec       0
VCs/sec        102.543
Cnt prune sib  0
Avg prune sib  -
Consider Size  -
Move Index     -
Move Percent   -
Delta Increase -
Winner         black
PV             

HashTableStatistics:
Stores         1313
LookupAttempt  85067
LookupSuccess  4876
Collisions     0

aeb86 info: Winning SC.
aeb86 info: *** Player move: f7
<= 
< 
<  e6f91acc465b9fdb
<  a  b  c  d  e  f  g  h  i  j  k  
< 1\.  .  .  .  .  .  B  .  .  .  .\1
<  2\.  .  .  .  .  .  .  .  .  .  W\2
<   3\.  .  .  .  .  .  .  B  W  .  .\3
<    4\.  .  .  .  .  W  W  B  .  .  .\4
<     5\.  .  .  .  .  .  B  .  W  .  .\5
<      6\.  B  .  .  B  .  W  .  .  B  .\6
<       7\.  .  .  .  B  B  .  B  .  .  .\7
<        8\W  .  .  .  W  B  .  W  .  .  .\8
<         9\.  .  W  .  .  .  .  .  .  W  .\9
<         10\.  .  .  .  .  .  .  B  .  .  .\10
<          11\.  .  B  .  W  .  .  .  .  .  .\11
<              a  b  c  d  e  f  g  h  i  j  k  
<
>play w d10
<= 
<
>showboard
<= 
< 
<  fb7ac473d950ccd6
<  a  b  c  d  e  f  g  h  i  j  k  
< 1\.  .  .  .  .  .  B  .  .  .  .\1
<  2\.  .  .  .  .  .  .  .  .  .  W\2
<   3\.  .  .  .  .  .  .  B  W  .  .\3
<    4\.  .  .  .  .  W  W  B  .  .  .\4
<     5\.  .  .  .  .  .  B  .  W  .  .\5
<      6\.  B  .  .  B  .  W  .  .  B  .\6
<       7\.  .  .  .  B  B  .  B  .  .  .\7
<        8\W  .  .  .  W  B  .  W  .  .  .\8
<         9\.  .  W  .  .  .  .  .  .  W  .\9
<         10\.  .  .  W  .  .  .  B  .  .  .\10
<          11\.  .  B  .  W  .  .  .  .  .  .\11
<              a  b  c  d  e  f  g  h  i  j  k  
<
>genmove b
<= g9
<
>showboard
298f7 info: PlayAndSolve: Building VCs to avoid race condition.
298f7 info: PlayAndSolve: Continuing on as usual.
b6b96 info: *** PlayerThread ***
aeb86 info: *** SolverThread ***
b6b96 info: Winning SC.
b6b96 info: *** Player move: g9
aeb86 info: 
MID calls      0
VC builds      1
Terminal       1
Work           1
Wasted Work    0 (0%)
Elapsed Time   0.017154
MIDs/sec       0
VCs/sec        58.2954
Cnt prune sib  0
Avg prune sib  -
Consider Size  -
Move Index     -
Move Percent   -
Delta Increase -
Winner         black
PV             

HashTableStatistics:
Stores         1314
LookupAttempt  85073
LookupSuccess  4879
Collisions     0

<= 
< 
<  08c8c19ebdbe6c26
<  a  b  c  d  e  f  g  h  i  j  k  
< 1\.  .  .  .  .  .  B  .  .  .  .\1
<  2\.  .  .  .  .  .  .  .  .  .  W\2
<   3\.  .  .  .  .  .  .  B  W  .  .\3
<    4\.  .  .  .  .  W  W  B  .  .  .\4
<     5\.  .  .  .  .  .  B  .  W  .  .\5
<      6\.  B  .  .  B  .  W  .  .  B  .\6
<       7\.  .  .  .  B  B  .  B  .  .  .\7
<        8\W  .  .  .  W  B  .  W  .  .  .\8
<         9\.  .  W  .  .  .  B  .  .  W  .\9
<         10\.  .  .  W  .  .  .  B  .  .  .\10
<          11\.  .  B  .  W  .  .  .  .  .  .\11
<              a  b  c  d  e  f  g  h  i  j  k  
<
>play w g10
<= 
<
>showboard
<= 
< 
<  6f8d69aea0c4c082
<  a  b  c  d  e  f  g  h  i  j  k  
< 1\.  .  .  .  .  .  B  .  .  .  .\1
<  2\.  .  .  .  .  .  .  .  .  .  W\2
<   3\.  .  .  .  .  .  .  B  W  .  .\3
<    4\.  .  .  .  .  W  W  B  .  .  .\4
<     5\.  .  .  .  .  .  B  .  W  .  .\5
<      6\.  B  .  .  B  .  W  .  .  B  .\6
<       7\.  .  .  .  B  B  .  B  .  .  .\7
<        8\W  .  .  .  W  B  .  W  .  .  .\8
<         9\.  .  W  .  .  .  B  .  .  W  .\9
<         10\.  .  .  W  .  .  W  B  .  .  .\10
<          11\.  .  B  .  W  .  .  .  .  .  .\11
<              a  b  c  d  e  f  g  h  i  j  k  
<
>genmove b
<= h9
<
>showboard
298f7 info: PlayAndSolve: Building VCs to avoid race condition.
298f7 info: PlayAndSolve: Continuing on as usual.
aeb86 info: *** PlayerThread ***
b6b96 info: *** SolverThread ***
aeb86 info: Winning SC.
aeb86 info: *** Player move: h9
b6b96 info: 
MID calls      0
VC builds      1
Terminal       1
Work           1
Wasted Work    0 (0%)
Elapsed Time   0.015434
MIDs/sec       0
VCs/sec        64.792
Cnt prune sib  0
Avg prune sib  -
Consider Size  -
Move Index     -
Move Percent   -
Delta Increase -
Winner         black
PV             

HashTableStatistics:
Stores         1315
LookupAttempt  85079
LookupSuccess  4882
Collisions     0

<= 
< 
<  8cded54c43c77e1d
<  a  b  c  d  e  f  g  h  i  j  k  
< 1\.  .  .  .  .  .  B  .  .  .  .\1
<  2\.  .  .  .  .  .  .  .  .  .  W\2
<   3\.  .  .  .  .  .  .  B  W  .  .\3
<    4\.  .  .  .  .  W  W  B  .  .  .\4
<     5\.  .  .  .  .  .  B  .  W  .  .\5
<      6\.  B  .  .  B  .  W  .  .  B  .\6
<       7\.  .  .  .  B  B  .  B  .  .  .\7
<        8\W  .  .  .  W  B  .  W  .  .  .\8
<         9\.  .  W  .  .  .  B  B  .  W  .\9
<         10\.  .  .  W  .  .  W  B  .  .  .\10
<          11\.  .  B  .  W  .  .  .  .  .  .\11
<              a  b  c  d  e  f  g  h  i  j  k  
<
>play w f9
<= 
<
>showboard
<= 
< 
<  84e33132fe1104e3
<  a  b  c  d  e  f  g  h  i  j  k  
< 1\.  .  .  .  .  .  B  .  .  .  .\1
<  2\.  .  .  .  .  .  .  .  .  .  W\2
<   3\.  .  .  .  .  .  .  B  W  .  .\3
<    4\.  .  .  .  .  W  W  B  .  .  .\4
<     5\.  .  .  .  .  .  B  .  W  .  .\5
<      6\.  B  .  .  B  .  W  .  .  B  .\6
<       7\.  .  .  .  B  B  .  B  .  .  .\7
<        8\W  .  .  .  W  B  .  W  .  .  .\8
<         9\.  .  W  .  .  W  B  B  .  W  .\9
<         10\.  .  .  W  .  .  W  B  .  .  .\10
<          11\.  .  B  .  W  .  .  .  .  .  .\11
<              a  b  c  d  e  f  g  h  i  j  k  
<
>genmove b
<= g8
<
>showboard
298f7 info: PlayAndSolve: Building VCs to avoid race condition.
298f7 info: PlayAndSolve: Continuing on as usual.
b6b96 info: *** PlayerThread ***
aeb86 info: *** SolverThread ***
b6b96 info: Winning SC.
b6b96 info: *** Player move: g8
aeb86 info: 
MID calls      0
VC builds      1
Terminal       1
Work           1
Wasted Work    0 (0%)
Elapsed Time   0.017166
MIDs/sec       0
VCs/sec        58.2547
Cnt prune sib  0
Avg prune sib  -
Consider Size  -
Move Index     -
Move Percent   -
Delta Increase -
Winner         black
PV             

HashTableStatistics:
Stores         1316
LookupAttempt  85085
LookupSuccess  4885
Collisions     0

<= 
< 
<  82402389ff1de985
<  a  b  c  d  e  f  g  h  i  j  k  
< 1\.  .  .  .  .  .  B  .  .  .  .\1
<  2\.  .  .  .  .  .  .  .  .  .  W\2
<   3\.  .  .  .  .  .  .  B  W  .  .\3
<    4\.  .  .  .  .  W  W  B  .  .  .\4
<     5\.  .  .  .  .  .  B  .  W  .  .\5
<      6\.  B  .  .  B  .  W  .  .  B  .\6
<       7\.  .  .  .  B  B  .  B  .  .  .\7
<        8\W  .  .  .  W  B  B  W  .  .  .\8
<         9\.  .  W  .  .  W  B  B  .  W  .\9
<         10\.  .  .  W  .  .  W  B  .  .  .\10
<          11\.  .  B  .  W  .  .  .  .  .  .\11
<              a  b  c  d  e  f  g  h  i  j  k  
<
>play w h2
<= 
<
>showboard
<= 
< 
<  e0156cd8067d8589
<  a  b  c  d  e  f  g  h  i  j  k  
< 1\.  .  .  .  .  .  B  .  .  .  .\1
<  2\.  .  .  .  .  .  .  W  .  .  W\2
<   3\.  .  .  .  .  .  .  B  W  .  .\3
<    4\.  .  .  .  .  W  W  B  .  .  .\4
<     5\.  .  .  .  .  .  B  .  W  .  .\5
<      6\.  B  .  .  B  .  W  .  .  B  .\6
<       7\.  .  .  .  B  B  .  B  .  .  .\7
<        8\W  .  .  .  W  B  B  W  .  .  .\8
<         9\.  .  W  .  .  W  B  B  .  W  .\9
<         10\.  .  .  W  .  .  W  B  .  .  .\10
<          11\.  .  B  .  W  .  .  .  .  .  .\11
<              a  b  c  d  e  f  g  h  i  j  k  
<
>genmove b
<= i2
<
>showboard
298f7 info: PlayAndSolve: Building VCs to avoid race condition.
298f7 info: PlayAndSolve: Continuing on as usual.
aeb86 info: *** PlayerThread ***
b6b96 info: *** SolverThread ***
aeb86 info: Winning SC.
aeb86 info: *** Player move: i2
b6b96 info: 
MID calls      0
VC builds      1
Terminal       1
Work           1
Wasted Work    0 (0%)
Elapsed Time   0.004779
MIDs/sec       0
VCs/sec        209.249
Cnt prune sib  0
Avg prune sib  -
Consider Size  -
Move Index     -
Move Percent   -
Delta Increase -
Winner         black
PV             

HashTableStatistics:
Stores         1317
LookupAttempt  85091
LookupSuccess  4888
Collisions     0

<= 
< 
<  504a376442fc92db
<  a  b  c  d  e  f  g  h  i  j  k  
< 1\.  .  .  .  .  .  B  .  .  .  .\1
<  2\.  .  .  .  .  .  .  W  B  .  W\2
<   3\.  .  .  .  .  .  .  B  W  .  .\3
<    4\.  .  .  .  .  W  W  B  .  .  .\4
<     5\.  .  .  .  .  .  B  .  W  .  .\5
<      6\.  B  .  .  B  .  W  .  .  B  .\6
<       7\.  .  .  .  B  B  .  B  .  .  .\7
<        8\W  .  .  .  W  B  B  W  .  .  .\8
<         9\.  .  W  .  .  W  B  B  .  W  .\9
<         10\.  .  .  W  .  .  W  B  .  .  .\10
<          11\.  .  B  .  W  .  .  .  .  .  .\11
<              a  b  c  d  e  f  g  h  i  j  k  
<
>play w g11
<= 
<
>showboard
<= 
< 
<  d51c6662a4295fc9
<  a  b  c  d  e  f  g  h  i  j  k  
< 1\.  .  .  .  .  .  B  .  .  .  .\1
<  2\.  .  .  .  .  .  .  W  B  .  W\2
<   3\.  .  .  .  .  .  .  B  W  .  .\3
<    4\.  .  .  .  .  W  W  B  .  .  .\4
<     5\.  .  .  .  .  .  B  .  W  .  .\5
<      6\.  B  .  .  B  .  W  .  .  B  .\6
<       7\.  .  .  .  B  B  .  B  .  .  .\7
<        8\W  .  .  .  W  B  B  W  .  .  .\8
<         9\.  .  W  .  .  W  B  B  .  W  .\9
<         10\.  .  .  W  .  .  W  B  .  .  .\10
<          11\.  .  B  .  W  .  W  .  .  .  .\11
<              a  b  c  d  e  f  g  h  i  j  k  
<
>genmove b
<= h11
<
>showboard
298f7 info: PlayAndSolve: Building VCs to avoid race condition.
298f7 info: PlayAndSolve: Continuing on as usual.
b6b96 info: *** PlayerThread ***
aeb86 info: *** SolverThread ***
b6b96 info: Winning SC.
b6b96 info: *** Player move: h11
aeb86 info: 
MID calls      0
VC builds      1
Terminal       1
Work           1
Wasted Work    0 (0%)
Elapsed Time   0.006358
MIDs/sec       0
VCs/sec        157.282
Cnt prune sib  0
Avg prune sib  -
Consider Size  -
Move Index     -
Move Percent   -
Delta Increase -
Winner         black
PV             

HashTableStatistics:
Stores         1318
LookupAttempt  85097
LookupSuccess  4891
Collisions     0

<= 
< 
<  21384b290e7fc7c8
<  a  b  c  d  e  f  g  h  i  j  k  
< 1\.  .  .  .  .  .  B  .  .  .  .\1
<  2\.  .  .  .  .  .  .  W  B  .  W\2
<   3\.  .  .  .  .  .  .  B  W  .  .\3
<    4\.  .  .  .  .  W  W  B  .  .  .\4
<     5\.  .  .  .  .  .  B  .  W  .  .\5
<      6\.  B  .  .  B  .  W  .  .  B  .\6
<       7\.  .  .  .  B  B  .  B  .  .  .\7
<        8\W  .  .  .  W  B  B  W  .  .  .\8
<         9\.  .  W  .  .  W  B  B  .  W  .\9
<         10\.  .  .  W  .  .  W  B  .  .  .\10
<          11\.  .  B  .  W  .  W  B  .  .  .\11
<              a  b  c  d  e  f  g  h  i  j  k  
<
>play w i1
<= 
<
>showboard
<= 
< 
<  494d8ddd622226fd
<  a  b  c  d  e  f  g  h  i  j  k  
< 1\.  .  .  .  .  .  B  .  W  .  .\1
<  2\.  .  .  .  .  .  .  W  B  .  W\2
<   3\.  .  .  .  .  .  .  B  W  .  .\3
<    4\.  .  .  .  .  W  W  B  .  .  .\4
<     5\.  .  .  .  .  .  B  .  W  .  .\5
<      6\.  B  .  .  B  .  W  .  .  B  .\6
<       7\.  .  .  .  B  B  .  B  .  .  .\7
<        8\W  .  .  .  W  B  B  W  .  .  .\8
<         9\.  .  W  .  .  W  B  B  .  W  .\9
<         10\.  .  .  W  .  .  W  B  .  .  .\10
<          11\.  .  B  .  W  .  W  B  .  .  .\11
<              a  b  c  d  e  f  g  h  i  j  k  
<
>genmove b
<= j1
<
>showboard
298f7 info: PlayAndSolve: Building VCs to avoid race condition.
298f7 info: PlayAndSolve: Continuing on as usual.
aeb86 info: *** PlayerThread ***
b6b96 info: *** SolverThread ***
aeb86 info: Winning SC.
aeb86 info: *** Player move: j1
b6b96 info: 
MID calls      0
VC builds      1
Terminal       1
Work           1
Wasted Work    0 (0%)
Elapsed Time   0.005164
MIDs/sec       0
VCs/sec        193.648
Cnt prune sib  0
Avg prune sib  -
Consider Size  -
Move Index     -
Move Percent   -
Delta Increase -
Winner         black
PV             

HashTableStatistics:
Stores         1319
LookupAttempt  85103
LookupSuccess  4894
Collisions     0

<= 
< 
<  de4a8190814fc971
<  a  b  c  d  e  f  g  h  i  j  k  
< 1\.  .  .  .  .  .  B  .  W  B  .\1
<  2\.  .  .  .  .  .  .  W  B  .  W\2
<   3\.  .  .  .  .  .  .  B  W  .  .\3
<    4\.  .  .  .  .  W  W  B  .  .  .\4
<     5\.  .  .  .  .  .  B  .  W  .  .\5
<      6\.  B  .  .  B  .  W  .  .  B  .\6
<       7\.  .  .  .  B  B  .  B  .  .  .\7
<        8\W  .  .  .  W  B  B  W  .  .  .\8
<         9\.  .  W  .  .  W  B  B  .  W  .\9
<         10\.  .  .  W  .  .  W  B  .  .  .\10
<          11\.  .  B  .  W  .  W  B  .  .  .\11
<              a  b  c  d  e  f  g  h  i  j  k  
<
>play w f5
<= 
<
>showboard
<= 
< 
<  fc6c9df026eb7680
<  a  b  c  d  e  f  g  h  i  j  k  
< 1\.  .  .  .  .  .  B  .  W  B  .\1
<  2\.  .  .  .  .  .  .  W  B  .  W\2
<   3\.  .  .  .  .  .  .  B  W  .  .\3
<    4\.  .  .  .  .  W  W  B  .  .  .\4
<     5\.  .  .  .  .  W  B  .  W  .  .\5
<      6\.  B  .  .  B  .  W  .  .  B  .\6
<       7\.  .  .  .  B  B  .  B  .  .  .\7
<        8\W  .  .  .  W  B  B  W  .  .  .\8
<         9\.  .  W  .  .  W  B  B  .  W  .\9
<         10\.  .  .  W  .  .  W  B  .  .  .\10
<          11\.  .  B  .  W  .  W  B  .  .  .\11
<              a  b  c  d  e  f  g  h  i  j  k  
<
>genmove b
<= f6
<
>showboard
298f7 info: PlayAndSolve: Building VCs to avoid race condition.
298f7 info: PlayAndSolve: Continuing on as usual.
b6b96 info: *** PlayerThread ***
aeb86 info: *** SolverThread ***
b6b96 info: Winning SC.
b6b96 info: *** Player move: f6
aeb86 info: 
MID calls      0
VC builds      1
Terminal       1
Work           1
Wasted Work    0 (0%)
Elapsed Time   0.006493
MIDs/sec       0
VCs/sec        154.012
Cnt prune sib  0
Avg prune sib  -
Consider Size  -
Move Index     -
Move Percent   -
Delta Increase -
Winner         black
PV             

HashTableStatistics:
Stores         1320
LookupAttempt  85109
LookupSuccess  4897
Collisions     0

<= 
< 
<  70e259ddee2ba2a6
<  a  b  c  d  e  f  g  h  i  j  k  
< 1\.  .  .  .  .  .  B  .  W  B  .\1
<  2\.  .  .  .  .  .  .  W  B  .  W\2
<   3\.  .  .  .  .  .  .  B  W  .  .\3
<    4\.  .  .  .  .  W  W  B  .  .  .\4
<     5\.  .  .  .  .  W  B  .  W  .  .\5
<      6\.  B  .  .  B  B  W  .  .  B  .\6
<       7\.  .  .  .  B  B  .  B  .  .  .\7
<        8\W  .  .  .  W  B  B  W  .  .  .\8
<         9\.  .  W  .  .  W  B  B  .  W  .\9
<         10\.  .  .  W  .  .  W  B  .  .  .\10
<          11\.  .  B  .  W  .  W  B  .  .  .\11
<              a  b  c  d  e  f  g  h  i  j  k  
<
>play w resign
<= 
<
>showboard
<= 
< 
<  70e259ddee2ba2a6
<  a  b  c  d  e  f  g  h  i  j  k  
< 1\.  .  .  .  .  .  B  .  W  B  .\1
<  2\.  .  .  .  .  .  .  W  B  .  W\2
<   3\.  .  .  .  .  .  .  B  W  .  .\3
<    4\.  .  .  .  .  W  W  B  .  .  .\4
<     5\.  .  .  .  .  W  B  .  W  .  .\5
<      6\.  B  .  .  B  B  W  .  .  B  .\6
<       7\.  .  .  .  B  B  .  B  .  .  .\7
<        8\W  .  .  .  W  B  B  W  .  .  .\8
<         9\.  .  W  .  .  W  B  B  .  W  .\9
<         10\.  .  .  W  .  .  W  B  .  .  .\10
<          11\.  .  B  .  W  .  W  B  .  .  .\11
<              a  b  c  d  e  f  g  h  i  j  k  
<
>final_score
<= B+
<
>quit
<= 
<
