5ee27 config: MoHex v2.0.CMake Mar 21 2025.
5ee27 config: ============ InitializeSystem ============
5ee27 config: BenzeneProgram::InitRandom()
5ee27 config: Seed = 2724
5ee27 info: Prior Patterns:
5ee27 info: Global:
5ee27 info: Size            = 565 32648 
5ee27 info: TableEntries    = 65932 65910
5ee27 info: MirrorsAdded    = 0 0
5ee27 info: PrunableCount   = 30593 30629
5ee27 info: LargestGamma    = 5820.77
5ee27 info: SmallestGamma   = 6.6e-05
5ee27 info: Local:
5ee27 info: Size            = 550 5318 
5ee27 info: TableEntries    = 11602 11588
5ee27 info: MirrorsAdded    = 0 0
5ee27 info: PrunableCount   = 3659 3667
5ee27 info: LargestGamma    = 11281.8
5ee27 info: SmallestGamma   = 0.026235
5ee27 info: Playout Patterns:
5ee27 info: Global:
5ee27 info: Size            = 565 32648 
5ee27 info: TableEntries    = 70329 70329
5ee27 info: MirrorsAdded    = 4397 4419
5ee27 info: PrunableCount   = 30593 30629
5ee27 info: LargestGamma    = 5820.77
5ee27 info: SmallestGamma   = 6.6e-05
5ee27 info: Local:
5ee27 info: Size            = 550 5318 
5ee27 info: TableEntries    = 11602 11588
5ee27 info: MirrorsAdded    = 0 0
5ee27 info: PrunableCount   = 3659 3667
5ee27 info: LargestGamma    = 11281.8
5ee27 info: SmallestGamma   = 0.026235
5ee27 config: IcePatternSet: reading from '/home/linus/MoHex2.0/nfbranchfix/benzene-vanilla-cmake/share/ice-patterns.txt'.
5ee27 config: IcePatternSet: parsed 708 patterns.
5ee27 config: VCS: reading captured set patterns from '/home/linus/MoHex2.0/nfbranchfix/benzene-vanilla-cmake/share/vc-captured-set.txt'.
5ee27 config: VCS:: parsed 2 patterns.
5ee27 config: VCS: reading captured set patterns from '/home/linus/MoHex2.0/nfbranchfix/benzene-vanilla-cmake/share/vc-captured-set.txt'.
5ee27 config: VCS:: parsed 2 patterns.
5ee27 config: IcePatternSet: reading from '/home/linus/MoHex2.0/nfbranchfix/benzene-vanilla-cmake/share/ice-patterns.txt'.
5ee27 config: IcePatternSet: parsed 708 patterns.
5ee27 config: VCS: reading captured set patterns from '/home/linus/MoHex2.0/nfbranchfix/benzene-vanilla-cmake/share/vc-captured-set.txt'.
5ee27 config: VCS:: parsed 2 patterns.
5ee27 config: VCS: reading captured set patterns from '/home/linus/MoHex2.0/nfbranchfix/benzene-vanilla-cmake/share/vc-captured-set.txt'.
5ee27 config: VCS:: parsed 2 patterns.
5ee27 config: VCS: reading captured set patterns from '/home/linus/MoHex2.0/nfbranchfix/benzene-vanilla-cmake/share/vc-captured-set.txt'.
5ee27 config: VCS:: parsed 2 patterns.
5ee27 config: VCS: reading captured set patterns from '/home/linus/MoHex2.0/nfbranchfix/benzene-vanilla-cmake/share/vc-captured-set.txt'.
5ee27 config: VCS:: parsed 2 patterns.
5ee27 config: VCS: reading captured set patterns from '/home/linus/MoHex2.0/nfbranchfix/benzene-vanilla-cmake/share/vc-captured-set.txt'.
5ee27 config: VCS:: parsed 2 patterns.
5ee27 config: VCS: reading captured set patterns from '/home/linus/MoHex2.0/nfbranchfix/benzene-vanilla-cmake/share/vc-captured-set.txt'.
5ee27 config: VCS:: parsed 2 patterns.
5ee27 config: VCPattern: loading pattern templates from '/home/linus/MoHex2.0/nfbranchfix/benzene-vanilla-cmake/share/vc-patterns.txt'.
5ee27 info: Best move cannot be determined, must search state.
5ee27 info: --- MoHexPlayer::Search() ---
5ee27 info: Color: white
5ee27 info: MaxGames: 1
5ee27 info: NumberThreads: 1
5ee27 info: MaxNodes: 9090 (799920 bytes)
5ee27 info: TimeForMove: 1
5ee27 info: PreSearch: max time reached (52/91).
5ee27 info: Time for PreSearch: 0.201097s
5ee27 info: 
  a3c124ae198500ce
  a  b  c  d  e  f  g  h  i  j  k  
 1\.  .  .  *  *  *  *  *  *  *  .\1
  2\.  .  *  *  *  *  *  *  *  *  .\2
   3\.  *  *  *  *  *  *  *  *  *  .\3
    4\.  *  *  *  *  *  *  B  *  *  .\4
     5\.  *  *  *  *  *  *  *  *  *  .\5
      6\.  *  *  *  *  *  *  *  *  *  .\6
       7\.  *  *  *  *  *  *  *  *  *  .\7
        8\.  *  *  .  *  *  *  *  *  *  .\8
         9\.  *  *  *  *  *  *  *  *  *  .\9
         10\.  *  *  *  *  *  *  *  *  .  .\10
          11\.  *  *  *  *  *  *  *  .  .  .\11
              a  b  c  d  e  f  g  h  i  j  k  
5ee27 info: No subtree to reuse.
5ee27 info: Creating thread 0
5ee27 info: StartSearch()[0]
5ee27 config: VCS: reading captured set patterns from '/home/linus/MoHex2.0/nfbranchfix/benzene-vanilla-cmake/share/vc-captured-set.txt'.
5ee27 config: VCS:: parsed 2 patterns.
5ee27 config: VCS: reading captured set patterns from '/home/linus/MoHex2.0/nfbranchfix/benzene-vanilla-cmake/share/vc-captured-set.txt'.
5ee27 config: VCS:: parsed 2 patterns.
5ee27 info: 
Elapsed Time   0.546171s
Count          1
GamesPlayed    1
Nodes          1
Knowledge      0 (0.0%)
Expansions     0.0
Time           0.00
GameLen        120.0 dev=0.0 min=120.0 max=120.0
InTree         0.0 dev=0.0 min=0.0 max=0.0
KnowDepth      -
Aborted        0%
Games/s        408.5
Score          0.00
Sequence      
5ee27 info: 
5ee27 warning: **** MoHexSearch returned empty sequence!
5ee27 warning: **** Returning random move!
5ee27 info: Best move cannot be determined, must search state.
5ee27 info: --- MoHexPlayer::Search() ---
5ee27 info: Color: white
5ee27 info: MaxGames: 1
5ee27 info: NumberThreads: 1
5ee27 info: MaxNodes: 9090 (799920 bytes)
5ee27 info: TimeForMove: 1
5ee27 info: PreSearch: max time reached (47/89).
5ee27 info: Time for PreSearch: 0.204302s
5ee27 info: 
  2fc5415c75b9856b
  a  b  c  d  e  f  g  h  i  j  k  
 1\.  .  .  *  *  *  *  *  *  *  .\1
  2\.  .  *  *  *  *  *  *  *  *  .\2
   3\.  *  *  *  *  *  *  *  *  *  .\3
    4\.  *  *  *  *  *  *  B  *  *  .\4
     5\.  *  *  B  *  *  *  *  *  *  .\5
      6\.  *  *  *  *  *  *  *  *  *  .\6
       7\.  *  *  *  *  *  *  *  *  *  .\7
        8\.  *  *  *  *  *  *  *  W  .  .\8
         9\.  *  *  *  *  *  *  *  *  *  .\9
         10\.  *  *  *  *  *  *  *  *  .  .\10
          11\.  *  *  *  *  *  *  *  .  .  .\11
              a  b  c  d  e  f  g  h  i  j  k  
5ee27 info: Old: [black, h4] [white, swap-pieces] 
5ee27 info: New: [black, h4] [white, swap-pieces] [white, i8] [black, d5] 
5ee27 info: ReuseSubtree: Colors do not alternate.
5ee27 info: No subtree to reuse.
5ee27 info: StartSearch()[0]
5ee27 info: 
Elapsed Time   0.348345s
Count          1
GamesPlayed    1
Nodes          1
Knowledge      0 (0.0%)
Expansions     0.0
Time           0.00
GameLen        118.0 dev=0.0 min=118.0 max=118.0
InTree         0.0 dev=0.0 min=0.0 max=0.0
KnowDepth      -
Aborted        0%
Games/s        3125.0
Score          1.00
Sequence      
5ee27 info: 
5ee27 warning: **** MoHexSearch returned empty sequence!
5ee27 warning: **** Returning random move!
5ee27 info: Best move cannot be determined, must search state.
5ee27 info: --- MoHexPlayer::Search() ---
5ee27 info: Color: white
5ee27 info: MaxGames: 1
5ee27 info: NumberThreads: 1
5ee27 info: MaxNodes: 9090 (799920 bytes)
5ee27 info: TimeForMove: 1
5ee27 info: PreSearch: max time reached (45/81).
5ee27 info: Time for PreSearch: 0.203921s
5ee27 info: 
  4c73ed34625bb845
  a  b  c  d  e  f  g  h  i  j  k  
 1\b  b  b  b  b  .  *  *  *  *  .\1
  2\b  b  B  .  *  *  *  *  *  *  .\2
   3\.  .  *  *  *  *  *  *  *  *  .\3
    4\.  .  *  *  *  *  *  B  *  *  .\4
     5\.  *  *  B  *  *  *  *  *  *  .\5
      6\.  *  *  *  *  *  *  *  *  *  .\6
       7\.  *  *  *  *  *  *  *  *  *  .\7
        8\.  *  *  *  *  *  *  W  W  .  .\8
         9\.  *  *  *  *  *  *  *  *  *  .\9
         10\.  *  *  *  *  *  *  *  *  .  .\10
          11\.  *  *  *  *  *  *  *  .  .  .\11
              a  b  c  d  e  f  g  h  i  j  k  
5ee27 info: Old: [black, h4] [white, swap-pieces] [white, i8] [black, d5] 
5ee27 info: New: [black, h4] [white, swap-pieces] [white, i8] [black, d5] [white, h8] [black, c2] 
5ee27 info: MovesPlayed: [white, h8] [black, c2] 
5ee27 info: No subtree to reuse.
5ee27 info: StartSearch()[0]
5ee27 info: 
Elapsed Time   0.346216s
Count          1
GamesPlayed    1
Nodes          1
Knowledge      0 (0.0%)
Expansions     0.0
Time           0.00
GameLen        109.0 dev=0.0 min=109.0 max=109.0
InTree         0.0 dev=0.0 min=0.0 max=0.0
KnowDepth      -
Aborted        0%
Games/s        3322.3
Score          0.00
Sequence      
5ee27 info: 
5ee27 warning: **** MoHexSearch returned empty sequence!
5ee27 warning: **** Returning random move!
5ee27 info: Best move cannot be determined, must search state.
5ee27 info: --- MoHexPlayer::Search() ---
5ee27 info: Color: white
5ee27 info: MaxGames: 1
5ee27 info: NumberThreads: 1
5ee27 info: MaxNodes: 9090 (799920 bytes)
5ee27 info: TimeForMove: 1
5ee27 info: PreSearch: max time reached (52/78).
5ee27 info: Time for PreSearch: 0.202152s
5ee27 info: 
  1dc2eed807ef915e
  a  b  c  d  e  f  g  h  i  j  k  
 1\b  b  b  b  b  .  *  *  *  *  .\1
  2\b  b  B  .  *  *  *  *  *  *  .\2
   3\.  .  *  *  *  *  *  *  *  *  .\3
    4\.  .  *  *  *  *  *  B  *  *  .\4
     5\.  *  *  B  *  *  *  *  *  *  .\5
      6\.  *  *  *  *  *  *  *  *  B  .\6
       7\.  *  *  *  *  *  *  *  .  .  .\7
        8\.  *  *  *  *  W  *  W  W  .  .\8
         9\.  *  *  *  *  *  *  *  *  *  .\9
         10\.  *  *  *  *  *  *  *  .  .  .\10
          11\.  *  *  *  *  *  *  *  .  .  .\11
              a  b  c  d  e  f  g  h  i  j  k  
5ee27 info: Old: [black, h4] [white, swap-pieces] [white, i8] [black, d5] [white, h8] [black, c2] 
5ee27 info: New: [black, h4] [white, swap-pieces] [white, i8] [black, d5] [white, h8] [black, c2] [white, f8] [black, j6] 
5ee27 info: MovesPlayed: [white, f8] [black, j6] 
5ee27 info: No subtree to reuse.
5ee27 info: StartSearch()[0]
5ee27 info: 
Elapsed Time   0.346763s
Count          1
GamesPlayed    1
Nodes          1
Knowledge      0 (0.0%)
Expansions     0.0
Time           0.00
GameLen        107.0 dev=0.0 min=107.0 max=107.0
InTree         0.0 dev=0.0 min=0.0 max=0.0
KnowDepth      -
Aborted        0%
Games/s        3663.0
Score          1.00
Sequence      
5ee27 info: 
5ee27 warning: **** MoHexSearch returned empty sequence!
5ee27 warning: **** Returning random move!
5ee27 info: Best move cannot be determined, must search state.
5ee27 info: --- MoHexPlayer::Search() ---
5ee27 info: Color: white
5ee27 info: MaxGames: 1
5ee27 info: NumberThreads: 1
5ee27 info: MaxNodes: 9090 (799920 bytes)
5ee27 info: TimeForMove: 1
5ee27 info: PreSearch: max time reached (31/76).
5ee27 info: Time for PreSearch: 0.206676s
5ee27 info: 
  8f0c8cdbdef276ec
  a  b  c  d  e  f  g  h  i  j  k  
 1\b  b  b  b  b  .  *  *  *  *  .\1
  2\b  b  B  .  *  *  *  *  *  *  .\2
   3\.  .  *  *  *  *  *  *  *  *  .\3
    4\.  .  *  B  *  *  *  B  *  *  .\4
     5\.  *  *  B  *  *  *  *  *  *  .\5
      6\.  *  *  *  *  *  *  *  *  B  .\6
       7\.  *  *  *  *  *  *  *  .  .  .\7
        8\.  *  *  *  *  W  *  W  W  .  .\8
         9\.  *  *  *  *  *  *  *  *  *  .\9
         10\.  *  *  *  *  *  *  *  .  .  .\10
          11\.  *  *  W  *  *  *  *  .  .  .\11
              a  b  c  d  e  f  g  h  i  j  k  
5ee27 info: Old: [black, h4] [white, swap-pieces] [white, i8] [black, d5] [white, h8] [black, c2] [white, f8] [black, j6] 
5ee27 info: New: [black, h4] [white, swap-pieces] [white, i8] [black, d5] [white, h8] [black, c2] [white, f8] [black, j6] [white, d11] [black, d4] 
5ee27 info: MovesPlayed: [white, d11] [black, d4] 
5ee27 info: No subtree to reuse.
5ee27 info: StartSearch()[0]
5ee27 info: 
Elapsed Time   0.346744s
Count          1
GamesPlayed    1
Nodes          1
Knowledge      0 (0.0%)
Expansions     0.0
Time           0.00
GameLen        105.0 dev=0.0 min=105.0 max=105.0
InTree         0.0 dev=0.0 min=0.0 max=0.0
KnowDepth      -
Aborted        0%
Games/s        3268.0
Score          1.00
Sequence      
5ee27 info: 
5ee27 warning: **** MoHexSearch returned empty sequence!
5ee27 warning: **** Returning random move!
5ee27 info: Best move cannot be determined, must search state.
5ee27 info: --- MoHexPlayer::Search() ---
5ee27 info: Color: white
5ee27 info: MaxGames: 1
5ee27 info: NumberThreads: 1
5ee27 info: MaxNodes: 9090 (799920 bytes)
5ee27 info: TimeForMove: 1
5ee27 info: PreSearch: max time reached (62/67).
5ee27 info: Time for PreSearch: 0.201997s
5ee27 info: 
  015313b8d423dab8
  a  b  c  d  e  f  g  h  i  j  k  
 1\b  b  b  b  b  .  *  *  *  *  .\1
  2\b  b  B  .  *  *  *  *  *  *  .\2
   3\.  .  *  *  *  *  *  *  *  *  .\3
    4\.  .  *  B  *  *  *  B  *  *  .\4
     5\.  *  .  B  *  *  *  *  *  *  .\5
      6\.  .  *  *  *  *  *  *  *  B  w\6
       7\.  *  *  *  *  *  *  *  .  w  w\7
        8\.  *  *  B  *  W  *  W  W  w  w\8
         9\.  *  *  *  *  *  *  .  w  W  w\9
         10\.  *  *  *  *  *  .  .  w  w  w\10
          11\.  *  *  W  *  *  .  .  w  w  w\11
              a  b  c  d  e  f  g  h  i  j  k  
5ee27 info: Old: [black, h4] [white, swap-pieces] [white, i8] [black, d5] [white, h8] [black, c2] [white, f8] [black, j6] [white, d11] [black, d4] 
5ee27 info: New: [black, h4] [white, swap-pieces] [white, i8] [black, d5] [white, h8] [black, c2] [white, f8] [black, j6] [white, d11] [black, d4] [white, j9] [black, d8] 
5ee27 info: MovesPlayed: [white, j9] [black, d8] 
5ee27 info: No subtree to reuse.
5ee27 info: StartSearch()[0]
5ee27 info: 
Elapsed Time   0.343628s
Count          1
GamesPlayed    1
Nodes          1
Knowledge      0 (0.0%)
Expansions     0.0
Time           0.00
GameLen        90.0 dev=0.0 min=90.0 max=90.0
InTree         0.0 dev=0.0 min=0.0 max=0.0
KnowDepth      -
Aborted        0%
Games/s        3571.4
Score          0.00
Sequence      
5ee27 info: 
5ee27 warning: **** MoHexSearch returned empty sequence!
5ee27 warning: **** Returning random move!
5ee27 info: Best move cannot be determined, must search state.
5ee27 info: --- MoHexPlayer::Search() ---
5ee27 info: Color: white
5ee27 info: MaxGames: 1
5ee27 info: NumberThreads: 1
5ee27 info: MaxNodes: 9090 (799920 bytes)
5ee27 info: TimeForMove: 1
5ee27 info: Time for PreSearch: 0.07811s
5ee27 info: 
  9a2a0245daa1628e
  a  b  c  d  e  f  g  h  i  j  k  
 1\b  b  b  b  b  .  *  *  *  *  .\1
  2\b  b  B  .  *  *  *  *  *  *  .\2
   3\w  w  .  *  *  *  *  *  *  .  .\3
    4\w  w  .  B  *  *  *  B  .  .  .\4
     5\w  w  w  B  *  *  *  .  .  .  .\5
      6\w  W  .  *  *  *  .  .  .  B  w\6
       7\w  .  *  *  *  .  .  .  .  w  w\7
        8\w  .  .  B  .  W  .  W  W  w  w\8
         9\.  .  *  *  *  *  .  b  w  W  w\9
         10\.  *  .  .  *  B  b  b  w  w  w\10
          11\.  *  .  W  b  b  b  b  w  w  w\11
              a  b  c  d  e  f  g  h  i  j  k  
5ee27 info: Old: [black, h4] [white, swap-pieces] [white, i8] [black, d5] [white, h8] [black, c2] [white, f8] [black, j6] [white, d11] [black, d4] [white, j9] [black, d8] 
5ee27 info: New: [black, h4] [white, swap-pieces] [white, i8] [black, d5] [white, h8] [black, c2] [white, f8] [black, j6] [white, d11] [black, d4] [white, j9] [black, d8] [white, b6] [black, f10] 
5ee27 info: MovesPlayed: [white, b6] [black, f10] 
5ee27 info: No subtree to reuse.
5ee27 info: StartSearch()[0]
5ee27 info: 
Elapsed Time   0.219691s
Count          1
GamesPlayed    1
Nodes          1
Knowledge      0 (0.0%)
Expansions     0.0
Time           0.00
GameLen        71.0 dev=0.0 min=71.0 max=71.0
InTree         0.0 dev=0.0 min=0.0 max=0.0
KnowDepth      -
Aborted        0%
Games/s        3546.1
Score          1.00
Sequence      
5ee27 info: 
5ee27 warning: **** MoHexSearch returned empty sequence!
5ee27 warning: **** Returning random move!
5ee27 info: Best move cannot be determined, must search state.
5ee27 info: --- MoHexPlayer::Search() ---
5ee27 info: Color: white
5ee27 info: MaxGames: 1
5ee27 info: NumberThreads: 1
5ee27 info: MaxNodes: 9090 (799920 bytes)
5ee27 info: TimeForMove: 1
5ee27 info: Time for PreSearch: 0.072526s
5ee27 info: 
  82704118082865a4
  a  b  c  d  e  f  g  h  i  j  k  
 1\b  b  b  b  b  b  b  B  .  *  .\1
  2\b  b  B  b  b  .  *  *  *  .  .\2
   3\w  w  w  .  *  *  *  *  *  .  .\3
    4\w  w  w  B  *  *  *  B  .  .  .\4
     5\w  w  w  B  *  *  *  *  .  .  .\5
      6\w  W  .  *  *  *  *  .  .  B  w\6
       7\w  .  .  W  *  *  .  .  .  w  w\7
        8\w  .  *  B  .  W  .  W  W  w  w\8
         9\.  .  *  *  *  *  .  b  w  W  w\9
         10\.  *  .  .  *  B  b  b  w  w  w\10
          11\.  *  .  W  b  b  b  b  w  w  w\11
              a  b  c  d  e  f  g  h  i  j  k  
5ee27 info: Old: [black, h4] [white, swap-pieces] [white, i8] [black, d5] [white, h8] [black, c2] [white, f8] [black, j6] [white, d11] [black, d4] [white, j9] [black, d8] [white, b6] [black, f10] 
5ee27 info: New: [black, h4] [white, swap-pieces] [white, i8] [black, d5] [white, h8] [black, c2] [white, f8] [black, j6] [white, d11] [black, d4] [white, j9] [black, d8] [white, b6] [black, f10] [white, d7] [black, h1] 
5ee27 info: MovesPlayed: [white, d7] [black, h1] 
5ee27 info: No subtree to reuse.
5ee27 info: StartSearch()[0]
5ee27 info: 
Elapsed Time   0.226079s
Count          1
GamesPlayed    1
Nodes          1
Knowledge      0 (0.0%)
Expansions     0.0
Time           0.00
GameLen        63.0 dev=0.0 min=63.0 max=63.0
InTree         0.0 dev=0.0 min=0.0 max=0.0
KnowDepth      -
Aborted        0%
Games/s        4237.3
Score          1.00
Sequence      
5ee27 info: 
5ee27 warning: **** MoHexSearch returned empty sequence!
5ee27 warning: **** Returning random move!
5ee27 info: Opponent has won; playing most blocking move.
5ee27 info: Opponent has won; playing most blocking move.
5ee27 info: Opponent has won; playing most blocking move.
5ee27 info: Opponent has won; playing most blocking move.
5ee27 info: Opponent has won; playing most blocking move.
5ee27 info: Opponent has won; playing most blocking move.
5ee27 info: Captured cells caused win! Removing...
5ee27 info: Opponent has won; playing most blocking move.
5ee27 info: Captured cells caused win! Removing...
5ee27 info: Opponent has won; playing most blocking move.
5ee27 info: Captured cells caused win! Removing...
5ee27 info: Opponent has won; playing most blocking move.
5ee27 info: Captured cells caused win! Removing...
5ee27 info: Opponent has won; playing most blocking move.
5ee27 config: ============ BenzeneShutdown =============
5ee27 config: MoHexProgram:: ShutdownSystem()
5ee27 config: CommonProgram:: ShutdownSystem()
5ee27 config: BenzeneProgram:: ShutdownSystem()
Flushing and closing this stream...
