# nice ../build/src/mohex/mohex --config mohex-weak.htp --seed 580136 --logfile-name jobs/11x11-mohex-mohex-cg2010-vs-mohex-mohex-weak/mohex-mohex-weak-76.log
>boardsize 11 11
MoHex 2.0.CMake Mar 21 2025
Copyright (C) 2007-2012 by the authors of the Benzene project.
This program comes with ABSOLUTELY NO WARRANTY. This is
free software and you are welcome to redistribute it under
certain conditions. Type `benzene-license' for details.

SgRandom::SetSeed: 580136
SgUctSearch: system memory 33632358400, using 1000000000 (5681818 nodes)
SgRandom::SetSeed: 1
SgRandom::SetSeed: 580136
07947 info: Prior Patterns:
07947 info: Global:
07947 info: Size            = 565 32648 
07947 info: TableEntries    = 65932 65910
07947 info: MirrorsAdded    = 0 0
07947 info: PrunableCount   = 30593 30629
07947 info: LargestGamma    = 5820.77
07947 info: SmallestGamma   = 6.6e-05
07947 info: Local:
07947 info: Size            = 550 5318 
07947 info: TableEntries    = 11602 11588
07947 info: MirrorsAdded    = 0 0
07947 info: PrunableCount   = 3659 3667
07947 info: LargestGamma    = 11281.8
07947 info: SmallestGamma   = 0.026235
07947 info: Playout Patterns:
07947 info: Global:
07947 info: Size            = 565 32648 
07947 info: TableEntries    = 70329 70329
07947 info: MirrorsAdded    = 4397 4419
07947 info: PrunableCount   = 30593 30629
07947 info: LargestGamma    = 5820.77
07947 info: SmallestGamma   = 6.6e-05
07947 info: Local:
07947 info: Size            = 550 5318 
07947 info: TableEntries    = 11602 11588
07947 info: MirrorsAdded    = 0 0
07947 info: PrunableCount   = 3659 3667
07947 info: LargestGamma    = 11281.8
07947 info: SmallestGamma   = 0.026235
param_game allow_swap 1
= 

param_mohex max_memory 1600000
= 

param_mohex num_threads 1
= 

param_mohex max_time 1
= 

param_mohex max_games 1
= 

param_mohex knowledge_threshold 400
= 

param_mohex reuse_subtree 1
= 

param_mohex use_parallel_solver 1
= 

<= 
<
>name
<= MoHex
<
>version
<= 2.0.CMake
<
>play b d6
<= 
<
>genmove w
<= swap-pieces
<
>showboard
07947 info: SwapCheck: reading from '/home/linus/MoHex2.0/nfbranchfix/benzene-vanilla-cmake/share/swap-moves.txt'.
07947 info: SwapCheck: playing swap.
<= 
< 
<  eee18391d2a2386f
<  a  b  c  d  e  f  g  h  i  j  k  
< 1\.  .  .  .  .  .  .  .  .  .  .\1
<  2\.  .  .  .  .  .  .  .  .  .  .\2
<   3\.  .  .  .  .  .  .  .  .  .  .\3
<    4\.  .  .  .  .  .  .  .  .  .  .\4
<     5\.  .  .  .  .  .  .  .  .  .  .\5
<      6\.  .  .  B  .  .  .  .  .  .  .\6
<       7\.  .  .  .  .  .  .  .  .  .  .\7
<        8\.  .  .  .  .  .  .  .  .  .  .\8
<         9\.  .  .  .  .  .  .  .  .  .  .\9
<         10\.  .  .  .  .  .  .  .  .  .  .\10
<          11\.  .  .  .  .  .  .  .  .  .  .\11
<              a  b  c  d  e  f  g  h  i  j  k  
<
>play w f10
<= 
<
>showboard
<= 
< 
<  5039790afceb9cea
<  a  b  c  d  e  f  g  h  i  j  k  
< 1\.  .  .  .  .  .  .  .  .  .  .\1
<  2\.  .  .  .  .  .  .  .  .  .  .\2
<   3\.  .  .  .  .  .  .  .  .  .  .\3
<    4\.  .  .  .  .  .  .  .  .  .  .\4
<     5\.  .  .  .  .  .  .  .  .  .  .\5
<      6\.  .  .  B  .  .  .  .  .  .  .\6
<       7\.  .  .  .  .  .  .  .  .  .  .\7
<        8\.  .  .  .  .  .  .  .  .  .  .\8
<         9\.  .  .  .  .  .  .  .  .  .  .\9
<         10\.  .  .  .  .  W  .  .  .  .  .\10
<          11\.  .  .  .  .  .  .  .  .  .  .\11
<              a  b  c  d  e  f  g  h  i  j  k  
<
>genmove b
<= k2
<
>showboard
07947 info: PlayAndSolve: Building VCs to avoid race condition.
07947 info: PlayAndSolve: Continuing on as usual.
94be6 info: *** PlayerThread ***
8cbd6 info: *** SolverThread ***
94be6 info: Best move cannot be determined, must search state.
94be6 info: --- MoHexPlayer::Search() ---
94be6 info: Color: black
94be6 info: MaxGames: 1
94be6 info: NumberThreads: 1
94be6 info: MaxNodes: 9090 (799920 bytes)
94be6 info: TimeForMove: 1
94be6 info: PreSearch: max time reached (36/91).
94be6 info: Time for PreSearch: 0.202005s
94be6 info: 
  5039790afceb9cea
  a  b  c  d  e  f  g  h  i  j  k  
 1\.  .  .  .  .  .  .  .  .  .  .\1
  2\.  .  *  *  *  *  *  *  *  *  *\2
   3\.  *  *  *  *  *  *  *  *  *  *\3
    4\*  *  *  *  *  *  *  *  *  *  *\4
     5\*  *  *  *  *  *  *  *  *  *  *\5
      6\*  *  *  B  *  *  *  *  *  *  *\6
       7\*  *  *  *  *  *  *  *  *  *  *\7
        8\*  *  *  *  *  *  *  *  *  *  *\8
         9\*  *  *  *  *  *  *  *  *  *  .\9
         10\*  *  *  *  *  W  *  *  *  .  .\10
          11\.  .  .  .  .  .  .  .  .  .  .\11
              a  b  c  d  e  f  g  h  i  j  k  
94be6 info: No subtree to reuse.
94be6 info: Creating thread 0
94be6 info: StartSearch()[0]
SgUctSearch: max games reached
94be6 info: 
Elapsed Time   0.371002s
Count          1
GamesPlayed    1
Nodes          1
Knowledge      0 (0.0%)
Expansions     0.0
Time           0.00
GameLen        119.0 dev=0.0 min=119.0 max=119.0
InTree         0.0 dev=0.0 min=0.0 max=0.0
KnowDepth      -
Aborted        0%
Games/s        387.0
Score          0.00
Sequence      
94be6 info: 
94be6 warning: **** MoHexSearch returned empty sequence!
94be6 warning: **** Returning random move!
94be6 info: *** Player move: k2
bfff6 info: DfpnSolver::CheckAbort(): Abort flag!
8cbd6 info: 
MID calls      40
VC builds      39
Terminal       0
Work           40
Wasted Work    0 (0%)
Elapsed Time   0.385037
MIDs/sec       103.886
VCs/sec        101.289
Cnt prune sib  0
Avg prune sib  -
Consider Size  86.3077 dev=1.84176 min=82 max=91
Move Index     -
Move Percent   -
Delta Increase 3.10256 dev=12.7998 min=1 max=82
Winner         empty
PV             c10 i3 d8

HashTableStatistics:
Stores         104
LookupAttempt  12060
LookupSuccess  718
Collisions     0

8cbd6 info: Search aborted.
<= 
< 
<  72e136dcac833c3e
<  a  b  c  d  e  f  g  h  i  j  k  
< 1\.  .  .  .  .  .  .  .  .  .  .\1
<  2\.  .  .  .  .  .  .  .  .  .  B\2
<   3\.  .  .  .  .  .  .  .  .  .  .\3
<    4\.  .  .  .  .  .  .  .  .  .  .\4
<     5\.  .  .  .  .  .  .  .  .  .  .\5
<      6\.  .  .  B  .  .  .  .  .  .  .\6
<       7\.  .  .  .  .  .  .  .  .  .  .\7
<        8\.  .  .  .  .  .  .  .  .  .  .\8
<         9\.  .  .  .  .  .  .  .  .  .  .\9
<         10\.  .  .  .  .  W  .  .  .  .  .\10
<          11\.  .  .  .  .  .  .  .  .  .  .\11
<              a  b  c  d  e  f  g  h  i  j  k  
<
>play w f1
<= 
<
>showboard
<= 
< 
<  37b7214555379e1d
<  a  b  c  d  e  f  g  h  i  j  k  
< 1\.  .  .  .  .  W  .  .  .  .  .\1
<  2\.  .  .  .  .  .  .  .  .  .  B\2
<   3\.  .  .  .  .  .  .  .  .  .  .\3
<    4\.  .  .  .  .  .  .  .  .  .  .\4
<     5\.  .  .  .  .  .  .  .  .  .  .\5
<      6\.  .  .  B  .  .  .  .  .  .  .\6
<       7\.  .  .  .  .  .  .  .  .  .  .\7
<        8\.  .  .  .  .  .  .  .  .  .  .\8
<         9\.  .  .  .  .  .  .  .  .  .  .\9
<         10\.  .  .  .  .  W  .  .  .  .  .\10
<          11\.  .  .  .  .  .  .  .  .  .  .\11
<              a  b  c  d  e  f  g  h  i  j  k  
<
>genmove b
<= i1
<
>showboard
07947 info: PlayAndSolve: Building VCs to avoid race condition.
07947 info: PlayAndSolve: Continuing on as usual.
8cbd6 info: *** PlayerThread ***
94be6 info: *** SolverThread ***
8cbd6 info: Best move cannot be determined, must search state.
8cbd6 info: --- MoHexPlayer::Search() ---
8cbd6 info: Color: black
8cbd6 info: MaxGames: 1
8cbd6 info: NumberThreads: 1
8cbd6 info: MaxNodes: 9090 (799920 bytes)
8cbd6 info: TimeForMove: 1
8cbd6 info: PreSearch: max time reached (65/90).
8cbd6 info: Time for PreSearch: 0.201841s
8cbd6 info: 
  37b7214555379e1d
  a  b  c  d  e  f  g  h  i  j  k  
 1\.  .  .  .  .  W  .  .  .  .  .\1
  2\.  .  *  *  *  *  *  *  *  .  B\2
   3\.  *  *  *  *  *  *  *  *  *  *\3
    4\*  *  *  *  *  *  *  *  *  *  *\4
     5\*  *  *  *  *  *  *  *  *  *  *\5
      6\*  *  *  B  *  *  *  *  *  *  *\6
       7\*  *  *  *  *  *  *  *  *  *  *\7
        8\*  *  *  *  *  *  *  *  *  *  *\8
         9\*  *  *  *  *  *  *  *  *  *  .\9
         10\*  *  *  *  *  W  *  *  *  .  .\10
          11\.  .  .  .  .  .  .  .  .  .  .\11
              a  b  c  d  e  f  g  h  i  j  k  
8cbd6 info: Old: [black, d6] [white, swap-pieces] [white, f10] 
8cbd6 info: New: [black, d6] [white, swap-pieces] [white, f10] [black, k2] [white, f1] 
8cbd6 info: MovesPlayed: [black, k2] [white, f1] 
8cbd6 info: No subtree to reuse.
8cbd6 info: StartSearch()[0]
SgUctSearch: max games reached
8cbd6 info: 
Elapsed Time   0.366514s
Count          1
GamesPlayed    1
Nodes          1
Knowledge      0 (0.0%)
Expansions     0.0
Time           0.00
GameLen        117.0 dev=0.0 min=117.0 max=117.0
InTree         0.0 dev=0.0 min=0.0 max=0.0
KnowDepth      -
Aborted        0%
Games/s        2688.2
Score          0.00
Sequence      
8cbd6 info: 
8cbd6 warning: **** MoHexSearch returned empty sequence!
8cbd6 warning: **** Returning random move!
8cbd6 info: *** Player move: i1
bfff6 info: DfpnSolver::CheckAbort(): Abort flag!
94be6 info: 
MID calls      65
VC builds      63
Terminal       0
Work           65
Wasted Work    0 (0%)
Elapsed Time   0.376302
MIDs/sec       172.734
VCs/sec        167.419
Cnt prune sib  0
Avg prune sib  -
Consider Size  83.6349 dev=3.7806 min=74 max=90
Move Index     -
Move Percent   -
Delta Increase 3.5625 dev=13.9148 min=1 max=82
Winner         empty
PV             c10 j4 h3 d8

HashTableStatistics:
Stores         257
LookupAttempt  26053
LookupSuccess  1462
Collisions     0

94be6 info: Search aborted.
<= 
< 
<  4c62a6cb09513175
<  a  b  c  d  e  f  g  h  i  j  k  
< 1\.  .  .  .  .  W  .  .  B  .  .\1
<  2\.  .  .  .  .  .  .  .  .  .  B\2
<   3\.  .  .  .  .  .  .  .  .  .  .\3
<    4\.  .  .  .  .  .  .  .  .  .  .\4
<     5\.  .  .  .  .  .  .  .  .  .  .\5
<      6\.  .  .  B  .  .  .  .  .  .  .\6
<       7\.  .  .  .  .  .  .  .  .  .  .\7
<        8\.  .  .  .  .  .  .  .  .  .  .\8
<         9\.  .  .  .  .  .  .  .  .  .  .\9
<         10\.  .  .  .  .  W  .  .  .  .  .\10
<          11\.  .  .  .  .  .  .  .  .  .  .\11
<              a  b  c  d  e  f  g  h  i  j  k  
<
>play w b7
<= 
<
>showboard
<= 
< 
<  63f98586d58dad70
<  a  b  c  d  e  f  g  h  i  j  k  
< 1\.  .  .  .  .  W  .  .  B  .  .\1
<  2\.  .  .  .  .  .  .  .  .  .  B\2
<   3\.  .  .  .  .  .  .  .  .  .  .\3
<    4\.  .  .  .  .  .  .  .  .  .  .\4
<     5\.  .  .  .  .  .  .  .  .  .  .\5
<      6\.  .  .  B  .  .  .  .  .  .  .\6
<       7\.  W  .  .  .  .  .  .  .  .  .\7
<        8\.  .  .  .  .  .  .  .  .  .  .\8
<         9\.  .  .  .  .  .  .  .  .  .  .\9
<         10\.  .  .  .  .  W  .  .  .  .  .\10
<          11\.  .  .  .  .  .  .  .  .  .  .\11
<              a  b  c  d  e  f  g  h  i  j  k  
<
>genmove b
<= b4
<
>showboard
07947 info: PlayAndSolve: Building VCs to avoid race condition.
07947 info: PlayAndSolve: Continuing on as usual.
94be6 info: *** PlayerThread ***
8cbd6 info: *** SolverThread ***
94be6 info: Best move cannot be determined, must search state.
94be6 info: --- MoHexPlayer::Search() ---
94be6 info: Color: black
94be6 info: MaxGames: 1
94be6 info: NumberThreads: 1
94be6 info: MaxNodes: 9090 (799920 bytes)
94be6 info: TimeForMove: 1
94be6 info: PreSearch: max time reached (71/80).
94be6 info: Time for PreSearch: 0.202211s
94be6 info: 
  63f98586d58dad70
  a  b  c  d  e  f  g  h  i  j  k  
 1\.  .  .  .  .  W  .  .  B  .  .\1
  2\.  .  *  *  *  *  *  *  *  .  B\2
   3\.  *  *  *  *  *  *  *  *  *  *\3
    4\*  *  *  *  *  *  *  *  *  *  *\4
     5\.  *  *  *  *  *  *  *  *  *  *\5
      6\w  .  *  B  *  *  *  *  *  *  *\6
       7\w  W  *  *  *  *  *  *  *  *  *\7
        8\w  .  *  *  *  *  *  *  *  *  *\8
         9\w  *  *  *  *  *  *  *  *  *  .\9
         10\.  *  *  *  *  W  *  *  *  .  .\10
          11\.  .  .  .  .  .  .  .  .  .  .\11
              a  b  c  d  e  f  g  h  i  j  k  
94be6 info: Old: [black, d6] [white, swap-pieces] [white, f10] [black, k2] [white, f1] 
94be6 info: New: [black, d6] [white, swap-pieces] [white, f10] [black, k2] [white, f1] [black, i1] [white, b7] 
94be6 info: MovesPlayed: [black, i1] [white, b7] 
94be6 info: No subtree to reuse.
94be6 info: StartSearch()[0]
SgUctSearch: max games reached
94be6 info: 
Elapsed Time   0.357159s
Count          1
GamesPlayed    1
Nodes          1
Knowledge      0 (0.0%)
Expansions     0.0
Time           0.00
GameLen        111.0 dev=0.0 min=111.0 max=111.0
InTree         0.0 dev=0.0 min=0.0 max=0.0
KnowDepth      -
Aborted        0%
Games/s        3164.6
Score          1.00
Sequence      
94be6 info: 
94be6 warning: **** MoHexSearch returned empty sequence!
94be6 warning: **** Returning random move!
94be6 info: *** Player move: b4
bfff6 info: DfpnSolver::CheckAbort(): Abort flag!
8cbd6 info: 
MID calls      78
VC builds      75
Terminal       0
Work           78
Wasted Work    0 (0%)
Elapsed Time   0.367188
MIDs/sec       212.425
VCs/sec        204.255
Cnt prune sib  1
Avg prune sib  1 dev=0 min=1 max=1
Consider Size  72.9734 dev=4.12754 min=66 max=80
Move Index     -
Move Percent   -
Delta Increase 2.85714 dev=10.9731 min=1 max=72
Winner         empty
PV             d10 i4 d8

HashTableStatistics:
Stores         435
LookupAttempt  38782
LookupSuccess  2117
Collisions     0

8cbd6 info: Search aborted.
<= 
< 
<  cae57cc1a1843286
<  a  b  c  d  e  f  g  h  i  j  k  
< 1\.  .  .  .  .  W  .  .  B  .  .\1
<  2\.  .  .  .  .  .  .  .  .  .  B\2
<   3\.  .  .  .  .  .  .  .  .  .  .\3
<    4\.  B  .  .  .  .  .  .  .  .  .\4
<     5\.  .  .  .  .  .  .  .  .  .  .\5
<      6\.  .  .  B  .  .  .  .  .  .  .\6
<       7\.  W  .  .  .  .  .  .  .  .  .\7
<        8\.  .  .  .  .  .  .  .  .  .  .\8
<         9\.  .  .  .  .  .  .  .  .  .  .\9
<         10\.  .  .  .  .  W  .  .  .  .  .\10
<          11\.  .  .  .  .  .  .  .  .  .  .\11
<              a  b  c  d  e  f  g  h  i  j  k  
<
>play w h10
<= 
<
>showboard
<= 
< 
<  b6e346137cd5eac5
<  a  b  c  d  e  f  g  h  i  j  k  
< 1\.  .  .  .  .  W  .  .  B  .  .\1
<  2\.  .  .  .  .  .  .  .  .  .  B\2
<   3\.  .  .  .  .  .  .  .  .  .  .\3
<    4\.  B  .  .  .  .  .  .  .  .  .\4
<     5\.  .  .  .  .  .  .  .  .  .  .\5
<      6\.  .  .  B  .  .  .  .  .  .  .\6
<       7\.  W  .  .  .  .  .  .  .  .  .\7
<        8\.  .  .  .  .  .  .  .  .  .  .\8
<         9\.  .  .  .  .  .  .  .  .  .  .\9
<         10\.  .  .  .  .  W  .  W  .  .  .\10
<          11\.  .  .  .  .  .  .  .  .  .  .\11
<              a  b  c  d  e  f  g  h  i  j  k  
<
>genmove b
<= d2
<
>showboard
07947 info: PlayAndSolve: Building VCs to avoid race condition.
07947 info: PlayAndSolve: Continuing on as usual.
8cbd6 info: *** PlayerThread ***
94be6 info: *** SolverThread ***
8cbd6 info: Best move cannot be determined, must search state.
8cbd6 info: --- MoHexPlayer::Search() ---
8cbd6 info: Color: black
8cbd6 info: MaxGames: 1
8cbd6 info: NumberThreads: 1
8cbd6 info: MaxNodes: 9090 (799920 bytes)
8cbd6 info: TimeForMove: 1
8cbd6 info: PreSearch: max time reached (70/75).
8cbd6 info: Time for PreSearch: 0.200991s
8cbd6 info: 
  b6e346137cd5eac5
  a  b  c  d  e  f  g  h  i  j  k  
 1\.  .  .  .  .  W  .  .  B  .  .\1
  2\.  .  *  *  *  *  *  *  *  .  B\2
   3\.  *  *  *  *  *  *  *  *  *  *\3
    4\.  B  *  *  *  *  *  *  *  *  *\4
     5\w  .  *  *  *  *  *  *  *  *  *\5
      6\w  w  .  B  *  *  *  *  *  *  *\6
       7\w  W  *  *  *  *  *  *  *  *  *\7
        8\w  .  *  *  *  *  *  *  *  *  *\8
         9\w  *  *  *  *  *  *  *  *  *  .\9
         10\.  *  *  *  *  W  *  W  .  .  .\10
          11\.  .  .  .  .  b  b  .  .  .  .\11
              a  b  c  d  e  f  g  h  i  j  k  
8cbd6 info: Old: [black, d6] [white, swap-pieces] [white, f10] [black, k2] [white, f1] [black, i1] [white, b7] 
8cbd6 info: New: [black, d6] [white, swap-pieces] [white, f10] [black, k2] [white, f1] [black, i1] [white, b7] [black, b4] [white, h10] 
8cbd6 info: MovesPlayed: [black, b4] [white, h10] 
8cbd6 info: No subtree to reuse.
8cbd6 info: StartSearch()[0]
SgUctSearch: max games reached
8cbd6 info: 
Elapsed Time   0.3699s
Count          1
GamesPlayed    1
Nodes          1
Knowledge      0 (0.0%)
Expansions     0.0
Time           0.00
GameLen        105.0 dev=0.0 min=105.0 max=105.0
InTree         0.0 dev=0.0 min=0.0 max=0.0
KnowDepth      -
Aborted        0%
Games/s        3413.0
Score          1.00
Sequence      
8cbd6 info: 
8cbd6 warning: **** MoHexSearch returned empty sequence!
8cbd6 warning: **** Returning random move!
8cbd6 info: *** Player move: d2
bfff6 info: DfpnSolver::CheckAbort(): Abort flag!
94be6 info: 
MID calls      68
VC builds      65
Terminal       0
Work           68
Wasted Work    0 (0%)
Elapsed Time   0.382553
MIDs/sec       177.753
VCs/sec        169.911
Cnt prune sib  1
Avg prune sib  1 dev=0 min=1 max=1
Consider Size  68.1385 dev=4.31074 min=61 max=75
Move Index     -
Move Percent   -
Delta Increase 2.98507 dev=10.8882 min=1 max=67
Winner         empty
PV             d10 c5 d8

HashTableStatistics:
Stores         592
LookupAttempt  49715
LookupSuccess  2715
Collisions     0

94be6 info: Search aborted.
<= 
< 
<  d2734d7853df1069
<  a  b  c  d  e  f  g  h  i  j  k  
< 1\.  .  .  .  .  W  .  .  B  .  .\1
<  2\.  .  .  B  .  .  .  .  .  .  B\2
<   3\.  .  .  .  .  .  .  .  .  .  .\3
<    4\.  B  .  .  .  .  .  .  .  .  .\4
<     5\.  .  .  .  .  .  .  .  .  .  .\5
<      6\.  .  .  B  .  .  .  .  .  .  .\6
<       7\.  W  .  .  .  .  .  .  .  .  .\7
<        8\.  .  .  .  .  .  .  .  .  .  .\8
<         9\.  .  .  .  .  .  .  .  .  .  .\9
<         10\.  .  .  .  .  W  .  W  .  .  .\10
<          11\.  .  .  .  .  .  .  .  .  .  .\11
<              a  b  c  d  e  f  g  h  i  j  k  
<
>play w d5
<= 
<
>showboard
<= 
< 
<  aeb9a62ac21ad830
<  a  b  c  d  e  f  g  h  i  j  k  
< 1\.  .  .  .  .  W  .  .  B  .  .\1
<  2\.  .  .  B  .  .  .  .  .  .  B\2
<   3\.  .  .  .  .  .  .  .  .  .  .\3
<    4\.  B  .  .  .  .  .  .  .  .  .\4
<     5\.  .  .  W  .  .  .  .  .  .  .\5
<      6\.  .  .  B  .  .  .  .  .  .  .\6
<       7\.  W  .  .  .  .  .  .  .  .  .\7
<        8\.  .  .  .  .  .  .  .  .  .  .\8
<         9\.  .  .  .  .  .  .  .  .  .  .\9
<         10\.  .  .  .  .  W  .  W  .  .  .\10
<          11\.  .  .  .  .  .  .  .  .  .  .\11
<              a  b  c  d  e  f  g  h  i  j  k  
<
>genmove b
<= a11
<
>showboard
07947 info: PlayAndSolve: Building VCs to avoid race condition.
07947 info: PlayAndSolve: Continuing on as usual.
94be6 info: *** PlayerThread ***
8cbd6 info: *** SolverThread ***
94be6 info: Best move cannot be determined, must search state.
94be6 info: --- MoHexPlayer::Search() ---
94be6 info: Color: black
94be6 info: MaxGames: 1
94be6 info: NumberThreads: 1
94be6 info: MaxNodes: 9090 (799920 bytes)
94be6 info: TimeForMove: 1
94be6 info: Time for PreSearch: 0.177065s
94be6 info: 
  aeb9a62ac21ad830
  a  b  c  d  e  f  g  h  i  j  k  
 1\b  b  b  b  b  W  .  .  B  .  .\1
  2\.  .  .  B  .  .  *  *  *  .  B\2
   3\.  .  .  *  *  *  *  *  *  *  *\3
    4\.  B  .  *  *  *  *  *  *  *  *\4
     5\w  .  *  W  *  *  *  *  *  *  *\5
      6\w  w  .  B  *  *  *  *  *  *  *\6
       7\w  W  *  *  *  *  *  *  *  *  *\7
        8\w  .  *  *  *  *  *  *  *  *  *\8
         9\w  *  *  *  *  *  *  *  *  *  .\9
         10\.  *  *  *  *  W  *  W  .  .  .\10
          11\.  .  .  .  .  b  b  .  .  .  .\11
              a  b  c  d  e  f  g  h  i  j  k  
94be6 info: Old: [black, d6] [white, swap-pieces] [white, f10] [black, k2] [white, f1] [black, i1] [white, b7] [black, b4] [white, h10] 
94be6 info: New: [black, d6] [white, swap-pieces] [white, f10] [black, k2] [white, f1] [black, i1] [white, b7] [black, b4] [white, h10] [black, d2] [white, d5] 
94be6 info: MovesPlayed: [black, d2] [white, d5] 
94be6 info: No subtree to reuse.
94be6 info: StartSearch()[0]
SgUctSearch: max games reached
94be6 info: 
Elapsed Time   0.343668s
Count          1
GamesPlayed    1
Nodes          1
Knowledge      0 (0.0%)
Expansions     0.0
Time           0.00
GameLen        98.0 dev=0.0 min=98.0 max=98.0
InTree         0.0 dev=0.0 min=0.0 max=0.0
KnowDepth      -
Aborted        0%
Games/s        3322.3
Score          0.00
Sequence      
94be6 info: 
94be6 warning: **** MoHexSearch returned empty sequence!
94be6 warning: **** Returning random move!
94be6 info: *** Player move: a11
bfff6 info: DfpnSolver::CheckAbort(): Abort flag!
8cbd6 info: 
MID calls      68
VC builds      65
Terminal       0
Work           68
Wasted Work    0 (0%)
Elapsed Time   0.354848
MIDs/sec       191.631
VCs/sec        183.177
Cnt prune sib  1
Avg prune sib  1 dev=0 min=1 max=1
Consider Size  61.9692 dev=6.18182 min=25 max=71
Move Index     -
Move Percent   -
Delta Increase 2.8209 dev=9.94751 min=1 max=60
Winner         empty
PV             d10 f7 d8

HashTableStatistics:
Stores         748
LookupAttempt  59634
LookupSuccess  3268
Collisions     0

8cbd6 info: Search aborted.
<= 
< 
<  a708faf74218b2d9
<  a  b  c  d  e  f  g  h  i  j  k  
< 1\.  .  .  .  .  W  .  .  B  .  .\1
<  2\.  .  .  B  .  .  .  .  .  .  B\2
<   3\.  .  .  .  .  .  .  .  .  .  .\3
<    4\.  B  .  .  .  .  .  .  .  .  .\4
<     5\.  .  .  W  .  .  .  .  .  .  .\5
<      6\.  .  .  B  .  .  .  .  .  .  .\6
<       7\.  W  .  .  .  .  .  .  .  .  .\7
<        8\.  .  .  .  .  .  .  .  .  .  .\8
<         9\.  .  .  .  .  .  .  .  .  .  .\9
<         10\.  .  .  .  .  W  .  W  .  .  .\10
<          11\B  .  .  .  .  .  .  .  .  .  .\11
<              a  b  c  d  e  f  g  h  i  j  k  
<
>play w h9
<= 
<
>showboard
<= 
< 
<  f124153d39190002
<  a  b  c  d  e  f  g  h  i  j  k  
< 1\.  .  .  .  .  W  .  .  B  .  .\1
<  2\.  .  .  B  .  .  .  .  .  .  B\2
<   3\.  .  .  .  .  .  .  .  .  .  .\3
<    4\.  B  .  .  .  .  .  .  .  .  .\4
<     5\.  .  .  W  .  .  .  .  .  .  .\5
<      6\.  .  .  B  .  .  .  .  .  .  .\6
<       7\.  W  .  .  .  .  .  .  .  .  .\7
<        8\.  .  .  .  .  .  .  .  .  .  .\8
<         9\.  .  .  .  .  .  .  W  .  .  .\9
<         10\.  .  .  .  .  W  .  W  .  .  .\10
<          11\B  .  .  .  .  .  .  .  .  .  .\11
<              a  b  c  d  e  f  g  h  i  j  k  
<
>genmove b
<= c9
<
>showboard
07947 info: PlayAndSolve: Building VCs to avoid race condition.
07947 info: PlayAndSolve: Continuing on as usual.
8cbd6 info: *** PlayerThread ***
94be6 info: *** SolverThread ***
8cbd6 info: Best move cannot be determined, must search state.
8cbd6 info: --- MoHexPlayer::Search() ---
8cbd6 info: Color: black
8cbd6 info: MaxGames: 1
8cbd6 info: NumberThreads: 1
8cbd6 info: MaxNodes: 9090 (799920 bytes)
8cbd6 info: TimeForMove: 1
8cbd6 info: Time for PreSearch: 0.188975s
8cbd6 info: 
  f124153d39190002
  a  b  c  d  e  f  g  h  i  j  k  
 1\b  b  b  b  b  W  .  .  B  .  .\1
  2\.  .  .  B  .  .  *  *  *  .  B\2
   3\.  .  .  *  *  *  *  *  *  *  *\3
    4\.  B  .  *  *  *  *  *  *  *  *\4
     5\w  .  *  W  *  *  *  *  *  *  *\5
      6\w  w  .  B  *  *  *  *  *  *  *\6
       7\w  W  *  *  *  *  *  *  *  *  *\7
        8\w  .  *  *  *  *  *  *  *  *  *\8
         9\w  *  *  *  *  *  *  W  *  *  .\9
         10\.  .  *  *  *  W  .  W  .  .  .\10
          11\B  .  .  .  .  b  b  .  .  .  .\11
              a  b  c  d  e  f  g  h  i  j  k  
8cbd6 info: Old: [black, d6] [white, swap-pieces] [white, f10] [black, k2] [white, f1] [black, i1] [white, b7] [black, b4] [white, h10] [black, d2] [white, d5] 
8cbd6 info: New: [black, d6] [white, swap-pieces] [white, f10] [black, k2] [white, f1] [black, i1] [white, b7] [black, b4] [white, h10] [black, d2] [white, d5] [black, a11] [white, h9] 
8cbd6 info: MovesPlayed: [black, a11] [white, h9] 
8cbd6 info: No subtree to reuse.
8cbd6 info: StartSearch()[0]
SgUctSearch: max games reached
8cbd6 info: 
Elapsed Time   0.345074s
Count          1
GamesPlayed    1
Nodes          1
Knowledge      0 (0.0%)
Expansions     0.0
Time           0.00
GameLen        96.0 dev=0.0 min=96.0 max=96.0
InTree         0.0 dev=0.0 min=0.0 max=0.0
KnowDepth      -
Aborted        0%
Games/s        3030.3
Score          1.00
Sequence      
8cbd6 info: 
8cbd6 warning: **** MoHexSearch returned empty sequence!
8cbd6 warning: **** Returning random move!
8cbd6 info: *** Player move: c9
bfff6 info: DfpnSolver::CheckAbort(): Abort flag!
94be6 info: 
MID calls      45
VC builds      43
Terminal       0
Work           45
Wasted Work    0 (0%)
Elapsed Time   0.365132
MIDs/sec       123.243
VCs/sec        117.766
Cnt prune sib  1
Avg prune sib  1 dev=0 min=1 max=1
Consider Size  57.814 dev=12.7357 min=19 max=69
Move Index     -
Move Percent   -
Delta Increase 3.06818 dev=9.77101 min=1 max=61
Winner         empty
PV             c8 d9 f8 b10

HashTableStatistics:
Stores         856
LookupAttempt  67462
LookupSuccess  3752
Collisions     0

94be6 info: Search aborted.
<= 
< 
<  bff5776f20b5bfe3
<  a  b  c  d  e  f  g  h  i  j  k  
< 1\.  .  .  .  .  W  .  .  B  .  .\1
<  2\.  .  .  B  .  .  .  .  .  .  B\2
<   3\.  .  .  .  .  .  .  .  .  .  .\3
<    4\.  B  .  .  .  .  .  .  .  .  .\4
<     5\.  .  .  W  .  .  .  .  .  .  .\5
<      6\.  .  .  B  .  .  .  .  .  .  .\6
<       7\.  W  .  .  .  .  .  .  .  .  .\7
<        8\.  .  .  .  .  .  .  .  .  .  .\8
<         9\.  .  B  .  .  .  .  W  .  .  .\9
<         10\.  .  .  .  .  W  .  W  .  .  .\10
<          11\B  .  .  .  .  .  .  .  .  .  .\11
<              a  b  c  d  e  f  g  h  i  j  k  
<
>play w g5
<= 
<
>showboard
<= 
< 
<  b799c3d30c90d63a
<  a  b  c  d  e  f  g  h  i  j  k  
< 1\.  .  .  .  .  W  .  .  B  .  .\1
<  2\.  .  .  B  .  .  .  .  .  .  B\2
<   3\.  .  .  .  .  .  .  .  .  .  .\3
<    4\.  B  .  .  .  .  .  .  .  .  .\4
<     5\.  .  .  W  .  .  W  .  .  .  .\5
<      6\.  .  .  B  .  .  .  .  .  .  .\6
<       7\.  W  .  .  .  .  .  .  .  .  .\7
<        8\.  .  .  .  .  .  .  .  .  .  .\8
<         9\.  .  B  .  .  .  .  W  .  .  .\9
<         10\.  .  .  .  .  W  .  W  .  .  .\10
<          11\B  .  .  .  .  .  .  .  .  .  .\11
<              a  b  c  d  e  f  g  h  i  j  k  
<
>genmove b
<= j7
<
>showboard
07947 info: PlayAndSolve: Building VCs to avoid race condition.
07947 info: PlayAndSolve: Continuing on as usual.
94be6 info: *** PlayerThread ***
8cbd6 info: *** SolverThread ***
94be6 info: Best move cannot be determined, must search state.
94be6 info: --- MoHexPlayer::Search() ---
94be6 info: Color: black
94be6 info: MaxGames: 1
94be6 info: NumberThreads: 1
94be6 info: MaxNodes: 9090 (799920 bytes)
94be6 info: TimeForMove: 1
94be6 info: PreSearch: max time reached (61/66).
94be6 info: Time for PreSearch: 0.200673s
94be6 info: 
  b799c3d30c90d63a
  a  b  c  d  e  f  g  h  i  j  k  
 1\b  b  b  b  b  W  .  .  B  .  .\1
  2\.  .  .  B  .  .  *  *  *  .  B\2
   3\.  *  .  *  *  *  *  *  *  *  *\3
    4\.  B  *  *  *  *  *  *  *  *  *\4
     5\w  .  *  W  *  *  W  *  *  *  *\5
      6\w  w  .  B  *  *  *  *  *  *  *\6
       7\w  W  *  *  *  *  *  *  *  *  *\7
        8\w  .  *  *  *  *  *  *  *  *  *\8
         9\w  *  B  *  *  *  *  W  *  *  .\9
         10\.  .  .  .  *  W  .  W  .  .  .\10
          11\B  .  .  .  .  b  b  .  .  .  .\11
              a  b  c  d  e  f  g  h  i  j  k  
94be6 info: Old: [black, d6] [white, swap-pieces] [white, f10] [black, k2] [white, f1] [black, i1] [white, b7] [black, b4] [white, h10] [black, d2] [white, d5] [black, a11] [white, h9] 
94be6 info: New: [black, d6] [white, swap-pieces] [white, f10] [black, k2] [white, f1] [black, i1] [white, b7] [black, b4] [white, h10] [black, d2] [white, d5] [black, a11] [white, h9] [black, c9] [white, g5] 
94be6 info: MovesPlayed: [black, c9] [white, g5] 
94be6 info: No subtree to reuse.
94be6 info: StartSearch()[0]
SgUctSearch: max games reached
94be6 info: 
Elapsed Time   0.362951s
Count          1
GamesPlayed    1
Nodes          1
Knowledge      0 (0.0%)
Expansions     0.0
Time           0.00
GameLen        94.0 dev=0.0 min=94.0 max=94.0
InTree         0.0 dev=0.0 min=0.0 max=0.0
KnowDepth      -
Aborted        0%
Games/s        2506.3
Score          1.00
Sequence      
94be6 info: 
94be6 warning: **** MoHexSearch returned empty sequence!
94be6 warning: **** Returning random move!
94be6 info: *** Player move: j7
bfff6 info: DfpnSolver::CheckAbort(): Abort flag!
8cbd6 info: 
MID calls      37
VC builds      35
Terminal       0
Work           37
Wasted Work    0 (0%)
Elapsed Time   0.382947
MIDs/sec       96.6191
VCs/sec        91.3965
Cnt prune sib  0
Avg prune sib  -
Consider Size  46.9714 dev=18.4615 min=9 max=66
Move Index     -
Move Percent   -
Delta Increase 3.25 dev=10.1663 min=1 max=62
Winner         empty
PV             c5 d7 f5 f6

HashTableStatistics:
Stores         947
LookupAttempt  73952
LookupSuccess  4192
Collisions     0

8cbd6 info: Search aborted.
<= 
< 
<  4f50f08734da1827
<  a  b  c  d  e  f  g  h  i  j  k  
< 1\.  .  .  .  .  W  .  .  B  .  .\1
<  2\.  .  .  B  .  .  .  .  .  .  B\2
<   3\.  .  .  .  .  .  .  .  .  .  .\3
<    4\.  B  .  .  .  .  .  .  .  .  .\4
<     5\.  .  .  W  .  .  W  .  .  .  .\5
<      6\.  .  .  B  .  .  .  .  .  .  .\6
<       7\.  W  .  .  .  .  .  .  .  B  .\7
<        8\.  .  .  .  .  .  .  .  .  .  .\8
<         9\.  .  B  .  .  .  .  W  .  .  .\9
<         10\.  .  .  .  .  W  .  W  .  .  .\10
<          11\B  .  .  .  .  .  .  .  .  .  .\11
<              a  b  c  d  e  f  g  h  i  j  k  
<
>play w f7
<= 
<
>showboard
<= 
< 
<  d475d18dfa01d8c6
<  a  b  c  d  e  f  g  h  i  j  k  
< 1\.  .  .  .  .  W  .  .  B  .  .\1
<  2\.  .  .  B  .  .  .  .  .  .  B\2
<   3\.  .  .  .  .  .  .  .  .  .  .\3
<    4\.  B  .  .  .  .  .  .  .  .  .\4
<     5\.  .  .  W  .  .  W  .  .  .  .\5
<      6\.  .  .  B  .  .  .  .  .  .  .\6
<       7\.  W  .  .  .  W  .  .  .  B  .\7
<        8\.  .  .  .  .  .  .  .  .  .  .\8
<         9\.  .  B  .  .  .  .  W  .  .  .\9
<         10\.  .  .  .  .  W  .  W  .  .  .\10
<          11\B  .  .  .  .  .  .  .  .  .  .\11
<              a  b  c  d  e  f  g  h  i  j  k  
<
>genmove b
<= k3
<
>showboard
07947 info: PlayAndSolve: Building VCs to avoid race condition.
07947 info: PlayAndSolve: Continuing on as usual.
8cbd6 info: *** PlayerThread ***
94be6 info: *** SolverThread ***
8cbd6 info: Best move cannot be determined, must search state.
8cbd6 info: --- MoHexPlayer::Search() ---
8cbd6 info: Color: black
8cbd6 info: MaxGames: 1
8cbd6 info: NumberThreads: 1
8cbd6 info: MaxNodes: 9090 (799920 bytes)
8cbd6 info: TimeForMove: 1
8cbd6 info: Time for PreSearch: 0.078036s
8cbd6 info: 
  d475d18dfa01d8c6
  a  b  c  d  e  f  g  h  i  j  k  
 1\b  b  b  b  b  W  .  .  B  .  .\1
  2\.  .  .  B  .  .  .  .  .  .  B\2
   3\.  .  .  .  .  .  .  .  .  .  *\3
    4\.  B  .  .  .  .  .  .  .  *  *\4
     5\w  .  *  W  *  *  W  *  *  *  *\5
      6\w  w  .  B  *  *  *  *  *  *  .\6
       7\w  W  *  *  *  W  .  .  .  B  .\7
        8\w  .  *  .  .  *  .  .  *  *  *\8
         9\w  *  B  .  .  .  *  W  *  *  .\9
         10\.  .  .  .  .  W  .  W  .  .  .\10
          11\B  .  .  .  .  b  b  .  .  .  .\11
              a  b  c  d  e  f  g  h  i  j  k  
8cbd6 info: Old: [black, d6] [white, swap-pieces] [white, f10] [black, k2] [white, f1] [black, i1] [white, b7] [black, b4] [white, h10] [black, d2] [white, d5] [black, a11] [white, h9] [black, c9] [white, g5] 
8cbd6 info: New: [black, d6] [white, swap-pieces] [white, f10] [black, k2] [white, f1] [black, i1] [white, b7] [black, b4] [white, h10] [black, d2] [white, d5] [black, a11] [white, h9] [black, c9] [white, g5] [black, j7] [white, f7] 
8cbd6 info: MovesPlayed: [black, j7] [white, f7] 
8cbd6 info: No subtree to reuse.
8cbd6 info: StartSearch()[0]
SgUctSearch: max games reached
8cbd6 info: 
Elapsed Time   0.288073s
Count          1
GamesPlayed    1
Nodes          1
Knowledge      0 (0.0%)
Expansions     0.0
Time           0.00
GameLen        92.0 dev=0.0 min=92.0 max=92.0
InTree         0.0 dev=0.0 min=0.0 max=0.0
KnowDepth      -
Aborted        0%
Games/s        2392.3
Score          1.00
Sequence      
8cbd6 info: 
8cbd6 warning: **** MoHexSearch returned empty sequence!
8cbd6 warning: **** Returning random move!
8cbd6 info: *** Player move: k3
bfff6 info: DfpnSolver::CheckAbort(): Abort flag!
94be6 info: 
MID calls      34
VC builds      31
Terminal       1
Work           35
Wasted Work    0 (0%)
Elapsed Time   0.301022
MIDs/sec       112.949
VCs/sec        102.983
Cnt prune sib  0
Avg prune sib  -
Consider Size  36.3333 dev=18.2233 min=9 max=60
Move Index     -
Move Percent   -
Delta Increase 3.47059 dev=5.65288 min=1 max=23
Winner         empty
PV             e5 d7 j4 c8

HashTableStatistics:
Stores         1026
LookupAttempt  76371
LookupSuccess  4373
Collisions     0

94be6 info: Search aborted.
<= 
< 
<  9728c5a00a6eb2ce
<  a  b  c  d  e  f  g  h  i  j  k  
< 1\.  .  .  .  .  W  .  .  B  .  .\1
<  2\.  .  .  B  .  .  .  .  .  .  B\2
<   3\.  .  .  .  .  .  .  .  .  .  B\3
<    4\.  B  .  .  .  .  .  .  .  .  .\4
<     5\.  .  .  W  .  .  W  .  .  .  .\5
<      6\.  .  .  B  .  .  .  .  .  .  .\6
<       7\.  W  .  .  .  W  .  .  .  B  .\7
<        8\.  .  .  .  .  .  .  .  .  .  .\8
<         9\.  .  B  .  .  .  .  W  .  .  .\9
<         10\.  .  .  .  .  W  .  W  .  .  .\10
<          11\B  .  .  .  .  .  .  .  .  .  .\11
<              a  b  c  d  e  f  g  h  i  j  k  
<
>play w g6
<= 
<
>showboard
<= 
< 
<  f7f309afaa86ea9f
<  a  b  c  d  e  f  g  h  i  j  k  
< 1\.  .  .  .  .  W  .  .  B  .  .\1
<  2\.  .  .  B  .  .  .  .  .  .  B\2
<   3\.  .  .  .  .  .  .  .  .  .  B\3
<    4\.  B  .  .  .  .  .  .  .  .  .\4
<     5\.  .  .  W  .  .  W  .  .  .  .\5
<      6\.  .  .  B  .  .  W  .  .  .  .\6
<       7\.  W  .  .  .  W  .  .  .  B  .\7
<        8\.  .  .  .  .  .  .  .  .  .  .\8
<         9\.  .  B  .  .  .  .  W  .  .  .\9
<         10\.  .  .  .  .  W  .  W  .  .  .\10
<          11\B  .  .  .  .  .  .  .  .  .  .\11
<              a  b  c  d  e  f  g  h  i  j  k  
<
>genmove b
<= c5
<
>showboard
07947 info: PlayAndSolve: Building VCs to avoid race condition.
07947 info: PlayAndSolve: Continuing on as usual.
94be6 info: *** PlayerThread ***
8cbd6 info: *** SolverThread ***
94be6 info: Opponent has won; playing most blocking move.
94be6 info: *** Player move: c5
8cbd6 info: 
MID calls      0
VC builds      1
Terminal       1
Work           1
Wasted Work    0 (0%)
Elapsed Time   0.019142
MIDs/sec       0
VCs/sec        52.2411
Cnt prune sib  0
Avg prune sib  -
Consider Size  -
Move Index     -
Move Percent   -
Delta Increase -
Winner         white
PV             

HashTableStatistics:
Stores         1027
LookupAttempt  76377
LookupSuccess  4376
Collisions     0

<= 
< 
<  784eed85a6c51cd9
<  a  b  c  d  e  f  g  h  i  j  k  
< 1\.  .  .  .  .  W  .  .  B  .  .\1
<  2\.  .  .  B  .  .  .  .  .  .  B\2
<   3\.  .  .  .  .  .  .  .  .  .  B\3
<    4\.  B  .  .  .  .  .  .  .  .  .\4
<     5\.  .  B  W  .  .  W  .  .  .  .\5
<      6\.  .  .  B  .  .  W  .  .  .  .\6
<       7\.  W  .  .  .  W  .  .  .  B  .\7
<        8\.  .  .  .  .  .  .  .  .  .  .\8
<         9\.  .  B  .  .  .  .  W  .  .  .\9
<         10\.  .  .  .  .  W  .  W  .  .  .\10
<          11\B  .  .  .  .  .  .  .  .  .  .\11
<              a  b  c  d  e  f  g  h  i  j  k  
<
>play w d7
<= 
<
>showboard
<= 
< 
<  b116f0abd0dc963c
<  a  b  c  d  e  f  g  h  i  j  k  
< 1\.  .  .  .  .  W  .  .  B  .  .\1
<  2\.  .  .  B  .  .  .  .  .  .  B\2
<   3\.  .  .  .  .  .  .  .  .  .  B\3
<    4\.  B  .  .  .  .  .  .  .  .  .\4
<     5\.  .  B  W  .  .  W  .  .  .  .\5
<      6\.  .  .  B  .  .  W  .  .  .  .\6
<       7\.  W  .  W  .  W  .  .  .  B  .\7
<        8\.  .  .  .  .  .  .  .  .  .  .\8
<         9\.  .  B  .  .  .  .  W  .  .  .\9
<         10\.  .  .  .  .  W  .  W  .  .  .\10
<          11\B  .  .  .  .  .  .  .  .  .  .\11
<              a  b  c  d  e  f  g  h  i  j  k  
<
>genmove b
<= c7
<
>showboard
07947 info: PlayAndSolve: Building VCs to avoid race condition.
07947 info: PlayAndSolve: Continuing on as usual.
8cbd6 info: *** PlayerThread ***
94be6 info: *** SolverThread ***
8cbd6 info: Opponent has won; playing most blocking move.
8cbd6 info: *** Player move: c7
94be6 info: 
MID calls      0
VC builds      1
Terminal       1
Work           1
Wasted Work    0 (0%)
Elapsed Time   0.018744
MIDs/sec       0
VCs/sec        53.3504
Cnt prune sib  0
Avg prune sib  -
Consider Size  -
Move Index     -
Move Percent   -
Delta Increase -
Winner         white
PV             

HashTableStatistics:
Stores         1028
LookupAttempt  76383
LookupSuccess  4379
Collisions     0

<= 
< 
<  5475eb987001528b
<  a  b  c  d  e  f  g  h  i  j  k  
< 1\.  .  .  .  .  W  .  .  B  .  .\1
<  2\.  .  .  B  .  .  .  .  .  .  B\2
<   3\.  .  .  .  .  .  .  .  .  .  B\3
<    4\.  B  .  .  .  .  .  .  .  .  .\4
<     5\.  .  B  W  .  .  W  .  .  .  .\5
<      6\.  .  .  B  .  .  W  .  .  .  .\6
<       7\.  W  B  W  .  W  .  .  .  B  .\7
<        8\.  .  .  .  .  .  .  .  .  .  .\8
<         9\.  .  B  .  .  .  .  W  .  .  .\9
<         10\.  .  .  .  .  W  .  W  .  .  .\10
<          11\B  .  .  .  .  .  .  .  .  .  .\11
<              a  b  c  d  e  f  g  h  i  j  k  
<
>play w c8
<= 
<
>showboard
<= 
< 
<  05d02c72c42d34dd
<  a  b  c  d  e  f  g  h  i  j  k  
< 1\.  .  .  .  .  W  .  .  B  .  .\1
<  2\.  .  .  B  .  .  .  .  .  .  B\2
<   3\.  .  .  .  .  .  .  .  .  .  B\3
<    4\.  B  .  .  .  .  .  .  .  .  .\4
<     5\.  .  B  W  .  .  W  .  .  .  .\5
<      6\.  .  .  B  .  .  W  .  .  .  .\6
<       7\.  W  B  W  .  W  .  .  .  B  .\7
<        8\.  .  W  .  .  .  .  .  .  .  .\8
<         9\.  .  B  .  .  .  .  W  .  .  .\9
<         10\.  .  .  .  .  W  .  W  .  .  .\10
<          11\B  .  .  .  .  .  .  .  .  .  .\11
<              a  b  c  d  e  f  g  h  i  j  k  
<
>genmove b
<= b8
<
>showboard
07947 info: PlayAndSolve: Building VCs to avoid race condition.
07947 info: PlayAndSolve: Continuing on as usual.
8cbd6 info: *** SolverThread ***
94be6 info: *** PlayerThread ***
94be6 info: Opponent has won; playing most blocking move.
94be6 info: *** Player move: b8
8cbd6 info: 
MID calls      0
VC builds      1
Terminal       1
Work           1
Wasted Work    0 (0%)
Elapsed Time   0.012849
MIDs/sec       0
VCs/sec        77.8271
Cnt prune sib  0
Avg prune sib  -
Consider Size  -
Move Index     -
Move Percent   -
Delta Increase -
Winner         white
PV             

HashTableStatistics:
Stores         1029
LookupAttempt  76389
LookupSuccess  4382
Collisions     0

<= 
< 
<  5d10d2988d2c5f71
<  a  b  c  d  e  f  g  h  i  j  k  
< 1\.  .  .  .  .  W  .  .  B  .  .\1
<  2\.  .  .  B  .  .  .  .  .  .  B\2
<   3\.  .  .  .  .  .  .  .  .  .  B\3
<    4\.  B  .  .  .  .  .  .  .  .  .\4
<     5\.  .  B  W  .  .  W  .  .  .  .\5
<      6\.  .  .  B  .  .  W  .  .  .  .\6
<       7\.  W  B  W  .  W  .  .  .  B  .\7
<        8\.  B  W  .  .  .  .  .  .  .  .\8
<         9\.  .  B  .  .  .  .  W  .  .  .\9
<         10\.  .  .  .  .  W  .  W  .  .  .\10
<          11\B  .  .  .  .  .  .  .  .  .  .\11
<              a  b  c  d  e  f  g  h  i  j  k  
<
>play w b9
<= 
<
>showboard
<= 
< 
<  7b7c08d4f852b3c9
<  a  b  c  d  e  f  g  h  i  j  k  
< 1\.  .  .  .  .  W  .  .  B  .  .\1
<  2\.  .  .  B  .  .  .  .  .  .  B\2
<   3\.  .  .  .  .  .  .  .  .  .  B\3
<    4\.  B  .  .  .  .  .  .  .  .  .\4
<     5\.  .  B  W  .  .  W  .  .  .  .\5
<      6\.  .  .  B  .  .  W  .  .  .  .\6
<       7\.  W  B  W  .  W  .  .  .  B  .\7
<        8\.  B  W  .  .  .  .  .  .  .  .\8
<         9\.  W  B  .  .  .  .  W  .  .  .\9
<         10\.  .  .  .  .  W  .  W  .  .  .\10
<          11\B  .  .  .  .  .  .  .  .  .  .\11
<              a  b  c  d  e  f  g  h  i  j  k  
<
>genmove b
<= j9
<
>showboard
07947 info: PlayAndSolve: Building VCs to avoid race condition.
07947 info: PlayAndSolve: Continuing on as usual.
94be6 info: *** SolverThread ***
8cbd6 info: *** PlayerThread ***
8cbd6 info: Opponent has won; playing most blocking move.
8cbd6 info: *** Player move: j9
94be6 info: 
MID calls      0
VC builds      1
Terminal       1
Work           1
Wasted Work    0 (0%)
Elapsed Time   0.010875
MIDs/sec       0
VCs/sec        91.954
Cnt prune sib  0
Avg prune sib  -
Consider Size  -
Move Index     -
Move Percent   -
Delta Increase -
Winner         white
PV             

HashTableStatistics:
Stores         1030
LookupAttempt  76395
LookupSuccess  4385
Collisions     0

<= 
< 
<  24107ffbad5ca677
<  a  b  c  d  e  f  g  h  i  j  k  
< 1\.  .  .  .  .  W  .  .  B  .  .\1
<  2\.  .  .  B  .  .  .  .  .  .  B\2
<   3\.  .  .  .  .  .  .  .  .  .  B\3
<    4\.  B  .  .  .  .  .  .  .  .  .\4
<     5\.  .  B  W  .  .  W  .  .  .  .\5
<      6\.  .  .  B  .  .  W  .  .  .  .\6
<       7\.  W  B  W  .  W  .  .  .  B  .\7
<        8\.  B  W  .  .  .  .  .  .  .  .\8
<         9\.  W  B  .  .  .  .  W  .  B  .\9
<         10\.  .  .  .  .  W  .  W  .  .  .\10
<          11\B  .  .  .  .  .  .  .  .  .  .\11
<              a  b  c  d  e  f  g  h  i  j  k  
<
>play w h6
<= 
<
>showboard
<= 
< 
<  22daf00cae21e809
<  a  b  c  d  e  f  g  h  i  j  k  
< 1\.  .  .  .  .  W  .  .  B  .  .\1
<  2\.  .  .  B  .  .  .  .  .  .  B\2
<   3\.  .  .  .  .  .  .  .  .  .  B\3
<    4\.  B  .  .  .  .  .  .  .  .  .\4
<     5\.  .  B  W  .  .  W  .  .  .  .\5
<      6\.  .  .  B  .  .  W  W  .  .  .\6
<       7\.  W  B  W  .  W  .  .  .  B  .\7
<        8\.  B  W  .  .  .  .  .  .  .  .\8
<         9\.  W  B  .  .  .  .  W  .  B  .\9
<         10\.  .  .  .  .  W  .  W  .  .  .\10
<          11\B  .  .  .  .  .  .  .  .  .  .\11
<              a  b  c  d  e  f  g  h  i  j  k  
<
>genmove b
<= k5
<
>showboard
07947 info: PlayAndSolve: Building VCs to avoid race condition.
07947 info: PlayAndSolve: Continuing on as usual.
8cbd6 info: *** SolverThread ***
94be6 info: *** PlayerThread ***
94be6 info: Opponent has won; playing most blocking move.
94be6 info: *** Player move: k5
8cbd6 info: 
MID calls      0
VC builds      1
Terminal       1
Work           1
Wasted Work    0 (0%)
Elapsed Time   0.014467
MIDs/sec       0
VCs/sec        69.1228
Cnt prune sib  0
Avg prune sib  -
Consider Size  -
Move Index     -
Move Percent   -
Delta Increase -
Winner         white
PV             

HashTableStatistics:
Stores         1031
LookupAttempt  76401
LookupSuccess  4388
Collisions     0

<= 
< 
<  2b7a986986245c57
<  a  b  c  d  e  f  g  h  i  j  k  
< 1\.  .  .  .  .  W  .  .  B  .  .\1
<  2\.  .  .  B  .  .  .  .  .  .  B\2
<   3\.  .  .  .  .  .  .  .  .  .  B\3
<    4\.  B  .  .  .  .  .  .  .  .  .\4
<     5\.  .  B  W  .  .  W  .  .  .  B\5
<      6\.  .  .  B  .  .  W  W  .  .  .\6
<       7\.  W  B  W  .  W  .  .  .  B  .\7
<        8\.  B  W  .  .  .  .  .  .  .  .\8
<         9\.  W  B  .  .  .  .  W  .  B  .\9
<         10\.  .  .  .  .  W  .  W  .  .  .\10
<          11\B  .  .  .  .  .  .  .  .  .  .\11
<              a  b  c  d  e  f  g  h  i  j  k  
<
>play w j8
<= 
<
>showboard
<= 
< 
<  7d49c21224849c1c
<  a  b  c  d  e  f  g  h  i  j  k  
< 1\.  .  .  .  .  W  .  .  B  .  .\1
<  2\.  .  .  B  .  .  .  .  .  .  B\2
<   3\.  .  .  .  .  .  .  .  .  .  B\3
<    4\.  B  .  .  .  .  .  .  .  .  .\4
<     5\.  .  B  W  .  .  W  .  .  .  B\5
<      6\.  .  .  B  .  .  W  W  .  .  .\6
<       7\.  W  B  W  .  W  .  .  .  B  .\7
<        8\.  B  W  .  .  .  .  .  .  W  .\8
<         9\.  W  B  .  .  .  .  W  .  B  .\9
<         10\.  .  .  .  .  W  .  W  .  .  .\10
<          11\B  .  .  .  .  .  .  .  .  .  .\11
<              a  b  c  d  e  f  g  h  i  j  k  
<
>genmove b
<= f5
<
>showboard
07947 info: PlayAndSolve: Building VCs to avoid race condition.
07947 info: PlayAndSolve: Continuing on as usual.
94be6 info: *** SolverThread ***
8cbd6 info: *** PlayerThread ***
8cbd6 info: Opponent has won; playing most blocking move.
8cbd6 info: *** Player move: f5
94be6 info: 
MID calls      0
VC builds      1
Terminal       1
Work           1
Wasted Work    0 (0%)
Elapsed Time   0.016519
MIDs/sec       0
VCs/sec        60.5364
Cnt prune sib  0
Avg prune sib  -
Consider Size  -
Move Index     -
Move Percent   -
Delta Increase -
Winner         white
PV             

HashTableStatistics:
Stores         1032
LookupAttempt  76407
LookupSuccess  4391
Collisions     0

<= 
< 
<  92c5ab64929fc5e5
<  a  b  c  d  e  f  g  h  i  j  k  
< 1\.  .  .  .  .  W  .  .  B  .  .\1
<  2\.  .  .  B  .  .  .  .  .  .  B\2
<   3\.  .  .  .  .  .  .  .  .  .  B\3
<    4\.  B  .  .  .  .  .  .  .  .  .\4
<     5\.  .  B  W  .  B  W  .  .  .  B\5
<      6\.  .  .  B  .  .  W  W  .  .  .\6
<       7\.  W  B  W  .  W  .  .  .  B  .\7
<        8\.  B  W  .  .  .  .  .  .  W  .\8
<         9\.  W  B  .  .  .  .  W  .  B  .\9
<         10\.  .  .  .  .  W  .  W  .  .  .\10
<          11\B  .  .  .  .  .  .  .  .  .  .\11
<              a  b  c  d  e  f  g  h  i  j  k  
<
>play w e7
<= 
<
>showboard
<= 
< 
<  8a7ccc2400549f16
<  a  b  c  d  e  f  g  h  i  j  k  
< 1\.  .  .  .  .  W  .  .  B  .  .\1
<  2\.  .  .  B  .  .  .  .  .  .  B\2
<   3\.  .  .  .  .  .  .  .  .  .  B\3
<    4\.  B  .  .  .  .  .  .  .  .  .\4
<     5\.  .  B  W  .  B  W  .  .  .  B\5
<      6\.  .  .  B  .  .  W  W  .  .  .\6
<       7\.  W  B  W  W  W  .  .  .  B  .\7
<        8\.  B  W  .  .  .  .  .  .  W  .\8
<         9\.  W  B  .  .  .  .  W  .  B  .\9
<         10\.  .  .  .  .  W  .  W  .  .  .\10
<          11\B  .  .  .  .  .  .  .  .  .  .\11
<              a  b  c  d  e  f  g  h  i  j  k  
<
>genmove b
<= g9
<
>showboard
07947 info: PlayAndSolve: Building VCs to avoid race condition.
07947 info: PlayAndSolve: Continuing on as usual.
94be6 info: *** PlayerThread ***
8cbd6 info: *** SolverThread ***
94be6 info: Opponent has won; playing most blocking move.
94be6 info: *** Player move: g9
8cbd6 info: 
MID calls      0
VC builds      1
Terminal       1
Work           1
Wasted Work    0 (0%)
Elapsed Time   0.007963
MIDs/sec       0
VCs/sec        125.581
Cnt prune sib  0
Avg prune sib  -
Consider Size  -
Move Index     -
Move Percent   -
Delta Increase -
Winner         white
PV             

HashTableStatistics:
Stores         1033
LookupAttempt  76413
LookupSuccess  4394
Collisions     0

<= 
< 
<  79cec9c964ba3fe6
<  a  b  c  d  e  f  g  h  i  j  k  
< 1\.  .  .  .  .  W  .  .  B  .  .\1
<  2\.  .  .  B  .  .  .  .  .  .  B\2
<   3\.  .  .  .  .  .  .  .  .  .  B\3
<    4\.  B  .  .  .  .  .  .  .  .  .\4
<     5\.  .  B  W  .  B  W  .  .  .  B\5
<      6\.  .  .  B  .  .  W  W  .  .  .\6
<       7\.  W  B  W  W  W  .  .  .  B  .\7
<        8\.  B  W  .  .  .  .  .  .  W  .\8
<         9\.  W  B  .  .  .  B  W  .  B  .\9
<         10\.  .  .  .  .  W  .  W  .  .  .\10
<          11\B  .  .  .  .  .  .  .  .  .  .\11
<              a  b  c  d  e  f  g  h  i  j  k  
<
>play w h8
<= 
<
>showboard
<= 
< 
<  ef0c715b4c861a1d
<  a  b  c  d  e  f  g  h  i  j  k  
< 1\.  .  .  .  .  W  .  .  B  .  .\1
<  2\.  .  .  B  .  .  .  .  .  .  B\2
<   3\.  .  .  .  .  .  .  .  .  .  B\3
<    4\.  B  .  .  .  .  .  .  .  .  .\4
<     5\.  .  B  W  .  B  W  .  .  .  B\5
<      6\.  .  .  B  .  .  W  W  .  .  .\6
<       7\.  W  B  W  W  W  .  .  .  B  .\7
<        8\.  B  W  .  .  .  .  W  .  W  .\8
<         9\.  W  B  .  .  .  B  W  .  B  .\9
<         10\.  .  .  .  .  W  .  W  .  .  .\10
<          11\B  .  .  .  .  .  .  .  .  .  .\11
<              a  b  c  d  e  f  g  h  i  j  k  
<
>genmove b
<= h7
<
>showboard
07947 info: PlayAndSolve: Building VCs to avoid race condition.
07947 info: PlayAndSolve: Continuing on as usual.
8cbd6 info: *** PlayerThread ***
94be6 info: *** SolverThread ***
8cbd6 info: Opponent has won; playing most blocking move.
8cbd6 info: *** Player move: h7
94be6 info: 
MID calls      0
VC builds      1
Terminal       1
Work           1
Wasted Work    0 (0%)
Elapsed Time   0.00508
MIDs/sec       0
VCs/sec        196.85
Cnt prune sib  0
Avg prune sib  -
Consider Size  -
Move Index     -
Move Percent   -
Delta Increase -
Winner         white
PV             

HashTableStatistics:
Stores         1034
LookupAttempt  76419
LookupSuccess  4397
Collisions     0

<= 
< 
<  fdc2c4a022101653
<  a  b  c  d  e  f  g  h  i  j  k  
< 1\.  .  .  .  .  W  .  .  B  .  .\1
<  2\.  .  .  B  .  .  .  .  .  .  B\2
<   3\.  .  .  .  .  .  .  .  .  .  B\3
<    4\.  B  .  .  .  .  .  .  .  .  .\4
<     5\.  .  B  W  .  B  W  .  .  .  B\5
<      6\.  .  .  B  .  .  W  W  .  .  .\6
<       7\.  W  B  W  W  W  .  B  .  B  .\7
<        8\.  B  W  .  .  .  .  W  .  W  .\8
<         9\.  W  B  .  .  .  B  W  .  B  .\9
<         10\.  .  .  .  .  W  .  W  .  .  .\10
<          11\B  .  .  .  .  .  .  .  .  .  .\11
<              a  b  c  d  e  f  g  h  i  j  k  
<
>play w g8
<= 
<
>showboard
<= 
< 
<  ce4cae1e291cdc79
<  a  b  c  d  e  f  g  h  i  j  k  
< 1\.  .  .  .  .  W  .  .  B  .  .\1
<  2\.  .  .  B  .  .  .  .  .  .  B\2
<   3\.  .  .  .  .  .  .  .  .  .  B\3
<    4\.  B  .  .  .  .  .  .  .  .  .\4
<     5\.  .  B  W  .  B  W  .  .  .  B\5
<      6\.  .  .  B  .  .  W  W  .  .  .\6
<       7\.  W  B  W  W  W  .  B  .  B  .\7
<        8\.  B  W  .  .  .  W  W  .  W  .\8
<         9\.  W  B  .  .  .  B  W  .  B  .\9
<         10\.  .  .  .  .  W  .  W  .  .  .\10
<          11\B  .  .  .  .  .  .  .  .  .  .\11
<              a  b  c  d  e  f  g  h  i  j  k  
<
>genmove b
<= f8
<
>showboard
07947 info: PlayAndSolve: Building VCs to avoid race condition.
07947 info: PlayAndSolve: Continuing on as usual.
94be6 info: *** PlayerThread ***
8cbd6 info: *** SolverThread ***
94be6 info: Opponent has won; playing most blocking move.
94be6 info: *** Player move: f8
8cbd6 info: 
MID calls      0
VC builds      1
Terminal       1
Work           1
Wasted Work    0 (0%)
Elapsed Time   0.004923
MIDs/sec       0
VCs/sec        203.128
Cnt prune sib  0
Avg prune sib  -
Consider Size  -
Move Index     -
Move Percent   -
Delta Increase -
Winner         white
PV             

HashTableStatistics:
Stores         1035
LookupAttempt  76425
LookupSuccess  4400
Collisions     0

<= 
< 
<  778f1bbce2f87777
<  a  b  c  d  e  f  g  h  i  j  k  
< 1\.  .  .  .  .  W  .  .  B  .  .\1
<  2\.  .  .  B  .  .  .  .  .  .  B\2
<   3\.  .  .  .  .  .  .  .  .  .  B\3
<    4\.  B  .  .  .  .  .  .  .  .  .\4
<     5\.  .  B  W  .  B  W  .  .  .  B\5
<      6\.  .  .  B  .  .  W  W  .  .  .\6
<       7\.  W  B  W  W  W  .  B  .  B  .\7
<        8\.  B  W  .  .  B  W  W  .  W  .\8
<         9\.  W  B  .  .  .  B  W  .  B  .\9
<         10\.  .  .  .  .  W  .  W  .  .  .\10
<          11\B  .  .  .  .  .  .  .  .  .  .\11
<              a  b  c  d  e  f  g  h  i  j  k  
<
>play w g7
<= 
<
>showboard
<= 
< 
<  7124c6bd17f7e14f
<  a  b  c  d  e  f  g  h  i  j  k  
< 1\.  .  .  .  .  W  .  .  B  .  .\1
<  2\.  .  .  B  .  .  .  .  .  .  B\2
<   3\.  .  .  .  .  .  .  .  .  .  B\3
<    4\.  B  .  .  .  .  .  .  .  .  .\4
<     5\.  .  B  W  .  B  W  .  .  .  B\5
<      6\.  .  .  B  .  .  W  W  .  .  .\6
<       7\.  W  B  W  W  W  W  B  .  B  .\7
<        8\.  B  W  .  .  B  W  W  .  W  .\8
<         9\.  W  B  .  .  .  B  W  .  B  .\9
<         10\.  .  .  .  .  W  .  W  .  .  .\10
<          11\B  .  .  .  .  .  .  .  .  .  .\11
<              a  b  c  d  e  f  g  h  i  j  k  
<
>genmove b
<= a9
<
>showboard
07947 info: PlayAndSolve: Building VCs to avoid race condition.
07947 info: PlayAndSolve: Continuing on as usual.
8cbd6 info: *** PlayerThread ***
94be6 info: *** SolverThread ***
8cbd6 info: Captured cells caused win! Removing...
94be6 info: 
MID calls      0
VC builds      1
Terminal       1
Work           1
Wasted Work    0 (0%)
Elapsed Time   0.003243
MIDs/sec       0
VCs/sec        308.356
Cnt prune sib  0
Avg prune sib  -
Consider Size  -
Move Index     -
Move Percent   -
Delta Increase -
Winner         white
PV             

HashTableStatistics:
Stores         1036
LookupAttempt  76431
LookupSuccess  4403
Collisions     0

8cbd6 info: Opponent has won; playing most blocking move.
8cbd6 info: *** Player move: a9
<= 
< 
<  bacf85d4c17c672f
<  a  b  c  d  e  f  g  h  i  j  k  
< 1\.  .  .  .  .  W  .  .  B  .  .\1
<  2\.  .  .  B  .  .  .  .  .  .  B\2
<   3\.  .  .  .  .  .  .  .  .  .  B\3
<    4\.  B  .  .  .  .  .  .  .  .  .\4
<     5\.  .  B  W  .  B  W  .  .  .  B\5
<      6\.  .  .  B  .  .  W  W  .  .  .\6
<       7\.  W  B  W  W  W  W  B  .  B  .\7
<        8\.  B  W  .  .  B  W  W  .  W  .\8
<         9\B  W  B  .  .  .  B  W  .  B  .\9
<         10\.  .  .  .  .  W  .  W  .  .  .\10
<          11\B  .  .  .  .  .  .  .  .  .  .\11
<              a  b  c  d  e  f  g  h  i  j  k  
<
>play w a10
<= 
<
>showboard
<= 
< 
<  9e546f136de548cb
<  a  b  c  d  e  f  g  h  i  j  k  
< 1\.  .  .  .  .  W  .  .  B  .  .\1
<  2\.  .  .  B  .  .  .  .  .  .  B\2
<   3\.  .  .  .  .  .  .  .  .  .  B\3
<    4\.  B  .  .  .  .  .  .  .  .  .\4
<     5\.  .  B  W  .  B  W  .  .  .  B\5
<      6\.  .  .  B  .  .  W  W  .  .  .\6
<       7\.  W  B  W  W  W  W  B  .  B  .\7
<        8\.  B  W  .  .  B  W  W  .  W  .\8
<         9\B  W  B  .  .  .  B  W  .  B  .\9
<         10\W  .  .  .  .  W  .  W  .  .  .\10
<          11\B  .  .  .  .  .  .  .  .  .  .\11
<              a  b  c  d  e  f  g  h  i  j  k  
<
>genmove b
<= i9
<
>showboard
07947 info: PlayAndSolve: Building VCs to avoid race condition.
07947 info: PlayAndSolve: Continuing on as usual.
94be6 info: *** PlayerThread ***
8cbd6 info: *** SolverThread ***
94be6 info: Captured cells caused win! Removing...
8cbd6 info: 
MID calls      0
VC builds      1
Terminal       1
Work           1
Wasted Work    0 (0%)
Elapsed Time   0.004357
MIDs/sec       0
VCs/sec        229.516
Cnt prune sib  0
Avg prune sib  -
Consider Size  -
Move Index     -
Move Percent   -
Delta Increase -
Winner         white
PV             

HashTableStatistics:
Stores         1037
LookupAttempt  76437
LookupSuccess  4406
Collisions     0

94be6 info: Opponent has won; playing most blocking move.
94be6 info: *** Player move: i9
<= 
< 
<  1ac9a72d1f9855b2
<  a  b  c  d  e  f  g  h  i  j  k  
< 1\.  .  .  .  .  W  .  .  B  .  .\1
<  2\.  .  .  B  .  .  .  .  .  .  B\2
<   3\.  .  .  .  .  .  .  .  .  .  B\3
<    4\.  B  .  .  .  .  .  .  .  .  .\4
<     5\.  .  B  W  .  B  W  .  .  .  B\5
<      6\.  .  .  B  .  .  W  W  .  .  .\6
<       7\.  W  B  W  W  W  W  B  .  B  .\7
<        8\.  B  W  .  .  B  W  W  .  W  .\8
<         9\B  W  B  .  .  .  B  W  B  B  .\9
<         10\W  .  .  .  .  W  .  W  .  .  .\10
<          11\B  .  .  .  .  .  .  .  .  .  .\11
<              a  b  c  d  e  f  g  h  i  j  k  
<
>play w i8
<= 
<
>showboard
<= 
< 
<  cd66e2d7f3f6d688
<  a  b  c  d  e  f  g  h  i  j  k  
< 1\.  .  .  .  .  W  .  .  B  .  .\1
<  2\.  .  .  B  .  .  .  .  .  .  B\2
<   3\.  .  .  .  .  .  .  .  .  .  B\3
<    4\.  B  .  .  .  .  .  .  .  .  .\4
<     5\.  .  B  W  .  B  W  .  .  .  B\5
<      6\.  .  .  B  .  .  W  W  .  .  .\6
<       7\.  W  B  W  W  W  W  B  .  B  .\7
<        8\.  B  W  .  .  B  W  W  W  W  .\8
<         9\B  W  B  .  .  .  B  W  B  B  .\9
<         10\W  .  .  .  .  W  .  W  .  .  .\10
<          11\B  .  .  .  .  .  .  .  .  .  .\11
<              a  b  c  d  e  f  g  h  i  j  k  
<
>genmove b
<= k8
<
>showboard
07947 info: PlayAndSolve: Building VCs to avoid race condition.
07947 info: PlayAndSolve: Continuing on as usual.
8cbd6 info: *** PlayerThread ***
94be6 info: *** SolverThread ***
8cbd6 info: Captured cells caused win! Removing...
94be6 info: 
MID calls      0
VC builds      1
Terminal       1
Work           1
Wasted Work    0 (0%)
Elapsed Time   0.003663
MIDs/sec       0
VCs/sec        273
Cnt prune sib  0
Avg prune sib  -
Consider Size  -
Move Index     -
Move Percent   -
Delta Increase -
Winner         white
PV             

HashTableStatistics:
Stores         1038
LookupAttempt  76443
LookupSuccess  4409
Collisions     0

8cbd6 info: Opponent has won; playing most blocking move.
8cbd6 info: *** Player move: k8
<= 
< 
<  2f1c61fe28a96b16
<  a  b  c  d  e  f  g  h  i  j  k  
< 1\.  .  .  .  .  W  .  .  B  .  .\1
<  2\.  .  .  B  .  .  .  .  .  .  B\2
<   3\.  .  .  .  .  .  .  .  .  .  B\3
<    4\.  B  .  .  .  .  .  .  .  .  .\4
<     5\.  .  B  W  .  B  W  .  .  .  B\5
<      6\.  .  .  B  .  .  W  W  .  .  .\6
<       7\.  W  B  W  W  W  W  B  .  B  .\7
<        8\.  B  W  .  .  B  W  W  W  W  B\8
<         9\B  W  B  .  .  .  B  W  B  B  .\9
<         10\W  .  .  .  .  W  .  W  .  .  .\10
<          11\B  .  .  .  .  .  .  .  .  .  .\11
<              a  b  c  d  e  f  g  h  i  j  k  
<
>play w k7
<= 
<
>showboard
<= 
< 
<  c3e690286c6e01b3
<  a  b  c  d  e  f  g  h  i  j  k  
< 1\.  .  .  .  .  W  .  .  B  .  .\1
<  2\.  .  .  B  .  .  .  .  .  .  B\2
<   3\.  .  .  .  .  .  .  .  .  .  B\3
<    4\.  B  .  .  .  .  .  .  .  .  .\4
<     5\.  .  B  W  .  B  W  .  .  .  B\5
<      6\.  .  .  B  .  .  W  W  .  .  .\6
<       7\.  W  B  W  W  W  W  B  .  B  W\7
<        8\.  B  W  .  .  B  W  W  W  W  B\8
<         9\B  W  B  .  .  .  B  W  B  B  .\9
<         10\W  .  .  .  .  W  .  W  .  .  .\10
<          11\B  .  .  .  .  .  .  .  .  .  .\11
<              a  b  c  d  e  f  g  h  i  j  k  
<
>genmove b
<= resign
<
>showboard
<= 
< 
<  c3e690286c6e01b3
<  a  b  c  d  e  f  g  h  i  j  k  
< 1\.  .  .  .  .  W  .  .  B  .  .\1
<  2\.  .  .  B  .  .  .  .  .  .  B\2
<   3\.  .  .  .  .  .  .  .  .  .  B\3
<    4\.  B  .  .  .  .  .  .  .  .  .\4
<     5\.  .  B  W  .  B  W  .  .  .  B\5
<      6\.  .  .  B  .  .  W  W  .  .  .\6
<       7\.  W  B  W  W  W  W  B  .  B  W\7
<        8\.  B  W  .  .  B  W  W  W  W  B\8
<         9\B  W  B  .  .  .  B  W  B  B  .\9
<         10\W  .  .  .  .  W  .  W  .  .  .\10
<          11\B  .  .  .  .  .  .  .  .  .  .\11
<              a  b  c  d  e  f  g  h  i  j  k  
<
>final_score
<= W+
<
>quit
<= 
<
