1d0b7 config: MoHex v2.0.CMake Mar 21 2025.
1d0b7 config: ============ InitializeSystem ============
1d0b7 config: BenzeneProgram::InitRandom()
1d0b7 config: Seed = 210029
1d0b7 info: Prior Patterns:
1d0b7 info: Global:
1d0b7 info: Size            = 565 32648 
1d0b7 info: TableEntries    = 65932 65910
1d0b7 info: MirrorsAdded    = 0 0
1d0b7 info: PrunableCount   = 30593 30629
1d0b7 info: LargestGamma    = 5820.77
1d0b7 info: SmallestGamma   = 6.6e-05
1d0b7 info: Local:
1d0b7 info: Size            = 550 5318 
1d0b7 info: TableEntries    = 11602 11588
1d0b7 info: MirrorsAdded    = 0 0
1d0b7 info: PrunableCount   = 3659 3667
1d0b7 info: LargestGamma    = 11281.8
1d0b7 info: SmallestGamma   = 0.026235
1d0b7 info: Playout Patterns:
1d0b7 info: Global:
1d0b7 info: Size            = 565 32648 
1d0b7 info: TableEntries    = 70329 70329
1d0b7 info: MirrorsAdded    = 4397 4419
1d0b7 info: PrunableCount   = 30593 30629
1d0b7 info: LargestGamma    = 5820.77
1d0b7 info: SmallestGamma   = 6.6e-05
1d0b7 info: Local:
1d0b7 info: Size            = 550 5318 
1d0b7 info: TableEntries    = 11602 11588
1d0b7 info: MirrorsAdded    = 0 0
1d0b7 info: PrunableCount   = 3659 3667
1d0b7 info: LargestGamma    = 11281.8
1d0b7 info: SmallestGamma   = 0.026235
1d0b7 config: IcePatternSet: reading from '/home/linus/MoHex2.0/nfbranchfix/benzene-vanilla-cmake/share/ice-patterns.txt'.
1d0b7 config: IcePatternSet: parsed 708 patterns.
1d0b7 config: VCS: reading captured set patterns from '/home/linus/MoHex2.0/nfbranchfix/benzene-vanilla-cmake/share/vc-captured-set.txt'.
1d0b7 config: VCS:: parsed 2 patterns.
1d0b7 config: VCS: reading captured set patterns from '/home/linus/MoHex2.0/nfbranchfix/benzene-vanilla-cmake/share/vc-captured-set.txt'.
1d0b7 config: VCS:: parsed 2 patterns.
1d0b7 config: IcePatternSet: reading from '/home/linus/MoHex2.0/nfbranchfix/benzene-vanilla-cmake/share/ice-patterns.txt'.
1d0b7 config: IcePatternSet: parsed 708 patterns.
1d0b7 config: VCS: reading captured set patterns from '/home/linus/MoHex2.0/nfbranchfix/benzene-vanilla-cmake/share/vc-captured-set.txt'.
1d0b7 config: VCS:: parsed 2 patterns.
1d0b7 config: VCS: reading captured set patterns from '/home/linus/MoHex2.0/nfbranchfix/benzene-vanilla-cmake/share/vc-captured-set.txt'.
1d0b7 config: VCS:: parsed 2 patterns.
1d0b7 config: VCS: reading captured set patterns from '/home/linus/MoHex2.0/nfbranchfix/benzene-vanilla-cmake/share/vc-captured-set.txt'.
1d0b7 config: VCS:: parsed 2 patterns.
1d0b7 config: VCS: reading captured set patterns from '/home/linus/MoHex2.0/nfbranchfix/benzene-vanilla-cmake/share/vc-captured-set.txt'.
1d0b7 config: VCS:: parsed 2 patterns.
1d0b7 config: VCS: reading captured set patterns from '/home/linus/MoHex2.0/nfbranchfix/benzene-vanilla-cmake/share/vc-captured-set.txt'.
1d0b7 config: VCS:: parsed 2 patterns.
1d0b7 config: VCS: reading captured set patterns from '/home/linus/MoHex2.0/nfbranchfix/benzene-vanilla-cmake/share/vc-captured-set.txt'.
1d0b7 config: VCS:: parsed 2 patterns.
1d0b7 config: VCPattern: loading pattern templates from '/home/linus/MoHex2.0/nfbranchfix/benzene-vanilla-cmake/share/vc-patterns.txt'.
1d0b7 info: Best move cannot be determined, must search state.
1d0b7 info: --- MoHexPlayer::Search() ---
1d0b7 info: Color: white
1d0b7 info: MaxGames: 1
1d0b7 info: NumberThreads: 1
1d0b7 info: MaxNodes: 9090 (799920 bytes)
1d0b7 info: TimeForMove: 1
1d0b7 info: PreSearch: max time reached (54/90).
1d0b7 info: Time for PreSearch: 0.203396s
1d0b7 info: 
  858bade34cb69b71
  a  b  c  d  e  f  g  h  i  j  k  
 1\.  .  .  *  *  *  *  *  *  *  .\1
  2\.  .  *  *  .  *  *  *  *  *  .\2
   3\.  *  *  *  *  *  *  *  *  *  .\3
    4\.  *  *  *  *  *  *  *  *  *  .\4
     5\.  B  *  *  *  *  *  *  *  *  .\5
      6\.  *  *  *  *  *  *  *  *  *  .\6
       7\.  *  *  *  *  *  *  *  *  *  .\7
        8\.  *  *  *  *  *  *  *  *  *  .\8
         9\.  *  *  *  *  *  *  *  *  *  .\9
         10\.  *  *  *  *  *  .  *  *  .  .\10
          11\.  *  *  *  *  *  *  *  .  .  .\11
              a  b  c  d  e  f  g  h  i  j  k  
1d0b7 info: No subtree to reuse.
1d0b7 info: Creating thread 0
1d0b7 info: StartSearch()[0]
1d0b7 config: VCS: reading captured set patterns from '/home/linus/MoHex2.0/nfbranchfix/benzene-vanilla-cmake/share/vc-captured-set.txt'.
1d0b7 config: VCS:: parsed 2 patterns.
1d0b7 config: VCS: reading captured set patterns from '/home/linus/MoHex2.0/nfbranchfix/benzene-vanilla-cmake/share/vc-captured-set.txt'.
1d0b7 config: VCS:: parsed 2 patterns.
1d0b7 info: 
Elapsed Time   0.463338s
Count          1
GamesPlayed    1
Nodes          1
Knowledge      0 (0.0%)
Expansions     0.0
Time           0.00
GameLen        120.0 dev=0.0 min=120.0 max=120.0
InTree         0.0 dev=0.0 min=0.0 max=0.0
KnowDepth      -
Aborted        0%
Games/s        365.5
Score          0.00
Sequence      
1d0b7 info: 
1d0b7 warning: **** MoHexSearch returned empty sequence!
1d0b7 warning: **** Returning random move!
1d0b7 info: Best move cannot be determined, must search state.
1d0b7 info: --- MoHexPlayer::Search() ---
1d0b7 info: Color: white
1d0b7 info: MaxGames: 1
1d0b7 info: NumberThreads: 1
1d0b7 info: MaxNodes: 9090 (799920 bytes)
1d0b7 info: TimeForMove: 1
1d0b7 info: PreSearch: max time reached (55/90).
1d0b7 info: Time for PreSearch: 0.202996s
1d0b7 info: 
  c195245a5cf5bff4
  a  b  c  d  e  f  g  h  i  j  k  
 1\.  .  .  *  *  *  *  *  *  *  .\1
  2\.  .  *  *  *  *  *  *  *  *  .\2
   3\.  *  *  *  *  *  *  *  *  *  .\3
    4\.  *  *  *  *  *  *  *  *  *  .\4
     5\.  B  *  *  *  *  *  *  *  *  .\5
      6\B  .  W  *  *  *  *  *  *  *  .\6
       7\.  *  *  *  *  *  *  *  *  *  .\7
        8\.  *  *  *  *  *  *  *  *  *  .\8
         9\.  *  *  *  *  *  *  *  *  *  .\9
         10\.  *  *  *  *  *  *  *  *  .  .\10
          11\.  *  *  *  *  *  *  *  .  .  .\11
              a  b  c  d  e  f  g  h  i  j  k  
1d0b7 info: Old: [black, b5] [white, swap-pieces] 
1d0b7 info: New: [black, b5] [white, swap-pieces] [white, c6] [black, a6] 
1d0b7 info: ReuseSubtree: Colors do not alternate.
1d0b7 info: No subtree to reuse.
1d0b7 info: StartSearch()[0]
1d0b7 info: 
Elapsed Time   0.343991s
Count          1
GamesPlayed    1
Nodes          1
Knowledge      0 (0.0%)
Expansions     0.0
Time           0.00
GameLen        118.0 dev=0.0 min=118.0 max=118.0
InTree         0.0 dev=0.0 min=0.0 max=0.0
KnowDepth      -
Aborted        0%
Games/s        3164.6
Score          0.00
Sequence      
1d0b7 info: 
1d0b7 warning: **** MoHexSearch returned empty sequence!
1d0b7 warning: **** Returning random move!
1d0b7 info: Best move cannot be determined, must search state.
1d0b7 info: --- MoHexPlayer::Search() ---
1d0b7 info: Color: white
1d0b7 info: MaxGames: 1
1d0b7 info: NumberThreads: 1
1d0b7 info: MaxNodes: 9090 (799920 bytes)
1d0b7 info: TimeForMove: 1
1d0b7 info: PreSearch: max time reached (53/82).
1d0b7 info: Time for PreSearch: 0.200816s
1d0b7 info: 
  f8dc3888281b3315
  a  b  c  d  e  f  g  h  i  j  k  
 1\.  .  .  *  *  *  *  *  *  *  .\1
  2\.  .  *  *  *  *  *  *  *  *  .\2
   3\.  *  *  *  *  *  *  *  *  *  .\3
    4\.  *  *  *  *  *  *  *  *  *  .\4
     5\.  B  *  *  *  *  *  *  *  *  .\5
      6\B  .  W  *  *  *  *  *  *  *  .\6
       7\.  *  *  *  *  *  *  *  *  *  .\7
        8\.  *  *  *  *  *  *  *  W  .  .\8
         9\.  *  *  *  *  *  *  *  *  .  .\9
         10\.  *  *  *  *  *  *  .  B  b  b\10
          11\.  *  *  *  *  .  b  b  b  b  b\11
              a  b  c  d  e  f  g  h  i  j  k  
1d0b7 info: Old: [black, b5] [white, swap-pieces] [white, c6] [black, a6] 
1d0b7 info: New: [black, b5] [white, swap-pieces] [white, c6] [black, a6] [white, i8] [black, i10] 
1d0b7 info: MovesPlayed: [white, i8] [black, i10] 
1d0b7 info: No subtree to reuse.
1d0b7 info: StartSearch()[0]
1d0b7 info: 
Elapsed Time   0.348577s
Count          1
GamesPlayed    1
Nodes          1
Knowledge      0 (0.0%)
Expansions     0.0
Time           0.00
GameLen        109.0 dev=0.0 min=109.0 max=109.0
InTree         0.0 dev=0.0 min=0.0 max=0.0
KnowDepth      -
Aborted        0%
Games/s        3300.3
Score          1.00
Sequence      
1d0b7 info: 
1d0b7 warning: **** MoHexSearch returned empty sequence!
1d0b7 warning: **** Returning random move!
1d0b7 info: Best move cannot be determined, must search state.
1d0b7 info: --- MoHexPlayer::Search() ---
1d0b7 info: Color: white
1d0b7 info: MaxGames: 1
1d0b7 info: NumberThreads: 1
1d0b7 info: MaxNodes: 9090 (799920 bytes)
1d0b7 info: TimeForMove: 1
1d0b7 info: PreSearch: max time reached (37/78).
1d0b7 info: Time for PreSearch: 0.204517s
1d0b7 info: 
  82c46f7c360aa7b5
  a  b  c  d  e  f  g  h  i  j  k  
 1\.  .  .  *  *  *  *  .  B  .  .\1
  2\.  .  *  *  *  *  *  *  *  *  .\2
   3\.  *  *  *  *  *  *  *  *  *  .\3
    4\.  *  *  *  *  *  *  *  *  *  .\4
     5\.  B  *  *  *  *  *  *  *  *  .\5
      6\B  .  W  *  *  *  *  *  *  *  .\6
       7\.  *  *  *  *  *  *  W  *  *  .\7
        8\.  *  *  *  *  *  *  *  W  .  .\8
         9\.  *  *  *  *  *  *  *  *  .  .\9
         10\.  *  *  *  *  *  *  .  B  b  b\10
          11\.  *  *  *  *  .  b  b  b  b  b\11
              a  b  c  d  e  f  g  h  i  j  k  
1d0b7 info: Old: [black, b5] [white, swap-pieces] [white, c6] [black, a6] [white, i8] [black, i10] 
1d0b7 info: New: [black, b5] [white, swap-pieces] [white, c6] [black, a6] [white, i8] [black, i10] [white, h7] [black, i1] 
1d0b7 info: MovesPlayed: [white, h7] [black, i1] 
1d0b7 info: No subtree to reuse.
1d0b7 info: StartSearch()[0]
1d0b7 info: 
Elapsed Time   0.518675s
Count          1
GamesPlayed    1
Nodes          1
Knowledge      0 (0.0%)
Expansions     0.0
Time           0.00
GameLen        107.0 dev=0.0 min=107.0 max=107.0
InTree         0.0 dev=0.0 min=0.0 max=0.0
KnowDepth      -
Aborted        0%
Games/s        3496.5
Score          1.00
Sequence      
1d0b7 info: 
1d0b7 warning: **** MoHexSearch returned empty sequence!
1d0b7 warning: **** Returning random move!
1d0b7 info: Best move cannot be determined, must search state.
1d0b7 info: --- MoHexPlayer::Search() ---
1d0b7 info: Color: white
1d0b7 info: MaxGames: 1
1d0b7 info: NumberThreads: 1
1d0b7 info: MaxNodes: 9090 (799920 bytes)
1d0b7 info: TimeForMove: 1
1d0b7 info: PreSearch: max time reached (43/76).
1d0b7 info: Time for PreSearch: 0.205545s
1d0b7 info: 
  f81bc1a7212fab50
  a  b  c  d  e  f  g  h  i  j  k  
 1\.  .  .  .  *  *  *  .  B  .  .\1
  2\.  .  *  *  *  *  *  *  *  *  .\2
   3\.  B  *  *  *  *  *  *  *  *  .\3
    4\w  *  *  *  *  *  *  *  *  *  .\4
     5\w  B  *  *  *  *  *  *  *  .  .\5
      6\B  .  W  *  *  *  *  *  .  .  .\6
       7\.  *  *  *  *  *  *  W  .  .  .\7
        8\.  *  *  *  *  *  *  *  W  .  W\8
         9\.  *  *  *  *  *  *  *  *  .  b\9
         10\.  *  *  *  *  *  *  .  B  b  b\10
          11\.  *  *  *  *  .  b  b  b  b  b\11
              a  b  c  d  e  f  g  h  i  j  k  
1d0b7 info: Old: [black, b5] [white, swap-pieces] [white, c6] [black, a6] [white, i8] [black, i10] [white, h7] [black, i1] 
1d0b7 info: New: [black, b5] [white, swap-pieces] [white, c6] [black, a6] [white, i8] [black, i10] [white, h7] [black, i1] [white, k8] [black, b3] 
1d0b7 info: MovesPlayed: [white, k8] [black, b3] 
1d0b7 info: No subtree to reuse.
1d0b7 info: StartSearch()[0]
1d0b7 info: 
Elapsed Time   0.344553s
Count          1
GamesPlayed    1
Nodes          1
Knowledge      0 (0.0%)
Expansions     0.0
Time           0.00
GameLen        102.0 dev=0.0 min=102.0 max=102.0
InTree         0.0 dev=0.0 min=0.0 max=0.0
KnowDepth      -
Aborted        0%
Games/s        3154.6
Score          1.00
Sequence      
1d0b7 info: 
1d0b7 warning: **** MoHexSearch returned empty sequence!
1d0b7 warning: **** Returning random move!
1d0b7 info: Best move cannot be determined, must search state.
1d0b7 info: --- MoHexPlayer::Search() ---
1d0b7 info: Color: white
1d0b7 info: MaxGames: 1
1d0b7 info: NumberThreads: 1
1d0b7 info: MaxNodes: 9090 (799920 bytes)
1d0b7 info: TimeForMove: 1
1d0b7 info: PreSearch: max time reached (51/75).
1d0b7 info: Time for PreSearch: 0.202934s
1d0b7 info: 
  37cba0a293b71551
  a  b  c  d  e  f  g  h  i  j  k  
 1\W  .  *  .  *  *  *  .  B  .  .\1
  2\w  .  .  *  *  *  *  *  *  *  .\2
   3\w  B  *  *  *  *  *  *  *  *  .\3
    4\w  *  *  *  *  *  *  B  *  *  .\4
     5\w  B  *  *  *  *  *  *  *  *  .\5
      6\B  .  W  *  *  *  *  *  .  .  .\6
       7\.  *  *  *  *  *  *  W  .  .  .\7
        8\.  *  *  *  *  *  *  *  W  .  W\8
         9\.  *  *  *  *  *  *  *  *  .  b\9
         10\.  *  *  *  *  *  *  .  B  b  b\10
          11\.  *  *  *  *  .  b  b  b  b  b\11
              a  b  c  d  e  f  g  h  i  j  k  
1d0b7 info: Old: [black, b5] [white, swap-pieces] [white, c6] [black, a6] [white, i8] [black, i10] [white, h7] [black, i1] [white, k8] [black, b3] 
1d0b7 info: New: [black, b5] [white, swap-pieces] [white, c6] [black, a6] [white, i8] [black, i10] [white, h7] [black, i1] [white, k8] [black, b3] [white, a1] [black, h4] 
1d0b7 info: MovesPlayed: [white, a1] [black, h4] 
1d0b7 info: No subtree to reuse.
1d0b7 info: StartSearch()[0]
1d0b7 info: 
Elapsed Time   0.346033s
Count          1
GamesPlayed    1
Nodes          1
Knowledge      0 (0.0%)
Expansions     0.0
Time           0.00
GameLen        98.0 dev=0.0 min=98.0 max=98.0
InTree         0.0 dev=0.0 min=0.0 max=0.0
KnowDepth      -
Aborted        0%
Games/s        3649.6
Score          0.00
Sequence      
1d0b7 info: 
1d0b7 warning: **** MoHexSearch returned empty sequence!
1d0b7 warning: **** Returning random move!
1d0b7 info: Best move cannot be determined, must search state.
1d0b7 info: --- MoHexPlayer::Search() ---
1d0b7 info: Color: white
1d0b7 info: MaxGames: 1
1d0b7 info: NumberThreads: 1
1d0b7 info: MaxNodes: 9090 (799920 bytes)
1d0b7 info: TimeForMove: 1
1d0b7 info: PreSearch: max time reached (50/77).
1d0b7 info: Time for PreSearch: 0.20204s
1d0b7 info: 
  3fbda691c84fa57b
  a  b  c  d  e  f  g  h  i  j  k  
 1\W  .  *  .  *  *  *  .  B  .  *\1
  2\w  .  .  *  *  *  *  *  *  *  B\2
   3\w  B  *  *  *  *  *  *  *  *  .\3
    4\w  *  *  *  *  *  *  B  *  *  .\4
     5\w  B  *  *  *  *  *  *  *  .  .\5
      6\B  .  W  *  *  *  *  *  .  .  .\6
       7\.  *  *  *  *  *  *  W  .  .  .\7
        8\.  *  *  *  *  *  *  *  W  .  W\8
         9\.  *  *  *  *  *  *  *  *  .  b\9
         10\.  *  *  *  *  *  *  *  B  b  b\10
          11\.  *  *  *  *  W  .  b  b  b  b\11
              a  b  c  d  e  f  g  h  i  j  k  
1d0b7 info: Old: [black, b5] [white, swap-pieces] [white, c6] [black, a6] [white, i8] [black, i10] [white, h7] [black, i1] [white, k8] [black, b3] [white, a1] [black, h4] 
1d0b7 info: New: [black, b5] [white, swap-pieces] [white, c6] [black, a6] [white, i8] [black, i10] [white, h7] [black, i1] [white, k8] [black, b3] [white, a1] [black, h4] [white, f11] [black, k2] 
1d0b7 info: MovesPlayed: [white, f11] [black, k2] 
1d0b7 info: No subtree to reuse.
1d0b7 info: StartSearch()[0]
1d0b7 info: 
Elapsed Time   0.344141s
Count          1
GamesPlayed    1
Nodes          1
Knowledge      0 (0.0%)
Expansions     0.0
Time           0.00
GameLen        97.0 dev=0.0 min=97.0 max=97.0
InTree         0.0 dev=0.0 min=0.0 max=0.0
KnowDepth      -
Aborted        0%
Games/s        3610.1
Score          0.00
Sequence      
1d0b7 info: 
1d0b7 warning: **** MoHexSearch returned empty sequence!
1d0b7 warning: **** Returning random move!
1d0b7 info: Best move cannot be determined, must search state.
1d0b7 info: --- MoHexPlayer::Search() ---
1d0b7 info: Color: white
1d0b7 info: MaxGames: 1
1d0b7 info: NumberThreads: 1
1d0b7 info: MaxNodes: 9090 (799920 bytes)
1d0b7 info: TimeForMove: 1
1d0b7 info: PreSearch: max time reached (38/74).
1d0b7 info: Time for PreSearch: 0.200117s
1d0b7 info: 
  c7d63d6d8e7a1a14
  a  b  c  d  e  f  g  h  i  j  k  
 1\W  .  *  .  *  *  *  .  B  .  *\1
  2\w  .  .  *  *  *  *  *  *  *  B\2
   3\w  B  *  *  *  *  *  *  *  *  .\3
    4\w  *  *  *  *  *  *  B  *  *  .\4
     5\w  B  *  *  *  *  *  W  .  .  .\5
      6\B  .  W  *  *  *  *  .  .  .  .\6
       7\.  *  B  *  *  *  *  W  .  .  .\7
        8\.  .  *  *  *  *  *  *  W  .  W\8
         9\.  *  *  *  *  *  *  *  *  .  b\9
         10\.  *  *  *  *  *  *  *  B  b  b\10
          11\.  *  *  *  *  W  .  b  b  b  b\11
              a  b  c  d  e  f  g  h  i  j  k  
1d0b7 info: Old: [black, b5] [white, swap-pieces] [white, c6] [black, a6] [white, i8] [black, i10] [white, h7] [black, i1] [white, k8] [black, b3] [white, a1] [black, h4] [white, f11] [black, k2] 
1d0b7 info: New: [black, b5] [white, swap-pieces] [white, c6] [black, a6] [white, i8] [black, i10] [white, h7] [black, i1] [white, k8] [black, b3] [white, a1] [black, h4] [white, f11] [black, k2] [white, h5] [black, c7] 
1d0b7 info: MovesPlayed: [white, h5] [black, c7] 
1d0b7 info: No subtree to reuse.
1d0b7 info: StartSearch()[0]
1d0b7 info: 
Elapsed Time   0.343023s
Count          1
GamesPlayed    1
Nodes          1
Knowledge      0 (0.0%)
Expansions     0.0
Time           0.00
GameLen        95.0 dev=0.0 min=95.0 max=95.0
InTree         0.0 dev=0.0 min=0.0 max=0.0
KnowDepth      -
Aborted        0%
Games/s        3690.0
Score          1.00
Sequence      
1d0b7 info: 
1d0b7 warning: **** MoHexSearch returned empty sequence!
1d0b7 warning: **** Returning random move!
1d0b7 info: Best move cannot be determined, must search state.
1d0b7 info: --- MoHexPlayer::Search() ---
1d0b7 info: Color: white
1d0b7 info: MaxGames: 1
1d0b7 info: NumberThreads: 1
1d0b7 info: MaxNodes: 9090 (799920 bytes)
1d0b7 info: TimeForMove: 1
1d0b7 info: PreSearch: max time reached (60/73).
1d0b7 info: Time for PreSearch: 0.200536s
1d0b7 info: 
  8d2928f3cb417189
  a  b  c  d  e  f  g  h  i  j  k  
 1\W  .  *  .  *  *  *  .  B  .  *\1
  2\w  .  .  *  *  *  *  *  *  *  B\2
   3\w  B  *  *  *  *  *  *  *  *  .\3
    4\w  *  *  *  *  *  *  B  *  .  W\4
     5\w  B  *  *  *  *  *  W  .  .  .\5
      6\B  .  W  *  *  *  *  .  .  .  .\6
       7\.  *  B  *  *  *  B  W  .  .  .\7
        8\.  .  *  *  *  *  *  .  W  .  W\8
         9\.  *  *  *  *  *  *  *  *  .  b\9
         10\.  *  *  *  *  *  *  *  B  b  b\10
          11\.  *  *  *  *  W  .  b  b  b  b\11
              a  b  c  d  e  f  g  h  i  j  k  
1d0b7 info: Old: [black, b5] [white, swap-pieces] [white, c6] [black, a6] [white, i8] [black, i10] [white, h7] [black, i1] [white, k8] [black, b3] [white, a1] [black, h4] [white, f11] [black, k2] [white, h5] [black, c7] 
1d0b7 info: New: [black, b5] [white, swap-pieces] [white, c6] [black, a6] [white, i8] [black, i10] [white, h7] [black, i1] [white, k8] [black, b3] [white, a1] [black, h4] [white, f11] [black, k2] [white, h5] [black, c7] [white, k4] [black, g7] 
1d0b7 info: MovesPlayed: [white, k4] [black, g7] 
1d0b7 info: No subtree to reuse.
1d0b7 info: StartSearch()[0]
1d0b7 info: 
Elapsed Time   0.340409s
Count          1
GamesPlayed    1
Nodes          1
Knowledge      0 (0.0%)
Expansions     0.0
Time           0.00
GameLen        93.0 dev=0.0 min=93.0 max=93.0
InTree         0.0 dev=0.0 min=0.0 max=0.0
KnowDepth      -
Aborted        0%
Games/s        3717.5
Score          0.00
Sequence      
1d0b7 info: 
1d0b7 warning: **** MoHexSearch returned empty sequence!
1d0b7 warning: **** Returning random move!
1d0b7 info: Best move cannot be determined, must search state.
1d0b7 info: --- MoHexPlayer::Search() ---
1d0b7 info: Color: white
1d0b7 info: MaxGames: 1
1d0b7 info: NumberThreads: 1
1d0b7 info: MaxNodes: 9090 (799920 bytes)
1d0b7 info: TimeForMove: 1
1d0b7 info: Time for PreSearch: 0.128594s
1d0b7 info: 
  262fc38065e0f0f5
  a  b  c  d  e  f  g  h  i  j  k  
 1\W  .  *  .  *  *  *  .  B  .  *\1
  2\w  .  .  *  *  *  *  *  *  *  B\2
   3\w  B  *  *  *  *  *  *  *  *  .\3
    4\w  .  *  *  *  *  *  B  *  .  W\4
     5\w  B  .  *  *  *  *  W  .  .  w\5
      6\B  b  W  *  *  *  *  .  .  w  w\6
       7\w  W  B  *  *  *  B  W  .  w  w\7
        8\w  .  *  *  *  *  *  .  W  w  W\8
         9\w  .  *  *  *  *  *  *  B  b  b\9
         10\.  *  *  *  *  *  *  b  B  b  b\10
          11\.  *  *  *  *  W  b  b  b  b  b\11
              a  b  c  d  e  f  g  h  i  j  k  
1d0b7 info: Old: [black, b5] [white, swap-pieces] [white, c6] [black, a6] [white, i8] [black, i10] [white, h7] [black, i1] [white, k8] [black, b3] [white, a1] [black, h4] [white, f11] [black, k2] [white, h5] [black, c7] [white, k4] [black, g7] 
1d0b7 info: New: [black, b5] [white, swap-pieces] [white, c6] [black, a6] [white, i8] [black, i10] [white, h7] [black, i1] [white, k8] [black, b3] [white, a1] [black, h4] [white, f11] [black, k2] [white, h5] [black, c7] [white, k4] [black, g7] [white, b7] [black, i9] 
1d0b7 info: MovesPlayed: [white, b7] [black, i9] 
1d0b7 info: No subtree to reuse.
1d0b7 info: StartSearch()[0]
1d0b7 info: 
Elapsed Time   0.273683s
Count          1
GamesPlayed    1
Nodes          1
Knowledge      0 (0.0%)
Expansions     0.0
Time           0.00
GameLen        78.0 dev=0.0 min=78.0 max=78.0
InTree         0.0 dev=0.0 min=0.0 max=0.0
KnowDepth      -
Aborted        0%
Games/s        3703.7
Score          0.00
Sequence      
1d0b7 info: 
1d0b7 warning: **** MoHexSearch returned empty sequence!
1d0b7 warning: **** Returning random move!
1d0b7 info: Best move cannot be determined, must search state.
1d0b7 info: --- MoHexPlayer::Search() ---
1d0b7 info: Color: white
1d0b7 info: MaxGames: 1
1d0b7 info: NumberThreads: 1
1d0b7 info: MaxNodes: 9090 (799920 bytes)
1d0b7 info: TimeForMove: 1
1d0b7 info: Time for PreSearch: 0.084453s
1d0b7 info: 
  aec437b393c3ffef
  a  b  c  d  e  f  g  h  i  j  k  
 1\W  b  b  b  b  b  b  b  B  .  *\1
  2\w  b  b  b  B  b  b  .  *  *  B\2
   3\w  B  b  .  *  *  W  .  *  *  .\3
    4\w  .  *  *  *  *  *  B  *  .  W\4
     5\w  B  .  *  *  *  *  W  .  .  w\5
      6\B  b  W  *  *  *  *  .  .  w  w\6
       7\w  W  B  *  *  *  B  W  .  w  w\7
        8\w  .  *  *  *  *  *  .  W  w  W\8
         9\w  .  *  *  *  *  *  *  B  b  b\9
         10\.  *  *  *  *  *  *  b  B  b  b\10
          11\.  *  *  *  *  W  b  b  b  b  b\11
              a  b  c  d  e  f  g  h  i  j  k  
1d0b7 info: Old: [black, b5] [white, swap-pieces] [white, c6] [black, a6] [white, i8] [black, i10] [white, h7] [black, i1] [white, k8] [black, b3] [white, a1] [black, h4] [white, f11] [black, k2] [white, h5] [black, c7] [white, k4] [black, g7] [white, b7] [black, i9] 
1d0b7 info: New: [black, b5] [white, swap-pieces] [white, c6] [black, a6] [white, i8] [black, i10] [white, h7] [black, i1] [white, k8] [black, b3] [white, a1] [black, h4] [white, f11] [black, k2] [white, h5] [black, c7] [white, k4] [black, g7] [white, b7] [black, i9] [white, g3] [black, e2] 
1d0b7 info: MovesPlayed: [white, g3] [black, e2] 
1d0b7 info: No subtree to reuse.
1d0b7 info: StartSearch()[0]
1d0b7 info: 
Elapsed Time   0.223242s
Count          1
GamesPlayed    1
Nodes          1
Knowledge      0 (0.0%)
Expansions     0.0
Time           0.00
GameLen        63.0 dev=0.0 min=63.0 max=63.0
InTree         0.0 dev=0.0 min=0.0 max=0.0
KnowDepth      -
Aborted        0%
Games/s        3984.1
Score          1.00
Sequence      
1d0b7 info: 
1d0b7 warning: **** MoHexSearch returned empty sequence!
1d0b7 warning: **** Returning random move!
1d0b7 info: Winning SC.
1d0b7 info: Winning SC.
1d0b7 info: Winning SC.
1d0b7 info: Winning SC.
1d0b7 info: Winning SC.
1d0b7 info: Winning SC.
1d0b7 info: Winning SC.
1d0b7 info: Captured cells caused win! Removing...
1d0b7 info: Winning SC.
1d0b7 config: ============ BenzeneShutdown =============
1d0b7 config: MoHexProgram:: ShutdownSystem()
1d0b7 config: CommonProgram:: ShutdownSystem()
1d0b7 config: BenzeneProgram:: ShutdownSystem()
Flushing and closing this stream...
