# nice ../build/src/mohex/mohex --config mohex-cg2010.htp --seed 755575 --logfile-name jobs/11x11-mohex-mohex-cg2010-vs-mohex-mohex-weak/mohex-mohex-cg2010-411.log
>boardsize 11 11
MoHex 2.0.CMake Mar 21 2025
Copyright (C) 2007-2012 by the authors of the Benzene project.
This program comes with ABSOLUTELY NO WARRANTY. This is
free software and you are welcome to redistribute it under
certain conditions. Type `benzene-license' for details.

SgRandom::SetSeed: 755575
SgUctSearch: system memory 33632358400, using 1000000000 (5681818 nodes)
SgRandom::SetSeed: 1
SgRandom::SetSeed: 755575
f3297 info: Prior Patterns:
f3297 info: Global:
f3297 info: Size            = 565 32648 
f3297 info: TableEntries    = 65932 65910
f3297 info: MirrorsAdded    = 0 0
f3297 info: PrunableCount   = 30593 30629
f3297 info: LargestGamma    = 5820.77
f3297 info: SmallestGamma   = 6.6e-05
f3297 info: Local:
f3297 info: Size            = 550 5318 
f3297 info: TableEntries    = 11602 11588
f3297 info: MirrorsAdded    = 0 0
f3297 info: PrunableCount   = 3659 3667
f3297 info: LargestGamma    = 11281.8
f3297 info: SmallestGamma   = 0.026235
f3297 info: Playout Patterns:
f3297 info: Global:
f3297 info: Size            = 565 32648 
f3297 info: TableEntries    = 70329 70329
f3297 info: MirrorsAdded    = 4397 4419
f3297 info: PrunableCount   = 30593 30629
f3297 info: LargestGamma    = 5820.77
f3297 info: SmallestGamma   = 6.6e-05
f3297 info: Local:
f3297 info: Size            = 550 5318 
f3297 info: TableEntries    = 11602 11588
f3297 info: MirrorsAdded    = 0 0
f3297 info: PrunableCount   = 3659 3667
f3297 info: LargestGamma    = 11281.8
f3297 info: SmallestGamma   = 0.026235
param_game allow_swap 1
= 

param_mohex max_memory 32000000000
= 

param_mohex num_threads 1
= 

param_mohex max_time 1
= 

param_mohex max_games 1
= 

param_mohex knowledge_threshold 400
= 

param_mohex reuse_subtree 1
= 

param_mohex use_parallel_solver 0
= 

<= 
<
>name
<= MoHex
<
>version
<= 2.0.CMake
<
>play b h8
<= 
<
>genmove w
<= swap-pieces
<
>showboard
f3297 info: SwapCheck: reading from '/home/linus/MoHex2.0/nfbranchfix/benzene-vanilla-cmake/share/swap-moves.txt'.
f3297 info: SwapCheck: playing swap.
<= 
< 
<  5c5ef5506c609ef5
<  a  b  c  d  e  f  g  h  i  j  k  
< 1\.  .  .  .  .  .  .  .  .  .  .\1
<  2\.  .  .  .  .  .  .  .  .  .  .\2
<   3\.  .  .  .  .  .  .  .  .  .  .\3
<    4\.  .  .  .  .  .  .  .  .  .  .\4
<     5\.  .  .  .  .  .  .  .  .  .  .\5
<      6\.  .  .  .  .  .  .  .  .  .  .\6
<       7\.  .  .  .  .  .  .  .  .  .  .\7
<        8\.  .  .  .  .  .  .  B  .  .  .\8
<         9\.  .  .  .  .  .  .  .  .  .  .\9
<         10\.  .  .  .  .  .  .  .  .  .  .\10
<          11\.  .  .  .  .  .  .  .  .  .  .\11
<              a  b  c  d  e  f  g  h  i  j  k  
<
>play w c1
<= 
<
>showboard
<= 
< 
<  6ca9c1d65a8f74e0
<  a  b  c  d  e  f  g  h  i  j  k  
< 1\.  .  W  .  .  .  .  .  .  .  .\1
<  2\.  .  .  .  .  .  .  .  .  .  .\2
<   3\.  .  .  .  .  .  .  .  .  .  .\3
<    4\.  .  .  .  .  .  .  .  .  .  .\4
<     5\.  .  .  .  .  .  .  .  .  .  .\5
<      6\.  .  .  .  .  .  .  .  .  .  .\6
<       7\.  .  .  .  .  .  .  .  .  .  .\7
<        8\.  .  .  .  .  .  .  B  .  .  .\8
<         9\.  .  .  .  .  .  .  .  .  .  .\9
<         10\.  .  .  .  .  .  .  .  .  .  .\10
<          11\.  .  .  .  .  .  .  .  .  .  .\11
<              a  b  c  d  e  f  g  h  i  j  k  
<
>genmove b
<= h11
<
>showboard
f3297 info: Best move cannot be determined, must search state.
f3297 info: --- MoHexPlayer::Search() ---
f3297 info: Color: black
f3297 info: MaxGames: 1
f3297 info: NumberThreads: 1
f3297 info: MaxNodes: 181818181 (15999999928 bytes)
f3297 info: TimeForMove: 1
f3297 info: PreSearch: max time reached (48/93).
f3297 info: Time for PreSearch: 0.200497s
f3297 info: 
  6ca9c1d65a8f74e0
  a  b  c  d  e  f  g  h  i  j  k  
 1\.  .  W  .  .  .  .  .  .  .  .\1
  2\*  .  *  *  *  *  *  *  *  *  *\2
   3\.  *  *  *  *  *  *  *  *  *  *\3
    4\*  *  *  *  *  *  *  *  *  *  *\4
     5\*  *  *  *  *  *  *  *  *  *  *\5
      6\*  *  *  *  *  *  *  *  *  *  *\6
       7\*  *  *  *  *  *  *  *  *  *  *\7
        8\*  *  *  *  *  *  *  B  *  *  *\8
         9\*  *  *  *  *  *  *  *  *  *  .\9
         10\*  *  *  *  *  *  *  *  *  .  .\10
          11\.  .  .  .  .  .  .  .  .  .  .\11
              a  b  c  d  e  f  g  h  i  j  k  
f3297 info: No subtree to reuse.
f3297 info: Creating thread 0
f3297 info: StartSearch()[0]
SgUctSearch: max games reached
f3297 info: 
Elapsed Time   0.35099s
Count          1
GamesPlayed    1
Nodes          1
Knowledge      0 (0.0%)
Expansions     0.0
Time           0.00
GameLen        119.0 dev=0.0 min=119.0 max=119.0
InTree         0.0 dev=0.0 min=0.0 max=0.0
KnowDepth      -
Aborted        0%
Games/s        409.0
Score          1.00
Sequence      
f3297 info: 
f3297 warning: **** MoHexSearch returned empty sequence!
f3297 warning: **** Returning random move!
<= 
< 
<  988dec9df0d9ece1
<  a  b  c  d  e  f  g  h  i  j  k  
< 1\.  .  W  .  .  .  .  .  .  .  .\1
<  2\.  .  .  .  .  .  .  .  .  .  .\2
<   3\.  .  .  .  .  .  .  .  .  .  .\3
<    4\.  .  .  .  .  .  .  .  .  .  .\4
<     5\.  .  .  .  .  .  .  .  .  .  .\5
<      6\.  .  .  .  .  .  .  .  .  .  .\6
<       7\.  .  .  .  .  .  .  .  .  .  .\7
<        8\.  .  .  .  .  .  .  B  .  .  .\8
<         9\.  .  .  .  .  .  .  .  .  .  .\9
<         10\.  .  .  .  .  .  .  .  .  .  .\10
<          11\.  .  .  .  .  .  .  B  .  .  .\11
<              a  b  c  d  e  f  g  h  i  j  k  
<
>play w j8
<= 
<
>showboard
<= 
< 
<  cebeb6e652792caa
<  a  b  c  d  e  f  g  h  i  j  k  
< 1\.  .  W  .  .  .  .  .  .  .  .\1
<  2\.  .  .  .  .  .  .  .  .  .  .\2
<   3\.  .  .  .  .  .  .  .  .  .  .\3
<    4\.  .  .  .  .  .  .  .  .  .  .\4
<     5\.  .  .  .  .  .  .  .  .  .  .\5
<      6\.  .  .  .  .  .  .  .  .  .  .\6
<       7\.  .  .  .  .  .  .  .  .  .  .\7
<        8\.  .  .  .  .  .  .  B  .  W  .\8
<         9\.  .  .  .  .  .  .  .  .  .  .\9
<         10\.  .  .  .  .  .  .  .  .  .  .\10
<          11\.  .  .  .  .  .  .  B  .  .  .\11
<              a  b  c  d  e  f  g  h  i  j  k  
<
>genmove b
<= a3
<
>showboard
f3297 info: Best move cannot be determined, must search state.
f3297 info: --- MoHexPlayer::Search() ---
f3297 info: Color: black
f3297 info: MaxGames: 1
f3297 info: NumberThreads: 1
f3297 info: MaxNodes: 181818181 (15999999928 bytes)
f3297 info: TimeForMove: 1
f3297 info: PreSearch: max time reached (56/85).
f3297 info: Time for PreSearch: 0.201797s
f3297 info: 
  cebeb6e652792caa
  a  b  c  d  e  f  g  h  i  j  k  
 1\.  .  W  .  .  .  .  .  .  .  .\1
  2\*  .  *  *  *  *  *  *  *  *  *\2
   3\.  *  *  *  *  *  *  *  *  *  *\3
    4\*  *  *  *  *  *  *  *  *  *  *\4
     5\*  *  *  *  *  *  *  *  *  *  .\5
      6\*  *  *  *  *  *  *  *  *  *  w\6
       7\*  *  *  *  *  *  *  *  *  .  w\7
        8\*  *  *  *  *  *  *  B  *  W  w\8
         9\*  *  *  *  *  *  *  *  *  w  w\9
         10\*  *  *  *  *  *  *  .  .  w  w\10
          11\.  .  .  .  .  .  .  B  b  b  w\11
              a  b  c  d  e  f  g  h  i  j  k  
f3297 info: Old: [black, h8] [white, swap-pieces] [white, c1] 
f3297 info: New: [black, h8] [white, swap-pieces] [white, c1] [black, h11] [white, j8] 
f3297 info: MovesPlayed: [black, h11] [white, j8] 
f3297 info: No subtree to reuse.
f3297 info: StartSearch()[0]
SgUctSearch: max games reached
f3297 info: 
Elapsed Time   0.344037s
Count          1
GamesPlayed    1
Nodes          1
Knowledge      0 (0.0%)
Expansions     0.0
Time           0.00
GameLen        107.0 dev=0.0 min=107.0 max=107.0
InTree         0.0 dev=0.0 min=0.0 max=0.0
KnowDepth      -
Aborted        0%
Games/s        3246.8
Score          0.00
Sequence      
f3297 info: 
f3297 warning: **** MoHexSearch returned empty sequence!
f3297 warning: **** Returning random move!
<= 
< 
<  f972792fc3380266
<  a  b  c  d  e  f  g  h  i  j  k  
< 1\.  .  W  .  .  .  .  .  .  .  .\1
<  2\.  .  .  .  .  .  .  .  .  .  .\2
<   3\B  .  .  .  .  .  .  .  .  .  .\3
<    4\.  .  .  .  .  .  .  .  .  .  .\4
<     5\.  .  .  .  .  .  .  .  .  .  .\5
<      6\.  .  .  .  .  .  .  .  .  .  .\6
<       7\.  .  .  .  .  .  .  .  .  .  .\7
<        8\.  .  .  .  .  .  .  B  .  W  .\8
<         9\.  .  .  .  .  .  .  .  .  .  .\9
<         10\.  .  .  .  .  .  .  .  .  .  .\10
<          11\.  .  .  .  .  .  .  B  .  .  .\11
<              a  b  c  d  e  f  g  h  i  j  k  
<
>play w a10
<= 
<
>showboard
<= 
< 
<  dde993e86fa12d82
<  a  b  c  d  e  f  g  h  i  j  k  
< 1\.  .  W  .  .  .  .  .  .  .  .\1
<  2\.  .  .  .  .  .  .  .  .  .  .\2
<   3\B  .  .  .  .  .  .  .  .  .  .\3
<    4\.  .  .  .  .  .  .  .  .  .  .\4
<     5\.  .  .  .  .  .  .  .  .  .  .\5
<      6\.  .  .  .  .  .  .  .  .  .  .\6
<       7\.  .  .  .  .  .  .  .  .  .  .\7
<        8\.  .  .  .  .  .  .  B  .  W  .\8
<         9\.  .  .  .  .  .  .  .  .  .  .\9
<         10\W  .  .  .  .  .  .  .  .  .  .\10
<          11\.  .  .  .  .  .  .  B  .  .  .\11
<              a  b  c  d  e  f  g  h  i  j  k  
<
>genmove b
<= d11
<
>showboard
f3297 info: Best move cannot be determined, must search state.
f3297 info: --- MoHexPlayer::Search() ---
f3297 info: Color: black
f3297 info: MaxGames: 1
f3297 info: NumberThreads: 1
f3297 info: MaxNodes: 181818181 (15999999928 bytes)
f3297 info: TimeForMove: 1
f3297 info: PreSearch: max time reached (57/84).
f3297 info: Time for PreSearch: 0.203398s
f3297 info: 
  dde993e86fa12d82
  a  b  c  d  e  f  g  h  i  j  k  
 1\.  .  W  .  .  .  .  .  .  .  .\1
  2\*  *  *  *  *  *  *  *  *  *  *\2
   3\B  *  *  *  *  *  *  *  *  *  *\3
    4\*  *  *  *  *  *  *  *  *  *  *\4
     5\*  *  *  *  *  *  *  *  *  *  .\5
      6\*  *  *  *  *  *  *  *  *  *  w\6
       7\*  *  *  *  *  *  *  *  *  .  w\7
        8\*  *  *  *  *  *  *  B  *  W  w\8
         9\.  *  *  *  *  *  *  *  *  w  w\9
         10\W  *  *  *  *  *  *  .  .  w  w\10
          11\.  .  .  .  .  .  .  B  b  b  w\11
              a  b  c  d  e  f  g  h  i  j  k  
f3297 info: Old: [black, h8] [white, swap-pieces] [white, c1] [black, h11] [white, j8] 
f3297 info: New: [black, h8] [white, swap-pieces] [white, c1] [black, h11] [white, j8] [black, a3] [white, a10] 
f3297 info: MovesPlayed: [black, a3] [white, a10] 
f3297 info: No subtree to reuse.
f3297 info: StartSearch()[0]
SgUctSearch: max games reached
f3297 info: 
Elapsed Time   0.346122s
Count          1
GamesPlayed    1
Nodes          1
Knowledge      0 (0.0%)
Expansions     0.0
Time           0.00
GameLen        105.0 dev=0.0 min=105.0 max=105.0
InTree         0.0 dev=0.0 min=0.0 max=0.0
KnowDepth      -
Aborted        0%
Games/s        3676.5
Score          1.00
Sequence      
f3297 info: 
f3297 warning: **** MoHexSearch returned empty sequence!
f3297 warning: **** Returning random move!
<= 
< 
<  8de24cb731ba3060
<  a  b  c  d  e  f  g  h  i  j  k  
< 1\.  .  W  .  .  .  .  .  .  .  .\1
<  2\.  .  .  .  .  .  .  .  .  .  .\2
<   3\B  .  .  .  .  .  .  .  .  .  .\3
<    4\.  .  .  .  .  .  .  .  .  .  .\4
<     5\.  .  .  .  .  .  .  .  .  .  .\5
<      6\.  .  .  .  .  .  .  .  .  .  .\6
<       7\.  .  .  .  .  .  .  .  .  .  .\7
<        8\.  .  .  .  .  .  .  B  .  W  .\8
<         9\.  .  .  .  .  .  .  .  .  .  .\9
<         10\W  .  .  .  .  .  .  .  .  .  .\10
<          11\.  .  .  B  .  .  .  B  .  .  .\11
<              a  b  c  d  e  f  g  h  i  j  k  
<
>play w c7
<= 
<
>showboard
<= 
< 
<  0c9bf848aaf62a15
<  a  b  c  d  e  f  g  h  i  j  k  
< 1\.  .  W  .  .  .  .  .  .  .  .\1
<  2\.  .  .  .  .  .  .  .  .  .  .\2
<   3\B  .  .  .  .  .  .  .  .  .  .\3
<    4\.  .  .  .  .  .  .  .  .  .  .\4
<     5\.  .  .  .  .  .  .  .  .  .  .\5
<      6\.  .  .  .  .  .  .  .  .  .  .\6
<       7\.  .  W  .  .  .  .  .  .  .  .\7
<        8\.  .  .  .  .  .  .  B  .  W  .\8
<         9\.  .  .  .  .  .  .  .  .  .  .\9
<         10\W  .  .  .  .  .  .  .  .  .  .\10
<          11\.  .  .  B  .  .  .  B  .  .  .\11
<              a  b  c  d  e  f  g  h  i  j  k  
<
>genmove b
<= g7
<
>showboard
f3297 info: Best move cannot be determined, must search state.
f3297 info: --- MoHexPlayer::Search() ---
f3297 info: Color: black
f3297 info: MaxGames: 1
f3297 info: NumberThreads: 1
f3297 info: MaxNodes: 181818181 (15999999928 bytes)
f3297 info: TimeForMove: 1
f3297 info: PreSearch: max time reached (57/83).
f3297 info: Time for PreSearch: 0.201378s
f3297 info: 
  0c9bf848aaf62a15
  a  b  c  d  e  f  g  h  i  j  k  
 1\.  .  W  .  .  .  .  .  .  .  .\1
  2\*  *  *  *  *  *  *  *  *  *  *\2
   3\B  *  *  *  *  *  *  *  *  *  *\3
    4\*  *  *  *  *  *  *  *  *  *  *\4
     5\*  *  *  *  *  *  *  *  *  *  .\5
      6\*  *  *  *  *  *  *  *  *  *  w\6
       7\*  *  W  *  *  *  *  *  *  .  w\7
        8\*  *  *  *  *  *  *  B  *  W  w\8
         9\.  *  *  *  *  *  .  *  *  w  w\9
         10\W  *  *  *  *  .  .  .  .  w  w\10
          11\.  .  .  B  .  .  .  B  b  b  w\11
              a  b  c  d  e  f  g  h  i  j  k  
f3297 info: Old: [black, h8] [white, swap-pieces] [white, c1] [black, h11] [white, j8] [black, a3] [white, a10] 
f3297 info: New: [black, h8] [white, swap-pieces] [white, c1] [black, h11] [white, j8] [black, a3] [white, a10] [black, d11] [white, c7] 
f3297 info: MovesPlayed: [black, d11] [white, c7] 
f3297 info: No subtree to reuse.
f3297 info: StartSearch()[0]
SgUctSearch: max games reached
f3297 info: 
Elapsed Time   0.358003s
Count          1
GamesPlayed    1
Nodes          1
Knowledge      0 (0.0%)
Expansions     0.0
Time           0.00
GameLen        103.0 dev=0.0 min=103.0 max=103.0
InTree         0.0 dev=0.0 min=0.0 max=0.0
KnowDepth      -
Aborted        0%
Games/s        3546.1
Score          1.00
Sequence      
f3297 info: 
f3297 warning: **** MoHexSearch returned empty sequence!
f3297 warning: **** Returning random move!
<= 
< 
<  1e94f34253a07c44
<  a  b  c  d  e  f  g  h  i  j  k  
< 1\.  .  W  .  .  .  .  .  .  .  .\1
<  2\.  .  .  .  .  .  .  .  .  .  .\2
<   3\B  .  .  .  .  .  .  .  .  .  .\3
<    4\.  .  .  .  .  .  .  .  .  .  .\4
<     5\.  .  .  .  .  .  .  .  .  .  .\5
<      6\.  .  .  .  .  .  .  .  .  .  .\6
<       7\.  .  W  .  .  .  B  .  .  .  .\7
<        8\.  .  .  .  .  .  .  B  .  W  .\8
<         9\.  .  .  .  .  .  .  .  .  .  .\9
<         10\W  .  .  .  .  .  .  .  .  .  .\10
<          11\.  .  .  B  .  .  .  B  .  .  .\11
<              a  b  c  d  e  f  g  h  i  j  k  
<
>play w e4
<= 
<
>showboard
<= 
< 
<  57b044068fc14187
<  a  b  c  d  e  f  g  h  i  j  k  
< 1\.  .  W  .  .  .  .  .  .  .  .\1
<  2\.  .  .  .  .  .  .  .  .  .  .\2
<   3\B  .  .  .  .  .  .  .  .  .  .\3
<    4\.  .  .  .  W  .  .  .  .  .  .\4
<     5\.  .  .  .  .  .  .  .  .  .  .\5
<      6\.  .  .  .  .  .  .  .  .  .  .\6
<       7\.  .  W  .  .  .  B  .  .  .  .\7
<        8\.  .  .  .  .  .  .  B  .  W  .\8
<         9\.  .  .  .  .  .  .  .  .  .  .\9
<         10\W  .  .  .  .  .  .  .  .  .  .\10
<          11\.  .  .  B  .  .  .  B  .  .  .\11
<              a  b  c  d  e  f  g  h  i  j  k  
<
>genmove b
<= g4
<
>showboard
f3297 info: Best move cannot be determined, must search state.
f3297 info: --- MoHexPlayer::Search() ---
f3297 info: Color: black
f3297 info: MaxGames: 1
f3297 info: NumberThreads: 1
f3297 info: MaxNodes: 181818181 (15999999928 bytes)
f3297 info: TimeForMove: 1
f3297 info: PreSearch: max time reached (43/81).
f3297 info: Time for PreSearch: 0.202849s
f3297 info: 
  57b044068fc14187
  a  b  c  d  e  f  g  h  i  j  k  
 1\.  .  W  .  .  .  .  .  .  .  .\1
  2\*  *  *  *  *  *  *  *  *  *  *\2
   3\B  *  *  *  *  *  *  *  *  *  *\3
    4\*  *  *  *  W  *  *  *  *  *  *\4
     5\*  *  *  *  *  *  *  *  *  *  .\5
      6\*  *  *  *  *  *  *  *  *  *  w\6
       7\*  *  W  *  *  *  B  *  *  .  w\7
        8\*  *  *  *  *  *  *  B  *  W  w\8
         9\.  *  *  *  *  *  *  *  *  w  w\9
         10\W  *  *  *  *  *  *  .  .  w  w\10
          11\.  .  .  B  .  .  .  B  b  b  w\11
              a  b  c  d  e  f  g  h  i  j  k  
f3297 info: Old: [black, h8] [white, swap-pieces] [white, c1] [black, h11] [white, j8] [black, a3] [white, a10] [black, d11] [white, c7] 
f3297 info: New: [black, h8] [white, swap-pieces] [white, c1] [black, h11] [white, j8] [black, a3] [white, a10] [black, d11] [white, c7] [black, g7] [white, e4] 
f3297 info: MovesPlayed: [black, g7] [white, e4] 
f3297 info: No subtree to reuse.
f3297 info: StartSearch()[0]
SgUctSearch: max games reached
f3297 info: 
Elapsed Time   0.351519s
Count          1
GamesPlayed    1
Nodes          1
Knowledge      0 (0.0%)
Expansions     0.0
Time           0.00
GameLen        101.0 dev=0.0 min=101.0 max=101.0
InTree         0.0 dev=0.0 min=0.0 max=0.0
KnowDepth      -
Aborted        0%
Games/s        3268.0
Score          1.00
Sequence      
f3297 info: 
f3297 warning: **** MoHexSearch returned empty sequence!
f3297 warning: **** Returning random move!
<= 
< 
<  343d7101191c1973
<  a  b  c  d  e  f  g  h  i  j  k  
< 1\.  .  W  .  .  .  .  .  .  .  .\1
<  2\.  .  .  .  .  .  .  .  .  .  .\2
<   3\B  .  .  .  .  .  .  .  .  .  .\3
<    4\.  .  .  .  W  .  B  .  .  .  .\4
<     5\.  .  .  .  .  .  .  .  .  .  .\5
<      6\.  .  .  .  .  .  .  .  .  .  .\6
<       7\.  .  W  .  .  .  B  .  .  .  .\7
<        8\.  .  .  .  .  .  .  B  .  W  .\8
<         9\.  .  .  .  .  .  .  .  .  .  .\9
<         10\W  .  .  .  .  .  .  .  .  .  .\10
<          11\.  .  .  B  .  .  .  B  .  .  .\11
<              a  b  c  d  e  f  g  h  i  j  k  
<
>play w f4
<= 
<
>showboard
<= 
< 
<  380e684723df35d0
<  a  b  c  d  e  f  g  h  i  j  k  
< 1\.  .  W  .  .  .  .  .  .  .  .\1
<  2\.  .  .  .  .  .  .  .  .  .  .\2
<   3\B  .  .  .  .  .  .  .  .  .  .\3
<    4\.  .  .  .  W  W  B  .  .  .  .\4
<     5\.  .  .  .  .  .  .  .  .  .  .\5
<      6\.  .  .  .  .  .  .  .  .  .  .\6
<       7\.  .  W  .  .  .  B  .  .  .  .\7
<        8\.  .  .  .  .  .  .  B  .  W  .\8
<         9\.  .  .  .  .  .  .  .  .  .  .\9
<         10\W  .  .  .  .  .  .  .  .  .  .\10
<          11\.  .  .  B  .  .  .  B  .  .  .\11
<              a  b  c  d  e  f  g  h  i  j  k  
<
>genmove b
<= i10
<
>showboard
f3297 info: Best move cannot be determined, must search state.
f3297 info: --- MoHexPlayer::Search() ---
f3297 info: Color: black
f3297 info: MaxGames: 1
f3297 info: NumberThreads: 1
f3297 info: MaxNodes: 181818181 (15999999928 bytes)
f3297 info: TimeForMove: 1
f3297 info: PreSearch: max time reached (23/79).
f3297 info: Time for PreSearch: 0.201383s
f3297 info: 
  380e684723df35d0
  a  b  c  d  e  f  g  h  i  j  k  
 1\.  .  W  .  .  .  .  .  .  .  .\1
  2\*  *  *  *  *  .  *  *  *  *  *\2
   3\B  *  *  *  *  .  *  *  *  *  *\3
    4\*  *  *  *  W  W  B  *  *  *  *\4
     5\*  *  *  *  *  *  *  *  *  *  .\5
      6\*  *  *  *  *  *  *  *  *  *  w\6
       7\*  *  W  *  *  *  B  *  *  .  w\7
        8\*  *  *  *  *  *  *  B  *  W  w\8
         9\.  *  *  *  *  *  *  *  *  w  w\9
         10\W  *  *  *  *  *  *  .  .  w  w\10
          11\.  .  .  B  .  .  .  B  b  b  w\11
              a  b  c  d  e  f  g  h  i  j  k  
f3297 info: Old: [black, h8] [white, swap-pieces] [white, c1] [black, h11] [white, j8] [black, a3] [white, a10] [black, d11] [white, c7] [black, g7] [white, e4] 
f3297 info: New: [black, h8] [white, swap-pieces] [white, c1] [black, h11] [white, j8] [black, a3] [white, a10] [black, d11] [white, c7] [black, g7] [white, e4] [black, g4] [white, f4] 
f3297 info: MovesPlayed: [black, g4] [white, f4] 
f3297 info: No subtree to reuse.
f3297 info: StartSearch()[0]
SgUctSearch: max games reached
f3297 info: 
Elapsed Time   0.34112s
Count          1
GamesPlayed    1
Nodes          1
Knowledge      0 (0.0%)
Expansions     0.0
Time           0.00
GameLen        99.0 dev=0.0 min=99.0 max=99.0
InTree         0.0 dev=0.0 min=0.0 max=0.0
KnowDepth      -
Aborted        0%
Games/s        3623.2
Score          1.00
Sequence      
f3297 info: 
f3297 warning: **** MoHexSearch returned empty sequence!
f3297 warning: **** Returning random move!
<= 
< 
<  d6e8316fbb5f3a0b
<  a  b  c  d  e  f  g  h  i  j  k  
< 1\.  .  W  .  .  .  .  .  .  .  .\1
<  2\.  .  .  .  .  .  .  .  .  .  .\2
<   3\B  .  .  .  .  .  .  .  .  .  .\3
<    4\.  .  .  .  W  W  B  .  .  .  .\4
<     5\.  .  .  .  .  .  .  .  .  .  .\5
<      6\.  .  .  .  .  .  .  .  .  .  .\6
<       7\.  .  W  .  .  .  B  .  .  .  .\7
<        8\.  .  .  .  .  .  .  B  .  W  .\8
<         9\.  .  .  .  .  .  .  .  .  .  .\9
<         10\W  .  .  .  .  .  .  .  B  .  .\10
<          11\.  .  .  B  .  .  .  B  .  .  .\11
<              a  b  c  d  e  f  g  h  i  j  k  
<
>play w e3
<= 
<
>showboard
<= 
< 
<  38ac90c8fa5399d1
<  a  b  c  d  e  f  g  h  i  j  k  
< 1\.  .  W  .  .  .  .  .  .  .  .\1
<  2\.  .  .  .  .  .  .  .  .  .  .\2
<   3\B  .  .  .  W  .  .  .  .  .  .\3
<    4\.  .  .  .  W  W  B  .  .  .  .\4
<     5\.  .  .  .  .  .  .  .  .  .  .\5
<      6\.  .  .  .  .  .  .  .  .  .  .\6
<       7\.  .  W  .  .  .  B  .  .  .  .\7
<        8\.  .  .  .  .  .  .  B  .  W  .\8
<         9\.  .  .  .  .  .  .  .  .  .  .\9
<         10\W  .  .  .  .  .  .  .  B  .  .\10
<          11\.  .  .  B  .  .  .  B  .  .  .\11
<              a  b  c  d  e  f  g  h  i  j  k  
<
>genmove b
<= h4
<
>showboard
f3297 info: Winning SC.
<= 
< 
<  b11500ee8761a500
<  a  b  c  d  e  f  g  h  i  j  k  
< 1\.  .  W  .  .  .  .  .  .  .  .\1
<  2\.  .  .  .  .  .  .  .  .  .  .\2
<   3\B  .  .  .  W  .  .  .  .  .  .\3
<    4\.  .  .  .  W  W  B  B  .  .  .\4
<     5\.  .  .  .  .  .  .  .  .  .  .\5
<      6\.  .  .  .  .  .  .  .  .  .  .\6
<       7\.  .  W  .  .  .  B  .  .  .  .\7
<        8\.  .  .  .  .  .  .  B  .  W  .\8
<         9\.  .  .  .  .  .  .  .  .  .  .\9
<         10\W  .  .  .  .  .  .  .  B  .  .\10
<          11\.  .  .  B  .  .  .  B  .  .  .\11
<              a  b  c  d  e  f  g  h  i  j  k  
<
>play w i1
<= 
<
>showboard
<= 
< 
<  d960c61aeb3c4435
<  a  b  c  d  e  f  g  h  i  j  k  
< 1\.  .  W  .  .  .  .  .  W  .  .\1
<  2\.  .  .  .  .  .  .  .  .  .  .\2
<   3\B  .  .  .  W  .  .  .  .  .  .\3
<    4\.  .  .  .  W  W  B  B  .  .  .\4
<     5\.  .  .  .  .  .  .  .  .  .  .\5
<      6\.  .  .  .  .  .  .  .  .  .  .\6
<       7\.  .  W  .  .  .  B  .  .  .  .\7
<        8\.  .  .  .  .  .  .  B  .  W  .\8
<         9\.  .  .  .  .  .  .  .  .  .  .\9
<         10\W  .  .  .  .  .  .  .  B  .  .\10
<          11\.  .  .  B  .  .  .  B  .  .  .\11
<              a  b  c  d  e  f  g  h  i  j  k  
<
>genmove b
<= g2
<
>showboard
f3297 info: Winning SC.
<= 
< 
<  7c431db4f0502967
<  a  b  c  d  e  f  g  h  i  j  k  
< 1\.  .  W  .  .  .  .  .  W  .  .\1
<  2\.  .  .  .  .  .  B  .  .  .  .\2
<   3\B  .  .  .  W  .  .  .  .  .  .\3
<    4\.  .  .  .  W  W  B  B  .  .  .\4
<     5\.  .  .  .  .  .  .  .  .  .  .\5
<      6\.  .  .  .  .  .  .  .  .  .  .\6
<       7\.  .  W  .  .  .  B  .  .  .  .\7
<        8\.  .  .  .  .  .  .  B  .  W  .\8
<         9\.  .  .  .  .  .  .  .  .  .  .\9
<         10\W  .  .  .  .  .  .  .  B  .  .\10
<          11\.  .  .  B  .  .  .  B  .  .  .\11
<              a  b  c  d  e  f  g  h  i  j  k  
<
>play w g3
<= 
<
>showboard
<= 
< 
<  90310941f4854f35
<  a  b  c  d  e  f  g  h  i  j  k  
< 1\.  .  W  .  .  .  .  .  W  .  .\1
<  2\.  .  .  .  .  .  B  .  .  .  .\2
<   3\B  .  .  .  W  .  W  .  .  .  .\3
<    4\.  .  .  .  W  W  B  B  .  .  .\4
<     5\.  .  .  .  .  .  .  .  .  .  .\5
<      6\.  .  .  .  .  .  .  .  .  .  .\6
<       7\.  .  W  .  .  .  B  .  .  .  .\7
<        8\.  .  .  .  .  .  .  B  .  W  .\8
<         9\.  .  .  .  .  .  .  .  .  .  .\9
<         10\W  .  .  .  .  .  .  .  B  .  .\10
<          11\.  .  .  B  .  .  .  B  .  .  .\11
<              a  b  c  d  e  f  g  h  i  j  k  
<
>genmove b
<= i2
<
>showboard
f3297 info: Winning SC.
<= 
< 
<  206e52fdb0045867
<  a  b  c  d  e  f  g  h  i  j  k  
< 1\.  .  W  .  .  .  .  .  W  .  .\1
<  2\.  .  .  .  .  .  B  .  B  .  .\2
<   3\B  .  .  .  W  .  W  .  .  .  .\3
<    4\.  .  .  .  W  W  B  B  .  .  .\4
<     5\.  .  .  .  .  .  .  .  .  .  .\5
<      6\.  .  .  .  .  .  .  .  .  .  .\6
<       7\.  .  W  .  .  .  B  .  .  .  .\7
<        8\.  .  .  .  .  .  .  B  .  W  .\8
<         9\.  .  .  .  .  .  .  .  .  .  .\9
<         10\W  .  .  .  .  .  .  .  B  .  .\10
<          11\.  .  .  B  .  .  .  B  .  .  .\11
<              a  b  c  d  e  f  g  h  i  j  k  
<
>play w h3
<= 
<
>showboard
<= 
< 
<  8df88529604a1253
<  a  b  c  d  e  f  g  h  i  j  k  
< 1\.  .  W  .  .  .  .  .  W  .  .\1
<  2\.  .  .  .  .  .  B  .  B  .  .\2
<   3\B  .  .  .  W  .  W  W  .  .  .\3
<    4\.  .  .  .  W  W  B  B  .  .  .\4
<     5\.  .  .  .  .  .  .  .  .  .  .\5
<      6\.  .  .  .  .  .  .  .  .  .  .\6
<       7\.  .  W  .  .  .  B  .  .  .  .\7
<        8\.  .  .  .  .  .  .  B  .  W  .\8
<         9\.  .  .  .  .  .  .  .  .  .  .\9
<         10\W  .  .  .  .  .  .  .  B  .  .\10
<          11\.  .  .  B  .  .  .  B  .  .  .\11
<              a  b  c  d  e  f  g  h  i  j  k  
<
>genmove b
<= i3
<
>showboard
f3297 info: Winning SC.
<= 
< 
<  512cf7b4bf5b9129
<  a  b  c  d  e  f  g  h  i  j  k  
< 1\.  .  W  .  .  .  .  .  W  .  .\1
<  2\.  .  .  .  .  .  B  .  B  .  .\2
<   3\B  .  .  .  W  .  W  W  B  .  .\3
<    4\.  .  .  .  W  W  B  B  .  .  .\4
<     5\.  .  .  .  .  .  .  .  .  .  .\5
<      6\.  .  .  .  .  .  .  .  .  .  .\6
<       7\.  .  W  .  .  .  B  .  .  .  .\7
<        8\.  .  .  .  .  .  .  B  .  W  .\8
<         9\.  .  .  .  .  .  .  .  .  .  .\9
<         10\W  .  .  .  .  .  .  .  B  .  .\10
<          11\.  .  .  B  .  .  .  B  .  .  .\11
<              a  b  c  d  e  f  g  h  i  j  k  
<
>play w g6
<= 
<
>showboard
<= 
< 
<  31f73bbb1fb3c978
<  a  b  c  d  e  f  g  h  i  j  k  
< 1\.  .  W  .  .  .  .  .  W  .  .\1
<  2\.  .  .  .  .  .  B  .  B  .  .\2
<   3\B  .  .  .  W  .  W  W  B  .  .\3
<    4\.  .  .  .  W  W  B  B  .  .  .\4
<     5\.  .  .  .  .  .  .  .  .  .  .\5
<      6\.  .  .  .  .  .  W  .  .  .  .\6
<       7\.  .  W  .  .  .  B  .  .  .  .\7
<        8\.  .  .  .  .  .  .  B  .  W  .\8
<         9\.  .  .  .  .  .  .  .  .  .  .\9
<         10\W  .  .  .  .  .  .  .  B  .  .\10
<          11\.  .  .  B  .  .  .  B  .  .  .\11
<              a  b  c  d  e  f  g  h  i  j  k  
<
>genmove b
<= i5
<
>showboard
f3297 info: Winning SC.
<= 
< 
<  4112f4fd807dc87d
<  a  b  c  d  e  f  g  h  i  j  k  
< 1\.  .  W  .  .  .  .  .  W  .  .\1
<  2\.  .  .  .  .  .  B  .  B  .  .\2
<   3\B  .  .  .  W  .  W  W  B  .  .\3
<    4\.  .  .  .  W  W  B  B  .  .  .\4
<     5\.  .  .  .  .  .  .  .  B  .  .\5
<      6\.  .  .  .  .  .  W  .  .  .  .\6
<       7\.  .  W  .  .  .  B  .  .  .  .\7
<        8\.  .  .  .  .  .  .  B  .  W  .\8
<         9\.  .  .  .  .  .  .  .  .  .  .\9
<         10\W  .  .  .  .  .  .  .  B  .  .\10
<          11\.  .  .  B  .  .  .  B  .  .  .\11
<              a  b  c  d  e  f  g  h  i  j  k  
<
>play w h6
<= 
<
>showboard
<= 
< 
<  47d87b0a83008603
<  a  b  c  d  e  f  g  h  i  j  k  
< 1\.  .  W  .  .  .  .  .  W  .  .\1
<  2\.  .  .  .  .  .  B  .  B  .  .\2
<   3\B  .  .  .  W  .  W  W  B  .  .\3
<    4\.  .  .  .  W  W  B  B  .  .  .\4
<     5\.  .  .  .  .  .  .  .  B  .  .\5
<      6\.  .  .  .  .  .  W  W  .  .  .\6
<       7\.  .  W  .  .  .  B  .  .  .  .\7
<        8\.  .  .  .  .  .  .  B  .  W  .\8
<         9\.  .  .  .  .  .  .  .  .  .  .\9
<         10\W  .  .  .  .  .  .  .  B  .  .\10
<          11\.  .  .  B  .  .  .  B  .  .  .\11
<              a  b  c  d  e  f  g  h  i  j  k  
<
>genmove b
<= i6
<
>showboard
f3297 info: Winning SC.
<= 
< 
<  a9ab34cf99cf1acc
<  a  b  c  d  e  f  g  h  i  j  k  
< 1\.  .  W  .  .  .  .  .  W  .  .\1
<  2\.  .  .  .  .  .  B  .  B  .  .\2
<   3\B  .  .  .  W  .  W  W  B  .  .\3
<    4\.  .  .  .  W  W  B  B  .  .  .\4
<     5\.  .  .  .  .  .  .  .  B  .  .\5
<      6\.  .  .  .  .  .  W  W  B  .  .\6
<       7\.  .  W  .  .  .  B  .  .  .  .\7
<        8\.  .  .  .  .  .  .  B  .  W  .\8
<         9\.  .  .  .  .  .  .  .  .  .  .\9
<         10\W  .  .  .  .  .  .  .  B  .  .\10
<          11\.  .  .  B  .  .  .  B  .  .  .\11
<              a  b  c  d  e  f  g  h  i  j  k  
<
>play w h7
<= 
<
>showboard
<= 
< 
<  a866e4b5dbb82104
<  a  b  c  d  e  f  g  h  i  j  k  
< 1\.  .  W  .  .  .  .  .  W  .  .\1
<  2\.  .  .  .  .  .  B  .  B  .  .\2
<   3\B  .  .  .  W  .  W  W  B  .  .\3
<    4\.  .  .  .  W  W  B  B  .  .  .\4
<     5\.  .  .  .  .  .  .  .  B  .  .\5
<      6\.  .  .  .  .  .  W  W  B  .  .\6
<       7\.  .  W  .  .  .  B  W  .  .  .\7
<        8\.  .  .  .  .  .  .  B  .  W  .\8
<         9\.  .  .  .  .  .  .  .  .  .  .\9
<         10\W  .  .  .  .  .  .  .  B  .  .\10
<          11\.  .  .  B  .  .  .  B  .  .  .\11
<              a  b  c  d  e  f  g  h  i  j  k  
<
>genmove b
<= i7
<
>showboard
f3297 info: Winning SC.
<= 
< 
<  aba0db72c667cbfa
<  a  b  c  d  e  f  g  h  i  j  k  
< 1\.  .  W  .  .  .  .  .  W  .  .\1
<  2\.  .  .  .  .  .  B  .  B  .  .\2
<   3\B  .  .  .  W  .  W  W  B  .  .\3
<    4\.  .  .  .  W  W  B  B  .  .  .\4
<     5\.  .  .  .  .  .  .  .  B  .  .\5
<      6\.  .  .  .  .  .  W  W  B  .  .\6
<       7\.  .  W  .  .  .  B  W  B  .  .\7
<        8\.  .  .  .  .  .  .  B  .  W  .\8
<         9\.  .  .  .  .  .  .  .  .  .  .\9
<         10\W  .  .  .  .  .  .  .  B  .  .\10
<          11\.  .  .  B  .  .  .  B  .  .  .\11
<              a  b  c  d  e  f  g  h  i  j  k  
<
>play w g9
<= 
<
>showboard
<= 
< 
<  e23b97aaaf5aec48
<  a  b  c  d  e  f  g  h  i  j  k  
< 1\.  .  W  .  .  .  .  .  W  .  .\1
<  2\.  .  .  .  .  .  B  .  B  .  .\2
<   3\B  .  .  .  W  .  W  W  B  .  .\3
<    4\.  .  .  .  W  W  B  B  .  .  .\4
<     5\.  .  .  .  .  .  .  .  B  .  .\5
<      6\.  .  .  .  .  .  W  W  B  .  .\6
<       7\.  .  W  .  .  .  B  W  B  .  .\7
<        8\.  .  .  .  .  .  .  B  .  W  .\8
<         9\.  .  .  .  .  .  W  .  .  .  .\9
<         10\W  .  .  .  .  .  .  .  B  .  .\10
<          11\.  .  .  B  .  .  .  B  .  .  .\11
<              a  b  c  d  e  f  g  h  i  j  k  
<
>genmove b
<= h9
<
>showboard
f3297 info: Winning SC.
<= 
< 
<  01682b484c5952d7
<  a  b  c  d  e  f  g  h  i  j  k  
< 1\.  .  W  .  .  .  .  .  W  .  .\1
<  2\.  .  .  .  .  .  B  .  B  .  .\2
<   3\B  .  .  .  W  .  W  W  B  .  .\3
<    4\.  .  .  .  W  W  B  B  .  .  .\4
<     5\.  .  .  .  .  .  .  .  B  .  .\5
<      6\.  .  .  .  .  .  W  W  B  .  .\6
<       7\.  .  W  .  .  .  B  W  B  .  .\7
<        8\.  .  .  .  .  .  .  B  .  W  .\8
<         9\.  .  .  .  .  .  W  B  .  .  .\9
<         10\W  .  .  .  .  .  .  .  B  .  .\10
<          11\.  .  .  B  .  .  .  B  .  .  .\11
<              a  b  c  d  e  f  g  h  i  j  k  
<
>play w g1
<= 
<
>showboard
<= 
< 
<  a13127a236e72624
<  a  b  c  d  e  f  g  h  i  j  k  
< 1\.  .  W  .  .  .  W  .  W  .  .\1
<  2\.  .  .  .  .  .  B  .  B  .  .\2
<   3\B  .  .  .  W  .  W  W  B  .  .\3
<    4\.  .  .  .  W  W  B  B  .  .  .\4
<     5\.  .  .  .  .  .  .  .  B  .  .\5
<      6\.  .  .  .  .  .  W  W  B  .  .\6
<       7\.  .  W  .  .  .  B  W  B  .  .\7
<        8\.  .  .  .  .  .  .  B  .  W  .\8
<         9\.  .  .  .  .  .  W  B  .  .  .\9
<         10\W  .  .  .  .  .  .  .  B  .  .\10
<          11\.  .  .  B  .  .  .  B  .  .  .\11
<              a  b  c  d  e  f  g  h  i  j  k  
<
>genmove b
<= j1
<
>showboard
f3297 info: Winning SC.
<= 
< 
<  36362befd58ac9a8
<  a  b  c  d  e  f  g  h  i  j  k  
< 1\.  .  W  .  .  .  W  .  W  B  .\1
<  2\.  .  .  .  .  .  B  .  B  .  .\2
<   3\B  .  .  .  W  .  W  W  B  .  .\3
<    4\.  .  .  .  W  W  B  B  .  .  .\4
<     5\.  .  .  .  .  .  .  .  B  .  .\5
<      6\.  .  .  .  .  .  W  W  B  .  .\6
<       7\.  .  W  .  .  .  B  W  B  .  .\7
<        8\.  .  .  .  .  .  .  B  .  W  .\8
<         9\.  .  .  .  .  .  W  B  .  .  .\9
<         10\W  .  .  .  .  .  .  .  B  .  .\10
<          11\.  .  .  B  .  .  .  B  .  .  .\11
<              a  b  c  d  e  f  g  h  i  j  k  
<
>play w i4
<= 
<
>showboard
<= 
< 
<  a4e2cdd28ae0bdda
<  a  b  c  d  e  f  g  h  i  j  k  
< 1\.  .  W  .  .  .  W  .  W  B  .\1
<  2\.  .  .  .  .  .  B  .  B  .  .\2
<   3\B  .  .  .  W  .  W  W  B  .  .\3
<    4\.  .  .  .  W  W  B  B  W  .  .\4
<     5\.  .  .  .  .  .  .  .  B  .  .\5
<      6\.  .  .  .  .  .  W  W  B  .  .\6
<       7\.  .  W  .  .  .  B  W  B  .  .\7
<        8\.  .  .  .  .  .  .  B  .  W  .\8
<         9\.  .  .  .  .  .  W  B  .  .  .\9
<         10\W  .  .  .  .  .  .  .  B  .  .\10
<          11\.  .  .  B  .  .  .  B  .  .  .\11
<              a  b  c  d  e  f  g  h  i  j  k  
<
>genmove b
<= h5
<
>showboard
f3297 info: Winning SC.
<= 
< 
<  5e24a632183ac8b6
<  a  b  c  d  e  f  g  h  i  j  k  
< 1\.  .  W  .  .  .  W  .  W  B  .\1
<  2\.  .  .  .  .  .  B  .  B  .  .\2
<   3\B  .  .  .  W  .  W  W  B  .  .\3
<    4\.  .  .  .  W  W  B  B  W  .  .\4
<     5\.  .  .  .  .  .  .  B  B  .  .\5
<      6\.  .  .  .  .  .  W  W  B  .  .\6
<       7\.  .  W  .  .  .  B  W  B  .  .\7
<        8\.  .  .  .  .  .  .  B  .  W  .\8
<         9\.  .  .  .  .  .  W  B  .  .  .\9
<         10\W  .  .  .  .  .  .  .  B  .  .\10
<          11\.  .  .  B  .  .  .  B  .  .  .\11
<              a  b  c  d  e  f  g  h  i  j  k  
<
>play w e10
<= 
<
>showboard
<= 
< 
<  6b6179118aa5848b
<  a  b  c  d  e  f  g  h  i  j  k  
< 1\.  .  W  .  .  .  W  .  W  B  .\1
<  2\.  .  .  .  .  .  B  .  B  .  .\2
<   3\B  .  .  .  W  .  W  W  B  .  .\3
<    4\.  .  .  .  W  W  B  B  W  .  .\4
<     5\.  .  .  .  .  .  .  B  B  .  .\5
<      6\.  .  .  .  .  .  W  W  B  .  .\6
<       7\.  .  W  .  .  .  B  W  B  .  .\7
<        8\.  .  .  .  .  .  .  B  .  W  .\8
<         9\.  .  .  .  .  .  W  B  .  .  .\9
<         10\W  .  .  .  W  .  .  .  B  .  .\10
<          11\.  .  .  B  .  .  .  B  .  .  .\11
<              a  b  c  d  e  f  g  h  i  j  k  
<
>genmove b
<= h10
<
>showboard
f3297 info: Captured cells caused win! Removing...
f3297 info: Winning SC.
<= 
< 
<  a799711abd8788e9
<  a  b  c  d  e  f  g  h  i  j  k  
< 1\.  .  W  .  .  .  W  .  W  B  .\1
<  2\.  .  .  .  .  .  B  .  B  .  .\2
<   3\B  .  .  .  W  .  W  W  B  .  .\3
<    4\.  .  .  .  W  W  B  B  W  .  .\4
<     5\.  .  .  .  .  .  .  B  B  .  .\5
<      6\.  .  .  .  .  .  W  W  B  .  .\6
<       7\.  .  W  .  .  .  B  W  B  .  .\7
<        8\.  .  .  .  .  .  .  B  .  W  .\8
<         9\.  .  .  .  .  .  W  B  .  .  .\9
<         10\W  .  .  .  W  .  .  B  B  .  .\10
<          11\.  .  .  B  .  .  .  B  .  .  .\11
<              a  b  c  d  e  f  g  h  i  j  k  
<
>play w resign
<= 
<
>showboard
<= 
< 
<  a799711abd8788e9
<  a  b  c  d  e  f  g  h  i  j  k  
< 1\.  .  W  .  .  .  W  .  W  B  .\1
<  2\.  .  .  .  .  .  B  .  B  .  .\2
<   3\B  .  .  .  W  .  W  W  B  .  .\3
<    4\.  .  .  .  W  W  B  B  W  .  .\4
<     5\.  .  .  .  .  .  .  B  B  .  .\5
<      6\.  .  .  .  .  .  W  W  B  .  .\6
<       7\.  .  W  .  .  .  B  W  B  .  .\7
<        8\.  .  .  .  .  .  .  B  .  W  .\8
<         9\.  .  .  .  .  .  W  B  .  .  .\9
<         10\W  .  .  .  W  .  .  B  B  .  .\10
<          11\.  .  .  B  .  .  .  B  .  .  .\11
<              a  b  c  d  e  f  g  h  i  j  k  
<
>final_score
<= B+
<
>quit
<= 
<
