# nice ../build/src/mohex/mohex --config mohex-cg2010.htp --seed 464010 --logfile-name jobs/11x11-mohex-mohex-cg2010-vs-mohex-mohex-weak/mohex-mohex-cg2010-432.log
>boardsize 11 11
<= 
<
>name
MoHex 2.0.CMake Mar 21 2025
Copyright (C) 2007-2012 by the authors of the Benzene project.
This program comes with ABSOLUTELY NO WARRANTY. This is
free software and you are welcome to redistribute it under
certain conditions. Type `benzene-license' for details.

SgRandom::SetSeed: 464010
SgUctSearch: system memory 33632358400, using 1000000000 (5681818 nodes)
SgRandom::SetSeed: 1
SgRandom::SetSeed: 464010
8c0e7 info: Prior Patterns:
8c0e7 info: Global:
8c0e7 info: Size            = 565 32648 
8c0e7 info: TableEntries    = 65932 65910
8c0e7 info: MirrorsAdded    = 0 0
8c0e7 info: PrunableCount   = 30593 30629
8c0e7 info: LargestGamma    = 5820.77
8c0e7 info: SmallestGamma   = 6.6e-05
8c0e7 info: Local:
8c0e7 info: Size            = 550 5318 
8c0e7 info: TableEntries    = 11602 11588
8c0e7 info: MirrorsAdded    = 0 0
8c0e7 info: PrunableCount   = 3659 3667
8c0e7 info: LargestGamma    = 11281.8
8c0e7 info: SmallestGamma   = 0.026235
8c0e7 info: Playout Patterns:
8c0e7 info: Global:
8c0e7 info: Size            = 565 32648 
8c0e7 info: TableEntries    = 70329 70329
8c0e7 info: MirrorsAdded    = 4397 4419
8c0e7 info: PrunableCount   = 30593 30629
8c0e7 info: LargestGamma    = 5820.77
8c0e7 info: SmallestGamma   = 6.6e-05
8c0e7 info: Local:
8c0e7 info: Size            = 550 5318 
8c0e7 info: TableEntries    = 11602 11588
8c0e7 info: MirrorsAdded    = 0 0
8c0e7 info: PrunableCount   = 3659 3667
8c0e7 info: LargestGamma    = 11281.8
8c0e7 info: SmallestGamma   = 0.026235
param_game allow_swap 1
= 

param_mohex max_memory 32000000000
= 

param_mohex num_threads 1
= 

param_mohex max_time 1
= 

param_mohex max_games 1
= 

param_mohex knowledge_threshold 400
= 

param_mohex reuse_subtree 1
= 

param_mohex use_parallel_solver 0
= 

<= MoHex
<
>version
<= 2.0.CMake
<
>play b i8
<= 
<
>showboard
<= 
< 
<  627be8a9ca447b07
<  a  b  c  d  e  f  g  h  i  j  k  
< 1\.  .  .  .  .  .  .  .  .  .  .\1
<  2\.  .  .  .  .  .  .  .  .  .  .\2
<   3\.  .  .  .  .  .  .  .  .  .  .\3
<    4\.  .  .  .  .  .  .  .  .  .  .\4
<     5\.  .  .  .  .  .  .  .  .  .  .\5
<      6\.  .  .  .  .  .  .  .  .  .  .\6
<       7\.  .  .  .  .  .  .  .  .  .  .\7
<        8\.  .  .  .  .  .  .  .  B  .  .\8
<         9\.  .  .  .  .  .  .  .  .  .  .\9
<         10\.  .  .  .  .  .  .  .  .  .  .\10
<          11\.  .  .  .  .  .  .  .  .  .  .\11
<              a  b  c  d  e  f  g  h  i  j  k  
<
>play w swap-pieces
<= 
<
>genmove w
<= d8
<
>play b e7
8c0e7 info: Best move cannot be determined, must search state.
8c0e7 info: --- MoHexPlayer::Search() ---
8c0e7 info: Color: white
8c0e7 info: MaxGames: 1
8c0e7 info: NumberThreads: 1
8c0e7 info: MaxNodes: 181818181 (15999999928 bytes)
8c0e7 info: TimeForMove: 1
8c0e7 info: PreSearch: max time reached (53/88).
8c0e7 info: Time for PreSearch: 0.203965s
8c0e7 info: 
  627be8a9ca447b07
  a  b  c  d  e  f  g  h  i  j  k  
 1\.  .  .  *  *  *  *  *  *  *  .\1
  2\.  .  *  *  *  *  *  *  *  *  .\2
   3\.  *  *  .  *  *  *  *  *  *  .\3
    4\.  *  *  *  *  *  *  *  *  *  .\4
     5\.  *  *  *  *  *  *  *  *  *  .\5
      6\.  *  *  *  *  *  *  *  *  *  .\6
       7\.  *  *  *  *  *  *  *  *  .  .\7
        8\.  *  *  *  *  *  *  *  B  .  .\8
         9\.  *  *  *  *  *  *  .  *  *  .\9
         10\.  *  *  *  *  *  *  *  *  .  .\10
          11\.  *  *  *  *  *  *  *  .  .  .\11
              a  b  c  d  e  f  g  h  i  j  k  
8c0e7 info: No subtree to reuse.
8c0e7 info: Creating thread 0
8c0e7 info: StartSearch()[0]
SgUctSearch: max games reached
8c0e7 info: 
Elapsed Time   0.546066s
Count          1
GamesPlayed    1
Nodes          1
Knowledge      0 (0.0%)
Expansions     0.0
Time           0.00
GameLen        120.0 dev=0.0 min=120.0 max=120.0
InTree         0.0 dev=0.0 min=0.0 max=0.0
KnowDepth      -
Aborted        0%
Games/s        394.5
Score          0.00
Sequence      
8c0e7 info: 
8c0e7 warning: **** MoHexSearch returned empty sequence!
8c0e7 warning: **** Returning random move!
<= 
<
>genmove w
<= a9
<
>play b c4
8c0e7 info: Best move cannot be determined, must search state.
8c0e7 info: --- MoHexPlayer::Search() ---
8c0e7 info: Color: white
8c0e7 info: MaxGames: 1
8c0e7 info: NumberThreads: 1
8c0e7 info: MaxNodes: 181818181 (15999999928 bytes)
8c0e7 info: TimeForMove: 1
8c0e7 info: PreSearch: max time reached (50/88).
8c0e7 info: Time for PreSearch: 0.202229s
8c0e7 info: 
  6b6dab019864ce3d
  a  b  c  d  e  f  g  h  i  j  k  
 1\.  .  .  *  *  *  *  *  *  *  .\1
  2\.  .  *  *  *  *  *  *  *  *  .\2
   3\.  *  *  *  *  *  *  *  *  *  .\3
    4\.  *  *  *  *  *  *  *  *  *  .\4
     5\.  *  *  *  *  *  *  *  *  *  .\5
      6\.  *  *  *  *  *  *  *  *  *  .\6
       7\.  *  *  *  B  *  *  *  *  .  .\7
        8\.  *  *  W  *  *  *  *  B  .  .\8
         9\.  *  *  *  *  *  *  *  *  *  .\9
         10\.  *  *  *  *  *  *  *  *  .  .\10
          11\.  *  *  *  *  *  *  *  .  .  .\11
              a  b  c  d  e  f  g  h  i  j  k  
8c0e7 info: Old: [black, i8] [white, swap-pieces] 
8c0e7 info: New: [black, i8] [white, swap-pieces] [white, d8] [black, e7] 
8c0e7 info: ReuseSubtree: Colors do not alternate.
8c0e7 info: No subtree to reuse.
8c0e7 info: StartSearch()[0]
SgUctSearch: max games reached
8c0e7 info: 
Elapsed Time   0.343448s
Count          1
GamesPlayed    1
Nodes          1
Knowledge      0 (0.0%)
Expansions     0.0
Time           0.00
GameLen        118.0 dev=0.0 min=118.0 max=118.0
InTree         0.0 dev=0.0 min=0.0 max=0.0
KnowDepth      -
Aborted        0%
Games/s        3344.5
Score          0.00
Sequence      
8c0e7 info: 
8c0e7 warning: **** MoHexSearch returned empty sequence!
8c0e7 warning: **** Returning random move!
<= 
<
>genmove w
<= b2
<
>play b e3
8c0e7 info: Best move cannot be determined, must search state.
8c0e7 info: --- MoHexPlayer::Search() ---
8c0e7 info: Color: white
8c0e7 info: MaxGames: 1
8c0e7 info: NumberThreads: 1
8c0e7 info: MaxNodes: 181818181 (15999999928 bytes)
8c0e7 info: TimeForMove: 1
8c0e7 info: PreSearch: max time reached (54/85).
8c0e7 info: Time for PreSearch: 0.201942s
8c0e7 info: 
  bf797fdeb352fca3
  a  b  c  d  e  f  g  h  i  j  k  
 1\.  .  .  *  *  *  *  *  *  *  .\1
  2\.  .  *  *  *  *  *  *  *  *  .\2
   3\.  *  *  *  *  *  *  *  *  *  .\3
    4\.  .  B  *  *  *  *  *  *  *  .\4
     5\.  .  *  *  *  *  *  *  *  *  .\5
      6\.  *  *  *  *  *  *  *  *  *  .\6
       7\.  *  *  *  B  *  *  *  *  .  .\7
        8\.  *  *  W  *  *  *  *  B  .  .\8
         9\W  *  *  *  *  *  *  *  *  *  .\9
         10\.  *  *  *  *  *  *  *  *  .  .\10
          11\.  *  *  *  *  *  *  *  .  .  .\11
              a  b  c  d  e  f  g  h  i  j  k  
8c0e7 info: Old: [black, i8] [white, swap-pieces] [white, d8] [black, e7] 
8c0e7 info: New: [black, i8] [white, swap-pieces] [white, d8] [black, e7] [white, a9] [black, c4] 
8c0e7 info: MovesPlayed: [white, a9] [black, c4] 
8c0e7 info: No subtree to reuse.
8c0e7 info: StartSearch()[0]
SgUctSearch: max games reached
8c0e7 info: 
Elapsed Time   0.347454s
Count          1
GamesPlayed    1
Nodes          1
Knowledge      0 (0.0%)
Expansions     0.0
Time           0.00
GameLen        116.0 dev=0.0 min=116.0 max=116.0
InTree         0.0 dev=0.0 min=0.0 max=0.0
KnowDepth      -
Aborted        0%
Games/s        3236.2
Score          0.00
Sequence      
8c0e7 info: 
8c0e7 warning: **** MoHexSearch returned empty sequence!
8c0e7 warning: **** Returning random move!
<= 
<
>genmove w
<= c8
<
>play b e11
8c0e7 info: Best move cannot be determined, must search state.
8c0e7 info: --- MoHexPlayer::Search() ---
8c0e7 info: Color: white
8c0e7 info: MaxGames: 1
8c0e7 info: NumberThreads: 1
8c0e7 info: MaxNodes: 181818181 (15999999928 bytes)
8c0e7 info: TimeForMove: 1
8c0e7 info: PreSearch: max time reached (56/83).
8c0e7 info: Time for PreSearch: 0.202047s
8c0e7 info: 
  a9bc52d6b772a543
  a  b  c  d  e  f  g  h  i  j  k  
 1\b  b  .  *  *  *  *  *  *  *  .\1
  2\w  W  *  *  *  *  *  *  *  *  .\2
   3\w  .  *  *  B  *  *  *  *  *  .\3
    4\w  .  B  *  *  *  *  *  *  *  .\4
     5\.  .  *  *  *  *  *  *  *  *  .\5
      6\.  .  *  *  *  *  *  *  *  *  .\6
       7\.  *  *  *  B  *  *  *  *  .  .\7
        8\.  *  *  W  *  *  *  *  B  .  .\8
         9\W  *  *  *  *  *  *  *  *  *  .\9
         10\.  *  *  *  *  *  *  *  *  .  .\10
          11\.  *  *  *  *  *  *  *  .  .  .\11
              a  b  c  d  e  f  g  h  i  j  k  
8c0e7 info: Old: [black, i8] [white, swap-pieces] [white, d8] [black, e7] [white, a9] [black, c4] 
8c0e7 info: New: [black, i8] [white, swap-pieces] [white, d8] [black, e7] [white, a9] [black, c4] [white, b2] [black, e3] 
8c0e7 info: MovesPlayed: [white, b2] [black, e3] 
8c0e7 info: No subtree to reuse.
8c0e7 info: StartSearch()[0]
SgUctSearch: max games reached
8c0e7 info: 
Elapsed Time   0.554418s
Count          1
GamesPlayed    1
Nodes          1
Knowledge      0 (0.0%)
Expansions     0.0
Time           0.00
GameLen        109.0 dev=0.0 min=109.0 max=109.0
InTree         0.0 dev=0.0 min=0.0 max=0.0
KnowDepth      -
Aborted        0%
Games/s        3289.5
Score          0.00
Sequence      
8c0e7 info: 
8c0e7 warning: **** MoHexSearch returned empty sequence!
8c0e7 warning: **** Returning random move!
<= 
<
>genmove w
<= d1
<
>play b h3
8c0e7 info: Best move cannot be determined, must search state.
8c0e7 info: --- MoHexPlayer::Search() ---
8c0e7 info: Color: white
8c0e7 info: MaxGames: 1
8c0e7 info: NumberThreads: 1
8c0e7 info: MaxNodes: 181818181 (15999999928 bytes)
8c0e7 info: TimeForMove: 1
8c0e7 info: PreSearch: max time reached (53/78).
8c0e7 info: Time for PreSearch: 0.200951s
8c0e7 info: 
  f65bd56c6b13c262
  a  b  c  d  e  f  g  h  i  j  k  
 1\b  b  .  *  *  *  *  *  *  *  .\1
  2\w  W  *  *  *  *  *  *  *  *  .\2
   3\w  .  *  *  B  *  *  *  *  *  .\3
    4\w  .  B  *  *  *  *  *  *  *  .\4
     5\.  .  *  *  *  *  *  *  *  *  .\5
      6\.  *  *  *  *  *  *  *  *  *  .\6
       7\.  *  *  *  B  *  *  *  *  .  .\7
        8\.  *  W  W  *  *  *  *  B  .  .\8
         9\W  .  *  *  *  *  *  *  *  *  .\9
         10\.  *  *  *  *  *  *  *  *  .  .\10
          11\.  *  *  .  B  .  *  *  .  .  .\11
              a  b  c  d  e  f  g  h  i  j  k  
8c0e7 info: Old: [black, i8] [white, swap-pieces] [white, d8] [black, e7] [white, a9] [black, c4] [white, b2] [black, e3] 
8c0e7 info: New: [black, i8] [white, swap-pieces] [white, d8] [black, e7] [white, a9] [black, c4] [white, b2] [black, e3] [white, c8] [black, e11] 
8c0e7 info: MovesPlayed: [white, c8] [black, e11] 
8c0e7 info: No subtree to reuse.
8c0e7 info: StartSearch()[0]
SgUctSearch: max games reached
8c0e7 info: 
Elapsed Time   0.341846s
Count          1
GamesPlayed    1
Nodes          1
Knowledge      0 (0.0%)
Expansions     0.0
Time           0.00
GameLen        107.0 dev=0.0 min=107.0 max=107.0
InTree         0.0 dev=0.0 min=0.0 max=0.0
KnowDepth      -
Aborted        0%
Games/s        3623.2
Score          0.00
Sequence      
8c0e7 info: 
8c0e7 warning: **** MoHexSearch returned empty sequence!
8c0e7 warning: **** Returning random move!
<= 
<
>genmove w
<= b10
<
>play b f6
8c0e7 info: Best move cannot be determined, must search state.
8c0e7 info: --- MoHexPlayer::Search() ---
8c0e7 info: Color: white
8c0e7 info: MaxGames: 1
8c0e7 info: NumberThreads: 1
8c0e7 info: MaxNodes: 181818181 (15999999928 bytes)
8c0e7 info: TimeForMove: 1
8c0e7 info: Time for PreSearch: 0.177586s
8c0e7 info: 
  7b77884f26800c9e
  a  b  c  d  e  f  g  h  i  j  k  
 1\b  b  .  W  *  *  *  *  *  *  .\1
  2\w  W  .  .  *  *  *  *  *  *  .\2
   3\w  .  .  .  B  *  *  B  *  .  .\3
    4\w  .  B  .  *  *  *  .  .  .  .\4
     5\.  .  .  .  *  *  *  .  .  .  .\5
      6\.  .  .  .  *  *  *  .  .  .  .\6
       7\.  .  .  .  B  *  *  *  *  .  .\7
        8\.  .  W  W  *  *  *  *  B  .  .\8
         9\W  .  .  *  *  *  *  *  *  *  .\9
         10\.  *  *  *  *  *  *  *  *  .  .\10
          11\.  *  *  .  B  .  *  *  .  .  .\11
              a  b  c  d  e  f  g  h  i  j  k  
8c0e7 info: Old: [black, i8] [white, swap-pieces] [white, d8] [black, e7] [white, a9] [black, c4] [white, b2] [black, e3] [white, c8] [black, e11] 
8c0e7 info: New: [black, i8] [white, swap-pieces] [white, d8] [black, e7] [white, a9] [black, c4] [white, b2] [black, e3] [white, c8] [black, e11] [white, d1] [black, h3] 
8c0e7 info: MovesPlayed: [white, d1] [black, h3] 
8c0e7 info: No subtree to reuse.
8c0e7 info: StartSearch()[0]
SgUctSearch: max games reached
8c0e7 info: 
Elapsed Time   0.318744s
Count          1
GamesPlayed    1
Nodes          1
Knowledge      0 (0.0%)
Expansions     0.0
Time           0.00
GameLen        105.0 dev=0.0 min=105.0 max=105.0
InTree         0.0 dev=0.0 min=0.0 max=0.0
KnowDepth      -
Aborted        0%
Games/s        3610.1
Score          1.00
Sequence      
8c0e7 info: 
8c0e7 warning: **** MoHexSearch returned empty sequence!
8c0e7 warning: **** Returning random move!
<= 
<
>genmove w
<= d4
<
>play b g5
8c0e7 info: Best move cannot be determined, must search state.
8c0e7 info: --- MoHexPlayer::Search() ---
8c0e7 info: Color: white
8c0e7 info: MaxGames: 1
8c0e7 info: NumberThreads: 1
8c0e7 info: MaxNodes: 181818181 (15999999928 bytes)
8c0e7 info: TimeForMove: 1
8c0e7 info: Time for PreSearch: 0.071858s
8c0e7 info: 
  2c6d8e7fe0fea867
  a  b  c  d  e  f  g  h  i  j  k  
 1\b  b  w  W  .  .  .  .  .  .  .\1
  2\w  W  w  .  .  .  .  *  .  .  .\2
   3\w  w  .  .  B  .  .  B  .  .  .\3
    4\w  w  B  .  .  .  .  .  .  .  .\4
     5\w  w  .  .  .  .  .  .  .  .  .\5
      6\w  w  .  .  .  B  *  .  .  .  .\6
       7\w  w  w  .  B  .  *  .  .  .  .\7
        8\w  w  W  W  *  *  .  *  B  .  .\8
         9\W  w  w  .  *  *  .  *  *  *  .\9
         10\w  W  .  *  *  *  *  .  *  .  .\10
          11\w  .  .  .  B  .  *  *  .  .  .\11
              a  b  c  d  e  f  g  h  i  j  k  
8c0e7 info: Old: [black, i8] [white, swap-pieces] [white, d8] [black, e7] [white, a9] [black, c4] [white, b2] [black, e3] [white, c8] [black, e11] [white, d1] [black, h3] 
8c0e7 info: New: [black, i8] [white, swap-pieces] [white, d8] [black, e7] [white, a9] [black, c4] [white, b2] [black, e3] [white, c8] [black, e11] [white, d1] [black, h3] [white, b10] [black, f6] 
8c0e7 info: MovesPlayed: [white, b10] [black, f6] 
8c0e7 info: No subtree to reuse.
8c0e7 info: StartSearch()[0]
SgUctSearch: max games reached
8c0e7 info: 
Elapsed Time   0.214714s
Count          1
GamesPlayed    1
Nodes          1
Knowledge      0 (0.0%)
Expansions     0.0
Time           0.00
GameLen        86.0 dev=0.0 min=86.0 max=86.0
InTree         0.0 dev=0.0 min=0.0 max=0.0
KnowDepth      -
Aborted        0%
Games/s        3703.7
Score          0.00
Sequence      
8c0e7 info: 
8c0e7 warning: **** MoHexSearch returned empty sequence!
8c0e7 warning: **** Returning random move!
<= 
<
>genmove w
<= f10
<
>play b g7
8c0e7 info: Opponent has won; playing most blocking move.
<= 
<
>genmove w
<= i2
<
>play b e9
8c0e7 info: Opponent has won; playing most blocking move.
<= 
<
>genmove w
<= h4
<
>play b f4
8c0e7 info: Opponent has won; playing most blocking move.
<= 
<
>genmove w
<= f5
<
>play b g4
8c0e7 info: Opponent has won; playing most blocking move.
<= 
<
>genmove w
<= h1
<
>play b e10
8c0e7 info: Opponent has won; playing most blocking move.
<= 
<
>genmove w
<= f1
<
>play b g1
8c0e7 info: Opponent has won; playing most blocking move.
<= 
<
>genmove w
<= g2
<
>play b f2
8c0e7 info: Opponent has won; playing most blocking move.
<= 
<
>genmove w
<= f3
<
>play b e4
8c0e7 info: Captured cells caused win! Removing...
8c0e7 info: Opponent has won; playing most blocking move.
<= 
<
>genmove w
<= g6
<
>play b e8
8c0e7 info: Captured cells caused win! Removing...
8c0e7 info: Opponent has won; playing most blocking move.
<= 
<
>genmove w
<= resign
<
>final_score
<= B+
<
>quit
<= 
<
