ec7c7 config: MoHex v2.0.CMake Mar 21 2025.
ec7c7 config: ============ InitializeSystem ============
ec7c7 config: BenzeneProgram::InitRandom()
ec7c7 config: Seed = 277506
ec7c7 info: Prior Patterns:
ec7c7 info: Global:
ec7c7 info: Size            = 565 32648 
ec7c7 info: TableEntries    = 65932 65910
ec7c7 info: MirrorsAdded    = 0 0
ec7c7 info: PrunableCount   = 30593 30629
ec7c7 info: LargestGamma    = 5820.77
ec7c7 info: SmallestGamma   = 6.6e-05
ec7c7 info: Local:
ec7c7 info: Size            = 550 5318 
ec7c7 info: TableEntries    = 11602 11588
ec7c7 info: MirrorsAdded    = 0 0
ec7c7 info: PrunableCount   = 3659 3667
ec7c7 info: LargestGamma    = 11281.8
ec7c7 info: SmallestGamma   = 0.026235
ec7c7 info: Playout Patterns:
ec7c7 info: Global:
ec7c7 info: Size            = 565 32648 
ec7c7 info: TableEntries    = 70329 70329
ec7c7 info: MirrorsAdded    = 4397 4419
ec7c7 info: PrunableCount   = 30593 30629
ec7c7 info: LargestGamma    = 5820.77
ec7c7 info: SmallestGamma   = 6.6e-05
ec7c7 info: Local:
ec7c7 info: Size            = 550 5318 
ec7c7 info: TableEntries    = 11602 11588
ec7c7 info: MirrorsAdded    = 0 0
ec7c7 info: PrunableCount   = 3659 3667
ec7c7 info: LargestGamma    = 11281.8
ec7c7 info: SmallestGamma   = 0.026235
ec7c7 config: IcePatternSet: reading from '/home/linus/MoHex2.0/nfbranchfix/benzene-vanilla-cmake/share/ice-patterns.txt'.
ec7c7 config: IcePatternSet: parsed 708 patterns.
ec7c7 config: VCS: reading captured set patterns from '/home/linus/MoHex2.0/nfbranchfix/benzene-vanilla-cmake/share/vc-captured-set.txt'.
ec7c7 config: VCS:: parsed 2 patterns.
ec7c7 config: VCS: reading captured set patterns from '/home/linus/MoHex2.0/nfbranchfix/benzene-vanilla-cmake/share/vc-captured-set.txt'.
ec7c7 config: VCS:: parsed 2 patterns.
ec7c7 config: IcePatternSet: reading from '/home/linus/MoHex2.0/nfbranchfix/benzene-vanilla-cmake/share/ice-patterns.txt'.
ec7c7 config: IcePatternSet: parsed 708 patterns.
ec7c7 config: VCS: reading captured set patterns from '/home/linus/MoHex2.0/nfbranchfix/benzene-vanilla-cmake/share/vc-captured-set.txt'.
ec7c7 config: VCS:: parsed 2 patterns.
ec7c7 config: VCS: reading captured set patterns from '/home/linus/MoHex2.0/nfbranchfix/benzene-vanilla-cmake/share/vc-captured-set.txt'.
ec7c7 config: VCS:: parsed 2 patterns.
ec7c7 config: VCS: reading captured set patterns from '/home/linus/MoHex2.0/nfbranchfix/benzene-vanilla-cmake/share/vc-captured-set.txt'.
ec7c7 config: VCS:: parsed 2 patterns.
ec7c7 config: VCS: reading captured set patterns from '/home/linus/MoHex2.0/nfbranchfix/benzene-vanilla-cmake/share/vc-captured-set.txt'.
ec7c7 config: VCS:: parsed 2 patterns.
ec7c7 config: VCS: reading captured set patterns from '/home/linus/MoHex2.0/nfbranchfix/benzene-vanilla-cmake/share/vc-captured-set.txt'.
ec7c7 config: VCS:: parsed 2 patterns.
ec7c7 config: VCS: reading captured set patterns from '/home/linus/MoHex2.0/nfbranchfix/benzene-vanilla-cmake/share/vc-captured-set.txt'.
ec7c7 config: VCS:: parsed 2 patterns.
ec7c7 config: VCPattern: loading pattern templates from '/home/linus/MoHex2.0/nfbranchfix/benzene-vanilla-cmake/share/vc-patterns.txt'.
ec7c7 info: Best move cannot be determined, must search state.
ec7c7 info: --- MoHexPlayer::Search() ---
ec7c7 info: Color: white
ec7c7 info: MaxGames: 1
ec7c7 info: NumberThreads: 1
ec7c7 info: MaxNodes: 181818181 (15999999928 bytes)
ec7c7 info: TimeForMove: 1
ec7c7 info: PreSearch: max time reached (52/92).
ec7c7 info: Time for PreSearch: 0.202573s
ec7c7 info: 
  f655e1638ee67ca2
  a  b  c  d  e  f  g  h  i  j  k  
 1\.  .  .  *  *  *  *  *  *  *  .\1
  2\.  .  *  *  *  *  *  *  *  *  .\2
   3\.  *  *  *  *  *  *  *  *  *  .\3
    4\.  *  *  *  *  *  *  *  *  *  .\4
     5\.  *  *  *  *  *  *  *  *  *  .\5
      6\.  *  *  *  *  *  *  *  *  *  .\6
       7\.  *  *  *  *  *  *  *  *  *  .\7
        8\.  *  *  *  *  *  *  *  *  *  .\8
         9\.  *  *  *  *  *  *  *  *  *  .\9
         10\.  *  *  *  *  *  *  *  *  .  B\10
          11\.  *  *  *  *  *  *  .  b  b  b\11
              a  b  c  d  e  f  g  h  i  j  k  
ec7c7 info: No subtree to reuse.
ec7c7 info: Creating thread 0
ec7c7 info: StartSearch()[0]
ec7c7 config: VCS: reading captured set patterns from '/home/linus/MoHex2.0/nfbranchfix/benzene-vanilla-cmake/share/vc-captured-set.txt'.
ec7c7 config: VCS:: parsed 2 patterns.
ec7c7 config: VCS: reading captured set patterns from '/home/linus/MoHex2.0/nfbranchfix/benzene-vanilla-cmake/share/vc-captured-set.txt'.
ec7c7 config: VCS:: parsed 2 patterns.
ec7c7 info: 
Elapsed Time   0.371252s
Count          1
GamesPlayed    1
Nodes          1
Knowledge      0 (0.0%)
Expansions     0.0
Time           0.00
GameLen        117.0 dev=0.0 min=117.0 max=117.0
InTree         0.0 dev=0.0 min=0.0 max=0.0
KnowDepth      -
Aborted        0%
Games/s        363.0
Score          1.00
Sequence      
ec7c7 info: 
ec7c7 warning: **** MoHexSearch returned empty sequence!
ec7c7 warning: **** Returning random move!
ec7c7 info: Best move cannot be determined, must search state.
ec7c7 info: --- MoHexPlayer::Search() ---
ec7c7 info: Color: white
ec7c7 info: MaxGames: 1
ec7c7 info: NumberThreads: 1
ec7c7 info: MaxNodes: 181818181 (15999999928 bytes)
ec7c7 info: TimeForMove: 1
ec7c7 info: PreSearch: max time reached (42/82).
ec7c7 info: Time for PreSearch: 0.203119s
ec7c7 info: 
  bf042e38915f77a2
  a  b  c  d  e  f  g  h  i  j  k  
 1\.  .  .  *  .  b  b  b  b  .  .\1
  2\.  .  *  *  *  .  B  .  *  *  .\2
   3\.  *  *  *  *  *  W  *  *  *  .\3
    4\.  *  *  *  *  *  *  *  *  *  .\4
     5\.  *  *  *  *  *  *  *  *  *  .\5
      6\.  *  *  *  *  *  *  *  *  *  .\6
       7\.  *  *  *  *  *  *  *  *  *  .\7
        8\.  *  *  *  *  *  *  *  *  *  .\8
         9\.  *  *  *  *  *  *  *  *  *  .\9
         10\.  *  *  *  *  *  *  *  *  .  B\10
          11\.  *  *  *  *  *  *  .  b  b  b\11
              a  b  c  d  e  f  g  h  i  j  k  
ec7c7 info: Old: [black, k10] [white, swap-pieces] 
ec7c7 info: New: [black, k10] [white, swap-pieces] [white, g3] [black, g2] 
ec7c7 info: ReuseSubtree: Colors do not alternate.
ec7c7 info: No subtree to reuse.
ec7c7 info: StartSearch()[0]
ec7c7 info: 
Elapsed Time   0.381203s
Count          1
GamesPlayed    1
Nodes          1
Knowledge      0 (0.0%)
Expansions     0.0
Time           0.00
GameLen        111.0 dev=0.0 min=111.0 max=111.0
InTree         0.0 dev=0.0 min=0.0 max=0.0
KnowDepth      -
Aborted        0%
Games/s        3125.0
Score          1.00
Sequence      
ec7c7 info: 
ec7c7 warning: **** MoHexSearch returned empty sequence!
ec7c7 warning: **** Returning random move!
ec7c7 info: Best move cannot be determined, must search state.
ec7c7 info: --- MoHexPlayer::Search() ---
ec7c7 info: Color: white
ec7c7 info: MaxGames: 1
ec7c7 info: NumberThreads: 1
ec7c7 info: MaxNodes: 181818181 (15999999928 bytes)
ec7c7 info: TimeForMove: 1
ec7c7 info: PreSearch: max time reached (58/81).
ec7c7 info: Time for PreSearch: 0.200129s
ec7c7 info: 
  5f36d9b8107b6abb
  a  b  c  d  e  f  g  h  i  j  k  
 1\b  b  b  b  b  b  b  b  b  .  .\1
  2\B  b  .  *  *  .  B  .  *  *  .\2
   3\.  .  *  *  *  *  W  *  *  *  .\3
    4\.  .  *  *  *  *  *  *  *  *  .\4
     5\.  *  *  *  *  *  *  *  *  *  .\5
      6\.  *  *  *  *  *  *  *  *  *  .\6
       7\.  *  *  *  *  *  *  *  *  *  .\7
        8\.  *  *  *  *  *  *  *  *  *  .\8
         9\.  *  *  *  *  *  *  *  *  *  .\9
         10\.  *  *  *  *  *  *  *  *  *  B\10
          11\.  *  *  *  *  *  *  W  .  b  b\11
              a  b  c  d  e  f  g  h  i  j  k  
ec7c7 info: Old: [black, k10] [white, swap-pieces] [white, g3] [black, g2] 
ec7c7 info: New: [black, k10] [white, swap-pieces] [white, g3] [black, g2] [white, h11] [black, a2] 
ec7c7 info: MovesPlayed: [white, h11] [black, a2] 
ec7c7 info: No subtree to reuse.
ec7c7 info: StartSearch()[0]
ec7c7 info: 
Elapsed Time   0.343149s
Count          1
GamesPlayed    1
Nodes          1
Knowledge      0 (0.0%)
Expansions     0.0
Time           0.00
GameLen        104.0 dev=0.0 min=104.0 max=104.0
InTree         0.0 dev=0.0 min=0.0 max=0.0
KnowDepth      -
Aborted        0%
Games/s        3703.7
Score          1.00
Sequence      
ec7c7 info: 
ec7c7 warning: **** MoHexSearch returned empty sequence!
ec7c7 warning: **** Returning random move!
ec7c7 info: Best move cannot be determined, must search state.
ec7c7 info: --- MoHexPlayer::Search() ---
ec7c7 info: Color: white
ec7c7 info: MaxGames: 1
ec7c7 info: NumberThreads: 1
ec7c7 info: MaxNodes: 181818181 (15999999928 bytes)
ec7c7 info: TimeForMove: 1
ec7c7 info: PreSearch: max time reached (48/79).
ec7c7 info: Time for PreSearch: 0.20233s
ec7c7 info: 
  bba3684dbabfe401
  a  b  c  d  e  f  g  h  i  j  k  
 1\b  b  b  b  b  b  b  b  b  .  .\1
  2\B  b  .  *  *  .  B  .  *  *  .\2
   3\.  *  *  *  *  *  W  *  *  *  .\3
    4\.  *  *  *  W  .  *  *  *  *  .\4
     5\B  *  *  *  *  *  *  *  *  *  .\5
      6\.  *  *  *  *  *  *  *  *  *  .\6
       7\.  *  *  *  *  *  *  *  *  *  .\7
        8\.  *  *  *  *  *  *  *  *  *  .\8
         9\.  *  *  *  *  *  *  *  *  *  .\9
         10\.  *  *  *  *  *  *  *  *  *  B\10
          11\.  *  *  *  *  *  *  W  .  b  b\11
              a  b  c  d  e  f  g  h  i  j  k  
ec7c7 info: Old: [black, k10] [white, swap-pieces] [white, g3] [black, g2] [white, h11] [black, a2] 
ec7c7 info: New: [black, k10] [white, swap-pieces] [white, g3] [black, g2] [white, h11] [black, a2] [white, e4] [black, a5] 
ec7c7 info: MovesPlayed: [white, e4] [black, a5] 
ec7c7 info: No subtree to reuse.
ec7c7 info: StartSearch()[0]
ec7c7 info: 
Elapsed Time   0.517873s
Count          1
GamesPlayed    1
Nodes          1
Knowledge      0 (0.0%)
Expansions     0.0
Time           0.00
GameLen        102.0 dev=0.0 min=102.0 max=102.0
InTree         0.0 dev=0.0 min=0.0 max=0.0
KnowDepth      -
Aborted        0%
Games/s        3215.4
Score          0.00
Sequence      
ec7c7 info: 
ec7c7 warning: **** MoHexSearch returned empty sequence!
ec7c7 warning: **** Returning random move!
ec7c7 info: Best move cannot be determined, must search state.
ec7c7 info: --- MoHexPlayer::Search() ---
ec7c7 info: Color: white
ec7c7 info: MaxGames: 1
ec7c7 info: NumberThreads: 1
ec7c7 info: MaxNodes: 181818181 (15999999928 bytes)
ec7c7 info: TimeForMove: 1
ec7c7 info: PreSearch: max time reached (55/72).
ec7c7 info: Time for PreSearch: 0.20086s
ec7c7 info: 
  62ad176b43620683
  a  b  c  d  e  f  g  h  i  j  k  
 1\b  b  b  b  b  b  b  b  b  .  .\1
  2\B  b  b  b  b  b  B  .  *  *  .\2
   3\.  *  .  *  .  b  W  *  *  *  .\3
    4\.  .  *  *  W  W  *  *  *  *  .\4
     5\B  *  *  *  *  *  *  *  *  *  .\5
      6\.  *  *  *  *  *  *  *  *  *  .\6
       7\.  B  *  *  *  *  *  *  *  *  .\7
        8\.  *  *  *  *  *  *  *  *  *  .\8
         9\.  *  *  *  *  *  *  *  *  *  .\9
         10\.  *  *  *  *  *  *  *  *  *  B\10
          11\.  *  *  *  *  *  *  W  .  b  b\11
              a  b  c  d  e  f  g  h  i  j  k  
ec7c7 info: Old: [black, k10] [white, swap-pieces] [white, g3] [black, g2] [white, h11] [black, a2] [white, e4] [black, a5] 
ec7c7 info: New: [black, k10] [white, swap-pieces] [white, g3] [black, g2] [white, h11] [black, a2] [white, e4] [black, a5] [white, f4] [black, b7] 
ec7c7 info: MovesPlayed: [white, f4] [black, b7] 
ec7c7 info: No subtree to reuse.
ec7c7 info: StartSearch()[0]
ec7c7 info: 
Elapsed Time   0.343824s
Count          1
GamesPlayed    1
Nodes          1
Knowledge      0 (0.0%)
Expansions     0.0
Time           0.00
GameLen        95.0 dev=0.0 min=95.0 max=95.0
InTree         0.0 dev=0.0 min=0.0 max=0.0
KnowDepth      -
Aborted        0%
Games/s        3436.4
Score          0.00
Sequence      
ec7c7 info: 
ec7c7 warning: **** MoHexSearch returned empty sequence!
ec7c7 warning: **** Returning random move!
ec7c7 info: Best move cannot be determined, must search state.
ec7c7 info: --- MoHexPlayer::Search() ---
ec7c7 info: Color: white
ec7c7 info: MaxGames: 1
ec7c7 info: NumberThreads: 1
ec7c7 info: MaxNodes: 181818181 (15999999928 bytes)
ec7c7 info: TimeForMove: 1
ec7c7 info: PreSearch: max time reached (32/69).
ec7c7 info: Time for PreSearch: 0.206614s
ec7c7 info: 
  90c38fb7bf332adb
  a  b  c  d  e  f  g  h  i  j  k  
 1\b  b  b  b  b  b  b  b  b  .  .\1
  2\B  b  b  b  b  b  B  .  *  *  .\2
   3\.  *  .  *  .  b  W  .  *  *  .\3
    4\.  .  *  *  W  W  .  W  *  *  .\4
     5\B  *  *  *  *  *  *  *  *  *  .\5
      6\.  *  *  *  *  *  *  *  *  *  .\6
       7\.  B  *  *  *  *  *  *  *  *  .\7
        8\B  *  *  *  *  *  *  *  *  *  .\8
         9\.  *  *  *  *  *  *  *  *  *  .\9
         10\.  *  *  *  *  *  *  *  *  *  B\10
          11\.  *  *  *  *  *  *  W  .  b  b\11
              a  b  c  d  e  f  g  h  i  j  k  
ec7c7 info: Old: [black, k10] [white, swap-pieces] [white, g3] [black, g2] [white, h11] [black, a2] [white, e4] [black, a5] [white, f4] [black, b7] 
ec7c7 info: New: [black, k10] [white, swap-pieces] [white, g3] [black, g2] [white, h11] [black, a2] [white, e4] [black, a5] [white, f4] [black, b7] [white, h4] [black, a8] 
ec7c7 info: MovesPlayed: [white, h4] [black, a8] 
ec7c7 info: No subtree to reuse.
ec7c7 info: StartSearch()[0]
ec7c7 info: 
Elapsed Time   0.350846s
Count          1
GamesPlayed    1
Nodes          1
Knowledge      0 (0.0%)
Expansions     0.0
Time           0.00
GameLen        93.0 dev=0.0 min=93.0 max=93.0
InTree         0.0 dev=0.0 min=0.0 max=0.0
KnowDepth      -
Aborted        0%
Games/s        3215.4
Score          0.00
Sequence      
ec7c7 info: 
ec7c7 warning: **** MoHexSearch returned empty sequence!
ec7c7 warning: **** Returning random move!
ec7c7 info: Best move cannot be determined, must search state.
ec7c7 info: --- MoHexPlayer::Search() ---
ec7c7 info: Color: white
ec7c7 info: MaxGames: 1
ec7c7 info: NumberThreads: 1
ec7c7 info: MaxNodes: 181818181 (15999999928 bytes)
ec7c7 info: TimeForMove: 1
ec7c7 info: PreSearch: max time reached (32/59).
ec7c7 info: Time for PreSearch: 0.200727s
ec7c7 info: 
  c763d57cbffc93ff
  a  b  c  d  e  f  g  h  i  j  k  
 1\b  b  b  b  b  b  b  b  .  *  .\1
  2\B  b  b  b  b  b  B  W  .  *  .\2
   3\b  b  b  b  b  b  W  w  .  .  .\3
    4\b  b  b  B  W  W  w  W  .  .  .\4
     5\B  b  .  *  .  .  .  *  *  *  .\5
      6\w  *  *  *  *  *  *  *  *  *  .\6
       7\w  B  *  *  *  *  *  *  *  *  .\7
        8\B  *  *  *  *  *  *  *  *  *  .\8
         9\.  *  *  *  *  *  *  *  *  *  .\9
         10\.  *  *  *  *  *  *  *  *  *  B\10
          11\.  *  *  *  *  *  *  W  .  b  b\11
              a  b  c  d  e  f  g  h  i  j  k  
ec7c7 info: Old: [black, k10] [white, swap-pieces] [white, g3] [black, g2] [white, h11] [black, a2] [white, e4] [black, a5] [white, f4] [black, b7] [white, h4] [black, a8] 
ec7c7 info: New: [black, k10] [white, swap-pieces] [white, g3] [black, g2] [white, h11] [black, a2] [white, e4] [black, a5] [white, f4] [black, b7] [white, h4] [black, a8] [white, h2] [black, d4] 
ec7c7 info: MovesPlayed: [white, h2] [black, d4] 
ec7c7 info: No subtree to reuse.
ec7c7 info: StartSearch()[0]
ec7c7 info: 
Elapsed Time   0.34842s
Count          1
GamesPlayed    1
Nodes          1
Knowledge      0 (0.0%)
Expansions     0.0
Time           0.00
GameLen        79.0 dev=0.0 min=79.0 max=79.0
InTree         0.0 dev=0.0 min=0.0 max=0.0
KnowDepth      -
Aborted        0%
Games/s        3773.6
Score          1.00
Sequence      
ec7c7 info: 
ec7c7 warning: **** MoHexSearch returned empty sequence!
ec7c7 warning: **** Returning random move!
ec7c7 info: Best move cannot be determined, must search state.
ec7c7 info: --- MoHexPlayer::Search() ---
ec7c7 info: Color: white
ec7c7 info: MaxGames: 1
ec7c7 info: NumberThreads: 1
ec7c7 info: MaxNodes: 181818181 (15999999928 bytes)
ec7c7 info: TimeForMove: 1
ec7c7 info: Time for PreSearch: 0.089818s
ec7c7 info: 
  f07a64a786af6774
  a  b  c  d  e  f  g  h  i  j  k  
 1\b  b  b  b  b  b  b  b  W  .  .\1
  2\B  b  b  b  b  b  B  W  w  .  .\2
   3\b  b  b  b  b  b  W  w  .  .  .\3
    4\b  b  b  B  W  W  w  W  .  .  .\4
     5\B  b  .  *  .  .  .  .  .  .  .\5
      6\w  *  *  .  .  .  .  .  .  .  .\6
       7\w  B  .  .  .  .  .  .  .  .  .\7
        8\B  *  .  .  .  .  .  *  *  *  .\8
         9\.  *  *  *  *  *  *  *  *  B  b\9
         10\.  *  *  *  *  *  *  *  .  b  B\10
          11\.  *  *  *  *  *  *  W  b  b  b\11
              a  b  c  d  e  f  g  h  i  j  k  
ec7c7 info: Old: [black, k10] [white, swap-pieces] [white, g3] [black, g2] [white, h11] [black, a2] [white, e4] [black, a5] [white, f4] [black, b7] [white, h4] [black, a8] [white, h2] [black, d4] 
ec7c7 info: New: [black, k10] [white, swap-pieces] [white, g3] [black, g2] [white, h11] [black, a2] [white, e4] [black, a5] [white, f4] [black, b7] [white, h4] [black, a8] [white, h2] [black, d4] [white, i1] [black, j9] 
ec7c7 info: MovesPlayed: [white, i1] [black, j9] 
ec7c7 info: No subtree to reuse.
ec7c7 info: StartSearch()[0]
ec7c7 info: 
Elapsed Time   0.235244s
Count          1
GamesPlayed    1
Nodes          1
Knowledge      0 (0.0%)
Expansions     0.0
Time           0.00
GameLen        73.0 dev=0.0 min=73.0 max=73.0
InTree         0.0 dev=0.0 min=0.0 max=0.0
KnowDepth      -
Aborted        0%
Games/s        3703.7
Score          0.00
Sequence      
ec7c7 info: 
ec7c7 warning: **** MoHexSearch returned empty sequence!
ec7c7 warning: **** Returning random move!
ec7c7 info: Opponent has won; playing most blocking move.
ec7c7 info: Opponent has won; playing most blocking move.
ec7c7 info: Opponent has won; playing most blocking move.
ec7c7 info: Opponent has won; playing most blocking move.
ec7c7 info: Captured cells caused win! Removing...
ec7c7 info: Opponent has won; playing most blocking move.
ec7c7 info: Captured cells caused win! Removing...
ec7c7 info: Opponent has won; playing most blocking move.
ec7c7 info: Captured cells caused win! Removing...
ec7c7 info: Opponent has won; playing most blocking move.
ec7c7 info: Captured cells caused win! Removing...
ec7c7 info: Opponent has won; playing most blocking move.
ec7c7 config: ============ BenzeneShutdown =============
ec7c7 config: MoHexProgram:: ShutdownSystem()
ec7c7 config: CommonProgram:: ShutdownSystem()
ec7c7 config: BenzeneProgram:: ShutdownSystem()
Flushing and closing this stream...
