# nice ../build/src/mohex/mohex --config mohex-weak.htp --seed 630730 --logfile-name jobs/11x11-mohex-mohex-cg2010-vs-mohex-mohex-weak/mohex-mohex-weak-258.log
>boardsize 11 11
MoHex 2.0.CMake Mar 21 2025
Copyright (C) 2007-2012 by the authors of the Benzene project.
This program comes with ABSOLUTELY NO WARRANTY. This is
free software and you are welcome to redistribute it under
certain conditions. Type `benzene-license' for details.

SgRandom::SetSeed: 630730
SgUctSearch: system memory 33632358400, using 1000000000 (5681818 nodes)
SgRandom::SetSeed: 1
SgRandom::SetSeed: 630730
302e7 info: Prior Patterns:
302e7 info: Global:
302e7 info: Size            = 565 32648 
302e7 info: TableEntries    = 65932 65910
302e7 info: MirrorsAdded    = 0 0
302e7 info: PrunableCount   = 30593 30629
302e7 info: LargestGamma    = 5820.77
302e7 info: SmallestGamma   = 6.6e-05
302e7 info: Local:
302e7 info: Size            = 550 5318 
302e7 info: TableEntries    = 11602 11588
302e7 info: MirrorsAdded    = 0 0
302e7 info: PrunableCount   = 3659 3667
302e7 info: LargestGamma    = 11281.8
302e7 info: SmallestGamma   = 0.026235
302e7 info: Playout Patterns:
302e7 info: Global:
302e7 info: Size            = 565 32648 
302e7 info: TableEntries    = 70329 70329
302e7 info: MirrorsAdded    = 4397 4419
302e7 info: PrunableCount   = 30593 30629
302e7 info: LargestGamma    = 5820.77
302e7 info: SmallestGamma   = 6.6e-05
302e7 info: Local:
302e7 info: Size            = 550 5318 
302e7 info: TableEntries    = 11602 11588
302e7 info: MirrorsAdded    = 0 0
302e7 info: PrunableCount   = 3659 3667
302e7 info: LargestGamma    = 11281.8
302e7 info: SmallestGamma   = 0.026235
<= 
<
>name
param_game allow_swap 1
= 

param_mohex max_memory 1600000
= 

param_mohex num_threads 1
= 

param_mohex max_time 1
= 

param_mohex max_games 1
= 

param_mohex knowledge_threshold 400
= 

param_mohex reuse_subtree 1
= 

param_mohex use_parallel_solver 0
= 

<= MoHex
<
>version
<= 2.0.CMake
<
>play b a9
<= 
<
>genmove w
<= i6
<
>play b b5
302e7 info: SwapCheck: reading from '/home/linus/MoHex2.0/nfbranchfix/benzene-vanilla-cmake/share/swap-moves.txt'.
302e7 info: SwapCheck: opting not to swap.
302e7 info: Best move cannot be determined, must search state.
302e7 info: --- MoHexPlayer::Search() ---
302e7 info: Color: white
302e7 info: MaxGames: 1
302e7 info: NumberThreads: 1
302e7 info: MaxNodes: 9090 (799920 bytes)
302e7 info: TimeForMove: 1
302e7 info: PreSearch: max time reached (57/91).
302e7 info: Time for PreSearch: 0.201437s
302e7 info: 
  e193f7e1b23cba7f
  a  b  c  d  e  f  g  h  i  j  k  
 1\.  .  .  *  *  *  *  *  .  *  .\1
  2\.  .  *  *  *  *  *  *  *  *  .\2
   3\.  *  *  *  *  *  *  *  *  *  .\3
    4\.  *  *  *  *  *  *  *  *  *  .\4
     5\.  *  *  *  *  *  *  *  *  *  .\5
      6\.  *  *  *  *  *  *  *  *  *  .\6
       7\.  *  *  *  *  *  *  *  *  *  .\7
        8\.  *  *  *  *  *  *  *  *  *  .\8
         9\B  *  *  *  *  *  *  *  *  *  .\9
         10\.  *  *  *  *  *  *  *  *  .  .\10
          11\.  *  .  *  *  *  *  *  .  .  .\11
              a  b  c  d  e  f  g  h  i  j  k  
302e7 info: No subtree to reuse.
302e7 info: Creating thread 0
302e7 info: StartSearch()[0]
SgUctSearch: max games reached
302e7 info: 
Elapsed Time   0.452555s
Count          1
GamesPlayed    1
Nodes          1
Knowledge      0 (0.0%)
Expansions     0.0
Time           0.00
GameLen        120.0 dev=0.0 min=120.0 max=120.0
InTree         0.0 dev=0.0 min=0.0 max=0.0
KnowDepth      -
Aborted        0%
Games/s        300.8
Score          0.00
Sequence      
302e7 info: 
302e7 warning: **** MoHexSearch returned empty sequence!
302e7 warning: **** Returning random move!
<= 
<
>genmove w
<= c4
<
>play b b8
302e7 info: Best move cannot be determined, must search state.
302e7 info: --- MoHexPlayer::Search() ---
302e7 info: Color: white
302e7 info: MaxGames: 1
302e7 info: NumberThreads: 1
302e7 info: MaxNodes: 9090 (799920 bytes)
302e7 info: TimeForMove: 1
302e7 info: PreSearch: max time reached (54/90).
302e7 info: Time for PreSearch: 0.201657s
302e7 info: 
  2dac96778de262dd
  a  b  c  d  e  f  g  h  i  j  k  
 1\.  .  .  *  *  *  *  *  *  *  .\1
  2\.  .  *  *  *  *  *  *  *  *  .\2
   3\.  *  *  *  *  *  *  *  *  *  .\3
    4\.  *  *  *  *  *  *  *  *  *  .\4
     5\.  B  *  *  *  *  *  *  *  *  .\5
      6\.  *  *  *  *  *  *  *  W  .  .\6
       7\.  *  *  *  *  *  *  *  *  *  .\7
        8\.  *  *  *  *  *  *  *  *  *  .\8
         9\B  *  *  *  *  *  *  *  *  *  .\9
         10\.  *  *  *  *  *  *  *  *  .  .\10
          11\.  *  *  *  *  *  *  *  .  .  .\11
              a  b  c  d  e  f  g  h  i  j  k  
302e7 info: Old: [black, a9] 
302e7 info: New: [black, a9] [white, i6] [black, b5] 
302e7 info: MovesPlayed: [white, i6] [black, b5] 
302e7 info: No subtree to reuse.
302e7 info: StartSearch()[0]
SgUctSearch: max games reached
302e7 info: 
Elapsed Time   3.42524s
Count          1
GamesPlayed    1
Nodes          1
Knowledge      0 (0.0%)
Expansions     0.0
Time           0.00
GameLen        118.0 dev=0.0 min=118.0 max=118.0
InTree         0.0 dev=0.0 min=0.0 max=0.0
KnowDepth      -
Aborted        0%
Games/s        2732.2
Score          0.00
Sequence      
302e7 info: 
302e7 warning: **** MoHexSearch returned empty sequence!
302e7 warning: **** Returning random move!
<= 
<
>genmove w
<= f1
<
>play b b6
302e7 info: Best move cannot be determined, must search state.
302e7 info: --- MoHexPlayer::Search() ---
302e7 info: Color: white
302e7 info: MaxGames: 1
302e7 info: NumberThreads: 1
302e7 info: MaxNodes: 9090 (799920 bytes)
302e7 info: TimeForMove: 1
302e7 info: PreSearch: max time reached (54/88).
302e7 info: Time for PreSearch: 0.20111s
302e7 info: 
  9f1b6fb1918a0429
  a  b  c  d  e  f  g  h  i  j  k  
 1\.  .  .  *  *  *  *  *  *  *  .\1
  2\.  .  *  *  *  *  *  *  *  *  .\2
   3\.  *  *  *  *  *  *  *  *  *  .\3
    4\.  *  W  *  *  *  *  *  *  *  .\4
     5\.  B  *  *  *  *  *  *  *  *  .\5
      6\.  *  *  *  *  *  *  *  W  .  .\6
       7\.  *  *  *  *  *  *  *  *  *  .\7
        8\.  B  *  *  *  *  *  *  *  *  .\8
         9\B  *  *  *  *  *  *  *  *  *  .\9
         10\.  *  *  *  *  *  *  *  *  .  .\10
          11\.  *  *  *  *  *  *  *  .  .  .\11
              a  b  c  d  e  f  g  h  i  j  k  
302e7 info: Old: [black, a9] [white, i6] [black, b5] 
302e7 info: New: [black, a9] [white, i6] [black, b5] [white, c4] [black, b8] 
302e7 info: MovesPlayed: [white, c4] [black, b8] 
302e7 info: No subtree to reuse.
302e7 info: StartSearch()[0]
SgUctSearch: max games reached
302e7 info: 
Elapsed Time   0.347487s
Count          1
GamesPlayed    1
Nodes          1
Knowledge      0 (0.0%)
Expansions     0.0
Time           0.00
GameLen        116.0 dev=0.0 min=116.0 max=116.0
InTree         0.0 dev=0.0 min=0.0 max=0.0
KnowDepth      -
Aborted        0%
Games/s        3144.7
Score          1.00
Sequence      
302e7 info: 
302e7 warning: **** MoHexSearch returned empty sequence!
302e7 warning: **** Returning random move!
<= 
<
>genmove w
<= d4
<
>play b c8
302e7 info: Best move cannot be determined, must search state.
302e7 info: --- MoHexPlayer::Search() ---
302e7 info: Color: white
302e7 info: MaxGames: 1
302e7 info: NumberThreads: 1
302e7 info: MaxNodes: 9090 (799920 bytes)
302e7 info: TimeForMove: 1
302e7 info: PreSearch: max time reached (55/86).
302e7 info: Time for PreSearch: 0.201197s
302e7 info: 
  9cbbee3e2bd72c91
  a  b  c  d  e  f  g  h  i  j  k  
 1\.  .  .  *  *  W  *  *  *  *  .\1
  2\.  .  *  *  *  *  *  *  *  *  .\2
   3\.  *  *  *  *  *  *  *  *  *  .\3
    4\.  *  W  *  *  *  *  *  *  *  .\4
     5\.  B  *  *  *  *  *  *  *  *  .\5
      6\b  B  *  *  *  *  *  *  W  .  .\6
       7\w  *  *  *  *  *  *  *  *  *  .\7
        8\w  B  *  *  *  *  *  *  *  *  .\8
         9\B  *  *  *  *  *  *  *  *  *  .\9
         10\.  *  *  *  *  *  *  *  *  .  .\10
          11\.  *  *  *  *  *  *  *  .  .  .\11
              a  b  c  d  e  f  g  h  i  j  k  
302e7 info: Old: [black, a9] [white, i6] [black, b5] [white, c4] [black, b8] 
302e7 info: New: [black, a9] [white, i6] [black, b5] [white, c4] [black, b8] [white, f1] [black, b6] 
302e7 info: MovesPlayed: [white, f1] [black, b6] 
302e7 info: No subtree to reuse.
302e7 info: StartSearch()[0]
SgUctSearch: max games reached
302e7 info: 
Elapsed Time   0.345954s
Count          1
GamesPlayed    1
Nodes          1
Knowledge      0 (0.0%)
Expansions     0.0
Time           0.00
GameLen        111.0 dev=0.0 min=111.0 max=111.0
InTree         0.0 dev=0.0 min=0.0 max=0.0
KnowDepth      -
Aborted        0%
Games/s        2958.6
Score          0.00
Sequence      
302e7 info: 
302e7 warning: **** MoHexSearch returned empty sequence!
302e7 warning: **** Returning random move!
<= 
<
>genmove w
<= j11
<
>play b i7
302e7 info: Best move cannot be determined, must search state.
302e7 info: --- MoHexPlayer::Search() ---
302e7 info: Color: white
302e7 info: MaxGames: 1
302e7 info: NumberThreads: 1
302e7 info: MaxNodes: 9090 (799920 bytes)
302e7 info: TimeForMove: 1
302e7 info: PreSearch: max time reached (46/82).
302e7 info: Time for PreSearch: 0.201102s
302e7 info: 
  f48c1e86ce6996b6
  a  b  c  d  e  f  g  h  i  j  k  
 1\.  .  .  *  *  W  *  *  *  *  .\1
  2\.  .  .  *  *  *  *  *  *  *  .\2
   3\.  *  *  *  *  *  *  *  *  *  .\3
    4\.  *  W  W  *  *  *  *  *  *  .\4
     5\.  B  .  *  *  *  *  *  *  *  .\5
      6\b  B  *  *  *  *  *  *  W  .  .\6
       7\w  *  *  *  *  *  *  *  *  *  .\7
        8\w  B  B  *  *  *  *  *  *  *  .\8
         9\B  .  *  *  *  *  *  *  *  *  .\9
         10\.  *  *  *  *  *  *  *  *  .  .\10
          11\.  *  *  *  *  *  *  *  .  .  .\11
              a  b  c  d  e  f  g  h  i  j  k  
302e7 info: Old: [black, a9] [white, i6] [black, b5] [white, c4] [black, b8] [white, f1] [black, b6] 
302e7 info: New: [black, a9] [white, i6] [black, b5] [white, c4] [black, b8] [white, f1] [black, b6] [white, d4] [black, c8] 
302e7 info: MovesPlayed: [white, d4] [black, c8] 
302e7 info: No subtree to reuse.
302e7 info: StartSearch()[0]
SgUctSearch: max games reached
302e7 info: 
Elapsed Time   0.346551s
Count          1
GamesPlayed    1
Nodes          1
Knowledge      0 (0.0%)
Expansions     0.0
Time           0.00
GameLen        109.0 dev=0.0 min=109.0 max=109.0
InTree         0.0 dev=0.0 min=0.0 max=0.0
KnowDepth      -
Aborted        0%
Games/s        3389.8
Score          1.00
Sequence      
302e7 info: 
302e7 warning: **** MoHexSearch returned empty sequence!
302e7 warning: **** Returning random move!
<= 
<
>genmove w
<= g1
<
>play b j3
302e7 info: Best move cannot be determined, must search state.
302e7 info: --- MoHexPlayer::Search() ---
302e7 info: Color: white
302e7 info: MaxGames: 1
302e7 info: NumberThreads: 1
302e7 info: MaxNodes: 9090 (799920 bytes)
302e7 info: TimeForMove: 1
302e7 info: PreSearch: max time reached (59/80).
302e7 info: Time for PreSearch: 0.202303s
302e7 info: 
  29d526116e55e12a
  a  b  c  d  e  f  g  h  i  j  k  
 1\.  .  .  *  *  W  *  *  *  *  .\1
  2\.  .  .  *  *  *  *  *  *  *  .\2
   3\.  *  *  *  *  *  *  *  *  *  .\3
    4\.  *  W  W  *  *  *  *  *  *  .\4
     5\.  B  .  *  *  *  *  *  *  *  .\5
      6\b  B  *  *  *  *  *  *  W  .  .\6
       7\w  *  *  *  *  *  *  *  B  .  .\7
        8\w  B  B  *  *  *  *  *  *  *  .\8
         9\B  .  *  *  *  *  *  *  *  *  w\9
         10\.  *  *  *  *  *  *  *  *  .  w\10
          11\.  *  *  *  *  *  *  *  .  W  w\11
              a  b  c  d  e  f  g  h  i  j  k  
302e7 info: Old: [black, a9] [white, i6] [black, b5] [white, c4] [black, b8] [white, f1] [black, b6] [white, d4] [black, c8] 
302e7 info: New: [black, a9] [white, i6] [black, b5] [white, c4] [black, b8] [white, f1] [black, b6] [white, d4] [black, c8] [white, j11] [black, i7] 
302e7 info: MovesPlayed: [white, j11] [black, i7] 
302e7 info: No subtree to reuse.
302e7 info: StartSearch()[0]
SgUctSearch: max games reached
302e7 info: 
Elapsed Time   0.347852s
Count          1
GamesPlayed    1
Nodes          1
Knowledge      0 (0.0%)
Expansions     0.0
Time           0.00
GameLen        104.0 dev=0.0 min=104.0 max=104.0
InTree         0.0 dev=0.0 min=0.0 max=0.0
KnowDepth      -
Aborted        0%
Games/s        3424.7
Score          0.00
Sequence      
302e7 info: 
302e7 warning: **** MoHexSearch returned empty sequence!
302e7 warning: **** Returning random move!
<= 
<
>genmove w
<= g11
<
>play b d1
302e7 info: Best move cannot be determined, must search state.
302e7 info: --- MoHexPlayer::Search() ---
302e7 info: Color: white
302e7 info: MaxGames: 1
302e7 info: NumberThreads: 1
302e7 info: MaxNodes: 9090 (799920 bytes)
302e7 info: TimeForMove: 1
302e7 info: PreSearch: max time reached (61/78).
302e7 info: Time for PreSearch: 0.203024s
302e7 info: 
  a35152cbbb2d3d6e
  a  b  c  d  e  f  g  h  i  j  k  
 1\.  .  .  *  *  W  W  *  *  *  .\1
  2\.  .  .  *  *  *  *  *  *  *  .\2
   3\.  *  *  *  *  *  *  *  *  B  .\3
    4\.  *  W  W  *  *  *  *  *  *  .\4
     5\.  B  .  *  *  *  *  *  *  *  .\5
      6\b  B  *  *  *  *  *  *  W  .  .\6
       7\w  *  *  *  *  *  *  *  B  .  .\7
        8\w  B  B  *  *  *  *  *  *  *  .\8
         9\B  .  *  *  *  *  *  *  *  *  w\9
         10\.  *  *  *  *  *  *  *  *  .  w\10
          11\.  *  *  *  *  *  *  *  .  W  w\11
              a  b  c  d  e  f  g  h  i  j  k  
302e7 info: Old: [black, a9] [white, i6] [black, b5] [white, c4] [black, b8] [white, f1] [black, b6] [white, d4] [black, c8] [white, j11] [black, i7] 
302e7 info: New: [black, a9] [white, i6] [black, b5] [white, c4] [black, b8] [white, f1] [black, b6] [white, d4] [black, c8] [white, j11] [black, i7] [white, g1] [black, j3] 
302e7 info: MovesPlayed: [white, g1] [black, j3] 
302e7 info: No subtree to reuse.
302e7 info: StartSearch()[0]
SgUctSearch: max games reached
302e7 info: 
Elapsed Time   0.346555s
Count          1
GamesPlayed    1
Nodes          1
Knowledge      0 (0.0%)
Expansions     0.0
Time           0.00
GameLen        102.0 dev=0.0 min=102.0 max=102.0
InTree         0.0 dev=0.0 min=0.0 max=0.0
KnowDepth      -
Aborted        0%
Games/s        3389.8
Score          0.00
Sequence      
302e7 info: 
302e7 warning: **** MoHexSearch returned empty sequence!
302e7 warning: **** Returning random move!
<= 
<
>genmove w
<= c1
<
>play b i9
302e7 info: Best move cannot be determined, must search state.
302e7 info: --- MoHexPlayer::Search() ---
302e7 info: Color: white
302e7 info: MaxGames: 1
302e7 info: NumberThreads: 1
302e7 info: MaxNodes: 9090 (799920 bytes)
302e7 info: TimeForMove: 1
302e7 info: PreSearch: max time reached (66/75).
302e7 info: Time for PreSearch: 0.201192s
302e7 info: 
  cfedd4ca33f09eec
  a  b  c  d  e  f  g  h  i  j  k  
 1\.  .  .  B  .  W  W  *  *  *  .\1
  2\.  .  .  *  *  *  *  *  *  *  .\2
   3\.  .  *  *  *  *  *  *  *  B  .\3
    4\.  .  W  W  *  *  *  *  *  *  .\4
     5\.  B  .  *  *  *  *  *  *  *  .\5
      6\b  B  *  *  *  *  *  *  W  .  .\6
       7\w  *  *  *  *  *  *  *  B  .  .\7
        8\w  B  B  *  *  *  *  *  *  *  .\8
         9\B  .  *  *  *  *  *  *  *  .  w\9
         10\.  *  *  *  *  *  *  *  *  .  w\10
          11\.  *  *  *  *  *  W  *  .  W  w\11
              a  b  c  d  e  f  g  h  i  j  k  
302e7 info: Old: [black, a9] [white, i6] [black, b5] [white, c4] [black, b8] [white, f1] [black, b6] [white, d4] [black, c8] [white, j11] [black, i7] [white, g1] [black, j3] 
302e7 info: New: [black, a9] [white, i6] [black, b5] [white, c4] [black, b8] [white, f1] [black, b6] [white, d4] [black, c8] [white, j11] [black, i7] [white, g1] [black, j3] [white, g11] [black, d1] 
302e7 info: MovesPlayed: [white, g11] [black, d1] 
302e7 info: No subtree to reuse.
302e7 info: StartSearch()[0]
SgUctSearch: max games reached
302e7 info: 
Elapsed Time   0.346752s
Count          1
GamesPlayed    1
Nodes          1
Knowledge      0 (0.0%)
Expansions     0.0
Time           0.00
GameLen        100.0 dev=0.0 min=100.0 max=100.0
InTree         0.0 dev=0.0 min=0.0 max=0.0
KnowDepth      -
Aborted        0%
Games/s        3322.3
Score          0.00
Sequence      
302e7 info: 
302e7 warning: **** MoHexSearch returned empty sequence!
302e7 warning: **** Returning random move!
<= 
<
>genmove w
<= e1
<
>play b c6
302e7 info: Best move cannot be determined, must search state.
302e7 info: --- MoHexPlayer::Search() ---
302e7 info: Color: white
302e7 info: MaxGames: 1
302e7 info: NumberThreads: 1
302e7 info: MaxNodes: 9090 (799920 bytes)
302e7 info: TimeForMove: 1
302e7 info: PreSearch: max time reached (64/75).
302e7 info: Time for PreSearch: 0.200401s
302e7 info: 
  7b87287277626980
  a  b  c  d  e  f  g  h  i  j  k  
 1\.  .  W  B  .  W  W  *  *  *  .\1
  2\.  .  .  *  *  *  *  *  *  *  .\2
   3\.  .  *  *  *  *  *  *  *  B  .\3
    4\.  .  W  W  *  *  *  *  *  *  .\4
     5\.  B  .  *  *  *  *  *  *  *  .\5
      6\b  B  *  *  *  *  *  *  W  .  .\6
       7\w  *  *  *  *  *  *  *  B  .  .\7
        8\w  B  B  *  *  *  *  *  *  .  .\8
         9\B  .  *  *  *  *  *  *  B  .  w\9
         10\.  *  *  *  *  *  *  *  *  .  w\10
          11\.  *  *  *  *  *  W  *  .  W  w\11
              a  b  c  d  e  f  g  h  i  j  k  
302e7 info: Old: [black, a9] [white, i6] [black, b5] [white, c4] [black, b8] [white, f1] [black, b6] [white, d4] [black, c8] [white, j11] [black, i7] [white, g1] [black, j3] [white, g11] [black, d1] 
302e7 info: New: [black, a9] [white, i6] [black, b5] [white, c4] [black, b8] [white, f1] [black, b6] [white, d4] [black, c8] [white, j11] [black, i7] [white, g1] [black, j3] [white, g11] [black, d1] [white, c1] [black, i9] 
302e7 info: MovesPlayed: [white, c1] [black, i9] 
302e7 info: No subtree to reuse.
302e7 info: StartSearch()[0]
SgUctSearch: max games reached
302e7 info: 
Elapsed Time   0.346989s
Count          1
GamesPlayed    1
Nodes          1
Knowledge      0 (0.0%)
Expansions     0.0
Time           0.00
GameLen        98.0 dev=0.0 min=98.0 max=98.0
InTree         0.0 dev=0.0 min=0.0 max=0.0
KnowDepth      -
Aborted        0%
Games/s        3496.5
Score          1.00
Sequence      
302e7 info: 
302e7 warning: **** MoHexSearch returned empty sequence!
302e7 warning: **** Returning random move!
<= 
<
>genmove w
<= j8
<
>play b g3
302e7 info: Best move cannot be determined, must search state.
302e7 info: --- MoHexPlayer::Search() ---
302e7 info: Color: white
302e7 info: MaxGames: 1
302e7 info: NumberThreads: 1
302e7 info: MaxNodes: 9090 (799920 bytes)
302e7 info: TimeForMove: 1
302e7 info: PreSearch: max time reached (64/69).
302e7 info: Time for PreSearch: 0.200159s
302e7 info: 
  29ce42382bd707cf
  a  b  c  d  e  f  g  h  i  j  k  
 1\.  .  W  B  W  W  W  *  *  *  .\1
  2\.  .  .  .  .  .  *  *  *  *  .\2
   3\.  .  .  .  *  *  *  *  *  B  .\3
    4\.  .  W  W  *  *  *  *  *  *  .\4
     5\.  B  b  *  *  *  *  *  *  *  .\5
      6\b  B  B  *  *  *  *  *  W  .  .\6
       7\b  b  b  *  *  *  *  *  B  .  .\7
        8\b  B  B  *  *  *  *  *  *  .  .\8
         9\B  .  *  *  *  *  *  *  B  .  w\9
         10\.  *  *  *  *  *  *  *  *  .  w\10
          11\.  *  *  *  *  *  W  *  .  W  w\11
              a  b  c  d  e  f  g  h  i  j  k  
302e7 info: Old: [black, a9] [white, i6] [black, b5] [white, c4] [black, b8] [white, f1] [black, b6] [white, d4] [black, c8] [white, j11] [black, i7] [white, g1] [black, j3] [white, g11] [black, d1] [white, c1] [black, i9] 
302e7 info: New: [black, a9] [white, i6] [black, b5] [white, c4] [black, b8] [white, f1] [black, b6] [white, d4] [black, c8] [white, j11] [black, i7] [white, g1] [black, j3] [white, g11] [black, d1] [white, c1] [black, i9] [white, e1] [black, c6] 
302e7 info: MovesPlayed: [white, e1] [black, c6] 
302e7 info: No subtree to reuse.
302e7 info: StartSearch()[0]
SgUctSearch: max games reached
302e7 info: 
Elapsed Time   0.416965s
Count          1
GamesPlayed    1
Nodes          1
Knowledge      0 (0.0%)
Expansions     0.0
Time           0.00
GameLen        93.0 dev=0.0 min=93.0 max=93.0
InTree         0.0 dev=0.0 min=0.0 max=0.0
KnowDepth      -
Aborted        0%
Games/s        3717.5
Score          0.00
Sequence      
302e7 info: 
302e7 warning: **** MoHexSearch returned empty sequence!
302e7 warning: **** Returning random move!
<= 
<
>genmove w
<= f6
<
>play b c2
302e7 info: Best move cannot be determined, must search state.
302e7 info: --- MoHexPlayer::Search() ---
302e7 info: Color: white
302e7 info: MaxGames: 1
302e7 info: NumberThreads: 1
302e7 info: MaxNodes: 9090 (799920 bytes)
302e7 info: TimeForMove: 1
302e7 info: Time for PreSearch: 0.143086s
302e7 info: 
  ccab3af9ec2191f2
  a  b  c  d  e  f  g  h  i  j  k  
 1\.  .  W  B  W  W  W  *  *  *  .\1
  2\.  .  .  .  .  .  *  *  *  *  .\2
   3\.  .  .  .  *  *  B  *  *  B  w\3
    4\.  .  W  W  *  *  *  *  *  .  w\4
     5\.  B  b  *  *  *  *  *  .  w  w\5
      6\b  B  B  *  *  *  *  *  W  w  w\6
       7\b  b  b  *  *  *  *  *  B  w  w\7
        8\b  B  B  *  *  *  *  *  *  W  w\8
         9\B  .  *  *  *  *  *  *  B  w  b\9
         10\.  *  *  *  *  *  *  *  .  w  w\10
          11\.  *  *  *  *  *  W  *  .  W  w\11
              a  b  c  d  e  f  g  h  i  j  k  
302e7 info: Old: [black, a9] [white, i6] [black, b5] [white, c4] [black, b8] [white, f1] [black, b6] [white, d4] [black, c8] [white, j11] [black, i7] [white, g1] [black, j3] [white, g11] [black, d1] [white, c1] [black, i9] [white, e1] [black, c6] 
302e7 info: New: [black, a9] [white, i6] [black, b5] [white, c4] [black, b8] [white, f1] [black, b6] [white, d4] [black, c8] [white, j11] [black, i7] [white, g1] [black, j3] [white, g11] [black, d1] [white, c1] [black, i9] [white, e1] [black, c6] [white, j8] [black, g3] 
302e7 info: MovesPlayed: [white, j8] [black, g3] 
302e7 info: No subtree to reuse.
302e7 info: StartSearch()[0]
SgUctSearch: max games reached
302e7 info: 
Elapsed Time   0.302897s
Count          1
GamesPlayed    1
Nodes          1
Knowledge      0 (0.0%)
Expansions     0.0
Time           0.00
GameLen        80.0 dev=0.0 min=80.0 max=80.0
InTree         0.0 dev=0.0 min=0.0 max=0.0
KnowDepth      -
Aborted        0%
Games/s        3745.3
Score          1.00
Sequence      
302e7 info: 
302e7 warning: **** MoHexSearch returned empty sequence!
302e7 warning: **** Returning random move!
<= 
<
>genmove w
<= e11
<
>play b c11
302e7 info: Best move cannot be determined, must search state.
302e7 info: --- MoHexPlayer::Search() ---
302e7 info: Color: white
302e7 info: MaxGames: 1
302e7 info: NumberThreads: 1
302e7 info: MaxNodes: 9090 (799920 bytes)
302e7 info: TimeForMove: 1
302e7 info: Time for PreSearch: 0.024043s
302e7 info: 
  a54f3899fc2cc648
  a  b  c  d  e  f  g  h  i  j  k  
 1\b  b  W  B  W  W  W  .  .  .  .\1
  2\b  b  B  .  .  .  .  .  .  .  .\2
   3\.  .  .  .  .  .  B  .  .  B  w\3
    4\.  *  W  W  .  .  .  .  .  .  w\4
     5\.  B  b  .  .  .  .  .  .  w  w\5
      6\b  B  B  .  .  W  .  .  W  w  w\6
       7\b  b  b  .  .  .  .  .  B  w  w\7
        8\b  B  B  *  .  .  .  .  .  W  w\8
         9\B  .  *  *  *  .  .  .  B  w  b\9
         10\.  *  *  *  *  .  .  .  .  w  w\10
          11\.  *  *  *  *  .  W  .  .  W  w\11
              a  b  c  d  e  f  g  h  i  j  k  
302e7 info: Old: [black, a9] [white, i6] [black, b5] [white, c4] [black, b8] [white, f1] [black, b6] [white, d4] [black, c8] [white, j11] [black, i7] [white, g1] [black, j3] [white, g11] [black, d1] [white, c1] [black, i9] [white, e1] [black, c6] [white, j8] [black, g3] 
302e7 info: New: [black, a9] [white, i6] [black, b5] [white, c4] [black, b8] [white, f1] [black, b6] [white, d4] [black, c8] [white, j11] [black, i7] [white, g1] [black, j3] [white, g11] [black, d1] [white, c1] [black, i9] [white, e1] [black, c6] [white, j8] [black, g3] [white, f6] [black, c2] 
302e7 info: MovesPlayed: [white, f6] [black, c2] 
302e7 info: No subtree to reuse.
302e7 info: StartSearch()[0]
SgUctSearch: max games reached
302e7 info: 
Elapsed Time   0.172518s
Count          1
GamesPlayed    1
Nodes          1
Knowledge      0 (0.0%)
Expansions     0.0
Time           0.00
GameLen        74.0 dev=0.0 min=74.0 max=74.0
InTree         0.0 dev=0.0 min=0.0 max=0.0
KnowDepth      -
Aborted        0%
Games/s        3690.0
Score          0.00
Sequence      
302e7 info: 
302e7 warning: **** MoHexSearch returned empty sequence!
302e7 warning: **** Returning random move!
<= 
<
>genmove w
<= i4
<
>play b b4
302e7 info: Best move cannot be determined, must search state.
302e7 info: --- MoHexPlayer::Search() ---
302e7 info: Color: white
302e7 info: MaxGames: 1
302e7 info: NumberThreads: 1
302e7 info: MaxNodes: 9090 (799920 bytes)
302e7 info: TimeForMove: 1
302e7 info: Time for PreSearch: 0.013672s
302e7 info: 
  889487fc1ec31433
  a  b  c  d  e  f  g  h  i  j  k  
 1\b  b  W  B  W  W  W  .  .  .  .\1
  2\b  b  B  .  .  .  .  .  .  .  .\2
   3\.  .  .  .  .  .  B  .  .  B  w\3
    4\.  *  W  W  .  .  .  .  .  .  w\4
     5\.  B  b  .  .  .  .  .  .  w  w\5
      6\b  B  B  .  .  W  .  .  W  w  w\6
       7\b  b  b  .  .  .  .  .  B  w  w\7
        8\b  B  B  *  .  .  .  .  .  W  w\8
         9\B  .  .  *  .  .  .  .  B  w  b\9
         10\.  *  .  *  .  .  .  .  .  w  w\10
          11\.  .  B  .  W  .  W  .  .  W  w\11
              a  b  c  d  e  f  g  h  i  j  k  
302e7 info: Old: [black, a9] [white, i6] [black, b5] [white, c4] [black, b8] [white, f1] [black, b6] [white, d4] [black, c8] [white, j11] [black, i7] [white, g1] [black, j3] [white, g11] [black, d1] [white, c1] [black, i9] [white, e1] [black, c6] [white, j8] [black, g3] [white, f6] [black, c2] 
302e7 info: New: [black, a9] [white, i6] [black, b5] [white, c4] [black, b8] [white, f1] [black, b6] [white, d4] [black, c8] [white, j11] [black, i7] [white, g1] [black, j3] [white, g11] [black, d1] [white, c1] [black, i9] [white, e1] [black, c6] [white, j8] [black, g3] [white, f6] [black, c2] [white, e11] [black, c11] 
302e7 info: MovesPlayed: [white, e11] [black, c11] 
302e7 info: No subtree to reuse.
302e7 info: StartSearch()[0]
SgUctSearch: max games reached
302e7 info: 
Elapsed Time   0.153787s
Count          1
GamesPlayed    1
Nodes          1
Knowledge      0 (0.0%)
Expansions     0.0
Time           0.00
GameLen        72.0 dev=0.0 min=72.0 max=72.0
InTree         0.0 dev=0.0 min=0.0 max=0.0
KnowDepth      -
Aborted        0%
Games/s        3676.5
Score          0.00
Sequence      
302e7 info: 
302e7 warning: **** MoHexSearch returned empty sequence!
302e7 warning: **** Returning random move!
<= 
<
>genmove w
<= c10
<
>play b b10
302e7 info: Opponent has won; playing most blocking move.
<= 
<
>genmove w
<= b3
<
>play b c3
302e7 info: Opponent has won; playing most blocking move.
<= 
<
>genmove w
<= a11
<
>play b b11
302e7 info: Captured cells caused win! Removing...
302e7 info: Opponent has won; playing most blocking move.
<= 
<
>genmove w
<= b7
<
>play b c7
302e7 info: Captured cells caused win! Removing...
302e7 info: Opponent has won; playing most blocking move.
<= 
<
>genmove w
<= b9
<
>play b c9
302e7 info: Captured cells caused win! Removing...
302e7 info: Opponent has won; playing most blocking move.
<= 
<
>genmove w
<= resign
<
>final_score
<= B+
<
>quit
<= 
<
