# nice ../build/src/mohex/mohex --config mohex-weak.htp --seed 272 --logfile-name jobs/11x11-mohex-mohex-cg2010-vs-mohex-mohex-weak/mohex-mohex-weak-423.log
>boardsize 11 11
<= 
<
>name
MoHex 2.0.CMake Mar 21 2025
Copyright (C) 2007-2012 by the authors of the Benzene project.
This program comes with ABSOLUTELY NO WARRANTY. This is
free software and you are welcome to redistribute it under
certain conditions. Type `benzene-license' for details.

SgRandom::SetSeed: 272
SgUctSearch: system memory 33632358400, using 1000000000 (5681818 nodes)
SgRandom::SetSeed: 1
SgRandom::SetSeed: 272
43ed7 info: Prior Patterns:
43ed7 info: Global:
43ed7 info: Size            = 565 32648 
43ed7 info: TableEntries    = 65932 65910
43ed7 info: MirrorsAdded    = 0 0
43ed7 info: PrunableCount   = 30593 30629
43ed7 info: LargestGamma    = 5820.77
43ed7 info: SmallestGamma   = 6.6e-05
43ed7 info: Local:
43ed7 info: Size            = 550 5318 
43ed7 info: TableEntries    = 11602 11588
43ed7 info: MirrorsAdded    = 0 0
43ed7 info: PrunableCount   = 3659 3667
43ed7 info: LargestGamma    = 11281.8
43ed7 info: SmallestGamma   = 0.026235
43ed7 info: Playout Patterns:
43ed7 info: Global:
43ed7 info: Size            = 565 32648 
43ed7 info: TableEntries    = 70329 70329
43ed7 info: MirrorsAdded    = 4397 4419
43ed7 info: PrunableCount   = 30593 30629
43ed7 info: LargestGamma    = 5820.77
43ed7 info: SmallestGamma   = 6.6e-05
43ed7 info: Local:
43ed7 info: Size            = 550 5318 
43ed7 info: TableEntries    = 11602 11588
43ed7 info: MirrorsAdded    = 0 0
43ed7 info: PrunableCount   = 3659 3667
43ed7 info: LargestGamma    = 11281.8
43ed7 info: SmallestGamma   = 0.026235
param_game allow_swap 1
= 

param_mohex max_memory 1600000
= 

param_mohex num_threads 1
= 

param_mohex max_time 1
= 

param_mohex max_games 1
= 

param_mohex knowledge_threshold 400
= 

param_mohex reuse_subtree 1
= 

param_mohex use_parallel_solver 0
= 

<= MoHex
<
>version
<= 2.0.CMake
<
>play b i3
<= 
<
>showboard
<= 
< 
<  f6acc615bba6bf65
<  a  b  c  d  e  f  g  h  i  j  k  
< 1\.  .  .  .  .  .  .  .  .  .  .\1
<  2\.  .  .  .  .  .  .  .  .  .  .\2
<   3\.  .  .  .  .  .  .  .  B  .  .\3
<    4\.  .  .  .  .  .  .  .  .  .  .\4
<     5\.  .  .  .  .  .  .  .  .  .  .\5
<      6\.  .  .  .  .  .  .  .  .  .  .\6
<       7\.  .  .  .  .  .  .  .  .  .  .\7
<        8\.  .  .  .  .  .  .  .  .  .  .\8
<         9\.  .  .  .  .  .  .  .  .  .  .\9
<         10\.  .  .  .  .  .  .  .  .  .  .\10
<          11\.  .  .  .  .  .  .  .  .  .  .\11
<              a  b  c  d  e  f  g  h  i  j  k  
<
>play w swap-pieces
<= 
<
>genmove w
<= k4
<
>play b d3
43ed7 info: Best move cannot be determined, must search state.
43ed7 info: --- MoHexPlayer::Search() ---
43ed7 info: Color: white
43ed7 info: MaxGames: 1
43ed7 info: NumberThreads: 1
43ed7 info: MaxNodes: 9090 (799920 bytes)
43ed7 info: TimeForMove: 1
43ed7 info: PreSearch: max time reached (52/90).
43ed7 info: Time for PreSearch: 0.203133s
43ed7 info: 
  f6acc615bba6bf65
  a  b  c  d  e  f  g  h  i  j  k  
 1\.  .  .  *  *  *  *  *  *  *  .\1
  2\.  .  *  *  *  *  *  *  *  *  .\2
   3\.  *  *  *  *  *  *  *  B  .  .\3
    4\.  *  *  *  *  *  *  *  *  *  .\4
     5\.  *  *  *  *  *  *  *  *  *  .\5
      6\.  *  *  *  *  *  *  *  *  *  .\6
       7\.  *  *  *  *  *  *  *  *  *  .\7
        8\.  *  *  *  *  *  *  *  *  *  .\8
         9\.  *  .  *  *  *  *  *  *  *  .\9
         10\.  *  *  *  *  *  *  *  *  .  .\10
          11\.  *  *  *  *  *  *  *  .  .  .\11
              a  b  c  d  e  f  g  h  i  j  k  
43ed7 info: No subtree to reuse.
43ed7 info: Creating thread 0
43ed7 info: StartSearch()[0]
SgUctSearch: max games reached
43ed7 info: 
Elapsed Time   0.355792s
Count          1
GamesPlayed    1
Nodes          1
Knowledge      0 (0.0%)
Expansions     0.0
Time           0.00
GameLen        120.0 dev=0.0 min=120.0 max=120.0
InTree         0.0 dev=0.0 min=0.0 max=0.0
KnowDepth      -
Aborted        0%
Games/s        389.9
Score          1.00
Sequence      
43ed7 info: 
43ed7 warning: **** MoHexSearch returned empty sequence!
43ed7 warning: **** Returning random move!
<= 
<
>genmove w
<= f10
<
>play b j9
43ed7 info: Best move cannot be determined, must search state.
43ed7 info: --- MoHexPlayer::Search() ---
43ed7 info: Color: white
43ed7 info: MaxGames: 1
43ed7 info: NumberThreads: 1
43ed7 info: MaxNodes: 9090 (799920 bytes)
43ed7 info: TimeForMove: 1
43ed7 info: PreSearch: max time reached (52/90).
43ed7 info: Time for PreSearch: 0.203645s
43ed7 info: 
  37108bff6cd68d7e
  a  b  c  d  e  f  g  h  i  j  k  
 1\.  .  .  *  *  *  *  *  *  *  .\1
  2\.  .  *  *  *  *  *  *  *  *  .\2
   3\.  *  *  B  *  *  *  *  B  .  .\3
    4\.  *  *  *  *  *  *  *  *  *  W\4
     5\.  *  *  *  *  *  *  *  *  *  .\5
      6\.  *  *  *  *  *  *  *  *  *  .\6
       7\.  *  *  *  *  *  *  *  *  *  .\7
        8\.  *  *  *  *  *  *  *  *  *  .\8
         9\.  *  *  *  *  *  *  *  *  *  .\9
         10\.  *  *  *  *  *  *  *  *  .  .\10
          11\.  *  *  *  *  *  *  *  .  .  .\11
              a  b  c  d  e  f  g  h  i  j  k  
43ed7 info: Old: [black, i3] [white, swap-pieces] 
43ed7 info: New: [black, i3] [white, swap-pieces] [white, k4] [black, d3] 
43ed7 info: ReuseSubtree: Colors do not alternate.
43ed7 info: No subtree to reuse.
43ed7 info: StartSearch()[0]
SgUctSearch: max games reached
43ed7 info: 
Elapsed Time   0.346554s
Count          1
GamesPlayed    1
Nodes          1
Knowledge      0 (0.0%)
Expansions     0.0
Time           0.00
GameLen        118.0 dev=0.0 min=118.0 max=118.0
InTree         0.0 dev=0.0 min=0.0 max=0.0
KnowDepth      -
Aborted        0%
Games/s        3268.0
Score          0.00
Sequence      
43ed7 info: 
43ed7 warning: **** MoHexSearch returned empty sequence!
43ed7 warning: **** Returning random move!
<= 
<
>genmove w
<= b5
<
>play b j8
43ed7 info: Best move cannot be determined, must search state.
43ed7 info: --- MoHexPlayer::Search() ---
43ed7 info: Color: white
43ed7 info: MaxGames: 1
43ed7 info: NumberThreads: 1
43ed7 info: MaxNodes: 9090 (799920 bytes)
43ed7 info: TimeForMove: 1
43ed7 info: PreSearch: max time reached (56/85).
43ed7 info: Time for PreSearch: 0.204236s
43ed7 info: 
  d6a4064b17913c45
  a  b  c  d  e  f  g  h  i  j  k  
 1\.  .  .  *  *  *  *  *  *  *  .\1
  2\.  .  *  *  *  *  *  *  *  *  .\2
   3\.  *  *  B  *  *  *  *  B  .  .\3
    4\.  *  *  *  *  *  *  *  *  *  W\4
     5\.  *  *  *  *  *  *  *  *  *  .\5
      6\.  *  *  *  *  *  *  *  *  *  .\6
       7\.  *  *  *  *  *  *  *  *  *  .\7
        8\.  *  *  *  *  *  *  *  *  *  .\8
         9\.  *  *  *  *  *  *  *  *  B  .\9
         10\.  *  *  *  *  W  *  *  *  .  .\10
          11\.  *  *  *  .  .  *  .  .  .  .\11
              a  b  c  d  e  f  g  h  i  j  k  
43ed7 info: Old: [black, i3] [white, swap-pieces] [white, k4] [black, d3] 
43ed7 info: New: [black, i3] [white, swap-pieces] [white, k4] [black, d3] [white, f10] [black, j9] 
43ed7 info: MovesPlayed: [white, f10] [black, j9] 
43ed7 info: No subtree to reuse.
43ed7 info: StartSearch()[0]
SgUctSearch: max games reached
43ed7 info: 
Elapsed Time   0.383972s
Count          1
GamesPlayed    1
Nodes          1
Knowledge      0 (0.0%)
Expansions     0.0
Time           0.00
GameLen        116.0 dev=0.0 min=116.0 max=116.0
InTree         0.0 dev=0.0 min=0.0 max=0.0
KnowDepth      -
Aborted        0%
Games/s        1727.1
Score          0.00
Sequence      
43ed7 info: 
43ed7 warning: **** MoHexSearch returned empty sequence!
43ed7 warning: **** Returning random move!
<= 
<
>genmove w
<= j4
<
>play b j1
43ed7 info: Best move cannot be determined, must search state.
43ed7 info: --- MoHexPlayer::Search() ---
43ed7 info: Color: white
43ed7 info: MaxGames: 1
43ed7 info: NumberThreads: 1
43ed7 info: MaxNodes: 9090 (799920 bytes)
43ed7 info: TimeForMove: 1
43ed7 info: PreSearch: max time reached (55/82).
43ed7 info: Time for PreSearch: 0.201325s
43ed7 info: 
  76a2410f7ded0529
  a  b  c  d  e  f  g  h  i  j  k  
 1\.  .  *  *  *  *  *  *  *  *  .\1
  2\.  .  *  *  *  *  *  *  *  *  .\2
   3\.  *  *  B  *  *  *  *  B  .  .\3
    4\w  .  .  *  *  *  *  *  *  *  W\4
     5\w  W  *  *  *  *  *  *  *  *  .\5
      6\w  .  *  *  *  *  *  *  *  *  .\6
       7\w  .  *  *  *  *  *  *  *  *  .\7
        8\.  *  *  *  *  *  *  *  *  B  b\8
         9\.  *  *  *  *  *  *  *  *  B  .\9
         10\.  *  *  *  *  W  *  *  *  .  .\10
          11\.  *  *  *  .  .  *  .  .  .  .\11
              a  b  c  d  e  f  g  h  i  j  k  
43ed7 info: Old: [black, i3] [white, swap-pieces] [white, k4] [black, d3] [white, f10] [black, j9] 
43ed7 info: New: [black, i3] [white, swap-pieces] [white, k4] [black, d3] [white, f10] [black, j9] [white, b5] [black, j8] 
43ed7 info: MovesPlayed: [white, b5] [black, j8] 
43ed7 info: No subtree to reuse.
43ed7 info: StartSearch()[0]
SgUctSearch: max games reached
43ed7 info: 
Elapsed Time   0.377588s
Count          1
GamesPlayed    1
Nodes          1
Knowledge      0 (0.0%)
Expansions     0.0
Time           0.00
GameLen        109.0 dev=0.0 min=109.0 max=109.0
InTree         0.0 dev=0.0 min=0.0 max=0.0
KnowDepth      -
Aborted        0%
Games/s        2832.9
Score          0.00
Sequence      
43ed7 info: 
43ed7 warning: **** MoHexSearch returned empty sequence!
43ed7 warning: **** Returning random move!
<= 
<
>genmove w
<= b9
<
>play b f9
43ed7 info: Best move cannot be determined, must search state.
43ed7 info: --- MoHexPlayer::Search() ---
43ed7 info: Color: white
43ed7 info: MaxGames: 1
43ed7 info: NumberThreads: 1
43ed7 info: MaxNodes: 9090 (799920 bytes)
43ed7 info: TimeForMove: 1
43ed7 info: PreSearch: max time reached (46/75).
43ed7 info: Time for PreSearch: 0.20235s
43ed7 info: 
  066382957538d76c
  a  b  c  d  e  f  g  h  i  j  k  
 1\.  .  *  *  *  *  *  *  .  B  w\1
  2\.  .  *  *  *  *  *  *  *  .  w\2
   3\.  *  *  B  *  *  *  *  B  b  b\3
    4\w  .  .  *  *  *  *  *  *  W  W\4
     5\w  W  *  *  *  *  *  *  *  .  w\5
      6\w  .  *  *  *  *  *  *  *  .  w\6
       7\w  .  *  *  *  *  *  *  *  .  w\7
        8\.  *  *  *  *  *  *  *  *  B  b\8
         9\.  *  *  *  *  *  *  *  *  B  .\9
         10\.  *  *  *  *  W  *  *  *  .  .\10
          11\.  *  *  *  .  .  *  .  .  .  .\11
              a  b  c  d  e  f  g  h  i  j  k  
43ed7 info: Old: [black, i3] [white, swap-pieces] [white, k4] [black, d3] [white, f10] [black, j9] [white, b5] [black, j8] 
43ed7 info: New: [black, i3] [white, swap-pieces] [white, k4] [black, d3] [white, f10] [black, j9] [white, b5] [black, j8] [white, j4] [black, j1] 
43ed7 info: MovesPlayed: [white, j4] [black, j1] 
43ed7 info: No subtree to reuse.
43ed7 info: StartSearch()[0]
SgUctSearch: max games reached
43ed7 info: 
Elapsed Time   0.38292s
Count          1
GamesPlayed    1
Nodes          1
Knowledge      0 (0.0%)
Expansions     0.0
Time           0.00
GameLen        100.0 dev=0.0 min=100.0 max=100.0
InTree         0.0 dev=0.0 min=0.0 max=0.0
KnowDepth      -
Aborted        0%
Games/s        2816.9
Score          1.00
Sequence      
43ed7 info: 
43ed7 warning: **** MoHexSearch returned empty sequence!
43ed7 warning: **** Returning random move!
<= 
<
>genmove w
<= h6
<
>play b e6
43ed7 info: Best move cannot be determined, must search state.
43ed7 info: --- MoHexPlayer::Search() ---
43ed7 info: Color: white
43ed7 info: MaxGames: 1
43ed7 info: NumberThreads: 1
43ed7 info: MaxNodes: 9090 (799920 bytes)
43ed7 info: TimeForMove: 1
43ed7 info: Time for PreSearch: 0.194807s
43ed7 info: 
  a608e0aa7b060572
  a  b  c  d  e  f  g  h  i  j  k  
 1\.  .  .  *  *  *  *  *  .  B  w\1
  2\.  .  .  *  *  *  *  *  *  .  w\2
   3\.  .  .  B  *  *  *  *  B  b  b\3
    4\w  .  .  .  *  *  *  *  *  W  W\4
     5\w  W  .  .  *  *  *  *  .  .  w\5
      6\w  .  .  .  .  *  *  *  .  .  w\6
       7\w  .  .  .  .  *  *  *  *  .  w\7
        8\w  .  .  .  *  *  *  *  *  B  b\8
         9\w  W  *  *  *  B  *  *  *  B  .\9
         10\w  .  *  *  *  W  *  .  *  .  .\10
          11\.  *  *  *  .  .  *  .  .  .  .\11
              a  b  c  d  e  f  g  h  i  j  k  
43ed7 info: Old: [black, i3] [white, swap-pieces] [white, k4] [black, d3] [white, f10] [black, j9] [white, b5] [black, j8] [white, j4] [black, j1] 
43ed7 info: New: [black, i3] [white, swap-pieces] [white, k4] [black, d3] [white, f10] [black, j9] [white, b5] [black, j8] [white, j4] [black, j1] [white, b9] [black, f9] 
43ed7 info: MovesPlayed: [white, b9] [black, f9] 
43ed7 info: No subtree to reuse.
43ed7 info: StartSearch()[0]
SgUctSearch: max games reached
43ed7 info: 
Elapsed Time   0.370697s
Count          1
GamesPlayed    1
Nodes          1
Knowledge      0 (0.0%)
Expansions     0.0
Time           0.00
GameLen        95.0 dev=0.0 min=95.0 max=95.0
InTree         0.0 dev=0.0 min=0.0 max=0.0
KnowDepth      -
Aborted        0%
Games/s        2415.5
Score          1.00
Sequence      
43ed7 info: 
43ed7 warning: **** MoHexSearch returned empty sequence!
43ed7 warning: **** Returning random move!
<= 
<
>genmove w
<= b4
<
>play b d8
43ed7 info: Best move cannot be determined, must search state.
43ed7 info: --- MoHexPlayer::Search() ---
43ed7 info: Color: white
43ed7 info: MaxGames: 1
43ed7 info: NumberThreads: 1
43ed7 info: MaxNodes: 9090 (799920 bytes)
43ed7 info: TimeForMove: 1
43ed7 info: PreSearch: max time reached (38/66).
43ed7 info: Time for PreSearch: 0.202336s
43ed7 info: 
  ad5516b9f17d954c
  a  b  c  d  e  f  g  h  i  j  k  
 1\.  .  *  *  *  *  *  *  .  B  w\1
  2\.  .  *  *  *  *  *  *  *  .  w\2
   3\.  *  *  B  *  *  *  *  B  b  b\3
    4\w  .  .  *  *  *  *  *  .  W  W\4
     5\w  W  *  *  *  *  *  *  .  .  w\5
      6\w  .  *  *  B  *  *  W  .  .  w\6
       7\w  .  *  *  *  *  *  *  *  .  w\7
        8\w  .  *  *  *  *  *  *  *  B  b\8
         9\w  W  *  *  *  B  *  *  *  B  .\9
         10\w  .  *  *  *  W  *  *  *  .  .\10
          11\.  *  *  *  .  .  *  .  .  .  .\11
              a  b  c  d  e  f  g  h  i  j  k  
43ed7 info: Old: [black, i3] [white, swap-pieces] [white, k4] [black, d3] [white, f10] [black, j9] [white, b5] [black, j8] [white, j4] [black, j1] [white, b9] [black, f9] 
43ed7 info: New: [black, i3] [white, swap-pieces] [white, k4] [black, d3] [white, f10] [black, j9] [white, b5] [black, j8] [white, j4] [black, j1] [white, b9] [black, f9] [white, h6] [black, e6] 
43ed7 info: MovesPlayed: [white, h6] [black, e6] 
43ed7 info: No subtree to reuse.
43ed7 info: StartSearch()[0]
SgUctSearch: max games reached
43ed7 info: 
Elapsed Time   0.373698s
Count          1
GamesPlayed    1
Nodes          1
Knowledge      0 (0.0%)
Expansions     0.0
Time           0.00
GameLen        93.0 dev=0.0 min=93.0 max=93.0
InTree         0.0 dev=0.0 min=0.0 max=0.0
KnowDepth      -
Aborted        0%
Games/s        2493.8
Score          1.00
Sequence      
43ed7 info: 
43ed7 warning: **** MoHexSearch returned empty sequence!
43ed7 warning: **** Returning random move!
<= 
<
>genmove w
<= e3
<
>play b d10
43ed7 info: Best move cannot be determined, must search state.
43ed7 info: --- MoHexPlayer::Search() ---
43ed7 info: Color: white
43ed7 info: MaxGames: 1
43ed7 info: NumberThreads: 1
43ed7 info: MaxNodes: 9090 (799920 bytes)
43ed7 info: TimeForMove: 1
43ed7 info: Time for PreSearch: 0.024397s
43ed7 info: 
  aa2f0ae734cd238e
  a  b  c  d  e  f  g  h  i  j  k  
 1\w  w  .  .  .  .  .  .  .  B  w\1
  2\w  w  .  .  *  .  .  .  .  .  w\2
   3\w  w  .  B  .  .  .  .  B  b  b\3
    4\w  W  .  .  .  .  .  .  .  W  W\4
     5\w  W  .  .  .  .  .  .  .  .  w\5
      6\b  .  .  .  B  .  .  W  .  .  w\6
       7\b  .  .  .  .  .  .  .  .  .  w\7
        8\w  .  .  B  .  *  .  .  .  B  b\8
         9\w  W  .  *  .  B  .  .  .  B  .\9
         10\w  .  .  .  *  W  .  .  .  .  .\10
          11\.  .  .  *  .  .  .  .  .  .  .\11
              a  b  c  d  e  f  g  h  i  j  k  
43ed7 info: Old: [black, i3] [white, swap-pieces] [white, k4] [black, d3] [white, f10] [black, j9] [white, b5] [black, j8] [white, j4] [black, j1] [white, b9] [black, f9] [white, h6] [black, e6] 
43ed7 info: New: [black, i3] [white, swap-pieces] [white, k4] [black, d3] [white, f10] [black, j9] [white, b5] [black, j8] [white, j4] [black, j1] [white, b9] [black, f9] [white, h6] [black, e6] [white, b4] [black, d8] 
43ed7 info: MovesPlayed: [white, b4] [black, d8] 
43ed7 info: No subtree to reuse.
43ed7 info: StartSearch()[0]
SgUctSearch: max games reached
43ed7 info: 
Elapsed Time   0.183818s
Count          1
GamesPlayed    1
Nodes          1
Knowledge      0 (0.0%)
Expansions     0.0
Time           0.00
GameLen        85.0 dev=0.0 min=85.0 max=85.0
InTree         0.0 dev=0.0 min=0.0 max=0.0
KnowDepth      -
Aborted        0%
Games/s        2469.1
Score          0.00
Sequence      
43ed7 info: 
43ed7 warning: **** MoHexSearch returned empty sequence!
43ed7 warning: **** Returning random move!
<= 
<
>genmove w
<= e7
<
>play b f6
43ed7 info: Opponent has won; playing most blocking move.
<= 
<
>genmove w
<= d7
<
>play b f7
43ed7 info: Opponent has won; playing most blocking move.
<= 
<
>genmove w
<= i2
<
>play b g4
43ed7 info: Opponent has won; playing most blocking move.
<= 
<
>genmove w
<= h1
<
>play b j2
43ed7 info: Opponent has won; playing most blocking move.
<= 
<
>genmove w
<= f5
<
>play b g5
43ed7 info: Opponent has won; playing most blocking move.
<= 
<
>genmove w
<= h3
<
>play b h4
43ed7 info: Opponent has won; playing most blocking move.
<= 
<
>genmove w
<= c11
<
>play b e10
43ed7 info: Captured cells caused win! Removing...
43ed7 info: Opponent has won; playing most blocking move.
<= 
<
>genmove w
<= e11
<
>play b d11
43ed7 info: Captured cells caused win! Removing...
43ed7 info: Opponent has won; playing most blocking move.
<= 
<
>genmove w
<= f8
<
>play b e8
43ed7 info: Captured cells caused win! Removing...
43ed7 info: Opponent has won; playing most blocking move.
<= 
<
>genmove w
<= d9
<
>play b e9
43ed7 info: Captured cells caused win! Removing...
43ed7 info: Opponent has won; playing most blocking move.
<= 
<
>genmove w
<= resign
<
>final_score
<= B+
<
>quit
<= 
<
