9a5b7 config: MoHex v2.0.CMake Mar 21 2025.
9a5b7 config: ============ InitializeSystem ============
9a5b7 config: BenzeneProgram::InitRandom()
9a5b7 config: Seed = 749447
9a5b7 info: Prior Patterns:
9a5b7 info: Global:
9a5b7 info: Size            = 565 32648 
9a5b7 info: TableEntries    = 65932 65910
9a5b7 info: MirrorsAdded    = 0 0
9a5b7 info: PrunableCount   = 30593 30629
9a5b7 info: LargestGamma    = 5820.77
9a5b7 info: SmallestGamma   = 6.6e-05
9a5b7 info: Local:
9a5b7 info: Size            = 550 5318 
9a5b7 info: TableEntries    = 11602 11588
9a5b7 info: MirrorsAdded    = 0 0
9a5b7 info: PrunableCount   = 3659 3667
9a5b7 info: LargestGamma    = 11281.8
9a5b7 info: SmallestGamma   = 0.026235
9a5b7 info: Playout Patterns:
9a5b7 info: Global:
9a5b7 info: Size            = 565 32648 
9a5b7 info: TableEntries    = 70329 70329
9a5b7 info: MirrorsAdded    = 4397 4419
9a5b7 info: PrunableCount   = 30593 30629
9a5b7 info: LargestGamma    = 5820.77
9a5b7 info: SmallestGamma   = 6.6e-05
9a5b7 info: Local:
9a5b7 info: Size            = 550 5318 
9a5b7 info: TableEntries    = 11602 11588
9a5b7 info: MirrorsAdded    = 0 0
9a5b7 info: PrunableCount   = 3659 3667
9a5b7 info: LargestGamma    = 11281.8
9a5b7 info: SmallestGamma   = 0.026235
9a5b7 config: IcePatternSet: reading from '/home/linus/MoHex2.0/nfbranchfix/benzene-vanilla-cmake/share/ice-patterns.txt'.
9a5b7 config: IcePatternSet: parsed 708 patterns.
9a5b7 config: VCS: reading captured set patterns from '/home/linus/MoHex2.0/nfbranchfix/benzene-vanilla-cmake/share/vc-captured-set.txt'.
9a5b7 config: VCS:: parsed 2 patterns.
9a5b7 config: VCS: reading captured set patterns from '/home/linus/MoHex2.0/nfbranchfix/benzene-vanilla-cmake/share/vc-captured-set.txt'.
9a5b7 config: VCS:: parsed 2 patterns.
9a5b7 config: IcePatternSet: reading from '/home/linus/MoHex2.0/nfbranchfix/benzene-vanilla-cmake/share/ice-patterns.txt'.
9a5b7 config: IcePatternSet: parsed 708 patterns.
9a5b7 config: VCS: reading captured set patterns from '/home/linus/MoHex2.0/nfbranchfix/benzene-vanilla-cmake/share/vc-captured-set.txt'.
9a5b7 config: VCS:: parsed 2 patterns.
9a5b7 config: VCS: reading captured set patterns from '/home/linus/MoHex2.0/nfbranchfix/benzene-vanilla-cmake/share/vc-captured-set.txt'.
9a5b7 config: VCS:: parsed 2 patterns.
9a5b7 config: VCS: reading captured set patterns from '/home/linus/MoHex2.0/nfbranchfix/benzene-vanilla-cmake/share/vc-captured-set.txt'.
9a5b7 config: VCS:: parsed 2 patterns.
9a5b7 config: VCS: reading captured set patterns from '/home/linus/MoHex2.0/nfbranchfix/benzene-vanilla-cmake/share/vc-captured-set.txt'.
9a5b7 config: VCS:: parsed 2 patterns.
9a5b7 config: VCS: reading captured set patterns from '/home/linus/MoHex2.0/nfbranchfix/benzene-vanilla-cmake/share/vc-captured-set.txt'.
9a5b7 config: VCS:: parsed 2 patterns.
9a5b7 config: VCS: reading captured set patterns from '/home/linus/MoHex2.0/nfbranchfix/benzene-vanilla-cmake/share/vc-captured-set.txt'.
9a5b7 config: VCS:: parsed 2 patterns.
9a5b7 info: SwapCheck: reading from '/home/linus/MoHex2.0/nfbranchfix/benzene-vanilla-cmake/share/swap-moves.txt'.
9a5b7 info: SwapCheck: playing swap.
9a5b7 info: PlayAndSolve: Building VCs to avoid race condition.
9a5b7 config: VCPattern: loading pattern templates from '/home/linus/MoHex2.0/nfbranchfix/benzene-vanilla-cmake/share/vc-patterns.txt'.
9a5b7 info: PlayAndSolve: Continuing on as usual.
27856 info: *** PlayerThread ***
1f846 info: *** SolverThread ***
17836 config: VCS: reading captured set patterns from '/home/linus/MoHex2.0/nfbranchfix/benzene-vanilla-cmake/share/vc-captured-set.txt'.
17836 config: VCS:: parsed 2 patterns.
17836 config: VCS: reading captured set patterns from '/home/linus/MoHex2.0/nfbranchfix/benzene-vanilla-cmake/share/vc-captured-set.txt'.
17836 config: VCS:: parsed 2 patterns.
17836 dfpn: 
27856 info: Best move cannot be determined, must search state.
27856 info: --- MoHexPlayer::Search() ---
27856 info: Color: black
27856 info: MaxGames: 1
27856 info: NumberThreads: 1
27856 info: MaxNodes: 9090 (799920 bytes)
27856 info: TimeForMove: 1
17836 dfpn: h4
17836 dfpn: g5
17836 dfpn: h5
17836 dfpn: i3
17836 dfpn: g6
17836 dfpn: h6
17836 dfpn: g4
17836 dfpn: j2
17836 dfpn: f5
17836 dfpn: g7
17836 dfpn: f6
17836 dfpn: i4
17836 dfpn: i6
17836 dfpn: e7
17836 dfpn: d8
17836 dfpn: e6
17836 dfpn: f7
17836 dfpn: e5
27856 info: PreSearch: max time reached (38/89).
27856 info: Time for PreSearch: 0.202062s
17836 dfpn: h3
17836 dfpn: i5
17836 dfpn: f4
27856 info: 
  3170511b5f0a4f8b
  a  b  c  d  e  f  g  h  i  j  k  
 1\.  .  .  .  .  .  .  .  .  .  .\1
  2\.  .  *  *  *  *  *  *  *  *  *\2
   3\.  *  *  *  *  *  *  *  *  *  *\3
    4\*  *  *  *  *  *  *  *  *  *  *\4
     5\.  *  *  *  *  *  *  *  *  *  *\5
      6\W  *  *  *  *  *  *  *  *  *  *\6
       7\.  *  *  *  *  *  *  *  *  *  *\7
        8\*  *  *  *  *  *  *  B  *  *  *\8
         9\*  *  *  *  *  *  *  *  *  *  .\9
         10\*  *  *  *  *  *  *  *  *  .  .\10
          11\.  .  .  .  .  .  .  .  .  .  .\11
              a  b  c  d  e  f  g  h  i  j  k  
17836 dfpn: d7
17836 dfpn: j4
17836 dfpn: h7
17836 dfpn: j2
27856 info: No subtree to reuse.
27856 info: Creating thread 0
27856 info: StartSearch()[0]
27856 config: VCS: reading captured set patterns from '/home/linus/MoHex2.0/nfbranchfix/benzene-vanilla-cmake/share/vc-captured-set.txt'.
27856 config: VCS:: parsed 2 patterns.
27856 config: VCS: reading captured set patterns from '/home/linus/MoHex2.0/nfbranchfix/benzene-vanilla-cmake/share/vc-captured-set.txt'.
27856 config: VCS:: parsed 2 patterns.
27856 info: 
Elapsed Time   0.37742s
Count          1
GamesPlayed    1
Nodes          1
Knowledge      0 (0.0%)
Expansions     0.0
Time           0.00
GameLen        119.0 dev=0.0 min=119.0 max=119.0
InTree         0.0 dev=0.0 min=0.0 max=0.0
KnowDepth      -
Aborted        0%
Games/s        352.2
Score          0.00
Sequence      
27856 info: 
27856 warning: **** MoHexSearch returned empty sequence!
27856 warning: **** Returning random move!
27856 info: *** Player move: a2
17836 info: DfpnSolver::CheckAbort(): Abort flag!
1f846 info: 
MID calls      37
VC builds      36
Terminal       0
Work           37
Wasted Work    0 (0%)
Elapsed Time   0.392729
MIDs/sec       94.2125
VCs/sec        91.6663
Cnt prune sib  0
Avg prune sib  -
Consider Size  88.5278 dev=3.17507 min=81 max=91
Move Index     -
Move Percent   -
Delta Increase 3.44444 dev=14.1273 min=1 max=87
Winner         empty
PV             j2 i3 j3

HashTableStatistics:
Stores         98
LookupAttempt  11680
LookupSuccess  715
Collisions     0

1f846 info: Search aborted.
9a5b7 info: PlayAndSolve: Building VCs to avoid race condition.
9a5b7 info: PlayAndSolve: Continuing on as usual.
1f846 info: *** PlayerThread ***
27856 info: *** SolverThread ***
17836 config: VCS: reading captured set patterns from '/home/linus/MoHex2.0/nfbranchfix/benzene-vanilla-cmake/share/vc-captured-set.txt'.
17836 config: VCS:: parsed 2 patterns.
17836 config: VCS: reading captured set patterns from '/home/linus/MoHex2.0/nfbranchfix/benzene-vanilla-cmake/share/vc-captured-set.txt'.
17836 config: VCS:: parsed 2 patterns.
17836 dfpn: 
1f846 info: Best move cannot be determined, must search state.
1f846 info: --- MoHexPlayer::Search() ---
1f846 info: Color: black
1f846 info: MaxGames: 1
1f846 info: NumberThreads: 1
1f846 info: MaxNodes: 9090 (799920 bytes)
1f846 info: TimeForMove: 1
17836 dfpn: h4
17836 dfpn: g5
17836 dfpn: b10
17836 dfpn: i3
17836 dfpn: h5
17836 dfpn: d8
17836 dfpn: g6
17836 dfpn: f5
17836 dfpn: c9
17836 dfpn: g4
17836 dfpn: e7
17836 dfpn: h6
17836 dfpn: f6
17836 dfpn: j2
17836 dfpn: e6
17836 dfpn: i4
17836 dfpn: h3
17836 dfpn: g7
17836 dfpn: d7
17836 dfpn: i6
17836 dfpn: e5
17836 dfpn: f7
17836 dfpn: d6
17836 dfpn: f10
1f846 info: PreSearch: max time reached (52/89).
1f846 info: Time for PreSearch: 0.201248s
1f846 info: 
  e99715bfff42c59f
  a  b  c  d  e  f  g  h  i  j  k  
 1\b  b  b  .  .  .  .  .  .  .  .\1
  2\B  .  *  *  *  *  *  *  *  *  *\2
   3\.  *  *  *  *  *  *  *  *  *  *\3
    4\*  *  *  *  *  *  *  *  *  *  *\4
     5\.  *  *  *  *  *  *  *  *  *  *\5
      6\W  *  *  *  *  *  *  *  *  *  *\6
       7\.  *  *  *  *  *  *  *  *  *  *\7
        8\*  *  *  *  *  *  *  B  *  *  *\8
         9\*  *  *  *  *  *  *  *  *  *  .\9
         10\*  *  *  *  *  *  *  *  *  .  .\10
          11\.  .  .  .  .  .  W  .  .  .  .\11
              a  b  c  d  e  f  g  h  i  j  k  
1f846 info: Old: [black, h8] [white, swap-pieces] [white, a6] 
1f846 info: New: [black, h8] [white, swap-pieces] [white, a6] [black, a2] [white, g11] 
1f846 info: MovesPlayed: [black, a2] [white, g11] 
1f846 info: No subtree to reuse.
1f846 info: StartSearch()[0]
1f846 info: 
Elapsed Time   0.370845s
Count          1
GamesPlayed    1
Nodes          1
Knowledge      0 (0.0%)
Expansions     0.0
Time           0.00
GameLen        114.0 dev=0.0 min=114.0 max=114.0
InTree         0.0 dev=0.0 min=0.0 max=0.0
KnowDepth      -
Aborted        0%
Games/s        3086.4
Score          0.00
Sequence      
1f846 info: 
1f846 warning: **** MoHexSearch returned empty sequence!
1f846 warning: **** Returning random move!
1f846 info: *** Player move: c10
17836 info: DfpnSolver::CheckAbort(): Abort flag!
27856 info: 
MID calls      54
VC builds      53
Terminal       0
Work           54
Wasted Work    0 (0%)
Elapsed Time   0.38689
MIDs/sec       139.575
VCs/sec        136.99
Cnt prune sib  0
Avg prune sib  -
Consider Size  82.3208 dev=12.6695 min=31 max=89
Move Index     -
Move Percent   -
Delta Increase 4.11321 dev=15.5329 min=1 max=85
Winner         empty
PV             f10 j2 f5 e7

HashTableStatistics:
Stores         228
LookupAttempt  24253
LookupSuccess  1397
Collisions     0

27856 info: Search aborted.
9a5b7 info: PlayAndSolve: Building VCs to avoid race condition.
9a5b7 info: PlayAndSolve: Continuing on as usual.
27856 info: *** PlayerThread ***
1f846 info: *** SolverThread ***
17836 config: VCS: reading captured set patterns from '/home/linus/MoHex2.0/nfbranchfix/benzene-vanilla-cmake/share/vc-captured-set.txt'.
17836 config: VCS:: parsed 2 patterns.
17836 config: VCS: reading captured set patterns from '/home/linus/MoHex2.0/nfbranchfix/benzene-vanilla-cmake/share/vc-captured-set.txt'.
17836 config: VCS:: parsed 2 patterns.
17836 dfpn: 
27856 info: Best move cannot be determined, must search state.
27856 info: --- MoHexPlayer::Search() ---
27856 info: Color: black
27856 info: MaxGames: 1
27856 info: NumberThreads: 1
27856 info: MaxNodes: 9090 (799920 bytes)
27856 info: TimeForMove: 1
17836 dfpn: d8
17836 dfpn: h4
17836 dfpn: g5
17836 dfpn: e7
17836 dfpn: i3
17836 dfpn: d7
17836 dfpn: e6
17836 dfpn: f5
17836 dfpn: c9
17836 dfpn: h5
17836 dfpn: j2
17836 dfpn: f6
17836 dfpn: g4
17836 dfpn: g6
17836 dfpn: e5
17836 dfpn: f7
17836 dfpn: h3
17836 dfpn: d6
17836 dfpn: c8
17836 dfpn: e8
17836 dfpn: h6
17836 dfpn: i4
17836 dfpn: f4
17836 dfpn: g5
27856 info: PreSearch: max time reached (50/85).
27856 info: Time for PreSearch: 0.203612s
27856 info: 
  b5323abddf9645e1
  a  b  c  d  e  f  g  h  i  j  k  
 1\b  b  b  .  .  .  .  .  .  .  .\1
  2\B  .  *  *  *  *  *  *  *  *  *\2
   3\.  *  *  *  *  *  *  *  *  *  *\3
    4\*  *  *  *  *  *  *  *  *  *  *\4
     5\.  *  *  *  *  *  *  *  *  *  *\5
      6\W  *  *  *  *  *  *  *  *  *  *\6
       7\.  *  *  *  *  *  *  *  *  *  *\7
        8\*  *  *  *  *  *  *  B  *  *  .\8
         9\*  *  *  *  *  *  *  *  *  *  W\9
         10\*  .  B  .  *  *  *  *  *  .  w\10
          11\.  b  b  b  .  .  W  .  .  .  w\11
              a  b  c  d  e  f  g  h  i  j  k  
17836 dfpn: f7
27856 info: Old: [black, h8] [white, swap-pieces] [white, a6] [black, a2] [white, g11] 
27856 info: New: [black, h8] [white, swap-pieces] [white, a6] [black, a2] [white, g11] [black, c10] [white, k9] 
27856 info: MovesPlayed: [black, c10] [white, k9] 
27856 info: No subtree to reuse.
27856 info: StartSearch()[0]
27856 info: 
Elapsed Time   0.515187s
Count          1
GamesPlayed    1
Nodes          1
Knowledge      0 (0.0%)
Expansions     0.0
Time           0.00
GameLen        107.0 dev=0.0 min=107.0 max=107.0
InTree         0.0 dev=0.0 min=0.0 max=0.0
KnowDepth      -
Aborted        0%
Games/s        2907.0
Score          1.00
Sequence      
27856 info: 
27856 warning: **** MoHexSearch returned empty sequence!
27856 warning: **** Returning random move!
27856 info: *** Player move: f6
17836 info: DfpnSolver::CheckAbort(): Abort flag!
1f846 info: 
MID calls      80
VC builds      76
Terminal       0
Work           80
Wasted Work    0 (0%)
Elapsed Time   0.526604
MIDs/sec       151.917
VCs/sec        144.321
Cnt prune sib  0
Avg prune sib  -
Consider Size  68.0263 dev=22.5639 min=16 max=85
Move Index     -
Move Percent   -
Delta Increase 3.70886 dev=12.9958 min=1 max=79
Winner         empty
PV             f7 j2 g3 g5

HashTableStatistics:
Stores         411
LookupAttempt  37756
LookupSuccess  2157
Collisions     0

1f846 info: Search aborted.
9a5b7 info: PlayAndSolve: Building VCs to avoid race condition.
9a5b7 info: PlayAndSolve: Continuing on as usual.
1f846 info: *** PlayerThread ***
27856 info: *** SolverThread ***
17836 config: VCS: reading captured set patterns from '/home/linus/MoHex2.0/nfbranchfix/benzene-vanilla-cmake/share/vc-captured-set.txt'.
17836 config: VCS:: parsed 2 patterns.
17836 config: VCS: reading captured set patterns from '/home/linus/MoHex2.0/nfbranchfix/benzene-vanilla-cmake/share/vc-captured-set.txt'.
17836 config: VCS:: parsed 2 patterns.
17836 dfpn: 
1f846 info: Best move cannot be determined, must search state.
1f846 info: --- MoHexPlayer::Search() ---
1f846 info: Color: black
1f846 info: MaxGames: 1
1f846 info: NumberThreads: 1
1f846 info: MaxNodes: 9090 (799920 bytes)
1f846 info: TimeForMove: 1
17836 dfpn: h4
17836 dfpn: g5
17836 dfpn: d6
17836 dfpn: i3
17836 dfpn: h5
17836 dfpn: j2
17836 dfpn: e5
17836 dfpn: i4
17836 dfpn: d8
17836 dfpn: e6
17836 dfpn: g4
17836 dfpn: e8
17836 dfpn: d5
17836 dfpn: h3
17836 dfpn: j3
17836 dfpn: c9
17836 dfpn: d7
17836 dfpn: j4
17836 dfpn: e4
17836 dfpn: c8
17836 dfpn: d9
17836 dfpn: f7
17836 dfpn: g5
1f846 info: PreSearch: max time reached (52/83).
1f846 info: Time for PreSearch: 0.201805s
1f846 info: 
  1b9ae2f0b0f22e36
  a  b  c  d  e  f  g  h  i  j  k  
 1\b  b  b  .  .  .  .  .  .  .  .\1
  2\B  .  *  *  *  *  *  *  *  *  *\2
   3\.  *  *  *  *  *  *  *  *  *  *\3
    4\*  *  *  *  *  *  *  *  *  *  *\4
     5\.  *  *  *  *  W  *  *  *  *  *\5
      6\W  *  *  *  *  B  *  *  *  *  *\6
       7\.  *  *  *  *  *  *  *  *  *  *\7
        8\*  *  *  *  *  *  *  B  *  *  .\8
         9\*  *  *  *  *  *  *  *  *  *  W\9
         10\*  .  B  .  .  *  *  *  *  .  w\10
          11\.  b  b  b  .  .  W  .  .  .  w\11
              a  b  c  d  e  f  g  h  i  j  k  
1f846 info: Old: [black, h8] [white, swap-pieces] [white, a6] [black, a2] [white, g11] [black, c10] [white, k9] 
1f846 info: New: [black, h8] [white, swap-pieces] [white, a6] [black, a2] [white, g11] [black, c10] [white, k9] [black, f6] [white, f5] 
1f846 info: MovesPlayed: [black, f6] [white, f5] 
1f846 info: No subtree to reuse.
1f846 info: StartSearch()[0]
1f846 info: 
Elapsed Time   0.364747s
Count          1
GamesPlayed    1
Nodes          1
Knowledge      0 (0.0%)
Expansions     0.0
Time           0.00
GameLen        105.0 dev=0.0 min=105.0 max=105.0
InTree         0.0 dev=0.0 min=0.0 max=0.0
KnowDepth      -
Aborted        0%
Games/s        3096.0
Score          0.00
Sequence      
1f846 info: 
1f846 warning: **** MoHexSearch returned empty sequence!
1f846 warning: **** Returning random move!
1f846 info: *** Player move: k5
17836 info: DfpnSolver::CheckAbort(): Abort flag!
27856 info: 
MID calls      54
VC builds      52
Terminal       0
Work           54
Wasted Work    0 (0%)
Elapsed Time   0.374061
MIDs/sec       144.361
VCs/sec        139.015
Cnt prune sib  0
Avg prune sib  -
Consider Size  66.1154 dev=24.3292 min=7 max=83
Move Index     -
Move Percent   -
Delta Increase 3.41509 dev=12.3387 min=1 max=77
Winner         empty
PV             g5 j2 c9 h3

HashTableStatistics:
Stores         540
LookupAttempt  48591
LookupSuccess  2790
Collisions     0

27856 info: Search aborted.
9a5b7 info: PlayAndSolve: Building VCs to avoid race condition.
9a5b7 info: PlayAndSolve: Continuing on as usual.
27856 info: *** PlayerThread ***
1f846 info: *** SolverThread ***
17836 config: VCS: reading captured set patterns from '/home/linus/MoHex2.0/nfbranchfix/benzene-vanilla-cmake/share/vc-captured-set.txt'.
17836 config: VCS:: parsed 2 patterns.
17836 config: VCS: reading captured set patterns from '/home/linus/MoHex2.0/nfbranchfix/benzene-vanilla-cmake/share/vc-captured-set.txt'.
17836 config: VCS:: parsed 2 patterns.
17836 dfpn: 
27856 info: Best move cannot be determined, must search state.
27856 info: --- MoHexPlayer::Search() ---
27856 info: Color: black
27856 info: MaxGames: 1
27856 info: NumberThreads: 1
27856 info: MaxNodes: 9090 (799920 bytes)
27856 info: TimeForMove: 1
17836 dfpn: g5
17836 dfpn: h4
17836 dfpn: d6
17836 dfpn: i3
17836 dfpn: h5
17836 dfpn: d8
17836 dfpn: j2
17836 dfpn: e8
17836 dfpn: e5
17836 dfpn: g7
17836 dfpn: e6
17836 dfpn: g4
17836 dfpn: d5
17836 dfpn: c9
17836 dfpn: i4
17836 dfpn: j4
17836 dfpn: h3
17836 dfpn: d7
17836 dfpn: j3
17836 dfpn: f7
17836 dfpn: c8
17836 dfpn: h5
27856 info: PreSearch: max time reached (53/77).
27856 info: Time for PreSearch: 0.201585s
27856 info: 
  71f6f2688f28e5a4
  a  b  c  d  e  f  g  h  i  j  k  
 1\b  b  b  .  .  .  .  .  .  .  .\1
  2\B  .  *  *  *  *  *  *  *  *  *\2
   3\.  *  *  *  *  *  *  *  *  *  *\3
    4\*  *  *  *  *  *  *  *  *  *  .\4
     5\.  *  *  *  *  W  *  *  *  .  B\5
      6\W  *  *  *  *  B  *  *  W  .  .\6
       7\.  *  *  *  *  *  *  *  *  *  *\7
        8\*  *  *  *  *  *  *  B  *  *  .\8
         9\*  *  *  *  *  *  *  *  *  *  W\9
         10\*  .  B  .  .  *  *  *  *  .  w\10
          11\.  b  b  b  .  .  W  .  .  .  w\11
              a  b  c  d  e  f  g  h  i  j  k  
27856 info: Old: [black, h8] [white, swap-pieces] [white, a6] [black, a2] [white, g11] [black, c10] [white, k9] [black, f6] [white, f5] 
27856 info: New: [black, h8] [white, swap-pieces] [white, a6] [black, a2] [white, g11] [black, c10] [white, k9] [black, f6] [white, f5] [black, k5] [white, i6] 
27856 info: MovesPlayed: [black, k5] [white, i6] 
27856 info: No subtree to reuse.
27856 info: StartSearch()[0]
27856 info: 
Elapsed Time   0.364465s
Count          1
GamesPlayed    1
Nodes          1
Knowledge      0 (0.0%)
Expansions     0.0
Time           0.00
GameLen        103.0 dev=0.0 min=103.0 max=103.0
InTree         0.0 dev=0.0 min=0.0 max=0.0
KnowDepth      -
Aborted        0%
Games/s        2915.5
Score          1.00
Sequence      
27856 info: 
27856 warning: **** MoHexSearch returned empty sequence!
27856 warning: **** Returning random move!
27856 info: *** Player move: f11
17836 info: DfpnSolver::CheckAbort(): Abort flag!
1f846 info: 
MID calls      61
VC builds      59
Terminal       0
Work           61
Wasted Work    0 (0%)
Elapsed Time   0.373643
MIDs/sec       163.257
VCs/sec        157.905
Cnt prune sib  1
Avg prune sib  2 dev=0 min=2 max=2
Consider Size  59.5932 dev=25.4952 min=6 max=77
Move Index     -
Move Percent   -
Delta Increase 3.4 dev=12.23 min=1 max=73
Winner         empty
PV             h5 j4 e7 h4

HashTableStatistics:
Stores         682
LookupAttempt  58710
LookupSuccess  3383
Collisions     0

1f846 info: Search aborted.
9a5b7 info: PlayAndSolve: Building VCs to avoid race condition.
9a5b7 info: PlayAndSolve: Continuing on as usual.
1f846 info: *** PlayerThread ***
27856 info: *** SolverThread ***
17836 config: VCS: reading captured set patterns from '/home/linus/MoHex2.0/nfbranchfix/benzene-vanilla-cmake/share/vc-captured-set.txt'.
17836 config: VCS:: parsed 2 patterns.
17836 config: VCS: reading captured set patterns from '/home/linus/MoHex2.0/nfbranchfix/benzene-vanilla-cmake/share/vc-captured-set.txt'.
17836 config: VCS:: parsed 2 patterns.
17836 dfpn: 
1f846 info: Best move cannot be determined, must search state.
1f846 info: --- MoHexPlayer::Search() ---
1f846 info: Color: black
1f846 info: MaxGames: 1
1f846 info: NumberThreads: 1
1f846 info: MaxNodes: 9090 (799920 bytes)
1f846 info: TimeForMove: 1
17836 dfpn: g5
17836 dfpn: h4
17836 dfpn: d6
17836 dfpn: e6
17836 dfpn: e5
17836 dfpn: d5
17836 dfpn: g4
17836 dfpn: d7
17836 dfpn: e4
17836 dfpn: d8
17836 dfpn: h5
17836 dfpn: g7
17836 dfpn: h3
17836 dfpn: e8
17836 dfpn: c6
17836 dfpn: j3
17836 dfpn: j4
17836 dfpn: c9
17836 dfpn: c7
17836 dfpn: g3
17836 dfpn: h4
1f846 info: PreSearch: max time reached (52/74).
1f846 info: Time for PreSearch: 0.200675s
1f846 info: 
  a818862af4b2b6a7
  a  b  c  d  e  f  g  h  i  j  k  
 1\b  b  b  .  .  .  .  .  .  .  .\1
  2\B  .  *  *  *  *  *  *  *  *  *\2
   3\.  *  *  *  *  *  *  *  *  *  *\3
    4\*  *  *  *  *  *  *  *  W  *  .\4
     5\.  *  *  *  *  W  *  *  *  .  B\5
      6\W  *  *  *  *  B  *  *  W  .  .\6
       7\.  *  *  *  *  *  *  *  *  *  *\7
        8\*  *  *  *  *  *  *  B  *  *  .\8
         9\*  *  *  *  *  *  *  *  *  *  W\9
         10\*  .  B  .  .  .  *  *  *  .  w\10
          11\.  b  b  b  b  B  W  .  .  .  w\11
              a  b  c  d  e  f  g  h  i  j  k  
1f846 info: Old: [black, h8] [white, swap-pieces] [white, a6] [black, a2] [white, g11] [black, c10] [white, k9] [black, f6] [white, f5] [black, k5] [white, i6] 
1f846 info: New: [black, h8] [white, swap-pieces] [white, a6] [black, a2] [white, g11] [black, c10] [white, k9] [black, f6] [white, f5] [black, k5] [white, i6] [black, f11] [white, i4] 
1f846 info: MovesPlayed: [black, f11] [white, i4] 
1f846 info: No subtree to reuse.
17836 dfpn: e8
1f846 info: StartSearch()[0]
1f846 info: 
Elapsed Time   0.382821s
Count          1
GamesPlayed    1
Nodes          1
Knowledge      0 (0.0%)
Expansions     0.0
Time           0.00
GameLen        100.0 dev=0.0 min=100.0 max=100.0
InTree         0.0 dev=0.0 min=0.0 max=0.0
KnowDepth      -
Aborted        0%
Games/s        2739.7
Score          1.00
Sequence      
1f846 info: 
1f846 warning: **** MoHexSearch returned empty sequence!
1f846 warning: **** Returning random move!
1f846 info: *** Player move: b7
17836 info: DfpnSolver::CheckAbort(): Abort flag!
27856 info: 
MID calls      61
VC builds      58
Terminal       0
Work           61
Wasted Work    0 (0%)
Elapsed Time   0.393335
MIDs/sec       155.084
VCs/sec        147.457
Cnt prune sib  0
Avg prune sib  -
Consider Size  59.1379 dev=18.7988 min=14 max=74
Move Index     -
Move Percent   -
Delta Increase 3.08333 dev=9.72333 min=1 max=69
Winner         empty
PV             e8 i2 d6

HashTableStatistics:
Stores         825
LookupAttempt  68486
LookupSuccess  3974
Collisions     0

27856 info: Search aborted.
9a5b7 info: PlayAndSolve: Building VCs to avoid race condition.
9a5b7 info: PlayAndSolve: Continuing on as usual.
27856 info: *** PlayerThread ***
1f846 info: *** SolverThread ***
17836 config: VCS: reading captured set patterns from '/home/linus/MoHex2.0/nfbranchfix/benzene-vanilla-cmake/share/vc-captured-set.txt'.
17836 config: VCS:: parsed 2 patterns.
17836 config: VCS: reading captured set patterns from '/home/linus/MoHex2.0/nfbranchfix/benzene-vanilla-cmake/share/vc-captured-set.txt'.
17836 config: VCS:: parsed 2 patterns.
17836 dfpn: 
27856 info: Best move cannot be determined, must search state.
27856 info: --- MoHexPlayer::Search() ---
27856 info: Color: black
27856 info: MaxGames: 1
27856 info: NumberThreads: 1
27856 info: MaxNodes: 9090 (799920 bytes)
27856 info: TimeForMove: 1
17836 dfpn: g5
17836 dfpn: h4
17836 dfpn: c5
17836 dfpn: c8
17836 dfpn: d6
17836 dfpn: c3
17836 dfpn: b5
17836 dfpn: c9
17836 dfpn: e5
17836 dfpn: c4
17836 dfpn: g4
17836 dfpn: e6
17836 dfpn: b8
17836 dfpn: b6
17836 dfpn: g3
17836 dfpn: h3
17836 dfpn: e4
17836 dfpn: d8
17836 dfpn: c5
27856 info: PreSearch: max time reached (63/69).
27856 info: Time for PreSearch: 0.201719s
27856 info: 
  7ed74f65c3734614
  a  b  c  d  e  f  g  h  i  j  k  
 1\b  b  b  b  b  .  .  .  .  .  .\1
  2\B  b  .  .  W  *  *  *  *  *  *\2
   3\.  .  *  *  *  *  *  *  *  *  *\3
    4\*  *  *  *  *  *  *  *  W  *  .\4
     5\.  *  *  *  *  W  *  *  *  .  B\5
      6\W  *  *  *  *  B  *  *  W  .  .\6
       7\b  B  *  *  *  *  *  *  *  *  *\7
        8\.  *  *  *  *  *  *  B  *  *  .\8
         9\*  *  *  *  *  *  *  *  *  *  W\9
         10\*  .  B  .  .  .  *  *  *  .  w\10
          11\.  b  b  b  b  B  W  .  .  .  w\11
              a  b  c  d  e  f  g  h  i  j  k  
17836 dfpn: c3
27856 info: Old: [black, h8] [white, swap-pieces] [white, a6] [black, a2] [white, g11] [black, c10] [white, k9] [black, f6] [white, f5] [black, k5] [white, i6] [black, f11] [white, i4] 
27856 info: New: [black, h8] [white, swap-pieces] [white, a6] [black, a2] [white, g11] [black, c10] [white, k9] [black, f6] [white, f5] [black, k5] [white, i6] [black, f11] [white, i4] [black, b7] [white, e2] 
27856 info: MovesPlayed: [black, b7] [white, e2] 
27856 info: No subtree to reuse.
27856 info: StartSearch()[0]
27856 info: 
Elapsed Time   0.360305s
Count          1
GamesPlayed    1
Nodes          1
Knowledge      0 (0.0%)
Expansions     0.0
Time           0.00
GameLen        94.0 dev=0.0 min=94.0 max=94.0
InTree         0.0 dev=0.0 min=0.0 max=0.0
KnowDepth      -
Aborted        0%
Games/s        3067.5
Score          0.00
Sequence      
27856 info: 
27856 warning: **** MoHexSearch returned empty sequence!
27856 warning: **** Returning random move!
27856 info: *** Player move: h6
17836 info: DfpnSolver::CheckAbort(): Abort flag!
1f846 info: 
MID calls      77
VC builds      73
Terminal       0
Work           77
Wasted Work    0 (0%)
Elapsed Time   0.370487
MIDs/sec       207.835
VCs/sec        197.038
Cnt prune sib  1
Avg prune sib  1 dev=0 min=1 max=1
Consider Size  60.2055 dev=9.36323 min=18 max=69
Move Index     -
Move Percent   -
Delta Increase 2.86842 dev=9.6836 min=1 max=62
Winner         empty
PV             c3 d6 c5 c8

HashTableStatistics:
Stores         997
LookupAttempt  78348
LookupSuccess  4495
Collisions     0

1f846 info: Search aborted.
9a5b7 info: PlayAndSolve: Building VCs to avoid race condition.
9a5b7 info: PlayAndSolve: Continuing on as usual.
1f846 info: *** PlayerThread ***
27856 info: *** SolverThread ***
17836 config: VCS: reading captured set patterns from '/home/linus/MoHex2.0/nfbranchfix/benzene-vanilla-cmake/share/vc-captured-set.txt'.
17836 config: VCS:: parsed 2 patterns.
17836 config: VCS: reading captured set patterns from '/home/linus/MoHex2.0/nfbranchfix/benzene-vanilla-cmake/share/vc-captured-set.txt'.
17836 config: VCS:: parsed 2 patterns.
17836 dfpn: 
1f846 info: Best move cannot be determined, must search state.
1f846 info: --- MoHexPlayer::Search() ---
1f846 info: Color: black
1f846 info: MaxGames: 1
1f846 info: NumberThreads: 1
1f846 info: MaxNodes: 9090 (799920 bytes)
1f846 info: TimeForMove: 1
17836 dfpn: g5
17836 dfpn: h4
17836 dfpn: d6
17836 dfpn: e6
17836 dfpn: g4
17836 dfpn: c5
17836 dfpn: h3
17836 dfpn: j4
17836 dfpn: e5
17836 dfpn: j2
17836 dfpn: j3
17836 dfpn: g3
17836 dfpn: h7
17836 dfpn: i2
17836 dfpn: c4
17836 dfpn: d7
17836 dfpn: c3
17836 dfpn: g5
1f846 info: PreSearch: max time reached (49/62).
1f846 info: Time for PreSearch: 0.201556s
17836 dfpn: h3
17836 dfpn: g3
1f846 info: 
  89399bbbb2b60562
  a  b  c  d  e  f  g  h  i  j  k  
 1\b  b  b  b  b  .  .  .  .  .  .\1
  2\B  b  .  .  W  *  *  *  *  *  *\2
   3\.  .  *  *  *  *  *  *  *  *  *\3
    4\*  *  *  *  *  *  *  *  W  *  .\4
     5\.  *  *  *  *  W  *  .  *  .  B\5
      6\W  *  *  *  *  B  .  B  W  .  .\6
       7\b  B  *  *  *  *  *  *  *  *  *\7
        8\.  .  W  *  *  *  *  B  *  *  .\8
         9\*  .  *  *  *  *  *  *  *  *  W\9
         10\.  .  B  .  .  .  *  *  *  .  w\10
          11\.  b  b  b  b  B  W  .  .  .  w\11
              a  b  c  d  e  f  g  h  i  j  k  
17836 dfpn: g5
1f846 info: Old: [black, h8] [white, swap-pieces] [white, a6] [black, a2] [white, g11] [black, c10] [white, k9] [black, f6] [white, f5] [black, k5] [white, i6] [black, f11] [white, i4] [black, b7] [white, e2] 
1f846 info: New: [black, h8] [white, swap-pieces] [white, a6] [black, a2] [white, g11] [black, c10] [white, k9] [black, f6] [white, f5] [black, k5] [white, i6] [black, f11] [white, i4] [black, b7] [white, e2] [black, h6] [white, c8] 
1f846 info: MovesPlayed: [black, h6] [white, c8] 
1f846 info: No subtree to reuse.
1f846 info: StartSearch()[0]
1f846 info: 
Elapsed Time   0.523674s
Count          1
GamesPlayed    1
Nodes          1
Knowledge      0 (0.0%)
Expansions     0.0
Time           0.00
GameLen        92.0 dev=0.0 min=92.0 max=92.0
InTree         0.0 dev=0.0 min=0.0 max=0.0
KnowDepth      -
Aborted        0%
Games/s        3030.3
Score          0.00
Sequence      
1f846 info: 
1f846 warning: **** MoHexSearch returned empty sequence!
1f846 warning: **** Returning random move!
1f846 info: *** Player move: a11
17836 info: DfpnSolver::CheckAbort(): Abort flag!
27856 info: 
MID calls      93
VC builds      92
Terminal       15
Work           108
Wasted Work    0 (0%)
Elapsed Time   0.538296
MIDs/sec       172.767
VCs/sec        170.91
Cnt prune sib  1
Avg prune sib  1 dev=0 min=1 max=1
Consider Size  43.8312 dev=19.1917 min=4 max=67
Move Index     -
Move Percent   -
Delta Increase 3.46729 dev=6.53862 min=1 max=53
Winner         empty
PV             g5 h3 g4 g1 g3

HashTableStatistics:
Stores         1230
LookupAttempt  87033
LookupSuccess  5117
Collisions     0

27856 info: Search aborted.
9a5b7 info: PlayAndSolve: Building VCs to avoid race condition.
9a5b7 info: PlayAndSolve: Continuing on as usual.
27856 info: *** PlayerThread ***
1f846 info: *** SolverThread ***
17836 config: VCS: reading captured set patterns from '/home/linus/MoHex2.0/nfbranchfix/benzene-vanilla-cmake/share/vc-captured-set.txt'.
17836 config: VCS:: parsed 2 patterns.
17836 config: VCS: reading captured set patterns from '/home/linus/MoHex2.0/nfbranchfix/benzene-vanilla-cmake/share/vc-captured-set.txt'.
17836 config: VCS:: parsed 2 patterns.
17836 dfpn: 
27856 info: Best move cannot be determined, must search state.
27856 info: --- MoHexPlayer::Search() ---
27856 info: Color: black
27856 info: MaxGames: 1
27856 info: NumberThreads: 1
27856 info: MaxNodes: 9090 (799920 bytes)
27856 info: TimeForMove: 1
17836 dfpn: g5
17836 dfpn: h4
17836 dfpn: d6
17836 dfpn: e6
17836 dfpn: c5
17836 dfpn: a9
17836 dfpn: g3
17836 dfpn: g4
17836 dfpn: h2
17836 dfpn: c3
17836 dfpn: e5
17836 dfpn: b5
17836 dfpn: c4
17836 dfpn: h3
17836 dfpn: j4
17836 dfpn: j3
17836 dfpn: d3
17836 dfpn: d6
27856 info: PreSearch: max time reached (59/62).
27856 info: Time for PreSearch: 0.20161s
27856 info: 
  8c6a04318f651fc1
  a  b  c  d  e  f  g  h  i  j  k  
 1\b  b  b  b  b  .  .  .  .  W  *\1
  2\B  b  .  .  W  *  *  *  *  *  *\2
   3\.  .  *  *  *  *  *  *  *  *  *\3
    4\*  *  *  *  *  *  *  *  W  *  .\4
     5\.  *  *  *  *  W  *  .  *  .  B\5
      6\W  *  *  *  *  B  .  B  W  .  .\6
       7\b  B  *  *  *  *  *  *  *  *  *\7
        8\.  .  W  *  *  *  *  B  *  *  .\8
         9\*  .  .  *  *  *  *  *  *  *  W\9
         10\.  .  B  .  .  .  *  *  *  .  w\10
          11\B  b  b  b  b  B  W  .  .  .  w\11
              a  b  c  d  e  f  g  h  i  j  k  
27856 info: Old: [black, h8] [white, swap-pieces] [white, a6] [black, a2] [white, g11] [black, c10] [white, k9] [black, f6] [white, f5] [black, k5] [white, i6] [black, f11] [white, i4] [black, b7] [white, e2] [black, h6] [white, c8] 
27856 info: New: [black, h8] [white, swap-pieces] [white, a6] [black, a2] [white, g11] [black, c10] [white, k9] [black, f6] [white, f5] [black, k5] [white, i6] [black, f11] [white, i4] [black, b7] [white, e2] [black, h6] [white, c8] [black, a11] [white, j1] 
27856 info: MovesPlayed: [black, a11] [white, j1] 
27856 info: No subtree to reuse.
17836 dfpn: c5
27856 info: StartSearch()[0]
27856 info: 
Elapsed Time   0.379205s
Count          1
GamesPlayed    1
Nodes          1
Knowledge      0 (0.0%)
Expansions     0.0
Time           0.00
GameLen        90.0 dev=0.0 min=90.0 max=90.0
InTree         0.0 dev=0.0 min=0.0 max=0.0
KnowDepth      -
Aborted        0%
Games/s        2958.6
Score          0.00
Sequence      
27856 info: 
27856 warning: **** MoHexSearch returned empty sequence!
27856 warning: **** Returning random move!
27856 info: *** Player move: e7
17836 info: DfpnSolver::CheckAbort(): Abort flag!
1f846 info: 
MID calls      72
VC builds      67
Terminal       0
Work           72
Wasted Work    0 (0%)
Elapsed Time   0.388264
MIDs/sec       185.441
VCs/sec        172.563
Cnt prune sib  1
Avg prune sib  1 dev=0 min=1 max=1
Consider Size  49.7313 dev=13.3267 min=22 max=65
Move Index     -
Move Percent   -
Delta Increase 2.88732 dev=8.14058 min=1 max=53
Winner         empty
PV             c5 g5 d6

HashTableStatistics:
Stores         1392
LookupAttempt  95096
LookupSuccess  5592
Collisions     0

1f846 info: Search aborted.
9a5b7 info: PlayAndSolve: Building VCs to avoid race condition.
9a5b7 info: PlayAndSolve: Continuing on as usual.
1f846 info: *** PlayerThread ***
27856 info: *** SolverThread ***
17836 config: VCS: reading captured set patterns from '/home/linus/MoHex2.0/nfbranchfix/benzene-vanilla-cmake/share/vc-captured-set.txt'.
17836 config: VCS:: parsed 2 patterns.
17836 config: VCS: reading captured set patterns from '/home/linus/MoHex2.0/nfbranchfix/benzene-vanilla-cmake/share/vc-captured-set.txt'.
17836 config: VCS:: parsed 2 patterns.
17836 dfpn: 
1f846 info: Best move cannot be determined, must search state.
1f846 info: --- MoHexPlayer::Search() ---
1f846 info: Color: black
1f846 info: MaxGames: 1
1f846 info: NumberThreads: 1
1f846 info: MaxNodes: 9090 (799920 bytes)
1f846 info: TimeForMove: 1
17836 dfpn: d6
17836 dfpn: g3
17836 dfpn: c5
17836 dfpn: g5
17836 dfpn: e5
17836 dfpn: b5
17836 dfpn: h4
17836 dfpn: d6
1f846 info: Time for PreSearch: 0.068645s
1f846 info: 
  56644bae84025add
  a  b  c  d  e  f  g  h  i  j  k  
 1\b  b  b  b  b  .  .  .  .  W  *\1
  2\B  b  .  .  W  .  .  *  W  .  .\2
   3\.  .  .  .  .  .  *  *  *  *  .\3
    4\.  .  .  .  .  *  *  *  W  *  .\4
     5\.  *  *  *  *  W  *  .  .  .  B\5
      6\W  *  *  *  .  B  .  B  W  .  .\6
       7\b  B  *  .  B  .  .  .  .  .  .\7
        8\.  .  W  .  .  .  .  B  .  .  .\8
         9\*  .  .  .  .  .  .  .  .  .  W\9
         10\.  .  B  .  .  .  .  .  .  .  w\10
          11\B  b  b  b  b  B  W  .  .  .  w\11
              a  b  c  d  e  f  g  h  i  j  k  
1f846 info: Old: [black, h8] [white, swap-pieces] [white, a6] [black, a2] [white, g11] [black, c10] [white, k9] [black, f6] [white, f5] [black, k5] [white, i6] [black, f11] [white, i4] [black, b7] [white, e2] [black, h6] [white, c8] [black, a11] [white, j1] 
1f846 info: New: [black, h8] [white, swap-pieces] [white, a6] [black, a2] [white, g11] [black, c10] [white, k9] [black, f6] [white, f5] [black, k5] [white, i6] [black, f11] [white, i4] [black, b7] [white, e2] [black, h6] [white, c8] [black, a11] [white, j1] [black, e7] [white, i2] 
1f846 info: MovesPlayed: [black, e7] [white, i2] 
1f846 info: No subtree to reuse.
1f846 info: StartSearch()[0]
1f846 info: 
Elapsed Time   0.242558s
Count          1
GamesPlayed    1
Nodes          1
Knowledge      0 (0.0%)
Expansions     0.0
Time           0.00
GameLen        88.0 dev=0.0 min=88.0 max=88.0
InTree         0.0 dev=0.0 min=0.0 max=0.0
KnowDepth      -
Aborted        0%
Games/s        2724.8
Score          0.00
Sequence      
1f846 info: 
1f846 warning: **** MoHexSearch returned empty sequence!
1f846 warning: **** Returning random move!
1f846 info: *** Player move: k3
17836 info: DfpnSolver::CheckAbort(): Abort flag!
27856 info: 
MID calls      29
VC builds      25
Terminal       0
Work           29
Wasted Work    0 (0%)
Elapsed Time   0.26241
MIDs/sec       110.514
VCs/sec        95.2708
Cnt prune sib  1
Avg prune sib  1 dev=0 min=1 max=1
Consider Size  25.2 dev=16.3389 min=1 max=52
Move Index     -
Move Percent   -
Delta Increase 3 dev=4.61078 min=1 max=21
Winner         empty
PV             d6 g3 c3 c4

HashTableStatistics:
Stores         1455
LookupAttempt  96477
LookupSuccess  5706
Collisions     0

27856 info: Search aborted.
9a5b7 info: PlayAndSolve: Building VCs to avoid race condition.
9a5b7 info: PlayAndSolve: Continuing on as usual.
27856 info: *** PlayerThread ***
1f846 info: *** SolverThread ***
17836 config: VCS: reading captured set patterns from '/home/linus/MoHex2.0/nfbranchfix/benzene-vanilla-cmake/share/vc-captured-set.txt'.
17836 config: VCS:: parsed 2 patterns.
17836 config: VCS: reading captured set patterns from '/home/linus/MoHex2.0/nfbranchfix/benzene-vanilla-cmake/share/vc-captured-set.txt'.
17836 config: VCS:: parsed 2 patterns.
17836 dfpn: 
27856 info: Opponent has won; playing most blocking move.
27856 info: *** Player move: e5
1f846 info: 
MID calls      0
VC builds      1
Terminal       1
Work           1
Wasted Work    0 (0%)
Elapsed Time   0.010731
MIDs/sec       0
VCs/sec        93.188
Cnt prune sib  0
Avg prune sib  -
Consider Size  -
Move Index     -
Move Percent   -
Delta Increase -
Winner         white
PV             

HashTableStatistics:
Stores         1456
LookupAttempt  96483
LookupSuccess  5709
Collisions     0

9a5b7 info: PlayAndSolve: Building VCs to avoid race condition.
9a5b7 info: PlayAndSolve: Continuing on as usual.
1f846 info: *** PlayerThread ***
27856 info: *** SolverThread ***
17836 config: VCS: reading captured set patterns from '/home/linus/MoHex2.0/nfbranchfix/benzene-vanilla-cmake/share/vc-captured-set.txt'.
17836 config: VCS:: parsed 2 patterns.
17836 config: VCS: reading captured set patterns from '/home/linus/MoHex2.0/nfbranchfix/benzene-vanilla-cmake/share/vc-captured-set.txt'.
17836 config: VCS:: parsed 2 patterns.
17836 dfpn: 
1f846 info: Opponent has won; playing most blocking move.
1f846 info: *** Player move: h4
27856 info: 
MID calls      0
VC builds      1
Terminal       1
Work           1
Wasted Work    0 (0%)
Elapsed Time   0.009198
MIDs/sec       0
VCs/sec        108.719
Cnt prune sib  0
Avg prune sib  -
Consider Size  -
Move Index     -
Move Percent   -
Delta Increase -
Winner         white
PV             

HashTableStatistics:
Stores         1457
LookupAttempt  96489
LookupSuccess  5712
Collisions     0

9a5b7 info: PlayAndSolve: Building VCs to avoid race condition.
9a5b7 info: PlayAndSolve: Continuing on as usual.
27856 info: *** PlayerThread ***
1f846 info: *** SolverThread ***
17836 config: VCS: reading captured set patterns from '/home/linus/MoHex2.0/nfbranchfix/benzene-vanilla-cmake/share/vc-captured-set.txt'.
17836 config: VCS:: parsed 2 patterns.
17836 config: VCS: reading captured set patterns from '/home/linus/MoHex2.0/nfbranchfix/benzene-vanilla-cmake/share/vc-captured-set.txt'.
17836 config: VCS:: parsed 2 patterns.
17836 dfpn: 
27856 info: Opponent has won; playing most blocking move.
27856 info: *** Player move: h2
1f846 info: 
MID calls      0
VC builds      1
Terminal       1
Work           1
Wasted Work    0 (0%)
Elapsed Time   0.009477
MIDs/sec       0
VCs/sec        105.519
Cnt prune sib  0
Avg prune sib  -
Consider Size  -
Move Index     -
Move Percent   -
Delta Increase -
Winner         white
PV             

HashTableStatistics:
Stores         1458
LookupAttempt  96495
LookupSuccess  5715
Collisions     0

9a5b7 info: PlayAndSolve: Building VCs to avoid race condition.
9a5b7 info: PlayAndSolve: Continuing on as usual.
1f846 info: *** PlayerThread ***
27856 info: *** SolverThread ***
17836 config: VCS: reading captured set patterns from '/home/linus/MoHex2.0/nfbranchfix/benzene-vanilla-cmake/share/vc-captured-set.txt'.
17836 config: VCS:: parsed 2 patterns.
17836 config: VCS: reading captured set patterns from '/home/linus/MoHex2.0/nfbranchfix/benzene-vanilla-cmake/share/vc-captured-set.txt'.
17836 config: VCS:: parsed 2 patterns.
17836 dfpn: 
1f846 info: Opponent has won; playing most blocking move.
1f846 info: *** Player move: k1
27856 info: 
MID calls      0
VC builds      1
Terminal       1
Work           1
Wasted Work    0 (0%)
Elapsed Time   0.008129
MIDs/sec       0
VCs/sec        123.016
Cnt prune sib  0
Avg prune sib  -
Consider Size  -
Move Index     -
Move Percent   -
Delta Increase -
Winner         white
PV             

HashTableStatistics:
Stores         1459
LookupAttempt  96501
LookupSuccess  5718
Collisions     0

9a5b7 info: PlayAndSolve: Building VCs to avoid race condition.
9a5b7 info: PlayAndSolve: Continuing on as usual.
27856 info: *** PlayerThread ***
1f846 info: *** SolverThread ***
17836 config: VCS: reading captured set patterns from '/home/linus/MoHex2.0/nfbranchfix/benzene-vanilla-cmake/share/vc-captured-set.txt'.
17836 config: VCS:: parsed 2 patterns.
17836 config: VCS: reading captured set patterns from '/home/linus/MoHex2.0/nfbranchfix/benzene-vanilla-cmake/share/vc-captured-set.txt'.
17836 config: VCS:: parsed 2 patterns.
17836 dfpn: 
27856 info: Opponent has won; playing most blocking move.
27856 info: *** Player move: j4
1f846 info: 
MID calls      0
VC builds      1
Terminal       1
Work           1
Wasted Work    0 (0%)
Elapsed Time   0.007819
MIDs/sec       0
VCs/sec        127.894
Cnt prune sib  0
Avg prune sib  -
Consider Size  -
Move Index     -
Move Percent   -
Delta Increase -
Winner         white
PV             

HashTableStatistics:
Stores         1460
LookupAttempt  96507
LookupSuccess  5721
Collisions     0

9a5b7 info: PlayAndSolve: Building VCs to avoid race condition.
9a5b7 info: PlayAndSolve: Continuing on as usual.
1f846 info: *** PlayerThread ***
27856 info: *** SolverThread ***
17836 config: VCS: reading captured set patterns from '/home/linus/MoHex2.0/nfbranchfix/benzene-vanilla-cmake/share/vc-captured-set.txt'.
17836 config: VCS:: parsed 2 patterns.
17836 config: VCS: reading captured set patterns from '/home/linus/MoHex2.0/nfbranchfix/benzene-vanilla-cmake/share/vc-captured-set.txt'.
17836 config: VCS:: parsed 2 patterns.
17836 dfpn: 
1f846 info: Opponent has won; playing most blocking move.
1f846 info: *** Player move: f4
27856 info: 
MID calls      0
VC builds      1
Terminal       1
Work           1
Wasted Work    0 (0%)
Elapsed Time   0.007845
MIDs/sec       0
VCs/sec        127.47
Cnt prune sib  0
Avg prune sib  -
Consider Size  -
Move Index     -
Move Percent   -
Delta Increase -
Winner         white
PV             

HashTableStatistics:
Stores         1461
LookupAttempt  96513
LookupSuccess  5724
Collisions     0

9a5b7 info: PlayAndSolve: Building VCs to avoid race condition.
9a5b7 info: PlayAndSolve: Continuing on as usual.
27856 info: *** PlayerThread ***
1f846 info: *** SolverThread ***
17836 config: VCS: reading captured set patterns from '/home/linus/MoHex2.0/nfbranchfix/benzene-vanilla-cmake/share/vc-captured-set.txt'.
17836 config: VCS:: parsed 2 patterns.
17836 config: VCS: reading captured set patterns from '/home/linus/MoHex2.0/nfbranchfix/benzene-vanilla-cmake/share/vc-captured-set.txt'.
17836 config: VCS:: parsed 2 patterns.
17836 dfpn: 
27856 info: Opponent has won; playing most blocking move.
27856 info: *** Player move: a9
1f846 info: 
MID calls      0
VC builds      1
Terminal       1
Work           1
Wasted Work    0 (0%)
Elapsed Time   0.003362
MIDs/sec       0
VCs/sec        297.442
Cnt prune sib  0
Avg prune sib  -
Consider Size  -
Move Index     -
Move Percent   -
Delta Increase -
Winner         white
PV             

HashTableStatistics:
Stores         1462
LookupAttempt  96519
LookupSuccess  5727
Collisions     0

9a5b7 info: PlayAndSolve: Building VCs to avoid race condition.
9a5b7 info: PlayAndSolve: Continuing on as usual.
1f846 info: *** PlayerThread ***
27856 info: *** SolverThread ***
17836 config: VCS: reading captured set patterns from '/home/linus/MoHex2.0/nfbranchfix/benzene-vanilla-cmake/share/vc-captured-set.txt'.
17836 config: VCS:: parsed 2 patterns.
17836 config: VCS: reading captured set patterns from '/home/linus/MoHex2.0/nfbranchfix/benzene-vanilla-cmake/share/vc-captured-set.txt'.
17836 config: VCS:: parsed 2 patterns.
17836 dfpn: 
1f846 info: Opponent has won; playing most blocking move.
1f846 info: *** Player move: b5
27856 info: 
MID calls      0
VC builds      1
Terminal       1
Work           1
Wasted Work    0 (0%)
Elapsed Time   0.005012
MIDs/sec       0
VCs/sec        199.521
Cnt prune sib  0
Avg prune sib  -
Consider Size  -
Move Index     -
Move Percent   -
Delta Increase -
Winner         white
PV             

HashTableStatistics:
Stores         1463
LookupAttempt  96525
LookupSuccess  5730
Collisions     0

9a5b7 info: PlayAndSolve: Building VCs to avoid race condition.
9a5b7 info: PlayAndSolve: Continuing on as usual.
27856 info: *** PlayerThread ***
1f846 info: *** SolverThread ***
17836 config: VCS: reading captured set patterns from '/home/linus/MoHex2.0/nfbranchfix/benzene-vanilla-cmake/share/vc-captured-set.txt'.
17836 config: VCS:: parsed 2 patterns.
17836 config: VCS: reading captured set patterns from '/home/linus/MoHex2.0/nfbranchfix/benzene-vanilla-cmake/share/vc-captured-set.txt'.
17836 config: VCS:: parsed 2 patterns.
17836 dfpn: 
27856 info: Opponent has won; playing most blocking move.
27856 info: *** Player move: d5
1f846 info: 
MID calls      0
VC builds      1
Terminal       1
Work           1
Wasted Work    0 (0%)
Elapsed Time   0.00404
MIDs/sec       0
VCs/sec        247.525
Cnt prune sib  0
Avg prune sib  -
Consider Size  -
Move Index     -
Move Percent   -
Delta Increase -
Winner         white
PV             

HashTableStatistics:
Stores         1464
LookupAttempt  96531
LookupSuccess  5733
Collisions     0

9a5b7 config: ============ BenzeneShutdown =============
9a5b7 config: MoHexProgram:: ShutdownSystem()
9a5b7 config: CommonProgram:: ShutdownSystem()
9a5b7 config: BenzeneProgram:: ShutdownSystem()
Flushing and closing this stream...
