a1b37 config: MoHex v2.0.CMake Mar 21 2025.
a1b37 config: ============ InitializeSystem ============
a1b37 config: BenzeneProgram::InitRandom()
a1b37 config: Seed = 515140
a1b37 info: Prior Patterns:
a1b37 info: Global:
a1b37 info: Size            = 565 32648 
a1b37 info: TableEntries    = 65932 65910
a1b37 info: MirrorsAdded    = 0 0
a1b37 info: PrunableCount   = 30593 30629
a1b37 info: LargestGamma    = 5820.77
a1b37 info: SmallestGamma   = 6.6e-05
a1b37 info: Local:
a1b37 info: Size            = 550 5318 
a1b37 info: TableEntries    = 11602 11588
a1b37 info: MirrorsAdded    = 0 0
a1b37 info: PrunableCount   = 3659 3667
a1b37 info: LargestGamma    = 11281.8
a1b37 info: SmallestGamma   = 0.026235
a1b37 info: Playout Patterns:
a1b37 info: Global:
a1b37 info: Size            = 565 32648 
a1b37 info: TableEntries    = 70329 70329
a1b37 info: MirrorsAdded    = 4397 4419
a1b37 info: PrunableCount   = 30593 30629
a1b37 info: LargestGamma    = 5820.77
a1b37 info: SmallestGamma   = 6.6e-05
a1b37 info: Local:
a1b37 info: Size            = 550 5318 
a1b37 info: TableEntries    = 11602 11588
a1b37 info: MirrorsAdded    = 0 0
a1b37 info: PrunableCount   = 3659 3667
a1b37 info: LargestGamma    = 11281.8
a1b37 info: SmallestGamma   = 0.026235
a1b37 config: IcePatternSet: reading from '/home/linus/MoHex2.0/nfbranchfix/benzene-vanilla-cmake/share/ice-patterns.txt'.
a1b37 config: IcePatternSet: parsed 708 patterns.
a1b37 config: VCS: reading captured set patterns from '/home/linus/MoHex2.0/nfbranchfix/benzene-vanilla-cmake/share/vc-captured-set.txt'.
a1b37 config: VCS:: parsed 2 patterns.
a1b37 config: VCS: reading captured set patterns from '/home/linus/MoHex2.0/nfbranchfix/benzene-vanilla-cmake/share/vc-captured-set.txt'.
a1b37 config: VCS:: parsed 2 patterns.
a1b37 config: IcePatternSet: reading from '/home/linus/MoHex2.0/nfbranchfix/benzene-vanilla-cmake/share/ice-patterns.txt'.
a1b37 config: IcePatternSet: parsed 708 patterns.
a1b37 config: VCS: reading captured set patterns from '/home/linus/MoHex2.0/nfbranchfix/benzene-vanilla-cmake/share/vc-captured-set.txt'.
a1b37 config: VCS:: parsed 2 patterns.
a1b37 config: VCS: reading captured set patterns from '/home/linus/MoHex2.0/nfbranchfix/benzene-vanilla-cmake/share/vc-captured-set.txt'.
a1b37 config: VCS:: parsed 2 patterns.
a1b37 config: VCS: reading captured set patterns from '/home/linus/MoHex2.0/nfbranchfix/benzene-vanilla-cmake/share/vc-captured-set.txt'.
a1b37 config: VCS:: parsed 2 patterns.
a1b37 config: VCS: reading captured set patterns from '/home/linus/MoHex2.0/nfbranchfix/benzene-vanilla-cmake/share/vc-captured-set.txt'.
a1b37 config: VCS:: parsed 2 patterns.
a1b37 config: VCS: reading captured set patterns from '/home/linus/MoHex2.0/nfbranchfix/benzene-vanilla-cmake/share/vc-captured-set.txt'.
a1b37 config: VCS:: parsed 2 patterns.
a1b37 config: VCS: reading captured set patterns from '/home/linus/MoHex2.0/nfbranchfix/benzene-vanilla-cmake/share/vc-captured-set.txt'.
a1b37 config: VCS:: parsed 2 patterns.
a1b37 config: VCPattern: loading pattern templates from '/home/linus/MoHex2.0/nfbranchfix/benzene-vanilla-cmake/share/vc-patterns.txt'.
a1b37 info: Best move cannot be determined, must search state.
a1b37 info: --- MoHexPlayer::Search() ---
a1b37 info: Color: black
a1b37 info: MaxGames: 1
a1b37 info: NumberThreads: 1
a1b37 info: MaxNodes: 181818181 (15999999928 bytes)
a1b37 info: TimeForMove: 1
a1b37 info: PreSearch: max time reached (54/92).
a1b37 info: Time for PreSearch: 0.204917s
a1b37 info: 
  ba3689b2ae52a8b5
  a  b  c  d  e  f  g  h  i  j  k  
 1\w  W  .  .  .  .  B  .  .  .  .\1
  2\w  .  *  *  *  *  *  *  *  *  *\2
   3\w  *  *  *  *  *  *  *  *  *  *\3
    4\.  *  *  *  *  *  *  *  *  *  *\4
     5\*  *  *  *  *  *  *  *  *  *  *\5
      6\*  *  *  *  *  *  *  *  *  *  *\6
       7\*  *  *  *  *  *  *  *  *  *  *\7
        8\*  *  *  *  *  *  *  *  *  *  *\8
         9\*  *  *  *  *  *  *  *  *  *  .\9
         10\*  *  *  *  *  *  *  *  *  .  .\10
          11\.  .  .  .  .  .  .  .  .  .  .\11
              a  b  c  d  e  f  g  h  i  j  k  
a1b37 info: No subtree to reuse.
a1b37 info: Creating thread 0
a1b37 info: StartSearch()[0]
a1b37 config: VCS: reading captured set patterns from '/home/linus/MoHex2.0/nfbranchfix/benzene-vanilla-cmake/share/vc-captured-set.txt'.
a1b37 config: VCS:: parsed 2 patterns.
a1b37 config: VCS: reading captured set patterns from '/home/linus/MoHex2.0/nfbranchfix/benzene-vanilla-cmake/share/vc-captured-set.txt'.
a1b37 config: VCS:: parsed 2 patterns.
a1b37 info: 
Elapsed Time   0.548633s
Count          1
GamesPlayed    1
Nodes          1
Knowledge      0 (0.0%)
Expansions     0.0
Time           0.00
GameLen        116.0 dev=0.0 min=116.0 max=116.0
InTree         0.0 dev=0.0 min=0.0 max=0.0
KnowDepth      -
Aborted        0%
Games/s        398.6
Score          1.00
Sequence      
a1b37 info: 
a1b37 warning: **** MoHexSearch returned empty sequence!
a1b37 warning: **** Returning random move!
a1b37 info: Best move cannot be determined, must search state.
a1b37 info: --- MoHexPlayer::Search() ---
a1b37 info: Color: black
a1b37 info: MaxGames: 1
a1b37 info: NumberThreads: 1
a1b37 info: MaxNodes: 181818181 (15999999928 bytes)
a1b37 info: TimeForMove: 1
a1b37 info: PreSearch: max time reached (58/83).
a1b37 info: Time for PreSearch: 0.201528s
a1b37 info: 
  f72a866f3162f073
  a  b  c  d  e  f  g  h  i  j  k  
 1\w  W  .  .  .  .  B  .  .  .  .\1
  2\w  .  *  *  *  *  *  *  *  *  .\2
   3\w  *  *  *  *  *  *  *  *  *  w\3
    4\.  *  *  *  *  *  *  *  *  .  w\4
     5\*  *  *  *  *  *  *  *  *  W  w\5
      6\*  *  *  *  *  *  *  *  *  .  w\6
       7\*  *  *  *  *  *  *  *  *  *  .\7
        8\*  *  *  *  *  *  *  *  *  *  *\8
         9\*  *  *  *  *  *  *  *  *  *  .\9
         10\*  *  *  *  *  *  *  *  *  .  .\10
          11\.  .  .  .  .  B  .  .  .  .  .\11
              a  b  c  d  e  f  g  h  i  j  k  
a1b37 info: Old: [black, g1] [white, b1] 
a1b37 info: New: [black, g1] [white, b1] [black, f11] [white, j5] 
a1b37 info: MovesPlayed: [black, f11] [white, j5] 
a1b37 info: No subtree to reuse.
a1b37 info: StartSearch()[0]
a1b37 info: 
Elapsed Time   0.343037s
Count          1
GamesPlayed    1
Nodes          1
Knowledge      0 (0.0%)
Expansions     0.0
Time           0.00
GameLen        110.0 dev=0.0 min=110.0 max=110.0
InTree         0.0 dev=0.0 min=0.0 max=0.0
KnowDepth      -
Aborted        0%
Games/s        3205.1
Score          1.00
Sequence      
a1b37 info: 
a1b37 warning: **** MoHexSearch returned empty sequence!
a1b37 warning: **** Returning random move!
a1b37 info: Best move cannot be determined, must search state.
a1b37 info: --- MoHexPlayer::Search() ---
a1b37 info: Color: black
a1b37 info: MaxGames: 1
a1b37 info: NumberThreads: 1
a1b37 info: MaxNodes: 181818181 (15999999928 bytes)
a1b37 info: TimeForMove: 1
a1b37 info: PreSearch: max time reached (60/83).
a1b37 info: Time for PreSearch: 0.201953s
a1b37 info: 
  5d83560c495aa519
  a  b  c  d  e  f  g  h  i  j  k  
 1\w  W  .  .  .  .  B  .  .  W  *\1
  2\w  .  *  *  *  *  *  *  *  *  .\2
   3\w  *  *  *  *  *  *  *  *  *  w\3
    4\.  *  *  *  *  *  *  *  *  .  w\4
     5\*  *  *  *  *  *  *  *  *  W  w\5
      6\*  *  *  *  *  *  *  B  *  .  w\6
       7\*  *  *  *  *  *  *  *  *  *  .\7
        8\*  *  *  *  *  *  *  *  *  *  *\8
         9\*  *  *  *  *  *  *  *  *  *  .\9
         10\*  *  *  *  *  *  *  *  *  .  .\10
          11\.  .  .  .  .  B  .  .  .  .  .\11
              a  b  c  d  e  f  g  h  i  j  k  
a1b37 info: Old: [black, g1] [white, b1] [black, f11] [white, j5] 
a1b37 info: New: [black, g1] [white, b1] [black, f11] [white, j5] [black, h6] [white, j1] 
a1b37 info: MovesPlayed: [black, h6] [white, j1] 
a1b37 info: No subtree to reuse.
a1b37 info: StartSearch()[0]
a1b37 info: 
Elapsed Time   0.36946s
Count          1
GamesPlayed    1
Nodes          1
Knowledge      0 (0.0%)
Expansions     0.0
Time           0.00
GameLen        108.0 dev=0.0 min=108.0 max=108.0
InTree         0.0 dev=0.0 min=0.0 max=0.0
KnowDepth      -
Aborted        0%
Games/s        3378.4
Score          1.00
Sequence      
a1b37 info: 
a1b37 warning: **** MoHexSearch returned empty sequence!
a1b37 warning: **** Returning random move!
a1b37 info: Best move cannot be determined, must search state.
a1b37 info: --- MoHexPlayer::Search() ---
a1b37 info: Color: black
a1b37 info: MaxGames: 1
a1b37 info: NumberThreads: 1
a1b37 info: MaxNodes: 181818181 (15999999928 bytes)
a1b37 info: TimeForMove: 1
a1b37 info: PreSearch: max time reached (50/81).
a1b37 info: Time for PreSearch: 0.20172s
a1b37 info: 
  d86e1e8eff476688
  a  b  c  d  e  f  g  h  i  j  k  
 1\w  W  .  .  .  .  B  .  W  W  *\1
  2\w  .  *  *  *  *  *  *  *  *  .\2
   3\w  *  *  *  *  *  *  *  *  *  w\3
    4\.  *  *  *  *  *  *  *  *  .  w\4
     5\*  *  *  *  *  *  *  *  *  W  w\5
      6\*  *  *  *  *  *  *  B  *  .  w\6
       7\*  *  *  *  *  *  *  *  *  *  .\7
        8\*  *  *  *  *  *  *  *  *  *  *\8
         9\*  *  *  B  *  *  *  *  *  *  .\9
         10\*  *  .  .  *  *  *  *  *  .  .\10
          11\.  .  .  .  .  B  .  .  .  .  .\11
              a  b  c  d  e  f  g  h  i  j  k  
a1b37 info: Old: [black, g1] [white, b1] [black, f11] [white, j5] [black, h6] [white, j1] 
a1b37 info: New: [black, g1] [white, b1] [black, f11] [white, j5] [black, h6] [white, j1] [black, d9] [white, i1] 
a1b37 info: MovesPlayed: [black, d9] [white, i1] 
a1b37 info: No subtree to reuse.
a1b37 info: StartSearch()[0]
a1b37 info: 
Elapsed Time   0.35081s
Count          1
GamesPlayed    1
Nodes          1
Knowledge      0 (0.0%)
Expansions     0.0
Time           0.00
GameLen        106.0 dev=0.0 min=106.0 max=106.0
InTree         0.0 dev=0.0 min=0.0 max=0.0
KnowDepth      -
Aborted        0%
Games/s        3703.7
Score          0.00
Sequence      
a1b37 info: 
a1b37 warning: **** MoHexSearch returned empty sequence!
a1b37 warning: **** Returning random move!
a1b37 info: Best move cannot be determined, must search state.
a1b37 info: --- MoHexPlayer::Search() ---
a1b37 info: Color: black
a1b37 info: MaxGames: 1
a1b37 info: NumberThreads: 1
a1b37 info: MaxNodes: 181818181 (15999999928 bytes)
a1b37 info: TimeForMove: 1
a1b37 info: PreSearch: max time reached (44/71).
a1b37 info: Time for PreSearch: 0.205927s
a1b37 info: 
  0616181392aa0451
  a  b  c  d  e  f  g  h  i  j  k  
 1\w  W  .  .  .  .  B  .  W  W  *\1
  2\w  .  .  .  *  *  *  *  *  *  .\2
   3\w  *  *  *  *  *  *  *  *  *  w\3
    4\.  *  *  *  *  *  *  *  *  .  w\4
     5\*  *  *  *  *  *  *  *  *  W  w\5
      6\.  *  *  *  *  *  *  B  *  .  w\6
       7\w  .  *  *  *  *  *  *  *  *  .\7
        8\w  W  B  *  *  *  *  *  *  *  *\8
         9\w  .  .  B  *  *  *  *  *  *  .\9
         10\w  *  .  .  *  *  *  *  *  .  .\10
          11\.  .  .  .  .  B  .  .  .  .  .\11
              a  b  c  d  e  f  g  h  i  j  k  
a1b37 info: Old: [black, g1] [white, b1] [black, f11] [white, j5] [black, h6] [white, j1] [black, d9] [white, i1] 
a1b37 info: New: [black, g1] [white, b1] [black, f11] [white, j5] [black, h6] [white, j1] [black, d9] [white, i1] [black, c8] [white, b8] 
a1b37 info: MovesPlayed: [black, c8] [white, b8] 
a1b37 info: No subtree to reuse.
a1b37 info: StartSearch()[0]
a1b37 info: 
Elapsed Time   0.418991s
Count          1
GamesPlayed    1
Nodes          1
Knowledge      0 (0.0%)
Expansions     0.0
Time           0.00
GameLen        100.0 dev=0.0 min=100.0 max=100.0
InTree         0.0 dev=0.0 min=0.0 max=0.0
KnowDepth      -
Aborted        0%
Games/s        3184.7
Score          0.00
Sequence      
a1b37 info: 
a1b37 warning: **** MoHexSearch returned empty sequence!
a1b37 warning: **** Returning random move!
a1b37 info: Best move cannot be determined, must search state.
a1b37 info: --- MoHexPlayer::Search() ---
a1b37 info: Color: black
a1b37 info: MaxGames: 1
a1b37 info: NumberThreads: 1
a1b37 info: MaxNodes: 181818181 (15999999928 bytes)
a1b37 info: TimeForMove: 1
a1b37 info: PreSearch: max time reached (36/64).
a1b37 info: Time for PreSearch: 0.200456s
a1b37 info: 
  d0a5132d99273e8a
  a  b  c  d  e  f  g  h  i  j  k  
 1\w  W  .  .  .  .  B  .  W  W  w\1
  2\w  .  .  .  *  *  .  B  .  W  w\2
   3\w  *  *  *  *  *  *  *  *  w  b\3
    4\.  *  *  *  *  *  *  *  *  w  w\4
     5\*  *  *  *  *  *  *  *  .  W  w\5
      6\.  *  *  *  *  *  *  B  *  .  w\6
       7\w  .  *  *  *  *  *  *  *  *  .\7
        8\w  W  B  *  *  *  *  *  *  *  *\8
         9\w  .  .  B  *  *  *  *  *  *  .\9
         10\w  *  .  .  *  *  *  *  *  .  .\10
          11\.  .  .  .  .  B  .  .  .  .  .\11
              a  b  c  d  e  f  g  h  i  j  k  
a1b37 info: Old: [black, g1] [white, b1] [black, f11] [white, j5] [black, h6] [white, j1] [black, d9] [white, i1] [black, c8] [white, b8] 
a1b37 info: New: [black, g1] [white, b1] [black, f11] [white, j5] [black, h6] [white, j1] [black, d9] [white, i1] [black, c8] [white, b8] [black, h2] [white, j2] 
a1b37 info: MovesPlayed: [black, h2] [white, j2] 
a1b37 info: No subtree to reuse.
a1b37 info: StartSearch()[0]
a1b37 info: 
Elapsed Time   0.522296s
Count          1
GamesPlayed    1
Nodes          1
Knowledge      0 (0.0%)
Expansions     0.0
Time           0.00
GameLen        94.0 dev=0.0 min=94.0 max=94.0
InTree         0.0 dev=0.0 min=0.0 max=0.0
KnowDepth      -
Aborted        0%
Games/s        3424.7
Score          0.00
Sequence      
a1b37 info: 
a1b37 warning: **** MoHexSearch returned empty sequence!
a1b37 warning: **** Returning random move!
a1b37 info: Best move cannot be determined, must search state.
a1b37 info: --- MoHexPlayer::Search() ---
a1b37 info: Color: black
a1b37 info: MaxGames: 1
a1b37 info: NumberThreads: 1
a1b37 info: MaxNodes: 181818181 (15999999928 bytes)
a1b37 info: TimeForMove: 1
a1b37 info: PreSearch: max time reached (37/59).
a1b37 info: Time for PreSearch: 0.203317s
a1b37 info: 
  852744d46afe3f53
  a  b  c  d  e  f  g  h  i  j  k  
 1\w  W  .  .  .  .  B  .  W  W  w\1
  2\w  w  .  .  *  *  .  B  .  W  w\2
   3\w  .  *  *  *  *  *  *  *  w  b\3
    4\w  *  *  *  *  *  *  *  *  w  w\4
     5\w  *  *  *  *  *  *  *  .  W  w\5
      6\w  .  *  *  *  *  *  B  *  .  w\6
       7\w  W  *  *  *  *  *  *  *  *  .\7
        8\w  W  B  *  *  *  *  *  *  *  *\8
         9\b  .  .  B  *  *  *  *  *  .  .\9
         10\.  *  .  .  *  *  .  .  .  .  .\10
          11\.  .  .  .  .  B  b  b  B  b  b\11
              a  b  c  d  e  f  g  h  i  j  k  
a1b37 info: Old: [black, g1] [white, b1] [black, f11] [white, j5] [black, h6] [white, j1] [black, d9] [white, i1] [black, c8] [white, b8] [black, h2] [white, j2] 
a1b37 info: New: [black, g1] [white, b1] [black, f11] [white, j5] [black, h6] [white, j1] [black, d9] [white, i1] [black, c8] [white, b8] [black, h2] [white, j2] [black, i11] [white, b7] 
a1b37 info: MovesPlayed: [black, i11] [white, b7] 
a1b37 info: No subtree to reuse.
a1b37 info: StartSearch()[0]
a1b37 info: 
Elapsed Time   0.348679s
Count          1
GamesPlayed    1
Nodes          1
Knowledge      0 (0.0%)
Expansions     0.0
Time           0.00
GameLen        85.0 dev=0.0 min=85.0 max=85.0
InTree         0.0 dev=0.0 min=0.0 max=0.0
KnowDepth      -
Aborted        0%
Games/s        3003.0
Score          1.00
Sequence      
a1b37 info: 
a1b37 warning: **** MoHexSearch returned empty sequence!
a1b37 warning: **** Returning random move!
a1b37 info: Winning SC.
a1b37 info: Winning SC.
a1b37 info: Winning SC.
a1b37 info: Winning SC.
a1b37 info: Winning SC.
a1b37 info: Winning SC.
a1b37 info: Winning SC.
a1b37 info: Winning SC.
a1b37 info: Winning SC.
a1b37 info: Captured cells caused win! Removing...
a1b37 info: Winning SC.
a1b37 config: ============ BenzeneShutdown =============
a1b37 config: MoHexProgram:: ShutdownSystem()
a1b37 config: CommonProgram:: ShutdownSystem()
a1b37 config: BenzeneProgram:: ShutdownSystem()
Flushing and closing this stream...
