# nice ../build/src/mohex/mohex --config mohex-weak.htp --seed 508142 --logfile-name jobs/11x11-mohex-mohex-cg2010-vs-mohex-mohex-weak/mohex-mohex-weak-353.log
>boardsize 11 11
<= 
<
>name
MoHex 2.0.CMake Mar 21 2025
Copyright (C) 2007-2012 by the authors of the Benzene project.
This program comes with ABSOLUTELY NO WARRANTY. This is
free software and you are welcome to redistribute it under
certain conditions. Type `benzene-license' for details.

SgRandom::SetSeed: 508142
SgUctSearch: system memory 33632358400, using 1000000000 (5681818 nodes)
SgRandom::SetSeed: 1
SgRandom::SetSeed: 508142
717a7 info: Prior Patterns:
717a7 info: Global:
717a7 info: Size            = 565 32648 
717a7 info: TableEntries    = 65932 65910
717a7 info: MirrorsAdded    = 0 0
717a7 info: PrunableCount   = 30593 30629
717a7 info: LargestGamma    = 5820.77
717a7 info: SmallestGamma   = 6.6e-05
717a7 info: Local:
717a7 info: Size            = 550 5318 
717a7 info: TableEntries    = 11602 11588
717a7 info: MirrorsAdded    = 0 0
717a7 info: PrunableCount   = 3659 3667
717a7 info: LargestGamma    = 11281.8
717a7 info: SmallestGamma   = 0.026235
717a7 info: Playout Patterns:
717a7 info: Global:
717a7 info: Size            = 565 32648 
717a7 info: TableEntries    = 70329 70329
717a7 info: MirrorsAdded    = 4397 4419
717a7 info: PrunableCount   = 30593 30629
717a7 info: LargestGamma    = 5820.77
717a7 info: SmallestGamma   = 6.6e-05
717a7 info: Local:
717a7 info: Size            = 550 5318 
717a7 info: TableEntries    = 11602 11588
717a7 info: MirrorsAdded    = 0 0
717a7 info: PrunableCount   = 3659 3667
717a7 info: LargestGamma    = 11281.8
717a7 info: SmallestGamma   = 0.026235
param_game allow_swap 1
= 

param_mohex max_memory 1600000
= 

param_mohex num_threads 1
= 

param_mohex max_time 1
= 

param_mohex max_games 1
= 

param_mohex knowledge_threshold 400
= 

param_mohex reuse_subtree 1
= 

param_mohex use_parallel_solver 0
= 

<= MoHex
<
>version
<= 2.0.CMake
<
>play b f1
<= 
<
>showboard
<= 
< 
<  edc478cd0ecd63f9
<  a  b  c  d  e  f  g  h  i  j  k  
< 1\.  .  .  .  .  B  .  .  .  .  .\1
<  2\.  .  .  .  .  .  .  .  .  .  .\2
<   3\.  .  .  .  .  .  .  .  .  .  .\3
<    4\.  .  .  .  .  .  .  .  .  .  .\4
<     5\.  .  .  .  .  .  .  .  .  .  .\5
<      6\.  .  .  .  .  .  .  .  .  .  .\6
<       7\.  .  .  .  .  .  .  .  .  .  .\7
<        8\.  .  .  .  .  .  .  .  .  .  .\8
<         9\.  .  .  .  .  .  .  .  .  .  .\9
<         10\.  .  .  .  .  .  .  .  .  .  .\10
<          11\.  .  .  .  .  .  .  .  .  .  .\11
<              a  b  c  d  e  f  g  h  i  j  k  
<
>play w f2
<= 
<
>showboard
<= 
< 
<  166c0996e938e1a2
<  a  b  c  d  e  f  g  h  i  j  k  
< 1\.  .  .  .  .  B  .  .  .  .  .\1
<  2\.  .  .  .  .  W  .  .  .  .  .\2
<   3\.  .  .  .  .  .  .  .  .  .  .\3
<    4\.  .  .  .  .  .  .  .  .  .  .\4
<     5\.  .  .  .  .  .  .  .  .  .  .\5
<      6\.  .  .  .  .  .  .  .  .  .  .\6
<       7\.  .  .  .  .  .  .  .  .  .  .\7
<        8\.  .  .  .  .  .  .  .  .  .  .\8
<         9\.  .  .  .  .  .  .  .  .  .  .\9
<         10\.  .  .  .  .  .  .  .  .  .  .\10
<          11\.  .  .  .  .  .  .  .  .  .  .\11
<              a  b  c  d  e  f  g  h  i  j  k  
<
>genmove b
<= d6
<
>showboard
717a7 info: Best move cannot be determined, must search state.
717a7 info: --- MoHexPlayer::Search() ---
717a7 info: Color: black
717a7 info: MaxGames: 1
717a7 info: NumberThreads: 1
717a7 info: MaxNodes: 9090 (799920 bytes)
717a7 info: TimeForMove: 1
717a7 info: PreSearch: max time reached (65/92).
717a7 info: Time for PreSearch: 0.201262s
717a7 info: 
  166c0996e938e1a2
  a  b  c  d  e  f  g  h  i  j  k  
 1\.  .  .  .  .  B  .  .  .  .  .\1
  2\.  .  *  *  *  W  *  *  *  *  *\2
   3\.  *  *  *  *  *  *  *  *  *  *\3
    4\*  *  *  *  *  *  *  *  *  *  *\4
     5\*  *  *  *  *  *  *  *  *  *  *\5
      6\*  *  *  *  *  *  *  *  *  *  *\6
       7\*  *  *  *  *  *  *  *  *  *  *\7
        8\*  *  *  *  *  *  *  *  *  *  *\8
         9\*  *  *  *  *  *  *  *  *  *  .\9
         10\*  *  *  *  *  *  *  *  *  .  .\10
          11\.  .  .  .  .  .  .  .  .  .  .\11
              a  b  c  d  e  f  g  h  i  j  k  
717a7 info: No subtree to reuse.
717a7 info: Creating thread 0
717a7 info: StartSearch()[0]
SgUctSearch: max games reached
717a7 info: 
Elapsed Time   0.347782s
Count          1
GamesPlayed    1
Nodes          1
Knowledge      0 (0.0%)
Expansions     0.0
Time           0.00
GameLen        119.0 dev=0.0 min=119.0 max=119.0
InTree         0.0 dev=0.0 min=0.0 max=0.0
KnowDepth      -
Aborted        0%
Games/s        407.2
Score          1.00
Sequence      
717a7 info: 
717a7 warning: **** MoHexSearch returned empty sequence!
717a7 warning: **** Returning random move!
<= 
< 
<  d2f53e8f5f2de5d2
<  a  b  c  d  e  f  g  h  i  j  k  
< 1\.  .  .  .  .  B  .  .  .  .  .\1
<  2\.  .  .  .  .  W  .  .  .  .  .\2
<   3\.  .  .  .  .  .  .  .  .  .  .\3
<    4\.  .  .  .  .  .  .  .  .  .  .\4
<     5\.  .  .  .  .  .  .  .  .  .  .\5
<      6\.  .  .  B  .  .  .  .  .  .  .\6
<       7\.  .  .  .  .  .  .  .  .  .  .\7
<        8\.  .  .  .  .  .  .  .  .  .  .\8
<         9\.  .  .  .  .  .  .  .  .  .  .\9
<         10\.  .  .  .  .  .  .  .  .  .  .\10
<          11\.  .  .  .  .  .  .  .  .  .  .\11
<              a  b  c  d  e  f  g  h  i  j  k  
<
>play w d5
<= 
<
>showboard
<= 
< 
<  ae3fd5ddcee82d8b
<  a  b  c  d  e  f  g  h  i  j  k  
< 1\.  .  .  .  .  B  .  .  .  .  .\1
<  2\.  .  .  .  .  W  .  .  .  .  .\2
<   3\.  .  .  .  .  .  .  .  .  .  .\3
<    4\.  .  .  .  .  .  .  .  .  .  .\4
<     5\.  .  .  W  .  .  .  .  .  .  .\5
<      6\.  .  .  B  .  .  .  .  .  .  .\6
<       7\.  .  .  .  .  .  .  .  .  .  .\7
<        8\.  .  .  .  .  .  .  .  .  .  .\8
<         9\.  .  .  .  .  .  .  .  .  .  .\9
<         10\.  .  .  .  .  .  .  .  .  .  .\10
<          11\.  .  .  .  .  .  .  .  .  .  .\11
<              a  b  c  d  e  f  g  h  i  j  k  
<
>genmove b
<= e9
<
>showboard
717a7 info: Best move cannot be determined, must search state.
717a7 info: --- MoHexPlayer::Search() ---
717a7 info: Color: black
717a7 info: MaxGames: 1
717a7 info: NumberThreads: 1
717a7 info: MaxNodes: 9090 (799920 bytes)
717a7 info: TimeForMove: 1
717a7 info: PreSearch: max time reached (57/90).
717a7 info: Time for PreSearch: 0.200854s
717a7 info: 
  ae3fd5ddcee82d8b
  a  b  c  d  e  f  g  h  i  j  k  
 1\.  .  .  .  .  B  .  .  .  .  .\1
  2\.  .  *  *  *  W  *  *  *  *  *\2
   3\.  *  *  *  *  *  *  *  *  *  *\3
    4\*  *  *  *  *  *  *  *  *  *  *\4
     5\*  *  *  W  *  *  *  *  *  *  *\5
      6\*  *  *  B  *  *  *  *  *  *  *\6
       7\*  *  *  *  *  *  *  *  *  *  *\7
        8\*  *  *  *  *  *  *  *  *  *  *\8
         9\*  *  *  *  *  *  *  *  *  *  .\9
         10\*  *  *  *  *  *  *  *  *  .  .\10
          11\.  .  .  .  .  .  .  .  .  .  .\11
              a  b  c  d  e  f  g  h  i  j  k  
717a7 info: Old: [black, f1] [white, f2] 
717a7 info: New: [black, f1] [white, f2] [black, d6] [white, d5] 
717a7 info: MovesPlayed: [black, d6] [white, d5] 
717a7 info: No subtree to reuse.
717a7 info: StartSearch()[0]
SgUctSearch: max games reached
717a7 info: 
Elapsed Time   0.490361s
Count          1
GamesPlayed    1
Nodes          1
Knowledge      0 (0.0%)
Expansions     0.0
Time           0.00
GameLen        117.0 dev=0.0 min=117.0 max=117.0
InTree         0.0 dev=0.0 min=0.0 max=0.0
KnowDepth      -
Aborted        0%
Games/s        3460.2
Score          1.00
Sequence      
717a7 info: 
717a7 warning: **** MoHexSearch returned empty sequence!
717a7 warning: **** Returning random move!
<= 
< 
<  5428f8b17d06308d
<  a  b  c  d  e  f  g  h  i  j  k  
< 1\.  .  .  .  .  B  .  .  .  .  .\1
<  2\.  .  .  .  .  W  .  .  .  .  .\2
<   3\.  .  .  .  .  .  .  .  .  .  .\3
<    4\.  .  .  .  .  .  .  .  .  .  .\4
<     5\.  .  .  W  .  .  .  .  .  .  .\5
<      6\.  .  .  B  .  .  .  .  .  .  .\6
<       7\.  .  .  .  .  .  .  .  .  .  .\7
<        8\.  .  .  .  .  .  .  .  .  .  .\8
<         9\.  .  .  .  B  .  .  .  .  .  .\9
<         10\.  .  .  .  .  .  .  .  .  .  .\10
<          11\.  .  .  .  .  .  .  .  .  .  .\11
<              a  b  c  d  e  f  g  h  i  j  k  
<
>play w j3
<= 
<
>showboard
<= 
< 
<  c67e493c64c8cf04
<  a  b  c  d  e  f  g  h  i  j  k  
< 1\.  .  .  .  .  B  .  .  .  .  .\1
<  2\.  .  .  .  .  W  .  .  .  .  .\2
<   3\.  .  .  .  .  .  .  .  .  W  .\3
<    4\.  .  .  .  .  .  .  .  .  .  .\4
<     5\.  .  .  W  .  .  .  .  .  .  .\5
<      6\.  .  .  B  .  .  .  .  .  .  .\6
<       7\.  .  .  .  .  .  .  .  .  .  .\7
<        8\.  .  .  .  .  .  .  .  .  .  .\8
<         9\.  .  .  .  B  .  .  .  .  .  .\9
<         10\.  .  .  .  .  .  .  .  .  .  .\10
<          11\.  .  .  .  .  .  .  .  .  .  .\11
<              a  b  c  d  e  f  g  h  i  j  k  
<
>genmove b
<= h4
<
>showboard
717a7 info: Best move cannot be determined, must search state.
717a7 info: --- MoHexPlayer::Search() ---
717a7 info: Color: black
717a7 info: MaxGames: 1
717a7 info: NumberThreads: 1
717a7 info: MaxNodes: 9090 (799920 bytes)
717a7 info: TimeForMove: 1
717a7 info: PreSearch: max time reached (50/80).
717a7 info: Time for PreSearch: 0.200893s
717a7 info: 
  c67e493c64c8cf04
  a  b  c  d  e  f  g  h  i  j  k  
 1\.  .  .  .  .  B  .  .  .  .  .\1
  2\.  .  *  *  *  W  *  *  .  .  w\2
   3\.  *  *  *  *  *  *  *  *  W  w\3
    4\*  *  *  *  *  *  *  *  *  .  w\4
     5\*  *  *  W  *  *  *  *  *  *  .\5
      6\*  *  *  B  *  *  *  *  *  *  *\6
       7\*  *  *  *  *  *  *  *  *  *  *\7
        8\*  *  *  *  *  *  *  *  *  *  *\8
         9\*  *  *  *  B  *  *  *  *  *  .\9
         10\*  *  *  *  .  *  *  *  *  .  .\10
          11\.  .  .  .  .  .  .  .  .  .  .\11
              a  b  c  d  e  f  g  h  i  j  k  
717a7 info: Old: [black, f1] [white, f2] [black, d6] [white, d5] 
717a7 info: New: [black, f1] [white, f2] [black, d6] [white, d5] [black, e9] [white, j3] 
717a7 info: MovesPlayed: [black, e9] [white, j3] 
717a7 info: No subtree to reuse.
717a7 info: StartSearch()[0]
SgUctSearch: max games reached
717a7 info: 
Elapsed Time   0.349085s
Count          1
GamesPlayed    1
Nodes          1
Knowledge      0 (0.0%)
Expansions     0.0
Time           0.00
GameLen        112.0 dev=0.0 min=112.0 max=112.0
InTree         0.0 dev=0.0 min=0.0 max=0.0
KnowDepth      -
Aborted        0%
Games/s        3558.7
Score          0.00
Sequence      
717a7 info: 
717a7 warning: **** MoHexSearch returned empty sequence!
717a7 warning: **** Returning random move!
<= 
< 
<  4fc7d91a19faf3d5
<  a  b  c  d  e  f  g  h  i  j  k  
< 1\.  .  .  .  .  B  .  .  .  .  .\1
<  2\.  .  .  .  .  W  .  .  .  .  .\2
<   3\.  .  .  .  .  .  .  .  .  W  .\3
<    4\.  .  .  .  .  .  .  B  .  .  .\4
<     5\.  .  .  W  .  .  .  .  .  .  .\5
<      6\.  .  .  B  .  .  .  .  .  .  .\6
<       7\.  .  .  .  .  .  .  .  .  .  .\7
<        8\.  .  .  .  .  .  .  .  .  .  .\8
<         9\.  .  .  .  B  .  .  .  .  .  .\9
<         10\.  .  .  .  .  .  .  .  .  .  .\10
<          11\.  .  .  .  .  .  .  .  .  .  .\11
<              a  b  c  d  e  f  g  h  i  j  k  
<
>play w h9
<= 
<
>showboard
<= 
< 
<  19eb36d062fb410e
<  a  b  c  d  e  f  g  h  i  j  k  
< 1\.  .  .  .  .  B  .  .  .  .  .\1
<  2\.  .  .  .  .  W  .  .  .  .  .\2
<   3\.  .  .  .  .  .  .  .  .  W  .\3
<    4\.  .  .  .  .  .  .  B  .  .  .\4
<     5\.  .  .  W  .  .  .  .  .  .  .\5
<      6\.  .  .  B  .  .  .  .  .  .  .\6
<       7\.  .  .  .  .  .  .  .  .  .  .\7
<        8\.  .  .  .  .  .  .  .  .  .  .\8
<         9\.  .  .  .  B  .  .  W  .  .  .\9
<         10\.  .  .  .  .  .  .  .  .  .  .\10
<          11\.  .  .  .  .  .  .  .  .  .  .\11
<              a  b  c  d  e  f  g  h  i  j  k  
<
>genmove b
<= f4
<
>showboard
717a7 info: Best move cannot be determined, must search state.
717a7 info: --- MoHexPlayer::Search() ---
717a7 info: Color: black
717a7 info: MaxGames: 1
717a7 info: NumberThreads: 1
717a7 info: MaxNodes: 9090 (799920 bytes)
717a7 info: TimeForMove: 1
717a7 info: PreSearch: max time reached (35/76).
717a7 info: Time for PreSearch: 0.201778s
717a7 info: 
  19eb36d062fb410e
  a  b  c  d  e  f  g  h  i  j  k  
 1\.  .  .  .  .  B  .  .  .  .  .\1
  2\.  .  *  *  *  W  *  *  .  .  w\2
   3\.  *  *  *  *  *  *  .  .  W  w\3
    4\*  *  *  *  *  *  *  B  *  .  w\4
     5\*  *  *  W  *  *  *  *  *  *  .\5
      6\*  *  *  B  *  *  *  *  *  *  *\6
       7\*  *  *  *  *  *  *  *  *  *  *\7
        8\*  *  *  *  *  *  *  *  *  *  *\8
         9\*  *  *  *  B  *  *  W  *  *  .\9
         10\*  *  *  *  .  *  .  .  *  .  .\10
          11\.  .  .  .  .  .  .  .  .  .  .\11
              a  b  c  d  e  f  g  h  i  j  k  
717a7 info: Old: [black, f1] [white, f2] [black, d6] [white, d5] [black, e9] [white, j3] 
717a7 info: New: [black, f1] [white, f2] [black, d6] [white, d5] [black, e9] [white, j3] [black, h4] [white, h9] 
717a7 info: MovesPlayed: [black, h4] [white, h9] 
717a7 info: No subtree to reuse.
717a7 info: StartSearch()[0]
SgUctSearch: max games reached
717a7 info: 
Elapsed Time   0.358421s
Count          1
GamesPlayed    1
Nodes          1
Knowledge      0 (0.0%)
Expansions     0.0
Time           0.00
GameLen        110.0 dev=0.0 min=110.0 max=110.0
InTree         0.0 dev=0.0 min=0.0 max=0.0
KnowDepth      -
Aborted        0%
Games/s        3484.3
Score          1.00
Sequence      
717a7 info: 
717a7 warning: **** MoHexSearch returned empty sequence!
717a7 warning: **** Returning random move!
<= 
< 
<  033508968a6f426e
<  a  b  c  d  e  f  g  h  i  j  k  
< 1\.  .  .  .  .  B  .  .  .  .  .\1
<  2\.  .  .  .  .  W  .  .  .  .  .\2
<   3\.  .  .  .  .  .  .  .  .  W  .\3
<    4\.  .  .  .  .  B  .  B  .  .  .\4
<     5\.  .  .  W  .  .  .  .  .  .  .\5
<      6\.  .  .  B  .  .  .  .  .  .  .\6
<       7\.  .  .  .  .  .  .  .  .  .  .\7
<        8\.  .  .  .  .  .  .  .  .  .  .\8
<         9\.  .  .  .  B  .  .  W  .  .  .\9
<         10\.  .  .  .  .  .  .  .  .  .  .\10
<          11\.  .  .  .  .  .  .  .  .  .  .\11
<              a  b  c  d  e  f  g  h  i  j  k  
<
>play w h2
<= 
<
>showboard
<= 
< 
<  616047c7730f2e62
<  a  b  c  d  e  f  g  h  i  j  k  
< 1\.  .  .  .  .  B  .  .  .  .  .\1
<  2\.  .  .  .  .  W  .  W  .  .  .\2
<   3\.  .  .  .  .  .  .  .  .  W  .\3
<    4\.  .  .  .  .  B  .  B  .  .  .\4
<     5\.  .  .  W  .  .  .  .  .  .  .\5
<      6\.  .  .  B  .  .  .  .  .  .  .\6
<       7\.  .  .  .  .  .  .  .  .  .  .\7
<        8\.  .  .  .  .  .  .  .  .  .  .\8
<         9\.  .  .  .  B  .  .  W  .  .  .\9
<         10\.  .  .  .  .  .  .  .  .  .  .\10
<          11\.  .  .  .  .  .  .  .  .  .  .\11
<              a  b  c  d  e  f  g  h  i  j  k  
<
>genmove b
<= j1
<
>showboard
717a7 info: Best move cannot be determined, must search state.
717a7 info: --- MoHexPlayer::Search() ---
717a7 info: Color: black
717a7 info: MaxGames: 1
717a7 info: NumberThreads: 1
717a7 info: MaxNodes: 9090 (799920 bytes)
717a7 info: TimeForMove: 1
717a7 info: PreSearch: max time reached (40/75).
717a7 info: Time for PreSearch: 0.202185s
717a7 info: 
  616047c7730f2e62
  a  b  c  d  e  f  g  h  i  j  k  
 1\.  .  .  .  .  B  b  b  .  .  .\1
  2\.  .  *  *  *  W  *  W  *  .  w\2
   3\.  *  *  *  *  *  *  *  *  W  w\3
    4\*  *  *  *  *  B  *  B  *  .  w\4
     5\*  *  *  W  *  *  *  *  *  *  .\5
      6\*  *  *  B  *  *  *  *  *  *  *\6
       7\*  *  *  *  *  *  *  *  *  *  *\7
        8\*  *  *  *  *  *  *  *  *  *  *\8
         9\*  *  *  *  B  *  *  W  *  *  .\9
         10\*  *  *  *  .  *  .  .  *  .  .\10
          11\.  .  .  .  .  .  .  .  .  .  .\11
              a  b  c  d  e  f  g  h  i  j  k  
717a7 info: Old: [black, f1] [white, f2] [black, d6] [white, d5] [black, e9] [white, j3] [black, h4] [white, h9] 
717a7 info: New: [black, f1] [white, f2] [black, d6] [white, d5] [black, e9] [white, j3] [black, h4] [white, h9] [black, f4] [white, h2] 
717a7 info: MovesPlayed: [black, f4] [white, h2] 
717a7 info: No subtree to reuse.
717a7 info: StartSearch()[0]
SgUctSearch: max games reached
717a7 info: 
Elapsed Time   0.343751s
Count          1
GamesPlayed    1
Nodes          1
Knowledge      0 (0.0%)
Expansions     0.0
Time           0.00
GameLen        106.0 dev=0.0 min=106.0 max=106.0
InTree         0.0 dev=0.0 min=0.0 max=0.0
KnowDepth      -
Aborted        0%
Games/s        3558.7
Score          1.00
Sequence      
717a7 info: 
717a7 warning: **** MoHexSearch returned empty sequence!
717a7 warning: **** Returning random move!
<= 
< 
<  f6674b8a9062c1ee
<  a  b  c  d  e  f  g  h  i  j  k  
< 1\.  .  .  .  .  B  .  .  .  B  .\1
<  2\.  .  .  .  .  W  .  W  .  .  .\2
<   3\.  .  .  .  .  .  .  .  .  W  .\3
<    4\.  .  .  .  .  B  .  B  .  .  .\4
<     5\.  .  .  W  .  .  .  .  .  .  .\5
<      6\.  .  .  B  .  .  .  .  .  .  .\6
<       7\.  .  .  .  .  .  .  .  .  .  .\7
<        8\.  .  .  .  .  .  .  .  .  .  .\8
<         9\.  .  .  .  B  .  .  W  .  .  .\9
<         10\.  .  .  .  .  .  .  .  .  .  .\10
<          11\.  .  .  .  .  .  .  .  .  .  .\11
<              a  b  c  d  e  f  g  h  i  j  k  
<
>play w d10
<= 
<
>showboard
<= 
< 
<  ebe495350f6992e3
<  a  b  c  d  e  f  g  h  i  j  k  
< 1\.  .  .  .  .  B  .  .  .  B  .\1
<  2\.  .  .  .  .  W  .  W  .  .  .\2
<   3\.  .  .  .  .  .  .  .  .  W  .\3
<    4\.  .  .  .  .  B  .  B  .  .  .\4
<     5\.  .  .  W  .  .  .  .  .  .  .\5
<      6\.  .  .  B  .  .  .  .  .  .  .\6
<       7\.  .  .  .  .  .  .  .  .  .  .\7
<        8\.  .  .  .  .  .  .  .  .  .  .\8
<         9\.  .  .  .  B  .  .  W  .  .  .\9
<         10\.  .  .  W  .  .  .  .  .  .  .\10
<          11\.  .  .  .  .  .  .  .  .  .  .\11
<              a  b  c  d  e  f  g  h  i  j  k  
<
>genmove b
<= d11
<
>showboard
717a7 info: Best move cannot be determined, must search state.
717a7 info: --- MoHexPlayer::Search() ---
717a7 info: Color: black
717a7 info: MaxGames: 1
717a7 info: NumberThreads: 1
717a7 info: MaxNodes: 9090 (799920 bytes)
717a7 info: TimeForMove: 1
717a7 info: PreSearch: max time reached (66/74).
717a7 info: Time for PreSearch: 0.201183s
717a7 info: 
  ebe495350f6992e3
  a  b  c  d  e  f  g  h  i  j  k  
 1\.  .  .  .  .  B  b  b  b  B  b\1
  2\.  .  *  *  *  W  *  W  .  .  w\2
   3\.  *  *  *  *  *  *  *  *  W  w\3
    4\*  *  *  *  *  B  *  B  *  .  w\4
     5\*  *  *  W  *  *  *  *  *  *  .\5
      6\*  *  *  B  *  *  *  *  *  *  *\6
       7\*  *  *  *  *  *  *  *  *  *  *\7
        8\*  *  *  *  *  *  *  *  *  *  *\8
         9\*  *  *  *  B  *  *  W  *  *  .\9
         10\*  *  *  W  *  *  .  .  *  .  .\10
          11\.  .  .  .  .  .  .  .  .  .  .\11
              a  b  c  d  e  f  g  h  i  j  k  
717a7 info: Old: [black, f1] [white, f2] [black, d6] [white, d5] [black, e9] [white, j3] [black, h4] [white, h9] [black, f4] [white, h2] 
717a7 info: New: [black, f1] [white, f2] [black, d6] [white, d5] [black, e9] [white, j3] [black, h4] [white, h9] [black, f4] [white, h2] [black, j1] [white, d10] 
717a7 info: MovesPlayed: [black, j1] [white, d10] 
717a7 info: No subtree to reuse.
717a7 info: StartSearch()[0]
SgUctSearch: max games reached
717a7 info: 
Elapsed Time   0.340558s
Count          1
GamesPlayed    1
Nodes          1
Knowledge      0 (0.0%)
Expansions     0.0
Time           0.00
GameLen        102.0 dev=0.0 min=102.0 max=102.0
InTree         0.0 dev=0.0 min=0.0 max=0.0
KnowDepth      -
Aborted        0%
Games/s        3717.5
Score          1.00
Sequence      
717a7 info: 
717a7 warning: **** MoHexSearch returned empty sequence!
717a7 warning: **** Returning random move!
<= 
< 
<  bbef4a6a51728f01
<  a  b  c  d  e  f  g  h  i  j  k  
< 1\.  .  .  .  .  B  .  .  .  B  .\1
<  2\.  .  .  .  .  W  .  W  .  .  .\2
<   3\.  .  .  .  .  .  .  .  .  W  .\3
<    4\.  .  .  .  .  B  .  B  .  .  .\4
<     5\.  .  .  W  .  .  .  .  .  .  .\5
<      6\.  .  .  B  .  .  .  .  .  .  .\6
<       7\.  .  .  .  .  .  .  .  .  .  .\7
<        8\.  .  .  .  .  .  .  .  .  .  .\8
<         9\.  .  .  .  B  .  .  W  .  .  .\9
<         10\.  .  .  W  .  .  .  .  .  .  .\10
<          11\.  .  .  B  .  .  .  .  .  .  .\11
<              a  b  c  d  e  f  g  h  i  j  k  
<
>play w k5
<= 
<
>showboard
<= 
< 
<  1ba07013e9aecd86
<  a  b  c  d  e  f  g  h  i  j  k  
< 1\.  .  .  .  .  B  .  .  .  B  .\1
<  2\.  .  .  .  .  W  .  W  .  .  .\2
<   3\.  .  .  .  .  .  .  .  .  W  .\3
<    4\.  .  .  .  .  B  .  B  .  .  .\4
<     5\.  .  .  W  .  .  .  .  .  .  W\5
<      6\.  .  .  B  .  .  .  .  .  .  .\6
<       7\.  .  .  .  .  .  .  .  .  .  .\7
<        8\.  .  .  .  .  .  .  .  .  .  .\8
<         9\.  .  .  .  B  .  .  W  .  .  .\9
<         10\.  .  .  W  .  .  .  .  .  .  .\10
<          11\.  .  .  B  .  .  .  .  .  .  .\11
<              a  b  c  d  e  f  g  h  i  j  k  
<
>genmove b
<= c1
<
>showboard
717a7 info: Best move cannot be determined, must search state.
717a7 info: --- MoHexPlayer::Search() ---
717a7 info: Color: black
717a7 info: MaxGames: 1
717a7 info: NumberThreads: 1
717a7 info: MaxNodes: 9090 (799920 bytes)
717a7 info: TimeForMove: 1
717a7 info: PreSearch: max time reached (68/73).
717a7 info: Time for PreSearch: 0.200872s
717a7 info: 
  1ba07013e9aecd86
  a  b  c  d  e  f  g  h  i  j  k  
 1\.  .  .  .  .  B  b  b  b  B  b\1
  2\.  .  *  *  *  W  *  W  .  .  w\2
   3\.  *  *  *  *  *  *  *  *  W  w\3
    4\*  *  *  *  *  B  *  B  *  .  b\4
     5\*  *  *  W  *  *  *  *  *  *  W\5
      6\*  *  *  B  *  *  *  *  *  *  .\6
       7\*  *  *  *  *  *  *  *  *  *  *\7
        8\*  *  *  *  *  *  *  *  *  *  *\8
         9\*  *  *  *  B  *  *  W  *  *  .\9
         10\*  *  *  W  *  *  .  .  *  .  .\10
          11\.  .  .  B  .  .  .  .  .  .  .\11
              a  b  c  d  e  f  g  h  i  j  k  
717a7 info: Old: [black, f1] [white, f2] [black, d6] [white, d5] [black, e9] [white, j3] [black, h4] [white, h9] [black, f4] [white, h2] [black, j1] [white, d10] 
717a7 info: New: [black, f1] [white, f2] [black, d6] [white, d5] [black, e9] [white, j3] [black, h4] [white, h9] [black, f4] [white, h2] [black, j1] [white, d10] [black, d11] [white, k5] 
717a7 info: MovesPlayed: [black, d11] [white, k5] 
717a7 info: No subtree to reuse.
717a7 info: StartSearch()[0]
SgUctSearch: max games reached
717a7 info: 
Elapsed Time   0.340692s
Count          1
GamesPlayed    1
Nodes          1
Knowledge      0 (0.0%)
Expansions     0.0
Time           0.00
GameLen        100.0 dev=0.0 min=100.0 max=100.0
InTree         0.0 dev=0.0 min=0.0 max=0.0
KnowDepth      -
Aborted        0%
Games/s        3154.6
Score          1.00
Sequence      
717a7 info: 
717a7 warning: **** MoHexSearch returned empty sequence!
717a7 warning: **** Returning random move!
<= 
< 
<  e02b7134fa3987c1
<  a  b  c  d  e  f  g  h  i  j  k  
< 1\.  .  B  .  .  B  .  .  .  B  .\1
<  2\.  .  .  .  .  W  .  W  .  .  .\2
<   3\.  .  .  .  .  .  .  .  .  W  .\3
<    4\.  .  .  .  .  B  .  B  .  .  .\4
<     5\.  .  .  W  .  .  .  .  .  .  W\5
<      6\.  .  .  B  .  .  .  .  .  .  .\6
<       7\.  .  .  .  .  .  .  .  .  .  .\7
<        8\.  .  .  .  .  .  .  .  .  .  .\8
<         9\.  .  .  .  B  .  .  W  .  .  .\9
<         10\.  .  .  W  .  .  .  .  .  .  .\10
<          11\.  .  .  B  .  .  .  .  .  .  .\11
<              a  b  c  d  e  f  g  h  i  j  k  
<
>play w b4
<= 
<
>showboard
<= 
< 
<  a7aaf8a12e9a1aec
<  a  b  c  d  e  f  g  h  i  j  k  
< 1\.  .  B  .  .  B  .  .  .  B  .\1
<  2\.  .  .  .  .  W  .  W  .  .  .\2
<   3\.  .  .  .  .  .  .  .  .  W  .\3
<    4\.  W  .  .  .  B  .  B  .  .  .\4
<     5\.  .  .  W  .  .  .  .  .  .  W\5
<      6\.  .  .  B  .  .  .  .  .  .  .\6
<       7\.  .  .  .  .  .  .  .  .  .  .\7
<        8\.  .  .  .  .  .  .  .  .  .  .\8
<         9\.  .  .  .  B  .  .  W  .  .  .\9
<         10\.  .  .  W  .  .  .  .  .  .  .\10
<          11\.  .  .  B  .  .  .  .  .  .  .\11
<              a  b  c  d  e  f  g  h  i  j  k  
<
>genmove b
<= d7
<
>showboard
717a7 info: Best move cannot be determined, must search state.
717a7 info: --- MoHexPlayer::Search() ---
717a7 info: Color: black
717a7 info: MaxGames: 1
717a7 info: NumberThreads: 1
717a7 info: MaxNodes: 9090 (799920 bytes)
717a7 info: TimeForMove: 1
717a7 info: Time for PreSearch: 0.161028s
717a7 info: 
  a7aaf8a12e9a1aec
  a  b  c  d  e  f  g  h  i  j  k  
 1\b  b  B  b  b  B  b  b  b  B  b\1
  2\w  w  .  .  .  W  *  W  .  .  w\2
   3\w  w  .  *  *  *  *  *  *  W  w\3
    4\w  W  *  *  *  B  *  B  *  .  b\4
     5\w  .  *  W  *  *  *  *  *  *  W\5
      6\w  *  *  B  *  *  *  *  *  *  .\6
       7\.  *  *  *  *  *  *  *  *  *  *\7
        8\*  *  *  *  *  *  *  *  *  *  *\8
         9\*  *  *  *  B  *  *  W  *  *  .\9
         10\*  *  *  W  *  *  .  .  *  .  .\10
          11\.  .  .  B  .  .  .  .  .  .  .\11
              a  b  c  d  e  f  g  h  i  j  k  
717a7 info: Old: [black, f1] [white, f2] [black, d6] [white, d5] [black, e9] [white, j3] [black, h4] [white, h9] [black, f4] [white, h2] [black, j1] [white, d10] [black, d11] [white, k5] 
717a7 info: New: [black, f1] [white, f2] [black, d6] [white, d5] [black, e9] [white, j3] [black, h4] [white, h9] [black, f4] [white, h2] [black, j1] [white, d10] [black, d11] [white, k5] [black, c1] [white, b4] 
717a7 info: MovesPlayed: [black, c1] [white, b4] 
717a7 info: No subtree to reuse.
717a7 info: StartSearch()[0]
SgUctSearch: max games reached
717a7 info: 
Elapsed Time   0.300669s
Count          1
GamesPlayed    1
Nodes          1
Knowledge      0 (0.0%)
Expansions     0.0
Time           0.00
GameLen        87.0 dev=0.0 min=87.0 max=87.0
InTree         0.0 dev=0.0 min=0.0 max=0.0
KnowDepth      -
Aborted        0%
Games/s        3787.9
Score          1.00
Sequence      
717a7 info: 
717a7 warning: **** MoHexSearch returned empty sequence!
717a7 warning: **** Returning random move!
<= 
< 
<  5eaecbd793da753c
<  a  b  c  d  e  f  g  h  i  j  k  
< 1\.  .  B  .  .  B  .  .  .  B  .\1
<  2\.  .  .  .  .  W  .  W  .  .  .\2
<   3\.  .  .  .  .  .  .  .  .  W  .\3
<    4\.  W  .  .  .  B  .  B  .  .  .\4
<     5\.  .  .  W  .  .  .  .  .  .  W\5
<      6\.  .  .  B  .  .  .  .  .  .  .\6
<       7\.  .  .  B  .  .  .  .  .  .  .\7
<        8\.  .  .  .  .  .  .  .  .  .  .\8
<         9\.  .  .  .  B  .  .  W  .  .  .\9
<         10\.  .  .  W  .  .  .  .  .  .  .\10
<          11\.  .  .  B  .  .  .  .  .  .  .\11
<              a  b  c  d  e  f  g  h  i  j  k  
<
>play w b7
<= 
<
>showboard
<= 
< 
<  7135e89a4f06e939
<  a  b  c  d  e  f  g  h  i  j  k  
< 1\.  .  B  .  .  B  .  .  .  B  .\1
<  2\.  .  .  .  .  W  .  W  .  .  .\2
<   3\.  .  .  .  .  .  .  .  .  W  .\3
<    4\.  W  .  .  .  B  .  B  .  .  .\4
<     5\.  .  .  W  .  .  .  .  .  .  W\5
<      6\.  .  .  B  .  .  .  .  .  .  .\6
<       7\.  W  .  B  .  .  .  .  .  .  .\7
<        8\.  .  .  .  .  .  .  .  .  .  .\8
<         9\.  .  .  .  B  .  .  W  .  .  .\9
<         10\.  .  .  W  .  .  .  .  .  .  .\10
<          11\.  .  .  B  .  .  .  .  .  .  .\11
<              a  b  c  d  e  f  g  h  i  j  k  
<
>genmove b
<= f8
<
>showboard
717a7 info: Best move cannot be determined, must search state.
717a7 info: --- MoHexPlayer::Search() ---
717a7 info: Color: black
717a7 info: MaxGames: 1
717a7 info: NumberThreads: 1
717a7 info: MaxNodes: 9090 (799920 bytes)
717a7 info: TimeForMove: 1
717a7 info: Time for PreSearch: 0.124702s
717a7 info: 
  7135e89a4f06e939
  a  b  c  d  e  f  g  h  i  j  k  
 1\b  b  B  b  b  B  b  b  b  B  b\1
  2\w  w  w  w  w  W  .  W  .  .  w\2
   3\w  w  w  w  w  .  .  .  .  W  w\3
    4\w  W  w  w  b  B  *  B  *  .  b\4
     5\w  w  w  W  .  *  *  *  *  *  W\5
      6\b  w  w  B  .  *  *  *  *  *  .\6
       7\w  W  w  B  *  *  *  *  *  *  *\7
        8\w  w  *  *  *  *  *  *  *  *  *\8
         9\w  .  *  *  B  *  *  W  *  *  .\9
         10\w  *  *  W  *  *  .  .  *  .  .\10
          11\.  .  .  B  .  .  .  .  .  .  .\11
              a  b  c  d  e  f  g  h  i  j  k  
717a7 info: Old: [black, f1] [white, f2] [black, d6] [white, d5] [black, e9] [white, j3] [black, h4] [white, h9] [black, f4] [white, h2] [black, j1] [white, d10] [black, d11] [white, k5] [black, c1] [white, b4] 
717a7 info: New: [black, f1] [white, f2] [black, d6] [white, d5] [black, e9] [white, j3] [black, h4] [white, h9] [black, f4] [white, h2] [black, j1] [white, d10] [black, d11] [white, k5] [black, c1] [white, b4] [black, d7] [white, b7] 
717a7 info: MovesPlayed: [black, d7] [white, b7] 
717a7 info: No subtree to reuse.
717a7 info: StartSearch()[0]
SgUctSearch: max games reached
717a7 info: 
Elapsed Time   0.274929s
Count          1
GamesPlayed    1
Nodes          1
Knowledge      0 (0.0%)
Expansions     0.0
Time           0.00
GameLen        66.0 dev=0.0 min=66.0 max=66.0
InTree         0.0 dev=0.0 min=0.0 max=0.0
KnowDepth      -
Aborted        0%
Games/s        3623.2
Score          1.00
Sequence      
717a7 info: 
717a7 warning: **** MoHexSearch returned empty sequence!
717a7 warning: **** Returning random move!
<= 
< 
<  c8f65d3884e24237
<  a  b  c  d  e  f  g  h  i  j  k  
< 1\.  .  B  .  .  B  .  .  .  B  .\1
<  2\.  .  .  .  .  W  .  W  .  .  .\2
<   3\.  .  .  .  .  .  .  .  .  W  .\3
<    4\.  W  .  .  .  B  .  B  .  .  .\4
<     5\.  .  .  W  .  .  .  .  .  .  W\5
<      6\.  .  .  B  .  .  .  .  .  .  .\6
<       7\.  W  .  B  .  .  .  .  .  .  .\7
<        8\.  .  .  .  .  B  .  .  .  .  .\8
<         9\.  .  .  .  B  .  .  W  .  .  .\9
<         10\.  .  .  W  .  .  .  .  .  .  .\10
<          11\.  .  .  B  .  .  .  .  .  .  .\11
<              a  b  c  d  e  f  g  h  i  j  k  
<
>play w f9
<= 
<
>showboard
<= 
< 
<  c0cbb946393438c9
<  a  b  c  d  e  f  g  h  i  j  k  
< 1\.  .  B  .  .  B  .  .  .  B  .\1
<  2\.  .  .  .  .  W  .  W  .  .  .\2
<   3\.  .  .  .  .  .  .  .  .  W  .\3
<    4\.  W  .  .  .  B  .  B  .  .  .\4
<     5\.  .  .  W  .  .  .  .  .  .  W\5
<      6\.  .  .  B  .  .  .  .  .  .  .\6
<       7\.  W  .  B  .  .  .  .  .  .  .\7
<        8\.  .  .  .  .  B  .  .  .  .  .\8
<         9\.  .  .  .  B  W  .  W  .  .  .\9
<         10\.  .  .  W  .  .  .  .  .  .  .\10
<          11\.  .  .  B  .  .  .  .  .  .  .\11
<              a  b  c  d  e  f  g  h  i  j  k  
<
>genmove b
<= k8
<
>showboard
717a7 info: Best move cannot be determined, must search state.
717a7 info: --- MoHexPlayer::Search() ---
717a7 info: Color: black
717a7 info: MaxGames: 1
717a7 info: NumberThreads: 1
717a7 info: MaxNodes: 9090 (799920 bytes)
717a7 info: TimeForMove: 1
717a7 info: Time for PreSearch: 0.139467s
717a7 info: 
  c0cbb946393438c9
  a  b  c  d  e  f  g  h  i  j  k  
 1\b  b  B  b  b  B  b  b  b  B  b\1
  2\w  w  w  w  w  W  .  W  .  .  w\2
   3\w  w  w  w  w  .  .  .  .  W  w\3
    4\w  W  w  w  b  B  *  B  *  .  b\4
     5\w  w  w  W  .  *  *  *  *  *  W\5
      6\b  w  w  B  .  *  *  *  *  *  .\6
       7\w  W  w  B  *  *  *  *  *  *  *\7
        8\w  w  *  *  *  B  *  *  *  *  *\8
         9\w  .  *  *  B  W  *  W  *  *  .\9
         10\w  *  *  W  *  .  .  .  *  .  .\10
          11\.  .  .  B  .  .  .  .  .  .  .\11
              a  b  c  d  e  f  g  h  i  j  k  
717a7 info: Old: [black, f1] [white, f2] [black, d6] [white, d5] [black, e9] [white, j3] [black, h4] [white, h9] [black, f4] [white, h2] [black, j1] [white, d10] [black, d11] [white, k5] [black, c1] [white, b4] [black, d7] [white, b7] 
717a7 info: New: [black, f1] [white, f2] [black, d6] [white, d5] [black, e9] [white, j3] [black, h4] [white, h9] [black, f4] [white, h2] [black, j1] [white, d10] [black, d11] [white, k5] [black, c1] [white, b4] [black, d7] [white, b7] [black, f8] [white, f9] 
717a7 info: MovesPlayed: [black, f8] [white, f9] 
717a7 info: No subtree to reuse.
717a7 info: StartSearch()[0]
SgUctSearch: max games reached
717a7 info: 
Elapsed Time   0.281293s
Count          1
GamesPlayed    1
Nodes          1
Knowledge      0 (0.0%)
Expansions     0.0
Time           0.00
GameLen        64.0 dev=0.0 min=64.0 max=64.0
InTree         0.0 dev=0.0 min=0.0 max=0.0
KnowDepth      -
Aborted        0%
Games/s        3937.0
Score          0.00
Sequence      
717a7 info: 
717a7 warning: **** MoHexSearch returned empty sequence!
717a7 warning: **** Returning random move!
<= 
< 
<  22b13a6fe26b8557
<  a  b  c  d  e  f  g  h  i  j  k  
< 1\.  .  B  .  .  B  .  .  .  B  .\1
<  2\.  .  .  .  .  W  .  W  .  .  .\2
<   3\.  .  .  .  .  .  .  .  .  W  .\3
<    4\.  W  .  .  .  B  .  B  .  .  .\4
<     5\.  .  .  W  .  .  .  .  .  .  W\5
<      6\.  .  .  B  .  .  .  .  .  .  .\6
<       7\.  W  .  B  .  .  .  .  .  .  .\7
<        8\.  .  .  .  .  B  .  .  .  .  B\8
<         9\.  .  .  .  B  W  .  W  .  .  .\9
<         10\.  .  .  W  .  .  .  .  .  .  .\10
<          11\.  .  .  B  .  .  .  .  .  .  .\11
<              a  b  c  d  e  f  g  h  i  j  k  
<
>play w g7
<= 
<
>showboard
<= 
< 
<  241ae76e1764136f
<  a  b  c  d  e  f  g  h  i  j  k  
< 1\.  .  B  .  .  B  .  .  .  B  .\1
<  2\.  .  .  .  .  W  .  W  .  .  .\2
<   3\.  .  .  .  .  .  .  .  .  W  .\3
<    4\.  W  .  .  .  B  .  B  .  .  .\4
<     5\.  .  .  W  .  .  .  .  .  .  W\5
<      6\.  .  .  B  .  .  .  .  .  .  .\6
<       7\.  W  .  B  .  .  W  .  .  .  .\7
<        8\.  .  .  .  .  B  .  .  .  .  B\8
<         9\.  .  .  .  B  W  .  W  .  .  .\9
<         10\.  .  .  W  .  .  .  .  .  .  .\10
<          11\.  .  .  B  .  .  .  .  .  .  .\11
<              a  b  c  d  e  f  g  h  i  j  k  
<
>genmove b
<= h5
<
>showboard
717a7 info: Best move cannot be determined, must search state.
717a7 info: --- MoHexPlayer::Search() ---
717a7 info: Color: black
717a7 info: MaxGames: 1
717a7 info: NumberThreads: 1
717a7 info: MaxNodes: 9090 (799920 bytes)
717a7 info: TimeForMove: 1
717a7 info: Time for PreSearch: 0.100276s
717a7 info: 
  241ae76e1764136f
  a  b  c  d  e  f  g  h  i  j  k  
 1\b  b  B  b  b  B  b  b  b  B  b\1
  2\w  w  w  w  w  W  .  W  .  .  w\2
   3\w  w  w  w  w  .  .  .  .  W  w\3
    4\w  W  w  w  b  B  *  B  *  .  b\4
     5\w  w  w  W  .  *  *  *  *  *  W\5
      6\b  w  w  B  .  *  *  *  *  *  .\6
       7\w  W  w  B  *  *  W  *  *  *  *\7
        8\w  w  *  *  *  B  *  *  *  *  B\8
         9\w  .  *  *  B  W  *  W  *  .  .\9
         10\w  *  *  W  *  .  .  .  *  .  .\10
          11\.  .  .  B  .  .  .  .  .  .  .\11
              a  b  c  d  e  f  g  h  i  j  k  
717a7 info: Old: [black, f1] [white, f2] [black, d6] [white, d5] [black, e9] [white, j3] [black, h4] [white, h9] [black, f4] [white, h2] [black, j1] [white, d10] [black, d11] [white, k5] [black, c1] [white, b4] [black, d7] [white, b7] [black, f8] [white, f9] 
717a7 info: New: [black, f1] [white, f2] [black, d6] [white, d5] [black, e9] [white, j3] [black, h4] [white, h9] [black, f4] [white, h2] [black, j1] [white, d10] [black, d11] [white, k5] [black, c1] [white, b4] [black, d7] [white, b7] [black, f8] [white, f9] [black, k8] [white, g7] 
717a7 info: MovesPlayed: [black, k8] [white, g7] 
717a7 info: No subtree to reuse.
717a7 info: StartSearch()[0]
SgUctSearch: max games reached
717a7 info: 
Elapsed Time   0.457749s
Count          1
GamesPlayed    1
Nodes          1
Knowledge      0 (0.0%)
Expansions     0.0
Time           0.00
GameLen        62.0 dev=0.0 min=62.0 max=62.0
InTree         0.0 dev=0.0 min=0.0 max=0.0
KnowDepth      -
Aborted        0%
Games/s        3731.3
Score          0.00
Sequence      
717a7 info: 
717a7 warning: **** MoHexSearch returned empty sequence!
717a7 warning: **** Returning random move!
<= 
< 
<  dedc8c8e85be6603
<  a  b  c  d  e  f  g  h  i  j  k  
< 1\.  .  B  .  .  B  .  .  .  B  .\1
<  2\.  .  .  .  .  W  .  W  .  .  .\2
<   3\.  .  .  .  .  .  .  .  .  W  .\3
<    4\.  W  .  .  .  B  .  B  .  .  .\4
<     5\.  .  .  W  .  .  .  B  .  .  W\5
<      6\.  .  .  B  .  .  .  .  .  .  .\6
<       7\.  W  .  B  .  .  W  .  .  .  .\7
<        8\.  .  .  .  .  B  .  .  .  .  B\8
<         9\.  .  .  .  B  W  .  W  .  .  .\9
<         10\.  .  .  W  .  .  .  .  .  .  .\10
<          11\.  .  .  B  .  .  .  .  .  .  .\11
<              a  b  c  d  e  f  g  h  i  j  k  
<
>play w f3
<= 
<
>showboard
<= 
< 
<  9a037ab4765eaeae
<  a  b  c  d  e  f  g  h  i  j  k  
< 1\.  .  B  .  .  B  .  .  .  B  .\1
<  2\.  .  .  .  .  W  .  W  .  .  .\2
<   3\.  .  .  .  .  W  .  .  .  W  .\3
<    4\.  W  .  .  .  B  .  B  .  .  .\4
<     5\.  .  .  W  .  .  .  B  .  .  W\5
<      6\.  .  .  B  .  .  .  .  .  .  .\6
<       7\.  W  .  B  .  .  W  .  .  .  .\7
<        8\.  .  .  .  .  B  .  .  .  .  B\8
<         9\.  .  .  .  B  W  .  W  .  .  .\9
<         10\.  .  .  W  .  .  .  .  .  .  .\10
<          11\.  .  .  B  .  .  .  .  .  .  .\11
<              a  b  c  d  e  f  g  h  i  j  k  
<
>genmove b
<= c8
<
>showboard
717a7 info: Best move cannot be determined, must search state.
717a7 info: --- MoHexPlayer::Search() ---
717a7 info: Color: black
717a7 info: MaxGames: 1
717a7 info: NumberThreads: 1
717a7 info: MaxNodes: 9090 (799920 bytes)
717a7 info: TimeForMove: 1
717a7 info: Time for PreSearch: 0.005773s
717a7 info: 
  9a037ab4765eaeae
  a  b  c  d  e  f  g  h  i  j  k  
 1\b  b  B  b  b  B  b  b  b  B  b\1
  2\w  w  w  b  b  W  .  W  .  .  w\2
   3\w  w  w  w  w  W  .  .  *  W  w\3
    4\w  W  w  w  w  B  .  B  w  w  b\4
     5\w  w  w  W  .  .  .  B  .  .  W\5
      6\b  w  w  B  .  .  .  .  .  .  .\6
       7\w  W  w  B  .  .  W  .  .  .  .\7
        8\w  w  .  .  .  B  .  .  .  .  B\8
         9\w  .  .  .  B  W  .  W  .  .  .\9
         10\w  .  .  W  .  .  .  .  .  .  .\10
          11\.  .  .  B  .  .  .  .  .  .  .\11
              a  b  c  d  e  f  g  h  i  j  k  
717a7 info: Old: [black, f1] [white, f2] [black, d6] [white, d5] [black, e9] [white, j3] [black, h4] [white, h9] [black, f4] [white, h2] [black, j1] [white, d10] [black, d11] [white, k5] [black, c1] [white, b4] [black, d7] [white, b7] [black, f8] [white, f9] [black, k8] [white, g7] 
717a7 info: New: [black, f1] [white, f2] [black, d6] [white, d5] [black, e9] [white, j3] [black, h4] [white, h9] [black, f4] [white, h2] [black, j1] [white, d10] [black, d11] [white, k5] [black, c1] [white, b4] [black, d7] [white, b7] [black, f8] [white, f9] [black, k8] [white, g7] [black, h5] [white, f3] 
717a7 info: MovesPlayed: [black, h5] [white, f3] 
717a7 info: No subtree to reuse.
717a7 info: StartSearch()[0]
SgUctSearch: max games reached
717a7 info: 
Elapsed Time   0.147808s
Count          1
GamesPlayed    1
Nodes          1
Knowledge      0 (0.0%)
Expansions     0.0
Time           0.00
GameLen        58.0 dev=0.0 min=58.0 max=58.0
InTree         0.0 dev=0.0 min=0.0 max=0.0
KnowDepth      -
Aborted        0%
Games/s        3676.5
Score          1.00
Sequence      
717a7 info: 
717a7 warning: **** MoHexSearch returned empty sequence!
717a7 warning: **** Returning random move!
<= 
< 
<  c08bd3f10855ccda
<  a  b  c  d  e  f  g  h  i  j  k  
< 1\.  .  B  .  .  B  .  .  .  B  .\1
<  2\.  .  .  .  .  W  .  W  .  .  .\2
<   3\.  .  .  .  .  W  .  .  .  W  .\3
<    4\.  W  .  .  .  B  .  B  .  .  .\4
<     5\.  .  .  W  .  .  .  B  .  .  W\5
<      6\.  .  .  B  .  .  .  .  .  .  .\6
<       7\.  W  .  B  .  .  W  .  .  .  .\7
<        8\.  .  B  .  .  B  .  .  .  .  B\8
<         9\.  .  .  .  B  W  .  W  .  .  .\9
<         10\.  .  .  W  .  .  .  .  .  .  .\10
<          11\.  .  .  B  .  .  .  .  .  .  .\11
<              a  b  c  d  e  f  g  h  i  j  k  
<
>play w i2
<= 
<
>showboard
<= 
< 
<  e51a9658d182b5af
<  a  b  c  d  e  f  g  h  i  j  k  
< 1\.  .  B  .  .  B  .  .  .  B  .\1
<  2\.  .  .  .  .  W  .  W  W  .  .\2
<   3\.  .  .  .  .  W  .  .  .  W  .\3
<    4\.  W  .  .  .  B  .  B  .  .  .\4
<     5\.  .  .  W  .  .  .  B  .  .  W\5
<      6\.  .  .  B  .  .  .  .  .  .  .\6
<       7\.  W  .  B  .  .  W  .  .  .  .\7
<        8\.  .  B  .  .  B  .  .  .  .  B\8
<         9\.  .  .  .  B  W  .  W  .  .  .\9
<         10\.  .  .  W  .  .  .  .  .  .  .\10
<          11\.  .  .  B  .  .  .  .  .  .  .\11
<              a  b  c  d  e  f  g  h  i  j  k  
<
>genmove b
<= g2
<
>showboard
717a7 info: Opponent has won; playing most blocking move.
<= 
< 
<  40394df6caeed8fd
<  a  b  c  d  e  f  g  h  i  j  k  
< 1\.  .  B  .  .  B  .  .  .  B  .\1
<  2\.  .  .  .  .  W  B  W  W  .  .\2
<   3\.  .  .  .  .  W  .  .  .  W  .\3
<    4\.  W  .  .  .  B  .  B  .  .  .\4
<     5\.  .  .  W  .  .  .  B  .  .  W\5
<      6\.  .  .  B  .  .  .  .  .  .  .\6
<       7\.  W  .  B  .  .  W  .  .  .  .\7
<        8\.  .  B  .  .  B  .  .  .  .  B\8
<         9\.  .  .  .  B  W  .  W  .  .  .\9
<         10\.  .  .  W  .  .  .  .  .  .  .\10
<          11\.  .  .  B  .  .  .  .  .  .  .\11
<              a  b  c  d  e  f  g  h  i  j  k  
<
>play w g3
<= 
<
>showboard
<= 
< 
<  ac4b5903ce3bbeaf
<  a  b  c  d  e  f  g  h  i  j  k  
< 1\.  .  B  .  .  B  .  .  .  B  .\1
<  2\.  .  .  .  .  W  B  W  W  .  .\2
<   3\.  .  .  .  .  W  W  .  .  W  .\3
<    4\.  W  .  .  .  B  .  B  .  .  .\4
<     5\.  .  .  W  .  .  .  B  .  .  W\5
<      6\.  .  .  B  .  .  .  .  .  .  .\6
<       7\.  W  .  B  .  .  W  .  .  .  .\7
<        8\.  .  B  .  .  B  .  .  .  .  B\8
<         9\.  .  .  .  B  W  .  W  .  .  .\9
<         10\.  .  .  W  .  .  .  .  .  .  .\10
<          11\.  .  .  B  .  .  .  .  .  .  .\11
<              a  b  c  d  e  f  g  h  i  j  k  
<
>genmove b
<= j2
<
>showboard
717a7 info: Captured cells caused win! Removing...
717a7 info: Opponent has won; playing most blocking move.
<= 
< 
<  cb27ff4add67b981
<  a  b  c  d  e  f  g  h  i  j  k  
< 1\.  .  B  .  .  B  .  .  .  B  .\1
<  2\.  .  .  .  .  W  B  W  W  B  .\2
<   3\.  .  .  .  .  W  W  .  .  W  .\3
<    4\.  W  .  .  .  B  .  B  .  .  .\4
<     5\.  .  .  W  .  .  .  B  .  .  W\5
<      6\.  .  .  B  .  .  .  .  .  .  .\6
<       7\.  W  .  B  .  .  W  .  .  .  .\7
<        8\.  .  B  .  .  B  .  .  .  .  B\8
<         9\.  .  .  .  B  W  .  W  .  .  .\9
<         10\.  .  .  W  .  .  .  .  .  .  .\10
<          11\.  .  .  B  .  .  .  .  .  .  .\11
<              a  b  c  d  e  f  g  h  i  j  k  
<
>play w i3
<= 
<
>showboard
<= 
< 
<  0e5ffc30f3341c62
<  a  b  c  d  e  f  g  h  i  j  k  
< 1\.  .  B  .  .  B  .  .  .  B  .\1
<  2\.  .  .  .  .  W  B  W  W  B  .\2
<   3\.  .  .  .  .  W  W  .  W  W  .\3
<    4\.  W  .  .  .  B  .  B  .  .  .\4
<     5\.  .  .  W  .  .  .  B  .  .  W\5
<      6\.  .  .  B  .  .  .  .  .  .  .\6
<       7\.  W  .  B  .  .  W  .  .  .  .\7
<        8\.  .  B  .  .  B  .  .  .  .  B\8
<         9\.  .  .  .  B  W  .  W  .  .  .\9
<         10\.  .  .  W  .  .  .  .  .  .  .\10
<          11\.  .  .  B  .  .  .  .  .  .  .\11
<              a  b  c  d  e  f  g  h  i  j  k  
<
>genmove b
<= e3
<
>showboard
717a7 info: Captured cells caused win! Removing...
717a7 info: Opponent has won; playing most blocking move.
<= 
< 
<  b17b0d97739cbd47
<  a  b  c  d  e  f  g  h  i  j  k  
< 1\.  .  B  .  .  B  .  .  .  B  .\1
<  2\.  .  .  .  .  W  B  W  W  B  .\2
<   3\.  .  .  .  B  W  W  .  W  W  .\3
<    4\.  W  .  .  .  B  .  B  .  .  .\4
<     5\.  .  .  W  .  .  .  B  .  .  W\5
<      6\.  .  .  B  .  .  .  .  .  .  .\6
<       7\.  W  .  B  .  .  W  .  .  .  .\7
<        8\.  .  B  .  .  B  .  .  .  .  B\8
<         9\.  .  .  .  B  W  .  W  .  .  .\9
<         10\.  .  .  W  .  .  .  .  .  .  .\10
<          11\.  .  .  B  .  .  .  .  .  .  .\11
<              a  b  c  d  e  f  g  h  i  j  k  
<
>play w e4
<= 
<
>showboard
<= 
< 
<  f85fbad3affd8084
<  a  b  c  d  e  f  g  h  i  j  k  
< 1\.  .  B  .  .  B  .  .  .  B  .\1
<  2\.  .  .  .  .  W  B  W  W  B  .\2
<   3\.  .  .  .  B  W  W  .  W  W  .\3
<    4\.  W  .  .  W  B  .  B  .  .  .\4
<     5\.  .  .  W  .  .  .  B  .  .  W\5
<      6\.  .  .  B  .  .  .  .  .  .  .\6
<       7\.  W  .  B  .  .  W  .  .  .  .\7
<        8\.  .  B  .  .  B  .  .  .  .  B\8
<         9\.  .  .  .  B  W  .  W  .  .  .\9
<         10\.  .  .  W  .  .  .  .  .  .  .\10
<          11\.  .  .  B  .  .  .  .  .  .  .\11
<              a  b  c  d  e  f  g  h  i  j  k  
<
>genmove b
<= a5
<
>showboard
717a7 info: Captured cells caused win! Removing...
717a7 info: Opponent has won; playing most blocking move.
<= 
< 
<  55eebc62d95833fd
<  a  b  c  d  e  f  g  h  i  j  k  
< 1\.  .  B  .  .  B  .  .  .  B  .\1
<  2\.  .  .  .  .  W  B  W  W  B  .\2
<   3\.  .  .  .  B  W  W  .  W  W  .\3
<    4\.  W  .  .  W  B  .  B  .  .  .\4
<     5\B  .  .  W  .  .  .  B  .  .  W\5
<      6\.  .  .  B  .  .  .  .  .  .  .\6
<       7\.  W  .  B  .  .  W  .  .  .  .\7
<        8\.  .  B  .  .  B  .  .  .  .  B\8
<         9\.  .  .  .  B  W  .  W  .  .  .\9
<         10\.  .  .  W  .  .  .  .  .  .  .\10
<          11\.  .  .  B  .  .  .  .  .  .  .\11
<              a  b  c  d  e  f  g  h  i  j  k  
<
>play w c6
<= 
<
>showboard
<= 
< 
<  10ac595b308a68bd
<  a  b  c  d  e  f  g  h  i  j  k  
< 1\.  .  B  .  .  B  .  .  .  B  .\1
<  2\.  .  .  .  .  W  B  W  W  B  .\2
<   3\.  .  .  .  B  W  W  .  W  W  .\3
<    4\.  W  .  .  W  B  .  B  .  .  .\4
<     5\B  .  .  W  .  .  .  B  .  .  W\5
<      6\.  .  W  B  .  .  .  .  .  .  .\6
<       7\.  W  .  B  .  .  W  .  .  .  .\7
<        8\.  .  B  .  .  B  .  .  .  .  B\8
<         9\.  .  .  .  B  W  .  W  .  .  .\9
<         10\.  .  .  W  .  .  .  .  .  .  .\10
<          11\.  .  .  B  .  .  .  .  .  .  .\11
<              a  b  c  d  e  f  g  h  i  j  k  
<
>genmove b
<= k3
<
>showboard
717a7 info: Captured cells caused win! Removing...
717a7 info: Opponent has won; playing most blocking move.
<= 
< 
<  53f14d76c0e502b5
<  a  b  c  d  e  f  g  h  i  j  k  
< 1\.  .  B  .  .  B  .  .  .  B  .\1
<  2\.  .  .  .  .  W  B  W  W  B  .\2
<   3\.  .  .  .  B  W  W  .  W  W  B\3
<    4\.  W  .  .  W  B  .  B  .  .  .\4
<     5\B  .  .  W  .  .  .  B  .  .  W\5
<      6\.  .  W  B  .  .  .  .  .  .  .\6
<       7\.  W  .  B  .  .  W  .  .  .  .\7
<        8\.  .  B  .  .  B  .  .  .  .  B\8
<         9\.  .  .  .  B  W  .  W  .  .  .\9
<         10\.  .  .  W  .  .  .  .  .  .  .\10
<          11\.  .  .  B  .  .  .  .  .  .  .\11
<              a  b  c  d  e  f  g  h  i  j  k  
<
>play w k2
<= 
<
>showboard
<= 
< 
<  b41242007174cab7
<  a  b  c  d  e  f  g  h  i  j  k  
< 1\.  .  B  .  .  B  .  .  .  B  .\1
<  2\.  .  .  .  .  W  B  W  W  B  W\2
<   3\.  .  .  .  B  W  W  .  W  W  B\3
<    4\.  W  .  .  W  B  .  B  .  .  .\4
<     5\B  .  .  W  .  .  .  B  .  .  W\5
<      6\.  .  W  B  .  .  .  .  .  .  .\6
<       7\.  W  .  B  .  .  W  .  .  .  .\7
<        8\.  .  B  .  .  B  .  .  .  .  B\8
<         9\.  .  .  .  B  W  .  W  .  .  .\9
<         10\.  .  .  W  .  .  .  .  .  .  .\10
<          11\.  .  .  B  .  .  .  .  .  .  .\11
<              a  b  c  d  e  f  g  h  i  j  k  
<
>genmove b
<= a7
<
>showboard
717a7 info: Captured cells caused win! Removing...
717a7 info: Opponent has won; playing most blocking move.
<= 
< 
<  2d9ad7501dbf6cc1
<  a  b  c  d  e  f  g  h  i  j  k  
< 1\.  .  B  .  .  B  .  .  .  B  .\1
<  2\.  .  .  .  .  W  B  W  W  B  W\2
<   3\.  .  .  .  B  W  W  .  W  W  B\3
<    4\.  W  .  .  W  B  .  B  .  .  .\4
<     5\B  .  .  W  .  .  .  B  .  .  W\5
<      6\.  .  W  B  .  .  .  .  .  .  .\6
<       7\B  W  .  B  .  .  W  .  .  .  .\7
<        8\.  .  B  .  .  B  .  .  .  .  B\8
<         9\.  .  .  .  B  W  .  W  .  .  .\9
<         10\.  .  .  W  .  .  .  .  .  .  .\10
<          11\.  .  .  B  .  .  .  .  .  .  .\11
<              a  b  c  d  e  f  g  h  i  j  k  
<
>play w a8
<= 
<
>showboard
<= 
< 
<  f11b4fde3c62af70
<  a  b  c  d  e  f  g  h  i  j  k  
< 1\.  .  B  .  .  B  .  .  .  B  .\1
<  2\.  .  .  .  .  W  B  W  W  B  W\2
<   3\.  .  .  .  B  W  W  .  W  W  B\3
<    4\.  W  .  .  W  B  .  B  .  .  .\4
<     5\B  .  .  W  .  .  .  B  .  .  W\5
<      6\.  .  W  B  .  .  .  .  .  .  .\6
<       7\B  W  .  B  .  .  W  .  .  .  .\7
<        8\W  .  B  .  .  B  .  .  .  .  B\8
<         9\.  .  .  .  B  W  .  W  .  .  .\9
<         10\.  .  .  W  .  .  .  .  .  .  .\10
<          11\.  .  .  B  .  .  .  .  .  .  .\11
<              a  b  c  d  e  f  g  h  i  j  k  
<
>genmove b
<= resign
<
>showboard
<= 
< 
<  f11b4fde3c62af70
<  a  b  c  d  e  f  g  h  i  j  k  
< 1\.  .  B  .  .  B  .  .  .  B  .\1
<  2\.  .  .  .  .  W  B  W  W  B  W\2
<   3\.  .  .  .  B  W  W  .  W  W  B\3
<    4\.  W  .  .  W  B  .  B  .  .  .\4
<     5\B  .  .  W  .  .  .  B  .  .  W\5
<      6\.  .  W  B  .  .  .  .  .  .  .\6
<       7\B  W  .  B  .  .  W  .  .  .  .\7
<        8\W  .  B  .  .  B  .  .  .  .  B\8
<         9\.  .  .  .  B  W  .  W  .  .  .\9
<         10\.  .  .  W  .  .  .  .  .  .  .\10
<          11\.  .  .  B  .  .  .  .  .  .  .\11
<              a  b  c  d  e  f  g  h  i  j  k  
<
>final_score
<= W+
<
>quit
<= 
<
