# nice ../build/src/mohex/mohex --config mohex-cg2010.htp --seed 188388 --logfile-name jobs/11x11-mohex-mohex-cg2010-vs-mohex-mohex-weak/mohex-mohex-cg2010-209.log
>boardsize 11 11
MoHex 2.0.CMake Mar 21 2025
Copyright (C) 2007-2012 by the authors of the Benzene project.
This program comes with ABSOLUTELY NO WARRANTY. This is
free software and you are welcome to redistribute it under
certain conditions. Type `benzene-license' for details.

SgRandom::SetSeed: 188388
SgUctSearch: system memory 33632358400, using 1000000000 (5681818 nodes)
SgRandom::SetSeed: 1
SgRandom::SetSeed: 188388
b7627 info: Prior Patterns:
b7627 info: Global:
b7627 info: Size            = 565 32648 
b7627 info: TableEntries    = 65932 65910
b7627 info: MirrorsAdded    = 0 0
b7627 info: PrunableCount   = 30593 30629
b7627 info: LargestGamma    = 5820.77
b7627 info: SmallestGamma   = 6.6e-05
b7627 info: Local:
b7627 info: Size            = 550 5318 
b7627 info: TableEntries    = 11602 11588
b7627 info: MirrorsAdded    = 0 0
b7627 info: PrunableCount   = 3659 3667
b7627 info: LargestGamma    = 11281.8
b7627 info: SmallestGamma   = 0.026235
b7627 info: Playout Patterns:
b7627 info: Global:
b7627 info: Size            = 565 32648 
b7627 info: TableEntries    = 70329 70329
b7627 info: MirrorsAdded    = 4397 4419
b7627 info: PrunableCount   = 30593 30629
b7627 info: LargestGamma    = 5820.77
b7627 info: SmallestGamma   = 6.6e-05
b7627 info: Local:
b7627 info: Size            = 550 5318 
b7627 info: TableEntries    = 11602 11588
b7627 info: MirrorsAdded    = 0 0
b7627 info: PrunableCount   = 3659 3667
b7627 info: LargestGamma    = 11281.8
b7627 info: SmallestGamma   = 0.026235
param_game allow_swap 1
= 

param_mohex max_memory 32000000000
= 

param_mohex num_threads 1
= 

param_mohex max_time 1
= 

param_mohex max_games 1
= 

param_mohex knowledge_threshold 400
= 

param_mohex reuse_subtree 1
= 

param_mohex use_parallel_solver 1
= 

<= 
<
>name
<= MoHex
<
>version
<= 2.0.CMake
<
>play b j6
<= 
<
>genmove w
<= swap-pieces
<
>showboard
b7627 info: SwapCheck: reading from '/home/linus/MoHex2.0/nfbranchfix/benzene-vanilla-cmake/share/swap-moves.txt'.
b7627 info: SwapCheck: playing swap.
<= 
< 
<  39592d0da626e0be
<  a  b  c  d  e  f  g  h  i  j  k  
< 1\.  .  .  .  .  .  .  .  .  .  .\1
<  2\.  .  .  .  .  .  .  .  .  .  .\2
<   3\.  .  .  .  .  .  .  .  .  .  .\3
<    4\.  .  .  .  .  .  .  .  .  .  .\4
<     5\.  .  .  .  .  .  .  .  .  .  .\5
<      6\.  .  .  .  .  .  .  .  .  B  .\6
<       7\.  .  .  .  .  .  .  .  .  .  .\7
<        8\.  .  .  .  .  .  .  .  .  .  .\8
<         9\.  .  .  .  .  .  .  .  .  .  .\9
<         10\.  .  .  .  .  .  .  .  .  .  .\10
<          11\.  .  .  .  .  .  .  .  .  .  .\11
<              a  b  c  d  e  f  g  h  i  j  k  
<
>play w c3
<= 
<
>showboard
<= 
< 
<  8a93da03545fb95a
<  a  b  c  d  e  f  g  h  i  j  k  
< 1\.  .  .  .  .  .  .  .  .  .  .\1
<  2\.  .  .  .  .  .  .  .  .  .  .\2
<   3\.  .  W  .  .  .  .  .  .  .  .\3
<    4\.  .  .  .  .  .  .  .  .  .  .\4
<     5\.  .  .  .  .  .  .  .  .  .  .\5
<      6\.  .  .  .  .  .  .  .  .  B  .\6
<       7\.  .  .  .  .  .  .  .  .  .  .\7
<        8\.  .  .  .  .  .  .  .  .  .  .\8
<         9\.  .  .  .  .  .  .  .  .  .  .\9
<         10\.  .  .  .  .  .  .  .  .  .  .\10
<          11\.  .  .  .  .  .  .  .  .  .  .\11
<              a  b  c  d  e  f  g  h  i  j  k  
<
>genmove b
<= j8
<
>showboard
b7627 info: PlayAndSolve: Building VCs to avoid race condition.
b7627 info: PlayAndSolve: Continuing on as usual.
ffff6 info: *** PlayerThread ***
f7fe6 info: *** SolverThread ***
ffff6 info: Best move cannot be determined, must search state.
ffff6 info: --- MoHexPlayer::Search() ---
ffff6 info: Color: black
ffff6 info: MaxGames: 1
ffff6 info: NumberThreads: 1
ffff6 info: MaxNodes: 181818181 (15999999928 bytes)
ffff6 info: TimeForMove: 1
ffff6 info: PreSearch: max time reached (46/88).
ffff6 info: Time for PreSearch: 0.201206s
ffff6 info: 
  8a93da03545fb95a
  a  b  c  d  e  f  g  h  i  j  k  
 1\.  .  .  .  .  .  .  .  .  .  .\1
  2\.  *  .  .  *  *  *  *  *  *  *\2
   3\.  *  W  *  *  *  *  *  *  *  *\3
    4\*  *  *  *  *  *  *  *  *  *  *\4
     5\*  *  *  *  *  *  *  *  *  *  .\5
      6\*  *  *  *  *  *  *  *  *  B  .\6
       7\*  *  *  *  *  *  *  *  *  *  *\7
        8\*  *  *  *  *  *  *  *  *  *  *\8
         9\*  *  *  *  *  *  *  *  *  *  .\9
         10\*  *  *  *  *  *  *  *  *  .  .\10
          11\.  .  .  .  .  .  .  .  .  .  .\11
              a  b  c  d  e  f  g  h  i  j  k  
ffff6 info: No subtree to reuse.
ffff6 info: Creating thread 0
ffff6 info: StartSearch()[0]
SgUctSearch: max games reached
ffff6 info: 
Elapsed Time   0.366567s
Count          1
GamesPlayed    1
Nodes          1
Knowledge      0 (0.0%)
Expansions     0.0
Time           0.00
GameLen        119.0 dev=0.0 min=119.0 max=119.0
InTree         0.0 dev=0.0 min=0.0 max=0.0
KnowDepth      -
Aborted        0%
Games/s        348.9
Score          1.00
Sequence      
ffff6 info: 
ffff6 warning: **** MoHexSearch returned empty sequence!
ffff6 warning: **** Returning random move!
ffff6 info: *** Player move: j8
effd6 info: DfpnSolver::CheckAbort(): Abort flag!
f7fe6 info: 
MID calls      44
VC builds      43
Terminal       0
Work           44
Wasted Work    0 (0%)
Elapsed Time   0.384888
MIDs/sec       114.319
VCs/sec        111.721
Cnt prune sib  0
Avg prune sib  -
Consider Size  85.7209 dev=3.15013 min=79 max=89
Move Index     -
Move Percent   -
Delta Increase 2.88372 dev=12.2079 min=1 max=82
Winner         empty
PV             i2 f7 d8

HashTableStatistics:
Stores         111
LookupAttempt  11783
LookupSuccess  671
Collisions     0

f7fe6 info: Search aborted.
<= 
< 
<  8df989f8e6c8dd59
<  a  b  c  d  e  f  g  h  i  j  k  
< 1\.  .  .  .  .  .  .  .  .  .  .\1
<  2\.  .  .  .  .  .  .  .  .  .  .\2
<   3\.  .  W  .  .  .  .  .  .  .  .\3
<    4\.  .  .  .  .  .  .  .  .  .  .\4
<     5\.  .  .  .  .  .  .  .  .  .  .\5
<      6\.  .  .  .  .  .  .  .  .  B  .\6
<       7\.  .  .  .  .  .  .  .  .  .  .\7
<        8\.  .  .  .  .  .  .  .  .  B  .\8
<         9\.  .  .  .  .  .  .  .  .  .  .\9
<         10\.  .  .  .  .  .  .  .  .  .  .\10
<          11\.  .  .  .  .  .  .  .  .  .  .\11
<              a  b  c  d  e  f  g  h  i  j  k  
<
>play w e1
<= 
<
>showboard
<= 
< 
<  575a2055a65ac3f3
<  a  b  c  d  e  f  g  h  i  j  k  
< 1\.  .  .  .  W  .  .  .  .  .  .\1
<  2\.  .  .  .  .  .  .  .  .  .  .\2
<   3\.  .  W  .  .  .  .  .  .  .  .\3
<    4\.  .  .  .  .  .  .  .  .  .  .\4
<     5\.  .  .  .  .  .  .  .  .  .  .\5
<      6\.  .  .  .  .  .  .  .  .  B  .\6
<       7\.  .  .  .  .  .  .  .  .  .  .\7
<        8\.  .  .  .  .  .  .  .  .  B  .\8
<         9\.  .  .  .  .  .  .  .  .  .  .\9
<         10\.  .  .  .  .  .  .  .  .  .  .\10
<          11\.  .  .  .  .  .  .  .  .  .  .\11
<              a  b  c  d  e  f  g  h  i  j  k  
<
>genmove b
<= f7
<
>showboard
b7627 info: PlayAndSolve: Building VCs to avoid race condition.
b7627 info: PlayAndSolve: Continuing on as usual.
f7fe6 info: *** PlayerThread ***
ffff6 info: *** SolverThread ***
f7fe6 info: Best move cannot be determined, must search state.
f7fe6 info: --- MoHexPlayer::Search() ---
f7fe6 info: Color: black
f7fe6 info: MaxGames: 1
f7fe6 info: NumberThreads: 1
f7fe6 info: MaxNodes: 181818181 (15999999928 bytes)
f7fe6 info: TimeForMove: 1
f7fe6 info: PreSearch: max time reached (45/86).
f7fe6 info: Time for PreSearch: 0.200115s
f7fe6 info: 
  575a2055a65ac3f3
  a  b  c  d  e  f  g  h  i  j  k  
 1\.  .  .  .  W  .  .  .  .  .  .\1
  2\.  *  .  *  *  *  *  *  *  *  *\2
   3\.  *  W  *  *  *  *  *  *  *  *\3
    4\*  *  *  *  *  *  *  *  *  *  *\4
     5\*  *  *  *  *  *  *  *  *  *  .\5
      6\*  *  *  *  *  *  *  *  *  B  w\6
       7\*  *  *  *  *  *  *  *  *  *  w\7
        8\*  *  *  *  *  *  *  *  *  B  .\8
         9\*  *  *  *  *  *  *  *  *  *  .\9
         10\*  *  *  *  *  *  *  *  *  .  .\10
          11\.  .  .  .  .  .  .  .  .  .  .\11
              a  b  c  d  e  f  g  h  i  j  k  
f7fe6 info: Old: [black, j6] [white, swap-pieces] [white, c3] 
f7fe6 info: New: [black, j6] [white, swap-pieces] [white, c3] [black, j8] [white, e1] 
f7fe6 info: MovesPlayed: [black, j8] [white, e1] 
f7fe6 info: No subtree to reuse.
f7fe6 info: StartSearch()[0]
SgUctSearch: max games reached
f7fe6 info: 
Elapsed Time   0.362891s
Count          1
GamesPlayed    1
Nodes          1
Knowledge      0 (0.0%)
Expansions     0.0
Time           0.00
GameLen        115.0 dev=0.0 min=115.0 max=115.0
InTree         0.0 dev=0.0 min=0.0 max=0.0
KnowDepth      -
Aborted        0%
Games/s        3236.2
Score          0.00
Sequence      
f7fe6 info: 
f7fe6 warning: **** MoHexSearch returned empty sequence!
f7fe6 warning: **** Returning random move!
f7fe6 info: *** Player move: f7
effd6 info: DfpnSolver::CheckAbort(): Abort flag!
ffff6 info: 
MID calls      40
VC builds      39
Terminal       0
Work           40
Wasted Work    0 (0%)
Elapsed Time   0.375375
MIDs/sec       106.56
VCs/sec        103.896
Cnt prune sib  0
Avg prune sib  -
Consider Size  82.5128 dev=2.60042 min=77 max=86
Move Index     -
Move Percent   -
Delta Increase 2.97436 dev=12.1708 min=1 max=78
Winner         empty
PV             i2 e7 i4

HashTableStatistics:
Stores         214
LookupAttempt  22894
LookupSuccess  1338
Collisions     0

ffff6 info: Search aborted.
<= 
< 
<  749a2f59eefc7ea6
<  a  b  c  d  e  f  g  h  i  j  k  
< 1\.  .  .  .  W  .  .  .  .  .  .\1
<  2\.  .  .  .  .  .  .  .  .  .  .\2
<   3\.  .  W  .  .  .  .  .  .  .  .\3
<    4\.  .  .  .  .  .  .  .  .  .  .\4
<     5\.  .  .  .  .  .  .  .  .  .  .\5
<      6\.  .  .  .  .  .  .  .  .  B  .\6
<       7\.  .  .  .  .  B  .  .  .  .  .\7
<        8\.  .  .  .  .  .  .  .  .  B  .\8
<         9\.  .  .  .  .  .  .  .  .  .  .\9
<         10\.  .  .  .  .  .  .  .  .  .  .\10
<          11\.  .  .  .  .  .  .  .  .  .  .\11
<              a  b  c  d  e  f  g  h  i  j  k  
<
>play w e11
<= 
<
>showboard
<= 
< 
<  583a6021ebcde4a7
<  a  b  c  d  e  f  g  h  i  j  k  
< 1\.  .  .  .  W  .  .  .  .  .  .\1
<  2\.  .  .  .  .  .  .  .  .  .  .\2
<   3\.  .  W  .  .  .  .  .  .  .  .\3
<    4\.  .  .  .  .  .  .  .  .  .  .\4
<     5\.  .  .  .  .  .  .  .  .  .  .\5
<      6\.  .  .  .  .  .  .  .  .  B  .\6
<       7\.  .  .  .  .  B  .  .  .  .  .\7
<        8\.  .  .  .  .  .  .  .  .  B  .\8
<         9\.  .  .  .  .  .  .  .  .  .  .\9
<         10\.  .  .  .  .  .  .  .  .  .  .\10
<          11\.  .  .  .  W  .  .  .  .  .  .\11
<              a  b  c  d  e  f  g  h  i  j  k  
<
>genmove b
<= i4
<
>showboard
b7627 info: PlayAndSolve: Building VCs to avoid race condition.
b7627 info: PlayAndSolve: Continuing on as usual.
ffff6 info: *** PlayerThread ***
f7fe6 info: *** SolverThread ***
ffff6 info: Best move cannot be determined, must search state.
ffff6 info: --- MoHexPlayer::Search() ---
ffff6 info: Color: black
ffff6 info: MaxGames: 1
ffff6 info: NumberThreads: 1
ffff6 info: MaxNodes: 181818181 (15999999928 bytes)
ffff6 info: TimeForMove: 1
ffff6 info: PreSearch: max time reached (49/85).
ffff6 info: Time for PreSearch: 0.201233s
ffff6 info: 
  583a6021ebcde4a7
  a  b  c  d  e  f  g  h  i  j  k  
 1\.  .  .  .  W  .  .  .  .  .  .\1
  2\.  *  .  *  *  *  *  *  *  *  *\2
   3\.  *  W  *  *  *  *  *  *  *  *\3
    4\*  *  *  *  *  *  *  *  *  *  *\4
     5\*  *  *  *  *  *  *  *  *  *  .\5
      6\*  *  *  *  *  *  *  *  *  B  w\6
       7\*  *  *  *  *  B  *  *  *  *  w\7
        8\*  *  *  *  *  *  *  *  *  B  .\8
         9\*  *  *  *  *  *  *  *  *  *  .\9
         10\*  *  *  *  *  *  *  *  *  .  .\10
          11\.  .  .  .  W  .  .  .  .  .  .\11
              a  b  c  d  e  f  g  h  i  j  k  
ffff6 info: Old: [black, j6] [white, swap-pieces] [white, c3] [black, j8] [white, e1] 
ffff6 info: New: [black, j6] [white, swap-pieces] [white, c3] [black, j8] [white, e1] [black, f7] [white, e11] 
ffff6 info: MovesPlayed: [black, f7] [white, e11] 
ffff6 info: No subtree to reuse.
ffff6 info: StartSearch()[0]
SgUctSearch: max games reached
ffff6 info: 
Elapsed Time   0.379366s
Count          1
GamesPlayed    1
Nodes          1
Knowledge      0 (0.0%)
Expansions     0.0
Time           0.00
GameLen        113.0 dev=0.0 min=113.0 max=113.0
InTree         0.0 dev=0.0 min=0.0 max=0.0
KnowDepth      -
Aborted        0%
Games/s        2364.1
Score          1.00
Sequence      
ffff6 info: 
ffff6 warning: **** MoHexSearch returned empty sequence!
ffff6 warning: **** Returning random move!
ffff6 info: *** Player move: i4
effd6 info: DfpnSolver::CheckAbort(): Abort flag!
f7fe6 info: 
MID calls      51
VC builds      49
Terminal       0
Work           51
Wasted Work    0 (0%)
Elapsed Time   0.397451
MIDs/sec       128.318
VCs/sec        123.286
Cnt prune sib  0
Avg prune sib  -
Consider Size  79.7551 dev=3.67855 min=69 max=85
Move Index     -
Move Percent   -
Delta Increase 4.02 dev=14.6935 min=1 max=76
Winner         empty
PV             i2 j4 h3 g5

HashTableStatistics:
Stores         338
LookupAttempt  34695
LookupSuccess  2017
Collisions     0

f7fe6 info: Search aborted.
<= 
< 
<  0eec75daee36703a
<  a  b  c  d  e  f  g  h  i  j  k  
< 1\.  .  .  .  W  .  .  .  .  .  .\1
<  2\.  .  .  .  .  .  .  .  .  .  .\2
<   3\.  .  W  .  .  .  .  .  .  .  .\3
<    4\.  .  .  .  .  .  .  .  B  .  .\4
<     5\.  .  .  .  .  .  .  .  .  .  .\5
<      6\.  .  .  .  .  .  .  .  .  B  .\6
<       7\.  .  .  .  .  B  .  .  .  .  .\7
<        8\.  .  .  .  .  .  .  .  .  B  .\8
<         9\.  .  .  .  .  .  .  .  .  .  .\9
<         10\.  .  .  .  .  .  .  .  .  .  .\10
<          11\.  .  .  .  W  .  .  .  .  .  .\11
<              a  b  c  d  e  f  g  h  i  j  k  
<
>play w c4
<= 
<
>showboard
<= 
< 
<  e49b72f6bb5f7d62
<  a  b  c  d  e  f  g  h  i  j  k  
< 1\.  .  .  .  W  .  .  .  .  .  .\1
<  2\.  .  .  .  .  .  .  .  .  .  .\2
<   3\.  .  W  .  .  .  .  .  .  .  .\3
<    4\.  .  W  .  .  .  .  .  B  .  .\4
<     5\.  .  .  .  .  .  .  .  .  .  .\5
<      6\.  .  .  .  .  .  .  .  .  B  .\6
<       7\.  .  .  .  .  B  .  .  .  .  .\7
<        8\.  .  .  .  .  .  .  .  .  B  .\8
<         9\.  .  .  .  .  .  .  .  .  .  .\9
<         10\.  .  .  .  .  .  .  .  .  .  .\10
<          11\.  .  .  .  W  .  .  .  .  .  .\11
<              a  b  c  d  e  f  g  h  i  j  k  
<
>genmove b
<= e7
<
>showboard
b7627 info: PlayAndSolve: Building VCs to avoid race condition.
b7627 info: PlayAndSolve: Continuing on as usual.
f7fe6 info: *** PlayerThread ***
ffff6 info: *** SolverThread ***
f7fe6 info: Best move cannot be determined, must search state.
f7fe6 info: --- MoHexPlayer::Search() ---
f7fe6 info: Color: black
f7fe6 info: MaxGames: 1
f7fe6 info: NumberThreads: 1
f7fe6 info: MaxNodes: 181818181 (15999999928 bytes)
f7fe6 info: TimeForMove: 1
f7fe6 info: PreSearch: max time reached (31/82).
f7fe6 info: Time for PreSearch: 0.204177s
f7fe6 info: 
  e49b72f6bb5f7d62
  a  b  c  d  e  f  g  h  i  j  k  
 1\.  .  .  .  W  .  .  .  .  .  .\1
  2\.  *  .  *  *  *  *  *  *  *  *\2
   3\.  *  W  *  *  *  *  *  *  *  *\3
    4\*  .  W  *  *  *  *  *  B  *  *\4
     5\*  *  *  *  *  *  *  *  *  *  .\5
      6\*  *  *  *  *  *  *  *  *  B  w\6
       7\*  *  *  *  *  B  *  *  *  *  w\7
        8\*  *  *  *  *  *  *  *  *  B  .\8
         9\*  *  *  *  *  *  *  *  *  *  .\9
         10\*  *  *  *  *  *  *  *  *  .  .\10
          11\.  .  .  .  W  .  .  .  .  .  .\11
              a  b  c  d  e  f  g  h  i  j  k  
f7fe6 info: Old: [black, j6] [white, swap-pieces] [white, c3] [black, j8] [white, e1] [black, f7] [white, e11] 
f7fe6 info: New: [black, j6] [white, swap-pieces] [white, c3] [black, j8] [white, e1] [black, f7] [white, e11] [black, i4] [white, c4] 
f7fe6 info: MovesPlayed: [black, i4] [white, c4] 
f7fe6 info: No subtree to reuse.
f7fe6 info: StartSearch()[0]
SgUctSearch: max games reached
f7fe6 info: 
Elapsed Time   0.371067s
Count          1
GamesPlayed    1
Nodes          1
Knowledge      0 (0.0%)
Expansions     0.0
Time           0.00
GameLen        111.0 dev=0.0 min=111.0 max=111.0
InTree         0.0 dev=0.0 min=0.0 max=0.0
KnowDepth      -
Aborted        0%
Games/s        2824.9
Score          1.00
Sequence      
f7fe6 info: 
f7fe6 warning: **** MoHexSearch returned empty sequence!
f7fe6 warning: **** Returning random move!
f7fe6 info: *** Player move: e7
effd6 info: DfpnSolver::CheckAbort(): Abort flag!
ffff6 info: 
MID calls      36
VC builds      35
Terminal       0
Work           36
Wasted Work    0 (0%)
Elapsed Time   0.387872
MIDs/sec       92.8141
VCs/sec        90.236
Cnt prune sib  1
Avg prune sib  1 dev=0 min=1 max=1
Consider Size  75.8572 dev=2.74751 min=70 max=82
Move Index     -
Move Percent   -
Delta Increase 3 dev=11.4916 min=1 max=70
Winner         empty
PV             h2 i10 d10

HashTableStatistics:
Stores         432
LookupAttempt  44560
LookupSuccess  2631
Collisions     0

ffff6 info: Search aborted.
<= 
< 
<  1b0478c069ef410b
<  a  b  c  d  e  f  g  h  i  j  k  
< 1\.  .  .  .  W  .  .  .  .  .  .\1
<  2\.  .  .  .  .  .  .  .  .  .  .\2
<   3\.  .  W  .  .  .  .  .  .  .  .\3
<    4\.  .  W  .  .  .  .  .  B  .  .\4
<     5\.  .  .  .  .  .  .  .  .  .  .\5
<      6\.  .  .  .  .  .  .  .  .  B  .\6
<       7\.  .  .  .  B  B  .  .  .  .  .\7
<        8\.  .  .  .  .  .  .  .  .  B  .\8
<         9\.  .  .  .  .  .  .  .  .  .  .\9
<         10\.  .  .  .  .  .  .  .  .  .  .\10
<          11\.  .  .  .  W  .  .  .  .  .  .\11
<              a  b  c  d  e  f  g  h  i  j  k  
<
>play w f1
<= 
<
>showboard
<= 
< 
<  5e526f59905be328
<  a  b  c  d  e  f  g  h  i  j  k  
< 1\.  .  .  .  W  W  .  .  .  .  .\1
<  2\.  .  .  .  .  .  .  .  .  .  .\2
<   3\.  .  W  .  .  .  .  .  .  .  .\3
<    4\.  .  W  .  .  .  .  .  B  .  .\4
<     5\.  .  .  .  .  .  .  .  .  .  .\5
<      6\.  .  .  .  .  .  .  .  .  B  .\6
<       7\.  .  .  .  B  B  .  .  .  .  .\7
<        8\.  .  .  .  .  .  .  .  .  B  .\8
<         9\.  .  .  .  .  .  .  .  .  .  .\9
<         10\.  .  .  .  .  .  .  .  .  .  .\10
<          11\.  .  .  .  W  .  .  .  .  .  .\11
<              a  b  c  d  e  f  g  h  i  j  k  
<
>genmove b
<= g10
<
>showboard
b7627 info: PlayAndSolve: Building VCs to avoid race condition.
b7627 info: PlayAndSolve: Continuing on as usual.
ffff6 info: *** PlayerThread ***
f7fe6 info: *** SolverThread ***
ffff6 info: Best move cannot be determined, must search state.
ffff6 info: --- MoHexPlayer::Search() ---
ffff6 info: Color: black
ffff6 info: MaxGames: 1
ffff6 info: NumberThreads: 1
ffff6 info: MaxNodes: 181818181 (15999999928 bytes)
ffff6 info: TimeForMove: 1
ffff6 info: PreSearch: max time reached (19/79).
ffff6 info: Time for PreSearch: 0.204343s
ffff6 info: 
  5e526f59905be328
  a  b  c  d  e  f  g  h  i  j  k  
 1\.  .  .  .  W  W  .  .  .  .  .\1
  2\.  *  .  *  .  *  *  *  *  *  *\2
   3\.  *  W  .  *  *  *  *  *  *  *\3
    4\*  .  W  *  *  *  *  *  B  *  *\4
     5\*  *  *  *  *  *  *  *  *  *  .\5
      6\*  *  *  *  *  *  *  *  *  B  w\6
       7\*  *  *  *  B  B  *  *  *  *  w\7
        8\*  *  *  *  *  *  *  *  *  B  .\8
         9\*  *  *  *  *  *  *  *  *  *  .\9
         10\*  *  *  *  *  *  *  *  *  .  .\10
          11\.  .  .  .  W  .  .  .  .  .  .\11
              a  b  c  d  e  f  g  h  i  j  k  
ffff6 info: Old: [black, j6] [white, swap-pieces] [white, c3] [black, j8] [white, e1] [black, f7] [white, e11] [black, i4] [white, c4] 
ffff6 info: New: [black, j6] [white, swap-pieces] [white, c3] [black, j8] [white, e1] [black, f7] [white, e11] [black, i4] [white, c4] [black, e7] [white, f1] 
ffff6 info: MovesPlayed: [black, e7] [white, f1] 
ffff6 info: No subtree to reuse.
ffff6 info: StartSearch()[0]
SgUctSearch: max games reached
ffff6 info: 
Elapsed Time   0.362263s
Count          1
GamesPlayed    1
Nodes          1
Knowledge      0 (0.0%)
Expansions     0.0
Time           0.00
GameLen        109.0 dev=0.0 min=109.0 max=109.0
InTree         0.0 dev=0.0 min=0.0 max=0.0
KnowDepth      -
Aborted        0%
Games/s        2283.1
Score          1.00
Sequence      
ffff6 info: 
ffff6 warning: **** MoHexSearch returned empty sequence!
ffff6 warning: **** Returning random move!
ffff6 info: *** Player move: g10
effd6 info: DfpnSolver::CheckAbort(): Abort flag!
f7fe6 info: 
MID calls      24
VC builds      23
Terminal       0
Work           24
Wasted Work    0 (0%)
Elapsed Time   0.387393
MIDs/sec       61.9526
VCs/sec        59.3712
Cnt prune sib  0
Avg prune sib  -
Consider Size  52.4348 dev=22.4147 min=18 max=79
Move Index     -
Move Percent   -
Delta Increase 1.78261 dev=3.46356 min=1 max=18
Winner         empty
PV             h4 j2 i2

HashTableStatistics:
Stores         501
LookupAttempt  52351
LookupSuccess  3186
Collisions     0

f7fe6 info: Search aborted.
<= 
< 
<  3495560776943249
<  a  b  c  d  e  f  g  h  i  j  k  
< 1\.  .  .  .  W  W  .  .  .  .  .\1
<  2\.  .  .  .  .  .  .  .  .  .  .\2
<   3\.  .  W  .  .  .  .  .  .  .  .\3
<    4\.  .  W  .  .  .  .  .  B  .  .\4
<     5\.  .  .  .  .  .  .  .  .  .  .\5
<      6\.  .  .  .  .  .  .  .  .  B  .\6
<       7\.  .  .  .  B  B  .  .  .  .  .\7
<        8\.  .  .  .  .  .  .  .  .  B  .\8
<         9\.  .  .  .  .  .  .  .  .  .  .\9
<         10\.  .  .  .  .  .  B  .  .  .  .\10
<          11\.  .  .  .  W  .  .  .  .  .  .\11
<              a  b  c  d  e  f  g  h  i  j  k  
<
>play w d2
<= 
<
>showboard
<= 
< 
<  b850c3ebb00a2969
<  a  b  c  d  e  f  g  h  i  j  k  
< 1\.  .  .  .  W  W  .  .  .  .  .\1
<  2\.  .  .  W  .  .  .  .  .  .  .\2
<   3\.  .  W  .  .  .  .  .  .  .  .\3
<    4\.  .  W  .  .  .  .  .  B  .  .\4
<     5\.  .  .  .  .  .  .  .  .  .  .\5
<      6\.  .  .  .  .  .  .  .  .  B  .\6
<       7\.  .  .  .  B  B  .  .  .  .  .\7
<        8\.  .  .  .  .  .  .  .  .  B  .\8
<         9\.  .  .  .  .  .  .  .  .  .  .\9
<         10\.  .  .  .  .  .  B  .  .  .  .\10
<          11\.  .  .  .  W  .  .  .  .  .  .\11
<              a  b  c  d  e  f  g  h  i  j  k  
<
>genmove b
<= h4
<
>showboard
b7627 info: PlayAndSolve: Building VCs to avoid race condition.
b7627 info: PlayAndSolve: Continuing on as usual.
f7fe6 info: *** PlayerThread ***
ffff6 info: *** SolverThread ***
f7fe6 info: Winning SC.
f7fe6 info: *** Player move: h4
ffff6 info: 
MID calls      0
VC builds      1
Terminal       1
Work           1
Wasted Work    0 (0%)
Elapsed Time   0.012011
MIDs/sec       0
VCs/sec        83.257
Cnt prune sib  0
Avg prune sib  -
Consider Size  -
Move Index     -
Move Percent   -
Delta Increase -
Winner         black
PV             

HashTableStatistics:
Stores         502
LookupAttempt  52357
LookupSuccess  3189
Collisions     0

<= 
< 
<  31e953cdcd3815b8
<  a  b  c  d  e  f  g  h  i  j  k  
< 1\.  .  .  .  W  W  .  .  .  .  .\1
<  2\.  .  .  W  .  .  .  .  .  .  .\2
<   3\.  .  W  .  .  .  .  .  .  .  .\3
<    4\.  .  W  .  .  .  .  B  B  .  .\4
<     5\.  .  .  .  .  .  .  .  .  .  .\5
<      6\.  .  .  .  .  .  .  .  .  B  .\6
<       7\.  .  .  .  B  B  .  .  .  .  .\7
<        8\.  .  .  .  .  .  .  .  .  B  .\8
<         9\.  .  .  .  .  .  .  .  .  .  .\9
<         10\.  .  .  .  .  .  B  .  .  .  .\10
<          11\.  .  .  .  W  .  .  .  .  .  .\11
<              a  b  c  d  e  f  g  h  i  j  k  
<
>play w h3
<= 
<
>showboard
<= 
< 
<  9c7f84191d765f8c
<  a  b  c  d  e  f  g  h  i  j  k  
< 1\.  .  .  .  W  W  .  .  .  .  .\1
<  2\.  .  .  W  .  .  .  .  .  .  .\2
<   3\.  .  W  .  .  .  .  W  .  .  .\3
<    4\.  .  W  .  .  .  .  B  B  .  .\4
<     5\.  .  .  .  .  .  .  .  .  .  .\5
<      6\.  .  .  .  .  .  .  .  .  B  .\6
<       7\.  .  .  .  B  B  .  .  .  .  .\7
<        8\.  .  .  .  .  .  .  .  .  B  .\8
<         9\.  .  .  .  .  .  .  .  .  .  .\9
<         10\.  .  .  .  .  .  B  .  .  .  .\10
<          11\.  .  .  .  W  .  .  .  .  .  .\11
<              a  b  c  d  e  f  g  h  i  j  k  
<
>genmove b
<= g4
<
>showboard
b7627 info: PlayAndSolve: Building VCs to avoid race condition.
b7627 info: PlayAndSolve: Continuing on as usual.
ffff6 info: *** PlayerThread ***
f7fe6 info: *** SolverThread ***
ffff6 info: Winning SC.
ffff6 info: *** Player move: g4
f7fe6 info: 
MID calls      0
VC builds      1
Terminal       1
Work           1
Wasted Work    0 (0%)
Elapsed Time   0.015577
MIDs/sec       0
VCs/sec        64.1972
Cnt prune sib  0
Avg prune sib  -
Consider Size  -
Move Index     -
Move Percent   -
Delta Increase -
Winner         black
PV             

HashTableStatistics:
Stores         503
LookupAttempt  52363
LookupSuccess  3192
Collisions     0

<= 
< 
<  fff2b11e8bab0778
<  a  b  c  d  e  f  g  h  i  j  k  
< 1\.  .  .  .  W  W  .  .  .  .  .\1
<  2\.  .  .  W  .  .  .  .  .  .  .\2
<   3\.  .  W  .  .  .  .  W  .  .  .\3
<    4\.  .  W  .  .  .  B  B  B  .  .\4
<     5\.  .  .  .  .  .  .  .  .  .  .\5
<      6\.  .  .  .  .  .  .  .  .  B  .\6
<       7\.  .  .  .  B  B  .  .  .  .  .\7
<        8\.  .  .  .  .  .  .  .  .  B  .\8
<         9\.  .  .  .  .  .  .  .  .  .  .\9
<         10\.  .  .  .  .  .  B  .  .  .  .\10
<          11\.  .  .  .  W  .  .  .  .  .  .\11
<              a  b  c  d  e  f  g  h  i  j  k  
<
>play w i3
<= 
<
>showboard
<= 
< 
<  3a8ab264a5f8a29b
<  a  b  c  d  e  f  g  h  i  j  k  
< 1\.  .  .  .  W  W  .  .  .  .  .\1
<  2\.  .  .  W  .  .  .  .  .  .  .\2
<   3\.  .  W  .  .  .  .  W  W  .  .\3
<    4\.  .  W  .  .  .  B  B  B  .  .\4
<     5\.  .  .  .  .  .  .  .  .  .  .\5
<      6\.  .  .  .  .  .  .  .  .  B  .\6
<       7\.  .  .  .  B  B  .  .  .  .  .\7
<        8\.  .  .  .  .  .  .  .  .  B  .\8
<         9\.  .  .  .  .  .  .  .  .  .  .\9
<         10\.  .  .  .  .  .  B  .  .  .  .\10
<          11\.  .  .  .  W  .  .  .  .  .  .\11
<              a  b  c  d  e  f  g  h  i  j  k  
<
>genmove b
<= j2
<
>showboard
b7627 info: PlayAndSolve: Building VCs to avoid race condition.
b7627 info: PlayAndSolve: Continuing on as usual.
ffff6 info: *** SolverThread ***
f7fe6 info: *** PlayerThread ***
f7fe6 info: Winning SC.
f7fe6 info: *** Player move: j2
ffff6 info: 
MID calls      0
VC builds      1
Terminal       1
Work           1
Wasted Work    0 (0%)
Elapsed Time   0.020183
MIDs/sec       0
VCs/sec        49.5466
Cnt prune sib  0
Avg prune sib  -
Consider Size  -
Move Index     -
Move Percent   -
Delta Increase -
Winner         black
PV             

HashTableStatistics:
Stores         504
LookupAttempt  52369
LookupSuccess  3195
Collisions     0

<= 
< 
<  5de6142db6a4a5b5
<  a  b  c  d  e  f  g  h  i  j  k  
< 1\.  .  .  .  W  W  .  .  .  .  .\1
<  2\.  .  .  W  .  .  .  .  .  B  .\2
<   3\.  .  W  .  .  .  .  W  W  .  .\3
<    4\.  .  W  .  .  .  B  B  B  .  .\4
<     5\.  .  .  .  .  .  .  .  .  .  .\5
<      6\.  .  .  .  .  .  .  .  .  B  .\6
<       7\.  .  .  .  B  B  .  .  .  .  .\7
<        8\.  .  .  .  .  .  .  .  .  B  .\8
<         9\.  .  .  .  .  .  .  .  .  .  .\9
<         10\.  .  .  .  .  .  B  .  .  .  .\10
<          11\.  .  .  .  W  .  .  .  .  .  .\11
<              a  b  c  d  e  f  g  h  i  j  k  
<
>play w j3
<= 
<
>showboard
<= 
< 
<  cfb0a5a0af6a5a3c
<  a  b  c  d  e  f  g  h  i  j  k  
< 1\.  .  .  .  W  W  .  .  .  .  .\1
<  2\.  .  .  W  .  .  .  .  .  B  .\2
<   3\.  .  W  .  .  .  .  W  W  W  .\3
<    4\.  .  W  .  .  .  B  B  B  .  .\4
<     5\.  .  .  .  .  .  .  .  .  .  .\5
<      6\.  .  .  .  .  .  .  .  .  B  .\6
<       7\.  .  .  .  B  B  .  .  .  .  .\7
<        8\.  .  .  .  .  .  .  .  .  B  .\8
<         9\.  .  .  .  .  .  .  .  .  .  .\9
<         10\.  .  .  .  .  .  B  .  .  .  .\10
<          11\.  .  .  .  W  .  .  .  .  .  .\11
<              a  b  c  d  e  f  g  h  i  j  k  
<
>genmove b
<= g3
<
>showboard
b7627 info: PlayAndSolve: Building VCs to avoid race condition.
b7627 info: PlayAndSolve: Continuing on as usual.
f7fe6 info: *** SolverThread ***
ffff6 info: *** PlayerThread ***
ffff6 info: Winning SC.
ffff6 info: *** Player move: g3
f7fe6 info: 
MID calls      0
VC builds      1
Terminal       1
Work           1
Wasted Work    0 (0%)
Elapsed Time   0.01623
MIDs/sec       0
VCs/sec        61.6143
Cnt prune sib  0
Avg prune sib  -
Consider Size  -
Move Index     -
Move Percent   -
Delta Increase -
Winner         black
PV             

HashTableStatistics:
Stores         505
LookupAttempt  52375
LookupSuccess  3198
Collisions     0

<= 
< 
<  7ce6871aca3c0c4a
<  a  b  c  d  e  f  g  h  i  j  k  
< 1\.  .  .  .  W  W  .  .  .  .  .\1
<  2\.  .  .  W  .  .  .  .  .  B  .\2
<   3\.  .  W  .  .  .  B  W  W  W  .\3
<    4\.  .  W  .  .  .  B  B  B  .  .\4
<     5\.  .  .  .  .  .  .  .  .  .  .\5
<      6\.  .  .  .  .  .  .  .  .  B  .\6
<       7\.  .  .  .  B  B  .  .  .  .  .\7
<        8\.  .  .  .  .  .  .  .  .  B  .\8
<         9\.  .  .  .  .  .  .  .  .  .  .\9
<         10\.  .  .  .  .  .  B  .  .  .  .\10
<          11\.  .  .  .  W  .  .  .  .  .  .\11
<              a  b  c  d  e  f  g  h  i  j  k  
<
>play w g2
<= 
<
>showboard
<= 
< 
<  e5d401d3e3b68422
<  a  b  c  d  e  f  g  h  i  j  k  
< 1\.  .  .  .  W  W  .  .  .  .  .\1
<  2\.  .  .  W  .  .  W  .  .  B  .\2
<   3\.  .  W  .  .  .  B  W  W  W  .\3
<    4\.  .  W  .  .  .  B  B  B  .  .\4
<     5\.  .  .  .  .  .  .  .  .  .  .\5
<      6\.  .  .  .  .  .  .  .  .  B  .\6
<       7\.  .  .  .  B  B  .  .  .  .  .\7
<        8\.  .  .  .  .  .  .  .  .  B  .\8
<         9\.  .  .  .  .  .  .  .  .  .  .\9
<         10\.  .  .  .  .  .  B  .  .  .  .\10
<          11\.  .  .  .  W  .  .  .  .  .  .\11
<              a  b  c  d  e  f  g  h  i  j  k  
<
>genmove b
<= h2
<
>showboard
b7627 info: PlayAndSolve: Building VCs to avoid race condition.
b7627 info: PlayAndSolve: Continuing on as usual.
ffff6 info: *** SolverThread ***
f7fe6 info: *** PlayerThread ***
ffff6 info: 
MID calls      0
VC builds      1
Terminal       1
Work           1
Wasted Work    0 (0%)
Elapsed Time   0.016243
MIDs/sec       0
VCs/sec        61.565
Cnt prune sib  0
Avg prune sib  -
Consider Size  -
Move Index     -
Move Percent   -
Delta Increase -
Winner         black
PV             

HashTableStatistics:
Stores         506
LookupAttempt  52381
LookupSuccess  3201
Collisions     0

f7fe6 info: Winning SC.
f7fe6 info: *** Player move: h2
<= 
< 
<  810194d442897bbf
<  a  b  c  d  e  f  g  h  i  j  k  
< 1\.  .  .  .  W  W  .  .  .  .  .\1
<  2\.  .  .  W  .  .  W  B  .  B  .\2
<   3\.  .  W  .  .  .  B  W  W  W  .\3
<    4\.  .  W  .  .  .  B  B  B  .  .\4
<     5\.  .  .  .  .  .  .  .  .  .  .\5
<      6\.  .  .  .  .  .  .  .  .  B  .\6
<       7\.  .  .  .  B  B  .  .  .  .  .\7
<        8\.  .  .  .  .  .  .  .  .  B  .\8
<         9\.  .  .  .  .  .  .  .  .  .  .\9
<         10\.  .  .  .  .  .  B  .  .  .  .\10
<          11\.  .  .  .  W  .  .  .  .  .  .\11
<              a  b  c  d  e  f  g  h  i  j  k  
<
>play w g6
<= 
<
>showboard
<= 
< 
<  e1da58dbe26123ee
<  a  b  c  d  e  f  g  h  i  j  k  
< 1\.  .  .  .  W  W  .  .  .  .  .\1
<  2\.  .  .  W  .  .  W  B  .  B  .\2
<   3\.  .  W  .  .  .  B  W  W  W  .\3
<    4\.  .  W  .  .  .  B  B  B  .  .\4
<     5\.  .  .  .  .  .  .  .  .  .  .\5
<      6\.  .  .  .  .  .  W  .  .  B  .\6
<       7\.  .  .  .  B  B  .  .  .  .  .\7
<        8\.  .  .  .  .  .  .  .  .  B  .\8
<         9\.  .  .  .  .  .  .  .  .  .  .\9
<         10\.  .  .  .  .  .  B  .  .  .  .\10
<          11\.  .  .  .  W  .  .  .  .  .  .\11
<              a  b  c  d  e  f  g  h  i  j  k  
<
>genmove b
<= g7
<
>showboard
b7627 info: PlayAndSolve: Building VCs to avoid race condition.
b7627 info: PlayAndSolve: Continuing on as usual.
ffff6 info: *** PlayerThread ***
f7fe6 info: *** SolverThread ***
ffff6 info: Winning SC.
ffff6 info: *** Player move: g7
f7fe6 info: 
MID calls      0
VC builds      1
Terminal       1
Work           1
Wasted Work    0 (0%)
Elapsed Time   0.008179
MIDs/sec       0
VCs/sec        122.264
Cnt prune sib  0
Avg prune sib  -
Consider Size  -
Move Index     -
Move Percent   -
Delta Increase -
Winner         black
PV             

HashTableStatistics:
Stores         507
LookupAttempt  52387
LookupSuccess  3204
Collisions     0

<= 
< 
<  f3d553d11b3775bf
<  a  b  c  d  e  f  g  h  i  j  k  
< 1\.  .  .  .  W  W  .  .  .  .  .\1
<  2\.  .  .  W  .  .  W  B  .  B  .\2
<   3\.  .  W  .  .  .  B  W  W  W  .\3
<    4\.  .  W  .  .  .  B  B  B  .  .\4
<     5\.  .  .  .  .  .  .  .  .  .  .\5
<      6\.  .  .  .  .  .  W  .  .  B  .\6
<       7\.  .  .  .  B  B  B  .  .  .  .\7
<        8\.  .  .  .  .  .  .  .  .  B  .\8
<         9\.  .  .  .  .  .  .  .  .  .  .\9
<         10\.  .  .  .  .  .  B  .  .  .  .\10
<          11\.  .  .  .  W  .  .  .  .  .  .\11
<              a  b  c  d  e  f  g  h  i  j  k  
<
>play w g8
<= 
<
>showboard
<= 
< 
<  c05b396f103bbf95
<  a  b  c  d  e  f  g  h  i  j  k  
< 1\.  .  .  .  W  W  .  .  .  .  .\1
<  2\.  .  .  W  .  .  W  B  .  B  .\2
<   3\.  .  W  .  .  .  B  W  W  W  .\3
<    4\.  .  W  .  .  .  B  B  B  .  .\4
<     5\.  .  .  .  .  .  .  .  .  .  .\5
<      6\.  .  .  .  .  .  W  .  .  B  .\6
<       7\.  .  .  .  B  B  B  .  .  .  .\7
<        8\.  .  .  .  .  .  W  .  .  B  .\8
<         9\.  .  .  .  .  .  .  .  .  .  .\9
<         10\.  .  .  .  .  .  B  .  .  .  .\10
<          11\.  .  .  .  W  .  .  .  .  .  .\11
<              a  b  c  d  e  f  g  h  i  j  k  
<
>genmove b
<= e9
<
>showboard
b7627 info: PlayAndSolve: Building VCs to avoid race condition.
b7627 info: PlayAndSolve: Continuing on as usual.
f7fe6 info: *** PlayerThread ***
ffff6 info: *** SolverThread ***
f7fe6 info: Winning SC.
f7fe6 info: *** Player move: e9
ffff6 info: 
MID calls      0
VC builds      1
Terminal       1
Work           1
Wasted Work    0 (0%)
Elapsed Time   0.008243
MIDs/sec       0
VCs/sec        121.315
Cnt prune sib  0
Avg prune sib  -
Consider Size  -
Move Index     -
Move Percent   -
Delta Increase -
Winner         black
PV             

HashTableStatistics:
Stores         508
LookupAttempt  52393
LookupSuccess  3207
Collisions     0

<= 
< 
<  3a4c1403a3d5a293
<  a  b  c  d  e  f  g  h  i  j  k  
< 1\.  .  .  .  W  W  .  .  .  .  .\1
<  2\.  .  .  W  .  .  W  B  .  B  .\2
<   3\.  .  W  .  .  .  B  W  W  W  .\3
<    4\.  .  W  .  .  .  B  B  B  .  .\4
<     5\.  .  .  .  .  .  .  .  .  .  .\5
<      6\.  .  .  .  .  .  W  .  .  B  .\6
<       7\.  .  .  .  B  B  B  .  .  .  .\7
<        8\.  .  .  .  .  .  W  .  .  B  .\8
<         9\.  .  .  .  B  .  .  .  .  .  .\9
<         10\.  .  .  .  .  .  B  .  .  .  .\10
<          11\.  .  .  .  W  .  .  .  .  .  .\11
<              a  b  c  d  e  f  g  h  i  j  k  
<
>play w i5
<= 
<
>showboard
<= 
< 
<  4076f7957c3a8665
<  a  b  c  d  e  f  g  h  i  j  k  
< 1\.  .  .  .  W  W  .  .  .  .  .\1
<  2\.  .  .  W  .  .  W  B  .  B  .\2
<   3\.  .  W  .  .  .  B  W  W  W  .\3
<    4\.  .  W  .  .  .  B  B  B  .  .\4
<     5\.  .  .  .  .  .  .  .  W  .  .\5
<      6\.  .  .  .  .  .  W  .  .  B  .\6
<       7\.  .  .  .  B  B  B  .  .  .  .\7
<        8\.  .  .  .  .  .  W  .  .  B  .\8
<         9\.  .  .  .  B  .  .  .  .  .  .\9
<         10\.  .  .  .  .  .  B  .  .  .  .\10
<          11\.  .  .  .  W  .  .  .  .  .  .\11
<              a  b  c  d  e  f  g  h  i  j  k  
<
>genmove b
<= f6
<
>showboard
b7627 info: PlayAndSolve: Building VCs to avoid race condition.
b7627 info: PlayAndSolve: Continuing on as usual.
ffff6 info: *** PlayerThread ***
f7fe6 info: *** SolverThread ***
ffff6 info: Winning SC.
ffff6 info: *** Player move: f6
f7fe6 info: 
MID calls      0
VC builds      1
Terminal       1
Work           1
Wasted Work    0 (0%)
Elapsed Time   0.008361
MIDs/sec       0
VCs/sec        119.603
Cnt prune sib  0
Avg prune sib  -
Consider Size  -
Move Index     -
Move Percent   -
Delta Increase -
Winner         black
PV             

HashTableStatistics:
Stores         509
LookupAttempt  52399
LookupSuccess  3210
Collisions     0

<= 
< 
<  ccf833b8b4fa5243
<  a  b  c  d  e  f  g  h  i  j  k  
< 1\.  .  .  .  W  W  .  .  .  .  .\1
<  2\.  .  .  W  .  .  W  B  .  B  .\2
<   3\.  .  W  .  .  .  B  W  W  W  .\3
<    4\.  .  W  .  .  .  B  B  B  .  .\4
<     5\.  .  .  .  .  .  .  .  W  .  .\5
<      6\.  .  .  .  .  B  W  .  .  B  .\6
<       7\.  .  .  .  B  B  B  .  .  .  .\7
<        8\.  .  .  .  .  .  W  .  .  B  .\8
<         9\.  .  .  .  B  .  .  .  .  .  .\9
<         10\.  .  .  .  .  .  B  .  .  .  .\10
<          11\.  .  .  .  W  .  .  .  .  .  .\11
<              a  b  c  d  e  f  g  h  i  j  k  
<
>play w g5
<= 
<
>showboard
<= 
< 
<  c494870498df3b9a
<  a  b  c  d  e  f  g  h  i  j  k  
< 1\.  .  .  .  W  W  .  .  .  .  .\1
<  2\.  .  .  W  .  .  W  B  .  B  .\2
<   3\.  .  W  .  .  .  B  W  W  W  .\3
<    4\.  .  W  .  .  .  B  B  B  .  .\4
<     5\.  .  .  .  .  .  W  .  W  .  .\5
<      6\.  .  .  .  .  B  W  .  .  B  .\6
<       7\.  .  .  .  B  B  B  .  .  .  .\7
<        8\.  .  .  .  .  .  W  .  .  B  .\8
<         9\.  .  .  .  B  .  .  .  .  .  .\9
<         10\.  .  .  .  .  .  B  .  .  .  .\10
<          11\.  .  .  .  W  .  .  .  .  .  .\11
<              a  b  c  d  e  f  g  h  i  j  k  
<
>genmove b
<= f5
<
>showboard
b7627 info: PlayAndSolve: Building VCs to avoid race condition.
b7627 info: PlayAndSolve: Continuing on as usual.
f7fe6 info: *** PlayerThread ***
ffff6 info: *** SolverThread ***
f7fe6 info: Winning SC.
f7fe6 info: *** Player move: f5
ffff6 info: 
MID calls      0
VC builds      1
Terminal       1
Work           1
Wasted Work    0 (0%)
Elapsed Time   0.008361
MIDs/sec       0
VCs/sec        119.603
Cnt prune sib  0
Avg prune sib  -
Consider Size  -
Move Index     -
Move Percent   -
Delta Increase -
Winner         black
PV             

HashTableStatistics:
Stores         510
LookupAttempt  52405
LookupSuccess  3213
Collisions     0

<= 
< 
<  2b18ee722ec46263
<  a  b  c  d  e  f  g  h  i  j  k  
< 1\.  .  .  .  W  W  .  .  .  .  .\1
<  2\.  .  .  W  .  .  W  B  .  B  .\2
<   3\.  .  W  .  .  .  B  W  W  W  .\3
<    4\.  .  W  .  .  .  B  B  B  .  .\4
<     5\.  .  .  .  .  B  W  .  W  .  .\5
<      6\.  .  .  .  .  B  W  .  .  B  .\6
<       7\.  .  .  .  B  B  B  .  .  .  .\7
<        8\.  .  .  .  .  .  W  .  .  B  .\8
<         9\.  .  .  .  B  .  .  .  .  .  .\9
<         10\.  .  .  .  .  .  B  .  .  .  .\10
<          11\.  .  .  .  W  .  .  .  .  .  .\11
<              a  b  c  d  e  f  g  h  i  j  k  
<
>play w f10
<= 
<
>showboard
<= 
< 
<  95c014e9008dc6e6
<  a  b  c  d  e  f  g  h  i  j  k  
< 1\.  .  .  .  W  W  .  .  .  .  .\1
<  2\.  .  .  W  .  .  W  B  .  B  .\2
<   3\.  .  W  .  .  .  B  W  W  W  .\3
<    4\.  .  W  .  .  .  B  B  B  .  .\4
<     5\.  .  .  .  .  B  W  .  W  .  .\5
<      6\.  .  .  .  .  B  W  .  .  B  .\6
<       7\.  .  .  .  B  B  B  .  .  .  .\7
<        8\.  .  .  .  .  .  W  .  .  B  .\8
<         9\.  .  .  .  B  .  .  .  .  .  .\9
<         10\.  .  .  .  .  W  B  .  .  .  .\10
<          11\.  .  .  .  W  .  .  .  .  .  .\11
<              a  b  c  d  e  f  g  h  i  j  k  
<
>genmove b
<= d10
<
>showboard
b7627 info: PlayAndSolve: Building VCs to avoid race condition.
b7627 info: PlayAndSolve: Continuing on as usual.
ffff6 info: *** PlayerThread ***
f7fe6 info: *** SolverThread ***
ffff6 info: Winning SC.
ffff6 info: *** Player move: d10
f7fe6 info: 
MID calls      0
VC builds      1
Terminal       1
Work           1
Wasted Work    0 (0%)
Elapsed Time   0.007835
MIDs/sec       0
VCs/sec        127.632
Cnt prune sib  0
Avg prune sib  -
Consider Size  -
Move Index     -
Move Percent   -
Delta Increase -
Winner         black
PV             

HashTableStatistics:
Stores         511
LookupAttempt  52411
LookupSuccess  3216
Collisions     0

<= 
< 
<  830882b5fe216381
<  a  b  c  d  e  f  g  h  i  j  k  
< 1\.  .  .  .  W  W  .  .  .  .  .\1
<  2\.  .  .  W  .  .  W  B  .  B  .\2
<   3\.  .  W  .  .  .  B  W  W  W  .\3
<    4\.  .  W  .  .  .  B  B  B  .  .\4
<     5\.  .  .  .  .  B  W  .  W  .  .\5
<      6\.  .  .  .  .  B  W  .  .  B  .\6
<       7\.  .  .  .  B  B  B  .  .  .  .\7
<        8\.  .  .  .  .  .  W  .  .  B  .\8
<         9\.  .  .  .  B  .  .  .  .  .  .\9
<         10\.  .  .  B  .  W  B  .  .  .  .\10
<          11\.  .  .  .  W  .  .  .  .  .  .\11
<              a  b  c  d  e  f  g  h  i  j  k  
<
>play w e8
<= 
<
>showboard
<= 
< 
<  73396ef828512d46
<  a  b  c  d  e  f  g  h  i  j  k  
< 1\.  .  .  .  W  W  .  .  .  .  .\1
<  2\.  .  .  W  .  .  W  B  .  B  .\2
<   3\.  .  W  .  .  .  B  W  W  W  .\3
<    4\.  .  W  .  .  .  B  B  B  .  .\4
<     5\.  .  .  .  .  B  W  .  W  .  .\5
<      6\.  .  .  .  .  B  W  .  .  B  .\6
<       7\.  .  .  .  B  B  B  .  .  .  .\7
<        8\.  .  .  .  W  .  W  .  .  B  .\8
<         9\.  .  .  .  B  .  .  .  .  .  .\9
<         10\.  .  .  B  .  W  B  .  .  .  .\10
<          11\.  .  .  .  W  .  .  .  .  .  .\11
<              a  b  c  d  e  f  g  h  i  j  k  
<
>genmove b
<= f8
<
>showboard
b7627 info: PlayAndSolve: Building VCs to avoid race condition.
b7627 info: PlayAndSolve: Continuing on as usual.
f7fe6 info: *** PlayerThread ***
ffff6 info: *** SolverThread ***
f7fe6 info: Winning SC.
f7fe6 info: *** Player move: f8
ffff6 info: 
MID calls      0
VC builds      1
Terminal       1
Work           1
Wasted Work    0 (0%)
Elapsed Time   0.006313
MIDs/sec       0
VCs/sec        158.403
Cnt prune sib  0
Avg prune sib  -
Consider Size  -
Move Index     -
Move Percent   -
Delta Increase -
Winner         black
PV             

HashTableStatistics:
Stores         512
LookupAttempt  52417
LookupSuccess  3219
Collisions     0

<= 
< 
<  cafadb5ae3b58648
<  a  b  c  d  e  f  g  h  i  j  k  
< 1\.  .  .  .  W  W  .  .  .  .  .\1
<  2\.  .  .  W  .  .  W  B  .  B  .\2
<   3\.  .  W  .  .  .  B  W  W  W  .\3
<    4\.  .  W  .  .  .  B  B  B  .  .\4
<     5\.  .  .  .  .  B  W  .  W  .  .\5
<      6\.  .  .  .  .  B  W  .  .  B  .\6
<       7\.  .  .  .  B  B  B  .  .  .  .\7
<        8\.  .  .  .  W  B  W  .  .  B  .\8
<         9\.  .  .  .  B  .  .  .  .  .  .\9
<         10\.  .  .  B  .  W  B  .  .  .  .\10
<          11\.  .  .  .  W  .  .  .  .  .  .\11
<              a  b  c  d  e  f  g  h  i  j  k  
<
>play w c11
<= 
<
>showboard
<= 
< 
<  be4ecfc295f8c6e3
<  a  b  c  d  e  f  g  h  i  j  k  
< 1\.  .  .  .  W  W  .  .  .  .  .\1
<  2\.  .  .  W  .  .  W  B  .  B  .\2
<   3\.  .  W  .  .  .  B  W  W  W  .\3
<    4\.  .  W  .  .  .  B  B  B  .  .\4
<     5\.  .  .  .  .  B  W  .  W  .  .\5
<      6\.  .  .  .  .  B  W  .  .  B  .\6
<       7\.  .  .  .  B  B  B  .  .  .  .\7
<        8\.  .  .  .  W  B  W  .  .  B  .\8
<         9\.  .  .  .  B  .  .  .  .  .  .\9
<         10\.  .  .  B  .  W  B  .  .  .  .\10
<          11\.  .  W  .  W  .  .  .  .  .  .\11
<              a  b  c  d  e  f  g  h  i  j  k  
<
>genmove b
<= d11
<
>showboard
b7627 info: PlayAndSolve: Building VCs to avoid race condition.
b7627 info: PlayAndSolve: Continuing on as usual.
ffff6 info: *** PlayerThread ***
f7fe6 info: *** SolverThread ***
ffff6 info: Winning SC.
ffff6 info: *** Player move: d11
f7fe6 info: 
MID calls      0
VC builds      1
Terminal       1
Work           1
Wasted Work    0 (0%)
Elapsed Time   0.006383
MIDs/sec       0
VCs/sec        156.666
Cnt prune sib  0
Avg prune sib  -
Consider Size  -
Move Index     -
Move Percent   -
Delta Increase -
Winner         black
PV             

HashTableStatistics:
Stores         513
LookupAttempt  52423
LookupSuccess  3222
Collisions     0

<= 
< 
<  ee45109dcbe3db01
<  a  b  c  d  e  f  g  h  i  j  k  
< 1\.  .  .  .  W  W  .  .  .  .  .\1
<  2\.  .  .  W  .  .  W  B  .  B  .\2
<   3\.  .  W  .  .  .  B  W  W  W  .\3
<    4\.  .  W  .  .  .  B  B  B  .  .\4
<     5\.  .  .  .  .  B  W  .  W  .  .\5
<      6\.  .  .  .  .  B  W  .  .  B  .\6
<       7\.  .  .  .  B  B  B  .  .  .  .\7
<        8\.  .  .  .  W  B  W  .  .  B  .\8
<         9\.  .  .  .  B  .  .  .  .  .  .\9
<         10\.  .  .  B  .  W  B  .  .  .  .\10
<          11\.  .  W  B  W  .  .  .  .  .  .\11
<              a  b  c  d  e  f  g  h  i  j  k  
<
>play w i1
<= 
<
>showboard
<= 
< 
<  8630d669a7be3a34
<  a  b  c  d  e  f  g  h  i  j  k  
< 1\.  .  .  .  W  W  .  .  W  .  .\1
<  2\.  .  .  W  .  .  W  B  .  B  .\2
<   3\.  .  W  .  .  .  B  W  W  W  .\3
<    4\.  .  W  .  .  .  B  B  B  .  .\4
<     5\.  .  .  .  .  B  W  .  W  .  .\5
<      6\.  .  .  .  .  B  W  .  .  B  .\6
<       7\.  .  .  .  B  B  B  .  .  .  .\7
<        8\.  .  .  .  W  B  W  .  .  B  .\8
<         9\.  .  .  .  B  .  .  .  .  .  .\9
<         10\.  .  .  B  .  W  B  .  .  .  .\10
<          11\.  .  W  B  W  .  .  .  .  .  .\11
<              a  b  c  d  e  f  g  h  i  j  k  
<
>genmove b
<= h1
<
>showboard
b7627 info: PlayAndSolve: Building VCs to avoid race condition.
b7627 info: PlayAndSolve: Continuing on as usual.
f7fe6 info: *** PlayerThread ***
ffff6 info: *** SolverThread ***
f7fe6 info: Captured cells caused win! Removing...
ffff6 info: 
MID calls      0
VC builds      1
Terminal       1
Work           1
Wasted Work    0 (0%)
Elapsed Time   0.002857
MIDs/sec       0
VCs/sec        350.018
Cnt prune sib  0
Avg prune sib  -
Consider Size  -
Move Index     -
Move Percent   -
Delta Increase -
Winner         black
PV             

HashTableStatistics:
Stores         514
LookupAttempt  52429
LookupSuccess  3225
Collisions     0

f7fe6 info: Winning SC.
f7fe6 info: *** Player move: h1
<= 
< 
<  5732881a032eb7fb
<  a  b  c  d  e  f  g  h  i  j  k  
< 1\.  .  .  .  W  W  .  B  W  .  .\1
<  2\.  .  .  W  .  .  W  B  .  B  .\2
<   3\.  .  W  .  .  .  B  W  W  W  .\3
<    4\.  .  W  .  .  .  B  B  B  .  .\4
<     5\.  .  .  .  .  B  W  .  W  .  .\5
<      6\.  .  .  .  .  B  W  .  .  B  .\6
<       7\.  .  .  .  B  B  B  .  .  .  .\7
<        8\.  .  .  .  W  B  W  .  .  B  .\8
<         9\.  .  .  .  B  .  .  .  .  .  .\9
<         10\.  .  .  B  .  W  B  .  .  .  .\10
<          11\.  .  W  B  W  .  .  .  .  .  .\11
<              a  b  c  d  e  f  g  h  i  j  k  
<
>play w resign
<= 
<
>showboard
<= 
< 
<  5732881a032eb7fb
<  a  b  c  d  e  f  g  h  i  j  k  
< 1\.  .  .  .  W  W  .  B  W  .  .\1
<  2\.  .  .  W  .  .  W  B  .  B  .\2
<   3\.  .  W  .  .  .  B  W  W  W  .\3
<    4\.  .  W  .  .  .  B  B  B  .  .\4
<     5\.  .  .  .  .  B  W  .  W  .  .\5
<      6\.  .  .  .  .  B  W  .  .  B  .\6
<       7\.  .  .  .  B  B  B  .  .  .  .\7
<        8\.  .  .  .  W  B  W  .  .  B  .\8
<         9\.  .  .  .  B  .  .  .  .  .  .\9
<         10\.  .  .  B  .  W  B  .  .  .  .\10
<          11\.  .  W  B  W  .  .  .  .  .  .\11
<              a  b  c  d  e  f  g  h  i  j  k  
<
>final_score
<= B+
<
>quit
<= 
<
