a73b7 config: MoHex v2.0.CMake Mar 21 2025.
a73b7 config: ============ InitializeSystem ============
a73b7 config: BenzeneProgram::InitRandom()
a73b7 config: Seed = 174008
a73b7 info: Prior Patterns:
a73b7 info: Global:
a73b7 info: Size            = 565 32648 
a73b7 info: TableEntries    = 65932 65910
a73b7 info: MirrorsAdded    = 0 0
a73b7 info: PrunableCount   = 30593 30629
a73b7 info: LargestGamma    = 5820.77
a73b7 info: SmallestGamma   = 6.6e-05
a73b7 info: Local:
a73b7 info: Size            = 550 5318 
a73b7 info: TableEntries    = 11602 11588
a73b7 info: MirrorsAdded    = 0 0
a73b7 info: PrunableCount   = 3659 3667
a73b7 info: LargestGamma    = 11281.8
a73b7 info: SmallestGamma   = 0.026235
a73b7 info: Playout Patterns:
a73b7 info: Global:
a73b7 info: Size            = 565 32648 
a73b7 info: TableEntries    = 70329 70329
a73b7 info: MirrorsAdded    = 4397 4419
a73b7 info: PrunableCount   = 30593 30629
a73b7 info: LargestGamma    = 5820.77
a73b7 info: SmallestGamma   = 6.6e-05
a73b7 info: Local:
a73b7 info: Size            = 550 5318 
a73b7 info: TableEntries    = 11602 11588
a73b7 info: MirrorsAdded    = 0 0
a73b7 info: PrunableCount   = 3659 3667
a73b7 info: LargestGamma    = 11281.8
a73b7 info: SmallestGamma   = 0.026235
a73b7 config: IcePatternSet: reading from '/home/linus/MoHex2.0/nfbranchfix/benzene-vanilla-cmake/share/ice-patterns.txt'.
a73b7 config: IcePatternSet: parsed 708 patterns.
a73b7 config: VCS: reading captured set patterns from '/home/linus/MoHex2.0/nfbranchfix/benzene-vanilla-cmake/share/vc-captured-set.txt'.
a73b7 config: VCS:: parsed 2 patterns.
a73b7 config: VCS: reading captured set patterns from '/home/linus/MoHex2.0/nfbranchfix/benzene-vanilla-cmake/share/vc-captured-set.txt'.
a73b7 config: VCS:: parsed 2 patterns.
a73b7 config: IcePatternSet: reading from '/home/linus/MoHex2.0/nfbranchfix/benzene-vanilla-cmake/share/ice-patterns.txt'.
a73b7 config: IcePatternSet: parsed 708 patterns.
a73b7 config: VCS: reading captured set patterns from '/home/linus/MoHex2.0/nfbranchfix/benzene-vanilla-cmake/share/vc-captured-set.txt'.
a73b7 config: VCS:: parsed 2 patterns.
a73b7 config: VCS: reading captured set patterns from '/home/linus/MoHex2.0/nfbranchfix/benzene-vanilla-cmake/share/vc-captured-set.txt'.
a73b7 config: VCS:: parsed 2 patterns.
a73b7 config: VCS: reading captured set patterns from '/home/linus/MoHex2.0/nfbranchfix/benzene-vanilla-cmake/share/vc-captured-set.txt'.
a73b7 config: VCS:: parsed 2 patterns.
a73b7 config: VCS: reading captured set patterns from '/home/linus/MoHex2.0/nfbranchfix/benzene-vanilla-cmake/share/vc-captured-set.txt'.
a73b7 config: VCS:: parsed 2 patterns.
a73b7 config: VCS: reading captured set patterns from '/home/linus/MoHex2.0/nfbranchfix/benzene-vanilla-cmake/share/vc-captured-set.txt'.
a73b7 config: VCS:: parsed 2 patterns.
a73b7 config: VCS: reading captured set patterns from '/home/linus/MoHex2.0/nfbranchfix/benzene-vanilla-cmake/share/vc-captured-set.txt'.
a73b7 config: VCS:: parsed 2 patterns.
a73b7 info: SwapCheck: reading from '/home/linus/MoHex2.0/nfbranchfix/benzene-vanilla-cmake/share/swap-moves.txt'.
a73b7 info: SwapCheck: playing swap.
a73b7 config: VCPattern: loading pattern templates from '/home/linus/MoHex2.0/nfbranchfix/benzene-vanilla-cmake/share/vc-patterns.txt'.
a73b7 info: Best move cannot be determined, must search state.
a73b7 info: --- MoHexPlayer::Search() ---
a73b7 info: Color: black
a73b7 info: MaxGames: 1
a73b7 info: NumberThreads: 1
a73b7 info: MaxNodes: 181818181 (15999999928 bytes)
a73b7 info: TimeForMove: 1
a73b7 info: PreSearch: max time reached (68/89).
a73b7 info: Time for PreSearch: 0.201052s
a73b7 info: 
  a6cba2f105575fc8
  a  b  c  d  e  f  g  h  i  j  k  
 1\.  .  .  .  .  .  .  .  .  .  .\1
  2\.  .  *  *  *  *  *  W  *  *  *\2
   3\.  *  *  *  *  *  *  *  *  *  *\3
    4\*  *  *  *  *  *  *  *  *  *  *\4
     5\*  *  *  *  *  *  *  *  *  *  *\5
      6\*  *  *  *  *  *  *  *  *  *  *\6
       7\*  *  *  *  *  *  *  *  *  *  *\7
        8\*  *  *  *  *  *  *  *  *  *  *\8
         9\*  *  *  *  *  *  *  *  *  .  .\9
         10\*  *  *  *  *  *  *  .  B  b  b\10
          11\.  .  .  .  .  .  b  b  b  b  b\11
              a  b  c  d  e  f  g  h  i  j  k  
a73b7 info: No subtree to reuse.
a73b7 info: Creating thread 0
a73b7 info: StartSearch()[0]
a73b7 config: VCS: reading captured set patterns from '/home/linus/MoHex2.0/nfbranchfix/benzene-vanilla-cmake/share/vc-captured-set.txt'.
a73b7 config: VCS:: parsed 2 patterns.
a73b7 config: VCS: reading captured set patterns from '/home/linus/MoHex2.0/nfbranchfix/benzene-vanilla-cmake/share/vc-captured-set.txt'.
a73b7 config: VCS:: parsed 2 patterns.
a73b7 info: 
Elapsed Time   0.349882s
Count          1
GamesPlayed    1
Nodes          1
Knowledge      0 (0.0%)
Expansions     0.0
Time           0.00
GameLen        112.0 dev=0.0 min=112.0 max=112.0
InTree         0.0 dev=0.0 min=0.0 max=0.0
KnowDepth      -
Aborted        0%
Games/s        417.4
Score          1.00
Sequence      
a73b7 info: 
a73b7 warning: **** MoHexSearch returned empty sequence!
a73b7 warning: **** Returning random move!
a73b7 info: Best move cannot be determined, must search state.
a73b7 info: --- MoHexPlayer::Search() ---
a73b7 info: Color: black
a73b7 info: MaxGames: 1
a73b7 info: NumberThreads: 1
a73b7 info: MaxNodes: 181818181 (15999999928 bytes)
a73b7 info: TimeForMove: 1
a73b7 info: PreSearch: max time reached (73/86).
a73b7 info: Time for PreSearch: 0.202209s
a73b7 info: 
  0424947b5560a92f
  a  b  c  d  e  f  g  h  i  j  k  
 1\.  .  .  .  .  .  .  .  .  .  .\1
  2\.  .  *  *  *  *  *  W  *  *  *\2
   3\.  *  *  *  *  *  *  *  *  *  .\3
    4\*  *  *  *  *  *  *  *  *  B  .\4
     5\*  *  *  *  *  *  *  *  *  *  *\5
      6\*  *  *  *  *  *  *  *  *  *  *\6
       7\*  *  *  *  *  *  *  *  *  *  *\7
        8\*  *  *  *  *  *  *  *  *  *  *\8
         9\*  *  *  *  *  *  *  *  *  .  .\9
         10\*  *  *  *  *  *  *  .  B  b  b\10
          11\.  .  .  .  W  .  b  b  b  b  b\11
              a  b  c  d  e  f  g  h  i  j  k  
a73b7 info: Old: [black, i10] [white, swap-pieces] [white, h2] 
a73b7 info: New: [black, i10] [white, swap-pieces] [white, h2] [black, j4] [white, e11] 
a73b7 info: MovesPlayed: [black, j4] [white, e11] 
a73b7 info: No subtree to reuse.
a73b7 info: StartSearch()[0]
a73b7 info: 
Elapsed Time   0.345003s
Count          1
GamesPlayed    1
Nodes          1
Knowledge      0 (0.0%)
Expansions     0.0
Time           0.00
GameLen        110.0 dev=0.0 min=110.0 max=110.0
InTree         0.0 dev=0.0 min=0.0 max=0.0
KnowDepth      -
Aborted        0%
Games/s        3144.7
Score          0.00
Sequence      
a73b7 info: 
a73b7 warning: **** MoHexSearch returned empty sequence!
a73b7 warning: **** Returning random move!
a73b7 info: Best move cannot be determined, must search state.
a73b7 info: --- MoHexPlayer::Search() ---
a73b7 info: Color: black
a73b7 info: MaxGames: 1
a73b7 info: NumberThreads: 1
a73b7 info: MaxNodes: 181818181 (15999999928 bytes)
a73b7 info: TimeForMove: 1
a73b7 info: PreSearch: max time reached (66/83).
a73b7 info: Time for PreSearch: 0.202499s
a73b7 info: 
  0baa7f9716418303
  a  b  c  d  e  f  g  h  i  j  k  
 1\.  .  .  .  .  .  .  .  .  .  .\1
  2\.  .  *  *  .  *  *  W  *  *  *\2
   3\.  *  *  B  *  *  *  *  *  *  .\3
    4\*  *  *  *  *  *  *  *  *  B  .\4
     5\*  *  *  *  *  *  *  *  *  *  *\5
      6\*  *  *  *  *  *  *  *  *  *  *\6
       7\*  *  *  *  *  *  *  *  *  *  *\7
        8\*  *  *  *  *  *  *  W  *  *  *\8
         9\*  *  *  *  *  *  *  *  *  .  .\9
         10\*  *  *  *  *  *  *  .  B  b  b\10
          11\.  .  .  .  W  .  b  b  b  b  b\11
              a  b  c  d  e  f  g  h  i  j  k  
a73b7 info: Old: [black, i10] [white, swap-pieces] [white, h2] [black, j4] [white, e11] 
a73b7 info: New: [black, i10] [white, swap-pieces] [white, h2] [black, j4] [white, e11] [black, d3] [white, h8] 
a73b7 info: MovesPlayed: [black, d3] [white, h8] 
a73b7 info: No subtree to reuse.
a73b7 info: StartSearch()[0]
a73b7 info: 
Elapsed Time   0.352646s
Count          1
GamesPlayed    1
Nodes          1
Knowledge      0 (0.0%)
Expansions     0.0
Time           0.00
GameLen        108.0 dev=0.0 min=108.0 max=108.0
InTree         0.0 dev=0.0 min=0.0 max=0.0
KnowDepth      -
Aborted        0%
Games/s        3076.9
Score          0.00
Sequence      
a73b7 info: 
a73b7 warning: **** MoHexSearch returned empty sequence!
a73b7 warning: **** Returning random move!
a73b7 info: Best move cannot be determined, must search state.
a73b7 info: --- MoHexPlayer::Search() ---
a73b7 info: Color: black
a73b7 info: MaxGames: 1
a73b7 info: NumberThreads: 1
a73b7 info: MaxNodes: 181818181 (15999999928 bytes)
a73b7 info: TimeForMove: 1
a73b7 info: PreSearch: max time reached (61/77).
a73b7 info: Time for PreSearch: 0.203629s
a73b7 info: 
  5f8359a014bc059a
  a  b  c  d  e  f  g  h  i  j  k  
 1\.  .  .  .  .  .  .  .  .  .  .\1
  2\.  .  *  *  .  *  *  W  *  *  *\2
   3\.  *  *  B  *  *  *  *  *  *  .\3
    4\*  *  *  *  *  *  *  *  *  B  .\4
     5\*  *  B  *  *  *  *  *  *  *  *\5
      6\*  *  *  *  *  *  *  *  *  *  *\6
       7\*  *  *  *  *  *  *  *  *  *  *\7
        8\.  *  *  *  *  *  *  W  *  *  *\8
         9\w  .  *  *  *  *  *  *  *  .  .\9
         10\w  W  *  *  *  *  *  .  B  b  b\10
          11\w  .  .  .  W  .  b  b  b  b  b\11
              a  b  c  d  e  f  g  h  i  j  k  
a73b7 info: Old: [black, i10] [white, swap-pieces] [white, h2] [black, j4] [white, e11] [black, d3] [white, h8] 
a73b7 info: New: [black, i10] [white, swap-pieces] [white, h2] [black, j4] [white, e11] [black, d3] [white, h8] [black, c5] [white, b10] 
a73b7 info: MovesPlayed: [black, c5] [white, b10] 
a73b7 info: No subtree to reuse.
a73b7 info: StartSearch()[0]
a73b7 info: 
Elapsed Time   0.419113s
Count          1
GamesPlayed    1
Nodes          1
Knowledge      0 (0.0%)
Expansions     0.0
Time           0.00
GameLen        103.0 dev=0.0 min=103.0 max=103.0
InTree         0.0 dev=0.0 min=0.0 max=0.0
KnowDepth      -
Aborted        0%
Games/s        3484.3
Score          1.00
Sequence      
a73b7 info: 
a73b7 warning: **** MoHexSearch returned empty sequence!
a73b7 warning: **** Returning random move!
a73b7 info: Best move cannot be determined, must search state.
a73b7 info: --- MoHexPlayer::Search() ---
a73b7 info: Color: black
a73b7 info: MaxGames: 1
a73b7 info: NumberThreads: 1
a73b7 info: MaxNodes: 181818181 (15999999928 bytes)
a73b7 info: TimeForMove: 1
a73b7 info: PreSearch: max time reached (71/75).
a73b7 info: Time for PreSearch: 0.201855s
a73b7 info: 
  f328974cc0521177
  a  b  c  d  e  f  g  h  i  j  k  
 1\.  .  .  .  .  .  .  .  .  .  .\1
  2\.  .  *  *  .  *  *  W  *  *  *\2
   3\.  *  *  B  *  *  *  *  *  *  .\3
    4\*  *  W  *  *  *  *  *  *  B  .\4
     5\*  *  B  *  *  *  *  *  *  *  *\5
      6\*  *  *  *  *  *  *  *  *  *  B\6
       7\*  *  *  *  *  *  *  *  *  *  *\7
        8\.  *  *  *  *  *  *  W  *  *  *\8
         9\w  .  *  *  *  *  *  *  *  .  .\9
         10\w  W  *  *  *  *  *  .  B  b  b\10
          11\w  .  .  .  W  .  b  b  b  b  b\11
              a  b  c  d  e  f  g  h  i  j  k  
a73b7 info: Old: [black, i10] [white, swap-pieces] [white, h2] [black, j4] [white, e11] [black, d3] [white, h8] [black, c5] [white, b10] 
a73b7 info: New: [black, i10] [white, swap-pieces] [white, h2] [black, j4] [white, e11] [black, d3] [white, h8] [black, c5] [white, b10] [black, k6] [white, c4] 
a73b7 info: MovesPlayed: [black, k6] [white, c4] 
a73b7 info: No subtree to reuse.
a73b7 info: StartSearch()[0]
a73b7 info: 
Elapsed Time   0.346825s
Count          1
GamesPlayed    1
Nodes          1
Knowledge      0 (0.0%)
Expansions     0.0
Time           0.00
GameLen        101.0 dev=0.0 min=101.0 max=101.0
InTree         0.0 dev=0.0 min=0.0 max=0.0
KnowDepth      -
Aborted        0%
Games/s        3571.4
Score          0.00
Sequence      
a73b7 info: 
a73b7 warning: **** MoHexSearch returned empty sequence!
a73b7 warning: **** Returning random move!
a73b7 info: Best move cannot be determined, must search state.
a73b7 info: --- MoHexPlayer::Search() ---
a73b7 info: Color: black
a73b7 info: MaxGames: 1
a73b7 info: NumberThreads: 1
a73b7 info: MaxNodes: 181818181 (15999999928 bytes)
a73b7 info: TimeForMove: 1
a73b7 info: Time for PreSearch: 0.196754s
a73b7 info: 
  508bb29f021e965d
  a  b  c  d  e  f  g  h  i  j  k  
 1\.  .  .  .  .  .  .  .  .  .  .\1
  2\.  .  *  *  .  *  *  W  *  *  *\2
   3\.  *  *  B  *  *  *  *  *  *  .\3
    4\*  *  W  *  *  *  *  *  *  B  w\4
     5\*  *  B  *  *  *  *  *  *  *  w\5
      6\*  *  *  *  *  *  *  *  *  B  B\6
       7\*  *  *  *  *  *  *  *  *  .  .\7
        8\.  *  *  *  *  *  *  W  *  *  *\8
         9\w  .  *  W  *  *  *  *  *  .  .\9
         10\w  W  *  *  *  *  *  .  B  b  b\10
          11\w  .  .  .  W  .  b  b  b  b  b\11
              a  b  c  d  e  f  g  h  i  j  k  
a73b7 info: Old: [black, i10] [white, swap-pieces] [white, h2] [black, j4] [white, e11] [black, d3] [white, h8] [black, c5] [white, b10] [black, k6] [white, c4] 
a73b7 info: New: [black, i10] [white, swap-pieces] [white, h2] [black, j4] [white, e11] [black, d3] [white, h8] [black, c5] [white, b10] [black, k6] [white, c4] [black, j6] [white, d9] 
a73b7 info: MovesPlayed: [black, j6] [white, d9] 
a73b7 info: No subtree to reuse.
a73b7 info: StartSearch()[0]
a73b7 info: 
Elapsed Time   0.359791s
Count          1
GamesPlayed    1
Nodes          1
Knowledge      0 (0.0%)
Expansions     0.0
Time           0.00
GameLen        97.0 dev=0.0 min=97.0 max=97.0
InTree         0.0 dev=0.0 min=0.0 max=0.0
KnowDepth      -
Aborted        0%
Games/s        3521.1
Score          0.00
Sequence      
a73b7 info: 
a73b7 warning: **** MoHexSearch returned empty sequence!
a73b7 warning: **** Returning random move!
a73b7 info: Best move cannot be determined, must search state.
a73b7 info: --- MoHexPlayer::Search() ---
a73b7 info: Color: black
a73b7 info: MaxGames: 1
a73b7 info: NumberThreads: 1
a73b7 info: MaxNodes: 181818181 (15999999928 bytes)
a73b7 info: TimeForMove: 1
a73b7 info: Time for PreSearch: 0.17889s
a73b7 info: 
  dac6d7a55afac3df
  a  b  c  d  e  f  g  h  i  j  k  
 1\.  .  .  .  .  .  .  .  .  .  .\1
  2\.  .  *  *  .  *  *  W  *  *  *\2
   3\.  *  *  B  *  *  *  *  *  *  .\3
    4\*  *  W  *  *  *  *  *  *  B  w\4
     5\*  *  B  *  *  *  *  *  *  *  w\5
      6\.  *  *  *  *  *  *  *  *  B  B\6
       7\w  .  *  *  *  *  *  *  *  .  .\7
        8\w  W  *  *  *  *  *  W  *  *  *\8
         9\w  b  .  W  *  *  *  *  *  .  .\9
         10\w  W  *  *  *  *  *  .  B  b  b\10
          11\w  B  .  .  W  .  b  b  b  b  b\11
              a  b  c  d  e  f  g  h  i  j  k  
a73b7 info: Old: [black, i10] [white, swap-pieces] [white, h2] [black, j4] [white, e11] [black, d3] [white, h8] [black, c5] [white, b10] [black, k6] [white, c4] [black, j6] [white, d9] 
a73b7 info: New: [black, i10] [white, swap-pieces] [white, h2] [black, j4] [white, e11] [black, d3] [white, h8] [black, c5] [white, b10] [black, k6] [white, c4] [black, j6] [white, d9] [black, b11] [white, b8] 
a73b7 info: MovesPlayed: [black, b11] [white, b8] 
a73b7 info: No subtree to reuse.
a73b7 info: StartSearch()[0]
a73b7 info: 
Elapsed Time   0.321021s
Count          1
GamesPlayed    1
Nodes          1
Knowledge      0 (0.0%)
Expansions     0.0
Time           0.00
GameLen        92.0 dev=0.0 min=92.0 max=92.0
InTree         0.0 dev=0.0 min=0.0 max=0.0
KnowDepth      -
Aborted        0%
Games/s        3787.9
Score          1.00
Sequence      
a73b7 info: 
a73b7 warning: **** MoHexSearch returned empty sequence!
a73b7 warning: **** Returning random move!
a73b7 info: Best move cannot be determined, must search state.
a73b7 info: --- MoHexPlayer::Search() ---
a73b7 info: Color: black
a73b7 info: MaxGames: 1
a73b7 info: NumberThreads: 1
a73b7 info: MaxNodes: 181818181 (15999999928 bytes)
a73b7 info: TimeForMove: 1
a73b7 info: Time for PreSearch: 0.150866s
a73b7 info: 
  407011ede064288c
  a  b  c  d  e  f  g  h  i  j  k  
 1\.  .  .  .  .  .  .  .  .  .  .\1
  2\.  .  *  *  .  *  *  W  *  *  *\2
   3\.  *  *  B  *  *  *  *  *  *  .\3
    4\*  *  W  *  *  *  *  *  *  B  w\4
     5\.  B  B  *  *  *  *  *  *  *  w\5
      6\w  w  *  *  *  *  *  *  *  B  B\6
       7\w  w  *  *  *  *  *  *  *  .  .\7
        8\w  W  .  *  *  *  *  W  *  *  *\8
         9\w  b  w  W  *  *  *  *  *  .  .\9
         10\w  W  w  .  W  *  *  .  B  b  b\10
          11\w  B  b  b  W  .  b  b  b  b  b\11
              a  b  c  d  e  f  g  h  i  j  k  
a73b7 info: Old: [black, i10] [white, swap-pieces] [white, h2] [black, j4] [white, e11] [black, d3] [white, h8] [black, c5] [white, b10] [black, k6] [white, c4] [black, j6] [white, d9] [black, b11] [white, b8] 
a73b7 info: New: [black, i10] [white, swap-pieces] [white, h2] [black, j4] [white, e11] [black, d3] [white, h8] [black, c5] [white, b10] [black, k6] [white, c4] [black, j6] [white, d9] [black, b11] [white, b8] [black, b5] [white, e10] 
a73b7 info: MovesPlayed: [black, b5] [white, e10] 
a73b7 info: No subtree to reuse.
a73b7 info: StartSearch()[0]
a73b7 info: 
Elapsed Time   0.290068s
Count          1
GamesPlayed    1
Nodes          1
Knowledge      0 (0.0%)
Expansions     0.0
Time           0.00
GameLen        83.0 dev=0.0 min=83.0 max=83.0
InTree         0.0 dev=0.0 min=0.0 max=0.0
KnowDepth      -
Aborted        0%
Games/s        3816.8
Score          1.00
Sequence      
a73b7 info: 
a73b7 warning: **** MoHexSearch returned empty sequence!
a73b7 warning: **** Returning random move!
a73b7 info: Best move cannot be determined, must search state.
a73b7 info: --- MoHexPlayer::Search() ---
a73b7 info: Color: black
a73b7 info: MaxGames: 1
a73b7 info: NumberThreads: 1
a73b7 info: MaxNodes: 181818181 (15999999928 bytes)
a73b7 info: TimeForMove: 1
a73b7 info: Time for PreSearch: 0.144398s
a73b7 info: 
  380d9664c6685d29
  a  b  c  d  e  f  g  h  i  j  k  
 1\.  .  .  .  .  .  .  .  .  .  .\1
  2\.  .  *  *  .  *  *  W  *  *  *\2
   3\.  *  *  B  *  *  *  *  *  *  .\3
    4\*  *  W  *  *  *  *  *  *  B  w\4
     5\.  B  B  *  *  *  *  *  *  *  w\5
      6\b  b  .  *  *  *  *  *  *  B  B\6
       7\w  w  W  B  *  *  *  *  *  .  .\7
        8\w  W  b  .  *  *  *  W  *  *  *\8
         9\w  b  w  W  *  *  *  *  *  .  .\9
         10\w  W  w  .  W  *  *  .  B  b  b\10
          11\w  B  b  b  W  .  b  b  b  b  b\11
              a  b  c  d  e  f  g  h  i  j  k  
a73b7 info: Old: [black, i10] [white, swap-pieces] [white, h2] [black, j4] [white, e11] [black, d3] [white, h8] [black, c5] [white, b10] [black, k6] [white, c4] [black, j6] [white, d9] [black, b11] [white, b8] [black, b5] [white, e10] 
a73b7 info: New: [black, i10] [white, swap-pieces] [white, h2] [black, j4] [white, e11] [black, d3] [white, h8] [black, c5] [white, b10] [black, k6] [white, c4] [black, j6] [white, d9] [black, b11] [white, b8] [black, b5] [white, e10] [black, d7] [white, c7] 
a73b7 info: MovesPlayed: [black, d7] [white, c7] 
a73b7 info: No subtree to reuse.
a73b7 info: StartSearch()[0]
a73b7 info: 
Elapsed Time   0.286723s
Count          1
GamesPlayed    1
Nodes          1
Knowledge      0 (0.0%)
Expansions     0.0
Time           0.00
GameLen        80.0 dev=0.0 min=80.0 max=80.0
InTree         0.0 dev=0.0 min=0.0 max=0.0
KnowDepth      -
Aborted        0%
Games/s        3745.3
Score          0.00
Sequence      
a73b7 info: 
a73b7 warning: **** MoHexSearch returned empty sequence!
a73b7 warning: **** Returning random move!
a73b7 info: Best move cannot be determined, must search state.
a73b7 info: --- MoHexPlayer::Search() ---
a73b7 info: Color: black
a73b7 info: MaxGames: 1
a73b7 info: NumberThreads: 1
a73b7 info: MaxNodes: 181818181 (15999999928 bytes)
a73b7 info: TimeForMove: 1
a73b7 info: Time for PreSearch: 0.119701s
a73b7 info: 
  40f9fec35e74f024
  a  b  c  d  e  f  g  h  i  j  k  
 1\.  .  W  .  .  .  .  .  .  .  .\1
  2\*  .  *  *  .  *  *  W  *  *  *\2
   3\.  *  *  B  *  *  *  *  *  *  .\3
    4\*  *  W  *  *  *  *  *  *  B  w\4
     5\.  B  B  *  *  *  *  *  *  *  w\5
      6\b  b  .  *  *  *  *  *  *  B  B\6
       7\w  w  W  B  *  *  *  *  .  .  .\7
        8\w  W  b  .  *  *  *  W  B  .  .\8
         9\w  b  w  W  *  *  *  .  .  .  .\9
         10\w  W  w  .  W  *  *  .  B  b  b\10
          11\w  B  b  b  W  .  b  b  b  b  b\11
              a  b  c  d  e  f  g  h  i  j  k  
a73b7 info: Old: [black, i10] [white, swap-pieces] [white, h2] [black, j4] [white, e11] [black, d3] [white, h8] [black, c5] [white, b10] [black, k6] [white, c4] [black, j6] [white, d9] [black, b11] [white, b8] [black, b5] [white, e10] [black, d7] [white, c7] 
a73b7 info: New: [black, i10] [white, swap-pieces] [white, h2] [black, j4] [white, e11] [black, d3] [white, h8] [black, c5] [white, b10] [black, k6] [white, c4] [black, j6] [white, d9] [black, b11] [white, b8] [black, b5] [white, e10] [black, d7] [white, c7] [black, i8] [white, c1] 
a73b7 info: MovesPlayed: [black, i8] [white, c1] 
a73b7 info: No subtree to reuse.
a73b7 info: StartSearch()[0]
a73b7 info: 
Elapsed Time   0.262646s
Count          1
GamesPlayed    1
Nodes          1
Knowledge      0 (0.0%)
Expansions     0.0
Time           0.00
GameLen        78.0 dev=0.0 min=78.0 max=78.0
InTree         0.0 dev=0.0 min=0.0 max=0.0
KnowDepth      -
Aborted        0%
Games/s        3787.9
Score          0.00
Sequence      
a73b7 info: 
a73b7 warning: **** MoHexSearch returned empty sequence!
a73b7 warning: **** Returning random move!
a73b7 info: Best move cannot be determined, must search state.
a73b7 info: --- MoHexPlayer::Search() ---
a73b7 info: Color: black
a73b7 info: MaxGames: 1
a73b7 info: NumberThreads: 1
a73b7 info: MaxNodes: 181818181 (15999999928 bytes)
a73b7 info: TimeForMove: 1
a73b7 info: Time for PreSearch: 0.185834s
a73b7 info: 
  df5f39cae637b9c6
  a  b  c  d  e  f  g  h  i  j  k  
 1\.  .  W  .  .  .  .  .  .  .  .\1
  2\*  .  *  *  .  *  *  W  *  *  *\2
   3\.  *  *  B  *  *  *  *  *  *  .\3
    4\*  *  W  *  *  *  B  *  *  B  w\4
     5\.  B  B  *  *  *  *  *  *  *  w\5
      6\b  b  .  *  W  *  *  *  *  B  B\6
       7\w  w  W  B  *  *  *  *  .  .  .\7
        8\w  W  b  .  *  *  *  W  B  .  .\8
         9\w  b  w  W  *  *  *  .  .  .  .\9
         10\w  W  w  .  W  *  *  .  B  b  b\10
          11\w  B  b  b  W  .  b  b  b  b  b\11
              a  b  c  d  e  f  g  h  i  j  k  
a73b7 info: Old: [black, i10] [white, swap-pieces] [white, h2] [black, j4] [white, e11] [black, d3] [white, h8] [black, c5] [white, b10] [black, k6] [white, c4] [black, j6] [white, d9] [black, b11] [white, b8] [black, b5] [white, e10] [black, d7] [white, c7] [black, i8] [white, c1] 
a73b7 info: New: [black, i10] [white, swap-pieces] [white, h2] [black, j4] [white, e11] [black, d3] [white, h8] [black, c5] [white, b10] [black, k6] [white, c4] [black, j6] [white, d9] [black, b11] [white, b8] [black, b5] [white, e10] [black, d7] [white, c7] [black, i8] [white, c1] [black, g4] [white, e6] 
a73b7 info: MovesPlayed: [black, g4] [white, e6] 
a73b7 info: No subtree to reuse.
a73b7 info: StartSearch()[0]
a73b7 info: 
Elapsed Time   0.496872s
Count          1
GamesPlayed    1
Nodes          1
Knowledge      0 (0.0%)
Expansions     0.0
Time           0.00
GameLen        76.0 dev=0.0 min=76.0 max=76.0
InTree         0.0 dev=0.0 min=0.0 max=0.0
KnowDepth      -
Aborted        0%
Games/s        3597.1
Score          1.00
Sequence      
a73b7 info: 
a73b7 warning: **** MoHexSearch returned empty sequence!
a73b7 warning: **** Returning random move!
a73b7 info: Best move cannot be determined, must search state.
a73b7 info: --- MoHexPlayer::Search() ---
a73b7 info: Color: black
a73b7 info: MaxGames: 1
a73b7 info: NumberThreads: 1
a73b7 info: MaxNodes: 181818181 (15999999928 bytes)
a73b7 info: TimeForMove: 1
a73b7 info: PreSearch: max time reached (40/46).
a73b7 info: Time for PreSearch: 0.204256s
a73b7 info: 
  06b14d889dadeac5
  a  b  c  d  e  f  g  h  i  j  k  
 1\.  .  W  .  .  .  .  .  .  .  .\1
  2\*  .  *  *  .  *  *  W  *  *  *\2
   3\.  *  *  B  *  *  *  *  *  *  .\3
    4\*  *  W  *  *  *  B  *  W  B  w\4
     5\.  B  B  *  *  *  *  *  *  *  w\5
      6\b  b  .  *  W  *  *  *  *  B  B\6
       7\w  w  W  B  *  *  *  *  .  .  .\7
        8\w  W  b  .  *  *  *  W  B  .  .\8
         9\w  b  w  W  *  *  *  .  .  .  .\9
         10\w  W  w  .  W  .  .  .  B  b  b\10
          11\w  B  b  b  W  B  b  b  b  b  b\11
              a  b  c  d  e  f  g  h  i  j  k  
a73b7 info: Old: [black, i10] [white, swap-pieces] [white, h2] [black, j4] [white, e11] [black, d3] [white, h8] [black, c5] [white, b10] [black, k6] [white, c4] [black, j6] [white, d9] [black, b11] [white, b8] [black, b5] [white, e10] [black, d7] [white, c7] [black, i8] [white, c1] [black, g4] [white, e6] 
a73b7 info: New: [black, i10] [white, swap-pieces] [white, h2] [black, j4] [white, e11] [black, d3] [white, h8] [black, c5] [white, b10] [black, k6] [white, c4] [black, j6] [white, d9] [black, b11] [white, b8] [black, b5] [white, e10] [black, d7] [white, c7] [black, i8] [white, c1] [black, g4] [white, e6] [black, f11] [white, i4] 
a73b7 info: MovesPlayed: [black, f11] [white, i4] 
a73b7 info: No subtree to reuse.
a73b7 info: StartSearch()[0]
a73b7 info: 
Elapsed Time   0.560752s
Count          1
GamesPlayed    1
Nodes          1
Knowledge      0 (0.0%)
Expansions     0.0
Time           0.00
GameLen        74.0 dev=0.0 min=74.0 max=74.0
InTree         0.0 dev=0.0 min=0.0 max=0.0
KnowDepth      -
Aborted        0%
Games/s        3533.6
Score          1.00
Sequence      
a73b7 info: 
a73b7 warning: **** MoHexSearch returned empty sequence!
a73b7 warning: **** Returning random move!
a73b7 info: Best move cannot be determined, must search state.
a73b7 info: --- MoHexPlayer::Search() ---
a73b7 info: Color: black
a73b7 info: MaxGames: 1
a73b7 info: NumberThreads: 1
a73b7 info: MaxNodes: 181818181 (15999999928 bytes)
a73b7 info: TimeForMove: 1
a73b7 info: Time for PreSearch: 0.139509s
a73b7 info: 
  ef9a18124af836cb
  a  b  c  d  e  f  g  h  i  j  k  
 1\b  .  W  .  .  .  .  .  .  .  .\1
  2\W  *  *  *  .  *  *  W  *  *  *\2
   3\.  *  *  B  *  *  *  .  *  *  .\3
    4\*  *  W  *  *  *  B  B  W  B  w\4
     5\.  B  B  *  *  *  *  *  *  *  w\5
      6\b  b  .  *  W  *  *  *  *  B  B\6
       7\w  w  W  B  *  *  *  *  .  .  .\7
        8\w  W  b  .  *  *  *  W  B  .  .\8
         9\w  b  w  W  *  *  *  .  .  .  .\9
         10\w  W  w  .  W  .  .  .  B  b  b\10
          11\w  B  b  b  W  B  b  b  b  b  b\11
              a  b  c  d  e  f  g  h  i  j  k  
a73b7 info: Old: [black, i10] [white, swap-pieces] [white, h2] [black, j4] [white, e11] [black, d3] [white, h8] [black, c5] [white, b10] [black, k6] [white, c4] [black, j6] [white, d9] [black, b11] [white, b8] [black, b5] [white, e10] [black, d7] [white, c7] [black, i8] [white, c1] [black, g4] [white, e6] [black, f11] [white, i4] 
a73b7 info: New: [black, i10] [white, swap-pieces] [white, h2] [black, j4] [white, e11] [black, d3] [white, h8] [black, c5] [white, b10] [black, k6] [white, c4] [black, j6] [white, d9] [black, b11] [white, b8] [black, b5] [white, e10] [black, d7] [white, c7] [black, i8] [white, c1] [black, g4] [white, e6] [black, f11] [white, i4] [black, h4] [white, a2] 
a73b7 info: MovesPlayed: [black, h4] [white, a2] 
a73b7 info: No subtree to reuse.
a73b7 info: StartSearch()[0]
a73b7 info: 
Elapsed Time   0.282309s
Count          1
GamesPlayed    1
Nodes          1
Knowledge      0 (0.0%)
Expansions     0.0
Time           0.00
GameLen        71.0 dev=0.0 min=71.0 max=71.0
InTree         0.0 dev=0.0 min=0.0 max=0.0
KnowDepth      -
Aborted        0%
Games/s        3649.6
Score          1.00
Sequence      
a73b7 info: 
a73b7 warning: **** MoHexSearch returned empty sequence!
a73b7 warning: **** Returning random move!
a73b7 info: Best move cannot be determined, must search state.
a73b7 info: --- MoHexPlayer::Search() ---
a73b7 info: Color: black
a73b7 info: MaxGames: 1
a73b7 info: NumberThreads: 1
a73b7 info: MaxNodes: 181818181 (15999999928 bytes)
a73b7 info: TimeForMove: 1
a73b7 info: Time for PreSearch: 0.063081s
a73b7 info: 
  f648ea607652090e
  a  b  c  d  e  f  g  h  i  j  k  
 1\b  .  W  .  .  .  b  b  .  .  .\1
  2\W  *  *  *  .  W  *  W  *  *  *\2
   3\.  *  *  B  *  *  *  .  *  *  .\3
    4\*  *  W  *  *  *  B  B  W  B  w\4
     5\.  B  B  *  *  *  *  *  *  *  w\5
      6\b  b  .  *  W  *  *  *  *  B  B\6
       7\w  w  W  B  *  *  *  *  .  b  b\7
        8\w  W  b  .  *  *  *  W  B  b  B\8
         9\w  b  w  W  *  *  .  b  b  b  b\9
         10\w  W  w  .  W  .  b  b  B  b  b\10
          11\w  B  b  b  W  B  b  b  b  b  b\11
              a  b  c  d  e  f  g  h  i  j  k  
a73b7 info: Old: [black, i10] [white, swap-pieces] [white, h2] [black, j4] [white, e11] [black, d3] [white, h8] [black, c5] [white, b10] [black, k6] [white, c4] [black, j6] [white, d9] [black, b11] [white, b8] [black, b5] [white, e10] [black, d7] [white, c7] [black, i8] [white, c1] [black, g4] [white, e6] [black, f11] [white, i4] [black, h4] [white, a2] 
a73b7 info: New: [black, i10] [white, swap-pieces] [white, h2] [black, j4] [white, e11] [black, d3] [white, h8] [black, c5] [white, b10] [black, k6] [white, c4] [black, j6] [white, d9] [black, b11] [white, b8] [black, b5] [white, e10] [black, d7] [white, c7] [black, i8] [white, c1] [black, g4] [white, e6] [black, f11] [white, i4] [black, h4] [white, a2] [black, k8] [white, f2] 
a73b7 info: MovesPlayed: [black, k8] [white, f2] 
a73b7 info: No subtree to reuse.
a73b7 info: StartSearch()[0]
a73b7 info: 
Elapsed Time   0.202751s
Count          1
GamesPlayed    1
Nodes          1
Knowledge      0 (0.0%)
Expansions     0.0
Time           0.00
GameLen        58.0 dev=0.0 min=58.0 max=58.0
InTree         0.0 dev=0.0 min=0.0 max=0.0
KnowDepth      -
Aborted        0%
Games/s        4444.4
Score          1.00
Sequence      
a73b7 info: 
a73b7 warning: **** MoHexSearch returned empty sequence!
a73b7 warning: **** Returning random move!
a73b7 info: Best move cannot be determined, must search state.
a73b7 info: --- MoHexPlayer::Search() ---
a73b7 info: Color: black
a73b7 info: MaxGames: 1
a73b7 info: NumberThreads: 1
a73b7 info: MaxNodes: 181818181 (15999999928 bytes)
a73b7 info: TimeForMove: 1
a73b7 info: Time for PreSearch: 0.056727s
a73b7 info: 
  40e1780556531669
  a  b  c  d  e  f  g  h  i  j  k  
 1\b  .  W  .  B  b  b  b  .  .  .\1
  2\W  .  .  .  .  W  *  W  *  *  *\2
   3\.  .  .  B  W  .  .  .  *  *  .\3
    4\.  .  W  *  *  *  B  B  W  B  w\4
     5\.  B  B  *  *  *  *  *  *  *  w\5
      6\b  b  .  *  W  *  *  *  *  B  B\6
       7\w  w  W  B  *  *  *  *  .  b  b\7
        8\w  W  b  .  *  *  *  W  B  b  B\8
         9\w  b  w  W  *  *  .  b  b  b  b\9
         10\w  W  w  .  W  .  b  b  B  b  b\10
          11\w  B  b  b  W  B  b  b  b  b  b\11
              a  b  c  d  e  f  g  h  i  j  k  
a73b7 info: Old: [black, i10] [white, swap-pieces] [white, h2] [black, j4] [white, e11] [black, d3] [white, h8] [black, c5] [white, b10] [black, k6] [white, c4] [black, j6] [white, d9] [black, b11] [white, b8] [black, b5] [white, e10] [black, d7] [white, c7] [black, i8] [white, c1] [black, g4] [white, e6] [black, f11] [white, i4] [black, h4] [white, a2] [black, k8] [white, f2] 
a73b7 info: New: [black, i10] [white, swap-pieces] [white, h2] [black, j4] [white, e11] [black, d3] [white, h8] [black, c5] [white, b10] [black, k6] [white, c4] [black, j6] [white, d9] [black, b11] [white, b8] [black, b5] [white, e10] [black, d7] [white, c7] [black, i8] [white, c1] [black, g4] [white, e6] [black, f11] [white, i4] [black, h4] [white, a2] [black, k8] [white, f2] [black, e1] [white, e3] 
a73b7 info: MovesPlayed: [black, e1] [white, e3] 
a73b7 info: No subtree to reuse.
a73b7 info: StartSearch()[0]
a73b7 info: 
Elapsed Time   0.198233s
Count          1
GamesPlayed    1
Nodes          1
Knowledge      0 (0.0%)
Expansions     0.0
Time           0.00
GameLen        55.0 dev=0.0 min=55.0 max=55.0
InTree         0.0 dev=0.0 min=0.0 max=0.0
KnowDepth      -
Aborted        0%
Games/s        4098.4
Score          0.00
Sequence      
a73b7 info: 
a73b7 warning: **** MoHexSearch returned empty sequence!
a73b7 warning: **** Returning random move!
a73b7 info: Best move cannot be determined, must search state.
a73b7 info: --- MoHexPlayer::Search() ---
a73b7 info: Color: black
a73b7 info: MaxGames: 1
a73b7 info: NumberThreads: 1
a73b7 info: MaxNodes: 181818181 (15999999928 bytes)
a73b7 info: TimeForMove: 1
a73b7 info: Time for PreSearch: 0.047953s
a73b7 info: 
  156ffa9a7ba6dd15
  a  b  c  d  e  f  g  h  i  j  k  
 1\b  w  W  w  B  b  b  b  .  .  .\1
  2\W  w  w  b  b  W  *  W  *  *  *\2
   3\b  b  b  B  W  .  .  .  *  *  .\3
    4\w  W  W  *  *  *  B  B  W  B  w\4
     5\w  B  B  *  *  *  *  *  *  *  w\5
      6\w  b  .  *  W  *  *  *  *  B  B\6
       7\w  b  W  B  *  *  B  *  .  b  b\7
        8\w  W  b  .  *  *  *  W  B  b  B\8
         9\w  b  w  W  *  *  .  b  b  b  b\9
         10\w  W  w  .  W  .  b  b  B  b  b\10
          11\w  B  b  b  W  B  b  b  b  b  b\11
              a  b  c  d  e  f  g  h  i  j  k  
a73b7 info: Old: [black, i10] [white, swap-pieces] [white, h2] [black, j4] [white, e11] [black, d3] [white, h8] [black, c5] [white, b10] [black, k6] [white, c4] [black, j6] [white, d9] [black, b11] [white, b8] [black, b5] [white, e10] [black, d7] [white, c7] [black, i8] [white, c1] [black, g4] [white, e6] [black, f11] [white, i4] [black, h4] [white, a2] [black, k8] [white, f2] [black, e1] [white, e3] 
a73b7 info: New: [black, i10] [white, swap-pieces] [white, h2] [black, j4] [white, e11] [black, d3] [white, h8] [black, c5] [white, b10] [black, k6] [white, c4] [black, j6] [white, d9] [black, b11] [white, b8] [black, b5] [white, e10] [black, d7] [white, c7] [black, i8] [white, c1] [black, g4] [white, e6] [black, f11] [white, i4] [black, h4] [white, a2] [black, k8] [white, f2] [black, e1] [white, e3] [black, g7] [white, b4] 
a73b7 info: MovesPlayed: [black, g7] [white, b4] 
a73b7 info: No subtree to reuse.
a73b7 info: StartSearch()[0]
a73b7 info: 
Elapsed Time   0.189638s
Count          1
GamesPlayed    1
Nodes          1
Knowledge      0 (0.0%)
Expansions     0.0
Time           0.00
GameLen        42.0 dev=0.0 min=42.0 max=42.0
InTree         0.0 dev=0.0 min=0.0 max=0.0
KnowDepth      -
Aborted        0%
Games/s        4237.3
Score          0.00
Sequence      
a73b7 info: 
a73b7 warning: **** MoHexSearch returned empty sequence!
a73b7 warning: **** Returning random move!
a73b7 info: Winning SC.
a73b7 info: Winning SC.
a73b7 info: Winning SC.
a73b7 info: Winning SC.
a73b7 info: Winning SC.
a73b7 info: Winning SC.
a73b7 info: Winning SC.
a73b7 info: Winning SC.
a73b7 info: Winning SC.
a73b7 info: Captured cells caused win! Removing...
a73b7 info: Winning SC.
a73b7 info: Winning SC.
a73b7 config: ============ BenzeneShutdown =============
a73b7 config: MoHexProgram:: ShutdownSystem()
a73b7 config: CommonProgram:: ShutdownSystem()
a73b7 config: BenzeneProgram:: ShutdownSystem()
Flushing and closing this stream...
