# nice ../build/src/mohex/mohex --config mohex-cg2010.htp --seed 402186 --logfile-name jobs/11x11-mohex-mohex-cg2010-vs-mohex-mohex-weak/mohex-mohex-cg2010-45.log
>boardsize 11 11
MoHex 2.0.CMake Mar 21 2025
Copyright (C) 2007-2012 by the authors of the Benzene project.
This program comes with ABSOLUTELY NO WARRANTY. This is
free software and you are welcome to redistribute it under
certain conditions. Type `benzene-license' for details.

SgRandom::SetSeed: 402186
SgUctSearch: system memory 33632358400, using 1000000000 (5681818 nodes)
SgRandom::SetSeed: 1
SgRandom::SetSeed: 402186
6cca7 info: Prior Patterns:
6cca7 info: Global:
6cca7 info: Size            = 565 32648 
6cca7 info: TableEntries    = 65932 65910
6cca7 info: MirrorsAdded    = 0 0
6cca7 info: PrunableCount   = 30593 30629
6cca7 info: LargestGamma    = 5820.77
6cca7 info: SmallestGamma   = 6.6e-05
6cca7 info: Local:
6cca7 info: Size            = 550 5318 
6cca7 info: TableEntries    = 11602 11588
6cca7 info: MirrorsAdded    = 0 0
6cca7 info: PrunableCount   = 3659 3667
6cca7 info: LargestGamma    = 11281.8
6cca7 info: SmallestGamma   = 0.026235
6cca7 info: Playout Patterns:
6cca7 info: Global:
6cca7 info: Size            = 565 32648 
6cca7 info: TableEntries    = 70329 70329
6cca7 info: MirrorsAdded    = 4397 4419
6cca7 info: PrunableCount   = 30593 30629
6cca7 info: LargestGamma    = 5820.77
6cca7 info: SmallestGamma   = 6.6e-05
6cca7 info: Local:
6cca7 info: Size            = 550 5318 
6cca7 info: TableEntries    = 11602 11588
6cca7 info: MirrorsAdded    = 0 0
6cca7 info: PrunableCount   = 3659 3667
6cca7 info: LargestGamma    = 11281.8
6cca7 info: SmallestGamma   = 0.026235
<= 
<
>name
param_game allow_swap 1
= 

param_mohex max_memory 32000000000
= 

param_mohex num_threads 1
= 

param_mohex max_time 1
= 

param_mohex max_games 1
= 

param_mohex knowledge_threshold 400
= 

param_mohex reuse_subtree 1
= 

param_mohex use_parallel_solver 1
= 

<= MoHex
<
>version
<= 2.0.CMake
<
>play b c1
<= 
<
>genmove w
<= g4
<
>play b h9
6cca7 info: SwapCheck: reading from '/home/linus/MoHex2.0/nfbranchfix/benzene-vanilla-cmake/share/swap-moves.txt'.
6cca7 info: SwapCheck: opting not to swap.
6cca7 info: PlayAndSolve: Building VCs to avoid race condition.
6cca7 info: PlayAndSolve: Continuing on as usual.
f9f46 info: *** PlayerThread ***
f1f36 info: *** SolverThread ***
f9f46 info: Best move cannot be determined, must search state.
f9f46 info: --- MoHexPlayer::Search() ---
f9f46 info: Color: white
f9f46 info: MaxGames: 1
f9f46 info: NumberThreads: 1
f9f46 info: MaxNodes: 181818181 (15999999928 bytes)
f9f46 info: TimeForMove: 1
f9f46 info: PreSearch: max time reached (44/91).
f9f46 info: Time for PreSearch: 0.204166s
f9f46 info: 
  d1f3b5af77207658
  a  b  c  d  e  f  g  h  i  j  k  
 1\b  b  B  .  *  *  *  *  *  *  .\1
  2\.  .  *  *  *  *  *  *  *  *  .\2
   3\.  .  *  *  *  *  *  *  *  *  .\3
    4\.  *  *  *  *  *  *  *  *  *  .\4
     5\.  *  *  *  *  *  *  *  *  *  .\5
      6\.  *  *  *  *  *  *  *  *  *  .\6
       7\.  *  *  *  *  *  *  *  *  *  .\7
        8\.  *  *  *  *  *  *  *  *  *  .\8
         9\.  *  *  *  *  *  *  *  *  *  .\9
         10\.  *  *  *  *  *  *  *  *  .  .\10
          11\.  *  *  *  *  *  *  *  .  .  .\11
              a  b  c  d  e  f  g  h  i  j  k  
f9f46 info: No subtree to reuse.
f9f46 info: Creating thread 0
f9f46 info: StartSearch()[0]
SgUctSearch: max games reached
f9f46 info: 
Elapsed Time   0.629711s
Count          1
GamesPlayed    1
Nodes          1
Knowledge      0 (0.0%)
Expansions     0.0
Time           0.00
GameLen        118.0 dev=0.0 min=118.0 max=118.0
InTree         0.0 dev=0.0 min=0.0 max=0.0
KnowDepth      -
Aborted        0%
Games/s        355.4
Score          1.00
Sequence      
f9f46 info: 
f9f46 warning: **** MoHexSearch returned empty sequence!
f9f46 warning: **** Returning random move!
f9f46 info: *** Player move: g4
e9f26 info: DfpnSolver::CheckAbort(): Abort flag!
f1f36 info: 
MID calls      78
VC builds      76
Terminal       0
Work           78
Wasted Work    0 (0%)
Elapsed Time   0.644328
MIDs/sec       121.056
VCs/sec        117.952
Cnt prune sib  0
Avg prune sib  -
Consider Size  86.7895 dev=6.99487 min=50 max=93
Move Index     -
Move Percent   -
Delta Increase 3.24675 dev=13.5265 min=1 max=89
Winner         empty
PV             b10 c10 d8

HashTableStatistics:
Stores         181
LookupAttempt  15780
LookupSuccess  807
Collisions     0

f1f36 info: Search aborted.
<= 
<
>genmove w
<= c11
<
>play b b8
6cca7 info: PlayAndSolve: Building VCs to avoid race condition.
6cca7 info: PlayAndSolve: Continuing on as usual.
f1f36 info: *** PlayerThread ***
f9f46 info: *** SolverThread ***
f1f36 info: Best move cannot be determined, must search state.
f1f36 info: --- MoHexPlayer::Search() ---
f1f36 info: Color: white
f1f36 info: MaxGames: 1
f1f36 info: NumberThreads: 1
f1f36 info: MaxNodes: 181818181 (15999999928 bytes)
f1f36 info: TimeForMove: 1
f1f36 info: PreSearch: max time reached (30/89).
f1f36 info: Time for PreSearch: 0.201887s
f1f36 info: 
  403482a344ae6d30
  a  b  c  d  e  f  g  h  i  j  k  
 1\b  b  B  .  *  *  *  *  *  *  .\1
  2\.  .  *  *  *  *  *  *  *  *  .\2
   3\.  .  *  *  *  *  *  *  *  *  .\3
    4\.  *  *  *  *  *  W  *  *  *  .\4
     5\.  *  *  *  *  *  *  *  *  *  .\5
      6\.  *  *  *  *  *  *  *  *  *  .\6
       7\.  *  *  *  *  *  *  *  *  *  .\7
        8\.  *  *  *  *  *  *  *  *  *  .\8
         9\.  *  *  *  *  *  *  B  *  *  .\9
         10\.  *  *  *  *  *  *  *  *  .  .\10
          11\.  *  *  *  *  *  *  *  .  .  .\11
              a  b  c  d  e  f  g  h  i  j  k  
f1f36 info: Old: [black, c1] 
f1f36 info: New: [black, c1] [white, g4] [black, h9] 
f1f36 info: MovesPlayed: [white, g4] [black, h9] 
f1f36 info: No subtree to reuse.
f1f36 info: StartSearch()[0]
SgUctSearch: max games reached
f1f36 info: 
Elapsed Time   0.386541s
Count          1
GamesPlayed    1
Nodes          1
Knowledge      0 (0.0%)
Expansions     0.0
Time           0.00
GameLen        116.0 dev=0.0 min=116.0 max=116.0
InTree         0.0 dev=0.0 min=0.0 max=0.0
KnowDepth      -
Aborted        0%
Games/s        3003.0
Score          0.00
Sequence      
f1f36 info: 
f1f36 warning: **** MoHexSearch returned empty sequence!
f1f36 warning: **** Returning random move!
f1f36 info: *** Player move: c11
e9f26 info: DfpnSolver::CheckAbort(): Abort flag!
f9f46 info: 
MID calls      33
VC builds      32
Terminal       0
Work           33
Wasted Work    0 (0%)
Elapsed Time   0.410001
MIDs/sec       80.4876
VCs/sec        78.0486
Cnt prune sib  0
Avg prune sib  -
Consider Size  80.0938 dev=14.9716 min=42 max=90
Move Index     -
Move Percent   -
Delta Increase 2.3125 dev=7.13021 min=1 max=42
Winner         empty
PV             e5 c6 d4

HashTableStatistics:
Stores         271
LookupAttempt  26783
LookupSuccess  1518
Collisions     0

f9f46 info: Search aborted.
<= 
<
>genmove w
<= g6
<
>play b c9
6cca7 info: PlayAndSolve: Building VCs to avoid race condition.
6cca7 info: PlayAndSolve: Continuing on as usual.
f9f46 info: *** PlayerThread ***
f1f36 info: *** SolverThread ***
f9f46 info: Best move cannot be determined, must search state.
f9f46 info: --- MoHexPlayer::Search() ---
f9f46 info: Color: white
f9f46 info: MaxGames: 1
f9f46 info: NumberThreads: 1
f9f46 info: MaxNodes: 181818181 (15999999928 bytes)
f9f46 info: TimeForMove: 1
f9f46 info: PreSearch: max time reached (45/87).
f9f46 info: Time for PreSearch: 0.20265s
f9f46 info: 
  6c4068d17be24637
  a  b  c  d  e  f  g  h  i  j  k  
 1\b  b  B  .  *  *  *  *  *  *  .\1
  2\.  .  *  *  *  *  *  *  *  *  .\2
   3\.  .  *  *  *  *  *  *  *  *  .\3
    4\.  *  *  *  *  *  W  *  *  *  .\4
     5\.  *  *  *  *  *  *  *  *  *  .\5
      6\.  *  *  *  *  *  *  *  *  *  .\6
       7\.  *  *  *  *  *  *  *  *  *  .\7
        8\.  B  *  *  *  *  *  *  *  *  .\8
         9\.  *  *  *  *  *  *  B  *  *  .\9
         10\.  *  *  *  *  *  *  *  *  .  .\10
          11\.  *  W  *  *  *  *  *  .  .  .\11
              a  b  c  d  e  f  g  h  i  j  k  
f9f46 info: Old: [black, c1] [white, g4] [black, h9] 
f9f46 info: New: [black, c1] [white, g4] [black, h9] [white, c11] [black, b8] 
f9f46 info: MovesPlayed: [white, c11] [black, b8] 
f9f46 info: No subtree to reuse.
f9f46 info: StartSearch()[0]
SgUctSearch: max games reached
f9f46 info: 
Elapsed Time   0.382547s
Count          1
GamesPlayed    1
Nodes          1
Knowledge      0 (0.0%)
Expansions     0.0
Time           0.00
GameLen        114.0 dev=0.0 min=114.0 max=114.0
InTree         0.0 dev=0.0 min=0.0 max=0.0
KnowDepth      -
Aborted        0%
Games/s        2890.2
Score          1.00
Sequence      
f9f46 info: 
f9f46 warning: **** MoHexSearch returned empty sequence!
f9f46 warning: **** Returning random move!
f9f46 info: *** Player move: g6
e9f26 info: DfpnSolver::CheckAbort(): Abort flag!
f1f36 info: 
MID calls      48
VC builds      46
Terminal       0
Work           48
Wasted Work    0 (0%)
Elapsed Time   0.40025
MIDs/sec       119.925
VCs/sec        114.928
Cnt prune sib  0
Avg prune sib  -
Consider Size  83.6739 dev=2.81302 min=74 max=87
Move Index     -
Move Percent   -
Delta Increase 4.38298 dev=15.6321 min=1 max=79
Winner         empty
PV             j5 j2 h5 e5

HashTableStatistics:
Stores         389
LookupAttempt  38716
LookupSuccess  2194
Collisions     0

f1f36 info: Search aborted.
<= 
<
>genmove w
<= f8
<
>play b h10
6cca7 info: PlayAndSolve: Building VCs to avoid race condition.
6cca7 info: PlayAndSolve: Continuing on as usual.
f1f36 info: *** PlayerThread ***
f9f46 info: *** SolverThread ***
f1f36 info: Best move cannot be determined, must search state.
f1f36 info: --- MoHexPlayer::Search() ---
f1f36 info: Color: white
f1f36 info: MaxGames: 1
f1f36 info: NumberThreads: 1
f1f36 info: MaxNodes: 181818181 (15999999928 bytes)
f1f36 info: TimeForMove: 1
f1f36 info: PreSearch: max time reached (30/85).
f1f36 info: Time for PreSearch: 0.201651s
f1f36 info: 
  424ac68cc2a6a187
  a  b  c  d  e  f  g  h  i  j  k  
 1\b  b  B  .  *  *  *  *  *  *  .\1
  2\.  .  *  *  *  *  *  *  *  *  .\2
   3\.  .  *  *  *  *  *  *  *  *  .\3
    4\.  *  *  *  *  *  W  *  *  *  .\4
     5\.  *  *  *  *  *  *  *  *  *  .\5
      6\.  *  *  *  *  *  W  *  *  *  .\6
       7\.  *  *  *  *  *  *  *  *  *  .\7
        8\.  B  *  *  *  *  *  *  *  *  .\8
         9\.  *  B  *  *  *  *  B  *  *  .\9
         10\.  *  *  *  *  *  *  *  *  .  .\10
          11\.  *  W  *  *  *  *  *  .  .  .\11
              a  b  c  d  e  f  g  h  i  j  k  
f1f36 info: Old: [black, c1] [white, g4] [black, h9] [white, c11] [black, b8] 
f1f36 info: New: [black, c1] [white, g4] [black, h9] [white, c11] [black, b8] [white, g6] [black, c9] 
f1f36 info: MovesPlayed: [white, g6] [black, c9] 
f1f36 info: No subtree to reuse.
f1f36 info: StartSearch()[0]
SgUctSearch: max games reached
f1f36 info: 
Elapsed Time   0.392835s
Count          1
GamesPlayed    1
Nodes          1
Knowledge      0 (0.0%)
Expansions     0.0
Time           0.00
GameLen        112.0 dev=0.0 min=112.0 max=112.0
InTree         0.0 dev=0.0 min=0.0 max=0.0
KnowDepth      -
Aborted        0%
Games/s        2597.4
Score          0.00
Sequence      
f1f36 info: 
f1f36 warning: **** MoHexSearch returned empty sequence!
f1f36 warning: **** Returning random move!
f1f36 info: *** Player move: f8
e9f26 info: DfpnSolver::CheckAbort(): Abort flag!
f9f46 info: 
MID calls      31
VC builds      30
Terminal       0
Work           31
Wasted Work    0 (0%)
Elapsed Time   0.407432
MIDs/sec       76.0863
VCs/sec        73.6319
Cnt prune sib  0
Avg prune sib  -
Consider Size  73.3333 dev=17.1276 min=28 max=85
Move Index     -
Move Percent   -
Delta Increase 2.46667 dev=7.89824 min=1 max=45
Winner         empty
PV             e5 b5 c6

HashTableStatistics:
Stores         474
LookupAttempt  48662
LookupSuccess  2852
Collisions     0

f9f46 info: Search aborted.
<= 
<
>genmove w
<= a7
<
>play b j3
6cca7 info: PlayAndSolve: Building VCs to avoid race condition.
6cca7 info: PlayAndSolve: Continuing on as usual.
f9f46 info: *** PlayerThread ***
f1f36 info: *** SolverThread ***
f9f46 info: Best move cannot be determined, must search state.
f9f46 info: --- MoHexPlayer::Search() ---
f9f46 info: Color: white
f9f46 info: MaxGames: 1
f9f46 info: NumberThreads: 1
f9f46 info: MaxNodes: 181818181 (15999999928 bytes)
f9f46 info: TimeForMove: 1
f9f46 info: PreSearch: max time reached (20/72).
f9f46 info: Time for PreSearch: 0.204251s
f9f46 info: 
  cc2254ee52a1585f
  a  b  c  d  e  f  g  h  i  j  k  
 1\b  b  B  .  *  *  *  *  *  *  .\1
  2\.  .  *  *  *  *  *  *  *  *  .\2
   3\.  .  *  *  *  *  *  *  *  *  .\3
    4\.  *  *  *  *  *  W  *  *  *  .\4
     5\.  *  *  *  *  *  *  *  *  *  .\5
      6\.  *  *  *  *  *  W  *  *  *  .\6
       7\.  *  *  *  *  *  *  *  *  *  .\7
        8\.  B  *  *  *  W  *  *  *  .  .\8
         9\.  *  B  *  *  *  *  B  .  .  .\9
         10\.  *  *  *  *  .  b  B  b  b  b\10
          11\.  *  W  .  b  b  b  b  b  b  b\11
              a  b  c  d  e  f  g  h  i  j  k  
f9f46 info: Old: [black, c1] [white, g4] [black, h9] [white, c11] [black, b8] [white, g6] [black, c9] 
f9f46 info: New: [black, c1] [white, g4] [black, h9] [white, c11] [black, b8] [white, g6] [black, c9] [white, f8] [black, h10] 
f9f46 info: MovesPlayed: [white, f8] [black, h10] 
f9f46 info: No subtree to reuse.
f9f46 info: StartSearch()[0]
SgUctSearch: max games reached
f9f46 info: 
Elapsed Time   0.423286s
Count          1
GamesPlayed    1
Nodes          1
Knowledge      0 (0.0%)
Expansions     0.0
Time           0.00
GameLen        99.0 dev=0.0 min=99.0 max=99.0
InTree         0.0 dev=0.0 min=0.0 max=0.0
KnowDepth      -
Aborted        0%
Games/s        2207.5
Score          1.00
Sequence      
f9f46 info: 
f9f46 warning: **** MoHexSearch returned empty sequence!
f9f46 warning: **** Returning random move!
f9f46 info: *** Player move: a7
e9f26 info: DfpnSolver::CheckAbort(): Abort flag!
f1f36 info: 
MID calls      25
VC builds      24
Terminal       0
Work           25
Wasted Work    0 (0%)
Elapsed Time   0.457674
MIDs/sec       54.624
VCs/sec        52.4391
Cnt prune sib  0
Avg prune sib  -
Consider Size  64.7083 dev=16.298 min=20 max=75
Move Index     -
Move Percent   -
Delta Increase 2.83333 dev=8.79236 min=1 max=45
Winner         empty
PV             e5 b6 b7

HashTableStatistics:
Stores         543
LookupAttempt  55717
LookupSuccess  3320
Collisions     0

f1f36 info: Search aborted.
<= 
<
>genmove w
<= h7
<
>play b c6
6cca7 info: PlayAndSolve: Building VCs to avoid race condition.
6cca7 info: PlayAndSolve: Continuing on as usual.
f1f36 info: *** PlayerThread ***
f9f46 info: *** SolverThread ***
f1f36 info: Best move cannot be determined, must search state.
f1f36 info: --- MoHexPlayer::Search() ---
f1f36 info: Color: white
f1f36 info: MaxGames: 1
f1f36 info: NumberThreads: 1
f1f36 info: MaxNodes: 181818181 (15999999928 bytes)
f1f36 info: TimeForMove: 1
f1f36 info: PreSearch: max time reached (32/71).
f1f36 info: Time for PreSearch: 0.201696s
f1f36 info: 
  4cb755eab779f2d4
  a  b  c  d  e  f  g  h  i  j  k  
 1\b  b  B  .  *  *  *  *  *  *  .\1
  2\.  .  *  *  *  *  *  *  *  *  .\2
   3\.  .  *  *  *  *  *  *  *  B  .\3
    4\.  *  *  *  *  *  W  *  *  *  .\4
     5\.  *  *  *  *  *  *  *  *  *  .\5
      6\.  *  *  *  *  *  W  *  *  *  .\6
       7\W  *  *  *  *  *  *  *  *  .  .\7
        8\b  B  *  *  *  W  *  *  *  .  .\8
         9\.  *  B  *  *  *  *  B  .  .  .\9
         10\.  *  *  *  *  .  b  B  b  b  b\10
          11\.  *  W  .  b  b  b  b  b  b  b\11
              a  b  c  d  e  f  g  h  i  j  k  
f1f36 info: Old: [black, c1] [white, g4] [black, h9] [white, c11] [black, b8] [white, g6] [black, c9] [white, f8] [black, h10] 
f1f36 info: New: [black, c1] [white, g4] [black, h9] [white, c11] [black, b8] [white, g6] [black, c9] [white, f8] [black, h10] [white, a7] [black, j3] 
f1f36 info: MovesPlayed: [white, a7] [black, j3] 
f1f36 info: No subtree to reuse.
f1f36 info: StartSearch()[0]
SgUctSearch: max games reached
f1f36 info: 
Elapsed Time   0.616622s
Count          1
GamesPlayed    1
Nodes          1
Knowledge      0 (0.0%)
Expansions     0.0
Time           0.00
GameLen        96.0 dev=0.0 min=96.0 max=96.0
InTree         0.0 dev=0.0 min=0.0 max=0.0
KnowDepth      -
Aborted        0%
Games/s        2092.1
Score          0.00
Sequence      
f1f36 info: 
f1f36 warning: **** MoHexSearch returned empty sequence!
f1f36 warning: **** Returning random move!
f1f36 info: *** Player move: h7
e9f26 info: DfpnSolver::CheckAbort(): Abort flag!
f9f46 info: 
MID calls      77
VC builds      72
Terminal       0
Work           77
Wasted Work    0 (0%)
Elapsed Time   0.635106
MIDs/sec       121.24
VCs/sec        113.367
Cnt prune sib  4
Avg prune sib  4 dev=1.73205 min=1 max=5
Consider Size  53.5972 dev=17.3146 min=15 max=71
Move Index     -
Move Percent   -
Delta Increase 2.57895 dev=7.51186 min=1 max=62
Winner         empty
PV             i7 d4 c6

HashTableStatistics:
Stores         718
LookupAttempt  65720
LookupSuccess  3924
Collisions     0

f9f46 info: Search aborted.
<= 
<
>genmove w
<= h3
<
>play b d4
6cca7 info: PlayAndSolve: Building VCs to avoid race condition.
6cca7 info: PlayAndSolve: Continuing on as usual.
f9f46 info: *** PlayerThread ***
f1f36 info: *** SolverThread ***
f9f46 info: Best move cannot be determined, must search state.
f9f46 info: --- MoHexPlayer::Search() ---
f9f46 info: Color: white
f9f46 info: MaxGames: 1
f9f46 info: NumberThreads: 1
f9f46 info: MaxNodes: 181818181 (15999999928 bytes)
f9f46 info: TimeForMove: 1
f9f46 info: Time for PreSearch: 0.092608s
f9f46 info: 
  c5904677e929b9f9
  a  b  c  d  e  f  g  h  i  j  k  
 1\b  b  B  .  *  *  *  .  .  .  .\1
  2\.  .  *  *  .  *  .  .  .  .  .\2
   3\.  .  .  *  *  .  .  .  .  B  .\3
    4\.  .  .  *  .  .  W  .  .  .  .\4
     5\.  .  *  .  .  .  .  .  .  .  .\5
      6\w  .  B  .  .  .  W  .  .  .  .\6
       7\W  .  *  .  .  .  .  W  .  .  .\7
        8\b  B  *  .  .  W  .  .  .  .  .\8
         9\.  *  B  *  .  .  .  B  .  .  .\9
         10\.  *  *  *  *  .  b  B  b  b  b\10
          11\.  *  W  .  b  b  b  b  b  b  b\11
              a  b  c  d  e  f  g  h  i  j  k  
f9f46 info: Old: [black, c1] [white, g4] [black, h9] [white, c11] [black, b8] [white, g6] [black, c9] [white, f8] [black, h10] [white, a7] [black, j3] 
f9f46 info: New: [black, c1] [white, g4] [black, h9] [white, c11] [black, b8] [white, g6] [black, c9] [white, f8] [black, h10] [white, a7] [black, j3] [white, h7] [black, c6] 
f9f46 info: MovesPlayed: [white, h7] [black, c6] 
f9f46 info: No subtree to reuse.
f9f46 info: StartSearch()[0]
SgUctSearch: max games reached
f9f46 info: 
Elapsed Time   0.265576s
Count          1
GamesPlayed    1
Nodes          1
Knowledge      0 (0.0%)
Expansions     0.0
Time           0.00
GameLen        93.0 dev=0.0 min=93.0 max=93.0
InTree         0.0 dev=0.0 min=0.0 max=0.0
KnowDepth      -
Aborted        0%
Games/s        2518.9
Score          0.00
Sequence      
f9f46 info: 
f9f46 warning: **** MoHexSearch returned empty sequence!
f9f46 warning: **** Returning random move!
f9f46 info: *** Player move: h3
e9f26 info: DfpnSolver::CheckAbort(): Abort flag!
f1f36 info: 
MID calls      25
VC builds      22
Terminal       0
Work           25
Wasted Work    0 (0%)
Elapsed Time   0.283088
MIDs/sec       88.3118
VCs/sec        77.7144
Cnt prune sib  1
Avg prune sib  1 dev=0 min=1 max=1
Consider Size  39.0909 dev=21.7379 min=12 max=64
Move Index     -
Move Percent   -
Delta Increase 4.04167 dev=6.30793 min=1 max=25
Winner         empty
PV             b10 d10 d3 e4

HashTableStatistics:
Stores         772
LookupAttempt  67173
LookupSuccess  4016
Collisions     0

f1f36 info: Search aborted.
<= 
<
>genmove w
<= b7
<
>play b c7
6cca7 info: PlayAndSolve: Building VCs to avoid race condition.
6cca7 info: PlayAndSolve: Continuing on as usual.
f1f36 info: *** PlayerThread ***
f9f46 info: *** SolverThread ***
f1f36 info: Opponent has won; playing most blocking move.
f1f36 info: *** Player move: b7
f9f46 info: 
MID calls      0
VC builds      1
Terminal       1
Work           1
Wasted Work    0 (0%)
Elapsed Time   0.026073
MIDs/sec       0
VCs/sec        38.3539
Cnt prune sib  0
Avg prune sib  -
Consider Size  -
Move Index     -
Move Percent   -
Delta Increase -
Winner         black
PV             

HashTableStatistics:
Stores         773
LookupAttempt  67179
LookupSuccess  4019
Collisions     0

<= 
<
>genmove w
<= d5
<
>play b c5
6cca7 info: PlayAndSolve: Building VCs to avoid race condition.
6cca7 info: PlayAndSolve: Continuing on as usual.
f9f46 info: *** PlayerThread ***
f1f36 info: *** SolverThread ***
f9f46 info: Opponent has won; playing most blocking move.
f9f46 info: *** Player move: d5
f1f36 info: 
MID calls      0
VC builds      1
Terminal       1
Work           1
Wasted Work    0 (0%)
Elapsed Time   0.024408
MIDs/sec       0
VCs/sec        40.9702
Cnt prune sib  0
Avg prune sib  -
Consider Size  -
Move Index     -
Move Percent   -
Delta Increase -
Winner         black
PV             

HashTableStatistics:
Stores         774
LookupAttempt  67185
LookupSuccess  4022
Collisions     0

<= 
<
>genmove w
<= b9
<
>play b c8
6cca7 info: PlayAndSolve: Building VCs to avoid race condition.
6cca7 info: PlayAndSolve: Continuing on as usual.
f9f46 info: *** SolverThread ***
f1f36 info: *** PlayerThread ***
f1f36 info: Opponent has won; playing most blocking move.
f1f36 info: *** Player move: b9
f9f46 info: 
MID calls      0
VC builds      1
Terminal       1
Work           1
Wasted Work    0 (0%)
Elapsed Time   0.025841
MIDs/sec       0
VCs/sec        38.6982
Cnt prune sib  0
Avg prune sib  -
Consider Size  -
Move Index     -
Move Percent   -
Delta Increase -
Winner         black
PV             

HashTableStatistics:
Stores         775
LookupAttempt  67191
LookupSuccess  4025
Collisions     0

<= 
<
>genmove w
<= e1
<
>play b e2
6cca7 info: PlayAndSolve: Building VCs to avoid race condition.
6cca7 info: PlayAndSolve: Continuing on as usual.
f9f46 info: *** PlayerThread ***
f1f36 info: *** SolverThread ***
f9f46 info: Opponent has won; playing most blocking move.
f9f46 info: *** Player move: e1
f1f36 info: 
MID calls      0
VC builds      1
Terminal       1
Work           1
Wasted Work    0 (0%)
Elapsed Time   0.02213
MIDs/sec       0
VCs/sec        45.1875
Cnt prune sib  0
Avg prune sib  -
Consider Size  -
Move Index     -
Move Percent   -
Delta Increase -
Winner         black
PV             

HashTableStatistics:
Stores         776
LookupAttempt  67197
LookupSuccess  4028
Collisions     0

<= 
<
>genmove w
<= e3
<
>play b d3
6cca7 info: PlayAndSolve: Building VCs to avoid race condition.
6cca7 info: PlayAndSolve: Continuing on as usual.
f1f36 info: *** PlayerThread ***
f9f46 info: *** SolverThread ***
f1f36 info: Opponent has won; playing most blocking move.
f1f36 info: *** Player move: e3
f9f46 info: 
MID calls      0
VC builds      1
Terminal       1
Work           1
Wasted Work    0 (0%)
Elapsed Time   0.019668
MIDs/sec       0
VCs/sec        50.844
Cnt prune sib  0
Avg prune sib  -
Consider Size  -
Move Index     -
Move Percent   -
Delta Increase -
Winner         black
PV             

HashTableStatistics:
Stores         777
LookupAttempt  67203
LookupSuccess  4031
Collisions     0

<= 
<
>genmove w
<= e10
<
>play b b11
6cca7 info: PlayAndSolve: Building VCs to avoid race condition.
6cca7 info: PlayAndSolve: Continuing on as usual.
f1f36 info: *** SolverThread ***
f9f46 info: *** PlayerThread ***
f9f46 info: Opponent has won; playing most blocking move.
f9f46 info: *** Player move: e10
f1f36 info: 
MID calls      0
VC builds      1
Terminal       1
Work           1
Wasted Work    0 (0%)
Elapsed Time   0.02454
MIDs/sec       0
VCs/sec        40.7498
Cnt prune sib  0
Avg prune sib  -
Consider Size  -
Move Index     -
Move Percent   -
Delta Increase -
Winner         black
PV             

HashTableStatistics:
Stores         778
LookupAttempt  67209
LookupSuccess  4034
Collisions     0

<= 
<
>genmove w
<= c10
<
>play b b10
6cca7 info: PlayAndSolve: Building VCs to avoid race condition.
6cca7 info: PlayAndSolve: Continuing on as usual.
f9f46 info: *** SolverThread ***
f1f36 info: *** PlayerThread ***
f1f36 info: Opponent has won; playing most blocking move.
f1f36 info: *** Player move: c10
f9f46 info: 
MID calls      0
VC builds      1
Terminal       1
Work           1
Wasted Work    0 (0%)
Elapsed Time   0.028694
MIDs/sec       0
VCs/sec        34.8505
Cnt prune sib  0
Avg prune sib  -
Consider Size  -
Move Index     -
Move Percent   -
Delta Increase -
Winner         black
PV             

HashTableStatistics:
Stores         779
LookupAttempt  67215
LookupSuccess  4037
Collisions     0

<= 
<
>genmove w
<= f1
<
>play b d2
6cca7 info: PlayAndSolve: Building VCs to avoid race condition.
6cca7 info: PlayAndSolve: Continuing on as usual.
f1f36 info: *** SolverThread ***
f9f46 info: *** PlayerThread ***
f9f46 info: Opponent has won; playing most blocking move.
f1f36 info: 
MID calls      0
VC builds      1
Terminal       1
Work           1
Wasted Work    0 (0%)
Elapsed Time   0.02477
MIDs/sec       0
VCs/sec        40.3714
Cnt prune sib  0
Avg prune sib  -
Consider Size  -
Move Index     -
Move Percent   -
Delta Increase -
Winner         black
PV             

HashTableStatistics:
Stores         780
LookupAttempt  67221
LookupSuccess  4040
Collisions     0

f9f46 info: *** Player move: f1
<= 
<
>genmove w
<= c2
<
>play b d1
6cca7 info: PlayAndSolve: Building VCs to avoid race condition.
6cca7 info: PlayAndSolve: Continuing on as usual.
f1f36 info: *** PlayerThread ***
f9f46 info: *** SolverThread ***
f1f36 info: Captured cells caused win! Removing...
f9f46 info: 
MID calls      0
VC builds      1
Terminal       1
Work           1
Wasted Work    0 (0%)
Elapsed Time   0.003093
MIDs/sec       0
VCs/sec        323.311
Cnt prune sib  0
Avg prune sib  -
Consider Size  -
Move Index     -
Move Percent   -
Delta Increase -
Winner         black
PV             

HashTableStatistics:
Stores         781
LookupAttempt  67227
LookupSuccess  4043
Collisions     0

f1f36 info: Opponent has won; playing most blocking move.
f1f36 info: *** Player move: c2
<= 
<
>genmove w
<= resign
<
>final_score
<= B+
<
>quit
<= 
<
