# nice ../build/src/mohex/mohex --config mohex-weak.htp --seed 959969 --logfile-name jobs/11x11-mohex-mohex-cg2010-vs-mohex-mohex-weak/mohex-mohex-weak-297.log
>boardsize 11 11
<= 
<
>name
MoHex 2.0.CMake Mar 21 2025
Copyright (C) 2007-2012 by the authors of the Benzene project.
This program comes with ABSOLUTELY NO WARRANTY. This is
free software and you are welcome to redistribute it under
certain conditions. Type `benzene-license' for details.

SgRandom::SetSeed: 959969
SgUctSearch: system memory 33632358400, using 1000000000 (5681818 nodes)
SgRandom::SetSeed: 1
SgRandom::SetSeed: 959969
03927 info: Prior Patterns:
03927 info: Global:
03927 info: Size            = 565 32648 
03927 info: TableEntries    = 65932 65910
03927 info: MirrorsAdded    = 0 0
03927 info: PrunableCount   = 30593 30629
03927 info: LargestGamma    = 5820.77
03927 info: SmallestGamma   = 6.6e-05
03927 info: Local:
03927 info: Size            = 550 5318 
03927 info: TableEntries    = 11602 11588
03927 info: MirrorsAdded    = 0 0
03927 info: PrunableCount   = 3659 3667
03927 info: LargestGamma    = 11281.8
03927 info: SmallestGamma   = 0.026235
03927 info: Playout Patterns:
03927 info: Global:
03927 info: Size            = 565 32648 
03927 info: TableEntries    = 70329 70329
03927 info: MirrorsAdded    = 4397 4419
03927 info: PrunableCount   = 30593 30629
03927 info: LargestGamma    = 5820.77
03927 info: SmallestGamma   = 6.6e-05
03927 info: Local:
03927 info: Size            = 550 5318 
03927 info: TableEntries    = 11602 11588
03927 info: MirrorsAdded    = 0 0
03927 info: PrunableCount   = 3659 3667
03927 info: LargestGamma    = 11281.8
03927 info: SmallestGamma   = 0.026235
param_game allow_swap 1
= 

param_mohex max_memory 1600000
= 

param_mohex num_threads 1
= 

param_mohex max_time 1
= 

param_mohex max_games 1
= 

param_mohex knowledge_threshold 400
= 

param_mohex reuse_subtree 1
= 

param_mohex use_parallel_solver 0
= 

<= MoHex
<
>version
<= 2.0.CMake
<
>play b c6
<= 
<
>showboard
<= 
< 
<  a292776f78904cfa
<  a  b  c  d  e  f  g  h  i  j  k  
< 1\.  .  .  .  .  .  .  .  .  .  .\1
<  2\.  .  .  .  .  .  .  .  .  .  .\2
<   3\.  .  .  .  .  .  .  .  .  .  .\3
<    4\.  .  .  .  .  .  .  .  .  .  .\4
<     5\.  .  .  .  .  .  .  .  .  .  .\5
<      6\.  .  B  .  .  .  .  .  .  .  .\6
<       7\.  .  .  .  .  .  .  .  .  .  .\7
<        8\.  .  .  .  .  .  .  .  .  .  .\8
<         9\.  .  .  .  .  .  .  .  .  .  .\9
<         10\.  .  .  .  .  .  .  .  .  .  .\10
<          11\.  .  .  .  .  .  .  .  .  .  .\11
<              a  b  c  d  e  f  g  h  i  j  k  
<
>play w swap-pieces
<= 
<
>genmove w
<= i8
<
>play b c4
03927 info: Best move cannot be determined, must search state.
03927 info: --- MoHexPlayer::Search() ---
03927 info: Color: white
03927 info: MaxGames: 1
03927 info: NumberThreads: 1
03927 info: MaxNodes: 9090 (799920 bytes)
03927 info: TimeForMove: 1
03927 info: PreSearch: max time reached (56/88).
03927 info: Time for PreSearch: 0.200144s
03927 info: 
  a292776f78904cfa
  a  b  c  d  e  f  g  h  i  j  k  
 1\.  .  .  *  *  *  *  *  *  *  .\1
  2\.  .  *  *  *  *  *  *  *  *  .\2
   3\.  *  *  *  *  .  *  *  *  *  .\3
    4\.  *  *  *  *  *  *  *  *  *  .\4
     5\.  *  *  *  *  *  *  *  *  *  .\5
      6\.  .  B  *  *  *  *  *  *  *  .\6
       7\.  .  *  *  *  *  *  *  *  *  .\7
        8\.  *  *  *  *  *  *  *  *  *  .\8
         9\.  *  *  *  *  .  *  *  *  *  .\9
         10\.  *  *  *  *  *  *  *  *  .  .\10
          11\.  *  *  *  *  *  *  *  .  .  .\11
              a  b  c  d  e  f  g  h  i  j  k  
03927 info: No subtree to reuse.
03927 info: Creating thread 0
03927 info: StartSearch()[0]
SgUctSearch: max games reached
03927 info: 
Elapsed Time   0.343329s
Count          1
GamesPlayed    1
Nodes          1
Knowledge      0 (0.0%)
Expansions     0.0
Time           0.00
GameLen        120.0 dev=0.0 min=120.0 max=120.0
InTree         0.0 dev=0.0 min=0.0 max=0.0
KnowDepth      -
Aborted        0%
Games/s        402.9
Score          0.00
Sequence      
03927 info: 
03927 warning: **** MoHexSearch returned empty sequence!
03927 warning: **** Returning random move!
<= 
<
>genmove w
<= h2
<
>play b b4
03927 info: Best move cannot be determined, must search state.
03927 info: --- MoHexPlayer::Search() ---
03927 info: Color: white
03927 info: MaxGames: 1
03927 info: NumberThreads: 1
03927 info: MaxNodes: 9090 (799920 bytes)
03927 info: TimeForMove: 1
03927 info: PreSearch: max time reached (49/86).
03927 info: Time for PreSearch: 0.201635s
03927 info: 
  63cf3b14501db648
  a  b  c  d  e  f  g  h  i  j  k  
 1\.  .  .  *  *  *  *  *  *  *  .\1
  2\.  .  *  *  *  *  *  *  *  *  .\2
   3\.  *  *  *  *  *  *  *  *  *  .\3
    4\.  .  B  *  *  *  *  *  *  *  .\4
     5\.  *  *  *  *  *  *  *  *  *  .\5
      6\.  .  B  *  *  *  *  *  *  *  .\6
       7\.  .  *  *  *  *  *  *  *  *  .\7
        8\.  *  *  *  *  *  *  *  W  .  .\8
         9\.  *  *  *  *  *  *  *  *  *  .\9
         10\.  *  *  *  *  *  *  *  *  .  .\10
          11\.  *  *  *  *  *  *  *  .  .  .\11
              a  b  c  d  e  f  g  h  i  j  k  
03927 info: Old: [black, c6] [white, swap-pieces] 
03927 info: New: [black, c6] [white, swap-pieces] [white, i8] [black, c4] 
03927 info: ReuseSubtree: Colors do not alternate.
03927 info: No subtree to reuse.
03927 info: StartSearch()[0]
SgUctSearch: max games reached
03927 info: 
Elapsed Time   0.36611s
Count          1
GamesPlayed    1
Nodes          1
Knowledge      0 (0.0%)
Expansions     0.0
Time           0.00
GameLen        118.0 dev=0.0 min=118.0 max=118.0
InTree         0.0 dev=0.0 min=0.0 max=0.0
KnowDepth      -
Aborted        0%
Games/s        3472.2
Score          1.00
Sequence      
03927 info: 
03927 warning: **** MoHexSearch returned empty sequence!
03927 warning: **** Returning random move!
<= 
<
>genmove w
<= f5
<
>play b h7
03927 info: Best move cannot be determined, must search state.
03927 info: --- MoHexPlayer::Search() ---
03927 info: Color: white
03927 info: MaxGames: 1
03927 info: NumberThreads: 1
03927 info: MaxNodes: 9090 (799920 bytes)
03927 info: TimeForMove: 1
03927 info: PreSearch: max time reached (50/83).
03927 info: Time for PreSearch: 0.205288s
03927 info: 
  a8868d02dd7445b2
  a  b  c  d  e  f  g  h  i  j  k  
 1\.  .  .  *  *  *  *  .  .  *  .\1
  2\.  .  *  *  *  *  *  W  *  *  .\2
   3\.  .  *  *  *  *  *  *  *  *  .\3
    4\.  B  B  *  *  *  *  *  *  *  .\4
     5\.  .  *  *  *  *  *  *  *  *  .\5
      6\.  .  B  *  *  *  *  *  *  *  .\6
       7\.  .  *  *  *  *  *  *  *  *  .\7
        8\.  *  *  *  *  *  *  *  W  .  .\8
         9\.  *  *  *  *  *  *  *  *  *  .\9
         10\.  *  *  *  *  *  *  *  *  .  .\10
          11\.  *  *  *  *  *  *  *  .  .  .\11
              a  b  c  d  e  f  g  h  i  j  k  
03927 info: Old: [black, c6] [white, swap-pieces] [white, i8] [black, c4] 
03927 info: New: [black, c6] [white, swap-pieces] [white, i8] [black, c4] [white, h2] [black, b4] 
03927 info: MovesPlayed: [white, h2] [black, b4] 
03927 info: No subtree to reuse.
03927 info: StartSearch()[0]
SgUctSearch: max games reached
03927 info: 
Elapsed Time   0.346608s
Count          1
GamesPlayed    1
Nodes          1
Knowledge      0 (0.0%)
Expansions     0.0
Time           0.00
GameLen        116.0 dev=0.0 min=116.0 max=116.0
InTree         0.0 dev=0.0 min=0.0 max=0.0
KnowDepth      -
Aborted        0%
Games/s        3703.7
Score          1.00
Sequence      
03927 info: 
03927 warning: **** MoHexSearch returned empty sequence!
03927 warning: **** Returning random move!
<= 
<
>genmove w
<= a7
<
>play b k6
03927 info: Best move cannot be determined, must search state.
03927 info: --- MoHexPlayer::Search() ---
03927 info: Color: white
03927 info: MaxGames: 1
03927 info: NumberThreads: 1
03927 info: MaxNodes: 9090 (799920 bytes)
03927 info: TimeForMove: 1
03927 info: PreSearch: max time reached (49/81).
03927 info: Time for PreSearch: 0.201845s
03927 info: 
  986e24991446f60d
  a  b  c  d  e  f  g  h  i  j  k  
 1\.  .  .  *  *  *  *  .  .  *  .\1
  2\.  .  *  *  *  *  *  W  *  *  .\2
   3\.  .  *  *  *  *  *  *  *  *  .\3
    4\.  B  B  *  *  *  *  *  *  *  .\4
     5\.  .  *  *  *  W  *  *  *  *  .\5
      6\.  .  B  *  *  *  *  *  *  *  .\6
       7\.  .  *  *  *  *  *  B  *  *  .\7
        8\.  *  *  *  *  *  *  *  W  .  .\8
         9\.  *  *  *  *  *  *  *  *  *  .\9
         10\.  *  *  *  *  *  *  *  *  .  .\10
          11\.  *  *  *  *  *  *  *  .  .  .\11
              a  b  c  d  e  f  g  h  i  j  k  
03927 info: Old: [black, c6] [white, swap-pieces] [white, i8] [black, c4] [white, h2] [black, b4] 
03927 info: New: [black, c6] [white, swap-pieces] [white, i8] [black, c4] [white, h2] [black, b4] [white, f5] [black, h7] 
03927 info: MovesPlayed: [white, f5] [black, h7] 
03927 info: No subtree to reuse.
03927 info: StartSearch()[0]
SgUctSearch: max games reached
03927 info: 
Elapsed Time   0.343477s
Count          1
GamesPlayed    1
Nodes          1
Knowledge      0 (0.0%)
Expansions     0.0
Time           0.00
GameLen        114.0 dev=0.0 min=114.0 max=114.0
InTree         0.0 dev=0.0 min=0.0 max=0.0
KnowDepth      -
Aborted        0%
Games/s        3636.4
Score          1.00
Sequence      
03927 info: 
03927 warning: **** MoHexSearch returned empty sequence!
03927 warning: **** Returning random move!
<= 
<
>genmove w
<= h5
<
>play b c10
03927 info: Best move cannot be determined, must search state.
03927 info: --- MoHexPlayer::Search() ---
03927 info: Color: white
03927 info: MaxGames: 1
03927 info: NumberThreads: 1
03927 info: MaxNodes: 9090 (799920 bytes)
03927 info: TimeForMove: 1
03927 info: PreSearch: max time reached (66/81).
03927 info: Time for PreSearch: 0.201506s
03927 info: 
  74fa946ddfdfed84
  a  b  c  d  e  f  g  h  i  j  k  
 1\.  .  .  *  *  *  *  .  .  *  .\1
  2\.  .  *  *  *  *  *  W  *  *  .\2
   3\.  .  *  *  *  *  *  *  *  *  .\3
    4\.  B  B  *  *  *  *  *  *  *  .\4
     5\w  w  *  *  *  W  *  *  *  *  .\5
      6\w  w  B  *  *  *  *  *  *  *  B\6
       7\W  .  *  *  *  *  *  B  *  *  .\7
        8\w  .  *  *  *  *  *  *  W  *  .\8
         9\.  *  *  *  *  *  *  *  *  *  .\9
         10\.  *  *  *  *  *  *  *  *  .  .\10
          11\.  *  *  *  *  *  *  *  .  .  .\11
              a  b  c  d  e  f  g  h  i  j  k  
03927 info: Old: [black, c6] [white, swap-pieces] [white, i8] [black, c4] [white, h2] [black, b4] [white, f5] [black, h7] 
03927 info: New: [black, c6] [white, swap-pieces] [white, i8] [black, c4] [white, h2] [black, b4] [white, f5] [black, h7] [white, a7] [black, k6] 
03927 info: MovesPlayed: [white, a7] [black, k6] 
03927 info: No subtree to reuse.
03927 info: StartSearch()[0]
SgUctSearch: max games reached
03927 info: 
Elapsed Time   0.407002s
Count          1
GamesPlayed    1
Nodes          1
Knowledge      0 (0.0%)
Expansions     0.0
Time           0.00
GameLen        107.0 dev=0.0 min=107.0 max=107.0
InTree         0.0 dev=0.0 min=0.0 max=0.0
KnowDepth      -
Aborted        0%
Games/s        3690.0
Score          0.00
Sequence      
03927 info: 
03927 warning: **** MoHexSearch returned empty sequence!
03927 warning: **** Returning random move!
<= 
<
>genmove w
<= h10
<
>play b e5
03927 info: Best move cannot be determined, must search state.
03927 info: --- MoHexPlayer::Search() ---
03927 info: Color: white
03927 info: MaxGames: 1
03927 info: NumberThreads: 1
03927 info: MaxNodes: 9090 (799920 bytes)
03927 info: TimeForMove: 1
03927 info: PreSearch: max time reached (43/73).
03927 info: Time for PreSearch: 0.211143s
03927 info: 
  3c6137cba3196edc
  a  b  c  d  e  f  g  h  i  j  k  
 1\.  .  .  *  *  *  *  .  .  *  .\1
  2\.  .  *  *  *  *  *  W  *  *  .\2
   3\.  .  *  *  *  *  *  *  *  *  .\3
    4\.  B  B  *  *  *  *  *  *  *  .\4
     5\w  w  *  *  *  W  *  W  *  *  .\5
      6\w  w  B  *  *  *  *  *  *  *  B\6
       7\W  .  *  *  *  *  *  B  *  *  .\7
        8\w  *  *  *  *  *  *  *  W  *  .\8
         9\.  .  *  *  *  *  *  *  *  *  .\9
         10\.  .  B  .  *  *  *  *  *  .  .\10
          11\.  b  b  b  .  *  *  *  .  .  .\11
              a  b  c  d  e  f  g  h  i  j  k  
03927 info: Old: [black, c6] [white, swap-pieces] [white, i8] [black, c4] [white, h2] [black, b4] [white, f5] [black, h7] [white, a7] [black, k6] 
03927 info: New: [black, c6] [white, swap-pieces] [white, i8] [black, c4] [white, h2] [black, b4] [white, f5] [black, h7] [white, a7] [black, k6] [white, h5] [black, c10] 
03927 info: MovesPlayed: [white, h5] [black, c10] 
03927 info: No subtree to reuse.
03927 info: StartSearch()[0]
SgUctSearch: max games reached
03927 info: 
Elapsed Time   0.377895s
Count          1
GamesPlayed    1
Nodes          1
Knowledge      0 (0.0%)
Expansions     0.0
Time           0.00
GameLen        102.0 dev=0.0 min=102.0 max=102.0
InTree         0.0 dev=0.0 min=0.0 max=0.0
KnowDepth      -
Aborted        0%
Games/s        3521.1
Score          1.00
Sequence      
03927 info: 
03927 warning: **** MoHexSearch returned empty sequence!
03927 warning: **** Returning random move!
<= 
<
>genmove w
<= i7
<
>play b d7
03927 info: Best move cannot be determined, must search state.
03927 info: --- MoHexPlayer::Search() ---
03927 info: Color: white
03927 info: MaxGames: 1
03927 info: NumberThreads: 1
03927 info: MaxNodes: 9090 (799920 bytes)
03927 info: TimeForMove: 1
03927 info: PreSearch: max time reached (50/69).
03927 info: Time for PreSearch: 0.201976s
03927 info: 
  dc93e300d72fdb3d
  a  b  c  d  e  f  g  h  i  j  k  
 1\.  .  .  *  *  *  *  .  .  *  .\1
  2\.  .  *  *  *  *  *  W  *  *  .\2
   3\.  .  *  *  *  *  *  *  *  *  .\3
    4\.  B  B  *  *  *  *  *  *  *  .\4
     5\w  w  *  *  B  W  *  W  *  *  .\5
      6\w  w  B  *  *  *  *  *  *  *  B\6
       7\W  .  *  *  *  *  *  B  *  *  .\7
        8\w  *  *  *  *  *  *  *  W  *  .\8
         9\.  .  *  *  *  *  *  *  *  *  .\9
         10\.  .  B  .  *  *  *  W  *  .  .\10
          11\.  b  b  b  .  *  .  .  .  .  .\11
              a  b  c  d  e  f  g  h  i  j  k  
03927 info: Old: [black, c6] [white, swap-pieces] [white, i8] [black, c4] [white, h2] [black, b4] [white, f5] [black, h7] [white, a7] [black, k6] [white, h5] [black, c10] 
03927 info: New: [black, c6] [white, swap-pieces] [white, i8] [black, c4] [white, h2] [black, b4] [white, f5] [black, h7] [white, a7] [black, k6] [white, h5] [black, c10] [white, h10] [black, e5] 
03927 info: MovesPlayed: [white, h10] [black, e5] 
03927 info: No subtree to reuse.
03927 info: StartSearch()[0]
SgUctSearch: max games reached
03927 info: 
Elapsed Time   0.344038s
Count          1
GamesPlayed    1
Nodes          1
Knowledge      0 (0.0%)
Expansions     0.0
Time           0.00
GameLen        100.0 dev=0.0 min=100.0 max=100.0
InTree         0.0 dev=0.0 min=0.0 max=0.0
KnowDepth      -
Aborted        0%
Games/s        3546.1
Score          0.00
Sequence      
03927 info: 
03927 warning: **** MoHexSearch returned empty sequence!
03927 warning: **** Returning random move!
<= 
<
>genmove w
<= d8
<
>play b b9
03927 info: Opponent has won; playing most blocking move.
<= 
<
>genmove w
<= d6
<
>play b c7
03927 info: Opponent has won; playing most blocking move.
<= 
<
>genmove w
<= e1
<
>play b c2
03927 info: Opponent has won; playing most blocking move.
<= 
<
>genmove w
<= c5
<
>play b e4
03927 info: Opponent has won; playing most blocking move.
<= 
<
>genmove w
<= d5
<
>play b e6
03927 info: Opponent has won; playing most blocking move.
<= 
<
>genmove w
<= d4
<
>play b f2
03927 info: Opponent has won; playing most blocking move.
<= 
<
>genmove w
<= e3
<
>play b f3
03927 info: Opponent has won; playing most blocking move.
<= 
<
>genmove w
<= f1
<
>play b g1
03927 info: Captured cells caused win! Removing...
03927 info: Opponent has won; playing most blocking move.
<= 
<
>genmove w
<= b8
<
>play b c8
03927 info: Captured cells caused win! Removing...
03927 info: Opponent has won; playing most blocking move.
<= 
<
>genmove w
<= b10
<
>play b c9
03927 info: Captured cells caused win! Removing...
03927 info: Opponent has won; playing most blocking move.
<= 
<
>genmove w
<= b11
<
>play b c11
03927 info: Captured cells caused win! Removing...
03927 info: Opponent has won; playing most blocking move.
<= 
<
>genmove w
<= resign
<
>final_score
<= B+
<
>quit
<= 
<
