015c7 config: MoHex v2.0.CMake Mar 21 2025.
015c7 config: ============ InitializeSystem ============
015c7 config: BenzeneProgram::InitRandom()
015c7 config: Seed = 568406
015c7 info: Prior Patterns:
015c7 info: Global:
015c7 info: Size            = 565 32648 
015c7 info: TableEntries    = 65932 65910
015c7 info: MirrorsAdded    = 0 0
015c7 info: PrunableCount   = 30593 30629
015c7 info: LargestGamma    = 5820.77
015c7 info: SmallestGamma   = 6.6e-05
015c7 info: Local:
015c7 info: Size            = 550 5318 
015c7 info: TableEntries    = 11602 11588
015c7 info: MirrorsAdded    = 0 0
015c7 info: PrunableCount   = 3659 3667
015c7 info: LargestGamma    = 11281.8
015c7 info: SmallestGamma   = 0.026235
015c7 info: Playout Patterns:
015c7 info: Global:
015c7 info: Size            = 565 32648 
015c7 info: TableEntries    = 70329 70329
015c7 info: MirrorsAdded    = 4397 4419
015c7 info: PrunableCount   = 30593 30629
015c7 info: LargestGamma    = 5820.77
015c7 info: SmallestGamma   = 6.6e-05
015c7 info: Local:
015c7 info: Size            = 550 5318 
015c7 info: TableEntries    = 11602 11588
015c7 info: MirrorsAdded    = 0 0
015c7 info: PrunableCount   = 3659 3667
015c7 info: LargestGamma    = 11281.8
015c7 info: SmallestGamma   = 0.026235
015c7 config: IcePatternSet: reading from '/home/linus/MoHex2.0/nfbranchfix/benzene-vanilla-cmake/share/ice-patterns.txt'.
015c7 config: IcePatternSet: parsed 708 patterns.
015c7 config: VCS: reading captured set patterns from '/home/linus/MoHex2.0/nfbranchfix/benzene-vanilla-cmake/share/vc-captured-set.txt'.
015c7 config: VCS:: parsed 2 patterns.
015c7 config: VCS: reading captured set patterns from '/home/linus/MoHex2.0/nfbranchfix/benzene-vanilla-cmake/share/vc-captured-set.txt'.
015c7 config: VCS:: parsed 2 patterns.
015c7 config: IcePatternSet: reading from '/home/linus/MoHex2.0/nfbranchfix/benzene-vanilla-cmake/share/ice-patterns.txt'.
015c7 config: IcePatternSet: parsed 708 patterns.
015c7 config: VCS: reading captured set patterns from '/home/linus/MoHex2.0/nfbranchfix/benzene-vanilla-cmake/share/vc-captured-set.txt'.
015c7 config: VCS:: parsed 2 patterns.
015c7 config: VCS: reading captured set patterns from '/home/linus/MoHex2.0/nfbranchfix/benzene-vanilla-cmake/share/vc-captured-set.txt'.
015c7 config: VCS:: parsed 2 patterns.
015c7 config: VCS: reading captured set patterns from '/home/linus/MoHex2.0/nfbranchfix/benzene-vanilla-cmake/share/vc-captured-set.txt'.
015c7 config: VCS:: parsed 2 patterns.
015c7 config: VCS: reading captured set patterns from '/home/linus/MoHex2.0/nfbranchfix/benzene-vanilla-cmake/share/vc-captured-set.txt'.
015c7 config: VCS:: parsed 2 patterns.
015c7 config: VCS: reading captured set patterns from '/home/linus/MoHex2.0/nfbranchfix/benzene-vanilla-cmake/share/vc-captured-set.txt'.
015c7 config: VCS:: parsed 2 patterns.
015c7 config: VCS: reading captured set patterns from '/home/linus/MoHex2.0/nfbranchfix/benzene-vanilla-cmake/share/vc-captured-set.txt'.
015c7 config: VCS:: parsed 2 patterns.
015c7 info: SwapCheck: reading from '/home/linus/MoHex2.0/nfbranchfix/benzene-vanilla-cmake/share/swap-moves.txt'.
015c7 info: SwapCheck: playing swap.
015c7 config: VCPattern: loading pattern templates from '/home/linus/MoHex2.0/nfbranchfix/benzene-vanilla-cmake/share/vc-patterns.txt'.
015c7 info: Best move cannot be determined, must search state.
015c7 info: --- MoHexPlayer::Search() ---
015c7 info: Color: black
015c7 info: MaxGames: 1
015c7 info: NumberThreads: 1
015c7 info: MaxNodes: 9090 (799920 bytes)
015c7 info: TimeForMove: 1
015c7 info: PreSearch: max time reached (53/92).
015c7 info: Time for PreSearch: 0.202219s
015c7 info: 
  8c82aad91f05a58a
  a  b  c  d  e  f  g  h  i  j  k  
 1\.  .  .  .  .  .  W  .  .  .  .\1
  2\.  .  *  *  *  *  *  *  *  *  *\2
   3\.  *  *  *  *  *  *  *  *  *  *\3
    4\*  *  *  *  *  *  *  *  *  *  *\4
     5\*  *  *  *  *  *  *  *  *  *  *\5
      6\*  *  *  *  *  *  *  *  *  *  *\6
       7\*  *  *  *  *  *  *  *  *  *  *\7
        8\*  *  *  *  *  *  B  *  *  *  *\8
         9\*  *  *  *  *  *  *  *  *  *  .\9
         10\*  *  *  *  *  *  *  *  *  .  .\10
          11\.  .  .  .  .  .  .  .  .  .  .\11
              a  b  c  d  e  f  g  h  i  j  k  
015c7 info: No subtree to reuse.
015c7 info: Creating thread 0
015c7 info: StartSearch()[0]
015c7 config: VCS: reading captured set patterns from '/home/linus/MoHex2.0/nfbranchfix/benzene-vanilla-cmake/share/vc-captured-set.txt'.
015c7 config: VCS:: parsed 2 patterns.
015c7 config: VCS: reading captured set patterns from '/home/linus/MoHex2.0/nfbranchfix/benzene-vanilla-cmake/share/vc-captured-set.txt'.
015c7 config: VCS:: parsed 2 patterns.
015c7 info: 
Elapsed Time   0.347681s
Count          1
GamesPlayed    1
Nodes          1
Knowledge      0 (0.0%)
Expansions     0.0
Time           0.00
GameLen        119.0 dev=0.0 min=119.0 max=119.0
InTree         0.0 dev=0.0 min=0.0 max=0.0
KnowDepth      -
Aborted        0%
Games/s        409.8
Score          0.00
Sequence      
015c7 info: 
015c7 warning: **** MoHexSearch returned empty sequence!
015c7 warning: **** Returning random move!
015c7 info: Best move cannot be determined, must search state.
015c7 info: --- MoHexPlayer::Search() ---
015c7 info: Color: black
015c7 info: MaxGames: 1
015c7 info: NumberThreads: 1
015c7 info: MaxNodes: 9090 (799920 bytes)
015c7 info: TimeForMove: 1
015c7 info: PreSearch: max time reached (49/89).
015c7 info: Time for PreSearch: 0.200974s
015c7 info: 
  6469780e6b1bb9ad
  a  b  c  d  e  f  g  h  i  j  k  
 1\.  .  .  .  .  .  W  w  .  .  .\1
  2\.  .  *  *  *  *  w  W  *  *  *\2
   3\.  *  *  *  *  B  *  *  *  *  *\3
    4\*  *  *  *  *  *  *  *  *  *  *\4
     5\*  *  *  *  *  *  *  *  *  *  *\5
      6\*  *  *  *  *  *  *  *  *  *  *\6
       7\*  *  *  *  *  *  *  *  *  *  *\7
        8\*  *  *  *  *  *  B  *  *  *  *\8
         9\*  *  *  *  *  *  *  *  *  *  .\9
         10\*  *  *  *  *  *  *  *  *  .  .\10
          11\.  .  .  .  .  .  .  .  .  .  .\11
              a  b  c  d  e  f  g  h  i  j  k  
015c7 info: Old: [black, g8] [white, swap-pieces] [white, g1] 
015c7 info: New: [black, g8] [white, swap-pieces] [white, g1] [black, f3] [white, h2] 
015c7 info: MovesPlayed: [black, f3] [white, h2] 
015c7 info: No subtree to reuse.
015c7 info: StartSearch()[0]
015c7 info: 
Elapsed Time   0.344955s
Count          1
GamesPlayed    1
Nodes          1
Knowledge      0 (0.0%)
Expansions     0.0
Time           0.00
GameLen        115.0 dev=0.0 min=115.0 max=115.0
InTree         0.0 dev=0.0 min=0.0 max=0.0
KnowDepth      -
Aborted        0%
Games/s        3484.3
Score          0.00
Sequence      
015c7 info: 
015c7 warning: **** MoHexSearch returned empty sequence!
015c7 warning: **** Returning random move!
015c7 info: Best move cannot be determined, must search state.
015c7 info: --- MoHexPlayer::Search() ---
015c7 info: Color: black
015c7 info: MaxGames: 1
015c7 info: NumberThreads: 1
015c7 info: MaxNodes: 9090 (799920 bytes)
015c7 info: TimeForMove: 1
015c7 info: PreSearch: max time reached (52/87).
015c7 info: Time for PreSearch: 0.201753s
015c7 info: 
  f7b9cc656309513c
  a  b  c  d  e  f  g  h  i  j  k  
 1\.  .  .  .  .  .  W  w  .  .  .\1
  2\.  .  *  *  *  *  w  W  *  *  *\2
   3\.  *  *  *  *  B  *  *  *  *  *\3
    4\*  *  *  *  *  *  *  *  *  *  *\4
     5\*  *  *  *  *  *  *  *  *  *  *\5
      6\*  *  *  *  *  *  *  *  *  *  *\6
       7\*  *  *  W  *  *  *  *  *  *  *\7
        8\*  *  B  *  *  *  B  *  *  *  *\8
         9\*  *  *  *  *  *  *  *  *  *  .\9
         10\*  *  *  *  *  *  *  *  *  .  .\10
          11\.  .  .  .  .  .  .  .  .  .  .\11
              a  b  c  d  e  f  g  h  i  j  k  
015c7 info: Old: [black, g8] [white, swap-pieces] [white, g1] [black, f3] [white, h2] 
015c7 info: New: [black, g8] [white, swap-pieces] [white, g1] [black, f3] [white, h2] [black, c8] [white, d7] 
015c7 info: MovesPlayed: [black, c8] [white, d7] 
015c7 info: No subtree to reuse.
015c7 info: StartSearch()[0]
015c7 info: 
Elapsed Time   0.341503s
Count          1
GamesPlayed    1
Nodes          1
Knowledge      0 (0.0%)
Expansions     0.0
Time           0.00
GameLen        113.0 dev=0.0 min=113.0 max=113.0
InTree         0.0 dev=0.0 min=0.0 max=0.0
KnowDepth      -
Aborted        0%
Games/s        3891.1
Score          1.00
Sequence      
015c7 info: 
015c7 warning: **** MoHexSearch returned empty sequence!
015c7 warning: **** Returning random move!
015c7 info: Best move cannot be determined, must search state.
015c7 info: --- MoHexPlayer::Search() ---
015c7 info: Color: black
015c7 info: MaxGames: 1
015c7 info: NumberThreads: 1
015c7 info: MaxNodes: 9090 (799920 bytes)
015c7 info: TimeForMove: 1
015c7 info: PreSearch: max time reached (56/84).
015c7 info: Time for PreSearch: 0.204588s
015c7 info: 
  86024e5a59165bb5
  a  b  c  d  e  f  g  h  i  j  k  
 1\.  .  .  .  .  .  W  w  .  .  .\1
  2\.  .  *  *  *  *  w  W  .  *  *\2
   3\.  *  *  *  *  B  .  W  *  *  *\3
    4\*  *  *  *  *  *  *  *  *  *  *\4
     5\*  *  *  *  *  *  *  *  *  *  *\5
      6\*  *  *  *  *  *  *  *  *  *  *\6
       7\*  *  *  W  *  *  *  *  *  *  *\7
        8\*  *  B  *  *  *  B  *  *  *  *\8
         9\*  *  *  *  *  *  *  *  *  *  .\9
         10\*  *  *  *  *  *  *  *  *  .  B\10
          11\.  .  .  .  .  .  .  .  b  b  b\11
              a  b  c  d  e  f  g  h  i  j  k  
015c7 info: Old: [black, g8] [white, swap-pieces] [white, g1] [black, f3] [white, h2] [black, c8] [white, d7] 
015c7 info: New: [black, g8] [white, swap-pieces] [white, g1] [black, f3] [white, h2] [black, c8] [white, d7] [black, k10] [white, h3] 
015c7 info: MovesPlayed: [black, k10] [white, h3] 
015c7 info: No subtree to reuse.
015c7 info: StartSearch()[0]
015c7 info: 
Elapsed Time   0.351756s
Count          1
GamesPlayed    1
Nodes          1
Knowledge      0 (0.0%)
Expansions     0.0
Time           0.00
GameLen        108.0 dev=0.0 min=108.0 max=108.0
InTree         0.0 dev=0.0 min=0.0 max=0.0
KnowDepth      -
Aborted        0%
Games/s        3952.6
Score          0.00
Sequence      
015c7 info: 
015c7 warning: **** MoHexSearch returned empty sequence!
015c7 warning: **** Returning random move!
015c7 info: Best move cannot be determined, must search state.
015c7 info: --- MoHexPlayer::Search() ---
015c7 info: Color: black
015c7 info: MaxGames: 1
015c7 info: NumberThreads: 1
015c7 info: MaxNodes: 9090 (799920 bytes)
015c7 info: TimeForMove: 1
015c7 info: PreSearch: max time reached (51/79).
015c7 info: Time for PreSearch: 0.202442s
015c7 info: 
  0d9419c50e8d363e
  a  b  c  d  e  f  g  h  i  j  k  
 1\.  .  .  .  .  .  W  w  b  b  b\1
  2\.  .  *  *  *  *  w  W  b  B  .\2
   3\.  *  *  *  *  B  .  W  *  *  *\3
    4\*  *  *  *  *  *  *  *  *  *  *\4
     5\*  *  *  *  *  *  *  *  *  *  *\5
      6\*  *  *  *  *  *  *  *  *  *  .\6
       7\*  *  *  W  *  *  *  *  *  *  W\7
        8\*  *  B  *  *  *  B  *  *  *  .\8
         9\*  *  *  *  *  *  *  *  *  *  .\9
         10\*  *  *  *  *  *  .  .  *  .  B\10
          11\.  .  .  .  .  .  .  .  b  b  b\11
              a  b  c  d  e  f  g  h  i  j  k  
015c7 info: Old: [black, g8] [white, swap-pieces] [white, g1] [black, f3] [white, h2] [black, c8] [white, d7] [black, k10] [white, h3] 
015c7 info: New: [black, g8] [white, swap-pieces] [white, g1] [black, f3] [white, h2] [black, c8] [white, d7] [black, k10] [white, h3] [black, j2] [white, k7] 
015c7 info: MovesPlayed: [black, j2] [white, k7] 
015c7 info: No subtree to reuse.
015c7 info: StartSearch()[0]
015c7 info: 
Elapsed Time   0.426116s
Count          1
GamesPlayed    1
Nodes          1
Knowledge      0 (0.0%)
Expansions     0.0
Time           0.00
GameLen        102.0 dev=0.0 min=102.0 max=102.0
InTree         0.0 dev=0.0 min=0.0 max=0.0
KnowDepth      -
Aborted        0%
Games/s        3367.0
Score          0.00
Sequence      
015c7 info: 
015c7 warning: **** MoHexSearch returned empty sequence!
015c7 warning: **** Returning random move!
015c7 info: Best move cannot be determined, must search state.
015c7 info: --- MoHexPlayer::Search() ---
015c7 info: Color: black
015c7 info: MaxGames: 1
015c7 info: NumberThreads: 1
015c7 info: MaxNodes: 9090 (799920 bytes)
015c7 info: TimeForMove: 1
015c7 info: PreSearch: max time reached (51/74).
015c7 info: Time for PreSearch: 0.206012s
015c7 info: 
  43948d658ef6c136
  a  b  c  d  e  f  g  h  i  j  k  
 1\.  .  .  .  .  .  W  w  b  b  b\1
  2\.  .  *  *  *  *  w  W  b  B  .\2
   3\.  *  *  *  *  B  .  W  B  .  *\3
    4\*  *  *  *  *  *  *  *  W  .  .\4
     5\*  *  *  *  *  *  *  *  *  *  *\5
      6\*  *  *  *  *  *  *  *  *  *  .\6
       7\*  *  *  W  *  *  *  *  *  *  W\7
        8\*  *  B  *  *  *  B  *  *  *  .\8
         9\*  *  *  *  *  *  *  *  *  *  .\9
         10\*  *  *  *  *  *  .  .  *  .  B\10
          11\.  .  .  .  .  .  .  .  b  b  b\11
              a  b  c  d  e  f  g  h  i  j  k  
015c7 info: Old: [black, g8] [white, swap-pieces] [white, g1] [black, f3] [white, h2] [black, c8] [white, d7] [black, k10] [white, h3] [black, j2] [white, k7] 
015c7 info: New: [black, g8] [white, swap-pieces] [white, g1] [black, f3] [white, h2] [black, c8] [white, d7] [black, k10] [white, h3] [black, j2] [white, k7] [black, i3] [white, i4] 
015c7 info: MovesPlayed: [black, i3] [white, i4] 
015c7 info: No subtree to reuse.
015c7 info: StartSearch()[0]
015c7 info: 
Elapsed Time   0.346849s
Count          1
GamesPlayed    1
Nodes          1
Knowledge      0 (0.0%)
Expansions     0.0
Time           0.00
GameLen        100.0 dev=0.0 min=100.0 max=100.0
InTree         0.0 dev=0.0 min=0.0 max=0.0
KnowDepth      -
Aborted        0%
Games/s        3496.5
Score          1.00
Sequence      
015c7 info: 
015c7 warning: **** MoHexSearch returned empty sequence!
015c7 warning: **** Returning random move!
015c7 info: Best move cannot be determined, must search state.
015c7 info: --- MoHexPlayer::Search() ---
015c7 info: Color: black
015c7 info: MaxGames: 1
015c7 info: NumberThreads: 1
015c7 info: MaxNodes: 9090 (799920 bytes)
015c7 info: TimeForMove: 1
015c7 info: PreSearch: max time reached (56/67).
015c7 info: Time for PreSearch: 0.200512s
015c7 info: 
  2c6a31c8b141404c
  a  b  c  d  e  f  g  h  i  j  k  
 1\b  b  .  .  .  .  W  w  b  b  b\1
  2\w  W  *  *  *  *  w  W  b  B  .\2
   3\w  .  *  *  *  B  .  W  B  .  *\3
    4\w  *  *  *  *  *  *  *  W  .  .\4
     5\.  *  *  *  *  *  *  *  *  *  *\5
      6\*  *  *  *  *  *  *  *  *  *  .\6
       7\*  *  *  W  *  *  *  *  *  *  W\7
        8\*  *  B  *  *  *  B  *  *  *  .\8
         9\*  *  .  *  *  *  *  *  *  *  .\9
         10\.  B  .  *  *  *  .  .  *  .  B\10
          11\b  b  b  .  .  .  .  .  b  b  b\11
              a  b  c  d  e  f  g  h  i  j  k  
015c7 info: Old: [black, g8] [white, swap-pieces] [white, g1] [black, f3] [white, h2] [black, c8] [white, d7] [black, k10] [white, h3] [black, j2] [white, k7] [black, i3] [white, i4] 
015c7 info: New: [black, g8] [white, swap-pieces] [white, g1] [black, f3] [white, h2] [black, c8] [white, d7] [black, k10] [white, h3] [black, j2] [white, k7] [black, i3] [white, i4] [black, b10] [white, b2] 
015c7 info: MovesPlayed: [black, b10] [white, b2] 
015c7 info: No subtree to reuse.
015c7 info: StartSearch()[0]
015c7 info: 
Elapsed Time   0.352293s
Count          1
GamesPlayed    1
Nodes          1
Knowledge      0 (0.0%)
Expansions     0.0
Time           0.00
GameLen        90.0 dev=0.0 min=90.0 max=90.0
InTree         0.0 dev=0.0 min=0.0 max=0.0
KnowDepth      -
Aborted        0%
Games/s        2369.7
Score          0.00
Sequence      
015c7 info: 
015c7 warning: **** MoHexSearch returned empty sequence!
015c7 warning: **** Returning random move!
015c7 info: Best move cannot be determined, must search state.
015c7 info: --- MoHexPlayer::Search() ---
015c7 info: Color: black
015c7 info: MaxGames: 1
015c7 info: NumberThreads: 1
015c7 info: MaxNodes: 9090 (799920 bytes)
015c7 info: TimeForMove: 1
015c7 info: PreSearch: max time reached (56/65).
015c7 info: Time for PreSearch: 0.203776s
015c7 info: 
  3f3d16e8361de150
  a  b  c  d  e  f  g  h  i  j  k  
 1\b  b  .  .  .  .  W  w  b  b  b\1
  2\w  W  *  .  *  *  w  W  b  B  .\2
   3\w  .  *  W  *  B  B  W  B  .  *\3
    4\w  *  *  *  *  *  *  *  W  .  .\4
     5\.  *  *  *  *  *  *  *  *  *  *\5
      6\*  *  *  *  *  *  *  *  *  *  .\6
       7\*  *  *  W  *  *  *  *  *  *  W\7
        8\*  *  B  *  *  *  B  *  *  *  .\8
         9\*  *  .  *  *  *  *  *  *  *  .\9
         10\.  B  .  .  *  *  .  .  .  .  B\10
          11\b  b  b  .  .  .  .  .  b  b  b\11
              a  b  c  d  e  f  g  h  i  j  k  
015c7 info: Old: [black, g8] [white, swap-pieces] [white, g1] [black, f3] [white, h2] [black, c8] [white, d7] [black, k10] [white, h3] [black, j2] [white, k7] [black, i3] [white, i4] [black, b10] [white, b2] 
015c7 info: New: [black, g8] [white, swap-pieces] [white, g1] [black, f3] [white, h2] [black, c8] [white, d7] [black, k10] [white, h3] [black, j2] [white, k7] [black, i3] [white, i4] [black, b10] [white, b2] [black, g3] [white, d3] 
015c7 info: MovesPlayed: [black, g3] [white, d3] 
015c7 info: No subtree to reuse.
015c7 info: StartSearch()[0]
015c7 info: 
Elapsed Time   0.420539s
Count          1
GamesPlayed    1
Nodes          1
Knowledge      0 (0.0%)
Expansions     0.0
Time           0.00
GameLen        88.0 dev=0.0 min=88.0 max=88.0
InTree         0.0 dev=0.0 min=0.0 max=0.0
KnowDepth      -
Aborted        0%
Games/s        2976.2
Score          0.00
Sequence      
015c7 info: 
015c7 warning: **** MoHexSearch returned empty sequence!
015c7 warning: **** Returning random move!
015c7 info: Winning SC.
015c7 info: Winning SC.
015c7 info: Winning SC.
015c7 info: Winning SC.
015c7 info: Winning SC.
015c7 info: Winning SC.
015c7 info: Winning SC.
015c7 info: Winning SC.
015c7 info: Winning SC.
015c7 info: Winning SC.
015c7 info: Captured cells caused win! Removing...
015c7 info: Winning SC.
015c7 info: Winning SC.
015c7 config: ============ BenzeneShutdown =============
015c7 config: MoHexProgram:: ShutdownSystem()
015c7 config: CommonProgram:: ShutdownSystem()
015c7 config: BenzeneProgram:: ShutdownSystem()
Flushing and closing this stream...
