ddcd7 config: MoHex v2.0.CMake Mar 21 2025.
ddcd7 config: ============ InitializeSystem ============
ddcd7 config: BenzeneProgram::InitRandom()
ddcd7 config: Seed = 409444
ddcd7 info: Prior Patterns:
ddcd7 info: Global:
ddcd7 info: Size            = 565 32648 
ddcd7 info: TableEntries    = 65932 65910
ddcd7 info: MirrorsAdded    = 0 0
ddcd7 info: PrunableCount   = 30593 30629
ddcd7 info: LargestGamma    = 5820.77
ddcd7 info: SmallestGamma   = 6.6e-05
ddcd7 info: Local:
ddcd7 info: Size            = 550 5318 
ddcd7 info: TableEntries    = 11602 11588
ddcd7 info: MirrorsAdded    = 0 0
ddcd7 info: PrunableCount   = 3659 3667
ddcd7 info: LargestGamma    = 11281.8
ddcd7 info: SmallestGamma   = 0.026235
ddcd7 info: Playout Patterns:
ddcd7 info: Global:
ddcd7 info: Size            = 565 32648 
ddcd7 info: TableEntries    = 70329 70329
ddcd7 info: MirrorsAdded    = 4397 4419
ddcd7 info: PrunableCount   = 30593 30629
ddcd7 info: LargestGamma    = 5820.77
ddcd7 info: SmallestGamma   = 6.6e-05
ddcd7 info: Local:
ddcd7 info: Size            = 550 5318 
ddcd7 info: TableEntries    = 11602 11588
ddcd7 info: MirrorsAdded    = 0 0
ddcd7 info: PrunableCount   = 3659 3667
ddcd7 info: LargestGamma    = 11281.8
ddcd7 info: SmallestGamma   = 0.026235
ddcd7 config: IcePatternSet: reading from '/home/linus/MoHex2.0/nfbranchfix/benzene-vanilla-cmake/share/ice-patterns.txt'.
ddcd7 config: IcePatternSet: parsed 708 patterns.
ddcd7 config: VCS: reading captured set patterns from '/home/linus/MoHex2.0/nfbranchfix/benzene-vanilla-cmake/share/vc-captured-set.txt'.
ddcd7 config: VCS:: parsed 2 patterns.
ddcd7 config: VCS: reading captured set patterns from '/home/linus/MoHex2.0/nfbranchfix/benzene-vanilla-cmake/share/vc-captured-set.txt'.
ddcd7 config: VCS:: parsed 2 patterns.
ddcd7 config: IcePatternSet: reading from '/home/linus/MoHex2.0/nfbranchfix/benzene-vanilla-cmake/share/ice-patterns.txt'.
ddcd7 config: IcePatternSet: parsed 708 patterns.
ddcd7 config: VCS: reading captured set patterns from '/home/linus/MoHex2.0/nfbranchfix/benzene-vanilla-cmake/share/vc-captured-set.txt'.
ddcd7 config: VCS:: parsed 2 patterns.
ddcd7 config: VCS: reading captured set patterns from '/home/linus/MoHex2.0/nfbranchfix/benzene-vanilla-cmake/share/vc-captured-set.txt'.
ddcd7 config: VCS:: parsed 2 patterns.
ddcd7 config: VCS: reading captured set patterns from '/home/linus/MoHex2.0/nfbranchfix/benzene-vanilla-cmake/share/vc-captured-set.txt'.
ddcd7 config: VCS:: parsed 2 patterns.
ddcd7 config: VCS: reading captured set patterns from '/home/linus/MoHex2.0/nfbranchfix/benzene-vanilla-cmake/share/vc-captured-set.txt'.
ddcd7 config: VCS:: parsed 2 patterns.
ddcd7 config: VCS: reading captured set patterns from '/home/linus/MoHex2.0/nfbranchfix/benzene-vanilla-cmake/share/vc-captured-set.txt'.
ddcd7 config: VCS:: parsed 2 patterns.
ddcd7 config: VCS: reading captured set patterns from '/home/linus/MoHex2.0/nfbranchfix/benzene-vanilla-cmake/share/vc-captured-set.txt'.
ddcd7 config: VCS:: parsed 2 patterns.
ddcd7 info: SwapCheck: reading from '/home/linus/MoHex2.0/nfbranchfix/benzene-vanilla-cmake/share/swap-moves.txt'.
ddcd7 info: SwapCheck: playing swap.
ddcd7 config: VCPattern: loading pattern templates from '/home/linus/MoHex2.0/nfbranchfix/benzene-vanilla-cmake/share/vc-patterns.txt'.
ddcd7 info: Best move cannot be determined, must search state.
ddcd7 info: --- MoHexPlayer::Search() ---
ddcd7 info: Color: black
ddcd7 info: MaxGames: 1
ddcd7 info: NumberThreads: 1
ddcd7 info: MaxNodes: 181818181 (15999999928 bytes)
ddcd7 info: TimeForMove: 1
ddcd7 info: PreSearch: max time reached (47/90).
ddcd7 info: Time for PreSearch: 0.201842s
ddcd7 info: 
  384aed57eb8bb26e
  a  b  c  d  e  f  g  h  i  j  k  
 1\w  .  .  .  .  .  .  .  .  .  .\1
  2\w  .  .  *  *  *  *  *  *  *  *\2
   3\W  *  *  *  *  *  *  *  *  *  *\3
    4\.  *  *  *  *  *  *  *  *  *  *\4
     5\*  *  *  B  *  *  *  *  *  *  *\5
      6\*  *  *  *  *  *  *  *  *  *  *\6
       7\*  *  *  *  *  *  *  *  *  *  *\7
        8\*  *  *  *  *  *  *  *  *  *  *\8
         9\*  *  *  *  *  *  *  *  *  *  .\9
         10\*  *  *  *  *  *  *  *  *  .  .\10
          11\.  .  .  .  .  .  .  .  .  .  .\11
              a  b  c  d  e  f  g  h  i  j  k  
ddcd7 info: No subtree to reuse.
ddcd7 info: Creating thread 0
ddcd7 info: StartSearch()[0]
ddcd7 config: VCS: reading captured set patterns from '/home/linus/MoHex2.0/nfbranchfix/benzene-vanilla-cmake/share/vc-captured-set.txt'.
ddcd7 config: VCS:: parsed 2 patterns.
ddcd7 config: VCS: reading captured set patterns from '/home/linus/MoHex2.0/nfbranchfix/benzene-vanilla-cmake/share/vc-captured-set.txt'.
ddcd7 config: VCS:: parsed 2 patterns.
ddcd7 info: 
Elapsed Time   0.512673s
Count          1
GamesPlayed    1
Nodes          1
Knowledge      0 (0.0%)
Expansions     0.0
Time           0.00
GameLen        117.0 dev=0.0 min=117.0 max=117.0
InTree         0.0 dev=0.0 min=0.0 max=0.0
KnowDepth      -
Aborted        0%
Games/s        430.8
Score          1.00
Sequence      
ddcd7 info: 
ddcd7 warning: **** MoHexSearch returned empty sequence!
ddcd7 warning: **** Returning random move!
ddcd7 info: Best move cannot be determined, must search state.
ddcd7 info: --- MoHexPlayer::Search() ---
ddcd7 info: Color: black
ddcd7 info: MaxGames: 1
ddcd7 info: NumberThreads: 1
ddcd7 info: MaxNodes: 181818181 (15999999928 bytes)
ddcd7 info: TimeForMove: 1
ddcd7 info: PreSearch: max time reached (46/81).
ddcd7 info: Time for PreSearch: 0.200886s
ddcd7 info: 
  33aebc57c28afa81
  a  b  c  d  e  f  g  h  i  j  k  
 1\w  .  .  .  .  .  .  .  .  .  .\1
  2\w  .  .  *  *  *  *  *  *  *  *\2
   3\W  *  *  *  *  *  *  *  *  *  *\3
    4\.  *  *  *  *  *  *  *  *  *  *\4
     5\*  *  *  B  *  *  *  *  *  *  *\5
      6\*  *  *  *  *  *  *  *  *  *  *\6
       7\.  *  *  *  *  *  *  *  *  *  *\7
        8\w  .  *  *  *  *  *  *  *  *  *\8
         9\w  W  *  *  *  *  *  *  *  *  .\9
         10\w  .  .  *  *  *  *  *  .  B  b\10
          11\.  .  .  .  .  .  .  b  b  b  b\11
              a  b  c  d  e  f  g  h  i  j  k  
ddcd7 info: Old: [black, d5] [white, swap-pieces] [white, a3] 
ddcd7 info: New: [black, d5] [white, swap-pieces] [white, a3] [black, j10] [white, b9] 
ddcd7 info: MovesPlayed: [black, j10] [white, b9] 
ddcd7 info: No subtree to reuse.
ddcd7 info: StartSearch()[0]
ddcd7 info: 
Elapsed Time   0.352072s
Count          1
GamesPlayed    1
Nodes          1
Knowledge      0 (0.0%)
Expansions     0.0
Time           0.00
GameLen        107.0 dev=0.0 min=107.0 max=107.0
InTree         0.0 dev=0.0 min=0.0 max=0.0
KnowDepth      -
Aborted        0%
Games/s        2207.5
Score          1.00
Sequence      
ddcd7 info: 
ddcd7 warning: **** MoHexSearch returned empty sequence!
ddcd7 warning: **** Returning random move!
ddcd7 info: Best move cannot be determined, must search state.
ddcd7 info: --- MoHexPlayer::Search() ---
ddcd7 info: Color: black
ddcd7 info: MaxGames: 1
ddcd7 info: NumberThreads: 1
ddcd7 info: MaxNodes: 181818181 (15999999928 bytes)
ddcd7 info: TimeForMove: 1
ddcd7 info: PreSearch: max time reached (49/76).
ddcd7 info: Time for PreSearch: 0.204061s
ddcd7 info: 
  d9c53a72d5c3d704
  a  b  c  d  e  f  g  h  i  j  k  
 1\w  .  .  .  .  .  b  b  b  b  .\1
  2\w  .  .  *  *  *  .  B  .  *  *\2
   3\W  *  *  *  *  *  *  .  *  *  *\3
    4\.  *  *  *  *  *  *  W  *  *  *\4
     5\*  *  *  B  *  *  *  *  *  *  *\5
      6\*  *  *  *  *  *  *  *  *  *  *\6
       7\.  *  *  *  *  *  *  *  *  *  *\7
        8\w  .  *  *  *  *  *  *  *  *  *\8
         9\w  W  *  *  *  *  *  *  *  *  .\9
         10\w  .  .  *  *  *  *  *  .  B  b\10
          11\.  .  .  .  .  .  .  b  b  b  b\11
              a  b  c  d  e  f  g  h  i  j  k  
ddcd7 info: Old: [black, d5] [white, swap-pieces] [white, a3] [black, j10] [white, b9] 
ddcd7 info: New: [black, d5] [white, swap-pieces] [white, a3] [black, j10] [white, b9] [black, h2] [white, h4] 
ddcd7 info: MovesPlayed: [black, h2] [white, h4] 
ddcd7 info: No subtree to reuse.
ddcd7 info: StartSearch()[0]
ddcd7 info: 
Elapsed Time   0.358478s
Count          1
GamesPlayed    1
Nodes          1
Knowledge      0 (0.0%)
Expansions     0.0
Time           0.00
GameLen        101.0 dev=0.0 min=101.0 max=101.0
InTree         0.0 dev=0.0 min=0.0 max=0.0
KnowDepth      -
Aborted        0%
Games/s        3194.9
Score          1.00
Sequence      
ddcd7 info: 
ddcd7 warning: **** MoHexSearch returned empty sequence!
ddcd7 warning: **** Returning random move!
ddcd7 info: Winning SC.
ddcd7 info: Winning SC.
ddcd7 info: Winning SC.
ddcd7 info: Winning SC.
ddcd7 info: Winning SC.
ddcd7 info: Winning SC.
ddcd7 info: Winning SC.
ddcd7 info: Winning SC.
ddcd7 info: Winning SC.
ddcd7 info: Winning SC.
ddcd7 info: Winning SC.
ddcd7 config: ============ BenzeneShutdown =============
ddcd7 config: MoHexProgram:: ShutdownSystem()
ddcd7 config: CommonProgram:: ShutdownSystem()
ddcd7 config: BenzeneProgram:: ShutdownSystem()
Flushing and closing this stream...
