11967 config: MoHex v2.0.CMake Mar 21 2025.
11967 config: ============ InitializeSystem ============
11967 config: BenzeneProgram::InitRandom()
11967 config: Seed = 90991
11967 info: Prior Patterns:
11967 info: Global:
11967 info: Size            = 565 32648 
11967 info: TableEntries    = 65932 65910
11967 info: MirrorsAdded    = 0 0
11967 info: PrunableCount   = 30593 30629
11967 info: LargestGamma    = 5820.77
11967 info: SmallestGamma   = 6.6e-05
11967 info: Local:
11967 info: Size            = 550 5318 
11967 info: TableEntries    = 11602 11588
11967 info: MirrorsAdded    = 0 0
11967 info: PrunableCount   = 3659 3667
11967 info: LargestGamma    = 11281.8
11967 info: SmallestGamma   = 0.026235
11967 info: Playout Patterns:
11967 info: Global:
11967 info: Size            = 565 32648 
11967 info: TableEntries    = 70329 70329
11967 info: MirrorsAdded    = 4397 4419
11967 info: PrunableCount   = 30593 30629
11967 info: LargestGamma    = 5820.77
11967 info: SmallestGamma   = 6.6e-05
11967 info: Local:
11967 info: Size            = 550 5318 
11967 info: TableEntries    = 11602 11588
11967 info: MirrorsAdded    = 0 0
11967 info: PrunableCount   = 3659 3667
11967 info: LargestGamma    = 11281.8
11967 info: SmallestGamma   = 0.026235
11967 config: IcePatternSet: reading from '/home/linus/MoHex2.0/nfbranchfix/benzene-vanilla-cmake/share/ice-patterns.txt'.
11967 config: IcePatternSet: parsed 708 patterns.
11967 config: VCS: reading captured set patterns from '/home/linus/MoHex2.0/nfbranchfix/benzene-vanilla-cmake/share/vc-captured-set.txt'.
11967 config: VCS:: parsed 2 patterns.
11967 config: VCS: reading captured set patterns from '/home/linus/MoHex2.0/nfbranchfix/benzene-vanilla-cmake/share/vc-captured-set.txt'.
11967 config: VCS:: parsed 2 patterns.
11967 config: IcePatternSet: reading from '/home/linus/MoHex2.0/nfbranchfix/benzene-vanilla-cmake/share/ice-patterns.txt'.
11967 config: IcePatternSet: parsed 708 patterns.
11967 config: VCS: reading captured set patterns from '/home/linus/MoHex2.0/nfbranchfix/benzene-vanilla-cmake/share/vc-captured-set.txt'.
11967 config: VCS:: parsed 2 patterns.
11967 config: VCS: reading captured set patterns from '/home/linus/MoHex2.0/nfbranchfix/benzene-vanilla-cmake/share/vc-captured-set.txt'.
11967 config: VCS:: parsed 2 patterns.
11967 config: VCS: reading captured set patterns from '/home/linus/MoHex2.0/nfbranchfix/benzene-vanilla-cmake/share/vc-captured-set.txt'.
11967 config: VCS:: parsed 2 patterns.
11967 config: VCS: reading captured set patterns from '/home/linus/MoHex2.0/nfbranchfix/benzene-vanilla-cmake/share/vc-captured-set.txt'.
11967 config: VCS:: parsed 2 patterns.
11967 config: VCS: reading captured set patterns from '/home/linus/MoHex2.0/nfbranchfix/benzene-vanilla-cmake/share/vc-captured-set.txt'.
11967 config: VCS:: parsed 2 patterns.
11967 config: VCS: reading captured set patterns from '/home/linus/MoHex2.0/nfbranchfix/benzene-vanilla-cmake/share/vc-captured-set.txt'.
11967 config: VCS:: parsed 2 patterns.
11967 info: PlayAndSolve: Building VCs to avoid race condition.
11967 config: VCPattern: loading pattern templates from '/home/linus/MoHex2.0/nfbranchfix/benzene-vanilla-cmake/share/vc-patterns.txt'.
11967 info: PlayAndSolve: Continuing on as usual.
9ec06 info: *** PlayerThread ***
96bf6 info: *** SolverThread ***
8ebe6 config: VCS: reading captured set patterns from '/home/linus/MoHex2.0/nfbranchfix/benzene-vanilla-cmake/share/vc-captured-set.txt'.
8ebe6 config: VCS:: parsed 2 patterns.
8ebe6 config: VCS: reading captured set patterns from '/home/linus/MoHex2.0/nfbranchfix/benzene-vanilla-cmake/share/vc-captured-set.txt'.
8ebe6 config: VCS:: parsed 2 patterns.
8ebe6 dfpn: 
9ec06 info: Best move cannot be determined, must search state.
9ec06 info: --- MoHexPlayer::Search() ---
9ec06 info: Color: white
9ec06 info: MaxGames: 1
9ec06 info: NumberThreads: 1
9ec06 info: MaxNodes: 181818181 (15999999928 bytes)
9ec06 info: TimeForMove: 1
8ebe6 dfpn: h4
8ebe6 dfpn: i3
8ebe6 dfpn: d8
8ebe6 dfpn: g5
8ebe6 dfpn: j2
8ebe6 dfpn: e7
8ebe6 dfpn: h5
8ebe6 dfpn: g4
8ebe6 dfpn: g6
8ebe6 dfpn: f5
8ebe6 dfpn: f6
8ebe6 dfpn: i4
8ebe6 dfpn: e6
8ebe6 dfpn: d7
8ebe6 dfpn: f7
8ebe6 dfpn: c9
8ebe6 dfpn: e8
8ebe6 dfpn: b10
8ebe6 dfpn: e5
8ebe6 dfpn: j4
8ebe6 dfpn: h3
8ebe6 dfpn: j3
8ebe6 dfpn: f4
8ebe6 dfpn: h6
8ebe6 dfpn: g7
9ec06 info: PreSearch: max time reached (47/93).
9ec06 info: Time for PreSearch: 0.20078s
8ebe6 dfpn: j4
9ec06 info: 
  c80237a1bfe88181
  a  b  c  d  e  f  g  h  i  j  k  
 1\.  .  .  .  *  *  *  *  *  *  .\1
  2\.  .  *  *  *  *  *  *  *  *  .\2
   3\.  *  *  *  *  *  *  *  *  *  .\3
    4\.  *  *  *  *  *  *  *  *  *  .\4
     5\.  *  *  *  *  *  *  *  *  *  .\5
      6\.  *  *  *  *  *  *  *  *  *  .\6
       7\.  *  *  *  *  *  *  *  *  *  .\7
        8\.  *  *  *  *  *  *  *  *  *  B\8
         9\.  *  *  *  *  *  *  *  *  *  .\9
         10\.  *  *  *  *  *  *  *  *  *  .\10
          11\.  *  *  *  *  *  *  .  *  .  .\11
              a  b  c  d  e  f  g  h  i  j  k  
9ec06 info: No subtree to reuse.
8ebe6 dfpn: j3
9ec06 info: Creating thread 0
9ec06 info: StartSearch()[0]
9ec06 config: VCS: reading captured set patterns from '/home/linus/MoHex2.0/nfbranchfix/benzene-vanilla-cmake/share/vc-captured-set.txt'.
9ec06 config: VCS:: parsed 2 patterns.
9ec06 config: VCS: reading captured set patterns from '/home/linus/MoHex2.0/nfbranchfix/benzene-vanilla-cmake/share/vc-captured-set.txt'.
9ec06 config: VCS:: parsed 2 patterns.
9ec06 info: 
Elapsed Time   0.606013s
Count          1
GamesPlayed    1
Nodes          1
Knowledge      0 (0.0%)
Expansions     0.0
Time           0.00
GameLen        120.0 dev=0.0 min=120.0 max=120.0
InTree         0.0 dev=0.0 min=0.0 max=0.0
KnowDepth      -
Aborted        0%
Games/s        360.2
Score          0.00
Sequence      
9ec06 info: 
9ec06 warning: **** MoHexSearch returned empty sequence!
9ec06 warning: **** Returning random move!
9ec06 info: *** Player move: h6
8ebe6 info: DfpnSolver::CheckAbort(): Abort flag!
96bf6 info: 
MID calls      79
VC builds      76
Terminal       0
Work           79
Wasted Work    0 (0%)
Elapsed Time   0.622727
MIDs/sec       126.861
VCs/sec        122.044
Cnt prune sib  0
Avg prune sib  -
Consider Size  86.9211 dev=5.2231 min=76 max=93
Move Index     -
Move Percent   -
Delta Increase 3.21795 dev=13.3548 min=1 max=87
Winner         empty
PV             j3 h5 i3

HashTableStatistics:
Stores         184
LookupAttempt  16398
LookupSuccess  864
Collisions     0

96bf6 info: Search aborted.
11967 info: PlayAndSolve: Building VCs to avoid race condition.
11967 info: PlayAndSolve: Continuing on as usual.
96bf6 info: *** PlayerThread ***
9ec06 info: *** SolverThread ***
8ebe6 config: VCS: reading captured set patterns from '/home/linus/MoHex2.0/nfbranchfix/benzene-vanilla-cmake/share/vc-captured-set.txt'.
8ebe6 config: VCS:: parsed 2 patterns.
8ebe6 config: VCS: reading captured set patterns from '/home/linus/MoHex2.0/nfbranchfix/benzene-vanilla-cmake/share/vc-captured-set.txt'.
8ebe6 config: VCS:: parsed 2 patterns.
8ebe6 dfpn: 
96bf6 info: Best move cannot be determined, must search state.
96bf6 info: --- MoHexPlayer::Search() ---
96bf6 info: Color: white
96bf6 info: MaxGames: 1
96bf6 info: NumberThreads: 1
96bf6 info: MaxNodes: 181818181 (15999999928 bytes)
96bf6 info: TimeForMove: 1
8ebe6 dfpn: f7
8ebe6 dfpn: f5
8ebe6 dfpn: f6
8ebe6 dfpn: e7
8ebe6 dfpn: d8
8ebe6 dfpn: e6
8ebe6 dfpn: g5
8ebe6 dfpn: g6
8ebe6 dfpn: e8
8ebe6 dfpn: d7
8ebe6 dfpn: c9
8ebe6 dfpn: b10
8ebe6 dfpn: i6
8ebe6 dfpn: d6
8ebe6 dfpn: c8
8ebe6 dfpn: e5
8ebe6 dfpn: d9
8ebe6 dfpn: j5
96bf6 info: PreSearch: max time reached (36/93).
96bf6 info: Time for PreSearch: 0.202791s
8ebe6 dfpn: g7
8ebe6 dfpn: i4
96bf6 info: 
  7d9e9aecd9c39989
  a  b  c  d  e  f  g  h  i  j  k  
 1\.  .  .  *  *  *  *  *  *  *  .\1
  2\.  .  *  *  *  *  *  *  *  *  .\2
   3\.  *  *  *  *  *  B  *  *  *  .\3
    4\.  *  *  *  *  *  *  *  *  *  .\4
     5\.  *  *  *  *  *  *  *  *  *  .\5
      6\.  *  *  *  *  *  *  W  *  *  .\6
       7\.  *  *  *  *  *  *  *  *  *  .\7
        8\.  *  *  *  *  *  *  *  *  *  B\8
         9\.  *  *  *  *  *  *  *  *  *  .\9
         10\.  *  *  *  *  *  *  *  *  *  .\10
          11\.  *  *  *  *  *  *  *  *  .  .\11
              a  b  c  d  e  f  g  h  i  j  k  
8ebe6 dfpn: f8
8ebe6 dfpn: g4
8ebe6 dfpn: j7
8ebe6 dfpn: c10
8ebe6 dfpn: b8
8ebe6 dfpn: j5
96bf6 info: Old: [black, k8] [white, swap-pieces] 
96bf6 info: New: [black, k8] [white, swap-pieces] [white, h6] [black, g3] 
96bf6 info: ReuseSubtree: Colors do not alternate.
96bf6 info: No subtree to reuse.
96bf6 info: StartSearch()[0]
96bf6 info: 
Elapsed Time   0.372881s
Count          1
GamesPlayed    1
Nodes          1
Knowledge      0 (0.0%)
Expansions     0.0
Time           0.00
GameLen        118.0 dev=0.0 min=118.0 max=118.0
InTree         0.0 dev=0.0 min=0.0 max=0.0
KnowDepth      -
Aborted        0%
Games/s        2652.5
Score          1.00
Sequence      
96bf6 info: 
96bf6 warning: **** MoHexSearch returned empty sequence!
96bf6 warning: **** Returning random move!
96bf6 info: *** Player move: k9
8ebe6 info: DfpnSolver::CheckAbort(): Abort flag!
9ec06 info: 
MID calls      33
VC builds      32
Terminal       0
Work           33
Wasted Work    0 (0%)
Elapsed Time   0.392649
MIDs/sec       84.0445
VCs/sec        81.4977
Cnt prune sib  0
Avg prune sib  -
Consider Size  85.9687 dev=7.70758 min=45 max=93
Move Index     -
Move Percent   -
Delta Increase 3.5 dev=13.7409 min=1 max=80
Winner         empty
PV             j5 e6 d8

HashTableStatistics:
Stores         275
LookupAttempt  28350
LookupSuccess  1628
Collisions     0

9ec06 info: Search aborted.
11967 info: PlayAndSolve: Building VCs to avoid race condition.
11967 info: PlayAndSolve: Continuing on as usual.
9ec06 info: *** PlayerThread ***
96bf6 info: *** SolverThread ***
8ebe6 config: VCS: reading captured set patterns from '/home/linus/MoHex2.0/nfbranchfix/benzene-vanilla-cmake/share/vc-captured-set.txt'.
8ebe6 config: VCS:: parsed 2 patterns.
8ebe6 config: VCS: reading captured set patterns from '/home/linus/MoHex2.0/nfbranchfix/benzene-vanilla-cmake/share/vc-captured-set.txt'.
8ebe6 config: VCS:: parsed 2 patterns.
8ebe6 dfpn: 
9ec06 info: Best move cannot be determined, must search state.
9ec06 info: --- MoHexPlayer::Search() ---
9ec06 info: Color: white
9ec06 info: MaxGames: 1
9ec06 info: NumberThreads: 1
9ec06 info: MaxNodes: 181818181 (15999999928 bytes)
9ec06 info: TimeForMove: 1
8ebe6 dfpn: f7
8ebe6 dfpn: f6
8ebe6 dfpn: e7
9ec06 info: PreSearch: max time reached (5/94).
9ec06 info: Time for PreSearch: 0.83442s
8ebe6 dfpn: f5
8ebe6 dfpn: d8
9ec06 info: 
  482b3d94cb6a9473
  a  b  c  d  e  f  g  h  i  j  k  
 1\.  .  *  *  *  *  *  *  *  *  .\1
  2\.  *  *  *  *  *  *  *  *  *  .\2
   3\.  *  *  *  *  *  B  *  *  *  .\3
    4\B  *  *  *  *  *  *  *  *  *  .\4
     5\.  *  *  *  *  *  *  *  *  *  .\5
      6\.  *  *  *  *  *  *  W  *  *  .\6
       7\.  *  *  *  *  *  *  *  *  *  .\7
        8\.  *  *  *  *  *  *  *  *  *  B\8
         9\.  *  *  *  *  *  *  *  *  *  W\9
         10\.  *  *  *  *  *  *  *  *  .  w\10
          11\.  *  *  *  *  *  *  *  *  .  w\11
              a  b  c  d  e  f  g  h  i  j  k  
8ebe6 dfpn: e6
8ebe6 dfpn: g6
8ebe6 dfpn: g5
8ebe6 dfpn: e8
8ebe6 dfpn: b10
8ebe6 dfpn: d7
9ec06 info: Old: [black, k8] [white, swap-pieces] [white, h6] [black, g3] 
9ec06 info: New: [black, k8] [white, swap-pieces] [white, h6] [black, g3] [white, k9] [black, a4] 
9ec06 info: MovesPlayed: [white, k9] [black, a4] 
9ec06 info: No subtree to reuse.
8ebe6 dfpn: c9
8ebe6 dfpn: c8
8ebe6 dfpn: d6
8ebe6 dfpn: d9
8ebe6 dfpn: b8
8ebe6 dfpn: b9
8ebe6 dfpn: c7
9ec06 info: StartSearch()[0]
9ec06 info: 
Elapsed Time   0.999348s
Count          1
GamesPlayed    1
Nodes          1
Knowledge      0 (0.0%)
Expansions     0.0
Time           0.00
GameLen        114.0 dev=0.0 min=114.0 max=114.0
InTree         0.0 dev=0.0 min=0.0 max=0.0
KnowDepth      -
Aborted        0%
Games/s        2932.6
Score          1.00
Sequence      
9ec06 info: 
9ec06 warning: **** MoHexSearch returned empty sequence!
9ec06 warning: **** Returning random move!
9ec06 info: *** Player move: a11
8ebe6 info: DfpnSolver::CheckAbort(): Abort flag!
96bf6 info: 
MID calls      19
VC builds      19
Terminal       0
Work           19
Wasted Work    0 (0%)
Elapsed Time   1.01456
MIDs/sec       18.7273
VCs/sec        18.7273
Cnt prune sib  0
Avg prune sib  -
Consider Size  85.3158 dev=3.02714 min=79 max=94
Move Index     -
Move Percent   -
Delta Increase 1 dev=0 min=1 max=1
Winner         empty
PV             c7 f7

HashTableStatistics:
Stores         332
LookupAttempt  36667
LookupSuccess  2030
Collisions     0

96bf6 info: Search aborted.
11967 info: PlayAndSolve: Building VCs to avoid race condition.
11967 info: PlayAndSolve: Continuing on as usual.
96bf6 info: *** PlayerThread ***
9ec06 info: *** SolverThread ***
8ebe6 config: VCS: reading captured set patterns from '/home/linus/MoHex2.0/nfbranchfix/benzene-vanilla-cmake/share/vc-captured-set.txt'.
8ebe6 config: VCS:: parsed 2 patterns.
8ebe6 config: VCS: reading captured set patterns from '/home/linus/MoHex2.0/nfbranchfix/benzene-vanilla-cmake/share/vc-captured-set.txt'.
8ebe6 config: VCS:: parsed 2 patterns.
8ebe6 dfpn: 
8ebe6 dfpn: i6
96bf6 info: Best move cannot be determined, must search state.
96bf6 info: --- MoHexPlayer::Search() ---
96bf6 info: Color: white
96bf6 info: MaxGames: 1
96bf6 info: NumberThreads: 1
96bf6 info: MaxNodes: 181818181 (15999999928 bytes)
96bf6 info: TimeForMove: 1
8ebe6 dfpn: f7
8ebe6 dfpn: j5
8ebe6 dfpn: c10
8ebe6 dfpn: f6
8ebe6 dfpn: e8
8ebe6 dfpn: e7
8ebe6 dfpn: d8
8ebe6 dfpn: g6
8ebe6 dfpn: d9
8ebe6 dfpn: i7
8ebe6 dfpn: f5
8ebe6 dfpn: e6
8ebe6 dfpn: j6
8ebe6 dfpn: g5
8ebe6 dfpn: c9
8ebe6 dfpn: b10
8ebe6 dfpn: d7
8ebe6 dfpn: j7
8ebe6 dfpn: d10
8ebe6 dfpn: f8
96bf6 info: PreSearch: max time reached (50/93).
96bf6 info: Time for PreSearch: 0.202315s
8ebe6 dfpn: e9
8ebe6 dfpn: g7
8ebe6 dfpn: e10
8ebe6 dfpn: c8
8ebe6 dfpn: j6
96bf6 info: 
  ff4263149ea71d5f
  a  b  c  d  e  f  g  h  i  j  k  
 1\.  .  *  *  *  *  *  *  *  *  .\1
  2\.  *  *  *  *  *  *  *  *  *  .\2
   3\.  *  *  *  *  *  B  *  *  *  .\3
    4\B  *  *  *  *  *  *  *  *  B  .\4
     5\.  *  *  *  *  *  *  *  *  *  .\5
      6\.  *  *  *  *  *  *  W  *  *  .\6
       7\.  *  *  *  *  *  *  *  *  *  .\7
        8\.  *  *  *  *  *  *  *  *  *  B\8
         9\.  *  *  *  *  *  *  *  *  *  W\9
         10\.  *  *  *  *  *  *  *  *  .  w\10
          11\W  *  *  *  *  *  *  *  *  .  w\11
              a  b  c  d  e  f  g  h  i  j  k  
96bf6 info: Old: [black, k8] [white, swap-pieces] [white, h6] [black, g3] [white, k9] [black, a4] 
96bf6 info: New: [black, k8] [white, swap-pieces] [white, h6] [black, g3] [white, k9] [black, a4] [white, a11] [black, j4] 
96bf6 info: MovesPlayed: [white, a11] [black, j4] 
96bf6 info: No subtree to reuse.
96bf6 info: StartSearch()[0]
96bf6 info: 
Elapsed Time   0.551655s
Count          1
GamesPlayed    1
Nodes          1
Knowledge      0 (0.0%)
Expansions     0.0
Time           0.00
GameLen        112.0 dev=0.0 min=112.0 max=112.0
InTree         0.0 dev=0.0 min=0.0 max=0.0
KnowDepth      -
Aborted        0%
Games/s        3164.6
Score          1.00
Sequence      
96bf6 info: 
96bf6 warning: **** MoHexSearch returned empty sequence!
96bf6 warning: **** Returning random move!
96bf6 info: *** Player move: g5
8ebe6 info: DfpnSolver::CheckAbort(): Abort flag!
9ec06 info: 
MID calls      64
VC builds      62
Terminal       0
Work           64
Wasted Work    0 (0%)
Elapsed Time   0.568959
MIDs/sec       112.486
VCs/sec        108.971
Cnt prune sib  0
Avg prune sib  -
Consider Size  81 dev=6.3704 min=69 max=93
Move Index     -
Move Percent   -
Delta Increase 3.49206 dev=13.7701 min=1 max=82
Winner         empty
PV             j6 c10 d6 i6

HashTableStatistics:
Stores         484
LookupAttempt  51031
LookupSuccess  2826
Collisions     0

9ec06 info: Search aborted.
11967 info: PlayAndSolve: Building VCs to avoid race condition.
11967 info: PlayAndSolve: Continuing on as usual.
9ec06 info: *** PlayerThread ***
96bf6 info: *** SolverThread ***
8ebe6 config: VCS: reading captured set patterns from '/home/linus/MoHex2.0/nfbranchfix/benzene-vanilla-cmake/share/vc-captured-set.txt'.
8ebe6 config: VCS:: parsed 2 patterns.
8ebe6 config: VCS: reading captured set patterns from '/home/linus/MoHex2.0/nfbranchfix/benzene-vanilla-cmake/share/vc-captured-set.txt'.
8ebe6 config: VCS:: parsed 2 patterns.
8ebe6 dfpn: 
9ec06 info: Best move cannot be determined, must search state.
9ec06 info: --- MoHexPlayer::Search() ---
9ec06 info: Color: white
9ec06 info: MaxGames: 1
9ec06 info: NumberThreads: 1
9ec06 info: MaxNodes: 181818181 (15999999928 bytes)
9ec06 info: TimeForMove: 1
8ebe6 dfpn: e6
8ebe6 dfpn: i6
8ebe6 dfpn: j5
8ebe6 dfpn: f5
8ebe6 dfpn: i7
8ebe6 dfpn: d8
8ebe6 dfpn: e7
8ebe6 dfpn: d7
8ebe6 dfpn: c10
8ebe6 dfpn: j6
8ebe6 dfpn: d6
8ebe6 dfpn: j7
8ebe6 dfpn: d9
8ebe6 dfpn: c9
8ebe6 dfpn: e8
8ebe6 dfpn: f6
8ebe6 dfpn: b10
8ebe6 dfpn: e5
8ebe6 dfpn: j3
8ebe6 dfpn: f7
8ebe6 dfpn: f4
8ebe6 dfpn: c8
9ec06 info: PreSearch: max time reached (42/89).
9ec06 info: Time for PreSearch: 0.203116s
8ebe6 dfpn: c7
8ebe6 dfpn: d10
8ebe6 dfpn: j6
9ec06 info: 
  afc3e46ad38fc83b
  a  b  c  d  e  f  g  h  i  j  k  
 1\.  .  *  .  B  .  *  *  *  *  .\1
  2\.  *  *  *  *  *  *  *  *  *  .\2
   3\.  *  *  *  *  *  B  *  *  *  .\3
    4\B  *  *  *  *  *  *  *  *  B  .\4
     5\.  *  *  *  *  *  W  *  *  *  .\5
      6\.  *  *  *  *  *  *  W  *  *  .\6
       7\.  *  *  *  *  *  *  *  *  *  .\7
        8\.  *  *  *  *  *  *  *  *  *  B\8
         9\.  *  *  *  *  *  *  *  *  *  W\9
         10\.  *  *  *  *  *  *  *  *  .  w\10
          11\W  *  *  *  *  *  *  *  *  .  w\11
              a  b  c  d  e  f  g  h  i  j  k  
9ec06 info: Old: [black, k8] [white, swap-pieces] [white, h6] [black, g3] [white, k9] [black, a4] [white, a11] [black, j4] 
9ec06 info: New: [black, k8] [white, swap-pieces] [white, h6] [black, g3] [white, k9] [black, a4] [white, a11] [black, j4] [white, g5] [black, e1] 
9ec06 info: MovesPlayed: [white, g5] [black, e1] 
9ec06 info: No subtree to reuse.
9ec06 info: StartSearch()[0]
9ec06 info: 
Elapsed Time   0.361409s
Count          1
GamesPlayed    1
Nodes          1
Knowledge      0 (0.0%)
Expansions     0.0
Time           0.00
GameLen        110.0 dev=0.0 min=110.0 max=110.0
InTree         0.0 dev=0.0 min=0.0 max=0.0
KnowDepth      -
Aborted        0%
Games/s        3174.6
Score          1.00
Sequence      
9ec06 info: 
9ec06 warning: **** MoHexSearch returned empty sequence!
9ec06 warning: **** Returning random move!
9ec06 info: *** Player move: d7
8ebe6 info: DfpnSolver::CheckAbort(): Abort flag!
96bf6 info: 
MID calls      44
VC builds      43
Terminal       0
Work           44
Wasted Work    0 (0%)
Elapsed Time   0.376037
MIDs/sec       117.01
VCs/sec        114.35
Cnt prune sib  0
Avg prune sib  -
Consider Size  81.4651 dev=2.59092 min=76 max=89
Move Index     -
Move Percent   -
Delta Increase 2.74419 dev=11.3036 min=1 max=76
Winner         empty
PV             j6 c7 d8

HashTableStatistics:
Stores         596
LookupAttempt  63030
LookupSuccess  3548
Collisions     0

96bf6 info: Search aborted.
11967 info: PlayAndSolve: Building VCs to avoid race condition.
11967 info: PlayAndSolve: Continuing on as usual.
96bf6 info: *** PlayerThread ***
9ec06 info: *** SolverThread ***
8ebe6 config: VCS: reading captured set patterns from '/home/linus/MoHex2.0/nfbranchfix/benzene-vanilla-cmake/share/vc-captured-set.txt'.
8ebe6 config: VCS:: parsed 2 patterns.
8ebe6 config: VCS: reading captured set patterns from '/home/linus/MoHex2.0/nfbranchfix/benzene-vanilla-cmake/share/vc-captured-set.txt'.
8ebe6 config: VCS:: parsed 2 patterns.
8ebe6 dfpn: 
96bf6 info: Best move cannot be determined, must search state.
96bf6 info: --- MoHexPlayer::Search() ---
96bf6 info: Color: white
96bf6 info: MaxGames: 1
96bf6 info: NumberThreads: 1
96bf6 info: MaxNodes: 181818181 (15999999928 bytes)
96bf6 info: TimeForMove: 1
8ebe6 dfpn: i6
8ebe6 dfpn: j5
8ebe6 dfpn: e6
8ebe6 dfpn: f6
8ebe6 dfpn: j3
8ebe6 dfpn: j6
8ebe6 dfpn: h4
8ebe6 dfpn: j2
8ebe6 dfpn: g7
8ebe6 dfpn: f5
8ebe6 dfpn: i4
8ebe6 dfpn: e7
8ebe6 dfpn: i3
8ebe6 dfpn: e8
8ebe6 dfpn: i5
8ebe6 dfpn: b8
96bf6 info: PreSearch: max time reached (23/87).
96bf6 info: Time for PreSearch: 0.200936s
8ebe6 dfpn: c8
8ebe6 dfpn: d8
96bf6 info: 
  74554cbfcb004e90
  a  b  c  d  e  f  g  h  i  j  k  
 1\.  .  *  .  B  .  *  *  *  *  .\1
  2\.  *  *  *  *  *  *  *  *  *  .\2
   3\.  *  *  *  *  *  B  *  *  *  .\3
    4\B  *  *  *  *  *  *  *  *  B  .\4
     5\.  *  *  *  *  *  W  *  *  *  .\5
      6\.  *  *  *  *  *  *  W  *  *  .\6
       7\.  *  *  W  *  *  *  B  *  *  .\7
        8\.  *  *  *  *  *  *  *  *  *  B\8
         9\.  *  *  *  *  *  *  *  *  *  W\9
         10\.  *  *  *  *  *  *  *  *  .  w\10
          11\W  *  *  *  *  *  *  *  *  .  w\11
              a  b  c  d  e  f  g  h  i  j  k  
8ebe6 dfpn: j7
8ebe6 dfpn: c7
8ebe6 dfpn: f7
8ebe6 dfpn: c10
96bf6 info: Old: [black, k8] [white, swap-pieces] [white, h6] [black, g3] [white, k9] [black, a4] [white, a11] [black, j4] [white, g5] [black, e1] 
96bf6 info: New: [black, k8] [white, swap-pieces] [white, h6] [black, g3] [white, k9] [black, a4] [white, a11] [black, j4] [white, g5] [black, e1] [white, d7] [black, h7] 
96bf6 info: MovesPlayed: [white, d7] [black, h7] 
96bf6 info: No subtree to reuse.
8ebe6 dfpn: f8
8ebe6 dfpn: j5
96bf6 info: StartSearch()[0]
96bf6 info: 
Elapsed Time   0.357865s
Count          1
GamesPlayed    1
Nodes          1
Knowledge      0 (0.0%)
Expansions     0.0
Time           0.00
GameLen        108.0 dev=0.0 min=108.0 max=108.0
InTree         0.0 dev=0.0 min=0.0 max=0.0
KnowDepth      -
Aborted        0%
Games/s        2369.7
Score          1.00
Sequence      
96bf6 info: 
96bf6 warning: **** MoHexSearch returned empty sequence!
96bf6 warning: **** Returning random move!
96bf6 info: *** Player move: d4
8ebe6 info: DfpnSolver::CheckAbort(): Abort flag!
9ec06 info: 
MID calls      32
VC builds      30
Terminal       0
Work           32
Wasted Work    0 (0%)
Elapsed Time   0.3767
MIDs/sec       84.9482
VCs/sec        79.639
Cnt prune sib  0
Avg prune sib  -
Consider Size  45.9333 dev=30.1363 min=9 max=87
Move Index     -
Move Percent   -
Delta Increase 4 dev=14.5536 min=1 max=83
Winner         empty
PV             j5 f6 f5 e6

HashTableStatistics:
Stores         682
LookupAttempt  72398
LookupSuccess  4208
Collisions     0

9ec06 info: Search aborted.
11967 info: PlayAndSolve: Building VCs to avoid race condition.
11967 info: PlayAndSolve: Continuing on as usual.
9ec06 info: *** PlayerThread ***
96bf6 info: *** SolverThread ***
8ebe6 config: VCS: reading captured set patterns from '/home/linus/MoHex2.0/nfbranchfix/benzene-vanilla-cmake/share/vc-captured-set.txt'.
8ebe6 config: VCS:: parsed 2 patterns.
8ebe6 config: VCS: reading captured set patterns from '/home/linus/MoHex2.0/nfbranchfix/benzene-vanilla-cmake/share/vc-captured-set.txt'.
8ebe6 config: VCS:: parsed 2 patterns.
8ebe6 dfpn: 
9ec06 info: Best move cannot be determined, must search state.
9ec06 info: --- MoHexPlayer::Search() ---
9ec06 info: Color: white
9ec06 info: MaxGames: 1
9ec06 info: NumberThreads: 1
9ec06 info: MaxNodes: 181818181 (15999999928 bytes)
9ec06 info: TimeForMove: 1
8ebe6 dfpn: i6
8ebe6 dfpn: j6
8ebe6 dfpn: j3
8ebe6 dfpn: h4
8ebe6 dfpn: j2
8ebe6 dfpn: i3
8ebe6 dfpn: f6
8ebe6 dfpn: g7
8ebe6 dfpn: h5
8ebe6 dfpn: g8
8ebe6 dfpn: i4
8ebe6 dfpn: f5
8ebe6 dfpn: e6
8ebe6 dfpn: h8
9ec06 info: PreSearch: max time reached (32/84).
9ec06 info: Time for PreSearch: 0.202183s
8ebe6 dfpn: g9
8ebe6 dfpn: i7
8ebe6 dfpn: h10
9ec06 info: 
  360fda04cf7b97c6
  a  b  c  d  e  f  g  h  i  j  k  
 1\.  .  *  .  B  .  *  *  *  *  .\1
  2\.  *  *  *  *  *  *  *  *  *  .\2
   3\.  *  *  *  *  *  B  *  *  *  .\3
    4\B  *  *  W  *  *  *  *  *  B  .\4
     5\.  *  *  *  *  *  W  *  B  .  .\5
      6\.  *  *  *  *  *  *  W  *  .  .\6
       7\.  *  *  W  *  *  *  B  *  *  .\7
        8\.  *  *  *  *  *  *  *  *  *  B\8
         9\.  *  *  *  *  *  *  *  *  *  W\9
         10\.  *  *  *  *  *  *  *  *  .  w\10
          11\W  *  *  *  *  *  *  *  *  .  w\11
              a  b  c  d  e  f  g  h  i  j  k  
8ebe6 dfpn: g10
8ebe6 dfpn: j7
8ebe6 dfpn: f8
8ebe6 dfpn: f10
9ec06 info: Old: [black, k8] [white, swap-pieces] [white, h6] [black, g3] [white, k9] [black, a4] [white, a11] [black, j4] [white, g5] [black, e1] [white, d7] [black, h7] 
9ec06 info: New: [black, k8] [white, swap-pieces] [white, h6] [black, g3] [white, k9] [black, a4] [white, a11] [black, j4] [white, g5] [black, e1] [white, d7] [black, h7] [white, d4] [black, i5] 
9ec06 info: MovesPlayed: [white, d4] [black, i5] 
9ec06 info: No subtree to reuse.
8ebe6 dfpn: h3
8ebe6 dfpn: i8
8ebe6 dfpn: i6
9ec06 info: StartSearch()[0]
9ec06 info: 
Elapsed Time   0.424895s
Count          1
GamesPlayed    1
Nodes          1
Knowledge      0 (0.0%)
Expansions     0.0
Time           0.00
GameLen        106.0 dev=0.0 min=106.0 max=106.0
InTree         0.0 dev=0.0 min=0.0 max=0.0
KnowDepth      -
Aborted        0%
Games/s        2770.1
Score          1.00
Sequence      
9ec06 info: 
9ec06 warning: **** MoHexSearch returned empty sequence!
9ec06 warning: **** Returning random move!
9ec06 info: *** Player move: i9
8ebe6 info: DfpnSolver::CheckAbort(): Abort flag!
96bf6 info: 
MID calls      29
VC builds      28
Terminal       0
Work           29
Wasted Work    0 (0%)
Elapsed Time   0.446006
MIDs/sec       65.0215
VCs/sec        62.7794
Cnt prune sib  1
Avg prune sib  1 dev=0 min=1 max=1
Consider Size  51.5 dev=26.9821 min=12 max=84
Move Index     -
Move Percent   -
Delta Increase 3.10714 dev=8.69458 min=1 max=47
Winner         empty
PV             i6 g6 h5

HashTableStatistics:
Stores         763
LookupAttempt  81442
LookupSuccess  4853
Collisions     0

96bf6 info: Search aborted.
11967 info: PlayAndSolve: Building VCs to avoid race condition.
11967 info: PlayAndSolve: Continuing on as usual.
96bf6 info: *** PlayerThread ***
9ec06 info: *** SolverThread ***
8ebe6 config: VCS: reading captured set patterns from '/home/linus/MoHex2.0/nfbranchfix/benzene-vanilla-cmake/share/vc-captured-set.txt'.
8ebe6 config: VCS:: parsed 2 patterns.
8ebe6 config: VCS: reading captured set patterns from '/home/linus/MoHex2.0/nfbranchfix/benzene-vanilla-cmake/share/vc-captured-set.txt'.
8ebe6 config: VCS:: parsed 2 patterns.
8ebe6 dfpn: 
8ebe6 dfpn: i6
96bf6 info: Best move cannot be determined, must search state.
96bf6 info: --- MoHexPlayer::Search() ---
96bf6 info: Color: white
96bf6 info: MaxGames: 1
96bf6 info: NumberThreads: 1
96bf6 info: MaxNodes: 181818181 (15999999928 bytes)
96bf6 info: TimeForMove: 1
8ebe6 dfpn: j6
8ebe6 dfpn: g9
8ebe6 dfpn: j3
8ebe6 dfpn: h8
8ebe6 dfpn: h4
8ebe6 dfpn: g8
8ebe6 dfpn: g10
8ebe6 dfpn: f6
8ebe6 dfpn: f10
8ebe6 dfpn: e6
8ebe6 dfpn: g7
8ebe6 dfpn: f8
8ebe6 dfpn: j2
8ebe6 dfpn: h5
8ebe6 dfpn: f9
8ebe6 dfpn: f5
8ebe6 dfpn: e10
96bf6 info: PreSearch: max time reached (31/80).
96bf6 info: Time for PreSearch: 0.201632s
8ebe6 dfpn: i3
8ebe6 dfpn: b8
8ebe6 dfpn: h9
96bf6 info: 
  973ea96cfefb4da2
  a  b  c  d  e  f  g  h  i  j  k  
 1\.  .  *  .  B  .  *  *  *  *  .\1
  2\.  *  *  *  *  *  *  *  *  *  .\2
   3\.  *  *  *  *  *  B  *  *  *  .\3
    4\B  *  *  W  *  *  *  *  *  B  .\4
     5\.  *  *  *  *  *  W  *  B  .  .\5
      6\.  *  *  *  *  *  *  W  *  .  .\6
       7\.  *  *  W  *  *  *  B  .  *  .\7
        8\.  *  *  *  *  *  *  *  .  .  B\8
         9\.  *  *  *  *  *  *  *  W  .  W\9
         10\B  *  *  *  *  *  *  *  .  .  w\10
          11\W  *  *  *  *  *  *  .  .  .  w\11
              a  b  c  d  e  f  g  h  i  j  k  
8ebe6 dfpn: i6
96bf6 info: Old: [black, k8] [white, swap-pieces] [white, h6] [black, g3] [white, k9] [black, a4] [white, a11] [black, j4] [white, g5] [black, e1] [white, d7] [black, h7] [white, d4] [black, i5] 
96bf6 info: New: [black, k8] [white, swap-pieces] [white, h6] [black, g3] [white, k9] [black, a4] [white, a11] [black, j4] [white, g5] [black, e1] [white, d7] [black, h7] [white, d4] [black, i5] [white, i9] [black, a10] 
96bf6 info: MovesPlayed: [white, i9] [black, a10] 
96bf6 info: No subtree to reuse.
96bf6 info: StartSearch()[0]
96bf6 info: 
Elapsed Time   0.365367s
Count          1
GamesPlayed    1
Nodes          1
Knowledge      0 (0.0%)
Expansions     0.0
Time           0.00
GameLen        104.0 dev=0.0 min=104.0 max=104.0
InTree         0.0 dev=0.0 min=0.0 max=0.0
KnowDepth      -
Aborted        0%
Games/s        3039.5
Score          1.00
Sequence      
96bf6 info: 
96bf6 warning: **** MoHexSearch returned empty sequence!
96bf6 warning: **** Returning random move!
96bf6 info: *** Player move: e8
8ebe6 info: DfpnSolver::CheckAbort(): Abort flag!
9ec06 info: 
MID calls      35
VC builds      34
Terminal       0
Work           35
Wasted Work    0 (0%)
Elapsed Time   0.384398
MIDs/sec       91.0515
VCs/sec        88.45
Cnt prune sib  0
Avg prune sib  -
Consider Size  50.6471 dev=27.5189 min=8 max=80
Move Index     -
Move Percent   -
Delta Increase 3.91177 dev=13.2629 min=1 max=78
Winner         empty
PV             i6 c8 f6 b7

HashTableStatistics:
Stores         853
LookupAttempt  89860
LookupSuccess  5419
Collisions     0

9ec06 info: Search aborted.
11967 info: PlayAndSolve: Building VCs to avoid race condition.
11967 info: PlayAndSolve: Continuing on as usual.
9ec06 info: *** PlayerThread ***
96bf6 info: *** SolverThread ***
8ebe6 config: VCS: reading captured set patterns from '/home/linus/MoHex2.0/nfbranchfix/benzene-vanilla-cmake/share/vc-captured-set.txt'.
8ebe6 config: VCS:: parsed 2 patterns.
8ebe6 config: VCS: reading captured set patterns from '/home/linus/MoHex2.0/nfbranchfix/benzene-vanilla-cmake/share/vc-captured-set.txt'.
8ebe6 config: VCS:: parsed 2 patterns.
8ebe6 dfpn: 
9ec06 info: Winning SC.
9ec06 info: *** Player move: i6
96bf6 info: 
MID calls      0
VC builds      1
Terminal       1
Work           1
Wasted Work    0 (0%)
Elapsed Time   0.016395
MIDs/sec       0
VCs/sec        60.9942
Cnt prune sib  0
Avg prune sib  -
Consider Size  -
Move Index     -
Move Percent   -
Delta Increase -
Winner         white
PV             

HashTableStatistics:
Stores         854
LookupAttempt  89866
LookupSuccess  5422
Collisions     0

11967 info: PlayAndSolve: Building VCs to avoid race condition.
11967 info: PlayAndSolve: Continuing on as usual.
9ec06 info: *** SolverThread ***
96bf6 info: *** PlayerThread ***
8ebe6 config: VCS: reading captured set patterns from '/home/linus/MoHex2.0/nfbranchfix/benzene-vanilla-cmake/share/vc-captured-set.txt'.
8ebe6 config: VCS:: parsed 2 patterns.
8ebe6 config: VCS: reading captured set patterns from '/home/linus/MoHex2.0/nfbranchfix/benzene-vanilla-cmake/share/vc-captured-set.txt'.
8ebe6 config: VCS:: parsed 2 patterns.
8ebe6 dfpn: 
9ec06 info: 
MID calls      0
VC builds      1
Terminal       1
Work           1
Wasted Work    0 (0%)
Elapsed Time   0.017092
MIDs/sec       0
VCs/sec        58.5069
Cnt prune sib  0
Avg prune sib  -
Consider Size  -
Move Index     -
Move Percent   -
Delta Increase -
Winner         white
PV             

HashTableStatistics:
Stores         855
LookupAttempt  89872
LookupSuccess  5425
Collisions     0

96bf6 info: Winning SC.
96bf6 info: *** Player move: j7
11967 info: PlayAndSolve: Building VCs to avoid race condition.
11967 info: PlayAndSolve: Continuing on as usual.
9ec06 info: *** PlayerThread ***
96bf6 info: *** SolverThread ***
8ebe6 config: VCS: reading captured set patterns from '/home/linus/MoHex2.0/nfbranchfix/benzene-vanilla-cmake/share/vc-captured-set.txt'.
8ebe6 config: VCS:: parsed 2 patterns.
8ebe6 config: VCS: reading captured set patterns from '/home/linus/MoHex2.0/nfbranchfix/benzene-vanilla-cmake/share/vc-captured-set.txt'.
8ebe6 config: VCS:: parsed 2 patterns.
8ebe6 dfpn: 
9ec06 info: Winning SC.
9ec06 info: *** Player move: f7
96bf6 info: 
MID calls      0
VC builds      1
Terminal       1
Work           1
Wasted Work    0 (0%)
Elapsed Time   0.009353
MIDs/sec       0
VCs/sec        106.918
Cnt prune sib  0
Avg prune sib  -
Consider Size  -
Move Index     -
Move Percent   -
Delta Increase -
Winner         white
PV             

HashTableStatistics:
Stores         856
LookupAttempt  89878
LookupSuccess  5428
Collisions     0

11967 info: PlayAndSolve: Building VCs to avoid race condition.
11967 info: PlayAndSolve: Continuing on as usual.
96bf6 info: *** PlayerThread ***
9ec06 info: *** SolverThread ***
8ebe6 config: VCS: reading captured set patterns from '/home/linus/MoHex2.0/nfbranchfix/benzene-vanilla-cmake/share/vc-captured-set.txt'.
8ebe6 config: VCS:: parsed 2 patterns.
8ebe6 config: VCS: reading captured set patterns from '/home/linus/MoHex2.0/nfbranchfix/benzene-vanilla-cmake/share/vc-captured-set.txt'.
8ebe6 config: VCS:: parsed 2 patterns.
8ebe6 dfpn: 
96bf6 info: Winning SC.
96bf6 info: *** Player move: g7
9ec06 info: 
MID calls      0
VC builds      1
Terminal       1
Work           1
Wasted Work    0 (0%)
Elapsed Time   0.009389
MIDs/sec       0
VCs/sec        106.508
Cnt prune sib  0
Avg prune sib  -
Consider Size  -
Move Index     -
Move Percent   -
Delta Increase -
Winner         white
PV             

HashTableStatistics:
Stores         857
LookupAttempt  89884
LookupSuccess  5431
Collisions     0

11967 info: PlayAndSolve: Building VCs to avoid race condition.
11967 info: PlayAndSolve: Continuing on as usual.
9ec06 info: *** PlayerThread ***
96bf6 info: *** SolverThread ***
8ebe6 config: VCS: reading captured set patterns from '/home/linus/MoHex2.0/nfbranchfix/benzene-vanilla-cmake/share/vc-captured-set.txt'.
8ebe6 config: VCS:: parsed 2 patterns.
8ebe6 config: VCS: reading captured set patterns from '/home/linus/MoHex2.0/nfbranchfix/benzene-vanilla-cmake/share/vc-captured-set.txt'.
8ebe6 config: VCS:: parsed 2 patterns.
8ebe6 dfpn: 
9ec06 info: Winning SC.
9ec06 info: *** Player move: c8
96bf6 info: 
MID calls      0
VC builds      1
Terminal       1
Work           1
Wasted Work    0 (0%)
Elapsed Time   0.008772
MIDs/sec       0
VCs/sec        113.999
Cnt prune sib  0
Avg prune sib  -
Consider Size  -
Move Index     -
Move Percent   -
Delta Increase -
Winner         white
PV             

HashTableStatistics:
Stores         858
LookupAttempt  89890
LookupSuccess  5434
Collisions     0

11967 info: PlayAndSolve: Building VCs to avoid race condition.
11967 info: PlayAndSolve: Continuing on as usual.
96bf6 info: *** PlayerThread ***
9ec06 info: *** SolverThread ***
8ebe6 config: VCS: reading captured set patterns from '/home/linus/MoHex2.0/nfbranchfix/benzene-vanilla-cmake/share/vc-captured-set.txt'.
8ebe6 config: VCS:: parsed 2 patterns.
8ebe6 config: VCS: reading captured set patterns from '/home/linus/MoHex2.0/nfbranchfix/benzene-vanilla-cmake/share/vc-captured-set.txt'.
8ebe6 config: VCS:: parsed 2 patterns.
8ebe6 dfpn: 
96bf6 info: Winning SC.
96bf6 info: *** Player move: a9
9ec06 info: 
MID calls      0
VC builds      1
Terminal       1
Work           1
Wasted Work    0 (0%)
Elapsed Time   0.01107
MIDs/sec       0
VCs/sec        90.3342
Cnt prune sib  0
Avg prune sib  -
Consider Size  -
Move Index     -
Move Percent   -
Delta Increase -
Winner         white
PV             

HashTableStatistics:
Stores         859
LookupAttempt  89896
LookupSuccess  5437
Collisions     0

11967 info: PlayAndSolve: Building VCs to avoid race condition.
11967 info: PlayAndSolve: Continuing on as usual.
9ec06 info: *** PlayerThread ***
96bf6 info: *** SolverThread ***
8ebe6 config: VCS: reading captured set patterns from '/home/linus/MoHex2.0/nfbranchfix/benzene-vanilla-cmake/share/vc-captured-set.txt'.
8ebe6 config: VCS:: parsed 2 patterns.
8ebe6 config: VCS: reading captured set patterns from '/home/linus/MoHex2.0/nfbranchfix/benzene-vanilla-cmake/share/vc-captured-set.txt'.
8ebe6 config: VCS:: parsed 2 patterns.
8ebe6 dfpn: 
9ec06 info: Winning SC.
9ec06 info: *** Player move: j6
96bf6 info: 
MID calls      0
VC builds      1
Terminal       1
Work           1
Wasted Work    0 (0%)
Elapsed Time   0.010286
MIDs/sec       0
VCs/sec        97.2195
Cnt prune sib  0
Avg prune sib  -
Consider Size  -
Move Index     -
Move Percent   -
Delta Increase -
Winner         white
PV             

HashTableStatistics:
Stores         860
LookupAttempt  89902
LookupSuccess  5440
Collisions     0

11967 info: PlayAndSolve: Building VCs to avoid race condition.
11967 info: PlayAndSolve: Continuing on as usual.
96bf6 info: *** PlayerThread ***
9ec06 info: *** SolverThread ***
8ebe6 config: VCS: reading captured set patterns from '/home/linus/MoHex2.0/nfbranchfix/benzene-vanilla-cmake/share/vc-captured-set.txt'.
8ebe6 config: VCS:: parsed 2 patterns.
8ebe6 config: VCS: reading captured set patterns from '/home/linus/MoHex2.0/nfbranchfix/benzene-vanilla-cmake/share/vc-captured-set.txt'.
8ebe6 config: VCS:: parsed 2 patterns.
8ebe6 dfpn: 
96bf6 info: Winning SC.
96bf6 info: *** Player move: b9
9ec06 info: 
MID calls      0
VC builds      1
Terminal       1
Work           1
Wasted Work    0 (0%)
Elapsed Time   0.008316
MIDs/sec       0
VCs/sec        120.25
Cnt prune sib  0
Avg prune sib  -
Consider Size  -
Move Index     -
Move Percent   -
Delta Increase -
Winner         white
PV             

HashTableStatistics:
Stores         861
LookupAttempt  89908
LookupSuccess  5443
Collisions     0

11967 info: PlayAndSolve: Building VCs to avoid race condition.
11967 info: PlayAndSolve: Continuing on as usual.
9ec06 info: *** PlayerThread ***
96bf6 info: *** SolverThread ***
8ebe6 config: VCS: reading captured set patterns from '/home/linus/MoHex2.0/nfbranchfix/benzene-vanilla-cmake/share/vc-captured-set.txt'.
8ebe6 config: VCS:: parsed 2 patterns.
8ebe6 config: VCS: reading captured set patterns from '/home/linus/MoHex2.0/nfbranchfix/benzene-vanilla-cmake/share/vc-captured-set.txt'.
8ebe6 config: VCS:: parsed 2 patterns.
8ebe6 dfpn: 
9ec06 info: Winning SC.
9ec06 info: *** Player move: k7
96bf6 info: 
MID calls      0
VC builds      1
Terminal       1
Work           1
Wasted Work    0 (0%)
Elapsed Time   0.00994
MIDs/sec       0
VCs/sec        100.604
Cnt prune sib  0
Avg prune sib  -
Consider Size  -
Move Index     -
Move Percent   -
Delta Increase -
Winner         white
PV             

HashTableStatistics:
Stores         862
LookupAttempt  89914
LookupSuccess  5446
Collisions     0

11967 info: PlayAndSolve: Building VCs to avoid race condition.
11967 info: PlayAndSolve: Continuing on as usual.
96bf6 info: *** PlayerThread ***
9ec06 info: *** SolverThread ***
8ebe6 config: VCS: reading captured set patterns from '/home/linus/MoHex2.0/nfbranchfix/benzene-vanilla-cmake/share/vc-captured-set.txt'.
8ebe6 config: VCS:: parsed 2 patterns.
8ebe6 config: VCS: reading captured set patterns from '/home/linus/MoHex2.0/nfbranchfix/benzene-vanilla-cmake/share/vc-captured-set.txt'.
8ebe6 config: VCS:: parsed 2 patterns.
8ebe6 dfpn: 
96bf6 info: Winning SC.
96bf6 info: *** Player move: e7
9ec06 info: 
MID calls      0
VC builds      1
Terminal       1
Work           1
Wasted Work    0 (0%)
Elapsed Time   0.007657
MIDs/sec       0
VCs/sec        130.599
Cnt prune sib  0
Avg prune sib  -
Consider Size  -
Move Index     -
Move Percent   -
Delta Increase -
Winner         white
PV             

HashTableStatistics:
Stores         863
LookupAttempt  89920
LookupSuccess  5449
Collisions     0

11967 config: ============ BenzeneShutdown =============
11967 config: MoHexProgram:: ShutdownSystem()
11967 config: CommonProgram:: ShutdownSystem()
11967 config: BenzeneProgram:: ShutdownSystem()
Flushing and closing this stream...
