# nice ../build/src/mohex/mohex --config mohex-cg2010.htp --seed 818459 --logfile-name jobs/11x11-mohex-mohex-cg2010-vs-mohex-mohex-weak/mohex-mohex-cg2010-51.log
>boardsize 11 11
MoHex 2.0.CMake Mar 21 2025
Copyright (C) 2007-2012 by the authors of the Benzene project.
This program comes with ABSOLUTELY NO WARRANTY. This is
free software and you are welcome to redistribute it under
certain conditions. Type `benzene-license' for details.

SgRandom::SetSeed: 818459
SgUctSearch: system memory 33632358400, using 1000000000 (5681818 nodes)
SgRandom::SetSeed: 1
SgRandom::SetSeed: 818459
0a057 info: Prior Patterns:
0a057 info: Global:
0a057 info: Size            = 565 32648 
0a057 info: TableEntries    = 65932 65910
0a057 info: MirrorsAdded    = 0 0
0a057 info: PrunableCount   = 30593 30629
0a057 info: LargestGamma    = 5820.77
0a057 info: SmallestGamma   = 6.6e-05
0a057 info: Local:
0a057 info: Size            = 550 5318 
0a057 info: TableEntries    = 11602 11588
0a057 info: MirrorsAdded    = 0 0
0a057 info: PrunableCount   = 3659 3667
0a057 info: LargestGamma    = 11281.8
0a057 info: SmallestGamma   = 0.026235
0a057 info: Playout Patterns:
0a057 info: Global:
0a057 info: Size            = 565 32648 
0a057 info: TableEntries    = 70329 70329
0a057 info: MirrorsAdded    = 4397 4419
0a057 info: PrunableCount   = 30593 30629
0a057 info: LargestGamma    = 5820.77
0a057 info: SmallestGamma   = 6.6e-05
0a057 info: Local:
0a057 info: Size            = 550 5318 
0a057 info: TableEntries    = 11602 11588
0a057 info: MirrorsAdded    = 0 0
0a057 info: PrunableCount   = 3659 3667
0a057 info: LargestGamma    = 11281.8
0a057 info: SmallestGamma   = 0.026235
param_game allow_swap 1
= 

param_mohex max_memory 32000000000
= 

param_mohex num_threads 1
= 

param_mohex max_time 1
= 

param_mohex max_games 1
= 

param_mohex knowledge_threshold 400
= 

param_mohex reuse_subtree 1
= 

param_mohex use_parallel_solver 1
= 

<= 
<
>name
<= MoHex
<
>version
<= 2.0.CMake
<
>play b c4
<= 
<
>genmove w
<= swap-pieces
<
>showboard
0a057 info: SwapCheck: reading from '/home/linus/MoHex2.0/nfbranchfix/benzene-vanilla-cmake/share/swap-moves.txt'.
0a057 info: SwapCheck: playing swap.
<= 
< 
<  3c8abd09a0544597
<  a  b  c  d  e  f  g  h  i  j  k  
< 1\.  .  .  .  .  .  .  .  .  .  .\1
<  2\.  .  .  .  .  .  .  .  .  .  .\2
<   3\.  .  .  .  .  .  .  .  .  .  .\3
<    4\.  .  B  .  .  .  .  .  .  .  .\4
<     5\.  .  .  .  .  .  .  .  .  .  .\5
<      6\.  .  .  .  .  .  .  .  .  .  .\6
<       7\.  .  .  .  .  .  .  .  .  .  .\7
<        8\.  .  .  .  .  .  .  .  .  .  .\8
<         9\.  .  .  .  .  .  .  .  .  .  .\9
<         10\.  .  .  .  .  .  .  .  .  .  .\10
<          11\.  .  .  .  .  .  .  .  .  .  .\11
<              a  b  c  d  e  f  g  h  i  j  k  
<
>play w d2
<= 
<
>showboard
<= 
< 
<  b04f28e566ca5eb7
<  a  b  c  d  e  f  g  h  i  j  k  
< 1\.  .  .  .  .  .  .  .  .  .  .\1
<  2\.  .  .  W  .  .  .  .  .  .  .\2
<   3\.  .  .  .  .  .  .  .  .  .  .\3
<    4\.  .  B  .  .  .  .  .  .  .  .\4
<     5\.  .  .  .  .  .  .  .  .  .  .\5
<      6\.  .  .  .  .  .  .  .  .  .  .\6
<       7\.  .  .  .  .  .  .  .  .  .  .\7
<        8\.  .  .  .  .  .  .  .  .  .  .\8
<         9\.  .  .  .  .  .  .  .  .  .  .\9
<         10\.  .  .  .  .  .  .  .  .  .  .\10
<          11\.  .  .  .  .  .  .  .  .  .  .\11
<              a  b  c  d  e  f  g  h  i  j  k  
<
>genmove b
<= b1
<
>showboard
0a057 info: PlayAndSolve: Building VCs to avoid race condition.
0a057 info: PlayAndSolve: Continuing on as usual.
972f6 info: *** PlayerThread ***
8f2e6 info: *** SolverThread ***
972f6 info: Best move cannot be determined, must search state.
972f6 info: --- MoHexPlayer::Search() ---
972f6 info: Color: black
972f6 info: MaxGames: 1
972f6 info: NumberThreads: 1
972f6 info: MaxNodes: 181818181 (15999999928 bytes)
972f6 info: TimeForMove: 1
972f6 info: PreSearch: max time reached (41/91).
972f6 info: Time for PreSearch: 0.204347s
972f6 info: 
  b04f28e566ca5eb7
  a  b  c  d  e  f  g  h  i  j  k  
 1\.  .  .  .  .  .  .  .  .  .  .\1
  2\.  .  .  W  *  *  *  *  *  *  *\2
   3\.  *  *  *  *  *  *  *  *  *  *\3
    4\*  *  B  *  *  *  *  *  *  *  *\4
     5\*  *  *  *  *  *  *  *  *  *  *\5
      6\*  *  *  *  *  *  *  *  *  *  *\6
       7\*  *  *  *  *  *  *  *  *  *  *\7
        8\*  *  *  *  *  *  *  *  *  *  *\8
         9\*  *  *  *  *  *  *  *  *  *  .\9
         10\*  *  *  *  *  *  *  *  *  .  .\10
          11\.  .  .  .  .  .  .  .  .  .  .\11
              a  b  c  d  e  f  g  h  i  j  k  
972f6 info: No subtree to reuse.
972f6 info: Creating thread 0
972f6 info: StartSearch()[0]
SgUctSearch: max games reached
972f6 info: 
Elapsed Time   0.393264s
Count          1
GamesPlayed    1
Nodes          1
Knowledge      0 (0.0%)
Expansions     0.0
Time           0.00
GameLen        119.0 dev=0.0 min=119.0 max=119.0
InTree         0.0 dev=0.0 min=0.0 max=0.0
KnowDepth      -
Aborted        0%
Games/s        340.7
Score          0.00
Sequence      
972f6 info: 
972f6 warning: **** MoHexSearch returned empty sequence!
972f6 warning: **** Returning random move!
972f6 info: *** Player move: b1
bfff6 info: DfpnSolver::CheckAbort(): Abort flag!
8f2e6 info: 
MID calls      40
VC builds      39
Terminal       0
Work           40
Wasted Work    0 (0%)
Elapsed Time   0.413084
MIDs/sec       96.8326
VCs/sec        94.4118
Cnt prune sib  0
Avg prune sib  -
Consider Size  85.6667 dev=1.71434 min=82 max=91
Move Index     -
Move Percent   -
Delta Increase 3.07692 dev=12.803 min=1 max=82
Winner         empty
PV             j2 b10 i4

HashTableStatistics:
Stores         104
LookupAttempt  12035
LookupSuccess  718
Collisions     0

8f2e6 info: Search aborted.
<= 
< 
<  686e4486de3803e8
<  a  b  c  d  e  f  g  h  i  j  k  
< 1\.  B  .  .  .  .  .  .  .  .  .\1
<  2\.  .  .  W  .  .  .  .  .  .  .\2
<   3\.  .  .  .  .  .  .  .  .  .  .\3
<    4\.  .  B  .  .  .  .  .  .  .  .\4
<     5\.  .  .  .  .  .  .  .  .  .  .\5
<      6\.  .  .  .  .  .  .  .  .  .  .\6
<       7\.  .  .  .  .  .  .  .  .  .  .\7
<        8\.  .  .  .  .  .  .  .  .  .  .\8
<         9\.  .  .  .  .  .  .  .  .  .  .\9
<         10\.  .  .  .  .  .  .  .  .  .  .\10
<          11\.  .  .  .  .  .  .  .  .  .  .\11
<              a  b  c  d  e  f  g  h  i  j  k  
<
>play w g1
<= 
<
>showboard
<= 
< 
<  c837486ca486771b
<  a  b  c  d  e  f  g  h  i  j  k  
< 1\.  B  .  .  .  .  W  .  .  .  .\1
<  2\.  .  .  W  .  .  .  .  .  .  .\2
<   3\.  .  .  .  .  .  .  .  .  .  .\3
<    4\.  .  B  .  .  .  .  .  .  .  .\4
<     5\.  .  .  .  .  .  .  .  .  .  .\5
<      6\.  .  .  .  .  .  .  .  .  .  .\6
<       7\.  .  .  .  .  .  .  .  .  .  .\7
<        8\.  .  .  .  .  .  .  .  .  .  .\8
<         9\.  .  .  .  .  .  .  .  .  .  .\9
<         10\.  .  .  .  .  .  .  .  .  .  .\10
<          11\.  .  .  .  .  .  .  .  .  .  .\11
<              a  b  c  d  e  f  g  h  i  j  k  
<
>genmove b
<= i2
<
>showboard
0a057 info: PlayAndSolve: Building VCs to avoid race condition.
0a057 info: PlayAndSolve: Continuing on as usual.
8f2e6 info: *** PlayerThread ***
972f6 info: *** SolverThread ***
8f2e6 info: Best move cannot be determined, must search state.
8f2e6 info: --- MoHexPlayer::Search() ---
8f2e6 info: Color: black
8f2e6 info: MaxGames: 1
8f2e6 info: NumberThreads: 1
8f2e6 info: MaxNodes: 181818181 (15999999928 bytes)
8f2e6 info: TimeForMove: 1
8f2e6 info: PreSearch: max time reached (41/90).
8f2e6 info: Time for PreSearch: 0.204464s
8f2e6 info: 
  c837486ca486771b
  a  b  c  d  e  f  g  h  i  j  k  
 1\b  B  b  b  .  .  W  .  .  .  .\1
  2\.  .  .  W  *  *  *  *  *  *  *\2
   3\.  *  *  *  *  *  *  *  *  *  *\3
    4\*  *  B  *  *  *  *  *  *  *  *\4
     5\*  *  *  *  *  *  *  *  *  *  *\5
      6\*  *  *  *  *  *  *  *  *  *  *\6
       7\*  *  *  *  *  *  *  *  *  *  *\7
        8\*  *  *  *  *  *  *  *  *  *  *\8
         9\*  *  *  *  *  *  *  *  *  *  .\9
         10\*  *  *  *  *  *  *  *  *  .  .\10
          11\.  .  .  .  .  .  .  .  .  .  .\11
              a  b  c  d  e  f  g  h  i  j  k  
8f2e6 info: Old: [black, c4] [white, swap-pieces] [white, d2] 
8f2e6 info: New: [black, c4] [white, swap-pieces] [white, d2] [black, b1] [white, g1] 
8f2e6 info: MovesPlayed: [black, b1] [white, g1] 
8f2e6 info: No subtree to reuse.
8f2e6 info: StartSearch()[0]
SgUctSearch: max games reached
8f2e6 info: 
Elapsed Time   0.393592s
Count          1
GamesPlayed    1
Nodes          1
Knowledge      0 (0.0%)
Expansions     0.0
Time           0.00
GameLen        114.0 dev=0.0 min=114.0 max=114.0
InTree         0.0 dev=0.0 min=0.0 max=0.0
KnowDepth      -
Aborted        0%
Games/s        2525.3
Score          1.00
Sequence      
8f2e6 info: 
8f2e6 warning: **** MoHexSearch returned empty sequence!
8f2e6 warning: **** Returning random move!
8f2e6 info: *** Player move: i2
bfff6 info: DfpnSolver::CheckAbort(): Abort flag!
972f6 info: 
MID calls      44
VC builds      43
Terminal       0
Work           44
Wasted Work    0 (0%)
Elapsed Time   0.413252
MIDs/sec       106.473
VCs/sec        104.053
Cnt prune sib  0
Avg prune sib  -
Consider Size  83.6512 dev=2.36087 min=78 max=90
Move Index     -
Move Percent   -
Delta Increase 2.81395 dev=11.6024 min=1 max=78
Winner         empty
PV             i2 h6 f7

HashTableStatistics:
Stores         216
LookupAttempt  24230
LookupSuccess  1440
Collisions     0

972f6 info: Search aborted.
<= 
< 
<  786813d0e0076049
<  a  b  c  d  e  f  g  h  i  j  k  
< 1\.  B  .  .  .  .  W  .  .  .  .\1
<  2\.  .  .  W  .  .  .  .  B  .  .\2
<   3\.  .  .  .  .  .  .  .  .  .  .\3
<    4\.  .  B  .  .  .  .  .  .  .  .\4
<     5\.  .  .  .  .  .  .  .  .  .  .\5
<      6\.  .  .  .  .  .  .  .  .  .  .\6
<       7\.  .  .  .  .  .  .  .  .  .  .\7
<        8\.  .  .  .  .  .  .  .  .  .  .\8
<         9\.  .  .  .  .  .  .  .  .  .  .\9
<         10\.  .  .  .  .  .  .  .  .  .  .\10
<          11\.  .  .  .  .  .  .  .  .  .  .\11
<              a  b  c  d  e  f  g  h  i  j  k  
<
>play w j7
<= 
<
>showboard
<= 
< 
<  03551caf029ff15c
<  a  b  c  d  e  f  g  h  i  j  k  
< 1\.  B  .  .  .  .  W  .  .  .  .\1
<  2\.  .  .  W  .  .  .  .  B  .  .\2
<   3\.  .  .  .  .  .  .  .  .  .  .\3
<    4\.  .  B  .  .  .  .  .  .  .  .\4
<     5\.  .  .  .  .  .  .  .  .  .  .\5
<      6\.  .  .  .  .  .  .  .  .  .  .\6
<       7\.  .  .  .  .  .  .  .  .  W  .\7
<        8\.  .  .  .  .  .  .  .  .  .  .\8
<         9\.  .  .  .  .  .  .  .  .  .  .\9
<         10\.  .  .  .  .  .  .  .  .  .  .\10
<          11\.  .  .  .  .  .  .  .  .  .  .\11
<              a  b  c  d  e  f  g  h  i  j  k  
<
>genmove b
<= j9
<
>showboard
0a057 info: PlayAndSolve: Building VCs to avoid race condition.
0a057 info: PlayAndSolve: Continuing on as usual.
972f6 info: *** PlayerThread ***
8f2e6 info: *** SolverThread ***
972f6 info: Best move cannot be determined, must search state.
972f6 info: --- MoHexPlayer::Search() ---
972f6 info: Color: black
972f6 info: MaxGames: 1
972f6 info: NumberThreads: 1
972f6 info: MaxNodes: 181818181 (15999999928 bytes)
972f6 info: TimeForMove: 1
972f6 info: PreSearch: max time reached (44/79).
972f6 info: Time for PreSearch: 0.202108s
972f6 info: 
  03551caf029ff15c
  a  b  c  d  e  f  g  h  i  j  k  
 1\b  B  b  b  .  .  W  .  b  b  .\1
  2\.  .  .  W  *  *  *  .  B  .  *\2
   3\.  *  *  *  *  *  *  *  *  *  *\3
    4\*  *  B  *  *  *  *  *  *  *  .\4
     5\*  *  *  *  *  *  *  *  *  *  w\5
      6\*  *  *  *  *  *  *  *  *  .  w\6
       7\*  *  *  *  *  *  *  *  *  W  w\7
        8\*  *  *  *  *  *  *  *  *  .  w\8
         9\*  *  *  *  *  *  *  *  *  *  .\9
         10\*  *  *  *  *  *  *  *  *  .  .\10
          11\.  .  .  .  .  .  .  .  .  .  .\11
              a  b  c  d  e  f  g  h  i  j  k  
972f6 info: Old: [black, c4] [white, swap-pieces] [white, d2] [black, b1] [white, g1] 
972f6 info: New: [black, c4] [white, swap-pieces] [white, d2] [black, b1] [white, g1] [black, i2] [white, j7] 
972f6 info: MovesPlayed: [black, i2] [white, j7] 
972f6 info: No subtree to reuse.
972f6 info: StartSearch()[0]
SgUctSearch: max games reached
972f6 info: 
Elapsed Time   0.642115s
Count          1
GamesPlayed    1
Nodes          1
Knowledge      0 (0.0%)
Expansions     0.0
Time           0.00
GameLen        106.0 dev=0.0 min=106.0 max=106.0
InTree         0.0 dev=0.0 min=0.0 max=0.0
KnowDepth      -
Aborted        0%
Games/s        2732.2
Score          1.00
Sequence      
972f6 info: 
972f6 warning: **** MoHexSearch returned empty sequence!
972f6 warning: **** Returning random move!
972f6 info: *** Player move: j9
bfff6 info: DfpnSolver::CheckAbort(): Abort flag!
8f2e6 info: 
MID calls      102
VC builds      98
Terminal       0
Work           102
Wasted Work    0 (0%)
Elapsed Time   0.656307
MIDs/sec       155.415
VCs/sec        149.32
Cnt prune sib  1
Avg prune sib  1 dev=0 min=1 max=1
Consider Size  72.0612 dev=4.24207 min=49 max=79
Move Index     -
Move Percent   -
Delta Increase 3.14851 dev=11.8241 min=1 max=72
Winner         empty
PV             h3 b10 h7 h5

HashTableStatistics:
Stores         441
LookupAttempt  38578
LookupSuccess  2120
Collisions     0

8f2e6 info: Search aborted.
<= 
< 
<  5c396b805791e4e2
<  a  b  c  d  e  f  g  h  i  j  k  
< 1\.  B  .  .  .  .  W  .  .  .  .\1
<  2\.  .  .  W  .  .  .  .  B  .  .\2
<   3\.  .  .  .  .  .  .  .  .  .  .\3
<    4\.  .  B  .  .  .  .  .  .  .  .\4
<     5\.  .  .  .  .  .  .  .  .  .  .\5
<      6\.  .  .  .  .  .  .  .  .  .  .\6
<       7\.  .  .  .  .  .  .  .  .  W  .\7
<        8\.  .  .  .  .  .  .  .  .  .  .\8
<         9\.  .  .  .  .  .  .  .  .  B  .\9
<         10\.  .  .  .  .  .  .  .  .  .  .\10
<          11\.  .  .  .  .  .  .  .  .  .  .\11
<              a  b  c  d  e  f  g  h  i  j  k  
<
>play w j6
<= 
<
>showboard
<= 
< 
<  2fe38a5cc9402478
<  a  b  c  d  e  f  g  h  i  j  k  
< 1\.  B  .  .  .  .  W  .  .  .  .\1
<  2\.  .  .  W  .  .  .  .  B  .  .\2
<   3\.  .  .  .  .  .  .  .  .  .  .\3
<    4\.  .  B  .  .  .  .  .  .  .  .\4
<     5\.  .  .  .  .  .  .  .  .  .  .\5
<      6\.  .  .  .  .  .  .  .  .  W  .\6
<       7\.  .  .  .  .  .  .  .  .  W  .\7
<        8\.  .  .  .  .  .  .  .  .  .  .\8
<         9\.  .  .  .  .  .  .  .  .  B  .\9
<         10\.  .  .  .  .  .  .  .  .  .  .\10
<          11\.  .  .  .  .  .  .  .  .  .  .\11
<              a  b  c  d  e  f  g  h  i  j  k  
<
>genmove b
<= f9
<
>showboard
0a057 info: PlayAndSolve: Building VCs to avoid race condition.
0a057 info: PlayAndSolve: Continuing on as usual.
8f2e6 info: *** PlayerThread ***
972f6 info: *** SolverThread ***
8f2e6 info: Best move cannot be determined, must search state.
8f2e6 info: --- MoHexPlayer::Search() ---
8f2e6 info: Color: black
8f2e6 info: MaxGames: 1
8f2e6 info: NumberThreads: 1
8f2e6 info: MaxNodes: 181818181 (15999999928 bytes)
8f2e6 info: TimeForMove: 1
8f2e6 info: PreSearch: max time reached (53/76).
8f2e6 info: Time for PreSearch: 0.204961s
8f2e6 info: 
  2fe38a5cc9402478
  a  b  c  d  e  f  g  h  i  j  k  
 1\b  B  b  b  .  .  W  .  b  b  .\1
  2\.  .  .  W  *  *  *  .  B  .  *\2
   3\.  *  *  *  *  *  *  *  *  *  .\3
    4\*  *  B  *  *  *  *  *  *  *  w\4
     5\*  *  *  *  *  *  *  *  *  .  w\5
      6\*  *  *  *  *  *  *  *  *  W  w\6
       7\*  *  *  *  *  *  *  *  *  W  b\7
        8\*  *  *  *  *  *  *  *  *  .  b\8
         9\*  *  *  *  *  *  *  *  *  B  .\9
         10\*  *  *  *  *  *  *  *  *  .  .\10
          11\.  .  .  .  .  .  .  .  .  .  .\11
              a  b  c  d  e  f  g  h  i  j  k  
8f2e6 info: Old: [black, c4] [white, swap-pieces] [white, d2] [black, b1] [white, g1] [black, i2] [white, j7] 
8f2e6 info: New: [black, c4] [white, swap-pieces] [white, d2] [black, b1] [white, g1] [black, i2] [white, j7] [black, j9] [white, j6] 
8f2e6 info: MovesPlayed: [black, j9] [white, j6] 
8f2e6 info: No subtree to reuse.
8f2e6 info: StartSearch()[0]
SgUctSearch: max games reached
8f2e6 info: 
Elapsed Time   0.387091s
Count          1
GamesPlayed    1
Nodes          1
Knowledge      0 (0.0%)
Expansions     0.0
Time           0.00
GameLen        103.0 dev=0.0 min=103.0 max=103.0
InTree         0.0 dev=0.0 min=0.0 max=0.0
KnowDepth      -
Aborted        0%
Games/s        2967.4
Score          1.00
Sequence      
8f2e6 info: 
8f2e6 warning: **** MoHexSearch returned empty sequence!
8f2e6 warning: **** Returning random move!
8f2e6 info: *** Player move: f9
bfff6 info: DfpnSolver::CheckAbort(): Abort flag!
972f6 info: 
MID calls      62
VC builds      60
Terminal       0
Work           62
Wasted Work    0 (0%)
Elapsed Time   0.398572
MIDs/sec       155.555
VCs/sec        150.537
Cnt prune sib  0
Avg prune sib  -
Consider Size  66.1167 dev=12.3626 min=26 max=76
Move Index     -
Move Percent   -
Delta Increase 3.26229 dev=10.8928 min=1 max=72
Winner         empty
PV             e7 i3 g4

HashTableStatistics:
Stores         585
LookupAttempt  48779
LookupSuccess  2670
Collisions     0

972f6 info: Search aborted.
<= 
< 
<  a9e4322fb2001ade
<  a  b  c  d  e  f  g  h  i  j  k  
< 1\.  B  .  .  .  .  W  .  .  .  .\1
<  2\.  .  .  W  .  .  .  .  B  .  .\2
<   3\.  .  .  .  .  .  .  .  .  .  .\3
<    4\.  .  B  .  .  .  .  .  .  .  .\4
<     5\.  .  .  .  .  .  .  .  .  .  .\5
<      6\.  .  .  .  .  .  .  .  .  W  .\6
<       7\.  .  .  .  .  .  .  .  .  W  .\7
<        8\.  .  .  .  .  .  .  .  .  .  .\8
<         9\.  .  .  .  .  B  .  .  .  B  .\9
<         10\.  .  .  .  .  .  .  .  .  .  .\10
<          11\.  .  .  .  .  .  .  .  .  .  .\11
<              a  b  c  d  e  f  g  h  i  j  k  
<
>play w f1
<= 
<
>showboard
<= 
< 
<  ecb225b64bb4b8fd
<  a  b  c  d  e  f  g  h  i  j  k  
< 1\.  B  .  .  .  W  W  .  .  .  .\1
<  2\.  .  .  W  .  .  .  .  B  .  .\2
<   3\.  .  .  .  .  .  .  .  .  .  .\3
<    4\.  .  B  .  .  .  .  .  .  .  .\4
<     5\.  .  .  .  .  .  .  .  .  .  .\5
<      6\.  .  .  .  .  .  .  .  .  W  .\6
<       7\.  .  .  .  .  .  .  .  .  W  .\7
<        8\.  .  .  .  .  .  .  .  .  .  .\8
<         9\.  .  .  .  .  B  .  .  .  B  .\9
<         10\.  .  .  .  .  .  .  .  .  .  .\10
<          11\.  .  .  .  .  .  .  .  .  .  .\11
<              a  b  c  d  e  f  g  h  i  j  k  
<
>genmove b
<= e1
<
>showboard
0a057 info: PlayAndSolve: Building VCs to avoid race condition.
0a057 info: PlayAndSolve: Continuing on as usual.
972f6 info: *** PlayerThread ***
8f2e6 info: *** SolverThread ***
972f6 info: Best move cannot be determined, must search state.
972f6 info: --- MoHexPlayer::Search() ---
972f6 info: Color: black
972f6 info: MaxGames: 1
972f6 info: NumberThreads: 1
972f6 info: MaxNodes: 181818181 (15999999928 bytes)
972f6 info: TimeForMove: 1
972f6 info: PreSearch: max time reached (53/74).
972f6 info: Time for PreSearch: 0.201086s
972f6 info: 
  ecb225b64bb4b8fd
  a  b  c  d  e  f  g  h  i  j  k  
 1\b  B  b  b  .  W  W  .  b  b  .\1
  2\.  .  .  W  *  *  *  .  B  .  *\2
   3\.  *  *  *  *  *  *  *  *  *  .\3
    4\*  *  B  *  *  *  *  *  *  *  w\4
     5\*  *  *  *  *  *  *  *  *  .  w\5
      6\*  *  *  *  *  *  *  *  *  W  w\6
       7\*  *  *  *  *  *  *  *  *  W  b\7
        8\*  *  *  *  *  *  *  *  *  .  b\8
         9\*  *  *  *  *  B  *  *  *  B  .\9
         10\*  *  *  *  *  .  *  *  *  .  .\10
          11\.  .  .  .  .  .  .  .  .  .  .\11
              a  b  c  d  e  f  g  h  i  j  k  
972f6 info: Old: [black, c4] [white, swap-pieces] [white, d2] [black, b1] [white, g1] [black, i2] [white, j7] [black, j9] [white, j6] 
972f6 info: New: [black, c4] [white, swap-pieces] [white, d2] [black, b1] [white, g1] [black, i2] [white, j7] [black, j9] [white, j6] [black, f9] [white, f1] 
972f6 info: MovesPlayed: [black, f9] [white, f1] 
972f6 info: No subtree to reuse.
972f6 info: StartSearch()[0]
SgUctSearch: max games reached
972f6 info: 
Elapsed Time   0.353906s
Count          1
GamesPlayed    1
Nodes          1
Knowledge      0 (0.0%)
Expansions     0.0
Time           0.00
GameLen        101.0 dev=0.0 min=101.0 max=101.0
InTree         0.0 dev=0.0 min=0.0 max=0.0
KnowDepth      -
Aborted        0%
Games/s        2976.2
Score          1.00
Sequence      
972f6 info: 
972f6 warning: **** MoHexSearch returned empty sequence!
972f6 warning: **** Returning random move!
972f6 info: *** Player move: e1
bfff6 info: DfpnSolver::CheckAbort(): Abort flag!
8f2e6 info: 
MID calls      47
VC builds      45
Terminal       0
Work           47
Wasted Work    0 (0%)
Elapsed Time   0.367279
MIDs/sec       127.968
VCs/sec        122.523
Cnt prune sib  0
Avg prune sib  -
Consider Size  64.7778 dev=11.7736 min=27 max=74
Move Index     -
Move Percent   -
Delta Increase 3.15217 dev=10.9067 min=1 max=71
Winner         empty
PV             h4 i3 d8 h3

HashTableStatistics:
Stores         698
LookupAttempt  57712
LookupSuccess  3204
Collisions     0

8f2e6 info: Search aborted.
<= 
< 
<  b45f16742ab90440
<  a  b  c  d  e  f  g  h  i  j  k  
< 1\.  B  .  .  B  W  W  .  .  .  .\1
<  2\.  .  .  W  .  .  .  .  B  .  .\2
<   3\.  .  .  .  .  .  .  .  .  .  .\3
<    4\.  .  B  .  .  .  .  .  .  .  .\4
<     5\.  .  .  .  .  .  .  .  .  .  .\5
<      6\.  .  .  .  .  .  .  .  .  W  .\6
<       7\.  .  .  .  .  .  .  .  .  W  .\7
<        8\.  .  .  .  .  .  .  .  .  .  .\8
<         9\.  .  .  .  .  B  .  .  .  B  .\9
<         10\.  .  .  .  .  .  .  .  .  .  .\10
<          11\.  .  .  .  .  .  .  .  .  .  .\11
<              a  b  c  d  e  f  g  h  i  j  k  
<
>play w a6
<= 
<
>showboard
<= 
< 
<  d971b23f19d3d53e
<  a  b  c  d  e  f  g  h  i  j  k  
< 1\.  B  .  .  B  W  W  .  .  .  .\1
<  2\.  .  .  W  .  .  .  .  B  .  .\2
<   3\.  .  .  .  .  .  .  .  .  .  .\3
<    4\.  .  B  .  .  .  .  .  .  .  .\4
<     5\.  .  .  .  .  .  .  .  .  .  .\5
<      6\W  .  .  .  .  .  .  .  .  W  .\6
<       7\.  .  .  .  .  .  .  .  .  W  .\7
<        8\.  .  .  .  .  .  .  .  .  .  .\8
<         9\.  .  .  .  .  B  .  .  .  B  .\9
<         10\.  .  .  .  .  .  .  .  .  .  .\10
<          11\.  .  .  .  .  .  .  .  .  .  .\11
<              a  b  c  d  e  f  g  h  i  j  k  
<
>genmove b
<= g4
<
>showboard
0a057 info: PlayAndSolve: Building VCs to avoid race condition.
0a057 info: PlayAndSolve: Continuing on as usual.
8f2e6 info: *** PlayerThread ***
972f6 info: *** SolverThread ***
8f2e6 info: Best move cannot be determined, must search state.
8f2e6 info: --- MoHexPlayer::Search() ---
8f2e6 info: Color: black
8f2e6 info: MaxGames: 1
8f2e6 info: NumberThreads: 1
8f2e6 info: MaxNodes: 181818181 (15999999928 bytes)
8f2e6 info: TimeForMove: 1
8f2e6 info: PreSearch: max time reached (47/71).
8f2e6 info: Time for PreSearch: 0.204678s
8f2e6 info: 
  d971b23f19d3d53e
  a  b  c  d  e  f  g  h  i  j  k  
 1\b  B  b  b  B  W  W  .  b  b  .\1
  2\.  .  .  W  *  *  *  .  B  .  *\2
   3\.  *  .  *  *  *  *  *  *  *  .\3
    4\*  .  B  *  *  *  *  *  *  *  w\4
     5\.  *  *  *  *  *  *  *  *  .  w\5
      6\W  *  *  *  *  *  *  *  *  W  w\6
       7\.  *  *  *  *  *  *  *  *  W  b\7
        8\*  *  *  *  *  *  *  *  *  .  b\8
         9\*  *  *  *  *  B  *  *  *  B  .\9
         10\*  *  *  *  *  .  *  *  *  .  .\10
          11\.  .  .  .  .  .  .  .  .  .  .\11
              a  b  c  d  e  f  g  h  i  j  k  
8f2e6 info: Old: [black, c4] [white, swap-pieces] [white, d2] [black, b1] [white, g1] [black, i2] [white, j7] [black, j9] [white, j6] [black, f9] [white, f1] 
8f2e6 info: New: [black, c4] [white, swap-pieces] [white, d2] [black, b1] [white, g1] [black, i2] [white, j7] [black, j9] [white, j6] [black, f9] [white, f1] [black, e1] [white, a6] 
8f2e6 info: MovesPlayed: [black, e1] [white, a6] 
8f2e6 info: No subtree to reuse.
8f2e6 info: StartSearch()[0]
SgUctSearch: max games reached
8f2e6 info: 
Elapsed Time   0.394268s
Count          1
GamesPlayed    1
Nodes          1
Knowledge      0 (0.0%)
Expansions     0.0
Time           0.00
GameLen        99.0 dev=0.0 min=99.0 max=99.0
InTree         0.0 dev=0.0 min=0.0 max=0.0
KnowDepth      -
Aborted        0%
Games/s        2924.0
Score          1.00
Sequence      
8f2e6 info: 
8f2e6 warning: **** MoHexSearch returned empty sequence!
8f2e6 warning: **** Returning random move!
8f2e6 info: *** Player move: g4
bfff6 info: DfpnSolver::CheckAbort(): Abort flag!
972f6 info: 
MID calls      54
VC builds      52
Terminal       0
Work           54
Wasted Work    0 (0%)
Elapsed Time   0.409494
MIDs/sec       131.87
VCs/sec        126.986
Cnt prune sib  1
Avg prune sib  2 dev=0 min=2 max=2
Consider Size  60.5 dev=15.2625 min=21 max=71
Move Index     -
Move Percent   -
Delta Increase 3.03774 dev=9.7089 min=1 max=69
Winner         empty
PV             g6 h5 g5

HashTableStatistics:
Stores         826
LookupAttempt  66593
LookupSuccess  3743
Collisions     0

972f6 info: Search aborted.
<= 
< 
<  bafc87388f0e8dca
<  a  b  c  d  e  f  g  h  i  j  k  
< 1\.  B  .  .  B  W  W  .  .  .  .\1
<  2\.  .  .  W  .  .  .  .  B  .  .\2
<   3\.  .  .  .  .  .  .  .  .  .  .\3
<    4\.  .  B  .  .  .  B  .  .  .  .\4
<     5\.  .  .  .  .  .  .  .  .  .  .\5
<      6\W  .  .  .  .  .  .  .  .  W  .\6
<       7\.  .  .  .  .  .  .  .  .  W  .\7
<        8\.  .  .  .  .  .  .  .  .  .  .\8
<         9\.  .  .  .  .  B  .  .  .  B  .\9
<         10\.  .  .  .  .  .  .  .  .  .  .\10
<          11\.  .  .  .  .  .  .  .  .  .  .\11
<              a  b  c  d  e  f  g  h  i  j  k  
<
>play w c8
<= 
<
>showboard
<= 
< 
<  eb5940d23b22eb9c
<  a  b  c  d  e  f  g  h  i  j  k  
< 1\.  B  .  .  B  W  W  .  .  .  .\1
<  2\.  .  .  W  .  .  .  .  B  .  .\2
<   3\.  .  .  .  .  .  .  .  .  .  .\3
<    4\.  .  B  .  .  .  B  .  .  .  .\4
<     5\.  .  .  .  .  .  .  .  .  .  .\5
<      6\W  .  .  .  .  .  .  .  .  W  .\6
<       7\.  .  .  .  .  .  .  .  .  W  .\7
<        8\.  .  W  .  .  .  .  .  .  .  .\8
<         9\.  .  .  .  .  B  .  .  .  B  .\9
<         10\.  .  .  .  .  .  .  .  .  .  .\10
<          11\.  .  .  .  .  .  .  .  .  .  .\11
<              a  b  c  d  e  f  g  h  i  j  k  
<
>genmove b
<= f6
<
>showboard
0a057 info: PlayAndSolve: Building VCs to avoid race condition.
0a057 info: PlayAndSolve: Continuing on as usual.
972f6 info: *** PlayerThread ***
8f2e6 info: *** SolverThread ***
972f6 info: Winning SC.
972f6 info: *** Player move: f6
8f2e6 info: 
MID calls      0
VC builds      1
Terminal       1
Work           1
Wasted Work    0 (0%)
Elapsed Time   0.010694
MIDs/sec       0
VCs/sec        93.5104
Cnt prune sib  0
Avg prune sib  -
Consider Size  -
Move Index     -
Move Percent   -
Delta Increase -
Winner         black
PV             

HashTableStatistics:
Stores         827
LookupAttempt  66599
LookupSuccess  3746
Collisions     0

<= 
< 
<  67d784fff3e23fba
<  a  b  c  d  e  f  g  h  i  j  k  
< 1\.  B  .  .  B  W  W  .  .  .  .\1
<  2\.  .  .  W  .  .  .  .  B  .  .\2
<   3\.  .  .  .  .  .  .  .  .  .  .\3
<    4\.  .  B  .  .  .  B  .  .  .  .\4
<     5\.  .  .  .  .  .  .  .  .  .  .\5
<      6\W  .  .  .  .  B  .  .  .  W  .\6
<       7\.  .  .  .  .  .  .  .  .  W  .\7
<        8\.  .  W  .  .  .  .  .  .  .  .\8
<         9\.  .  .  .  .  B  .  .  .  B  .\9
<         10\.  .  .  .  .  .  .  .  .  .  .\10
<          11\.  .  .  .  .  .  .  .  .  .  .\11
<              a  b  c  d  e  f  g  h  i  j  k  
<
>play w f7
<= 
<
>showboard
<= 
< 
<  fcf2a5f53d39ff5b
<  a  b  c  d  e  f  g  h  i  j  k  
< 1\.  B  .  .  B  W  W  .  .  .  .\1
<  2\.  .  .  W  .  .  .  .  B  .  .\2
<   3\.  .  .  .  .  .  .  .  .  .  .\3
<    4\.  .  B  .  .  .  B  .  .  .  .\4
<     5\.  .  .  .  .  .  .  .  .  .  .\5
<      6\W  .  .  .  .  B  .  .  .  W  .\6
<       7\.  .  .  .  .  W  .  .  .  W  .\7
<        8\.  .  W  .  .  .  .  .  .  .  .\8
<         9\.  .  .  .  .  B  .  .  .  B  .\9
<         10\.  .  .  .  .  .  .  .  .  .  .\10
<          11\.  .  .  .  .  .  .  .  .  .  .\11
<              a  b  c  d  e  f  g  h  i  j  k  
<
>genmove b
<= e7
<
>showboard
0a057 info: PlayAndSolve: Building VCs to avoid race condition.
0a057 info: PlayAndSolve: Continuing on as usual.
8f2e6 info: *** PlayerThread ***
972f6 info: *** SolverThread ***
8f2e6 info: Winning SC.
8f2e6 info: *** Player move: e7
972f6 info: 
MID calls      0
VC builds      1
Terminal       1
Work           1
Wasted Work    0 (0%)
Elapsed Time   0.010542
MIDs/sec       0
VCs/sec        94.8587
Cnt prune sib  0
Avg prune sib  -
Consider Size  -
Move Index     -
Move Percent   -
Delta Increase -
Winner         black
PV             

HashTableStatistics:
Stores         828
LookupAttempt  66605
LookupSuccess  3749
Collisions     0

<= 
< 
<  036dafc3ef89c332
<  a  b  c  d  e  f  g  h  i  j  k  
< 1\.  B  .  .  B  W  W  .  .  .  .\1
<  2\.  .  .  W  .  .  .  .  B  .  .\2
<   3\.  .  .  .  .  .  .  .  .  .  .\3
<    4\.  .  B  .  .  .  B  .  .  .  .\4
<     5\.  .  .  .  .  .  .  .  .  .  .\5
<      6\W  .  .  .  .  B  .  .  .  W  .\6
<       7\.  .  .  .  B  W  .  .  .  W  .\7
<        8\.  .  W  .  .  .  .  .  .  .  .\8
<         9\.  .  .  .  .  B  .  .  .  B  .\9
<         10\.  .  .  .  .  .  .  .  .  .  .\10
<          11\.  .  .  .  .  .  .  .  .  .  .\11
<              a  b  c  d  e  f  g  h  i  j  k  
<
>play w f5
<= 
<
>showboard
<= 
< 
<  214bb3a3482d7cc3
<  a  b  c  d  e  f  g  h  i  j  k  
< 1\.  B  .  .  B  W  W  .  .  .  .\1
<  2\.  .  .  W  .  .  .  .  B  .  .\2
<   3\.  .  .  .  .  .  .  .  .  .  .\3
<    4\.  .  B  .  .  .  B  .  .  .  .\4
<     5\.  .  .  .  .  W  .  .  .  .  .\5
<      6\W  .  .  .  .  B  .  .  .  W  .\6
<       7\.  .  .  .  B  W  .  .  .  W  .\7
<        8\.  .  W  .  .  .  .  .  .  .  .\8
<         9\.  .  .  .  .  B  .  .  .  B  .\9
<         10\.  .  .  .  .  .  .  .  .  .  .\10
<          11\.  .  .  .  .  .  .  .  .  .  .\11
<              a  b  c  d  e  f  g  h  i  j  k  
<
>genmove b
<= g5
<
>showboard
0a057 info: PlayAndSolve: Building VCs to avoid race condition.
0a057 info: PlayAndSolve: Continuing on as usual.
972f6 info: *** PlayerThread ***
8f2e6 info: *** SolverThread ***
972f6 info: Winning SC.
972f6 info: *** Player move: g5
8f2e6 info: 
MID calls      0
VC builds      1
Terminal       1
Work           1
Wasted Work    0 (0%)
Elapsed Time   0.010246
MIDs/sec       0
VCs/sec        97.5991
Cnt prune sib  0
Avg prune sib  -
Consider Size  -
Move Index     -
Move Percent   -
Delta Increase -
Winner         black
PV             

HashTableStatistics:
Stores         829
LookupAttempt  66611
LookupSuccess  3752
Collisions     0

<= 
< 
<  b9861c15f82c3022
<  a  b  c  d  e  f  g  h  i  j  k  
< 1\.  B  .  .  B  W  W  .  .  .  .\1
<  2\.  .  .  W  .  .  .  .  B  .  .\2
<   3\.  .  .  .  .  .  .  .  .  .  .\3
<    4\.  .  B  .  .  .  B  .  .  .  .\4
<     5\.  .  .  .  .  W  B  .  .  .  .\5
<      6\W  .  .  .  .  B  .  .  .  W  .\6
<       7\.  .  .  .  B  W  .  .  .  W  .\7
<        8\.  .  W  .  .  .  .  .  .  .  .\8
<         9\.  .  .  .  .  B  .  .  .  B  .\9
<         10\.  .  .  .  .  .  .  .  .  .  .\10
<          11\.  .  .  .  .  .  .  .  .  .  .\11
<              a  b  c  d  e  f  g  h  i  j  k  
<
>play w d11
<= 
<
>showboard
<= 
< 
<  1ebd6b8cd89e02b8
<  a  b  c  d  e  f  g  h  i  j  k  
< 1\.  B  .  .  B  W  W  .  .  .  .\1
<  2\.  .  .  W  .  .  .  .  B  .  .\2
<   3\.  .  .  .  .  .  .  .  .  .  .\3
<    4\.  .  B  .  .  .  B  .  .  .  .\4
<     5\.  .  .  .  .  W  B  .  .  .  .\5
<      6\W  .  .  .  .  B  .  .  .  W  .\6
<       7\.  .  .  .  B  W  .  .  .  W  .\7
<        8\.  .  W  .  .  .  .  .  .  .  .\8
<         9\.  .  .  .  .  B  .  .  .  B  .\9
<         10\.  .  .  .  .  .  .  .  .  .  .\10
<          11\.  .  .  W  .  .  .  .  .  .  .\11
<              a  b  c  d  e  f  g  h  i  j  k  
<
>genmove b
<= d9
<
>showboard
0a057 info: PlayAndSolve: Building VCs to avoid race condition.
0a057 info: PlayAndSolve: Continuing on as usual.
8f2e6 info: *** PlayerThread ***
972f6 info: *** SolverThread ***
972f6 info: 
MID calls      0
VC builds      1
Terminal       1
Work           1
Wasted Work    0 (0%)
Elapsed Time   0.01465
MIDs/sec       0
VCs/sec        68.2594
Cnt prune sib  0
Avg prune sib  -
Consider Size  -
Move Index     -
Move Percent   -
Delta Increase -
Winner         black
PV             

HashTableStatistics:
Stores         830
LookupAttempt  66617
LookupSuccess  3755
Collisions     0

8f2e6 info: Winning SC.
8f2e6 info: *** Player move: d9
<= 
< 
<  f325e5fa02de201c
<  a  b  c  d  e  f  g  h  i  j  k  
< 1\.  B  .  .  B  W  W  .  .  .  .\1
<  2\.  .  .  W  .  .  .  .  B  .  .\2
<   3\.  .  .  .  .  .  .  .  .  .  .\3
<    4\.  .  B  .  .  .  B  .  .  .  .\4
<     5\.  .  .  .  .  W  B  .  .  .  .\5
<      6\W  .  .  .  .  B  .  .  .  W  .\6
<       7\.  .  .  .  B  W  .  .  .  W  .\7
<        8\.  .  W  .  .  .  .  .  .  .  .\8
<         9\.  .  .  B  .  B  .  .  .  B  .\9
<         10\.  .  .  .  .  .  .  .  .  .  .\10
<          11\.  .  .  W  .  .  .  .  .  .  .\11
<              a  b  c  d  e  f  g  h  i  j  k  
<
>play w e8
<= 
<
>showboard
<= 
< 
<  031409b7d4ae6edb
<  a  b  c  d  e  f  g  h  i  j  k  
< 1\.  B  .  .  B  W  W  .  .  .  .\1
<  2\.  .  .  W  .  .  .  .  B  .  .\2
<   3\.  .  .  .  .  .  .  .  .  .  .\3
<    4\.  .  B  .  .  .  B  .  .  .  .\4
<     5\.  .  .  .  .  W  B  .  .  .  .\5
<      6\W  .  .  .  .  B  .  .  .  W  .\6
<       7\.  .  .  .  B  W  .  .  .  W  .\7
<        8\.  .  W  .  W  .  .  .  .  .  .\8
<         9\.  .  .  B  .  B  .  .  .  B  .\9
<         10\.  .  .  .  .  .  .  .  .  .  .\10
<          11\.  .  .  W  .  .  .  .  .  .  .\11
<              a  b  c  d  e  f  g  h  i  j  k  
<
>genmove b
<= d8
<
>showboard
0a057 info: PlayAndSolve: Building VCs to avoid race condition.
0a057 info: PlayAndSolve: Continuing on as usual.
972f6 info: *** PlayerThread ***
8f2e6 info: *** SolverThread ***
972f6 info: Winning SC.
972f6 info: *** Player move: d8
8f2e6 info: 
MID calls      0
VC builds      1
Terminal       1
Work           1
Wasted Work    0 (0%)
Elapsed Time   0.010179
MIDs/sec       0
VCs/sec        98.2415
Cnt prune sib  0
Avg prune sib  -
Consider Size  -
Move Index     -
Move Percent   -
Delta Increase -
Winner         black
PV             

HashTableStatistics:
Stores         831
LookupAttempt  66623
LookupSuccess  3758
Collisions     0

<= 
< 
<  43ef9c7cc5bd4534
<  a  b  c  d  e  f  g  h  i  j  k  
< 1\.  B  .  .  B  W  W  .  .  .  .\1
<  2\.  .  .  W  .  .  .  .  B  .  .\2
<   3\.  .  .  .  .  .  .  .  .  .  .\3
<    4\.  .  B  .  .  .  B  .  .  .  .\4
<     5\.  .  .  .  .  W  B  .  .  .  .\5
<      6\W  .  .  .  .  B  .  .  .  W  .\6
<       7\.  .  .  .  B  W  .  .  .  W  .\7
<        8\.  .  W  B  W  .  .  .  .  .  .\8
<         9\.  .  .  B  .  B  .  .  .  B  .\9
<         10\.  .  .  .  .  .  .  .  .  .  .\10
<          11\.  .  .  W  .  .  .  .  .  .  .\11
<              a  b  c  d  e  f  g  h  i  j  k  
<
>play w h3
<= 
<
>showboard
<= 
< 
<  ee794ba815f30f00
<  a  b  c  d  e  f  g  h  i  j  k  
< 1\.  B  .  .  B  W  W  .  .  .  .\1
<  2\.  .  .  W  .  .  .  .  B  .  .\2
<   3\.  .  .  .  .  .  .  W  .  .  .\3
<    4\.  .  B  .  .  .  B  .  .  .  .\4
<     5\.  .  .  .  .  W  B  .  .  .  .\5
<      6\W  .  .  .  .  B  .  .  .  W  .\6
<       7\.  .  .  .  B  W  .  .  .  W  .\7
<        8\.  .  W  B  W  .  .  .  .  .  .\8
<         9\.  .  .  B  .  B  .  .  .  B  .\9
<         10\.  .  .  .  .  .  .  .  .  .  .\10
<          11\.  .  .  W  .  .  .  .  .  .  .\11
<              a  b  c  d  e  f  g  h  i  j  k  
<
>genmove b
<= f3
<
>showboard
0a057 info: PlayAndSolve: Building VCs to avoid race condition.
0a057 info: PlayAndSolve: Continuing on as usual.
8f2e6 info: *** PlayerThread ***
972f6 info: *** SolverThread ***
8f2e6 info: Winning SC.
8f2e6 info: *** Player move: f3
972f6 info: 
MID calls      0
VC builds      1
Terminal       1
Work           1
Wasted Work    0 (0%)
Elapsed Time   0.008999
MIDs/sec       0
VCs/sec        111.123
Cnt prune sib  0
Avg prune sib  -
Consider Size  -
Move Index     -
Move Percent   -
Delta Increase -
Winner         black
PV             

HashTableStatistics:
Stores         832
LookupAttempt  66629
LookupSuccess  3761
Collisions     0

<= 
< 
<  64c7d62e988d7f2b
<  a  b  c  d  e  f  g  h  i  j  k  
< 1\.  B  .  .  B  W  W  .  .  .  .\1
<  2\.  .  .  W  .  .  .  .  B  .  .\2
<   3\.  .  .  .  .  B  .  W  .  .  .\3
<    4\.  .  B  .  .  .  B  .  .  .  .\4
<     5\.  .  .  .  .  W  B  .  .  .  .\5
<      6\W  .  .  .  .  B  .  .  .  W  .\6
<       7\.  .  .  .  B  W  .  .  .  W  .\7
<        8\.  .  W  B  W  .  .  .  .  .  .\8
<         9\.  .  .  B  .  B  .  .  .  B  .\9
<         10\.  .  .  .  .  .  .  .  .  .  .\10
<          11\.  .  .  W  .  .  .  .  .  .  .\11
<              a  b  c  d  e  f  g  h  i  j  k  
<
>play w g3
<= 
<
>showboard
<= 
< 
<  88b5c2db9c581979
<  a  b  c  d  e  f  g  h  i  j  k  
< 1\.  B  .  .  B  W  W  .  .  .  .\1
<  2\.  .  .  W  .  .  .  .  B  .  .\2
<   3\.  .  .  .  .  B  W  W  .  .  .\3
<    4\.  .  B  .  .  .  B  .  .  .  .\4
<     5\.  .  .  .  .  W  B  .  .  .  .\5
<      6\W  .  .  .  .  B  .  .  .  W  .\6
<       7\.  .  .  .  B  W  .  .  .  W  .\7
<        8\.  .  W  B  W  .  .  .  .  .  .\8
<         9\.  .  .  B  .  B  .  .  .  B  .\9
<         10\.  .  .  .  .  .  .  .  .  .  .\10
<          11\.  .  .  W  .  .  .  .  .  .  .\11
<              a  b  c  d  e  f  g  h  i  j  k  
<
>genmove b
<= f4
<
>showboard
0a057 info: PlayAndSolve: Building VCs to avoid race condition.
0a057 info: PlayAndSolve: Continuing on as usual.
972f6 info: *** PlayerThread ***
8f2e6 info: *** SolverThread ***
972f6 info: Winning SC.
972f6 info: *** Player move: f4
8f2e6 info: 
MID calls      0
VC builds      1
Terminal       1
Work           1
Wasted Work    0 (0%)
Elapsed Time   0.008077
MIDs/sec       0
VCs/sec        123.808
Cnt prune sib  0
Avg prune sib  -
Consider Size  -
Move Index     -
Move Percent   -
Delta Increase -
Winner         black
PV             

HashTableStatistics:
Stores         833
LookupAttempt  66635
LookupSuccess  3764
Collisions     0

<= 
< 
<  926bfc9d74cc1a19
<  a  b  c  d  e  f  g  h  i  j  k  
< 1\.  B  .  .  B  W  W  .  .  .  .\1
<  2\.  .  .  W  .  .  .  .  B  .  .\2
<   3\.  .  .  .  .  B  W  W  .  .  .\3
<    4\.  .  B  .  .  B  B  .  .  .  .\4
<     5\.  .  .  .  .  W  B  .  .  .  .\5
<      6\W  .  .  .  .  B  .  .  .  W  .\6
<       7\.  .  .  .  B  W  .  .  .  W  .\7
<        8\.  .  W  B  W  .  .  .  .  .  .\8
<         9\.  .  .  B  .  B  .  .  .  B  .\9
<         10\.  .  .  .  .  .  .  .  .  .  .\10
<          11\.  .  .  W  .  .  .  .  .  .  .\11
<              a  b  c  d  e  f  g  h  i  j  k  
<
>play w f10
<= 
<
>showboard
<= 
< 
<  2cb306065a85be9c
<  a  b  c  d  e  f  g  h  i  j  k  
< 1\.  B  .  .  B  W  W  .  .  .  .\1
<  2\.  .  .  W  .  .  .  .  B  .  .\2
<   3\.  .  .  .  .  B  W  W  .  .  .\3
<    4\.  .  B  .  .  B  B  .  .  .  .\4
<     5\.  .  .  .  .  W  B  .  .  .  .\5
<      6\W  .  .  .  .  B  .  .  .  W  .\6
<       7\.  .  .  .  B  W  .  .  .  W  .\7
<        8\.  .  W  B  W  .  .  .  .  .  .\8
<         9\.  .  .  B  .  B  .  .  .  B  .\9
<         10\.  .  .  .  .  W  .  .  .  .  .\10
<          11\.  .  .  W  .  .  .  .  .  .  .\11
<              a  b  c  d  e  f  g  h  i  j  k  
<
>genmove b
<= c10
<
>showboard
0a057 info: PlayAndSolve: Building VCs to avoid race condition.
0a057 info: PlayAndSolve: Continuing on as usual.
8f2e6 info: *** PlayerThread ***
972f6 info: *** SolverThread ***
8f2e6 info: Winning SC.
8f2e6 info: *** Player move: c10
972f6 info: 
MID calls      0
VC builds      1
Terminal       1
Work           1
Wasted Work    0 (0%)
Elapsed Time   0.011599
MIDs/sec       0
VCs/sec        86.2143
Cnt prune sib  0
Avg prune sib  -
Consider Size  -
Move Index     -
Move Percent   -
Delta Increase -
Winner         black
PV             

HashTableStatistics:
Stores         834
LookupAttempt  66641
LookupSuccess  3767
Collisions     0

<= 
< 
<  7920256fc0ab461c
<  a  b  c  d  e  f  g  h  i  j  k  
< 1\.  B  .  .  B  W  W  .  .  .  .\1
<  2\.  .  .  W  .  .  .  .  B  .  .\2
<   3\.  .  .  .  .  B  W  W  .  .  .\3
<    4\.  .  B  .  .  B  B  .  .  .  .\4
<     5\.  .  .  .  .  W  B  .  .  .  .\5
<      6\W  .  .  .  .  B  .  .  .  W  .\6
<       7\.  .  .  .  B  W  .  .  .  W  .\7
<        8\.  .  W  B  W  .  .  .  .  .  .\8
<         9\.  .  .  B  .  B  .  .  .  B  .\9
<         10\.  .  B  .  .  W  .  .  .  .  .\10
<          11\.  .  .  W  .  .  .  .  .  .  .\11
<              a  b  c  d  e  f  g  h  i  j  k  
<
>play w g2
<= 
<
>showboard
<= 
< 
<  e012a3a6e921ce74
<  a  b  c  d  e  f  g  h  i  j  k  
< 1\.  B  .  .  B  W  W  .  .  .  .\1
<  2\.  .  .  W  .  .  W  .  B  .  .\2
<   3\.  .  .  .  .  B  W  W  .  .  .\3
<    4\.  .  B  .  .  B  B  .  .  .  .\4
<     5\.  .  .  .  .  W  B  .  .  .  .\5
<      6\W  .  .  .  .  B  .  .  .  W  .\6
<       7\.  .  .  .  B  W  .  .  .  W  .\7
<        8\.  .  W  B  W  .  .  .  .  .  .\8
<         9\.  .  .  B  .  B  .  .  .  B  .\9
<         10\.  .  B  .  .  W  .  .  .  .  .\10
<          11\.  .  .  W  .  .  .  .  .  .  .\11
<              a  b  c  d  e  f  g  h  i  j  k  
<
>genmove b
<= e2
<
>showboard
0a057 info: PlayAndSolve: Building VCs to avoid race condition.
0a057 info: PlayAndSolve: Continuing on as usual.
972f6 info: *** PlayerThread ***
8f2e6 info: *** SolverThread ***
972f6 info: Winning SC.
972f6 info: *** Player move: e2
8f2e6 info: 
MID calls      0
VC builds      1
Terminal       1
Work           1
Wasted Work    0 (0%)
Elapsed Time   0.004743
MIDs/sec       0
VCs/sec        210.837
Cnt prune sib  0
Avg prune sib  -
Consider Size  -
Move Index     -
Move Percent   -
Delta Increase -
Winner         black
PV             

HashTableStatistics:
Stores         835
LookupAttempt  66647
LookupSuccess  3770
Collisions     0

<= 
< 
<  848b43601bd7a73c
<  a  b  c  d  e  f  g  h  i  j  k  
< 1\.  B  .  .  B  W  W  .  .  .  .\1
<  2\.  .  .  W  B  .  W  .  B  .  .\2
<   3\.  .  .  .  .  B  W  W  .  .  .\3
<    4\.  .  B  .  .  B  B  .  .  .  .\4
<     5\.  .  .  .  .  W  B  .  .  .  .\5
<      6\W  .  .  .  .  B  .  .  .  W  .\6
<       7\.  .  .  .  B  W  .  .  .  W  .\7
<        8\.  .  W  B  W  .  .  .  .  .  .\8
<         9\.  .  .  B  .  B  .  .  .  B  .\9
<         10\.  .  B  .  .  W  .  .  .  .  .\10
<          11\.  .  .  W  .  .  .  .  .  .  .\11
<              a  b  c  d  e  f  g  h  i  j  k  
<
>play w e3
<= 
<
>showboard
<= 
< 
<  6acfe2c75adb04e6
<  a  b  c  d  e  f  g  h  i  j  k  
< 1\.  B  .  .  B  W  W  .  .  .  .\1
<  2\.  .  .  W  B  .  W  .  B  .  .\2
<   3\.  .  .  .  W  B  W  W  .  .  .\3
<    4\.  .  B  .  .  B  B  .  .  .  .\4
<     5\.  .  .  .  .  W  B  .  .  .  .\5
<      6\W  .  .  .  .  B  .  .  .  W  .\6
<       7\.  .  .  .  B  W  .  .  .  W  .\7
<        8\.  .  W  B  W  .  .  .  .  .  .\8
<         9\.  .  .  B  .  B  .  .  .  B  .\9
<         10\.  .  B  .  .  W  .  .  .  .  .\10
<          11\.  .  .  W  .  .  .  .  .  .  .\11
<              a  b  c  d  e  f  g  h  i  j  k  
<
>genmove b
<= f2
<
>showboard
0a057 info: PlayAndSolve: Building VCs to avoid race condition.
0a057 info: PlayAndSolve: Continuing on as usual.
8f2e6 info: *** PlayerThread ***
972f6 info: *** SolverThread ***
8f2e6 info: Winning SC.
8f2e6 info: *** Player move: f2
972f6 info: 
MID calls      0
VC builds      1
Terminal       1
Work           1
Wasted Work    0 (0%)
Elapsed Time   0.004896
MIDs/sec       0
VCs/sec        204.248
Cnt prune sib  0
Avg prune sib  -
Consider Size  -
Move Index     -
Move Percent   -
Delta Increase -
Winner         black
PV             

HashTableStatistics:
Stores         836
LookupAttempt  66653
LookupSuccess  3773
Collisions     0

<= 
< 
<  a0a8cd4ba917ff88
<  a  b  c  d  e  f  g  h  i  j  k  
< 1\.  B  .  .  B  W  W  .  .  .  .\1
<  2\.  .  .  W  B  B  W  .  B  .  .\2
<   3\.  .  .  .  W  B  W  W  .  .  .\3
<    4\.  .  B  .  .  B  B  .  .  .  .\4
<     5\.  .  .  .  .  W  B  .  .  .  .\5
<      6\W  .  .  .  .  B  .  .  .  W  .\6
<       7\.  .  .  .  B  W  .  .  .  W  .\7
<        8\.  .  W  B  W  .  .  .  .  .  .\8
<         9\.  .  .  B  .  B  .  .  .  B  .\9
<         10\.  .  B  .  .  W  .  .  .  .  .\10
<          11\.  .  .  W  .  .  .  .  .  .  .\11
<              a  b  c  d  e  f  g  h  i  j  k  
<
>play w c11
<= 
<
>showboard
<= 
< 
<  d41cd9d3df5abf23
<  a  b  c  d  e  f  g  h  i  j  k  
< 1\.  B  .  .  B  W  W  .  .  .  .\1
<  2\.  .  .  W  B  B  W  .  B  .  .\2
<   3\.  .  .  .  W  B  W  W  .  .  .\3
<    4\.  .  B  .  .  B  B  .  .  .  .\4
<     5\.  .  .  .  .  W  B  .  .  .  .\5
<      6\W  .  .  .  .  B  .  .  .  W  .\6
<       7\.  .  .  .  B  W  .  .  .  W  .\7
<        8\.  .  W  B  W  .  .  .  .  .  .\8
<         9\.  .  .  B  .  B  .  .  .  B  .\9
<         10\.  .  B  .  .  W  .  .  .  .  .\10
<          11\.  .  W  W  .  .  .  .  .  .  .\11
<              a  b  c  d  e  f  g  h  i  j  k  
<
>genmove b
<= b11
<
>showboard
0a057 info: PlayAndSolve: Building VCs to avoid race condition.
0a057 info: PlayAndSolve: Continuing on as usual.
972f6 info: *** PlayerThread ***
8f2e6 info: *** SolverThread ***
972f6 info: Winning SC.
972f6 info: *** Player move: b11
8f2e6 info: 
MID calls      0
VC builds      1
Terminal       1
Work           1
Wasted Work    0 (0%)
Elapsed Time   0.005342
MIDs/sec       0
VCs/sec        187.196
Cnt prune sib  0
Avg prune sib  -
Consider Size  -
Move Index     -
Move Percent   -
Delta Increase -
Winner         black
PV             

HashTableStatistics:
Stores         837
LookupAttempt  66659
LookupSuccess  3776
Collisions     0

<= 
< 
<  daa113319458ea0c
<  a  b  c  d  e  f  g  h  i  j  k  
< 1\.  B  .  .  B  W  W  .  .  .  .\1
<  2\.  .  .  W  B  B  W  .  B  .  .\2
<   3\.  .  .  .  W  B  W  W  .  .  .\3
<    4\.  .  B  .  .  B  B  .  .  .  .\4
<     5\.  .  .  .  .  W  B  .  .  .  .\5
<      6\W  .  .  .  .  B  .  .  .  W  .\6
<       7\.  .  .  .  B  W  .  .  .  W  .\7
<        8\.  .  W  B  W  .  .  .  .  .  .\8
<         9\.  .  .  B  .  B  .  .  .  B  .\9
<         10\.  .  B  .  .  W  .  .  .  .  .\10
<          11\.  B  W  W  .  .  .  .  .  .  .\11
<              a  b  c  d  e  f  g  h  i  j  k  
<
>play w resign
<= 
<
>showboard
<= 
< 
<  daa113319458ea0c
<  a  b  c  d  e  f  g  h  i  j  k  
< 1\.  B  .  .  B  W  W  .  .  .  .\1
<  2\.  .  .  W  B  B  W  .  B  .  .\2
<   3\.  .  .  .  W  B  W  W  .  .  .\3
<    4\.  .  B  .  .  B  B  .  .  .  .\4
<     5\.  .  .  .  .  W  B  .  .  .  .\5
<      6\W  .  .  .  .  B  .  .  .  W  .\6
<       7\.  .  .  .  B  W  .  .  .  W  .\7
<        8\.  .  W  B  W  .  .  .  .  .  .\8
<         9\.  .  .  B  .  B  .  .  .  B  .\9
<         10\.  .  B  .  .  W  .  .  .  .  .\10
<          11\.  B  W  W  .  .  .  .  .  .  .\11
<              a  b  c  d  e  f  g  h  i  j  k  
<
>final_score
<= B+
<
>quit
<= 
<
