# nice ../build/src/mohex/mohex --config mohex-weak.htp --seed 918356 --logfile-name jobs/11x11-mohex-mohex-cg2010-vs-mohex-mohex-weak/mohex-mohex-weak-473.log
>boardsize 11 11
<= 
<
>name
MoHex 2.0.CMake Mar 21 2025
Copyright (C) 2007-2012 by the authors of the Benzene project.
This program comes with ABSOLUTELY NO WARRANTY. This is
free software and you are welcome to redistribute it under
certain conditions. Type `benzene-license' for details.

SgRandom::SetSeed: 918356
SgUctSearch: system memory 33632358400, using 1000000000 (5681818 nodes)
SgRandom::SetSeed: 1
SgRandom::SetSeed: 918356
d4ac7 info: Prior Patterns:
d4ac7 info: Global:
d4ac7 info: Size            = 565 32648 
d4ac7 info: TableEntries    = 65932 65910
d4ac7 info: MirrorsAdded    = 0 0
d4ac7 info: PrunableCount   = 30593 30629
d4ac7 info: LargestGamma    = 5820.77
d4ac7 info: SmallestGamma   = 6.6e-05
d4ac7 info: Local:
d4ac7 info: Size            = 550 5318 
d4ac7 info: TableEntries    = 11602 11588
d4ac7 info: MirrorsAdded    = 0 0
d4ac7 info: PrunableCount   = 3659 3667
d4ac7 info: LargestGamma    = 11281.8
d4ac7 info: SmallestGamma   = 0.026235
d4ac7 info: Playout Patterns:
d4ac7 info: Global:
d4ac7 info: Size            = 565 32648 
d4ac7 info: TableEntries    = 70329 70329
d4ac7 info: MirrorsAdded    = 4397 4419
d4ac7 info: PrunableCount   = 30593 30629
d4ac7 info: LargestGamma    = 5820.77
d4ac7 info: SmallestGamma   = 6.6e-05
d4ac7 info: Local:
d4ac7 info: Size            = 550 5318 
d4ac7 info: TableEntries    = 11602 11588
d4ac7 info: MirrorsAdded    = 0 0
d4ac7 info: PrunableCount   = 3659 3667
d4ac7 info: LargestGamma    = 11281.8
d4ac7 info: SmallestGamma   = 0.026235
param_game allow_swap 1
= 

param_mohex max_memory 1600000
= 

param_mohex num_threads 1
= 

param_mohex max_time 1
= 

param_mohex max_games 1
= 

param_mohex knowledge_threshold 400
= 

param_mohex reuse_subtree 1
= 

param_mohex use_parallel_solver 0
= 

<= MoHex
<
>version
<= 2.0.CMake
<
>play b k6
<= 
<
>showboard
<= 
< 
<  6ca47d48e53025aa
<  a  b  c  d  e  f  g  h  i  j  k  
< 1\.  .  .  .  .  .  .  .  .  .  .\1
<  2\.  .  .  .  .  .  .  .  .  .  .\2
<   3\.  .  .  .  .  .  .  .  .  .  .\3
<    4\.  .  .  .  .  .  .  .  .  .  .\4
<     5\.  .  .  .  .  .  .  .  .  .  .\5
<      6\.  .  .  .  .  .  .  .  .  .  B\6
<       7\.  .  .  .  .  .  .  .  .  .  .\7
<        8\.  .  .  .  .  .  .  .  .  .  .\8
<         9\.  .  .  .  .  .  .  .  .  .  .\9
<         10\.  .  .  .  .  .  .  .  .  .  .\10
<          11\.  .  .  .  .  .  .  .  .  .  .\11
<              a  b  c  d  e  f  g  h  i  j  k  
<
>play w swap-pieces
<= 
<
>genmove w
<= h4
<
>play b b11
d4ac7 info: Best move cannot be determined, must search state.
d4ac7 info: --- MoHexPlayer::Search() ---
d4ac7 info: Color: white
d4ac7 info: MaxGames: 1
d4ac7 info: NumberThreads: 1
d4ac7 info: MaxNodes: 9090 (799920 bytes)
d4ac7 info: TimeForMove: 1
d4ac7 info: PreSearch: max time reached (59/91).
d4ac7 info: Time for PreSearch: 0.200364s
d4ac7 info: 
  6ca47d48e53025aa
  a  b  c  d  e  f  g  h  i  j  k  
 1\.  .  .  *  *  .  *  *  *  *  .\1
  2\.  .  *  *  *  *  *  *  *  *  .\2
   3\.  *  *  *  *  *  *  *  *  *  .\3
    4\.  *  *  *  *  *  *  *  *  *  .\4
     5\.  *  *  *  *  *  *  *  *  *  .\5
      6\.  *  *  *  *  *  *  *  *  *  B\6
       7\.  *  *  *  *  *  *  *  *  *  .\7
        8\.  *  *  *  *  *  *  *  *  *  .\8
         9\.  *  *  *  *  *  *  *  *  *  .\9
         10\.  *  *  *  *  *  *  *  *  .  .\10
          11\.  *  *  *  *  .  *  *  .  .  .\11
              a  b  c  d  e  f  g  h  i  j  k  
d4ac7 info: No subtree to reuse.
d4ac7 info: Creating thread 0
d4ac7 info: StartSearch()[0]
SgUctSearch: max games reached
d4ac7 info: 
Elapsed Time   0.578731s
Count          1
GamesPlayed    1
Nodes          1
Knowledge      0 (0.0%)
Expansions     0.0
Time           0.00
GameLen        120.0 dev=0.0 min=120.0 max=120.0
InTree         0.0 dev=0.0 min=0.0 max=0.0
KnowDepth      -
Aborted        0%
Games/s        356.9
Score          1.00
Sequence      
d4ac7 info: 
d4ac7 warning: **** MoHexSearch returned empty sequence!
d4ac7 warning: **** Returning random move!
<= 
<
>genmove w
<= d5
<
>play b d8
d4ac7 info: Best move cannot be determined, must search state.
d4ac7 info: --- MoHexPlayer::Search() ---
d4ac7 info: Color: white
d4ac7 info: MaxGames: 1
d4ac7 info: NumberThreads: 1
d4ac7 info: MaxNodes: 9090 (799920 bytes)
d4ac7 info: TimeForMove: 1
d4ac7 info: PreSearch: max time reached (47/90).
d4ac7 info: Time for PreSearch: 0.200467s
d4ac7 info: 
  eca7a4881844a29d
  a  b  c  d  e  f  g  h  i  j  k  
 1\.  .  .  *  *  *  *  *  *  *  .\1
  2\.  .  *  *  *  *  *  *  *  *  .\2
   3\.  *  *  *  *  *  *  *  *  *  .\3
    4\.  *  *  *  *  *  *  W  *  *  .\4
     5\.  *  *  *  *  *  *  *  *  *  .\5
      6\.  *  *  *  *  *  *  *  *  *  B\6
       7\.  *  *  *  *  *  *  *  *  *  .\7
        8\.  *  *  *  *  *  *  *  *  *  .\8
         9\.  *  *  *  *  *  *  *  *  *  .\9
         10\.  *  *  *  *  *  *  *  *  .  .\10
          11\.  B  .  *  *  *  *  *  .  .  .\11
              a  b  c  d  e  f  g  h  i  j  k  
d4ac7 info: Old: [black, k6] [white, swap-pieces] 
d4ac7 info: New: [black, k6] [white, swap-pieces] [white, h4] [black, b11] 
d4ac7 info: ReuseSubtree: Colors do not alternate.
d4ac7 info: No subtree to reuse.
d4ac7 info: StartSearch()[0]
SgUctSearch: max games reached
d4ac7 info: 
Elapsed Time   0.36439s
Count          1
GamesPlayed    1
Nodes          1
Knowledge      0 (0.0%)
Expansions     0.0
Time           0.00
GameLen        118.0 dev=0.0 min=118.0 max=118.0
InTree         0.0 dev=0.0 min=0.0 max=0.0
KnowDepth      -
Aborted        0%
Games/s        3003.0
Score          1.00
Sequence      
d4ac7 info: 
d4ac7 warning: **** MoHexSearch returned empty sequence!
d4ac7 warning: **** Returning random move!
<= 
<
>genmove w
<= i9
<
>play b e2
d4ac7 info: Best move cannot be determined, must search state.
d4ac7 info: --- MoHexPlayer::Search() ---
d4ac7 info: Color: white
d4ac7 info: MaxGames: 1
d4ac7 info: NumberThreads: 1
d4ac7 info: MaxNodes: 9090 (799920 bytes)
d4ac7 info: TimeForMove: 1
d4ac7 info: PreSearch: max time reached (35/88).
d4ac7 info: Time for PreSearch: 0.206367s
d4ac7 info: 
  d096da119892412b
  a  b  c  d  e  f  g  h  i  j  k  
 1\.  .  .  *  *  *  *  *  *  *  .\1
  2\.  .  *  *  *  *  *  *  *  *  .\2
   3\.  *  *  *  *  *  *  *  *  *  .\3
    4\.  *  *  *  *  *  *  W  *  *  .\4
     5\.  *  *  W  *  *  *  *  *  *  .\5
      6\.  *  *  *  *  *  *  *  *  *  B\6
       7\.  *  *  *  *  *  *  *  *  *  .\7
        8\.  *  *  B  *  *  *  *  *  *  .\8
         9\.  *  *  *  *  *  *  *  *  *  .\9
         10\.  *  *  *  *  *  *  *  *  .  .\10
          11\.  B  .  *  *  *  *  *  .  .  .\11
              a  b  c  d  e  f  g  h  i  j  k  
d4ac7 info: Old: [black, k6] [white, swap-pieces] [white, h4] [black, b11] 
d4ac7 info: New: [black, k6] [white, swap-pieces] [white, h4] [black, b11] [white, d5] [black, d8] 
d4ac7 info: MovesPlayed: [white, d5] [black, d8] 
d4ac7 info: No subtree to reuse.
d4ac7 info: StartSearch()[0]
SgUctSearch: max games reached
d4ac7 info: 
Elapsed Time   0.352276s
Count          1
GamesPlayed    1
Nodes          1
Knowledge      0 (0.0%)
Expansions     0.0
Time           0.00
GameLen        116.0 dev=0.0 min=116.0 max=116.0
InTree         0.0 dev=0.0 min=0.0 max=0.0
KnowDepth      -
Aborted        0%
Games/s        3115.3
Score          0.00
Sequence      
d4ac7 info: 
d4ac7 warning: **** MoHexSearch returned empty sequence!
d4ac7 warning: **** Returning random move!
<= 
<
>genmove w
<= f9
<
>play b c2
d4ac7 info: Best move cannot be determined, must search state.
d4ac7 info: --- MoHexPlayer::Search() ---
d4ac7 info: Color: white
d4ac7 info: MaxGames: 1
d4ac7 info: NumberThreads: 1
d4ac7 info: MaxNodes: 9090 (799920 bytes)
d4ac7 info: TimeForMove: 1
d4ac7 info: PreSearch: max time reached (34/78).
d4ac7 info: Time for PreSearch: 0.201882s
d4ac7 info: 
  e8b50b0dd0cbcb11
  a  b  c  d  e  f  g  h  i  j  k  
 1\.  .  .  b  b  b  b  .  *  *  .\1
  2\.  .  *  .  B  .  *  *  *  *  .\2
   3\.  *  *  *  *  *  *  *  *  *  .\3
    4\.  *  *  *  *  *  *  W  *  *  .\4
     5\.  *  *  W  *  *  *  *  *  *  .\5
      6\.  *  *  *  *  *  *  *  *  *  B\6
       7\.  *  *  *  *  *  *  *  *  *  .\7
        8\.  *  *  B  *  *  *  *  *  *  .\8
         9\.  *  *  *  *  *  *  *  W  .  .\9
         10\.  *  *  *  *  *  *  *  *  .  .\10
          11\.  B  .  *  *  *  *  *  .  .  .\11
              a  b  c  d  e  f  g  h  i  j  k  
d4ac7 info: Old: [black, k6] [white, swap-pieces] [white, h4] [black, b11] [white, d5] [black, d8] 
d4ac7 info: New: [black, k6] [white, swap-pieces] [white, h4] [black, b11] [white, d5] [black, d8] [white, i9] [black, e2] 
d4ac7 info: MovesPlayed: [white, i9] [black, e2] 
d4ac7 info: No subtree to reuse.
d4ac7 info: StartSearch()[0]
SgUctSearch: max games reached
d4ac7 info: 
Elapsed Time   0.519979s
Count          1
GamesPlayed    1
Nodes          1
Knowledge      0 (0.0%)
Expansions     0.0
Time           0.00
GameLen        110.0 dev=0.0 min=110.0 max=110.0
InTree         0.0 dev=0.0 min=0.0 max=0.0
KnowDepth      -
Aborted        0%
Games/s        3389.8
Score          1.00
Sequence      
d4ac7 info: 
d4ac7 warning: **** MoHexSearch returned empty sequence!
d4ac7 warning: **** Returning random move!
<= 
<
>genmove w
<= j4
<
>play b a8
d4ac7 info: Best move cannot be determined, must search state.
d4ac7 info: --- MoHexPlayer::Search() ---
d4ac7 info: Color: white
d4ac7 info: MaxGames: 1
d4ac7 info: NumberThreads: 1
d4ac7 info: MaxNodes: 9090 (799920 bytes)
d4ac7 info: TimeForMove: 1
d4ac7 info: PreSearch: max time reached (39/74).
d4ac7 info: Time for PreSearch: 0.203977s
d4ac7 info: 
  15fcfb8952c3a93a
  a  b  c  d  e  f  g  h  i  j  k  
 1\b  b  b  b  b  b  b  .  *  *  .\1
  2\b  b  B  b  B  .  *  *  *  *  .\2
   3\.  .  *  *  *  *  *  *  *  *  .\3
    4\.  .  *  *  *  *  *  W  *  *  .\4
     5\.  *  *  W  *  *  *  *  *  *  .\5
      6\.  *  *  *  *  *  *  *  *  *  B\6
       7\.  *  *  *  *  *  *  *  *  *  .\7
        8\.  *  *  B  *  *  *  *  *  *  .\8
         9\.  *  *  *  *  W  *  *  W  .  .\9
         10\.  *  *  *  *  *  *  *  *  .  .\10
          11\.  B  .  *  *  *  *  *  .  .  .\11
              a  b  c  d  e  f  g  h  i  j  k  
d4ac7 info: Old: [black, k6] [white, swap-pieces] [white, h4] [black, b11] [white, d5] [black, d8] [white, i9] [black, e2] 
d4ac7 info: New: [black, k6] [white, swap-pieces] [white, h4] [black, b11] [white, d5] [black, d8] [white, i9] [black, e2] [white, f9] [black, c2] 
d4ac7 info: MovesPlayed: [white, f9] [black, c2] 
d4ac7 info: No subtree to reuse.
d4ac7 info: StartSearch()[0]
SgUctSearch: max games reached
d4ac7 info: 
Elapsed Time   0.349325s
Count          1
GamesPlayed    1
Nodes          1
Knowledge      0 (0.0%)
Expansions     0.0
Time           0.00
GameLen        102.0 dev=0.0 min=102.0 max=102.0
InTree         0.0 dev=0.0 min=0.0 max=0.0
KnowDepth      -
Aborted        0%
Games/s        3484.3
Score          1.00
Sequence      
d4ac7 info: 
d4ac7 warning: **** MoHexSearch returned empty sequence!
d4ac7 warning: **** Returning random move!
<= 
<
>genmove w
<= d9
<
>play b f7
d4ac7 info: Best move cannot be determined, must search state.
d4ac7 info: --- MoHexPlayer::Search() ---
d4ac7 info: Color: white
d4ac7 info: MaxGames: 1
d4ac7 info: NumberThreads: 1
d4ac7 info: MaxNodes: 9090 (799920 bytes)
d4ac7 info: TimeForMove: 1
d4ac7 info: PreSearch: max time reached (60/69).
d4ac7 info: Time for PreSearch: 0.201745s
d4ac7 info: 
  8eeabfa0f35c6ab3
  a  b  c  d  e  f  g  h  i  j  k  
 1\b  b  b  b  b  b  b  .  *  *  .\1
  2\b  b  B  b  B  .  *  *  *  *  w\2
   3\.  .  *  *  *  *  *  *  .  .  w\3
    4\.  .  *  *  *  *  *  W  .  W  w\4
     5\.  *  *  W  *  *  *  *  *  .  .\5
      6\.  *  *  *  *  *  *  *  *  *  B\6
       7\.  *  *  *  *  *  *  *  *  *  .\7
        8\B  *  *  B  *  *  *  *  *  *  .\8
         9\.  *  *  *  *  W  *  *  W  .  .\9
         10\.  *  *  *  *  *  *  *  *  .  .\10
          11\.  B  .  *  *  *  *  *  .  .  .\11
              a  b  c  d  e  f  g  h  i  j  k  
d4ac7 info: Old: [black, k6] [white, swap-pieces] [white, h4] [black, b11] [white, d5] [black, d8] [white, i9] [black, e2] [white, f9] [black, c2] 
d4ac7 info: New: [black, k6] [white, swap-pieces] [white, h4] [black, b11] [white, d5] [black, d8] [white, i9] [black, e2] [white, f9] [black, c2] [white, j4] [black, a8] 
d4ac7 info: MovesPlayed: [white, j4] [black, a8] 
d4ac7 info: No subtree to reuse.
d4ac7 info: StartSearch()[0]
SgUctSearch: max games reached
d4ac7 info: 
Elapsed Time   0.353457s
Count          1
GamesPlayed    1
Nodes          1
Knowledge      0 (0.0%)
Expansions     0.0
Time           0.00
GameLen        97.0 dev=0.0 min=97.0 max=97.0
InTree         0.0 dev=0.0 min=0.0 max=0.0
KnowDepth      -
Aborted        0%
Games/s        3401.4
Score          1.00
Sequence      
d4ac7 info: 
d4ac7 warning: **** MoHexSearch returned empty sequence!
d4ac7 warning: **** Returning random move!
<= 
<
>genmove w
<= i1
<
>play b e5
d4ac7 info: Best move cannot be determined, must search state.
d4ac7 info: --- MoHexPlayer::Search() ---
d4ac7 info: Color: white
d4ac7 info: MaxGames: 1
d4ac7 info: NumberThreads: 1
d4ac7 info: MaxNodes: 9090 (799920 bytes)
d4ac7 info: TimeForMove: 1
d4ac7 info: PreSearch: max time reached (58/67).
d4ac7 info: Time for PreSearch: 0.203442s
d4ac7 info: 
  1da80cfabb278c6d
  a  b  c  d  e  f  g  h  i  j  k  
 1\b  b  b  b  b  b  b  .  *  *  .\1
  2\b  b  B  b  B  .  *  *  *  *  w\2
   3\.  .  *  *  *  *  *  *  .  .  w\3
    4\.  .  *  *  *  *  *  W  .  W  w\4
     5\.  *  *  W  *  *  *  *  *  .  .\5
      6\.  *  *  *  *  *  *  *  *  *  B\6
       7\.  *  *  *  *  B  *  *  *  *  .\7
        8\B  *  *  B  *  *  *  *  *  *  .\8
         9\.  *  *  W  .  W  *  *  W  .  .\9
         10\.  *  *  .  *  *  *  *  .  .  .\10
          11\.  B  .  *  *  *  *  *  .  .  .\11
              a  b  c  d  e  f  g  h  i  j  k  
d4ac7 info: Old: [black, k6] [white, swap-pieces] [white, h4] [black, b11] [white, d5] [black, d8] [white, i9] [black, e2] [white, f9] [black, c2] [white, j4] [black, a8] 
d4ac7 info: New: [black, k6] [white, swap-pieces] [white, h4] [black, b11] [white, d5] [black, d8] [white, i9] [black, e2] [white, f9] [black, c2] [white, j4] [black, a8] [white, d9] [black, f7] 
d4ac7 info: MovesPlayed: [white, d9] [black, f7] 
d4ac7 info: No subtree to reuse.
d4ac7 info: StartSearch()[0]
SgUctSearch: max games reached
d4ac7 info: 
Elapsed Time   0.49651s
Count          1
GamesPlayed    1
Nodes          1
Knowledge      0 (0.0%)
Expansions     0.0
Time           0.00
GameLen        95.0 dev=0.0 min=95.0 max=95.0
InTree         0.0 dev=0.0 min=0.0 max=0.0
KnowDepth      -
Aborted        0%
Games/s        3164.6
Score          0.00
Sequence      
d4ac7 info: 
d4ac7 warning: **** MoHexSearch returned empty sequence!
d4ac7 warning: **** Returning random move!
<= 
<
>genmove w
<= d7
<
>play b j5
d4ac7 info: Best move cannot be determined, must search state.
d4ac7 info: --- MoHexPlayer::Search() ---
d4ac7 info: Color: white
d4ac7 info: MaxGames: 1
d4ac7 info: NumberThreads: 1
d4ac7 info: MaxNodes: 9090 (799920 bytes)
d4ac7 info: TimeForMove: 1
d4ac7 info: PreSearch: max time reached (61/65).
d4ac7 info: Time for PreSearch: 0.20156s
d4ac7 info: 
  e92924177e1d00fa
  a  b  c  d  e  f  g  h  i  j  k  
 1\b  b  b  b  b  b  b  .  W  .  .\1
  2\b  b  B  b  B  .  *  *  .  *  w\2
   3\.  .  *  *  *  *  *  *  .  .  w\3
    4\.  .  *  *  *  *  *  W  .  W  w\4
     5\.  *  *  W  B  *  *  *  *  .  .\5
      6\.  *  *  *  *  *  *  *  *  *  B\6
       7\.  *  *  *  *  B  *  *  *  *  .\7
        8\B  *  *  B  *  *  *  *  *  *  .\8
         9\.  *  *  W  .  W  *  *  W  .  .\9
         10\.  *  *  .  *  *  *  *  .  .  .\10
          11\.  B  .  *  *  *  *  *  .  .  .\11
              a  b  c  d  e  f  g  h  i  j  k  
d4ac7 info: Old: [black, k6] [white, swap-pieces] [white, h4] [black, b11] [white, d5] [black, d8] [white, i9] [black, e2] [white, f9] [black, c2] [white, j4] [black, a8] [white, d9] [black, f7] 
d4ac7 info: New: [black, k6] [white, swap-pieces] [white, h4] [black, b11] [white, d5] [black, d8] [white, i9] [black, e2] [white, f9] [black, c2] [white, j4] [black, a8] [white, d9] [black, f7] [white, i1] [black, e5] 
d4ac7 info: MovesPlayed: [white, i1] [black, e5] 
d4ac7 info: No subtree to reuse.
d4ac7 info: StartSearch()[0]
SgUctSearch: max games reached
d4ac7 info: 
Elapsed Time   0.343s
Count          1
GamesPlayed    1
Nodes          1
Knowledge      0 (0.0%)
Expansions     0.0
Time           0.00
GameLen        93.0 dev=0.0 min=93.0 max=93.0
InTree         0.0 dev=0.0 min=0.0 max=0.0
KnowDepth      -
Aborted        0%
Games/s        3676.5
Score          1.00
Sequence      
d4ac7 info: 
d4ac7 warning: **** MoHexSearch returned empty sequence!
d4ac7 warning: **** Returning random move!
<= 
<
>genmove w
<= i2
<
>play b i4
d4ac7 info: Best move cannot be determined, must search state.
d4ac7 info: --- MoHexPlayer::Search() ---
d4ac7 info: Color: white
d4ac7 info: MaxGames: 1
d4ac7 info: NumberThreads: 1
d4ac7 info: MaxNodes: 9090 (799920 bytes)
d4ac7 info: TimeForMove: 1
d4ac7 info: PreSearch: max time reached (63/64).
d4ac7 info: Time for PreSearch: 0.200665s
d4ac7 info: 
  9d260c863d9eb86b
  a  b  c  d  e  f  g  h  i  j  k  
 1\b  b  b  b  b  b  b  .  W  .  .\1
  2\b  b  B  b  B  .  *  *  .  *  w\2
   3\.  .  *  *  *  *  *  *  .  .  w\3
    4\.  .  *  *  *  *  *  W  .  W  w\4
     5\.  *  *  W  B  *  *  *  *  B  .\5
      6\.  *  *  *  *  *  *  *  *  *  B\6
       7\.  *  *  W  *  B  *  *  *  *  .\7
        8\B  *  *  B  *  *  *  *  *  *  .\8
         9\.  *  *  W  .  W  *  *  W  .  .\9
         10\.  *  *  .  *  *  *  *  .  .  .\10
          11\.  B  .  *  *  *  *  *  .  .  .\11
              a  b  c  d  e  f  g  h  i  j  k  
d4ac7 info: Old: [black, k6] [white, swap-pieces] [white, h4] [black, b11] [white, d5] [black, d8] [white, i9] [black, e2] [white, f9] [black, c2] [white, j4] [black, a8] [white, d9] [black, f7] [white, i1] [black, e5] 
d4ac7 info: New: [black, k6] [white, swap-pieces] [white, h4] [black, b11] [white, d5] [black, d8] [white, i9] [black, e2] [white, f9] [black, c2] [white, j4] [black, a8] [white, d9] [black, f7] [white, i1] [black, e5] [white, d7] [black, j5] 
d4ac7 info: MovesPlayed: [white, d7] [black, j5] 
d4ac7 info: No subtree to reuse.
d4ac7 info: StartSearch()[0]
SgUctSearch: max games reached
d4ac7 info: 
Elapsed Time   0.359538s
Count          1
GamesPlayed    1
Nodes          1
Knowledge      0 (0.0%)
Expansions     0.0
Time           0.00
GameLen        91.0 dev=0.0 min=91.0 max=91.0
InTree         0.0 dev=0.0 min=0.0 max=0.0
KnowDepth      -
Aborted        0%
Games/s        2754.8
Score          1.00
Sequence      
d4ac7 info: 
d4ac7 warning: **** MoHexSearch returned empty sequence!
d4ac7 warning: **** Returning random move!
<= 
<
>genmove w
<= g2
<
>play b g3
d4ac7 info: Best move cannot be determined, must search state.
d4ac7 info: --- MoHexPlayer::Search() ---
d4ac7 info: Color: white
d4ac7 info: MaxGames: 1
d4ac7 info: NumberThreads: 1
d4ac7 info: MaxNodes: 9090 (799920 bytes)
d4ac7 info: TimeForMove: 1
d4ac7 info: Time for PreSearch: 0.183503s
d4ac7 info: 
  ee615cd4e1b25583
  a  b  c  d  e  f  g  h  i  j  k  
 1\b  b  b  b  b  b  b  .  W  b  b\1
  2\b  b  B  b  B  .  *  .  W  .  w\2
   3\.  .  *  *  *  *  *  *  *  .  w\3
    4\.  .  *  *  *  *  *  W  B  W  w\4
     5\.  *  *  W  B  *  *  *  *  B  .\5
      6\.  *  *  *  *  *  *  *  *  *  B\6
       7\.  *  *  W  *  B  *  *  *  *  .\7
        8\B  *  *  B  *  *  *  *  *  *  .\8
         9\.  *  *  W  .  W  *  *  W  .  .\9
         10\.  *  *  .  *  *  *  *  .  .  .\10
          11\.  B  .  *  *  *  *  *  .  .  .\11
              a  b  c  d  e  f  g  h  i  j  k  
d4ac7 info: Old: [black, k6] [white, swap-pieces] [white, h4] [black, b11] [white, d5] [black, d8] [white, i9] [black, e2] [white, f9] [black, c2] [white, j4] [black, a8] [white, d9] [black, f7] [white, i1] [black, e5] [white, d7] [black, j5] 
d4ac7 info: New: [black, k6] [white, swap-pieces] [white, h4] [black, b11] [white, d5] [black, d8] [white, i9] [black, e2] [white, f9] [black, c2] [white, j4] [black, a8] [white, d9] [black, f7] [white, i1] [black, e5] [white, d7] [black, j5] [white, i2] [black, i4] 
d4ac7 info: MovesPlayed: [white, i2] [black, i4] 
d4ac7 info: No subtree to reuse.
d4ac7 info: StartSearch()[0]
SgUctSearch: max games reached
d4ac7 info: 
Elapsed Time   0.331913s
Count          1
GamesPlayed    1
Nodes          1
Knowledge      0 (0.0%)
Expansions     0.0
Time           0.00
GameLen        87.0 dev=0.0 min=87.0 max=87.0
InTree         0.0 dev=0.0 min=0.0 max=0.0
KnowDepth      -
Aborted        0%
Games/s        3521.1
Score          0.00
Sequence      
d4ac7 info: 
d4ac7 warning: **** MoHexSearch returned empty sequence!
d4ac7 warning: **** Returning random move!
<= 
<
>genmove w
<= d10
<
>play b j8
d4ac7 info: Best move cannot be determined, must search state.
d4ac7 info: --- MoHexPlayer::Search() ---
d4ac7 info: Color: white
d4ac7 info: MaxGames: 1
d4ac7 info: NumberThreads: 1
d4ac7 info: MaxNodes: 9090 (799920 bytes)
d4ac7 info: TimeForMove: 1
d4ac7 info: PreSearch: max time reached (54/58).
d4ac7 info: Time for PreSearch: 0.202343s
d4ac7 info: 
  c405f8a7ad6e8b9d
  a  b  c  d  e  f  g  h  i  j  k  
 1\b  b  b  b  b  b  b  w  W  b  b\1
  2\b  b  B  b  B  .  W  w  W  *  w\2
   3\.  .  *  *  *  *  B  .  .  .  w\3
    4\.  .  *  *  *  *  *  W  B  W  w\4
     5\.  *  *  W  B  *  *  *  *  B  .\5
      6\.  *  *  *  *  *  *  *  *  *  B\6
       7\.  *  *  W  *  B  *  *  *  *  .\7
        8\B  *  *  B  *  *  *  *  *  *  .\8
         9\.  *  *  W  .  W  *  *  W  .  .\9
         10\.  *  *  .  *  *  *  *  .  .  .\10
          11\.  B  .  *  *  *  *  *  .  .  .\11
              a  b  c  d  e  f  g  h  i  j  k  
d4ac7 info: Old: [black, k6] [white, swap-pieces] [white, h4] [black, b11] [white, d5] [black, d8] [white, i9] [black, e2] [white, f9] [black, c2] [white, j4] [black, a8] [white, d9] [black, f7] [white, i1] [black, e5] [white, d7] [black, j5] [white, i2] [black, i4] 
d4ac7 info: New: [black, k6] [white, swap-pieces] [white, h4] [black, b11] [white, d5] [black, d8] [white, i9] [black, e2] [white, f9] [black, c2] [white, j4] [black, a8] [white, d9] [black, f7] [white, i1] [black, e5] [white, d7] [black, j5] [white, i2] [black, i4] [white, g2] [black, g3] 
d4ac7 info: MovesPlayed: [white, g2] [black, g3] 
d4ac7 info: No subtree to reuse.
d4ac7 info: StartSearch()[0]
SgUctSearch: max games reached
d4ac7 info: 
Elapsed Time   0.357529s
Count          1
GamesPlayed    1
Nodes          1
Knowledge      0 (0.0%)
Expansions     0.0
Time           0.00
GameLen        83.0 dev=0.0 min=83.0 max=83.0
InTree         0.0 dev=0.0 min=0.0 max=0.0
KnowDepth      -
Aborted        0%
Games/s        3194.9
Score          1.00
Sequence      
d4ac7 info: 
d4ac7 warning: **** MoHexSearch returned empty sequence!
d4ac7 warning: **** Returning random move!
<= 
<
>genmove w
<= k11
<
>play b g8
d4ac7 info: Best move cannot be determined, must search state.
d4ac7 info: --- MoHexPlayer::Search() ---
d4ac7 info: Color: white
d4ac7 info: MaxGames: 1
d4ac7 info: NumberThreads: 1
d4ac7 info: MaxNodes: 9090 (799920 bytes)
d4ac7 info: TimeForMove: 1
d4ac7 info: Time for PreSearch: 0.189888s
d4ac7 info: 
  deec75e380f2bc93
  a  b  c  d  e  f  g  h  i  j  k  
 1\b  b  b  b  b  b  b  w  W  b  b\1
  2\b  b  B  b  B  .  W  w  W  *  w\2
   3\.  .  *  *  *  *  B  .  .  .  w\3
    4\.  .  *  *  *  *  *  W  B  W  w\4
     5\.  *  *  W  B  *  *  *  *  B  .\5
      6\.  *  *  *  *  *  *  *  *  *  B\6
       7\.  *  *  W  *  B  *  *  *  *  .\7
        8\B  *  *  B  *  *  *  *  *  B  .\8
         9\.  *  *  W  .  W  *  *  W  *  .\9
         10\.  *  .  W  .  *  *  *  .  .  .\10
          11\.  B  b  .  .  *  *  *  .  .  .\11
              a  b  c  d  e  f  g  h  i  j  k  
d4ac7 info: Old: [black, k6] [white, swap-pieces] [white, h4] [black, b11] [white, d5] [black, d8] [white, i9] [black, e2] [white, f9] [black, c2] [white, j4] [black, a8] [white, d9] [black, f7] [white, i1] [black, e5] [white, d7] [black, j5] [white, i2] [black, i4] [white, g2] [black, g3] 
d4ac7 info: New: [black, k6] [white, swap-pieces] [white, h4] [black, b11] [white, d5] [black, d8] [white, i9] [black, e2] [white, f9] [black, c2] [white, j4] [black, a8] [white, d9] [black, f7] [white, i1] [black, e5] [white, d7] [black, j5] [white, i2] [black, i4] [white, g2] [black, g3] [white, d10] [black, j8] 
d4ac7 info: MovesPlayed: [white, d10] [black, j8] 
d4ac7 info: No subtree to reuse.
d4ac7 info: StartSearch()[0]
SgUctSearch: max games reached
d4ac7 info: 
Elapsed Time   0.333678s
Count          1
GamesPlayed    1
Nodes          1
Knowledge      0 (0.0%)
Expansions     0.0
Time           0.00
GameLen        80.0 dev=0.0 min=80.0 max=80.0
InTree         0.0 dev=0.0 min=0.0 max=0.0
KnowDepth      -
Aborted        0%
Games/s        3278.7
Score          0.00
Sequence      
d4ac7 info: 
d4ac7 warning: **** MoHexSearch returned empty sequence!
d4ac7 warning: **** Returning random move!
<= 
<
>genmove w
<= a9
<
>play b f6
d4ac7 info: Best move cannot be determined, must search state.
d4ac7 info: --- MoHexPlayer::Search() ---
d4ac7 info: Color: white
d4ac7 info: MaxGames: 1
d4ac7 info: NumberThreads: 1
d4ac7 info: MaxNodes: 9090 (799920 bytes)
d4ac7 info: TimeForMove: 1
d4ac7 info: PreSearch: max time reached (25/50).
d4ac7 info: Time for PreSearch: 0.20753s
d4ac7 info: 
  715fa6f3eb9d1fc6
  a  b  c  d  e  f  g  h  i  j  k  
 1\b  b  b  b  b  b  b  w  W  b  b\1
  2\b  b  B  b  B  .  W  w  W  *  w\2
   3\.  .  *  *  *  *  B  .  .  .  w\3
    4\.  .  *  *  *  *  *  W  B  W  w\4
     5\.  *  *  W  B  *  *  *  *  B  .\5
      6\.  *  *  *  *  *  *  *  *  *  B\6
       7\.  *  *  W  *  B  *  *  *  *  .\7
        8\B  *  *  B  *  *  B  *  *  B  w\8
         9\.  *  *  W  .  W  *  *  W  .  w\9
         10\.  *  .  W  .  *  *  *  .  .  w\10
          11\.  B  b  .  .  *  *  .  .  .  W\11
              a  b  c  d  e  f  g  h  i  j  k  
d4ac7 info: Old: [black, k6] [white, swap-pieces] [white, h4] [black, b11] [white, d5] [black, d8] [white, i9] [black, e2] [white, f9] [black, c2] [white, j4] [black, a8] [white, d9] [black, f7] [white, i1] [black, e5] [white, d7] [black, j5] [white, i2] [black, i4] [white, g2] [black, g3] [white, d10] [black, j8] 
d4ac7 info: New: [black, k6] [white, swap-pieces] [white, h4] [black, b11] [white, d5] [black, d8] [white, i9] [black, e2] [white, f9] [black, c2] [white, j4] [black, a8] [white, d9] [black, f7] [white, i1] [black, e5] [white, d7] [black, j5] [white, i2] [black, i4] [white, g2] [black, g3] [white, d10] [black, j8] [white, k11] [black, g8] 
d4ac7 info: MovesPlayed: [white, k11] [black, g8] 
d4ac7 info: No subtree to reuse.
d4ac7 info: StartSearch()[0]
SgUctSearch: max games reached
d4ac7 info: 
Elapsed Time   0.545496s
Count          1
GamesPlayed    1
Nodes          1
Knowledge      0 (0.0%)
Expansions     0.0
Time           0.00
GameLen        75.0 dev=0.0 min=75.0 max=75.0
InTree         0.0 dev=0.0 min=0.0 max=0.0
KnowDepth      -
Aborted        0%
Games/s        3584.2
Score          1.00
Sequence      
d4ac7 info: 
d4ac7 warning: **** MoHexSearch returned empty sequence!
d4ac7 warning: **** Returning random move!
<= 
<
>genmove w
<= h9
<
>play b f8
d4ac7 info: Best move cannot be determined, must search state.
d4ac7 info: --- MoHexPlayer::Search() ---
d4ac7 info: Color: white
d4ac7 info: MaxGames: 1
d4ac7 info: NumberThreads: 1
d4ac7 info: MaxNodes: 9090 (799920 bytes)
d4ac7 info: TimeForMove: 1
d4ac7 info: Time for PreSearch: 0.038464s
d4ac7 info: 
  3f37bf80cc8880f6
  a  b  c  d  e  f  g  h  i  j  k  
 1\b  b  b  b  b  b  b  w  W  b  b\1
  2\b  b  B  b  B  .  W  w  W  .  w\2
   3\.  .  .  .  *  *  B  .  .  .  w\3
    4\.  .  .  .  *  *  .  W  B  W  w\4
     5\.  .  .  W  B  *  .  .  .  B  .\5
      6\.  .  .  .  .  B  .  .  .  .  B\6
       7\.  .  .  W  .  B  *  .  .  .  .\7
        8\B  .  .  B  *  .  B  .  .  B  w\8
         9\W  .  *  W  .  W  *  .  W  .  w\9
         10\w  .  .  W  .  .  *  .  .  .  w\10
          11\w  B  b  .  .  *  *  .  .  .  W\11
              a  b  c  d  e  f  g  h  i  j  k  
d4ac7 info: Old: [black, k6] [white, swap-pieces] [white, h4] [black, b11] [white, d5] [black, d8] [white, i9] [black, e2] [white, f9] [black, c2] [white, j4] [black, a8] [white, d9] [black, f7] [white, i1] [black, e5] [white, d7] [black, j5] [white, i2] [black, i4] [white, g2] [black, g3] [white, d10] [black, j8] [white, k11] [black, g8] 
d4ac7 info: New: [black, k6] [white, swap-pieces] [white, h4] [black, b11] [white, d5] [black, d8] [white, i9] [black, e2] [white, f9] [black, c2] [white, j4] [black, a8] [white, d9] [black, f7] [white, i1] [black, e5] [white, d7] [black, j5] [white, i2] [black, i4] [white, g2] [black, g3] [white, d10] [black, j8] [white, k11] [black, g8] [white, a9] [black, f6] 
d4ac7 info: MovesPlayed: [white, a9] [black, f6] 
d4ac7 info: No subtree to reuse.
d4ac7 info: StartSearch()[0]
SgUctSearch: max games reached
d4ac7 info: 
Elapsed Time   0.196159s
Count          1
GamesPlayed    1
Nodes          1
Knowledge      0 (0.0%)
Expansions     0.0
Time           0.00
GameLen        71.0 dev=0.0 min=71.0 max=71.0
InTree         0.0 dev=0.0 min=0.0 max=0.0
KnowDepth      -
Aborted        0%
Games/s        3125.0
Score          0.00
Sequence      
d4ac7 info: 
d4ac7 warning: **** MoHexSearch returned empty sequence!
d4ac7 warning: **** Returning random move!
<= 
<
>genmove w
<= g10
<
>play b c9
d4ac7 info: Opponent has won; playing most blocking move.
<= 
<
>genmove w
<= e3
<
>play b j2
d4ac7 info: Opponent has won; playing most blocking move.
<= 
<
>genmove w
<= i3
<
>play b j3
d4ac7 info: Opponent has won; playing most blocking move.
<= 
<
>genmove w
<= h5
<
>play b i5
d4ac7 info: Opponent has won; playing most blocking move.
<= 
<
>genmove w
<= h6
<
>play b i7
d4ac7 info: Opponent has won; playing most blocking move.
<= 
<
>genmove w
<= h7
<
>play b h8
d4ac7 info: Captured cells caused win! Removing...
d4ac7 info: Opponent has won; playing most blocking move.
<= 
<
>genmove w
<= j1
<
>play b k1
d4ac7 info: Captured cells caused win! Removing...
d4ac7 info: Opponent has won; playing most blocking move.
<= 
<
>genmove w
<= j6
<
>play b i6
d4ac7 info: Captured cells caused win! Removing...
d4ac7 info: Opponent has won; playing most blocking move.
<= 
<
>genmove w
<= e8
<
>play b e7
d4ac7 info: Captured cells caused win! Removing...
d4ac7 info: Opponent has won; playing most blocking move.
<= 
<
>genmove w
<= b10
<
>play b c10
d4ac7 info: Captured cells caused win! Removing...
d4ac7 info: Opponent has won; playing most blocking move.
<= 
<
>genmove w
<= resign
<
>final_score
<= B+
<
>quit
<= 
<
