# nice ../build/src/mohex/mohex --config mohex-weak.htp --seed 746728 --logfile-name jobs/11x11-mohex-mohex-cg2010-vs-mohex-mohex-weak-2/mohex-mohex-weak-386.log
>boardsize 11 11
MoHex 2.0.CMake Mar 21 2025
Copyright (C) 2007-2012 by the authors of the Benzene project.
This program comes with ABSOLUTELY NO WARRANTY. This is
free software and you are welcome to redistribute it under
certain conditions. Type `benzene-license' for details.

SgRandom::SetSeed: 746728
SgUctSearch: system memory 33632358400, using 1000000000 (5681818 nodes)
SgRandom::SetSeed: 1
SgRandom::SetSeed: 746728
154e7 info: Prior Patterns:
154e7 info: Global:
154e7 info: Size            = 565 32648 
154e7 info: TableEntries    = 65932 65910
154e7 info: MirrorsAdded    = 0 0
154e7 info: PrunableCount   = 30593 30629
154e7 info: LargestGamma    = 5820.77
154e7 info: SmallestGamma   = 6.6e-05
154e7 info: Local:
154e7 info: Size            = 550 5318 
154e7 info: TableEntries    = 11602 11588
154e7 info: MirrorsAdded    = 0 0
154e7 info: PrunableCount   = 3659 3667
154e7 info: LargestGamma    = 11281.8
154e7 info: SmallestGamma   = 0.026235
154e7 info: Playout Patterns:
154e7 info: Global:
154e7 info: Size            = 565 32648 
154e7 info: TableEntries    = 70329 70329
154e7 info: MirrorsAdded    = 4397 4419
154e7 info: PrunableCount   = 30593 30629
154e7 info: LargestGamma    = 5820.77
154e7 info: SmallestGamma   = 6.6e-05
154e7 info: Local:
154e7 info: Size            = 550 5318 
154e7 info: TableEntries    = 11602 11588
154e7 info: MirrorsAdded    = 0 0
154e7 info: PrunableCount   = 3659 3667
154e7 info: LargestGamma    = 11281.8
154e7 info: SmallestGamma   = 0.026235
param_game allow_swap 1
= 

param_mohex max_memory 1600000
= 

param_mohex num_threads 1
= 

param_mohex max_time 1
= 

param_mohex max_games 1
= 

param_mohex knowledge_threshold 400
= 

param_mohex reuse_subtree 1
= 

param_mohex use_parallel_solver 0
= 

<= 
<
>name
<= MoHex
<
>version
<= 2.0.CMake
<
>play b g7
<= 
<
>genmove w
<= swap-pieces
<
>showboard
154e7 info: SwapCheck: reading from '/home/linus/MoHex2.0/nfbranchfix/benzene-vanilla-cmake/share/swap-moves.txt'.
154e7 info: SwapCheck: playing swap.
<= 
< 
<  3877bf829de16a4e
<  a  b  c  d  e  f  g  h  i  j  k  
< 1\.  .  .  .  .  .  .  .  .  .  .\1
<  2\.  .  .  .  .  .  .  .  .  .  .\2
<   3\.  .  .  .  .  .  .  .  .  .  .\3
<    4\.  .  .  .  .  .  .  .  .  .  .\4
<     5\.  .  .  .  .  .  .  .  .  .  .\5
<      6\.  .  .  .  .  .  .  .  .  .  .\6
<       7\.  .  .  .  .  .  B  .  .  .  .\7
<        8\.  .  .  .  .  .  .  .  .  .  .\8
<         9\.  .  .  .  .  .  .  .  .  .  .\9
<         10\.  .  .  .  .  .  .  .  .  .  .\10
<          11\.  .  .  .  .  .  .  .  .  .  .\11
<              a  b  c  d  e  f  g  h  i  j  k  
<
>play w a2
<= 
<
>showboard
<= 
< 
<  58e57a3e37868a91
<  a  b  c  d  e  f  g  h  i  j  k  
< 1\.  .  .  .  .  .  .  .  .  .  .\1
<  2\W  .  .  .  .  .  .  .  .  .  .\2
<   3\.  .  .  .  .  .  .  .  .  .  .\3
<    4\.  .  .  .  .  .  .  .  .  .  .\4
<     5\.  .  .  .  .  .  .  .  .  .  .\5
<      6\.  .  .  .  .  .  .  .  .  .  .\6
<       7\.  .  .  .  .  .  B  .  .  .  .\7
<        8\.  .  .  .  .  .  .  .  .  .  .\8
<         9\.  .  .  .  .  .  .  .  .  .  .\9
<         10\.  .  .  .  .  .  .  .  .  .  .\10
<          11\.  .  .  .  .  .  .  .  .  .  .\11
<              a  b  c  d  e  f  g  h  i  j  k  
<
>genmove b
<= c3
<
>showboard
154e7 info: Best move cannot be determined, must search state.
154e7 info: --- MoHexPlayer::Search() ---
154e7 info: Color: black
154e7 info: MaxGames: 1
154e7 info: NumberThreads: 1
154e7 info: MaxNodes: 9090 (799920 bytes)
154e7 info: TimeForMove: 1
154e7 info: PreSearch: max time reached (47/93).
154e7 info: Time for PreSearch: 0.200389s
154e7 info: 
  58e57a3e37868a91
  a  b  c  d  e  f  g  h  i  j  k  
 1\b  .  .  .  .  .  .  .  .  .  .\1
  2\W  *  *  *  *  *  *  *  *  *  *\2
   3\.  *  *  *  *  *  *  *  *  *  *\3
    4\*  *  *  *  *  *  *  *  *  *  *\4
     5\*  *  *  *  *  *  *  *  *  *  *\5
      6\*  *  *  *  *  *  *  *  *  *  *\6
       7\*  *  *  *  *  *  B  *  *  *  *\7
        8\*  *  *  *  *  *  *  *  *  *  *\8
         9\*  *  *  *  *  *  *  *  *  *  .\9
         10\*  *  *  *  *  *  *  *  *  .  .\10
          11\.  .  .  .  .  .  .  .  .  .  .\11
              a  b  c  d  e  f  g  h  i  j  k  
154e7 info: No subtree to reuse.
154e7 info: Creating thread 0
154e7 info: StartSearch()[0]
SgUctSearch: max games reached
154e7 info: 
Elapsed Time   0.354496s
Count          1
GamesPlayed    1
Nodes          1
Knowledge      0 (0.0%)
Expansions     0.0
Time           0.00
GameLen        118.0 dev=0.0 min=118.0 max=118.0
InTree         0.0 dev=0.0 min=0.0 max=0.0
KnowDepth      -
Aborted        0%
Games/s        415.8
Score          0.00
Sequence      
154e7 info: 
154e7 warning: **** MoHexSearch returned empty sequence!
154e7 warning: **** Returning random move!
<= 
< 
<  e8694f137f25e035
<  a  b  c  d  e  f  g  h  i  j  k  
< 1\.  .  .  .  .  .  .  .  .  .  .\1
<  2\W  .  .  .  .  .  .  .  .  .  .\2
<   3\.  .  B  .  .  .  .  .  .  .  .\3
<    4\.  .  .  .  .  .  .  .  .  .  .\4
<     5\.  .  .  .  .  .  .  .  .  .  .\5
<      6\.  .  .  .  .  .  .  .  .  .  .\6
<       7\.  .  .  .  .  .  B  .  .  .  .\7
<        8\.  .  .  .  .  .  .  .  .  .  .\8
<         9\.  .  .  .  .  .  .  .  .  .  .\9
<         10\.  .  .  .  .  .  .  .  .  .  .\10
<          11\.  .  .  .  .  .  .  .  .  .  .\11
<              a  b  c  d  e  f  g  h  i  j  k  
<
>play w d4
<= 
<
>showboard
<= 
< 
<  dad616eee4903866
<  a  b  c  d  e  f  g  h  i  j  k  
< 1\.  .  .  .  .  .  .  .  .  .  .\1
<  2\W  .  .  .  .  .  .  .  .  .  .\2
<   3\.  .  B  .  .  .  .  .  .  .  .\3
<    4\.  .  .  W  .  .  .  .  .  .  .\4
<     5\.  .  .  .  .  .  .  .  .  .  .\5
<      6\.  .  .  .  .  .  .  .  .  .  .\6
<       7\.  .  .  .  .  .  B  .  .  .  .\7
<        8\.  .  .  .  .  .  .  .  .  .  .\8
<         9\.  .  .  .  .  .  .  .  .  .  .\9
<         10\.  .  .  .  .  .  .  .  .  .  .\10
<          11\.  .  .  .  .  .  .  .  .  .  .\11
<              a  b  c  d  e  f  g  h  i  j  k  
<
>genmove b
<= e1
<
>showboard
154e7 info: Best move cannot be determined, must search state.
154e7 info: --- MoHexPlayer::Search() ---
154e7 info: Color: black
154e7 info: MaxGames: 1
154e7 info: NumberThreads: 1
154e7 info: MaxNodes: 9090 (799920 bytes)
154e7 info: TimeForMove: 1
154e7 info: PreSearch: max time reached (46/90).
154e7 info: Time for PreSearch: 0.202893s
154e7 info: 
  dad616eee4903866
  a  b  c  d  e  f  g  h  i  j  k  
 1\b  .  .  .  .  .  .  .  .  .  .\1
  2\W  *  *  .  *  *  *  *  *  *  *\2
   3\.  *  B  *  *  *  *  *  *  *  *\3
    4\*  *  *  W  *  *  *  *  *  *  *\4
     5\*  *  *  *  *  *  *  *  *  *  *\5
      6\*  *  *  *  *  *  *  *  *  *  *\6
       7\*  *  *  *  *  *  B  *  *  *  *\7
        8\*  *  *  *  *  *  *  *  *  *  *\8
         9\*  *  *  *  *  *  *  *  *  *  .\9
         10\*  *  *  *  *  *  *  *  *  .  .\10
          11\.  .  .  .  .  .  .  .  .  .  .\11
              a  b  c  d  e  f  g  h  i  j  k  
154e7 info: Old: [black, g7] [white, swap-pieces] [white, a2] 
154e7 info: New: [black, g7] [white, swap-pieces] [white, a2] [black, c3] [white, d4] 
154e7 info: MovesPlayed: [black, c3] [white, d4] 
154e7 info: No subtree to reuse.
154e7 info: StartSearch()[0]
SgUctSearch: max games reached
154e7 info: 
Elapsed Time   0.522588s
Count          1
GamesPlayed    1
Nodes          1
Knowledge      0 (0.0%)
Expansions     0.0
Time           0.00
GameLen        116.0 dev=0.0 min=116.0 max=116.0
InTree         0.0 dev=0.0 min=0.0 max=0.0
KnowDepth      -
Aborted        0%
Games/s        3144.7
Score          0.00
Sequence      
154e7 info: 
154e7 warning: **** MoHexSearch returned empty sequence!
154e7 warning: **** Returning random move!
<= 
< 
<  823b252c859d84db
<  a  b  c  d  e  f  g  h  i  j  k  
< 1\.  .  .  .  B  .  .  .  .  .  .\1
<  2\W  .  .  .  .  .  .  .  .  .  .\2
<   3\.  .  B  .  .  .  .  .  .  .  .\3
<    4\.  .  .  W  .  .  .  .  .  .  .\4
<     5\.  .  .  .  .  .  .  .  .  .  .\5
<      6\.  .  .  .  .  .  .  .  .  .  .\6
<       7\.  .  .  .  .  .  B  .  .  .  .\7
<        8\.  .  .  .  .  .  .  .  .  .  .\8
<         9\.  .  .  .  .  .  .  .  .  .  .\9
<         10\.  .  .  .  .  .  .  .  .  .  .\10
<          11\.  .  .  .  .  .  .  .  .  .  .\11
<              a  b  c  d  e  f  g  h  i  j  k  
<
>play w g11
<= 
<
>showboard
<= 
< 
<  076d742a634849c9
<  a  b  c  d  e  f  g  h  i  j  k  
< 1\.  .  .  .  B  .  .  .  .  .  .\1
<  2\W  .  .  .  .  .  .  .  .  .  .\2
<   3\.  .  B  .  .  .  .  .  .  .  .\3
<    4\.  .  .  W  .  .  .  .  .  .  .\4
<     5\.  .  .  .  .  .  .  .  .  .  .\5
<      6\.  .  .  .  .  .  .  .  .  .  .\6
<       7\.  .  .  .  .  .  B  .  .  .  .\7
<        8\.  .  .  .  .  .  .  .  .  .  .\8
<         9\.  .  .  .  .  .  .  .  .  .  .\9
<         10\.  .  .  .  .  .  .  .  .  .  .\10
<          11\.  .  .  .  .  .  W  .  .  .  .\11
<              a  b  c  d  e  f  g  h  i  j  k  
<
>genmove b
<= a5
<
>showboard
154e7 info: Best move cannot be determined, must search state.
154e7 info: --- MoHexPlayer::Search() ---
154e7 info: Color: black
154e7 info: MaxGames: 1
154e7 info: NumberThreads: 1
154e7 info: MaxNodes: 9090 (799920 bytes)
154e7 info: TimeForMove: 1
154e7 info: PreSearch: max time reached (59/89).
154e7 info: Time for PreSearch: 0.200283s
154e7 info: 
  076d742a634849c9
  a  b  c  d  e  f  g  h  i  j  k  
 1\b  .  .  .  B  .  .  .  .  .  .\1
  2\W  *  *  .  *  *  *  *  *  *  *\2
   3\.  *  B  .  *  *  *  *  *  *  *\3
    4\*  *  *  W  *  *  *  *  *  *  *\4
     5\*  *  *  *  *  *  *  *  *  *  *\5
      6\*  *  *  *  *  *  *  *  *  *  *\6
       7\*  *  *  *  *  *  B  *  *  *  *\7
        8\*  *  *  *  *  *  *  *  *  *  *\8
         9\*  *  *  *  *  *  *  *  *  *  .\9
         10\*  *  *  *  *  *  *  *  *  .  .\10
          11\.  .  .  .  .  .  W  .  .  .  .\11
              a  b  c  d  e  f  g  h  i  j  k  
154e7 info: Old: [black, g7] [white, swap-pieces] [white, a2] [black, c3] [white, d4] 
154e7 info: New: [black, g7] [white, swap-pieces] [white, a2] [black, c3] [white, d4] [black, e1] [white, g11] 
154e7 info: MovesPlayed: [black, e1] [white, g11] 
154e7 info: No subtree to reuse.
154e7 info: StartSearch()[0]
SgUctSearch: max games reached
154e7 info: 
Elapsed Time   0.345113s
Count          1
GamesPlayed    1
Nodes          1
Knowledge      0 (0.0%)
Expansions     0.0
Time           0.00
GameLen        114.0 dev=0.0 min=114.0 max=114.0
InTree         0.0 dev=0.0 min=0.0 max=0.0
KnowDepth      -
Aborted        0%
Games/s        2915.5
Score          1.00
Sequence      
154e7 info: 
154e7 warning: **** MoHexSearch returned empty sequence!
154e7 warning: **** Returning random move!
<= 
< 
<  aadc729b15edfab0
<  a  b  c  d  e  f  g  h  i  j  k  
< 1\.  .  .  .  B  .  .  .  .  .  .\1
<  2\W  .  .  .  .  .  .  .  .  .  .\2
<   3\.  .  B  .  .  .  .  .  .  .  .\3
<    4\.  .  .  W  .  .  .  .  .  .  .\4
<     5\B  .  .  .  .  .  .  .  .  .  .\5
<      6\.  .  .  .  .  .  .  .  .  .  .\6
<       7\.  .  .  .  .  .  B  .  .  .  .\7
<        8\.  .  .  .  .  .  .  .  .  .  .\8
<         9\.  .  .  .  .  .  .  .  .  .  .\9
<         10\.  .  .  .  .  .  .  .  .  .  .\10
<          11\.  .  .  .  .  .  W  .  .  .  .\11
<              a  b  c  d  e  f  g  h  i  j  k  
<
>play w h2
<= 
<
>showboard
<= 
< 
<  c8893dcaec8d96bc
<  a  b  c  d  e  f  g  h  i  j  k  
< 1\.  .  .  .  B  .  .  .  .  .  .\1
<  2\W  .  .  .  .  .  .  W  .  .  .\2
<   3\.  .  B  .  .  .  .  .  .  .  .\3
<    4\.  .  .  W  .  .  .  .  .  .  .\4
<     5\B  .  .  .  .  .  .  .  .  .  .\5
<      6\.  .  .  .  .  .  .  .  .  .  .\6
<       7\.  .  .  .  .  .  B  .  .  .  .\7
<        8\.  .  .  .  .  .  .  .  .  .  .\8
<         9\.  .  .  .  .  .  .  .  .  .  .\9
<         10\.  .  .  .  .  .  .  .  .  .  .\10
<          11\.  .  .  .  .  .  W  .  .  .  .\11
<              a  b  c  d  e  f  g  h  i  j  k  
<
>genmove b
<= c9
<
>showboard
154e7 info: Best move cannot be determined, must search state.
154e7 info: --- MoHexPlayer::Search() ---
154e7 info: Color: black
154e7 info: MaxGames: 1
154e7 info: NumberThreads: 1
154e7 info: MaxNodes: 9090 (799920 bytes)
154e7 info: TimeForMove: 1
154e7 info: PreSearch: max time reached (70/84).
154e7 info: Time for PreSearch: 0.201251s
154e7 info: 
  c8893dcaec8d96bc
  a  b  c  d  e  f  g  h  i  j  k  
 1\b  .  .  .  B  .  .  .  .  .  .\1
  2\W  *  .  .  *  *  *  W  *  *  *\2
   3\.  *  B  .  *  *  *  *  *  *  *\3
    4\.  .  .  W  *  *  *  *  *  *  *\4
     5\B  *  *  *  *  *  *  *  *  *  *\5
      6\*  *  *  *  *  *  *  *  *  *  *\6
       7\*  *  *  *  *  *  B  *  *  *  *\7
        8\*  *  *  *  *  *  *  *  *  *  *\8
         9\*  *  *  *  *  *  *  *  *  *  .\9
         10\*  *  *  *  *  *  *  *  *  .  .\10
          11\.  .  .  .  .  .  W  .  .  .  .\11
              a  b  c  d  e  f  g  h  i  j  k  
154e7 info: Old: [black, g7] [white, swap-pieces] [white, a2] [black, c3] [white, d4] [black, e1] [white, g11] 
154e7 info: New: [black, g7] [white, swap-pieces] [white, a2] [black, c3] [white, d4] [black, e1] [white, g11] [black, a5] [white, h2] 
154e7 info: MovesPlayed: [black, a5] [white, h2] 
154e7 info: No subtree to reuse.
154e7 info: StartSearch()[0]
SgUctSearch: max games reached
154e7 info: 
Elapsed Time   0.344315s
Count          1
GamesPlayed    1
Nodes          1
Knowledge      0 (0.0%)
Expansions     0.0
Time           0.00
GameLen        112.0 dev=0.0 min=112.0 max=112.0
InTree         0.0 dev=0.0 min=0.0 max=0.0
KnowDepth      -
Aborted        0%
Games/s        3533.6
Score          1.00
Sequence      
154e7 info: 
154e7 warning: **** MoHexSearch returned empty sequence!
154e7 warning: **** Returning random move!
<= 
< 
<  86585f98f521295d
<  a  b  c  d  e  f  g  h  i  j  k  
< 1\.  .  .  .  B  .  .  .  .  .  .\1
<  2\W  .  .  .  .  .  .  W  .  .  .\2
<   3\.  .  B  .  .  .  .  .  .  .  .\3
<    4\.  .  .  W  .  .  .  .  .  .  .\4
<     5\B  .  .  .  .  .  .  .  .  .  .\5
<      6\.  .  .  .  .  .  .  .  .  .  .\6
<       7\.  .  .  .  .  .  B  .  .  .  .\7
<        8\.  .  .  .  .  .  .  .  .  .  .\8
<         9\.  .  B  .  .  .  .  .  .  .  .\9
<         10\.  .  .  .  .  .  .  .  .  .  .\10
<          11\.  .  .  .  .  .  W  .  .  .  .\11
<              a  b  c  d  e  f  g  h  i  j  k  
<
>play w b7
<= 
<
>showboard
<= 
< 
<  a9c37cd529fdb558
<  a  b  c  d  e  f  g  h  i  j  k  
< 1\.  .  .  .  B  .  .  .  .  .  .\1
<  2\W  .  .  .  .  .  .  W  .  .  .\2
<   3\.  .  B  .  .  .  .  .  .  .  .\3
<    4\.  .  .  W  .  .  .  .  .  .  .\4
<     5\B  .  .  .  .  .  .  .  .  .  .\5
<      6\.  .  .  .  .  .  .  .  .  .  .\6
<       7\.  W  .  .  .  .  B  .  .  .  .\7
<        8\.  .  .  .  .  .  .  .  .  .  .\8
<         9\.  .  B  .  .  .  .  .  .  .  .\9
<         10\.  .  .  .  .  .  .  .  .  .  .\10
<          11\.  .  .  .  .  .  W  .  .  .  .\11
<              a  b  c  d  e  f  g  h  i  j  k  
<
>genmove b
<= k5
<
>showboard
154e7 info: Best move cannot be determined, must search state.
154e7 info: --- MoHexPlayer::Search() ---
154e7 info: Color: black
154e7 info: MaxGames: 1
154e7 info: NumberThreads: 1
154e7 info: MaxNodes: 9090 (799920 bytes)
154e7 info: TimeForMove: 1
154e7 info: PreSearch: max time reached (63/75).
154e7 info: Time for PreSearch: 0.202294s
154e7 info: 
  a9c37cd529fdb558
  a  b  c  d  e  f  g  h  i  j  k  
 1\b  .  .  .  B  .  .  .  .  .  .\1
  2\W  *  .  .  *  *  *  W  *  *  *\2
   3\.  *  B  .  *  *  *  *  *  *  *\3
    4\.  .  .  W  *  *  *  *  *  *  *\4
     5\B  *  *  *  *  *  *  *  *  *  *\5
      6\.  *  *  *  *  *  *  *  *  *  *\6
       7\w  W  *  *  *  *  B  *  *  *  *\7
        8\w  .  *  *  *  *  *  *  *  *  *\8
         9\w  *  B  *  *  *  *  *  *  *  .\9
         10\.  .  .  *  *  *  *  *  *  .  .\10
          11\.  .  .  .  .  .  W  .  .  .  .\11
              a  b  c  d  e  f  g  h  i  j  k  
154e7 info: Old: [black, g7] [white, swap-pieces] [white, a2] [black, c3] [white, d4] [black, e1] [white, g11] [black, a5] [white, h2] 
154e7 info: New: [black, g7] [white, swap-pieces] [white, a2] [black, c3] [white, d4] [black, e1] [white, g11] [black, a5] [white, h2] [black, c9] [white, b7] 
154e7 info: MovesPlayed: [black, c9] [white, b7] 
154e7 info: No subtree to reuse.
154e7 info: StartSearch()[0]
SgUctSearch: max games reached
154e7 info: 
Elapsed Time   0.342755s
Count          1
GamesPlayed    1
Nodes          1
Knowledge      0 (0.0%)
Expansions     0.0
Time           0.00
GameLen        107.0 dev=0.0 min=107.0 max=107.0
InTree         0.0 dev=0.0 min=0.0 max=0.0
KnowDepth      -
Aborted        0%
Games/s        3322.3
Score          1.00
Sequence      
154e7 info: 
154e7 warning: **** MoHexSearch returned empty sequence!
154e7 warning: **** Returning random move!
<= 
< 
<  a06314b001f80106
<  a  b  c  d  e  f  g  h  i  j  k  
< 1\.  .  .  .  B  .  .  .  .  .  .\1
<  2\W  .  .  .  .  .  .  W  .  .  .\2
<   3\.  .  B  .  .  .  .  .  .  .  .\3
<    4\.  .  .  W  .  .  .  .  .  .  .\4
<     5\B  .  .  .  .  .  .  .  .  .  B\5
<      6\.  .  .  .  .  .  .  .  .  .  .\6
<       7\.  W  .  .  .  .  B  .  .  .  .\7
<        8\.  .  .  .  .  .  .  .  .  .  .\8
<         9\.  .  B  .  .  .  .  .  .  .  .\9
<         10\.  .  .  .  .  .  .  .  .  .  .\10
<          11\.  .  .  .  .  .  W  .  .  .  .\11
<              a  b  c  d  e  f  g  h  i  j  k  
<
>play w f6
<= 
<
>showboard
<= 
< 
<  3cf3022a2e2b4e69
<  a  b  c  d  e  f  g  h  i  j  k  
< 1\.  .  .  .  B  .  .  .  .  .  .\1
<  2\W  .  .  .  .  .  .  W  .  .  .\2
<   3\.  .  B  .  .  .  .  .  .  .  .\3
<    4\.  .  .  W  .  .  .  .  .  .  .\4
<     5\B  .  .  .  .  .  .  .  .  .  B\5
<      6\.  .  .  .  .  W  .  .  .  .  .\6
<       7\.  W  .  .  .  .  B  .  .  .  .\7
<        8\.  .  .  .  .  .  .  .  .  .  .\8
<         9\.  .  B  .  .  .  .  .  .  .  .\9
<         10\.  .  .  .  .  .  .  .  .  .  .\10
<          11\.  .  .  .  .  .  W  .  .  .  .\11
<              a  b  c  d  e  f  g  h  i  j  k  
<
>genmove b
<= j5
<
>showboard
154e7 info: Best move cannot be determined, must search state.
154e7 info: --- MoHexPlayer::Search() ---
154e7 info: Color: black
154e7 info: MaxGames: 1
154e7 info: NumberThreads: 1
154e7 info: MaxNodes: 9090 (799920 bytes)
154e7 info: TimeForMove: 1
154e7 info: PreSearch: max time reached (68/73).
154e7 info: Time for PreSearch: 0.202006s
154e7 info: 
  3cf3022a2e2b4e69
  a  b  c  d  e  f  g  h  i  j  k  
 1\b  .  .  .  B  .  .  .  .  .  .\1
  2\W  *  .  .  *  *  *  W  *  *  *\2
   3\.  *  B  .  *  *  *  *  *  *  *\3
    4\.  .  .  W  *  *  *  *  *  *  *\4
     5\B  *  *  *  *  *  *  *  *  *  B\5
      6\.  *  *  *  *  W  *  *  *  *  *\6
       7\w  W  *  *  *  *  B  *  *  *  *\7
        8\w  .  *  *  *  *  *  *  *  *  *\8
         9\w  *  B  *  *  *  *  *  *  *  .\9
         10\.  .  .  *  *  *  *  *  *  .  .\10
          11\.  .  .  .  .  .  W  .  .  .  .\11
              a  b  c  d  e  f  g  h  i  j  k  
154e7 info: Old: [black, g7] [white, swap-pieces] [white, a2] [black, c3] [white, d4] [black, e1] [white, g11] [black, a5] [white, h2] [black, c9] [white, b7] 
154e7 info: New: [black, g7] [white, swap-pieces] [white, a2] [black, c3] [white, d4] [black, e1] [white, g11] [black, a5] [white, h2] [black, c9] [white, b7] [black, k5] [white, f6] 
154e7 info: MovesPlayed: [black, k5] [white, f6] 
154e7 info: No subtree to reuse.
154e7 info: StartSearch()[0]
SgUctSearch: max games reached
154e7 info: 
Elapsed Time   0.34786s
Count          1
GamesPlayed    1
Nodes          1
Knowledge      0 (0.0%)
Expansions     0.0
Time           0.00
GameLen        105.0 dev=0.0 min=105.0 max=105.0
InTree         0.0 dev=0.0 min=0.0 max=0.0
KnowDepth      -
Aborted        0%
Games/s        3676.5
Score          0.00
Sequence      
154e7 info: 
154e7 warning: **** MoHexSearch returned empty sequence!
154e7 warning: **** Returning random move!
<= 
< 
<  81a437951bb17c1d
<  a  b  c  d  e  f  g  h  i  j  k  
< 1\.  .  .  .  B  .  .  .  .  .  .\1
<  2\W  .  .  .  .  .  .  W  .  .  .\2
<   3\.  .  B  .  .  .  .  .  .  .  .\3
<    4\.  .  .  W  .  .  .  .  .  .  .\4
<     5\B  .  .  .  .  .  .  .  .  B  B\5
<      6\.  .  .  .  .  W  .  .  .  .  .\6
<       7\.  W  .  .  .  .  B  .  .  .  .\7
<        8\.  .  .  .  .  .  .  .  .  .  .\8
<         9\.  .  B  .  .  .  .  .  .  .  .\9
<         10\.  .  .  .  .  .  .  .  .  .  .\10
<          11\.  .  .  .  .  .  W  .  .  .  .\11
<              a  b  c  d  e  f  g  h  i  j  k  
<
>play w j6
<= 
<
>showboard
<= 
< 
<  f27ed6498560bc87
<  a  b  c  d  e  f  g  h  i  j  k  
< 1\.  .  .  .  B  .  .  .  .  .  .\1
<  2\W  .  .  .  .  .  .  W  .  .  .\2
<   3\.  .  B  .  .  .  .  .  .  .  .\3
<    4\.  .  .  W  .  .  .  .  .  .  .\4
<     5\B  .  .  .  .  .  .  .  .  B  B\5
<      6\.  .  .  .  .  W  .  .  .  W  .\6
<       7\.  W  .  .  .  .  B  .  .  .  .\7
<        8\.  .  .  .  .  .  .  .  .  .  .\8
<         9\.  .  B  .  .  .  .  .  .  .  .\9
<         10\.  .  .  .  .  .  .  .  .  .  .\10
<          11\.  .  .  .  .  .  W  .  .  .  .\11
<              a  b  c  d  e  f  g  h  i  j  k  
<
>genmove b
<= d11
<
>showboard
154e7 info: Best move cannot be determined, must search state.
154e7 info: --- MoHexPlayer::Search() ---
154e7 info: Color: black
154e7 info: MaxGames: 1
154e7 info: NumberThreads: 1
154e7 info: MaxNodes: 9090 (799920 bytes)
154e7 info: TimeForMove: 1
154e7 info: PreSearch: max time reached (68/70).
154e7 info: Time for PreSearch: 0.203037s
154e7 info: 
  f27ed6498560bc87
  a  b  c  d  e  f  g  h  i  j  k  
 1\b  .  .  .  B  .  .  .  .  .  .\1
  2\W  *  *  .  .  *  *  W  *  *  *\2
   3\.  *  B  .  *  *  *  *  *  *  *\3
    4\.  .  .  W  *  *  *  *  *  *  .\4
     5\B  *  *  *  *  *  *  *  *  B  B\5
      6\.  *  *  *  *  W  *  *  *  W  *\6
       7\w  W  *  *  *  *  B  *  *  *  *\7
        8\w  .  *  *  *  *  *  *  *  *  *\8
         9\w  *  B  *  *  *  *  *  *  *  .\9
         10\.  .  .  *  *  *  *  *  *  .  .\10
          11\.  .  .  .  .  .  W  .  .  .  .\11
              a  b  c  d  e  f  g  h  i  j  k  
154e7 info: Old: [black, g7] [white, swap-pieces] [white, a2] [black, c3] [white, d4] [black, e1] [white, g11] [black, a5] [white, h2] [black, c9] [white, b7] [black, k5] [white, f6] 
154e7 info: New: [black, g7] [white, swap-pieces] [white, a2] [black, c3] [white, d4] [black, e1] [white, g11] [black, a5] [white, h2] [black, c9] [white, b7] [black, k5] [white, f6] [black, j5] [white, j6] 
154e7 info: MovesPlayed: [black, j5] [white, j6] 
154e7 info: No subtree to reuse.
154e7 info: StartSearch()[0]
SgUctSearch: max games reached
154e7 info: 
Elapsed Time   0.347406s
Count          1
GamesPlayed    1
Nodes          1
Knowledge      0 (0.0%)
Expansions     0.0
Time           0.00
GameLen        103.0 dev=0.0 min=103.0 max=103.0
InTree         0.0 dev=0.0 min=0.0 max=0.0
KnowDepth      -
Aborted        0%
Games/s        3322.3
Score          0.00
Sequence      
154e7 info: 
154e7 warning: **** MoHexSearch returned empty sequence!
154e7 warning: **** Returning random move!
<= 
< 
<  a2750916db7ba165
<  a  b  c  d  e  f  g  h  i  j  k  
< 1\.  .  .  .  B  .  .  .  .  .  .\1
<  2\W  .  .  .  .  .  .  W  .  .  .\2
<   3\.  .  B  .  .  .  .  .  .  .  .\3
<    4\.  .  .  W  .  .  .  .  .  .  .\4
<     5\B  .  .  .  .  .  .  .  .  B  B\5
<      6\.  .  .  .  .  W  .  .  .  W  .\6
<       7\.  W  .  .  .  .  B  .  .  .  .\7
<        8\.  .  .  .  .  .  .  .  .  .  .\8
<         9\.  .  B  .  .  .  .  .  .  .  .\9
<         10\.  .  .  .  .  .  .  .  .  .  .\10
<          11\.  .  .  B  .  .  W  .  .  .  .\11
<              a  b  c  d  e  f  g  h  i  j  k  
<
>play w b4
<= 
<
>showboard
<= 
< 
<  e5f480830fd83c48
<  a  b  c  d  e  f  g  h  i  j  k  
< 1\.  .  .  .  B  .  .  .  .  .  .\1
<  2\W  .  .  .  .  .  .  W  .  .  .\2
<   3\.  .  B  .  .  .  .  .  .  .  .\3
<    4\.  W  .  W  .  .  .  .  .  .  .\4
<     5\B  .  .  .  .  .  .  .  .  B  B\5
<      6\.  .  .  .  .  W  .  .  .  W  .\6
<       7\.  W  .  .  .  .  B  .  .  .  .\7
<        8\.  .  .  .  .  .  .  .  .  .  .\8
<         9\.  .  B  .  .  .  .  .  .  .  .\9
<         10\.  .  .  .  .  .  .  .  .  .  .\10
<          11\.  .  .  B  .  .  W  .  .  .  .\11
<              a  b  c  d  e  f  g  h  i  j  k  
<
>genmove b
<= c4
<
>showboard
154e7 info: Best move cannot be determined, must search state.
154e7 info: --- MoHexPlayer::Search() ---
154e7 info: Color: black
154e7 info: MaxGames: 1
154e7 info: NumberThreads: 1
154e7 info: MaxNodes: 9090 (799920 bytes)
154e7 info: TimeForMove: 1
154e7 info: PreSearch: max time reached (70/71).
154e7 info: Time for PreSearch: 0.201253s
154e7 info: 
  e5f480830fd83c48
  a  b  c  d  e  f  g  h  i  j  k  
 1\b  .  .  .  B  .  .  .  .  .  .\1
  2\W  *  .  .  .  *  *  W  *  *  *\2
   3\.  .  B  .  *  *  *  *  *  *  *\3
    4\*  W  *  W  *  *  *  *  *  *  .\4
     5\B  *  *  *  *  *  *  *  *  B  B\5
      6\.  *  *  *  *  W  *  *  *  W  *\6
       7\w  W  *  *  *  *  B  *  *  *  *\7
        8\w  .  *  *  *  *  *  *  *  *  *\8
         9\w  *  B  *  *  *  *  *  *  *  .\9
         10\.  .  .  .  *  *  *  *  *  .  .\10
          11\.  .  .  B  .  .  W  .  .  .  .\11
              a  b  c  d  e  f  g  h  i  j  k  
154e7 info: Old: [black, g7] [white, swap-pieces] [white, a2] [black, c3] [white, d4] [black, e1] [white, g11] [black, a5] [white, h2] [black, c9] [white, b7] [black, k5] [white, f6] [black, j5] [white, j6] 
154e7 info: New: [black, g7] [white, swap-pieces] [white, a2] [black, c3] [white, d4] [black, e1] [white, g11] [black, a5] [white, h2] [black, c9] [white, b7] [black, k5] [white, f6] [black, j5] [white, j6] [black, d11] [white, b4] 
154e7 info: MovesPlayed: [black, d11] [white, b4] 
154e7 info: No subtree to reuse.
154e7 info: StartSearch()[0]
SgUctSearch: max games reached
154e7 info: 
Elapsed Time   0.34167s
Count          1
GamesPlayed    1
Nodes          1
Knowledge      0 (0.0%)
Expansions     0.0
Time           0.00
GameLen        101.0 dev=0.0 min=101.0 max=101.0
InTree         0.0 dev=0.0 min=0.0 max=0.0
KnowDepth      -
Aborted        0%
Games/s        3367.0
Score          1.00
Sequence      
154e7 info: 
154e7 warning: **** MoHexSearch returned empty sequence!
154e7 warning: **** Returning random move!
<= 
< 
<  f3068902cb3b45c0
<  a  b  c  d  e  f  g  h  i  j  k  
< 1\.  .  .  .  B  .  .  .  .  .  .\1
<  2\W  .  .  .  .  .  .  W  .  .  .\2
<   3\.  .  B  .  .  .  .  .  .  .  .\3
<    4\.  W  B  W  .  .  .  .  .  .  .\4
<     5\B  .  .  .  .  .  .  .  .  B  B\5
<      6\.  .  .  .  .  W  .  .  .  W  .\6
<       7\.  W  .  .  .  .  B  .  .  .  .\7
<        8\.  .  .  .  .  .  .  .  .  .  .\8
<         9\.  .  B  .  .  .  .  .  .  .  .\9
<         10\.  .  .  .  .  .  .  .  .  .  .\10
<          11\.  .  .  B  .  .  W  .  .  .  .\11
<              a  b  c  d  e  f  g  h  i  j  k  
<
>play w j3
<= 
<
>showboard
<= 
< 
<  6150388fd2f5ba49
<  a  b  c  d  e  f  g  h  i  j  k  
< 1\.  .  .  .  B  .  .  .  .  .  .\1
<  2\W  .  .  .  .  .  .  W  .  .  .\2
<   3\.  .  B  .  .  .  .  .  .  W  .\3
<    4\.  W  B  W  .  .  .  .  .  .  .\4
<     5\B  .  .  .  .  .  .  .  .  B  B\5
<      6\.  .  .  .  .  W  .  .  .  W  .\6
<       7\.  W  .  .  .  .  B  .  .  .  .\7
<        8\.  .  .  .  .  .  .  .  .  .  .\8
<         9\.  .  B  .  .  .  .  .  .  .  .\9
<         10\.  .  .  .  .  .  .  .  .  .  .\10
<          11\.  .  .  B  .  .  W  .  .  .  .\11
<              a  b  c  d  e  f  g  h  i  j  k  
<
>genmove b
<= f7
<
>showboard
154e7 info: Best move cannot be determined, must search state.
154e7 info: --- MoHexPlayer::Search() ---
154e7 info: Color: black
154e7 info: MaxGames: 1
154e7 info: NumberThreads: 1
154e7 info: MaxNodes: 9090 (799920 bytes)
154e7 info: TimeForMove: 1
154e7 info: Time for PreSearch: 0.179683s
154e7 info: 
  6150388fd2f5ba49
  a  b  c  d  e  f  g  h  i  j  k  
 1\b  .  .  .  B  .  .  .  .  .  .\1
  2\W  *  .  .  .  *  *  W  *  .  w\2
   3\.  .  B  .  *  *  *  *  *  W  w\3
    4\*  W  B  W  *  *  *  *  *  .  b\4
     5\B  *  *  *  *  *  *  *  *  B  B\5
      6\.  *  *  *  *  W  *  *  *  W  *\6
       7\w  W  *  *  *  *  B  *  *  *  *\7
        8\w  .  *  *  *  *  *  *  *  *  *\8
         9\w  *  B  *  *  *  *  *  *  *  .\9
         10\.  .  .  .  *  *  *  *  *  .  .\10
          11\.  .  .  B  .  .  W  .  .  .  .\11
              a  b  c  d  e  f  g  h  i  j  k  
154e7 info: Old: [black, g7] [white, swap-pieces] [white, a2] [black, c3] [white, d4] [black, e1] [white, g11] [black, a5] [white, h2] [black, c9] [white, b7] [black, k5] [white, f6] [black, j5] [white, j6] [black, d11] [white, b4] 
154e7 info: New: [black, g7] [white, swap-pieces] [white, a2] [black, c3] [white, d4] [black, e1] [white, g11] [black, a5] [white, h2] [black, c9] [white, b7] [black, k5] [white, f6] [black, j5] [white, j6] [black, d11] [white, b4] [black, c4] [white, j3] 
154e7 info: MovesPlayed: [black, c4] [white, j3] 
154e7 info: No subtree to reuse.
154e7 info: StartSearch()[0]
SgUctSearch: max games reached
154e7 info: 
Elapsed Time   0.322754s
Count          1
GamesPlayed    1
Nodes          1
Knowledge      0 (0.0%)
Expansions     0.0
Time           0.00
GameLen        96.0 dev=0.0 min=96.0 max=96.0
InTree         0.0 dev=0.0 min=0.0 max=0.0
KnowDepth      -
Aborted        0%
Games/s        3355.7
Score          1.00
Sequence      
154e7 info: 
154e7 warning: **** MoHexSearch returned empty sequence!
154e7 warning: **** Returning random move!
<= 
< 
<  429037839a53071c
<  a  b  c  d  e  f  g  h  i  j  k  
< 1\.  .  .  .  B  .  .  .  .  .  .\1
<  2\W  .  .  .  .  .  .  W  .  .  .\2
<   3\.  .  B  .  .  .  .  .  .  W  .\3
<    4\.  W  B  W  .  .  .  .  .  .  .\4
<     5\B  .  .  .  .  .  .  .  .  B  B\5
<      6\.  .  .  .  .  W  .  .  .  W  .\6
<       7\.  W  .  .  .  B  B  .  .  .  .\7
<        8\.  .  .  .  .  .  .  .  .  .  .\8
<         9\.  .  B  .  .  .  .  .  .  .  .\9
<         10\.  .  .  .  .  .  .  .  .  .  .\10
<          11\.  .  .  B  .  .  W  .  .  .  .\11
<              a  b  c  d  e  f  g  h  i  j  k  
<
>play w j2
<= 
<
>showboard
<= 
< 
<  f0f6a9ba30e1c25a
<  a  b  c  d  e  f  g  h  i  j  k  
< 1\.  .  .  .  B  .  .  .  .  .  .\1
<  2\W  .  .  .  .  .  .  W  .  W  .\2
<   3\.  .  B  .  .  .  .  .  .  W  .\3
<    4\.  W  B  W  .  .  .  .  .  .  .\4
<     5\B  .  .  .  .  .  .  .  .  B  B\5
<      6\.  .  .  .  .  W  .  .  .  W  .\6
<       7\.  W  .  .  .  B  B  .  .  .  .\7
<        8\.  .  .  .  .  .  .  .  .  .  .\8
<         9\.  .  B  .  .  .  .  .  .  .  .\9
<         10\.  .  .  .  .  .  .  .  .  .  .\10
<          11\.  .  .  B  .  .  W  .  .  .  .\11
<              a  b  c  d  e  f  g  h  i  j  k  
<
>genmove b
<= h6
<
>showboard
154e7 info: Best move cannot be determined, must search state.
154e7 info: --- MoHexPlayer::Search() ---
154e7 info: Color: black
154e7 info: MaxGames: 1
154e7 info: NumberThreads: 1
154e7 info: MaxNodes: 9090 (799920 bytes)
154e7 info: TimeForMove: 1
154e7 info: Time for PreSearch: 0.196625s
154e7 info: 
  f0f6a9ba30e1c25a
  a  b  c  d  e  f  g  h  i  j  k  
 1\b  .  .  .  B  .  .  .  b  b  w\1
  2\W  *  .  .  .  *  *  W  *  W  w\2
   3\.  .  B  .  *  *  *  *  *  W  b\3
    4\*  W  B  W  *  *  *  *  *  .  b\4
     5\B  *  *  *  *  *  *  *  *  B  B\5
      6\.  *  *  *  *  W  *  *  *  W  *\6
       7\w  W  *  *  *  B  B  *  *  *  *\7
        8\w  .  *  *  *  *  *  *  *  *  *\8
         9\w  *  B  *  *  *  *  *  *  *  .\9
         10\.  .  .  .  *  *  *  *  *  .  .\10
          11\.  .  .  B  .  .  W  .  .  .  .\11
              a  b  c  d  e  f  g  h  i  j  k  
154e7 info: Old: [black, g7] [white, swap-pieces] [white, a2] [black, c3] [white, d4] [black, e1] [white, g11] [black, a5] [white, h2] [black, c9] [white, b7] [black, k5] [white, f6] [black, j5] [white, j6] [black, d11] [white, b4] [black, c4] [white, j3] 
154e7 info: New: [black, g7] [white, swap-pieces] [white, a2] [black, c3] [white, d4] [black, e1] [white, g11] [black, a5] [white, h2] [black, c9] [white, b7] [black, k5] [white, f6] [black, j5] [white, j6] [black, d11] [white, b4] [black, c4] [white, j3] [black, f7] [white, j2] 
154e7 info: MovesPlayed: [black, f7] [white, j2] 
154e7 info: No subtree to reuse.
154e7 info: StartSearch()[0]
SgUctSearch: max games reached
154e7 info: 
Elapsed Time   0.354261s
Count          1
GamesPlayed    1
Nodes          1
Knowledge      0 (0.0%)
Expansions     0.0
Time           0.00
GameLen        91.0 dev=0.0 min=91.0 max=91.0
InTree         0.0 dev=0.0 min=0.0 max=0.0
KnowDepth      -
Aborted        0%
Games/s        3389.8
Score          0.00
Sequence      
154e7 info: 
154e7 warning: **** MoHexSearch returned empty sequence!
154e7 warning: **** Returning random move!
<= 
< 
<  56bdba8ef508e77a
<  a  b  c  d  e  f  g  h  i  j  k  
< 1\.  .  .  .  B  .  .  .  .  .  .\1
<  2\W  .  .  .  .  .  .  W  .  W  .\2
<   3\.  .  B  .  .  .  .  .  .  W  .\3
<    4\.  W  B  W  .  .  .  .  .  .  .\4
<     5\B  .  .  .  .  .  .  .  .  B  B\5
<      6\.  .  .  .  .  W  .  B  .  W  .\6
<       7\.  W  .  .  .  B  B  .  .  .  .\7
<        8\.  .  .  .  .  .  .  .  .  .  .\8
<         9\.  .  B  .  .  .  .  .  .  .  .\9
<         10\.  .  .  .  .  .  .  .  .  .  .\10
<          11\.  .  .  B  .  .  W  .  .  .  .\11
<              a  b  c  d  e  f  g  h  i  j  k  
<
>play w d3
<= 
<
>showboard
<= 
< 
<  f6bcbf1417021010
<  a  b  c  d  e  f  g  h  i  j  k  
< 1\.  .  .  .  B  .  .  .  .  .  .\1
<  2\W  .  .  .  .  .  .  W  .  W  .\2
<   3\.  .  B  W  .  .  .  .  .  W  .\3
<    4\.  W  B  W  .  .  .  .  .  .  .\4
<     5\B  .  .  .  .  .  .  .  .  B  B\5
<      6\.  .  .  .  .  W  .  B  .  W  .\6
<       7\.  W  .  .  .  B  B  .  .  .  .\7
<        8\.  .  .  .  .  .  .  .  .  .  .\8
<         9\.  .  B  .  .  .  .  .  .  .  .\9
<         10\.  .  .  .  .  .  .  .  .  .  .\10
<          11\.  .  .  B  .  .  W  .  .  .  .\11
<              a  b  c  d  e  f  g  h  i  j  k  
<
>genmove b
<= a11
<
>showboard
154e7 info: Best move cannot be determined, must search state.
154e7 info: --- MoHexPlayer::Search() ---
154e7 info: Color: black
154e7 info: MaxGames: 1
154e7 info: NumberThreads: 1
154e7 info: MaxNodes: 9090 (799920 bytes)
154e7 info: TimeForMove: 1
154e7 info: PreSearch: max time reached (46/51).
154e7 info: Time for PreSearch: 0.200901s
154e7 info: 
  f6bcbf1417021010
  a  b  c  d  e  f  g  h  i  j  k  
 1\b  b  b  b  B  b  b  b  b  b  w\1
  2\W  w  b  b  .  .  .  W  *  W  w\2
   3\w  w  B  W  .  *  *  *  *  W  b\3
    4\w  W  B  W  *  *  *  *  *  .  b\4
     5\B  w  *  *  *  *  *  *  .  B  B\5
      6\b  w  *  *  *  W  .  B  *  W  *\6
       7\w  W  *  *  *  B  B  *  *  *  *\7
        8\w  .  *  *  *  *  *  *  *  *  *\8
         9\w  *  B  *  *  *  *  *  *  *  .\9
         10\.  .  .  .  *  *  *  *  *  .  .\10
          11\.  .  .  B  .  .  W  .  .  .  .\11
              a  b  c  d  e  f  g  h  i  j  k  
154e7 info: Old: [black, g7] [white, swap-pieces] [white, a2] [black, c3] [white, d4] [black, e1] [white, g11] [black, a5] [white, h2] [black, c9] [white, b7] [black, k5] [white, f6] [black, j5] [white, j6] [black, d11] [white, b4] [black, c4] [white, j3] [black, f7] [white, j2] 
154e7 info: New: [black, g7] [white, swap-pieces] [white, a2] [black, c3] [white, d4] [black, e1] [white, g11] [black, a5] [white, h2] [black, c9] [white, b7] [black, k5] [white, f6] [black, j5] [white, j6] [black, d11] [white, b4] [black, c4] [white, j3] [black, f7] [white, j2] [black, h6] [white, d3] 
154e7 info: MovesPlayed: [black, h6] [white, d3] 
154e7 info: No subtree to reuse.
154e7 info: StartSearch()[0]
SgUctSearch: max games reached
154e7 info: 
Elapsed Time   0.359453s
Count          1
GamesPlayed    1
Nodes          1
Knowledge      0 (0.0%)
Expansions     0.0
Time           0.00
GameLen        74.0 dev=0.0 min=74.0 max=74.0
InTree         0.0 dev=0.0 min=0.0 max=0.0
KnowDepth      -
Aborted        0%
Games/s        1938.0
Score          0.00
Sequence      
154e7 info: 
154e7 warning: **** MoHexSearch returned empty sequence!
154e7 warning: **** Returning random move!
<= 
< 
<  ff0de3c997007af9
<  a  b  c  d  e  f  g  h  i  j  k  
< 1\.  .  .  .  B  .  .  .  .  .  .\1
<  2\W  .  .  .  .  .  .  W  .  W  .\2
<   3\.  .  B  W  .  .  .  .  .  W  .\3
<    4\.  W  B  W  .  .  .  .  .  .  .\4
<     5\B  .  .  .  .  .  .  .  .  B  B\5
<      6\.  .  .  .  .  W  .  B  .  W  .\6
<       7\.  W  .  .  .  B  B  .  .  .  .\7
<        8\.  .  .  .  .  .  .  .  .  .  .\8
<         9\.  .  B  .  .  .  .  .  .  .  .\9
<         10\.  .  .  .  .  .  .  .  .  .  .\10
<          11\B  .  .  B  .  .  W  .  .  .  .\11
<              a  b  c  d  e  f  g  h  i  j  k  
<
>play w g4
<= 
<
>showboard
<= 
< 
<  8d996827478ddf0e
<  a  b  c  d  e  f  g  h  i  j  k  
< 1\.  .  .  .  B  .  .  .  .  .  .\1
<  2\W  .  .  .  .  .  .  W  .  W  .\2
<   3\.  .  B  W  .  .  .  .  .  W  .\3
<    4\.  W  B  W  .  .  W  .  .  .  .\4
<     5\B  .  .  .  .  .  .  .  .  B  B\5
<      6\.  .  .  .  .  W  .  B  .  W  .\6
<       7\.  W  .  .  .  B  B  .  .  .  .\7
<        8\.  .  .  .  .  .  .  .  .  .  .\8
<         9\.  .  B  .  .  .  .  .  .  .  .\9
<         10\.  .  .  .  .  .  .  .  .  .  .\10
<          11\B  .  .  B  .  .  W  .  .  .  .\11
<              a  b  c  d  e  f  g  h  i  j  k  
<
>genmove b
<= f5
<
>showboard
154e7 info: Opponent has won; playing most blocking move.
<= 
< 
<  62150151f19686f7
<  a  b  c  d  e  f  g  h  i  j  k  
< 1\.  .  .  .  B  .  .  .  .  .  .\1
<  2\W  .  .  .  .  .  .  W  .  W  .\2
<   3\.  .  B  W  .  .  .  .  .  W  .\3
<    4\.  W  B  W  .  .  W  .  .  .  .\4
<     5\B  .  .  .  .  B  .  .  .  B  B\5
<      6\.  .  .  .  .  W  .  B  .  W  .\6
<       7\.  W  .  .  .  B  B  .  .  .  .\7
<        8\.  .  .  .  .  .  .  .  .  .  .\8
<         9\.  .  B  .  .  .  .  .  .  .  .\9
<         10\.  .  .  .  .  .  .  .  .  .  .\10
<          11\B  .  .  B  .  .  W  .  .  .  .\11
<              a  b  c  d  e  f  g  h  i  j  k  
<
>play w e4
<= 
<
>showboard
<= 
< 
<  2b31b6152df7bb34
<  a  b  c  d  e  f  g  h  i  j  k  
< 1\.  .  .  .  B  .  .  .  .  .  .\1
<  2\W  .  .  .  .  .  .  W  .  W  .\2
<   3\.  .  B  W  .  .  .  .  .  W  .\3
<    4\.  W  B  W  W  .  W  .  .  .  .\4
<     5\B  .  .  .  .  B  .  .  .  B  B\5
<      6\.  .  .  .  .  W  .  B  .  W  .\6
<       7\.  W  .  .  .  B  B  .  .  .  .\7
<        8\.  .  .  .  .  .  .  .  .  .  .\8
<         9\.  .  B  .  .  .  .  .  .  .  .\9
<         10\.  .  .  .  .  .  .  .  .  .  .\10
<          11\B  .  .  B  .  .  W  .  .  .  .\11
<              a  b  c  d  e  f  g  h  i  j  k  
<
>genmove b
<= c5
<
>showboard
154e7 info: Opponent has won; playing most blocking move.
<= 
< 
<  a48c523f21b44d72
<  a  b  c  d  e  f  g  h  i  j  k  
< 1\.  .  .  .  B  .  .  .  .  .  .\1
<  2\W  .  .  .  .  .  .  W  .  W  .\2
<   3\.  .  B  W  .  .  .  .  .  W  .\3
<    4\.  W  B  W  W  .  W  .  .  .  .\4
<     5\B  .  B  .  .  B  .  .  .  B  B\5
<      6\.  .  .  .  .  W  .  B  .  W  .\6
<       7\.  W  .  .  .  B  B  .  .  .  .\7
<        8\.  .  .  .  .  .  .  .  .  .  .\8
<         9\.  .  B  .  .  .  .  .  .  .  .\9
<         10\.  .  .  .  .  .  .  .  .  .  .\10
<          11\B  .  .  B  .  .  W  .  .  .  .\11
<              a  b  c  d  e  f  g  h  i  j  k  
<
>play w d6
<= 
<
>showboard
<= 
< 
<  a1e92818ea369301
<  a  b  c  d  e  f  g  h  i  j  k  
< 1\.  .  .  .  B  .  .  .  .  .  .\1
<  2\W  .  .  .  .  .  .  W  .  W  .\2
<   3\.  .  B  W  .  .  .  .  .  W  .\3
<    4\.  W  B  W  W  .  W  .  .  .  .\4
<     5\B  .  B  .  .  B  .  .  .  B  B\5
<      6\.  .  .  W  .  W  .  B  .  W  .\6
<       7\.  W  .  .  .  B  B  .  .  .  .\7
<        8\.  .  .  .  .  .  .  .  .  .  .\8
<         9\.  .  B  .  .  .  .  .  .  .  .\9
<         10\.  .  .  .  .  .  .  .  .  .  .\10
<          11\B  .  .  B  .  .  W  .  .  .  .\11
<              a  b  c  d  e  f  g  h  i  j  k  
<
>genmove b
<= f4
<
>showboard
154e7 info: Opponent has won; playing most blocking move.
<= 
< 
<  bb37165e02a29061
<  a  b  c  d  e  f  g  h  i  j  k  
< 1\.  .  .  .  B  .  .  .  .  .  .\1
<  2\W  .  .  .  .  .  .  W  .  W  .\2
<   3\.  .  B  W  .  .  .  .  .  W  .\3
<    4\.  W  B  W  W  B  W  .  .  .  .\4
<     5\B  .  B  .  .  B  .  .  .  B  B\5
<      6\.  .  .  W  .  W  .  B  .  W  .\6
<       7\.  W  .  .  .  B  B  .  .  .  .\7
<        8\.  .  .  .  .  .  .  .  .  .  .\8
<         9\.  .  B  .  .  .  .  .  .  .  .\9
<         10\.  .  .  .  .  .  .  .  .  .  .\10
<          11\B  .  .  B  .  .  W  .  .  .  .\11
<              a  b  c  d  e  f  g  h  i  j  k  
<
>play w g2
<= 
<
>showboard
<= 
< 
<  220590972b281809
<  a  b  c  d  e  f  g  h  i  j  k  
< 1\.  .  .  .  B  .  .  .  .  .  .\1
<  2\W  .  .  .  .  .  W  W  .  W  .\2
<   3\.  .  B  W  .  .  .  .  .  W  .\3
<    4\.  W  B  W  W  B  W  .  .  .  .\4
<     5\B  .  B  .  .  B  .  .  .  B  B\5
<      6\.  .  .  W  .  W  .  B  .  W  .\6
<       7\.  W  .  .  .  B  B  .  .  .  .\7
<        8\.  .  .  .  .  .  .  .  .  .  .\8
<         9\.  .  B  .  .  .  .  .  .  .  .\9
<         10\.  .  .  .  .  .  .  .  .  .  .\10
<          11\B  .  .  B  .  .  W  .  .  .  .\11
<              a  b  c  d  e  f  g  h  i  j  k  
<
>genmove b
<= i2
<
>showboard
154e7 info: Opponent has won; playing most blocking move.
<= 
< 
<  925acb2b6fa90f5b
<  a  b  c  d  e  f  g  h  i  j  k  
< 1\.  .  .  .  B  .  .  .  .  .  .\1
<  2\W  .  .  .  .  .  W  W  B  W  .\2
<   3\.  .  B  W  .  .  .  .  .  W  .\3
<    4\.  W  B  W  W  B  W  .  .  .  .\4
<     5\B  .  B  .  .  B  .  .  .  B  B\5
<      6\.  .  .  W  .  W  .  B  .  W  .\6
<       7\.  W  .  .  .  B  B  .  .  .  .\7
<        8\.  .  .  .  .  .  .  .  .  .  .\8
<         9\.  .  B  .  .  .  .  .  .  .  .\9
<         10\.  .  .  .  .  .  .  .  .  .  .\10
<          11\B  .  .  B  .  .  W  .  .  .  .\11
<              a  b  c  d  e  f  g  h  i  j  k  
<
>play w h4
<= 
<
>showboard
<= 
< 
<  1ce4d809d9dfdd43
<  a  b  c  d  e  f  g  h  i  j  k  
< 1\.  .  .  .  B  .  .  .  .  .  .\1
<  2\W  .  .  .  .  .  W  W  B  W  .\2
<   3\.  .  B  W  .  .  .  .  .  W  .\3
<    4\.  W  B  W  W  B  W  W  .  .  .\4
<     5\B  .  B  .  .  B  .  .  .  B  B\5
<      6\.  .  .  W  .  W  .  B  .  W  .\6
<       7\.  W  .  .  .  B  B  .  .  .  .\7
<        8\.  .  .  .  .  .  .  .  .  .  .\8
<         9\.  .  B  .  .  .  .  .  .  .  .\9
<         10\.  .  .  .  .  .  .  .  .  .  .\10
<          11\B  .  .  B  .  .  W  .  .  .  .\11
<              a  b  c  d  e  f  g  h  i  j  k  
<
>genmove b
<= i3
<
>showboard
154e7 info: Opponent has won; playing most blocking move.
<= 
< 
<  c030aa9406ce5e39
<  a  b  c  d  e  f  g  h  i  j  k  
< 1\.  .  .  .  B  .  .  .  .  .  .\1
<  2\W  .  .  .  .  .  W  W  B  W  .\2
<   3\.  .  B  W  .  .  .  .  B  W  .\3
<    4\.  W  B  W  W  B  W  W  .  .  .\4
<     5\B  .  B  .  .  B  .  .  .  B  B\5
<      6\.  .  .  W  .  W  .  B  .  W  .\6
<       7\.  W  .  .  .  B  B  .  .  .  .\7
<        8\.  .  .  .  .  .  .  .  .  .  .\8
<         9\.  .  B  .  .  .  .  .  .  .  .\9
<         10\.  .  .  .  .  .  .  .  .  .  .\10
<          11\B  .  .  B  .  .  W  .  .  .  .\11
<              a  b  c  d  e  f  g  h  i  j  k  
<
>play w i4
<= 
<
>showboard
<= 
< 
<  52e44ca959a42a4b
<  a  b  c  d  e  f  g  h  i  j  k  
< 1\.  .  .  .  B  .  .  .  .  .  .\1
<  2\W  .  .  .  .  .  W  W  B  W  .\2
<   3\.  .  B  W  .  .  .  .  B  W  .\3
<    4\.  W  B  W  W  B  W  W  W  .  .\4
<     5\B  .  B  .  .  B  .  .  .  B  B\5
<      6\.  .  .  W  .  W  .  B  .  W  .\6
<       7\.  W  .  .  .  B  B  .  .  .  .\7
<        8\.  .  .  .  .  .  .  .  .  .  .\8
<         9\.  .  B  .  .  .  .  .  .  .  .\9
<         10\.  .  .  .  .  .  .  .  .  .  .\10
<          11\B  .  .  B  .  .  W  .  .  .  .\11
<              a  b  c  d  e  f  g  h  i  j  k  
<
>genmove b
<= a7
<
>showboard
154e7 info: Captured cells caused win! Removing...
154e7 info: Opponent has won; playing most blocking move.
<= 
< 
<  cb6cd9f9356f8c3d
<  a  b  c  d  e  f  g  h  i  j  k  
< 1\.  .  .  .  B  .  .  .  .  .  .\1
<  2\W  .  .  .  .  .  W  W  B  W  .\2
<   3\.  .  B  W  .  .  .  .  B  W  .\3
<    4\.  W  B  W  W  B  W  W  W  .  .\4
<     5\B  .  B  .  .  B  .  .  .  B  B\5
<      6\.  .  .  W  .  W  .  B  .  W  .\6
<       7\B  W  .  .  .  B  B  .  .  .  .\7
<        8\.  .  .  .  .  .  .  .  .  .  .\8
<         9\.  .  B  .  .  .  .  .  .  .  .\9
<         10\.  .  .  .  .  .  .  .  .  .  .\10
<          11\B  .  .  B  .  .  W  .  .  .  .\11
<              a  b  c  d  e  f  g  h  i  j  k  
<
>play w a8
<= 
<
>showboard
<= 
< 
<  17ed417714b24f8c
<  a  b  c  d  e  f  g  h  i  j  k  
< 1\.  .  .  .  B  .  .  .  .  .  .\1
<  2\W  .  .  .  .  .  W  W  B  W  .\2
<   3\.  .  B  W  .  .  .  .  B  W  .\3
<    4\.  W  B  W  W  B  W  W  W  .  .\4
<     5\B  .  B  .  .  B  .  .  .  B  B\5
<      6\.  .  .  W  .  W  .  B  .  W  .\6
<       7\B  W  .  .  .  B  B  .  .  .  .\7
<        8\W  .  .  .  .  .  .  .  .  .  .\8
<         9\.  .  B  .  .  .  .  .  .  .  .\9
<         10\.  .  .  .  .  .  .  .  .  .  .\10
<          11\B  .  .  B  .  .  W  .  .  .  .\11
<              a  b  c  d  e  f  g  h  i  j  k  
<
>genmove b
<= e2
<
>showboard
154e7 info: Captured cells caused win! Removing...
154e7 info: Opponent has won; playing most blocking move.
<= 
< 
<  7374a1b1e64426c4
<  a  b  c  d  e  f  g  h  i  j  k  
< 1\.  .  .  .  B  .  .  .  .  .  .\1
<  2\W  .  .  .  B  .  W  W  B  W  .\2
<   3\.  .  B  W  .  .  .  .  B  W  .\3
<    4\.  W  B  W  W  B  W  W  W  .  .\4
<     5\B  .  B  .  .  B  .  .  .  B  B\5
<      6\.  .  .  W  .  W  .  B  .  W  .\6
<       7\B  W  .  .  .  B  B  .  .  .  .\7
<        8\W  .  .  .  .  .  .  .  .  .  .\8
<         9\.  .  B  .  .  .  .  .  .  .  .\9
<         10\.  .  .  .  .  .  .  .  .  .  .\10
<          11\B  .  .  B  .  .  W  .  .  .  .\11
<              a  b  c  d  e  f  g  h  i  j  k  
<
>play w f3
<= 
<
>showboard
<= 
< 
<  37ab578b15a4ee69
<  a  b  c  d  e  f  g  h  i  j  k  
< 1\.  .  .  .  B  .  .  .  .  .  .\1
<  2\W  .  .  .  B  .  W  W  B  W  .\2
<   3\.  .  B  W  .  W  .  .  B  W  .\3
<    4\.  W  B  W  W  B  W  W  W  .  .\4
<     5\B  .  B  .  .  B  .  .  .  B  B\5
<      6\.  .  .  W  .  W  .  B  .  W  .\6
<       7\B  W  .  .  .  B  B  .  .  .  .\7
<        8\W  .  .  .  .  .  .  .  .  .  .\8
<         9\.  .  B  .  .  .  .  .  .  .  .\9
<         10\.  .  .  .  .  .  .  .  .  .  .\10
<          11\B  .  .  B  .  .  W  .  .  .  .\11
<              a  b  c  d  e  f  g  h  i  j  k  
<
>genmove b
<= g3
<
>showboard
154e7 info: Captured cells caused win! Removing...
154e7 info: Opponent has won; playing most blocking move.
<= 
< 
<  84fd753170f2b81f
<  a  b  c  d  e  f  g  h  i  j  k  
< 1\.  .  .  .  B  .  .  .  .  .  .\1
<  2\W  .  .  .  B  .  W  W  B  W  .\2
<   3\.  .  B  W  .  W  B  .  B  W  .\3
<    4\.  W  B  W  W  B  W  W  W  .  .\4
<     5\B  .  B  .  .  B  .  .  .  B  B\5
<      6\.  .  .  W  .  W  .  B  .  W  .\6
<       7\B  W  .  .  .  B  B  .  .  .  .\7
<        8\W  .  .  .  .  .  .  .  .  .  .\8
<         9\.  .  B  .  .  .  .  .  .  .  .\9
<         10\.  .  .  .  .  .  .  .  .  .  .\10
<          11\B  .  .  B  .  .  W  .  .  .  .\11
<              a  b  c  d  e  f  g  h  i  j  k  
<
>play w h3
<= 
<
>showboard
<= 
< 
<  296ba2e5a0bcf22b
<  a  b  c  d  e  f  g  h  i  j  k  
< 1\.  .  .  .  B  .  .  .  .  .  .\1
<  2\W  .  .  .  B  .  W  W  B  W  .\2
<   3\.  .  B  W  .  W  B  W  B  W  .\3
<    4\.  W  B  W  W  B  W  W  W  .  .\4
<     5\B  .  B  .  .  B  .  .  .  B  B\5
<      6\.  .  .  W  .  W  .  B  .  W  .\6
<       7\B  W  .  .  .  B  B  .  .  .  .\7
<        8\W  .  .  .  .  .  .  .  .  .  .\8
<         9\.  .  B  .  .  .  .  .  .  .  .\9
<         10\.  .  .  .  .  .  .  .  .  .  .\10
<          11\B  .  .  B  .  .  W  .  .  .  .\11
<              a  b  c  d  e  f  g  h  i  j  k  
<
>genmove b
<= d5
<
>showboard
154e7 info: Captured cells caused win! Removing...
154e7 info: Opponent has won; playing most blocking move.
<= 
< 
<  72c082ed20eef4b4
<  a  b  c  d  e  f  g  h  i  j  k  
< 1\.  .  .  .  B  .  .  .  .  .  .\1
<  2\W  .  .  .  B  .  W  W  B  W  .\2
<   3\.  .  B  W  .  W  B  W  B  W  .\3
<    4\.  W  B  W  W  B  W  W  W  .  .\4
<     5\B  .  B  B  .  B  .  .  .  B  B\5
<      6\.  .  .  W  .  W  .  B  .  W  .\6
<       7\B  W  .  .  .  B  B  .  .  .  .\7
<        8\W  .  .  .  .  .  .  .  .  .  .\8
<         9\.  .  B  .  .  .  .  .  .  .  .\9
<         10\.  .  .  .  .  .  .  .  .  .  .\10
<          11\B  .  .  B  .  .  W  .  .  .  .\11
<              a  b  c  d  e  f  g  h  i  j  k  
<
>play w e5
<= 
<
>showboard
<= 
< 
<  ec363eaa88d109fd
<  a  b  c  d  e  f  g  h  i  j  k  
< 1\.  .  .  .  B  .  .  .  .  .  .\1
<  2\W  .  .  .  B  .  W  W  B  W  .\2
<   3\.  .  B  W  .  W  B  W  B  W  .\3
<    4\.  W  B  W  W  B  W  W  W  .  .\4
<     5\B  .  B  B  W  B  .  .  .  B  B\5
<      6\.  .  .  W  .  W  .  B  .  W  .\6
<       7\B  W  .  .  .  B  B  .  .  .  .\7
<        8\W  .  .  .  .  .  .  .  .  .  .\8
<         9\.  .  B  .  .  .  .  .  .  .  .\9
<         10\.  .  .  .  .  .  .  .  .  .  .\10
<          11\B  .  .  B  .  .  W  .  .  .  .\11
<              a  b  c  d  e  f  g  h  i  j  k  
<
>genmove b
<= c6
<
>showboard
154e7 info: Captured cells caused win! Removing...
154e7 info: Opponent has won; playing most blocking move.
<= 
< 
<  64dcfd4d94f67918
<  a  b  c  d  e  f  g  h  i  j  k  
< 1\.  .  .  .  B  .  .  .  .  .  .\1
<  2\W  .  .  .  B  .  W  W  B  W  .\2
<   3\.  .  B  W  .  W  B  W  B  W  .\3
<    4\.  W  B  W  W  B  W  W  W  .  .\4
<     5\B  .  B  B  W  B  .  .  .  B  B\5
<      6\.  .  B  W  .  W  .  B  .  W  .\6
<       7\B  W  .  .  .  B  B  .  .  .  .\7
<        8\W  .  .  .  .  .  .  .  .  .  .\8
<         9\.  .  B  .  .  .  .  .  .  .  .\9
<         10\.  .  .  .  .  .  .  .  .  .  .\10
<          11\B  .  .  B  .  .  W  .  .  .  .\11
<              a  b  c  d  e  f  g  h  i  j  k  
<
>play w c7
<= 
<
>showboard
<= 
< 
<  e5a549b20fba636d
<  a  b  c  d  e  f  g  h  i  j  k  
< 1\.  .  .  .  B  .  .  .  .  .  .\1
<  2\W  .  .  .  B  .  W  W  B  W  .\2
<   3\.  .  B  W  .  W  B  W  B  W  .\3
<    4\.  W  B  W  W  B  W  W  W  .  .\4
<     5\B  .  B  B  W  B  .  .  .  B  B\5
<      6\.  .  B  W  .  W  .  B  .  W  .\6
<       7\B  W  W  .  .  B  B  .  .  .  .\7
<        8\W  .  .  .  .  .  .  .  .  .  .\8
<         9\.  .  B  .  .  .  .  .  .  .  .\9
<         10\.  .  .  .  .  .  .  .  .  .  .\10
<          11\B  .  .  B  .  .  W  .  .  .  .\11
<              a  b  c  d  e  f  g  h  i  j  k  
<
>genmove b
<= k3
<
>showboard
154e7 info: Captured cells caused win! Removing...
154e7 info: Opponent has won; playing most blocking move.
<= 
< 
<  a6f85d9fffd50965
<  a  b  c  d  e  f  g  h  i  j  k  
< 1\.  .  .  .  B  .  .  .  .  .  .\1
<  2\W  .  .  .  B  .  W  W  B  W  .\2
<   3\.  .  B  W  .  W  B  W  B  W  B\3
<    4\.  W  B  W  W  B  W  W  W  .  .\4
<     5\B  .  B  B  W  B  .  .  .  B  B\5
<      6\.  .  B  W  .  W  .  B  .  W  .\6
<       7\B  W  W  .  .  B  B  .  .  .  .\7
<        8\W  .  .  .  .  .  .  .  .  .  .\8
<         9\.  .  B  .  .  .  .  .  .  .  .\9
<         10\.  .  .  .  .  .  .  .  .  .  .\10
<          11\B  .  .  B  .  .  W  .  .  .  .\11
<              a  b  c  d  e  f  g  h  i  j  k  
<
>play w k2
<= 
<
>showboard
<= 
< 
<  411b52e94e44c167
<  a  b  c  d  e  f  g  h  i  j  k  
< 1\.  .  .  .  B  .  .  .  .  .  .\1
<  2\W  .  .  .  B  .  W  W  B  W  W\2
<   3\.  .  B  W  .  W  B  W  B  W  B\3
<    4\.  W  B  W  W  B  W  W  W  .  .\4
<     5\B  .  B  B  W  B  .  .  .  B  B\5
<      6\.  .  B  W  .  W  .  B  .  W  .\6
<       7\B  W  W  .  .  B  B  .  .  .  .\7
<        8\W  .  .  .  .  .  .  .  .  .  .\8
<         9\.  .  B  .  .  .  .  .  .  .  .\9
<         10\.  .  .  .  .  .  .  .  .  .  .\10
<          11\B  .  .  B  .  .  W  .  .  .  .\11
<              a  b  c  d  e  f  g  h  i  j  k  
<
>genmove b
<= resign
<
>showboard
<= 
< 
<  411b52e94e44c167
<  a  b  c  d  e  f  g  h  i  j  k  
< 1\.  .  .  .  B  .  .  .  .  .  .\1
<  2\W  .  .  .  B  .  W  W  B  W  W\2
<   3\.  .  B  W  .  W  B  W  B  W  B\3
<    4\.  W  B  W  W  B  W  W  W  .  .\4
<     5\B  .  B  B  W  B  .  .  .  B  B\5
<      6\.  .  B  W  .  W  .  B  .  W  .\6
<       7\B  W  W  .  .  B  B  .  .  .  .\7
<        8\W  .  .  .  .  .  .  .  .  .  .\8
<         9\.  .  B  .  .  .  .  .  .  .  .\9
<         10\.  .  .  .  .  .  .  .  .  .  .\10
<          11\B  .  .  B  .  .  W  .  .  .  .\11
<              a  b  c  d  e  f  g  h  i  j  k  
<
>final_score
<= W+
<
>quit
<= 
<
