# nice ../build/src/mohex/mohex --config mohex-weak.htp --seed 52885 --logfile-name jobs/11x11-mohex-mohex-cg2010-vs-mohex-mohex-weak-2/mohex-mohex-weak-95.log
>boardsize 11 11
<= 
<
>name
MoHex 2.0.CMake Mar 21 2025
Copyright (C) 2007-2012 by the authors of the Benzene project.
This program comes with ABSOLUTELY NO WARRANTY. This is
free software and you are welcome to redistribute it under
certain conditions. Type `benzene-license' for details.

SgRandom::SetSeed: 52885
SgUctSearch: system memory 33632358400, using 1000000000 (5681818 nodes)
SgRandom::SetSeed: 1
SgRandom::SetSeed: 52885
63917 info: Prior Patterns:
63917 info: Global:
63917 info: Size            = 565 32648 
63917 info: TableEntries    = 65932 65910
63917 info: MirrorsAdded    = 0 0
63917 info: PrunableCount   = 30593 30629
63917 info: LargestGamma    = 5820.77
63917 info: SmallestGamma   = 6.6e-05
63917 info: Local:
63917 info: Size            = 550 5318 
63917 info: TableEntries    = 11602 11588
63917 info: MirrorsAdded    = 0 0
63917 info: PrunableCount   = 3659 3667
63917 info: LargestGamma    = 11281.8
63917 info: SmallestGamma   = 0.026235
63917 info: Playout Patterns:
63917 info: Global:
63917 info: Size            = 565 32648 
63917 info: TableEntries    = 70329 70329
63917 info: MirrorsAdded    = 4397 4419
63917 info: PrunableCount   = 30593 30629
63917 info: LargestGamma    = 5820.77
63917 info: SmallestGamma   = 6.6e-05
63917 info: Local:
63917 info: Size            = 550 5318 
63917 info: TableEntries    = 11602 11588
63917 info: MirrorsAdded    = 0 0
63917 info: PrunableCount   = 3659 3667
63917 info: LargestGamma    = 11281.8
63917 info: SmallestGamma   = 0.026235
param_game allow_swap 1
= 

param_mohex max_memory 1600000
= 

param_mohex num_threads 1
= 

param_mohex max_time 1
= 

param_mohex max_games 1
= 

param_mohex knowledge_threshold 400
= 

param_mohex reuse_subtree 1
= 

param_mohex use_parallel_solver 0
= 

<= MoHex
<
>version
<= 2.0.CMake
<
>play b e4
<= 
<
>showboard
<= 
< 
<  aac1add132097b3f
<  a  b  c  d  e  f  g  h  i  j  k  
< 1\.  .  .  .  .  .  .  .  .  .  .\1
<  2\.  .  .  .  .  .  .  .  .  .  .\2
<   3\.  .  .  .  .  .  .  .  .  .  .\3
<    4\.  .  .  .  B  .  .  .  .  .  .\4
<     5\.  .  .  .  .  .  .  .  .  .  .\5
<      6\.  .  .  .  .  .  .  .  .  .  .\6
<       7\.  .  .  .  .  .  .  .  .  .  .\7
<        8\.  .  .  .  .  .  .  .  .  .  .\8
<         9\.  .  .  .  .  .  .  .  .  .  .\9
<         10\.  .  .  .  .  .  .  .  .  .  .\10
<          11\.  .  .  .  .  .  .  .  .  .  .\11
<              a  b  c  d  e  f  g  h  i  j  k  
<
>play w swap-pieces
<= 
<
>genmove w
<= h6
<
>play b i11
63917 info: Best move cannot be determined, must search state.
63917 info: --- MoHexPlayer::Search() ---
63917 info: Color: white
63917 info: MaxGames: 1
63917 info: NumberThreads: 1
63917 info: MaxNodes: 9090 (799920 bytes)
63917 info: TimeForMove: 1
63917 info: PreSearch: max time reached (48/90).
63917 info: Time for PreSearch: 0.201792s
63917 info: 
  aac1add132097b3f
  a  b  c  d  e  f  g  h  i  j  k  
 1\.  .  .  *  *  *  *  *  *  *  .\1
  2\.  .  *  *  *  *  *  *  *  *  .\2
   3\.  *  *  *  *  *  *  *  *  *  .\3
    4\.  *  *  *  B  *  *  *  *  *  .\4
     5\.  *  *  .  *  *  *  *  *  *  .\5
      6\.  *  *  *  *  *  *  *  *  *  .\6
       7\.  *  *  *  *  *  *  .  *  *  .\7
        8\.  *  *  *  *  *  *  *  *  *  .\8
         9\.  *  *  *  *  *  *  *  *  *  .\9
         10\.  *  *  *  *  *  *  *  *  .  .\10
          11\.  *  *  *  *  *  *  *  .  .  .\11
              a  b  c  d  e  f  g  h  i  j  k  
63917 info: No subtree to reuse.
63917 info: Creating thread 0
63917 info: StartSearch()[0]
SgUctSearch: max games reached
63917 info: 
Elapsed Time   0.487131s
Count          1
GamesPlayed    1
Nodes          1
Knowledge      0 (0.0%)
Expansions     0.0
Time           0.00
GameLen        120.0 dev=0.0 min=120.0 max=120.0
InTree         0.0 dev=0.0 min=0.0 max=0.0
KnowDepth      -
Aborted        0%
Games/s        413.4
Score          1.00
Sequence      
63917 info: 
63917 warning: **** MoHexSearch returned empty sequence!
63917 warning: **** Returning random move!
<= 
<
>genmove w
<= c11
<
>play b c6
63917 info: Best move cannot be determined, must search state.
63917 info: --- MoHexPlayer::Search() ---
63917 info: Color: white
63917 info: MaxGames: 1
63917 info: NumberThreads: 1
63917 info: MaxNodes: 9090 (799920 bytes)
63917 info: TimeForMove: 1
63917 info: PreSearch: max time reached (37/89).
63917 info: Time for PreSearch: 0.202676s
63917 info: 
  d61256921e71a89d
  a  b  c  d  e  f  g  h  i  j  k  
 1\.  .  .  *  *  *  *  *  *  *  .\1
  2\.  .  *  *  *  *  *  *  *  *  .\2
   3\.  *  *  *  *  *  *  *  *  *  .\3
    4\.  *  *  *  B  *  *  *  *  *  .\4
     5\.  *  *  *  *  *  *  *  *  *  .\5
      6\.  *  *  *  *  *  *  W  *  *  .\6
       7\.  *  *  *  *  *  *  *  *  *  .\7
        8\.  *  *  *  *  *  *  *  *  *  .\8
         9\.  *  *  *  *  *  *  *  *  .  .\9
         10\.  *  *  *  *  *  *  *  *  .  .\10
          11\.  *  *  *  *  *  *  .  B  b  b\11
              a  b  c  d  e  f  g  h  i  j  k  
63917 info: Old: [black, e4] [white, swap-pieces] 
63917 info: New: [black, e4] [white, swap-pieces] [white, h6] [black, i11] 
63917 info: ReuseSubtree: Colors do not alternate.
63917 info: No subtree to reuse.
63917 info: StartSearch()[0]
SgUctSearch: max games reached
63917 info: 
Elapsed Time   0.34743s
Count          1
GamesPlayed    1
Nodes          1
Knowledge      0 (0.0%)
Expansions     0.0
Time           0.00
GameLen        116.0 dev=0.0 min=116.0 max=116.0
InTree         0.0 dev=0.0 min=0.0 max=0.0
KnowDepth      -
Aborted        0%
Games/s        2475.2
Score          1.00
Sequence      
63917 info: 
63917 warning: **** MoHexSearch returned empty sequence!
63917 warning: **** Returning random move!
<= 
<
>genmove w
<= c7
<
>play b f6
63917 info: Best move cannot be determined, must search state.
63917 info: --- MoHexPlayer::Search() ---
63917 info: Color: white
63917 info: MaxGames: 1
63917 info: NumberThreads: 1
63917 info: MaxNodes: 9090 (799920 bytes)
63917 info: TimeForMove: 1
63917 info: PreSearch: max time reached (38/85).
63917 info: Time for PreSearch: 0.201557s
63917 info: 
  2a4c81ed741b98d3
  a  b  c  d  e  f  g  h  i  j  k  
 1\.  .  .  *  *  *  *  *  *  *  .\1
  2\.  .  *  *  *  *  *  *  *  *  .\2
   3\.  *  *  *  *  *  *  *  *  *  .\3
    4\.  *  *  *  B  *  *  *  *  *  .\4
     5\.  *  *  *  *  *  *  *  *  *  .\5
      6\.  .  B  *  *  *  *  W  *  *  .\6
       7\.  .  *  *  *  *  *  *  *  *  .\7
        8\.  *  *  *  *  *  *  *  *  *  .\8
         9\.  *  *  *  *  *  *  *  *  .  .\9
         10\.  *  *  *  *  *  *  *  *  .  .\10
          11\.  *  W  *  *  *  *  .  B  b  b\11
              a  b  c  d  e  f  g  h  i  j  k  
63917 info: Old: [black, e4] [white, swap-pieces] [white, h6] [black, i11] 
63917 info: New: [black, e4] [white, swap-pieces] [white, h6] [black, i11] [white, c11] [black, c6] 
63917 info: MovesPlayed: [white, c11] [black, c6] 
63917 info: No subtree to reuse.
63917 info: StartSearch()[0]
SgUctSearch: max games reached
63917 info: 
Elapsed Time   0.350189s
Count          1
GamesPlayed    1
Nodes          1
Knowledge      0 (0.0%)
Expansions     0.0
Time           0.00
GameLen        114.0 dev=0.0 min=114.0 max=114.0
InTree         0.0 dev=0.0 min=0.0 max=0.0
KnowDepth      -
Aborted        0%
Games/s        3676.5
Score          0.00
Sequence      
63917 info: 
63917 warning: **** MoHexSearch returned empty sequence!
63917 warning: **** Returning random move!
<= 
<
>genmove w
<= i9
<
>play b c3
63917 info: Best move cannot be determined, must search state.
63917 info: --- MoHexPlayer::Search() ---
63917 info: Color: white
63917 info: MaxGames: 1
63917 info: NumberThreads: 1
63917 info: MaxNodes: 9090 (799920 bytes)
63917 info: TimeForMove: 1
63917 info: PreSearch: max time reached (18/83).
63917 info: Time for PreSearch: 3.04436s
63917 info: 
  27bbf13f27975680
  a  b  c  d  e  f  g  h  i  j  k  
 1\.  .  .  *  *  *  *  *  *  *  .\1
  2\.  .  *  *  *  *  *  *  *  *  .\2
   3\.  *  *  *  *  *  *  *  *  *  .\3
    4\.  *  *  *  B  *  *  *  *  *  .\4
     5\.  *  *  *  *  *  *  *  *  *  .\5
      6\.  .  B  *  *  B  *  W  *  *  .\6
       7\.  *  W  *  *  *  *  *  *  *  .\7
        8\.  .  *  *  *  *  *  *  *  *  .\8
         9\.  *  *  *  *  *  *  *  *  .  .\9
         10\.  *  *  *  *  *  *  *  *  .  .\10
          11\.  *  W  *  *  *  *  .  B  b  b\11
              a  b  c  d  e  f  g  h  i  j  k  
63917 info: Old: [black, e4] [white, swap-pieces] [white, h6] [black, i11] [white, c11] [black, c6] 
63917 info: New: [black, e4] [white, swap-pieces] [white, h6] [black, i11] [white, c11] [black, c6] [white, c7] [black, f6] 
63917 info: MovesPlayed: [white, c7] [black, f6] 
63917 info: No subtree to reuse.
63917 info: StartSearch()[0]
SgUctSearch: max games reached
63917 info: 
Elapsed Time   3.18894s
Count          1
GamesPlayed    1
Nodes          1
Knowledge      0 (0.0%)
Expansions     0.0
Time           0.00
GameLen        112.0 dev=0.0 min=112.0 max=112.0
InTree         0.0 dev=0.0 min=0.0 max=0.0
KnowDepth      -
Aborted        0%
Games/s        2907.0
Score          0.00
Sequence      
63917 info: 
63917 warning: **** MoHexSearch returned empty sequence!
63917 warning: **** Returning random move!
<= 
<
>genmove w
<= g6
<
>play b i1
63917 info: Best move cannot be determined, must search state.
63917 info: --- MoHexPlayer::Search() ---
63917 info: Color: white
63917 info: MaxGames: 1
63917 info: NumberThreads: 1
63917 info: MaxNodes: 9090 (799920 bytes)
63917 info: TimeForMove: 1
63917 info: PreSearch: max time reached (28/80).
63917 info: Time for PreSearch: 0.205583s
63917 info: 
  cb8df5c8d59bdf56
  a  b  c  d  e  f  g  h  i  j  k  
 1\.  .  .  *  *  *  *  *  *  *  .\1
  2\.  *  *  *  *  *  *  *  *  *  .\2
   3\.  .  B  *  *  *  *  *  *  *  .\3
    4\.  .  *  *  B  *  *  *  *  *  .\4
     5\.  *  *  *  *  *  *  *  *  *  .\5
      6\.  .  B  *  *  B  *  W  *  *  .\6
       7\.  *  W  *  *  *  *  *  *  *  .\7
        8\.  .  *  *  *  *  *  *  *  *  .\8
         9\.  *  *  *  *  *  *  *  W  .  .\9
         10\.  *  *  *  *  *  *  *  *  .  .\10
          11\.  *  W  *  *  *  *  .  B  b  b\11
              a  b  c  d  e  f  g  h  i  j  k  
63917 info: Old: [black, e4] [white, swap-pieces] [white, h6] [black, i11] [white, c11] [black, c6] [white, c7] [black, f6] 
63917 info: New: [black, e4] [white, swap-pieces] [white, h6] [black, i11] [white, c11] [black, c6] [white, c7] [black, f6] [white, i9] [black, c3] 
63917 info: MovesPlayed: [white, i9] [black, c3] 
63917 info: No subtree to reuse.
63917 info: StartSearch()[0]
SgUctSearch: max games reached
63917 info: 
Elapsed Time   0.361864s
Count          1
GamesPlayed    1
Nodes          1
Knowledge      0 (0.0%)
Expansions     0.0
Time           0.00
GameLen        110.0 dev=0.0 min=110.0 max=110.0
InTree         0.0 dev=0.0 min=0.0 max=0.0
KnowDepth      -
Aborted        0%
Games/s        2967.4
Score          1.00
Sequence      
63917 info: 
63917 warning: **** MoHexSearch returned empty sequence!
63917 warning: **** Returning random move!
<= 
<
>genmove w
<= j6
<
>play b f11
63917 info: Best move cannot be determined, must search state.
63917 info: --- MoHexPlayer::Search() ---
63917 info: Color: white
63917 info: MaxGames: 1
63917 info: NumberThreads: 1
63917 info: MaxNodes: 9090 (799920 bytes)
63917 info: TimeForMove: 1
63917 info: PreSearch: max time reached (19/76).
63917 info: Time for PreSearch: 0.203608s
63917 info: 
  d083be492915286f
  a  b  c  d  e  f  g  h  i  j  k  
 1\.  .  .  *  *  *  *  .  B  .  .\1
  2\.  *  *  *  *  *  *  *  *  *  .\2
   3\.  .  B  *  *  *  *  *  *  *  .\3
    4\.  .  *  *  B  *  *  *  *  *  .\4
     5\.  *  *  *  *  *  *  *  *  *  .\5
      6\.  .  B  *  *  B  W  W  *  *  .\6
       7\.  *  W  *  *  *  *  *  *  *  .\7
        8\.  .  *  *  *  *  *  *  *  *  .\8
         9\.  *  *  *  *  *  *  *  W  .  .\9
         10\.  *  *  *  *  *  *  *  *  .  .\10
          11\.  *  W  *  *  *  *  .  B  b  b\11
              a  b  c  d  e  f  g  h  i  j  k  
63917 info: Old: [black, e4] [white, swap-pieces] [white, h6] [black, i11] [white, c11] [black, c6] [white, c7] [black, f6] [white, i9] [black, c3] 
63917 info: New: [black, e4] [white, swap-pieces] [white, h6] [black, i11] [white, c11] [black, c6] [white, c7] [black, f6] [white, i9] [black, c3] [white, g6] [black, i1] 
63917 info: MovesPlayed: [white, g6] [black, i1] 
63917 info: No subtree to reuse.
63917 info: StartSearch()[0]
SgUctSearch: max games reached
63917 info: 
Elapsed Time   0.350081s
Count          1
GamesPlayed    1
Nodes          1
Knowledge      0 (0.0%)
Expansions     0.0
Time           0.00
GameLen        108.0 dev=0.0 min=108.0 max=108.0
InTree         0.0 dev=0.0 min=0.0 max=0.0
KnowDepth      -
Aborted        0%
Games/s        3344.5
Score          1.00
Sequence      
63917 info: 
63917 warning: **** MoHexSearch returned empty sequence!
63917 warning: **** Returning random move!
<= 
<
>genmove w
<= e1
<
>play b f4
63917 info: Best move cannot be determined, must search state.
63917 info: --- MoHexPlayer::Search() ---
63917 info: Color: white
63917 info: MaxGames: 1
63917 info: NumberThreads: 1
63917 info: MaxNodes: 9090 (799920 bytes)
63917 info: TimeForMove: 1
63917 info: PreSearch: max time reached (29/65).
63917 info: Time for PreSearch: 0.206402s
63917 info: 
  e863cdea9334cf84
  a  b  c  d  e  f  g  h  i  j  k  
 1\.  .  .  *  *  *  *  .  B  .  .\1
  2\.  *  *  *  *  *  *  *  *  *  .\2
   3\.  .  B  *  *  *  *  *  *  *  .\3
    4\.  .  *  *  B  *  *  *  *  *  w\4
     5\.  *  *  *  *  *  *  *  .  .  w\5
      6\.  .  B  *  *  B  W  W  .  W  w\6
       7\.  *  W  *  *  *  *  *  *  .  w\7
        8\.  .  *  *  *  *  *  *  .  .  .\8
         9\.  *  *  *  *  *  *  *  W  *  .\9
         10\.  *  *  *  *  *  *  .  .  .  .\10
          11\.  *  W  *  .  B  b  b  B  b  b\11
              a  b  c  d  e  f  g  h  i  j  k  
63917 info: Old: [black, e4] [white, swap-pieces] [white, h6] [black, i11] [white, c11] [black, c6] [white, c7] [black, f6] [white, i9] [black, c3] [white, g6] [black, i1] 
63917 info: New: [black, e4] [white, swap-pieces] [white, h6] [black, i11] [white, c11] [black, c6] [white, c7] [black, f6] [white, i9] [black, c3] [white, g6] [black, i1] [white, j6] [black, f11] 
63917 info: MovesPlayed: [white, j6] [black, f11] 
63917 info: No subtree to reuse.
63917 info: StartSearch()[0]
SgUctSearch: max games reached
63917 info: 
Elapsed Time   0.348799s
Count          1
GamesPlayed    1
Nodes          1
Knowledge      0 (0.0%)
Expansions     0.0
Time           0.00
GameLen        100.0 dev=0.0 min=100.0 max=100.0
InTree         0.0 dev=0.0 min=0.0 max=0.0
KnowDepth      -
Aborted        0%
Games/s        3322.3
Score          0.00
Sequence      
63917 info: 
63917 warning: **** MoHexSearch returned empty sequence!
63917 warning: **** Returning random move!
<= 
<
>genmove w
<= i8
<
>play b f10
63917 info: Best move cannot be determined, must search state.
63917 info: --- MoHexPlayer::Search() ---
63917 info: Color: white
63917 info: MaxGames: 1
63917 info: NumberThreads: 1
63917 info: MaxNodes: 9090 (799920 bytes)
63917 info: TimeForMove: 1
63917 info: PreSearch: max time reached (28/63).
63917 info: Time for PreSearch: 0.202129s
63917 info: 
  281e5a013b32d24e
  a  b  c  d  e  f  g  h  i  j  k  
 1\.  .  .  *  W  *  *  .  B  .  .\1
  2\.  *  *  *  *  *  *  *  *  *  .\2
   3\.  .  B  *  *  *  *  *  *  *  .\3
    4\.  .  *  *  B  B  *  *  *  *  w\4
     5\.  *  *  *  *  *  *  *  .  .  w\5
      6\.  .  B  *  *  B  W  W  .  W  w\6
       7\.  *  W  *  *  *  *  *  *  .  w\7
        8\.  .  *  *  *  *  *  *  .  .  .\8
         9\.  *  *  *  *  *  *  *  W  *  .\9
         10\.  *  *  *  *  *  *  .  .  .  .\10
          11\.  *  W  *  .  B  b  b  B  b  b\11
              a  b  c  d  e  f  g  h  i  j  k  
63917 info: Old: [black, e4] [white, swap-pieces] [white, h6] [black, i11] [white, c11] [black, c6] [white, c7] [black, f6] [white, i9] [black, c3] [white, g6] [black, i1] [white, j6] [black, f11] 
63917 info: New: [black, e4] [white, swap-pieces] [white, h6] [black, i11] [white, c11] [black, c6] [white, c7] [black, f6] [white, i9] [black, c3] [white, g6] [black, i1] [white, j6] [black, f11] [white, e1] [black, f4] 
63917 info: MovesPlayed: [white, e1] [black, f4] 
63917 info: No subtree to reuse.
63917 info: StartSearch()[0]
SgUctSearch: max games reached
63917 info: 
Elapsed Time   0.35683s
Count          1
GamesPlayed    1
Nodes          1
Knowledge      0 (0.0%)
Expansions     0.0
Time           0.00
GameLen        98.0 dev=0.0 min=98.0 max=98.0
InTree         0.0 dev=0.0 min=0.0 max=0.0
KnowDepth      -
Aborted        0%
Games/s        3533.6
Score          1.00
Sequence      
63917 info: 
63917 warning: **** MoHexSearch returned empty sequence!
63917 warning: **** Returning random move!
<= 
<
>genmove w
<= f7
<
>play b f2
63917 info: Best move cannot be determined, must search state.
63917 info: --- MoHexPlayer::Search() ---
63917 info: Color: white
63917 info: MaxGames: 1
63917 info: NumberThreads: 1
63917 info: MaxNodes: 9090 (799920 bytes)
63917 info: TimeForMove: 1
63917 info: Time for PreSearch: 0.145605s
63917 info: 
  796edc4f11090d7d
  a  b  c  d  e  f  g  h  i  j  k  
 1\.  .  .  *  W  *  *  .  B  .  .\1
  2\.  *  *  *  *  *  *  *  *  .  .\2
   3\.  .  B  *  *  *  *  .  .  .  .\3
    4\.  .  *  *  B  B  *  .  .  .  w\4
     5\.  *  *  *  *  *  .  .  .  .  w\5
      6\.  .  B  *  *  B  W  W  .  W  w\6
       7\.  .  W  .  *  *  .  .  .  w  w\7
        8\.  .  .  .  *  *  .  .  W  w  w\8
         9\.  .  *  *  *  *  .  .  W  w  w\9
         10\.  *  *  *  *  B  b  b  b  b  b\10
          11\.  *  W  .  b  B  b  b  B  b  b\11
              a  b  c  d  e  f  g  h  i  j  k  
63917 info: Old: [black, e4] [white, swap-pieces] [white, h6] [black, i11] [white, c11] [black, c6] [white, c7] [black, f6] [white, i9] [black, c3] [white, g6] [black, i1] [white, j6] [black, f11] [white, e1] [black, f4] 
63917 info: New: [black, e4] [white, swap-pieces] [white, h6] [black, i11] [white, c11] [black, c6] [white, c7] [black, f6] [white, i9] [black, c3] [white, g6] [black, i1] [white, j6] [black, f11] [white, e1] [black, f4] [white, i8] [black, f10] 
63917 info: MovesPlayed: [white, i8] [black, f10] 
63917 info: No subtree to reuse.
63917 info: StartSearch()[0]
SgUctSearch: max games reached
63917 info: 
Elapsed Time   0.300979s
Count          1
GamesPlayed    1
Nodes          1
Knowledge      0 (0.0%)
Expansions     0.0
Time           0.00
GameLen        85.0 dev=0.0 min=85.0 max=85.0
InTree         0.0 dev=0.0 min=0.0 max=0.0
KnowDepth      -
Aborted        0%
Games/s        3891.1
Score          0.00
Sequence      
63917 info: 
63917 warning: **** MoHexSearch returned empty sequence!
63917 warning: **** Returning random move!
<= 
<
>genmove w
<= d8
<
>play b j4
63917 info: Winning SC.
<= 
<
>genmove w
<= b7
<
>play b c9
63917 info: Winning SC.
<= 
<
>genmove w
<= i6
<
>play b e7
63917 info: Winning SC.
<= 
<
>genmove w
<= e8
<
>play b c8
63917 info: Winning SC.
<= 
<
>genmove w
<= d7
<
>play b k6
63917 info: Winning SC.
<= 
<
>genmove w
<= k5
<
>play b a7
63917 info: Winning SC.
<= 
<
>genmove w
<= a8
<
>play b resign
63917 info: Winning SC.
<= 
<
>final_score
<= W+
<
>quit
<= 
<
