# nice ../build/src/mohex/mohex --config mohex-cg2010.htp --seed 725406 --logfile-name jobs/11x11-mohex-mohex-cg2010-vs-mohex-mohex-weak-2/mohex-mohex-cg2010-377.log
>boardsize 11 11
MoHex 2.0.CMake Mar 21 2025
Copyright (C) 2007-2012 by the authors of the Benzene project.
This program comes with ABSOLUTELY NO WARRANTY. This is
free software and you are welcome to redistribute it under
certain conditions. Type `benzene-license' for details.

SgRandom::SetSeed: 725406
SgUctSearch: system memory 33632358400, using 1000000000 (5681818 nodes)
SgRandom::SetSeed: 1
SgRandom::SetSeed: 725406
9af17 info: Prior Patterns:
9af17 info: Global:
9af17 info: Size            = 565 32648 
9af17 info: TableEntries    = 65932 65910
9af17 info: MirrorsAdded    = 0 0
9af17 info: PrunableCount   = 30593 30629
9af17 info: LargestGamma    = 5820.77
9af17 info: SmallestGamma   = 6.6e-05
9af17 info: Local:
9af17 info: Size            = 550 5318 
9af17 info: TableEntries    = 11602 11588
9af17 info: MirrorsAdded    = 0 0
9af17 info: PrunableCount   = 3659 3667
9af17 info: LargestGamma    = 11281.8
9af17 info: SmallestGamma   = 0.026235
9af17 info: Playout Patterns:
9af17 info: Global:
9af17 info: Size            = 565 32648 
9af17 info: TableEntries    = 70329 70329
9af17 info: MirrorsAdded    = 4397 4419
9af17 info: PrunableCount   = 30593 30629
9af17 info: LargestGamma    = 5820.77
9af17 info: SmallestGamma   = 6.6e-05
9af17 info: Local:
9af17 info: Size            = 550 5318 
9af17 info: TableEntries    = 11602 11588
9af17 info: MirrorsAdded    = 0 0
9af17 info: PrunableCount   = 3659 3667
9af17 info: LargestGamma    = 11281.8
9af17 info: SmallestGamma   = 0.026235
<= 
<
>name
param_game allow_swap 1
= 

param_mohex max_memory 32000000000
= 

param_mohex num_threads 1
= 

param_mohex max_time 1
= 

param_mohex max_games 1
= 

param_mohex knowledge_threshold 400
= 

param_mohex reuse_subtree 1
= 

param_mohex use_parallel_solver 0
= 

<= MoHex
<
>version
<= 2.0.CMake
<
>play b g2
<= 
<
>genmove w
<= swap-pieces
<
>showboard
9af17 info: SwapCheck: reading from '/home/linus/MoHex2.0/nfbranchfix/benzene-vanilla-cmake/share/swap-moves.txt'.
9af17 info: SwapCheck: playing swap.
<= 
< 
<  8f5b6f267fdb514d
<  a  b  c  d  e  f  g  h  i  j  k  
< 1\.  .  .  .  .  .  .  .  .  .  .\1
<  2\.  .  .  .  .  .  B  .  .  .  .\2
<   3\.  .  .  .  .  .  .  .  .  .  .\3
<    4\.  .  .  .  .  .  .  .  .  .  .\4
<     5\.  .  .  .  .  .  .  .  .  .  .\5
<      6\.  .  .  .  .  .  .  .  .  .  .\6
<       7\.  .  .  .  .  .  .  .  .  .  .\7
<        8\.  .  .  .  .  .  .  .  .  .  .\8
<         9\.  .  .  .  .  .  .  .  .  .  .\9
<         10\.  .  .  .  .  .  .  .  .  .  .\10
<          11\.  .  .  .  .  .  .  .  .  .  .\11
<              a  b  c  d  e  f  g  h  i  j  k  
<
>play w h11
<= 
<
>showboard
<= 
< 
<  32d88d04b8620b52
<  a  b  c  d  e  f  g  h  i  j  k  
< 1\.  .  .  .  .  .  .  .  .  .  .\1
<  2\.  .  .  .  .  .  B  .  .  .  .\2
<   3\.  .  .  .  .  .  .  .  .  .  .\3
<    4\.  .  .  .  .  .  .  .  .  .  .\4
<     5\.  .  .  .  .  .  .  .  .  .  .\5
<      6\.  .  .  .  .  .  .  .  .  .  .\6
<       7\.  .  .  .  .  .  .  .  .  .  .\7
<        8\.  .  .  .  .  .  .  .  .  .  .\8
<         9\.  .  .  .  .  .  .  .  .  .  .\9
<         10\.  .  .  .  .  .  .  .  .  .  .\10
<          11\.  .  .  .  .  .  .  W  .  .  .\11
<              a  b  c  d  e  f  g  h  i  j  k  
<
>genmove b
<= b10
<
>showboard
9af17 info: Best move cannot be determined, must search state.
9af17 info: --- MoHexPlayer::Search() ---
9af17 info: Color: black
9af17 info: MaxGames: 1
9af17 info: NumberThreads: 1
9af17 info: MaxNodes: 181818181 (15999999928 bytes)
9af17 info: TimeForMove: 1
9af17 info: PreSearch: max time reached (67/92).
9af17 info: Time for PreSearch: 0.202952s
9af17 info: 
  32d88d04b8620b52
  a  b  c  d  e  f  g  h  i  j  k  
 1\.  .  .  .  .  b  b  b  b  .  .\1
  2\.  .  *  *  *  .  B  .  .  *  *\2
   3\.  *  *  *  *  *  *  *  *  *  *\3
    4\*  *  *  *  *  *  *  *  *  *  *\4
     5\*  *  *  *  *  *  *  *  *  *  *\5
      6\*  *  *  *  *  *  *  *  *  *  *\6
       7\*  *  *  *  *  *  *  *  *  *  *\7
        8\*  *  *  *  *  *  *  *  *  *  *\8
         9\*  *  *  *  *  *  *  *  *  *  *\9
         10\*  *  *  *  *  *  *  *  *  *  .\10
          11\.  .  .  .  .  .  .  W  .  .  .\11
              a  b  c  d  e  f  g  h  i  j  k  
9af17 info: No subtree to reuse.
9af17 info: Creating thread 0
9af17 info: StartSearch()[0]
SgUctSearch: max games reached
9af17 info: 
Elapsed Time   0.349859s
Count          1
GamesPlayed    1
Nodes          1
Knowledge      0 (0.0%)
Expansions     0.0
Time           0.00
GameLen        115.0 dev=0.0 min=115.0 max=115.0
InTree         0.0 dev=0.0 min=0.0 max=0.0
KnowDepth      -
Aborted        0%
Games/s        413.9
Score          1.00
Sequence      
9af17 info: 
9af17 warning: **** MoHexSearch returned empty sequence!
9af17 warning: **** Returning random move!
<= 
< 
<  f4c7ed06035d72ed
<  a  b  c  d  e  f  g  h  i  j  k  
< 1\.  .  .  .  .  .  .  .  .  .  .\1
<  2\.  .  .  .  .  .  B  .  .  .  .\2
<   3\.  .  .  .  .  .  .  .  .  .  .\3
<    4\.  .  .  .  .  .  .  .  .  .  .\4
<     5\.  .  .  .  .  .  .  .  .  .  .\5
<      6\.  .  .  .  .  .  .  .  .  .  .\6
<       7\.  .  .  .  .  .  .  .  .  .  .\7
<        8\.  .  .  .  .  .  .  .  .  .  .\8
<         9\.  .  .  .  .  .  .  .  .  .  .\9
<         10\.  B  .  .  .  .  .  .  .  .  .\10
<          11\.  .  .  .  .  .  .  W  .  .  .\11
<              a  b  c  d  e  f  g  h  i  j  k  
<
>play w j2
<= 
<
>showboard
<= 
< 
<  46a1733fa9efb7ab
<  a  b  c  d  e  f  g  h  i  j  k  
< 1\.  .  .  .  .  .  .  .  .  .  .\1
<  2\.  .  .  .  .  .  B  .  .  W  .\2
<   3\.  .  .  .  .  .  .  .  .  .  .\3
<    4\.  .  .  .  .  .  .  .  .  .  .\4
<     5\.  .  .  .  .  .  .  .  .  .  .\5
<      6\.  .  .  .  .  .  .  .  .  .  .\6
<       7\.  .  .  .  .  .  .  .  .  .  .\7
<        8\.  .  .  .  .  .  .  .  .  .  .\8
<         9\.  .  .  .  .  .  .  .  .  .  .\9
<         10\.  B  .  .  .  .  .  .  .  .  .\10
<          11\.  .  .  .  .  .  .  W  .  .  .\11
<              a  b  c  d  e  f  g  h  i  j  k  
<
>genmove b
<= b5
<
>showboard
9af17 info: Best move cannot be determined, must search state.
9af17 info: --- MoHexPlayer::Search() ---
9af17 info: Color: black
9af17 info: MaxGames: 1
9af17 info: NumberThreads: 1
9af17 info: MaxNodes: 181818181 (15999999928 bytes)
9af17 info: TimeForMove: 1
9af17 info: PreSearch: max time reached (72/83).
9af17 info: Time for PreSearch: 0.20162s
9af17 info: 
  46a1733fa9efb7ab
  a  b  c  d  e  f  g  h  i  j  k  
 1\.  .  .  .  .  b  b  b  b  b  w\1
  2\.  .  *  *  .  .  B  .  .  W  w\2
   3\.  *  *  *  *  *  *  *  *  .  w\3
    4\*  *  *  *  *  *  *  *  *  *  .\4
     5\*  *  *  *  *  *  *  *  *  *  *\5
      6\*  *  *  *  *  *  *  *  *  *  *\6
       7\*  *  *  *  *  *  *  *  *  *  *\7
        8\*  *  *  *  *  *  *  *  *  *  *\8
         9\*  *  *  *  *  *  *  *  *  *  *\9
         10\.  B  .  .  *  *  *  *  *  *  .\10
          11\b  b  b  .  .  .  .  W  .  .  .\11
              a  b  c  d  e  f  g  h  i  j  k  
9af17 info: Old: [black, g2] [white, swap-pieces] [white, h11] 
9af17 info: New: [black, g2] [white, swap-pieces] [white, h11] [black, b10] [white, j2] 
9af17 info: MovesPlayed: [black, b10] [white, j2] 
9af17 info: No subtree to reuse.
9af17 info: StartSearch()[0]
SgUctSearch: max games reached
9af17 info: 
Elapsed Time   0.34356s
Count          1
GamesPlayed    1
Nodes          1
Knowledge      0 (0.0%)
Expansions     0.0
Time           0.00
GameLen        106.0 dev=0.0 min=106.0 max=106.0
InTree         0.0 dev=0.0 min=0.0 max=0.0
KnowDepth      -
Aborted        0%
Games/s        3194.9
Score          1.00
Sequence      
9af17 info: 
9af17 warning: **** MoHexSearch returned empty sequence!
9af17 warning: **** Returning random move!
<= 
< 
<  e9526a5481ee10c5
<  a  b  c  d  e  f  g  h  i  j  k  
< 1\.  .  .  .  .  .  .  .  .  .  .\1
<  2\.  .  .  .  .  .  B  .  .  W  .\2
<   3\.  .  .  .  .  .  .  .  .  .  .\3
<    4\.  .  .  .  .  .  .  .  .  .  .\4
<     5\.  B  .  .  .  .  .  .  .  .  .\5
<      6\.  .  .  .  .  .  .  .  .  .  .\6
<       7\.  .  .  .  .  .  .  .  .  .  .\7
<        8\.  .  .  .  .  .  .  .  .  .  .\8
<         9\.  .  .  .  .  .  .  .  .  .  .\9
<         10\.  B  .  .  .  .  .  .  .  .  .\10
<          11\.  .  .  .  .  .  .  W  .  .  .\11
<              a  b  c  d  e  f  g  h  i  j  k  
<
>play w k4
<= 
<
>showboard
<= 
< 
<  b1a274c03d832d09
<  a  b  c  d  e  f  g  h  i  j  k  
< 1\.  .  .  .  .  .  .  .  .  .  .\1
<  2\.  .  .  .  .  .  B  .  .  W  .\2
<   3\.  .  .  .  .  .  .  .  .  .  .\3
<    4\.  .  .  .  .  .  .  .  .  .  W\4
<     5\.  B  .  .  .  .  .  .  .  .  .\5
<      6\.  .  .  .  .  .  .  .  .  .  .\6
<       7\.  .  .  .  .  .  .  .  .  .  .\7
<        8\.  .  .  .  .  .  .  .  .  .  .\8
<         9\.  .  .  .  .  .  .  .  .  .  .\9
<         10\.  B  .  .  .  .  .  .  .  .  .\10
<          11\.  .  .  .  .  .  .  W  .  .  .\11
<              a  b  c  d  e  f  g  h  i  j  k  
<
>genmove b
<= e5
<
>showboard
9af17 info: Best move cannot be determined, must search state.
9af17 info: --- MoHexPlayer::Search() ---
9af17 info: Color: black
9af17 info: MaxGames: 1
9af17 info: NumberThreads: 1
9af17 info: MaxNodes: 181818181 (15999999928 bytes)
9af17 info: TimeForMove: 1
9af17 info: PreSearch: max time reached (67/79).
9af17 info: Time for PreSearch: 0.200679s
9af17 info: 
  b1a274c03d832d09
  a  b  c  d  e  f  g  h  i  j  k  
 1\.  .  .  .  .  b  b  b  b  b  w\1
  2\.  .  *  *  .  .  B  .  .  W  w\2
   3\.  *  *  *  *  *  *  *  *  .  b\3
    4\*  *  *  *  *  *  *  *  *  *  W\4
     5\.  B  *  *  *  *  *  *  *  *  .\5
      6\.  *  *  *  *  *  *  *  *  *  *\6
       7\*  *  *  *  *  *  *  *  *  *  *\7
        8\*  *  *  *  *  *  *  *  *  *  *\8
         9\*  *  *  *  *  *  *  *  *  *  *\9
         10\.  B  .  .  *  *  *  *  *  *  .\10
          11\b  b  b  .  .  .  .  W  .  .  .\11
              a  b  c  d  e  f  g  h  i  j  k  
9af17 info: Old: [black, g2] [white, swap-pieces] [white, h11] [black, b10] [white, j2] 
9af17 info: New: [black, g2] [white, swap-pieces] [white, h11] [black, b10] [white, j2] [black, b5] [white, k4] 
9af17 info: MovesPlayed: [black, b5] [white, k4] 
9af17 info: No subtree to reuse.
9af17 info: StartSearch()[0]
SgUctSearch: max games reached
9af17 info: 
Elapsed Time   0.345027s
Count          1
GamesPlayed    1
Nodes          1
Knowledge      0 (0.0%)
Expansions     0.0
Time           0.00
GameLen        104.0 dev=0.0 min=104.0 max=104.0
InTree         0.0 dev=0.0 min=0.0 max=0.0
KnowDepth      -
Aborted        0%
Games/s        3174.6
Score          0.00
Sequence      
9af17 info: 
9af17 warning: **** MoHexSearch returned empty sequence!
9af17 warning: **** Returning random move!
<= 
< 
<  2d569ad994e440ab
<  a  b  c  d  e  f  g  h  i  j  k  
< 1\.  .  .  .  .  .  .  .  .  .  .\1
<  2\.  .  .  .  .  .  B  .  .  W  .\2
<   3\.  .  .  .  .  .  .  .  .  .  .\3
<    4\.  .  .  .  .  .  .  .  .  .  W\4
<     5\.  B  .  .  B  .  .  .  .  .  .\5
<      6\.  .  .  .  .  .  .  .  .  .  .\6
<       7\.  .  .  .  .  .  .  .  .  .  .\7
<        8\.  .  .  .  .  .  .  .  .  .  .\8
<         9\.  .  .  .  .  .  .  .  .  .  .\9
<         10\.  B  .  .  .  .  .  .  .  .  .\10
<          11\.  .  .  .  .  .  .  W  .  .  .\11
<              a  b  c  d  e  f  g  h  i  j  k  
<
>play w g10
<= 
<
>showboard
<= 
< 
<  4a1332e9899eec0f
<  a  b  c  d  e  f  g  h  i  j  k  
< 1\.  .  .  .  .  .  .  .  .  .  .\1
<  2\.  .  .  .  .  .  B  .  .  W  .\2
<   3\.  .  .  .  .  .  .  .  .  .  .\3
<    4\.  .  .  .  .  .  .  .  .  .  W\4
<     5\.  B  .  .  B  .  .  .  .  .  .\5
<      6\.  .  .  .  .  .  .  .  .  .  .\6
<       7\.  .  .  .  .  .  .  .  .  .  .\7
<        8\.  .  .  .  .  .  .  .  .  .  .\8
<         9\.  .  .  .  .  .  .  .  .  .  .\9
<         10\.  B  .  .  .  .  W  .  .  .  .\10
<          11\.  .  .  .  .  .  .  W  .  .  .\11
<              a  b  c  d  e  f  g  h  i  j  k  
<
>genmove b
<= d7
<
>showboard
9af17 info: Best move cannot be determined, must search state.
9af17 info: --- MoHexPlayer::Search() ---
9af17 info: Color: black
9af17 info: MaxGames: 1
9af17 info: NumberThreads: 1
9af17 info: MaxNodes: 181818181 (15999999928 bytes)
9af17 info: TimeForMove: 1
9af17 info: Winning sequence found before UCT search!
9af17 info: Sequence: d7
<= 
< 
<  b317019f34de83df
<  a  b  c  d  e  f  g  h  i  j  k  
< 1\.  .  .  .  .  .  .  .  .  .  .\1
<  2\.  .  .  .  .  .  B  .  .  W  .\2
<   3\.  .  .  .  .  .  .  .  .  .  .\3
<    4\.  .  .  .  .  .  .  .  .  .  W\4
<     5\.  B  .  .  B  .  .  .  .  .  .\5
<      6\.  .  .  .  .  .  .  .  .  .  .\6
<       7\.  .  .  B  .  .  .  .  .  .  .\7
<        8\.  .  .  .  .  .  .  .  .  .  .\8
<         9\.  .  .  .  .  .  .  .  .  .  .\9
<         10\.  B  .  .  .  .  W  .  .  .  .\10
<          11\.  .  .  .  .  .  .  W  .  .  .\11
<              a  b  c  d  e  f  g  h  i  j  k  
<
>play w c9
<= 
<
>showboard
<= 
< 
<  f7057a46dc424679
<  a  b  c  d  e  f  g  h  i  j  k  
< 1\.  .  .  .  .  .  .  .  .  .  .\1
<  2\.  .  .  .  .  .  B  .  .  W  .\2
<   3\.  .  .  .  .  .  .  .  .  .  .\3
<    4\.  .  .  .  .  .  .  .  .  .  W\4
<     5\.  B  .  .  B  .  .  .  .  .  .\5
<      6\.  .  .  .  .  .  .  .  .  .  .\6
<       7\.  .  .  B  .  .  .  .  .  .  .\7
<        8\.  .  .  .  .  .  .  .  .  .  .\8
<         9\.  .  W  .  .  .  .  .  .  .  .\9
<         10\.  B  .  .  .  .  W  .  .  .  .\10
<          11\.  .  .  .  .  .  .  W  .  .  .\11
<              a  b  c  d  e  f  g  h  i  j  k  
<
>genmove b
<= b9
<
>showboard
9af17 info: Winning SC.
<= 
< 
<  a41e051ddb5d5122
<  a  b  c  d  e  f  g  h  i  j  k  
< 1\.  .  .  .  .  .  .  .  .  .  .\1
<  2\.  .  .  .  .  .  B  .  .  W  .\2
<   3\.  .  .  .  .  .  .  .  .  .  .\3
<    4\.  .  .  .  .  .  .  .  .  .  W\4
<     5\.  B  .  .  B  .  .  .  .  .  .\5
<      6\.  .  .  .  .  .  .  .  .  .  .\6
<       7\.  .  .  B  .  .  .  .  .  .  .\7
<        8\.  .  .  .  .  .  .  .  .  .  .\8
<         9\.  B  W  .  .  .  .  .  .  .  .\9
<         10\.  B  .  .  .  .  W  .  .  .  .\10
<          11\.  .  .  .  .  .  .  W  .  .  .\11
<              a  b  c  d  e  f  g  h  i  j  k  
<
>play w f2
<= 
<
>showboard
<= 
< 
<  5fb674463ca8d379
<  a  b  c  d  e  f  g  h  i  j  k  
< 1\.  .  .  .  .  .  .  .  .  .  .\1
<  2\.  .  .  .  .  W  B  .  .  W  .\2
<   3\.  .  .  .  .  .  .  .  .  .  .\3
<    4\.  .  .  .  .  .  .  .  .  .  W\4
<     5\.  B  .  .  B  .  .  .  .  .  .\5
<      6\.  .  .  .  .  .  .  .  .  .  .\6
<       7\.  .  .  B  .  .  .  .  .  .  .\7
<        8\.  .  .  .  .  .  .  .  .  .  .\8
<         9\.  B  W  .  .  .  .  .  .  .  .\9
<         10\.  B  .  .  .  .  W  .  .  .  .\10
<          11\.  .  .  .  .  .  .  W  .  .  .\11
<              a  b  c  d  e  f  g  h  i  j  k  
<
>genmove b
<= c8
<
>showboard
9af17 info: Winning SC.
<= 
< 
<  053edd0342a3b10d
<  a  b  c  d  e  f  g  h  i  j  k  
< 1\.  .  .  .  .  .  .  .  .  .  .\1
<  2\.  .  .  .  .  W  B  .  .  W  .\2
<   3\.  .  .  .  .  .  .  .  .  .  .\3
<    4\.  .  .  .  .  .  .  .  .  .  W\4
<     5\.  B  .  .  B  .  .  .  .  .  .\5
<      6\.  .  .  .  .  .  .  .  .  .  .\6
<       7\.  .  .  B  .  .  .  .  .  .  .\7
<        8\.  .  B  .  .  .  .  .  .  .  .\8
<         9\.  B  W  .  .  .  .  .  .  .  .\9
<         10\.  B  .  .  .  .  W  .  .  .  .\10
<          11\.  .  .  .  .  .  .  W  .  .  .\11
<              a  b  c  d  e  f  g  h  i  j  k  
<
>play w d6
<= 
<
>showboard
<= 
< 
<  005ba72489216f7e
<  a  b  c  d  e  f  g  h  i  j  k  
< 1\.  .  .  .  .  .  .  .  .  .  .\1
<  2\.  .  .  .  .  W  B  .  .  W  .\2
<   3\.  .  .  .  .  .  .  .  .  .  .\3
<    4\.  .  .  .  .  .  .  .  .  .  W\4
<     5\.  B  .  .  B  .  .  .  .  .  .\5
<      6\.  .  .  W  .  .  .  .  .  .  .\6
<       7\.  .  .  B  .  .  .  .  .  .  .\7
<        8\.  .  B  .  .  .  .  .  .  .  .\8
<         9\.  B  W  .  .  .  .  .  .  .  .\9
<         10\.  B  .  .  .  .  W  .  .  .  .\10
<          11\.  .  .  .  .  .  .  W  .  .  .\11
<              a  b  c  d  e  f  g  h  i  j  k  
<
>genmove b
<= e6
<
>showboard
9af17 info: Winning SC.
<= 
< 
<  0dccdec00027b13e
<  a  b  c  d  e  f  g  h  i  j  k  
< 1\.  .  .  .  .  .  .  .  .  .  .\1
<  2\.  .  .  .  .  W  B  .  .  W  .\2
<   3\.  .  .  .  .  .  .  .  .  .  .\3
<    4\.  .  .  .  .  .  .  .  .  .  W\4
<     5\.  B  .  .  B  .  .  .  .  .  .\5
<      6\.  .  .  W  B  .  .  .  .  .  .\6
<       7\.  .  .  B  .  .  .  .  .  .  .\7
<        8\.  .  B  .  .  .  .  .  .  .  .\8
<         9\.  B  W  .  .  .  .  .  .  .  .\9
<         10\.  B  .  .  .  .  W  .  .  .  .\10
<          11\.  .  .  .  .  .  .  W  .  .  .\11
<              a  b  c  d  e  f  g  h  i  j  k  
<
>play w f4
<= 
<
>showboard
<= 
< 
<  01ffc7863ae49d9d
<  a  b  c  d  e  f  g  h  i  j  k  
< 1\.  .  .  .  .  .  .  .  .  .  .\1
<  2\.  .  .  .  .  W  B  .  .  W  .\2
<   3\.  .  .  .  .  .  .  .  .  .  .\3
<    4\.  .  .  .  .  W  .  .  .  .  W\4
<     5\.  B  .  .  B  .  .  .  .  .  .\5
<      6\.  .  .  W  B  .  .  .  .  .  .\6
<       7\.  .  .  B  .  .  .  .  .  .  .\7
<        8\.  .  B  .  .  .  .  .  .  .  .\8
<         9\.  B  W  .  .  .  .  .  .  .  .\9
<         10\.  B  .  .  .  .  W  .  .  .  .\10
<          11\.  .  .  .  .  .  .  W  .  .  .\11
<              a  b  c  d  e  f  g  h  i  j  k  
<
>genmove b
<= e4
<
>showboard
9af17 info: Winning SC.
<= 
< 
<  8146dedf6c5adabd
<  a  b  c  d  e  f  g  h  i  j  k  
< 1\.  .  .  .  .  .  .  .  .  .  .\1
<  2\.  .  .  .  .  W  B  .  .  W  .\2
<   3\.  .  .  .  .  .  .  .  .  .  .\3
<    4\.  .  .  .  B  W  .  .  .  .  W\4
<     5\.  B  .  .  B  .  .  .  .  .  .\5
<      6\.  .  .  W  B  .  .  .  .  .  .\6
<       7\.  .  .  B  .  .  .  .  .  .  .\7
<        8\.  .  B  .  .  .  .  .  .  .  .\8
<         9\.  B  W  .  .  .  .  .  .  .  .\9
<         10\.  B  .  .  .  .  W  .  .  .  .\10
<          11\.  .  .  .  .  .  .  W  .  .  .\11
<              a  b  c  d  e  f  g  h  i  j  k  
<
>play w e1
<= 
<
>showboard
<= 
< 
<  5be577722cc8c417
<  a  b  c  d  e  f  g  h  i  j  k  
< 1\.  .  .  .  W  .  .  .  .  .  .\1
<  2\.  .  .  .  .  W  B  .  .  W  .\2
<   3\.  .  .  .  .  .  .  .  .  .  .\3
<    4\.  .  .  .  B  W  .  .  .  .  W\4
<     5\.  B  .  .  B  .  .  .  .  .  .\5
<      6\.  .  .  W  B  .  .  .  .  .  .\6
<       7\.  .  .  B  .  .  .  .  .  .  .\7
<        8\.  .  B  .  .  .  .  .  .  .  .\8
<         9\.  B  W  .  .  .  .  .  .  .  .\9
<         10\.  B  .  .  .  .  W  .  .  .  .\10
<          11\.  .  .  .  .  .  .  W  .  .  .\11
<              a  b  c  d  e  f  g  h  i  j  k  
<
>genmove b
<= f3
<
>showboard
9af17 info: Winning SC.
<= 
< 
<  d15beaf4a1b6b43c
<  a  b  c  d  e  f  g  h  i  j  k  
< 1\.  .  .  .  W  .  .  .  .  .  .\1
<  2\.  .  .  .  .  W  B  .  .  W  .\2
<   3\.  .  .  .  .  B  .  .  .  .  .\3
<    4\.  .  .  .  B  W  .  .  .  .  W\4
<     5\.  B  .  .  B  .  .  .  .  .  .\5
<      6\.  .  .  W  B  .  .  .  .  .  .\6
<       7\.  .  .  B  .  .  .  .  .  .  .\7
<        8\.  .  B  .  .  .  .  .  .  .  .\8
<         9\.  B  W  .  .  .  .  .  .  .  .\9
<         10\.  B  .  .  .  .  W  .  .  .  .\10
<          11\.  .  .  .  .  .  .  W  .  .  .\11
<              a  b  c  d  e  f  g  h  i  j  k  
<
>play w b11
<= 
<
>showboard
<= 
< 
<  1f27b6c18fb6723f
<  a  b  c  d  e  f  g  h  i  j  k  
< 1\.  .  .  .  W  .  .  .  .  .  .\1
<  2\.  .  .  .  .  W  B  .  .  W  .\2
<   3\.  .  .  .  .  B  .  .  .  .  .\3
<    4\.  .  .  .  B  W  .  .  .  .  W\4
<     5\.  B  .  .  B  .  .  .  .  .  .\5
<      6\.  .  .  W  B  .  .  .  .  .  .\6
<       7\.  .  .  B  .  .  .  .  .  .  .\7
<        8\.  .  B  .  .  .  .  .  .  .  .\8
<         9\.  B  W  .  .  .  .  .  .  .  .\9
<         10\.  B  .  .  .  .  W  .  .  .  .\10
<          11\.  W  .  .  .  .  .  W  .  .  .\11
<              a  b  c  d  e  f  g  h  i  j  k  
<
>genmove b
<= a11
<
>showboard
9af17 info: Winning SC.
<= 
< 
<  1696ea1c0fb418d6
<  a  b  c  d  e  f  g  h  i  j  k  
< 1\.  .  .  .  W  .  .  .  .  .  .\1
<  2\.  .  .  .  .  W  B  .  .  W  .\2
<   3\.  .  .  .  .  B  .  .  .  .  .\3
<    4\.  .  .  .  B  W  .  .  .  .  W\4
<     5\.  B  .  .  B  .  .  .  .  .  .\5
<      6\.  .  .  W  B  .  .  .  .  .  .\6
<       7\.  .  .  B  .  .  .  .  .  .  .\7
<        8\.  .  B  .  .  .  .  .  .  .  .\8
<         9\.  B  W  .  .  .  .  .  .  .  .\9
<         10\.  B  .  .  .  .  W  .  .  .  .\10
<          11\B  W  .  .  .  .  .  W  .  .  .\11
<              a  b  c  d  e  f  g  h  i  j  k  
<
>play w g1
<= 
<
>showboard
<= 
< 
<  b6cfe6f6750a6c25
<  a  b  c  d  e  f  g  h  i  j  k  
< 1\.  .  .  .  W  .  W  .  .  .  .\1
<  2\.  .  .  .  .  W  B  .  .  W  .\2
<   3\.  .  .  .  .  B  .  .  .  .  .\3
<    4\.  .  .  .  B  W  .  .  .  .  W\4
<     5\.  B  .  .  B  .  .  .  .  .  .\5
<      6\.  .  .  W  B  .  .  .  .  .  .\6
<       7\.  .  .  B  .  .  .  .  .  .  .\7
<        8\.  .  B  .  .  .  .  .  .  .  .\8
<         9\.  B  W  .  .  .  .  .  .  .  .\9
<         10\.  B  .  .  .  .  W  .  .  .  .\10
<          11\B  W  .  .  .  .  .  W  .  .  .\11
<              a  b  c  d  e  f  g  h  i  j  k  
<
>genmove b
<= h1
<
>showboard
9af17 info: Winning SC.
<= 
< 
<  67cdb885d19ae1ea
<  a  b  c  d  e  f  g  h  i  j  k  
< 1\.  .  .  .  W  .  W  B  .  .  .\1
<  2\.  .  .  .  .  W  B  .  .  W  .\2
<   3\.  .  .  .  .  B  .  .  .  .  .\3
<    4\.  .  .  .  B  W  .  .  .  .  W\4
<     5\.  B  .  .  B  .  .  .  .  .  .\5
<      6\.  .  .  W  B  .  .  .  .  .  .\6
<       7\.  .  .  B  .  .  .  .  .  .  .\7
<        8\.  .  B  .  .  .  .  .  .  .  .\8
<         9\.  B  W  .  .  .  .  .  .  .  .\9
<         10\.  B  .  .  .  .  W  .  .  .  .\10
<          11\B  W  .  .  .  .  .  W  .  .  .\11
<              a  b  c  d  e  f  g  h  i  j  k  
<
>play w resign
<= 
<
>showboard
<= 
< 
<  67cdb885d19ae1ea
<  a  b  c  d  e  f  g  h  i  j  k  
< 1\.  .  .  .  W  .  W  B  .  .  .\1
<  2\.  .  .  .  .  W  B  .  .  W  .\2
<   3\.  .  .  .  .  B  .  .  .  .  .\3
<    4\.  .  .  .  B  W  .  .  .  .  W\4
<     5\.  B  .  .  B  .  .  .  .  .  .\5
<      6\.  .  .  W  B  .  .  .  .  .  .\6
<       7\.  .  .  B  .  .  .  .  .  .  .\7
<        8\.  .  B  .  .  .  .  .  .  .  .\8
<         9\.  B  W  .  .  .  .  .  .  .  .\9
<         10\.  B  .  .  .  .  W  .  .  .  .\10
<          11\B  W  .  .  .  .  .  W  .  .  .\11
<              a  b  c  d  e  f  g  h  i  j  k  
<
>final_score
<= B+
<
>quit
<= 
<
