# nice ../build/src/mohex/mohex --config mohex-cg2010.htp --seed 574438 --logfile-name jobs/11x11-mohex-mohex-cg2010-vs-mohex-mohex-weak-2/mohex-mohex-cg2010-165.log
>boardsize 11 11
MoHex 2.0.CMake Mar 21 2025
Copyright (C) 2007-2012 by the authors of the Benzene project.
This program comes with ABSOLUTELY NO WARRANTY. This is
free software and you are welcome to redistribute it under
certain conditions. Type `benzene-license' for details.

SgRandom::SetSeed: 574438
SgUctSearch: system memory 33632358400, using 1000000000 (5681818 nodes)
SgRandom::SetSeed: 1
SgRandom::SetSeed: 574438
1e077 info: Prior Patterns:
1e077 info: Global:
1e077 info: Size            = 565 32648 
1e077 info: TableEntries    = 65932 65910
1e077 info: MirrorsAdded    = 0 0
1e077 info: PrunableCount   = 30593 30629
1e077 info: LargestGamma    = 5820.77
1e077 info: SmallestGamma   = 6.6e-05
1e077 info: Local:
1e077 info: Size            = 550 5318 
1e077 info: TableEntries    = 11602 11588
1e077 info: MirrorsAdded    = 0 0
1e077 info: PrunableCount   = 3659 3667
1e077 info: LargestGamma    = 11281.8
1e077 info: SmallestGamma   = 0.026235
1e077 info: Playout Patterns:
1e077 info: Global:
1e077 info: Size            = 565 32648 
1e077 info: TableEntries    = 70329 70329
1e077 info: MirrorsAdded    = 4397 4419
1e077 info: PrunableCount   = 30593 30629
1e077 info: LargestGamma    = 5820.77
1e077 info: SmallestGamma   = 6.6e-05
1e077 info: Local:
1e077 info: Size            = 550 5318 
1e077 info: TableEntries    = 11602 11588
1e077 info: MirrorsAdded    = 0 0
1e077 info: PrunableCount   = 3659 3667
1e077 info: LargestGamma    = 11281.8
1e077 info: SmallestGamma   = 0.026235
<= 
<
>name
param_game allow_swap 1
= 

param_mohex max_memory 32000000000
= 

param_mohex num_threads 1
= 

param_mohex max_time 1
= 

param_mohex max_games 1
= 

param_mohex knowledge_threshold 400
= 

param_mohex reuse_subtree 1
= 

param_mohex use_parallel_solver 0
= 

<= MoHex
<
>version
<= 2.0.CMake
<
>play b h6
<= 
<
>genmove w
<= swap-pieces
<
>showboard
1e077 info: SwapCheck: reading from '/home/linus/MoHex2.0/nfbranchfix/benzene-vanilla-cmake/share/swap-moves.txt'.
1e077 info: SwapCheck: playing swap.
<= 
< 
<  8c33a7bca15e193f
<  a  b  c  d  e  f  g  h  i  j  k  
< 1\.  .  .  .  .  .  .  .  .  .  .\1
<  2\.  .  .  .  .  .  .  .  .  .  .\2
<   3\.  .  .  .  .  .  .  .  .  .  .\3
<    4\.  .  .  .  .  .  .  .  .  .  .\4
<     5\.  .  .  .  .  .  .  .  .  .  .\5
<      6\.  .  .  .  .  .  .  B  .  .  .\6
<       7\.  .  .  .  .  .  .  .  .  .  .\7
<        8\.  .  .  .  .  .  .  .  .  .  .\8
<         9\.  .  .  .  .  .  .  .  .  .  .\9
<         10\.  .  .  .  .  .  .  .  .  .  .\10
<          11\.  .  .  .  .  .  .  .  .  .  .\11
<              a  b  c  d  e  f  g  h  i  j  k  
<
>play w j9
<= 
<
>showboard
<= 
< 
<  4297ad14ba9c9e84
<  a  b  c  d  e  f  g  h  i  j  k  
< 1\.  .  .  .  .  .  .  .  .  .  .\1
<  2\.  .  .  .  .  .  .  .  .  .  .\2
<   3\.  .  .  .  .  .  .  .  .  .  .\3
<    4\.  .  .  .  .  .  .  .  .  .  .\4
<     5\.  .  .  .  .  .  .  .  .  .  .\5
<      6\.  .  .  .  .  .  .  B  .  .  .\6
<       7\.  .  .  .  .  .  .  .  .  .  .\7
<        8\.  .  .  .  .  .  .  .  .  .  .\8
<         9\.  .  .  .  .  .  .  .  .  W  .\9
<         10\.  .  .  .  .  .  .  .  .  .  .\10
<          11\.  .  .  .  .  .  .  .  .  .  .\11
<              a  b  c  d  e  f  g  h  i  j  k  
<
>genmove b
<= a1
<
>showboard
1e077 info: Best move cannot be determined, must search state.
1e077 info: --- MoHexPlayer::Search() ---
1e077 info: Color: black
1e077 info: MaxGames: 1
1e077 info: NumberThreads: 1
1e077 info: MaxNodes: 181818181 (15999999928 bytes)
1e077 info: TimeForMove: 1
1e077 info: PreSearch: max time reached (45/85).
1e077 info: Time for PreSearch: 0.204737s
1e077 info: 
  4297ad14ba9c9e84
  a  b  c  d  e  f  g  h  i  j  k  
 1\.  .  .  .  .  .  .  .  .  .  .\1
  2\.  .  *  *  *  *  *  *  *  *  *\2
   3\.  *  *  *  *  *  *  *  *  *  *\3
    4\*  *  *  *  *  *  *  *  *  *  *\4
     5\*  *  *  *  *  *  *  *  *  *  *\5
      6\*  *  *  *  *  *  *  B  *  *  .\6
       7\*  *  *  *  *  *  *  *  *  *  w\7
        8\*  *  *  *  *  *  *  *  *  .  w\8
         9\*  *  *  *  *  *  *  *  *  W  w\9
         10\*  *  *  *  *  *  *  .  .  w  w\10
          11\.  .  .  .  .  .  .  .  .  w  w\11
              a  b  c  d  e  f  g  h  i  j  k  
1e077 info: No subtree to reuse.
1e077 info: Creating thread 0
1e077 info: StartSearch()[0]
SgUctSearch: max games reached
1e077 info: 
Elapsed Time   0.36013s
Count          1
GamesPlayed    1
Nodes          1
Knowledge      0 (0.0%)
Expansions     0.0
Time           0.00
GameLen        112.0 dev=0.0 min=112.0 max=112.0
InTree         0.0 dev=0.0 min=0.0 max=0.0
KnowDepth      -
Aborted        0%
Games/s        396.2
Score          1.00
Sequence      
1e077 info: 
1e077 warning: **** MoHexSearch returned empty sequence!
1e077 warning: **** Returning random move!
<= 
< 
<  6dcca628e04061c6
<  a  b  c  d  e  f  g  h  i  j  k  
< 1\B  .  .  .  .  .  .  .  .  .  .\1
<  2\.  .  .  .  .  .  .  .  .  .  .\2
<   3\.  .  .  .  .  .  .  .  .  .  .\3
<    4\.  .  .  .  .  .  .  .  .  .  .\4
<     5\.  .  .  .  .  .  .  .  .  .  .\5
<      6\.  .  .  .  .  .  .  B  .  .  .\6
<       7\.  .  .  .  .  .  .  .  .  .  .\7
<        8\.  .  .  .  .  .  .  .  .  .  .\8
<         9\.  .  .  .  .  .  .  .  .  W  .\9
<         10\.  .  .  .  .  .  .  .  .  .  .\10
<          11\.  .  .  .  .  .  .  .  .  .  .\11
<              a  b  c  d  e  f  g  h  i  j  k  
<
>play w b7
<= 
<
>showboard
<= 
< 
<  425785653c9cfdc3
<  a  b  c  d  e  f  g  h  i  j  k  
< 1\B  .  .  .  .  .  .  .  .  .  .\1
<  2\.  .  .  .  .  .  .  .  .  .  .\2
<   3\.  .  .  .  .  .  .  .  .  .  .\3
<    4\.  .  .  .  .  .  .  .  .  .  .\4
<     5\.  .  .  .  .  .  .  .  .  .  .\5
<      6\.  .  .  .  .  .  .  B  .  .  .\6
<       7\.  W  .  .  .  .  .  .  .  .  .\7
<        8\.  .  .  .  .  .  .  .  .  .  .\8
<         9\.  .  .  .  .  .  .  .  .  W  .\9
<         10\.  .  .  .  .  .  .  .  .  .  .\10
<          11\.  .  .  .  .  .  .  .  .  .  .\11
<              a  b  c  d  e  f  g  h  i  j  k  
<
>genmove b
<= i10
<
>showboard
1e077 info: Best move cannot be determined, must search state.
1e077 info: --- MoHexPlayer::Search() ---
1e077 info: Color: black
1e077 info: MaxGames: 1
1e077 info: NumberThreads: 1
1e077 info: MaxNodes: 181818181 (15999999928 bytes)
1e077 info: TimeForMove: 1
1e077 info: PreSearch: max time reached (48/78).
1e077 info: Time for PreSearch: 0.203628s
1e077 info: 
  425785653c9cfdc3
  a  b  c  d  e  f  g  h  i  j  k  
 1\B  b  .  .  .  .  .  .  .  .  .\1
  2\.  *  *  *  *  *  *  *  *  *  *\2
   3\*  *  *  *  *  *  *  *  *  *  *\3
    4\*  *  *  *  *  *  *  *  *  *  *\4
     5\.  *  *  *  *  *  *  *  *  *  *\5
      6\w  .  *  *  *  *  *  B  *  *  .\6
       7\w  W  *  *  *  *  *  *  *  *  w\7
        8\w  .  *  *  *  *  *  *  *  .  w\8
         9\w  *  *  *  *  *  *  *  *  W  w\9
         10\.  *  *  *  *  *  *  .  .  w  w\10
          11\.  .  .  .  .  .  .  .  .  w  w\11
              a  b  c  d  e  f  g  h  i  j  k  
1e077 info: Old: [black, h6] [white, swap-pieces] [white, j9] 
1e077 info: New: [black, h6] [white, swap-pieces] [white, j9] [black, a1] [white, b7] 
1e077 info: MovesPlayed: [black, a1] [white, b7] 
1e077 info: No subtree to reuse.
1e077 info: StartSearch()[0]
SgUctSearch: max games reached
1e077 info: 
Elapsed Time   0.358215s
Count          1
GamesPlayed    1
Nodes          1
Knowledge      0 (0.0%)
Expansions     0.0
Time           0.00
GameLen        105.0 dev=0.0 min=105.0 max=105.0
InTree         0.0 dev=0.0 min=0.0 max=0.0
KnowDepth      -
Aborted        0%
Games/s        2958.6
Score          0.00
Sequence      
1e077 info: 
1e077 warning: **** MoHexSearch returned empty sequence!
1e077 warning: **** Returning random move!
<= 
< 
<  acb1dc4da41cf218
<  a  b  c  d  e  f  g  h  i  j  k  
< 1\B  .  .  .  .  .  .  .  .  .  .\1
<  2\.  .  .  .  .  .  .  .  .  .  .\2
<   3\.  .  .  .  .  .  .  .  .  .  .\3
<    4\.  .  .  .  .  .  .  .  .  .  .\4
<     5\.  .  .  .  .  .  .  .  .  .  .\5
<      6\.  .  .  .  .  .  .  B  .  .  .\6
<       7\.  W  .  .  .  .  .  .  .  .  .\7
<        8\.  .  .  .  .  .  .  .  .  .  .\8
<         9\.  .  .  .  .  .  .  .  .  W  .\9
<         10\.  .  .  .  .  .  .  .  B  .  .\10
<          11\.  .  .  .  .  .  .  .  .  .  .\11
<              a  b  c  d  e  f  g  h  i  j  k  
<
>play w h3
<= 
<
>showboard
<= 
< 
<  01270b997452b82c
<  a  b  c  d  e  f  g  h  i  j  k  
< 1\B  .  .  .  .  .  .  .  .  .  .\1
<  2\.  .  .  .  .  .  .  .  .  .  .\2
<   3\.  .  .  .  .  .  .  W  .  .  .\3
<    4\.  .  .  .  .  .  .  .  .  .  .\4
<     5\.  .  .  .  .  .  .  .  .  .  .\5
<      6\.  .  .  .  .  .  .  B  .  .  .\6
<       7\.  W  .  .  .  .  .  .  .  .  .\7
<        8\.  .  .  .  .  .  .  .  .  .  .\8
<         9\.  .  .  .  .  .  .  .  .  W  .\9
<         10\.  .  .  .  .  .  .  .  B  .  .\10
<          11\.  .  .  .  .  .  .  .  .  .  .\11
<              a  b  c  d  e  f  g  h  i  j  k  
<
>genmove b
<= i5
<
>showboard
1e077 info: Best move cannot be determined, must search state.
1e077 info: --- MoHexPlayer::Search() ---
1e077 info: Color: black
1e077 info: MaxGames: 1
1e077 info: NumberThreads: 1
1e077 info: MaxNodes: 181818181 (15999999928 bytes)
1e077 info: TimeForMove: 1
1e077 info: PreSearch: max time reached (46/75).
1e077 info: Time for PreSearch: 0.200658s
1e077 info: 
  01270b997452b82c
  a  b  c  d  e  f  g  h  i  j  k  
 1\B  b  .  .  .  .  .  .  .  .  .\1
  2\.  *  *  *  *  *  *  .  .  *  *\2
   3\*  *  *  *  *  *  *  W  *  *  *\3
    4\*  *  *  *  *  *  *  *  *  *  *\4
     5\.  *  *  *  *  *  *  *  *  *  *\5
      6\w  .  *  *  *  *  *  B  *  *  .\6
       7\w  W  *  *  *  *  *  *  *  *  w\7
        8\w  .  *  *  *  *  *  *  *  .  w\8
         9\w  *  *  *  *  *  *  *  *  W  w\9
         10\.  *  *  *  *  *  *  .  B  b  b\10
          11\.  .  .  .  .  .  b  b  b  b  b\11
              a  b  c  d  e  f  g  h  i  j  k  
1e077 info: Old: [black, h6] [white, swap-pieces] [white, j9] [black, a1] [white, b7] 
1e077 info: New: [black, h6] [white, swap-pieces] [white, j9] [black, a1] [white, b7] [black, i10] [white, h3] 
1e077 info: MovesPlayed: [black, i10] [white, h3] 
1e077 info: No subtree to reuse.
1e077 info: StartSearch()[0]
SgUctSearch: max games reached
1e077 info: 
Elapsed Time   0.357058s
Count          1
GamesPlayed    1
Nodes          1
Knowledge      0 (0.0%)
Expansions     0.0
Time           0.00
GameLen        100.0 dev=0.0 min=100.0 max=100.0
InTree         0.0 dev=0.0 min=0.0 max=0.0
KnowDepth      -
Aborted        0%
Games/s        2631.6
Score          1.00
Sequence      
1e077 info: 
1e077 warning: **** MoHexSearch returned empty sequence!
1e077 warning: **** Returning random move!
<= 
< 
<  71c2c4dfeb9cb929
<  a  b  c  d  e  f  g  h  i  j  k  
< 1\B  .  .  .  .  .  .  .  .  .  .\1
<  2\.  .  .  .  .  .  .  .  .  .  .\2
<   3\.  .  .  .  .  .  .  W  .  .  .\3
<    4\.  .  .  .  .  .  .  .  .  .  .\4
<     5\.  .  .  .  .  .  .  .  B  .  .\5
<      6\.  .  .  .  .  .  .  B  .  .  .\6
<       7\.  W  .  .  .  .  .  .  .  .  .\7
<        8\.  .  .  .  .  .  .  .  .  .  .\8
<         9\.  .  .  .  .  .  .  .  .  W  .\9
<         10\.  .  .  .  .  .  .  .  B  .  .\10
<          11\.  .  .  .  .  .  .  .  .  .  .\11
<              a  b  c  d  e  f  g  h  i  j  k  
<
>play w e1
<= 
<
>showboard
<= 
< 
<  ab616d72ab0ea783
<  a  b  c  d  e  f  g  h  i  j  k  
< 1\B  .  .  .  W  .  .  .  .  .  .\1
<  2\.  .  .  .  .  .  .  .  .  .  .\2
<   3\.  .  .  .  .  .  .  W  .  .  .\3
<    4\.  .  .  .  .  .  .  .  .  .  .\4
<     5\.  .  .  .  .  .  .  .  B  .  .\5
<      6\.  .  .  .  .  .  .  B  .  .  .\6
<       7\.  W  .  .  .  .  .  .  .  .  .\7
<        8\.  .  .  .  .  .  .  .  .  .  .\8
<         9\.  .  .  .  .  .  .  .  .  W  .\9
<         10\.  .  .  .  .  .  .  .  B  .  .\10
<          11\.  .  .  .  .  .  .  .  .  .  .\11
<              a  b  c  d  e  f  g  h  i  j  k  
<
>genmove b
<= j7
<
>showboard
1e077 info: Best move cannot be determined, must search state.
1e077 info: --- MoHexPlayer::Search() ---
1e077 info: Color: black
1e077 info: MaxGames: 1
1e077 info: NumberThreads: 1
1e077 info: MaxNodes: 181818181 (15999999928 bytes)
1e077 info: TimeForMove: 1
1e077 info: PreSearch: max time reached (55/74).
1e077 info: Time for PreSearch: 0.201032s
1e077 info: 
  ab616d72ab0ea783
  a  b  c  d  e  f  g  h  i  j  k  
 1\B  b  .  .  W  .  .  .  .  .  .\1
  2\.  *  *  *  *  *  *  .  .  *  *\2
   3\*  *  *  *  *  *  *  W  *  *  *\3
    4\*  *  *  *  *  *  *  *  *  *  *\4
     5\.  *  *  *  *  *  *  *  B  *  *\5
      6\w  .  *  *  *  *  *  B  *  *  .\6
       7\w  W  *  *  *  *  *  *  *  *  w\7
        8\w  .  *  *  *  *  *  *  *  .  w\8
         9\w  *  *  *  *  *  *  *  *  W  w\9
         10\.  *  *  *  *  *  .  .  B  b  b\10
          11\.  .  .  .  .  .  b  b  b  b  b\11
              a  b  c  d  e  f  g  h  i  j  k  
1e077 info: Old: [black, h6] [white, swap-pieces] [white, j9] [black, a1] [white, b7] [black, i10] [white, h3] 
1e077 info: New: [black, h6] [white, swap-pieces] [white, j9] [black, a1] [white, b7] [black, i10] [white, h3] [black, i5] [white, e1] 
1e077 info: MovesPlayed: [black, i5] [white, e1] 
1e077 info: No subtree to reuse.
1e077 info: StartSearch()[0]
SgUctSearch: max games reached
1e077 info: 
Elapsed Time   0.355844s
Count          1
GamesPlayed    1
Nodes          1
Knowledge      0 (0.0%)
Expansions     0.0
Time           0.00
GameLen        98.0 dev=0.0 min=98.0 max=98.0
InTree         0.0 dev=0.0 min=0.0 max=0.0
KnowDepth      -
Aborted        0%
Games/s        2994.0
Score          0.00
Sequence      
1e077 info: 
1e077 warning: **** MoHexSearch returned empty sequence!
1e077 warning: **** Returning random move!
<= 
< 
<  53a85e269344699e
<  a  b  c  d  e  f  g  h  i  j  k  
< 1\B  .  .  .  W  .  .  .  .  .  .\1
<  2\.  .  .  .  .  .  .  .  .  .  .\2
<   3\.  .  .  .  .  .  .  W  .  .  .\3
<    4\.  .  .  .  .  .  .  .  .  .  .\4
<     5\.  .  .  .  .  .  .  .  B  .  .\5
<      6\.  .  .  .  .  .  .  B  .  .  .\6
<       7\.  W  .  .  .  .  .  .  .  B  .\7
<        8\.  .  .  .  .  .  .  .  .  .  .\8
<         9\.  .  .  .  .  .  .  .  .  W  .\9
<         10\.  .  .  .  .  .  .  .  B  .  .\10
<          11\.  .  .  .  .  .  .  .  .  .  .\11
<              a  b  c  d  e  f  g  h  i  j  k  
<
>play w j8
<= 
<
>showboard
<= 
< 
<  059b045d31e4a9d5
<  a  b  c  d  e  f  g  h  i  j  k  
< 1\B  .  .  .  W  .  .  .  .  .  .\1
<  2\.  .  .  .  .  .  .  .  .  .  .\2
<   3\.  .  .  .  .  .  .  W  .  .  .\3
<    4\.  .  .  .  .  .  .  .  .  .  .\4
<     5\.  .  .  .  .  .  .  .  B  .  .\5
<      6\.  .  .  .  .  .  .  B  .  .  .\6
<       7\.  W  .  .  .  .  .  .  .  B  .\7
<        8\.  .  .  .  .  .  .  .  .  W  .\8
<         9\.  .  .  .  .  .  .  .  .  W  .\9
<         10\.  .  .  .  .  .  .  .  B  .  .\10
<          11\.  .  .  .  .  .  .  .  .  .  .\11
<              a  b  c  d  e  f  g  h  i  j  k  
<
>genmove b
<= d11
<
>showboard
1e077 info: Best move cannot be determined, must search state.
1e077 info: --- MoHexPlayer::Search() ---
1e077 info: Color: black
1e077 info: MaxGames: 1
1e077 info: NumberThreads: 1
1e077 info: MaxNodes: 181818181 (15999999928 bytes)
1e077 info: TimeForMove: 1
1e077 info: PreSearch: max time reached (46/72).
1e077 info: Time for PreSearch: 0.200703s
1e077 info: 
  059b045d31e4a9d5
  a  b  c  d  e  f  g  h  i  j  k  
 1\B  b  .  .  W  .  .  .  .  .  .\1
  2\.  *  *  *  *  *  *  .  .  *  *\2
   3\*  *  *  *  *  *  *  W  *  *  *\3
    4\*  *  *  *  *  *  *  *  *  *  *\4
     5\.  *  *  *  *  *  *  *  B  *  *\5
      6\w  .  *  *  *  *  *  B  *  *  .\6
       7\w  W  *  *  *  *  *  *  *  B  w\7
        8\w  .  *  *  *  *  *  *  *  W  w\8
         9\w  *  *  *  *  *  *  *  .  W  b\9
         10\.  *  *  *  *  *  .  .  B  b  b\10
          11\.  .  .  .  .  .  b  b  b  b  b\11
              a  b  c  d  e  f  g  h  i  j  k  
1e077 info: Old: [black, h6] [white, swap-pieces] [white, j9] [black, a1] [white, b7] [black, i10] [white, h3] [black, i5] [white, e1] 
1e077 info: New: [black, h6] [white, swap-pieces] [white, j9] [black, a1] [white, b7] [black, i10] [white, h3] [black, i5] [white, e1] [black, j7] [white, j8] 
1e077 info: MovesPlayed: [black, j7] [white, j8] 
1e077 info: No subtree to reuse.
1e077 info: StartSearch()[0]
SgUctSearch: max games reached
1e077 info: 
Elapsed Time   0.349334s
Count          1
GamesPlayed    1
Nodes          1
Knowledge      0 (0.0%)
Expansions     0.0
Time           0.00
GameLen        96.0 dev=0.0 min=96.0 max=96.0
InTree         0.0 dev=0.0 min=0.0 max=0.0
KnowDepth      -
Aborted        0%
Games/s        3436.4
Score          1.00
Sequence      
1e077 info: 
1e077 warning: **** MoHexSearch returned empty sequence!
1e077 warning: **** Returning random move!
<= 
< 
<  5590db026fffb437
<  a  b  c  d  e  f  g  h  i  j  k  
< 1\B  .  .  .  W  .  .  .  .  .  .\1
<  2\.  .  .  .  .  .  .  .  .  .  .\2
<   3\.  .  .  .  .  .  .  W  .  .  .\3
<    4\.  .  .  .  .  .  .  .  .  .  .\4
<     5\.  .  .  .  .  .  .  .  B  .  .\5
<      6\.  .  .  .  .  .  .  B  .  .  .\6
<       7\.  W  .  .  .  .  .  .  .  B  .\7
<        8\.  .  .  .  .  .  .  .  .  W  .\8
<         9\.  .  .  .  .  .  .  .  .  W  .\9
<         10\.  .  .  .  .  .  .  .  B  .  .\10
<          11\.  .  .  B  .  .  .  .  .  .  .\11
<              a  b  c  d  e  f  g  h  i  j  k  
<
>play w b11
<= 
<
>showboard
<= 
< 
<  9bec873741ff7234
<  a  b  c  d  e  f  g  h  i  j  k  
< 1\B  .  .  .  W  .  .  .  .  .  .\1
<  2\.  .  .  .  .  .  .  .  .  .  .\2
<   3\.  .  .  .  .  .  .  W  .  .  .\3
<    4\.  .  .  .  .  .  .  .  .  .  .\4
<     5\.  .  .  .  .  .  .  .  B  .  .\5
<      6\.  .  .  .  .  .  .  B  .  .  .\6
<       7\.  W  .  .  .  .  .  .  .  B  .\7
<        8\.  .  .  .  .  .  .  .  .  W  .\8
<         9\.  .  .  .  .  .  .  .  .  W  .\9
<         10\.  .  .  .  .  .  .  .  B  .  .\10
<          11\.  W  .  B  .  .  .  .  .  .  .\11
<              a  b  c  d  e  f  g  h  i  j  k  
<
>genmove b
<= h2
<
>showboard
1e077 info: Best move cannot be determined, must search state.
1e077 info: --- MoHexPlayer::Search() ---
1e077 info: Color: black
1e077 info: MaxGames: 1
1e077 info: NumberThreads: 1
1e077 info: MaxNodes: 181818181 (15999999928 bytes)
1e077 info: TimeForMove: 1
1e077 info: PreSearch: max time reached (55/70).
1e077 info: Time for PreSearch: 0.200382s
1e077 info: 
  9bec873741ff7234
  a  b  c  d  e  f  g  h  i  j  k  
 1\B  b  .  .  W  .  .  .  .  .  .\1
  2\.  .  *  *  *  *  *  .  .  *  *\2
   3\*  *  *  *  *  *  *  W  *  *  *\3
    4\*  *  *  *  *  *  *  *  *  *  *\4
     5\.  *  *  *  *  *  *  *  B  *  *\5
      6\w  .  *  *  *  *  *  B  *  *  .\6
       7\w  W  *  *  *  *  *  *  *  B  w\7
        8\w  .  *  *  *  *  *  *  *  W  w\8
         9\w  *  *  *  *  *  *  .  .  W  b\9
         10\.  *  *  *  .  .  .  b  B  b  b\10
          11\*  W  .  B  b  b  b  b  b  b  b\11
              a  b  c  d  e  f  g  h  i  j  k  
1e077 info: Old: [black, h6] [white, swap-pieces] [white, j9] [black, a1] [white, b7] [black, i10] [white, h3] [black, i5] [white, e1] [black, j7] [white, j8] 
1e077 info: New: [black, h6] [white, swap-pieces] [white, j9] [black, a1] [white, b7] [black, i10] [white, h3] [black, i5] [white, e1] [black, j7] [white, j8] [black, d11] [white, b11] 
1e077 info: MovesPlayed: [black, d11] [white, b11] 
1e077 info: No subtree to reuse.
1e077 info: StartSearch()[0]
SgUctSearch: max games reached
1e077 info: 
Elapsed Time   0.589791s
Count          1
GamesPlayed    1
Nodes          1
Knowledge      0 (0.0%)
Expansions     0.0
Time           0.00
GameLen        91.0 dev=0.0 min=91.0 max=91.0
InTree         0.0 dev=0.0 min=0.0 max=0.0
KnowDepth      -
Aborted        0%
Games/s        3311.3
Score          0.00
Sequence      
1e077 info: 
1e077 warning: **** MoHexSearch returned empty sequence!
1e077 warning: **** Returning random move!
<= 
< 
<  ff391230e0c08da9
<  a  b  c  d  e  f  g  h  i  j  k  
< 1\B  .  .  .  W  .  .  .  .  .  .\1
<  2\.  .  .  .  .  .  .  B  .  .  .\2
<   3\.  .  .  .  .  .  .  W  .  .  .\3
<    4\.  .  .  .  .  .  .  .  .  .  .\4
<     5\.  .  .  .  .  .  .  .  B  .  .\5
<      6\.  .  .  .  .  .  .  B  .  .  .\6
<       7\.  W  .  .  .  .  .  .  .  B  .\7
<        8\.  .  .  .  .  .  .  .  .  W  .\8
<         9\.  .  .  .  .  .  .  .  .  W  .\9
<         10\.  .  .  .  .  .  .  .  B  .  .\10
<          11\.  W  .  B  .  .  .  .  .  .  .\11
<              a  b  c  d  e  f  g  h  i  j  k  
<
>play w g4
<= 
<
>showboard
<= 
< 
<  8dad99de304d285e
<  a  b  c  d  e  f  g  h  i  j  k  
< 1\B  .  .  .  W  .  .  .  .  .  .\1
<  2\.  .  .  .  .  .  .  B  .  .  .\2
<   3\.  .  .  .  .  .  .  W  .  .  .\3
<    4\.  .  .  .  .  .  W  .  .  .  .\4
<     5\.  .  .  .  .  .  .  .  B  .  .\5
<      6\.  .  .  .  .  .  .  B  .  .  .\6
<       7\.  W  .  .  .  .  .  .  .  B  .\7
<        8\.  .  .  .  .  .  .  .  .  W  .\8
<         9\.  .  .  .  .  .  .  .  .  W  .\9
<         10\.  .  .  .  .  .  .  .  B  .  .\10
<          11\.  W  .  B  .  .  .  .  .  .  .\11
<              a  b  c  d  e  f  g  h  i  j  k  
<
>genmove b
<= i3
<
>showboard
1e077 info: Best move cannot be determined, must search state.
1e077 info: --- MoHexPlayer::Search() ---
1e077 info: Color: black
1e077 info: MaxGames: 1
1e077 info: NumberThreads: 1
1e077 info: MaxNodes: 181818181 (15999999928 bytes)
1e077 info: TimeForMove: 1
1e077 info: Time for PreSearch: 0.198654s
1e077 info: 
  8dad99de304d285e
  a  b  c  d  e  f  g  h  i  j  k  
 1\B  b  .  .  W  .  b  b  b  b  .\1
  2\.  .  *  *  *  .  .  B  .  *  *\2
   3\*  *  *  *  *  *  .  W  *  *  *\3
    4\*  *  *  *  *  *  W  .  *  *  *\4
     5\.  *  *  *  *  *  *  .  B  *  *\5
      6\w  .  *  *  *  *  *  B  *  *  .\6
       7\w  W  *  *  *  *  *  *  *  B  w\7
        8\w  .  *  *  *  *  *  *  *  W  w\8
         9\w  *  *  *  *  *  *  .  .  W  b\9
         10\.  *  *  *  .  .  .  b  B  b  b\10
          11\*  W  .  B  b  b  b  b  b  b  b\11
              a  b  c  d  e  f  g  h  i  j  k  
1e077 info: Old: [black, h6] [white, swap-pieces] [white, j9] [black, a1] [white, b7] [black, i10] [white, h3] [black, i5] [white, e1] [black, j7] [white, j8] [black, d11] [white, b11] 
1e077 info: New: [black, h6] [white, swap-pieces] [white, j9] [black, a1] [white, b7] [black, i10] [white, h3] [black, i5] [white, e1] [black, j7] [white, j8] [black, d11] [white, b11] [black, h2] [white, g4] 
1e077 info: MovesPlayed: [black, h2] [white, g4] 
1e077 info: No subtree to reuse.
1e077 info: StartSearch()[0]
SgUctSearch: max games reached
1e077 info: 
Elapsed Time   0.356473s
Count          1
GamesPlayed    1
Nodes          1
Knowledge      0 (0.0%)
Expansions     0.0
Time           0.00
GameLen        85.0 dev=0.0 min=85.0 max=85.0
InTree         0.0 dev=0.0 min=0.0 max=0.0
KnowDepth      -
Aborted        0%
Games/s        3623.2
Score          1.00
Sequence      
1e077 info: 
1e077 warning: **** MoHexSearch returned empty sequence!
1e077 warning: **** Returning random move!
<= 
< 
<  5179eb43ef5cab24
<  a  b  c  d  e  f  g  h  i  j  k  
< 1\B  .  .  .  W  .  .  .  .  .  .\1
<  2\.  .  .  .  .  .  .  B  .  .  .\2
<   3\.  .  .  .  .  .  .  W  B  .  .\3
<    4\.  .  .  .  .  .  W  .  .  .  .\4
<     5\.  .  .  .  .  .  .  .  B  .  .\5
<      6\.  .  .  .  .  .  .  B  .  .  .\6
<       7\.  W  .  .  .  .  .  .  .  B  .\7
<        8\.  .  .  .  .  .  .  .  .  W  .\8
<         9\.  .  .  .  .  .  .  .  .  W  .\9
<         10\.  .  .  .  .  .  .  .  B  .  .\10
<          11\.  W  .  B  .  .  .  .  .  .  .\11
<              a  b  c  d  e  f  g  h  i  j  k  
<
>play w e8
<= 
<
>showboard
<= 
< 
<  a148070e392ce5e3
<  a  b  c  d  e  f  g  h  i  j  k  
< 1\B  .  .  .  W  .  .  .  .  .  .\1
<  2\.  .  .  .  .  .  .  B  .  .  .\2
<   3\.  .  .  .  .  .  .  W  B  .  .\3
<    4\.  .  .  .  .  .  W  .  .  .  .\4
<     5\.  .  .  .  .  .  .  .  B  .  .\5
<      6\.  .  .  .  .  .  .  B  .  .  .\6
<       7\.  W  .  .  .  .  .  .  .  B  .\7
<        8\.  .  .  .  W  .  .  .  .  W  .\8
<         9\.  .  .  .  .  .  .  .  .  W  .\9
<         10\.  .  .  .  .  .  .  .  B  .  .\10
<          11\.  W  .  B  .  .  .  .  .  .  .\11
<              a  b  c  d  e  f  g  h  i  j  k  
<
>genmove b
<= i4
<
>showboard
1e077 info: Winning SC.
<= 
< 
<  f79e12f53cd7717e
<  a  b  c  d  e  f  g  h  i  j  k  
< 1\B  .  .  .  W  .  .  .  .  .  .\1
<  2\.  .  .  .  .  .  .  B  .  .  .\2
<   3\.  .  .  .  .  .  .  W  B  .  .\3
<    4\.  .  .  .  .  .  W  .  B  .  .\4
<     5\.  .  .  .  .  .  .  .  B  .  .\5
<      6\.  .  .  .  .  .  .  B  .  .  .\6
<       7\.  W  .  .  .  .  .  .  .  B  .\7
<        8\.  .  .  .  W  .  .  .  .  W  .\8
<         9\.  .  .  .  .  .  .  .  .  W  .\9
<         10\.  .  .  .  .  .  .  .  B  .  .\10
<          11\.  W  .  B  .  .  .  .  .  .  .\11
<              a  b  c  d  e  f  g  h  i  j  k  
<
>play w i2
<= 
<
>showboard
<= 
< 
<  d20f575ce500080b
<  a  b  c  d  e  f  g  h  i  j  k  
< 1\B  .  .  .  W  .  .  .  .  .  .\1
<  2\.  .  .  .  .  .  .  B  W  .  .\2
<   3\.  .  .  .  .  .  .  W  B  .  .\3
<    4\.  .  .  .  .  .  W  .  B  .  .\4
<     5\.  .  .  .  .  .  .  .  B  .  .\5
<      6\.  .  .  .  .  .  .  B  .  .  .\6
<       7\.  W  .  .  .  .  .  .  .  B  .\7
<        8\.  .  .  .  W  .  .  .  .  W  .\8
<         9\.  .  .  .  .  .  .  .  .  W  .\9
<         10\.  .  .  .  .  .  .  .  B  .  .\10
<          11\.  W  .  B  .  .  .  .  .  .  .\11
<              a  b  c  d  e  f  g  h  i  j  k  
<
>genmove b
<= j2
<
>showboard
1e077 info: Winning SC.
<= 
< 
<  b563f115f65c0f25
<  a  b  c  d  e  f  g  h  i  j  k  
< 1\B  .  .  .  W  .  .  .  .  .  .\1
<  2\.  .  .  .  .  .  .  B  W  B  .\2
<   3\.  .  .  .  .  .  .  W  B  .  .\3
<    4\.  .  .  .  .  .  W  .  B  .  .\4
<     5\.  .  .  .  .  .  .  .  B  .  .\5
<      6\.  .  .  .  .  .  .  B  .  .  .\6
<       7\.  W  .  .  .  .  .  .  .  B  .\7
<        8\.  .  .  .  W  .  .  .  .  W  .\8
<         9\.  .  .  .  .  .  .  .  .  W  .\9
<         10\.  .  .  .  .  .  .  .  B  .  .\10
<          11\.  W  .  B  .  .  .  .  .  .  .\11
<              a  b  c  d  e  f  g  h  i  j  k  
<
>play w h7
<= 
<
>showboard
<= 
< 
<  b4ae216fb42b34ed
<  a  b  c  d  e  f  g  h  i  j  k  
< 1\B  .  .  .  W  .  .  .  .  .  .\1
<  2\.  .  .  .  .  .  .  B  W  B  .\2
<   3\.  .  .  .  .  .  .  W  B  .  .\3
<    4\.  .  .  .  .  .  W  .  B  .  .\4
<     5\.  .  .  .  .  .  .  .  B  .  .\5
<      6\.  .  .  .  .  .  .  B  .  .  .\6
<       7\.  W  .  .  .  .  .  W  .  B  .\7
<        8\.  .  .  .  W  .  .  .  .  W  .\8
<         9\.  .  .  .  .  .  .  .  .  W  .\9
<         10\.  .  .  .  .  .  .  .  B  .  .\10
<          11\.  W  .  B  .  .  .  .  .  .  .\11
<              a  b  c  d  e  f  g  h  i  j  k  
<
>genmove b
<= g7
<
>showboard
1e077 info: Best move cannot be determined, must search state.
1e077 info: --- MoHexPlayer::Search() ---
1e077 info: Color: black
1e077 info: MaxGames: 1
1e077 info: NumberThreads: 1
1e077 info: MaxNodes: 181818181 (15999999928 bytes)
1e077 info: TimeForMove: 1
1e077 info: Winning sequence found before UCT search!
1e077 info: Sequence: g7
<= 
< 
<  a6a12a654d7d62bc
<  a  b  c  d  e  f  g  h  i  j  k  
< 1\B  .  .  .  W  .  .  .  .  .  .\1
<  2\.  .  .  .  .  .  .  B  W  B  .\2
<   3\.  .  .  .  .  .  .  W  B  .  .\3
<    4\.  .  .  .  .  .  W  .  B  .  .\4
<     5\.  .  .  .  .  .  .  .  B  .  .\5
<      6\.  .  .  .  .  .  .  B  .  .  .\6
<       7\.  W  .  .  .  .  B  W  .  B  .\7
<        8\.  .  .  .  W  .  .  .  .  W  .\8
<         9\.  .  .  .  .  .  .  .  .  W  .\9
<         10\.  .  .  .  .  .  .  .  B  .  .\10
<          11\.  W  .  B  .  .  .  .  .  .  .\11
<              a  b  c  d  e  f  g  h  i  j  k  
<
>play w f9
<= 
<
>showboard
<= 
< 
<  ae9cce1bf0ab1842
<  a  b  c  d  e  f  g  h  i  j  k  
< 1\B  .  .  .  W  .  .  .  .  .  .\1
<  2\.  .  .  .  .  .  .  B  W  B  .\2
<   3\.  .  .  .  .  .  .  W  B  .  .\3
<    4\.  .  .  .  .  .  W  .  B  .  .\4
<     5\.  .  .  .  .  .  .  .  B  .  .\5
<      6\.  .  .  .  .  .  .  B  .  .  .\6
<       7\.  W  .  .  .  .  B  W  .  B  .\7
<        8\.  .  .  .  W  .  .  .  .  W  .\8
<         9\.  .  .  .  .  W  .  .  .  W  .\9
<         10\.  .  .  .  .  .  .  .  B  .  .\10
<          11\.  W  .  B  .  .  .  .  .  .  .\11
<              a  b  c  d  e  f  g  h  i  j  k  
<
>genmove b
<= h8
<
>showboard
1e077 info: Winning SC.
<= 
< 
<  d8ba8fc3f87cbaa8
<  a  b  c  d  e  f  g  h  i  j  k  
< 1\B  .  .  .  W  .  .  .  .  .  .\1
<  2\.  .  .  .  .  .  .  B  W  B  .\2
<   3\.  .  .  .  .  .  .  W  B  .  .\3
<    4\.  .  .  .  .  .  W  .  B  .  .\4
<     5\.  .  .  .  .  .  .  .  B  .  .\5
<      6\.  .  .  .  .  .  .  B  .  .  .\6
<       7\.  W  .  .  .  .  B  W  .  B  .\7
<        8\.  .  .  .  W  .  .  B  .  W  .\8
<         9\.  .  .  .  .  W  .  .  .  W  .\9
<         10\.  .  .  .  .  .  .  .  B  .  .\10
<          11\.  W  .  B  .  .  .  .  .  .  .\11
<              a  b  c  d  e  f  g  h  i  j  k  
<
>play w g8
<= 
<
>showboard
<= 
< 
<  eb34e57df3707082
<  a  b  c  d  e  f  g  h  i  j  k  
< 1\B  .  .  .  W  .  .  .  .  .  .\1
<  2\.  .  .  .  .  .  .  B  W  B  .\2
<   3\.  .  .  .  .  .  .  W  B  .  .\3
<    4\.  .  .  .  .  .  W  .  B  .  .\4
<     5\.  .  .  .  .  .  .  .  B  .  .\5
<      6\.  .  .  .  .  .  .  B  .  .  .\6
<       7\.  W  .  .  .  .  B  W  .  B  .\7
<        8\.  .  .  .  W  .  W  B  .  W  .\8
<         9\.  .  .  .  .  W  .  .  .  W  .\9
<         10\.  .  .  .  .  .  .  .  B  .  .\10
<          11\.  W  .  B  .  .  .  .  .  .  .\11
<              a  b  c  d  e  f  g  h  i  j  k  
<
>genmove b
<= j6
<
>showboard
1e077 info: Winning SC.
<= 
< 
<  f8157cf831e1ac23
<  a  b  c  d  e  f  g  h  i  j  k  
< 1\B  .  .  .  W  .  .  .  .  .  .\1
<  2\.  .  .  .  .  .  .  B  W  B  .\2
<   3\.  .  .  .  .  .  .  W  B  .  .\3
<    4\.  .  .  .  .  .  W  .  B  .  .\4
<     5\.  .  .  .  .  .  .  .  B  .  .\5
<      6\.  .  .  .  .  .  .  B  .  B  .\6
<       7\.  W  .  .  .  .  B  W  .  B  .\7
<        8\.  .  .  .  W  .  W  B  .  W  .\8
<         9\.  .  .  .  .  W  .  .  .  W  .\9
<         10\.  .  .  .  .  .  .  .  B  .  .\10
<          11\.  W  .  B  .  .  .  .  .  .  .\11
<              a  b  c  d  e  f  g  h  i  j  k  
<
>play w j1
<= 
<
>showboard
<= 
< 
<  f4f7bfaf8c30dc69
<  a  b  c  d  e  f  g  h  i  j  k  
< 1\B  .  .  .  W  .  .  .  .  W  .\1
<  2\.  .  .  .  .  .  .  B  W  B  .\2
<   3\.  .  .  .  .  .  .  W  B  .  .\3
<    4\.  .  .  .  .  .  W  .  B  .  .\4
<     5\.  .  .  .  .  .  .  .  B  .  .\5
<      6\.  .  .  .  .  .  .  B  .  B  .\6
<       7\.  W  .  .  .  .  B  W  .  B  .\7
<        8\.  .  .  .  W  .  W  B  .  W  .\8
<         9\.  .  .  .  .  W  .  .  .  W  .\9
<         10\.  .  .  .  .  .  .  .  B  .  .\10
<          11\.  W  .  B  .  .  .  .  .  .  .\11
<              a  b  c  d  e  f  g  h  i  j  k  
<
>genmove b
<= k1
<
>showboard
1e077 info: Winning SC.
<= 
< 
<  3d7da74acfaf4e62
<  a  b  c  d  e  f  g  h  i  j  k  
< 1\B  .  .  .  W  .  .  .  .  W  B\1
<  2\.  .  .  .  .  .  .  B  W  B  .\2
<   3\.  .  .  .  .  .  .  W  B  .  .\3
<    4\.  .  .  .  .  .  W  .  B  .  .\4
<     5\.  .  .  .  .  .  .  .  B  .  .\5
<      6\.  .  .  .  .  .  .  B  .  B  .\6
<       7\.  W  .  .  .  .  B  W  .  B  .\7
<        8\.  .  .  .  W  .  W  B  .  W  .\8
<         9\.  .  .  .  .  W  .  .  .  W  .\9
<         10\.  .  .  .  .  .  .  .  B  .  .\10
<          11\.  W  .  B  .  .  .  .  .  .  .\11
<              a  b  c  d  e  f  g  h  i  j  k  
<
>play w i7
<= 
<
>showboard
<= 
< 
<  3240e311a911c55a
<  a  b  c  d  e  f  g  h  i  j  k  
< 1\B  .  .  .  W  .  .  .  .  W  B\1
<  2\.  .  .  .  .  .  .  B  W  B  .\2
<   3\.  .  .  .  .  .  .  W  B  .  .\3
<    4\.  .  .  .  .  .  W  .  B  .  .\4
<     5\.  .  .  .  .  .  .  .  B  .  .\5
<      6\.  .  .  .  .  .  .  B  .  B  .\6
<       7\.  W  .  .  .  .  B  W  W  B  .\7
<        8\.  .  .  .  W  .  W  B  .  W  .\8
<         9\.  .  .  .  .  W  .  .  .  W  .\9
<         10\.  .  .  .  .  .  .  .  B  .  .\10
<          11\.  W  .  B  .  .  .  .  .  .  .\11
<              a  b  c  d  e  f  g  h  i  j  k  
<
>genmove b
<= i8
<
>showboard
1e077 info: Winning SC.
<= 
< 
<  7a43bf3007e28242
<  a  b  c  d  e  f  g  h  i  j  k  
< 1\B  .  .  .  W  .  .  .  .  W  B\1
<  2\.  .  .  .  .  .  .  B  W  B  .\2
<   3\.  .  .  .  .  .  .  W  B  .  .\3
<    4\.  .  .  .  .  .  W  .  B  .  .\4
<     5\.  .  .  .  .  .  .  .  B  .  .\5
<      6\.  .  .  .  .  .  .  B  .  B  .\6
<       7\.  W  .  .  .  .  B  W  W  B  .\7
<        8\.  .  .  .  W  .  W  B  B  W  .\8
<         9\.  .  .  .  .  W  .  .  .  W  .\9
<         10\.  .  .  .  .  .  .  .  B  .  .\10
<          11\.  W  .  B  .  .  .  .  .  .  .\11
<              a  b  c  d  e  f  g  h  i  j  k  
<
>play w g10
<= 
<
>showboard
<= 
< 
<  1d0617001a982ee6
<  a  b  c  d  e  f  g  h  i  j  k  
< 1\B  .  .  .  W  .  .  .  .  W  B\1
<  2\.  .  .  .  .  .  .  B  W  B  .\2
<   3\.  .  .  .  .  .  .  W  B  .  .\3
<    4\.  .  .  .  .  .  W  .  B  .  .\4
<     5\.  .  .  .  .  .  .  .  B  .  .\5
<      6\.  .  .  .  .  .  .  B  .  B  .\6
<       7\.  W  .  .  .  .  B  W  W  B  .\7
<        8\.  .  .  .  W  .  W  B  B  W  .\8
<         9\.  .  .  .  .  W  .  .  .  W  .\9
<         10\.  .  .  .  .  .  W  .  B  .  .\10
<          11\.  W  .  B  .  .  .  .  .  .  .\11
<              a  b  c  d  e  f  g  h  i  j  k  
<
>genmove b
<= i9
<
>showboard
1e077 info: Winning SC.
<= 
< 
<  999bdf3e68e5339f
<  a  b  c  d  e  f  g  h  i  j  k  
< 1\B  .  .  .  W  .  .  .  .  W  B\1
<  2\.  .  .  .  .  .  .  B  W  B  .\2
<   3\.  .  .  .  .  .  .  W  B  .  .\3
<    4\.  .  .  .  .  .  W  .  B  .  .\4
<     5\.  .  .  .  .  .  .  .  B  .  .\5
<      6\.  .  .  .  .  .  .  B  .  B  .\6
<       7\.  W  .  .  .  .  B  W  W  B  .\7
<        8\.  .  .  .  W  .  W  B  B  W  .\8
<         9\.  .  .  .  .  W  .  .  B  W  .\9
<         10\.  .  .  .  .  .  W  .  B  .  .\10
<          11\.  W  .  B  .  .  .  .  .  .  .\11
<              a  b  c  d  e  f  g  h  i  j  k  
<
>play w h11
<= 
<
>showboard
<= 
< 
<  24183d1caf5c6980
<  a  b  c  d  e  f  g  h  i  j  k  
< 1\B  .  .  .  W  .  .  .  .  W  B\1
<  2\.  .  .  .  .  .  .  B  W  B  .\2
<   3\.  .  .  .  .  .  .  W  B  .  .\3
<    4\.  .  .  .  .  .  W  .  B  .  .\4
<     5\.  .  .  .  .  .  .  .  B  .  .\5
<      6\.  .  .  .  .  .  .  B  .  B  .\6
<       7\.  W  .  .  .  .  B  W  W  B  .\7
<        8\.  .  .  .  W  .  W  B  B  W  .\8
<         9\.  .  .  .  .  W  .  .  B  W  .\9
<         10\.  .  .  .  .  .  W  .  B  .  .\10
<          11\.  W  .  B  .  .  .  W  .  .  .\11
<              a  b  c  d  e  f  g  h  i  j  k  
<
>genmove b
<= i11
<
>showboard
1e077 info: Winning SC.
<= 
< 
<  5e0149a88059f45c
<  a  b  c  d  e  f  g  h  i  j  k  
< 1\B  .  .  .  W  .  .  .  .  W  B\1
<  2\.  .  .  .  .  .  .  B  W  B  .\2
<   3\.  .  .  .  .  .  .  W  B  .  .\3
<    4\.  .  .  .  .  .  W  .  B  .  .\4
<     5\.  .  .  .  .  .  .  .  B  .  .\5
<      6\.  .  .  .  .  .  .  B  .  B  .\6
<       7\.  W  .  .  .  .  B  W  W  B  .\7
<        8\.  .  .  .  W  .  W  B  B  W  .\8
<         9\.  .  .  .  .  W  .  .  B  W  .\9
<         10\.  .  .  .  .  .  W  .  B  .  .\10
<          11\.  W  .  B  .  .  .  W  B  .  .\11
<              a  b  c  d  e  f  g  h  i  j  k  
<
>play w j5
<= 
<
>showboard
<= 
< 
<  5827d40a3b998beb
<  a  b  c  d  e  f  g  h  i  j  k  
< 1\B  .  .  .  W  .  .  .  .  W  B\1
<  2\.  .  .  .  .  .  .  B  W  B  .\2
<   3\.  .  .  .  .  .  .  W  B  .  .\3
<    4\.  .  .  .  .  .  W  .  B  .  .\4
<     5\.  .  .  .  .  .  .  .  B  W  .\5
<      6\.  .  .  .  .  .  .  B  .  B  .\6
<       7\.  W  .  .  .  .  B  W  W  B  .\7
<        8\.  .  .  .  W  .  W  B  B  W  .\8
<         9\.  .  .  .  .  W  .  .  B  W  .\9
<         10\.  .  .  .  .  .  W  .  B  .  .\10
<          11\.  W  .  B  .  .  .  W  B  .  .\11
<              a  b  c  d  e  f  g  h  i  j  k  
<
>genmove b
<= i6
<
>showboard
1e077 info: Winning SC.
<= 
< 
<  b6549bcf21561724
<  a  b  c  d  e  f  g  h  i  j  k  
< 1\B  .  .  .  W  .  .  .  .  W  B\1
<  2\.  .  .  .  .  .  .  B  W  B  .\2
<   3\.  .  .  .  .  .  .  W  B  .  .\3
<    4\.  .  .  .  .  .  W  .  B  .  .\4
<     5\.  .  .  .  .  .  .  .  B  W  .\5
<      6\.  .  .  .  .  .  .  B  B  B  .\6
<       7\.  W  .  .  .  .  B  W  W  B  .\7
<        8\.  .  .  .  W  .  W  B  B  W  .\8
<         9\.  .  .  .  .  W  .  .  B  W  .\9
<         10\.  .  .  .  .  .  W  .  B  .  .\10
<          11\.  W  .  B  .  .  .  W  B  .  .\11
<              a  b  c  d  e  f  g  h  i  j  k  
<
>play w resign
<= 
<
>showboard
<= 
< 
<  b6549bcf21561724
<  a  b  c  d  e  f  g  h  i  j  k  
< 1\B  .  .  .  W  .  .  .  .  W  B\1
<  2\.  .  .  .  .  .  .  B  W  B  .\2
<   3\.  .  .  .  .  .  .  W  B  .  .\3
<    4\.  .  .  .  .  .  W  .  B  .  .\4
<     5\.  .  .  .  .  .  .  .  B  W  .\5
<      6\.  .  .  .  .  .  .  B  B  B  .\6
<       7\.  W  .  .  .  .  B  W  W  B  .\7
<        8\.  .  .  .  W  .  W  B  B  W  .\8
<         9\.  .  .  .  .  W  .  .  B  W  .\9
<         10\.  .  .  .  .  .  W  .  B  .  .\10
<          11\.  W  .  B  .  .  .  W  B  .  .\11
<              a  b  c  d  e  f  g  h  i  j  k  
<
>final_score
<= B+
<
>quit
<= 
<
