# nice ../build/src/mohex/mohex --config mohex-weak.htp --seed 881902 --logfile-name jobs/11x11-mohex-mohex-cg2010-vs-mohex-mohex-weak-2/mohex-mohex-weak-6.log
>boardsize 11 11
MoHex 2.0.CMake Mar 21 2025
Copyright (C) 2007-2012 by the authors of the Benzene project.
This program comes with ABSOLUTELY NO WARRANTY. This is
free software and you are welcome to redistribute it under
certain conditions. Type `benzene-license' for details.

SgRandom::SetSeed: 881902
SgUctSearch: system memory 33632358400, using 1000000000 (5681818 nodes)
SgRandom::SetSeed: 1
SgRandom::SetSeed: 881902
2fd17 info: Prior Patterns:
2fd17 info: Global:
2fd17 info: Size            = 565 32648 
2fd17 info: TableEntries    = 65932 65910
2fd17 info: MirrorsAdded    = 0 0
2fd17 info: PrunableCount   = 30593 30629
2fd17 info: LargestGamma    = 5820.77
2fd17 info: SmallestGamma   = 6.6e-05
2fd17 info: Local:
2fd17 info: Size            = 550 5318 
2fd17 info: TableEntries    = 11602 11588
2fd17 info: MirrorsAdded    = 0 0
2fd17 info: PrunableCount   = 3659 3667
2fd17 info: LargestGamma    = 11281.8
2fd17 info: SmallestGamma   = 0.026235
2fd17 info: Playout Patterns:
2fd17 info: Global:
2fd17 info: Size            = 565 32648 
2fd17 info: TableEntries    = 70329 70329
2fd17 info: MirrorsAdded    = 4397 4419
2fd17 info: PrunableCount   = 30593 30629
2fd17 info: LargestGamma    = 5820.77
2fd17 info: SmallestGamma   = 6.6e-05
2fd17 info: Local:
2fd17 info: Size            = 550 5318 
2fd17 info: TableEntries    = 11602 11588
2fd17 info: MirrorsAdded    = 0 0
2fd17 info: PrunableCount   = 3659 3667
2fd17 info: LargestGamma    = 11281.8
2fd17 info: SmallestGamma   = 0.026235
<= 
<
>name
param_game allow_swap 1
= 

param_mohex max_memory 1600000
= 

param_mohex num_threads 1
= 

param_mohex max_time 1
= 

param_mohex max_games 1
= 

param_mohex knowledge_threshold 400
= 

param_mohex reuse_subtree 1
= 

param_mohex use_parallel_solver 0
= 

<= MoHex
<
>version
<= 2.0.CMake
<
>play b a4
<= 
<
>genmove w
<= swap-pieces
<
>showboard
2fd17 info: SwapCheck: reading from '/home/linus/MoHex2.0/nfbranchfix/benzene-vanilla-cmake/share/swap-moves.txt'.
2fd17 info: SwapCheck: playing swap.
<= 
< 
<  16fb1f9bcce4491b
<  a  b  c  d  e  f  g  h  i  j  k  
< 1\.  .  .  .  .  .  .  .  .  .  .\1
<  2\.  .  .  .  .  .  .  .  .  .  .\2
<   3\.  .  .  .  .  .  .  .  .  .  .\3
<    4\B  .  .  .  .  .  .  .  .  .  .\4
<     5\.  .  .  .  .  .  .  .  .  .  .\5
<      6\.  .  .  .  .  .  .  .  .  .  .\6
<       7\.  .  .  .  .  .  .  .  .  .  .\7
<        8\.  .  .  .  .  .  .  .  .  .  .\8
<         9\.  .  .  .  .  .  .  .  .  .  .\9
<         10\.  .  .  .  .  .  .  .  .  .  .\10
<          11\.  .  .  .  .  .  .  .  .  .  .\11
<              a  b  c  d  e  f  g  h  i  j  k  
<
>play w g1
<= 
<
>showboard
<= 
< 
<  b6a21371b65a3de8
<  a  b  c  d  e  f  g  h  i  j  k  
< 1\.  .  .  .  .  .  W  .  .  .  .\1
<  2\.  .  .  .  .  .  .  .  .  .  .\2
<   3\.  .  .  .  .  .  .  .  .  .  .\3
<    4\B  .  .  .  .  .  .  .  .  .  .\4
<     5\.  .  .  .  .  .  .  .  .  .  .\5
<      6\.  .  .  .  .  .  .  .  .  .  .\6
<       7\.  .  .  .  .  .  .  .  .  .  .\7
<        8\.  .  .  .  .  .  .  .  .  .  .\8
<         9\.  .  .  .  .  .  .  .  .  .  .\9
<         10\.  .  .  .  .  .  .  .  .  .  .\10
<          11\.  .  .  .  .  .  .  .  .  .  .\11
<              a  b  c  d  e  f  g  h  i  j  k  
<
>genmove b
<= e2
<
>showboard
2fd17 info: Best move cannot be determined, must search state.
2fd17 info: --- MoHexPlayer::Search() ---
2fd17 info: Color: black
2fd17 info: MaxGames: 1
2fd17 info: NumberThreads: 1
2fd17 info: MaxNodes: 9090 (799920 bytes)
2fd17 info: TimeForMove: 1
2fd17 info: PreSearch: max time reached (54/92).
2fd17 info: Time for PreSearch: 0.204105s
2fd17 info: 
  b6a21371b65a3de8
  a  b  c  d  e  f  g  h  i  j  k  
 1\.  .  .  .  .  .  W  .  .  .  .\1
  2\.  .  *  *  *  *  *  *  *  *  *\2
   3\.  *  *  *  *  *  *  *  *  *  *\3
    4\B  *  *  *  *  *  *  *  *  *  *\4
     5\*  *  *  *  *  *  *  *  *  *  *\5
      6\*  *  *  *  *  *  *  *  *  *  *\6
       7\*  *  *  *  *  *  *  *  *  *  *\7
        8\*  *  *  *  *  *  *  *  *  *  *\8
         9\*  *  *  *  *  *  *  *  *  *  .\9
         10\*  *  *  *  *  *  *  *  *  .  .\10
          11\.  .  .  .  .  .  .  .  .  .  .\11
              a  b  c  d  e  f  g  h  i  j  k  
2fd17 info: No subtree to reuse.
2fd17 info: Creating thread 0
2fd17 info: StartSearch()[0]
SgUctSearch: max games reached
2fd17 info: 
Elapsed Time   0.36569s
Count          1
GamesPlayed    1
Nodes          1
Knowledge      0 (0.0%)
Expansions     0.0
Time           0.00
GameLen        119.0 dev=0.0 min=119.0 max=119.0
InTree         0.0 dev=0.0 min=0.0 max=0.0
KnowDepth      -
Aborted        0%
Games/s        360.1
Score          0.00
Sequence      
2fd17 info: 
2fd17 warning: **** MoHexSearch returned empty sequence!
2fd17 warning: **** Returning random move!
<= 
< 
<  d23bf3b744ac54a0
<  a  b  c  d  e  f  g  h  i  j  k  
< 1\.  .  .  .  .  .  W  .  .  .  .\1
<  2\.  .  .  .  B  .  .  .  .  .  .\2
<   3\.  .  .  .  .  .  .  .  .  .  .\3
<    4\B  .  .  .  .  .  .  .  .  .  .\4
<     5\.  .  .  .  .  .  .  .  .  .  .\5
<      6\.  .  .  .  .  .  .  .  .  .  .\6
<       7\.  .  .  .  .  .  .  .  .  .  .\7
<        8\.  .  .  .  .  .  .  .  .  .  .\8
<         9\.  .  .  .  .  .  .  .  .  .  .\9
<         10\.  .  .  .  .  .  .  .  .  .  .\10
<          11\.  .  .  .  .  .  .  .  .  .  .\11
<              a  b  c  d  e  f  g  h  i  j  k  
<
>play w k5
<= 
<
>showboard
<= 
< 
<  7274c9cefc701627
<  a  b  c  d  e  f  g  h  i  j  k  
< 1\.  .  .  .  .  .  W  .  .  .  .\1
<  2\.  .  .  .  B  .  .  .  .  .  .\2
<   3\.  .  .  .  .  .  .  .  .  .  .\3
<    4\B  .  .  .  .  .  .  .  .  .  .\4
<     5\.  .  .  .  .  .  .  .  .  .  W\5
<      6\.  .  .  .  .  .  .  .  .  .  .\6
<       7\.  .  .  .  .  .  .  .  .  .  .\7
<        8\.  .  .  .  .  .  .  .  .  .  .\8
<         9\.  .  .  .  .  .  .  .  .  .  .\9
<         10\.  .  .  .  .  .  .  .  .  .  .\10
<          11\.  .  .  .  .  .  .  .  .  .  .\11
<              a  b  c  d  e  f  g  h  i  j  k  
<
>genmove b
<= a9
<
>showboard
2fd17 info: Best move cannot be determined, must search state.
2fd17 info: --- MoHexPlayer::Search() ---
2fd17 info: Color: black
2fd17 info: MaxGames: 1
2fd17 info: NumberThreads: 1
2fd17 info: MaxNodes: 9090 (799920 bytes)
2fd17 info: TimeForMove: 1
2fd17 info: PreSearch: max time reached (54/89).
2fd17 info: Time for PreSearch: 0.202026s
2fd17 info: 
  7274c9cefc701627
  a  b  c  d  e  f  g  h  i  j  k  
 1\.  .  .  b  b  b  W  .  .  .  .\1
  2\.  *  *  .  B  .  .  *  *  *  *\2
   3\*  *  *  *  *  *  *  *  *  *  *\3
    4\B  *  *  *  *  *  *  *  *  *  .\4
     5\*  *  *  *  *  *  *  *  *  *  W\5
      6\*  *  *  *  *  *  *  *  *  *  .\6
       7\*  *  *  *  *  *  *  *  *  *  *\7
        8\*  *  *  *  *  *  *  *  *  *  *\8
         9\*  *  *  *  *  *  *  *  *  *  .\9
         10\*  *  *  *  *  *  *  *  *  .  .\10
          11\.  .  .  .  .  .  .  .  .  .  .\11
              a  b  c  d  e  f  g  h  i  j  k  
2fd17 info: Old: [black, a4] [white, swap-pieces] [white, g1] 
2fd17 info: New: [black, a4] [white, swap-pieces] [white, g1] [black, e2] [white, k5] 
2fd17 info: MovesPlayed: [black, e2] [white, k5] 
2fd17 info: No subtree to reuse.
2fd17 info: StartSearch()[0]
SgUctSearch: max games reached
2fd17 info: 
Elapsed Time   0.575042s
Count          1
GamesPlayed    1
Nodes          1
Knowledge      0 (0.0%)
Expansions     0.0
Time           0.00
GameLen        114.0 dev=0.0 min=114.0 max=114.0
InTree         0.0 dev=0.0 min=0.0 max=0.0
KnowDepth      -
Aborted        0%
Games/s        2463.1
Score          0.00
Sequence      
2fd17 info: 
2fd17 warning: **** MoHexSearch returned empty sequence!
2fd17 warning: **** Returning random move!
<= 
< 
<  b99f8aa72afb9047
<  a  b  c  d  e  f  g  h  i  j  k  
< 1\.  .  .  .  .  .  W  .  .  .  .\1
<  2\.  .  .  .  B  .  .  .  .  .  .\2
<   3\.  .  .  .  .  .  .  .  .  .  .\3
<    4\B  .  .  .  .  .  .  .  .  .  .\4
<     5\.  .  .  .  .  .  .  .  .  .  W\5
<      6\.  .  .  .  .  .  .  .  .  .  .\6
<       7\.  .  .  .  .  .  .  .  .  .  .\7
<        8\.  .  .  .  .  .  .  .  .  .  .\8
<         9\B  .  .  .  .  .  .  .  .  .  .\9
<         10\.  .  .  .  .  .  .  .  .  .  .\10
<          11\.  .  .  .  .  .  .  .  .  .  .\11
<              a  b  c  d  e  f  g  h  i  j  k  
<
>play w b10
<= 
<
>showboard
<= 
< 
<  620b48ba2445e098
<  a  b  c  d  e  f  g  h  i  j  k  
< 1\.  .  .  .  .  .  W  .  .  .  .\1
<  2\.  .  .  .  B  .  .  .  .  .  .\2
<   3\.  .  .  .  .  .  .  .  .  .  .\3
<    4\B  .  .  .  .  .  .  .  .  .  .\4
<     5\.  .  .  .  .  .  .  .  .  .  W\5
<      6\.  .  .  .  .  .  .  .  .  .  .\6
<       7\.  .  .  .  .  .  .  .  .  .  .\7
<        8\.  .  .  .  .  .  .  .  .  .  .\8
<         9\B  .  .  .  .  .  .  .  .  .  .\9
<         10\.  W  .  .  .  .  .  .  .  .  .\10
<          11\.  .  .  .  .  .  .  .  .  .  .\11
<              a  b  c  d  e  f  g  h  i  j  k  
<
>genmove b
<= f4
<
>showboard
2fd17 info: Best move cannot be determined, must search state.
2fd17 info: --- MoHexPlayer::Search() ---
2fd17 info: Color: black
2fd17 info: MaxGames: 1
2fd17 info: NumberThreads: 1
2fd17 info: MaxNodes: 9090 (799920 bytes)
2fd17 info: TimeForMove: 1
2fd17 info: PreSearch: max time reached (62/86).
2fd17 info: Time for PreSearch: 0.202921s
2fd17 info: 
  620b48ba2445e098
  a  b  c  d  e  f  g  h  i  j  k  
 1\.  .  .  b  b  b  W  .  .  .  .\1
  2\.  *  *  .  B  .  .  *  *  *  *\2
   3\*  *  *  *  *  *  *  *  *  *  *\3
    4\B  *  *  *  *  *  *  *  *  *  .\4
     5\*  *  *  *  *  *  *  *  *  *  W\5
      6\*  *  *  *  *  *  *  *  *  *  .\6
       7\*  *  *  *  *  *  *  *  *  *  *\7
        8\*  *  *  *  *  *  *  *  *  *  *\8
         9\B  *  *  *  *  *  *  *  *  *  .\9
         10\w  W  *  *  *  *  *  *  *  .  .\10
          11\w  .  .  .  .  .  .  .  .  .  .\11
              a  b  c  d  e  f  g  h  i  j  k  
2fd17 info: Old: [black, a4] [white, swap-pieces] [white, g1] [black, e2] [white, k5] 
2fd17 info: New: [black, a4] [white, swap-pieces] [white, g1] [black, e2] [white, k5] [black, a9] [white, b10] 
2fd17 info: MovesPlayed: [black, a9] [white, b10] 
2fd17 info: No subtree to reuse.
2fd17 info: StartSearch()[0]
SgUctSearch: max games reached
2fd17 info: 
Elapsed Time   0.364708s
Count          1
GamesPlayed    1
Nodes          1
Knowledge      0 (0.0%)
Expansions     0.0
Time           0.00
GameLen        110.0 dev=0.0 min=110.0 max=110.0
InTree         0.0 dev=0.0 min=0.0 max=0.0
KnowDepth      -
Aborted        0%
Games/s        3300.3
Score          1.00
Sequence      
2fd17 info: 
2fd17 warning: **** MoHexSearch returned empty sequence!
2fd17 warning: **** Returning random move!
<= 
< 
<  78d576fcccd1e3f8
<  a  b  c  d  e  f  g  h  i  j  k  
< 1\.  .  .  .  .  .  W  .  .  .  .\1
<  2\.  .  .  .  B  .  .  .  .  .  .\2
<   3\.  .  .  .  .  .  .  .  .  .  .\3
<    4\B  .  .  .  .  B  .  .  .  .  .\4
<     5\.  .  .  .  .  .  .  .  .  .  W\5
<      6\.  .  .  .  .  .  .  .  .  .  .\6
<       7\.  .  .  .  .  .  .  .  .  .  .\7
<        8\.  .  .  .  .  .  .  .  .  .  .\8
<         9\B  .  .  .  .  .  .  .  .  .  .\9
<         10\.  W  .  .  .  .  .  .  .  .  .\10
<          11\.  .  .  .  .  .  .  .  .  .  .\11
<              a  b  c  d  e  f  g  h  i  j  k  
<
>play w c8
<= 
<
>showboard
<= 
< 
<  2970b11678fd85ae
<  a  b  c  d  e  f  g  h  i  j  k  
< 1\.  .  .  .  .  .  W  .  .  .  .\1
<  2\.  .  .  .  B  .  .  .  .  .  .\2
<   3\.  .  .  .  .  .  .  .  .  .  .\3
<    4\B  .  .  .  .  B  .  .  .  .  .\4
<     5\.  .  .  .  .  .  .  .  .  .  W\5
<      6\.  .  .  .  .  .  .  .  .  .  .\6
<       7\.  .  .  .  .  .  .  .  .  .  .\7
<        8\.  .  W  .  .  .  .  .  .  .  .\8
<         9\B  .  .  .  .  .  .  .  .  .  .\9
<         10\.  W  .  .  .  .  .  .  .  .  .\10
<          11\.  .  .  .  .  .  .  .  .  .  .\11
<              a  b  c  d  e  f  g  h  i  j  k  
<
>genmove b
<= d3
<
>showboard
2fd17 info: Best move cannot be determined, must search state.
2fd17 info: --- MoHexPlayer::Search() ---
2fd17 info: Color: black
2fd17 info: MaxGames: 1
2fd17 info: NumberThreads: 1
2fd17 info: MaxNodes: 9090 (799920 bytes)
2fd17 info: TimeForMove: 1
2fd17 info: PreSearch: max time reached (56/81).
2fd17 info: Time for PreSearch: 0.202049s
2fd17 info: 
  2970b11678fd85ae
  a  b  c  d  e  f  g  h  i  j  k  
 1\.  .  .  b  b  b  W  .  .  .  .\1
  2\.  *  *  .  B  .  .  *  *  *  *\2
   3\*  *  *  *  *  .  .  *  *  *  *\3
    4\B  *  *  *  *  B  *  *  *  *  .\4
     5\*  *  *  *  *  *  *  *  *  *  W\5
      6\*  *  *  *  *  *  *  *  *  *  .\6
       7\*  *  *  *  *  *  *  *  *  *  *\7
        8\.  .  W  *  *  *  *  *  *  *  *\8
         9\B  .  *  *  *  *  *  *  *  *  .\9
         10\w  W  *  *  *  *  *  *  *  .  .\10
          11\w  .  .  .  .  .  .  .  .  .  .\11
              a  b  c  d  e  f  g  h  i  j  k  
2fd17 info: Old: [black, a4] [white, swap-pieces] [white, g1] [black, e2] [white, k5] [black, a9] [white, b10] 
2fd17 info: New: [black, a4] [white, swap-pieces] [white, g1] [black, e2] [white, k5] [black, a9] [white, b10] [black, f4] [white, c8] 
2fd17 info: MovesPlayed: [black, f4] [white, c8] 
2fd17 info: No subtree to reuse.
2fd17 info: StartSearch()[0]
SgUctSearch: max games reached
2fd17 info: 
Elapsed Time   0.3651s
Count          1
GamesPlayed    1
Nodes          1
Knowledge      0 (0.0%)
Expansions     0.0
Time           0.00
GameLen        108.0 dev=0.0 min=108.0 max=108.0
InTree         0.0 dev=0.0 min=0.0 max=0.0
KnowDepth      -
Aborted        0%
Games/s        2012.1
Score          1.00
Sequence      
2fd17 info: 
2fd17 warning: **** MoHexSearch returned empty sequence!
2fd17 warning: **** Returning random move!
<= 
< 
<  b03ce26813e08a79
<  a  b  c  d  e  f  g  h  i  j  k  
< 1\.  .  .  .  .  .  W  .  .  .  .\1
<  2\.  .  .  .  B  .  .  .  .  .  .\2
<   3\.  .  .  B  .  .  .  .  .  .  .\3
<    4\B  .  .  .  .  B  .  .  .  .  .\4
<     5\.  .  .  .  .  .  .  .  .  .  W\5
<      6\.  .  .  .  .  .  .  .  .  .  .\6
<       7\.  .  .  .  .  .  .  .  .  .  .\7
<        8\.  .  W  .  .  .  .  .  .  .  .\8
<         9\B  .  .  .  .  .  .  .  .  .  .\9
<         10\.  W  .  .  .  .  .  .  .  .  .\10
<          11\.  .  .  .  .  .  .  .  .  .  .\11
<              a  b  c  d  e  f  g  h  i  j  k  
<
>play w i6
<= 
<
>showboard
<= 
< 
<  d3f09a95043ff5b5
<  a  b  c  d  e  f  g  h  i  j  k  
< 1\.  .  .  .  .  .  W  .  .  .  .\1
<  2\.  .  .  .  B  .  .  .  .  .  .\2
<   3\.  .  .  B  .  .  .  .  .  .  .\3
<    4\B  .  .  .  .  B  .  .  .  .  .\4
<     5\.  .  .  .  .  .  .  .  .  .  W\5
<      6\.  .  .  .  .  .  .  .  W  .  .\6
<       7\.  .  .  .  .  .  .  .  .  .  .\7
<        8\.  .  W  .  .  .  .  .  .  .  .\8
<         9\B  .  .  .  .  .  .  .  .  .  .\9
<         10\.  W  .  .  .  .  .  .  .  .  .\10
<          11\.  .  .  .  .  .  .  .  .  .  .\11
<              a  b  c  d  e  f  g  h  i  j  k  
<
>genmove b
<= b7
<
>showboard
2fd17 info: Best move cannot be determined, must search state.
2fd17 info: --- MoHexPlayer::Search() ---
2fd17 info: Color: black
2fd17 info: MaxGames: 1
2fd17 info: NumberThreads: 1
2fd17 info: MaxNodes: 9090 (799920 bytes)
2fd17 info: TimeForMove: 1
2fd17 info: Time for PreSearch: 0.16202s
2fd17 info: 
  d3f09a95043ff5b5
  a  b  c  d  e  f  g  h  i  j  k  
 1\b  b  b  b  b  b  W  .  .  .  .\1
  2\b  b  b  b  B  .  .  .  .  .  *\2
   3\b  b  b  B  .  .  .  .  .  *  *\3
    4\B  b  .  .  .  B  .  .  *  *  .\4
     5\.  *  *  .  .  .  .  *  *  *  W\5
      6\*  *  *  *  *  *  *  *  W  *  .\6
       7\*  *  *  *  *  *  *  *  *  *  *\7
        8\.  .  W  *  *  *  *  *  *  .  .\8
         9\B  .  *  *  .  .  .  .  .  .  .\9
         10\w  W  *  .  .  .  .  .  .  .  .\10
          11\w  .  .  .  .  .  .  .  .  .  .\11
              a  b  c  d  e  f  g  h  i  j  k  
2fd17 info: Old: [black, a4] [white, swap-pieces] [white, g1] [black, e2] [white, k5] [black, a9] [white, b10] [black, f4] [white, c8] 
2fd17 info: New: [black, a4] [white, swap-pieces] [white, g1] [black, e2] [white, k5] [black, a9] [white, b10] [black, f4] [white, c8] [black, d3] [white, i6] 
2fd17 info: MovesPlayed: [black, d3] [white, i6] 
2fd17 info: No subtree to reuse.
2fd17 info: StartSearch()[0]
SgUctSearch: max games reached
2fd17 info: 
Elapsed Time   0.528698s
Count          1
GamesPlayed    1
Nodes          1
Knowledge      0 (0.0%)
Expansions     0.0
Time           0.00
GameLen        95.0 dev=0.0 min=95.0 max=95.0
InTree         0.0 dev=0.0 min=0.0 max=0.0
KnowDepth      -
Aborted        0%
Games/s        3257.3
Score          1.00
Sequence      
2fd17 info: 
2fd17 warning: **** MoHexSearch returned empty sequence!
2fd17 warning: **** Returning random move!
<= 
< 
<  06cdfcf5c7213b94
<  a  b  c  d  e  f  g  h  i  j  k  
< 1\.  .  .  .  .  .  W  .  .  .  .\1
<  2\.  .  .  .  B  .  .  .  .  .  .\2
<   3\.  .  .  B  .  .  .  .  .  .  .\3
<    4\B  .  .  .  .  B  .  .  .  .  .\4
<     5\.  .  .  .  .  .  .  .  .  .  W\5
<      6\.  .  .  .  .  .  .  .  W  .  .\6
<       7\.  B  .  .  .  .  .  .  .  .  .\7
<        8\.  .  W  .  .  .  .  .  .  .  .\8
<         9\B  .  .  .  .  .  .  .  .  .  .\9
<         10\.  W  .  .  .  .  .  .  .  .  .\10
<          11\.  .  .  .  .  .  .  .  .  .  .\11
<              a  b  c  d  e  f  g  h  i  j  k  
<
>play w h3
<= 
<
>showboard
<= 
< 
<  ab5b2b21176f71a0
<  a  b  c  d  e  f  g  h  i  j  k  
< 1\.  .  .  .  .  .  W  .  .  .  .\1
<  2\.  .  .  .  B  .  .  .  .  .  .\2
<   3\.  .  .  B  .  .  .  W  .  .  .\3
<    4\B  .  .  .  .  B  .  .  .  .  .\4
<     5\.  .  .  .  .  .  .  .  .  .  W\5
<      6\.  .  .  .  .  .  .  .  W  .  .\6
<       7\.  B  .  .  .  .  .  .  .  .  .\7
<        8\.  .  W  .  .  .  .  .  .  .  .\8
<         9\B  .  .  .  .  .  .  .  .  .  .\9
<         10\.  W  .  .  .  .  .  .  .  .  .\10
<          11\.  .  .  .  .  .  .  .  .  .  .\11
<              a  b  c  d  e  f  g  h  i  j  k  
<
>genmove b
<= k10
<
>showboard
2fd17 info: Best move cannot be determined, must search state.
2fd17 info: --- MoHexPlayer::Search() ---
2fd17 info: Color: black
2fd17 info: MaxGames: 1
2fd17 info: NumberThreads: 1
2fd17 info: MaxNodes: 9090 (799920 bytes)
2fd17 info: TimeForMove: 1
2fd17 info: Time for PreSearch: 0.197166s
2fd17 info: 
  ab5b2b21176f71a0
  a  b  c  d  e  f  g  h  i  j  k  
 1\b  b  b  b  b  b  W  .  .  .  .\1
  2\b  b  b  b  B  .  *  .  .  *  *\2
   3\b  b  b  B  .  .  .  W  *  *  *\3
    4\B  b  .  *  *  B  *  *  *  *  .\4
     5\.  *  *  *  *  *  *  *  *  *  W\5
      6\*  *  *  *  *  *  *  *  W  *  .\6
       7\.  B  *  *  *  *  *  *  *  *  *\7
        8\b  b  W  *  *  *  *  *  *  *  *\8
         9\B  .  *  *  *  *  *  *  *  *  .\9
         10\w  W  *  *  *  *  *  *  *  .  .\10
          11\w  .  .  .  .  .  .  .  .  .  .\11
              a  b  c  d  e  f  g  h  i  j  k  
2fd17 info: Old: [black, a4] [white, swap-pieces] [white, g1] [black, e2] [white, k5] [black, a9] [white, b10] [black, f4] [white, c8] [black, d3] [white, i6] 
2fd17 info: New: [black, a4] [white, swap-pieces] [white, g1] [black, e2] [white, k5] [black, a9] [white, b10] [black, f4] [white, c8] [black, d3] [white, i6] [black, b7] [white, h3] 
2fd17 info: MovesPlayed: [black, b7] [white, h3] 
2fd17 info: No subtree to reuse.
2fd17 info: StartSearch()[0]
SgUctSearch: max games reached
2fd17 info: 
Elapsed Time   0.357329s
Count          1
GamesPlayed    1
Nodes          1
Knowledge      0 (0.0%)
Expansions     0.0
Time           0.00
GameLen        91.0 dev=0.0 min=91.0 max=91.0
InTree         0.0 dev=0.0 min=0.0 max=0.0
KnowDepth      -
Aborted        0%
Games/s        3300.3
Score          1.00
Sequence      
2fd17 info: 
2fd17 warning: **** MoHexSearch returned empty sequence!
2fd17 warning: **** Returning random move!
<= 
< 
<  77767ecafd3e311d
<  a  b  c  d  e  f  g  h  i  j  k  
< 1\.  .  .  .  .  .  W  .  .  .  .\1
<  2\.  .  .  .  B  .  .  .  .  .  .\2
<   3\.  .  .  B  .  .  .  W  .  .  .\3
<    4\B  .  .  .  .  B  .  .  .  .  .\4
<     5\.  .  .  .  .  .  .  .  .  .  W\5
<      6\.  .  .  .  .  .  .  .  W  .  .\6
<       7\.  B  .  .  .  .  .  .  .  .  .\7
<        8\.  .  W  .  .  .  .  .  .  .  .\8
<         9\B  .  .  .  .  .  .  .  .  .  .\9
<         10\.  W  .  .  .  .  .  .  .  .  B\10
<          11\.  .  .  .  .  .  .  .  .  .  .\11
<              a  b  c  d  e  f  g  h  i  j  k  
<
>play w h1
<= 
<
>showboard
<= 
< 
<  e8d76981fbec2007
<  a  b  c  d  e  f  g  h  i  j  k  
< 1\.  .  .  .  .  .  W  W  .  .  .\1
<  2\.  .  .  .  B  .  .  .  .  .  .\2
<   3\.  .  .  B  .  .  .  W  .  .  .\3
<    4\B  .  .  .  .  B  .  .  .  .  .\4
<     5\.  .  .  .  .  .  .  .  .  .  W\5
<      6\.  .  .  .  .  .  .  .  W  .  .\6
<       7\.  B  .  .  .  .  .  .  .  .  .\7
<        8\.  .  W  .  .  .  .  .  .  .  .\8
<         9\B  .  .  .  .  .  .  .  .  .  .\9
<         10\.  W  .  .  .  .  .  .  .  .  B\10
<          11\.  .  .  .  .  .  .  .  .  .  .\11
<              a  b  c  d  e  f  g  h  i  j  k  
<
>genmove b
<= k9
<
>showboard
2fd17 info: Best move cannot be determined, must search state.
2fd17 info: --- MoHexPlayer::Search() ---
2fd17 info: Color: black
2fd17 info: MaxGames: 1
2fd17 info: NumberThreads: 1
2fd17 info: MaxNodes: 9090 (799920 bytes)
2fd17 info: TimeForMove: 1
2fd17 info: Time for PreSearch: 0.184216s
2fd17 info: 
  e8d76981fbec2007
  a  b  c  d  e  f  g  h  i  j  k  
 1\b  b  b  b  b  b  W  W  .  .  .\1
  2\b  b  b  b  B  .  .  .  .  *  *\2
   3\b  b  b  B  .  *  .  W  *  *  *\3
    4\B  b  .  *  *  B  *  *  *  *  .\4
     5\.  *  *  *  *  *  *  *  *  *  W\5
      6\*  *  *  *  *  *  *  *  W  *  .\6
       7\.  B  *  *  *  *  *  *  *  *  *\7
        8\b  b  W  *  *  *  *  *  *  *  *\8
         9\B  .  *  *  *  *  *  *  *  *  .\9
         10\w  W  *  *  *  *  *  .  .  .  B\10
          11\w  .  .  .  .  .  .  .  b  b  b\11
              a  b  c  d  e  f  g  h  i  j  k  
2fd17 info: Old: [black, a4] [white, swap-pieces] [white, g1] [black, e2] [white, k5] [black, a9] [white, b10] [black, f4] [white, c8] [black, d3] [white, i6] [black, b7] [white, h3] 
2fd17 info: New: [black, a4] [white, swap-pieces] [white, g1] [black, e2] [white, k5] [black, a9] [white, b10] [black, f4] [white, c8] [black, d3] [white, i6] [black, b7] [white, h3] [black, k10] [white, h1] 
2fd17 info: MovesPlayed: [black, k10] [white, h1] 
2fd17 info: No subtree to reuse.
2fd17 info: StartSearch()[0]
SgUctSearch: max games reached
2fd17 info: 
Elapsed Time   0.345847s
Count          1
GamesPlayed    1
Nodes          1
Knowledge      0 (0.0%)
Expansions     0.0
Time           0.00
GameLen        86.0 dev=0.0 min=86.0 max=86.0
InTree         0.0 dev=0.0 min=0.0 max=0.0
KnowDepth      -
Aborted        0%
Games/s        2427.2
Score          1.00
Sequence      
2fd17 info: 
2fd17 warning: **** MoHexSearch returned empty sequence!
2fd17 warning: **** Returning random move!
<= 
< 
<  5d0ea5a3687ebf40
<  a  b  c  d  e  f  g  h  i  j  k  
< 1\.  .  .  .  .  .  W  W  .  .  .\1
<  2\.  .  .  .  B  .  .  .  .  .  .\2
<   3\.  .  .  B  .  .  .  W  .  .  .\3
<    4\B  .  .  .  .  B  .  .  .  .  .\4
<     5\.  .  .  .  .  .  .  .  .  .  W\5
<      6\.  .  .  .  .  .  .  .  W  .  .\6
<       7\.  B  .  .  .  .  .  .  .  .  .\7
<        8\.  .  W  .  .  .  .  .  .  .  .\8
<         9\B  .  .  .  .  .  .  .  .  .  B\9
<         10\.  W  .  .  .  .  .  .  .  .  B\10
<          11\.  .  .  .  .  .  .  .  .  .  .\11
<              a  b  c  d  e  f  g  h  i  j  k  
<
>play w f10
<= 
<
>showboard
<= 
< 
<  e3d65f3846371bc5
<  a  b  c  d  e  f  g  h  i  j  k  
< 1\.  .  .  .  .  .  W  W  .  .  .\1
<  2\.  .  .  .  B  .  .  .  .  .  .\2
<   3\.  .  .  B  .  .  .  W  .  .  .\3
<    4\B  .  .  .  .  B  .  .  .  .  .\4
<     5\.  .  .  .  .  .  .  .  .  .  W\5
<      6\.  .  .  .  .  .  .  .  W  .  .\6
<       7\.  B  .  .  .  .  .  .  .  .  .\7
<        8\.  .  W  .  .  .  .  .  .  .  .\8
<         9\B  .  .  .  .  .  .  .  .  .  B\9
<         10\.  W  .  .  .  W  .  .  .  .  B\10
<          11\.  .  .  .  .  .  .  .  .  .  .\11
<              a  b  c  d  e  f  g  h  i  j  k  
<
>genmove b
<= k2
<
>showboard
2fd17 info: Best move cannot be determined, must search state.
2fd17 info: --- MoHexPlayer::Search() ---
2fd17 info: Color: black
2fd17 info: MaxGames: 1
2fd17 info: NumberThreads: 1
2fd17 info: MaxNodes: 9090 (799920 bytes)
2fd17 info: TimeForMove: 1
2fd17 info: Time for PreSearch: 0.145975s
2fd17 info: 
  e3d65f3846371bc5
  a  b  c  d  e  f  g  h  i  j  k  
 1\b  b  b  b  b  b  W  W  .  .  .\1
  2\b  b  b  b  B  .  .  .  .  *  *\2
   3\b  b  b  B  .  *  .  W  *  *  *\3
    4\B  b  .  *  *  B  *  *  *  *  .\4
     5\.  *  *  *  *  *  *  *  *  *  W\5
      6\*  *  *  *  *  *  *  *  W  *  .\6
       7\.  B  *  *  *  *  *  *  *  *  *\7
        8\b  b  W  *  *  *  *  *  *  *  .\8
         9\B  .  *  *  *  *  *  *  .  .  B\9
         10\w  W  *  *  *  W  .  .  b  b  B\10
          11\w  .  .  .  .  b  b  b  b  b  b\11
              a  b  c  d  e  f  g  h  i  j  k  
2fd17 info: Old: [black, a4] [white, swap-pieces] [white, g1] [black, e2] [white, k5] [black, a9] [white, b10] [black, f4] [white, c8] [black, d3] [white, i6] [black, b7] [white, h3] [black, k10] [white, h1] 
2fd17 info: New: [black, a4] [white, swap-pieces] [white, g1] [black, e2] [white, k5] [black, a9] [white, b10] [black, f4] [white, c8] [black, d3] [white, i6] [black, b7] [white, h3] [black, k10] [white, h1] [black, k9] [white, f10] 
2fd17 info: MovesPlayed: [black, k9] [white, f10] 
2fd17 info: No subtree to reuse.
2fd17 info: StartSearch()[0]
SgUctSearch: max games reached
2fd17 info: 
Elapsed Time   0.37818s
Count          1
GamesPlayed    1
Nodes          1
Knowledge      0 (0.0%)
Expansions     0.0
Time           0.00
GameLen        79.0 dev=0.0 min=79.0 max=79.0
InTree         0.0 dev=0.0 min=0.0 max=0.0
KnowDepth      -
Aborted        0%
Games/s        2666.7
Score          1.00
Sequence      
2fd17 info: 
2fd17 warning: **** MoHexSearch returned empty sequence!
2fd17 warning: **** Returning random move!
<= 
< 
<  c10e10ee165fbb11
<  a  b  c  d  e  f  g  h  i  j  k  
< 1\.  .  .  .  .  .  W  W  .  .  .\1
<  2\.  .  .  .  B  .  .  .  .  .  B\2
<   3\.  .  .  B  .  .  .  W  .  .  .\3
<    4\B  .  .  .  .  B  .  .  .  .  .\4
<     5\.  .  .  .  .  .  .  .  .  .  W\5
<      6\.  .  .  .  .  .  .  .  W  .  .\6
<       7\.  B  .  .  .  .  .  .  .  .  .\7
<        8\.  .  W  .  .  .  .  .  .  .  .\8
<         9\B  .  .  .  .  .  .  .  .  .  B\9
<         10\.  W  .  .  .  W  .  .  .  .  B\10
<          11\.  .  .  .  .  .  .  .  .  .  .\11
<              a  b  c  d  e  f  g  h  i  j  k  
<
>play w i8
<= 
<
>showboard
<= 
< 
<  16a15514fa31382b
<  a  b  c  d  e  f  g  h  i  j  k  
< 1\.  .  .  .  .  .  W  W  .  .  .\1
<  2\.  .  .  .  B  .  .  .  .  .  B\2
<   3\.  .  .  B  .  .  .  W  .  .  .\3
<    4\B  .  .  .  .  B  .  .  .  .  .\4
<     5\.  .  .  .  .  .  .  .  .  .  W\5
<      6\.  .  .  .  .  .  .  .  W  .  .\6
<       7\.  B  .  .  .  .  .  .  .  .  .\7
<        8\.  .  W  .  .  .  .  .  W  .  .\8
<         9\B  .  .  .  .  .  .  .  .  .  B\9
<         10\.  W  .  .  .  W  .  .  .  .  B\10
<          11\.  .  .  .  .  .  .  .  .  .  .\11
<              a  b  c  d  e  f  g  h  i  j  k  
<
>genmove b
<= k1
<
>showboard
2fd17 info: Best move cannot be determined, must search state.
2fd17 info: --- MoHexPlayer::Search() ---
2fd17 info: Color: black
2fd17 info: MaxGames: 1
2fd17 info: NumberThreads: 1
2fd17 info: MaxNodes: 9090 (799920 bytes)
2fd17 info: TimeForMove: 1
2fd17 info: Time for PreSearch: 0.145893s
2fd17 info: 
  16a15514fa31382b
  a  b  c  d  e  f  g  h  i  j  k  
 1\b  b  b  b  b  b  W  W  .  .  .\1
  2\b  b  b  b  B  .  .  .  *  .  B\2
   3\b  b  b  B  .  *  .  W  *  *  *\3
    4\B  b  .  *  *  B  *  *  *  *  .\4
     5\.  *  *  *  *  *  *  *  *  *  W\5
      6\*  *  *  *  *  *  *  *  W  *  .\6
       7\.  B  *  *  *  *  *  *  *  *  *\7
        8\b  b  W  *  *  *  *  *  W  .  .\8
         9\B  .  *  *  *  *  *  *  .  .  B\9
         10\w  W  *  *  *  W  .  .  b  b  B\10
          11\w  .  .  .  .  b  b  b  b  b  b\11
              a  b  c  d  e  f  g  h  i  j  k  
2fd17 info: Old: [black, a4] [white, swap-pieces] [white, g1] [black, e2] [white, k5] [black, a9] [white, b10] [black, f4] [white, c8] [black, d3] [white, i6] [black, b7] [white, h3] [black, k10] [white, h1] [black, k9] [white, f10] 
2fd17 info: New: [black, a4] [white, swap-pieces] [white, g1] [black, e2] [white, k5] [black, a9] [white, b10] [black, f4] [white, c8] [black, d3] [white, i6] [black, b7] [white, h3] [black, k10] [white, h1] [black, k9] [white, f10] [black, k2] [white, i8] 
2fd17 info: MovesPlayed: [black, k2] [white, i8] 
2fd17 info: No subtree to reuse.
2fd17 info: StartSearch()[0]
SgUctSearch: max games reached
2fd17 info: 
Elapsed Time   0.322345s
Count          1
GamesPlayed    1
Nodes          1
Knowledge      0 (0.0%)
Expansions     0.0
Time           0.00
GameLen        77.0 dev=0.0 min=77.0 max=77.0
InTree         0.0 dev=0.0 min=0.0 max=0.0
KnowDepth      -
Aborted        0%
Games/s        3236.2
Score          0.00
Sequence      
2fd17 info: 
2fd17 warning: **** MoHexSearch returned empty sequence!
2fd17 warning: **** Returning random move!
<= 
< 
<  df2b4df1b9aeaa20
<  a  b  c  d  e  f  g  h  i  j  k  
< 1\.  .  .  .  .  .  W  W  .  .  B\1
<  2\.  .  .  .  B  .  .  .  .  .  B\2
<   3\.  .  .  B  .  .  .  W  .  .  .\3
<    4\B  .  .  .  .  B  .  .  .  .  .\4
<     5\.  .  .  .  .  .  .  .  .  .  W\5
<      6\.  .  .  .  .  .  .  .  W  .  .\6
<       7\.  B  .  .  .  .  .  .  .  .  .\7
<        8\.  .  W  .  .  .  .  .  W  .  .\8
<         9\B  .  .  .  .  .  .  .  .  .  B\9
<         10\.  W  .  .  .  W  .  .  .  .  B\10
<          11\.  .  .  .  .  .  .  .  .  .  .\11
<              a  b  c  d  e  f  g  h  i  j  k  
<
>play w k4
<= 
<
>showboard
<= 
< 
<  87db536505c397ec
<  a  b  c  d  e  f  g  h  i  j  k  
< 1\.  .  .  .  .  .  W  W  .  .  B\1
<  2\.  .  .  .  B  .  .  .  .  .  B\2
<   3\.  .  .  B  .  .  .  W  .  .  .\3
<    4\B  .  .  .  .  B  .  .  .  .  W\4
<     5\.  .  .  .  .  .  .  .  .  .  W\5
<      6\.  .  .  .  .  .  .  .  W  .  .\6
<       7\.  B  .  .  .  .  .  .  .  .  .\7
<        8\.  .  W  .  .  .  .  .  W  .  .\8
<         9\B  .  .  .  .  .  .  .  .  .  B\9
<         10\.  W  .  .  .  W  .  .  .  .  B\10
<          11\.  .  .  .  .  .  .  .  .  .  .\11
<              a  b  c  d  e  f  g  h  i  j  k  
<
>genmove b
<= d5
<
>showboard
2fd17 info: Best move cannot be determined, must search state.
2fd17 info: --- MoHexPlayer::Search() ---
2fd17 info: Color: black
2fd17 info: MaxGames: 1
2fd17 info: NumberThreads: 1
2fd17 info: MaxNodes: 9090 (799920 bytes)
2fd17 info: TimeForMove: 1
2fd17 info: Time for PreSearch: 0.129138s
2fd17 info: 
  87db536505c397ec
  a  b  c  d  e  f  g  h  i  j  k  
 1\b  b  b  b  b  b  W  W  .  b  B\1
  2\b  b  b  b  B  .  .  .  .  .  B\2
   3\b  b  b  B  .  *  .  W  *  *  .\3
    4\B  b  .  *  *  B  *  *  *  *  W\4
     5\.  *  *  *  *  *  *  *  *  .  W\5
      6\*  *  *  *  *  *  *  *  W  *  .\6
       7\.  B  *  *  *  *  *  *  *  *  *\7
        8\b  b  W  *  *  *  *  *  W  .  .\8
         9\B  .  *  *  *  *  *  *  .  .  B\9
         10\w  W  *  *  *  W  .  .  b  b  B\10
          11\w  .  .  .  .  b  b  b  b  b  b\11
              a  b  c  d  e  f  g  h  i  j  k  
2fd17 info: Old: [black, a4] [white, swap-pieces] [white, g1] [black, e2] [white, k5] [black, a9] [white, b10] [black, f4] [white, c8] [black, d3] [white, i6] [black, b7] [white, h3] [black, k10] [white, h1] [black, k9] [white, f10] [black, k2] [white, i8] 
2fd17 info: New: [black, a4] [white, swap-pieces] [white, g1] [black, e2] [white, k5] [black, a9] [white, b10] [black, f4] [white, c8] [black, d3] [white, i6] [black, b7] [white, h3] [black, k10] [white, h1] [black, k9] [white, f10] [black, k2] [white, i8] [black, k1] [white, k4] 
2fd17 info: MovesPlayed: [black, k1] [white, k4] 
2fd17 info: No subtree to reuse.
2fd17 info: StartSearch()[0]
SgUctSearch: max games reached
2fd17 info: 
Elapsed Time   0.300704s
Count          1
GamesPlayed    1
Nodes          1
Knowledge      0 (0.0%)
Expansions     0.0
Time           0.00
GameLen        74.0 dev=0.0 min=74.0 max=74.0
InTree         0.0 dev=0.0 min=0.0 max=0.0
KnowDepth      -
Aborted        0%
Games/s        3067.5
Score          1.00
Sequence      
2fd17 info: 
2fd17 warning: **** MoHexSearch returned empty sequence!
2fd17 warning: **** Returning random move!
<= 
< 
<  dc70736d85919173
<  a  b  c  d  e  f  g  h  i  j  k  
< 1\.  .  .  .  .  .  W  W  .  .  B\1
<  2\.  .  .  .  B  .  .  .  .  .  B\2
<   3\.  .  .  B  .  .  .  W  .  .  .\3
<    4\B  .  .  .  .  B  .  .  .  .  W\4
<     5\.  .  .  B  .  .  .  .  .  .  W\5
<      6\.  .  .  .  .  .  .  .  W  .  .\6
<       7\.  B  .  .  .  .  .  .  .  .  .\7
<        8\.  .  W  .  .  .  .  .  W  .  .\8
<         9\B  .  .  .  .  .  .  .  .  .  B\9
<         10\.  W  .  .  .  W  .  .  .  .  B\10
<          11\.  .  .  .  .  .  .  .  .  .  .\11
<              a  b  c  d  e  f  g  h  i  j  k  
<
>play w c9
<= 
<
>showboard
<= 
< 
<  986208b46d0d54d5
<  a  b  c  d  e  f  g  h  i  j  k  
< 1\.  .  .  .  .  .  W  W  .  .  B\1
<  2\.  .  .  .  B  .  .  .  .  .  B\2
<   3\.  .  .  B  .  .  .  W  .  .  .\3
<    4\B  .  .  .  .  B  .  .  .  .  W\4
<     5\.  .  .  B  .  .  .  .  .  .  W\5
<      6\.  .  .  .  .  .  .  .  W  .  .\6
<       7\.  B  .  .  .  .  .  .  .  .  .\7
<        8\.  .  W  .  .  .  .  .  W  .  .\8
<         9\B  .  W  .  .  .  .  .  .  .  B\9
<         10\.  W  .  .  .  W  .  .  .  .  B\10
<          11\.  .  .  .  .  .  .  .  .  .  .\11
<              a  b  c  d  e  f  g  h  i  j  k  
<
>genmove b
<= c4
<
>showboard
2fd17 info: Best move cannot be determined, must search state.
2fd17 info: --- MoHexPlayer::Search() ---
2fd17 info: Color: black
2fd17 info: MaxGames: 1
2fd17 info: NumberThreads: 1
2fd17 info: MaxNodes: 9090 (799920 bytes)
2fd17 info: TimeForMove: 1
2fd17 info: Time for PreSearch: 0.126516s
2fd17 info: 
  986208b46d0d54d5
  a  b  c  d  e  f  g  h  i  j  k  
 1\b  b  b  b  b  b  W  W  .  b  B\1
  2\b  b  b  b  B  .  .  .  .  .  B\2
   3\b  b  b  B  .  *  .  W  *  *  .\3
    4\B  b  .  .  .  B  *  *  *  *  W\4
     5\.  *  .  B  *  *  *  *  *  .  W\5
      6\.  .  .  *  *  *  *  *  W  *  .\6
       7\.  B  .  *  *  *  *  *  *  *  *\7
        8\b  b  W  *  *  *  *  *  W  .  .\8
         9\B  b  W  *  *  *  *  *  .  .  B\9
         10\w  W  .  .  *  W  .  .  b  b  B\10
          11\w  .  .  .  .  b  b  b  b  b  b\11
              a  b  c  d  e  f  g  h  i  j  k  
2fd17 info: Old: [black, a4] [white, swap-pieces] [white, g1] [black, e2] [white, k5] [black, a9] [white, b10] [black, f4] [white, c8] [black, d3] [white, i6] [black, b7] [white, h3] [black, k10] [white, h1] [black, k9] [white, f10] [black, k2] [white, i8] [black, k1] [white, k4] 
2fd17 info: New: [black, a4] [white, swap-pieces] [white, g1] [black, e2] [white, k5] [black, a9] [white, b10] [black, f4] [white, c8] [black, d3] [white, i6] [black, b7] [white, h3] [black, k10] [white, h1] [black, k9] [white, f10] [black, k2] [white, i8] [black, k1] [white, k4] [black, d5] [white, c9] 
2fd17 info: MovesPlayed: [black, d5] [white, c9] 
2fd17 info: No subtree to reuse.
2fd17 info: StartSearch()[0]
SgUctSearch: max games reached
2fd17 info: 
Elapsed Time   0.39262s
Count          1
GamesPlayed    1
Nodes          1
Knowledge      0 (0.0%)
Expansions     0.0
Time           0.00
GameLen        71.0 dev=0.0 min=71.0 max=71.0
InTree         0.0 dev=0.0 min=0.0 max=0.0
KnowDepth      -
Aborted        0%
Games/s        2132.2
Score          0.00
Sequence      
2fd17 info: 
2fd17 warning: **** MoHexSearch returned empty sequence!
2fd17 warning: **** Returning random move!
<= 
< 
<  8e900135a9ee2d5d
<  a  b  c  d  e  f  g  h  i  j  k  
< 1\.  .  .  .  .  .  W  W  .  .  B\1
<  2\.  .  .  .  B  .  .  .  .  .  B\2
<   3\.  .  .  B  .  .  .  W  .  .  .\3
<    4\B  .  B  .  .  B  .  .  .  .  W\4
<     5\.  .  .  B  .  .  .  .  .  .  W\5
<      6\.  .  .  .  .  .  .  .  W  .  .\6
<       7\.  B  .  .  .  .  .  .  .  .  .\7
<        8\.  .  W  .  .  .  .  .  W  .  .\8
<         9\B  .  W  .  .  .  .  .  .  .  B\9
<         10\.  W  .  .  .  W  .  .  .  .  B\10
<          11\.  .  .  .  .  .  .  .  .  .  .\11
<              a  b  c  d  e  f  g  h  i  j  k  
<
>play w f5
<= 
<
>showboard
<= 
< 
<  acb61d550e4a92ac
<  a  b  c  d  e  f  g  h  i  j  k  
< 1\.  .  .  .  .  .  W  W  .  .  B\1
<  2\.  .  .  .  B  .  .  .  .  .  B\2
<   3\.  .  .  B  .  .  .  W  .  .  .\3
<    4\B  .  B  .  .  B  .  .  .  .  W\4
<     5\.  .  .  B  .  W  .  .  .  .  W\5
<      6\.  .  .  .  .  .  .  .  W  .  .\6
<       7\.  B  .  .  .  .  .  .  .  .  .\7
<        8\.  .  W  .  .  .  .  .  W  .  .\8
<         9\B  .  W  .  .  .  .  .  .  .  B\9
<         10\.  W  .  .  .  W  .  .  .  .  B\10
<          11\.  .  .  .  .  .  .  .  .  .  .\11
<              a  b  c  d  e  f  g  h  i  j  k  
<
>genmove b
<= i2
<
>showboard
2fd17 info: Best move cannot be determined, must search state.
2fd17 info: --- MoHexPlayer::Search() ---
2fd17 info: Color: black
2fd17 info: MaxGames: 1
2fd17 info: NumberThreads: 1
2fd17 info: MaxNodes: 9090 (799920 bytes)
2fd17 info: TimeForMove: 1
2fd17 info: Time for PreSearch: 0.090779s
2fd17 info: 
  acb61d550e4a92ac
  a  b  c  d  e  f  g  h  i  j  k  
 1\b  b  b  b  b  b  W  W  .  b  B\1
  2\b  b  b  b  B  .  .  .  .  .  B\2
   3\b  b  b  B  .  .  .  W  *  *  .\3
    4\B  b  B  .  .  B  *  *  *  *  W\4
     5\.  .  .  B  .  W  *  *  *  .  W\5
      6\.  .  .  *  *  *  *  *  W  *  .\6
       7\.  B  .  *  *  *  *  *  *  *  *\7
        8\b  b  W  *  *  *  *  *  W  .  .\8
         9\B  b  W  *  *  *  *  *  .  .  B\9
         10\w  W  .  .  *  W  .  .  b  b  B\10
          11\w  .  .  .  .  b  b  b  b  b  b\11
              a  b  c  d  e  f  g  h  i  j  k  
2fd17 info: Old: [black, a4] [white, swap-pieces] [white, g1] [black, e2] [white, k5] [black, a9] [white, b10] [black, f4] [white, c8] [black, d3] [white, i6] [black, b7] [white, h3] [black, k10] [white, h1] [black, k9] [white, f10] [black, k2] [white, i8] [black, k1] [white, k4] [black, d5] [white, c9] 
2fd17 info: New: [black, a4] [white, swap-pieces] [white, g1] [black, e2] [white, k5] [black, a9] [white, b10] [black, f4] [white, c8] [black, d3] [white, i6] [black, b7] [white, h3] [black, k10] [white, h1] [black, k9] [white, f10] [black, k2] [white, i8] [black, k1] [white, k4] [black, d5] [white, c9] [black, c4] [white, f5] 
2fd17 info: MovesPlayed: [black, c4] [white, f5] 
2fd17 info: No subtree to reuse.
2fd17 info: StartSearch()[0]
SgUctSearch: max games reached
2fd17 info: 
Elapsed Time   0.260097s
Count          1
GamesPlayed    1
Nodes          1
Knowledge      0 (0.0%)
Expansions     0.0
Time           0.00
GameLen        69.0 dev=0.0 min=69.0 max=69.0
InTree         0.0 dev=0.0 min=0.0 max=0.0
KnowDepth      -
Aborted        0%
Games/s        3289.5
Score          0.00
Sequence      
2fd17 info: 
2fd17 warning: **** MoHexSearch returned empty sequence!
2fd17 warning: **** Returning random move!
<= 
< 
<  1ce946e94acb85fe
<  a  b  c  d  e  f  g  h  i  j  k  
< 1\.  .  .  .  .  .  W  W  .  .  B\1
<  2\.  .  .  .  B  .  .  .  B  .  B\2
<   3\.  .  .  B  .  .  .  W  .  .  .\3
<    4\B  .  B  .  .  B  .  .  .  .  W\4
<     5\.  .  .  B  .  W  .  .  .  .  W\5
<      6\.  .  .  .  .  .  .  .  W  .  .\6
<       7\.  B  .  .  .  .  .  .  .  .  .\7
<        8\.  .  W  .  .  .  .  .  W  .  .\8
<         9\B  .  W  .  .  .  .  .  .  .  B\9
<         10\.  W  .  .  .  W  .  .  .  .  B\10
<          11\.  .  .  .  .  .  .  .  .  .  .\11
<              a  b  c  d  e  f  g  h  i  j  k  
<
>play w i7
<= 
<
>showboard
<= 
< 
<  13d402b22c750ec6
<  a  b  c  d  e  f  g  h  i  j  k  
< 1\.  .  .  .  .  .  W  W  .  .  B\1
<  2\.  .  .  .  B  .  .  .  B  .  B\2
<   3\.  .  .  B  .  .  .  W  .  .  .\3
<    4\B  .  B  .  .  B  .  .  .  .  W\4
<     5\.  .  .  B  .  W  .  .  .  .  W\5
<      6\.  .  .  .  .  .  .  .  W  .  .\6
<       7\.  B  .  .  .  .  .  .  W  .  .\7
<        8\.  .  W  .  .  .  .  .  W  .  .\8
<         9\B  .  W  .  .  .  .  .  .  .  B\9
<         10\.  W  .  .  .  W  .  .  .  .  B\10
<          11\.  .  .  .  .  .  .  .  .  .  .\11
<              a  b  c  d  e  f  g  h  i  j  k  
<
>genmove b
<= g9
<
>showboard
2fd17 info: Best move cannot be determined, must search state.
2fd17 info: --- MoHexPlayer::Search() ---
2fd17 info: Color: black
2fd17 info: MaxGames: 1
2fd17 info: NumberThreads: 1
2fd17 info: MaxNodes: 9090 (799920 bytes)
2fd17 info: TimeForMove: 1
2fd17 info: Time for PreSearch: 0.060351s
2fd17 info: 
  13d402b22c750ec6
  a  b  c  d  e  f  g  h  i  j  k  
 1\b  b  b  b  b  b  W  W  b  b  B\1
  2\b  b  b  b  B  .  .  .  B  b  B\2
   3\b  b  b  B  .  .  .  W  .  .  .\3
    4\B  b  B  .  .  B  *  *  *  .  W\4
     5\.  .  .  B  .  W  *  *  *  w  W\5
      6\.  .  .  *  *  *  *  *  W  w  b\6
       7\.  B  .  *  *  *  *  *  W  b  b\7
        8\b  b  W  *  *  *  *  *  W  w  w\8
         9\B  b  W  *  *  *  *  .  b  b  B\9
         10\w  W  .  .  *  W  .  b  b  b  B\10
          11\w  .  .  .  .  b  b  b  b  b  b\11
              a  b  c  d  e  f  g  h  i  j  k  
2fd17 info: Old: [black, a4] [white, swap-pieces] [white, g1] [black, e2] [white, k5] [black, a9] [white, b10] [black, f4] [white, c8] [black, d3] [white, i6] [black, b7] [white, h3] [black, k10] [white, h1] [black, k9] [white, f10] [black, k2] [white, i8] [black, k1] [white, k4] [black, d5] [white, c9] [black, c4] [white, f5] 
2fd17 info: New: [black, a4] [white, swap-pieces] [white, g1] [black, e2] [white, k5] [black, a9] [white, b10] [black, f4] [white, c8] [black, d3] [white, i6] [black, b7] [white, h3] [black, k10] [white, h1] [black, k9] [white, f10] [black, k2] [white, i8] [black, k1] [white, k4] [black, d5] [white, c9] [black, c4] [white, f5] [black, i2] [white, i7] 
2fd17 info: MovesPlayed: [black, i2] [white, i7] 
2fd17 info: No subtree to reuse.
2fd17 info: StartSearch()[0]
SgUctSearch: max games reached
2fd17 info: 
Elapsed Time   0.233214s
Count          1
GamesPlayed    1
Nodes          1
Knowledge      0 (0.0%)
Expansions     0.0
Time           0.00
GameLen        55.0 dev=0.0 min=55.0 max=55.0
InTree         0.0 dev=0.0 min=0.0 max=0.0
KnowDepth      -
Aborted        0%
Games/s        2840.9
Score          0.00
Sequence      
2fd17 info: 
2fd17 warning: **** MoHexSearch returned empty sequence!
2fd17 warning: **** Returning random move!
<= 
< 
<  e066075f489bae36
<  a  b  c  d  e  f  g  h  i  j  k  
< 1\.  .  .  .  .  .  W  W  .  .  B\1
<  2\.  .  .  .  B  .  .  .  B  .  B\2
<   3\.  .  .  B  .  .  .  W  .  .  .\3
<    4\B  .  B  .  .  B  .  .  .  .  W\4
<     5\.  .  .  B  .  W  .  .  .  .  W\5
<      6\.  .  .  .  .  .  .  .  W  .  .\6
<       7\.  B  .  .  .  .  .  .  W  .  .\7
<        8\.  .  W  .  .  .  .  .  W  .  .\8
<         9\B  .  W  .  .  .  B  .  .  .  B\9
<         10\.  W  .  .  .  W  .  .  .  .  B\10
<          11\.  .  .  .  .  .  .  .  .  .  .\11
<              a  b  c  d  e  f  g  h  i  j  k  
<
>play w f9
<= 
<
>showboard
<= 
< 
<  e85be321f54dd4c8
<  a  b  c  d  e  f  g  h  i  j  k  
< 1\.  .  .  .  .  .  W  W  .  .  B\1
<  2\.  .  .  .  B  .  .  .  B  .  B\2
<   3\.  .  .  B  .  .  .  W  .  .  .\3
<    4\B  .  B  .  .  B  .  .  .  .  W\4
<     5\.  .  .  B  .  W  .  .  .  .  W\5
<      6\.  .  .  .  .  .  .  .  W  .  .\6
<       7\.  B  .  .  .  .  .  .  W  .  .\7
<        8\.  .  W  .  .  .  .  .  W  .  .\8
<         9\B  .  W  .  .  W  B  .  .  .  B\9
<         10\.  W  .  .  .  W  .  .  .  .  B\10
<          11\.  .  .  .  .  .  .  .  .  .  .\11
<              a  b  c  d  e  f  g  h  i  j  k  
<
>genmove b
<= h4
<
>showboard
2fd17 info: Best move cannot be determined, must search state.
2fd17 info: --- MoHexPlayer::Search() ---
2fd17 info: Color: black
2fd17 info: MaxGames: 1
2fd17 info: NumberThreads: 1
2fd17 info: MaxNodes: 9090 (799920 bytes)
2fd17 info: TimeForMove: 1
2fd17 info: Time for PreSearch: 0.045258s
2fd17 info: 
  e85be321f54dd4c8
  a  b  c  d  e  f  g  h  i  j  k  
 1\b  b  b  b  b  b  W  W  b  b  B\1
  2\b  b  b  b  B  .  .  .  B  b  B\2
   3\b  b  b  B  .  .  .  W  .  .  .\3
    4\B  b  B  .  .  B  *  *  *  .  W\4
     5\.  .  .  B  .  W  *  *  *  w  W\5
      6\.  .  .  *  *  *  *  *  W  w  b\6
       7\.  B  .  *  *  *  *  *  W  b  b\7
        8\b  b  W  *  *  *  *  .  W  w  w\8
         9\B  b  W  *  *  W  B  b  b  b  B\9
         10\w  W  .  *  .  W  b  b  b  b  B\10
          11\w  .  .  .  .  b  b  b  b  b  b\11
              a  b  c  d  e  f  g  h  i  j  k  
2fd17 info: Old: [black, a4] [white, swap-pieces] [white, g1] [black, e2] [white, k5] [black, a9] [white, b10] [black, f4] [white, c8] [black, d3] [white, i6] [black, b7] [white, h3] [black, k10] [white, h1] [black, k9] [white, f10] [black, k2] [white, i8] [black, k1] [white, k4] [black, d5] [white, c9] [black, c4] [white, f5] [black, i2] [white, i7] 
2fd17 info: New: [black, a4] [white, swap-pieces] [white, g1] [black, e2] [white, k5] [black, a9] [white, b10] [black, f4] [white, c8] [black, d3] [white, i6] [black, b7] [white, h3] [black, k10] [white, h1] [black, k9] [white, f10] [black, k2] [white, i8] [black, k1] [white, k4] [black, d5] [white, c9] [black, c4] [white, f5] [black, i2] [white, i7] [black, g9] [white, f9] 
2fd17 info: MovesPlayed: [black, g9] [white, f9] 
2fd17 info: No subtree to reuse.
2fd17 info: StartSearch()[0]
SgUctSearch: max games reached
2fd17 info: 
Elapsed Time   0.204678s
Count          1
GamesPlayed    1
Nodes          1
Knowledge      0 (0.0%)
Expansions     0.0
Time           0.00
GameLen        51.0 dev=0.0 min=51.0 max=51.0
InTree         0.0 dev=0.0 min=0.0 max=0.0
KnowDepth      -
Aborted        0%
Games/s        3096.0
Score          0.00
Sequence      
2fd17 info: 
2fd17 warning: **** MoHexSearch returned empty sequence!
2fd17 warning: **** Returning random move!
<= 
< 
<  61e27307887fe819
<  a  b  c  d  e  f  g  h  i  j  k  
< 1\.  .  .  .  .  .  W  W  .  .  B\1
<  2\.  .  .  .  B  .  .  .  B  .  B\2
<   3\.  .  .  B  .  .  .  W  .  .  .\3
<    4\B  .  B  .  .  B  .  B  .  .  W\4
<     5\.  .  .  B  .  W  .  .  .  .  W\5
<      6\.  .  .  .  .  .  .  .  W  .  .\6
<       7\.  B  .  .  .  .  .  .  W  .  .\7
<        8\.  .  W  .  .  .  .  .  W  .  .\8
<         9\B  .  W  .  .  W  B  .  .  .  B\9
<         10\.  W  .  .  .  W  .  .  .  .  B\10
<          11\.  .  .  .  .  .  .  .  .  .  .\11
<              a  b  c  d  e  f  g  h  i  j  k  
<
>play w d9
<= 
<
>showboard
<= 
< 
<  d160cf5188a2b392
<  a  b  c  d  e  f  g  h  i  j  k  
< 1\.  .  .  .  .  .  W  W  .  .  B\1
<  2\.  .  .  .  B  .  .  .  B  .  B\2
<   3\.  .  .  B  .  .  .  W  .  .  .\3
<    4\B  .  B  .  .  B  .  B  .  .  W\4
<     5\.  .  .  B  .  W  .  .  .  .  W\5
<      6\.  .  .  .  .  .  .  .  W  .  .\6
<       7\.  B  .  .  .  .  .  .  W  .  .\7
<        8\.  .  W  .  .  .  .  .  W  .  .\8
<         9\B  .  W  W  .  W  B  .  .  .  B\9
<         10\.  W  .  .  .  W  .  .  .  .  B\10
<          11\.  .  .  .  .  .  .  .  .  .  .\11
<              a  b  c  d  e  f  g  h  i  j  k  
<
>genmove b
<= h7
<
>showboard
2fd17 info: Opponent has won; playing most blocking move.
<= 
< 
<  c3ae7aaae634bfdc
<  a  b  c  d  e  f  g  h  i  j  k  
< 1\.  .  .  .  .  .  W  W  .  .  B\1
<  2\.  .  .  .  B  .  .  .  B  .  B\2
<   3\.  .  .  B  .  .  .  W  .  .  .\3
<    4\B  .  B  .  .  B  .  B  .  .  W\4
<     5\.  .  .  B  .  W  .  .  .  .  W\5
<      6\.  .  .  .  .  .  .  .  W  .  .\6
<       7\.  B  .  .  .  .  .  B  W  .  .\7
<        8\.  .  W  .  .  .  .  .  W  .  .\8
<         9\B  .  W  W  .  W  B  .  .  .  B\9
<         10\.  W  .  .  .  W  .  .  .  .  B\10
<          11\.  .  .  .  .  .  .  .  .  .  .\11
<              a  b  c  d  e  f  g  h  i  j  k  
<
>play w h6
<= 
<
>showboard
<= 
< 
<  c564f55de549f1a2
<  a  b  c  d  e  f  g  h  i  j  k  
< 1\.  .  .  .  .  .  W  W  .  .  B\1
<  2\.  .  .  .  B  .  .  .  B  .  B\2
<   3\.  .  .  B  .  .  .  W  .  .  .\3
<    4\B  .  B  .  .  B  .  B  .  .  W\4
<     5\.  .  .  B  .  W  .  .  .  .  W\5
<      6\.  .  .  .  .  .  .  W  W  .  .\6
<       7\.  B  .  .  .  .  .  B  W  .  .\7
<        8\.  .  W  .  .  .  .  .  W  .  .\8
<         9\B  .  W  W  .  W  B  .  .  .  B\9
<         10\.  W  .  .  .  W  .  .  .  .  B\10
<          11\.  .  .  .  .  .  .  .  .  .  .\11
<              a  b  c  d  e  f  g  h  i  j  k  
<
>genmove b
<= g7
<
>showboard
2fd17 info: Opponent has won; playing most blocking move.
<= 
< 
<  d76bfe571c1fa7f3
<  a  b  c  d  e  f  g  h  i  j  k  
< 1\.  .  .  .  .  .  W  W  .  .  B\1
<  2\.  .  .  .  B  .  .  .  B  .  B\2
<   3\.  .  .  B  .  .  .  W  .  .  .\3
<    4\B  .  B  .  .  B  .  B  .  .  W\4
<     5\.  .  .  B  .  W  .  .  .  .  W\5
<      6\.  .  .  .  .  .  .  W  W  .  .\6
<       7\.  B  .  .  .  .  B  B  W  .  .\7
<        8\.  .  W  .  .  .  .  .  W  .  .\8
<         9\B  .  W  W  .  W  B  .  .  .  B\9
<         10\.  W  .  .  .  W  .  .  .  .  B\10
<          11\.  .  .  .  .  .  .  .  .  .  .\11
<              a  b  c  d  e  f  g  h  i  j  k  
<
>play w g6
<= 
<
>showboard
<= 
< 
<  b7b03258bcf7ffa2
<  a  b  c  d  e  f  g  h  i  j  k  
< 1\.  .  .  .  .  .  W  W  .  .  B\1
<  2\.  .  .  .  B  .  .  .  B  .  B\2
<   3\.  .  .  B  .  .  .  W  .  .  .\3
<    4\B  .  B  .  .  B  .  B  .  .  W\4
<     5\.  .  .  B  .  W  .  .  .  .  W\5
<      6\.  .  .  .  .  .  W  W  W  .  .\6
<       7\.  B  .  .  .  .  B  B  W  .  .\7
<        8\.  .  W  .  .  .  .  .  W  .  .\8
<         9\B  .  W  W  .  W  B  .  .  .  B\9
<         10\.  W  .  .  .  W  .  .  .  .  B\10
<          11\.  .  .  .  .  .  .  .  .  .  .\11
<              a  b  c  d  e  f  g  h  i  j  k  
<
>genmove b
<= f7
<
>showboard
2fd17 info: Opponent has won; playing most blocking move.
<= 
< 
<  94703d54f45142f7
<  a  b  c  d  e  f  g  h  i  j  k  
< 1\.  .  .  .  .  .  W  W  .  .  B\1
<  2\.  .  .  .  B  .  .  .  B  .  B\2
<   3\.  .  .  B  .  .  .  W  .  .  .\3
<    4\B  .  B  .  .  B  .  B  .  .  W\4
<     5\.  .  .  B  .  W  .  .  .  .  W\5
<      6\.  .  .  .  .  .  W  W  W  .  .\6
<       7\.  B  .  .  .  B  B  B  W  .  .\7
<        8\.  .  W  .  .  .  .  .  W  .  .\8
<         9\B  .  W  W  .  W  B  .  .  .  B\9
<         10\.  W  .  .  .  W  .  .  .  .  B\10
<          11\.  .  .  .  .  .  .  .  .  .  .\11
<              a  b  c  d  e  f  g  h  i  j  k  
<
>play w d6
<= 
<
>showboard
<= 
< 
<  911547733fd39c84
<  a  b  c  d  e  f  g  h  i  j  k  
< 1\.  .  .  .  .  .  W  W  .  .  B\1
<  2\.  .  .  .  B  .  .  .  B  .  B\2
<   3\.  .  .  B  .  .  .  W  .  .  .\3
<    4\B  .  B  .  .  B  .  B  .  .  W\4
<     5\.  .  .  B  .  W  .  .  .  .  W\5
<      6\.  .  .  W  .  .  W  W  W  .  .\6
<       7\.  B  .  .  .  B  B  B  W  .  .\7
<        8\.  .  W  .  .  .  .  .  W  .  .\8
<         9\B  .  W  W  .  W  B  .  .  .  B\9
<         10\.  W  .  .  .  W  .  .  .  .  B\10
<          11\.  .  .  .  .  .  .  .  .  .  .\11
<              a  b  c  d  e  f  g  h  i  j  k  
<
>genmove b
<= e5
<
>showboard
2fd17 info: Opponent has won; playing most blocking move.
<= 
< 
<  0de1a96a96b4f126
<  a  b  c  d  e  f  g  h  i  j  k  
< 1\.  .  .  .  .  .  W  W  .  .  B\1
<  2\.  .  .  .  B  .  .  .  B  .  B\2
<   3\.  .  .  B  .  .  .  W  .  .  .\3
<    4\B  .  B  .  .  B  .  B  .  .  W\4
<     5\.  .  .  B  B  W  .  .  .  .  W\5
<      6\.  .  .  W  .  .  W  W  W  .  .\6
<       7\.  B  .  .  .  B  B  B  W  .  .\7
<        8\.  .  W  .  .  .  .  .  W  .  .\8
<         9\B  .  W  W  .  W  B  .  .  .  B\9
<         10\.  W  .  .  .  W  .  .  .  .  B\10
<          11\.  .  .  .  .  .  .  .  .  .  .\11
<              a  b  c  d  e  f  g  h  i  j  k  
<
>play w e6
<= 
<
>showboard
<= 
< 
<  f1ca5b64b82ae030
<  a  b  c  d  e  f  g  h  i  j  k  
< 1\.  .  .  .  .  .  W  W  .  .  B\1
<  2\.  .  .  .  B  .  .  .  B  .  B\2
<   3\.  .  .  B  .  .  .  W  .  .  .\3
<    4\B  .  B  .  .  B  .  B  .  .  W\4
<     5\.  .  .  B  B  W  .  .  .  .  W\5
<      6\.  .  .  W  W  .  W  W  W  .  .\6
<       7\.  B  .  .  .  B  B  B  W  .  .\7
<        8\.  .  W  .  .  .  .  .  W  .  .\8
<         9\B  .  W  W  .  W  B  .  .  .  B\9
<         10\.  W  .  .  .  W  .  .  .  .  B\10
<          11\.  .  .  .  .  .  .  .  .  .  .\11
<              a  b  c  d  e  f  g  h  i  j  k  
<
>genmove b
<= c7
<
>showboard
2fd17 info: Captured cells caused win! Removing...
2fd17 info: Opponent has won; playing most blocking move.
<= 
< 
<  14a9405718f72487
<  a  b  c  d  e  f  g  h  i  j  k  
< 1\.  .  .  .  .  .  W  W  .  .  B\1
<  2\.  .  .  .  B  .  .  .  B  .  B\2
<   3\.  .  .  B  .  .  .  W  .  .  .\3
<    4\B  .  B  .  .  B  .  B  .  .  W\4
<     5\.  .  .  B  B  W  .  .  .  .  W\5
<      6\.  .  .  W  W  .  W  W  W  .  .\6
<       7\.  B  B  .  .  B  B  B  W  .  .\7
<        8\.  .  W  .  .  .  .  .  W  .  .\8
<         9\B  .  W  W  .  W  B  .  .  .  B\9
<         10\.  W  .  .  .  W  .  .  .  .  B\10
<          11\.  .  .  .  .  .  .  .  .  .  .\11
<              a  b  c  d  e  f  g  h  i  j  k  
<
>play w d7
<= 
<
>showboard
<= 
< 
<  ddf15d796eeeae62
<  a  b  c  d  e  f  g  h  i  j  k  
< 1\.  .  .  .  .  .  W  W  .  .  B\1
<  2\.  .  .  .  B  .  .  .  B  .  B\2
<   3\.  .  .  B  .  .  .  W  .  .  .\3
<    4\B  .  B  .  .  B  .  B  .  .  W\4
<     5\.  .  .  B  B  W  .  .  .  .  W\5
<      6\.  .  .  W  W  .  W  W  W  .  .\6
<       7\.  B  B  W  .  B  B  B  W  .  .\7
<        8\.  .  W  .  .  .  .  .  W  .  .\8
<         9\B  .  W  W  .  W  B  .  .  .  B\9
<         10\.  W  .  .  .  W  .  .  .  .  B\10
<          11\.  .  .  .  .  .  .  .  .  .  .\11
<              a  b  c  d  e  f  g  h  i  j  k  
<
>genmove b
<= a10
<
>showboard
2fd17 info: Captured cells caused win! Removing...
2fd17 info: Opponent has won; playing most blocking move.
<= 
< 
<  207a1fcbe5c19774
<  a  b  c  d  e  f  g  h  i  j  k  
< 1\.  .  .  .  .  .  W  W  .  .  B\1
<  2\.  .  .  .  B  .  .  .  B  .  B\2
<   3\.  .  .  B  .  .  .  W  .  .  .\3
<    4\B  .  B  .  .  B  .  B  .  .  W\4
<     5\.  .  .  B  B  W  .  .  .  .  W\5
<      6\.  .  .  W  W  .  W  W  W  .  .\6
<       7\.  B  B  W  .  B  B  B  W  .  .\7
<        8\.  .  W  .  .  .  .  .  W  .  .\8
<         9\B  .  W  W  .  W  B  .  .  .  B\9
<         10\B  W  .  .  .  W  .  .  .  .  B\10
<          11\.  .  .  .  .  .  .  .  .  .  .\11
<              a  b  c  d  e  f  g  h  i  j  k  
<
>play w a11
<= 
<
>showboard
<= 
< 
<  195c38b9e50a72be
<  a  b  c  d  e  f  g  h  i  j  k  
< 1\.  .  .  .  .  .  W  W  .  .  B\1
<  2\.  .  .  .  B  .  .  .  B  .  B\2
<   3\.  .  .  B  .  .  .  W  .  .  .\3
<    4\B  .  B  .  .  B  .  B  .  .  W\4
<     5\.  .  .  B  B  W  .  .  .  .  W\5
<      6\.  .  .  W  W  .  W  W  W  .  .\6
<       7\.  B  B  W  .  B  B  B  W  .  .\7
<        8\.  .  W  .  .  .  .  .  W  .  .\8
<         9\B  .  W  W  .  W  B  .  .  .  B\9
<         10\B  W  .  .  .  W  .  .  .  .  B\10
<          11\W  .  .  .  .  .  .  .  .  .  .\11
<              a  b  c  d  e  f  g  h  i  j  k  
<
>genmove b
<= g5
<
>showboard
2fd17 info: Captured cells caused win! Removing...
2fd17 info: Opponent has won; playing most blocking move.
<= 
< 
<  8191970f550b3e5f
<  a  b  c  d  e  f  g  h  i  j  k  
< 1\.  .  .  .  .  .  W  W  .  .  B\1
<  2\.  .  .  .  B  .  .  .  B  .  B\2
<   3\.  .  .  B  .  .  .  W  .  .  .\3
<    4\B  .  B  .  .  B  .  B  .  .  W\4
<     5\.  .  .  B  B  W  B  .  .  .  W\5
<      6\.  .  .  W  W  .  W  W  W  .  .\6
<       7\.  B  B  W  .  B  B  B  W  .  .\7
<        8\.  .  W  .  .  .  .  .  W  .  .\8
<         9\B  .  W  W  .  W  B  .  .  .  B\9
<         10\B  W  .  .  .  W  .  .  .  .  B\10
<          11\W  .  .  .  .  .  .  .  .  .  .\11
<              a  b  c  d  e  f  g  h  i  j  k  
<
>play w f6
<= 
<
>showboard
<= 
< 
<  1d0181957ad87130
<  a  b  c  d  e  f  g  h  i  j  k  
< 1\.  .  .  .  .  .  W  W  .  .  B\1
<  2\.  .  .  .  B  .  .  .  B  .  B\2
<   3\.  .  .  B  .  .  .  W  .  .  .\3
<    4\B  .  B  .  .  B  .  B  .  .  W\4
<     5\.  .  .  B  B  W  B  .  .  .  W\5
<      6\.  .  .  W  W  W  W  W  W  .  .\6
<       7\.  B  B  W  .  B  B  B  W  .  .\7
<        8\.  .  W  .  .  .  .  .  W  .  .\8
<         9\B  .  W  W  .  W  B  .  .  .  B\9
<         10\B  W  .  .  .  W  .  .  .  .  B\10
<          11\W  .  .  .  .  .  .  .  .  .  .\11
<              a  b  c  d  e  f  g  h  i  j  k  
<
>genmove b
<= k7
<
>showboard
2fd17 info: Captured cells caused win! Removing...
2fd17 info: Opponent has won; playing most blocking move.
<= 
< 
<  054324994db1eb0f
<  a  b  c  d  e  f  g  h  i  j  k  
< 1\.  .  .  .  .  .  W  W  .  .  B\1
<  2\.  .  .  .  B  .  .  .  B  .  B\2
<   3\.  .  .  B  .  .  .  W  .  .  .\3
<    4\B  .  B  .  .  B  .  B  .  .  W\4
<     5\.  .  .  B  B  W  B  .  .  .  W\5
<      6\.  .  .  W  W  W  W  W  W  .  .\6
<       7\.  B  B  W  .  B  B  B  W  .  B\7
<        8\.  .  W  .  .  .  .  .  W  .  .\8
<         9\B  .  W  W  .  W  B  .  .  .  B\9
<         10\B  W  .  .  .  W  .  .  .  .  B\10
<          11\W  .  .  .  .  .  .  .  .  .  .\11
<              a  b  c  d  e  f  g  h  i  j  k  
<
>play w j6
<= 
<
>showboard
<= 
< 
<  7699c545d3602b95
<  a  b  c  d  e  f  g  h  i  j  k  
< 1\.  .  .  .  .  .  W  W  .  .  B\1
<  2\.  .  .  .  B  .  .  .  B  .  B\2
<   3\.  .  .  B  .  .  .  W  .  .  .\3
<    4\B  .  B  .  .  B  .  B  .  .  W\4
<     5\.  .  .  B  B  W  B  .  .  .  W\5
<      6\.  .  .  W  W  W  W  W  W  W  .\6
<       7\.  B  B  W  .  B  B  B  W  .  B\7
<        8\.  .  W  .  .  .  .  .  W  .  .\8
<         9\B  .  W  W  .  W  B  .  .  .  B\9
<         10\B  W  .  .  .  W  .  .  .  .  B\10
<          11\W  .  .  .  .  .  .  .  .  .  .\11
<              a  b  c  d  e  f  g  h  i  j  k  
<
>genmove b
<= resign
<
>showboard
<= 
< 
<  7699c545d3602b95
<  a  b  c  d  e  f  g  h  i  j  k  
< 1\.  .  .  .  .  .  W  W  .  .  B\1
<  2\.  .  .  .  B  .  .  .  B  .  B\2
<   3\.  .  .  B  .  .  .  W  .  .  .\3
<    4\B  .  B  .  .  B  .  B  .  .  W\4
<     5\.  .  .  B  B  W  B  .  .  .  W\5
<      6\.  .  .  W  W  W  W  W  W  W  .\6
<       7\.  B  B  W  .  B  B  B  W  .  B\7
<        8\.  .  W  .  .  .  .  .  W  .  .\8
<         9\B  .  W  W  .  W  B  .  .  .  B\9
<         10\B  W  .  .  .  W  .  .  .  .  B\10
<          11\W  .  .  .  .  .  .  .  .  .  .\11
<              a  b  c  d  e  f  g  h  i  j  k  
<
>final_score
<= W+
<
>quit
<= 
<
