# nice ../build/src/mohex/mohex --config mohex-weak.htp --seed 528278 --logfile-name jobs/11x11-mohex-mohex-cg2010-vs-mohex-mohex-weak-2/mohex-mohex-weak-123.log
>boardsize 11 11
<= 
<
>name
MoHex 2.0.CMake Mar 21 2025
Copyright (C) 2007-2012 by the authors of the Benzene project.
This program comes with ABSOLUTELY NO WARRANTY. This is
free software and you are welcome to redistribute it under
certain conditions. Type `benzene-license' for details.

SgRandom::SetSeed: 528278
SgUctSearch: system memory 33632358400, using 1000000000 (5681818 nodes)
SgRandom::SetSeed: 1
SgRandom::SetSeed: 528278
3db87 info: Prior Patterns:
3db87 info: Global:
3db87 info: Size            = 565 32648 
3db87 info: TableEntries    = 65932 65910
3db87 info: MirrorsAdded    = 0 0
3db87 info: PrunableCount   = 30593 30629
3db87 info: LargestGamma    = 5820.77
3db87 info: SmallestGamma   = 6.6e-05
3db87 info: Local:
3db87 info: Size            = 550 5318 
3db87 info: TableEntries    = 11602 11588
3db87 info: MirrorsAdded    = 0 0
3db87 info: PrunableCount   = 3659 3667
3db87 info: LargestGamma    = 11281.8
3db87 info: SmallestGamma   = 0.026235
3db87 info: Playout Patterns:
3db87 info: Global:
3db87 info: Size            = 565 32648 
3db87 info: TableEntries    = 70329 70329
3db87 info: MirrorsAdded    = 4397 4419
3db87 info: PrunableCount   = 30593 30629
3db87 info: LargestGamma    = 5820.77
3db87 info: SmallestGamma   = 6.6e-05
3db87 info: Local:
3db87 info: Size            = 550 5318 
3db87 info: TableEntries    = 11602 11588
3db87 info: MirrorsAdded    = 0 0
3db87 info: PrunableCount   = 3659 3667
3db87 info: LargestGamma    = 11281.8
3db87 info: SmallestGamma   = 0.026235
param_game allow_swap 1
= 

param_mohex max_memory 1600000
= 

param_mohex num_threads 1
= 

param_mohex max_time 1
= 

param_mohex max_games 1
= 

param_mohex knowledge_threshold 400
= 

param_mohex reuse_subtree 1
= 

param_mohex use_parallel_solver 0
= 

<= MoHex
<
>version
<= 2.0.CMake
<
>play b f7
<= 
<
>showboard
<= 
< 
<  09b8bb842c11814a
<  a  b  c  d  e  f  g  h  i  j  k  
< 1\.  .  .  .  .  .  .  .  .  .  .\1
<  2\.  .  .  .  .  .  .  .  .  .  .\2
<   3\.  .  .  .  .  .  .  .  .  .  .\3
<    4\.  .  .  .  .  .  .  .  .  .  .\4
<     5\.  .  .  .  .  .  .  .  .  .  .\5
<      6\.  .  .  .  .  .  .  .  .  .  .\6
<       7\.  .  .  .  .  B  .  .  .  .  .\7
<        8\.  .  .  .  .  .  .  .  .  .  .\8
<         9\.  .  .  .  .  .  .  .  .  .  .\9
<         10\.  .  .  .  .  .  .  .  .  .  .\10
<          11\.  .  .  .  .  .  .  .  .  .  .\11
<              a  b  c  d  e  f  g  h  i  j  k  
<
>play w swap-pieces
<= 
<
>genmove w
<= k11
<
>play b j9
3db87 info: Best move cannot be determined, must search state.
3db87 info: --- MoHexPlayer::Search() ---
3db87 info: Color: white
3db87 info: MaxGames: 1
3db87 info: NumberThreads: 1
3db87 info: MaxNodes: 9090 (799920 bytes)
3db87 info: TimeForMove: 1
3db87 info: PreSearch: max time reached (52/90).
3db87 info: Time for PreSearch: 0.201618s
3db87 info: 
  09b8bb842c11814a
  a  b  c  d  e  f  g  h  i  j  k  
 1\.  .  .  *  *  *  *  *  *  *  .\1
  2\.  .  *  *  *  *  *  *  *  *  .\2
   3\.  *  *  *  *  *  *  *  *  *  .\3
    4\.  *  *  *  *  *  *  *  *  *  .\4
     5\.  *  *  *  *  *  *  *  *  *  .\5
      6\.  *  *  *  .  *  .  *  *  *  .\6
       7\.  *  *  *  *  B  *  *  *  *  .\7
        8\.  *  *  *  *  *  *  *  *  *  .\8
         9\.  *  *  *  *  *  *  *  *  *  .\9
         10\.  *  *  *  *  *  *  *  *  .  .\10
          11\.  *  *  *  *  *  *  *  .  .  .\11
              a  b  c  d  e  f  g  h  i  j  k  
3db87 info: No subtree to reuse.
3db87 info: Creating thread 0
3db87 info: StartSearch()[0]
SgUctSearch: max games reached
3db87 info: 
Elapsed Time   0.550935s
Count          1
GamesPlayed    1
Nodes          1
Knowledge      0 (0.0%)
Expansions     0.0
Time           0.00
GameLen        120.0 dev=0.0 min=120.0 max=120.0
InTree         0.0 dev=0.0 min=0.0 max=0.0
KnowDepth      -
Aborted        0%
Games/s        413.9
Score          1.00
Sequence      
3db87 info: 
3db87 warning: **** MoHexSearch returned empty sequence!
3db87 warning: **** Returning random move!
<= 
<
>genmove w
<= a3
<
>play b c9
3db87 info: Best move cannot be determined, must search state.
3db87 info: --- MoHexPlayer::Search() ---
3db87 info: Color: white
3db87 info: MaxGames: 1
3db87 info: NumberThreads: 1
3db87 info: MaxNodes: 9090 (799920 bytes)
3db87 info: TimeForMove: 1
3db87 info: PreSearch: max time reached (56/90).
3db87 info: Time for PreSearch: 0.203849s
3db87 info: 
  ffc40d00137cdac7
  a  b  c  d  e  f  g  h  i  j  k  
 1\.  .  .  *  *  *  *  *  *  *  .\1
  2\.  .  *  *  *  *  *  *  *  *  .\2
   3\.  *  *  *  *  *  *  *  *  *  .\3
    4\.  *  *  *  *  *  *  *  *  *  .\4
     5\.  *  *  *  *  *  *  *  *  *  .\5
      6\.  *  *  *  *  *  *  *  *  *  .\6
       7\.  *  *  *  *  B  *  *  *  *  .\7
        8\.  *  *  *  *  *  *  *  *  *  .\8
         9\.  *  *  *  *  *  *  *  *  B  w\9
         10\.  *  *  *  *  *  *  *  .  .  w\10
          11\.  *  *  *  *  *  *  .  *  .  W\11
              a  b  c  d  e  f  g  h  i  j  k  
3db87 info: Old: [black, f7] [white, swap-pieces] 
3db87 info: New: [black, f7] [white, swap-pieces] [white, k11] [black, j9] 
3db87 info: ReuseSubtree: Colors do not alternate.
3db87 info: No subtree to reuse.
3db87 info: StartSearch()[0]
SgUctSearch: max games reached
3db87 info: 
Elapsed Time   0.349174s
Count          1
GamesPlayed    1
Nodes          1
Knowledge      0 (0.0%)
Expansions     0.0
Time           0.00
GameLen        116.0 dev=0.0 min=116.0 max=116.0
InTree         0.0 dev=0.0 min=0.0 max=0.0
KnowDepth      -
Aborted        0%
Games/s        3460.2
Score          0.00
Sequence      
3db87 info: 
3db87 warning: **** MoHexSearch returned empty sequence!
3db87 warning: **** Returning random move!
<= 
<
>genmove w
<= f5
<
>play b a10
3db87 info: Best move cannot be determined, must search state.
3db87 info: --- MoHexPlayer::Search() ---
3db87 info: Color: white
3db87 info: MaxGames: 1
3db87 info: NumberThreads: 1
3db87 info: MaxNodes: 9090 (799920 bytes)
3db87 info: TimeForMove: 1
3db87 info: PreSearch: max time reached (56/89).
3db87 info: Time for PreSearch: 0.203731s
3db87 info: 
  f88c168505beedc8
  a  b  c  d  e  f  g  h  i  j  k  
 1\w  .  *  *  *  *  *  *  *  *  .\1
  2\w  .  *  *  *  *  *  *  *  *  .\2
   3\W  *  *  *  *  *  *  *  *  *  .\3
    4\.  *  *  *  *  *  *  *  *  *  .\4
     5\.  *  *  *  *  *  *  *  *  *  .\5
      6\.  *  *  *  *  *  *  *  *  *  .\6
       7\.  *  *  *  *  B  *  *  *  *  .\7
        8\.  *  *  *  *  *  *  *  *  *  .\8
         9\.  .  B  *  *  *  *  *  *  B  w\9
         10\.  *  *  *  *  *  *  *  .  .  w\10
          11\.  *  *  *  *  *  *  .  *  .  W\11
              a  b  c  d  e  f  g  h  i  j  k  
3db87 info: Old: [black, f7] [white, swap-pieces] [white, k11] [black, j9] 
3db87 info: New: [black, f7] [white, swap-pieces] [white, k11] [black, j9] [white, a3] [black, c9] 
3db87 info: MovesPlayed: [white, a3] [black, c9] 
3db87 info: No subtree to reuse.
3db87 info: StartSearch()[0]
SgUctSearch: max games reached
3db87 info: 
Elapsed Time   0.354276s
Count          1
GamesPlayed    1
Nodes          1
Knowledge      0 (0.0%)
Expansions     0.0
Time           0.00
GameLen        112.0 dev=0.0 min=112.0 max=112.0
InTree         0.0 dev=0.0 min=0.0 max=0.0
KnowDepth      -
Aborted        0%
Games/s        3030.3
Score          0.00
Sequence      
3db87 info: 
3db87 warning: **** MoHexSearch returned empty sequence!
3db87 warning: **** Returning random move!
<= 
<
>genmove w
<= g8
<
>play b j8
3db87 info: Best move cannot be determined, must search state.
3db87 info: --- MoHexPlayer::Search() ---
3db87 info: Color: white
3db87 info: MaxGames: 1
3db87 info: NumberThreads: 1
3db87 info: MaxNodes: 9090 (799920 bytes)
3db87 info: TimeForMove: 1
3db87 info: PreSearch: max time reached (47/90).
3db87 info: Time for PreSearch: 0.208968s
3db87 info: 
  2721485729356b2f
  a  b  c  d  e  f  g  h  i  j  k  
 1\w  .  *  *  *  *  *  *  *  *  .\1
  2\w  .  *  *  *  *  *  *  *  *  .\2
   3\W  *  *  *  *  *  *  *  *  *  .\3
    4\.  *  *  *  *  *  *  *  *  *  .\4
     5\.  *  *  *  *  W  *  *  *  *  .\5
      6\.  *  *  *  *  *  *  *  *  *  .\6
       7\.  *  *  *  *  B  *  *  *  *  .\7
        8\.  *  *  *  *  *  *  *  *  *  .\8
         9\.  *  B  *  *  *  *  *  *  B  w\9
         10\B  *  *  *  *  *  *  *  .  .  w\10
          11\*  *  *  *  *  *  *  .  *  .  W\11
              a  b  c  d  e  f  g  h  i  j  k  
3db87 info: Old: [black, f7] [white, swap-pieces] [white, k11] [black, j9] [white, a3] [black, c9] 
3db87 info: New: [black, f7] [white, swap-pieces] [white, k11] [black, j9] [white, a3] [black, c9] [white, f5] [black, a10] 
3db87 info: MovesPlayed: [white, f5] [black, a10] 
3db87 info: No subtree to reuse.
3db87 info: StartSearch()[0]
SgUctSearch: max games reached
3db87 info: 
Elapsed Time   0.597031s
Count          1
GamesPlayed    1
Nodes          1
Knowledge      0 (0.0%)
Expansions     0.0
Time           0.00
GameLen        110.0 dev=0.0 min=110.0 max=110.0
InTree         0.0 dev=0.0 min=0.0 max=0.0
KnowDepth      -
Aborted        0%
Games/s        2398.1
Score          0.00
Sequence      
3db87 info: 
3db87 warning: **** MoHexSearch returned empty sequence!
3db87 warning: **** Returning random move!
<= 
<
>genmove w
<= f4
<
>play b a9
3db87 info: Best move cannot be determined, must search state.
3db87 info: --- MoHexPlayer::Search() ---
3db87 info: Color: white
3db87 info: MaxGames: 1
3db87 info: NumberThreads: 1
3db87 info: MaxNodes: 9090 (799920 bytes)
3db87 info: TimeForMove: 1
3db87 info: PreSearch: max time reached (52/88).
3db87 info: Time for PreSearch: 0.202995s
3db87 info: 
  13c5711290aec506
  a  b  c  d  e  f  g  h  i  j  k  
 1\w  .  *  *  *  *  *  *  *  *  .\1
  2\w  .  *  *  *  *  *  *  *  *  .\2
   3\W  *  *  *  *  *  *  *  *  *  .\3
    4\.  *  *  *  *  *  *  *  *  *  .\4
     5\.  *  *  *  *  W  *  *  *  *  .\5
      6\.  *  *  *  *  *  *  *  *  *  .\6
       7\.  *  *  *  *  B  *  *  *  *  .\7
        8\.  *  *  *  *  *  W  *  *  B  b\8
         9\.  *  B  *  *  *  *  *  *  B  w\9
         10\B  *  *  *  *  *  *  *  .  .  w\10
          11\*  *  *  *  *  *  *  .  *  .  W\11
              a  b  c  d  e  f  g  h  i  j  k  
3db87 info: Old: [black, f7] [white, swap-pieces] [white, k11] [black, j9] [white, a3] [black, c9] [white, f5] [black, a10] 
3db87 info: New: [black, f7] [white, swap-pieces] [white, k11] [black, j9] [white, a3] [black, c9] [white, f5] [black, a10] [white, g8] [black, j8] 
3db87 info: MovesPlayed: [white, g8] [black, j8] 
3db87 info: No subtree to reuse.
3db87 info: StartSearch()[0]
SgUctSearch: max games reached
3db87 info: 
Elapsed Time   0.366332s
Count          1
GamesPlayed    1
Nodes          1
Knowledge      0 (0.0%)
Expansions     0.0
Time           0.00
GameLen        107.0 dev=0.0 min=107.0 max=107.0
InTree         0.0 dev=0.0 min=0.0 max=0.0
KnowDepth      -
Aborted        0%
Games/s        3460.2
Score          1.00
Sequence      
3db87 info: 
3db87 warning: **** MoHexSearch returned empty sequence!
3db87 warning: **** Returning random move!
<= 
<
>genmove w
<= f11
<
>play b b9
3db87 info: Best move cannot be determined, must search state.
3db87 info: --- MoHexPlayer::Search() ---
3db87 info: Color: white
3db87 info: MaxGames: 1
3db87 info: NumberThreads: 1
3db87 info: MaxNodes: 9090 (799920 bytes)
3db87 info: TimeForMove: 1
3db87 info: PreSearch: max time reached (39/85).
3db87 info: Time for PreSearch: 0.202615s
3db87 info: 
  d41d2b3d7ce66fc5
  a  b  c  d  e  f  g  h  i  j  k  
 1\w  .  *  *  *  *  *  *  *  *  .\1
  2\w  .  *  *  *  *  *  *  *  *  .\2
   3\W  *  *  *  *  *  *  *  *  *  .\3
    4\.  *  *  *  *  W  *  *  *  *  .\4
     5\.  *  *  *  *  W  *  *  *  *  .\5
      6\.  *  *  *  *  *  *  *  *  *  .\6
       7\.  *  *  *  *  B  *  *  *  *  .\7
        8\.  *  *  *  *  *  W  *  *  B  b\8
         9\B  .  B  *  *  *  *  *  *  B  w\9
         10\B  *  *  *  *  *  *  *  .  .  w\10
          11\*  .  *  *  *  *  *  .  *  .  W\11
              a  b  c  d  e  f  g  h  i  j  k  
3db87 info: Old: [black, f7] [white, swap-pieces] [white, k11] [black, j9] [white, a3] [black, c9] [white, f5] [black, a10] [white, g8] [black, j8] 
3db87 info: New: [black, f7] [white, swap-pieces] [white, k11] [black, j9] [white, a3] [black, c9] [white, f5] [black, a10] [white, g8] [black, j8] [white, f4] [black, a9] 
3db87 info: MovesPlayed: [white, f4] [black, a9] 
3db87 info: No subtree to reuse.
3db87 info: StartSearch()[0]
SgUctSearch: max games reached
3db87 info: 
Elapsed Time   0.344889s
Count          1
GamesPlayed    1
Nodes          1
Knowledge      0 (0.0%)
Expansions     0.0
Time           0.00
GameLen        105.0 dev=0.0 min=105.0 max=105.0
InTree         0.0 dev=0.0 min=0.0 max=0.0
KnowDepth      -
Aborted        0%
Games/s        3731.3
Score          0.00
Sequence      
3db87 info: 
3db87 warning: **** MoHexSearch returned empty sequence!
3db87 warning: **** Returning random move!
<= 
<
>genmove w
<= e8
<
>play b i9
3db87 info: Best move cannot be determined, must search state.
3db87 info: --- MoHexPlayer::Search() ---
3db87 info: Color: white
3db87 info: MaxGames: 1
3db87 info: NumberThreads: 1
3db87 info: MaxNodes: 9090 (799920 bytes)
3db87 info: TimeForMove: 1
3db87 info: PreSearch: max time reached (37/83).
3db87 info: Time for PreSearch: 0.204994s
3db87 info: 
  ada81d8370696860
  a  b  c  d  e  f  g  h  i  j  k  
 1\w  .  *  *  *  *  *  *  *  *  .\1
  2\w  .  *  *  *  *  *  *  *  *  .\2
   3\W  *  *  *  *  *  *  *  *  *  .\3
    4\.  *  *  *  *  W  *  *  *  *  .\4
     5\.  *  *  *  *  W  *  *  *  *  .\5
      6\.  *  *  *  *  *  *  *  *  *  .\6
       7\.  *  *  *  *  B  *  *  *  *  .\7
        8\.  *  *  *  *  *  W  *  *  B  b\8
         9\B  B  B  *  *  *  *  *  *  B  w\9
         10\B  .  *  *  *  *  *  *  .  .  w\10
          11\*  .  *  *  *  W  *  .  *  .  W\11
              a  b  c  d  e  f  g  h  i  j  k  
3db87 info: Old: [black, f7] [white, swap-pieces] [white, k11] [black, j9] [white, a3] [black, c9] [white, f5] [black, a10] [white, g8] [black, j8] [white, f4] [black, a9] 
3db87 info: New: [black, f7] [white, swap-pieces] [white, k11] [black, j9] [white, a3] [black, c9] [white, f5] [black, a10] [white, g8] [black, j8] [white, f4] [black, a9] [white, f11] [black, b9] 
3db87 info: MovesPlayed: [white, f11] [black, b9] 
3db87 info: No subtree to reuse.
3db87 info: StartSearch()[0]
SgUctSearch: max games reached
3db87 info: 
Elapsed Time   0.580792s
Count          1
GamesPlayed    1
Nodes          1
Knowledge      0 (0.0%)
Expansions     0.0
Time           0.00
GameLen        103.0 dev=0.0 min=103.0 max=103.0
InTree         0.0 dev=0.0 min=0.0 max=0.0
KnowDepth      -
Aborted        0%
Games/s        3413.0
Score          1.00
Sequence      
3db87 info: 
3db87 warning: **** MoHexSearch returned empty sequence!
3db87 warning: **** Returning random move!
<= 
<
>genmove w
<= d4
<
>play b g4
3db87 info: Best move cannot be determined, must search state.
3db87 info: --- MoHexPlayer::Search() ---
3db87 info: Color: white
3db87 info: MaxGames: 1
3db87 info: NumberThreads: 1
3db87 info: MaxNodes: 9090 (799920 bytes)
3db87 info: TimeForMove: 1
3db87 info: PreSearch: max time reached (36/80).
3db87 info: Time for PreSearch: 0.201993s
3db87 info: 
  d90439f0d4643bde
  a  b  c  d  e  f  g  h  i  j  k  
 1\w  .  *  *  *  *  *  *  *  *  .\1
  2\w  .  *  *  *  *  *  *  *  *  .\2
   3\W  *  *  *  *  *  *  *  *  *  .\3
    4\.  *  *  *  *  W  *  *  *  *  .\4
     5\.  *  *  *  *  W  *  *  *  *  .\5
      6\.  *  *  *  *  *  *  *  *  *  .\6
       7\.  *  *  *  *  B  *  *  *  *  .\7
        8\.  *  *  *  W  *  W  *  *  B  b\8
         9\B  B  B  *  *  *  *  *  B  B  w\9
         10\B  .  *  *  *  *  *  *  .  .  w\10
          11\*  .  *  *  *  W  *  .  .  .  W\11
              a  b  c  d  e  f  g  h  i  j  k  
3db87 info: Old: [black, f7] [white, swap-pieces] [white, k11] [black, j9] [white, a3] [black, c9] [white, f5] [black, a10] [white, g8] [black, j8] [white, f4] [black, a9] [white, f11] [black, b9] 
3db87 info: New: [black, f7] [white, swap-pieces] [white, k11] [black, j9] [white, a3] [black, c9] [white, f5] [black, a10] [white, g8] [black, j8] [white, f4] [black, a9] [white, f11] [black, b9] [white, e8] [black, i9] 
3db87 info: MovesPlayed: [white, e8] [black, i9] 
3db87 info: No subtree to reuse.
3db87 info: StartSearch()[0]
SgUctSearch: max games reached
3db87 info: 
Elapsed Time   0.342372s
Count          1
GamesPlayed    1
Nodes          1
Knowledge      0 (0.0%)
Expansions     0.0
Time           0.00
GameLen        101.0 dev=0.0 min=101.0 max=101.0
InTree         0.0 dev=0.0 min=0.0 max=0.0
KnowDepth      -
Aborted        0%
Games/s        3690.0
Score          1.00
Sequence      
3db87 info: 
3db87 warning: **** MoHexSearch returned empty sequence!
3db87 warning: **** Returning random move!
<= 
<
>genmove w
<= i4
<
>play b e5
3db87 info: Best move cannot be determined, must search state.
3db87 info: --- MoHexPlayer::Search() ---
3db87 info: Color: white
3db87 info: MaxGames: 1
3db87 info: NumberThreads: 1
3db87 info: MaxNodes: 9090 (799920 bytes)
3db87 info: TimeForMove: 1
3db87 info: PreSearch: max time reached (36/76).
3db87 info: Time for PreSearch: 0.206255s
3db87 info: 
  8836550ad90cbb79
  a  b  c  d  e  f  g  h  i  j  k  
 1\w  .  *  *  *  *  *  *  *  *  .\1
  2\w  .  *  *  *  *  *  *  *  *  .\2
   3\W  *  *  *  *  *  *  *  *  *  .\3
    4\.  *  *  W  .  W  B  *  *  *  .\4
     5\.  *  *  *  .  W  *  *  *  *  .\5
      6\.  *  *  *  *  *  *  *  *  *  .\6
       7\.  *  *  *  *  B  *  *  *  *  .\7
        8\.  *  *  *  W  *  W  *  *  B  b\8
         9\B  B  B  *  *  *  *  *  B  B  w\9
         10\B  .  *  *  *  *  *  *  .  .  w\10
          11\*  .  *  *  *  W  *  .  .  .  W\11
              a  b  c  d  e  f  g  h  i  j  k  
3db87 info: Old: [black, f7] [white, swap-pieces] [white, k11] [black, j9] [white, a3] [black, c9] [white, f5] [black, a10] [white, g8] [black, j8] [white, f4] [black, a9] [white, f11] [black, b9] [white, e8] [black, i9] 
3db87 info: New: [black, f7] [white, swap-pieces] [white, k11] [black, j9] [white, a3] [black, c9] [white, f5] [black, a10] [white, g8] [black, j8] [white, f4] [black, a9] [white, f11] [black, b9] [white, e8] [black, i9] [white, d4] [black, g4] 
3db87 info: MovesPlayed: [white, d4] [black, g4] 
3db87 info: No subtree to reuse.
3db87 info: StartSearch()[0]
SgUctSearch: max games reached
3db87 info: 
Elapsed Time   0.35571s
Count          1
GamesPlayed    1
Nodes          1
Knowledge      0 (0.0%)
Expansions     0.0
Time           0.00
GameLen        99.0 dev=0.0 min=99.0 max=99.0
InTree         0.0 dev=0.0 min=0.0 max=0.0
KnowDepth      -
Aborted        0%
Games/s        3378.4
Score          1.00
Sequence      
3db87 info: 
3db87 warning: **** MoHexSearch returned empty sequence!
3db87 warning: **** Returning random move!
<= 
<
>genmove w
<= h6
<
>play b i8
3db87 info: Best move cannot be determined, must search state.
3db87 info: --- MoHexPlayer::Search() ---
3db87 info: Color: white
3db87 info: MaxGames: 1
3db87 info: NumberThreads: 1
3db87 info: MaxNodes: 9090 (799920 bytes)
3db87 info: TimeForMove: 1
3db87 info: PreSearch: max time reached (34/75).
3db87 info: Time for PreSearch: 0.203645s
3db87 info: 
  86165d2e2f01a2a9
  a  b  c  d  e  f  g  h  i  j  k  
 1\w  .  *  *  *  *  *  *  *  *  .\1
  2\w  .  *  *  *  *  *  *  *  *  .\2
   3\W  *  *  *  *  *  *  *  *  *  .\3
    4\.  *  *  W  *  W  B  *  W  .  .\4
     5\.  *  *  *  B  W  *  *  *  *  .\5
      6\.  *  *  *  *  *  *  *  *  *  .\6
       7\.  *  *  *  *  B  *  *  *  *  .\7
        8\.  *  *  *  W  *  W  *  *  B  b\8
         9\B  B  B  *  *  *  *  *  B  B  w\9
         10\B  .  *  *  *  *  *  *  .  .  w\10
          11\*  .  *  *  *  W  *  .  .  .  W\11
              a  b  c  d  e  f  g  h  i  j  k  
3db87 info: Old: [black, f7] [white, swap-pieces] [white, k11] [black, j9] [white, a3] [black, c9] [white, f5] [black, a10] [white, g8] [black, j8] [white, f4] [black, a9] [white, f11] [black, b9] [white, e8] [black, i9] [white, d4] [black, g4] 
3db87 info: New: [black, f7] [white, swap-pieces] [white, k11] [black, j9] [white, a3] [black, c9] [white, f5] [black, a10] [white, g8] [black, j8] [white, f4] [black, a9] [white, f11] [black, b9] [white, e8] [black, i9] [white, d4] [black, g4] [white, i4] [black, e5] 
3db87 info: MovesPlayed: [white, i4] [black, e5] 
3db87 info: No subtree to reuse.
3db87 info: StartSearch()[0]
SgUctSearch: max games reached
3db87 info: 
Elapsed Time   0.357985s
Count          1
GamesPlayed    1
Nodes          1
Knowledge      0 (0.0%)
Expansions     0.0
Time           0.00
GameLen        97.0 dev=0.0 min=97.0 max=97.0
InTree         0.0 dev=0.0 min=0.0 max=0.0
KnowDepth      -
Aborted        0%
Games/s        3610.1
Score          1.00
Sequence      
3db87 info: 
3db87 warning: **** MoHexSearch returned empty sequence!
3db87 warning: **** Returning random move!
<= 
<
>genmove w
<= k5
<
>play b e6
3db87 info: Best move cannot be determined, must search state.
3db87 info: --- MoHexPlayer::Search() ---
3db87 info: Color: white
3db87 info: MaxGames: 1
3db87 info: NumberThreads: 1
3db87 info: MaxNodes: 9090 (799920 bytes)
3db87 info: TimeForMove: 1
3db87 info: PreSearch: max time reached (13/69).
3db87 info: Time for PreSearch: 0.214495s
3db87 info: 
  c8df8ef8828fabcf
  a  b  c  d  e  f  g  h  i  j  k  
 1\w  .  *  *  *  *  *  *  *  *  .\1
  2\w  .  *  *  *  *  *  *  *  *  .\2
   3\W  *  *  *  *  *  *  *  *  *  .\3
    4\.  *  *  W  *  W  B  *  W  .  .\4
     5\.  *  *  *  B  W  *  *  *  *  .\5
      6\.  *  *  *  *  *  *  W  *  .  .\6
       7\.  *  *  *  *  B  .  .  *  .  .\7
        8\.  *  *  *  W  *  W  *  B  B  b\8
         9\B  B  B  *  *  *  *  *  B  B  w\9
         10\B  .  *  *  *  *  *  *  .  .  w\10
          11\*  .  *  *  *  W  *  .  .  .  W\11
              a  b  c  d  e  f  g  h  i  j  k  
3db87 info: Old: [black, f7] [white, swap-pieces] [white, k11] [black, j9] [white, a3] [black, c9] [white, f5] [black, a10] [white, g8] [black, j8] [white, f4] [black, a9] [white, f11] [black, b9] [white, e8] [black, i9] [white, d4] [black, g4] [white, i4] [black, e5] 
3db87 info: New: [black, f7] [white, swap-pieces] [white, k11] [black, j9] [white, a3] [black, c9] [white, f5] [black, a10] [white, g8] [black, j8] [white, f4] [black, a9] [white, f11] [black, b9] [white, e8] [black, i9] [white, d4] [black, g4] [white, i4] [black, e5] [white, h6] [black, i8] 
3db87 info: MovesPlayed: [white, h6] [black, i8] 
3db87 info: No subtree to reuse.
3db87 info: StartSearch()[0]
SgUctSearch: max games reached
3db87 info: 
Elapsed Time   0.358764s
Count          1
GamesPlayed    1
Nodes          1
Knowledge      0 (0.0%)
Expansions     0.0
Time           0.00
GameLen        95.0 dev=0.0 min=95.0 max=95.0
InTree         0.0 dev=0.0 min=0.0 max=0.0
KnowDepth      -
Aborted        0%
Games/s        3690.0
Score          0.00
Sequence      
3db87 info: 
3db87 warning: **** MoHexSearch returned empty sequence!
3db87 warning: **** Returning random move!
<= 
<
>genmove w
<= f3
<
>play b e3
3db87 info: Winning SC.
<= 
<
>genmove w
<= e4
<
>play b j4
3db87 info: Winning SC.
<= 
<
>genmove w
<= g6
<
>play b f6
3db87 info: Winning SC.
<= 
<
>genmove w
<= g5
<
>play b a5
3db87 info: Winning SC.
<= 
<
>genmove w
<= b5
<
>play b a6
3db87 info: Winning SC.
<= 
<
>genmove w
<= b4
<
>play b c4
3db87 info: Winning SC.
<= 
<
>genmove w
<= c5
<
>play b k2
3db87 info: Winning SC.
<= 
<
>genmove w
<= j5
<
>play b c6
3db87 info: Winning SC.
<= 
<
>genmove w
<= i5
<
>play b b3
3db87 info: Winning SC.
<= 
<
>genmove w
<= a4
<
>play b resign
3db87 info: Winning SC.
<= 
<
>final_score
<= W+
<
>quit
<= 
<
