# nice ../build/src/mohex/mohex --config mohex-cg2010.htp --seed 334200 --logfile-name jobs/11x11-mohex-mohex-cg2010-vs-mohex-mohex-weak-2/mohex-mohex-cg2010-364.log
>boardsize 11 11
<= 
<
>name
MoHex 2.0.CMake Mar 21 2025
Copyright (C) 2007-2012 by the authors of the Benzene project.
This program comes with ABSOLUTELY NO WARRANTY. This is
free software and you are welcome to redistribute it under
certain conditions. Type `benzene-license' for details.

SgRandom::SetSeed: 334200
SgUctSearch: system memory 33632358400, using 1000000000 (5681818 nodes)
SgRandom::SetSeed: 1
SgRandom::SetSeed: 334200
c9987 info: Prior Patterns:
c9987 info: Global:
c9987 info: Size            = 565 32648 
c9987 info: TableEntries    = 65932 65910
c9987 info: MirrorsAdded    = 0 0
c9987 info: PrunableCount   = 30593 30629
c9987 info: LargestGamma    = 5820.77
c9987 info: SmallestGamma   = 6.6e-05
c9987 info: Local:
c9987 info: Size            = 550 5318 
c9987 info: TableEntries    = 11602 11588
c9987 info: MirrorsAdded    = 0 0
c9987 info: PrunableCount   = 3659 3667
c9987 info: LargestGamma    = 11281.8
c9987 info: SmallestGamma   = 0.026235
c9987 info: Playout Patterns:
c9987 info: Global:
c9987 info: Size            = 565 32648 
c9987 info: TableEntries    = 70329 70329
c9987 info: MirrorsAdded    = 4397 4419
c9987 info: PrunableCount   = 30593 30629
c9987 info: LargestGamma    = 5820.77
c9987 info: SmallestGamma   = 6.6e-05
c9987 info: Local:
c9987 info: Size            = 550 5318 
c9987 info: TableEntries    = 11602 11588
c9987 info: MirrorsAdded    = 0 0
c9987 info: PrunableCount   = 3659 3667
c9987 info: LargestGamma    = 11281.8
c9987 info: SmallestGamma   = 0.026235
param_game allow_swap 1
= 

param_mohex max_memory 32000000000
= 

param_mohex num_threads 1
= 

param_mohex max_time 1
= 

param_mohex max_games 1
= 

param_mohex knowledge_threshold 400
= 

param_mohex reuse_subtree 1
= 

param_mohex use_parallel_solver 0
= 

<= MoHex
<
>version
<= 2.0.CMake
<
>play b f7
<= 
<
>showboard
<= 
< 
<  09b8bb842c11814a
<  a  b  c  d  e  f  g  h  i  j  k  
< 1\.  .  .  .  .  .  .  .  .  .  .\1
<  2\.  .  .  .  .  .  .  .  .  .  .\2
<   3\.  .  .  .  .  .  .  .  .  .  .\3
<    4\.  .  .  .  .  .  .  .  .  .  .\4
<     5\.  .  .  .  .  .  .  .  .  .  .\5
<      6\.  .  .  .  .  .  .  .  .  .  .\6
<       7\.  .  .  .  .  B  .  .  .  .  .\7
<        8\.  .  .  .  .  .  .  .  .  .  .\8
<         9\.  .  .  .  .  .  .  .  .  .  .\9
<         10\.  .  .  .  .  .  .  .  .  .  .\10
<          11\.  .  .  .  .  .  .  .  .  .  .\11
<              a  b  c  d  e  f  g  h  i  j  k  
<
>play w swap-pieces
<= 
<
>genmove w
<= h10
<
>play b h4
c9987 info: Best move cannot be determined, must search state.
c9987 info: --- MoHexPlayer::Search() ---
c9987 info: Color: white
c9987 info: MaxGames: 1
c9987 info: NumberThreads: 1
c9987 info: MaxNodes: 181818181 (15999999928 bytes)
c9987 info: TimeForMove: 1
c9987 info: PreSearch: max time reached (53/90).
c9987 info: Time for PreSearch: 0.201706s
c9987 info: 
  09b8bb842c11814a
  a  b  c  d  e  f  g  h  i  j  k  
 1\.  .  .  *  *  *  *  *  *  *  .\1
  2\.  .  *  *  *  *  *  *  *  *  .\2
   3\.  *  *  *  *  *  *  *  *  *  .\3
    4\.  *  *  *  *  *  *  *  *  *  .\4
     5\.  *  *  *  *  *  *  *  *  *  .\5
      6\.  *  *  *  .  *  .  *  *  *  .\6
       7\.  *  *  *  *  B  *  *  *  *  .\7
        8\.  *  *  *  *  *  *  *  *  *  .\8
         9\.  *  *  *  *  *  *  *  *  *  .\9
         10\.  *  *  *  *  *  *  *  *  .  .\10
          11\.  *  *  *  *  *  *  *  .  .  .\11
              a  b  c  d  e  f  g  h  i  j  k  
c9987 info: No subtree to reuse.
c9987 info: Creating thread 0
c9987 info: StartSearch()[0]
SgUctSearch: max games reached
c9987 info: 
Elapsed Time   0.540275s
Count          1
GamesPlayed    1
Nodes          1
Knowledge      0 (0.0%)
Expansions     0.0
Time           0.00
GameLen        120.0 dev=0.0 min=120.0 max=120.0
InTree         0.0 dev=0.0 min=0.0 max=0.0
KnowDepth      -
Aborted        0%
Games/s        396.0
Score          1.00
Sequence      
c9987 info: 
c9987 warning: **** MoHexSearch returned empty sequence!
c9987 warning: **** Returning random move!
<= 
<
>genmove w
<= h8
<
>play b h1
c9987 info: Best move cannot be determined, must search state.
c9987 info: --- MoHexPlayer::Search() ---
c9987 info: Color: white
c9987 info: MaxGames: 1
c9987 info: NumberThreads: 1
c9987 info: MaxNodes: 181818181 (15999999928 bytes)
c9987 info: TimeForMove: 1
c9987 info: PreSearch: max time reached (45/88).
c9987 info: Time for PreSearch: 0.202297s
c9987 info: 
  fc0711708c7265d8
  a  b  c  d  e  f  g  h  i  j  k  
 1\.  .  .  *  *  *  *  *  *  *  .\1
  2\.  .  *  *  *  *  *  *  *  *  .\2
   3\.  *  *  *  *  *  *  *  *  *  .\3
    4\.  *  *  *  *  *  *  B  *  *  .\4
     5\.  *  *  *  *  *  *  *  *  *  .\5
      6\.  *  *  *  *  *  *  *  *  *  .\6
       7\.  *  *  *  *  B  *  *  *  *  .\7
        8\.  *  *  *  *  *  *  *  *  *  .\8
         9\.  *  *  *  *  *  *  *  *  *  .\9
         10\.  *  *  *  *  *  *  W  *  .  .\10
          11\.  *  *  *  *  *  .  .  .  .  .\11
              a  b  c  d  e  f  g  h  i  j  k  
c9987 info: Old: [black, f7] [white, swap-pieces] 
c9987 info: New: [black, f7] [white, swap-pieces] [white, h10] [black, h4] 
c9987 info: ReuseSubtree: Colors do not alternate.
c9987 info: No subtree to reuse.
c9987 info: StartSearch()[0]
SgUctSearch: max games reached
c9987 info: 
Elapsed Time   0.355154s
Count          1
GamesPlayed    1
Nodes          1
Knowledge      0 (0.0%)
Expansions     0.0
Time           0.00
GameLen        118.0 dev=0.0 min=118.0 max=118.0
InTree         0.0 dev=0.0 min=0.0 max=0.0
KnowDepth      -
Aborted        0%
Games/s        2638.5
Score          1.00
Sequence      
c9987 info: 
c9987 warning: **** MoHexSearch returned empty sequence!
c9987 warning: **** Returning random move!
<= 
<
>genmove w
<= g8
<
>play b j4
c9987 info: Best move cannot be determined, must search state.
c9987 info: --- MoHexPlayer::Search() ---
c9987 info: Color: white
c9987 info: MaxGames: 1
c9987 info: NumberThreads: 1
c9987 info: MaxNodes: 181818181 (15999999928 bytes)
c9987 info: TimeForMove: 1
c9987 info: PreSearch: max time reached (42/84).
c9987 info: Time for PreSearch: 0.204892s
c9987 info: 
  bbc7f79100decdec
  a  b  c  d  e  f  g  h  i  j  k  
 1\.  .  .  *  *  *  .  B  .  *  .\1
  2\.  .  *  *  *  *  *  *  *  *  .\2
   3\.  *  *  *  *  *  *  *  *  *  .\3
    4\.  *  *  *  *  *  *  B  *  *  .\4
     5\.  *  *  *  *  *  *  *  *  *  .\5
      6\.  *  *  *  *  *  *  *  *  *  .\6
       7\.  *  *  *  *  B  *  *  *  *  .\7
        8\.  *  *  *  *  *  *  W  *  *  .\8
         9\.  *  *  *  *  *  *  *  *  *  .\9
         10\.  *  *  *  *  *  *  W  *  .  .\10
          11\.  *  *  *  *  *  .  .  .  .  .\11
              a  b  c  d  e  f  g  h  i  j  k  
c9987 info: Old: [black, f7] [white, swap-pieces] [white, h10] [black, h4] 
c9987 info: New: [black, f7] [white, swap-pieces] [white, h10] [black, h4] [white, h8] [black, h1] 
c9987 info: MovesPlayed: [white, h8] [black, h1] 
c9987 info: No subtree to reuse.
c9987 info: StartSearch()[0]
SgUctSearch: max games reached
c9987 info: 
Elapsed Time   0.355686s
Count          1
GamesPlayed    1
Nodes          1
Knowledge      0 (0.0%)
Expansions     0.0
Time           0.00
GameLen        116.0 dev=0.0 min=116.0 max=116.0
InTree         0.0 dev=0.0 min=0.0 max=0.0
KnowDepth      -
Aborted        0%
Games/s        3367.0
Score          0.00
Sequence      
c9987 info: 
c9987 warning: **** MoHexSearch returned empty sequence!
c9987 warning: **** Returning random move!
<= 
<
>genmove w
<= b3
<
>play b b10
c9987 info: Best move cannot be determined, must search state.
c9987 info: --- MoHexPlayer::Search() ---
c9987 info: Color: white
c9987 info: MaxGames: 1
c9987 info: NumberThreads: 1
c9987 info: MaxNodes: 181818181 (15999999928 bytes)
c9987 info: TimeForMove: 1
c9987 info: PreSearch: max time reached (37/78).
c9987 info: Time for PreSearch: 0.205832s
c9987 info: 
  0606e4dd5ed46b20
  a  b  c  d  e  f  g  h  i  j  k  
 1\.  .  .  *  *  *  .  B  .  *  .\1
  2\.  .  *  *  *  *  *  *  *  *  .\2
   3\.  *  *  *  *  *  *  *  *  *  .\3
    4\.  *  *  *  *  *  *  B  *  B  .\4
     5\.  *  *  *  *  *  *  *  *  *  .\5
      6\.  *  *  *  *  *  *  *  *  *  .\6
       7\.  *  *  *  *  B  .  .  *  *  .\7
        8\.  *  *  *  *  *  W  W  *  *  .\8
         9\.  *  *  *  *  *  .  .  *  *  .\9
         10\.  *  *  *  *  *  *  W  *  .  .\10
          11\.  *  *  *  *  *  .  .  .  .  .\11
              a  b  c  d  e  f  g  h  i  j  k  
c9987 info: Old: [black, f7] [white, swap-pieces] [white, h10] [black, h4] [white, h8] [black, h1] 
c9987 info: New: [black, f7] [white, swap-pieces] [white, h10] [black, h4] [white, h8] [black, h1] [white, g8] [black, j4] 
c9987 info: MovesPlayed: [white, g8] [black, j4] 
c9987 info: No subtree to reuse.
c9987 info: StartSearch()[0]
SgUctSearch: max games reached
c9987 info: 
Elapsed Time   0.562209s
Count          1
GamesPlayed    1
Nodes          1
Knowledge      0 (0.0%)
Expansions     0.0
Time           0.00
GameLen        114.0 dev=0.0 min=114.0 max=114.0
InTree         0.0 dev=0.0 min=0.0 max=0.0
KnowDepth      -
Aborted        0%
Games/s        3144.7
Score          1.00
Sequence      
c9987 info: 
c9987 warning: **** MoHexSearch returned empty sequence!
c9987 warning: **** Returning random move!
<= 
<
>genmove w
<= j9
<
>play b g6
c9987 info: Best move cannot be determined, must search state.
c9987 info: --- MoHexPlayer::Search() ---
c9987 info: Color: white
c9987 info: MaxGames: 1
c9987 info: NumberThreads: 1
c9987 info: MaxNodes: 181818181 (15999999928 bytes)
c9987 info: TimeForMove: 1
c9987 info: Time for PreSearch: 0.090126s
c9987 info: 
  35153c9846df0272
  a  b  c  d  e  f  g  h  i  j  k  
 1\w  w  .  .  .  .  .  B  .  *  .\1
  2\w  w  .  .  .  .  *  *  *  .  .\2
   3\w  W  .  .  .  .  *  *  *  .  .\3
    4\w  .  .  .  .  .  *  B  .  B  .\4
     5\w  .  .  .  .  .  *  .  .  .  .\5
      6\.  .  .  .  .  .  *  .  .  .  .\6
       7\.  .  .  .  *  B  .  .  .  .  .\7
        8\.  .  .  *  *  *  W  W  .  .  .\8
         9\.  .  *  *  *  *  .  .  .  .  .\9
         10\.  B  .  *  *  *  .  W  .  .  .\10
          11\b  b  b  .  *  *  .  .  .  .  .\11
              a  b  c  d  e  f  g  h  i  j  k  
c9987 info: Old: [black, f7] [white, swap-pieces] [white, h10] [black, h4] [white, h8] [black, h1] [white, g8] [black, j4] 
c9987 info: New: [black, f7] [white, swap-pieces] [white, h10] [black, h4] [white, h8] [black, h1] [white, g8] [black, j4] [white, b3] [black, b10] 
c9987 info: MovesPlayed: [white, b3] [black, b10] 
c9987 info: No subtree to reuse.
c9987 info: StartSearch()[0]
SgUctSearch: max games reached
c9987 info: 
Elapsed Time   0.233396s
Count          1
GamesPlayed    1
Nodes          1
Knowledge      0 (0.0%)
Expansions     0.0
Time           0.00
GameLen        102.0 dev=0.0 min=102.0 max=102.0
InTree         0.0 dev=0.0 min=0.0 max=0.0
KnowDepth      -
Aborted        0%
Games/s        3164.6
Score          1.00
Sequence      
c9987 info: 
c9987 warning: **** MoHexSearch returned empty sequence!
c9987 warning: **** Returning random move!
<= 
<
>genmove w
<= d11
<
>play b e9
c9987 info: Opponent has won; playing most blocking move.
<= 
<
>genmove w
<= e8
<
>play b f8
c9987 info: Opponent has won; playing most blocking move.
<= 
<
>genmove w
<= h5
<
>play b g5
c9987 info: Opponent has won; playing most blocking move.
<= 
<
>genmove w
<= f5
<
>play b g3
c9987 info: Opponent has won; playing most blocking move.
<= 
<
>genmove w
<= h2
<
>play b g2
c9987 info: Opponent has won; playing most blocking move.
<= 
<
>genmove w
<= f10
<
>play b d10
c9987 info: Opponent has won; playing most blocking move.
<= 
<
>genmove w
<= h3
<
>play b g4
c9987 info: Opponent has won; playing most blocking move.
<= 
<
>genmove w
<= c11
<
>play b c10
c9987 info: Captured cells caused win! Removing...
c9987 info: Opponent has won; playing most blocking move.
<= 
<
>genmove w
<= a11
<
>play b b11
c9987 info: Captured cells caused win! Removing...
c9987 info: Opponent has won; playing most blocking move.
<= 
<
>genmove w
<= resign
<
>final_score
<= B+
<
>quit
<= 
<
