# nice ../build/src/mohex/mohex --config mohex-weak.htp --seed 761665 --logfile-name jobs/11x11-mohex-mohex-cg2010-vs-mohex-mohex-weak-2/mohex-mohex-weak-44.log
>boardsize 11 11
MoHex 2.0.CMake Mar 21 2025
Copyright (C) 2007-2012 by the authors of the Benzene project.
This program comes with ABSOLUTELY NO WARRANTY. This is
free software and you are welcome to redistribute it under
certain conditions. Type `benzene-license' for details.

SgRandom::SetSeed: 761665
SgUctSearch: system memory 33632358400, using 1000000000 (5681818 nodes)
SgRandom::SetSeed: 1
SgRandom::SetSeed: 761665
bf327 info: Prior Patterns:
bf327 info: Global:
bf327 info: Size            = 565 32648 
bf327 info: TableEntries    = 65932 65910
bf327 info: MirrorsAdded    = 0 0
bf327 info: PrunableCount   = 30593 30629
bf327 info: LargestGamma    = 5820.77
bf327 info: SmallestGamma   = 6.6e-05
bf327 info: Local:
bf327 info: Size            = 550 5318 
bf327 info: TableEntries    = 11602 11588
bf327 info: MirrorsAdded    = 0 0
bf327 info: PrunableCount   = 3659 3667
bf327 info: LargestGamma    = 11281.8
bf327 info: SmallestGamma   = 0.026235
bf327 info: Playout Patterns:
bf327 info: Global:
bf327 info: Size            = 565 32648 
bf327 info: TableEntries    = 70329 70329
bf327 info: MirrorsAdded    = 4397 4419
bf327 info: PrunableCount   = 30593 30629
bf327 info: LargestGamma    = 5820.77
bf327 info: SmallestGamma   = 6.6e-05
bf327 info: Local:
bf327 info: Size            = 550 5318 
bf327 info: TableEntries    = 11602 11588
bf327 info: MirrorsAdded    = 0 0
bf327 info: PrunableCount   = 3659 3667
bf327 info: LargestGamma    = 11281.8
bf327 info: SmallestGamma   = 0.026235
param_game allow_swap 1
= 

param_mohex max_memory 1600000
= 

param_mohex num_threads 1
= 

param_mohex max_time 1
= 

param_mohex max_games 1
= 

param_mohex knowledge_threshold 400
= 

param_mohex reuse_subtree 1
= 

param_mohex use_parallel_solver 0
= 

<= 
<
>name
<= MoHex
<
>version
<= 2.0.CMake
<
>play b c1
<= 
<
>genmove w
<= e9
<
>play b g6
bf327 info: SwapCheck: reading from '/home/linus/MoHex2.0/nfbranchfix/benzene-vanilla-cmake/share/swap-moves.txt'.
bf327 info: SwapCheck: opting not to swap.
bf327 info: Best move cannot be determined, must search state.
bf327 info: --- MoHexPlayer::Search() ---
bf327 info: Color: white
bf327 info: MaxGames: 1
bf327 info: NumberThreads: 1
bf327 info: MaxNodes: 9090 (799920 bytes)
bf327 info: TimeForMove: 1
bf327 info: PreSearch: max time reached (50/91).
bf327 info: Time for PreSearch: 0.201856s
bf327 info: 
  d1f3b5af77207658
  a  b  c  d  e  f  g  h  i  j  k  
 1\b  b  B  .  *  *  *  *  *  *  .\1
  2\.  .  *  *  *  *  *  *  *  *  .\2
   3\.  .  *  *  *  *  *  *  *  *  .\3
    4\.  *  *  *  *  *  *  *  *  *  .\4
     5\.  *  *  *  *  *  *  *  *  *  .\5
      6\.  *  *  *  *  *  *  *  *  *  .\6
       7\.  *  *  *  *  *  *  *  *  *  .\7
        8\.  *  *  *  *  *  *  *  *  *  .\8
         9\.  *  *  *  *  *  *  *  *  *  .\9
         10\.  *  *  *  *  *  *  *  *  .  .\10
          11\.  *  *  *  *  *  *  *  .  .  .\11
              a  b  c  d  e  f  g  h  i  j  k  
bf327 info: No subtree to reuse.
bf327 info: Creating thread 0
bf327 info: StartSearch()[0]
SgUctSearch: max games reached
bf327 info: 
Elapsed Time   0.34861s
Count          1
GamesPlayed    1
Nodes          1
Knowledge      0 (0.0%)
Expansions     0.0
Time           0.00
GameLen        118.0 dev=0.0 min=118.0 max=118.0
InTree         0.0 dev=0.0 min=0.0 max=0.0
KnowDepth      -
Aborted        0%
Games/s        375.1
Score          1.00
Sequence      
bf327 info: 
bf327 warning: **** MoHexSearch returned empty sequence!
bf327 warning: **** Returning random move!
<= 
<
>genmove w
<= d7
<
>play b i5
bf327 info: Best move cannot be determined, must search state.
bf327 info: --- MoHexPlayer::Search() ---
bf327 info: Color: white
bf327 info: MaxGames: 1
bf327 info: NumberThreads: 1
bf327 info: MaxNodes: 9090 (799920 bytes)
bf327 info: TimeForMove: 1
bf327 info: PreSearch: max time reached (42/89).
bf327 info: Time for PreSearch: 0.20164s
bf327 info: 
  1f22ab858a209780
  a  b  c  d  e  f  g  h  i  j  k  
 1\b  b  B  .  *  *  *  *  *  *  .\1
  2\.  .  *  *  *  *  *  *  *  *  .\2
   3\.  .  *  *  *  *  *  *  *  *  .\3
    4\.  *  *  *  *  *  *  *  *  *  .\4
     5\.  *  *  *  *  *  *  *  *  *  .\5
      6\.  *  *  *  *  *  B  *  *  *  .\6
       7\.  *  *  *  *  *  *  *  *  *  .\7
        8\.  *  *  *  *  *  *  *  *  *  .\8
         9\.  *  *  *  W  *  *  *  *  *  .\9
         10\.  *  *  *  *  *  *  *  *  .  .\10
          11\.  *  *  *  *  *  *  *  .  .  .\11
              a  b  c  d  e  f  g  h  i  j  k  
bf327 info: Old: [black, c1] 
bf327 info: New: [black, c1] [white, e9] [black, g6] 
bf327 info: MovesPlayed: [white, e9] [black, g6] 
bf327 info: No subtree to reuse.
bf327 info: StartSearch()[0]
SgUctSearch: max games reached
bf327 info: 
Elapsed Time   0.600721s
Count          1
GamesPlayed    1
Nodes          1
Knowledge      0 (0.0%)
Expansions     0.0
Time           0.00
GameLen        116.0 dev=0.0 min=116.0 max=116.0
InTree         0.0 dev=0.0 min=0.0 max=0.0
KnowDepth      -
Aborted        0%
Games/s        2873.6
Score          0.00
Sequence      
bf327 info: 
bf327 warning: **** MoHexSearch returned empty sequence!
bf327 warning: **** Returning random move!
<= 
<
>genmove w
<= e8
<
>play b a3
bf327 info: Best move cannot be determined, must search state.
bf327 info: --- MoHexPlayer::Search() ---
bf327 info: Color: white
bf327 info: MaxGames: 1
bf327 info: NumberThreads: 1
bf327 info: MaxNodes: 9090 (799920 bytes)
bf327 info: TimeForMove: 1
bf327 info: PreSearch: max time reached (39/85).
bf327 info: Time for PreSearch: 0.201763s
bf327 info: 
  a69f79ed63f71c60
  a  b  c  d  e  f  g  h  i  j  k  
 1\b  b  B  .  *  *  *  *  *  *  .\1
  2\.  .  *  *  *  *  *  *  *  *  .\2
   3\.  .  *  *  *  *  *  *  *  *  .\3
    4\.  *  *  *  *  *  *  *  *  .  .\4
     5\.  *  *  *  *  *  *  *  B  .  .\5
      6\.  *  *  *  *  *  B  *  *  *  .\6
       7\.  *  *  W  *  *  *  *  *  *  .\7
        8\.  *  *  *  *  *  *  *  *  *  .\8
         9\.  *  *  *  W  *  *  *  *  *  .\9
         10\.  *  *  *  *  *  *  *  *  .  .\10
          11\.  *  *  *  *  *  *  *  .  .  .\11
              a  b  c  d  e  f  g  h  i  j  k  
bf327 info: Old: [black, c1] [white, e9] [black, g6] 
bf327 info: New: [black, c1] [white, e9] [black, g6] [white, d7] [black, i5] 
bf327 info: MovesPlayed: [white, d7] [black, i5] 
bf327 info: No subtree to reuse.
bf327 info: StartSearch()[0]
SgUctSearch: max games reached
bf327 info: 
Elapsed Time   0.3495s
Count          1
GamesPlayed    1
Nodes          1
Knowledge      0 (0.0%)
Expansions     0.0
Time           0.00
GameLen        114.0 dev=0.0 min=114.0 max=114.0
InTree         0.0 dev=0.0 min=0.0 max=0.0
KnowDepth      -
Aborted        0%
Games/s        3636.4
Score          0.00
Sequence      
bf327 info: 
bf327 warning: **** MoHexSearch returned empty sequence!
bf327 warning: **** Returning random move!
<= 
<
>genmove w
<= b3
<
>play b b8
bf327 info: Best move cannot be determined, must search state.
bf327 info: --- MoHexPlayer::Search() ---
bf327 info: Color: white
bf327 info: MaxGames: 1
bf327 info: NumberThreads: 1
bf327 info: MaxNodes: 9090 (799920 bytes)
bf327 info: TimeForMove: 1
bf327 info: PreSearch: max time reached (34/83).
bf327 info: Time for PreSearch: 0.201762s
bf327 info: 
  61625a6924c67c6b
  a  b  c  d  e  f  g  h  i  j  k  
 1\b  b  B  b  .  *  *  *  *  *  .\1
  2\b  b  .  *  *  *  *  *  *  *  .\2
   3\B  *  *  *  *  *  *  *  *  *  .\3
    4\.  *  *  *  *  *  *  *  *  .  .\4
     5\.  *  *  *  *  *  *  *  B  .  .\5
      6\.  *  *  *  *  *  B  *  *  *  .\6
       7\.  *  *  W  *  *  *  *  *  *  .\7
        8\.  *  *  *  W  *  *  *  *  *  .\8
         9\.  *  *  *  W  *  *  *  *  *  .\9
         10\.  *  *  *  *  *  *  *  *  .  .\10
          11\.  *  *  *  *  *  *  *  .  .  .\11
              a  b  c  d  e  f  g  h  i  j  k  
bf327 info: Old: [black, c1] [white, e9] [black, g6] [white, d7] [black, i5] 
bf327 info: New: [black, c1] [white, e9] [black, g6] [white, d7] [black, i5] [white, e8] [black, a3] 
bf327 info: MovesPlayed: [white, e8] [black, a3] 
bf327 info: No subtree to reuse.
bf327 info: StartSearch()[0]
SgUctSearch: max games reached
bf327 info: 
Elapsed Time   0.347336s
Count          1
GamesPlayed    1
Nodes          1
Knowledge      0 (0.0%)
Expansions     0.0
Time           0.00
GameLen        109.0 dev=0.0 min=109.0 max=109.0
InTree         0.0 dev=0.0 min=0.0 max=0.0
KnowDepth      -
Aborted        0%
Games/s        3105.6
Score          0.00
Sequence      
bf327 info: 
bf327 warning: **** MoHexSearch returned empty sequence!
bf327 warning: **** Returning random move!
<= 
<
>genmove w
<= i3
<
>play b b5
bf327 info: Best move cannot be determined, must search state.
bf327 info: --- MoHexPlayer::Search() ---
bf327 info: Color: white
bf327 info: MaxGames: 1
bf327 info: NumberThreads: 1
bf327 info: MaxNodes: 9090 (799920 bytes)
bf327 info: TimeForMove: 1
bf327 info: PreSearch: max time reached (40/81).
bf327 info: Time for PreSearch: 0.201145s
bf327 info: 
  ccae1cc4cef3072a
  a  b  c  d  e  f  g  h  i  j  k  
 1\b  b  B  b  .  *  *  *  *  *  .\1
  2\b  b  .  *  *  *  *  *  *  *  .\2
   3\B  W  *  *  *  *  *  *  *  *  .\3
    4\.  *  *  *  *  *  *  *  *  .  .\4
     5\.  *  *  *  *  *  *  *  B  .  .\5
      6\.  *  *  *  *  *  B  *  *  *  .\6
       7\.  *  *  W  *  *  *  *  *  *  .\7
        8\.  B  *  *  W  *  *  *  *  *  .\8
         9\.  *  *  *  W  *  *  *  *  *  .\9
         10\.  *  *  *  *  *  *  *  *  .  .\10
          11\.  *  *  *  *  *  *  *  .  .  .\11
              a  b  c  d  e  f  g  h  i  j  k  
bf327 info: Old: [black, c1] [white, e9] [black, g6] [white, d7] [black, i5] [white, e8] [black, a3] 
bf327 info: New: [black, c1] [white, e9] [black, g6] [white, d7] [black, i5] [white, e8] [black, a3] [white, b3] [black, b8] 
bf327 info: MovesPlayed: [white, b3] [black, b8] 
bf327 info: No subtree to reuse.
bf327 info: StartSearch()[0]
SgUctSearch: max games reached
bf327 info: 
Elapsed Time   0.552679s
Count          1
GamesPlayed    1
Nodes          1
Knowledge      0 (0.0%)
Expansions     0.0
Time           0.00
GameLen        107.0 dev=0.0 min=107.0 max=107.0
InTree         0.0 dev=0.0 min=0.0 max=0.0
KnowDepth      -
Aborted        0%
Games/s        3584.2
Score          0.00
Sequence      
bf327 info: 
bf327 warning: **** MoHexSearch returned empty sequence!
bf327 warning: **** Returning random move!
<= 
<
>genmove w
<= g1
<
>play b h7
bf327 info: Best move cannot be determined, must search state.
bf327 info: --- MoHexPlayer::Search() ---
bf327 info: Color: white
bf327 info: MaxGames: 1
bf327 info: NumberThreads: 1
bf327 info: MaxNodes: 9090 (799920 bytes)
bf327 info: TimeForMove: 1
bf327 info: PreSearch: max time reached (45/78).
bf327 info: Time for PreSearch: 0.200408s
bf327 info: 
  a62506d5c8a105a7
  a  b  c  d  e  f  g  h  i  j  k  
 1\b  b  B  b  .  *  *  *  *  *  .\1
  2\b  b  .  *  *  *  *  *  *  *  .\2
   3\B  W  *  *  *  *  *  *  W  .  .\3
    4\.  *  *  *  *  *  *  *  *  .  .\4
     5\.  B  *  *  *  *  *  *  B  .  .\5
      6\.  *  *  *  *  *  B  *  *  *  .\6
       7\.  *  *  W  *  *  *  *  *  *  .\7
        8\.  B  *  *  W  *  *  *  *  *  .\8
         9\.  *  *  *  W  *  *  *  *  *  .\9
         10\.  *  *  *  *  *  *  *  *  .  .\10
          11\.  *  *  *  *  *  *  *  .  .  .\11
              a  b  c  d  e  f  g  h  i  j  k  
bf327 info: Old: [black, c1] [white, e9] [black, g6] [white, d7] [black, i5] [white, e8] [black, a3] [white, b3] [black, b8] 
bf327 info: New: [black, c1] [white, e9] [black, g6] [white, d7] [black, i5] [white, e8] [black, a3] [white, b3] [black, b8] [white, i3] [black, b5] 
bf327 info: MovesPlayed: [white, i3] [black, b5] 
bf327 info: No subtree to reuse.
bf327 info: StartSearch()[0]
SgUctSearch: max games reached
bf327 info: 
Elapsed Time   0.351816s
Count          1
GamesPlayed    1
Nodes          1
Knowledge      0 (0.0%)
Expansions     0.0
Time           0.00
GameLen        105.0 dev=0.0 min=105.0 max=105.0
InTree         0.0 dev=0.0 min=0.0 max=0.0
KnowDepth      -
Aborted        0%
Games/s        2544.5
Score          1.00
Sequence      
bf327 info: 
bf327 warning: **** MoHexSearch returned empty sequence!
bf327 warning: **** Returning random move!
<= 
<
>genmove w
<= f7
<
>play b d8
bf327 info: Best move cannot be determined, must search state.
bf327 info: --- MoHexPlayer::Search() ---
bf327 info: Color: white
bf327 info: MaxGames: 1
bf327 info: NumberThreads: 1
bf327 info: MaxNodes: 9090 (799920 bytes)
bf327 info: TimeForMove: 1
bf327 info: PreSearch: max time reached (54/76).
bf327 info: Time for PreSearch: 0.201384s
bf327 info: 
  14b2bfc4dc897d1a
  a  b  c  d  e  f  g  h  i  j  k  
 1\b  b  B  b  .  *  W  *  *  *  .\1
  2\b  b  .  *  *  *  *  *  *  *  .\2
   3\B  W  *  *  *  *  *  *  W  .  .\3
    4\.  *  *  *  *  *  *  *  *  .  .\4
     5\.  B  *  *  *  *  *  *  B  .  .\5
      6\.  *  *  *  *  *  B  *  *  *  .\6
       7\.  *  *  W  *  *  *  B  *  *  .\7
        8\.  B  *  *  W  *  *  *  *  *  .\8
         9\.  *  *  *  W  *  *  *  *  *  .\9
         10\.  *  *  *  *  *  *  *  *  .  .\10
          11\.  *  *  *  *  *  *  *  .  .  .\11
              a  b  c  d  e  f  g  h  i  j  k  
bf327 info: Old: [black, c1] [white, e9] [black, g6] [white, d7] [black, i5] [white, e8] [black, a3] [white, b3] [black, b8] [white, i3] [black, b5] 
bf327 info: New: [black, c1] [white, e9] [black, g6] [white, d7] [black, i5] [white, e8] [black, a3] [white, b3] [black, b8] [white, i3] [black, b5] [white, g1] [black, h7] 
bf327 info: MovesPlayed: [white, g1] [black, h7] 
bf327 info: No subtree to reuse.
bf327 info: StartSearch()[0]
SgUctSearch: max games reached
bf327 info: 
Elapsed Time   0.346332s
Count          1
GamesPlayed    1
Nodes          1
Knowledge      0 (0.0%)
Expansions     0.0
Time           0.00
GameLen        103.0 dev=0.0 min=103.0 max=103.0
InTree         0.0 dev=0.0 min=0.0 max=0.0
KnowDepth      -
Aborted        0%
Games/s        3508.8
Score          1.00
Sequence      
bf327 info: 
bf327 warning: **** MoHexSearch returned empty sequence!
bf327 warning: **** Returning random move!
<= 
<
>genmove w
<= c10
<
>play b j1
bf327 info: Best move cannot be determined, must search state.
bf327 info: --- MoHexPlayer::Search() ---
bf327 info: Color: white
bf327 info: MaxGames: 1
bf327 info: NumberThreads: 1
bf327 info: MaxNodes: 9090 (799920 bytes)
bf327 info: TimeForMove: 1
bf327 info: PreSearch: max time reached (45/72).
bf327 info: Time for PreSearch: 0.204733s
bf327 info: 
  cf6c0b0503419614
  a  b  c  d  e  f  g  h  i  j  k  
 1\b  b  B  b  .  *  W  *  *  *  .\1
  2\b  b  .  *  *  *  *  *  *  *  .\2
   3\B  W  *  *  *  *  *  *  W  .  .\3
    4\.  *  *  *  *  *  *  *  *  .  .\4
     5\.  B  *  *  *  *  *  *  B  .  .\5
      6\.  *  *  *  *  *  B  *  *  *  .\6
       7\.  *  *  W  *  W  .  B  *  *  .\7
        8\.  B  *  B  W  .  *  *  *  *  .\8
         9\.  *  *  *  W  *  *  *  *  *  .\9
         10\.  *  *  *  *  *  *  *  *  .  .\10
          11\.  *  *  *  *  *  *  *  .  .  .\11
              a  b  c  d  e  f  g  h  i  j  k  
bf327 info: Old: [black, c1] [white, e9] [black, g6] [white, d7] [black, i5] [white, e8] [black, a3] [white, b3] [black, b8] [white, i3] [black, b5] [white, g1] [black, h7] 
bf327 info: New: [black, c1] [white, e9] [black, g6] [white, d7] [black, i5] [white, e8] [black, a3] [white, b3] [black, b8] [white, i3] [black, b5] [white, g1] [black, h7] [white, f7] [black, d8] 
bf327 info: MovesPlayed: [white, f7] [black, d8] 
bf327 info: No subtree to reuse.
bf327 info: StartSearch()[0]
SgUctSearch: max games reached
bf327 info: 
Elapsed Time   0.586739s
Count          1
GamesPlayed    1
Nodes          1
Knowledge      0 (0.0%)
Expansions     0.0
Time           0.00
GameLen        101.0 dev=0.0 min=101.0 max=101.0
InTree         0.0 dev=0.0 min=0.0 max=0.0
KnowDepth      -
Aborted        0%
Games/s        3194.9
Score          0.00
Sequence      
bf327 info: 
bf327 warning: **** MoHexSearch returned empty sequence!
bf327 warning: **** Returning random move!
<= 
<
>genmove w
<= d6
<
>play b d4
bf327 info: Best move cannot be determined, must search state.
bf327 info: --- MoHexPlayer::Search() ---
bf327 info: Color: white
bf327 info: MaxGames: 1
bf327 info: NumberThreads: 1
bf327 info: MaxNodes: 9090 (799920 bytes)
bf327 info: TimeForMove: 1
bf327 info: PreSearch: max time reached (49/63).
bf327 info: Time for PreSearch: 0.201744s
bf327 info: 
  fd28b2c2c7dbbed0
  a  b  c  d  e  f  g  h  i  j  k  
 1\b  b  B  b  .  *  W  .  b  B  .\1
  2\b  b  .  *  *  *  *  *  .  .  .\2
   3\B  W  *  *  *  *  *  *  W  .  .\3
    4\.  *  *  *  *  *  *  *  *  .  .\4
     5\.  B  *  *  *  *  *  *  B  .  .\5
      6\.  *  *  *  *  *  B  *  *  *  .\6
       7\.  *  *  W  *  W  .  B  *  *  .\7
        8\.  B  *  B  W  .  *  *  *  *  .\8
         9\.  *  .  .  W  *  *  *  *  *  .\9
         10\.  .  W  .  *  *  *  *  *  .  .\10
          11\.  .  .  *  *  *  *  *  .  .  .\11
              a  b  c  d  e  f  g  h  i  j  k  
bf327 info: Old: [black, c1] [white, e9] [black, g6] [white, d7] [black, i5] [white, e8] [black, a3] [white, b3] [black, b8] [white, i3] [black, b5] [white, g1] [black, h7] [white, f7] [black, d8] 
bf327 info: New: [black, c1] [white, e9] [black, g6] [white, d7] [black, i5] [white, e8] [black, a3] [white, b3] [black, b8] [white, i3] [black, b5] [white, g1] [black, h7] [white, f7] [black, d8] [white, c10] [black, j1] 
bf327 info: MovesPlayed: [white, c10] [black, j1] 
bf327 info: No subtree to reuse.
bf327 info: StartSearch()[0]
SgUctSearch: max games reached
bf327 info: 
Elapsed Time   0.34693s
Count          1
GamesPlayed    1
Nodes          1
Knowledge      0 (0.0%)
Expansions     0.0
Time           0.00
GameLen        98.0 dev=0.0 min=98.0 max=98.0
InTree         0.0 dev=0.0 min=0.0 max=0.0
KnowDepth      -
Aborted        0%
Games/s        3205.1
Score          1.00
Sequence      
bf327 info: 
bf327 warning: **** MoHexSearch returned empty sequence!
bf327 warning: **** Returning random move!
<= 
<
>genmove w
<= b9
<
>play b g2
bf327 info: Best move cannot be determined, must search state.
bf327 info: --- MoHexPlayer::Search() ---
bf327 info: Color: white
bf327 info: MaxGames: 1
bf327 info: NumberThreads: 1
bf327 info: MaxNodes: 9090 (799920 bytes)
bf327 info: TimeForMove: 1
bf327 info: PreSearch: max time reached (49/58).
bf327 info: Time for PreSearch: 0.201547s
bf327 info: 
  cdb8dd7ff5f6b58b
  a  b  c  d  e  f  g  h  i  j  k  
 1\b  b  B  b  .  *  W  .  b  B  .\1
  2\b  b  .  *  *  *  *  *  .  .  .\2
   3\B  W  *  *  *  *  *  *  W  .  .\3
    4\.  *  *  B  *  *  *  *  *  .  .\4
     5\.  B  *  *  *  *  *  *  B  .  .\5
      6\.  *  *  W  .  *  B  *  *  *  .\6
       7\.  *  .  W  .  W  .  B  *  *  .\7
        8\.  B  *  B  W  .  *  *  *  *  .\8
         9\.  *  .  .  W  *  *  *  *  *  .\9
         10\.  .  W  .  *  *  *  *  *  .  .\10
          11\.  .  .  *  *  *  *  *  .  .  .\11
              a  b  c  d  e  f  g  h  i  j  k  
bf327 info: Old: [black, c1] [white, e9] [black, g6] [white, d7] [black, i5] [white, e8] [black, a3] [white, b3] [black, b8] [white, i3] [black, b5] [white, g1] [black, h7] [white, f7] [black, d8] [white, c10] [black, j1] 
bf327 info: New: [black, c1] [white, e9] [black, g6] [white, d7] [black, i5] [white, e8] [black, a3] [white, b3] [black, b8] [white, i3] [black, b5] [white, g1] [black, h7] [white, f7] [black, d8] [white, c10] [black, j1] [white, d6] [black, d4] 
bf327 info: MovesPlayed: [white, d6] [black, d4] 
bf327 info: No subtree to reuse.
bf327 info: StartSearch()[0]
SgUctSearch: max games reached
bf327 info: 
Elapsed Time   0.345741s
Count          1
GamesPlayed    1
Nodes          1
Knowledge      0 (0.0%)
Expansions     0.0
Time           0.00
GameLen        96.0 dev=0.0 min=96.0 max=96.0
InTree         0.0 dev=0.0 min=0.0 max=0.0
KnowDepth      -
Aborted        0%
Games/s        3194.9
Score          1.00
Sequence      
bf327 info: 
bf327 warning: **** MoHexSearch returned empty sequence!
bf327 warning: **** Returning random move!
<= 
<
>genmove w
<= a4
<
>play b i2
bf327 info: Best move cannot be determined, must search state.
bf327 info: --- MoHexPlayer::Search() ---
bf327 info: Color: white
bf327 info: MaxGames: 1
bf327 info: NumberThreads: 1
bf327 info: MaxNodes: 9090 (799920 bytes)
bf327 info: TimeForMove: 1
bf327 info: PreSearch: max time reached (52/53).
bf327 info: Time for PreSearch: 0.201235s
bf327 info: 
  4ef7dc9d9be43461
  a  b  c  d  e  f  g  h  i  j  k  
 1\b  b  B  b  .  *  W  .  b  B  .\1
  2\b  b  .  *  *  *  B  *  .  .  .\2
   3\B  W  *  *  *  *  *  *  W  .  .\3
    4\.  *  *  B  *  *  *  *  *  .  .\4
     5\.  B  .  *  *  *  *  *  B  .  .\5
      6\.  .  .  W  .  *  B  *  *  *  .\6
       7\.  .  .  W  .  W  .  B  *  *  .\7
        8\.  B  .  B  W  .  *  *  *  *  .\8
         9\w  W  w  .  W  *  *  *  *  *  .\9
         10\w  w  W  .  *  *  *  *  *  .  .\10
          11\b  b  .  .  *  *  *  *  .  .  .\11
              a  b  c  d  e  f  g  h  i  j  k  
bf327 info: Old: [black, c1] [white, e9] [black, g6] [white, d7] [black, i5] [white, e8] [black, a3] [white, b3] [black, b8] [white, i3] [black, b5] [white, g1] [black, h7] [white, f7] [black, d8] [white, c10] [black, j1] [white, d6] [black, d4] 
bf327 info: New: [black, c1] [white, e9] [black, g6] [white, d7] [black, i5] [white, e8] [black, a3] [white, b3] [black, b8] [white, i3] [black, b5] [white, g1] [black, h7] [white, f7] [black, d8] [white, c10] [black, j1] [white, d6] [black, d4] [white, b9] [black, g2] 
bf327 info: MovesPlayed: [white, b9] [black, g2] 
bf327 info: No subtree to reuse.
bf327 info: StartSearch()[0]
SgUctSearch: max games reached
bf327 info: 
Elapsed Time   0.594358s
Count          1
GamesPlayed    1
Nodes          1
Knowledge      0 (0.0%)
Expansions     0.0
Time           0.00
GameLen        88.0 dev=0.0 min=88.0 max=88.0
InTree         0.0 dev=0.0 min=0.0 max=0.0
KnowDepth      -
Aborted        0%
Games/s        3676.5
Score          0.00
Sequence      
bf327 info: 
bf327 warning: **** MoHexSearch returned empty sequence!
bf327 warning: **** Returning random move!
<= 
<
>genmove w
<= e2
<
>play b f6
bf327 info: Best move cannot be determined, must search state.
bf327 info: --- MoHexPlayer::Search() ---
bf327 info: Color: white
bf327 info: MaxGames: 1
bf327 info: NumberThreads: 1
bf327 info: MaxNodes: 9090 (799920 bytes)
bf327 info: TimeForMove: 1
bf327 info: Time for PreSearch: 0.092586s
bf327 info: 
  6262c786f35e28e6
  a  b  c  d  e  f  g  h  i  j  k  
 1\b  b  B  b  b  b  W  b  b  B  .\1
  2\b  b  .  *  *  .  B  b  B  .  .\2
   3\B  W  *  *  *  *  *  *  W  .  .\3
    4\W  .  *  B  *  *  *  *  *  .  .\4
     5\b  B  .  *  *  *  *  *  B  .  .\5
      6\.  .  .  W  .  *  B  *  *  .  .\6
       7\.  .  .  W  .  W  .  B  .  .  .\7
        8\.  B  .  B  W  .  .  *  .  .  .\8
         9\w  W  w  .  W  .  *  .  .  .  .\9
         10\w  w  W  .  .  *  *  .  .  .  .\10
          11\b  b  .  .  *  .  *  .  .  .  .\11
              a  b  c  d  e  f  g  h  i  j  k  
bf327 info: Old: [black, c1] [white, e9] [black, g6] [white, d7] [black, i5] [white, e8] [black, a3] [white, b3] [black, b8] [white, i3] [black, b5] [white, g1] [black, h7] [white, f7] [black, d8] [white, c10] [black, j1] [white, d6] [black, d4] [white, b9] [black, g2] 
bf327 info: New: [black, c1] [white, e9] [black, g6] [white, d7] [black, i5] [white, e8] [black, a3] [white, b3] [black, b8] [white, i3] [black, b5] [white, g1] [black, h7] [white, f7] [black, d8] [white, c10] [black, j1] [white, d6] [black, d4] [white, b9] [black, g2] [white, a4] [black, i2] 
bf327 info: MovesPlayed: [white, a4] [black, i2] 
bf327 info: No subtree to reuse.
bf327 info: StartSearch()[0]
SgUctSearch: max games reached
bf327 info: 
Elapsed Time   0.243915s
Count          1
GamesPlayed    1
Nodes          1
Knowledge      0 (0.0%)
Expansions     0.0
Time           0.00
GameLen        81.0 dev=0.0 min=81.0 max=81.0
InTree         0.0 dev=0.0 min=0.0 max=0.0
KnowDepth      -
Aborted        0%
Games/s        3717.5
Score          0.00
Sequence      
bf327 info: 
bf327 warning: **** MoHexSearch returned empty sequence!
bf327 warning: **** Returning random move!
<= 
<
>genmove w
<= f5
<
>play b k5
bf327 info: Best move cannot be determined, must search state.
bf327 info: --- MoHexPlayer::Search() ---
bf327 info: Color: white
bf327 info: MaxGames: 1
bf327 info: NumberThreads: 1
bf327 info: MaxNodes: 9090 (799920 bytes)
bf327 info: TimeForMove: 1
bf327 info: Time for PreSearch: 0.061835s
bf327 info: 
  ed1eac84cf41c252
  a  b  c  d  e  f  g  h  i  j  k  
 1\b  b  B  b  b  b  W  b  b  B  .\1
  2\b  b  .  .  W  .  B  b  B  .  .\2
   3\B  W  *  .  .  *  *  *  W  .  .\3
    4\W  .  *  B  *  .  *  *  *  .  .\4
     5\b  B  .  *  *  *  *  *  B  .  .\5
      6\.  .  .  W  .  B  B  *  *  .  .\6
       7\.  .  .  W  .  W  .  B  .  .  .\7
        8\.  B  .  B  W  .  .  *  .  .  .\8
         9\w  W  w  .  W  .  *  .  .  .  .\9
         10\w  w  W  .  .  *  *  .  .  .  .\10
          11\b  b  .  .  *  .  *  .  .  .  .\11
              a  b  c  d  e  f  g  h  i  j  k  
bf327 info: Old: [black, c1] [white, e9] [black, g6] [white, d7] [black, i5] [white, e8] [black, a3] [white, b3] [black, b8] [white, i3] [black, b5] [white, g1] [black, h7] [white, f7] [black, d8] [white, c10] [black, j1] [white, d6] [black, d4] [white, b9] [black, g2] [white, a4] [black, i2] 
bf327 info: New: [black, c1] [white, e9] [black, g6] [white, d7] [black, i5] [white, e8] [black, a3] [white, b3] [black, b8] [white, i3] [black, b5] [white, g1] [black, h7] [white, f7] [black, d8] [white, c10] [black, j1] [white, d6] [black, d4] [white, b9] [black, g2] [white, a4] [black, i2] [white, e2] [black, f6] 
bf327 info: MovesPlayed: [white, e2] [black, f6] 
bf327 info: No subtree to reuse.
bf327 info: StartSearch()[0]
SgUctSearch: max games reached
bf327 info: 
Elapsed Time   0.208415s
Count          1
GamesPlayed    1
Nodes          1
Knowledge      0 (0.0%)
Expansions     0.0
Time           0.00
GameLen        79.0 dev=0.0 min=79.0 max=79.0
InTree         0.0 dev=0.0 min=0.0 max=0.0
KnowDepth      -
Aborted        0%
Games/s        3690.0
Score          1.00
Sequence      
bf327 info: 
bf327 warning: **** MoHexSearch returned empty sequence!
bf327 warning: **** Returning random move!
<= 
<
>genmove w
<= g4
<
>play b e5
bf327 info: Winning SC.
<= 
<
>genmove w
<= e6
<
>play b k2
bf327 info: Winning SC.
<= 
<
>genmove w
<= j4
<
>play b j3
bf327 info: Winning SC.
<= 
<
>genmove w
<= i4
<
>play b e7
bf327 info: Winning SC.
<= 
<
>genmove w
<= c8
<
>play b k3
bf327 info: Winning SC.
<= 
<
>genmove w
<= k4
<
>play b h4
bf327 info: Winning SC.
<= 
<
>genmove w
<= h3
<
>play b a9
bf327 info: Winning SC.
<= 
<
>genmove w
<= a10
<
>play b resign
bf327 info: Winning SC.
<= 
<
>final_score
<= W+
<
>quit
<= 
<
