c95d7 config: MoHex v2.0.CMake Mar 21 2025.
c95d7 config: ============ InitializeSystem ============
c95d7 config: BenzeneProgram::InitRandom()
c95d7 config: Seed = 628699
c95d7 info: Prior Patterns:
c95d7 info: Global:
c95d7 info: Size            = 565 32648 
c95d7 info: TableEntries    = 65932 65910
c95d7 info: MirrorsAdded    = 0 0
c95d7 info: PrunableCount   = 30593 30629
c95d7 info: LargestGamma    = 5820.77
c95d7 info: SmallestGamma   = 6.6e-05
c95d7 info: Local:
c95d7 info: Size            = 550 5318 
c95d7 info: TableEntries    = 11602 11588
c95d7 info: MirrorsAdded    = 0 0
c95d7 info: PrunableCount   = 3659 3667
c95d7 info: LargestGamma    = 11281.8
c95d7 info: SmallestGamma   = 0.026235
c95d7 info: Playout Patterns:
c95d7 info: Global:
c95d7 info: Size            = 565 32648 
c95d7 info: TableEntries    = 70329 70329
c95d7 info: MirrorsAdded    = 4397 4419
c95d7 info: PrunableCount   = 30593 30629
c95d7 info: LargestGamma    = 5820.77
c95d7 info: SmallestGamma   = 6.6e-05
c95d7 info: Local:
c95d7 info: Size            = 550 5318 
c95d7 info: TableEntries    = 11602 11588
c95d7 info: MirrorsAdded    = 0 0
c95d7 info: PrunableCount   = 3659 3667
c95d7 info: LargestGamma    = 11281.8
c95d7 info: SmallestGamma   = 0.026235
c95d7 config: IcePatternSet: reading from '/home/linus/MoHex2.0/nfbranchfix/benzene-vanilla-cmake/share/ice-patterns.txt'.
c95d7 config: IcePatternSet: parsed 708 patterns.
c95d7 config: VCS: reading captured set patterns from '/home/linus/MoHex2.0/nfbranchfix/benzene-vanilla-cmake/share/vc-captured-set.txt'.
c95d7 config: VCS:: parsed 2 patterns.
c95d7 config: VCS: reading captured set patterns from '/home/linus/MoHex2.0/nfbranchfix/benzene-vanilla-cmake/share/vc-captured-set.txt'.
c95d7 config: VCS:: parsed 2 patterns.
c95d7 config: IcePatternSet: reading from '/home/linus/MoHex2.0/nfbranchfix/benzene-vanilla-cmake/share/ice-patterns.txt'.
c95d7 config: IcePatternSet: parsed 708 patterns.
c95d7 config: VCS: reading captured set patterns from '/home/linus/MoHex2.0/nfbranchfix/benzene-vanilla-cmake/share/vc-captured-set.txt'.
c95d7 config: VCS:: parsed 2 patterns.
c95d7 config: VCS: reading captured set patterns from '/home/linus/MoHex2.0/nfbranchfix/benzene-vanilla-cmake/share/vc-captured-set.txt'.
c95d7 config: VCS:: parsed 2 patterns.
c95d7 config: VCS: reading captured set patterns from '/home/linus/MoHex2.0/nfbranchfix/benzene-vanilla-cmake/share/vc-captured-set.txt'.
c95d7 config: VCS:: parsed 2 patterns.
c95d7 config: VCS: reading captured set patterns from '/home/linus/MoHex2.0/nfbranchfix/benzene-vanilla-cmake/share/vc-captured-set.txt'.
c95d7 config: VCS:: parsed 2 patterns.
c95d7 config: VCS: reading captured set patterns from '/home/linus/MoHex2.0/nfbranchfix/benzene-vanilla-cmake/share/vc-captured-set.txt'.
c95d7 config: VCS:: parsed 2 patterns.
c95d7 config: VCS: reading captured set patterns from '/home/linus/MoHex2.0/nfbranchfix/benzene-vanilla-cmake/share/vc-captured-set.txt'.
c95d7 config: VCS:: parsed 2 patterns.
c95d7 info: SwapCheck: reading from '/home/linus/MoHex2.0/nfbranchfix/benzene-vanilla-cmake/share/swap-moves.txt'.
c95d7 info: SwapCheck: opting not to swap.
c95d7 config: VCPattern: loading pattern templates from '/home/linus/MoHex2.0/nfbranchfix/benzene-vanilla-cmake/share/vc-patterns.txt'.
c95d7 info: Best move cannot be determined, must search state.
c95d7 info: --- MoHexPlayer::Search() ---
c95d7 info: Color: white
c95d7 info: MaxGames: 1
c95d7 info: NumberThreads: 1
c95d7 info: MaxNodes: 9090 (799920 bytes)
c95d7 info: TimeForMove: 1
c95d7 info: PreSearch: max time reached (41/94).
c95d7 info: Time for PreSearch: 0.204747s
c95d7 info: 
  0523bfb43e6bc35d
  a  b  c  d  e  f  g  h  i  j  k  
 1\B  b  .  *  *  *  *  *  *  *  .\1
  2\.  *  *  *  *  *  *  *  *  *  .\2
   3\.  *  *  *  *  *  *  *  *  *  .\3
    4\.  *  *  *  *  *  *  *  *  *  .\4
     5\.  *  *  *  *  *  *  *  *  *  .\5
      6\.  *  *  *  *  *  *  *  *  *  .\6
       7\.  *  *  *  *  *  *  *  *  *  .\7
        8\.  *  *  *  *  *  *  *  *  *  .\8
         9\.  *  *  *  *  *  *  *  *  *  .\9
         10\.  *  *  *  *  *  *  *  *  .  .\10
          11\.  *  *  *  *  *  *  *  .  .  .\11
              a  b  c  d  e  f  g  h  i  j  k  
c95d7 info: No subtree to reuse.
c95d7 info: Creating thread 0
c95d7 info: StartSearch()[0]
c95d7 config: VCS: reading captured set patterns from '/home/linus/MoHex2.0/nfbranchfix/benzene-vanilla-cmake/share/vc-captured-set.txt'.
c95d7 config: VCS:: parsed 2 patterns.
c95d7 config: VCS: reading captured set patterns from '/home/linus/MoHex2.0/nfbranchfix/benzene-vanilla-cmake/share/vc-captured-set.txt'.
c95d7 config: VCS:: parsed 2 patterns.
c95d7 info: 
Elapsed Time   0.580444s
Count          1
GamesPlayed    1
Nodes          1
Knowledge      0 (0.0%)
Expansions     0.0
Time           0.00
GameLen        119.0 dev=0.0 min=119.0 max=119.0
InTree         0.0 dev=0.0 min=0.0 max=0.0
KnowDepth      -
Aborted        0%
Games/s        359.5
Score          0.00
Sequence      
c95d7 info: 
c95d7 warning: **** MoHexSearch returned empty sequence!
c95d7 warning: **** Returning random move!
c95d7 info: Best move cannot be determined, must search state.
c95d7 info: --- MoHexPlayer::Search() ---
c95d7 info: Color: white
c95d7 info: MaxGames: 1
c95d7 info: NumberThreads: 1
c95d7 info: MaxNodes: 9090 (799920 bytes)
c95d7 info: TimeForMove: 1
c95d7 info: PreSearch: max time reached (41/91).
c95d7 info: Time for PreSearch: 0.200289s
c95d7 info: 
  60d54c6b58713790
  a  b  c  d  e  f  g  h  i  j  k  
 1\B  b  .  *  *  *  *  *  *  *  .\1
  2\.  *  *  *  *  *  *  *  *  *  .\2
   3\.  .  B  *  *  *  *  *  *  *  W\3
    4\.  .  *  *  *  *  *  *  *  *  .\4
     5\.  *  *  *  *  *  *  *  *  *  .\5
      6\.  *  *  *  *  *  *  *  *  *  .\6
       7\.  *  *  *  *  *  *  *  *  *  .\7
        8\.  *  *  *  *  *  *  *  *  *  .\8
         9\.  *  *  *  *  *  *  *  *  *  .\9
         10\.  *  *  *  *  *  *  *  *  .  .\10
          11\.  *  *  *  *  *  *  *  .  .  .\11
              a  b  c  d  e  f  g  h  i  j  k  
c95d7 info: Old: [black, a1] 
c95d7 info: New: [black, a1] [white, k3] [black, c3] 
c95d7 info: MovesPlayed: [white, k3] [black, c3] 
c95d7 info: No subtree to reuse.
c95d7 info: StartSearch()[0]
c95d7 info: 
Elapsed Time   0.373649s
Count          1
GamesPlayed    1
Nodes          1
Knowledge      0 (0.0%)
Expansions     0.0
Time           0.00
GameLen        117.0 dev=0.0 min=117.0 max=117.0
InTree         0.0 dev=0.0 min=0.0 max=0.0
KnowDepth      -
Aborted        0%
Games/s        2577.3
Score          1.00
Sequence      
c95d7 info: 
c95d7 warning: **** MoHexSearch returned empty sequence!
c95d7 warning: **** Returning random move!
c95d7 info: Best move cannot be determined, must search state.
c95d7 info: --- MoHexPlayer::Search() ---
c95d7 info: Color: white
c95d7 info: MaxGames: 1
c95d7 info: NumberThreads: 1
c95d7 info: MaxNodes: 9090 (799920 bytes)
c95d7 info: TimeForMove: 1
c95d7 info: PreSearch: max time reached (37/91).
c95d7 info: Time for PreSearch: 0.205305s
c95d7 info: 
  a60c9ae337fff26f
  a  b  c  d  e  f  g  h  i  j  k  
 1\B  .  *  *  *  *  *  *  *  *  .\1
  2\W  *  *  *  *  *  *  *  *  *  .\2
   3\.  .  B  *  *  *  *  *  *  *  W\3
    4\.  .  *  *  *  *  *  *  *  *  .\4
     5\.  *  *  *  *  *  *  *  *  *  .\5
      6\.  *  *  *  *  *  *  B  *  *  .\6
       7\.  *  *  *  *  *  *  *  *  *  .\7
        8\.  *  *  *  *  *  *  *  *  *  .\8
         9\.  *  *  *  *  *  *  *  *  *  .\9
         10\.  *  *  *  *  *  *  *  *  .  .\10
          11\.  *  *  *  *  *  *  *  .  .  .\11
              a  b  c  d  e  f  g  h  i  j  k  
c95d7 info: Old: [black, a1] [white, k3] [black, c3] 
c95d7 info: New: [black, a1] [white, k3] [black, c3] [white, a2] [black, h6] 
c95d7 info: MovesPlayed: [white, a2] [black, h6] 
c95d7 info: No subtree to reuse.
c95d7 info: StartSearch()[0]
c95d7 info: 
Elapsed Time   0.399023s
Count          1
GamesPlayed    1
Nodes          1
Knowledge      0 (0.0%)
Expansions     0.0
Time           0.00
GameLen        116.0 dev=0.0 min=116.0 max=116.0
InTree         0.0 dev=0.0 min=0.0 max=0.0
KnowDepth      -
Aborted        0%
Games/s        2481.4
Score          1.00
Sequence      
c95d7 info: 
c95d7 warning: **** MoHexSearch returned empty sequence!
c95d7 warning: **** Returning random move!
c95d7 info: Best move cannot be determined, must search state.
c95d7 info: --- MoHexPlayer::Search() ---
c95d7 info: Color: white
c95d7 info: MaxGames: 1
c95d7 info: NumberThreads: 1
c95d7 info: MaxNodes: 9090 (799920 bytes)
c95d7 info: TimeForMove: 1
c95d7 info: PreSearch: max time reached (48/51).
c95d7 info: Time for PreSearch: 0.200244s
c95d7 info: 
  6333fc4da182a048
  a  b  c  d  e  f  g  h  i  j  k  
 1\B  .  *  *  *  *  *  *  *  *  .\1
  2\W  *  *  *  *  *  *  *  *  *  .\2
   3\.  .  B  *  *  *  *  *  *  .  W\3
    4\.  .  .  .  .  *  *  *  .  .  .\4
     5\.  .  .  .  .  .  .  *  .  .  .\5
      6\.  .  .  .  .  .  .  B  *  .  .\6
       7\.  .  .  .  .  .  *  *  *  .  .\7
        8\w  .  .  .  .  *  *  *  *  .  .\8
         9\w  W  .  .  *  *  *  B  *  .  .\9
         10\w  .  .  *  *  *  *  *  *  .  .\10
          11\.  .  *  *  *  *  *  *  .  .  .\11
              a  b  c  d  e  f  g  h  i  j  k  
c95d7 info: Old: [black, a1] [white, k3] [black, c3] [white, a2] [black, h6] 
c95d7 info: New: [black, a1] [white, k3] [black, c3] [white, a2] [black, h6] [white, b9] [black, h9] 
c95d7 info: MovesPlayed: [white, b9] [black, h9] 
c95d7 info: No subtree to reuse.
c95d7 info: StartSearch()[0]
c95d7 info: 
Elapsed Time   0.366238s
Count          1
GamesPlayed    1
Nodes          1
Knowledge      0 (0.0%)
Expansions     0.0
Time           0.00
GameLen        111.0 dev=0.0 min=111.0 max=111.0
InTree         0.0 dev=0.0 min=0.0 max=0.0
KnowDepth      -
Aborted        0%
Games/s        2398.1
Score          0.00
Sequence      
c95d7 info: 
c95d7 warning: **** MoHexSearch returned empty sequence!
c95d7 warning: **** Returning random move!
c95d7 info: Best move cannot be determined, must search state.
c95d7 info: --- MoHexPlayer::Search() ---
c95d7 info: Color: white
c95d7 info: MaxGames: 1
c95d7 info: NumberThreads: 1
c95d7 info: MaxNodes: 9090 (799920 bytes)
c95d7 info: TimeForMove: 1
c95d7 info: PreSearch: max time reached (42/53).
c95d7 info: Time for PreSearch: 0.200359s
c95d7 info: 
  1e36b40857cd8a0a
  a  b  c  d  e  f  g  h  i  j  k  
 1\B  .  *  *  *  *  *  *  *  *  .\1
  2\W  *  *  *  *  *  *  *  *  *  .\2
   3\.  .  B  *  *  *  *  *  *  .  W\3
    4\.  .  .  .  .  *  *  *  .  .  .\4
     5\.  .  .  .  .  .  .  *  .  .  .\5
      6\.  .  .  .  .  .  .  B  *  .  .\6
       7\.  .  .  .  .  .  *  *  *  .  .\7
        8\w  .  .  .  .  *  *  *  *  .  .\8
         9\w  W  .  *  *  *  *  B  *  .  .\9
         10\w  *  *  *  *  *  *  *  *  .  .\10
          11\B  .  W  *  *  *  *  *  .  .  .\11
              a  b  c  d  e  f  g  h  i  j  k  
c95d7 info: Old: [black, a1] [white, k3] [black, c3] [white, a2] [black, h6] [white, b9] [black, h9] 
c95d7 info: New: [black, a1] [white, k3] [black, c3] [white, a2] [black, h6] [white, b9] [black, h9] [white, c11] [black, a11] 
c95d7 info: MovesPlayed: [white, c11] [black, a11] 
c95d7 info: No subtree to reuse.
c95d7 info: StartSearch()[0]
c95d7 info: 
Elapsed Time   0.38148s
Count          1
GamesPlayed    1
Nodes          1
Knowledge      0 (0.0%)
Expansions     0.0
Time           0.00
GameLen        109.0 dev=0.0 min=109.0 max=109.0
InTree         0.0 dev=0.0 min=0.0 max=0.0
KnowDepth      -
Aborted        0%
Games/s        2717.4
Score          1.00
Sequence      
c95d7 info: 
c95d7 warning: **** MoHexSearch returned empty sequence!
c95d7 warning: **** Returning random move!
c95d7 info: Best move cannot be determined, must search state.
c95d7 info: --- MoHexPlayer::Search() ---
c95d7 info: Color: white
c95d7 info: MaxGames: 1
c95d7 info: NumberThreads: 1
c95d7 info: MaxNodes: 9090 (799920 bytes)
c95d7 info: TimeForMove: 1
c95d7 info: PreSearch: max time reached (52/77).
c95d7 info: Time for PreSearch: 0.201495s
c95d7 info: 
  dd1159f86ba7c490
  a  b  c  d  e  f  g  h  i  j  k  
 1\B  .  *  *  *  *  *  *  *  *  .\1
  2\W  *  *  *  *  *  *  *  *  *  .\2
   3\.  .  B  *  *  *  W  *  *  *  W\3
    4\.  .  *  *  *  *  *  *  *  *  .\4
     5\.  *  *  *  *  *  *  *  *  *  .\5
      6\.  *  *  *  *  *  *  B  *  *  .\6
       7\.  *  *  *  *  *  *  *  *  *  .\7
        8\w  .  *  *  *  *  *  *  *  *  .\8
         9\w  W  *  *  *  *  *  B  *  *  .\9
         10\w  *  *  *  B  .  .  *  *  .  .\10
          11\B  .  W  b  b  b  .  .  .  .  .\11
              a  b  c  d  e  f  g  h  i  j  k  
c95d7 info: Old: [black, a1] [white, k3] [black, c3] [white, a2] [black, h6] [white, b9] [black, h9] [white, c11] [black, a11] 
c95d7 info: New: [black, a1] [white, k3] [black, c3] [white, a2] [black, h6] [white, b9] [black, h9] [white, c11] [black, a11] [white, g3] [black, e10] 
c95d7 info: MovesPlayed: [white, g3] [black, e10] 
c95d7 info: No subtree to reuse.
c95d7 info: StartSearch()[0]
c95d7 info: 
Elapsed Time   0.365899s
Count          1
GamesPlayed    1
Nodes          1
Knowledge      0 (0.0%)
Expansions     0.0
Time           0.00
GameLen        104.0 dev=0.0 min=104.0 max=104.0
InTree         0.0 dev=0.0 min=0.0 max=0.0
KnowDepth      -
Aborted        0%
Games/s        2681.0
Score          0.00
Sequence      
c95d7 info: 
c95d7 warning: **** MoHexSearch returned empty sequence!
c95d7 warning: **** Returning random move!
c95d7 info: Winning SC.
c95d7 info: Winning SC.
c95d7 info: Winning SC.
c95d7 info: Winning SC.
c95d7 info: Winning SC.
c95d7 info: Winning SC.
c95d7 info: Winning SC.
c95d7 info: Winning SC.
c95d7 info: Winning SC.
c95d7 info: Winning SC.
c95d7 config: ============ BenzeneShutdown =============
c95d7 config: MoHexProgram:: ShutdownSystem()
c95d7 config: CommonProgram:: ShutdownSystem()
c95d7 config: BenzeneProgram:: ShutdownSystem()
Flushing and closing this stream...
