# nice ../build/src/mohex/mohex --config mohex-cg2010.htp --seed 443412 --logfile-name jobs/11x11-mohex-mohex-cg2010-vs-mohex-mohex-weak-2/mohex-mohex-cg2010-83.log
>boardsize 11 11
MoHex 2.0.CMake Mar 21 2025
Copyright (C) 2007-2012 by the authors of the Benzene project.
This program comes with ABSOLUTELY NO WARRANTY. This is
free software and you are welcome to redistribute it under
certain conditions. Type `benzene-license' for details.

SgRandom::SetSeed: 443412
SgUctSearch: system memory 33632358400, using 1000000000 (5681818 nodes)
SgRandom::SetSeed: 1
SgRandom::SetSeed: 443412
5a7a7 info: Prior Patterns:
5a7a7 info: Global:
5a7a7 info: Size            = 565 32648 
5a7a7 info: TableEntries    = 65932 65910
5a7a7 info: MirrorsAdded    = 0 0
5a7a7 info: PrunableCount   = 30593 30629
5a7a7 info: LargestGamma    = 5820.77
5a7a7 info: SmallestGamma   = 6.6e-05
5a7a7 info: Local:
5a7a7 info: Size            = 550 5318 
5a7a7 info: TableEntries    = 11602 11588
5a7a7 info: MirrorsAdded    = 0 0
5a7a7 info: PrunableCount   = 3659 3667
5a7a7 info: LargestGamma    = 11281.8
5a7a7 info: SmallestGamma   = 0.026235
5a7a7 info: Playout Patterns:
5a7a7 info: Global:
5a7a7 info: Size            = 565 32648 
5a7a7 info: TableEntries    = 70329 70329
5a7a7 info: MirrorsAdded    = 4397 4419
5a7a7 info: PrunableCount   = 30593 30629
5a7a7 info: LargestGamma    = 5820.77
5a7a7 info: SmallestGamma   = 6.6e-05
5a7a7 info: Local:
5a7a7 info: Size            = 550 5318 
5a7a7 info: TableEntries    = 11602 11588
5a7a7 info: MirrorsAdded    = 0 0
5a7a7 info: PrunableCount   = 3659 3667
5a7a7 info: LargestGamma    = 11281.8
5a7a7 info: SmallestGamma   = 0.026235
param_game allow_swap 1
= 

param_mohex max_memory 32000000000
= 

param_mohex num_threads 1
= 

param_mohex max_time 1
= 

param_mohex max_games 1
= 

param_mohex knowledge_threshold 400
= 

param_mohex reuse_subtree 1
= 

param_mohex use_parallel_solver 0
= 

<= 
<
>name
<= MoHex
<
>version
<= 2.0.CMake
<
>play b d9
<= 
<
>genmove w
<= swap-pieces
<
>showboard
5a7a7 info: SwapCheck: reading from '/home/linus/MoHex2.0/nfbranchfix/benzene-vanilla-cmake/share/swap-moves.txt'.
5a7a7 info: SwapCheck: playing swap.
<= 
< 
<  c7e03afebef71ebb
<  a  b  c  d  e  f  g  h  i  j  k  
< 1\.  .  .  .  .  .  .  .  .  .  .\1
<  2\.  .  .  .  .  .  .  .  .  .  .\2
<   3\.  .  .  .  .  .  .  .  .  .  .\3
<    4\.  .  .  .  .  .  .  .  .  .  .\4
<     5\.  .  .  .  .  .  .  .  .  .  .\5
<      6\.  .  .  .  .  .  .  .  .  .  .\6
<       7\.  .  .  .  .  .  .  .  .  .  .\7
<        8\.  .  .  .  .  .  .  .  .  .  .\8
<         9\.  .  .  B  .  .  .  .  .  .  .\9
<         10\.  .  .  .  .  .  .  .  .  .  .\10
<          11\.  .  .  .  .  .  .  .  .  .  .\11
<              a  b  c  d  e  f  g  h  i  j  k  
<
>play w i2
<= 
<
>showboard
<= 
< 
<  e2717f57672067ce
<  a  b  c  d  e  f  g  h  i  j  k  
< 1\.  .  .  .  .  .  .  .  .  .  .\1
<  2\.  .  .  .  .  .  .  .  W  .  .\2
<   3\.  .  .  .  .  .  .  .  .  .  .\3
<    4\.  .  .  .  .  .  .  .  .  .  .\4
<     5\.  .  .  .  .  .  .  .  .  .  .\5
<      6\.  .  .  .  .  .  .  .  .  .  .\6
<       7\.  .  .  .  .  .  .  .  .  .  .\7
<        8\.  .  .  .  .  .  .  .  .  .  .\8
<         9\.  .  .  B  .  .  .  .  .  .  .\9
<         10\.  .  .  .  .  .  .  .  .  .  .\10
<          11\.  .  .  .  .  .  .  .  .  .  .\11
<              a  b  c  d  e  f  g  h  i  j  k  
<
>genmove b
<= h5
<
>showboard
5a7a7 info: Best move cannot be determined, must search state.
5a7a7 info: --- MoHexPlayer::Search() ---
5a7a7 info: Color: black
5a7a7 info: MaxGames: 1
5a7a7 info: NumberThreads: 1
5a7a7 info: MaxNodes: 181818181 (15999999928 bytes)
5a7a7 info: TimeForMove: 1
5a7a7 info: PreSearch: max time reached (56/90).
5a7a7 info: Time for PreSearch: 0.201357s
5a7a7 info: 
  e2717f57672067ce
  a  b  c  d  e  f  g  h  i  j  k  
 1\.  .  .  .  .  .  .  .  .  .  .\1
  2\.  .  *  *  *  *  *  *  W  *  *\2
   3\.  *  *  *  *  *  *  *  *  *  *\3
    4\*  *  *  *  *  *  *  *  *  *  *\4
     5\*  *  *  *  *  *  *  *  *  *  *\5
      6\*  *  *  *  *  *  *  *  *  *  *\6
       7\*  *  *  *  *  *  *  *  *  *  *\7
        8\*  *  *  *  *  *  *  *  *  *  *\8
         9\*  *  *  B  *  *  *  *  *  *  .\9
         10\*  *  *  .  *  *  *  *  *  .  .\10
          11\.  .  .  .  .  .  .  .  .  .  .\11
              a  b  c  d  e  f  g  h  i  j  k  
5a7a7 info: No subtree to reuse.
5a7a7 info: Creating thread 0
5a7a7 info: StartSearch()[0]
SgUctSearch: max games reached
5a7a7 info: 
Elapsed Time   0.349596s
Count          1
GamesPlayed    1
Nodes          1
Knowledge      0 (0.0%)
Expansions     0.0
Time           0.00
GameLen        119.0 dev=0.0 min=119.0 max=119.0
InTree         0.0 dev=0.0 min=0.0 max=0.0
KnowDepth      -
Aborted        0%
Games/s        402.6
Score          1.00
Sequence      
5a7a7 info: 
5a7a7 warning: **** MoHexSearch returned empty sequence!
5a7a7 warning: **** Returning random move!
<= 
< 
<  18b714b7f5fa12a2
<  a  b  c  d  e  f  g  h  i  j  k  
< 1\.  .  .  .  .  .  .  .  .  .  .\1
<  2\.  .  .  .  .  .  .  .  W  .  .\2
<   3\.  .  .  .  .  .  .  .  .  .  .\3
<    4\.  .  .  .  .  .  .  .  .  .  .\4
<     5\.  .  .  .  .  .  .  B  .  .  .\5
<      6\.  .  .  .  .  .  .  .  .  .  .\6
<       7\.  .  .  .  .  .  .  .  .  .  .\7
<        8\.  .  .  .  .  .  .  .  .  .  .\8
<         9\.  .  .  B  .  .  .  .  .  .  .\9
<         10\.  .  .  .  .  .  .  .  .  .  .\10
<          11\.  .  .  .  .  .  .  .  .  .  .\11
<              a  b  c  d  e  f  g  h  i  j  k  
<
>play w a3
<= 
<
>showboard
<= 
< 
<  512e6d60fa949a4c
<  a  b  c  d  e  f  g  h  i  j  k  
< 1\.  .  .  .  .  .  .  .  .  .  .\1
<  2\.  .  .  .  .  .  .  .  W  .  .\2
<   3\W  .  .  .  .  .  .  .  .  .  .\3
<    4\.  .  .  .  .  .  .  .  .  .  .\4
<     5\.  .  .  .  .  .  .  B  .  .  .\5
<      6\.  .  .  .  .  .  .  .  .  .  .\6
<       7\.  .  .  .  .  .  .  .  .  .  .\7
<        8\.  .  .  .  .  .  .  .  .  .  .\8
<         9\.  .  .  B  .  .  .  .  .  .  .\9
<         10\.  .  .  .  .  .  .  .  .  .  .\10
<          11\.  .  .  .  .  .  .  .  .  .  .\11
<              a  b  c  d  e  f  g  h  i  j  k  
<
>genmove b
<= b4
<
>showboard
5a7a7 info: Best move cannot be determined, must search state.
5a7a7 info: --- MoHexPlayer::Search() ---
5a7a7 info: Color: black
5a7a7 info: MaxGames: 1
5a7a7 info: NumberThreads: 1
5a7a7 info: MaxNodes: 181818181 (15999999928 bytes)
5a7a7 info: TimeForMove: 1
5a7a7 info: PreSearch: max time reached (46/87).
5a7a7 info: Time for PreSearch: 0.200722s
5a7a7 info: 
  512e6d60fa949a4c
  a  b  c  d  e  f  g  h  i  j  k  
 1\w  .  .  .  .  .  .  .  .  .  .\1
  2\w  .  .  *  *  *  *  *  W  *  *\2
   3\W  *  *  *  *  *  *  *  *  *  *\3
    4\.  *  *  *  *  *  *  *  *  *  *\4
     5\*  *  *  *  *  *  *  B  *  *  *\5
      6\*  *  *  *  *  *  *  *  *  *  *\6
       7\*  *  *  *  *  *  *  *  *  *  *\7
        8\*  *  *  *  *  *  *  *  *  *  *\8
         9\*  *  *  B  *  *  *  *  *  *  .\9
         10\*  *  *  .  *  *  *  *  *  .  .\10
          11\.  .  .  .  .  .  .  .  .  .  .\11
              a  b  c  d  e  f  g  h  i  j  k  
5a7a7 info: Old: [black, d9] [white, swap-pieces] [white, i2] 
5a7a7 info: New: [black, d9] [white, swap-pieces] [white, i2] [black, h5] [white, a3] 
5a7a7 info: MovesPlayed: [black, h5] [white, a3] 
5a7a7 info: No subtree to reuse.
5a7a7 info: StartSearch()[0]
SgUctSearch: max games reached
5a7a7 info: 
Elapsed Time   0.561375s
Count          1
GamesPlayed    1
Nodes          1
Knowledge      0 (0.0%)
Expansions     0.0
Time           0.00
GameLen        115.0 dev=0.0 min=115.0 max=115.0
InTree         0.0 dev=0.0 min=0.0 max=0.0
KnowDepth      -
Aborted        0%
Games/s        3076.9
Score          1.00
Sequence      
5a7a7 info: 
5a7a7 warning: **** MoHexSearch returned empty sequence!
5a7a7 warning: **** Returning random move!
<= 
< 
<  f83294278e9d05ba
<  a  b  c  d  e  f  g  h  i  j  k  
< 1\.  .  .  .  .  .  .  .  .  .  .\1
<  2\.  .  .  .  .  .  .  .  W  .  .\2
<   3\W  .  .  .  .  .  .  .  .  .  .\3
<    4\.  B  .  .  .  .  .  .  .  .  .\4
<     5\.  .  .  .  .  .  .  B  .  .  .\5
<      6\.  .  .  .  .  .  .  .  .  .  .\6
<       7\.  .  .  .  .  .  .  .  .  .  .\7
<        8\.  .  .  .  .  .  .  .  .  .  .\8
<         9\.  .  .  B  .  .  .  .  .  .  .\9
<         10\.  .  .  .  .  .  .  .  .  .  .\10
<          11\.  .  .  .  .  .  .  .  .  .  .\11
<              a  b  c  d  e  f  g  h  i  j  k  
<
>play w g10
<= 
<
>showboard
<= 
< 
<  9f773c1793e7a91e
<  a  b  c  d  e  f  g  h  i  j  k  
< 1\.  .  .  .  .  .  .  .  .  .  .\1
<  2\.  .  .  .  .  .  .  .  W  .  .\2
<   3\W  .  .  .  .  .  .  .  .  .  .\3
<    4\.  B  .  .  .  .  .  .  .  .  .\4
<     5\.  .  .  .  .  .  .  B  .  .  .\5
<      6\.  .  .  .  .  .  .  .  .  .  .\6
<       7\.  .  .  .  .  .  .  .  .  .  .\7
<        8\.  .  .  .  .  .  .  .  .  .  .\8
<         9\.  .  .  B  .  .  .  .  .  .  .\9
<         10\.  .  .  .  .  .  W  .  .  .  .\10
<          11\.  .  .  .  .  .  .  .  .  .  .\11
<              a  b  c  d  e  f  g  h  i  j  k  
<
>genmove b
<= b5
<
>showboard
5a7a7 info: Best move cannot be determined, must search state.
5a7a7 info: --- MoHexPlayer::Search() ---
5a7a7 info: Color: black
5a7a7 info: MaxGames: 1
5a7a7 info: NumberThreads: 1
5a7a7 info: MaxNodes: 181818181 (15999999928 bytes)
5a7a7 info: TimeForMove: 1
5a7a7 info: PreSearch: max time reached (53/84).
5a7a7 info: Time for PreSearch: 0.202276s
5a7a7 info: 
  9f773c1793e7a91e
  a  b  c  d  e  f  g  h  i  j  k  
 1\w  .  .  .  .  .  .  .  .  .  .\1
  2\w  .  .  *  *  *  *  *  W  *  *\2
   3\W  .  .  *  *  *  *  *  *  *  *\3
    4\b  B  *  *  *  *  *  *  *  *  *\4
     5\.  *  *  *  *  *  *  B  *  *  *\5
      6\*  *  *  *  *  *  *  *  *  *  *\6
       7\*  *  *  *  *  *  *  *  *  *  *\7
        8\*  *  *  *  *  *  *  *  *  *  *\8
         9\*  *  *  B  *  *  *  *  *  *  .\9
         10\*  *  *  .  *  *  W  *  *  .  .\10
          11\.  .  .  .  .  .  .  .  .  .  .\11
              a  b  c  d  e  f  g  h  i  j  k  
5a7a7 info: Old: [black, d9] [white, swap-pieces] [white, i2] [black, h5] [white, a3] 
5a7a7 info: New: [black, d9] [white, swap-pieces] [white, i2] [black, h5] [white, a3] [black, b4] [white, g10] 
5a7a7 info: MovesPlayed: [black, b4] [white, g10] 
5a7a7 info: No subtree to reuse.
5a7a7 info: StartSearch()[0]
SgUctSearch: max games reached
5a7a7 info: 
Elapsed Time   0.389702s
Count          1
GamesPlayed    1
Nodes          1
Knowledge      0 (0.0%)
Expansions     0.0
Time           0.00
GameLen        112.0 dev=0.0 min=112.0 max=112.0
InTree         0.0 dev=0.0 min=0.0 max=0.0
KnowDepth      -
Aborted        0%
Games/s        2747.3
Score          1.00
Sequence      
5a7a7 info: 
5a7a7 warning: **** MoHexSearch returned empty sequence!
5a7a7 warning: **** Returning random move!
<= 
< 
<  3084257cbbe60e70
<  a  b  c  d  e  f  g  h  i  j  k  
< 1\.  .  .  .  .  .  .  .  .  .  .\1
<  2\.  .  .  .  .  .  .  .  W  .  .\2
<   3\W  .  .  .  .  .  .  .  .  .  .\3
<    4\.  B  .  .  .  .  .  .  .  .  .\4
<     5\.  B  .  .  .  .  .  B  .  .  .\5
<      6\.  .  .  .  .  .  .  .  .  .  .\6
<       7\.  .  .  .  .  .  .  .  .  .  .\7
<        8\.  .  .  .  .  .  .  .  .  .  .\8
<         9\.  .  .  B  .  .  .  .  .  .  .\9
<         10\.  .  .  .  .  .  W  .  .  .  .\10
<          11\.  .  .  .  .  .  .  .  .  .  .\11
<              a  b  c  d  e  f  g  h  i  j  k  
<
>play w k6
<= 
<
>showboard
<= 
< 
<  ded21ccdd6634028
<  a  b  c  d  e  f  g  h  i  j  k  
< 1\.  .  .  .  .  .  .  .  .  .  .\1
<  2\.  .  .  .  .  .  .  .  W  .  .\2
<   3\W  .  .  .  .  .  .  .  .  .  .\3
<    4\.  B  .  .  .  .  .  .  .  .  .\4
<     5\.  B  .  .  .  .  .  B  .  .  .\5
<      6\.  .  .  .  .  .  .  .  .  .  W\6
<       7\.  .  .  .  .  .  .  .  .  .  .\7
<        8\.  .  .  .  .  .  .  .  .  .  .\8
<         9\.  .  .  B  .  .  .  .  .  .  .\9
<         10\.  .  .  .  .  .  W  .  .  .  .\10
<          11\.  .  .  .  .  .  .  .  .  .  .\11
<              a  b  c  d  e  f  g  h  i  j  k  
<
>genmove b
<= e2
<
>showboard
5a7a7 info: Best move cannot be determined, must search state.
5a7a7 info: --- MoHexPlayer::Search() ---
5a7a7 info: Color: black
5a7a7 info: MaxGames: 1
5a7a7 info: NumberThreads: 1
5a7a7 info: MaxNodes: 181818181 (15999999928 bytes)
5a7a7 info: TimeForMove: 1
5a7a7 info: PreSearch: max time reached (41/79).
5a7a7 info: Time for PreSearch: 0.206307s
5a7a7 info: 
  ded21ccdd6634028
  a  b  c  d  e  f  g  h  i  j  k  
 1\w  .  .  .  .  .  .  .  .  .  .\1
  2\w  .  .  *  *  *  *  *  W  *  *\2
   3\W  *  *  *  *  *  *  *  *  *  *\3
    4\b  B  *  *  *  *  *  *  *  *  *\4
     5\b  B  *  *  *  *  *  B  *  *  .\5
      6\.  *  *  *  *  *  *  *  *  *  W\6
       7\*  *  *  *  *  *  *  *  *  *  .\7
        8\*  *  *  *  *  *  *  *  *  *  *\8
         9\*  *  *  B  *  *  *  *  *  *  .\9
         10\*  *  *  .  *  *  W  *  *  .  .\10
          11\.  .  .  .  .  .  .  .  .  .  .\11
              a  b  c  d  e  f  g  h  i  j  k  
5a7a7 info: Old: [black, d9] [white, swap-pieces] [white, i2] [black, h5] [white, a3] [black, b4] [white, g10] 
5a7a7 info: New: [black, d9] [white, swap-pieces] [white, i2] [black, h5] [white, a3] [black, b4] [white, g10] [black, b5] [white, k6] 
5a7a7 info: MovesPlayed: [black, b5] [white, k6] 
5a7a7 info: No subtree to reuse.
5a7a7 info: StartSearch()[0]
SgUctSearch: max games reached
5a7a7 info: 
Elapsed Time   0.350666s
Count          1
GamesPlayed    1
Nodes          1
Knowledge      0 (0.0%)
Expansions     0.0
Time           0.00
GameLen        109.0 dev=0.0 min=109.0 max=109.0
InTree         0.0 dev=0.0 min=0.0 max=0.0
KnowDepth      -
Aborted        0%
Games/s        3144.7
Score          1.00
Sequence      
5a7a7 info: 
5a7a7 warning: **** MoHexSearch returned empty sequence!
5a7a7 warning: **** Returning random move!
<= 
< 
<  ba4bfc0b24952960
<  a  b  c  d  e  f  g  h  i  j  k  
< 1\.  .  .  .  .  .  .  .  .  .  .\1
<  2\.  .  .  .  B  .  .  .  W  .  .\2
<   3\W  .  .  .  .  .  .  .  .  .  .\3
<    4\.  B  .  .  .  .  .  .  .  .  .\4
<     5\.  B  .  .  .  .  .  B  .  .  .\5
<      6\.  .  .  .  .  .  .  .  .  .  W\6
<       7\.  .  .  .  .  .  .  .  .  .  .\7
<        8\.  .  .  .  .  .  .  .  .  .  .\8
<         9\.  .  .  B  .  .  .  .  .  .  .\9
<         10\.  .  .  .  .  .  W  .  .  .  .\10
<          11\.  .  .  .  .  .  .  .  .  .  .\11
<              a  b  c  d  e  f  g  h  i  j  k  
<
>play w j1
<= 
<
>showboard
<= 
< 
<  b6a93f5c9944592a
<  a  b  c  d  e  f  g  h  i  j  k  
< 1\.  .  .  .  .  .  .  .  .  W  .\1
<  2\.  .  .  .  B  .  .  .  W  .  .\2
<   3\W  .  .  .  .  .  .  .  .  .  .\3
<    4\.  B  .  .  .  .  .  .  .  .  .\4
<     5\.  B  .  .  .  .  .  B  .  .  .\5
<      6\.  .  .  .  .  .  .  .  .  .  W\6
<       7\.  .  .  .  .  .  .  .  .  .  .\7
<        8\.  .  .  .  .  .  .  .  .  .  .\8
<         9\.  .  .  B  .  .  .  .  .  .  .\9
<         10\.  .  .  .  .  .  W  .  .  .  .\10
<          11\.  .  .  .  .  .  .  .  .  .  .\11
<              a  b  c  d  e  f  g  h  i  j  k  
<
>genmove b
<= a10
<
>showboard
5a7a7 info: Best move cannot be determined, must search state.
5a7a7 info: --- MoHexPlayer::Search() ---
5a7a7 info: Color: black
5a7a7 info: MaxGames: 1
5a7a7 info: NumberThreads: 1
5a7a7 info: MaxNodes: 181818181 (15999999928 bytes)
5a7a7 info: TimeForMove: 1
5a7a7 info: PreSearch: max time reached (53/71).
5a7a7 info: Time for PreSearch: 0.200383s
5a7a7 info: 
  b6a93f5c9944592a
  a  b  c  d  e  f  g  h  i  j  k  
 1\w  b  b  b  b  b  b  b  b  W  *\1
  2\w  .  .  .  B  .  .  .  W  .  .\2
   3\W  .  .  .  *  *  *  *  *  *  *\3
    4\b  B  .  *  *  *  *  *  *  *  *\4
     5\b  B  *  *  *  *  *  B  *  *  .\5
      6\.  *  *  *  *  *  *  *  *  *  W\6
       7\*  *  *  *  *  *  *  *  *  *  .\7
        8\*  *  *  *  *  *  *  *  *  *  *\8
         9\*  *  *  B  *  *  *  *  *  *  .\9
         10\*  *  *  .  *  *  W  *  *  .  .\10
          11\.  .  .  .  .  .  .  .  .  .  .\11
              a  b  c  d  e  f  g  h  i  j  k  
5a7a7 info: Old: [black, d9] [white, swap-pieces] [white, i2] [black, h5] [white, a3] [black, b4] [white, g10] [black, b5] [white, k6] 
5a7a7 info: New: [black, d9] [white, swap-pieces] [white, i2] [black, h5] [white, a3] [black, b4] [white, g10] [black, b5] [white, k6] [black, e2] [white, j1] 
5a7a7 info: MovesPlayed: [black, e2] [white, j1] 
5a7a7 info: No subtree to reuse.
5a7a7 info: StartSearch()[0]
SgUctSearch: max games reached
5a7a7 info: 
Elapsed Time   0.341016s
Count          1
GamesPlayed    1
Nodes          1
Knowledge      0 (0.0%)
Expansions     0.0
Time           0.00
GameLen        99.0 dev=0.0 min=99.0 max=99.0
InTree         0.0 dev=0.0 min=0.0 max=0.0
KnowDepth      -
Aborted        0%
Games/s        3968.3
Score          1.00
Sequence      
5a7a7 info: 
5a7a7 warning: **** MoHexSearch returned empty sequence!
5a7a7 warning: **** Returning random move!
<= 
< 
<  4b227dee126b603c
<  a  b  c  d  e  f  g  h  i  j  k  
< 1\.  .  .  .  .  .  .  .  .  W  .\1
<  2\.  .  .  .  B  .  .  .  W  .  .\2
<   3\W  .  .  .  .  .  .  .  .  .  .\3
<    4\.  B  .  .  .  .  .  .  .  .  .\4
<     5\.  B  .  .  .  .  .  B  .  .  .\5
<      6\.  .  .  .  .  .  .  .  .  .  W\6
<       7\.  .  .  .  .  .  .  .  .  .  .\7
<        8\.  .  .  .  .  .  .  .  .  .  .\8
<         9\.  .  .  B  .  .  .  .  .  .  .\9
<         10\B  .  .  .  .  .  W  .  .  .  .\10
<          11\.  .  .  .  .  .  .  .  .  .  .\11
<              a  b  c  d  e  f  g  h  i  j  k  
<
>play w i10
<= 
<
>showboard
<= 
< 
<  a8123c685585f31a
<  a  b  c  d  e  f  g  h  i  j  k  
< 1\.  .  .  .  .  .  .  .  .  W  .\1
<  2\.  .  .  .  B  .  .  .  W  .  .\2
<   3\W  .  .  .  .  .  .  .  .  .  .\3
<    4\.  B  .  .  .  .  .  .  .  .  .\4
<     5\.  B  .  .  .  .  .  B  .  .  .\5
<      6\.  .  .  .  .  .  .  .  .  .  W\6
<       7\.  .  .  .  .  .  .  .  .  .  .\7
<        8\.  .  .  .  .  .  .  .  .  .  .\8
<         9\.  .  .  B  .  .  .  .  .  .  .\9
<         10\B  .  .  .  .  .  W  .  W  .  .\10
<          11\.  .  .  .  .  .  .  .  .  .  .\11
<              a  b  c  d  e  f  g  h  i  j  k  
<
>genmove b
<= h7
<
>showboard
5a7a7 info: Best move cannot be determined, must search state.
5a7a7 info: --- MoHexPlayer::Search() ---
5a7a7 info: Color: black
5a7a7 info: MaxGames: 1
5a7a7 info: NumberThreads: 1
5a7a7 info: MaxNodes: 181818181 (15999999928 bytes)
5a7a7 info: TimeForMove: 1
5a7a7 info: PreSearch: max time reached (46/68).
5a7a7 info: Time for PreSearch: 0.202291s
5a7a7 info: 
  a8123c685585f31a
  a  b  c  d  e  f  g  h  i  j  k  
 1\w  b  b  b  b  b  b  b  b  W  *\1
  2\w  .  .  .  B  .  .  .  W  .  .\2
   3\W  .  .  .  *  *  *  *  *  *  *\3
    4\b  B  .  *  *  *  *  *  *  *  *\4
     5\b  B  *  *  *  *  *  B  *  *  .\5
      6\.  *  *  *  *  *  *  *  *  *  W\6
       7\*  *  *  *  *  *  *  *  *  *  .\7
        8\*  *  *  *  *  *  *  *  *  *  .\8
         9\*  *  *  B  *  *  *  *  *  *  .\9
         10\B  .  *  .  *  *  W  *  W  .  .\10
          11\.  .  .  .  .  .  b  b  .  .  .\11
              a  b  c  d  e  f  g  h  i  j  k  
5a7a7 info: Old: [black, d9] [white, swap-pieces] [white, i2] [black, h5] [white, a3] [black, b4] [white, g10] [black, b5] [white, k6] [black, e2] [white, j1] 
5a7a7 info: New: [black, d9] [white, swap-pieces] [white, i2] [black, h5] [white, a3] [black, b4] [white, g10] [black, b5] [white, k6] [black, e2] [white, j1] [black, a10] [white, i10] 
5a7a7 info: MovesPlayed: [black, a10] [white, i10] 
5a7a7 info: No subtree to reuse.
5a7a7 info: StartSearch()[0]
SgUctSearch: max games reached
5a7a7 info: 
Elapsed Time   0.346439s
Count          1
GamesPlayed    1
Nodes          1
Knowledge      0 (0.0%)
Expansions     0.0
Time           0.00
GameLen        95.0 dev=0.0 min=95.0 max=95.0
InTree         0.0 dev=0.0 min=0.0 max=0.0
KnowDepth      -
Aborted        0%
Games/s        4032.3
Score          1.00
Sequence      
5a7a7 info: 
5a7a7 warning: **** MoHexSearch returned empty sequence!
5a7a7 warning: **** Returning random move!
<= 
< 
<  badc89933b13ff54
<  a  b  c  d  e  f  g  h  i  j  k  
< 1\.  .  .  .  .  .  .  .  .  W  .\1
<  2\.  .  .  .  B  .  .  .  W  .  .\2
<   3\W  .  .  .  .  .  .  .  .  .  .\3
<    4\.  B  .  .  .  .  .  .  .  .  .\4
<     5\.  B  .  .  .  .  .  B  .  .  .\5
<      6\.  .  .  .  .  .  .  .  .  .  W\6
<       7\.  .  .  .  .  .  .  B  .  .  .\7
<        8\.  .  .  .  .  .  .  .  .  .  .\8
<         9\.  .  .  B  .  .  .  .  .  .  .\9
<         10\B  .  .  .  .  .  W  .  W  .  .\10
<          11\.  .  .  .  .  .  .  .  .  .  .\11
<              a  b  c  d  e  f  g  h  i  j  k  
<
>play w e10
<= 
<
>showboard
<= 
< 
<  8f9956b0a98cb369
<  a  b  c  d  e  f  g  h  i  j  k  
< 1\.  .  .  .  .  .  .  .  .  W  .\1
<  2\.  .  .  .  B  .  .  .  W  .  .\2
<   3\W  .  .  .  .  .  .  .  .  .  .\3
<    4\.  B  .  .  .  .  .  .  .  .  .\4
<     5\.  B  .  .  .  .  .  B  .  .  .\5
<      6\.  .  .  .  .  .  .  .  .  .  W\6
<       7\.  .  .  .  .  .  .  B  .  .  .\7
<        8\.  .  .  .  .  .  .  .  .  .  .\8
<         9\.  .  .  B  .  .  .  .  .  .  .\9
<         10\B  .  .  .  W  .  W  .  W  .  .\10
<          11\.  .  .  .  .  .  .  .  .  .  .\11
<              a  b  c  d  e  f  g  h  i  j  k  
<
>genmove b
<= i5
<
>showboard
5a7a7 info: Best move cannot be determined, must search state.
5a7a7 info: --- MoHexPlayer::Search() ---
5a7a7 info: Color: black
5a7a7 info: MaxGames: 1
5a7a7 info: NumberThreads: 1
5a7a7 info: MaxNodes: 181818181 (15999999928 bytes)
5a7a7 info: TimeForMove: 1
5a7a7 info: PreSearch: max time reached (57/66).
5a7a7 info: Time for PreSearch: 0.200195s
5a7a7 info: 
  8f9956b0a98cb369
  a  b  c  d  e  f  g  h  i  j  k  
 1\w  b  b  b  b  b  b  b  b  W  *\1
  2\w  .  .  .  B  .  .  .  W  .  .\2
   3\W  .  .  .  *  *  *  *  *  *  *\3
    4\b  B  .  *  *  *  *  *  *  *  *\4
     5\b  B  *  *  *  *  *  B  *  *  .\5
      6\.  *  *  *  *  *  *  *  *  *  W\6
       7\*  *  *  *  *  *  *  B  *  *  .\7
        8\*  *  *  *  *  *  *  *  *  *  .\8
         9\*  *  *  B  *  *  *  *  *  *  .\9
         10\B  *  .  .  W  *  W  *  W  .  .\10
          11\.  .  .  .  b  b  b  b  .  .  .\11
              a  b  c  d  e  f  g  h  i  j  k  
5a7a7 info: Old: [black, d9] [white, swap-pieces] [white, i2] [black, h5] [white, a3] [black, b4] [white, g10] [black, b5] [white, k6] [black, e2] [white, j1] [black, a10] [white, i10] 
5a7a7 info: New: [black, d9] [white, swap-pieces] [white, i2] [black, h5] [white, a3] [black, b4] [white, g10] [black, b5] [white, k6] [black, e2] [white, j1] [black, a10] [white, i10] [black, h7] [white, e10] 
5a7a7 info: MovesPlayed: [black, h7] [white, e10] 
5a7a7 info: No subtree to reuse.
5a7a7 info: StartSearch()[0]
SgUctSearch: max games reached
5a7a7 info: 
Elapsed Time   0.342287s
Count          1
GamesPlayed    1
Nodes          1
Knowledge      0 (0.0%)
Expansions     0.0
Time           0.00
GameLen        91.0 dev=0.0 min=91.0 max=91.0
InTree         0.0 dev=0.0 min=0.0 max=0.0
KnowDepth      -
Aborted        0%
Games/s        3906.2
Score          1.00
Sequence      
5a7a7 info: 
5a7a7 warning: **** MoHexSearch returned empty sequence!
5a7a7 warning: **** Returning random move!
<= 
< 
<  ff7c99f63642b26c
<  a  b  c  d  e  f  g  h  i  j  k  
< 1\.  .  .  .  .  .  .  .  .  W  .\1
<  2\.  .  .  .  B  .  .  .  W  .  .\2
<   3\W  .  .  .  .  .  .  .  .  .  .\3
<    4\.  B  .  .  .  .  .  .  .  .  .\4
<     5\.  B  .  .  .  .  .  B  B  .  .\5
<      6\.  .  .  .  .  .  .  .  .  .  W\6
<       7\.  .  .  .  .  .  .  B  .  .  .\7
<        8\.  .  .  .  .  .  .  .  .  .  .\8
<         9\.  .  .  B  .  .  .  .  .  .  .\9
<         10\B  .  .  .  W  .  W  .  W  .  .\10
<          11\.  .  .  .  .  .  .  .  .  .  .\11
<              a  b  c  d  e  f  g  h  i  j  k  
<
>play w e7
<= 
<
>showboard
<= 
< 
<  e7c5feb6a489e89f
<  a  b  c  d  e  f  g  h  i  j  k  
< 1\.  .  .  .  .  .  .  .  .  W  .\1
<  2\.  .  .  .  B  .  .  .  W  .  .\2
<   3\W  .  .  .  .  .  .  .  .  .  .\3
<    4\.  B  .  .  .  .  .  .  .  .  .\4
<     5\.  B  .  .  .  .  .  B  B  .  .\5
<      6\.  .  .  .  .  .  .  .  .  .  W\6
<       7\.  .  .  .  W  .  .  B  .  .  .\7
<        8\.  .  .  .  .  .  .  .  .  .  .\8
<         9\.  .  .  B  .  .  .  .  .  .  .\9
<         10\B  .  .  .  W  .  W  .  W  .  .\10
<          11\.  .  .  .  .  .  .  .  .  .  .\11
<              a  b  c  d  e  f  g  h  i  j  k  
<
>genmove b
<= h2
<
>showboard
5a7a7 info: Best move cannot be determined, must search state.
5a7a7 info: --- MoHexPlayer::Search() ---
5a7a7 info: Color: black
5a7a7 info: MaxGames: 1
5a7a7 info: NumberThreads: 1
5a7a7 info: MaxNodes: 181818181 (15999999928 bytes)
5a7a7 info: TimeForMove: 1
5a7a7 info: PreSearch: max time reached (54/60).
5a7a7 info: Time for PreSearch: 0.201197s
5a7a7 info: 
  e7c5feb6a489e89f
  a  b  c  d  e  f  g  h  i  j  k  
 1\w  b  b  b  b  b  b  b  b  W  *\1
  2\w  .  .  .  B  .  .  .  W  .  .\2
   3\W  .  .  .  *  *  *  *  *  *  *\3
    4\b  B  .  *  *  *  *  *  *  *  *\4
     5\b  B  *  *  *  *  *  B  B  *  .\5
      6\.  *  *  *  *  *  *  .  .  *  W\6
       7\*  *  *  *  W  *  *  B  *  *  .\7
        8\*  *  *  *  .  *  *  *  *  *  .\8
         9\*  *  *  B  .  *  *  *  *  *  .\9
         10\B  *  .  .  W  *  W  *  W  .  .\10
          11\.  .  .  .  b  b  b  b  .  .  .\11
              a  b  c  d  e  f  g  h  i  j  k  
5a7a7 info: Old: [black, d9] [white, swap-pieces] [white, i2] [black, h5] [white, a3] [black, b4] [white, g10] [black, b5] [white, k6] [black, e2] [white, j1] [black, a10] [white, i10] [black, h7] [white, e10] 
5a7a7 info: New: [black, d9] [white, swap-pieces] [white, i2] [black, h5] [white, a3] [black, b4] [white, g10] [black, b5] [white, k6] [black, e2] [white, j1] [black, a10] [white, i10] [black, h7] [white, e10] [black, i5] [white, e7] 
5a7a7 info: MovesPlayed: [black, i5] [white, e7] 
5a7a7 info: No subtree to reuse.
5a7a7 info: StartSearch()[0]
SgUctSearch: max games reached
5a7a7 info: 
Elapsed Time   0.343669s
Count          1
GamesPlayed    1
Nodes          1
Knowledge      0 (0.0%)
Expansions     0.0
Time           0.00
GameLen        89.0 dev=0.0 min=89.0 max=89.0
InTree         0.0 dev=0.0 min=0.0 max=0.0
KnowDepth      -
Aborted        0%
Games/s        3717.5
Score          1.00
Sequence      
5a7a7 info: 
5a7a7 warning: **** MoHexSearch returned empty sequence!
5a7a7 warning: **** Returning random move!
<= 
< 
<  83106bb105b61702
<  a  b  c  d  e  f  g  h  i  j  k  
< 1\.  .  .  .  .  .  .  .  .  W  .\1
<  2\.  .  .  .  B  .  .  B  W  .  .\2
<   3\W  .  .  .  .  .  .  .  .  .  .\3
<    4\.  B  .  .  .  .  .  .  .  .  .\4
<     5\.  B  .  .  .  .  .  B  B  .  .\5
<      6\.  .  .  .  .  .  .  .  .  .  W\6
<       7\.  .  .  .  W  .  .  B  .  .  .\7
<        8\.  .  .  .  .  .  .  .  .  .  .\8
<         9\.  .  .  B  .  .  .  .  .  .  .\9
<         10\B  .  .  .  W  .  W  .  W  .  .\10
<          11\.  .  .  .  .  .  .  .  .  .  .\11
<              a  b  c  d  e  f  g  h  i  j  k  
<
>play w h9
<= 
<
>showboard
<= 
< 
<  d53c847b7eb7a5d9
<  a  b  c  d  e  f  g  h  i  j  k  
< 1\.  .  .  .  .  .  .  .  .  W  .\1
<  2\.  .  .  .  B  .  .  B  W  .  .\2
<   3\W  .  .  .  .  .  .  .  .  .  .\3
<    4\.  B  .  .  .  .  .  .  .  .  .\4
<     5\.  B  .  .  .  .  .  B  B  .  .\5
<      6\.  .  .  .  .  .  .  .  .  .  W\6
<       7\.  .  .  .  W  .  .  B  .  .  .\7
<        8\.  .  .  .  .  .  .  .  .  .  .\8
<         9\.  .  .  B  .  .  .  W  .  .  .\9
<         10\B  .  .  .  W  .  W  .  W  .  .\10
<          11\.  .  .  .  .  .  .  .  .  .  .\11
<              a  b  c  d  e  f  g  h  i  j  k  
<
>genmove b
<= b8
<
>showboard
5a7a7 info: Winning SC.
<= 
< 
<  8dfc7a9137b6ce75
<  a  b  c  d  e  f  g  h  i  j  k  
< 1\.  .  .  .  .  .  .  .  .  W  .\1
<  2\.  .  .  .  B  .  .  B  W  .  .\2
<   3\W  .  .  .  .  .  .  .  .  .  .\3
<    4\.  B  .  .  .  .  .  .  .  .  .\4
<     5\.  B  .  .  .  .  .  B  B  .  .\5
<      6\.  .  .  .  .  .  .  .  .  .  W\6
<       7\.  .  .  .  W  .  .  B  .  .  .\7
<        8\.  B  .  .  .  .  .  .  .  .  .\8
<         9\.  .  .  B  .  .  .  W  .  .  .\9
<         10\B  .  .  .  W  .  W  .  W  .  .\10
<          11\.  .  .  .  .  .  .  .  .  .  .\11
<              a  b  c  d  e  f  g  h  i  j  k  
<
>play w b7
<= 
<
>showboard
<= 
< 
<  a26759dceb6a5270
<  a  b  c  d  e  f  g  h  i  j  k  
< 1\.  .  .  .  .  .  .  .  .  W  .\1
<  2\.  .  .  .  B  .  .  B  W  .  .\2
<   3\W  .  .  .  .  .  .  .  .  .  .\3
<    4\.  B  .  .  .  .  .  .  .  .  .\4
<     5\.  B  .  .  .  .  .  B  B  .  .\5
<      6\.  .  .  .  .  .  .  .  .  .  W\6
<       7\.  W  .  .  W  .  .  B  .  .  .\7
<        8\.  B  .  .  .  .  .  .  .  .  .\8
<         9\.  .  .  B  .  .  .  W  .  .  .\9
<         10\B  .  .  .  W  .  W  .  W  .  .\10
<          11\.  .  .  .  .  .  .  .  .  .  .\11
<              a  b  c  d  e  f  g  h  i  j  k  
<
>genmove b
<= c7
<
>showboard
5a7a7 info: Winning SC.
<= 
< 
<  470442ef4bb796c7
<  a  b  c  d  e  f  g  h  i  j  k  
< 1\.  .  .  .  .  .  .  .  .  W  .\1
<  2\.  .  .  .  B  .  .  B  W  .  .\2
<   3\W  .  .  .  .  .  .  .  .  .  .\3
<    4\.  B  .  .  .  .  .  .  .  .  .\4
<     5\.  B  .  .  .  .  .  B  B  .  .\5
<      6\.  .  .  .  .  .  .  .  .  .  W\6
<       7\.  W  B  .  W  .  .  B  .  .  .\7
<        8\.  B  .  .  .  .  .  .  .  .  .\8
<         9\.  .  .  B  .  .  .  W  .  .  .\9
<         10\B  .  .  .  W  .  W  .  W  .  .\10
<          11\.  .  .  .  .  .  .  .  .  .  .\11
<              a  b  c  d  e  f  g  h  i  j  k  
<
>play w c6
<= 
<
>showboard
<= 
< 
<  0246a7d6a265cd87
<  a  b  c  d  e  f  g  h  i  j  k  
< 1\.  .  .  .  .  .  .  .  .  W  .\1
<  2\.  .  .  .  B  .  .  B  W  .  .\2
<   3\W  .  .  .  .  .  .  .  .  .  .\3
<    4\.  B  .  .  .  .  .  .  .  .  .\4
<     5\.  B  .  .  .  .  .  B  B  .  .\5
<      6\.  .  W  .  .  .  .  .  .  .  W\6
<       7\.  W  B  .  W  .  .  B  .  .  .\7
<        8\.  B  .  .  .  .  .  .  .  .  .\8
<         9\.  .  .  B  .  .  .  W  .  .  .\9
<         10\B  .  .  .  W  .  W  .  W  .  .\10
<          11\.  .  .  .  .  .  .  .  .  .  .\11
<              a  b  c  d  e  f  g  h  i  j  k  
<
>genmove b
<= d6
<
>showboard
5a7a7 info: Winning SC.
<= 
< 
<  c6df90cf1470c9f7
<  a  b  c  d  e  f  g  h  i  j  k  
< 1\.  .  .  .  .  .  .  .  .  W  .\1
<  2\.  .  .  .  B  .  .  B  W  .  .\2
<   3\W  .  .  .  .  .  .  .  .  .  .\3
<    4\.  B  .  .  .  .  .  .  .  .  .\4
<     5\.  B  .  .  .  .  .  B  B  .  .\5
<      6\.  .  W  B  .  .  .  .  .  .  W\6
<       7\.  W  B  .  W  .  .  B  .  .  .\7
<        8\.  B  .  .  .  .  .  .  .  .  .\8
<         9\.  .  .  B  .  .  .  W  .  .  .\9
<         10\B  .  .  .  W  .  W  .  W  .  .\10
<          11\.  .  .  .  .  .  .  .  .  .  .\11
<              a  b  c  d  e  f  g  h  i  j  k  
<
>play w e3
<= 
<
>showboard
<= 
< 
<  289b3168557c6a2d
<  a  b  c  d  e  f  g  h  i  j  k  
< 1\.  .  .  .  .  .  .  .  .  W  .\1
<  2\.  .  .  .  B  .  .  B  W  .  .\2
<   3\W  .  .  .  W  .  .  .  .  .  .\3
<    4\.  B  .  .  .  .  .  .  .  .  .\4
<     5\.  B  .  .  .  .  .  B  B  .  .\5
<      6\.  .  W  B  .  .  .  .  .  .  W\6
<       7\.  W  B  .  W  .  .  B  .  .  .\7
<        8\.  B  .  .  .  .  .  .  .  .  .\8
<         9\.  .  .  B  .  .  .  W  .  .  .\9
<         10\B  .  .  .  W  .  W  .  W  .  .\10
<          11\.  .  .  .  .  .  .  .  .  .  .\11
<              a  b  c  d  e  f  g  h  i  j  k  
<
>genmove b
<= d5
<
>showboard
5a7a7 info: Winning SC.
<= 
< 
<  73301160d52e6cb2
<  a  b  c  d  e  f  g  h  i  j  k  
< 1\.  .  .  .  .  .  .  .  .  W  .\1
<  2\.  .  .  .  B  .  .  B  W  .  .\2
<   3\W  .  .  .  W  .  .  .  .  .  .\3
<    4\.  B  .  .  .  .  .  .  .  .  .\4
<     5\.  B  .  B  .  .  .  B  B  .  .\5
<      6\.  .  W  B  .  .  .  .  .  .  W\6
<       7\.  W  B  .  W  .  .  B  .  .  .\7
<        8\.  B  .  .  .  .  .  .  .  .  .\8
<         9\.  .  .  B  .  .  .  W  .  .  .\9
<         10\B  .  .  .  W  .  W  .  W  .  .\10
<          11\.  .  .  .  .  .  .  .  .  .  .\11
<              a  b  c  d  e  f  g  h  i  j  k  
<
>play w a9
<= 
<
>showboard
<= 
< 
<  b1d6cc3e3afb27a4
<  a  b  c  d  e  f  g  h  i  j  k  
< 1\.  .  .  .  .  .  .  .  .  W  .\1
<  2\.  .  .  .  B  .  .  B  W  .  .\2
<   3\W  .  .  .  W  .  .  .  .  .  .\3
<    4\.  B  .  .  .  .  .  .  .  .  .\4
<     5\.  B  .  B  .  .  .  B  B  .  .\5
<      6\.  .  W  B  .  .  .  .  .  .  W\6
<       7\.  W  B  .  W  .  .  B  .  .  .\7
<        8\.  B  .  .  .  .  .  .  .  .  .\8
<         9\W  .  .  B  .  .  .  W  .  .  .\9
<         10\B  .  .  .  W  .  W  .  W  .  .\10
<          11\.  .  .  .  .  .  .  .  .  .  .\11
<              a  b  c  d  e  f  g  h  i  j  k  
<
>genmove b
<= d3
<
>showboard
5a7a7 info: Winning SC.
<= 
< 
<  289a9f4051e62873
<  a  b  c  d  e  f  g  h  i  j  k  
< 1\.  .  .  .  .  .  .  .  .  W  .\1
<  2\.  .  .  .  B  .  .  B  W  .  .\2
<   3\W  .  .  B  W  .  .  .  .  .  .\3
<    4\.  B  .  .  .  .  .  .  .  .  .\4
<     5\.  B  .  B  .  .  .  B  B  .  .\5
<      6\.  .  W  B  .  .  .  .  .  .  W\6
<       7\.  W  B  .  W  .  .  B  .  .  .\7
<        8\.  B  .  .  .  .  .  .  .  .  .\8
<         9\W  .  .  B  .  .  .  W  .  .  .\9
<         10\B  .  .  .  W  .  W  .  W  .  .\10
<          11\.  .  .  .  .  .  .  .  .  .  .\11
<              a  b  c  d  e  f  g  h  i  j  k  
<
>play w c10
<= 
<
>showboard
<= 
< 
<  8dd92aca7611ef3b
<  a  b  c  d  e  f  g  h  i  j  k  
< 1\.  .  .  .  .  .  .  .  .  W  .\1
<  2\.  .  .  .  B  .  .  B  W  .  .\2
<   3\W  .  .  B  W  .  .  .  .  .  .\3
<    4\.  B  .  .  .  .  .  .  .  .  .\4
<     5\.  B  .  B  .  .  .  B  B  .  .\5
<      6\.  .  W  B  .  .  .  .  .  .  W\6
<       7\.  W  B  .  W  .  .  B  .  .  .\7
<        8\.  B  .  .  .  .  .  .  .  .  .\8
<         9\W  .  .  B  .  .  .  W  .  .  .\9
<         10\B  .  W  .  W  .  W  .  W  .  .\10
<          11\.  .  .  .  .  .  .  .  .  .  .\11
<              a  b  c  d  e  f  g  h  i  j  k  
<
>genmove b
<= c9
<
>showboard
5a7a7 info: Winning SC.
<= 
< 
<  c30848986fbd50da
<  a  b  c  d  e  f  g  h  i  j  k  
< 1\.  .  .  .  .  .  .  .  .  W  .\1
<  2\.  .  .  .  B  .  .  B  W  .  .\2
<   3\W  .  .  B  W  .  .  .  .  .  .\3
<    4\.  B  .  .  .  .  .  .  .  .  .\4
<     5\.  B  .  B  .  .  .  B  B  .  .\5
<      6\.  .  W  B  .  .  .  .  .  .  W\6
<       7\.  W  B  .  W  .  .  B  .  .  .\7
<        8\.  B  .  .  .  .  .  .  .  .  .\8
<         9\W  .  B  B  .  .  .  W  .  .  .\9
<         10\B  .  W  .  W  .  W  .  W  .  .\10
<          11\.  .  .  .  .  .  .  .  .  .  .\11
<              a  b  c  d  e  f  g  h  i  j  k  
<
>play w d10
<= 
<
>showboard
<= 
< 
<  de8b9627f0b603d7
<  a  b  c  d  e  f  g  h  i  j  k  
< 1\.  .  .  .  .  .  .  .  .  W  .\1
<  2\.  .  .  .  B  .  .  B  W  .  .\2
<   3\W  .  .  B  W  .  .  .  .  .  .\3
<    4\.  B  .  .  .  .  .  .  .  .  .\4
<     5\.  B  .  B  .  .  .  B  B  .  .\5
<      6\.  .  W  B  .  .  .  .  .  .  W\6
<       7\.  W  B  .  W  .  .  B  .  .  .\7
<        8\.  B  .  .  .  .  .  .  .  .  .\8
<         9\W  .  B  B  .  .  .  W  .  .  .\9
<         10\B  .  W  W  W  .  W  .  W  .  .\10
<          11\.  .  .  .  .  .  .  .  .  .  .\11
<              a  b  c  d  e  f  g  h  i  j  k  
<
>genmove b
<= b10
<
>showboard
5a7a7 info: Winning SC.
<= 
< 
<  1894f6254b897a68
<  a  b  c  d  e  f  g  h  i  j  k  
< 1\.  .  .  .  .  .  .  .  .  W  .\1
<  2\.  .  .  .  B  .  .  B  W  .  .\2
<   3\W  .  .  B  W  .  .  .  .  .  .\3
<    4\.  B  .  .  .  .  .  .  .  .  .\4
<     5\.  B  .  B  .  .  .  B  B  .  .\5
<      6\.  .  W  B  .  .  .  .  .  .  W\6
<       7\.  W  B  .  W  .  .  B  .  .  .\7
<        8\.  B  .  .  .  .  .  .  .  .  .\8
<         9\W  .  B  B  .  .  .  W  .  .  .\9
<         10\B  B  W  W  W  .  W  .  W  .  .\10
<          11\.  .  .  .  .  .  .  .  .  .  .\11
<              a  b  c  d  e  f  g  h  i  j  k  
<
>play w a11
<= 
<
>showboard
<= 
< 
<  21b2d1574b429fa2
<  a  b  c  d  e  f  g  h  i  j  k  
< 1\.  .  .  .  .  .  .  .  .  W  .\1
<  2\.  .  .  .  B  .  .  B  W  .  .\2
<   3\W  .  .  B  W  .  .  .  .  .  .\3
<    4\.  B  .  .  .  .  .  .  .  .  .\4
<     5\.  B  .  B  .  .  .  B  B  .  .\5
<      6\.  .  W  B  .  .  .  .  .  .  W\6
<       7\.  W  B  .  W  .  .  B  .  .  .\7
<        8\.  B  .  .  .  .  .  .  .  .  .\8
<         9\W  .  B  B  .  .  .  W  .  .  .\9
<         10\B  B  W  W  W  .  W  .  W  .  .\10
<          11\W  .  .  .  .  .  .  .  .  .  .\11
<              a  b  c  d  e  f  g  h  i  j  k  
<
>genmove b
<= b11
<
>showboard
5a7a7 info: Winning SC.
<= 
< 
<  2f0f1bb50040ca8d
<  a  b  c  d  e  f  g  h  i  j  k  
< 1\.  .  .  .  .  .  .  .  .  W  .\1
<  2\.  .  .  .  B  .  .  B  W  .  .\2
<   3\W  .  .  B  W  .  .  .  .  .  .\3
<    4\.  B  .  .  .  .  .  .  .  .  .\4
<     5\.  B  .  B  .  .  .  B  B  .  .\5
<      6\.  .  W  B  .  .  .  .  .  .  W\6
<       7\.  W  B  .  W  .  .  B  .  .  .\7
<        8\.  B  .  .  .  .  .  .  .  .  .\8
<         9\W  .  B  B  .  .  .  W  .  .  .\9
<         10\B  B  W  W  W  .  W  .  W  .  .\10
<          11\W  B  .  .  .  .  .  .  .  .  .\11
<              a  b  c  d  e  f  g  h  i  j  k  
<
>play w d4
<= 
<
>showboard
<= 
< 
<  1db042489bf512de
<  a  b  c  d  e  f  g  h  i  j  k  
< 1\.  .  .  .  .  .  .  .  .  W  .\1
<  2\.  .  .  .  B  .  .  B  W  .  .\2
<   3\W  .  .  B  W  .  .  .  .  .  .\3
<    4\.  B  .  W  .  .  .  .  .  .  .\4
<     5\.  B  .  B  .  .  .  B  B  .  .\5
<      6\.  .  W  B  .  .  .  .  .  .  W\6
<       7\.  W  B  .  W  .  .  B  .  .  .\7
<        8\.  B  .  .  .  .  .  .  .  .  .\8
<         9\W  .  B  B  .  .  .  W  .  .  .\9
<         10\B  B  W  W  W  .  W  .  W  .  .\10
<          11\W  B  .  .  .  .  .  .  .  .  .\11
<              a  b  c  d  e  f  g  h  i  j  k  
<
>genmove b
<= c5
<
>showboard
5a7a7 info: Winning SC.
<= 
< 
<  920da66297b6e498
<  a  b  c  d  e  f  g  h  i  j  k  
< 1\.  .  .  .  .  .  .  .  .  W  .\1
<  2\.  .  .  .  B  .  .  B  W  .  .\2
<   3\W  .  .  B  W  .  .  .  .  .  .\3
<    4\.  B  .  W  .  .  .  .  .  .  .\4
<     5\.  B  B  B  .  .  .  B  B  .  .\5
<      6\.  .  W  B  .  .  .  .  .  .  W\6
<       7\.  W  B  .  W  .  .  B  .  .  .\7
<        8\.  B  .  .  .  .  .  .  .  .  .\8
<         9\W  .  B  B  .  .  .  W  .  .  .\9
<         10\B  B  W  W  W  .  W  .  W  .  .\10
<          11\W  B  .  .  .  .  .  .  .  .  .\11
<              a  b  c  d  e  f  g  h  i  j  k  
<
>play w h1
<= 
<
>showboard
<= 
< 
<  0dacb1299164f582
<  a  b  c  d  e  f  g  h  i  j  k  
< 1\.  .  .  .  .  .  .  W  .  W  .\1
<  2\.  .  .  .  B  .  .  B  W  .  .\2
<   3\W  .  .  B  W  .  .  .  .  .  .\3
<    4\.  B  .  W  .  .  .  .  .  .  .\4
<     5\.  B  B  B  .  .  .  B  B  .  .\5
<      6\.  .  W  B  .  .  .  .  .  .  W\6
<       7\.  W  B  .  W  .  .  B  .  .  .\7
<        8\.  B  .  .  .  .  .  .  .  .  .\8
<         9\W  .  B  B  .  .  .  W  .  .  .\9
<         10\B  B  W  W  W  .  W  .  W  .  .\10
<          11\W  B  .  .  .  .  .  .  .  .  .\11
<              a  b  c  d  e  f  g  h  i  j  k  
<
>genmove b
<= b9
<
>showboard
5a7a7 info: Captured cells caused win! Removing...
5a7a7 info: Winning SC.
<= 
< 
<  5eb7ce72967be2d9
<  a  b  c  d  e  f  g  h  i  j  k  
< 1\.  .  .  .  .  .  .  W  .  W  .\1
<  2\.  .  .  .  B  .  .  B  W  .  .\2
<   3\W  .  .  B  W  .  .  .  .  .  .\3
<    4\.  B  .  W  .  .  .  .  .  .  .\4
<     5\.  B  B  B  .  .  .  B  B  .  .\5
<      6\.  .  W  B  .  .  .  .  .  .  W\6
<       7\.  W  B  .  W  .  .  B  .  .  .\7
<        8\.  B  .  .  .  .  .  .  .  .  .\8
<         9\W  B  B  B  .  .  .  W  .  .  .\9
<         10\B  B  W  W  W  .  W  .  W  .  .\10
<          11\W  B  .  .  .  .  .  .  .  .  .\11
<              a  b  c  d  e  f  g  h  i  j  k  
<
>play w c1
<= 
<
>showboard
<= 
< 
<  6e40faf4a09408cc
<  a  b  c  d  e  f  g  h  i  j  k  
< 1\.  .  W  .  .  .  .  W  .  W  .\1
<  2\.  .  .  .  B  .  .  B  W  .  .\2
<   3\W  .  .  B  W  .  .  .  .  .  .\3
<    4\.  B  .  W  .  .  .  .  .  .  .\4
<     5\.  B  B  B  .  .  .  B  B  .  .\5
<      6\.  .  W  B  .  .  .  .  .  .  W\6
<       7\.  W  B  .  W  .  .  B  .  .  .\7
<        8\.  B  .  .  .  .  .  .  .  .  .\8
<         9\W  B  B  B  .  .  .  W  .  .  .\9
<         10\B  B  W  W  W  .  W  .  W  .  .\10
<          11\W  B  .  .  .  .  .  .  .  .  .\11
<              a  b  c  d  e  f  g  h  i  j  k  
<
>genmove b
<= c3
<
>showboard
5a7a7 info: Captured cells caused win! Removing...
5a7a7 info: Winning SC.
<= 
< 
<  decccfd9e8376268
<  a  b  c  d  e  f  g  h  i  j  k  
< 1\.  .  W  .  .  .  .  W  .  W  .\1
<  2\.  .  .  .  B  .  .  B  W  .  .\2
<   3\W  .  B  B  W  .  .  .  .  .  .\3
<    4\.  B  .  W  .  .  .  .  .  .  .\4
<     5\.  B  B  B  .  .  .  B  B  .  .\5
<      6\.  .  W  B  .  .  .  .  .  .  W\6
<       7\.  W  B  .  W  .  .  B  .  .  .\7
<        8\.  B  .  .  .  .  .  .  .  .  .\8
<         9\W  B  B  B  .  .  .  W  .  .  .\9
<         10\B  B  W  W  W  .  W  .  W  .  .\10
<          11\W  B  .  .  .  .  .  .  .  .  .\11
<              a  b  c  d  e  f  g  h  i  j  k  
<
>play w f1
<= 
<
>showboard
<= 
< 
<  9b9ad8401183c04b
<  a  b  c  d  e  f  g  h  i  j  k  
< 1\.  .  W  .  .  W  .  W  .  W  .\1
<  2\.  .  .  .  B  .  .  B  W  .  .\2
<   3\W  .  B  B  W  .  .  .  .  .  .\3
<    4\.  B  .  W  .  .  .  .  .  .  .\4
<     5\.  B  B  B  .  .  .  B  B  .  .\5
<      6\.  .  W  B  .  .  .  .  .  .  W\6
<       7\.  W  B  .  W  .  .  B  .  .  .\7
<        8\.  B  .  .  .  .  .  .  .  .  .\8
<         9\W  B  B  B  .  .  .  W  .  .  .\9
<         10\B  B  W  W  W  .  W  .  W  .  .\10
<          11\W  B  .  .  .  .  .  .  .  .  .\11
<              a  b  c  d  e  f  g  h  i  j  k  
<
>genmove b
<= e1
<
>showboard
5a7a7 info: Captured cells caused win! Removing...
5a7a7 info: Winning SC.
<= 
< 
<  c377eb82708e7cf6
<  a  b  c  d  e  f  g  h  i  j  k  
< 1\.  .  W  .  B  W  .  W  .  W  .\1
<  2\.  .  .  .  B  .  .  B  W  .  .\2
<   3\W  .  B  B  W  .  .  .  .  .  .\3
<    4\.  B  .  W  .  .  .  .  .  .  .\4
<     5\.  B  B  B  .  .  .  B  B  .  .\5
<      6\.  .  W  B  .  .  .  .  .  .  W\6
<       7\.  W  B  .  W  .  .  B  .  .  .\7
<        8\.  B  .  .  .  .  .  .  .  .  .\8
<         9\W  B  B  B  .  .  .  W  .  .  .\9
<         10\B  B  W  W  W  .  W  .  W  .  .\10
<          11\W  B  .  .  .  .  .  .  .  .  .\11
<              a  b  c  d  e  f  g  h  i  j  k  
<
>play w resign
<= 
<
>showboard
<= 
< 
<  c377eb82708e7cf6
<  a  b  c  d  e  f  g  h  i  j  k  
< 1\.  .  W  .  B  W  .  W  .  W  .\1
<  2\.  .  .  .  B  .  .  B  W  .  .\2
<   3\W  .  B  B  W  .  .  .  .  .  .\3
<    4\.  B  .  W  .  .  .  .  .  .  .\4
<     5\.  B  B  B  .  .  .  B  B  .  .\5
<      6\.  .  W  B  .  .  .  .  .  .  W\6
<       7\.  W  B  .  W  .  .  B  .  .  .\7
<        8\.  B  .  .  .  .  .  .  .  .  .\8
<         9\W  B  B  B  .  .  .  W  .  .  .\9
<         10\B  B  W  W  W  .  W  .  W  .  .\10
<          11\W  B  .  .  .  .  .  .  .  .  .\11
<              a  b  c  d  e  f  g  h  i  j  k  
<
>final_score
<= B+
<
>quit
<= 
<
