# nice ../build/src/mohex/mohex --config mohex-weak.htp --seed 915882 --logfile-name jobs/11x11-mohex-mohex-cg2010-vs-mohex-mohex-weak-2/mohex-mohex-weak-352.log
>boardsize 11 11
MoHex 2.0.CMake Mar 21 2025
Copyright (C) 2007-2012 by the authors of the Benzene project.
This program comes with ABSOLUTELY NO WARRANTY. This is
free software and you are welcome to redistribute it under
certain conditions. Type `benzene-license' for details.

SgRandom::SetSeed: 915882
SgUctSearch: system memory 33632358400, using 1000000000 (5681818 nodes)
SgRandom::SetSeed: 1
SgRandom::SetSeed: 915882
f79d7 info: Prior Patterns:
f79d7 info: Global:
f79d7 info: Size            = 565 32648 
f79d7 info: TableEntries    = 65932 65910
f79d7 info: MirrorsAdded    = 0 0
f79d7 info: PrunableCount   = 30593 30629
f79d7 info: LargestGamma    = 5820.77
f79d7 info: SmallestGamma   = 6.6e-05
f79d7 info: Local:
f79d7 info: Size            = 550 5318 
f79d7 info: TableEntries    = 11602 11588
f79d7 info: MirrorsAdded    = 0 0
f79d7 info: PrunableCount   = 3659 3667
f79d7 info: LargestGamma    = 11281.8
f79d7 info: SmallestGamma   = 0.026235
f79d7 info: Playout Patterns:
f79d7 info: Global:
f79d7 info: Size            = 565 32648 
f79d7 info: TableEntries    = 70329 70329
f79d7 info: MirrorsAdded    = 4397 4419
f79d7 info: PrunableCount   = 30593 30629
f79d7 info: LargestGamma    = 5820.77
f79d7 info: SmallestGamma   = 6.6e-05
f79d7 info: Local:
f79d7 info: Size            = 550 5318 
f79d7 info: TableEntries    = 11602 11588
f79d7 info: MirrorsAdded    = 0 0
f79d7 info: PrunableCount   = 3659 3667
f79d7 info: LargestGamma    = 11281.8
f79d7 info: SmallestGamma   = 0.026235
param_game allow_swap 1
= 

param_mohex max_memory 1600000
= 

param_mohex num_threads 1
= 

param_mohex max_time 1
= 

param_mohex max_games 1
= 

param_mohex knowledge_threshold 400
= 

param_mohex reuse_subtree 1
= 

param_mohex use_parallel_solver 0
= 

<= 
<
>name
<= MoHex
<
>version
<= 2.0.CMake
<
>play b f1
<= 
<
>genmove w
<= e6
<
>play b h1
f79d7 info: SwapCheck: reading from '/home/linus/MoHex2.0/nfbranchfix/benzene-vanilla-cmake/share/swap-moves.txt'.
f79d7 info: SwapCheck: opting not to swap.
f79d7 info: Best move cannot be determined, must search state.
f79d7 info: --- MoHexPlayer::Search() ---
f79d7 info: Color: white
f79d7 info: MaxGames: 1
f79d7 info: NumberThreads: 1
f79d7 info: MaxNodes: 9090 (799920 bytes)
f79d7 info: TimeForMove: 1
f79d7 info: PreSearch: max time reached (48/90).
f79d7 info: Time for PreSearch: 0.201021s
f79d7 info: 
  edc478cd0ecd63f9
  a  b  c  d  e  f  g  h  i  j  k  
 1\.  .  .  *  .  B  .  *  *  *  .\1
  2\.  .  *  *  *  *  *  *  *  *  .\2
   3\.  *  *  *  *  *  *  *  *  *  .\3
    4\.  *  *  *  *  *  *  *  *  *  .\4
     5\.  *  *  *  *  *  *  *  *  *  .\5
      6\.  *  *  *  *  *  *  *  *  *  .\6
       7\.  *  *  *  *  *  *  *  *  *  .\7
        8\.  *  *  *  *  *  *  *  *  *  .\8
         9\.  *  *  *  *  *  *  *  *  *  .\9
         10\.  *  *  *  *  *  *  *  *  .  .\10
          11\.  *  *  *  *  *  *  *  .  .  .\11
              a  b  c  d  e  f  g  h  i  j  k  
f79d7 info: No subtree to reuse.
f79d7 info: Creating thread 0
f79d7 info: StartSearch()[0]
SgUctSearch: max games reached
f79d7 info: 
Elapsed Time   0.356861s
Count          1
GamesPlayed    1
Nodes          1
Knowledge      0 (0.0%)
Expansions     0.0
Time           0.00
GameLen        120.0 dev=0.0 min=120.0 max=120.0
InTree         0.0 dev=0.0 min=0.0 max=0.0
KnowDepth      -
Aborted        0%
Games/s        383.3
Score          1.00
Sequence      
f79d7 info: 
f79d7 warning: **** MoHexSearch returned empty sequence!
f79d7 warning: **** Returning random move!
<= 
<
>genmove w
<= f7
<
>play b e2
f79d7 info: Best move cannot be determined, must search state.
f79d7 info: --- MoHexPlayer::Search() ---
f79d7 info: Color: white
f79d7 info: MaxGames: 1
f79d7 info: NumberThreads: 1
f79d7 info: MaxNodes: 9090 (799920 bytes)
f79d7 info: TimeForMove: 1
f79d7 info: PreSearch: max time reached (34/87).
f79d7 info: Time for PreSearch: 0.201062s
f79d7 info: 
  c0edd4b084c3ff20
  a  b  c  d  e  f  g  h  i  j  k  
 1\.  .  .  *  .  B  b  B  .  *  .\1
  2\.  .  *  *  *  *  *  *  *  *  .\2
   3\.  *  *  *  *  *  *  *  *  *  .\3
    4\.  *  *  *  *  *  *  *  *  *  .\4
     5\.  *  *  *  *  *  *  *  *  *  .\5
      6\.  *  *  *  W  *  *  *  *  *  .\6
       7\.  *  *  *  *  *  *  *  *  *  .\7
        8\.  *  *  *  *  *  *  *  *  *  .\8
         9\.  *  *  *  *  *  *  *  *  *  .\9
         10\.  *  *  *  *  *  *  *  *  .  .\10
          11\.  *  *  *  *  *  *  *  .  .  .\11
              a  b  c  d  e  f  g  h  i  j  k  
f79d7 info: Old: [black, f1] 
f79d7 info: New: [black, f1] [white, e6] [black, h1] 
f79d7 info: MovesPlayed: [white, e6] [black, h1] 
f79d7 info: No subtree to reuse.
f79d7 info: StartSearch()[0]
SgUctSearch: max games reached
f79d7 info: 
Elapsed Time   0.349155s
Count          1
GamesPlayed    1
Nodes          1
Knowledge      0 (0.0%)
Expansions     0.0
Time           0.00
GameLen        117.0 dev=0.0 min=117.0 max=117.0
InTree         0.0 dev=0.0 min=0.0 max=0.0
KnowDepth      -
Aborted        0%
Games/s        3413.0
Score          0.00
Sequence      
f79d7 info: 
f79d7 warning: **** MoHexSearch returned empty sequence!
f79d7 warning: **** Returning random move!
<= 
<
>genmove w
<= c11
<
>play b b9
f79d7 info: Best move cannot be determined, must search state.
f79d7 info: --- MoHexPlayer::Search() ---
f79d7 info: Color: white
f79d7 info: MaxGames: 1
f79d7 info: NumberThreads: 1
f79d7 info: MaxNodes: 9090 (799920 bytes)
f79d7 info: TimeForMove: 1
f79d7 info: PreSearch: max time reached (14/82).
f79d7 info: Time for PreSearch: 0.210519s
f79d7 info: 
  3f51157cb8ee5689
  a  b  c  d  e  f  g  h  i  j  k  
 1\.  .  .  b  b  B  b  B  .  *  .\1
  2\.  .  *  .  B  .  *  *  *  *  .\2
   3\.  *  *  *  *  *  *  *  *  *  .\3
    4\.  *  *  *  *  *  *  *  *  *  .\4
     5\.  *  *  *  *  *  *  *  *  *  .\5
      6\.  *  *  *  W  *  *  *  *  *  .\6
       7\.  *  *  *  *  W  *  *  *  *  .\7
        8\.  *  *  *  *  *  *  *  *  *  .\8
         9\.  *  *  *  *  *  *  *  *  *  .\9
         10\.  *  *  *  *  *  *  *  *  .  .\10
          11\.  *  *  *  *  *  *  *  .  .  .\11
              a  b  c  d  e  f  g  h  i  j  k  
f79d7 info: Old: [black, f1] [white, e6] [black, h1] 
f79d7 info: New: [black, f1] [white, e6] [black, h1] [white, f7] [black, e2] 
f79d7 info: MovesPlayed: [white, f7] [black, e2] 
f79d7 info: No subtree to reuse.
f79d7 info: StartSearch()[0]
SgUctSearch: max games reached
f79d7 info: 
Elapsed Time   0.360887s
Count          1
GamesPlayed    1
Nodes          1
Knowledge      0 (0.0%)
Expansions     0.0
Time           0.00
GameLen        113.0 dev=0.0 min=113.0 max=113.0
InTree         0.0 dev=0.0 min=0.0 max=0.0
KnowDepth      -
Aborted        0%
Games/s        2967.4
Score          0.00
Sequence      
f79d7 info: 
f79d7 warning: **** MoHexSearch returned empty sequence!
f79d7 warning: **** Returning random move!
<= 
<
>genmove w
<= c10
<
>play b a1
f79d7 info: Best move cannot be determined, must search state.
f79d7 info: --- MoHexPlayer::Search() ---
f79d7 info: Color: white
f79d7 info: MaxGames: 1
f79d7 info: NumberThreads: 1
f79d7 info: MaxNodes: 9090 (799920 bytes)
f79d7 info: TimeForMove: 1
f79d7 info: PreSearch: max time reached (22/80).
f79d7 info: Time for PreSearch: 0.200615s
f79d7 info: 
  18fe7ebfc9bc0179
  a  b  c  d  e  f  g  h  i  j  k  
 1\.  .  .  b  b  B  b  B  .  *  .\1
  2\.  .  *  .  B  .  *  *  *  *  .\2
   3\.  *  *  *  *  *  *  *  *  *  .\3
    4\.  *  *  *  *  *  *  *  *  *  .\4
     5\.  *  *  *  *  *  *  *  *  *  .\5
      6\.  *  *  *  W  *  *  *  *  *  .\6
       7\.  *  *  *  *  W  *  *  *  *  .\7
        8\.  *  *  *  *  *  *  *  *  *  .\8
         9\.  B  *  *  *  *  *  *  *  *  .\9
         10\.  *  *  *  *  *  *  *  *  .  .\10
          11\.  *  W  *  *  *  *  *  .  .  .\11
              a  b  c  d  e  f  g  h  i  j  k  
f79d7 info: Old: [black, f1] [white, e6] [black, h1] [white, f7] [black, e2] 
f79d7 info: New: [black, f1] [white, e6] [black, h1] [white, f7] [black, e2] [white, c11] [black, b9] 
f79d7 info: MovesPlayed: [white, c11] [black, b9] 
f79d7 info: No subtree to reuse.
f79d7 info: StartSearch()[0]
SgUctSearch: max games reached
f79d7 info: 
Elapsed Time   0.56533s
Count          1
GamesPlayed    1
Nodes          1
Knowledge      0 (0.0%)
Expansions     0.0
Time           0.00
GameLen        111.0 dev=0.0 min=111.0 max=111.0
InTree         0.0 dev=0.0 min=0.0 max=0.0
KnowDepth      -
Aborted        0%
Games/s        3355.7
Score          1.00
Sequence      
f79d7 info: 
f79d7 warning: **** MoHexSearch returned empty sequence!
f79d7 warning: **** Returning random move!
<= 
<
>genmove w
<= h4
<
>play b g8
f79d7 info: Best move cannot be determined, must search state.
f79d7 info: --- MoHexPlayer::Search() ---
f79d7 info: Color: white
f79d7 info: MaxGames: 1
f79d7 info: NumberThreads: 1
f79d7 info: MaxNodes: 9090 (799920 bytes)
f79d7 info: TimeForMove: 1
f79d7 info: PreSearch: max time reached (18/75).
f79d7 info: Time for PreSearch: 0.201283s
f79d7 info: 
  92e6c009b4973973
  a  b  c  d  e  f  g  h  i  j  k  
 1\B  b  b  b  b  B  b  B  .  *  .\1
  2\.  .  *  .  B  .  *  *  *  *  .\2
   3\.  .  *  *  *  *  *  *  *  *  .\3
    4\.  *  *  *  *  *  *  *  *  *  .\4
     5\.  *  *  *  *  *  *  *  *  *  .\5
      6\.  *  *  *  W  *  *  *  *  *  .\6
       7\.  *  *  *  *  W  *  *  *  *  .\7
        8\.  *  *  *  *  *  *  *  *  *  .\8
         9\.  B  *  *  *  *  *  *  *  *  .\9
         10\.  *  W  .  *  *  *  *  *  .  .\10
          11\.  .  W  .  *  *  *  *  .  .  .\11
              a  b  c  d  e  f  g  h  i  j  k  
f79d7 info: Old: [black, f1] [white, e6] [black, h1] [white, f7] [black, e2] [white, c11] [black, b9] 
f79d7 info: New: [black, f1] [white, e6] [black, h1] [white, f7] [black, e2] [white, c11] [black, b9] [white, c10] [black, a1] 
f79d7 info: MovesPlayed: [white, c10] [black, a1] 
f79d7 info: No subtree to reuse.
f79d7 info: StartSearch()[0]
SgUctSearch: max games reached
f79d7 info: 
Elapsed Time   0.350377s
Count          1
GamesPlayed    1
Nodes          1
Knowledge      0 (0.0%)
Expansions     0.0
Time           0.00
GameLen        107.0 dev=0.0 min=107.0 max=107.0
InTree         0.0 dev=0.0 min=0.0 max=0.0
KnowDepth      -
Aborted        0%
Games/s        3311.3
Score          1.00
Sequence      
f79d7 info: 
f79d7 warning: **** MoHexSearch returned empty sequence!
f79d7 warning: **** Returning random move!
<= 
<
>genmove w
<= a4
<
>play b a7
f79d7 info: Best move cannot be determined, must search state.
f79d7 info: --- MoHexPlayer::Search() ---
f79d7 info: Color: white
f79d7 info: MaxGames: 1
f79d7 info: NumberThreads: 1
f79d7 info: MaxNodes: 9090 (799920 bytes)
f79d7 info: TimeForMove: 1
f79d7 info: PreSearch: max time reached (10/73).
f79d7 info: Time for PreSearch: 0.211473s
f79d7 info: 
  1afbc19003ed060d
  a  b  c  d  e  f  g  h  i  j  k  
 1\B  b  b  b  b  B  b  B  .  *  .\1
  2\.  .  *  .  B  .  *  *  *  *  .\2
   3\.  .  *  *  *  *  *  *  *  *  .\3
    4\.  *  *  *  *  *  *  W  *  *  .\4
     5\.  *  *  *  *  *  *  *  *  *  .\5
      6\.  *  *  *  W  *  *  *  *  *  .\6
       7\.  *  *  *  *  W  *  *  *  *  .\7
        8\.  *  *  *  *  *  B  *  *  *  .\8
         9\.  B  *  *  *  *  *  *  *  *  .\9
         10\.  *  W  .  *  *  *  *  *  .  .\10
          11\.  .  W  .  *  *  *  *  .  .  .\11
              a  b  c  d  e  f  g  h  i  j  k  
f79d7 info: Old: [black, f1] [white, e6] [black, h1] [white, f7] [black, e2] [white, c11] [black, b9] [white, c10] [black, a1] 
f79d7 info: New: [black, f1] [white, e6] [black, h1] [white, f7] [black, e2] [white, c11] [black, b9] [white, c10] [black, a1] [white, h4] [black, g8] 
f79d7 info: MovesPlayed: [white, h4] [black, g8] 
f79d7 info: No subtree to reuse.
f79d7 info: StartSearch()[0]
SgUctSearch: max games reached
f79d7 info: 
Elapsed Time   0.361757s
Count          1
GamesPlayed    1
Nodes          1
Knowledge      0 (0.0%)
Expansions     0.0
Time           0.00
GameLen        105.0 dev=0.0 min=105.0 max=105.0
InTree         0.0 dev=0.0 min=0.0 max=0.0
KnowDepth      -
Aborted        0%
Games/s        3278.7
Score          1.00
Sequence      
f79d7 info: 
f79d7 warning: **** MoHexSearch returned empty sequence!
f79d7 warning: **** Returning random move!
<= 
<
>genmove w
<= i1
<
>play b g3
f79d7 info: Best move cannot be determined, must search state.
f79d7 info: --- MoHexPlayer::Search() ---
f79d7 info: Color: white
f79d7 info: MaxGames: 1
f79d7 info: NumberThreads: 1
f79d7 info: MaxNodes: 9090 (799920 bytes)
f79d7 info: TimeForMove: 1
f79d7 info: PreSearch: max time reached (19/73).
f79d7 info: Time for PreSearch: 0.208838s
f79d7 info: 
  1fb91467431dabae
  a  b  c  d  e  f  g  h  i  j  k  
 1\B  b  b  b  b  B  b  B  .  *  .\1
  2\w  .  *  .  B  .  *  *  *  *  .\2
   3\w  .  *  *  *  *  *  *  *  *  .\3
    4\W  *  *  *  *  *  *  W  *  *  .\4
     5\.  *  *  *  *  *  *  *  *  *  .\5
      6\.  *  *  *  W  *  *  *  *  *  .\6
       7\B  *  *  *  *  W  *  *  *  *  .\7
        8\.  *  *  *  *  *  B  *  *  *  .\8
         9\.  B  *  *  *  *  *  *  *  *  .\9
         10\.  *  W  .  *  *  *  *  *  .  .\10
          11\.  .  W  .  *  *  *  *  .  .  .\11
              a  b  c  d  e  f  g  h  i  j  k  
f79d7 info: Old: [black, f1] [white, e6] [black, h1] [white, f7] [black, e2] [white, c11] [black, b9] [white, c10] [black, a1] [white, h4] [black, g8] 
f79d7 info: New: [black, f1] [white, e6] [black, h1] [white, f7] [black, e2] [white, c11] [black, b9] [white, c10] [black, a1] [white, h4] [black, g8] [white, a4] [black, a7] 
f79d7 info: MovesPlayed: [white, a4] [black, a7] 
f79d7 info: No subtree to reuse.
f79d7 info: StartSearch()[0]
SgUctSearch: max games reached
f79d7 info: 
Elapsed Time   0.350851s
Count          1
GamesPlayed    1
Nodes          1
Knowledge      0 (0.0%)
Expansions     0.0
Time           0.00
GameLen        101.0 dev=0.0 min=101.0 max=101.0
InTree         0.0 dev=0.0 min=0.0 max=0.0
KnowDepth      -
Aborted        0%
Games/s        3584.2
Score          1.00
Sequence      
f79d7 info: 
f79d7 warning: **** MoHexSearch returned empty sequence!
f79d7 warning: **** Returning random move!
<= 
<
>genmove w
<= c7
<
>play b j3
f79d7 info: Best move cannot be determined, must search state.
f79d7 info: --- MoHexPlayer::Search() ---
f79d7 info: Color: white
f79d7 info: MaxGames: 1
f79d7 info: NumberThreads: 1
f79d7 info: MaxNodes: 9090 (799920 bytes)
f79d7 info: TimeForMove: 1
f79d7 info: PreSearch: max time reached (20/71).
f79d7 info: Time for PreSearch: 0.201931s
f79d7 info: 
  c49af0294a161ced
  a  b  c  d  e  f  g  h  i  j  k  
 1\B  b  b  b  b  B  b  B  W  *  .\1
  2\w  .  *  .  B  .  .  *  *  *  .\2
   3\w  .  *  *  *  *  B  *  *  *  .\3
    4\W  *  *  *  *  *  *  W  *  *  .\4
     5\.  *  *  *  *  *  *  *  *  *  .\5
      6\.  *  *  *  W  *  *  *  *  *  .\6
       7\B  *  *  *  *  W  *  *  *  *  .\7
        8\.  *  *  *  *  *  B  *  *  *  .\8
         9\.  B  *  *  *  *  *  *  *  *  .\9
         10\.  *  W  .  *  *  *  *  *  .  .\10
          11\.  .  W  .  *  *  *  *  .  .  .\11
              a  b  c  d  e  f  g  h  i  j  k  
f79d7 info: Old: [black, f1] [white, e6] [black, h1] [white, f7] [black, e2] [white, c11] [black, b9] [white, c10] [black, a1] [white, h4] [black, g8] [white, a4] [black, a7] 
f79d7 info: New: [black, f1] [white, e6] [black, h1] [white, f7] [black, e2] [white, c11] [black, b9] [white, c10] [black, a1] [white, h4] [black, g8] [white, a4] [black, a7] [white, i1] [black, g3] 
f79d7 info: MovesPlayed: [white, i1] [black, g3] 
f79d7 info: No subtree to reuse.
f79d7 info: StartSearch()[0]
SgUctSearch: max games reached
f79d7 info: 
Elapsed Time   0.345821s
Count          1
GamesPlayed    1
Nodes          1
Knowledge      0 (0.0%)
Expansions     0.0
Time           0.00
GameLen        99.0 dev=0.0 min=99.0 max=99.0
InTree         0.0 dev=0.0 min=0.0 max=0.0
KnowDepth      -
Aborted        0%
Games/s        3558.7
Score          0.00
Sequence      
f79d7 info: 
f79d7 warning: **** MoHexSearch returned empty sequence!
f79d7 warning: **** Returning random move!
<= 
<
>genmove w
<= i5
<
>play b k4
f79d7 info: Winning SC.
<= 
<
>genmove w
<= j6
<
>play b h5
f79d7 info: Winning SC.
<= 
<
>genmove w
<= h6
<
>play b g6
f79d7 info: Winning SC.
<= 
<
>genmove w
<= g7
<
>play b a8
f79d7 info: Winning SC.
<= 
<
>genmove w
<= b6
<
>play b c6
f79d7 info: Winning SC.
<= 
<
>genmove w
<= b7
<
>play b a6
f79d7 info: Winning SC.
<= 
<
>genmove w
<= b5
<
>play b b4
f79d7 info: Winning SC.
<= 
<
>genmove w
<= a5
<
>play b d7
f79d7 info: Winning SC.
<= 
<
>genmove w
<= d6
<
>play b e7
f79d7 info: Winning SC.
<= 
<
>genmove w
<= f6
<
>play b i6
f79d7 info: Winning SC.
<= 
<
>genmove w
<= j5
<
>play b k6
f79d7 info: Winning SC.
<= 
<
>genmove w
<= k5
<
>play b resign
f79d7 info: Winning SC.
<= 
<
>final_score
<= W+
<
>quit
<= 
<
