# nice ../build/src/mohex/mohex --config mohex-cg2010.htp --seed 70211 --logfile-name jobs/11x11-mohex-mohex-cg2010-vs-mohex-mohex-weak-2/mohex-mohex-cg2010-312.log
>boardsize 11 11
<= 
<
>name
MoHex 2.0.CMake Mar 21 2025
Copyright (C) 2007-2012 by the authors of the Benzene project.
This program comes with ABSOLUTELY NO WARRANTY. This is
free software and you are welcome to redistribute it under
certain conditions. Type `benzene-license' for details.

SgRandom::SetSeed: 70211
SgUctSearch: system memory 33632358400, using 1000000000 (5681818 nodes)
SgRandom::SetSeed: 1
SgRandom::SetSeed: 70211
5b087 info: Prior Patterns:
5b087 info: Global:
5b087 info: Size            = 565 32648 
5b087 info: TableEntries    = 65932 65910
5b087 info: MirrorsAdded    = 0 0
5b087 info: PrunableCount   = 30593 30629
5b087 info: LargestGamma    = 5820.77
5b087 info: SmallestGamma   = 6.6e-05
5b087 info: Local:
5b087 info: Size            = 550 5318 
5b087 info: TableEntries    = 11602 11588
5b087 info: MirrorsAdded    = 0 0
5b087 info: PrunableCount   = 3659 3667
5b087 info: LargestGamma    = 11281.8
5b087 info: SmallestGamma   = 0.026235
5b087 info: Playout Patterns:
5b087 info: Global:
5b087 info: Size            = 565 32648 
5b087 info: TableEntries    = 70329 70329
5b087 info: MirrorsAdded    = 4397 4419
5b087 info: PrunableCount   = 30593 30629
5b087 info: LargestGamma    = 5820.77
5b087 info: SmallestGamma   = 6.6e-05
5b087 info: Local:
5b087 info: Size            = 550 5318 
5b087 info: TableEntries    = 11602 11588
5b087 info: MirrorsAdded    = 0 0
5b087 info: PrunableCount   = 3659 3667
5b087 info: LargestGamma    = 11281.8
5b087 info: SmallestGamma   = 0.026235
param_game allow_swap 1
= 

param_mohex max_memory 32000000000
= 

param_mohex num_threads 1
= 

param_mohex max_time 1
= 

param_mohex max_games 1
= 

param_mohex knowledge_threshold 400
= 

param_mohex reuse_subtree 1
= 

param_mohex use_parallel_solver 0
= 

<= MoHex
<
>version
<= 2.0.CMake
<
>play b d3
<= 
<
>showboard
<= 
< 
<  b334e7f60faa33c8
<  a  b  c  d  e  f  g  h  i  j  k  
< 1\.  .  .  .  .  .  .  .  .  .  .\1
<  2\.  .  .  .  .  .  .  .  .  .  .\2
<   3\.  .  .  B  .  .  .  .  .  .  .\3
<    4\.  .  .  .  .  .  .  .  .  .  .\4
<     5\.  .  .  .  .  .  .  .  .  .  .\5
<      6\.  .  .  .  .  .  .  .  .  .  .\6
<       7\.  .  .  .  .  .  .  .  .  .  .\7
<        8\.  .  .  .  .  .  .  .  .  .  .\8
<         9\.  .  .  .  .  .  .  .  .  .  .\9
<         10\.  .  .  .  .  .  .  .  .  .  .\10
<          11\.  .  .  .  .  .  .  .  .  .  .\11
<              a  b  c  d  e  f  g  h  i  j  k  
<
>play w swap-pieces
<= 
<
>genmove w
<= a8
<
>play b d7
5b087 info: Best move cannot be determined, must search state.
5b087 info: --- MoHexPlayer::Search() ---
5b087 info: Color: white
5b087 info: MaxGames: 1
5b087 info: NumberThreads: 1
5b087 info: MaxNodes: 181818181 (15999999928 bytes)
5b087 info: TimeForMove: 1
5b087 info: PreSearch: max time reached (51/90).
5b087 info: Time for PreSearch: 0.201508s
5b087 info: 
  b334e7f60faa33c8
  a  b  c  d  e  f  g  h  i  j  k  
 1\.  .  .  *  *  *  *  *  *  *  .\1
  2\.  .  *  *  *  *  *  *  *  *  .\2
   3\.  *  *  B  *  *  *  *  *  *  .\3
    4\.  *  .  *  *  *  *  *  *  *  .\4
     5\.  *  *  *  *  *  *  *  *  *  .\5
      6\.  *  *  *  *  *  *  *  *  *  .\6
       7\.  *  *  *  *  *  *  *  *  *  .\7
        8\.  *  *  *  *  *  *  *  .  *  .\8
         9\.  *  *  *  *  *  *  *  *  *  .\9
         10\.  *  *  *  *  *  *  *  *  .  .\10
          11\.  *  *  *  *  *  *  *  .  .  .\11
              a  b  c  d  e  f  g  h  i  j  k  
5b087 info: No subtree to reuse.
5b087 info: Creating thread 0
5b087 info: StartSearch()[0]
SgUctSearch: max games reached
5b087 info: 
Elapsed Time   0.486963s
Count          1
GamesPlayed    1
Nodes          1
Knowledge      0 (0.0%)
Expansions     0.0
Time           0.00
GameLen        120.0 dev=0.0 min=120.0 max=120.0
InTree         0.0 dev=0.0 min=0.0 max=0.0
KnowDepth      -
Aborted        0%
Games/s        400.5
Score          1.00
Sequence      
5b087 info: 
5b087 warning: **** MoHexSearch returned empty sequence!
5b087 warning: **** Returning random move!
<= 
<
>genmove w
<= h8
<
>play b d5
5b087 info: Best move cannot be determined, must search state.
5b087 info: --- MoHexPlayer::Search() ---
5b087 info: Color: white
5b087 info: MaxGames: 1
5b087 info: NumberThreads: 1
5b087 info: MaxNodes: 181818181 (15999999928 bytes)
5b087 info: TimeForMove: 1
5b087 info: PreSearch: max time reached (47/91).
5b087 info: Time for PreSearch: 0.201723s
5b087 info: 
  96b14c0e93379fa9
  a  b  c  d  e  f  g  h  i  j  k  
 1\.  .  .  *  *  *  *  *  *  *  .\1
  2\.  .  *  *  *  *  *  *  *  *  .\2
   3\.  *  *  B  *  *  *  *  *  *  .\3
    4\.  *  *  *  *  *  *  *  *  *  .\4
     5\.  *  *  *  *  *  *  *  *  *  .\5
      6\.  *  *  *  *  *  *  *  *  *  .\6
       7\.  *  *  B  *  *  *  *  *  *  .\7
        8\W  *  *  *  *  *  *  *  *  *  .\8
         9\.  *  *  *  *  *  *  *  *  *  .\9
         10\.  *  *  *  *  *  *  *  *  .  .\10
          11\.  *  *  *  *  *  *  *  .  .  .\11
              a  b  c  d  e  f  g  h  i  j  k  
5b087 info: Old: [black, d3] [white, swap-pieces] 
5b087 info: New: [black, d3] [white, swap-pieces] [white, a8] [black, d7] 
5b087 info: ReuseSubtree: Colors do not alternate.
5b087 info: No subtree to reuse.
5b087 info: StartSearch()[0]
SgUctSearch: max games reached
5b087 info: 
Elapsed Time   0.346328s
Count          1
GamesPlayed    1
Nodes          1
Knowledge      0 (0.0%)
Expansions     0.0
Time           0.00
GameLen        118.0 dev=0.0 min=118.0 max=118.0
InTree         0.0 dev=0.0 min=0.0 max=0.0
KnowDepth      -
Aborted        0%
Games/s        3268.0
Score          0.00
Sequence      
5b087 info: 
5b087 warning: **** MoHexSearch returned empty sequence!
5b087 warning: **** Returning random move!
<= 
<
>genmove w
<= h10
<
>play b c8
5b087 info: Best move cannot be determined, must search state.
5b087 info: --- MoHexPlayer::Search() ---
5b087 info: Color: white
5b087 info: MaxGames: 1
5b087 info: NumberThreads: 1
5b087 info: MaxNodes: 181818181 (15999999928 bytes)
5b087 info: TimeForMove: 1
5b087 info: PreSearch: max time reached (47/60).
5b087 info: Time for PreSearch: 0.200794s
5b087 info: 
  5bd8d4943b59bccd
  a  b  c  d  e  f  g  h  i  j  k  
 1\.  .  .  *  *  *  *  *  *  *  .\1
  2\.  .  *  *  *  *  *  *  *  *  .\2
   3\.  *  *  B  *  *  *  *  *  .  .\3
    4\.  *  *  *  *  *  *  .  .  .  .\4
     5\.  *  *  B  *  .  .  .  .  .  .\5
      6\.  *  *  *  .  .  .  .  .  .  .\6
       7\.  *  *  B  *  .  .  .  .  .  .\7
        8\W  *  *  *  *  *  .  W  .  .  .\8
         9\.  *  *  *  *  *  *  .  .  .  .\9
         10\.  *  *  *  *  *  *  .  .  .  .\10
          11\.  *  *  *  *  *  *  .  .  .  .\11
              a  b  c  d  e  f  g  h  i  j  k  
5b087 info: Old: [black, d3] [white, swap-pieces] [white, a8] [black, d7] 
5b087 info: New: [black, d3] [white, swap-pieces] [white, a8] [black, d7] [white, h8] [black, d5] 
5b087 info: MovesPlayed: [white, h8] [black, d5] 
5b087 info: No subtree to reuse.
5b087 info: StartSearch()[0]
SgUctSearch: max games reached
5b087 info: 
Elapsed Time   0.343798s
Count          1
GamesPlayed    1
Nodes          1
Knowledge      0 (0.0%)
Expansions     0.0
Time           0.00
GameLen        116.0 dev=0.0 min=116.0 max=116.0
InTree         0.0 dev=0.0 min=0.0 max=0.0
KnowDepth      -
Aborted        0%
Games/s        3378.4
Score          1.00
Sequence      
5b087 info: 
5b087 warning: **** MoHexSearch returned empty sequence!
5b087 warning: **** Returning random move!
<= 
<
>genmove w
<= f10
<
>play b b8
5b087 info: Best move cannot be determined, must search state.
5b087 info: --- MoHexPlayer::Search() ---
5b087 info: Color: white
5b087 info: MaxGames: 1
5b087 info: NumberThreads: 1
5b087 info: MaxNodes: 181818181 (15999999928 bytes)
5b087 info: TimeForMove: 1
5b087 info: Time for PreSearch: 0.067745s
5b087 info: 
  7d564703980306fa
  a  b  c  d  e  f  g  h  i  j  k  
 1\.  .  .  .  .  .  .  .  .  .  .\1
  2\.  .  .  .  .  .  .  .  .  .  .\2
   3\.  .  .  B  .  .  .  .  .  .  .\3
    4\.  .  .  .  .  .  .  .  .  .  .\4
     5\.  .  .  B  .  .  .  .  .  .  .\5
      6\.  .  .  *  .  .  .  .  .  .  .\6
       7\.  .  .  B  *  .  .  .  .  .  .\7
        8\W  .  B  .  *  .  .  W  .  .  .\8
         9\.  .  *  *  *  .  .  .  .  .  .\9
         10\.  .  *  *  *  .  .  W  .  .  .\10
          11\.  *  *  *  *  .  .  .  .  .  .\11
              a  b  c  d  e  f  g  h  i  j  k  
5b087 info: Old: [black, d3] [white, swap-pieces] [white, a8] [black, d7] [white, h8] [black, d5] 
5b087 info: New: [black, d3] [white, swap-pieces] [white, a8] [black, d7] [white, h8] [black, d5] [white, h10] [black, c8] 
5b087 info: MovesPlayed: [white, h10] [black, c8] 
5b087 info: No subtree to reuse.
5b087 info: StartSearch()[0]
SgUctSearch: max games reached
5b087 info: 
Elapsed Time   0.207197s
Count          1
GamesPlayed    1
Nodes          1
Knowledge      0 (0.0%)
Expansions     0.0
Time           0.00
GameLen        114.0 dev=0.0 min=114.0 max=114.0
InTree         0.0 dev=0.0 min=0.0 max=0.0
KnowDepth      -
Aborted        0%
Games/s        3558.7
Score          0.00
Sequence      
5b087 info: 
5b087 warning: **** MoHexSearch returned empty sequence!
5b087 warning: **** Returning random move!
<= 
<
>genmove w
<= b11
<
>play b c9
5b087 info: Opponent has won; playing most blocking move.
<= 
<
>genmove w
<= d6
<
>play b c6
5b087 info: Opponent has won; playing most blocking move.
<= 
<
>genmove w
<= e1
<
>play b d4
5b087 info: Opponent has won; playing most blocking move.
<= 
<
>genmove w
<= a11
<
>play b d10
5b087 info: Opponent has won; playing most blocking move.
<= 
<
>genmove w
<= d9
<
>play b c10
5b087 info: Opponent has won; playing most blocking move.
<= 
<
>genmove w
<= g1
<
>play b c2
5b087 info: Opponent has won; playing most blocking move.
<= 
<
>genmove w
<= b7
<
>play b c7
5b087 info: Opponent has won; playing most blocking move.
<= 
<
>genmove w
<= c3
<
>play b d2
5b087 info: Opponent has won; playing most blocking move.
<= 
<
>genmove w
<= d11
<
>play b c11
5b087 info: Captured cells caused win! Removing...
5b087 info: Opponent has won; playing most blocking move.
<= 
<
>genmove w
<= d1
<
>play b c1
5b087 info: Captured cells caused win! Removing...
5b087 info: Opponent has won; playing most blocking move.
<= 
<
>genmove w
<= resign
<
>final_score
<= B+
<
>quit
<= 
<
