# nice ../build/src/mohex/mohex --config mohex-weak.htp --seed 898190 --logfile-name jobs/11x11-mohex-mohex-cg2010-vs-mohex-mohex-weak-2/mohex-mohex-weak-313.log
>boardsize 11 11
<= 
<
>name
MoHex 2.0.CMake Mar 21 2025
Copyright (C) 2007-2012 by the authors of the Benzene project.
This program comes with ABSOLUTELY NO WARRANTY. This is
free software and you are welcome to redistribute it under
certain conditions. Type `benzene-license' for details.

SgRandom::SetSeed: 898190
SgUctSearch: system memory 33632358400, using 1000000000 (5681818 nodes)
SgRandom::SetSeed: 1
SgRandom::SetSeed: 898190
b7b37 info: Prior Patterns:
b7b37 info: Global:
b7b37 info: Size            = 565 32648 
b7b37 info: TableEntries    = 65932 65910
b7b37 info: MirrorsAdded    = 0 0
b7b37 info: PrunableCount   = 30593 30629
b7b37 info: LargestGamma    = 5820.77
b7b37 info: SmallestGamma   = 6.6e-05
b7b37 info: Local:
b7b37 info: Size            = 550 5318 
b7b37 info: TableEntries    = 11602 11588
b7b37 info: MirrorsAdded    = 0 0
b7b37 info: PrunableCount   = 3659 3667
b7b37 info: LargestGamma    = 11281.8
b7b37 info: SmallestGamma   = 0.026235
b7b37 info: Playout Patterns:
b7b37 info: Global:
b7b37 info: Size            = 565 32648 
b7b37 info: TableEntries    = 70329 70329
b7b37 info: MirrorsAdded    = 4397 4419
b7b37 info: PrunableCount   = 30593 30629
b7b37 info: LargestGamma    = 5820.77
b7b37 info: SmallestGamma   = 6.6e-05
b7b37 info: Local:
b7b37 info: Size            = 550 5318 
b7b37 info: TableEntries    = 11602 11588
b7b37 info: MirrorsAdded    = 0 0
b7b37 info: PrunableCount   = 3659 3667
b7b37 info: LargestGamma    = 11281.8
b7b37 info: SmallestGamma   = 0.026235
param_game allow_swap 1
= 

param_mohex max_memory 1600000
= 

param_mohex num_threads 1
= 

param_mohex max_time 1
= 

param_mohex max_games 1
= 

param_mohex knowledge_threshold 400
= 

param_mohex reuse_subtree 1
= 

param_mohex use_parallel_solver 0
= 

<= MoHex
<
>version
<= 2.0.CMake
<
>play b d3
<= 
<
>showboard
<= 
< 
<  b334e7f60faa33c8
<  a  b  c  d  e  f  g  h  i  j  k  
< 1\.  .  .  .  .  .  .  .  .  .  .\1
<  2\.  .  .  .  .  .  .  .  .  .  .\2
<   3\.  .  .  B  .  .  .  .  .  .  .\3
<    4\.  .  .  .  .  .  .  .  .  .  .\4
<     5\.  .  .  .  .  .  .  .  .  .  .\5
<      6\.  .  .  .  .  .  .  .  .  .  .\6
<       7\.  .  .  .  .  .  .  .  .  .  .\7
<        8\.  .  .  .  .  .  .  .  .  .  .\8
<         9\.  .  .  .  .  .  .  .  .  .  .\9
<         10\.  .  .  .  .  .  .  .  .  .  .\10
<          11\.  .  .  .  .  .  .  .  .  .  .\11
<              a  b  c  d  e  f  g  h  i  j  k  
<
>play w swap-pieces
<= 
<
>genmove w
<= f9
<
>play b c10
b7b37 info: Best move cannot be determined, must search state.
b7b37 info: --- MoHexPlayer::Search() ---
b7b37 info: Color: white
b7b37 info: MaxGames: 1
b7b37 info: NumberThreads: 1
b7b37 info: MaxNodes: 9090 (799920 bytes)
b7b37 info: TimeForMove: 1
b7b37 info: PreSearch: max time reached (47/90).
b7b37 info: Time for PreSearch: 0.202263s
b7b37 info: 
  b334e7f60faa33c8
  a  b  c  d  e  f  g  h  i  j  k  
 1\.  .  .  *  *  *  *  *  *  *  .\1
  2\.  .  *  *  *  *  *  *  *  *  .\2
   3\.  *  *  B  *  *  *  *  *  *  .\3
    4\.  *  .  *  *  *  *  *  *  *  .\4
     5\.  *  *  *  *  *  *  *  *  *  .\5
      6\.  *  *  *  *  *  *  *  *  *  .\6
       7\.  *  *  *  *  *  *  *  *  *  .\7
        8\.  *  *  *  *  *  *  *  .  *  .\8
         9\.  *  *  *  *  *  *  *  *  *  .\9
         10\.  *  *  *  *  *  *  *  *  .  .\10
          11\.  *  *  *  *  *  *  *  .  .  .\11
              a  b  c  d  e  f  g  h  i  j  k  
b7b37 info: No subtree to reuse.
b7b37 info: Creating thread 0
b7b37 info: StartSearch()[0]
SgUctSearch: max games reached
b7b37 info: 
Elapsed Time   0.549693s
Count          1
GamesPlayed    1
Nodes          1
Knowledge      0 (0.0%)
Expansions     0.0
Time           0.00
GameLen        120.0 dev=0.0 min=120.0 max=120.0
InTree         0.0 dev=0.0 min=0.0 max=0.0
KnowDepth      -
Aborted        0%
Games/s        374.8
Score          1.00
Sequence      
b7b37 info: 
b7b37 warning: **** MoHexSearch returned empty sequence!
b7b37 warning: **** Returning random move!
<= 
<
>genmove w
<= c2
<
>play b d4
b7b37 info: Best move cannot be determined, must search state.
b7b37 info: --- MoHexPlayer::Search() ---
b7b37 info: Color: white
b7b37 info: MaxGames: 1
b7b37 info: NumberThreads: 1
b7b37 info: MaxNodes: 9090 (799920 bytes)
b7b37 info: TimeForMove: 1
b7b37 info: PreSearch: max time reached (43/83).
b7b37 info: Time for PreSearch: 0.202314s
b7b37 info: 
  ee9a20e12852b1b6
  a  b  c  d  e  f  g  h  i  j  k  
 1\.  .  .  *  *  *  *  *  *  *  .\1
  2\.  .  *  *  *  *  *  *  *  *  .\2
   3\.  *  *  B  *  *  *  *  *  *  .\3
    4\.  *  *  *  *  *  *  *  *  *  .\4
     5\.  *  *  *  *  *  *  *  *  *  .\5
      6\.  *  *  *  *  *  *  *  *  *  .\6
       7\.  *  *  *  *  *  *  *  *  *  .\7
        8\.  *  *  *  *  *  *  *  *  *  .\8
         9\.  .  *  *  *  W  *  *  *  *  .\9
         10\.  .  B  .  *  *  *  *  *  .  .\10
          11\.  b  b  b  .  *  *  *  .  .  .\11
              a  b  c  d  e  f  g  h  i  j  k  
b7b37 info: Old: [black, d3] [white, swap-pieces] 
b7b37 info: New: [black, d3] [white, swap-pieces] [white, f9] [black, c10] 
b7b37 info: ReuseSubtree: Colors do not alternate.
b7b37 info: No subtree to reuse.
b7b37 info: StartSearch()[0]
SgUctSearch: max games reached
b7b37 info: 
Elapsed Time   3.2943s
Count          1
GamesPlayed    1
Nodes          1
Knowledge      0 (0.0%)
Expansions     0.0
Time           0.00
GameLen        115.0 dev=0.0 min=115.0 max=115.0
InTree         0.0 dev=0.0 min=0.0 max=0.0
KnowDepth      -
Aborted        0%
Games/s        3268.0
Score          1.00
Sequence      
b7b37 info: 
b7b37 warning: **** MoHexSearch returned empty sequence!
b7b37 warning: **** Returning random move!
<= 
<
>genmove w
<= k2
<
>play b d2
b7b37 info: Best move cannot be determined, must search state.
b7b37 info: --- MoHexPlayer::Search() ---
b7b37 info: Color: white
b7b37 info: MaxGames: 1
b7b37 info: NumberThreads: 1
b7b37 info: MaxNodes: 9090 (799920 bytes)
b7b37 info: TimeForMove: 1
b7b37 info: PreSearch: max time reached (45/77).
b7b37 info: Time for PreSearch: 0.201867s
b7b37 info: 
  cd76c5594a964123
  a  b  c  d  e  f  g  h  i  j  k  
 1\.  .  .  .  *  .  *  *  *  *  .\1
  2\.  *  W  .  .  *  *  *  *  *  .\2
   3\.  .  *  B  *  *  *  *  *  *  .\3
    4\.  *  *  B  *  *  *  *  *  *  .\4
     5\.  *  *  *  *  *  *  *  *  *  .\5
      6\.  *  *  *  *  *  *  *  *  *  .\6
       7\.  *  *  *  *  *  *  *  *  *  .\7
        8\.  *  *  *  *  *  *  *  *  *  .\8
         9\.  .  *  *  *  W  *  *  *  *  .\9
         10\.  .  B  .  *  *  *  *  *  .  .\10
          11\.  b  b  b  .  *  *  *  .  .  .\11
              a  b  c  d  e  f  g  h  i  j  k  
b7b37 info: Old: [black, d3] [white, swap-pieces] [white, f9] [black, c10] 
b7b37 info: New: [black, d3] [white, swap-pieces] [white, f9] [black, c10] [white, c2] [black, d4] 
b7b37 info: MovesPlayed: [white, c2] [black, d4] 
b7b37 info: No subtree to reuse.
b7b37 info: StartSearch()[0]
SgUctSearch: max games reached
b7b37 info: 
Elapsed Time   0.348323s
Count          1
GamesPlayed    1
Nodes          1
Knowledge      0 (0.0%)
Expansions     0.0
Time           0.00
GameLen        113.0 dev=0.0 min=113.0 max=113.0
InTree         0.0 dev=0.0 min=0.0 max=0.0
KnowDepth      -
Aborted        0%
Games/s        3389.8
Score          1.00
Sequence      
b7b37 info: 
b7b37 warning: **** MoHexSearch returned empty sequence!
b7b37 warning: **** Returning random move!
<= 
<
>genmove w
<= f6
<
>play b j8
b7b37 info: Best move cannot be determined, must search state.
b7b37 info: --- MoHexPlayer::Search() ---
b7b37 info: Color: white
b7b37 info: MaxGames: 1
b7b37 info: NumberThreads: 1
b7b37 info: MaxNodes: 9090 (799920 bytes)
b7b37 info: TimeForMove: 1
b7b37 info: PreSearch: max time reached (48/70).
b7b37 info: Time for PreSearch: 0.200781s
b7b37 info: 
  4e05c144d40d738d
  a  b  c  d  e  f  g  h  i  j  k  
 1\.  .  .  b  b  b  b  b  .  *  .\1
  2\.  .  W  B  b  b  .  *  *  *  W\2
   3\.  .  .  B  b  *  *  *  *  *  .\3
    4\.  .  .  B  *  *  *  *  *  *  .\4
     5\.  .  *  *  *  *  *  *  *  *  .\5
      6\.  *  *  *  *  *  *  *  *  *  .\6
       7\.  *  *  *  *  *  *  *  *  *  .\7
        8\.  *  *  *  *  *  *  *  *  *  .\8
         9\.  .  *  *  *  W  *  *  *  *  .\9
         10\.  .  B  .  *  *  *  *  *  .  .\10
          11\.  b  b  b  .  *  *  *  .  .  .\11
              a  b  c  d  e  f  g  h  i  j  k  
b7b37 info: Old: [black, d3] [white, swap-pieces] [white, f9] [black, c10] [white, c2] [black, d4] 
b7b37 info: New: [black, d3] [white, swap-pieces] [white, f9] [black, c10] [white, c2] [black, d4] [white, k2] [black, d2] 
b7b37 info: MovesPlayed: [white, k2] [black, d2] 
b7b37 info: No subtree to reuse.
b7b37 info: StartSearch()[0]
SgUctSearch: max games reached
b7b37 info: 
Elapsed Time   0.343286s
Count          1
GamesPlayed    1
Nodes          1
Knowledge      0 (0.0%)
Expansions     0.0
Time           0.00
GameLen        103.0 dev=0.0 min=103.0 max=103.0
InTree         0.0 dev=0.0 min=0.0 max=0.0
KnowDepth      -
Aborted        0%
Games/s        3048.8
Score          0.00
Sequence      
b7b37 info: 
b7b37 warning: **** MoHexSearch returned empty sequence!
b7b37 warning: **** Returning random move!
<= 
<
>genmove w
<= g8
<
>play b b2
b7b37 info: Best move cannot be determined, must search state.
b7b37 info: --- MoHexPlayer::Search() ---
b7b37 info: Color: white
b7b37 info: MaxGames: 1
b7b37 info: NumberThreads: 1
b7b37 info: MaxNodes: 9090 (799920 bytes)
b7b37 info: TimeForMove: 1
b7b37 info: PreSearch: max time reached (46/68).
b7b37 info: Time for PreSearch: 0.200439s
b7b37 info: 
  d5ff8425494958e1
  a  b  c  d  e  f  g  h  i  j  k  
 1\.  .  .  b  b  b  b  b  .  *  .\1
  2\.  .  W  B  b  b  .  *  *  *  W\2
   3\.  .  .  B  b  *  *  *  *  *  .\3
    4\.  .  .  B  *  *  *  *  *  *  .\4
     5\.  .  *  *  *  *  *  *  *  *  .\5
      6\.  *  *  *  *  W  *  *  *  *  .\6
       7\.  *  *  *  *  *  *  *  *  *  .\7
        8\.  *  *  *  *  *  *  *  *  B  .\8
         9\.  .  *  *  *  W  *  *  *  .  .\9
         10\.  .  B  .  *  *  *  *  *  .  .\10
          11\.  b  b  b  .  *  *  *  .  .  .\11
              a  b  c  d  e  f  g  h  i  j  k  
b7b37 info: Old: [black, d3] [white, swap-pieces] [white, f9] [black, c10] [white, c2] [black, d4] [white, k2] [black, d2] 
b7b37 info: New: [black, d3] [white, swap-pieces] [white, f9] [black, c10] [white, c2] [black, d4] [white, k2] [black, d2] [white, f6] [black, j8] 
b7b37 info: MovesPlayed: [white, f6] [black, j8] 
b7b37 info: No subtree to reuse.
b7b37 info: StartSearch()[0]
SgUctSearch: max games reached
b7b37 info: 
Elapsed Time   0.342254s
Count          1
GamesPlayed    1
Nodes          1
Knowledge      0 (0.0%)
Expansions     0.0
Time           0.00
GameLen        101.0 dev=0.0 min=101.0 max=101.0
InTree         0.0 dev=0.0 min=0.0 max=0.0
KnowDepth      -
Aborted        0%
Games/s        3096.0
Score          1.00
Sequence      
b7b37 info: 
b7b37 warning: **** MoHexSearch returned empty sequence!
b7b37 warning: **** Returning random move!
<= 
<
>genmove w
<= g4
<
>play b h9
b7b37 info: Best move cannot be determined, must search state.
b7b37 info: --- MoHexPlayer::Search() ---
b7b37 info: Color: white
b7b37 info: MaxGames: 1
b7b37 info: NumberThreads: 1
b7b37 info: MaxNodes: 9090 (799920 bytes)
b7b37 info: TimeForMove: 1
b7b37 info: PreSearch: max time reached (27/66).
b7b37 info: Time for PreSearch: 0.204743s
b7b37 info: 
  7cc234f1d031dc0e
  a  b  c  d  e  f  g  h  i  j  k  
 1\b  b  b  b  b  b  b  b  .  *  .\1
  2\b  B  W  B  b  b  .  *  *  *  W\2
   3\.  *  .  B  b  *  *  *  *  *  .\3
    4\.  .  .  B  *  *  *  *  *  *  .\4
     5\.  .  *  *  *  *  *  *  *  *  .\5
      6\.  *  *  *  *  W  *  *  *  *  .\6
       7\.  *  *  *  *  *  *  *  *  *  .\7
        8\.  *  *  *  *  *  W  *  *  B  .\8
         9\.  .  *  *  *  W  *  *  *  *  .\9
         10\.  .  B  .  *  *  *  *  *  .  .\10
          11\.  b  b  b  .  *  *  *  .  .  .\11
              a  b  c  d  e  f  g  h  i  j  k  
b7b37 info: Old: [black, d3] [white, swap-pieces] [white, f9] [black, c10] [white, c2] [black, d4] [white, k2] [black, d2] [white, f6] [black, j8] 
b7b37 info: New: [black, d3] [white, swap-pieces] [white, f9] [black, c10] [white, c2] [black, d4] [white, k2] [black, d2] [white, f6] [black, j8] [white, g8] [black, b2] 
b7b37 info: MovesPlayed: [white, g8] [black, b2] 
b7b37 info: No subtree to reuse.
b7b37 info: StartSearch()[0]
SgUctSearch: max games reached
b7b37 info: 
Elapsed Time   0.405454s
Count          1
GamesPlayed    1
Nodes          1
Knowledge      0 (0.0%)
Expansions     0.0
Time           0.00
GameLen        95.0 dev=0.0 min=95.0 max=95.0
InTree         0.0 dev=0.0 min=0.0 max=0.0
KnowDepth      -
Aborted        0%
Games/s        3802.3
Score          1.00
Sequence      
b7b37 info: 
b7b37 warning: **** MoHexSearch returned empty sequence!
b7b37 warning: **** Returning random move!
<= 
<
>genmove w
<= i6
<
>play b f7
b7b37 info: Best move cannot be determined, must search state.
b7b37 info: --- MoHexPlayer::Search() ---
b7b37 info: Color: white
b7b37 info: MaxGames: 1
b7b37 info: NumberThreads: 1
b7b37 info: MaxNodes: 9090 (799920 bytes)
b7b37 info: TimeForMove: 1
b7b37 info: PreSearch: max time reached (18/63).
b7b37 info: Time for PreSearch: 0.220672s
b7b37 info: 
  ed0503fde3bfc766
  a  b  c  d  e  f  g  h  i  j  k  
 1\b  b  b  b  b  b  b  b  .  *  .\1
  2\b  B  W  B  b  b  .  *  *  *  W\2
   3\.  *  .  B  b  *  *  *  *  *  .\3
    4\.  .  .  B  *  *  W  *  *  *  .\4
     5\.  .  *  *  *  *  *  *  *  *  .\5
      6\.  *  *  *  *  W  *  *  *  *  .\6
       7\.  *  *  *  *  *  *  *  *  *  .\7
        8\.  *  *  *  *  *  W  *  *  B  .\8
         9\.  .  *  *  *  W  .  B  *  *  .\9
         10\.  .  B  .  *  *  *  *  *  .  .\10
          11\.  b  b  b  .  *  *  *  .  .  .\11
              a  b  c  d  e  f  g  h  i  j  k  
b7b37 info: Old: [black, d3] [white, swap-pieces] [white, f9] [black, c10] [white, c2] [black, d4] [white, k2] [black, d2] [white, f6] [black, j8] [white, g8] [black, b2] 
b7b37 info: New: [black, d3] [white, swap-pieces] [white, f9] [black, c10] [white, c2] [black, d4] [white, k2] [black, d2] [white, f6] [black, j8] [white, g8] [black, b2] [white, g4] [black, h9] 
b7b37 info: MovesPlayed: [white, g4] [black, h9] 
b7b37 info: No subtree to reuse.
b7b37 info: StartSearch()[0]
SgUctSearch: max games reached
b7b37 info: 
Elapsed Time   0.361223s
Count          1
GamesPlayed    1
Nodes          1
Knowledge      0 (0.0%)
Expansions     0.0
Time           0.00
GameLen        93.0 dev=0.0 min=93.0 max=93.0
InTree         0.0 dev=0.0 min=0.0 max=0.0
KnowDepth      -
Aborted        0%
Games/s        4000.0
Score          0.00
Sequence      
b7b37 info: 
b7b37 warning: **** MoHexSearch returned empty sequence!
b7b37 warning: **** Returning random move!
<= 
<
>genmove w
<= d7
<
>play b h4
b7b37 info: Winning SC.
<= 
<
>genmove w
<= h5
<
>play b g5
b7b37 info: Winning SC.
<= 
<
>genmove w
<= g6
<
>play b e7
b7b37 info: Winning SC.
<= 
<
>genmove w
<= d8
<
>play b e6
b7b37 info: Winning SC.
<= 
<
>genmove w
<= e8
<
>play b c7
b7b37 info: Winning SC.
<= 
<
>genmove w
<= b9
<
>play b j5
b7b37 info: Winning SC.
<= 
<
>genmove w
<= i5
<
>play b j4
b7b37 info: Winning SC.
<= 
<
>genmove w
<= j6
<
>play b f8
b7b37 info: Winning SC.
<= 
<
>genmove w
<= e9
<
>play b h7
b7b37 info: Winning SC.
<= 
<
>genmove w
<= g7
<
>play b k5
b7b37 info: Winning SC.
<= 
<
>genmove w
<= k6
<
>play b c8
b7b37 info: Winning SC.
<= 
<
>genmove w
<= c9
<
>play b a10
b7b37 info: Winning SC.
<= 
<
>genmove w
<= a9
<
>play b resign
b7b37 info: Winning SC.
<= 
<
>final_score
<= W+
<
>quit
<= 
<
