f68c7 config: MoHex v2.0.CMake Mar 21 2025.
f68c7 config: ============ InitializeSystem ============
f68c7 config: BenzeneProgram::InitRandom()
f68c7 config: Seed = 510662
f68c7 info: Prior Patterns:
f68c7 info: Global:
f68c7 info: Size            = 565 32648 
f68c7 info: TableEntries    = 65932 65910
f68c7 info: MirrorsAdded    = 0 0
f68c7 info: PrunableCount   = 30593 30629
f68c7 info: LargestGamma    = 5820.77
f68c7 info: SmallestGamma   = 6.6e-05
f68c7 info: Local:
f68c7 info: Size            = 550 5318 
f68c7 info: TableEntries    = 11602 11588
f68c7 info: MirrorsAdded    = 0 0
f68c7 info: PrunableCount   = 3659 3667
f68c7 info: LargestGamma    = 11281.8
f68c7 info: SmallestGamma   = 0.026235
f68c7 info: Playout Patterns:
f68c7 info: Global:
f68c7 info: Size            = 565 32648 
f68c7 info: TableEntries    = 70329 70329
f68c7 info: MirrorsAdded    = 4397 4419
f68c7 info: PrunableCount   = 30593 30629
f68c7 info: LargestGamma    = 5820.77
f68c7 info: SmallestGamma   = 6.6e-05
f68c7 info: Local:
f68c7 info: Size            = 550 5318 
f68c7 info: TableEntries    = 11602 11588
f68c7 info: MirrorsAdded    = 0 0
f68c7 info: PrunableCount   = 3659 3667
f68c7 info: LargestGamma    = 11281.8
f68c7 info: SmallestGamma   = 0.026235
f68c7 config: IcePatternSet: reading from '/home/linus/MoHex2.0/nfbranchfix/benzene-vanilla-cmake/share/ice-patterns.txt'.
f68c7 config: IcePatternSet: parsed 708 patterns.
f68c7 config: VCS: reading captured set patterns from '/home/linus/MoHex2.0/nfbranchfix/benzene-vanilla-cmake/share/vc-captured-set.txt'.
f68c7 config: VCS:: parsed 2 patterns.
f68c7 config: VCS: reading captured set patterns from '/home/linus/MoHex2.0/nfbranchfix/benzene-vanilla-cmake/share/vc-captured-set.txt'.
f68c7 config: VCS:: parsed 2 patterns.
f68c7 config: IcePatternSet: reading from '/home/linus/MoHex2.0/nfbranchfix/benzene-vanilla-cmake/share/ice-patterns.txt'.
f68c7 config: IcePatternSet: parsed 708 patterns.
f68c7 config: VCS: reading captured set patterns from '/home/linus/MoHex2.0/nfbranchfix/benzene-vanilla-cmake/share/vc-captured-set.txt'.
f68c7 config: VCS:: parsed 2 patterns.
f68c7 config: VCS: reading captured set patterns from '/home/linus/MoHex2.0/nfbranchfix/benzene-vanilla-cmake/share/vc-captured-set.txt'.
f68c7 config: VCS:: parsed 2 patterns.
f68c7 config: VCS: reading captured set patterns from '/home/linus/MoHex2.0/nfbranchfix/benzene-vanilla-cmake/share/vc-captured-set.txt'.
f68c7 config: VCS:: parsed 2 patterns.
f68c7 config: VCS: reading captured set patterns from '/home/linus/MoHex2.0/nfbranchfix/benzene-vanilla-cmake/share/vc-captured-set.txt'.
f68c7 config: VCS:: parsed 2 patterns.
f68c7 config: VCS: reading captured set patterns from '/home/linus/MoHex2.0/nfbranchfix/benzene-vanilla-cmake/share/vc-captured-set.txt'.
f68c7 config: VCS:: parsed 2 patterns.
f68c7 config: VCS: reading captured set patterns from '/home/linus/MoHex2.0/nfbranchfix/benzene-vanilla-cmake/share/vc-captured-set.txt'.
f68c7 config: VCS:: parsed 2 patterns.
f68c7 config: VCPattern: loading pattern templates from '/home/linus/MoHex2.0/nfbranchfix/benzene-vanilla-cmake/share/vc-patterns.txt'.
f68c7 info: Best move cannot be determined, must search state.
f68c7 info: --- MoHexPlayer::Search() ---
f68c7 info: Color: black
f68c7 info: MaxGames: 1
f68c7 info: NumberThreads: 1
f68c7 info: MaxNodes: 181818181 (15999999928 bytes)
f68c7 info: TimeForMove: 1
f68c7 info: PreSearch: max time reached (52/91).
f68c7 info: Time for PreSearch: 0.203278s
f68c7 info: 
  7d03e17b9deff510
  a  b  c  d  e  f  g  h  i  j  k  
 1\.  .  .  .  .  .  .  .  .  .  .\1
  2\.  .  *  *  *  *  *  *  *  *  *\2
   3\.  *  *  *  *  *  *  *  *  *  *\3
    4\*  *  *  *  *  *  *  *  *  *  *\4
     5\*  *  *  *  *  *  *  *  *  *  *\5
      6\*  *  *  *  *  W  *  *  *  *  *\6
       7\*  *  *  *  *  *  *  *  *  *  *\7
        8\*  *  *  *  *  *  *  *  *  *  *\8
         9\B  *  *  *  *  *  *  *  *  *  .\9
         10\*  *  *  *  *  *  *  *  *  .  .\10
          11\.  .  .  .  .  .  .  .  .  .  .\11
              a  b  c  d  e  f  g  h  i  j  k  
f68c7 info: No subtree to reuse.
f68c7 info: Creating thread 0
f68c7 info: StartSearch()[0]
f68c7 config: VCS: reading captured set patterns from '/home/linus/MoHex2.0/nfbranchfix/benzene-vanilla-cmake/share/vc-captured-set.txt'.
f68c7 config: VCS:: parsed 2 patterns.
f68c7 config: VCS: reading captured set patterns from '/home/linus/MoHex2.0/nfbranchfix/benzene-vanilla-cmake/share/vc-captured-set.txt'.
f68c7 config: VCS:: parsed 2 patterns.
f68c7 info: 
Elapsed Time   0.353202s
Count          1
GamesPlayed    1
Nodes          1
Knowledge      0 (0.0%)
Expansions     0.0
Time           0.00
GameLen        119.0 dev=0.0 min=119.0 max=119.0
InTree         0.0 dev=0.0 min=0.0 max=0.0
KnowDepth      -
Aborted        0%
Games/s        383.4
Score          1.00
Sequence      
f68c7 info: 
f68c7 warning: **** MoHexSearch returned empty sequence!
f68c7 warning: **** Returning random move!
f68c7 info: Best move cannot be determined, must search state.
f68c7 info: --- MoHexPlayer::Search() ---
f68c7 info: Color: black
f68c7 info: MaxGames: 1
f68c7 info: NumberThreads: 1
f68c7 info: MaxNodes: 181818181 (15999999928 bytes)
f68c7 info: TimeForMove: 1
f68c7 info: PreSearch: max time reached (47/86).
f68c7 info: Time for PreSearch: 0.200711s
f68c7 info: 
  45e1a9ff691649dd
  a  b  c  d  e  f  g  h  i  j  k  
 1\.  .  .  .  .  .  .  .  .  .  .\1
  2\.  .  *  *  *  *  *  *  *  *  .\2
   3\.  *  *  *  *  *  *  *  *  *  W\3
    4\*  *  *  *  *  *  *  *  *  *  .\4
     5\*  *  *  *  *  *  *  *  *  *  *\5
      6\*  *  *  *  *  W  *  *  *  *  *\6
       7\*  *  *  *  *  *  *  *  *  *  *\7
        8\*  *  *  *  *  *  *  *  *  *  *\8
         9\B  *  *  B  *  *  *  *  *  *  .\9
         10\*  *  *  .  *  *  *  *  *  .  .\10
          11\.  .  .  .  .  .  .  .  .  .  .\11
              a  b  c  d  e  f  g  h  i  j  k  
f68c7 info: Old: [black, a9] [white, f6] 
f68c7 info: New: [black, a9] [white, f6] [black, d9] [white, k3] 
f68c7 info: MovesPlayed: [black, d9] [white, k3] 
f68c7 info: No subtree to reuse.
f68c7 info: StartSearch()[0]
f68c7 info: 
Elapsed Time   0.343888s
Count          1
GamesPlayed    1
Nodes          1
Knowledge      0 (0.0%)
Expansions     0.0
Time           0.00
GameLen        117.0 dev=0.0 min=117.0 max=117.0
InTree         0.0 dev=0.0 min=0.0 max=0.0
KnowDepth      -
Aborted        0%
Games/s        3344.5
Score          0.00
Sequence      
f68c7 info: 
f68c7 warning: **** MoHexSearch returned empty sequence!
f68c7 warning: **** Returning random move!
f68c7 info: Best move cannot be determined, must search state.
f68c7 info: --- MoHexPlayer::Search() ---
f68c7 info: Color: black
f68c7 info: MaxGames: 1
f68c7 info: NumberThreads: 1
f68c7 info: MaxNodes: 181818181 (15999999928 bytes)
f68c7 info: TimeForMove: 1
f68c7 info: PreSearch: max time reached (35/84).
f68c7 info: Time for PreSearch: 0.20593s
f68c7 info: 
  1bb2a5d0d4779977
  a  b  c  d  e  f  g  h  i  j  k  
 1\.  .  .  .  .  .  .  .  .  .  .\1
  2\.  .  *  *  *  *  *  *  *  *  .\2
   3\.  *  *  *  *  *  *  *  *  *  W\3
    4\*  *  *  *  *  *  *  *  *  *  W\4
     5\*  *  *  *  *  *  *  *  *  *  .\5
      6\*  *  *  *  *  W  *  *  *  *  *\6
       7\*  *  *  *  *  *  *  *  *  *  *\7
        8\*  *  *  *  *  *  B  *  *  *  *\8
         9\B  *  *  B  *  *  *  *  *  *  .\9
         10\*  *  *  .  *  *  *  *  *  .  .\10
          11\.  .  .  .  .  .  .  .  .  .  .\11
              a  b  c  d  e  f  g  h  i  j  k  
f68c7 info: Old: [black, a9] [white, f6] [black, d9] [white, k3] 
f68c7 info: New: [black, a9] [white, f6] [black, d9] [white, k3] [black, g8] [white, k4] 
f68c7 info: MovesPlayed: [black, g8] [white, k4] 
f68c7 info: No subtree to reuse.
f68c7 info: StartSearch()[0]
f68c7 info: 
Elapsed Time   0.551371s
Count          1
GamesPlayed    1
Nodes          1
Knowledge      0 (0.0%)
Expansions     0.0
Time           0.00
GameLen        115.0 dev=0.0 min=115.0 max=115.0
InTree         0.0 dev=0.0 min=0.0 max=0.0
KnowDepth      -
Aborted        0%
Games/s        2785.5
Score          0.00
Sequence      
f68c7 info: 
f68c7 warning: **** MoHexSearch returned empty sequence!
f68c7 warning: **** Returning random move!
f68c7 info: Best move cannot be determined, must search state.
f68c7 info: --- MoHexPlayer::Search() ---
f68c7 info: Color: black
f68c7 info: MaxGames: 1
f68c7 info: NumberThreads: 1
f68c7 info: MaxNodes: 181818181 (15999999928 bytes)
f68c7 info: TimeForMove: 1
f68c7 info: PreSearch: max time reached (35/85).
f68c7 info: Time for PreSearch: 0.202821s
f68c7 info: 
  f60ef6e9b2d1e221
  a  b  c  d  e  f  g  h  i  j  k  
 1\.  .  .  .  .  .  .  .  .  .  .\1
  2\.  .  *  *  *  *  *  *  *  *  .\2
   3\.  *  *  *  *  *  *  *  *  *  W\3
    4\*  *  *  *  *  *  *  *  *  *  W\4
     5\*  *  *  *  *  *  *  *  *  *  .\5
      6\*  *  *  *  *  W  *  *  *  *  *\6
       7\*  *  *  *  *  B  *  *  *  *  *\7
        8\*  *  *  *  *  *  B  *  *  *  *\8
         9\B  *  *  B  *  *  *  *  *  *  .\9
         10\*  *  *  *  *  *  *  *  *  .  .\10
          11\*  W  .  .  .  .  .  .  .  .  .\11
              a  b  c  d  e  f  g  h  i  j  k  
f68c7 info: Old: [black, a9] [white, f6] [black, d9] [white, k3] [black, g8] [white, k4] 
f68c7 info: New: [black, a9] [white, f6] [black, d9] [white, k3] [black, g8] [white, k4] [black, f7] [white, b11] 
f68c7 info: MovesPlayed: [black, f7] [white, b11] 
f68c7 info: No subtree to reuse.
f68c7 info: StartSearch()[0]
f68c7 info: 
Elapsed Time   0.347679s
Count          1
GamesPlayed    1
Nodes          1
Knowledge      0 (0.0%)
Expansions     0.0
Time           0.00
GameLen        113.0 dev=0.0 min=113.0 max=113.0
InTree         0.0 dev=0.0 min=0.0 max=0.0
KnowDepth      -
Aborted        0%
Games/s        3610.1
Score          1.00
Sequence      
f68c7 info: 
f68c7 warning: **** MoHexSearch returned empty sequence!
f68c7 warning: **** Returning random move!
f68c7 info: Best move cannot be determined, must search state.
f68c7 info: --- MoHexPlayer::Search() ---
f68c7 info: Color: black
f68c7 info: MaxGames: 1
f68c7 info: NumberThreads: 1
f68c7 info: MaxNodes: 181818181 (15999999928 bytes)
f68c7 info: TimeForMove: 1
f68c7 info: PreSearch: max time reached (9/78).
f68c7 info: Time for PreSearch: 3.06469s
f68c7 info: 
  a7c94cf7f5866dc0
  a  b  c  d  e  f  g  h  i  j  k  
 1\.  .  .  .  .  .  .  .  .  .  .\1
  2\.  .  *  *  *  *  *  *  *  *  .\2
   3\.  *  *  *  *  *  *  *  *  *  W\3
    4\W  *  *  *  *  *  *  *  *  *  W\4
     5\.  *  *  *  *  *  *  *  *  *  .\5
      6\*  *  *  *  *  W  B  *  *  *  *\6
       7\*  *  *  *  *  B  .  *  *  *  *\7
        8\*  *  *  *  .  .  B  *  *  *  *\8
         9\B  *  *  B  .  *  *  *  *  *  .\9
         10\*  *  *  *  *  *  *  *  *  .  .\10
          11\*  W  .  .  .  .  .  .  .  .  .\11
              a  b  c  d  e  f  g  h  i  j  k  
f68c7 info: Old: [black, a9] [white, f6] [black, d9] [white, k3] [black, g8] [white, k4] [black, f7] [white, b11] 
f68c7 info: New: [black, a9] [white, f6] [black, d9] [white, k3] [black, g8] [white, k4] [black, f7] [white, b11] [black, g6] [white, a4] 
f68c7 info: MovesPlayed: [black, g6] [white, a4] 
f68c7 info: No subtree to reuse.
f68c7 info: StartSearch()[0]
f68c7 info: 
Elapsed Time   3.20983s
Count          1
GamesPlayed    1
Nodes          1
Knowledge      0 (0.0%)
Expansions     0.0
Time           0.00
GameLen        111.0 dev=0.0 min=111.0 max=111.0
InTree         0.0 dev=0.0 min=0.0 max=0.0
KnowDepth      -
Aborted        0%
Games/s        3460.2
Score          1.00
Sequence      
f68c7 info: 
f68c7 warning: **** MoHexSearch returned empty sequence!
f68c7 warning: **** Returning random move!
f68c7 info: Winning SC.
f68c7 info: Winning SC.
f68c7 info: Winning SC.
f68c7 info: Winning SC.
f68c7 info: Winning SC.
f68c7 info: Winning SC.
f68c7 info: Winning SC.
f68c7 info: Winning SC.
f68c7 info: Winning SC.
f68c7 config: ============ BenzeneShutdown =============
f68c7 config: MoHexProgram:: ShutdownSystem()
f68c7 config: CommonProgram:: ShutdownSystem()
f68c7 config: BenzeneProgram:: ShutdownSystem()
Flushing and closing this stream...
