# nice ../build/src/mohex/mohex --config mohex-weak.htp --seed 506280 --logfile-name jobs/11x11-mohex-mohex-cg2010-vs-mohex-mohex-weak-2/mohex-mohex-weak-393.log
>boardsize 11 11
<= 
<
>name
MoHex 2.0.CMake Mar 21 2025
Copyright (C) 2007-2012 by the authors of the Benzene project.
This program comes with ABSOLUTELY NO WARRANTY. This is
free software and you are welcome to redistribute it under
certain conditions. Type `benzene-license' for details.

SgRandom::SetSeed: 506280
SgUctSearch: system memory 33632358400, using 1000000000 (5681818 nodes)
SgRandom::SetSeed: 1
SgRandom::SetSeed: 506280
04957 info: Prior Patterns:
04957 info: Global:
04957 info: Size            = 565 32648 
04957 info: TableEntries    = 65932 65910
04957 info: MirrorsAdded    = 0 0
04957 info: PrunableCount   = 30593 30629
04957 info: LargestGamma    = 5820.77
04957 info: SmallestGamma   = 6.6e-05
04957 info: Local:
04957 info: Size            = 550 5318 
04957 info: TableEntries    = 11602 11588
04957 info: MirrorsAdded    = 0 0
04957 info: PrunableCount   = 3659 3667
04957 info: LargestGamma    = 11281.8
04957 info: SmallestGamma   = 0.026235
04957 info: Playout Patterns:
04957 info: Global:
04957 info: Size            = 565 32648 
04957 info: TableEntries    = 70329 70329
04957 info: MirrorsAdded    = 4397 4419
04957 info: PrunableCount   = 30593 30629
04957 info: LargestGamma    = 5820.77
04957 info: SmallestGamma   = 6.6e-05
04957 info: Local:
04957 info: Size            = 550 5318 
04957 info: TableEntries    = 11602 11588
04957 info: MirrorsAdded    = 0 0
04957 info: PrunableCount   = 3659 3667
04957 info: LargestGamma    = 11281.8
04957 info: SmallestGamma   = 0.026235
param_game allow_swap 1
= 

param_mohex max_memory 1600000
= 

param_mohex num_threads 1
= 

param_mohex max_time 1
= 

param_mohex max_games 1
= 

param_mohex knowledge_threshold 400
= 

param_mohex reuse_subtree 1
= 

param_mohex use_parallel_solver 0
= 

<= MoHex
<
>version
<= 2.0.CMake
<
>play b g10
<= 
<
>showboard
<= 
< 
<  40bf8dd68278ed7e
<  a  b  c  d  e  f  g  h  i  j  k  
< 1\.  .  .  .  .  .  .  .  .  .  .\1
<  2\.  .  .  .  .  .  .  .  .  .  .\2
<   3\.  .  .  .  .  .  .  .  .  .  .\3
<    4\.  .  .  .  .  .  .  .  .  .  .\4
<     5\.  .  .  .  .  .  .  .  .  .  .\5
<      6\.  .  .  .  .  .  .  .  .  .  .\6
<       7\.  .  .  .  .  .  .  .  .  .  .\7
<        8\.  .  .  .  .  .  .  .  .  .  .\8
<         9\.  .  .  .  .  .  .  .  .  .  .\9
<         10\.  .  .  .  .  .  B  .  .  .  .\10
<          11\.  .  .  .  .  .  .  .  .  .  .\11
<              a  b  c  d  e  f  g  h  i  j  k  
<
>play w swap-pieces
<= 
<
>genmove w
