# nice ../build/src/mohex/mohex --config mohex-cg2010.htp --seed 959101 --logfile-name jobs/11x11-mohex-mohex-cg2010-vs-mohex-mohex-weak-2/mohex-mohex-cg2010-69.log
>boardsize 11 11
MoHex 2.0.CMake Mar 21 2025
Copyright (C) 2007-2012 by the authors of the Benzene project.
This program comes with ABSOLUTELY NO WARRANTY. This is
free software and you are welcome to redistribute it under
certain conditions. Type `benzene-license' for details.

SgRandom::SetSeed: 959101
SgUctSearch: system memory 33632358400, using 1000000000 (5681818 nodes)
SgRandom::SetSeed: 1
SgRandom::SetSeed: 959101
6ebb7 info: Prior Patterns:
6ebb7 info: Global:
6ebb7 info: Size            = 565 32648 
6ebb7 info: TableEntries    = 65932 65910
6ebb7 info: MirrorsAdded    = 0 0
6ebb7 info: PrunableCount   = 30593 30629
6ebb7 info: LargestGamma    = 5820.77
6ebb7 info: SmallestGamma   = 6.6e-05
6ebb7 info: Local:
6ebb7 info: Size            = 550 5318 
6ebb7 info: TableEntries    = 11602 11588
6ebb7 info: MirrorsAdded    = 0 0
6ebb7 info: PrunableCount   = 3659 3667
6ebb7 info: LargestGamma    = 11281.8
6ebb7 info: SmallestGamma   = 0.026235
6ebb7 info: Playout Patterns:
6ebb7 info: Global:
6ebb7 info: Size            = 565 32648 
6ebb7 info: TableEntries    = 70329 70329
6ebb7 info: MirrorsAdded    = 4397 4419
6ebb7 info: PrunableCount   = 30593 30629
6ebb7 info: LargestGamma    = 5820.77
6ebb7 info: SmallestGamma   = 6.6e-05
6ebb7 info: Local:
6ebb7 info: Size            = 550 5318 
6ebb7 info: TableEntries    = 11602 11588
6ebb7 info: MirrorsAdded    = 0 0
6ebb7 info: PrunableCount   = 3659 3667
6ebb7 info: LargestGamma    = 11281.8
6ebb7 info: SmallestGamma   = 0.026235
param_game allow_swap 1
= 

param_mohex max_memory 32000000000
= 

param_mohex num_threads 1
= 

param_mohex max_time 1
= 

param_mohex max_games 1
= 

param_mohex knowledge_threshold 400
= 

param_mohex reuse_subtree 1
= 

param_mohex use_parallel_solver 0
= 

<= 
<
>name
<= MoHex
<
>version
<= 2.0.CMake
<
>play b d2
<= 
<
>genmove w
<= swap-pieces
<
>showboard
6ebb7 info: SwapCheck: reading from '/home/linus/MoHex2.0/nfbranchfix/benzene-vanilla-cmake/share/swap-moves.txt'.
6ebb7 info: SwapCheck: playing swap.
<= 
< 
<  4ee8bfe34bbdc6b3
<  a  b  c  d  e  f  g  h  i  j  k  
< 1\.  .  .  .  .  .  .  .  .  .  .\1
<  2\.  .  .  B  .  .  .  .  .  .  .\2
<   3\.  .  .  .  .  .  .  .  .  .  .\3
<    4\.  .  .  .  .  .  .  .  .  .  .\4
<     5\.  .  .  .  .  .  .  .  .  .  .\5
<      6\.  .  .  .  .  .  .  .  .  .  .\6
<       7\.  .  .  .  .  .  .  .  .  .  .\7
<        8\.  .  .  .  .  .  .  .  .  .  .\8
<         9\.  .  .  .  .  .  .  .  .  .  .\9
<         10\.  .  .  .  .  .  .  .  .  .  .\10
<          11\.  .  .  .  .  .  .  .  .  .  .\11
<              a  b  c  d  e  f  g  h  i  j  k  
<
>play w d8
<= 
<
>showboard
<= 
< 
<  b861f67dcb2d4fe0
<  a  b  c  d  e  f  g  h  i  j  k  
< 1\.  .  .  .  .  .  .  .  .  .  .\1
<  2\.  .  .  B  .  .  .  .  .  .  .\2
<   3\.  .  .  .  .  .  .  .  .  .  .\3
<    4\.  .  .  .  .  .  .  .  .  .  .\4
<     5\.  .  .  .  .  .  .  .  .  .  .\5
<      6\.  .  .  .  .  .  .  .  .  .  .\6
<       7\.  .  .  .  .  .  .  .  .  .  .\7
<        8\.  .  .  W  .  .  .  .  .  .  .\8
<         9\.  .  .  .  .  .  .  .  .  .  .\9
<         10\.  .  .  .  .  .  .  .  .  .  .\10
<          11\.  .  .  .  .  .  .  .  .  .  .\11
<              a  b  c  d  e  f  g  h  i  j  k  
<
>genmove b
<= d4
<
>showboard
6ebb7 info: Best move cannot be determined, must search state.
6ebb7 info: --- MoHexPlayer::Search() ---
6ebb7 info: Color: black
6ebb7 info: MaxGames: 1
6ebb7 info: NumberThreads: 1
6ebb7 info: MaxNodes: 181818181 (15999999928 bytes)
6ebb7 info: TimeForMove: 1
6ebb7 info: PreSearch: max time reached (63/89).
6ebb7 info: Time for PreSearch: 0.203067s
6ebb7 info: 
  b861f67dcb2d4fe0
  a  b  c  d  e  f  g  h  i  j  k  
 1\b  b  b  b  b  b  .  .  .  .  .\1
  2\.  .  .  B  .  *  *  *  *  *  *\2
   3\.  *  *  *  *  *  *  *  *  *  *\3
    4\*  *  *  *  *  *  *  *  *  *  *\4
     5\*  *  *  *  *  *  *  *  *  *  *\5
      6\*  *  *  *  *  *  *  *  *  *  *\6
       7\*  *  *  *  *  *  *  *  *  *  *\7
        8\*  *  *  W  *  *  *  *  *  *  *\8
         9\*  *  *  *  *  *  *  *  *  *  .\9
         10\*  *  *  *  *  *  *  *  *  .  .\10
          11\.  .  .  .  .  .  .  .  .  .  .\11
              a  b  c  d  e  f  g  h  i  j  k  
6ebb7 info: No subtree to reuse.
6ebb7 info: Creating thread 0
6ebb7 info: StartSearch()[0]
SgUctSearch: max games reached
6ebb7 info: 
Elapsed Time   0.345348s
Count          1
GamesPlayed    1
Nodes          1
Knowledge      0 (0.0%)
Expansions     0.0
Time           0.00
GameLen        113.0 dev=0.0 min=113.0 max=113.0
InTree         0.0 dev=0.0 min=0.0 max=0.0
KnowDepth      -
Aborted        0%
Games/s        416.0
Score          0.00
Sequence      
6ebb7 info: 
6ebb7 warning: **** MoHexSearch returned empty sequence!
6ebb7 warning: **** Returning random move!
<= 
< 
<  8d94e3e732829ac8
<  a  b  c  d  e  f  g  h  i  j  k  
< 1\.  .  .  .  .  .  .  .  .  .  .\1
<  2\.  .  .  B  .  .  .  .  .  .  .\2
<   3\.  .  .  .  .  .  .  .  .  .  .\3
<    4\.  .  .  B  .  .  .  .  .  .  .\4
<     5\.  .  .  .  .  .  .  .  .  .  .\5
<      6\.  .  .  .  .  .  .  .  .  .  .\6
<       7\.  .  .  .  .  .  .  .  .  .  .\7
<        8\.  .  .  W  .  .  .  .  .  .  .\8
<         9\.  .  .  .  .  .  .  .  .  .  .\9
<         10\.  .  .  .  .  .  .  .  .  .  .\10
<          11\.  .  .  .  .  .  .  .  .  .  .\11
<              a  b  c  d  e  f  g  h  i  j  k  
<
>play w i11
<= 
<
>showboard
<= 
< 
<  fbf05a07c829d320
<  a  b  c  d  e  f  g  h  i  j  k  
< 1\.  .  .  .  .  .  .  .  .  .  .\1
<  2\.  .  .  B  .  .  .  .  .  .  .\2
<   3\.  .  .  .  .  .  .  .  .  .  .\3
<    4\.  .  .  B  .  .  .  .  .  .  .\4
<     5\.  .  .  .  .  .  .  .  .  .  .\5
<      6\.  .  .  .  .  .  .  .  .  .  .\6
<       7\.  .  .  .  .  .  .  .  .  .  .\7
<        8\.  .  .  W  .  .  .  .  .  .  .\8
<         9\.  .  .  .  .  .  .  .  .  .  .\9
<         10\.  .  .  .  .  .  .  .  .  .  .\10
<          11\.  .  .  .  .  .  .  .  W  .  .\11
<              a  b  c  d  e  f  g  h  i  j  k  
<
>genmove b
<= i10
<
>showboard
6ebb7 info: Best move cannot be determined, must search state.
6ebb7 info: --- MoHexPlayer::Search() ---
6ebb7 info: Color: black
6ebb7 info: MaxGames: 1
6ebb7 info: NumberThreads: 1
6ebb7 info: MaxNodes: 181818181 (15999999928 bytes)
6ebb7 info: TimeForMove: 1
6ebb7 info: PreSearch: max time reached (51/87).
6ebb7 info: Time for PreSearch: 0.200244s
6ebb7 info: 
  fbf05a07c829d320
  a  b  c  d  e  f  g  h  i  j  k  
 1\b  b  b  b  b  b  .  .  .  .  .\1
  2\.  .  .  B  .  *  *  *  *  *  *\2
   3\.  *  *  .  .  *  *  *  *  *  *\3
    4\*  *  *  B  *  *  *  *  *  *  *\4
     5\*  *  *  *  *  *  *  *  *  *  *\5
      6\*  *  *  *  *  *  *  *  *  *  *\6
       7\*  *  *  *  *  *  *  *  *  *  *\7
        8\*  *  *  W  *  *  *  *  *  *  *\8
         9\*  *  *  *  *  *  *  *  *  *  .\9
         10\*  *  *  *  *  *  *  *  *  .  *\10
          11\.  .  .  .  .  .  .  .  W  .  .\11
              a  b  c  d  e  f  g  h  i  j  k  
6ebb7 info: Old: [black, d2] [white, swap-pieces] [white, d8] 
6ebb7 info: New: [black, d2] [white, swap-pieces] [white, d8] [black, d4] [white, i11] 
6ebb7 info: MovesPlayed: [black, d4] [white, i11] 
6ebb7 info: No subtree to reuse.
6ebb7 info: StartSearch()[0]
SgUctSearch: max games reached
6ebb7 info: 
Elapsed Time   0.351201s
Count          1
GamesPlayed    1
Nodes          1
Knowledge      0 (0.0%)
Expansions     0.0
Time           0.00
GameLen        111.0 dev=0.0 min=111.0 max=111.0
InTree         0.0 dev=0.0 min=0.0 max=0.0
KnowDepth      -
Aborted        0%
Games/s        3194.9
Score          0.00
Sequence      
6ebb7 info: 
6ebb7 warning: **** MoHexSearch returned empty sequence!
6ebb7 warning: **** Returning random move!
<= 
< 
<  1516032f50a9dcfb
<  a  b  c  d  e  f  g  h  i  j  k  
< 1\.  .  .  .  .  .  .  .  .  .  .\1
<  2\.  .  .  B  .  .  .  .  .  .  .\2
<   3\.  .  .  .  .  .  .  .  .  .  .\3
<    4\.  .  .  B  .  .  .  .  .  .  .\4
<     5\.  .  .  .  .  .  .  .  .  .  .\5
<      6\.  .  .  .  .  .  .  .  .  .  .\6
<       7\.  .  .  .  .  .  .  .  .  .  .\7
<        8\.  .  .  W  .  .  .  .  .  .  .\8
<         9\.  .  .  .  .  .  .  .  .  .  .\9
<         10\.  .  .  .  .  .  .  .  B  .  .\10
<          11\.  .  .  .  .  .  .  .  W  .  .\11
<              a  b  c  d  e  f  g  h  i  j  k  
<
>play w g9
<= 
<
>showboard
<= 
< 
<  5c8d4ff73994fb49
<  a  b  c  d  e  f  g  h  i  j  k  
< 1\.  .  .  .  .  .  .  .  .  .  .\1
<  2\.  .  .  B  .  .  .  .  .  .  .\2
<   3\.  .  .  .  .  .  .  .  .  .  .\3
<    4\.  .  .  B  .  .  .  .  .  .  .\4
<     5\.  .  .  .  .  .  .  .  .  .  .\5
<      6\.  .  .  .  .  .  .  .  .  .  .\6
<       7\.  .  .  .  .  .  .  .  .  .  .\7
<        8\.  .  .  W  .  .  .  .  .  .  .\8
<         9\.  .  .  .  .  .  W  .  .  .  .\9
<         10\.  .  .  .  .  .  .  .  B  .  .\10
<          11\.  .  .  .  .  .  .  .  W  .  .\11
<              a  b  c  d  e  f  g  h  i  j  k  
<
>genmove b
<= i6
<
>showboard
6ebb7 info: Best move cannot be determined, must search state.
6ebb7 info: --- MoHexPlayer::Search() ---
6ebb7 info: Color: black
6ebb7 info: MaxGames: 1
6ebb7 info: NumberThreads: 1
6ebb7 info: MaxNodes: 181818181 (15999999928 bytes)
6ebb7 info: TimeForMove: 1
6ebb7 info: PreSearch: max time reached (54/83).
6ebb7 info: Time for PreSearch: 0.200267s
6ebb7 info: 
  5c8d4ff73994fb49
  a  b  c  d  e  f  g  h  i  j  k  
 1\b  b  b  b  b  b  .  .  .  .  .\1
  2\.  .  .  B  .  *  *  *  *  *  *\2
   3\.  *  *  .  .  *  *  *  *  *  *\3
    4\*  *  *  B  *  *  *  *  *  *  *\4
     5\*  *  *  *  *  *  *  *  *  *  *\5
      6\*  *  *  *  *  *  *  *  *  *  *\6
       7\*  *  *  *  *  *  *  *  *  *  *\7
        8\*  *  *  W  *  *  *  *  *  *  *\8
         9\*  *  *  *  *  *  W  *  *  *  .\9
         10\*  *  *  *  *  .  .  *  B  .  *\10
          11\.  .  .  .  .  .  .  .  W  .  .\11
              a  b  c  d  e  f  g  h  i  j  k  
6ebb7 info: Old: [black, d2] [white, swap-pieces] [white, d8] [black, d4] [white, i11] 
6ebb7 info: New: [black, d2] [white, swap-pieces] [white, d8] [black, d4] [white, i11] [black, i10] [white, g9] 
6ebb7 info: MovesPlayed: [black, i10] [white, g9] 
6ebb7 info: No subtree to reuse.
6ebb7 info: StartSearch()[0]
SgUctSearch: max games reached
6ebb7 info: 
Elapsed Time   0.348788s
Count          1
GamesPlayed    1
Nodes          1
Knowledge      0 (0.0%)
Expansions     0.0
Time           0.00
GameLen        109.0 dev=0.0 min=109.0 max=109.0
InTree         0.0 dev=0.0 min=0.0 max=0.0
KnowDepth      -
Aborted        0%
Games/s        3021.1
Score          0.00
Sequence      
6ebb7 info: 
6ebb7 warning: **** MoHexSearch returned empty sequence!
6ebb7 warning: **** Returning random move!
<= 
< 
<  b2fe0032235b6786
<  a  b  c  d  e  f  g  h  i  j  k  
< 1\.  .  .  .  .  .  .  .  .  .  .\1
<  2\.  .  .  B  .  .  .  .  .  .  .\2
<   3\.  .  .  .  .  .  .  .  .  .  .\3
<    4\.  .  .  B  .  .  .  .  .  .  .\4
<     5\.  .  .  .  .  .  .  .  .  .  .\5
<      6\.  .  .  .  .  .  .  .  B  .  .\6
<       7\.  .  .  .  .  .  .  .  .  .  .\7
<        8\.  .  .  W  .  .  .  .  .  .  .\8
<         9\.  .  .  .  .  .  W  .  .  .  .\9
<         10\.  .  .  .  .  .  .  .  B  .  .\10
<          11\.  .  .  .  .  .  .  .  W  .  .\11
<              a  b  c  d  e  f  g  h  i  j  k  
<
>play w a8
<= 
<
>showboard
<= 
< 
<  6e7f98bc0286a437
<  a  b  c  d  e  f  g  h  i  j  k  
< 1\.  .  .  .  .  .  .  .  .  .  .\1
<  2\.  .  .  B  .  .  .  .  .  .  .\2
<   3\.  .  .  .  .  .  .  .  .  .  .\3
<    4\.  .  .  B  .  .  .  .  .  .  .\4
<     5\.  .  .  .  .  .  .  .  .  .  .\5
<      6\.  .  .  .  .  .  .  .  B  .  .\6
<       7\.  .  .  .  .  .  .  .  .  .  .\7
<        8\W  .  .  W  .  .  .  .  .  .  .\8
<         9\.  .  .  .  .  .  W  .  .  .  .\9
<         10\.  .  .  .  .  .  .  .  B  .  .\10
<          11\.  .  .  .  .  .  .  .  W  .  .\11
<              a  b  c  d  e  f  g  h  i  j  k  
<
>genmove b
<= f4
<
>showboard
6ebb7 info: Best move cannot be determined, must search state.
6ebb7 info: --- MoHexPlayer::Search() ---
6ebb7 info: Color: black
6ebb7 info: MaxGames: 1
6ebb7 info: NumberThreads: 1
6ebb7 info: MaxNodes: 181818181 (15999999928 bytes)
6ebb7 info: TimeForMove: 1
6ebb7 info: PreSearch: max time reached (52/79).
6ebb7 info: Time for PreSearch: 0.200385s
6ebb7 info: 
  6e7f98bc0286a437
  a  b  c  d  e  f  g  h  i  j  k  
 1\b  b  b  b  b  b  .  .  .  .  .\1
  2\.  .  .  B  .  *  *  *  *  *  *\2
   3\.  *  *  .  .  *  *  *  *  *  *\3
    4\*  *  *  B  *  *  *  *  *  *  *\4
     5\*  *  *  *  *  *  *  *  *  *  *\5
      6\*  *  *  *  *  *  *  *  B  *  *\6
       7\.  *  *  *  *  *  *  *  *  *  *\7
        8\W  *  *  W  *  *  *  *  *  *  *\8
         9\.  *  *  *  *  *  W  *  *  *  .\9
         10\*  *  *  *  *  .  .  *  B  .  .\10
          11\.  .  .  .  .  .  .  .  W  .  .\11
              a  b  c  d  e  f  g  h  i  j  k  
6ebb7 info: Old: [black, d2] [white, swap-pieces] [white, d8] [black, d4] [white, i11] [black, i10] [white, g9] 
6ebb7 info: New: [black, d2] [white, swap-pieces] [white, d8] [black, d4] [white, i11] [black, i10] [white, g9] [black, i6] [white, a8] 
6ebb7 info: MovesPlayed: [black, i6] [white, a8] 
6ebb7 info: No subtree to reuse.
6ebb7 info: StartSearch()[0]
SgUctSearch: max games reached
6ebb7 info: 
Elapsed Time   0.347537s
Count          1
GamesPlayed    1
Nodes          1
Knowledge      0 (0.0%)
Expansions     0.0
Time           0.00
GameLen        107.0 dev=0.0 min=107.0 max=107.0
InTree         0.0 dev=0.0 min=0.0 max=0.0
KnowDepth      -
Aborted        0%
Games/s        3597.1
Score          1.00
Sequence      
6ebb7 info: 
6ebb7 warning: **** MoHexSearch returned empty sequence!
6ebb7 warning: **** Returning random move!
<= 
< 
<  74a1a6faea12a757
<  a  b  c  d  e  f  g  h  i  j  k  
< 1\.  .  .  .  .  .  .  .  .  .  .\1
<  2\.  .  .  B  .  .  .  .  .  .  .\2
<   3\.  .  .  .  .  .  .  .  .  .  .\3
<    4\.  .  .  B  .  B  .  .  .  .  .\4
<     5\.  .  .  .  .  .  .  .  .  .  .\5
<      6\.  .  .  .  .  .  .  .  B  .  .\6
<       7\.  .  .  .  .  .  .  .  .  .  .\7
<        8\W  .  .  W  .  .  .  .  .  .  .\8
<         9\.  .  .  .  .  .  W  .  .  .  .\9
<         10\.  .  .  .  .  .  .  .  B  .  .\10
<          11\.  .  .  .  .  .  .  .  W  .  .\11
<              a  b  c  d  e  f  g  h  i  j  k  
<
>play w j11
<= 
<
>showboard
<= 
< 
<  aa3ea1aa57f13a35
<  a  b  c  d  e  f  g  h  i  j  k  
< 1\.  .  .  .  .  .  .  .  .  .  .\1
<  2\.  .  .  B  .  .  .  .  .  .  .\2
<   3\.  .  .  .  .  .  .  .  .  .  .\3
<    4\.  .  .  B  .  B  .  .  .  .  .\4
<     5\.  .  .  .  .  .  .  .  .  .  .\5
<      6\.  .  .  .  .  .  .  .  B  .  .\6
<       7\.  .  .  .  .  .  .  .  .  .  .\7
<        8\W  .  .  W  .  .  .  .  .  .  .\8
<         9\.  .  .  .  .  .  W  .  .  .  .\9
<         10\.  .  .  .  .  .  .  .  B  .  .\10
<          11\.  .  .  .  .  .  .  .  W  W  .\11
<              a  b  c  d  e  f  g  h  i  j  k  
<
>genmove b
<= j9
<
>showboard
6ebb7 info: Best move cannot be determined, must search state.
6ebb7 info: --- MoHexPlayer::Search() ---
6ebb7 info: Color: black
6ebb7 info: MaxGames: 1
6ebb7 info: NumberThreads: 1
6ebb7 info: MaxNodes: 181818181 (15999999928 bytes)
6ebb7 info: TimeForMove: 1
6ebb7 info: PreSearch: max time reached (42/74).
6ebb7 info: Time for PreSearch: 0.203451s
6ebb7 info: 
  aa3ea1aa57f13a35
  a  b  c  d  e  f  g  h  i  j  k  
 1\b  b  b  b  b  b  .  .  .  .  .\1
  2\.  .  .  B  .  *  *  *  *  *  *\2
   3\.  *  *  .  .  *  *  *  *  *  *\3
    4\*  *  *  B  *  B  *  *  *  *  *\4
     5\*  *  *  *  *  *  *  *  *  *  *\5
      6\*  *  *  *  *  *  *  *  B  *  *\6
       7\.  *  *  *  *  *  *  *  *  *  .\7
        8\W  *  *  W  *  *  *  *  *  *  w\8
         9\.  *  *  *  *  *  W  *  *  .  w\9
         10\*  *  *  *  *  .  .  *  B  w  w\10
          11\.  .  .  .  .  .  .  .  W  W  w\11
              a  b  c  d  e  f  g  h  i  j  k  
6ebb7 info: Old: [black, d2] [white, swap-pieces] [white, d8] [black, d4] [white, i11] [black, i10] [white, g9] [black, i6] [white, a8] 
6ebb7 info: New: [black, d2] [white, swap-pieces] [white, d8] [black, d4] [white, i11] [black, i10] [white, g9] [black, i6] [white, a8] [black, f4] [white, j11] 
6ebb7 info: MovesPlayed: [black, f4] [white, j11] 
6ebb7 info: No subtree to reuse.
6ebb7 info: StartSearch()[0]
SgUctSearch: max games reached
6ebb7 info: 
Elapsed Time   0.574727s
Count          1
GamesPlayed    1
Nodes          1
Knowledge      0 (0.0%)
Expansions     0.0
Time           0.00
GameLen        100.0 dev=0.0 min=100.0 max=100.0
InTree         0.0 dev=0.0 min=0.0 max=0.0
KnowDepth      -
Aborted        0%
Games/s        3649.6
Score          1.00
Sequence      
6ebb7 info: 
6ebb7 warning: **** MoHexSearch returned empty sequence!
6ebb7 warning: **** Returning random move!
<= 
< 
<  f552d68502ff2f8b
<  a  b  c  d  e  f  g  h  i  j  k  
< 1\.  .  .  .  .  .  .  .  .  .  .\1
<  2\.  .  .  B  .  .  .  .  .  .  .\2
<   3\.  .  .  .  .  .  .  .  .  .  .\3
<    4\.  .  .  B  .  B  .  .  .  .  .\4
<     5\.  .  .  .  .  .  .  .  .  .  .\5
<      6\.  .  .  .  .  .  .  .  B  .  .\6
<       7\.  .  .  .  .  .  .  .  .  .  .\7
<        8\W  .  .  W  .  .  .  .  .  .  .\8
<         9\.  .  .  .  .  .  W  .  .  B  .\9
<         10\.  .  .  .  .  .  .  .  B  .  .\10
<          11\.  .  .  .  .  .  .  .  W  W  .\11
<              a  b  c  d  e  f  g  h  i  j  k  
<
>play w c7
<= 
<
>showboard
<= 
< 
<  742b627a99b335fe
<  a  b  c  d  e  f  g  h  i  j  k  
< 1\.  .  .  .  .  .  .  .  .  .  .\1
<  2\.  .  .  B  .  .  .  .  .  .  .\2
<   3\.  .  .  .  .  .  .  .  .  .  .\3
<    4\.  .  .  B  .  B  .  .  .  .  .\4
<     5\.  .  .  .  .  .  .  .  .  .  .\5
<      6\.  .  .  .  .  .  .  .  B  .  .\6
<       7\.  .  W  .  .  .  .  .  .  .  .\7
<        8\W  .  .  W  .  .  .  .  .  .  .\8
<         9\.  .  .  .  .  .  W  .  .  B  .\9
<         10\.  .  .  .  .  .  .  .  B  .  .\10
<          11\.  .  .  .  .  .  .  .  W  W  .\11
<              a  b  c  d  e  f  g  h  i  j  k  
<
>genmove b
<= d5
<
>showboard
6ebb7 info: Best move cannot be determined, must search state.
6ebb7 info: --- MoHexPlayer::Search() ---
6ebb7 info: Color: black
6ebb7 info: MaxGames: 1
6ebb7 info: NumberThreads: 1
6ebb7 info: MaxNodes: 181818181 (15999999928 bytes)
6ebb7 info: TimeForMove: 1
6ebb7 info: PreSearch: max time reached (38/74).
6ebb7 info: Time for PreSearch: 0.203009s
6ebb7 info: 
  742b627a99b335fe
  a  b  c  d  e  f  g  h  i  j  k  
 1\b  b  b  b  b  b  .  .  .  .  .\1
  2\.  .  .  B  .  *  *  *  *  *  *\2
   3\.  *  *  .  .  *  *  *  *  *  *\3
    4\*  *  *  B  *  B  *  *  *  *  *\4
     5\*  *  *  *  *  *  *  *  *  *  *\5
      6\*  *  *  *  *  *  *  *  B  *  *\6
       7\.  *  W  *  *  *  *  *  *  *  *\7
        8\W  *  *  W  *  *  *  *  *  *  .\8
         9\.  *  *  *  *  *  W  *  *  B  b\9
         10\*  *  *  *  *  .  .  *  B  b  w\10
          11\.  .  .  .  .  .  .  .  W  W  w\11
              a  b  c  d  e  f  g  h  i  j  k  
6ebb7 info: Old: [black, d2] [white, swap-pieces] [white, d8] [black, d4] [white, i11] [black, i10] [white, g9] [black, i6] [white, a8] [black, f4] [white, j11] 
6ebb7 info: New: [black, d2] [white, swap-pieces] [white, d8] [black, d4] [white, i11] [black, i10] [white, g9] [black, i6] [white, a8] [black, f4] [white, j11] [black, j9] [white, c7] 
6ebb7 info: MovesPlayed: [black, j9] [white, c7] 
6ebb7 info: No subtree to reuse.
6ebb7 info: StartSearch()[0]
SgUctSearch: max games reached
6ebb7 info: 
Elapsed Time   0.345635s
Count          1
GamesPlayed    1
Nodes          1
Knowledge      0 (0.0%)
Expansions     0.0
Time           0.00
GameLen        99.0 dev=0.0 min=99.0 max=99.0
InTree         0.0 dev=0.0 min=0.0 max=0.0
KnowDepth      -
Aborted        0%
Games/s        3436.4
Score          0.00
Sequence      
6ebb7 info: 
6ebb7 warning: **** MoHexSearch returned empty sequence!
6ebb7 warning: **** Returning random move!
<= 
< 
<  2f80427219e13361
<  a  b  c  d  e  f  g  h  i  j  k  
< 1\.  .  .  .  .  .  .  .  .  .  .\1
<  2\.  .  .  B  .  .  .  .  .  .  .\2
<   3\.  .  .  .  .  .  .  .  .  .  .\3
<    4\.  .  .  B  .  B  .  .  .  .  .\4
<     5\.  .  .  B  .  .  .  .  .  .  .\5
<      6\.  .  .  .  .  .  .  .  B  .  .\6
<       7\.  .  W  .  .  .  .  .  .  .  .\7
<        8\W  .  .  W  .  .  .  .  .  .  .\8
<         9\.  .  .  .  .  .  W  .  .  B  .\9
<         10\.  .  .  .  .  .  .  .  B  .  .\10
<          11\.  .  .  .  .  .  .  .  W  W  .\11
<              a  b  c  d  e  f  g  h  i  j  k  
<
>play w e9
<= 
<
>showboard
<= 
< 
<  2c5ca6e18f8d568d
<  a  b  c  d  e  f  g  h  i  j  k  
< 1\.  .  .  .  .  .  .  .  .  .  .\1
<  2\.  .  .  B  .  .  .  .  .  .  .\2
<   3\.  .  .  .  .  .  .  .  .  .  .\3
<    4\.  .  .  B  .  B  .  .  .  .  .\4
<     5\.  .  .  B  .  .  .  .  .  .  .\5
<      6\.  .  .  .  .  .  .  .  B  .  .\6
<       7\.  .  W  .  .  .  .  .  .  .  .\7
<        8\W  .  .  W  .  .  .  .  .  .  .\8
<         9\.  .  .  .  W  .  W  .  .  B  .\9
<         10\.  .  .  .  .  .  .  .  B  .  .\10
<          11\.  .  .  .  .  .  .  .  W  W  .\11
<              a  b  c  d  e  f  g  h  i  j  k  
<
>genmove b
<= d10
<
>showboard
6ebb7 info: Best move cannot be determined, must search state.
6ebb7 info: --- MoHexPlayer::Search() ---
6ebb7 info: Color: black
6ebb7 info: MaxGames: 1
6ebb7 info: NumberThreads: 1
6ebb7 info: MaxNodes: 181818181 (15999999928 bytes)
6ebb7 info: TimeForMove: 1
6ebb7 info: Time for PreSearch: 0.100159s
6ebb7 info: 
  2c5ca6e18f8d568d
  a  b  c  d  e  f  g  h  i  j  k  
 1\b  b  b  b  b  b  .  .  .  .  .\1
  2\.  .  .  B  .  .  .  .  .  .  .\2
   3\.  .  .  .  .  .  .  .  .  .  .\3
    4\.  .  .  B  .  B  .  .  .  .  .\4
     5\.  .  .  B  .  .  .  .  .  .  *\5
      6\*  *  .  .  .  .  .  .  B  *  *\6
       7\.  *  W  *  .  .  .  .  *  *  *\7
        8\W  *  *  W  *  .  .  *  *  *  .\8
         9\.  *  *  *  W  *  W  *  .  B  b\9
         10\*  *  *  .  *  .  .  *  B  b  w\10
          11\.  .  .  .  .  .  .  .  W  W  w\11
              a  b  c  d  e  f  g  h  i  j  k  
6ebb7 info: Old: [black, d2] [white, swap-pieces] [white, d8] [black, d4] [white, i11] [black, i10] [white, g9] [black, i6] [white, a8] [black, f4] [white, j11] [black, j9] [white, c7] 
6ebb7 info: New: [black, d2] [white, swap-pieces] [white, d8] [black, d4] [white, i11] [black, i10] [white, g9] [black, i6] [white, a8] [black, f4] [white, j11] [black, j9] [white, c7] [black, d5] [white, e9] 
6ebb7 info: MovesPlayed: [black, d5] [white, e9] 
6ebb7 info: No subtree to reuse.
6ebb7 info: StartSearch()[0]
SgUctSearch: max games reached
6ebb7 info: 
Elapsed Time   0.244474s
Count          1
GamesPlayed    1
Nodes          1
Knowledge      0 (0.0%)
Expansions     0.0
Time           0.00
GameLen        97.0 dev=0.0 min=97.0 max=97.0
InTree         0.0 dev=0.0 min=0.0 max=0.0
KnowDepth      -
Aborted        0%
Games/s        3413.0
Score          1.00
Sequence      
6ebb7 info: 
6ebb7 warning: **** MoHexSearch returned empty sequence!
6ebb7 warning: **** Returning random move!
<= 
< 
<  3a9430bd7121f3ea
<  a  b  c  d  e  f  g  h  i  j  k  
< 1\.  .  .  .  .  .  .  .  .  .  .\1
<  2\.  .  .  B  .  .  .  .  .  .  .\2
<   3\.  .  .  .  .  .  .  .  .  .  .\3
<    4\.  .  .  B  .  B  .  .  .  .  .\4
<     5\.  .  .  B  .  .  .  .  .  .  .\5
<      6\.  .  .  .  .  .  .  .  B  .  .\6
<       7\.  .  W  .  .  .  .  .  .  .  .\7
<        8\W  .  .  W  .  .  .  .  .  .  .\8
<         9\.  .  .  .  W  .  W  .  .  B  .\9
<         10\.  .  .  B  .  .  .  .  B  .  .\10
<          11\.  .  .  .  .  .  .  .  W  W  .\11
<              a  b  c  d  e  f  g  h  i  j  k  
<
>play w h7
<= 
<
>showboard
<= 
< 
<  3b59e0c73356c822
<  a  b  c  d  e  f  g  h  i  j  k  
< 1\.  .  .  .  .  .  .  .  .  .  .\1
<  2\.  .  .  B  .  .  .  .  .  .  .\2
<   3\.  .  .  .  .  .  .  .  .  .  .\3
<    4\.  .  .  B  .  B  .  .  .  .  .\4
<     5\.  .  .  B  .  .  .  .  .  .  .\5
<      6\.  .  .  .  .  .  .  .  B  .  .\6
<       7\.  .  W  .  .  .  .  W  .  .  .\7
<        8\W  .  .  W  .  .  .  .  .  .  .\8
<         9\.  .  .  .  W  .  W  .  .  B  .\9
<         10\.  .  .  B  .  .  .  .  B  .  .\10
<          11\.  .  .  .  .  .  .  .  W  W  .\11
<              a  b  c  d  e  f  g  h  i  j  k  
<
>genmove b
<= a9
<
>showboard
6ebb7 info: Best move cannot be determined, must search state.
6ebb7 info: --- MoHexPlayer::Search() ---
6ebb7 info: Color: black
6ebb7 info: MaxGames: 1
6ebb7 info: NumberThreads: 1
6ebb7 info: MaxNodes: 181818181 (15999999928 bytes)
6ebb7 info: TimeForMove: 1
6ebb7 info: Time for PreSearch: 0.06887s
6ebb7 info: 
  3b59e0c73356c822
  a  b  c  d  e  f  g  h  i  j  k  
 1\b  b  b  b  b  b  .  .  .  .  .\1
  2\.  .  .  B  .  .  .  .  .  .  .\2
   3\.  .  .  .  .  .  .  .  .  .  .\3
    4\.  .  .  B  .  B  .  .  .  .  .\4
     5\.  .  .  B  .  .  .  .  .  .  *\5
      6\.  .  .  .  .  .  *  .  B  *  *\6
       7\.  .  W  .  *  *  *  W  *  *  *\7
        8\W  *  *  W  *  *  *  *  *  *  .\8
         9\.  .  .  .  W  *  W  .  .  B  b\9
         10\.  .  .  B  .  .  .  .  B  b  w\10
          11\.  b  b  b  b  .  .  .  W  W  w\11
              a  b  c  d  e  f  g  h  i  j  k  
6ebb7 info: Old: [black, d2] [white, swap-pieces] [white, d8] [black, d4] [white, i11] [black, i10] [white, g9] [black, i6] [white, a8] [black, f4] [white, j11] [black, j9] [white, c7] [black, d5] [white, e9] 
6ebb7 info: New: [black, d2] [white, swap-pieces] [white, d8] [black, d4] [white, i11] [black, i10] [white, g9] [black, i6] [white, a8] [black, f4] [white, j11] [black, j9] [white, c7] [black, d5] [white, e9] [black, d10] [white, h7] 
6ebb7 info: MovesPlayed: [black, d10] [white, h7] 
6ebb7 info: No subtree to reuse.
6ebb7 info: StartSearch()[0]
SgUctSearch: max games reached
6ebb7 info: 
Elapsed Time   0.209233s
Count          1
GamesPlayed    1
Nodes          1
Knowledge      0 (0.0%)
Expansions     0.0
Time           0.00
GameLen        91.0 dev=0.0 min=91.0 max=91.0
InTree         0.0 dev=0.0 min=0.0 max=0.0
KnowDepth      -
Aborted        0%
Games/s        3703.7
Score          0.00
Sequence      
6ebb7 info: 
6ebb7 warning: **** MoHexSearch returned empty sequence!
6ebb7 warning: **** Returning random move!
<= 
< 
<  f0b2a3aee5dd4e42
<  a  b  c  d  e  f  g  h  i  j  k  
< 1\.  .  .  .  .  .  .  .  .  .  .\1
<  2\.  .  .  B  .  .  .  .  .  .  .\2
<   3\.  .  .  .  .  .  .  .  .  .  .\3
<    4\.  .  .  B  .  B  .  .  .  .  .\4
<     5\.  .  .  B  .  .  .  .  .  .  .\5
<      6\.  .  .  .  .  .  .  .  B  .  .\6
<       7\.  .  W  .  .  .  .  W  .  .  .\7
<        8\W  .  .  W  .  .  .  .  .  .  .\8
<         9\B  .  .  .  W  .  W  .  .  B  .\9
<         10\.  .  .  B  .  .  .  .  B  .  .\10
<          11\.  .  .  .  .  .  .  .  W  W  .\11
<              a  b  c  d  e  f  g  h  i  j  k  
<
>play w h6
<= 
<
>showboard
<= 
< 
<  f6782c59e6a0003c
<  a  b  c  d  e  f  g  h  i  j  k  
< 1\.  .  .  .  .  .  .  .  .  .  .\1
<  2\.  .  .  B  .  .  .  .  .  .  .\2
<   3\.  .  .  .  .  .  .  .  .  .  .\3
<    4\.  .  .  B  .  B  .  .  .  .  .\4
<     5\.  .  .  B  .  .  .  .  .  .  .\5
<      6\.  .  .  .  .  .  .  W  B  .  .\6
<       7\.  .  W  .  .  .  .  W  .  .  .\7
<        8\W  .  .  W  .  .  .  .  .  .  .\8
<         9\B  .  .  .  W  .  W  .  .  B  .\9
<         10\.  .  .  B  .  .  .  .  B  .  .\10
<          11\.  .  .  .  .  .  .  .  W  W  .\11
<              a  b  c  d  e  f  g  h  i  j  k  
<
>genmove b
<= h1
<
>showboard
6ebb7 info: Best move cannot be determined, must search state.
6ebb7 info: --- MoHexPlayer::Search() ---
6ebb7 info: Color: black
6ebb7 info: MaxGames: 1
6ebb7 info: NumberThreads: 1
6ebb7 info: MaxNodes: 181818181 (15999999928 bytes)
6ebb7 info: TimeForMove: 1
6ebb7 info: Time for PreSearch: 0.02883s
6ebb7 info: 
  f6782c59e6a0003c
  a  b  c  d  e  f  g  h  i  j  k  
 1\b  b  b  b  b  b  .  .  .  .  .\1
  2\.  .  .  B  .  .  .  .  .  .  .\2
   3\.  .  .  .  .  .  .  .  .  .  *\3
    4\.  .  .  B  .  B  .  .  .  *  *\4
     5\.  .  .  B  .  .  .  .  .  .  .\5
      6\.  .  .  .  .  .  .  W  B  .  *\6
       7\.  .  W  .  .  .  .  W  *  *  *\7
        8\W  .  .  W  *  .  .  .  .  .  .\8
         9\B  .  .  .  W  .  W  .  .  B  b\9
         10\.  .  .  B  .  .  .  .  B  b  w\10
          11\.  b  b  b  b  .  .  .  W  W  w\11
              a  b  c  d  e  f  g  h  i  j  k  
6ebb7 info: Old: [black, d2] [white, swap-pieces] [white, d8] [black, d4] [white, i11] [black, i10] [white, g9] [black, i6] [white, a8] [black, f4] [white, j11] [black, j9] [white, c7] [black, d5] [white, e9] [black, d10] [white, h7] 
6ebb7 info: New: [black, d2] [white, swap-pieces] [white, d8] [black, d4] [white, i11] [black, i10] [white, g9] [black, i6] [white, a8] [black, f4] [white, j11] [black, j9] [white, c7] [black, d5] [white, e9] [black, d10] [white, h7] [black, a9] [white, h6] 
6ebb7 info: MovesPlayed: [black, a9] [white, h6] 
6ebb7 info: No subtree to reuse.
6ebb7 info: StartSearch()[0]
SgUctSearch: max games reached
6ebb7 info: 
Elapsed Time   0.236451s
Count          1
GamesPlayed    1
Nodes          1
Knowledge      0 (0.0%)
Expansions     0.0
Time           0.00
GameLen        89.0 dev=0.0 min=89.0 max=89.0
InTree         0.0 dev=0.0 min=0.0 max=0.0
KnowDepth      -
Aborted        0%
Games/s        3663.0
Score          1.00
Sequence      
6ebb7 info: 
6ebb7 warning: **** MoHexSearch returned empty sequence!
6ebb7 warning: **** Returning random move!
<= 
< 
<  277a722a42308df3
<  a  b  c  d  e  f  g  h  i  j  k  
< 1\.  .  .  .  .  .  .  B  .  .  .\1
<  2\.  .  .  B  .  .  .  .  .  .  .\2
<   3\.  .  .  .  .  .  .  .  .  .  .\3
<    4\.  .  .  B  .  B  .  .  .  .  .\4
<     5\.  .  .  B  .  .  .  .  .  .  .\5
<      6\.  .  .  .  .  .  .  W  B  .  .\6
<       7\.  .  W  .  .  .  .  W  .  .  .\7
<        8\W  .  .  W  .  .  .  .  .  .  .\8
<         9\B  .  .  .  W  .  W  .  .  B  .\9
<         10\.  .  .  B  .  .  .  .  B  .  .\10
<          11\.  .  .  .  .  .  .  .  W  W  .\11
<              a  b  c  d  e  f  g  h  i  j  k  
<
>play w h8
<= 
<
>showboard
<= 
< 
<  b1b8cab86a0ca808
<  a  b  c  d  e  f  g  h  i  j  k  
< 1\.  .  .  .  .  .  .  B  .  .  .\1
<  2\.  .  .  B  .  .  .  .  .  .  .\2
<   3\.  .  .  .  .  .  .  .  .  .  .\3
<    4\.  .  .  B  .  B  .  .  .  .  .\4
<     5\.  .  .  B  .  .  .  .  .  .  .\5
<      6\.  .  .  .  .  .  .  W  B  .  .\6
<       7\.  .  W  .  .  .  .  W  .  .  .\7
<        8\W  .  .  W  .  .  .  W  .  .  .\8
<         9\B  .  .  .  W  .  W  .  .  B  .\9
<         10\.  .  .  B  .  .  .  .  B  .  .\10
<          11\.  .  .  .  .  .  .  .  W  W  .\11
<              a  b  c  d  e  f  g  h  i  j  k  
<
>genmove b
<= e8
<
>showboard
6ebb7 info: Opponent has won; playing most blocking move.
<= 
< 
<  5880b3e0f2d82775
<  a  b  c  d  e  f  g  h  i  j  k  
< 1\.  .  .  .  .  .  .  B  .  .  .\1
<  2\.  .  .  B  .  .  .  .  .  .  .\2
<   3\.  .  .  .  .  .  .  .  .  .  .\3
<    4\.  .  .  B  .  B  .  .  .  .  .\4
<     5\.  .  .  B  .  .  .  .  .  .  .\5
<      6\.  .  .  .  .  .  .  W  B  .  .\6
<       7\.  .  W  .  .  .  .  W  .  .  .\7
<        8\W  .  .  W  B  .  .  W  .  .  .\8
<         9\B  .  .  .  W  .  W  .  .  B  .\9
<         10\.  .  .  B  .  .  .  .  B  .  .\10
<          11\.  .  .  .  .  .  .  .  W  W  .\11
<              a  b  c  d  e  f  g  h  i  j  k  
<
>play w d9
<= 
<
>showboard
<= 
< 
<  e8020fb6f2057cfe
<  a  b  c  d  e  f  g  h  i  j  k  
< 1\.  .  .  .  .  .  .  B  .  .  .\1
<  2\.  .  .  B  .  .  .  .  .  .  .\2
<   3\.  .  .  .  .  .  .  .  .  .  .\3
<    4\.  .  .  B  .  B  .  .  .  .  .\4
<     5\.  .  .  B  .  .  .  .  .  .  .\5
<      6\.  .  .  .  .  .  .  W  B  .  .\6
<       7\.  .  W  .  .  .  .  W  .  .  .\7
<        8\W  .  .  W  B  .  .  W  .  .  .\8
<         9\B  .  .  W  W  .  W  .  .  B  .\9
<         10\.  .  .  B  .  .  .  .  B  .  .\10
<          11\.  .  .  .  .  .  .  .  W  W  .\11
<              a  b  c  d  e  f  g  h  i  j  k  
<
>genmove b
<= b7
<
>showboard
6ebb7 info: Opponent has won; playing most blocking move.
<= 
< 
<  3d3f69d6311bb2df
<  a  b  c  d  e  f  g  h  i  j  k  
< 1\.  .  .  .  .  .  .  B  .  .  .\1
<  2\.  .  .  B  .  .  .  .  .  .  .\2
<   3\.  .  .  .  .  .  .  .  .  .  .\3
<    4\.  .  .  B  .  B  .  .  .  .  .\4
<     5\.  .  .  B  .  .  .  .  .  .  .\5
<      6\.  .  .  .  .  .  .  W  B  .  .\6
<       7\.  B  W  .  .  .  .  W  .  .  .\7
<        8\W  .  .  W  B  .  .  W  .  .  .\8
<         9\B  .  .  W  W  .  W  .  .  B  .\9
<         10\.  .  .  B  .  .  .  .  B  .  .\10
<          11\.  .  .  .  .  .  .  .  W  W  .\11
<              a  b  c  d  e  f  g  h  i  j  k  
<
>play w j7
<= 
<
>showboard
<= 
< 
<  460266a9d38323ca
<  a  b  c  d  e  f  g  h  i  j  k  
< 1\.  .  .  .  .  .  .  B  .  .  .\1
<  2\.  .  .  B  .  .  .  .  .  .  .\2
<   3\.  .  .  .  .  .  .  .  .  .  .\3
<    4\.  .  .  B  .  B  .  .  .  .  .\4
<     5\.  .  .  B  .  .  .  .  .  .  .\5
<      6\.  .  .  .  .  .  .  W  B  .  .\6
<       7\.  B  W  .  .  .  .  W  .  W  .\7
<        8\W  .  .  W  B  .  .  W  .  .  .\8
<         9\B  .  .  W  W  .  W  .  .  B  .\9
<         10\.  .  .  B  .  .  .  .  B  .  .\10
<          11\.  .  .  .  .  .  .  .  W  W  .\11
<              a  b  c  d  e  f  g  h  i  j  k  
<
>genmove b
<= a10
<
>showboard
6ebb7 info: Opponent has won; playing most blocking move.
<= 
< 
<  bb89241b58ac1adc
<  a  b  c  d  e  f  g  h  i  j  k  
< 1\.  .  .  .  .  .  .  B  .  .  .\1
<  2\.  .  .  B  .  .  .  .  .  .  .\2
<   3\.  .  .  .  .  .  .  .  .  .  .\3
<    4\.  .  .  B  .  B  .  .  .  .  .\4
<     5\.  .  .  B  .  .  .  .  .  .  .\5
<      6\.  .  .  .  .  .  .  W  B  .  .\6
<       7\.  B  W  .  .  .  .  W  .  W  .\7
<        8\W  .  .  W  B  .  .  W  .  .  .\8
<         9\B  .  .  W  W  .  W  .  .  B  .\9
<         10\B  .  .  B  .  .  .  .  B  .  .\10
<          11\.  .  .  .  .  .  .  .  W  W  .\11
<              a  b  c  d  e  f  g  h  i  j  k  
<
>play w b8
<= 
<
>showboard
<= 
< 
<  3f798bc34b4a1a71
<  a  b  c  d  e  f  g  h  i  j  k  
< 1\.  .  .  .  .  .  .  B  .  .  .\1
<  2\.  .  .  B  .  .  .  .  .  .  .\2
<   3\.  .  .  .  .  .  .  .  .  .  .\3
<    4\.  .  .  B  .  B  .  .  .  .  .\4
<     5\.  .  .  B  .  .  .  .  .  .  .\5
<      6\.  .  .  .  .  .  .  W  B  .  .\6
<       7\.  B  W  .  .  .  .  W  .  W  .\7
<        8\W  W  .  W  B  .  .  W  .  .  .\8
<         9\B  .  .  W  W  .  W  .  .  B  .\9
<         10\B  .  .  B  .  .  .  .  B  .  .\10
<          11\.  .  .  .  .  .  .  .  W  W  .\11
<              a  b  c  d  e  f  g  h  i  j  k  
<
>genmove b
<= d7
<
>showboard
6ebb7 info: Opponent has won; playing most blocking move.
<= 
< 
<  c67db8b5f60a75a1
<  a  b  c  d  e  f  g  h  i  j  k  
< 1\.  .  .  .  .  .  .  B  .  .  .\1
<  2\.  .  .  B  .  .  .  .  .  .  .\2
<   3\.  .  .  .  .  .  .  .  .  .  .\3
<    4\.  .  .  B  .  B  .  .  .  .  .\4
<     5\.  .  .  B  .  .  .  .  .  .  .\5
<      6\.  .  .  .  .  .  .  W  B  .  .\6
<       7\.  B  W  B  .  .  .  W  .  W  .\7
<        8\W  W  .  W  B  .  .  W  .  .  .\8
<         9\B  .  .  W  W  .  W  .  .  B  .\9
<         10\B  .  .  B  .  .  .  .  B  .  .\10
<          11\.  .  .  .  .  .  .  .  W  W  .\11
<              a  b  c  d  e  f  g  h  i  j  k  
<
>play w c8
<= 
<
>showboard
<= 
< 
<  97d87f5f422613f7
<  a  b  c  d  e  f  g  h  i  j  k  
< 1\.  .  .  .  .  .  .  B  .  .  .\1
<  2\.  .  .  B  .  .  .  .  .  .  .\2
<   3\.  .  .  .  .  .  .  .  .  .  .\3
<    4\.  .  .  B  .  B  .  .  .  .  .\4
<     5\.  .  .  B  .  .  .  .  .  .  .\5
<      6\.  .  .  .  .  .  .  W  B  .  .\6
<       7\.  B  W  B  .  .  .  W  .  W  .\7
<        8\W  W  W  W  B  .  .  W  .  .  .\8
<         9\B  .  .  W  W  .  W  .  .  B  .\9
<         10\B  .  .  B  .  .  .  .  B  .  .\10
<          11\.  .  .  .  .  .  .  .  W  W  .\11
<              a  b  c  d  e  f  g  h  i  j  k  
<
>genmove b
<= f9
<
>showboard
6ebb7 info: Opponent has won; playing most blocking move.
<= 
< 
<  11dfc72c39662d51
<  a  b  c  d  e  f  g  h  i  j  k  
< 1\.  .  .  .  .  .  .  B  .  .  .\1
<  2\.  .  .  B  .  .  .  .  .  .  .\2
<   3\.  .  .  .  .  .  .  .  .  .  .\3
<    4\.  .  .  B  .  B  .  .  .  .  .\4
<     5\.  .  .  B  .  .  .  .  .  .  .\5
<      6\.  .  .  .  .  .  .  W  B  .  .\6
<       7\.  B  W  B  .  .  .  W  .  W  .\7
<        8\W  W  W  W  B  .  .  W  .  .  .\8
<         9\B  .  .  W  W  B  W  .  .  B  .\9
<         10\B  .  .  B  .  .  .  .  B  .  .\10
<          11\.  .  .  .  .  .  .  .  W  W  .\11
<              a  b  c  d  e  f  g  h  i  j  k  
<
>play w f8
<= 
<
>showboard
<= 
< 
<  534f5d459e43d8eb
<  a  b  c  d  e  f  g  h  i  j  k  
< 1\.  .  .  .  .  .  .  B  .  .  .\1
<  2\.  .  .  B  .  .  .  .  .  .  .\2
<   3\.  .  .  .  .  .  .  .  .  .  .\3
<    4\.  .  .  B  .  B  .  .  .  .  .\4
<     5\.  .  .  B  .  .  .  .  .  .  .\5
<      6\.  .  .  .  .  .  .  W  B  .  .\6
<       7\.  B  W  B  .  .  .  W  .  W  .\7
<        8\W  W  W  W  B  W  .  W  .  .  .\8
<         9\B  .  .  W  W  B  W  .  .  B  .\9
<         10\B  .  .  B  .  .  .  .  B  .  .\10
<          11\.  .  .  .  .  .  .  .  W  W  .\11
<              a  b  c  d  e  f  g  h  i  j  k  
<
>genmove b
<= j4
<
>showboard
6ebb7 info: Opponent has won; playing most blocking move.
<= 
< 
<  dd0024b7cb45b40d
<  a  b  c  d  e  f  g  h  i  j  k  
< 1\.  .  .  .  .  .  .  B  .  .  .\1
<  2\.  .  .  B  .  .  .  .  .  .  .\2
<   3\.  .  .  .  .  .  .  .  .  .  .\3
<    4\.  .  .  B  .  B  .  .  .  B  .\4
<     5\.  .  .  B  .  .  .  .  .  .  .\5
<      6\.  .  .  .  .  .  .  W  B  .  .\6
<       7\.  B  W  B  .  .  .  W  .  W  .\7
<        8\W  W  W  W  B  W  .  W  .  .  .\8
<         9\B  .  .  W  W  B  W  .  .  B  .\9
<         10\B  .  .  B  .  .  .  .  B  .  .\10
<          11\.  .  .  .  .  .  .  .  W  W  .\11
<              a  b  c  d  e  f  g  h  i  j  k  
<
>play w i8
<= 
<
>showboard
<= 
< 
<  0aaf614d272b3737
<  a  b  c  d  e  f  g  h  i  j  k  
< 1\.  .  .  .  .  .  .  B  .  .  .\1
<  2\.  .  .  B  .  .  .  .  .  .  .\2
<   3\.  .  .  .  .  .  .  .  .  .  .\3
<    4\.  .  .  B  .  B  .  .  .  B  .\4
<     5\.  .  .  B  .  .  .  .  .  .  .\5
<      6\.  .  .  .  .  .  .  W  B  .  .\6
<       7\.  B  W  B  .  .  .  W  .  W  .\7
<        8\W  W  W  W  B  W  .  W  W  .  .\8
<         9\B  .  .  W  W  B  W  .  .  B  .\9
<         10\B  .  .  B  .  .  .  .  B  .  .\10
<          11\.  .  .  .  .  .  .  .  W  W  .\11
<              a  b  c  d  e  f  g  h  i  j  k  
<
>genmove b
<= g7
<
>showboard
6ebb7 info: Captured cells caused win! Removing...
6ebb7 info: Opponent has won; playing most blocking move.
<= 
< 
<  18a06a47de7d6166
<  a  b  c  d  e  f  g  h  i  j  k  
< 1\.  .  .  .  .  .  .  B  .  .  .\1
<  2\.  .  .  B  .  .  .  .  .  .  .\2
<   3\.  .  .  .  .  .  .  .  .  .  .\3
<    4\.  .  .  B  .  B  .  .  .  B  .\4
<     5\.  .  .  B  .  .  .  .  .  .  .\5
<      6\.  .  .  .  .  .  .  W  B  .  .\6
<       7\.  B  W  B  .  .  B  W  .  W  .\7
<        8\W  W  W  W  B  W  .  W  W  .  .\8
<         9\B  .  .  W  W  B  W  .  .  B  .\9
<         10\B  .  .  B  .  .  .  .  B  .  .\10
<          11\.  .  .  .  .  .  .  .  W  W  .\11
<              a  b  c  d  e  f  g  h  i  j  k  
<
>play w g8
<= 
<
>showboard
<= 
< 
<  2b2e00f9d571ab4c
<  a  b  c  d  e  f  g  h  i  j  k  
< 1\.  .  .  .  .  .  .  B  .  .  .\1
<  2\.  .  .  B  .  .  .  .  .  .  .\2
<   3\.  .  .  .  .  .  .  .  .  .  .\3
<    4\.  .  .  B  .  B  .  .  .  B  .\4
<     5\.  .  .  B  .  .  .  .  .  .  .\5
<      6\.  .  .  .  .  .  .  W  B  .  .\6
<       7\.  B  W  B  .  .  B  W  .  W  .\7
<        8\W  W  W  W  B  W  W  W  W  .  .\8
<         9\B  .  .  W  W  B  W  .  .  B  .\9
<         10\B  .  .  B  .  .  .  .  B  .  .\10
<          11\.  .  .  .  .  .  .  .  W  W  .\11
<              a  b  c  d  e  f  g  h  i  j  k  
<
>genmove b
<= k6
<
>showboard
6ebb7 info: Captured cells caused win! Removing...
6ebb7 info: Opponent has won; playing most blocking move.
<= 
< 
<  6df2c93954f6b2f9
<  a  b  c  d  e  f  g  h  i  j  k  
< 1\.  .  .  .  .  .  .  B  .  .  .\1
<  2\.  .  .  B  .  .  .  .  .  .  .\2
<   3\.  .  .  .  .  .  .  .  .  .  .\3
<    4\.  .  .  B  .  B  .  .  .  B  .\4
<     5\.  .  .  B  .  .  .  .  .  .  .\5
<      6\.  .  .  .  .  .  .  W  B  .  B\6
<       7\.  B  W  B  .  .  B  W  .  W  .\7
<        8\W  W  W  W  B  W  W  W  W  .  .\8
<         9\B  .  .  W  W  B  W  .  .  B  .\9
<         10\B  .  .  B  .  .  .  .  B  .  .\10
<          11\.  .  .  .  .  .  .  .  W  W  .\11
<              a  b  c  d  e  f  g  h  i  j  k  
<
>play w k7
<= 
<
>showboard
<= 
< 
<  810838ef1031d85c
<  a  b  c  d  e  f  g  h  i  j  k  
< 1\.  .  .  .  .  .  .  B  .  .  .\1
<  2\.  .  .  B  .  .  .  .  .  .  .\2
<   3\.  .  .  .  .  .  .  .  .  .  .\3
<    4\.  .  .  B  .  B  .  .  .  B  .\4
<     5\.  .  .  B  .  .  .  .  .  .  .\5
<      6\.  .  .  .  .  .  .  W  B  .  B\6
<       7\.  B  W  B  .  .  B  W  .  W  W\7
<        8\W  W  W  W  B  W  W  W  W  .  .\8
<         9\B  .  .  W  W  B  W  .  .  B  .\9
<         10\B  .  .  B  .  .  .  .  B  .  .\10
<          11\.  .  .  .  .  .  .  .  W  W  .\11
<              a  b  c  d  e  f  g  h  i  j  k  
<
>genmove b
<= resign
<
>showboard
<= 
< 
<  810838ef1031d85c
<  a  b  c  d  e  f  g  h  i  j  k  
< 1\.  .  .  .  .  .  .  B  .  .  .\1
<  2\.  .  .  B  .  .  .  .  .  .  .\2
<   3\.  .  .  .  .  .  .  .  .  .  .\3
<    4\.  .  .  B  .  B  .  .  .  B  .\4
<     5\.  .  .  B  .  .  .  .  .  .  .\5
<      6\.  .  .  .  .  .  .  W  B  .  B\6
<       7\.  B  W  B  .  .  B  W  .  W  W\7
<        8\W  W  W  W  B  W  W  W  W  .  .\8
<         9\B  .  .  W  W  B  W  .  .  B  .\9
<         10\B  .  .  B  .  .  .  .  B  .  .\10
<          11\.  .  .  .  .  .  .  .  W  W  .\11
<              a  b  c  d  e  f  g  h  i  j  k  
<
>final_score
<= W+
<
>quit
<= 
<
