e6307 config: MoHex v2.0.CMake Mar 21 2025.
e6307 config: ============ InitializeSystem ============
e6307 config: BenzeneProgram::InitRandom()
e6307 config: Seed = 674867
e6307 info: Prior Patterns:
e6307 info: Global:
e6307 info: Size            = 565 32648 
e6307 info: TableEntries    = 65932 65910
e6307 info: MirrorsAdded    = 0 0
e6307 info: PrunableCount   = 30593 30629
e6307 info: LargestGamma    = 5820.77
e6307 info: SmallestGamma   = 6.6e-05
e6307 info: Local:
e6307 info: Size            = 550 5318 
e6307 info: TableEntries    = 11602 11588
e6307 info: MirrorsAdded    = 0 0
e6307 info: PrunableCount   = 3659 3667
e6307 info: LargestGamma    = 11281.8
e6307 info: SmallestGamma   = 0.026235
e6307 info: Playout Patterns:
e6307 info: Global:
e6307 info: Size            = 565 32648 
e6307 info: TableEntries    = 70329 70329
e6307 info: MirrorsAdded    = 4397 4419
e6307 info: PrunableCount   = 30593 30629
e6307 info: LargestGamma    = 5820.77
e6307 info: SmallestGamma   = 6.6e-05
e6307 info: Local:
e6307 info: Size            = 550 5318 
e6307 info: TableEntries    = 11602 11588
e6307 info: MirrorsAdded    = 0 0
e6307 info: PrunableCount   = 3659 3667
e6307 info: LargestGamma    = 11281.8
e6307 info: SmallestGamma   = 0.026235
e6307 config: IcePatternSet: reading from '/home/linus/MoHex2.0/nfbranchfix/benzene-vanilla-cmake/share/ice-patterns.txt'.
e6307 config: IcePatternSet: parsed 708 patterns.
e6307 config: VCS: reading captured set patterns from '/home/linus/MoHex2.0/nfbranchfix/benzene-vanilla-cmake/share/vc-captured-set.txt'.
e6307 config: VCS:: parsed 2 patterns.
e6307 config: VCS: reading captured set patterns from '/home/linus/MoHex2.0/nfbranchfix/benzene-vanilla-cmake/share/vc-captured-set.txt'.
e6307 config: VCS:: parsed 2 patterns.
e6307 config: IcePatternSet: reading from '/home/linus/MoHex2.0/nfbranchfix/benzene-vanilla-cmake/share/ice-patterns.txt'.
e6307 config: IcePatternSet: parsed 708 patterns.
e6307 config: VCS: reading captured set patterns from '/home/linus/MoHex2.0/nfbranchfix/benzene-vanilla-cmake/share/vc-captured-set.txt'.
e6307 config: VCS:: parsed 2 patterns.
e6307 config: VCS: reading captured set patterns from '/home/linus/MoHex2.0/nfbranchfix/benzene-vanilla-cmake/share/vc-captured-set.txt'.
e6307 config: VCS:: parsed 2 patterns.
e6307 config: VCS: reading captured set patterns from '/home/linus/MoHex2.0/nfbranchfix/benzene-vanilla-cmake/share/vc-captured-set.txt'.
e6307 config: VCS:: parsed 2 patterns.
e6307 config: VCS: reading captured set patterns from '/home/linus/MoHex2.0/nfbranchfix/benzene-vanilla-cmake/share/vc-captured-set.txt'.
e6307 config: VCS:: parsed 2 patterns.
e6307 config: VCS: reading captured set patterns from '/home/linus/MoHex2.0/nfbranchfix/benzene-vanilla-cmake/share/vc-captured-set.txt'.
e6307 config: VCS:: parsed 2 patterns.
e6307 config: VCS: reading captured set patterns from '/home/linus/MoHex2.0/nfbranchfix/benzene-vanilla-cmake/share/vc-captured-set.txt'.
e6307 config: VCS:: parsed 2 patterns.
e6307 info: SwapCheck: reading from '/home/linus/MoHex2.0/nfbranchfix/benzene-vanilla-cmake/share/swap-moves.txt'.
e6307 info: SwapCheck: playing swap.
e6307 config: VCPattern: loading pattern templates from '/home/linus/MoHex2.0/nfbranchfix/benzene-vanilla-cmake/share/vc-patterns.txt'.
e6307 info: Best move cannot be determined, must search state.
e6307 info: --- MoHexPlayer::Search() ---
e6307 info: Color: black
e6307 info: MaxGames: 1
e6307 info: NumberThreads: 1
e6307 info: MaxNodes: 181818181 (15999999928 bytes)
e6307 info: TimeForMove: 1
e6307 info: PreSearch: max time reached (45/89).
e6307 info: Time for PreSearch: 0.201364s
e6307 info: 
  49a14ed8e6195bec
  a  b  c  d  e  f  g  h  i  j  k  
 1\.  .  .  .  .  .  .  .  .  .  .\1
  2\.  .  *  *  *  *  *  *  *  *  *\2
   3\.  *  *  *  *  *  *  *  *  *  *\3
    4\*  *  *  B  *  *  *  *  *  *  *\4
     5\*  *  *  *  *  *  *  *  *  *  *\5
      6\*  *  *  *  *  *  *  *  *  *  *\6
       7\*  *  *  *  *  *  *  *  *  *  *\7
        8\*  *  *  *  *  *  *  *  *  *  *\8
         9\*  *  *  *  *  *  *  W  *  *  .\9
         10\*  *  *  *  *  *  .  .  *  .  .\10
          11\.  .  .  .  .  .  .  .  .  .  .\11
              a  b  c  d  e  f  g  h  i  j  k  
e6307 info: No subtree to reuse.
e6307 info: Creating thread 0
e6307 info: StartSearch()[0]
e6307 config: VCS: reading captured set patterns from '/home/linus/MoHex2.0/nfbranchfix/benzene-vanilla-cmake/share/vc-captured-set.txt'.
e6307 config: VCS:: parsed 2 patterns.
e6307 config: VCS: reading captured set patterns from '/home/linus/MoHex2.0/nfbranchfix/benzene-vanilla-cmake/share/vc-captured-set.txt'.
e6307 config: VCS:: parsed 2 patterns.
e6307 info: 
Elapsed Time   0.345984s
Count          1
GamesPlayed    1
Nodes          1
Knowledge      0 (0.0%)
Expansions     0.0
Time           0.00
GameLen        119.0 dev=0.0 min=119.0 max=119.0
InTree         0.0 dev=0.0 min=0.0 max=0.0
KnowDepth      -
Aborted        0%
Games/s        410.5
Score          1.00
Sequence      
e6307 info: 
e6307 warning: **** MoHexSearch returned empty sequence!
e6307 warning: **** Returning random move!
e6307 info: Best move cannot be determined, must search state.
e6307 info: --- MoHexPlayer::Search() ---
e6307 info: Color: black
e6307 info: MaxGames: 1
e6307 info: NumberThreads: 1
e6307 info: MaxNodes: 181818181 (15999999928 bytes)
e6307 info: TimeForMove: 1
e6307 info: PreSearch: max time reached (46/87).
e6307 info: Time for PreSearch: 0.207109s
e6307 info: 
  d16858008ed7b909
  a  b  c  d  e  f  g  h  i  j  k  
 1\b  b  b  .  .  .  .  .  .  .  .\1
  2\B  .  *  *  *  *  *  *  .  *  *\2
   3\.  *  *  *  *  *  *  *  W  *  *\3
    4\*  *  *  B  *  *  *  *  *  *  *\4
     5\*  *  *  *  *  *  *  *  *  *  *\5
      6\*  *  *  *  *  *  *  *  *  *  *\6
       7\*  *  *  *  *  *  *  *  *  *  *\7
        8\*  *  *  *  *  *  *  *  *  *  *\8
         9\*  *  *  *  *  *  *  W  *  *  .\9
         10\*  *  *  *  *  *  .  .  *  .  .\10
          11\.  .  .  .  .  .  .  .  .  .  .\11
              a  b  c  d  e  f  g  h  i  j  k  
e6307 info: Old: [black, d4] [white, swap-pieces] [white, h9] 
e6307 info: New: [black, d4] [white, swap-pieces] [white, h9] [black, a2] [white, i3] 
e6307 info: MovesPlayed: [black, a2] [white, i3] 
e6307 info: No subtree to reuse.
e6307 info: StartSearch()[0]
e6307 info: 
Elapsed Time   0.529182s
Count          1
GamesPlayed    1
Nodes          1
Knowledge      0 (0.0%)
Expansions     0.0
Time           0.00
GameLen        114.0 dev=0.0 min=114.0 max=114.0
InTree         0.0 dev=0.0 min=0.0 max=0.0
KnowDepth      -
Aborted        0%
Games/s        3649.6
Score          1.00
Sequence      
e6307 info: 
e6307 warning: **** MoHexSearch returned empty sequence!
e6307 warning: **** Returning random move!
e6307 info: Best move cannot be determined, must search state.
e6307 info: --- MoHexPlayer::Search() ---
e6307 info: Color: black
e6307 info: MaxGames: 1
e6307 info: NumberThreads: 1
e6307 info: MaxNodes: 181818181 (15999999928 bytes)
e6307 info: TimeForMove: 1
e6307 info: PreSearch: max time reached (47/83).
e6307 info: Time for PreSearch: 0.201531s
e6307 info: 
  fbeefc7017b3ef3a
  a  b  c  d  e  f  g  h  i  j  k  
 1\b  b  b  .  .  .  .  .  .  .  .\1
  2\B  .  .  .  .  .  *  *  .  *  *\2
   3\.  .  W  B  .  *  *  *  W  *  *\3
    4\*  *  *  B  *  *  *  *  *  *  *\4
     5\*  *  *  *  *  *  *  *  *  *  *\5
      6\*  *  *  *  *  *  *  *  *  *  *\6
       7\*  *  *  *  *  *  *  *  *  *  *\7
        8\*  *  *  *  *  *  *  *  *  *  *\8
         9\*  *  *  *  *  *  *  W  *  *  .\9
         10\*  *  *  *  *  *  .  .  *  .  .\10
          11\.  .  .  .  .  .  .  .  .  .  .\11
              a  b  c  d  e  f  g  h  i  j  k  
e6307 info: Old: [black, d4] [white, swap-pieces] [white, h9] [black, a2] [white, i3] 
e6307 info: New: [black, d4] [white, swap-pieces] [white, h9] [black, a2] [white, i3] [black, d3] [white, c3] 
e6307 info: MovesPlayed: [black, d3] [white, c3] 
e6307 info: No subtree to reuse.
e6307 info: StartSearch()[0]
e6307 info: 
Elapsed Time   0.356002s
Count          1
GamesPlayed    1
Nodes          1
Knowledge      0 (0.0%)
Expansions     0.0
Time           0.00
GameLen        112.0 dev=0.0 min=112.0 max=112.0
InTree         0.0 dev=0.0 min=0.0 max=0.0
KnowDepth      -
Aborted        0%
Games/s        3003.0
Score          1.00
Sequence      
e6307 info: 
e6307 warning: **** MoHexSearch returned empty sequence!
e6307 warning: **** Returning random move!
e6307 info: Best move cannot be determined, must search state.
e6307 info: --- MoHexPlayer::Search() ---
e6307 info: Color: black
e6307 info: MaxGames: 1
e6307 info: NumberThreads: 1
e6307 info: MaxNodes: 181818181 (15999999928 bytes)
e6307 info: TimeForMove: 1
e6307 info: PreSearch: max time reached (52/79).
e6307 info: Time for PreSearch: 0.200318s
e6307 info: 
  452e4e837643b1d6
  a  b  c  d  e  f  g  h  i  j  k  
 1\b  b  b  .  .  .  .  .  .  .  .\1
  2\B  .  .  .  .  .  *  *  .  *  *\2
   3\.  .  W  B  .  *  *  *  W  *  *\3
    4\*  *  *  B  *  *  *  *  *  *  *\4
     5\*  *  *  *  *  *  *  *  *  *  *\5
      6\*  *  *  *  *  *  *  *  *  *  *\6
       7\*  *  *  *  *  *  *  *  *  *  .\7
        8\*  *  *  *  *  *  *  *  *  .  B\8
         9\*  *  *  *  *  *  *  W  W  .  .\9
         10\*  *  *  *  *  *  .  .  *  .  .\10
          11\.  .  .  .  .  .  .  .  .  .  .\11
              a  b  c  d  e  f  g  h  i  j  k  
e6307 info: Old: [black, d4] [white, swap-pieces] [white, h9] [black, a2] [white, i3] [black, d3] [white, c3] 
e6307 info: New: [black, d4] [white, swap-pieces] [white, h9] [black, a2] [white, i3] [black, d3] [white, c3] [black, k8] [white, i9] 
e6307 info: MovesPlayed: [black, k8] [white, i9] 
e6307 info: No subtree to reuse.
e6307 info: StartSearch()[0]
e6307 info: 
Elapsed Time   0.341756s
Count          1
GamesPlayed    1
Nodes          1
Knowledge      0 (0.0%)
Expansions     0.0
Time           0.00
GameLen        110.0 dev=0.0 min=110.0 max=110.0
InTree         0.0 dev=0.0 min=0.0 max=0.0
KnowDepth      -
Aborted        0%
Games/s        3508.8
Score          0.00
Sequence      
e6307 info: 
e6307 warning: **** MoHexSearch returned empty sequence!
e6307 warning: **** Returning random move!
e6307 info: Best move cannot be determined, must search state.
e6307 info: --- MoHexPlayer::Search() ---
e6307 info: Color: black
e6307 info: MaxGames: 1
e6307 info: NumberThreads: 1
e6307 info: MaxNodes: 181818181 (15999999928 bytes)
e6307 info: TimeForMove: 1
e6307 info: PreSearch: max time reached (36/77).
e6307 info: Time for PreSearch: 0.205001s
e6307 info: 
  992c4d4bcb542205
  a  b  c  d  e  f  g  h  i  j  k  
 1\b  b  b  .  .  .  .  .  .  .  .\1
  2\B  .  .  .  .  .  *  *  .  *  *\2
   3\.  .  W  B  .  *  *  *  W  *  *\3
    4\*  *  *  B  *  *  *  *  *  *  *\4
     5\*  *  *  *  *  B  *  *  *  *  *\5
      6\*  *  *  *  *  *  *  *  *  *  *\6
       7\*  *  *  *  *  *  *  *  *  *  .\7
        8\*  *  *  *  *  *  W  *  *  .  B\8
         9\*  *  *  *  *  *  *  W  W  .  .\9
         10\*  *  *  *  *  *  .  .  *  .  .\10
          11\.  .  .  .  .  .  .  .  .  .  .\11
              a  b  c  d  e  f  g  h  i  j  k  
e6307 info: Old: [black, d4] [white, swap-pieces] [white, h9] [black, a2] [white, i3] [black, d3] [white, c3] [black, k8] [white, i9] 
e6307 info: New: [black, d4] [white, swap-pieces] [white, h9] [black, a2] [white, i3] [black, d3] [white, c3] [black, k8] [white, i9] [black, f5] [white, g8] 
e6307 info: MovesPlayed: [black, f5] [white, g8] 
e6307 info: No subtree to reuse.
e6307 info: StartSearch()[0]
e6307 info: 
Elapsed Time   0.351735s
Count          1
GamesPlayed    1
Nodes          1
Knowledge      0 (0.0%)
Expansions     0.0
Time           0.00
GameLen        108.0 dev=0.0 min=108.0 max=108.0
InTree         0.0 dev=0.0 min=0.0 max=0.0
KnowDepth      -
Aborted        0%
Games/s        2785.5
Score          0.00
Sequence      
e6307 info: 
e6307 warning: **** MoHexSearch returned empty sequence!
e6307 warning: **** Returning random move!
e6307 info: Best move cannot be determined, must search state.
e6307 info: --- MoHexPlayer::Search() ---
e6307 info: Color: black
e6307 info: MaxGames: 1
e6307 info: NumberThreads: 1
e6307 info: MaxNodes: 181818181 (15999999928 bytes)
e6307 info: TimeForMove: 1
e6307 info: PreSearch: max time reached (48/50).
e6307 info: Time for PreSearch: 0.200696s
e6307 info: 
  becd2335fe383314
  a  b  c  d  e  f  g  h  i  j  k  
 1\b  b  b  .  .  .  .  .  .  .  .\1
  2\B  .  .  .  .  .  .  .  .  *  *\2
   3\.  .  W  B  .  .  .  .  W  *  *\3
    4\*  *  *  B  .  .  .  .  *  *  *\4
     5\*  *  .  .  .  B  .  *  *  *  *\5
      6\*  *  .  .  .  *  W  *  *  *  *\6
       7\*  *  *  *  *  *  *  *  .  *  .\7
        8\*  *  *  *  *  *  W  *  *  .  B\8
         9\*  *  *  *  *  *  *  W  W  .  .\9
         10\*  *  .  .  .  .  .  .  .  *  .\10
          11\.  .  .  .  .  .  .  .  .  B  b\11
              a  b  c  d  e  f  g  h  i  j  k  
e6307 info: Old: [black, d4] [white, swap-pieces] [white, h9] [black, a2] [white, i3] [black, d3] [white, c3] [black, k8] [white, i9] [black, f5] [white, g8] 
e6307 info: New: [black, d4] [white, swap-pieces] [white, h9] [black, a2] [white, i3] [black, d3] [white, c3] [black, k8] [white, i9] [black, f5] [white, g8] [black, j11] [white, g6] 
e6307 info: MovesPlayed: [black, j11] [white, g6] 
e6307 info: No subtree to reuse.
e6307 info: StartSearch()[0]
e6307 info: 
Elapsed Time   0.341505s
Count          1
GamesPlayed    1
Nodes          1
Knowledge      0 (0.0%)
Expansions     0.0
Time           0.00
GameLen        105.0 dev=0.0 min=105.0 max=105.0
InTree         0.0 dev=0.0 min=0.0 max=0.0
KnowDepth      -
Aborted        0%
Games/s        3546.1
Score          0.00
Sequence      
e6307 info: 
e6307 warning: **** MoHexSearch returned empty sequence!
e6307 warning: **** Returning random move!
e6307 info: Opponent has won; playing most blocking move.
e6307 info: Opponent has won; playing most blocking move.
e6307 info: Opponent has won; playing most blocking move.
e6307 info: Opponent has won; playing most blocking move.
e6307 info: Opponent has won; playing most blocking move.
e6307 info: Opponent has won; playing most blocking move.
e6307 info: Opponent has won; playing most blocking move.
e6307 info: Opponent has won; playing most blocking move.
e6307 info: Opponent has won; playing most blocking move.
e6307 info: Opponent has won; playing most blocking move.
e6307 info: Captured cells caused win! Removing...
e6307 info: Opponent has won; playing most blocking move.
e6307 config: ============ BenzeneShutdown =============
e6307 config: MoHexProgram:: ShutdownSystem()
e6307 config: CommonProgram:: ShutdownSystem()
e6307 config: BenzeneProgram:: ShutdownSystem()
Flushing and closing this stream...
