# nice ../build/src/mohex/mohex --config mohex-cg2010.htp --seed 120443 --logfile-name jobs/11x11-mohex-mohex-cg2010-vs-mohex-mohex-weak-2/mohex-mohex-cg2010-73.log
>boardsize 11 11
MoHex 2.0.CMake Mar 21 2025
Copyright (C) 2007-2012 by the authors of the Benzene project.
This program comes with ABSOLUTELY NO WARRANTY. This is
free software and you are welcome to redistribute it under
certain conditions. Type `benzene-license' for details.

SgRandom::SetSeed: 120443
SgUctSearch: system memory 33632358400, using 1000000000 (5681818 nodes)
SgRandom::SetSeed: 1
SgRandom::SetSeed: 120443
1bc47 info: Prior Patterns:
1bc47 info: Global:
1bc47 info: Size            = 565 32648 
1bc47 info: TableEntries    = 65932 65910
1bc47 info: MirrorsAdded    = 0 0
1bc47 info: PrunableCount   = 30593 30629
1bc47 info: LargestGamma    = 5820.77
1bc47 info: SmallestGamma   = 6.6e-05
1bc47 info: Local:
1bc47 info: Size            = 550 5318 
1bc47 info: TableEntries    = 11602 11588
1bc47 info: MirrorsAdded    = 0 0
1bc47 info: PrunableCount   = 3659 3667
1bc47 info: LargestGamma    = 11281.8
1bc47 info: SmallestGamma   = 0.026235
1bc47 info: Playout Patterns:
1bc47 info: Global:
1bc47 info: Size            = 565 32648 
1bc47 info: TableEntries    = 70329 70329
1bc47 info: MirrorsAdded    = 4397 4419
1bc47 info: PrunableCount   = 30593 30629
1bc47 info: LargestGamma    = 5820.77
1bc47 info: SmallestGamma   = 6.6e-05
1bc47 info: Local:
1bc47 info: Size            = 550 5318 
1bc47 info: TableEntries    = 11602 11588
1bc47 info: MirrorsAdded    = 0 0
1bc47 info: PrunableCount   = 3659 3667
1bc47 info: LargestGamma    = 11281.8
1bc47 info: SmallestGamma   = 0.026235
param_game allow_swap 1
= 

param_mohex max_memory 32000000000
= 

param_mohex num_threads 1
= 

param_mohex max_time 1
= 

param_mohex max_games 1
= 

param_mohex knowledge_threshold 400
= 

param_mohex reuse_subtree 1
= 

param_mohex use_parallel_solver 0
= 

<= 
<
>name
<= MoHex
<
>version
<= 2.0.CMake
<
>play b d4
<= 
<
>genmove w
<= swap-pieces
<
>showboard
1bc47 info: SwapCheck: reading from '/home/linus/MoHex2.0/nfbranchfix/benzene-vanilla-cmake/share/swap-moves.txt'.
1bc47 info: SwapCheck: playing swap.
<= 
< 
<  1f8da1129d18e937
<  a  b  c  d  e  f  g  h  i  j  k  
< 1\.  .  .  .  .  .  .  .  .  .  .\1
<  2\.  .  .  .  .  .  .  .  .  .  .\2
<   3\.  .  .  .  .  .  .  .  .  .  .\3
<    4\.  .  .  B  .  .  .  .  .  .  .\4
<     5\.  .  .  .  .  .  .  .  .  .  .\5
<      6\.  .  .  .  .  .  .  .  .  .  .\6
<       7\.  .  .  .  .  .  .  .  .  .  .\7
<        8\.  .  .  .  .  .  .  .  .  .  .\8
<         9\.  .  .  .  .  .  .  .  .  .  .\9
<         10\.  .  .  .  .  .  .  .  .  .  .\10
<          11\.  .  .  .  .  .  .  .  .  .  .\11
<              a  b  c  d  e  f  g  h  i  j  k  
<
>play w j10
<= 
<
>showboard
<= 
< 
<  3ca22100686ddb70
<  a  b  c  d  e  f  g  h  i  j  k  
< 1\.  .  .  .  .  .  .  .  .  .  .\1
<  2\.  .  .  .  .  .  .  .  .  .  .\2
<   3\.  .  .  .  .  .  .  .  .  .  .\3
<    4\.  .  .  B  .  .  .  .  .  .  .\4
<     5\.  .  .  .  .  .  .  .  .  .  .\5
<      6\.  .  .  .  .  .  .  .  .  .  .\6
<       7\.  .  .  .  .  .  .  .  .  .  .\7
<        8\.  .  .  .  .  .  .  .  .  .  .\8
<         9\.  .  .  .  .  .  .  .  .  .  .\9
<         10\.  .  .  .  .  .  .  .  .  W  .\10
<          11\.  .  .  .  .  .  .  .  .  .  .\11
<              a  b  c  d  e  f  g  h  i  j  k  
<
>genmove b
<= b4
<
>showboard
1bc47 info: Best move cannot be determined, must search state.
1bc47 info: --- MoHexPlayer::Search() ---
1bc47 info: Color: black
1bc47 info: MaxGames: 1
1bc47 info: NumberThreads: 1
1bc47 info: MaxNodes: 181818181 (15999999928 bytes)
1bc47 info: TimeForMove: 1
1bc47 info: PreSearch: max time reached (47/89).
1bc47 info: Time for PreSearch: 0.203711s
1bc47 info: 
  3ca22100686ddb70
  a  b  c  d  e  f  g  h  i  j  k  
 1\.  .  .  .  .  .  .  .  .  .  .\1
  2\.  .  *  *  *  *  *  *  *  *  *\2
   3\.  *  *  *  *  *  *  *  *  *  *\3
    4\*  *  *  B  *  *  *  *  *  *  *\4
     5\*  *  *  *  *  *  *  *  *  *  *\5
      6\*  *  *  *  *  *  *  *  *  *  *\6
       7\*  *  *  *  *  *  *  *  *  *  .\7
        8\*  *  *  *  *  *  *  *  *  *  w\8
         9\*  *  *  *  *  *  *  *  *  .  w\9
         10\*  *  *  *  *  *  *  *  *  W  w\10
          11\.  .  .  .  .  .  .  .  .  b  b\11
              a  b  c  d  e  f  g  h  i  j  k  
1bc47 info: No subtree to reuse.
1bc47 info: Creating thread 0
1bc47 info: StartSearch()[0]
SgUctSearch: max games reached
1bc47 info: 
Elapsed Time   0.348858s
Count          1
GamesPlayed    1
Nodes          1
Knowledge      0 (0.0%)
Expansions     0.0
Time           0.00
GameLen        114.0 dev=0.0 min=114.0 max=114.0
InTree         0.0 dev=0.0 min=0.0 max=0.0
KnowDepth      -
Aborted        0%
Games/s        412.4
Score          1.00
Sequence      
1bc47 info: 
1bc47 warning: **** MoHexSearch returned empty sequence!
1bc47 warning: **** Returning random move!
<= 
< 
<  95bed8471c644486
<  a  b  c  d  e  f  g  h  i  j  k  
< 1\.  .  .  .  .  .  .  .  .  .  .\1
<  2\.  .  .  .  .  .  .  .  .  .  .\2
<   3\.  .  .  .  .  .  .  .  .  .  .\3
<    4\.  B  .  B  .  .  .  .  .  .  .\4
<     5\.  .  .  .  .  .  .  .  .  .  .\5
<      6\.  .  .  .  .  .  .  .  .  .  .\6
<       7\.  .  .  .  .  .  .  .  .  .  .\7
<        8\.  .  .  .  .  .  .  .  .  .  .\8
<         9\.  .  .  .  .  .  .  .  .  .  .\9
<         10\.  .  .  .  .  .  .  .  .  W  .\10
<          11\.  .  .  .  .  .  .  .  .  .  .\11
<              a  b  c  d  e  f  g  h  i  j  k  
<
>play w i7
<= 
<
>showboard
<= 
< 
<  9a839c1c7adacfbe
<  a  b  c  d  e  f  g  h  i  j  k  
< 1\.  .  .  .  .  .  .  .  .  .  .\1
<  2\.  .  .  .  .  .  .  .  .  .  .\2
<   3\.  .  .  .  .  .  .  .  .  .  .\3
<    4\.  B  .  B  .  .  .  .  .  .  .\4
<     5\.  .  .  .  .  .  .  .  .  .  .\5
<      6\.  .  .  .  .  .  .  .  .  .  .\6
<       7\.  .  .  .  .  .  .  .  W  .  .\7
<        8\.  .  .  .  .  .  .  .  .  .  .\8
<         9\.  .  .  .  .  .  .  .  .  .  .\9
<         10\.  .  .  .  .  .  .  .  .  W  .\10
<          11\.  .  .  .  .  .  .  .  .  .  .\11
<              a  b  c  d  e  f  g  h  i  j  k  
<
>genmove b
<= c10
<
>showboard
1bc47 info: Best move cannot be determined, must search state.
1bc47 info: --- MoHexPlayer::Search() ---
1bc47 info: Color: black
1bc47 info: MaxGames: 1
1bc47 info: NumberThreads: 1
1bc47 info: MaxNodes: 181818181 (15999999928 bytes)
1bc47 info: TimeForMove: 1
1bc47 info: PreSearch: max time reached (42/85).
1bc47 info: Time for PreSearch: 0.20166s
1bc47 info: 
  9a839c1c7adacfbe
  a  b  c  d  e  f  g  h  i  j  k  
 1\.  .  .  .  .  .  .  .  .  .  .\1
  2\.  .  *  *  *  *  *  *  *  *  *\2
   3\.  *  *  *  *  *  *  *  *  *  *\3
    4\.  B  *  B  *  *  *  *  *  *  *\4
     5\.  *  *  *  *  *  *  *  *  *  *\5
      6\*  *  *  *  *  *  *  *  *  *  *\6
       7\*  *  *  *  *  *  *  *  W  *  .\7
        8\*  *  *  *  *  *  *  *  *  *  w\8
         9\*  *  *  *  *  *  *  *  *  .  w\9
         10\*  *  *  *  *  *  *  *  *  W  w\10
          11\.  .  .  .  .  .  .  .  .  b  b\11
              a  b  c  d  e  f  g  h  i  j  k  
1bc47 info: Old: [black, d4] [white, swap-pieces] [white, j10] 
1bc47 info: New: [black, d4] [white, swap-pieces] [white, j10] [black, b4] [white, i7] 
1bc47 info: MovesPlayed: [black, b4] [white, i7] 
1bc47 info: No subtree to reuse.
1bc47 info: StartSearch()[0]
SgUctSearch: max games reached
1bc47 info: 
Elapsed Time   0.346512s
Count          1
GamesPlayed    1
Nodes          1
Knowledge      0 (0.0%)
Expansions     0.0
Time           0.00
GameLen        112.0 dev=0.0 min=112.0 max=112.0
InTree         0.0 dev=0.0 min=0.0 max=0.0
KnowDepth      -
Aborted        0%
Games/s        3508.8
Score          1.00
Sequence      
1bc47 info: 
1bc47 warning: **** MoHexSearch returned empty sequence!
1bc47 warning: **** Returning random move!
<= 
< 
<  cf10bf75e0f4373e
<  a  b  c  d  e  f  g  h  i  j  k  
< 1\.  .  .  .  .  .  .  .  .  .  .\1
<  2\.  .  .  .  .  .  .  .  .  .  .\2
<   3\.  .  .  .  .  .  .  .  .  .  .\3
<    4\.  B  .  B  .  .  .  .  .  .  .\4
<     5\.  .  .  .  .  .  .  .  .  .  .\5
<      6\.  .  .  .  .  .  .  .  .  .  .\6
<       7\.  .  .  .  .  .  .  .  W  .  .\7
<        8\.  .  .  .  .  .  .  .  .  .  .\8
<         9\.  .  .  .  .  .  .  .  .  .  .\9
<         10\.  .  B  .  .  .  .  .  .  W  .\10
<          11\.  .  .  .  .  .  .  .  .  .  .\11
<              a  b  c  d  e  f  g  h  i  j  k  
<
>play w d10
<= 
<
>showboard
<= 
< 
<  d29361ca7fff6433
<  a  b  c  d  e  f  g  h  i  j  k  
< 1\.  .  .  .  .  .  .  .  .  .  .\1
<  2\.  .  .  .  .  .  .  .  .  .  .\2
<   3\.  .  .  .  .  .  .  .  .  .  .\3
<    4\.  B  .  B  .  .  .  .  .  .  .\4
<     5\.  .  .  .  .  .  .  .  .  .  .\5
<      6\.  .  .  .  .  .  .  .  .  .  .\6
<       7\.  .  .  .  .  .  .  .  W  .  .\7
<        8\.  .  .  .  .  .  .  .  .  .  .\8
<         9\.  .  .  .  .  .  .  .  .  .  .\9
<         10\.  .  B  W  .  .  .  .  .  W  .\10
<          11\.  .  .  .  .  .  .  .  .  .  .\11
<              a  b  c  d  e  f  g  h  i  j  k  
<
>genmove b
<= b2
<
>showboard
1bc47 info: Best move cannot be determined, must search state.
1bc47 info: --- MoHexPlayer::Search() ---
1bc47 info: Color: black
1bc47 info: MaxGames: 1
1bc47 info: NumberThreads: 1
1bc47 info: MaxNodes: 181818181 (15999999928 bytes)
1bc47 info: TimeForMove: 1
1bc47 info: PreSearch: max time reached (44/82).
1bc47 info: Time for PreSearch: 0.200274s
1bc47 info: 
  d29361ca7fff6433
  a  b  c  d  e  f  g  h  i  j  k  
 1\.  .  .  .  .  .  .  .  .  .  .\1
  2\.  .  *  *  *  *  *  *  *  *  *\2
   3\.  *  *  *  *  *  *  *  *  *  *\3
    4\.  B  *  B  *  *  *  *  *  *  *\4
     5\.  *  *  *  *  *  *  *  *  *  *\5
      6\*  *  *  *  *  *  *  *  *  *  *\6
       7\*  *  *  *  *  *  *  *  W  *  .\7
        8\*  *  *  *  *  *  *  *  *  *  w\8
         9\*  *  *  *  *  *  *  *  *  .  w\9
         10\*  .  B  W  *  *  *  *  *  W  w\10
          11\.  b  b  .  .  .  .  .  .  b  b\11
              a  b  c  d  e  f  g  h  i  j  k  
1bc47 info: Old: [black, d4] [white, swap-pieces] [white, j10] [black, b4] [white, i7] 
1bc47 info: New: [black, d4] [white, swap-pieces] [white, j10] [black, b4] [white, i7] [black, c10] [white, d10] 
1bc47 info: MovesPlayed: [black, c10] [white, d10] 
1bc47 info: No subtree to reuse.
1bc47 info: StartSearch()[0]
SgUctSearch: max games reached
1bc47 info: 
Elapsed Time   0.34879s
Count          1
GamesPlayed    1
Nodes          1
Knowledge      0 (0.0%)
Expansions     0.0
Time           0.00
GameLen        108.0 dev=0.0 min=108.0 max=108.0
InTree         0.0 dev=0.0 min=0.0 max=0.0
KnowDepth      -
Aborted        0%
Games/s        3546.1
Score          0.00
Sequence      
1bc47 info: 
1bc47 warning: **** MoHexSearch returned empty sequence!
1bc47 warning: **** Returning random move!
<= 
< 
<  4820bba0ed8b2af6
<  a  b  c  d  e  f  g  h  i  j  k  
< 1\.  .  .  .  .  .  .  .  .  .  .\1
<  2\.  B  .  .  .  .  .  .  .  .  .\2
<   3\.  .  .  .  .  .  .  .  .  .  .\3
<    4\.  B  .  B  .  .  .  .  .  .  .\4
<     5\.  .  .  .  .  .  .  .  .  .  .\5
<      6\.  .  .  .  .  .  .  .  .  .  .\6
<       7\.  .  .  .  .  .  .  .  W  .  .\7
<        8\.  .  .  .  .  .  .  .  .  .  .\8
<         9\.  .  .  .  .  .  .  .  .  .  .\9
<         10\.  .  B  W  .  .  .  .  .  W  .\10
<          11\.  .  .  .  .  .  .  .  .  .  .\11
<              a  b  c  d  e  f  g  h  i  j  k  
<
>play w i11
<= 
<
>showboard
<= 
< 
<  3e4402401720631e
<  a  b  c  d  e  f  g  h  i  j  k  
< 1\.  .  .  .  .  .  .  .  .  .  .\1
<  2\.  B  .  .  .  .  .  .  .  .  .\2
<   3\.  .  .  .  .  .  .  .  .  .  .\3
<    4\.  B  .  B  .  .  .  .  .  .  .\4
<     5\.  .  .  .  .  .  .  .  .  .  .\5
<      6\.  .  .  .  .  .  .  .  .  .  .\6
<       7\.  .  .  .  .  .  .  .  W  .  .\7
<        8\.  .  .  .  .  .  .  .  .  .  .\8
<         9\.  .  .  .  .  .  .  .  .  .  .\9
<         10\.  .  B  W  .  .  .  .  .  W  .\10
<          11\.  .  .  .  .  .  .  .  W  .  .\11
<              a  b  c  d  e  f  g  h  i  j  k  
<
>genmove b
<= j9
<
>showboard
1bc47 info: Best move cannot be determined, must search state.
1bc47 info: --- MoHexPlayer::Search() ---
1bc47 info: Color: black
1bc47 info: MaxGames: 1
1bc47 info: NumberThreads: 1
1bc47 info: MaxNodes: 181818181 (15999999928 bytes)
1bc47 info: TimeForMove: 1
1bc47 info: PreSearch: max time reached (50/79).
1bc47 info: Time for PreSearch: 0.202032s
1bc47 info: 
  3e4402401720631e
  a  b  c  d  e  f  g  h  i  j  k  
 1\b  b  b  b  .  .  .  .  .  .  .\1
  2\b  B  .  *  *  *  *  *  *  *  *\2
   3\w  .  .  *  *  *  *  *  *  *  *\3
    4\w  B  *  B  *  *  *  *  *  *  *\4
     5\.  *  *  *  *  *  *  *  *  *  *\5
      6\*  *  *  *  *  *  *  *  *  *  *\6
       7\*  *  *  *  *  *  *  *  W  *  .\7
        8\*  *  *  *  *  *  *  *  *  *  w\8
         9\*  *  *  *  *  *  *  *  *  .  w\9
         10\*  .  B  W  *  *  *  *  *  W  w\10
          11\.  b  b  .  .  .  .  .  W  b  b\11
              a  b  c  d  e  f  g  h  i  j  k  
1bc47 info: Old: [black, d4] [white, swap-pieces] [white, j10] [black, b4] [white, i7] [black, c10] [white, d10] 
1bc47 info: New: [black, d4] [white, swap-pieces] [white, j10] [black, b4] [white, i7] [black, c10] [white, d10] [black, b2] [white, i11] 
1bc47 info: MovesPlayed: [black, b2] [white, i11] 
1bc47 info: No subtree to reuse.
1bc47 info: StartSearch()[0]
SgUctSearch: max games reached
1bc47 info: 
Elapsed Time   0.541381s
Count          1
GamesPlayed    1
Nodes          1
Knowledge      0 (0.0%)
Expansions     0.0
Time           0.00
GameLen        99.0 dev=0.0 min=99.0 max=99.0
InTree         0.0 dev=0.0 min=0.0 max=0.0
KnowDepth      -
Aborted        0%
Games/s        2941.2
Score          0.00
Sequence      
1bc47 info: 
1bc47 warning: **** MoHexSearch returned empty sequence!
1bc47 warning: **** Returning random move!
<= 
< 
<  6128756f422e76a0
<  a  b  c  d  e  f  g  h  i  j  k  
< 1\.  .  .  .  .  .  .  .  .  .  .\1
<  2\.  B  .  .  .  .  .  .  .  .  .\2
<   3\.  .  .  .  .  .  .  .  .  .  .\3
<    4\.  B  .  B  .  .  .  .  .  .  .\4
<     5\.  .  .  .  .  .  .  .  .  .  .\5
<      6\.  .  .  .  .  .  .  .  .  .  .\6
<       7\.  .  .  .  .  .  .  .  W  .  .\7
<        8\.  .  .  .  .  .  .  .  .  .  .\8
<         9\.  .  .  .  .  .  .  .  .  B  .\9
<         10\.  .  B  W  .  .  .  .  .  W  .\10
<          11\.  .  .  .  .  .  .  .  W  .  .\11
<              a  b  c  d  e  f  g  h  i  j  k  
<
>play w b8
<= 
<
>showboard
<= 
< 
<  e5d8dab751c8760d
<  a  b  c  d  e  f  g  h  i  j  k  
< 1\.  .  .  .  .  .  .  .  .  .  .\1
<  2\.  B  .  .  .  .  .  .  .  .  .\2
<   3\.  .  .  .  .  .  .  .  .  .  .\3
<    4\.  B  .  B  .  .  .  .  .  .  .\4
<     5\.  .  .  .  .  .  .  .  .  .  .\5
<      6\.  .  .  .  .  .  .  .  .  .  .\6
<       7\.  .  .  .  .  .  .  .  W  .  .\7
<        8\.  W  .  .  .  .  .  .  .  .  .\8
<         9\.  .  .  .  .  .  .  .  .  B  .\9
<         10\.  .  B  W  .  .  .  .  .  W  .\10
<          11\.  .  .  .  .  .  .  .  W  .  .\11
<              a  b  c  d  e  f  g  h  i  j  k  
<
>genmove b
<= c4
<
>showboard
1bc47 info: Best move cannot be determined, must search state.
1bc47 info: --- MoHexPlayer::Search() ---
1bc47 info: Color: black
1bc47 info: MaxGames: 1
1bc47 info: NumberThreads: 1
1bc47 info: MaxNodes: 181818181 (15999999928 bytes)
1bc47 info: TimeForMove: 1
1bc47 info: PreSearch: max time reached (61/70).
1bc47 info: Time for PreSearch: 0.201158s
1bc47 info: 
  e5d8dab751c8760d
  a  b  c  d  e  f  g  h  i  j  k  
 1\b  b  b  b  .  .  .  .  .  .  .\1
  2\b  B  .  *  .  .  *  *  *  *  *\2
   3\w  .  .  .  .  *  *  *  *  *  *\3
    4\w  B  .  B  *  *  *  *  *  *  *\4
     5\w  .  *  *  *  *  *  *  *  *  *\5
      6\w  *  *  *  *  *  *  *  *  *  *\6
       7\w  .  *  *  *  *  *  *  W  *  *\7
        8\w  W  *  *  *  *  *  *  *  *  .\8
         9\w  w  *  *  *  *  *  *  *  B  w\9
         10\w  w  B  W  *  *  *  *  *  W  w\10
          11\w  b  b  .  .  .  .  .  W  b  b\11
              a  b  c  d  e  f  g  h  i  j  k  
1bc47 info: Old: [black, d4] [white, swap-pieces] [white, j10] [black, b4] [white, i7] [black, c10] [white, d10] [black, b2] [white, i11] 
1bc47 info: New: [black, d4] [white, swap-pieces] [white, j10] [black, b4] [white, i7] [black, c10] [white, d10] [black, b2] [white, i11] [black, j9] [white, b8] 
1bc47 info: MovesPlayed: [black, j9] [white, b8] 
1bc47 info: No subtree to reuse.
1bc47 info: StartSearch()[0]
SgUctSearch: max games reached
1bc47 info: 
Elapsed Time   0.34899s
Count          1
GamesPlayed    1
Nodes          1
Knowledge      0 (0.0%)
Expansions     0.0
Time           0.00
GameLen        89.0 dev=0.0 min=89.0 max=89.0
InTree         0.0 dev=0.0 min=0.0 max=0.0
KnowDepth      -
Aborted        0%
Games/s        3636.4
Score          0.00
Sequence      
1bc47 info: 
1bc47 warning: **** MoHexSearch returned empty sequence!
1bc47 warning: **** Returning random move!
<= 
< 
<  f32ad336952b0f85
<  a  b  c  d  e  f  g  h  i  j  k  
< 1\.  .  .  .  .  .  .  .  .  .  .\1
<  2\.  B  .  .  .  .  .  .  .  .  .\2
<   3\.  .  .  .  .  .  .  .  .  .  .\3
<    4\.  B  B  B  .  .  .  .  .  .  .\4
<     5\.  .  .  .  .  .  .  .  .  .  .\5
<      6\.  .  .  .  .  .  .  .  .  .  .\6
<       7\.  .  .  .  .  .  .  .  W  .  .\7
<        8\.  W  .  .  .  .  .  .  .  .  .\8
<         9\.  .  .  .  .  .  .  .  .  B  .\9
<         10\.  .  B  W  .  .  .  .  .  W  .\10
<          11\.  .  .  .  .  .  .  .  W  .  .\11
<              a  b  c  d  e  f  g  h  i  j  k  
<
>play w c7
<= 
<
>showboard
<= 
< 
<  725367c90e6715f0
<  a  b  c  d  e  f  g  h  i  j  k  
< 1\.  .  .  .  .  .  .  .  .  .  .\1
<  2\.  B  .  .  .  .  .  .  .  .  .\2
<   3\.  .  .  .  .  .  .  .  .  .  .\3
<    4\.  B  B  B  .  .  .  .  .  .  .\4
<     5\.  .  .  .  .  .  .  .  .  .  .\5
<      6\.  .  .  .  .  .  .  .  .  .  .\6
<       7\.  .  W  .  .  .  .  .  W  .  .\7
<        8\.  W  .  .  .  .  .  .  .  .  .\8
<         9\.  .  .  .  .  .  .  .  .  B  .\9
<         10\.  .  B  W  .  .  .  .  .  W  .\10
<          11\.  .  .  .  .  .  .  .  W  .  .\11
<              a  b  c  d  e  f  g  h  i  j  k  
<
>genmove b
<= d6
<
>showboard
1bc47 info: Best move cannot be determined, must search state.
1bc47 info: --- MoHexPlayer::Search() ---
1bc47 info: Color: black
1bc47 info: MaxGames: 1
1bc47 info: NumberThreads: 1
1bc47 info: MaxNodes: 181818181 (15999999928 bytes)
1bc47 info: TimeForMove: 1
1bc47 info: PreSearch: max time reached (61/65).
1bc47 info: Time for PreSearch: 0.201963s
1bc47 info: 
  725367c90e6715f0
  a  b  c  d  e  f  g  h  i  j  k  
 1\b  b  b  b  .  .  .  .  .  .  .\1
  2\b  B  .  .  .  .  .  *  *  *  *\2
   3\w  .  .  .  .  *  *  *  *  *  *\3
    4\w  B  B  B  *  *  *  *  *  *  *\4
     5\w  w  w  *  *  *  *  *  *  *  *\5
      6\w  w  w  *  *  *  *  *  *  *  *\6
       7\w  w  W  *  *  *  *  *  W  *  *\7
        8\w  W  .  *  *  *  *  *  *  *  .\8
         9\w  w  *  *  *  *  *  *  *  B  w\9
         10\w  w  B  W  *  *  *  *  *  W  w\10
          11\w  b  b  .  .  .  .  .  W  b  b\11
              a  b  c  d  e  f  g  h  i  j  k  
1bc47 info: Old: [black, d4] [white, swap-pieces] [white, j10] [black, b4] [white, i7] [black, c10] [white, d10] [black, b2] [white, i11] [black, j9] [white, b8] 
1bc47 info: New: [black, d4] [white, swap-pieces] [white, j10] [black, b4] [white, i7] [black, c10] [white, d10] [black, b2] [white, i11] [black, j9] [white, b8] [black, c4] [white, c7] 
1bc47 info: MovesPlayed: [black, c4] [white, c7] 
1bc47 info: No subtree to reuse.
1bc47 info: StartSearch()[0]
SgUctSearch: max games reached
1bc47 info: 
Elapsed Time   0.346663s
Count          1
GamesPlayed    1
Nodes          1
Knowledge      0 (0.0%)
Expansions     0.0
Time           0.00
GameLen        82.0 dev=0.0 min=82.0 max=82.0
InTree         0.0 dev=0.0 min=0.0 max=0.0
KnowDepth      -
Aborted        0%
Games/s        3246.8
Score          1.00
Sequence      
1bc47 info: 
1bc47 warning: **** MoHexSearch returned empty sequence!
1bc47 warning: **** Returning random move!
<= 
< 
<  b6ca50d0b8721180
<  a  b  c  d  e  f  g  h  i  j  k  
< 1\.  .  .  .  .  .  .  .  .  .  .\1
<  2\.  B  .  .  .  .  .  .  .  .  .\2
<   3\.  .  .  .  .  .  .  .  .  .  .\3
<    4\.  B  B  B  .  .  .  .  .  .  .\4
<     5\.  .  .  .  .  .  .  .  .  .  .\5
<      6\.  .  .  B  .  .  .  .  .  .  .\6
<       7\.  .  W  .  .  .  .  .  W  .  .\7
<        8\.  W  .  .  .  .  .  .  .  .  .\8
<         9\.  .  .  .  .  .  .  .  .  B  .\9
<         10\.  .  B  W  .  .  .  .  .  W  .\10
<          11\.  .  .  .  .  .  .  .  W  .  .\11
<              a  b  c  d  e  f  g  h  i  j  k  
<
>play w e7
<= 
<
>showboard
<= 
< 
<  ae7337902ab94b73
<  a  b  c  d  e  f  g  h  i  j  k  
< 1\.  .  .  .  .  .  .  .  .  .  .\1
<  2\.  B  .  .  .  .  .  .  .  .  .\2
<   3\.  .  .  .  .  .  .  .  .  .  .\3
<    4\.  B  B  B  .  .  .  .  .  .  .\4
<     5\.  .  .  .  .  .  .  .  .  .  .\5
<      6\.  .  .  B  .  .  .  .  .  .  .\6
<       7\.  .  W  .  W  .  .  .  W  .  .\7
<        8\.  W  .  .  .  .  .  .  .  .  .\8
<         9\.  .  .  .  .  .  .  .  .  B  .\9
<         10\.  .  B  W  .  .  .  .  .  W  .\10
<          11\.  .  .  .  .  .  .  .  W  .  .\11
<              a  b  c  d  e  f  g  h  i  j  k  
<
>genmove b
<= c8
<
>showboard
1bc47 info: Best move cannot be determined, must search state.
1bc47 info: --- MoHexPlayer::Search() ---
1bc47 info: Color: black
1bc47 info: MaxGames: 1
1bc47 info: NumberThreads: 1
1bc47 info: MaxNodes: 181818181 (15999999928 bytes)
1bc47 info: TimeForMove: 1
1bc47 info: Time for PreSearch: 0.046057s
1bc47 info: 
  ae7337902ab94b73
  a  b  c  d  e  f  g  h  i  j  k  
 1\b  b  b  b  .  .  .  .  .  .  .\1
  2\b  B  .  .  .  .  .  .  .  .  *\2
   3\w  .  .  .  .  .  .  .  .  *  *\3
    4\w  B  B  B  .  .  .  .  *  *  *\4
     5\w  w  w  .  .  .  .  .  *  *  *\5
      6\w  w  w  B  .  .  .  *  *  *  *\6
       7\w  w  W  .  W  *  .  *  W  .  *\7
        8\w  W  .  *  .  .  .  .  *  *  .\8
         9\w  w  .  .  .  .  .  .  .  B  w\9
         10\w  w  B  W  .  .  .  .  .  W  w\10
          11\w  b  b  .  .  .  .  .  W  b  b\11
              a  b  c  d  e  f  g  h  i  j  k  
1bc47 info: Old: [black, d4] [white, swap-pieces] [white, j10] [black, b4] [white, i7] [black, c10] [white, d10] [black, b2] [white, i11] [black, j9] [white, b8] [black, c4] [white, c7] 
1bc47 info: New: [black, d4] [white, swap-pieces] [white, j10] [black, b4] [white, i7] [black, c10] [white, d10] [black, b2] [white, i11] [black, j9] [white, b8] [black, c4] [white, c7] [black, d6] [white, e7] 
1bc47 info: MovesPlayed: [black, d6] [white, e7] 
1bc47 info: No subtree to reuse.
1bc47 info: StartSearch()[0]
SgUctSearch: max games reached
1bc47 info: 
Elapsed Time   0.190418s
Count          1
GamesPlayed    1
Nodes          1
Knowledge      0 (0.0%)
Expansions     0.0
Time           0.00
GameLen        80.0 dev=0.0 min=80.0 max=80.0
InTree         0.0 dev=0.0 min=0.0 max=0.0
KnowDepth      -
Aborted        0%
Games/s        3389.8
Score          0.00
Sequence      
1bc47 info: 
1bc47 warning: **** MoHexSearch returned empty sequence!
1bc47 warning: **** Returning random move!
<= 
< 
<  f4fb9ed554b22907
<  a  b  c  d  e  f  g  h  i  j  k  
< 1\.  .  .  .  .  .  .  .  .  .  .\1
<  2\.  B  .  .  .  .  .  .  .  .  .\2
<   3\.  .  .  .  .  .  .  .  .  .  .\3
<    4\.  B  B  B  .  .  .  .  .  .  .\4
<     5\.  .  .  .  .  .  .  .  .  .  .\5
<      6\.  .  .  B  .  .  .  .  .  .  .\6
<       7\.  .  W  .  W  .  .  .  W  .  .\7
<        8\.  W  B  .  .  .  .  .  .  .  .\8
<         9\.  .  .  .  .  .  .  .  .  B  .\9
<         10\.  .  B  W  .  .  .  .  .  W  .\10
<          11\.  .  .  .  .  .  .  .  W  .  .\11
<              a  b  c  d  e  f  g  h  i  j  k  
<
>play w f6
<= 
<
>showboard
<= 
< 
<  686b884f7b616668
<  a  b  c  d  e  f  g  h  i  j  k  
< 1\.  .  .  .  .  .  .  .  .  .  .\1
<  2\.  B  .  .  .  .  .  .  .  .  .\2
<   3\.  .  .  .  .  .  .  .  .  .  .\3
<    4\.  B  B  B  .  .  .  .  .  .  .\4
<     5\.  .  .  .  .  .  .  .  .  .  .\5
<      6\.  .  .  B  .  W  .  .  .  .  .\6
<       7\.  .  W  .  W  .  .  .  W  .  .\7
<        8\.  W  B  .  .  .  .  .  .  .  .\8
<         9\.  .  .  .  .  .  .  .  .  B  .\9
<         10\.  .  B  W  .  .  .  .  .  W  .\10
<          11\.  .  .  .  .  .  .  .  W  .  .\11
<              a  b  c  d  e  f  g  h  i  j  k  
<
>genmove b
<= f2
<
>showboard
1bc47 info: Best move cannot be determined, must search state.
1bc47 info: --- MoHexPlayer::Search() ---
1bc47 info: Color: black
1bc47 info: MaxGames: 1
1bc47 info: NumberThreads: 1
1bc47 info: MaxNodes: 181818181 (15999999928 bytes)
1bc47 info: TimeForMove: 1
1bc47 info: Time for PreSearch: 0.046547s
1bc47 info: 
  686b884f7b616668
  a  b  c  d  e  f  g  h  i  j  k  
 1\b  b  b  b  .  .  .  .  .  .  .\1
  2\b  B  .  .  .  .  .  .  .  .  .\2
   3\w  .  .  .  .  .  .  .  .  .  .\3
    4\w  B  B  B  .  .  .  .  .  *  *\4
     5\w  w  w  .  .  .  .  .  *  *  *\5
      6\w  w  w  B  .  W  *  *  *  *  *\6
       7\w  w  W  *  W  *  *  *  W  .  *\7
        8\w  W  B  .  *  *  .  .  *  *  .\8
         9\w  w  .  *  .  .  .  .  .  B  w\9
         10\w  w  B  W  .  .  .  .  .  W  w\10
          11\w  b  b  .  .  .  .  .  W  b  b\11
              a  b  c  d  e  f  g  h  i  j  k  
1bc47 info: Old: [black, d4] [white, swap-pieces] [white, j10] [black, b4] [white, i7] [black, c10] [white, d10] [black, b2] [white, i11] [black, j9] [white, b8] [black, c4] [white, c7] [black, d6] [white, e7] 
1bc47 info: New: [black, d4] [white, swap-pieces] [white, j10] [black, b4] [white, i7] [black, c10] [white, d10] [black, b2] [white, i11] [black, j9] [white, b8] [black, c4] [white, c7] [black, d6] [white, e7] [black, c8] [white, f6] 
1bc47 info: MovesPlayed: [black, c8] [white, f6] 
1bc47 info: No subtree to reuse.
1bc47 info: StartSearch()[0]
SgUctSearch: max games reached
1bc47 info: 
Elapsed Time   0.190765s
Count          1
GamesPlayed    1
Nodes          1
Knowledge      0 (0.0%)
Expansions     0.0
Time           0.00
GameLen        78.0 dev=0.0 min=78.0 max=78.0
InTree         0.0 dev=0.0 min=0.0 max=0.0
KnowDepth      -
Aborted        0%
Games/s        3584.2
Score          0.00
Sequence      
1bc47 info: 
1bc47 warning: **** MoHexSearch returned empty sequence!
1bc47 warning: **** Returning random move!
<= 
< 
<  a20ca7c388ad9d06
<  a  b  c  d  e  f  g  h  i  j  k  
< 1\.  .  .  .  .  .  .  .  .  .  .\1
<  2\.  B  .  .  .  B  .  .  .  .  .\2
<   3\.  .  .  .  .  .  .  .  .  .  .\3
<    4\.  B  B  B  .  .  .  .  .  .  .\4
<     5\.  .  .  .  .  .  .  .  .  .  .\5
<      6\.  .  .  B  .  W  .  .  .  .  .\6
<       7\.  .  W  .  W  .  .  .  W  .  .\7
<        8\.  W  B  .  .  .  .  .  .  .  .\8
<         9\.  .  .  .  .  .  .  .  .  B  .\9
<         10\.  .  B  W  .  .  .  .  .  W  .\10
<          11\.  .  .  .  .  .  .  .  W  .  .\11
<              a  b  c  d  e  f  g  h  i  j  k  
<
>play w g7
<= 
<
>showboard
<= 
< 
<  a4a77ac27da20b3e
<  a  b  c  d  e  f  g  h  i  j  k  
< 1\.  .  .  .  .  .  .  .  .  .  .\1
<  2\.  B  .  .  .  B  .  .  .  .  .\2
<   3\.  .  .  .  .  .  .  .  .  .  .\3
<    4\.  B  B  B  .  .  .  .  .  .  .\4
<     5\.  .  .  .  .  .  .  .  .  .  .\5
<      6\.  .  .  B  .  W  .  .  .  .  .\6
<       7\.  .  W  .  W  .  W  .  W  .  .\7
<        8\.  W  B  .  .  .  .  .  .  .  .\8
<         9\.  .  .  .  .  .  .  .  .  B  .\9
<         10\.  .  B  W  .  .  .  .  .  W  .\10
<          11\.  .  .  .  .  .  .  .  W  .  .\11
<              a  b  c  d  e  f  g  h  i  j  k  
<
>genmove b
<= k4
<
>showboard
1bc47 info: Opponent has won; playing most blocking move.
<= 
< 
<  2dcedcc1df8e6cf4
<  a  b  c  d  e  f  g  h  i  j  k  
< 1\.  .  .  .  .  .  .  .  .  .  .\1
<  2\.  B  .  .  .  B  .  .  .  .  .\2
<   3\.  .  .  .  .  .  .  .  .  .  .\3
<    4\.  B  B  B  .  .  .  .  .  .  B\4
<     5\.  .  .  .  .  .  .  .  .  .  .\5
<      6\.  .  .  B  .  W  .  .  .  .  .\6
<       7\.  .  W  .  W  .  W  .  W  .  .\7
<        8\.  W  B  .  .  .  .  .  .  .  .\8
<         9\.  .  .  .  .  .  .  .  .  B  .\9
<         10\.  .  B  W  .  .  .  .  .  W  .\10
<          11\.  .  .  .  .  .  .  .  W  .  .\11
<              a  b  c  d  e  f  g  h  i  j  k  
<
>play w i6
<= 
<
>showboard
<= 
< 
<  4e02a43cc8511338
<  a  b  c  d  e  f  g  h  i  j  k  
< 1\.  .  .  .  .  .  .  .  .  .  .\1
<  2\.  B  .  .  .  B  .  .  .  .  .\2
<   3\.  .  .  .  .  .  .  .  .  .  .\3
<    4\.  B  B  B  .  .  .  .  .  .  B\4
<     5\.  .  .  .  .  .  .  .  .  .  .\5
<      6\.  .  .  B  .  W  .  .  W  .  .\6
<       7\.  .  W  .  W  .  W  .  W  .  .\7
<        8\.  W  B  .  .  .  .  .  .  .  .\8
<         9\.  .  .  .  .  .  .  .  .  B  .\9
<         10\.  .  B  W  .  .  .  .  .  W  .\10
<          11\.  .  .  .  .  .  .  .  W  .  .\11
<              a  b  c  d  e  f  g  h  i  j  k  
<
>genmove b
<= d7
<
>showboard
1bc47 info: Opponent has won; playing most blocking move.
<= 
< 
<  b706974a75117ce8
<  a  b  c  d  e  f  g  h  i  j  k  
< 1\.  .  .  .  .  .  .  .  .  .  .\1
<  2\.  B  .  .  .  B  .  .  .  .  .\2
<   3\.  .  .  .  .  .  .  .  .  .  .\3
<    4\.  B  B  B  .  .  .  .  .  .  B\4
<     5\.  .  .  .  .  .  .  .  .  .  .\5
<      6\.  .  .  B  .  W  .  .  W  .  .\6
<       7\.  .  W  B  W  .  W  .  W  .  .\7
<        8\.  W  B  .  .  .  .  .  .  .  .\8
<         9\.  .  .  .  .  .  .  .  .  B  .\9
<         10\.  .  B  W  .  .  .  .  .  W  .\10
<          11\.  .  .  .  .  .  .  .  W  .  .\11
<              a  b  c  d  e  f  g  h  i  j  k  
<
>play w c9
<= 
<
>showboard
<= 
< 
<  f314ec939d8db94e
<  a  b  c  d  e  f  g  h  i  j  k  
< 1\.  .  .  .  .  .  .  .  .  .  .\1
<  2\.  B  .  .  .  B  .  .  .  .  .\2
<   3\.  .  .  .  .  .  .  .  .  .  .\3
<    4\.  B  B  B  .  .  .  .  .  .  B\4
<     5\.  .  .  .  .  .  .  .  .  .  .\5
<      6\.  .  .  B  .  W  .  .  W  .  .\6
<       7\.  .  W  B  W  .  W  .  W  .  .\7
<        8\.  W  B  .  .  .  .  .  .  .  .\8
<         9\.  .  W  .  .  .  .  .  .  B  .\9
<         10\.  .  B  W  .  .  .  .  .  W  .\10
<          11\.  .  .  .  .  .  .  .  W  .  .\11
<              a  b  c  d  e  f  g  h  i  j  k  
<
>genmove b
<= d8
<
>showboard
1bc47 info: Opponent has won; playing most blocking move.
<= 
< 
<  b3ef79588c9e92a1
<  a  b  c  d  e  f  g  h  i  j  k  
< 1\.  .  .  .  .  .  .  .  .  .  .\1
<  2\.  B  .  .  .  B  .  .  .  .  .\2
<   3\.  .  .  .  .  .  .  .  .  .  .\3
<    4\.  B  B  B  .  .  .  .  .  .  B\4
<     5\.  .  .  .  .  .  .  .  .  .  .\5
<      6\.  .  .  B  .  W  .  .  W  .  .\6
<       7\.  .  W  B  W  .  W  .  W  .  .\7
<        8\.  W  B  B  .  .  .  .  .  .  .\8
<         9\.  .  W  .  .  .  .  .  .  B  .\9
<         10\.  .  B  W  .  .  .  .  .  W  .\10
<          11\.  .  .  .  .  .  .  .  W  .  .\11
<              a  b  c  d  e  f  g  h  i  j  k  
<
>play w d9
<= 
<
>showboard
<= 
< 
<  036dc50e8c43c92a
<  a  b  c  d  e  f  g  h  i  j  k  
< 1\.  .  .  .  .  .  .  .  .  .  .\1
<  2\.  B  .  .  .  B  .  .  .  .  .\2
<   3\.  .  .  .  .  .  .  .  .  .  .\3
<    4\.  B  B  B  .  .  .  .  .  .  B\4
<     5\.  .  .  .  .  .  .  .  .  .  .\5
<      6\.  .  .  B  .  W  .  .  W  .  .\6
<       7\.  .  W  B  W  .  W  .  W  .  .\7
<        8\.  W  B  B  .  .  .  .  .  .  .\8
<         9\.  .  W  W  .  .  .  .  .  B  .\9
<         10\.  .  B  W  .  .  .  .  .  W  .\10
<          11\.  .  .  .  .  .  .  .  W  .  .\11
<              a  b  c  d  e  f  g  h  i  j  k  
<
>genmove b
<= h6
<
>showboard
1bc47 info: Opponent has won; playing most blocking move.
<= 
< 
<  a526d63a49aaec0a
<  a  b  c  d  e  f  g  h  i  j  k  
< 1\.  .  .  .  .  .  .  .  .  .  .\1
<  2\.  B  .  .  .  B  .  .  .  .  .\2
<   3\.  .  .  .  .  .  .  .  .  .  .\3
<    4\.  B  B  B  .  .  .  .  .  .  B\4
<     5\.  .  .  .  .  .  .  .  .  .  .\5
<      6\.  .  .  B  .  W  .  B  W  .  .\6
<       7\.  .  W  B  W  .  W  .  W  .  .\7
<        8\.  W  B  B  .  .  .  .  .  .  .\8
<         9\.  .  W  W  .  .  .  .  .  B  .\9
<         10\.  .  B  W  .  .  .  .  .  W  .\10
<          11\.  .  .  .  .  .  .  .  W  .  .\11
<              a  b  c  d  e  f  g  h  i  j  k  
<
>play w h7
<= 
<
>showboard
<= 
< 
<  a4eb06400bddd7c2
<  a  b  c  d  e  f  g  h  i  j  k  
< 1\.  .  .  .  .  .  .  .  .  .  .\1
<  2\.  B  .  .  .  B  .  .  .  .  .\2
<   3\.  .  .  .  .  .  .  .  .  .  .\3
<    4\.  B  B  B  .  .  .  .  .  .  B\4
<     5\.  .  .  .  .  .  .  .  .  .  .\5
<      6\.  .  .  B  .  W  .  B  W  .  .\6
<       7\.  .  W  B  W  .  W  W  W  .  .\7
<        8\.  W  B  B  .  .  .  .  .  .  .\8
<         9\.  .  W  W  .  .  .  .  .  B  .\9
<         10\.  .  B  W  .  .  .  .  .  W  .\10
<          11\.  .  .  .  .  .  .  .  W  .  .\11
<              a  b  c  d  e  f  g  h  i  j  k  
<
>genmove b
<= e8
<
>showboard
1bc47 info: Opponent has won; playing most blocking move.
<= 
< 
<  4dd37f18930958bf
<  a  b  c  d  e  f  g  h  i  j  k  
< 1\.  .  .  .  .  .  .  .  .  .  .\1
<  2\.  B  .  .  .  B  .  .  .  .  .\2
<   3\.  .  .  .  .  .  .  .  .  .  .\3
<    4\.  B  B  B  .  .  .  .  .  .  B\4
<     5\.  .  .  .  .  .  .  .  .  .  .\5
<      6\.  .  .  B  .  W  .  B  W  .  .\6
<       7\.  .  W  B  W  .  W  W  W  .  .\7
<        8\.  W  B  B  B  .  .  .  .  .  .\8
<         9\.  .  W  W  .  .  .  .  .  B  .\9
<         10\.  .  B  W  .  .  .  .  .  W  .\10
<          11\.  .  .  .  .  .  .  .  W  .  .\11
<              a  b  c  d  e  f  g  h  i  j  k  
<
>play w f9
<= 
<
>showboard
<= 
< 
<  45ee9b662edf2241
<  a  b  c  d  e  f  g  h  i  j  k  
< 1\.  .  .  .  .  .  .  .  .  .  .\1
<  2\.  B  .  .  .  B  .  .  .  .  .\2
<   3\.  .  .  .  .  .  .  .  .  .  .\3
<    4\.  B  B  B  .  .  .  .  .  .  B\4
<     5\.  .  .  .  .  .  .  .  .  .  .\5
<      6\.  .  .  B  .  W  .  B  W  .  .\6
<       7\.  .  W  B  W  .  W  W  W  .  .\7
<        8\.  W  B  B  B  .  .  .  .  .  .\8
<         9\.  .  W  W  .  W  .  .  .  B  .\9
<         10\.  .  B  W  .  .  .  .  .  W  .\10
<          11\.  .  .  .  .  .  .  .  W  .  .\11
<              a  b  c  d  e  f  g  h  i  j  k  
<
>genmove b
<= e10
<
>showboard
1bc47 info: Opponent has won; playing most blocking move.
<= 
< 
<  6abb626316600a89
<  a  b  c  d  e  f  g  h  i  j  k  
< 1\.  .  .  .  .  .  .  .  .  .  .\1
<  2\.  B  .  .  .  B  .  .  .  .  .\2
<   3\.  .  .  .  .  .  .  .  .  .  .\3
<    4\.  B  B  B  .  .  .  .  .  .  B\4
<     5\.  .  .  .  .  .  .  .  .  .  .\5
<      6\.  .  .  B  .  W  .  B  W  .  .\6
<       7\.  .  W  B  W  .  W  W  W  .  .\7
<        8\.  W  B  B  B  .  .  .  .  .  .\8
<         9\.  .  W  W  .  W  .  .  .  B  .\9
<         10\.  .  B  W  B  .  .  .  .  W  .\10
<          11\.  .  .  .  .  .  .  .  W  .  .\11
<              a  b  c  d  e  f  g  h  i  j  k  
<
>play w e9
<= 
<
>showboard
<= 
< 
<  696786f0800c6f65
<  a  b  c  d  e  f  g  h  i  j  k  
< 1\.  .  .  .  .  .  .  .  .  .  .\1
<  2\.  B  .  .  .  B  .  .  .  .  .\2
<   3\.  .  .  .  .  .  .  .  .  .  .\3
<    4\.  B  B  B  .  .  .  .  .  .  B\4
<     5\.  .  .  .  .  .  .  .  .  .  .\5
<      6\.  .  .  B  .  W  .  B  W  .  .\6
<       7\.  .  W  B  W  .  W  W  W  .  .\7
<        8\.  W  B  B  B  .  .  .  .  .  .\8
<         9\.  .  W  W  W  W  .  .  .  B  .\9
<         10\.  .  B  W  B  .  .  .  .  W  .\10
<          11\.  .  .  .  .  .  .  .  W  .  .\11
<              a  b  c  d  e  f  g  h  i  j  k  
<
>genmove b
<= k5
<
>showboard
1bc47 info: Opponent has won; playing most blocking move.
<= 
< 
<  60c7ee95a809db3b
<  a  b  c  d  e  f  g  h  i  j  k  
< 1\.  .  .  .  .  .  .  .  .  .  .\1
<  2\.  B  .  .  .  B  .  .  .  .  .\2
<   3\.  .  .  .  .  .  .  .  .  .  .\3
<    4\.  B  B  B  .  .  .  .  .  .  B\4
<     5\.  .  .  .  .  .  .  .  .  .  B\5
<      6\.  .  .  B  .  W  .  B  W  .  .\6
<       7\.  .  W  B  W  .  W  W  W  .  .\7
<        8\.  W  B  B  B  .  .  .  .  .  .\8
<         9\.  .  W  W  W  W  .  .  .  B  .\9
<         10\.  .  B  W  B  .  .  .  .  W  .\10
<          11\.  .  .  .  .  .  .  .  W  .  .\11
<              a  b  c  d  e  f  g  h  i  j  k  
<
>play w j7
<= 
<
>showboard
<= 
< 
<  1bfae1ea4a914a2e
<  a  b  c  d  e  f  g  h  i  j  k  
< 1\.  .  .  .  .  .  .  .  .  .  .\1
<  2\.  B  .  .  .  B  .  .  .  .  .\2
<   3\.  .  .  .  .  .  .  .  .  .  .\3
<    4\.  B  B  B  .  .  .  .  .  .  B\4
<     5\.  .  .  .  .  .  .  .  .  .  B\5
<      6\.  .  .  B  .  W  .  B  W  .  .\6
<       7\.  .  W  B  W  .  W  W  W  W  .\7
<        8\.  W  B  B  B  .  .  .  .  .  .\8
<         9\.  .  W  W  W  W  .  .  .  B  .\9
<         10\.  .  B  W  B  .  .  .  .  W  .\10
<          11\.  .  .  .  .  .  .  .  W  .  .\11
<              a  b  c  d  e  f  g  h  i  j  k  
<
>genmove b
<= b9
<
>showboard
1bc47 info: Captured cells caused win! Removing...
1bc47 info: Opponent has won; playing most blocking move.
<= 
< 
<  48e19eb14d8e5d75
<  a  b  c  d  e  f  g  h  i  j  k  
< 1\.  .  .  .  .  .  .  .  .  .  .\1
<  2\.  B  .  .  .  B  .  .  .  .  .\2
<   3\.  .  .  .  .  .  .  .  .  .  .\3
<    4\.  B  B  B  .  .  .  .  .  .  B\4
<     5\.  .  .  .  .  .  .  .  .  .  B\5
<      6\.  .  .  B  .  W  .  B  W  .  .\6
<       7\.  .  W  B  W  .  W  W  W  W  .\7
<        8\.  W  B  B  B  .  .  .  .  .  .\8
<         9\.  B  W  W  W  W  .  .  .  B  .\9
<         10\.  .  B  W  B  .  .  .  .  W  .\10
<          11\.  .  .  .  .  .  .  .  W  .  .\11
<              a  b  c  d  e  f  g  h  i  j  k  
<
>play w b10
<= 
<
>showboard
<= 
< 
<  93755cac43302daa
<  a  b  c  d  e  f  g  h  i  j  k  
< 1\.  .  .  .  .  .  .  .  .  .  .\1
<  2\.  B  .  .  .  B  .  .  .  .  .\2
<   3\.  .  .  .  .  .  .  .  .  .  .\3
<    4\.  B  B  B  .  .  .  .  .  .  B\4
<     5\.  .  .  .  .  .  .  .  .  .  B\5
<      6\.  .  .  B  .  W  .  B  W  .  .\6
<       7\.  .  W  B  W  .  W  W  W  W  .\7
<        8\.  W  B  B  B  .  .  .  .  .  .\8
<         9\.  B  W  W  W  W  .  .  .  B  .\9
<         10\.  W  B  W  B  .  .  .  .  W  .\10
<          11\.  .  .  .  .  .  .  .  W  .  .\11
<              a  b  c  d  e  f  g  h  i  j  k  
<
>genmove b
<= a10
<
>showboard
1bc47 info: Captured cells caused win! Removing...
1bc47 info: Opponent has won; playing most blocking move.
<= 
< 
<  6efe1e1ec81f14bc
<  a  b  c  d  e  f  g  h  i  j  k  
< 1\.  .  .  .  .  .  .  .  .  .  .\1
<  2\.  B  .  .  .  B  .  .  .  .  .\2
<   3\.  .  .  .  .  .  .  .  .  .  .\3
<    4\.  B  B  B  .  .  .  .  .  .  B\4
<     5\.  .  .  .  .  .  .  .  .  .  B\5
<      6\.  .  .  B  .  W  .  B  W  .  .\6
<       7\.  .  W  B  W  .  W  W  W  W  .\7
<        8\.  W  B  B  B  .  .  .  .  .  .\8
<         9\.  B  W  W  W  W  .  .  .  B  .\9
<         10\B  W  B  W  B  .  .  .  .  W  .\10
<          11\.  .  .  .  .  .  .  .  W  .  .\11
<              a  b  c  d  e  f  g  h  i  j  k  
<
>play w a11
<= 
<
>showboard
<= 
< 
<  57d8396cc8d4f176
<  a  b  c  d  e  f  g  h  i  j  k  
< 1\.  .  .  .  .  .  .  .  .  .  .\1
<  2\.  B  .  .  .  B  .  .  .  .  .\2
<   3\.  .  .  .  .  .  .  .  .  .  .\3
<    4\.  B  B  B  .  .  .  .  .  .  B\4
<     5\.  .  .  .  .  .  .  .  .  .  B\5
<      6\.  .  .  B  .  W  .  B  W  .  .\6
<       7\.  .  W  B  W  .  W  W  W  W  .\7
<        8\.  W  B  B  B  .  .  .  .  .  .\8
<         9\.  B  W  W  W  W  .  .  .  B  .\9
<         10\B  W  B  W  B  .  .  .  .  W  .\10
<          11\W  .  .  .  .  .  .  .  W  .  .\11
<              a  b  c  d  e  f  g  h  i  j  k  
<
>genmove b
<= g8
<
>showboard
1bc47 info: Captured cells caused win! Removing...
1bc47 info: Opponent has won; playing most blocking move.
<= 
< 
<  517b2bd7c9d81c10
<  a  b  c  d  e  f  g  h  i  j  k  
< 1\.  .  .  .  .  .  .  .  .  .  .\1
<  2\.  B  .  .  .  B  .  .  .  .  .\2
<   3\.  .  .  .  .  .  .  .  .  .  .\3
<    4\.  B  B  B  .  .  .  .  .  .  B\4
<     5\.  .  .  .  .  .  .  .  .  .  B\5
<      6\.  .  .  B  .  W  .  B  W  .  .\6
<       7\.  .  W  B  W  .  W  W  W  W  .\7
<        8\.  W  B  B  B  .  B  .  .  .  .\8
<         9\.  B  W  W  W  W  .  .  .  B  .\9
<         10\B  W  B  W  B  .  .  .  .  W  .\10
<          11\W  .  .  .  .  .  .  .  W  .  .\11
<              a  b  c  d  e  f  g  h  i  j  k  
<
>play w f8
<= 
<
>showboard
<= 
< 
<  13ebb1be6efde9aa
<  a  b  c  d  e  f  g  h  i  j  k  
< 1\.  .  .  .  .  .  .  .  .  .  .\1
<  2\.  B  .  .  .  B  .  .  .  .  .\2
<   3\.  .  .  .  .  .  .  .  .  .  .\3
<    4\.  B  B  B  .  .  .  .  .  .  B\4
<     5\.  .  .  .  .  .  .  .  .  .  B\5
<      6\.  .  .  B  .  W  .  B  W  .  .\6
<       7\.  .  W  B  W  .  W  W  W  W  .\7
<        8\.  W  B  B  B  W  B  .  .  .  .\8
<         9\.  B  W  W  W  W  .  .  .  B  .\9
<         10\B  W  B  W  B  .  .  .  .  W  .\10
<          11\W  .  .  .  .  .  .  .  W  .  .\11
<              a  b  c  d  e  f  g  h  i  j  k  
<
>genmove b
<= k7
<
>showboard
1bc47 info: Captured cells caused win! Removing...
1bc47 info: Opponent has won; playing most blocking move.
<= 
< 
<  0ba914b259947395
<  a  b  c  d  e  f  g  h  i  j  k  
< 1\.  .  .  .  .  .  .  .  .  .  .\1
<  2\.  B  .  .  .  B  .  .  .  .  .\2
<   3\.  .  .  .  .  .  .  .  .  .  .\3
<    4\.  B  B  B  .  .  .  .  .  .  B\4
<     5\.  .  .  .  .  .  .  .  .  .  B\5
<      6\.  .  .  B  .  W  .  B  W  .  .\6
<       7\.  .  W  B  W  .  W  W  W  W  B\7
<        8\.  W  B  B  B  W  B  .  .  .  .\8
<         9\.  B  W  W  W  W  .  .  .  B  .\9
<         10\B  W  B  W  B  .  .  .  .  W  .\10
<          11\W  .  .  .  .  .  .  .  W  .  .\11
<              a  b  c  d  e  f  g  h  i  j  k  
<
>play w k6
<= 
<
>showboard
<= 
< 
<  e5ff2d0334113dcd
<  a  b  c  d  e  f  g  h  i  j  k  
< 1\.  .  .  .  .  .  .  .  .  .  .\1
<  2\.  B  .  .  .  B  .  .  .  .  .\2
<   3\.  .  .  .  .  .  .  .  .  .  .\3
<    4\.  B  B  B  .  .  .  .  .  .  B\4
<     5\.  .  .  .  .  .  .  .  .  .  B\5
<      6\.  .  .  B  .  W  .  B  W  .  W\6
<       7\.  .  W  B  W  .  W  W  W  W  B\7
<        8\.  W  B  B  B  W  B  .  .  .  .\8
<         9\.  B  W  W  W  W  .  .  .  B  .\9
<         10\B  W  B  W  B  .  .  .  .  W  .\10
<          11\W  .  .  .  .  .  .  .  W  .  .\11
<              a  b  c  d  e  f  g  h  i  j  k  
<
>genmove b
<= resign
<
>showboard
<= 
< 
<  e5ff2d0334113dcd
<  a  b  c  d  e  f  g  h  i  j  k  
< 1\.  .  .  .  .  .  .  .  .  .  .\1
<  2\.  B  .  .  .  B  .  .  .  .  .\2
<   3\.  .  .  .  .  .  .  .  .  .  .\3
<    4\.  B  B  B  .  .  .  .  .  .  B\4
<     5\.  .  .  .  .  .  .  .  .  .  B\5
<      6\.  .  .  B  .  W  .  B  W  .  W\6
<       7\.  .  W  B  W  .  W  W  W  W  B\7
<        8\.  W  B  B  B  W  B  .  .  .  .\8
<         9\.  B  W  W  W  W  .  .  .  B  .\9
<         10\B  W  B  W  B  .  .  .  .  W  .\10
<          11\W  .  .  .  .  .  .  .  W  .  .\11
<              a  b  c  d  e  f  g  h  i  j  k  
<
>final_score
<= W+
<
>quit
<= 
<
