2b5b7 config: MoHex v2.0.CMake Mar 21 2025.
2b5b7 config: ============ InitializeSystem ============
2b5b7 config: BenzeneProgram::InitRandom()
2b5b7 config: Seed = 976816
2b5b7 info: Prior Patterns:
2b5b7 info: Global:
2b5b7 info: Size            = 565 32648 
2b5b7 info: TableEntries    = 65932 65910
2b5b7 info: MirrorsAdded    = 0 0
2b5b7 info: PrunableCount   = 30593 30629
2b5b7 info: LargestGamma    = 5820.77
2b5b7 info: SmallestGamma   = 6.6e-05
2b5b7 info: Local:
2b5b7 info: Size            = 550 5318 
2b5b7 info: TableEntries    = 11602 11588
2b5b7 info: MirrorsAdded    = 0 0
2b5b7 info: PrunableCount   = 3659 3667
2b5b7 info: LargestGamma    = 11281.8
2b5b7 info: SmallestGamma   = 0.026235
2b5b7 info: Playout Patterns:
2b5b7 info: Global:
2b5b7 info: Size            = 565 32648 
2b5b7 info: TableEntries    = 70329 70329
2b5b7 info: MirrorsAdded    = 4397 4419
2b5b7 info: PrunableCount   = 30593 30629
2b5b7 info: LargestGamma    = 5820.77
2b5b7 info: SmallestGamma   = 6.6e-05
2b5b7 info: Local:
2b5b7 info: Size            = 550 5318 
2b5b7 info: TableEntries    = 11602 11588
2b5b7 info: MirrorsAdded    = 0 0
2b5b7 info: PrunableCount   = 3659 3667
2b5b7 info: LargestGamma    = 11281.8
2b5b7 info: SmallestGamma   = 0.026235
2b5b7 config: IcePatternSet: reading from '/home/linus/MoHex2.0/nfbranchfix/benzene-vanilla-cmake/share/ice-patterns.txt'.
2b5b7 config: IcePatternSet: parsed 708 patterns.
2b5b7 config: VCS: reading captured set patterns from '/home/linus/MoHex2.0/nfbranchfix/benzene-vanilla-cmake/share/vc-captured-set.txt'.
2b5b7 config: VCS:: parsed 2 patterns.
2b5b7 config: VCS: reading captured set patterns from '/home/linus/MoHex2.0/nfbranchfix/benzene-vanilla-cmake/share/vc-captured-set.txt'.
2b5b7 config: VCS:: parsed 2 patterns.
2b5b7 config: IcePatternSet: reading from '/home/linus/MoHex2.0/nfbranchfix/benzene-vanilla-cmake/share/ice-patterns.txt'.
2b5b7 config: IcePatternSet: parsed 708 patterns.
2b5b7 config: VCS: reading captured set patterns from '/home/linus/MoHex2.0/nfbranchfix/benzene-vanilla-cmake/share/vc-captured-set.txt'.
2b5b7 config: VCS:: parsed 2 patterns.
2b5b7 config: VCS: reading captured set patterns from '/home/linus/MoHex2.0/nfbranchfix/benzene-vanilla-cmake/share/vc-captured-set.txt'.
2b5b7 config: VCS:: parsed 2 patterns.
2b5b7 config: VCS: reading captured set patterns from '/home/linus/MoHex2.0/nfbranchfix/benzene-vanilla-cmake/share/vc-captured-set.txt'.
2b5b7 config: VCS:: parsed 2 patterns.
2b5b7 config: VCS: reading captured set patterns from '/home/linus/MoHex2.0/nfbranchfix/benzene-vanilla-cmake/share/vc-captured-set.txt'.
2b5b7 config: VCS:: parsed 2 patterns.
2b5b7 config: VCS: reading captured set patterns from '/home/linus/MoHex2.0/nfbranchfix/benzene-vanilla-cmake/share/vc-captured-set.txt'.
2b5b7 config: VCS:: parsed 2 patterns.
2b5b7 config: VCS: reading captured set patterns from '/home/linus/MoHex2.0/nfbranchfix/benzene-vanilla-cmake/share/vc-captured-set.txt'.
2b5b7 config: VCS:: parsed 2 patterns.
2b5b7 config: VCPattern: loading pattern templates from '/home/linus/MoHex2.0/nfbranchfix/benzene-vanilla-cmake/share/vc-patterns.txt'.
2b5b7 info: Best move cannot be determined, must search state.
2b5b7 info: --- MoHexPlayer::Search() ---
2b5b7 info: Color: white
2b5b7 info: MaxGames: 1
2b5b7 info: NumberThreads: 1
2b5b7 info: MaxNodes: 181818181 (15999999928 bytes)
2b5b7 info: TimeForMove: 1
2b5b7 info: PreSearch: max time reached (53/90).
2b5b7 info: Time for PreSearch: 0.200595s
2b5b7 info: 
  c7e03afebef71ebb
  a  b  c  d  e  f  g  h  i  j  k  
 1\.  .  .  *  *  *  *  *  *  *  .\1
  2\.  .  *  *  *  *  *  *  *  *  .\2
   3\.  *  *  *  *  *  *  *  *  *  .\3
    4\.  *  *  *  *  *  *  *  .  *  .\4
     5\.  *  *  *  *  *  *  *  *  *  .\5
      6\.  *  *  *  *  *  *  *  *  *  .\6
       7\.  *  *  *  *  *  *  *  *  *  .\7
        8\.  *  .  *  *  *  *  *  *  *  .\8
         9\.  *  *  B  *  *  *  *  *  *  .\9
         10\.  *  *  *  *  *  *  *  *  .  .\10
          11\.  *  *  *  *  *  *  *  .  .  .\11
              a  b  c  d  e  f  g  h  i  j  k  
2b5b7 info: No subtree to reuse.
2b5b7 info: Creating thread 0
2b5b7 info: StartSearch()[0]
2b5b7 config: VCS: reading captured set patterns from '/home/linus/MoHex2.0/nfbranchfix/benzene-vanilla-cmake/share/vc-captured-set.txt'.
2b5b7 config: VCS:: parsed 2 patterns.
2b5b7 config: VCS: reading captured set patterns from '/home/linus/MoHex2.0/nfbranchfix/benzene-vanilla-cmake/share/vc-captured-set.txt'.
2b5b7 config: VCS:: parsed 2 patterns.
2b5b7 info: 
Elapsed Time   0.533893s
Count          1
GamesPlayed    1
Nodes          1
Knowledge      0 (0.0%)
Expansions     0.0
Time           0.00
GameLen        120.0 dev=0.0 min=120.0 max=120.0
InTree         0.0 dev=0.0 min=0.0 max=0.0
KnowDepth      -
Aborted        0%
Games/s        420.5
Score          1.00
Sequence      
2b5b7 info: 
2b5b7 warning: **** MoHexSearch returned empty sequence!
2b5b7 warning: **** Returning random move!
2b5b7 info: Best move cannot be determined, must search state.
2b5b7 info: --- MoHexPlayer::Search() ---
2b5b7 info: Color: white
2b5b7 info: MaxGames: 1
2b5b7 info: NumberThreads: 1
2b5b7 info: MaxNodes: 181818181 (15999999928 bytes)
2b5b7 info: TimeForMove: 1
2b5b7 info: PreSearch: max time reached (27/91).
2b5b7 info: Time for PreSearch: 3.03852s
2b5b7 info: 
  d17f301beb389efe
  a  b  c  d  e  f  g  h  i  j  k  
 1\.  .  .  *  *  *  *  *  *  *  .\1
  2\.  .  *  *  *  *  *  *  *  *  .\2
   3\.  *  *  *  *  *  *  *  *  *  .\3
    4\.  *  *  *  *  *  *  *  *  *  .\4
     5\.  *  *  *  *  *  *  *  *  *  .\5
      6\.  *  *  *  *  *  *  *  *  *  W\6
       7\.  *  *  *  *  *  *  *  *  B  .\7
        8\.  *  *  *  *  *  *  *  *  *  .\8
         9\.  *  *  B  *  *  *  *  *  *  .\9
         10\.  *  *  *  *  *  *  *  *  .  .\10
          11\.  *  *  *  *  *  *  *  .  .  .\11
              a  b  c  d  e  f  g  h  i  j  k  
2b5b7 info: Old: [black, d9] [white, swap-pieces] 
2b5b7 info: New: [black, d9] [white, swap-pieces] [white, k6] [black, j7] 
2b5b7 info: ReuseSubtree: Colors do not alternate.
2b5b7 info: No subtree to reuse.
2b5b7 info: StartSearch()[0]
2b5b7 info: 
Elapsed Time   3.18141s
Count          1
GamesPlayed    1
Nodes          1
Knowledge      0 (0.0%)
Expansions     0.0
Time           0.00
GameLen        118.0 dev=0.0 min=118.0 max=118.0
InTree         0.0 dev=0.0 min=0.0 max=0.0
KnowDepth      -
Aborted        0%
Games/s        3558.7
Score          1.00
Sequence      
2b5b7 info: 
2b5b7 warning: **** MoHexSearch returned empty sequence!
2b5b7 warning: **** Returning random move!
2b5b7 info: Best move cannot be determined, must search state.
2b5b7 info: --- MoHexPlayer::Search() ---
2b5b7 info: Color: white
2b5b7 info: MaxGames: 1
2b5b7 info: NumberThreads: 1
2b5b7 info: MaxNodes: 181818181 (15999999928 bytes)
2b5b7 info: TimeForMove: 1
2b5b7 info: PreSearch: max time reached (50/86).
2b5b7 info: Time for PreSearch: 0.203135s
2b5b7 info: 
  9b2f0b926be95a2f
  a  b  c  d  e  f  g  h  i  j  k  
 1\.  .  .  *  *  *  *  *  *  *  .\1
  2\.  .  *  *  *  *  *  *  *  *  .\2
   3\.  *  *  *  *  *  *  *  *  *  .\3
    4\.  *  *  *  *  *  *  *  *  *  .\4
     5\.  *  *  *  *  *  *  *  *  *  .\5
      6\.  *  *  *  *  *  *  *  *  *  W\6
       7\.  *  *  *  *  *  *  *  *  B  .\7
        8\.  *  *  *  *  *  *  *  *  *  .\8
         9\.  *  W  B  *  *  *  *  *  *  .\9
         10\.  .  *  *  *  *  *  *  *  .  .\10
          11\.  *  *  .  B  .  *  *  .  .  .\11
              a  b  c  d  e  f  g  h  i  j  k  
2b5b7 info: Old: [black, d9] [white, swap-pieces] [white, k6] [black, j7] 
2b5b7 info: New: [black, d9] [white, swap-pieces] [white, k6] [black, j7] [white, c9] [black, e11] 
2b5b7 info: MovesPlayed: [white, c9] [black, e11] 
2b5b7 info: No subtree to reuse.
2b5b7 info: StartSearch()[0]
2b5b7 info: 
Elapsed Time   0.350294s
Count          1
GamesPlayed    1
Nodes          1
Knowledge      0 (0.0%)
Expansions     0.0
Time           0.00
GameLen        116.0 dev=0.0 min=116.0 max=116.0
InTree         0.0 dev=0.0 min=0.0 max=0.0
KnowDepth      -
Aborted        0%
Games/s        3663.0
Score          0.00
Sequence      
2b5b7 info: 
2b5b7 warning: **** MoHexSearch returned empty sequence!
2b5b7 warning: **** Returning random move!
2b5b7 info: Best move cannot be determined, must search state.
2b5b7 info: --- MoHexPlayer::Search() ---
2b5b7 info: Color: white
2b5b7 info: MaxGames: 1
2b5b7 info: NumberThreads: 1
2b5b7 info: MaxNodes: 181818181 (15999999928 bytes)
2b5b7 info: TimeForMove: 1
2b5b7 info: PreSearch: max time reached (55/85).
2b5b7 info: Time for PreSearch: 0.202632s
2b5b7 info: 
  9142b3dc7d87552a
  a  b  c  d  e  f  g  h  i  j  k  
 1\.  .  .  *  *  *  *  *  *  *  .\1
  2\.  .  *  *  *  *  *  *  *  *  .\2
   3\.  *  *  *  *  *  *  *  *  *  .\3
    4\.  *  *  *  *  *  *  *  *  *  .\4
     5\.  *  *  *  *  *  *  *  *  *  .\5
      6\.  *  *  *  *  *  *  *  *  *  W\6
       7\.  *  *  *  *  *  *  *  *  B  .\7
        8\.  *  *  *  *  *  *  *  *  *  .\8
         9\.  *  W  B  W  *  *  *  *  *  .\9
         10\.  *  *  *  *  *  *  *  *  .  .\10
          11\B  .  *  .  B  .  *  *  .  .  .\11
              a  b  c  d  e  f  g  h  i  j  k  
2b5b7 info: Old: [black, d9] [white, swap-pieces] [white, k6] [black, j7] [white, c9] [black, e11] 
2b5b7 info: New: [black, d9] [white, swap-pieces] [white, k6] [black, j7] [white, c9] [black, e11] [white, e9] [black, a11] 
2b5b7 info: MovesPlayed: [white, e9] [black, a11] 
2b5b7 info: No subtree to reuse.
2b5b7 info: StartSearch()[0]
2b5b7 info: 
Elapsed Time   0.344183s
Count          1
GamesPlayed    1
Nodes          1
Knowledge      0 (0.0%)
Expansions     0.0
Time           0.00
GameLen        114.0 dev=0.0 min=114.0 max=114.0
InTree         0.0 dev=0.0 min=0.0 max=0.0
KnowDepth      -
Aborted        0%
Games/s        3597.1
Score          1.00
Sequence      
2b5b7 info: 
2b5b7 warning: **** MoHexSearch returned empty sequence!
2b5b7 warning: **** Returning random move!
2b5b7 info: Best move cannot be determined, must search state.
2b5b7 info: --- MoHexPlayer::Search() ---
2b5b7 info: Color: white
2b5b7 info: MaxGames: 1
2b5b7 info: NumberThreads: 1
2b5b7 info: MaxNodes: 181818181 (15999999928 bytes)
2b5b7 info: TimeForMove: 1
2b5b7 info: PreSearch: max time reached (67/84).
2b5b7 info: Time for PreSearch: 0.202874s
2b5b7 info: 
  602f331152666428
  a  b  c  d  e  f  g  h  i  j  k  
 1\.  .  .  *  *  *  *  *  *  *  .\1
  2\.  .  *  *  *  *  *  *  *  *  .\2
   3\.  *  *  *  *  *  *  *  *  *  .\3
    4\.  *  *  *  *  *  *  *  *  *  .\4
     5\.  *  *  *  *  *  *  *  *  *  .\5
      6\B  *  *  *  *  *  *  *  *  *  W\6
       7\.  *  *  *  *  *  *  *  *  B  .\7
        8\.  *  *  *  W  *  *  *  *  *  .\8
         9\.  *  W  B  W  *  *  *  *  *  .\9
         10\.  *  .  .  *  *  *  *  *  .  .\10
          11\B  .  .  .  B  .  *  *  .  .  .\11
              a  b  c  d  e  f  g  h  i  j  k  
2b5b7 info: Old: [black, d9] [white, swap-pieces] [white, k6] [black, j7] [white, c9] [black, e11] [white, e9] [black, a11] 
2b5b7 info: New: [black, d9] [white, swap-pieces] [white, k6] [black, j7] [white, c9] [black, e11] [white, e9] [black, a11] [white, e8] [black, a6] 
2b5b7 info: MovesPlayed: [white, e8] [black, a6] 
2b5b7 info: No subtree to reuse.
2b5b7 info: StartSearch()[0]
2b5b7 info: 
Elapsed Time   0.344257s
Count          1
GamesPlayed    1
Nodes          1
Knowledge      0 (0.0%)
Expansions     0.0
Time           0.00
GameLen        112.0 dev=0.0 min=112.0 max=112.0
InTree         0.0 dev=0.0 min=0.0 max=0.0
KnowDepth      -
Aborted        0%
Games/s        3521.1
Score          0.00
Sequence      
2b5b7 info: 
2b5b7 warning: **** MoHexSearch returned empty sequence!
2b5b7 warning: **** Returning random move!
2b5b7 info: Best move cannot be determined, must search state.
2b5b7 info: --- MoHexPlayer::Search() ---
2b5b7 info: Color: white
2b5b7 info: MaxGames: 1
2b5b7 info: NumberThreads: 1
2b5b7 info: MaxNodes: 181818181 (15999999928 bytes)
2b5b7 info: TimeForMove: 1
2b5b7 info: PreSearch: max time reached (62/80).
2b5b7 info: Time for PreSearch: 0.201996s
2b5b7 info: 
  58e84deebfdbaa68
  a  b  c  d  e  f  g  h  i  j  k  
 1\.  .  .  *  *  *  *  *  *  *  .\1
  2\.  .  *  *  *  *  *  *  *  *  .\2
   3\.  *  *  *  *  *  *  *  *  *  .\3
    4\.  *  *  *  *  *  *  *  *  *  .\4
     5\.  *  *  *  *  *  *  *  *  *  .\5
      6\B  *  *  *  *  *  *  *  *  *  W\6
       7\.  *  *  *  *  *  *  *  *  B  .\7
        8\.  .  *  *  W  *  *  *  *  *  .\8
         9\.  .  W  B  W  *  *  B  *  *  .\9
         10\.  W  .  .  *  *  *  *  *  .  .\10
          11\B  .  *  .  B  .  *  *  .  .  .\11
              a  b  c  d  e  f  g  h  i  j  k  
2b5b7 info: Old: [black, d9] [white, swap-pieces] [white, k6] [black, j7] [white, c9] [black, e11] [white, e9] [black, a11] [white, e8] [black, a6] 
2b5b7 info: New: [black, d9] [white, swap-pieces] [white, k6] [black, j7] [white, c9] [black, e11] [white, e9] [black, a11] [white, e8] [black, a6] [white, b10] [black, h9] 
2b5b7 info: MovesPlayed: [white, b10] [black, h9] 
2b5b7 info: No subtree to reuse.
2b5b7 info: StartSearch()[0]
2b5b7 info: 
Elapsed Time   0.342036s
Count          1
GamesPlayed    1
Nodes          1
Knowledge      0 (0.0%)
Expansions     0.0
Time           0.00
GameLen        110.0 dev=0.0 min=110.0 max=110.0
InTree         0.0 dev=0.0 min=0.0 max=0.0
KnowDepth      -
Aborted        0%
Games/s        3717.5
Score          1.00
Sequence      
2b5b7 info: 
2b5b7 warning: **** MoHexSearch returned empty sequence!
2b5b7 warning: **** Returning random move!
2b5b7 info: Best move cannot be determined, must search state.
2b5b7 info: --- MoHexPlayer::Search() ---
2b5b7 info: Color: white
2b5b7 info: MaxGames: 1
2b5b7 info: NumberThreads: 1
2b5b7 info: MaxNodes: 181818181 (15999999928 bytes)
2b5b7 info: TimeForMove: 1
2b5b7 info: PreSearch: max time reached (48/78).
2b5b7 info: Time for PreSearch: 0.200632s
2b5b7 info: 
  d573e5b4a4c6d31e
  a  b  c  d  e  f  g  h  i  j  k  
 1\.  .  .  *  *  *  *  *  *  *  .\1
  2\.  .  *  *  *  *  *  *  *  *  .\2
   3\.  *  *  *  B  *  *  *  *  *  .\3
    4\.  *  *  W  *  *  *  *  *  *  .\4
     5\.  *  *  *  *  *  *  *  *  *  .\5
      6\B  *  *  *  *  *  *  *  *  *  W\6
       7\.  *  *  *  *  *  *  *  *  B  .\7
        8\.  .  *  *  W  *  *  *  *  *  .\8
         9\.  .  W  B  W  *  *  B  *  *  .\9
         10\.  W  .  .  *  *  *  *  *  .  .\10
          11\B  .  *  .  B  .  *  *  .  .  .\11
              a  b  c  d  e  f  g  h  i  j  k  
2b5b7 info: Old: [black, d9] [white, swap-pieces] [white, k6] [black, j7] [white, c9] [black, e11] [white, e9] [black, a11] [white, e8] [black, a6] [white, b10] [black, h9] 
2b5b7 info: New: [black, d9] [white, swap-pieces] [white, k6] [black, j7] [white, c9] [black, e11] [white, e9] [black, a11] [white, e8] [black, a6] [white, b10] [black, h9] [white, d4] [black, e3] 
2b5b7 info: MovesPlayed: [white, d4] [black, e3] 
2b5b7 info: No subtree to reuse.
2b5b7 info: StartSearch()[0]
2b5b7 info: 
Elapsed Time   0.483105s
Count          1
GamesPlayed    1
Nodes          1
Knowledge      0 (0.0%)
Expansions     0.0
Time           0.00
GameLen        108.0 dev=0.0 min=108.0 max=108.0
InTree         0.0 dev=0.0 min=0.0 max=0.0
KnowDepth      -
Aborted        0%
Games/s        2645.5
Score          1.00
Sequence      
2b5b7 info: 
2b5b7 warning: **** MoHexSearch returned empty sequence!
2b5b7 warning: **** Returning random move!
2b5b7 info: Best move cannot be determined, must search state.
2b5b7 info: --- MoHexPlayer::Search() ---
2b5b7 info: Color: white
2b5b7 info: MaxGames: 1
2b5b7 info: NumberThreads: 1
2b5b7 info: MaxNodes: 181818181 (15999999928 bytes)
2b5b7 info: TimeForMove: 1
2b5b7 info: PreSearch: max time reached (56/77).
2b5b7 info: Time for PreSearch: 0.201975s
2b5b7 info: 
  2555c561b417dac3
  a  b  c  d  e  f  g  h  i  j  k  
 1\.  .  .  *  *  *  *  *  *  *  .\1
  2\.  .  *  *  *  *  *  *  *  *  .\2
   3\.  *  *  *  B  *  *  *  *  *  .\3
    4\.  *  *  W  *  *  B  *  *  *  .\4
     5\W  *  *  *  *  *  *  *  *  *  .\5
      6\B  *  *  *  *  *  *  *  *  *  W\6
       7\.  *  *  *  *  *  *  *  *  B  .\7
        8\.  .  *  *  W  *  *  *  *  *  .\8
         9\.  .  W  B  W  *  *  B  *  *  .\9
         10\.  W  .  .  *  *  *  *  *  .  .\10
          11\B  .  *  .  B  .  *  *  .  .  .\11
              a  b  c  d  e  f  g  h  i  j  k  
2b5b7 info: Old: [black, d9] [white, swap-pieces] [white, k6] [black, j7] [white, c9] [black, e11] [white, e9] [black, a11] [white, e8] [black, a6] [white, b10] [black, h9] [white, d4] [black, e3] 
2b5b7 info: New: [black, d9] [white, swap-pieces] [white, k6] [black, j7] [white, c9] [black, e11] [white, e9] [black, a11] [white, e8] [black, a6] [white, b10] [black, h9] [white, d4] [black, e3] [white, a5] [black, g4] 
2b5b7 info: MovesPlayed: [white, a5] [black, g4] 
2b5b7 info: No subtree to reuse.
2b5b7 info: StartSearch()[0]
2b5b7 info: 
Elapsed Time   0.344031s
Count          1
GamesPlayed    1
Nodes          1
Knowledge      0 (0.0%)
Expansions     0.0
Time           0.00
GameLen        106.0 dev=0.0 min=106.0 max=106.0
InTree         0.0 dev=0.0 min=0.0 max=0.0
KnowDepth      -
Aborted        0%
Games/s        3333.3
Score          0.00
Sequence      
2b5b7 info: 
2b5b7 warning: **** MoHexSearch returned empty sequence!
2b5b7 warning: **** Returning random move!
2b5b7 info: Best move cannot be determined, must search state.
2b5b7 info: --- MoHexPlayer::Search() ---
2b5b7 info: Color: white
2b5b7 info: MaxGames: 1
2b5b7 info: NumberThreads: 1
2b5b7 info: MaxNodes: 181818181 (15999999928 bytes)
2b5b7 info: TimeForMove: 1
2b5b7 info: Time for PreSearch: 0.115562s
2b5b7 info: 
  80caccd5056045af
  a  b  c  d  e  f  g  h  i  j  k  
 1\.  .  .  *  *  *  *  *  *  *  .\1
  2\.  .  .  *  *  *  *  *  *  *  .\2
   3\.  .  .  *  B  *  *  *  *  .  W\3
    4\.  .  .  W  .  *  B  *  *  .  w\4
     5\W  .  .  .  .  .  *  *  B  .  w\5
      6\B  .  .  .  .  .  .  .  .  .  W\6
       7\.  .  .  .  .  .  .  .  .  B  .\7
        8\.  .  .  .  W  .  .  .  *  *  .\8
         9\.  .  W  B  W  .  .  B  *  .  .\9
         10\.  W  .  .  .  *  *  *  *  .  .\10
          11\B  .  .  .  B  .  *  *  .  .  .\11
              a  b  c  d  e  f  g  h  i  j  k  
2b5b7 info: Old: [black, d9] [white, swap-pieces] [white, k6] [black, j7] [white, c9] [black, e11] [white, e9] [black, a11] [white, e8] [black, a6] [white, b10] [black, h9] [white, d4] [black, e3] [white, a5] [black, g4] 
2b5b7 info: New: [black, d9] [white, swap-pieces] [white, k6] [black, j7] [white, c9] [black, e11] [white, e9] [black, a11] [white, e8] [black, a6] [white, b10] [black, h9] [white, d4] [black, e3] [white, a5] [black, g4] [white, k3] [black, i5] 
2b5b7 info: MovesPlayed: [white, k3] [black, i5] 
2b5b7 info: No subtree to reuse.
2b5b7 info: StartSearch()[0]
2b5b7 info: 
Elapsed Time   0.257823s
Count          1
GamesPlayed    1
Nodes          1
Knowledge      0 (0.0%)
Expansions     0.0
Time           0.00
GameLen        102.0 dev=0.0 min=102.0 max=102.0
InTree         0.0 dev=0.0 min=0.0 max=0.0
KnowDepth      -
Aborted        0%
Games/s        3546.1
Score          1.00
Sequence      
2b5b7 info: 
2b5b7 warning: **** MoHexSearch returned empty sequence!
2b5b7 warning: **** Returning random move!
2b5b7 info: Opponent has won; playing most blocking move.
2b5b7 info: Opponent has won; playing most blocking move.
2b5b7 info: Opponent has won; playing most blocking move.
2b5b7 info: Opponent has won; playing most blocking move.
2b5b7 info: Opponent has won; playing most blocking move.
2b5b7 info: Opponent has won; playing most blocking move.
2b5b7 info: Captured cells caused win! Removing...
2b5b7 info: Opponent has won; playing most blocking move.
2b5b7 info: Captured cells caused win! Removing...
2b5b7 info: Opponent has won; playing most blocking move.
2b5b7 info: Captured cells caused win! Removing...
2b5b7 info: Opponent has won; playing most blocking move.
2b5b7 config: ============ BenzeneShutdown =============
2b5b7 config: MoHexProgram:: ShutdownSystem()
2b5b7 config: CommonProgram:: ShutdownSystem()
2b5b7 config: BenzeneProgram:: ShutdownSystem()
Flushing and closing this stream...
