# nice ../build/src/mohex/mohex --config mohex-cg2010.htp --seed 119206 --logfile-name jobs/11x11-mohex-mohex-cg2010-vs-mohex-mohex-weak-2/mohex-mohex-cg2010-63.log
>boardsize 11 11
MoHex 2.0.CMake Mar 21 2025
Copyright (C) 2007-2012 by the authors of the Benzene project.
This program comes with ABSOLUTELY NO WARRANTY. This is
free software and you are welcome to redistribute it under
certain conditions. Type `benzene-license' for details.

SgRandom::SetSeed: 119206
SgUctSearch: system memory 33632358400, using 1000000000 (5681818 nodes)
SgRandom::SetSeed: 1
SgRandom::SetSeed: 119206
8e907 info: Prior Patterns:
8e907 info: Global:
8e907 info: Size            = 565 32648 
8e907 info: TableEntries    = 65932 65910
8e907 info: MirrorsAdded    = 0 0
8e907 info: PrunableCount   = 30593 30629
8e907 info: LargestGamma    = 5820.77
8e907 info: SmallestGamma   = 6.6e-05
8e907 info: Local:
8e907 info: Size            = 550 5318 
8e907 info: TableEntries    = 11602 11588
8e907 info: MirrorsAdded    = 0 0
8e907 info: PrunableCount   = 3659 3667
8e907 info: LargestGamma    = 11281.8
8e907 info: SmallestGamma   = 0.026235
8e907 info: Playout Patterns:
8e907 info: Global:
8e907 info: Size            = 565 32648 
8e907 info: TableEntries    = 70329 70329
8e907 info: MirrorsAdded    = 4397 4419
8e907 info: PrunableCount   = 30593 30629
8e907 info: LargestGamma    = 5820.77
8e907 info: SmallestGamma   = 6.6e-05
8e907 info: Local:
8e907 info: Size            = 550 5318 
8e907 info: TableEntries    = 11602 11588
8e907 info: MirrorsAdded    = 0 0
8e907 info: PrunableCount   = 3659 3667
8e907 info: LargestGamma    = 11281.8
8e907 info: SmallestGamma   = 0.026235
param_game allow_swap 1
= 

param_mohex max_memory 32000000000
= 

param_mohex num_threads 1
= 

param_mohex max_time 1
= 

param_mohex max_games 1
= 

param_mohex knowledge_threshold 400
= 

param_mohex reuse_subtree 1
= 

param_mohex use_parallel_solver 0
= 

<= 
<
>name
<= MoHex
<
>version
<= 2.0.CMake
<
>play b c10
<= 
<
>genmove w
<= swap-pieces
<
>showboard
8e907 info: SwapCheck: reading from '/home/linus/MoHex2.0/nfbranchfix/benzene-vanilla-cmake/share/swap-moves.txt'.
8e907 info: SwapCheck: playing swap.
<= 
< 
<  7feb97e1fe99c49f
<  a  b  c  d  e  f  g  h  i  j  k  
< 1\.  .  .  .  .  .  .  .  .  .  .\1
<  2\.  .  .  .  .  .  .  .  .  .  .\2
<   3\.  .  .  .  .  .  .  .  .  .  .\3
<    4\.  .  .  .  .  .  .  .  .  .  .\4
<     5\.  .  .  .  .  .  .  .  .  .  .\5
<      6\.  .  .  .  .  .  .  .  .  .  .\6
<       7\.  .  .  .  .  .  .  .  .  .  .\7
<        8\.  .  .  .  .  .  .  .  .  .  .\8
<         9\.  .  .  .  .  .  .  .  .  .  .\9
<         10\.  .  B  .  .  .  .  .  .  .  .\10
<          11\.  .  .  .  .  .  .  .  .  .  .\11
<              a  b  c  d  e  f  g  h  i  j  k  
<
>play w f4
<= 
<
>showboard
<= 
< 
<  73d88ea7c45ae83c
<  a  b  c  d  e  f  g  h  i  j  k  
< 1\.  .  .  .  .  .  .  .  .  .  .\1
<  2\.  .  .  .  .  .  .  .  .  .  .\2
<   3\.  .  .  .  .  .  .  .  .  .  .\3
<    4\.  .  .  .  .  W  .  .  .  .  .\4
<     5\.  .  .  .  .  .  .  .  .  .  .\5
<      6\.  .  .  .  .  .  .  .  .  .  .\6
<       7\.  .  .  .  .  .  .  .  .  .  .\7
<        8\.  .  .  .  .  .  .  .  .  .  .\8
<         9\.  .  .  .  .  .  .  .  .  .  .\9
<         10\.  .  B  .  .  .  .  .  .  .  .\10
<          11\.  .  .  .  .  .  .  .  .  .  .\11
<              a  b  c  d  e  f  g  h  i  j  k  
<
>genmove b
<= k9
<
>showboard
8e907 info: Best move cannot be determined, must search state.
8e907 info: --- MoHexPlayer::Search() ---
8e907 info: Color: black
8e907 info: MaxGames: 1
8e907 info: NumberThreads: 1
8e907 info: MaxNodes: 181818181 (15999999928 bytes)
8e907 info: TimeForMove: 1
8e907 info: PreSearch: max time reached (60/89).
8e907 info: Time for PreSearch: 0.200153s
8e907 info: 
  73d88ea7c45ae83c
  a  b  c  d  e  f  g  h  i  j  k  
 1\.  .  .  .  .  .  .  .  .  .  .\1
  2\.  .  *  *  *  *  *  *  *  *  *\2
   3\.  *  *  *  *  *  *  *  *  *  *\3
    4\*  *  *  *  *  W  *  *  *  *  *\4
     5\*  *  *  *  *  *  *  *  *  *  *\5
      6\*  *  *  *  *  *  *  *  *  *  *\6
       7\*  *  *  *  *  *  *  *  *  *  *\7
        8\*  *  *  *  *  *  *  *  *  *  *\8
         9\*  *  *  *  *  *  *  *  *  *  .\9
         10\*  .  B  .  *  *  *  *  *  .  .\10
          11\.  b  b  b  .  .  .  .  .  .  .\11
              a  b  c  d  e  f  g  h  i  j  k  
8e907 info: No subtree to reuse.
8e907 info: Creating thread 0
8e907 info: StartSearch()[0]
SgUctSearch: max games reached
8e907 info: 
Elapsed Time   0.346114s
Count          1
GamesPlayed    1
Nodes          1
Knowledge      0 (0.0%)
Expansions     0.0
Time           0.00
GameLen        116.0 dev=0.0 min=116.0 max=116.0
InTree         0.0 dev=0.0 min=0.0 max=0.0
KnowDepth      -
Aborted        0%
Games/s        378.4
Score          0.00
Sequence      
8e907 info: 
8e907 warning: **** MoHexSearch returned empty sequence!
8e907 warning: **** Returning random move!
<= 
< 
<  c601428557c8777b
<  a  b  c  d  e  f  g  h  i  j  k  
< 1\.  .  .  .  .  .  .  .  .  .  .\1
<  2\.  .  .  .  .  .  .  .  .  .  .\2
<   3\.  .  .  .  .  .  .  .  .  .  .\3
<    4\.  .  .  .  .  W  .  .  .  .  .\4
<     5\.  .  .  .  .  .  .  .  .  .  .\5
<      6\.  .  .  .  .  .  .  .  .  .  .\6
<       7\.  .  .  .  .  .  .  .  .  .  .\7
<        8\.  .  .  .  .  .  .  .  .  .  .\8
<         9\.  .  .  .  .  .  .  .  .  .  B\9
<         10\.  .  B  .  .  .  .  .  .  .  .\10
<          11\.  .  .  .  .  .  .  .  .  .  .\11
<              a  b  c  d  e  f  g  h  i  j  k  
<
>play w j10
<= 
<
>showboard
<= 
< 
<  e52ec297a2bd453c
<  a  b  c  d  e  f  g  h  i  j  k  
< 1\.  .  .  .  .  .  .  .  .  .  .\1
<  2\.  .  .  .  .  .  .  .  .  .  .\2
<   3\.  .  .  .  .  .  .  .  .  .  .\3
<    4\.  .  .  .  .  W  .  .  .  .  .\4
<     5\.  .  .  .  .  .  .  .  .  .  .\5
<      6\.  .  .  .  .  .  .  .  .  .  .\6
<       7\.  .  .  .  .  .  .  .  .  .  .\7
<        8\.  .  .  .  .  .  .  .  .  .  .\8
<         9\.  .  .  .  .  .  .  .  .  .  B\9
<         10\.  .  B  .  .  .  .  .  .  W  .\10
<          11\.  .  .  .  .  .  .  .  .  .  .\11
<              a  b  c  d  e  f  g  h  i  j  k  
<
>genmove b
<= b7
<
>showboard
8e907 info: Best move cannot be determined, must search state.
8e907 info: --- MoHexPlayer::Search() ---
8e907 info: Color: black
8e907 info: MaxGames: 1
8e907 info: NumberThreads: 1
8e907 info: MaxNodes: 181818181 (15999999928 bytes)
8e907 info: TimeForMove: 1
8e907 info: PreSearch: max time reached (60/90).
8e907 info: Time for PreSearch: 0.200437s
8e907 info: 
  e52ec297a2bd453c
  a  b  c  d  e  f  g  h  i  j  k  
 1\.  .  .  .  .  .  .  .  .  .  .\1
  2\.  .  *  *  *  *  *  *  *  *  *\2
   3\.  *  *  *  *  *  *  *  *  *  *\3
    4\*  *  *  *  *  W  *  *  *  *  *\4
     5\*  *  *  *  *  *  *  *  *  *  *\5
      6\*  *  *  *  *  *  *  *  *  *  *\6
       7\*  *  *  *  *  *  *  *  *  *  *\7
        8\*  *  *  *  *  *  *  *  *  *  *\8
         9\*  *  *  *  *  *  *  *  *  *  B\9
         10\*  .  B  .  *  *  *  *  *  W  *\10
          11\.  b  b  b  .  .  .  .  .  b  b\11
              a  b  c  d  e  f  g  h  i  j  k  
8e907 info: Old: [black, c10] [white, swap-pieces] [white, f4] 
8e907 info: New: [black, c10] [white, swap-pieces] [white, f4] [black, k9] [white, j10] 
8e907 info: MovesPlayed: [black, k9] [white, j10] 
8e907 info: No subtree to reuse.
8e907 info: StartSearch()[0]
SgUctSearch: max games reached
8e907 info: 
Elapsed Time   0.346545s
Count          1
GamesPlayed    1
Nodes          1
Knowledge      0 (0.0%)
Expansions     0.0
Time           0.00
GameLen        112.0 dev=0.0 min=112.0 max=112.0
InTree         0.0 dev=0.0 min=0.0 max=0.0
KnowDepth      -
Aborted        0%
Games/s        3164.6
Score          1.00
Sequence      
8e907 info: 
8e907 warning: **** MoHexSearch returned empty sequence!
8e907 warning: **** Returning random move!
<= 
< 
<  3013a4f761a38b1d
<  a  b  c  d  e  f  g  h  i  j  k  
< 1\.  .  .  .  .  .  .  .  .  .  .\1
<  2\.  .  .  .  .  .  .  .  .  .  .\2
<   3\.  .  .  .  .  .  .  .  .  .  .\3
<    4\.  .  .  .  .  W  .  .  .  .  .\4
<     5\.  .  .  .  .  .  .  .  .  .  .\5
<      6\.  .  .  .  .  .  .  .  .  .  .\6
<       7\.  B  .  .  .  .  .  .  .  .  .\7
<        8\.  .  .  .  .  .  .  .  .  .  .\8
<         9\.  .  .  .  .  .  .  .  .  .  B\9
<         10\.  .  B  .  .  .  .  .  .  W  .\10
<          11\.  .  .  .  .  .  .  .  .  .  .\11
<              a  b  c  d  e  f  g  h  i  j  k  
<
>play w a10
<= 
<
>showboard
<= 
< 
<  14884e30cd3aa4f9
<  a  b  c  d  e  f  g  h  i  j  k  
< 1\.  .  .  .  .  .  .  .  .  .  .\1
<  2\.  .  .  .  .  .  .  .  .  .  .\2
<   3\.  .  .  .  .  .  .  .  .  .  .\3
<    4\.  .  .  .  .  W  .  .  .  .  .\4
<     5\.  .  .  .  .  .  .  .  .  .  .\5
<      6\.  .  .  .  .  .  .  .  .  .  .\6
<       7\.  B  .  .  .  .  .  .  .  .  .\7
<        8\.  .  .  .  .  .  .  .  .  .  .\8
<         9\.  .  .  .  .  .  .  .  .  .  B\9
<         10\W  .  B  .  .  .  .  .  .  W  .\10
<          11\.  .  .  .  .  .  .  .  .  .  .\11
<              a  b  c  d  e  f  g  h  i  j  k  
<
>genmove b
<= a1
<
>showboard
8e907 info: Best move cannot be determined, must search state.
8e907 info: --- MoHexPlayer::Search() ---
8e907 info: Color: black
8e907 info: MaxGames: 1
8e907 info: NumberThreads: 1
8e907 info: MaxNodes: 181818181 (15999999928 bytes)
8e907 info: TimeForMove: 1
8e907 info: PreSearch: max time reached (64/85).
8e907 info: Time for PreSearch: 0.202217s
8e907 info: 
  14884e30cd3aa4f9
  a  b  c  d  e  f  g  h  i  j  k  
 1\.  .  .  .  .  .  .  .  .  .  .\1
  2\.  .  *  *  *  *  *  *  *  *  *\2
   3\.  *  *  *  *  *  *  *  *  *  *\3
    4\*  *  *  *  *  W  *  *  *  *  *\4
     5\*  *  *  *  *  *  *  *  *  *  *\5
      6\*  *  *  *  *  *  *  *  *  *  *\6
       7\.  B  *  *  *  *  *  *  *  *  *\7
        8\w  *  *  *  *  *  *  *  *  *  *\8
         9\w  *  *  *  *  *  *  *  *  *  B\9
         10\W  .  B  .  *  *  *  *  *  W  *\10
          11\b  b  b  b  .  .  .  .  .  b  b\11
              a  b  c  d  e  f  g  h  i  j  k  
8e907 info: Old: [black, c10] [white, swap-pieces] [white, f4] [black, k9] [white, j10] 
8e907 info: New: [black, c10] [white, swap-pieces] [white, f4] [black, k9] [white, j10] [black, b7] [white, a10] 
8e907 info: MovesPlayed: [black, b7] [white, a10] 
8e907 info: No subtree to reuse.
8e907 info: StartSearch()[0]
SgUctSearch: max games reached
8e907 info: 
Elapsed Time   0.347377s
Count          1
GamesPlayed    1
Nodes          1
Knowledge      0 (0.0%)
Expansions     0.0
Time           0.00
GameLen        107.0 dev=0.0 min=107.0 max=107.0
InTree         0.0 dev=0.0 min=0.0 max=0.0
KnowDepth      -
Aborted        0%
Games/s        3225.8
Score          1.00
Sequence      
8e907 info: 
8e907 warning: **** MoHexSearch returned empty sequence!
8e907 warning: **** Returning random move!
<= 
< 
<  3bd3450c97e65bbb
<  a  b  c  d  e  f  g  h  i  j  k  
< 1\B  .  .  .  .  .  .  .  .  .  .\1
<  2\.  .  .  .  .  .  .  .  .  .  .\2
<   3\.  .  .  .  .  .  .  .  .  .  .\3
<    4\.  .  .  .  .  W  .  .  .  .  .\4
<     5\.  .  .  .  .  .  .  .  .  .  .\5
<      6\.  .  .  .  .  .  .  .  .  .  .\6
<       7\.  B  .  .  .  .  .  .  .  .  .\7
<        8\.  .  .  .  .  .  .  .  .  .  .\8
<         9\.  .  .  .  .  .  .  .  .  .  B\9
<         10\W  .  B  .  .  .  .  .  .  W  .\10
<          11\.  .  .  .  .  .  .  .  .  .  .\11
<              a  b  c  d  e  f  g  h  i  j  k  
<
>play w k2
<= 
<
>showboard
<= 
< 
<  dc304a7a267793b9
<  a  b  c  d  e  f  g  h  i  j  k  
< 1\B  .  .  .  .  .  .  .  .  .  .\1
<  2\.  .  .  .  .  .  .  .  .  .  W\2
<   3\.  .  .  .  .  .  .  .  .  .  .\3
<    4\.  .  .  .  .  W  .  .  .  .  .\4
<     5\.  .  .  .  .  .  .  .  .  .  .\5
<      6\.  .  .  .  .  .  .  .  .  .  .\6
<       7\.  B  .  .  .  .  .  .  .  .  .\7
<        8\.  .  .  .  .  .  .  .  .  .  .\8
<         9\.  .  .  .  .  .  .  .  .  .  B\9
<         10\W  .  B  .  .  .  .  .  .  W  .\10
<          11\.  .  .  .  .  .  .  .  .  .  .\11
<              a  b  c  d  e  f  g  h  i  j  k  
<
>genmove b
<= g1
<
>showboard
8e907 info: Best move cannot be determined, must search state.
8e907 info: --- MoHexPlayer::Search() ---
8e907 info: Color: black
8e907 info: MaxGames: 1
8e907 info: NumberThreads: 1
8e907 info: MaxNodes: 181818181 (15999999928 bytes)
8e907 info: TimeForMove: 1
8e907 info: PreSearch: max time reached (69/85).
8e907 info: Time for PreSearch: 0.20179s
8e907 info: 
  dc304a7a267793b9
  a  b  c  d  e  f  g  h  i  j  k  
 1\B  b  .  .  .  .  .  .  .  .  .\1
  2\.  .  *  *  *  *  *  *  *  *  W\2
   3\*  *  *  *  *  *  *  *  *  *  .\3
    4\*  *  *  *  *  W  *  *  *  *  *\4
     5\*  *  *  *  *  *  *  *  *  *  *\5
      6\*  *  *  *  *  *  *  *  *  *  *\6
       7\.  B  *  *  *  *  *  *  *  *  *\7
        8\w  *  *  *  *  *  *  *  *  *  *\8
         9\w  *  *  *  *  *  *  *  *  *  B\9
         10\W  .  B  .  *  *  *  *  *  W  *\10
          11\b  b  b  b  .  .  .  .  .  b  b\11
              a  b  c  d  e  f  g  h  i  j  k  
8e907 info: Old: [black, c10] [white, swap-pieces] [white, f4] [black, k9] [white, j10] [black, b7] [white, a10] 
8e907 info: New: [black, c10] [white, swap-pieces] [white, f4] [black, k9] [white, j10] [black, b7] [white, a10] [black, a1] [white, k2] 
8e907 info: MovesPlayed: [black, a1] [white, k2] 
8e907 info: No subtree to reuse.
8e907 info: StartSearch()[0]
SgUctSearch: max games reached
8e907 info: 
Elapsed Time   0.344149s
Count          1
GamesPlayed    1
Nodes          1
Knowledge      0 (0.0%)
Expansions     0.0
Time           0.00
GameLen        104.0 dev=0.0 min=104.0 max=104.0
InTree         0.0 dev=0.0 min=0.0 max=0.0
KnowDepth      -
Aborted        0%
Games/s        3508.8
Score          1.00
Sequence      
8e907 info: 
8e907 warning: **** MoHexSearch returned empty sequence!
8e907 warning: **** Returning random move!
<= 
< 
<  57d438c8b809f183
<  a  b  c  d  e  f  g  h  i  j  k  
< 1\B  .  .  .  .  .  B  .  .  .  .\1
<  2\.  .  .  .  .  .  .  .  .  .  W\2
<   3\.  .  .  .  .  .  .  .  .  .  .\3
<    4\.  .  .  .  .  W  .  .  .  .  .\4
<     5\.  .  .  .  .  .  .  .  .  .  .\5
<      6\.  .  .  .  .  .  .  .  .  .  .\6
<       7\.  B  .  .  .  .  .  .  .  .  .\7
<        8\.  .  .  .  .  .  .  .  .  .  .\8
<         9\.  .  .  .  .  .  .  .  .  .  B\9
<         10\W  .  B  .  .  .  .  .  .  W  .\10
<          11\.  .  .  .  .  .  .  .  .  .  .\11
<              a  b  c  d  e  f  g  h  i  j  k  
<
>play w h10
<= 
<
>showboard
<= 
< 
<  2bd2021a655829c0
<  a  b  c  d  e  f  g  h  i  j  k  
< 1\B  .  .  .  .  .  B  .  .  .  .\1
<  2\.  .  .  .  .  .  .  .  .  .  W\2
<   3\.  .  .  .  .  .  .  .  .  .  .\3
<    4\.  .  .  .  .  W  .  .  .  .  .\4
<     5\.  .  .  .  .  .  .  .  .  .  .\5
<      6\.  .  .  .  .  .  .  .  .  .  .\6
<       7\.  B  .  .  .  .  .  .  .  .  .\7
<        8\.  .  .  .  .  .  .  .  .  .  .\8
<         9\.  .  .  .  .  .  .  .  .  .  B\9
<         10\W  .  B  .  .  .  .  W  .  W  .\10
<          11\.  .  .  .  .  .  .  .  .  .  .\11
<              a  b  c  d  e  f  g  h  i  j  k  
<
>genmove b
<= b6
<
>showboard
8e907 info: Best move cannot be determined, must search state.
8e907 info: --- MoHexPlayer::Search() ---
8e907 info: Color: black
8e907 info: MaxGames: 1
8e907 info: NumberThreads: 1
8e907 info: MaxNodes: 181818181 (15999999928 bytes)
8e907 info: TimeForMove: 1
8e907 info: PreSearch: max time reached (73/84).
8e907 info: Time for PreSearch: 0.201883s
8e907 info: 
  2bd2021a655829c0
  a  b  c  d  e  f  g  h  i  j  k  
 1\B  b  .  .  .  .  B  .  .  .  .\1
  2\.  .  *  *  *  *  *  *  *  *  W\2
   3\*  *  *  *  *  *  *  *  *  *  .\3
    4\*  *  *  *  *  W  *  *  *  *  *\4
     5\*  *  *  *  *  *  *  *  *  *  *\5
      6\*  *  *  *  *  *  *  *  *  *  *\6
       7\.  B  *  *  *  *  *  *  *  *  *\7
        8\w  *  *  *  *  *  *  *  *  *  *\8
         9\w  *  *  *  *  *  *  *  *  *  B\9
         10\W  .  B  .  .  *  *  W  .  W  .\10
          11\b  b  b  b  .  .  .  b  b  b  b\11
              a  b  c  d  e  f  g  h  i  j  k  
8e907 info: Old: [black, c10] [white, swap-pieces] [white, f4] [black, k9] [white, j10] [black, b7] [white, a10] [black, a1] [white, k2] 
8e907 info: New: [black, c10] [white, swap-pieces] [white, f4] [black, k9] [white, j10] [black, b7] [white, a10] [black, a1] [white, k2] [black, g1] [white, h10] 
8e907 info: MovesPlayed: [black, g1] [white, h10] 
8e907 info: No subtree to reuse.
8e907 info: StartSearch()[0]
SgUctSearch: max games reached
8e907 info: 
Elapsed Time   0.35501s
Count          1
GamesPlayed    1
Nodes          1
Knowledge      0 (0.0%)
Expansions     0.0
Time           0.00
GameLen        100.0 dev=0.0 min=100.0 max=100.0
InTree         0.0 dev=0.0 min=0.0 max=0.0
KnowDepth      -
Aborted        0%
Games/s        3690.0
Score          0.00
Sequence      
8e907 info: 
8e907 warning: **** MoHexSearch returned empty sequence!
8e907 warning: **** Returning random move!
<= 
< 
<  6d24940c26b1a35b
<  a  b  c  d  e  f  g  h  i  j  k  
< 1\B  .  .  .  .  .  B  .  .  .  .\1
<  2\.  .  .  .  .  .  .  .  .  .  W\2
<   3\.  .  .  .  .  .  .  .  .  .  .\3
<    4\.  .  .  .  .  W  .  .  .  .  .\4
<     5\.  .  .  .  .  .  .  .  .  .  .\5
<      6\.  B  .  .  .  .  .  .  .  .  .\6
<       7\.  B  .  .  .  .  .  .  .  .  .\7
<        8\.  .  .  .  .  .  .  .  .  .  .\8
<         9\.  .  .  .  .  .  .  .  .  .  B\9
<         10\W  .  B  .  .  .  .  W  .  W  .\10
<          11\.  .  .  .  .  .  .  .  .  .  .\11
<              a  b  c  d  e  f  g  h  i  j  k  
<
>play w k8
<= 
<
>showboard
<= 
< 
<  fb04a900b27ee747
<  a  b  c  d  e  f  g  h  i  j  k  
< 1\B  .  .  .  .  .  B  .  .  .  .\1
<  2\.  .  .  .  .  .  .  .  .  .  W\2
<   3\.  .  .  .  .  .  .  .  .  .  .\3
<    4\.  .  .  .  .  W  .  .  .  .  .\4
<     5\.  .  .  .  .  .  .  .  .  .  .\5
<      6\.  B  .  .  .  .  .  .  .  .  .\6
<       7\.  B  .  .  .  .  .  .  .  .  .\7
<        8\.  .  .  .  .  .  .  .  .  .  W\8
<         9\.  .  .  .  .  .  .  .  .  .  B\9
<         10\W  .  B  .  .  .  .  W  .  W  .\10
<          11\.  .  .  .  .  .  .  .  .  .  .\11
<              a  b  c  d  e  f  g  h  i  j  k  
<
>genmove b
<= k1
<
>showboard
8e907 info: Best move cannot be determined, must search state.
8e907 info: --- MoHexPlayer::Search() ---
8e907 info: Color: black
8e907 info: MaxGames: 1
8e907 info: NumberThreads: 1
8e907 info: MaxNodes: 181818181 (15999999928 bytes)
8e907 info: TimeForMove: 1
8e907 info: PreSearch: max time reached (66/79).
8e907 info: Time for PreSearch: 0.20018s
8e907 info: 
  fb04a900b27ee747
  a  b  c  d  e  f  g  h  i  j  k  
 1\B  b  .  .  .  .  B  .  .  .  .\1
  2\.  .  *  *  *  *  *  *  *  *  W\2
   3\*  *  *  *  *  *  *  *  *  *  .\3
    4\*  *  *  *  *  W  *  *  *  *  *\4
     5\*  *  *  *  *  *  *  *  *  *  *\5
      6\.  B  *  *  *  *  *  *  *  *  *\6
       7\b  B  *  *  *  *  *  *  *  *  .\7
        8\w  *  *  *  *  *  *  *  *  *  W\8
         9\w  *  *  *  *  *  *  *  *  *  B\9
         10\W  .  B  .  .  *  *  W  *  W  .\10
          11\b  b  b  b  .  .  .  b  b  b  b\11
              a  b  c  d  e  f  g  h  i  j  k  
8e907 info: Old: [black, c10] [white, swap-pieces] [white, f4] [black, k9] [white, j10] [black, b7] [white, a10] [black, a1] [white, k2] [black, g1] [white, h10] 
8e907 info: New: [black, c10] [white, swap-pieces] [white, f4] [black, k9] [white, j10] [black, b7] [white, a10] [black, a1] [white, k2] [black, g1] [white, h10] [black, b6] [white, k8] 
8e907 info: MovesPlayed: [black, b6] [white, k8] 
8e907 info: No subtree to reuse.
8e907 info: StartSearch()[0]
SgUctSearch: max games reached
8e907 info: 
Elapsed Time   0.340301s
Count          1
GamesPlayed    1
Nodes          1
Knowledge      0 (0.0%)
Expansions     0.0
Time           0.00
GameLen        97.0 dev=0.0 min=97.0 max=97.0
InTree         0.0 dev=0.0 min=0.0 max=0.0
KnowDepth      -
Aborted        0%
Games/s        3289.5
Score          1.00
Sequence      
8e907 info: 
8e907 warning: **** MoHexSearch returned empty sequence!
8e907 warning: **** Returning random move!
<= 
< 
<  328eb1e5f1e1754c
<  a  b  c  d  e  f  g  h  i  j  k  
< 1\B  .  .  .  .  .  B  .  .  .  B\1
<  2\.  .  .  .  .  .  .  .  .  .  W\2
<   3\.  .  .  .  .  .  .  .  .  .  .\3
<    4\.  .  .  .  .  W  .  .  .  .  .\4
<     5\.  .  .  .  .  .  .  .  .  .  .\5
<      6\.  B  .  .  .  .  .  .  .  .  .\6
<       7\.  B  .  .  .  .  .  .  .  .  .\7
<        8\.  .  .  .  .  .  .  .  .  .  W\8
<         9\.  .  .  .  .  .  .  .  .  .  B\9
<         10\W  .  B  .  .  .  .  W  .  W  .\10
<          11\.  .  .  .  .  .  .  .  .  .  .\11
<              a  b  c  d  e  f  g  h  i  j  k  
<
>play w f5
<= 
<
>showboard
<= 
< 
<  10a8ad855645cabd
<  a  b  c  d  e  f  g  h  i  j  k  
< 1\B  .  .  .  .  .  B  .  .  .  B\1
<  2\.  .  .  .  .  .  .  .  .  .  W\2
<   3\.  .  .  .  .  .  .  .  .  .  .\3
<    4\.  .  .  .  .  W  .  .  .  .  .\4
<     5\.  .  .  .  .  W  .  .  .  .  .\5
<      6\.  B  .  .  .  .  .  .  .  .  .\6
<       7\.  B  .  .  .  .  .  .  .  .  .\7
<        8\.  .  .  .  .  .  .  .  .  .  W\8
<         9\.  .  .  .  .  .  .  .  .  .  B\9
<         10\W  .  B  .  .  .  .  W  .  W  .\10
<          11\.  .  .  .  .  .  .  .  .  .  .\11
<              a  b  c  d  e  f  g  h  i  j  k  
<
>genmove b
<= d10
<
>showboard
8e907 info: Best move cannot be determined, must search state.
8e907 info: --- MoHexPlayer::Search() ---
8e907 info: Color: black
8e907 info: MaxGames: 1
8e907 info: NumberThreads: 1
8e907 info: MaxNodes: 181818181 (15999999928 bytes)
8e907 info: TimeForMove: 1
8e907 info: PreSearch: max time reached (73/78).
8e907 info: Time for PreSearch: 0.201615s
8e907 info: 
  10a8ad855645cabd
  a  b  c  d  e  f  g  h  i  j  k  
 1\B  b  .  .  .  .  B  .  .  .  B\1
  2\.  .  *  *  *  *  *  *  *  *  W\2
   3\*  *  *  *  *  *  *  *  *  *  .\3
    4\*  *  *  *  *  W  *  *  *  *  *\4
     5\*  *  *  *  *  W  *  *  *  *  *\5
      6\.  B  *  *  *  *  *  *  *  *  *\6
       7\b  B  *  *  *  *  *  *  *  *  .\7
        8\w  *  *  *  *  *  *  *  *  *  W\8
         9\w  *  *  *  *  *  *  *  *  *  B\9
         10\W  .  B  .  .  *  *  W  .  W  .\10
          11\b  b  b  b  .  .  .  b  b  b  b\11
              a  b  c  d  e  f  g  h  i  j  k  
8e907 info: Old: [black, c10] [white, swap-pieces] [white, f4] [black, k9] [white, j10] [black, b7] [white, a10] [black, a1] [white, k2] [black, g1] [white, h10] [black, b6] [white, k8] 
8e907 info: New: [black, c10] [white, swap-pieces] [white, f4] [black, k9] [white, j10] [black, b7] [white, a10] [black, a1] [white, k2] [black, g1] [white, h10] [black, b6] [white, k8] [black, k1] [white, f5] 
8e907 info: MovesPlayed: [black, k1] [white, f5] 
8e907 info: No subtree to reuse.
8e907 info: StartSearch()[0]
SgUctSearch: max games reached
8e907 info: 
Elapsed Time   0.34278s
Count          1
GamesPlayed    1
Nodes          1
Knowledge      0 (0.0%)
Expansions     0.0
Time           0.00
GameLen        95.0 dev=0.0 min=95.0 max=95.0
InTree         0.0 dev=0.0 min=0.0 max=0.0
KnowDepth      -
Aborted        0%
Games/s        3333.3
Score          1.00
Sequence      
8e907 info: 
8e907 warning: **** MoHexSearch returned empty sequence!
8e907 warning: **** Returning random move!
<= 
< 
<  06603bd9a8e96fda
<  a  b  c  d  e  f  g  h  i  j  k  
< 1\B  .  .  .  .  .  B  .  .  .  B\1
<  2\.  .  .  .  .  .  .  .  .  .  W\2
<   3\.  .  .  .  .  .  .  .  .  .  .\3
<    4\.  .  .  .  .  W  .  .  .  .  .\4
<     5\.  .  .  .  .  W  .  .  .  .  .\5
<      6\.  B  .  .  .  .  .  .  .  .  .\6
<       7\.  B  .  .  .  .  .  .  .  .  .\7
<        8\.  .  .  .  .  .  .  .  .  .  W\8
<         9\.  .  .  .  .  .  .  .  .  .  B\9
<         10\W  .  B  B  .  .  .  W  .  W  .\10
<          11\.  .  .  .  .  .  .  .  .  .  .\11
<              a  b  c  d  e  f  g  h  i  j  k  
<
>play w c2
<= 
<
>showboard
<= 
< 
<  1079cbfb33824a67
<  a  b  c  d  e  f  g  h  i  j  k  
< 1\B  .  .  .  .  .  B  .  .  .  B\1
<  2\.  .  W  .  .  .  .  .  .  .  W\2
<   3\.  .  .  .  .  .  .  .  .  .  .\3
<    4\.  .  .  .  .  W  .  .  .  .  .\4
<     5\.  .  .  .  .  W  .  .  .  .  .\5
<      6\.  B  .  .  .  .  .  .  .  .  .\6
<       7\.  B  .  .  .  .  .  .  .  .  .\7
<        8\.  .  .  .  .  .  .  .  .  .  W\8
<         9\.  .  .  .  .  .  .  .  .  .  B\9
<         10\W  .  B  B  .  .  .  W  .  W  .\10
<          11\.  .  .  .  .  .  .  .  .  .  .\11
<              a  b  c  d  e  f  g  h  i  j  k  
<
>genmove b
<= g4
<
>showboard
8e907 info: Best move cannot be determined, must search state.
8e907 info: --- MoHexPlayer::Search() ---
8e907 info: Color: black
8e907 info: MaxGames: 1
8e907 info: NumberThreads: 1
8e907 info: MaxNodes: 181818181 (15999999928 bytes)
8e907 info: TimeForMove: 1
8e907 info: Time for PreSearch: 0.168042s
8e907 info: 
  1079cbfb33824a67
  a  b  c  d  e  f  g  h  i  j  k  
 1\B  b  b  .  .  .  B  .  .  .  B\1
  2\.  .  W  *  *  *  *  *  *  *  W\2
   3\*  .  *  *  *  *  *  *  *  *  .\3
    4\.  *  *  *  *  W  *  *  *  *  *\4
     5\*  *  *  *  *  W  *  *  *  *  *\5
      6\.  B  *  *  *  *  *  *  *  *  *\6
       7\b  B  *  *  *  *  *  *  *  *  .\7
        8\w  *  *  *  *  *  *  *  *  *  W\8
         9\w  *  *  *  *  *  *  *  *  *  B\9
         10\W  .  B  B  .  .  .  W  .  W  .\10
          11\b  b  b  b  b  b  b  b  b  b  b\11
              a  b  c  d  e  f  g  h  i  j  k  
8e907 info: Old: [black, c10] [white, swap-pieces] [white, f4] [black, k9] [white, j10] [black, b7] [white, a10] [black, a1] [white, k2] [black, g1] [white, h10] [black, b6] [white, k8] [black, k1] [white, f5] 
8e907 info: New: [black, c10] [white, swap-pieces] [white, f4] [black, k9] [white, j10] [black, b7] [white, a10] [black, a1] [white, k2] [black, g1] [white, h10] [black, b6] [white, k8] [black, k1] [white, f5] [black, d10] [white, c2] 
8e907 info: MovesPlayed: [black, d10] [white, c2] 
8e907 info: No subtree to reuse.
8e907 info: StartSearch()[0]
SgUctSearch: max games reached
8e907 info: 
Elapsed Time   0.308146s
Count          1
GamesPlayed    1
Nodes          1
Knowledge      0 (0.0%)
Expansions     0.0
Time           0.00
GameLen        89.0 dev=0.0 min=89.0 max=89.0
InTree         0.0 dev=0.0 min=0.0 max=0.0
KnowDepth      -
Aborted        0%
Games/s        3610.1
Score          0.00
Sequence      
8e907 info: 
8e907 warning: **** MoHexSearch returned empty sequence!
8e907 warning: **** Returning random move!
<= 
< 
<  73f4fefca55f1293
<  a  b  c  d  e  f  g  h  i  j  k  
< 1\B  .  .  .  .  .  B  .  .  .  B\1
<  2\.  .  W  .  .  .  .  .  .  .  W\2
<   3\.  .  .  .  .  .  .  .  .  .  .\3
<    4\.  .  .  .  .  W  B  .  .  .  .\4
<     5\.  .  .  .  .  W  .  .  .  .  .\5
<      6\.  B  .  .  .  .  .  .  .  .  .\6
<       7\.  B  .  .  .  .  .  .  .  .  .\7
<        8\.  .  .  .  .  .  .  .  .  .  W\8
<         9\.  .  .  .  .  .  .  .  .  .  B\9
<         10\W  .  B  B  .  .  .  W  .  W  .\10
<          11\.  .  .  .  .  .  .  .  .  .  .\11
<              a  b  c  d  e  f  g  h  i  j  k  
<
>play w b2
<= 
<
>showboard
<= 
< 
<  da15225321d7ea56
<  a  b  c  d  e  f  g  h  i  j  k  
< 1\B  .  .  .  .  .  B  .  .  .  B\1
<  2\.  W  W  .  .  .  .  .  .  .  W\2
<   3\.  .  .  .  .  .  .  .  .  .  .\3
<    4\.  .  .  .  .  W  B  .  .  .  .\4
<     5\.  .  .  .  .  W  .  .  .  .  .\5
<      6\.  B  .  .  .  .  .  .  .  .  .\6
<       7\.  B  .  .  .  .  .  .  .  .  .\7
<        8\.  .  .  .  .  .  .  .  .  .  W\8
<         9\.  .  .  .  .  .  .  .  .  .  B\9
<         10\W  .  B  B  .  .  .  W  .  W  .\10
<          11\.  .  .  .  .  .  .  .  .  .  .\11
<              a  b  c  d  e  f  g  h  i  j  k  
<
>genmove b
<= h6
<
>showboard
8e907 info: Best move cannot be determined, must search state.
8e907 info: --- MoHexPlayer::Search() ---
8e907 info: Color: black
8e907 info: MaxGames: 1
8e907 info: NumberThreads: 1
8e907 info: MaxNodes: 181818181 (15999999928 bytes)
8e907 info: TimeForMove: 1
8e907 info: Time for PreSearch: 0.141092s
8e907 info: 
  da15225321d7ea56
  a  b  c  d  e  f  g  h  i  j  k  
 1\B  b  b  .  .  .  B  .  .  .  B\1
  2\w  W  W  *  *  *  *  *  *  *  W\2
   3\w  w  .  *  *  *  *  *  *  *  .\3
    4\w  w  *  *  *  W  B  *  *  *  *\4
     5\w  .  *  *  *  W  *  *  *  *  *\5
      6\w  B  *  *  *  *  *  *  *  *  *\6
       7\b  B  *  *  *  *  *  *  *  *  .\7
        8\w  *  *  *  *  *  *  *  *  *  W\8
         9\w  *  *  *  *  *  *  *  *  *  B\9
         10\W  .  B  B  .  .  .  W  .  W  .\10
          11\b  b  b  b  b  b  b  b  b  b  b\11
              a  b  c  d  e  f  g  h  i  j  k  
8e907 info: Old: [black, c10] [white, swap-pieces] [white, f4] [black, k9] [white, j10] [black, b7] [white, a10] [black, a1] [white, k2] [black, g1] [white, h10] [black, b6] [white, k8] [black, k1] [white, f5] [black, d10] [white, c2] 
8e907 info: New: [black, c10] [white, swap-pieces] [white, f4] [black, k9] [white, j10] [black, b7] [white, a10] [black, a1] [white, k2] [black, g1] [white, h10] [black, b6] [white, k8] [black, k1] [white, f5] [black, d10] [white, c2] [black, g4] [white, b2] 
8e907 info: MovesPlayed: [black, g4] [white, b2] 
8e907 info: No subtree to reuse.
8e907 info: StartSearch()[0]
SgUctSearch: max games reached
8e907 info: 
Elapsed Time   0.288636s
Count          1
GamesPlayed    1
Nodes          1
Knowledge      0 (0.0%)
Expansions     0.0
Time           0.00
GameLen        80.0 dev=0.0 min=80.0 max=80.0
InTree         0.0 dev=0.0 min=0.0 max=0.0
KnowDepth      -
Aborted        0%
Games/s        3344.5
Score          0.00
Sequence      
8e907 info: 
8e907 warning: **** MoHexSearch returned empty sequence!
8e907 warning: **** Returning random move!
<= 
< 
<  7c5e3167e43ecf76
<  a  b  c  d  e  f  g  h  i  j  k  
< 1\B  .  .  .  .  .  B  .  .  .  B\1
<  2\.  W  W  .  .  .  .  .  .  .  W\2
<   3\.  .  .  .  .  .  .  .  .  .  .\3
<    4\.  .  .  .  .  W  B  .  .  .  .\4
<     5\.  .  .  .  .  W  .  .  .  .  .\5
<      6\.  B  .  .  .  .  .  B  .  .  .\6
<       7\.  B  .  .  .  .  .  .  .  .  .\7
<        8\.  .  .  .  .  .  .  .  .  .  W\8
<         9\.  .  .  .  .  .  .  .  .  .  B\9
<         10\W  .  B  B  .  .  .  W  .  W  .\10
<          11\.  .  .  .  .  .  .  .  .  .  .\11
<              a  b  c  d  e  f  g  h  i  j  k  
<
>play w c9
<= 
<
>showboard
<= 
< 
<  384c4abe0ca20ad0
<  a  b  c  d  e  f  g  h  i  j  k  
< 1\B  .  .  .  .  .  B  .  .  .  B\1
<  2\.  W  W  .  .  .  .  .  .  .  W\2
<   3\.  .  .  .  .  .  .  .  .  .  .\3
<    4\.  .  .  .  .  W  B  .  .  .  .\4
<     5\.  .  .  .  .  W  .  .  .  .  .\5
<      6\.  B  .  .  .  .  .  B  .  .  .\6
<       7\.  B  .  .  .  .  .  .  .  .  .\7
<        8\.  .  .  .  .  .  .  .  .  .  W\8
<         9\.  .  W  .  .  .  .  .  .  .  B\9
<         10\W  .  B  B  .  .  .  W  .  W  .\10
<          11\.  .  .  .  .  .  .  .  .  .  .\11
<              a  b  c  d  e  f  g  h  i  j  k  
<
>genmove b
<= i1
<
>showboard
8e907 info: Best move cannot be determined, must search state.
8e907 info: --- MoHexPlayer::Search() ---
8e907 info: Color: black
8e907 info: MaxGames: 1
8e907 info: NumberThreads: 1
8e907 info: MaxNodes: 181818181 (15999999928 bytes)
8e907 info: TimeForMove: 1
8e907 info: Time for PreSearch: 0.132443s
8e907 info: 
  384c4abe0ca20ad0
  a  b  c  d  e  f  g  h  i  j  k  
 1\B  b  b  .  .  .  B  .  .  .  B\1
  2\w  W  W  *  *  *  *  *  *  *  W\2
   3\w  w  .  *  *  *  *  *  *  *  .\3
    4\w  w  *  *  *  W  B  *  *  *  *\4
     5\w  .  *  *  *  W  *  *  *  *  *\5
      6\w  B  *  *  *  *  *  B  *  *  *\6
       7\b  B  *  *  *  *  *  *  *  *  .\7
        8\w  .  *  *  *  *  *  *  *  *  W\8
         9\w  w  W  *  *  *  *  *  *  *  B\9
         10\W  w  B  B  .  .  .  W  .  W  .\10
          11\b  b  b  b  b  b  b  b  b  b  b\11
              a  b  c  d  e  f  g  h  i  j  k  
8e907 info: Old: [black, c10] [white, swap-pieces] [white, f4] [black, k9] [white, j10] [black, b7] [white, a10] [black, a1] [white, k2] [black, g1] [white, h10] [black, b6] [white, k8] [black, k1] [white, f5] [black, d10] [white, c2] [black, g4] [white, b2] 
8e907 info: New: [black, c10] [white, swap-pieces] [white, f4] [black, k9] [white, j10] [black, b7] [white, a10] [black, a1] [white, k2] [black, g1] [white, h10] [black, b6] [white, k8] [black, k1] [white, f5] [black, d10] [white, c2] [black, g4] [white, b2] [black, h6] [white, c9] 
8e907 info: MovesPlayed: [black, h6] [white, c9] 
8e907 info: No subtree to reuse.
8e907 info: StartSearch()[0]
SgUctSearch: max games reached
8e907 info: 
Elapsed Time   0.273409s
Count          1
GamesPlayed    1
Nodes          1
Knowledge      0 (0.0%)
Expansions     0.0
Time           0.00
GameLen        76.0 dev=0.0 min=76.0 max=76.0
InTree         0.0 dev=0.0 min=0.0 max=0.0
KnowDepth      -
Aborted        0%
Games/s        3816.8
Score          1.00
Sequence      
8e907 info: 
8e907 warning: **** MoHexSearch returned empty sequence!
8e907 warning: **** Returning random move!
<= 
< 
<  4399cd3050c4a5b8
<  a  b  c  d  e  f  g  h  i  j  k  
< 1\B  .  .  .  .  .  B  .  B  .  B\1
<  2\.  W  W  .  .  .  .  .  .  .  W\2
<   3\.  .  .  .  .  .  .  .  .  .  .\3
<    4\.  .  .  .  .  W  B  .  .  .  .\4
<     5\.  .  .  .  .  W  .  .  .  .  .\5
<      6\.  B  .  .  .  .  .  B  .  .  .\6
<       7\.  B  .  .  .  .  .  .  .  .  .\7
<        8\.  .  .  .  .  .  .  .  .  .  W\8
<         9\.  .  W  .  .  .  .  .  .  .  B\9
<         10\W  .  B  B  .  .  .  W  .  W  .\10
<          11\.  .  .  .  .  .  .  .  .  .  .\11
<              a  b  c  d  e  f  g  h  i  j  k  
<
>play w g5
<= 
<
>showboard
<= 
< 
<  4bf5798c7ce1cc61
<  a  b  c  d  e  f  g  h  i  j  k  
< 1\B  .  .  .  .  .  B  .  B  .  B\1
<  2\.  W  W  .  .  .  .  .  .  .  W\2
<   3\.  .  .  .  .  .  .  .  .  .  .\3
<    4\.  .  .  .  .  W  B  .  .  .  .\4
<     5\.  .  .  .  .  W  W  .  .  .  .\5
<      6\.  B  .  .  .  .  .  B  .  .  .\6
<       7\.  B  .  .  .  .  .  .  .  .  .\7
<        8\.  .  .  .  .  .  .  .  .  .  W\8
<         9\.  .  W  .  .  .  .  .  .  .  B\9
<         10\W  .  B  B  .  .  .  W  .  W  .\10
<          11\.  .  .  .  .  .  .  .  .  .  .\11
<              a  b  c  d  e  f  g  h  i  j  k  
<
>genmove b
<= i8
<
>showboard
8e907 info: Best move cannot be determined, must search state.
8e907 info: --- MoHexPlayer::Search() ---
8e907 info: Color: black
8e907 info: MaxGames: 1
8e907 info: NumberThreads: 1
8e907 info: MaxNodes: 181818181 (15999999928 bytes)
8e907 info: TimeForMove: 1
8e907 info: Time for PreSearch: 0.115772s
8e907 info: 
  4bf5798c7ce1cc61
  a  b  c  d  e  f  g  h  i  j  k  
 1\B  b  b  .  .  .  B  b  B  b  B\1
  2\w  W  W  *  *  *  .  .  .  .  W\2
   3\w  w  .  *  *  *  .  .  *  *  .\3
    4\w  w  *  *  *  W  B  *  *  *  *\4
     5\w  .  *  *  *  W  W  *  *  *  *\5
      6\w  B  *  *  *  *  *  B  *  *  *\6
       7\b  B  *  *  *  *  *  *  *  *  .\7
        8\w  .  *  *  *  *  *  *  *  *  W\8
         9\w  w  W  *  *  *  *  *  *  *  B\9
         10\W  w  B  B  .  .  .  W  .  W  .\10
          11\b  b  b  b  b  b  b  b  b  b  b\11
              a  b  c  d  e  f  g  h  i  j  k  
8e907 info: Old: [black, c10] [white, swap-pieces] [white, f4] [black, k9] [white, j10] [black, b7] [white, a10] [black, a1] [white, k2] [black, g1] [white, h10] [black, b6] [white, k8] [black, k1] [white, f5] [black, d10] [white, c2] [black, g4] [white, b2] [black, h6] [white, c9] 
8e907 info: New: [black, c10] [white, swap-pieces] [white, f4] [black, k9] [white, j10] [black, b7] [white, a10] [black, a1] [white, k2] [black, g1] [white, h10] [black, b6] [white, k8] [black, k1] [white, f5] [black, d10] [white, c2] [black, g4] [white, b2] [black, h6] [white, c9] [black, i1] [white, g5] 
8e907 info: MovesPlayed: [black, i1] [white, g5] 
8e907 info: No subtree to reuse.
8e907 info: StartSearch()[0]
SgUctSearch: max games reached
8e907 info: 
Elapsed Time   0.496477s
Count          1
GamesPlayed    1
Nodes          1
Knowledge      0 (0.0%)
Expansions     0.0
Time           0.00
GameLen        72.0 dev=0.0 min=72.0 max=72.0
InTree         0.0 dev=0.0 min=0.0 max=0.0
KnowDepth      -
Aborted        0%
Games/s        3610.1
Score          1.00
Sequence      
8e907 info: 
8e907 warning: **** MoHexSearch returned empty sequence!
8e907 warning: **** Returning random move!
<= 
< 
<  03f625add2128b79
<  a  b  c  d  e  f  g  h  i  j  k  
< 1\B  .  .  .  .  .  B  .  B  .  B\1
<  2\.  W  W  .  .  .  .  .  .  .  W\2
<   3\.  .  .  .  .  .  .  .  .  .  .\3
<    4\.  .  .  .  .  W  B  .  .  .  .\4
<     5\.  .  .  .  .  W  W  .  .  .  .\5
<      6\.  B  .  .  .  .  .  B  .  .  .\6
<       7\.  B  .  .  .  .  .  .  .  .  .\7
<        8\.  .  .  .  .  .  .  .  B  .  W\8
<         9\.  .  W  .  .  .  .  .  .  .  B\9
<         10\W  .  B  B  .  .  .  W  .  W  .\10
<          11\.  .  .  .  .  .  .  .  .  .  .\11
<              a  b  c  d  e  f  g  h  i  j  k  
<
>play w g3
<= 
<
>showboard
<= 
< 
<  ef843158d6c7ed2b
<  a  b  c  d  e  f  g  h  i  j  k  
< 1\B  .  .  .  .  .  B  .  B  .  B\1
<  2\.  W  W  .  .  .  .  .  .  .  W\2
<   3\.  .  .  .  .  .  W  .  .  .  .\3
<    4\.  .  .  .  .  W  B  .  .  .  .\4
<     5\.  .  .  .  .  W  W  .  .  .  .\5
<      6\.  B  .  .  .  .  .  B  .  .  .\6
<       7\.  B  .  .  .  .  .  .  .  .  .\7
<        8\.  .  .  .  .  .  .  .  B  .  W\8
<         9\.  .  W  .  .  .  .  .  .  .  B\9
<         10\W  .  B  B  .  .  .  W  .  W  .\10
<          11\.  .  .  .  .  .  .  .  .  .  .\11
<              a  b  c  d  e  f  g  h  i  j  k  
<
>genmove b
<= h4
<
>showboard
8e907 info: Opponent has won; playing most blocking move.
<= 
< 
<  663da17eabf5d1fa
<  a  b  c  d  e  f  g  h  i  j  k  
< 1\B  .  .  .  .  .  B  .  B  .  B\1
<  2\.  W  W  .  .  .  .  .  .  .  W\2
<   3\.  .  .  .  .  .  W  .  .  .  .\3
<    4\.  .  .  .  .  W  B  B  .  .  .\4
<     5\.  .  .  .  .  W  W  .  .  .  .\5
<      6\.  B  .  .  .  .  .  B  .  .  .\6
<       7\.  B  .  .  .  .  .  .  .  .  .\7
<        8\.  .  .  .  .  .  .  .  B  .  W\8
<         9\.  .  W  .  .  .  .  .  .  .  B\9
<         10\W  .  B  B  .  .  .  W  .  W  .\10
<          11\.  .  .  .  .  .  .  .  .  .  .\11
<              a  b  c  d  e  f  g  h  i  j  k  
<
>play w j3
<= 
<
>showboard
<= 
< 
<  f46b10f3b23b2e73
<  a  b  c  d  e  f  g  h  i  j  k  
< 1\B  .  .  .  .  .  B  .  B  .  B\1
<  2\.  W  W  .  .  .  .  .  .  .  W\2
<   3\.  .  .  .  .  .  W  .  .  W  .\3
<    4\.  .  .  .  .  W  B  B  .  .  .\4
<     5\.  .  .  .  .  W  W  .  .  .  .\5
<      6\.  B  .  .  .  .  .  B  .  .  .\6
<       7\.  B  .  .  .  .  .  .  .  .  .\7
<        8\.  .  .  .  .  .  .  .  B  .  W\8
<         9\.  .  W  .  .  .  .  .  .  .  B\9
<         10\W  .  B  B  .  .  .  W  .  W  .\10
<          11\.  .  .  .  .  .  .  .  .  .  .\11
<              a  b  c  d  e  f  g  h  i  j  k  
<
>genmove b
<= h3
<
>showboard
8e907 info: Opponent has won; playing most blocking move.
<= 
< 
<  1a523bf207099d20
<  a  b  c  d  e  f  g  h  i  j  k  
< 1\B  .  .  .  .  .  B  .  B  .  B\1
<  2\.  W  W  .  .  .  .  .  .  .  W\2
<   3\.  .  .  .  .  .  W  B  .  W  .\3
<    4\.  .  .  .  .  W  B  B  .  .  .\4
<     5\.  .  .  .  .  W  W  .  .  .  .\5
<      6\.  B  .  .  .  .  .  B  .  .  .\6
<       7\.  B  .  .  .  .  .  .  .  .  .\7
<        8\.  .  .  .  .  .  .  .  B  .  W\8
<         9\.  .  W  .  .  .  .  .  .  .  B\9
<         10\W  .  B  B  .  .  .  W  .  W  .\10
<          11\.  .  .  .  .  .  .  .  .  .  .\11
<              a  b  c  d  e  f  g  h  i  j  k  
<
>play w h5
<= 
<
>showboard
<= 
< 
<  075abb3de1e1e6f8
<  a  b  c  d  e  f  g  h  i  j  k  
< 1\B  .  .  .  .  .  B  .  B  .  B\1
<  2\.  W  W  .  .  .  .  .  .  .  W\2
<   3\.  .  .  .  .  .  W  B  .  W  .\3
<    4\.  .  .  .  .  W  B  B  .  .  .\4
<     5\.  .  .  .  .  W  W  W  .  .  .\5
<      6\.  B  .  .  .  .  .  B  .  .  .\6
<       7\.  B  .  .  .  .  .  .  .  .  .\7
<        8\.  .  .  .  .  .  .  .  B  .  W\8
<         9\.  .  W  .  .  .  .  .  .  .  B\9
<         10\W  .  B  B  .  .  .  W  .  W  .\10
<          11\.  .  .  .  .  .  .  .  .  .  .\11
<              a  b  c  d  e  f  g  h  i  j  k  
<
>genmove b
<= i4
<
>showboard
8e907 info: Opponent has won; playing most blocking move.
<= 
< 
<  518caec6e41a7265
<  a  b  c  d  e  f  g  h  i  j  k  
< 1\B  .  .  .  .  .  B  .  B  .  B\1
<  2\.  W  W  .  .  .  .  .  .  .  W\2
<   3\.  .  .  .  .  .  W  B  .  W  .\3
<    4\.  .  .  .  .  W  B  B  B  .  .\4
<     5\.  .  .  .  .  W  W  W  .  .  .\5
<      6\.  B  .  .  .  .  .  B  .  .  .\6
<       7\.  B  .  .  .  .  .  .  .  .  .\7
<        8\.  .  .  .  .  .  .  .  B  .  W\8
<         9\.  .  W  .  .  .  .  .  .  .  B\9
<         10\W  .  B  B  .  .  .  W  .  W  .\10
<          11\.  .  .  .  .  .  .  .  .  .  .\11
<              a  b  c  d  e  f  g  h  i  j  k  
<
>play w i5
<= 
<
>showboard
<= 
< 
<  2bb64d503bf55693
<  a  b  c  d  e  f  g  h  i  j  k  
< 1\B  .  .  .  .  .  B  .  B  .  B\1
<  2\.  W  W  .  .  .  .  .  .  .  W\2
<   3\.  .  .  .  .  .  W  B  .  W  .\3
<    4\.  .  .  .  .  W  B  B  B  .  .\4
<     5\.  .  .  .  .  W  W  W  W  .  .\5
<      6\.  B  .  .  .  .  .  B  .  .  .\6
<       7\.  B  .  .  .  .  .  .  .  .  .\7
<        8\.  .  .  .  .  .  .  .  B  .  W\8
<         9\.  .  W  .  .  .  .  .  .  .  B\9
<         10\W  .  B  B  .  .  .  W  .  W  .\10
<          11\.  .  .  .  .  .  .  .  .  .  .\11
<              a  b  c  d  e  f  g  h  i  j  k  
<
>genmove b
<= e6
<
>showboard
8e907 info: Opponent has won; playing most blocking move.
<= 
< 
<  262134b4b2f388d3
<  a  b  c  d  e  f  g  h  i  j  k  
< 1\B  .  .  .  .  .  B  .  B  .  B\1
<  2\.  W  W  .  .  .  .  .  .  .  W\2
<   3\.  .  .  .  .  .  W  B  .  W  .\3
<    4\.  .  .  .  .  W  B  B  B  .  .\4
<     5\.  .  .  .  .  W  W  W  W  .  .\5
<      6\.  B  .  .  B  .  .  B  .  .  .\6
<       7\.  B  .  .  .  .  .  .  .  .  .\7
<        8\.  .  .  .  .  .  .  .  B  .  W\8
<         9\.  .  W  .  .  .  .  .  .  .  B\9
<         10\W  .  B  B  .  .  .  W  .  W  .\10
<          11\.  .  .  .  .  .  .  .  .  .  .\11
<              a  b  c  d  e  f  g  h  i  j  k  
<
>play w d5
<= 
<
>showboard
<= 
< 
<  5aebdfe62336408a
<  a  b  c  d  e  f  g  h  i  j  k  
< 1\B  .  .  .  .  .  B  .  B  .  B\1
<  2\.  W  W  .  .  .  .  .  .  .  W\2
<   3\.  .  .  .  .  .  W  B  .  W  .\3
<    4\.  .  .  .  .  W  B  B  B  .  .\4
<     5\.  .  .  W  .  W  W  W  W  .  .\5
<      6\.  B  .  .  B  .  .  B  .  .  .\6
<       7\.  B  .  .  .  .  .  .  .  .  .\7
<        8\.  .  .  .  .  .  .  .  B  .  W\8
<         9\.  .  W  .  .  .  .  .  .  .  B\9
<         10\W  .  B  B  .  .  .  W  .  W  .\10
<          11\.  .  .  .  .  .  .  .  .  .  .\11
<              a  b  c  d  e  f  g  h  i  j  k  
<
>genmove b
<= j4
<
>showboard
8e907 info: Opponent has won; playing most blocking move.
<= 
< 
<  d4a4a61476302c6c
<  a  b  c  d  e  f  g  h  i  j  k  
< 1\B  .  .  .  .  .  B  .  B  .  B\1
<  2\.  W  W  .  .  .  .  .  .  .  W\2
<   3\.  .  .  .  .  .  W  B  .  W  .\3
<    4\.  .  .  .  .  W  B  B  B  B  .\4
<     5\.  .  .  W  .  W  W  W  W  .  .\5
<      6\.  B  .  .  B  .  .  B  .  .  .\6
<       7\.  B  .  .  .  .  .  .  .  .  .\7
<        8\.  .  .  .  .  .  .  .  B  .  W\8
<         9\.  .  W  .  .  .  .  .  .  .  B\9
<         10\W  .  B  B  .  .  .  W  .  W  .\10
<          11\.  .  .  .  .  .  .  .  .  .  .\11
<              a  b  c  d  e  f  g  h  i  j  k  
<
>play w j5
<= 
<
>showboard
<= 
< 
<  d2823bb6cdf053db
<  a  b  c  d  e  f  g  h  i  j  k  
< 1\B  .  .  .  .  .  B  .  B  .  B\1
<  2\.  W  W  .  .  .  .  .  .  .  W\2
<   3\.  .  .  .  .  .  W  B  .  W  .\3
<    4\.  .  .  .  .  W  B  B  B  B  .\4
<     5\.  .  .  W  .  W  W  W  W  W  .\5
<      6\.  B  .  .  B  .  .  B  .  .  .\6
<       7\.  B  .  .  .  .  .  .  .  .  .\7
<        8\.  .  .  .  .  .  .  .  B  .  W\8
<         9\.  .  W  .  .  .  .  .  .  .  B\9
<         10\W  .  B  B  .  .  .  W  .  W  .\10
<          11\.  .  .  .  .  .  .  .  .  .  .\11
<              a  b  c  d  e  f  g  h  i  j  k  
<
>genmove b
<= e4
<
>showboard
8e907 info: Opponent has won; playing most blocking move.
<= 
< 
<  523b22ef9b4e14fb
<  a  b  c  d  e  f  g  h  i  j  k  
< 1\B  .  .  .  .  .  B  .  B  .  B\1
<  2\.  W  W  .  .  .  .  .  .  .  W\2
<   3\.  .  .  .  .  .  W  B  .  W  .\3
<    4\.  .  .  .  B  W  B  B  B  B  .\4
<     5\.  .  .  W  .  W  W  W  W  W  .\5
<      6\.  B  .  .  B  .  .  B  .  .  .\6
<       7\.  B  .  .  .  .  .  .  .  .  .\7
<        8\.  .  .  .  .  .  .  .  B  .  W\8
<         9\.  .  W  .  .  .  .  .  .  .  B\9
<         10\W  .  B  B  .  .  .  W  .  W  .\10
<          11\.  .  .  .  .  .  .  .  .  .  .\11
<              a  b  c  d  e  f  g  h  i  j  k  
<
>play w e5
<= 
<
>showboard
<= 
< 
<  cccd9ea83371e9b2
<  a  b  c  d  e  f  g  h  i  j  k  
< 1\B  .  .  .  .  .  B  .  B  .  B\1
<  2\.  W  W  .  .  .  .  .  .  .  W\2
<   3\.  .  .  .  .  .  W  B  .  W  .\3
<    4\.  .  .  .  B  W  B  B  B  B  .\4
<     5\.  .  .  W  W  W  W  W  W  W  .\5
<      6\.  B  .  .  B  .  .  B  .  .  .\6
<       7\.  B  .  .  .  .  .  .  .  .  .\7
<        8\.  .  .  .  .  .  .  .  B  .  W\8
<         9\.  .  W  .  .  .  .  .  .  .  B\9
<         10\W  .  B  B  .  .  .  W  .  W  .\10
<          11\.  .  .  .  .  .  .  .  .  .  .\11
<              a  b  c  d  e  f  g  h  i  j  k  
<
>genmove b
<= c4
<
>showboard
8e907 info: Opponent has won; playing most blocking move.
<= 
< 
<  da3f9729f792903a
<  a  b  c  d  e  f  g  h  i  j  k  
< 1\B  .  .  .  .  .  B  .  B  .  B\1
<  2\.  W  W  .  .  .  .  .  .  .  W\2
<   3\.  .  .  .  .  .  W  B  .  W  .\3
<    4\.  .  B  .  B  W  B  B  B  B  .\4
<     5\.  .  .  W  W  W  W  W  W  W  .\5
<      6\.  B  .  .  B  .  .  B  .  .  .\6
<       7\.  B  .  .  .  .  .  .  .  .  .\7
<        8\.  .  .  .  .  .  .  .  B  .  W\8
<         9\.  .  W  .  .  .  .  .  .  .  B\9
<         10\W  .  B  B  .  .  .  W  .  W  .\10
<          11\.  .  .  .  .  .  .  .  .  .  .\11
<              a  b  c  d  e  f  g  h  i  j  k  
<
>play w c7
<= 
<
>showboard
<= 
< 
<  5b4623d66cde8a4f
<  a  b  c  d  e  f  g  h  i  j  k  
< 1\B  .  .  .  .  .  B  .  B  .  B\1
<  2\.  W  W  .  .  .  .  .  .  .  W\2
<   3\.  .  .  .  .  .  W  B  .  W  .\3
<    4\.  .  B  .  B  W  B  B  B  B  .\4
<     5\.  .  .  W  W  W  W  W  W  W  .\5
<      6\.  B  .  .  B  .  .  B  .  .  .\6
<       7\.  B  W  .  .  .  .  .  .  .  .\7
<        8\.  .  .  .  .  .  .  .  B  .  W\8
<         9\.  .  W  .  .  .  .  .  .  .  B\9
<         10\W  .  B  B  .  .  .  W  .  W  .\10
<          11\.  .  .  .  .  .  .  .  .  .  .\11
<              a  b  c  d  e  f  g  h  i  j  k  
<
>genmove b
<= b8
<
>showboard
8e907 info: Captured cells caused win! Removing...
8e907 info: Opponent has won; playing most blocking move.
<= 
< 
<  0386dd3c25dfe1e3
<  a  b  c  d  e  f  g  h  i  j  k  
< 1\B  .  .  .  .  .  B  .  B  .  B\1
<  2\.  W  W  .  .  .  .  .  .  .  W\2
<   3\.  .  .  .  .  .  W  B  .  W  .\3
<    4\.  .  B  .  B  W  B  B  B  B  .\4
<     5\.  .  .  W  W  W  W  W  W  W  .\5
<      6\.  B  .  .  B  .  .  B  .  .  .\6
<       7\.  B  W  .  .  .  .  .  .  .  .\7
<        8\.  B  .  .  .  .  .  .  B  .  W\8
<         9\.  .  W  .  .  .  .  .  .  .  B\9
<         10\W  .  B  B  .  .  .  W  .  W  .\10
<          11\.  .  .  .  .  .  .  .  .  .  .\11
<              a  b  c  d  e  f  g  h  i  j  k  
<
>play w c8
<= 
<
>showboard
<= 
< 
<  52231ad691f387b5
<  a  b  c  d  e  f  g  h  i  j  k  
< 1\B  .  .  .  .  .  B  .  B  .  B\1
<  2\.  W  W  .  .  .  .  .  .  .  W\2
<   3\.  .  .  .  .  .  W  B  .  W  .\3
<    4\.  .  B  .  B  W  B  B  B  B  .\4
<     5\.  .  .  W  W  W  W  W  W  W  .\5
<      6\.  B  .  .  B  .  .  B  .  .  .\6
<       7\.  B  W  .  .  .  .  .  .  .  .\7
<        8\.  B  W  .  .  .  .  .  B  .  W\8
<         9\.  .  W  .  .  .  .  .  .  .  B\9
<         10\W  .  B  B  .  .  .  W  .  W  .\10
<          11\.  .  .  .  .  .  .  .  .  .  .\11
<              a  b  c  d  e  f  g  h  i  j  k  
<
>genmove b
<= k4
<
>showboard
8e907 info: Captured cells caused win! Removing...
8e907 info: Opponent has won; playing most blocking move.
<= 
< 
<  db4abcd533dfe07f
<  a  b  c  d  e  f  g  h  i  j  k  
< 1\B  .  .  .  .  .  B  .  B  .  B\1
<  2\.  W  W  .  .  .  .  .  .  .  W\2
<   3\.  .  .  .  .  .  W  B  .  W  .\3
<    4\.  .  B  .  B  W  B  B  B  B  B\4
<     5\.  .  .  W  W  W  W  W  W  W  .\5
<      6\.  B  .  .  B  .  .  B  .  .  .\6
<       7\.  B  W  .  .  .  .  .  .  .  .\7
<        8\.  B  W  .  .  .  .  .  B  .  W\8
<         9\.  .  W  .  .  .  .  .  .  .  B\9
<         10\W  .  B  B  .  .  .  W  .  W  .\10
<          11\.  .  .  .  .  .  .  .  .  .  .\11
<              a  b  c  d  e  f  g  h  i  j  k  
<
>play w k5
<= 
<
>showboard
<= 
< 
<  7b0586ac8b03a2f8
<  a  b  c  d  e  f  g  h  i  j  k  
< 1\B  .  .  .  .  .  B  .  B  .  B\1
<  2\.  W  W  .  .  .  .  .  .  .  W\2
<   3\.  .  .  .  .  .  W  B  .  W  .\3
<    4\.  .  B  .  B  W  B  B  B  B  B\4
<     5\.  .  .  W  W  W  W  W  W  W  W\5
<      6\.  B  .  .  B  .  .  B  .  .  .\6
<       7\.  B  W  .  .  .  .  .  .  .  .\7
<        8\.  B  W  .  .  .  .  .  B  .  W\8
<         9\.  .  W  .  .  .  .  .  .  .  B\9
<         10\W  .  B  B  .  .  .  W  .  W  .\10
<          11\.  .  .  .  .  .  .  .  .  .  .\11
<              a  b  c  d  e  f  g  h  i  j  k  
<
>genmove b
<= b9
<
>showboard
8e907 info: Captured cells caused win! Removing...
8e907 info: Opponent has won; playing most blocking move.
<= 
< 
<  281ef9f78c1cb5a3
<  a  b  c  d  e  f  g  h  i  j  k  
< 1\B  .  .  .  .  .  B  .  B  .  B\1
<  2\.  W  W  .  .  .  .  .  .  .  W\2
<   3\.  .  .  .  .  .  W  B  .  W  .\3
<    4\.  .  B  .  B  W  B  B  B  B  B\4
<     5\.  .  .  W  W  W  W  W  W  W  W\5
<      6\.  B  .  .  B  .  .  B  .  .  .\6
<       7\.  B  W  .  .  .  .  .  .  .  .\7
<        8\.  B  W  .  .  .  .  .  B  .  W\8
<         9\.  B  W  .  .  .  .  .  .  .  B\9
<         10\W  .  B  B  .  .  .  W  .  W  .\10
<          11\.  .  .  .  .  .  .  .  .  .  .\11
<              a  b  c  d  e  f  g  h  i  j  k  
<
>play w b10
<= 
<
>showboard
<= 
< 
<  f38a3bea82a2c57c
<  a  b  c  d  e  f  g  h  i  j  k  
< 1\B  .  .  .  .  .  B  .  B  .  B\1
<  2\.  W  W  .  .  .  .  .  .  .  W\2
<   3\.  .  .  .  .  .  W  B  .  W  .\3
<    4\.  .  B  .  B  W  B  B  B  B  B\4
<     5\.  .  .  W  W  W  W  W  W  W  W\5
<      6\.  B  .  .  B  .  .  B  .  .  .\6
<       7\.  B  W  .  .  .  .  .  .  .  .\7
<        8\.  B  W  .  .  .  .  .  B  .  W\8
<         9\.  B  W  .  .  .  .  .  .  .  B\9
<         10\W  W  B  B  .  .  .  W  .  W  .\10
<          11\.  .  .  .  .  .  .  .  .  .  .\11
<              a  b  c  d  e  f  g  h  i  j  k  
<
>genmove b
<= d2
<
>showboard
8e907 info: Captured cells caused win! Removing...
8e907 info: Opponent has won; playing most blocking move.
<= 
< 
<  971a3081ada83fd0
<  a  b  c  d  e  f  g  h  i  j  k  
< 1\B  .  .  .  .  .  B  .  B  .  B\1
<  2\.  W  W  B  .  .  .  .  .  .  W\2
<   3\.  .  .  .  .  .  W  B  .  W  .\3
<    4\.  .  B  .  B  W  B  B  B  B  B\4
<     5\.  .  .  W  W  W  W  W  W  W  W\5
<      6\.  B  .  .  B  .  .  B  .  .  .\6
<       7\.  B  W  .  .  .  .  .  .  .  .\7
<        8\.  B  W  .  .  .  .  .  B  .  W\8
<         9\.  B  W  .  .  .  .  .  .  .  B\9
<         10\W  W  B  B  .  .  .  W  .  W  .\10
<          11\.  .  .  .  .  .  .  .  .  .  .\11
<              a  b  c  d  e  f  g  h  i  j  k  
<
>play w d6
<= 
<
>showboard
<= 
< 
<  927f4aa6662ae1a3
<  a  b  c  d  e  f  g  h  i  j  k  
< 1\B  .  .  .  .  .  B  .  B  .  B\1
<  2\.  W  W  B  .  .  .  .  .  .  W\2
<   3\.  .  .  .  .  .  W  B  .  W  .\3
<    4\.  .  B  .  B  W  B  B  B  B  B\4
<     5\.  .  .  W  W  W  W  W  W  W  W\5
<      6\.  B  .  W  B  .  .  B  .  .  .\6
<       7\.  B  W  .  .  .  .  .  .  .  .\7
<        8\.  B  W  .  .  .  .  .  B  .  W\8
<         9\.  B  W  .  .  .  .  .  .  .  B\9
<         10\W  W  B  B  .  .  .  W  .  W  .\10
<          11\.  .  .  .  .  .  .  .  .  .  .\11
<              a  b  c  d  e  f  g  h  i  j  k  
<
>genmove b
<= resign
<
>showboard
<= 
< 
<  927f4aa6662ae1a3
<  a  b  c  d  e  f  g  h  i  j  k  
< 1\B  .  .  .  .  .  B  .  B  .  B\1
<  2\.  W  W  B  .  .  .  .  .  .  W\2
<   3\.  .  .  .  .  .  W  B  .  W  .\3
<    4\.  .  B  .  B  W  B  B  B  B  B\4
<     5\.  .  .  W  W  W  W  W  W  W  W\5
<      6\.  B  .  W  B  .  .  B  .  .  .\6
<       7\.  B  W  .  .  .  .  .  .  .  .\7
<        8\.  B  W  .  .  .  .  .  B  .  W\8
<         9\.  B  W  .  .  .  .  .  .  .  B\9
<         10\W  W  B  B  .  .  .  W  .  W  .\10
<          11\.  .  .  .  .  .  .  .  .  .  .\11
<              a  b  c  d  e  f  g  h  i  j  k  
<
>final_score
<= W+
<
>quit
<= 
<
