a1c37 config: MoHex v2.0.CMake Mar 21 2025.
a1c37 config: ============ InitializeSystem ============
a1c37 config: BenzeneProgram::InitRandom()
a1c37 config: Seed = 954382
a1c37 info: Prior Patterns:
a1c37 info: Global:
a1c37 info: Size            = 565 32648 
a1c37 info: TableEntries    = 65932 65910
a1c37 info: MirrorsAdded    = 0 0
a1c37 info: PrunableCount   = 30593 30629
a1c37 info: LargestGamma    = 5820.77
a1c37 info: SmallestGamma   = 6.6e-05
a1c37 info: Local:
a1c37 info: Size            = 550 5318 
a1c37 info: TableEntries    = 11602 11588
a1c37 info: MirrorsAdded    = 0 0
a1c37 info: PrunableCount   = 3659 3667
a1c37 info: LargestGamma    = 11281.8
a1c37 info: SmallestGamma   = 0.026235
a1c37 info: Playout Patterns:
a1c37 info: Global:
a1c37 info: Size            = 565 32648 
a1c37 info: TableEntries    = 70329 70329
a1c37 info: MirrorsAdded    = 4397 4419
a1c37 info: PrunableCount   = 30593 30629
a1c37 info: LargestGamma    = 5820.77
a1c37 info: SmallestGamma   = 6.6e-05
a1c37 info: Local:
a1c37 info: Size            = 550 5318 
a1c37 info: TableEntries    = 11602 11588
a1c37 info: MirrorsAdded    = 0 0
a1c37 info: PrunableCount   = 3659 3667
a1c37 info: LargestGamma    = 11281.8
a1c37 info: SmallestGamma   = 0.026235
a1c37 config: IcePatternSet: reading from '/home/linus/MoHex2.0/nfbranchfix/benzene-vanilla-cmake/share/ice-patterns.txt'.
a1c37 config: IcePatternSet: parsed 708 patterns.
a1c37 config: VCS: reading captured set patterns from '/home/linus/MoHex2.0/nfbranchfix/benzene-vanilla-cmake/share/vc-captured-set.txt'.
a1c37 config: VCS:: parsed 2 patterns.
a1c37 config: VCS: reading captured set patterns from '/home/linus/MoHex2.0/nfbranchfix/benzene-vanilla-cmake/share/vc-captured-set.txt'.
a1c37 config: VCS:: parsed 2 patterns.
a1c37 config: IcePatternSet: reading from '/home/linus/MoHex2.0/nfbranchfix/benzene-vanilla-cmake/share/ice-patterns.txt'.
a1c37 config: IcePatternSet: parsed 708 patterns.
a1c37 config: VCS: reading captured set patterns from '/home/linus/MoHex2.0/nfbranchfix/benzene-vanilla-cmake/share/vc-captured-set.txt'.
a1c37 config: VCS:: parsed 2 patterns.
a1c37 config: VCS: reading captured set patterns from '/home/linus/MoHex2.0/nfbranchfix/benzene-vanilla-cmake/share/vc-captured-set.txt'.
a1c37 config: VCS:: parsed 2 patterns.
a1c37 config: VCS: reading captured set patterns from '/home/linus/MoHex2.0/nfbranchfix/benzene-vanilla-cmake/share/vc-captured-set.txt'.
a1c37 config: VCS:: parsed 2 patterns.
a1c37 config: VCS: reading captured set patterns from '/home/linus/MoHex2.0/nfbranchfix/benzene-vanilla-cmake/share/vc-captured-set.txt'.
a1c37 config: VCS:: parsed 2 patterns.
a1c37 config: VCS: reading captured set patterns from '/home/linus/MoHex2.0/nfbranchfix/benzene-vanilla-cmake/share/vc-captured-set.txt'.
a1c37 config: VCS:: parsed 2 patterns.
a1c37 config: VCS: reading captured set patterns from '/home/linus/MoHex2.0/nfbranchfix/benzene-vanilla-cmake/share/vc-captured-set.txt'.
a1c37 config: VCS:: parsed 2 patterns.
a1c37 config: VCPattern: loading pattern templates from '/home/linus/MoHex2.0/nfbranchfix/benzene-vanilla-cmake/share/vc-patterns.txt'.
a1c37 info: Best move cannot be determined, must search state.
a1c37 info: --- MoHexPlayer::Search() ---
a1c37 info: Color: white
a1c37 info: MaxGames: 1
a1c37 info: NumberThreads: 1
a1c37 info: MaxNodes: 181818181 (15999999928 bytes)
a1c37 info: TimeForMove: 1
a1c37 info: PreSearch: max time reached (53/91).
a1c37 info: Time for PreSearch: 0.201886s
a1c37 info: 
  b2b51b3ed4b670fe
  a  b  c  d  e  f  g  h  i  j  k  
 1\.  .  .  *  *  *  *  *  *  *  .\1
  2\.  .  *  *  *  *  *  *  *  *  .\2
   3\.  *  *  *  *  *  *  *  *  *  .\3
    4\.  *  *  *  *  *  *  *  *  *  .\4
     5\.  *  *  *  *  *  B  *  *  *  .\5
      6\.  *  *  *  *  *  *  *  *  *  .\6
       7\.  *  *  *  .  *  *  *  *  *  .\7
        8\.  *  *  *  *  *  *  *  *  *  .\8
         9\.  *  *  *  *  *  *  *  *  *  .\9
         10\.  *  *  *  *  *  *  *  *  .  .\10
          11\.  *  *  *  *  *  *  *  .  .  .\11
              a  b  c  d  e  f  g  h  i  j  k  
a1c37 info: No subtree to reuse.
a1c37 info: Creating thread 0
a1c37 info: StartSearch()[0]
a1c37 config: VCS: reading captured set patterns from '/home/linus/MoHex2.0/nfbranchfix/benzene-vanilla-cmake/share/vc-captured-set.txt'.
a1c37 config: VCS:: parsed 2 patterns.
a1c37 config: VCS: reading captured set patterns from '/home/linus/MoHex2.0/nfbranchfix/benzene-vanilla-cmake/share/vc-captured-set.txt'.
a1c37 config: VCS:: parsed 2 patterns.
a1c37 info: 
Elapsed Time   0.34727s
Count          1
GamesPlayed    1
Nodes          1
Knowledge      0 (0.0%)
Expansions     0.0
Time           0.00
GameLen        120.0 dev=0.0 min=120.0 max=120.0
InTree         0.0 dev=0.0 min=0.0 max=0.0
KnowDepth      -
Aborted        0%
Games/s        402.4
Score          1.00
Sequence      
a1c37 info: 
a1c37 warning: **** MoHexSearch returned empty sequence!
a1c37 warning: **** Returning random move!
a1c37 info: Best move cannot be determined, must search state.
a1c37 info: --- MoHexPlayer::Search() ---
a1c37 info: Color: white
a1c37 info: MaxGames: 1
a1c37 info: NumberThreads: 1
a1c37 info: MaxNodes: 181818181 (15999999928 bytes)
a1c37 info: TimeForMove: 1
a1c37 info: PreSearch: max time reached (44/90).
a1c37 info: Time for PreSearch: 0.202033s
a1c37 info: 
  648c3667ed997eea
  a  b  c  d  e  f  g  h  i  j  k  
 1\.  .  .  *  *  *  *  *  *  *  .\1
  2\.  .  *  *  *  *  *  *  *  *  .\2
   3\.  *  *  *  *  *  *  *  *  *  .\3
    4\.  *  *  *  *  *  *  *  *  *  .\4
     5\.  *  *  *  *  *  B  *  *  *  .\5
      6\.  *  *  *  *  *  *  *  *  *  .\6
       7\.  *  *  *  *  *  *  *  *  *  .\7
        8\.  *  *  B  *  *  *  W  *  *  .\8
         9\.  *  *  *  *  *  *  *  *  *  .\9
         10\.  *  *  *  *  *  *  *  *  .  .\10
          11\.  *  *  *  *  *  *  *  .  .  .\11
              a  b  c  d  e  f  g  h  i  j  k  
a1c37 info: Old: [black, g5] [white, swap-pieces] 
a1c37 info: New: [black, g5] [white, swap-pieces] [white, h8] [black, d8] 
a1c37 info: ReuseSubtree: Colors do not alternate.
a1c37 info: No subtree to reuse.
a1c37 info: StartSearch()[0]
a1c37 info: 
Elapsed Time   0.345813s
Count          1
GamesPlayed    1
Nodes          1
Knowledge      0 (0.0%)
Expansions     0.0
Time           0.00
GameLen        118.0 dev=0.0 min=118.0 max=118.0
InTree         0.0 dev=0.0 min=0.0 max=0.0
KnowDepth      -
Aborted        0%
Games/s        2949.9
Score          0.00
Sequence      
a1c37 info: 
a1c37 warning: **** MoHexSearch returned empty sequence!
a1c37 warning: **** Returning random move!
a1c37 info: Best move cannot be determined, must search state.
a1c37 info: --- MoHexPlayer::Search() ---
a1c37 info: Color: white
a1c37 info: MaxGames: 1
a1c37 info: NumberThreads: 1
a1c37 info: MaxNodes: 181818181 (15999999928 bytes)
a1c37 info: TimeForMove: 1
a1c37 info: PreSearch: max time reached (43/86).
a1c37 info: Time for PreSearch: 0.20194s
a1c37 info: 
  d4168cacab9ddb18
  a  b  c  d  e  f  g  h  i  j  k  
 1\.  .  .  *  *  *  *  *  *  *  .\1
  2\.  .  *  *  *  *  *  *  *  *  .\2
   3\.  *  *  *  *  *  *  *  *  *  .\3
    4\.  *  *  *  *  *  *  *  *  *  .\4
     5\.  *  *  *  *  *  B  *  *  *  .\5
      6\.  *  *  *  *  *  *  *  *  *  .\6
       7\.  *  *  *  *  *  *  *  *  *  .\7
        8\.  *  *  B  *  *  *  W  *  *  .\8
         9\.  *  *  *  *  *  *  *  *  *  .\9
         10\.  *  *  *  *  W  *  *  *  .  .\10
          11\.  *  *  .  B  .  *  *  .  .  .\11
              a  b  c  d  e  f  g  h  i  j  k  
a1c37 info: Old: [black, g5] [white, swap-pieces] [white, h8] [black, d8] 
a1c37 info: New: [black, g5] [white, swap-pieces] [white, h8] [black, d8] [white, f10] [black, e11] 
a1c37 info: MovesPlayed: [white, f10] [black, e11] 
a1c37 info: No subtree to reuse.
a1c37 info: StartSearch()[0]
a1c37 info: 
Elapsed Time   0.345782s
Count          1
GamesPlayed    1
Nodes          1
Knowledge      0 (0.0%)
Expansions     0.0
Time           0.00
GameLen        116.0 dev=0.0 min=116.0 max=116.0
InTree         0.0 dev=0.0 min=0.0 max=0.0
KnowDepth      -
Aborted        0%
Games/s        3378.4
Score          1.00
Sequence      
a1c37 info: 
a1c37 warning: **** MoHexSearch returned empty sequence!
a1c37 warning: **** Returning random move!
a1c37 info: Best move cannot be determined, must search state.
a1c37 info: --- MoHexPlayer::Search() ---
a1c37 info: Color: white
a1c37 info: MaxGames: 1
a1c37 info: NumberThreads: 1
a1c37 info: MaxNodes: 181818181 (15999999928 bytes)
a1c37 info: TimeForMove: 1
a1c37 info: PreSearch: max time reached (47/80).
a1c37 info: Time for PreSearch: 0.202452s
a1c37 info: 
  66e0f7a4fcb203d1
  a  b  c  d  e  f  g  h  i  j  k  
 1\.  .  .  *  *  *  *  *  *  *  .\1
  2\.  .  *  *  *  *  *  *  *  *  .\2
   3\.  *  *  *  *  *  *  *  *  *  .\3
    4\.  *  *  *  *  *  *  *  *  *  .\4
     5\.  *  *  *  *  *  B  *  *  *  .\5
      6\.  *  *  *  *  *  *  *  *  *  .\6
       7\.  *  *  *  *  *  *  *  *  *  .\7
        8\.  *  W  B  *  *  *  W  *  *  .\8
         9\.  .  *  *  *  *  *  B  *  *  .\9
         10\.  *  *  *  *  W  .  .  *  .  .\10
          11\.  *  *  .  B  .  *  .  .  .  .\11
              a  b  c  d  e  f  g  h  i  j  k  
a1c37 info: Old: [black, g5] [white, swap-pieces] [white, h8] [black, d8] [white, f10] [black, e11] 
a1c37 info: New: [black, g5] [white, swap-pieces] [white, h8] [black, d8] [white, f10] [black, e11] [white, c8] [black, h9] 
a1c37 info: MovesPlayed: [white, c8] [black, h9] 
a1c37 info: No subtree to reuse.
a1c37 info: StartSearch()[0]
a1c37 info: 
Elapsed Time   0.344283s
Count          1
GamesPlayed    1
Nodes          1
Knowledge      0 (0.0%)
Expansions     0.0
Time           0.00
GameLen        114.0 dev=0.0 min=114.0 max=114.0
InTree         0.0 dev=0.0 min=0.0 max=0.0
KnowDepth      -
Aborted        0%
Games/s        3048.8
Score          1.00
Sequence      
a1c37 info: 
a1c37 warning: **** MoHexSearch returned empty sequence!
a1c37 warning: **** Returning random move!
a1c37 info: Best move cannot be determined, must search state.
a1c37 info: --- MoHexPlayer::Search() ---
a1c37 info: Color: white
a1c37 info: MaxGames: 1
a1c37 info: NumberThreads: 1
a1c37 info: MaxNodes: 181818181 (15999999928 bytes)
a1c37 info: TimeForMove: 1
a1c37 info: PreSearch: max time reached (46/79).
a1c37 info: Time for PreSearch: 0.200796s
a1c37 info: 
  4e07a0136cc27dba
  a  b  c  d  e  f  g  h  i  j  k  
 1\.  .  .  *  *  *  *  *  *  *  .\1
  2\.  .  *  *  *  *  *  *  *  *  .\2
   3\.  *  *  *  *  *  *  *  *  *  .\3
    4\.  *  *  *  *  *  *  *  *  *  .\4
     5\B  *  *  *  *  *  B  *  *  *  .\5
      6\.  *  *  *  *  *  *  *  *  *  .\6
       7\.  *  *  *  *  *  *  *  *  *  .\7
        8\.  *  W  B  *  *  *  W  *  *  .\8
         9\.  .  *  *  *  *  *  B  *  *  .\9
         10\.  *  *  *  *  W  w  .  *  .  .\10
          11\.  *  *  .  B  w  W  .  .  .  .\11
              a  b  c  d  e  f  g  h  i  j  k  
a1c37 info: Old: [black, g5] [white, swap-pieces] [white, h8] [black, d8] [white, f10] [black, e11] [white, c8] [black, h9] 
a1c37 info: New: [black, g5] [white, swap-pieces] [white, h8] [black, d8] [white, f10] [black, e11] [white, c8] [black, h9] [white, g11] [black, a5] 
a1c37 info: MovesPlayed: [white, g11] [black, a5] 
a1c37 info: No subtree to reuse.
a1c37 info: StartSearch()[0]
a1c37 info: 
Elapsed Time   0.520144s
Count          1
GamesPlayed    1
Nodes          1
Knowledge      0 (0.0%)
Expansions     0.0
Time           0.00
GameLen        110.0 dev=0.0 min=110.0 max=110.0
InTree         0.0 dev=0.0 min=0.0 max=0.0
KnowDepth      -
Aborted        0%
Games/s        3355.7
Score          0.00
Sequence      
a1c37 info: 
a1c37 warning: **** MoHexSearch returned empty sequence!
a1c37 warning: **** Returning random move!
a1c37 info: Best move cannot be determined, must search state.
a1c37 info: --- MoHexPlayer::Search() ---
a1c37 info: Color: white
a1c37 info: MaxGames: 1
a1c37 info: NumberThreads: 1
a1c37 info: MaxNodes: 181818181 (15999999928 bytes)
a1c37 info: TimeForMove: 1
a1c37 info: Time for PreSearch: 0.125788s
a1c37 info: 
  c7ad1cf75e711218
  a  b  c  d  e  f  g  h  i  j  k  
 1\b  .  .  .  *  *  *  *  *  *  .\1
  2\W  .  .  .  *  *  *  *  *  *  .\2
   3\.  .  .  .  *  *  *  *  *  .  .\3
    4\.  .  .  .  *  *  *  *  .  .  .\4
     5\B  .  .  .  *  *  B  .  .  .  .\5
      6\.  .  .  .  *  *  *  .  .  .  .\6
       7\.  .  .  *  *  *  .  .  .  .  .\7
        8\.  .  W  B  B  .  .  W  .  .  .\8
         9\.  .  *  *  *  .  .  B  .  .  .\9
         10\.  .  *  *  .  W  w  .  .  .  .\10
          11\.  *  *  .  B  w  W  .  .  .  .\11
              a  b  c  d  e  f  g  h  i  j  k  
a1c37 info: Old: [black, g5] [white, swap-pieces] [white, h8] [black, d8] [white, f10] [black, e11] [white, c8] [black, h9] [white, g11] [black, a5] 
a1c37 info: New: [black, g5] [white, swap-pieces] [white, h8] [black, d8] [white, f10] [black, e11] [white, c8] [black, h9] [white, g11] [black, a5] [white, a2] [black, e8] 
a1c37 info: MovesPlayed: [white, a2] [black, e8] 
a1c37 info: No subtree to reuse.
a1c37 info: StartSearch()[0]
a1c37 info: 
Elapsed Time   0.265759s
Count          1
GamesPlayed    1
Nodes          1
Knowledge      0 (0.0%)
Expansions     0.0
Time           0.00
GameLen        107.0 dev=0.0 min=107.0 max=107.0
InTree         0.0 dev=0.0 min=0.0 max=0.0
KnowDepth      -
Aborted        0%
Games/s        3508.8
Score          0.00
Sequence      
a1c37 info: 
a1c37 warning: **** MoHexSearch returned empty sequence!
a1c37 warning: **** Returning random move!
a1c37 info: Opponent has won; playing most blocking move.
a1c37 info: Opponent has won; playing most blocking move.
a1c37 info: Opponent has won; playing most blocking move.
a1c37 info: Opponent has won; playing most blocking move.
a1c37 info: Opponent has won; playing most blocking move.
a1c37 info: Opponent has won; playing most blocking move.
a1c37 info: Opponent has won; playing most blocking move.
a1c37 info: Opponent has won; playing most blocking move.
a1c37 info: Opponent has won; playing most blocking move.
a1c37 info: Opponent has won; playing most blocking move.
a1c37 info: Captured cells caused win! Removing...
a1c37 info: Opponent has won; playing most blocking move.
a1c37 config: ============ BenzeneShutdown =============
a1c37 config: MoHexProgram:: ShutdownSystem()
a1c37 config: CommonProgram:: ShutdownSystem()
a1c37 config: BenzeneProgram:: ShutdownSystem()
Flushing and closing this stream...
