# nice ../build/src/mohex/mohex --config mohex-cg2010.htp --seed 888906 --logfile-name jobs/11x11-mohex-mohex-cg2010-vs-mohex-mohex-weak-2/mohex-mohex-cg2010-235.log
>boardsize 11 11
MoHex 2.0.CMake Mar 21 2025
Copyright (C) 2007-2012 by the authors of the Benzene project.
This program comes with ABSOLUTELY NO WARRANTY. This is
free software and you are welcome to redistribute it under
certain conditions. Type `benzene-license' for details.

SgRandom::SetSeed: 888906
SgUctSearch: system memory 33632358400, using 1000000000 (5681818 nodes)
SgRandom::SetSeed: 1
SgRandom::SetSeed: 888906
29d87 info: Prior Patterns:
29d87 info: Global:
29d87 info: Size            = 565 32648 
29d87 info: TableEntries    = 65932 65910
29d87 info: MirrorsAdded    = 0 0
29d87 info: PrunableCount   = 30593 30629
29d87 info: LargestGamma    = 5820.77
29d87 info: SmallestGamma   = 6.6e-05
29d87 info: Local:
29d87 info: Size            = 550 5318 
29d87 info: TableEntries    = 11602 11588
29d87 info: MirrorsAdded    = 0 0
29d87 info: PrunableCount   = 3659 3667
29d87 info: LargestGamma    = 11281.8
29d87 info: SmallestGamma   = 0.026235
29d87 info: Playout Patterns:
29d87 info: Global:
29d87 info: Size            = 565 32648 
29d87 info: TableEntries    = 70329 70329
29d87 info: MirrorsAdded    = 4397 4419
29d87 info: PrunableCount   = 30593 30629
29d87 info: LargestGamma    = 5820.77
29d87 info: SmallestGamma   = 6.6e-05
29d87 info: Local:
29d87 info: Size            = 550 5318 
29d87 info: TableEntries    = 11602 11588
29d87 info: MirrorsAdded    = 0 0
29d87 info: PrunableCount   = 3659 3667
29d87 info: LargestGamma    = 11281.8
29d87 info: SmallestGamma   = 0.026235
param_game allow_swap 1
= 

param_mohex max_memory 32000000000
= 

param_mohex num_threads 1
= 

param_mohex max_time 1
= 

param_mohex max_games 1
= 

param_mohex knowledge_threshold 400
= 

param_mohex reuse_subtree 1
= 

param_mohex use_parallel_solver 0
= 

<= 
<
>name
<= MoHex
<
>version
<= 2.0.CMake
<
>play b k8
<= 
<
>genmove w
<= swap-pieces
<
>showboard
29d87 info: SwapCheck: reading from '/home/linus/MoHex2.0/nfbranchfix/benzene-vanilla-cmake/share/swap-moves.txt'.
29d87 info: SwapCheck: playing swap.
<= 
< 
<  c80237a1bfe88181
<  a  b  c  d  e  f  g  h  i  j  k  
< 1\.  .  .  .  .  .  .  .  .  .  .\1
<  2\.  .  .  .  .  .  .  .  .  .  .\2
<   3\.  .  .  .  .  .  .  .  .  .  .\3
<    4\.  .  .  .  .  .  .  .  .  .  .\4
<     5\.  .  .  .  .  .  .  .  .  .  .\5
<      6\.  .  .  .  .  .  .  .  .  .  .\6
<       7\.  .  .  .  .  .  .  .  .  .  .\7
<        8\.  .  .  .  .  .  .  .  .  .  B\8
<         9\.  .  .  .  .  .  .  .  .  .  .\9
<         10\.  .  .  .  .  .  .  .  .  .  .\10
<          11\.  .  .  .  .  .  .  .  .  .  .\11
<              a  b  c  d  e  f  g  h  i  j  k  
<
>play w k6
<= 
<
>showboard
<= 
< 
<  26540e10d26dcfd9
<  a  b  c  d  e  f  g  h  i  j  k  
< 1\.  .  .  .  .  .  .  .  .  .  .\1
<  2\.  .  .  .  .  .  .  .  .  .  .\2
<   3\.  .  .  .  .  .  .  .  .  .  .\3
<    4\.  .  .  .  .  .  .  .  .  .  .\4
<     5\.  .  .  .  .  .  .  .  .  .  .\5
<      6\.  .  .  .  .  .  .  .  .  .  W\6
<       7\.  .  .  .  .  .  .  .  .  .  .\7
<        8\.  .  .  .  .  .  .  .  .  .  B\8
<         9\.  .  .  .  .  .  .  .  .  .  .\9
<         10\.  .  .  .  .  .  .  .  .  .  .\10
<          11\.  .  .  .  .  .  .  .  .  .  .\11
<              a  b  c  d  e  f  g  h  i  j  k  
<
>genmove b
<= k3
<
>showboard
29d87 info: Best move cannot be determined, must search state.
29d87 info: --- MoHexPlayer::Search() ---
29d87 info: Color: black
29d87 info: MaxGames: 1
29d87 info: NumberThreads: 1
29d87 info: MaxNodes: 181818181 (15999999928 bytes)
29d87 info: TimeForMove: 1
29d87 info: PreSearch: max time reached (43/89).
29d87 info: Time for PreSearch: 0.201989s
29d87 info: 
  26540e10d26dcfd9
  a  b  c  d  e  f  g  h  i  j  k  
 1\.  .  .  .  .  .  .  .  .  .  .\1
  2\.  .  *  *  *  *  *  *  *  *  *\2
   3\.  *  *  *  *  *  *  *  *  *  *\3
    4\*  *  *  *  *  *  *  *  *  *  *\4
     5\*  *  *  *  *  *  *  *  *  *  .\5
      6\*  *  *  *  *  *  *  *  *  *  W\6
       7\*  *  *  *  *  *  *  *  *  *  .\7
        8\*  *  *  *  *  *  *  *  *  *  B\8
         9\*  *  *  *  *  *  *  *  *  *  .\9
         10\*  *  *  *  *  *  *  *  *  .  .\10
          11\.  .  .  .  .  .  .  .  .  .  .\11
              a  b  c  d  e  f  g  h  i  j  k  
29d87 info: No subtree to reuse.
29d87 info: Creating thread 0
29d87 info: StartSearch()[0]
SgUctSearch: max games reached
29d87 info: 
Elapsed Time   0.557515s
Count          1
GamesPlayed    1
Nodes          1
Knowledge      0 (0.0%)
Expansions     0.0
Time           0.00
GameLen        119.0 dev=0.0 min=119.0 max=119.0
InTree         0.0 dev=0.0 min=0.0 max=0.0
KnowDepth      -
Aborted        0%
Games/s        351.6
Score          1.00
Sequence      
29d87 info: 
29d87 warning: **** MoHexSearch returned empty sequence!
29d87 warning: **** Returning random move!
<= 
< 
<  65091a3d2202a5d1
<  a  b  c  d  e  f  g  h  i  j  k  
< 1\.  .  .  .  .  .  .  .  .  .  .\1
<  2\.  .  .  .  .  .  .  .  .  .  .\2
<   3\.  .  .  .  .  .  .  .  .  .  B\3
<    4\.  .  .  .  .  .  .  .  .  .  .\4
<     5\.  .  .  .  .  .  .  .  .  .  .\5
<      6\.  .  .  .  .  .  .  .  .  .  W\6
<       7\.  .  .  .  .  .  .  .  .  .  .\7
<        8\.  .  .  .  .  .  .  .  .  .  B\8
<         9\.  .  .  .  .  .  .  .  .  .  .\9
<         10\.  .  .  .  .  .  .  .  .  .  .\10
<          11\.  .  .  .  .  .  .  .  .  .  .\11
<              a  b  c  d  e  f  g  h  i  j  k  
<
>play w d6
<= 
<
>showboard
<= 
< 
<  606c601ae9807ba2
<  a  b  c  d  e  f  g  h  i  j  k  
< 1\.  .  .  .  .  .  .  .  .  .  .\1
<  2\.  .  .  .  .  .  .  .  .  .  .\2
<   3\.  .  .  .  .  .  .  .  .  .  B\3
<    4\.  .  .  .  .  .  .  .  .  .  .\4
<     5\.  .  .  .  .  .  .  .  .  .  .\5
<      6\.  .  .  W  .  .  .  .  .  .  W\6
<       7\.  .  .  .  .  .  .  .  .  .  .\7
<        8\.  .  .  .  .  .  .  .  .  .  B\8
<         9\.  .  .  .  .  .  .  .  .  .  .\9
<         10\.  .  .  .  .  .  .  .  .  .  .\10
<          11\.  .  .  .  .  .  .  .  .  .  .\11
<              a  b  c  d  e  f  g  h  i  j  k  
<
>genmove b
<= e8
<
>showboard
29d87 info: Best move cannot be determined, must search state.
29d87 info: --- MoHexPlayer::Search() ---
29d87 info: Color: black
29d87 info: MaxGames: 1
29d87 info: NumberThreads: 1
29d87 info: MaxNodes: 181818181 (15999999928 bytes)
29d87 info: TimeForMove: 1
29d87 info: PreSearch: max time reached (43/87).
29d87 info: Time for PreSearch: 0.201976s
29d87 info: 
  606c601ae9807ba2
  a  b  c  d  e  f  g  h  i  j  k  
 1\.  .  .  .  .  .  .  .  .  .  .\1
  2\.  .  *  *  *  *  *  *  *  *  *\2
   3\.  *  *  *  *  *  *  *  *  *  B\3
    4\*  *  *  *  *  *  *  *  *  *  *\4
     5\*  *  *  *  *  *  *  *  *  *  .\5
      6\*  *  *  W  *  *  *  *  *  *  W\6
       7\*  *  *  *  *  *  *  *  *  *  .\7
        8\*  *  *  *  *  *  *  *  *  *  B\8
         9\*  *  *  *  *  *  *  *  *  *  .\9
         10\*  *  *  *  *  *  *  *  *  .  .\10
          11\.  .  .  .  .  .  .  .  .  .  .\11
              a  b  c  d  e  f  g  h  i  j  k  
29d87 info: Old: [black, k8] [white, swap-pieces] [white, k6] 
29d87 info: New: [black, k8] [white, swap-pieces] [white, k6] [black, k3] [white, d6] 
29d87 info: MovesPlayed: [black, k3] [white, d6] 
29d87 info: No subtree to reuse.
29d87 info: StartSearch()[0]
SgUctSearch: max games reached
29d87 info: 
Elapsed Time   0.359017s
Count          1
GamesPlayed    1
Nodes          1
Knowledge      0 (0.0%)
Expansions     0.0
Time           0.00
GameLen        117.0 dev=0.0 min=117.0 max=117.0
InTree         0.0 dev=0.0 min=0.0 max=0.0
KnowDepth      -
Aborted        0%
Games/s        3344.5
Score          0.00
Sequence      
29d87 info: 
29d87 warning: **** MoHexSearch returned empty sequence!
29d87 warning: **** Returning random move!
<= 
< 
<  895419427154f4df
<  a  b  c  d  e  f  g  h  i  j  k  
< 1\.  .  .  .  .  .  .  .  .  .  .\1
<  2\.  .  .  .  .  .  .  .  .  .  .\2
<   3\.  .  .  .  .  .  .  .  .  .  B\3
<    4\.  .  .  .  .  .  .  .  .  .  .\4
<     5\.  .  .  .  .  .  .  .  .  .  .\5
<      6\.  .  .  W  .  .  .  .  .  .  W\6
<       7\.  .  .  .  .  .  .  .  .  .  .\7
<        8\.  .  .  .  B  .  .  .  .  .  B\8
<         9\.  .  .  .  .  .  .  .  .  .  .\9
<         10\.  .  .  .  .  .  .  .  .  .  .\10
<          11\.  .  .  .  .  .  .  .  .  .  .\11
<              a  b  c  d  e  f  g  h  i  j  k  
<
>play w e1
<= 
<
>showboard
<= 
< 
<  53f7b0ef31c6ea75
<  a  b  c  d  e  f  g  h  i  j  k  
< 1\.  .  .  .  W  .  .  .  .  .  .\1
<  2\.  .  .  .  .  .  .  .  .  .  .\2
<   3\.  .  .  .  .  .  .  .  .  .  B\3
<    4\.  .  .  .  .  .  .  .  .  .  .\4
<     5\.  .  .  .  .  .  .  .  .  .  .\5
<      6\.  .  .  W  .  .  .  .  .  .  W\6
<       7\.  .  .  .  .  .  .  .  .  .  .\7
<        8\.  .  .  .  B  .  .  .  .  .  B\8
<         9\.  .  .  .  .  .  .  .  .  .  .\9
<         10\.  .  .  .  .  .  .  .  .  .  .\10
<          11\.  .  .  .  .  .  .  .  .  .  .\11
<              a  b  c  d  e  f  g  h  i  j  k  
<
>genmove b
<= i1
<
>showboard
29d87 info: Best move cannot be determined, must search state.
29d87 info: --- MoHexPlayer::Search() ---
29d87 info: Color: black
29d87 info: MaxGames: 1
29d87 info: NumberThreads: 1
29d87 info: MaxNodes: 181818181 (15999999928 bytes)
29d87 info: TimeForMove: 1
29d87 info: PreSearch: max time reached (42/86).
29d87 info: Time for PreSearch: 0.202853s
29d87 info: 
  53f7b0ef31c6ea75
  a  b  c  d  e  f  g  h  i  j  k  
 1\.  .  .  .  W  .  .  .  .  .  .\1
  2\.  .  *  *  *  *  *  *  *  *  *\2
   3\.  *  *  *  *  *  *  *  *  *  B\3
    4\*  *  *  *  *  *  *  *  *  *  *\4
     5\*  *  *  *  *  *  *  *  *  *  .\5
      6\*  *  *  W  *  *  *  *  *  *  W\6
       7\*  *  *  *  *  *  *  *  *  *  .\7
        8\*  *  *  *  B  *  *  *  *  *  B\8
         9\*  *  *  *  *  *  *  *  *  *  .\9
         10\*  *  *  *  *  *  *  *  *  .  .\10
          11\.  .  .  .  .  .  .  .  .  .  .\11
              a  b  c  d  e  f  g  h  i  j  k  
29d87 info: Old: [black, k8] [white, swap-pieces] [white, k6] [black, k3] [white, d6] 
29d87 info: New: [black, k8] [white, swap-pieces] [white, k6] [black, k3] [white, d6] [black, e8] [white, e1] 
29d87 info: MovesPlayed: [black, e8] [white, e1] 
29d87 info: No subtree to reuse.
29d87 info: StartSearch()[0]
SgUctSearch: max games reached
29d87 info: 
Elapsed Time   0.353635s
Count          1
GamesPlayed    1
Nodes          1
Knowledge      0 (0.0%)
Expansions     0.0
Time           0.00
GameLen        115.0 dev=0.0 min=115.0 max=115.0
InTree         0.0 dev=0.0 min=0.0 max=0.0
KnowDepth      -
Aborted        0%
Games/s        3215.4
Score          1.00
Sequence      
29d87 info: 
29d87 warning: **** MoHexSearch returned empty sequence!
29d87 warning: **** Returning random move!
<= 
< 
<  282237616da0451d
<  a  b  c  d  e  f  g  h  i  j  k  
< 1\.  .  .  .  W  .  .  .  B  .  .\1
<  2\.  .  .  .  .  .  .  .  .  .  .\2
<   3\.  .  .  .  .  .  .  .  .  .  B\3
<    4\.  .  .  .  .  .  .  .  .  .  .\4
<     5\.  .  .  .  .  .  .  .  .  .  .\5
<      6\.  .  .  W  .  .  .  .  .  .  W\6
<       7\.  .  .  .  .  .  .  .  .  .  .\7
<        8\.  .  .  .  B  .  .  .  .  .  B\8
<         9\.  .  .  .  .  .  .  .  .  .  .\9
<         10\.  .  .  .  .  .  .  .  .  .  .\10
<          11\.  .  .  .  .  .  .  .  .  .  .\11
<              a  b  c  d  e  f  g  h  i  j  k  
<
>play w i5
<= 
<
>showboard
<= 
< 
<  5218d4f7b24f61eb
<  a  b  c  d  e  f  g  h  i  j  k  
< 1\.  .  .  .  W  .  .  .  B  .  .\1
<  2\.  .  .  .  .  .  .  .  .  .  .\2
<   3\.  .  .  .  .  .  .  .  .  .  B\3
<    4\.  .  .  .  .  .  .  .  .  .  .\4
<     5\.  .  .  .  .  .  .  .  W  .  .\5
<      6\.  .  .  W  .  .  .  .  .  .  W\6
<       7\.  .  .  .  .  .  .  .  .  .  .\7
<        8\.  .  .  .  B  .  .  .  .  .  B\8
<         9\.  .  .  .  .  .  .  .  .  .  .\9
<         10\.  .  .  .  .  .  .  .  .  .  .\10
<          11\.  .  .  .  .  .  .  .  .  .  .\11
<              a  b  c  d  e  f  g  h  i  j  k  
<
>genmove b
<= b7
<
>showboard
29d87 info: Best move cannot be determined, must search state.
29d87 info: --- MoHexPlayer::Search() ---
29d87 info: Color: black
29d87 info: MaxGames: 1
29d87 info: NumberThreads: 1
29d87 info: MaxNodes: 181818181 (15999999928 bytes)
29d87 info: TimeForMove: 1
29d87 info: PreSearch: max time reached (41/85).
29d87 info: Time for PreSearch: 0.204105s
29d87 info: 
  5218d4f7b24f61eb
  a  b  c  d  e  f  g  h  i  j  k  
 1\.  .  .  .  W  .  .  .  B  .  .\1
  2\.  .  *  *  *  *  *  *  *  *  *\2
   3\.  *  *  *  *  *  *  *  *  *  B\3
    4\*  *  *  *  *  *  *  *  *  *  *\4
     5\*  *  *  *  *  *  *  *  W  *  .\5
      6\*  *  *  W  *  *  *  *  *  *  W\6
       7\*  *  *  *  *  *  *  *  *  *  .\7
        8\*  *  *  *  B  *  *  *  *  *  B\8
         9\*  *  *  *  *  *  *  *  *  *  .\9
         10\*  *  *  *  *  *  *  *  *  .  .\10
          11\.  .  .  .  .  .  .  .  .  .  .\11
              a  b  c  d  e  f  g  h  i  j  k  
29d87 info: Old: [black, k8] [white, swap-pieces] [white, k6] [black, k3] [white, d6] [black, e8] [white, e1] 
29d87 info: New: [black, k8] [white, swap-pieces] [white, k6] [black, k3] [white, d6] [black, e8] [white, e1] [black, i1] [white, i5] 
29d87 info: MovesPlayed: [black, i1] [white, i5] 
29d87 info: No subtree to reuse.
29d87 info: StartSearch()[0]
SgUctSearch: max games reached
29d87 info: 
Elapsed Time   0.362268s
Count          1
GamesPlayed    1
Nodes          1
Knowledge      0 (0.0%)
Expansions     0.0
Time           0.00
GameLen        113.0 dev=0.0 min=113.0 max=113.0
InTree         0.0 dev=0.0 min=0.0 max=0.0
KnowDepth      -
Aborted        0%
Games/s        3021.1
Score          1.00
Sequence      
29d87 info: 
29d87 warning: **** MoHexSearch returned empty sequence!
29d87 warning: **** Returning random move!
<= 
< 
<  8725b2977151afca
<  a  b  c  d  e  f  g  h  i  j  k  
< 1\.  .  .  .  W  .  .  .  B  .  .\1
<  2\.  .  .  .  .  .  .  .  .  .  .\2
<   3\.  .  .  .  .  .  .  .  .  .  B\3
<    4\.  .  .  .  .  .  .  .  .  .  .\4
<     5\.  .  .  .  .  .  .  .  W  .  .\5
<      6\.  .  .  W  .  .  .  .  .  .  W\6
<       7\.  B  .  .  .  .  .  .  .  .  .\7
<        8\.  .  .  .  B  .  .  .  .  .  B\8
<         9\.  .  .  .  .  .  .  .  .  .  .\9
<         10\.  .  .  .  .  .  .  .  .  .  .\10
<          11\.  .  .  .  .  .  .  .  .  .  .\11
<              a  b  c  d  e  f  g  h  i  j  k  
<
>play w a4
<= 
<
>showboard
<= 
< 
<  1beff2305d6aa41f
<  a  b  c  d  e  f  g  h  i  j  k  
< 1\.  .  .  .  W  .  .  .  B  .  .\1
<  2\.  .  .  .  .  .  .  .  .  .  .\2
<   3\.  .  .  .  .  .  .  .  .  .  B\3
<    4\W  .  .  .  .  .  .  .  .  .  .\4
<     5\.  .  .  .  .  .  .  .  W  .  .\5
<      6\.  .  .  W  .  .  .  .  .  .  W\6
<       7\.  B  .  .  .  .  .  .  .  .  .\7
<        8\.  .  .  .  B  .  .  .  .  .  B\8
<         9\.  .  .  .  .  .  .  .  .  .  .\9
<         10\.  .  .  .  .  .  .  .  .  .  .\10
<          11\.  .  .  .  .  .  .  .  .  .  .\11
<              a  b  c  d  e  f  g  h  i  j  k  
<
>genmove b
<= c7
<
>showboard
29d87 info: Best move cannot be determined, must search state.
29d87 info: --- MoHexPlayer::Search() ---
29d87 info: Color: black
29d87 info: MaxGames: 1
29d87 info: NumberThreads: 1
29d87 info: MaxNodes: 181818181 (15999999928 bytes)
29d87 info: TimeForMove: 1
29d87 info: PreSearch: max time reached (41/80).
29d87 info: Time for PreSearch: 0.203776s
29d87 info: 
  1beff2305d6aa41f
  a  b  c  d  e  f  g  h  i  j  k  
 1\.  .  .  .  W  .  .  .  B  .  .\1
  2\.  .  *  *  *  *  *  *  *  *  *\2
   3\.  *  *  *  *  *  *  *  *  *  B\3
    4\W  *  *  *  *  *  *  *  *  *  *\4
     5\.  *  *  *  *  *  *  *  W  *  .\5
      6\*  *  *  W  *  *  *  *  *  *  W\6
       7\.  B  *  *  *  *  *  *  *  *  .\7
        8\.  *  *  *  B  *  *  *  *  *  B\8
         9\*  *  *  *  *  *  *  *  *  *  .\9
         10\*  *  *  *  *  *  *  *  *  .  .\10
          11\.  .  .  .  .  .  .  .  .  .  .\11
              a  b  c  d  e  f  g  h  i  j  k  
29d87 info: Old: [black, k8] [white, swap-pieces] [white, k6] [black, k3] [white, d6] [black, e8] [white, e1] [black, i1] [white, i5] 
29d87 info: New: [black, k8] [white, swap-pieces] [white, k6] [black, k3] [white, d6] [black, e8] [white, e1] [black, i1] [white, i5] [black, b7] [white, a4] 
29d87 info: MovesPlayed: [black, b7] [white, a4] 
29d87 info: No subtree to reuse.
29d87 info: StartSearch()[0]
SgUctSearch: max games reached
29d87 info: 
Elapsed Time   0.396049s
Count          1
GamesPlayed    1
Nodes          1
Knowledge      0 (0.0%)
Expansions     0.0
Time           0.00
GameLen        111.0 dev=0.0 min=111.0 max=111.0
InTree         0.0 dev=0.0 min=0.0 max=0.0
KnowDepth      -
Aborted        0%
Games/s        1801.8
Score          1.00
Sequence      
29d87 info: 
29d87 warning: **** MoHexSearch returned empty sequence!
29d87 warning: **** Returning random move!
<= 
< 
<  fe8ce903fdb760a8
<  a  b  c  d  e  f  g  h  i  j  k  
< 1\.  .  .  .  W  .  .  .  B  .  .\1
<  2\.  .  .  .  .  .  .  .  .  .  .\2
<   3\.  .  .  .  .  .  .  .  .  .  B\3
<    4\W  .  .  .  .  .  .  .  .  .  .\4
<     5\.  .  .  .  .  .  .  .  W  .  .\5
<      6\.  .  .  W  .  .  .  .  .  .  W\6
<       7\.  B  B  .  .  .  .  .  .  .  .\7
<        8\.  .  .  .  B  .  .  .  .  .  B\8
<         9\.  .  .  .  .  .  .  .  .  .  .\9
<         10\.  .  .  .  .  .  .  .  .  .  .\10
<          11\.  .  .  .  .  .  .  .  .  .  .\11
<              a  b  c  d  e  f  g  h  i  j  k  
<
>play w d2
<= 
<
>showboard
<= 
< 
<  72497cef3b297b88
<  a  b  c  d  e  f  g  h  i  j  k  
< 1\.  .  .  .  W  .  .  .  B  .  .\1
<  2\.  .  .  W  .  .  .  .  .  .  .\2
<   3\.  .  .  .  .  .  .  .  .  .  B\3
<    4\W  .  .  .  .  .  .  .  .  .  .\4
<     5\.  .  .  .  .  .  .  .  W  .  .\5
<      6\.  .  .  W  .  .  .  .  .  .  W\6
<       7\.  B  B  .  .  .  .  .  .  .  .\7
<        8\.  .  .  .  B  .  .  .  .  .  B\8
<         9\.  .  .  .  .  .  .  .  .  .  .\9
<         10\.  .  .  .  .  .  .  .  .  .  .\10
<          11\.  .  .  .  .  .  .  .  .  .  .\11
<              a  b  c  d  e  f  g  h  i  j  k  
<
>genmove b
<= f8
<
>showboard
29d87 info: Best move cannot be determined, must search state.
29d87 info: --- MoHexPlayer::Search() ---
29d87 info: Color: black
29d87 info: MaxGames: 1
29d87 info: NumberThreads: 1
29d87 info: MaxNodes: 181818181 (15999999928 bytes)
29d87 info: TimeForMove: 1
29d87 info: PreSearch: max time reached (43/77).
29d87 info: Time for PreSearch: 0.206089s
29d87 info: 
  72497cef3b297b88
  a  b  c  d  e  f  g  h  i  j  k  
 1\.  .  .  .  W  .  .  .  B  .  .\1
  2\.  .  .  W  *  *  *  *  *  *  *\2
   3\.  *  *  *  *  *  *  *  *  *  B\3
    4\W  *  *  *  *  *  *  *  *  *  *\4
     5\.  *  *  *  *  *  *  *  W  *  .\5
      6\*  *  *  W  *  *  *  *  *  *  W\6
       7\.  B  B  *  *  *  *  *  *  *  .\7
        8\.  .  *  *  B  *  *  *  *  *  B\8
         9\*  *  *  *  *  *  *  *  *  *  .\9
         10\*  *  *  *  *  *  *  *  *  .  .\10
          11\.  .  .  .  .  .  .  .  .  .  .\11
              a  b  c  d  e  f  g  h  i  j  k  
29d87 info: Old: [black, k8] [white, swap-pieces] [white, k6] [black, k3] [white, d6] [black, e8] [white, e1] [black, i1] [white, i5] [black, b7] [white, a4] 
29d87 info: New: [black, k8] [white, swap-pieces] [white, k6] [black, k3] [white, d6] [black, e8] [white, e1] [black, i1] [white, i5] [black, b7] [white, a4] [black, c7] [white, d2] 
29d87 info: MovesPlayed: [black, c7] [white, d2] 
29d87 info: No subtree to reuse.
29d87 info: StartSearch()[0]
SgUctSearch: max games reached
29d87 info: 
Elapsed Time   0.368387s
Count          1
GamesPlayed    1
Nodes          1
Knowledge      0 (0.0%)
Expansions     0.0
Time           0.00
GameLen        109.0 dev=0.0 min=109.0 max=109.0
InTree         0.0 dev=0.0 min=0.0 max=0.0
KnowDepth      -
Aborted        0%
Games/s        3134.8
Score          1.00
Sequence      
29d87 info: 
29d87 warning: **** MoHexSearch returned empty sequence!
29d87 warning: **** Returning random move!
<= 
< 
<  cb8ac94df0cdd086
<  a  b  c  d  e  f  g  h  i  j  k  
< 1\.  .  .  .  W  .  .  .  B  .  .\1
<  2\.  .  .  W  .  .  .  .  .  .  .\2
<   3\.  .  .  .  .  .  .  .  .  .  B\3
<    4\W  .  .  .  .  .  .  .  .  .  .\4
<     5\.  .  .  .  .  .  .  .  W  .  .\5
<      6\.  .  .  W  .  .  .  .  .  .  W\6
<       7\.  B  B  .  .  .  .  .  .  .  .\7
<        8\.  .  .  .  B  B  .  .  .  .  B\8
<         9\.  .  .  .  .  .  .  .  .  .  .\9
<         10\.  .  .  .  .  .  .  .  .  .  .\10
<          11\.  .  .  .  .  .  .  .  .  .  .\11
<              a  b  c  d  e  f  g  h  i  j  k  
<
>play w b6
<= 
<
>showboard
<= 
< 
<  d62c1b04381a34b9
<  a  b  c  d  e  f  g  h  i  j  k  
< 1\.  .  .  .  W  .  .  .  B  .  .\1
<  2\.  .  .  W  .  .  .  .  .  .  .\2
<   3\.  .  .  .  .  .  .  .  .  .  B\3
<    4\W  .  .  .  .  .  .  .  .  .  .\4
<     5\.  .  .  .  .  .  .  .  W  .  .\5
<      6\.  W  .  W  .  .  .  .  .  .  W\6
<       7\.  B  B  .  .  .  .  .  .  .  .\7
<        8\.  .  .  .  B  B  .  .  .  .  B\8
<         9\.  .  .  .  .  .  .  .  .  .  .\9
<         10\.  .  .  .  .  .  .  .  .  .  .\10
<          11\.  .  .  .  .  .  .  .  .  .  .\11
<              a  b  c  d  e  f  g  h  i  j  k  
<
>genmove b
<= b10
<
>showboard
29d87 info: Best move cannot be determined, must search state.
29d87 info: --- MoHexPlayer::Search() ---
29d87 info: Color: black
29d87 info: MaxGames: 1
29d87 info: NumberThreads: 1
29d87 info: MaxNodes: 181818181 (15999999928 bytes)
29d87 info: TimeForMove: 1
29d87 info: PreSearch: max time reached (38/73).
29d87 info: Time for PreSearch: 0.20775s
29d87 info: 
  d62c1b04381a34b9
  a  b  c  d  e  f  g  h  i  j  k  
 1\.  .  .  .  W  .  .  .  B  .  .\1
  2\.  .  *  W  *  *  *  *  *  *  *\2
   3\.  *  *  *  *  *  *  *  *  *  B\3
    4\W  *  *  *  *  *  *  *  *  *  *\4
     5\b  .  *  *  *  *  *  *  W  *  .\5
      6\w  W  *  W  *  *  *  *  *  *  W\6
       7\w  B  B  *  *  *  *  *  *  *  .\7
        8\.  .  *  *  B  B  *  *  *  *  B\8
         9\*  *  *  *  *  *  *  *  *  *  .\9
         10\*  *  *  *  *  *  *  *  *  .  .\10
          11\.  .  .  .  .  .  .  .  .  .  .\11
              a  b  c  d  e  f  g  h  i  j  k  
29d87 info: Old: [black, k8] [white, swap-pieces] [white, k6] [black, k3] [white, d6] [black, e8] [white, e1] [black, i1] [white, i5] [black, b7] [white, a4] [black, c7] [white, d2] 
29d87 info: New: [black, k8] [white, swap-pieces] [white, k6] [black, k3] [white, d6] [black, e8] [white, e1] [black, i1] [white, i5] [black, b7] [white, a4] [black, c7] [white, d2] [black, f8] [white, b6] 
29d87 info: MovesPlayed: [black, f8] [white, b6] 
29d87 info: No subtree to reuse.
29d87 info: StartSearch()[0]
SgUctSearch: max games reached
29d87 info: 
Elapsed Time   0.367491s
Count          1
GamesPlayed    1
Nodes          1
Knowledge      0 (0.0%)
Expansions     0.0
Time           0.00
GameLen        104.0 dev=0.0 min=104.0 max=104.0
InTree         0.0 dev=0.0 min=0.0 max=0.0
KnowDepth      -
Aborted        0%
Games/s        2597.4
Score          1.00
Sequence      
29d87 info: 
29d87 warning: **** MoHexSearch returned empty sequence!
29d87 warning: **** Returning random move!
<= 
< 
<  10337b0683254d06
<  a  b  c  d  e  f  g  h  i  j  k  
< 1\.  .  .  .  W  .  .  .  B  .  .\1
<  2\.  .  .  W  .  .  .  .  .  .  .\2
<   3\.  .  .  .  .  .  .  .  .  .  B\3
<    4\W  .  .  .  .  .  .  .  .  .  .\4
<     5\.  .  .  .  .  .  .  .  W  .  .\5
<      6\.  W  .  W  .  .  .  .  .  .  W\6
<       7\.  B  B  .  .  .  .  .  .  .  .\7
<        8\.  .  .  .  B  B  .  .  .  .  B\8
<         9\.  .  .  .  .  .  .  .  .  .  .\9
<         10\.  B  .  .  .  .  .  .  .  .  .\10
<          11\.  .  .  .  .  .  .  .  .  .  .\11
<              a  b  c  d  e  f  g  h  i  j  k  
<
>play w g8
<= 
<
>showboard
<= 
< 
<  23bd11b88829872c
<  a  b  c  d  e  f  g  h  i  j  k  
< 1\.  .  .  .  W  .  .  .  B  .  .\1
<  2\.  .  .  W  .  .  .  .  .  .  .\2
<   3\.  .  .  .  .  .  .  .  .  .  B\3
<    4\W  .  .  .  .  .  .  .  .  .  .\4
<     5\.  .  .  .  .  .  .  .  W  .  .\5
<      6\.  W  .  W  .  .  .  .  .  .  W\6
<       7\.  B  B  .  .  .  .  .  .  .  .\7
<        8\.  .  .  .  B  B  W  .  .  .  B\8
<         9\.  .  .  .  .  .  .  .  .  .  .\9
<         10\.  B  .  .  .  .  .  .  .  .  .\10
<          11\.  .  .  .  .  .  .  .  .  .  .\11
<              a  b  c  d  e  f  g  h  i  j  k  
<
>genmove b
<= e11
<
>showboard
29d87 info: Best move cannot be determined, must search state.
29d87 info: --- MoHexPlayer::Search() ---
29d87 info: Color: black
29d87 info: MaxGames: 1
29d87 info: NumberThreads: 1
29d87 info: MaxNodes: 181818181 (15999999928 bytes)
29d87 info: TimeForMove: 1
29d87 info: PreSearch: max time reached (51/69).
29d87 info: Time for PreSearch: 0.201995s
29d87 info: 
  23bd11b88829872c
  a  b  c  d  e  f  g  h  i  j  k  
 1\.  .  .  .  W  .  .  .  B  .  .\1
  2\.  .  *  W  *  *  *  *  *  *  *\2
   3\.  *  *  *  *  *  *  *  *  *  B\3
    4\W  *  *  *  *  *  *  *  *  *  *\4
     5\b  .  *  *  *  *  *  *  W  *  .\5
      6\w  W  *  W  *  *  *  *  *  *  W\6
       7\w  B  B  *  *  *  *  *  *  *  .\7
        8\.  .  *  *  B  B  W  *  *  *  B\8
         9\*  *  *  .  .  .  *  *  *  *  .\9
         10\.  B  .  *  .  .  *  *  *  .  .\10
          11\b  b  b  .  .  .  .  .  .  .  .\11
              a  b  c  d  e  f  g  h  i  j  k  
29d87 info: Old: [black, k8] [white, swap-pieces] [white, k6] [black, k3] [white, d6] [black, e8] [white, e1] [black, i1] [white, i5] [black, b7] [white, a4] [black, c7] [white, d2] [black, f8] [white, b6] 
29d87 info: New: [black, k8] [white, swap-pieces] [white, k6] [black, k3] [white, d6] [black, e8] [white, e1] [black, i1] [white, i5] [black, b7] [white, a4] [black, c7] [white, d2] [black, f8] [white, b6] [black, b10] [white, g8] 
29d87 info: MovesPlayed: [black, b10] [white, g8] 
29d87 info: No subtree to reuse.
29d87 info: StartSearch()[0]
SgUctSearch: max games reached
29d87 info: 
Elapsed Time   0.367497s
Count          1
GamesPlayed    1
Nodes          1
Knowledge      0 (0.0%)
Expansions     0.0
Time           0.00
GameLen        99.0 dev=0.0 min=99.0 max=99.0
InTree         0.0 dev=0.0 min=0.0 max=0.0
KnowDepth      -
Aborted        0%
Games/s        2136.8
Score          1.00
Sequence      
29d87 info: 
29d87 warning: **** MoHexSearch returned empty sequence!
29d87 warning: **** Returning random move!
<= 
< 
<  2dff51e8e064865b
<  a  b  c  d  e  f  g  h  i  j  k  
< 1\.  .  .  .  W  .  .  .  B  .  .\1
<  2\.  .  .  W  .  .  .  .  .  .  .\2
<   3\.  .  .  .  .  .  .  .  .  .  B\3
<    4\W  .  .  .  .  .  .  .  .  .  .\4
<     5\.  .  .  .  .  .  .  .  W  .  .\5
<      6\.  W  .  W  .  .  .  .  .  .  W\6
<       7\.  B  B  .  .  .  .  .  .  .  .\7
<        8\.  .  .  .  B  B  W  .  .  .  B\8
<         9\.  .  .  .  .  .  .  .  .  .  .\9
<         10\.  B  .  .  .  .  .  .  .  .  .\10
<          11\.  .  .  .  B  .  .  .  .  .  .\11
<              a  b  c  d  e  f  g  h  i  j  k  
<
>play w a3
<= 
<
>showboard
<= 
< 
<  6466283fef0a0eb5
<  a  b  c  d  e  f  g  h  i  j  k  
< 1\.  .  .  .  W  .  .  .  B  .  .\1
<  2\.  .  .  W  .  .  .  .  .  .  .\2
<   3\W  .  .  .  .  .  .  .  .  .  B\3
<    4\W  .  .  .  .  .  .  .  .  .  .\4
<     5\.  .  .  .  .  .  .  .  W  .  .\5
<      6\.  W  .  W  .  .  .  .  .  .  W\6
<       7\.  B  B  .  .  .  .  .  .  .  .\7
<        8\.  .  .  .  B  B  W  .  .  .  B\8
<         9\.  .  .  .  .  .  .  .  .  .  .\9
<         10\.  B  .  .  .  .  .  .  .  .  .\10
<          11\.  .  .  .  B  .  .  .  .  .  .\11
<              a  b  c  d  e  f  g  h  i  j  k  
<
>genmove b
<= d1
<
>showboard
29d87 info: Best move cannot be determined, must search state.
29d87 info: --- MoHexPlayer::Search() ---
29d87 info: Color: black
29d87 info: MaxGames: 1
29d87 info: NumberThreads: 1
29d87 info: MaxNodes: 181818181 (15999999928 bytes)
29d87 info: TimeForMove: 1
29d87 info: PreSearch: max time reached (56/64).
29d87 info: Time for PreSearch: 0.200829s
29d87 info: 
  6466283fef0a0eb5
  a  b  c  d  e  f  g  h  i  j  k  
 1\w  .  .  .  W  .  .  .  B  .  .\1
  2\w  .  *  W  *  *  *  *  *  *  *\2
   3\W  *  *  *  *  *  *  *  *  *  B\3
    4\W  *  *  *  *  *  *  *  *  *  *\4
     5\b  .  *  *  *  *  *  *  W  *  .\5
      6\w  W  *  W  *  *  *  *  *  *  W\6
       7\w  B  B  *  *  *  *  *  *  *  .\7
        8\.  .  .  .  B  B  W  *  *  *  B\8
         9\*  *  .  .  .  .  *  *  *  *  .\9
         10\.  B  .  .  .  .  *  *  *  .  .\10
          11\b  b  b  b  B  .  .  .  .  .  .\11
              a  b  c  d  e  f  g  h  i  j  k  
29d87 info: Old: [black, k8] [white, swap-pieces] [white, k6] [black, k3] [white, d6] [black, e8] [white, e1] [black, i1] [white, i5] [black, b7] [white, a4] [black, c7] [white, d2] [black, f8] [white, b6] [black, b10] [white, g8] 
29d87 info: New: [black, k8] [white, swap-pieces] [white, k6] [black, k3] [white, d6] [black, e8] [white, e1] [black, i1] [white, i5] [black, b7] [white, a4] [black, c7] [white, d2] [black, f8] [white, b6] [black, b10] [white, g8] [black, e11] [white, a3] 
29d87 info: MovesPlayed: [black, e11] [white, a3] 
29d87 info: No subtree to reuse.
29d87 info: StartSearch()[0]
SgUctSearch: max games reached
29d87 info: 
Elapsed Time   0.361991s
Count          1
GamesPlayed    1
Nodes          1
Knowledge      0 (0.0%)
Expansions     0.0
Time           0.00
GameLen        94.0 dev=0.0 min=94.0 max=94.0
InTree         0.0 dev=0.0 min=0.0 max=0.0
KnowDepth      -
Aborted        0%
Games/s        3134.8
Score          0.00
Sequence      
29d87 info: 
29d87 warning: **** MoHexSearch returned empty sequence!
29d87 warning: **** Returning random move!
<= 
< 
<  8d8cff3881026025
<  a  b  c  d  e  f  g  h  i  j  k  
< 1\.  .  .  B  W  .  .  .  B  .  .\1
<  2\.  .  .  W  .  .  .  .  .  .  .\2
<   3\W  .  .  .  .  .  .  .  .  .  B\3
<    4\W  .  .  .  .  .  .  .  .  .  .\4
<     5\.  .  .  .  .  .  .  .  W  .  .\5
<      6\.  W  .  W  .  .  .  .  .  .  W\6
<       7\.  B  B  .  .  .  .  .  .  .  .\7
<        8\.  .  .  .  B  B  W  .  .  .  B\8
<         9\.  .  .  .  .  .  .  .  .  .  .\9
<         10\.  B  .  .  .  .  .  .  .  .  .\10
<          11\.  .  .  .  B  .  .  .  .  .  .\11
<              a  b  c  d  e  f  g  h  i  j  k  
<
>play w f2
<= 
<
>showboard
<= 
< 
<  76248e6366f7e27e
<  a  b  c  d  e  f  g  h  i  j  k  
< 1\.  .  .  B  W  .  .  .  B  .  .\1
<  2\.  .  .  W  .  W  .  .  .  .  .\2
<   3\W  .  .  .  .  .  .  .  .  .  B\3
<    4\W  .  .  .  .  .  .  .  .  .  .\4
<     5\.  .  .  .  .  .  .  .  W  .  .\5
<      6\.  W  .  W  .  .  .  .  .  .  W\6
<       7\.  B  B  .  .  .  .  .  .  .  .\7
<        8\.  .  .  .  B  B  W  .  .  .  B\8
<         9\.  .  .  .  .  .  .  .  .  .  .\9
<         10\.  B  .  .  .  .  .  .  .  .  .\10
<          11\.  .  .  .  B  .  .  .  .  .  .\11
<              a  b  c  d  e  f  g  h  i  j  k  
<
>genmove b
<= b2
<
>showboard
29d87 info: Best move cannot be determined, must search state.
29d87 info: --- MoHexPlayer::Search() ---
29d87 info: Color: black
29d87 info: MaxGames: 1
29d87 info: NumberThreads: 1
29d87 info: MaxNodes: 181818181 (15999999928 bytes)
29d87 info: TimeForMove: 1
29d87 info: PreSearch: max time reached (39/59).
29d87 info: Time for PreSearch: 0.2005s
29d87 info: 
  76248e6366f7e27e
  a  b  c  d  e  f  g  h  i  j  k  
 1\w  b  b  B  W  w  b  b  B  .  .\1
  2\w  .  .  W  w  W  .  .  *  *  *\2
   3\W  *  *  *  *  *  *  *  *  *  B\3
    4\W  *  *  *  *  *  *  *  *  *  *\4
     5\b  .  *  *  *  *  *  *  W  *  .\5
      6\w  W  *  W  *  *  *  *  *  *  W\6
       7\w  B  B  *  *  *  *  *  *  *  .\7
        8\.  .  *  *  B  B  W  *  *  *  B\8
         9\*  *  .  *  .  .  *  *  *  *  .\9
         10\.  B  .  .  .  .  *  *  *  .  .\10
          11\b  b  b  b  B  .  .  .  .  .  .\11
              a  b  c  d  e  f  g  h  i  j  k  
29d87 info: Old: [black, k8] [white, swap-pieces] [white, k6] [black, k3] [white, d6] [black, e8] [white, e1] [black, i1] [white, i5] [black, b7] [white, a4] [black, c7] [white, d2] [black, f8] [white, b6] [black, b10] [white, g8] [black, e11] [white, a3] 
29d87 info: New: [black, k8] [white, swap-pieces] [white, k6] [black, k3] [white, d6] [black, e8] [white, e1] [black, i1] [white, i5] [black, b7] [white, a4] [black, c7] [white, d2] [black, f8] [white, b6] [black, b10] [white, g8] [black, e11] [white, a3] [black, d1] [white, f2] 
29d87 info: MovesPlayed: [black, d1] [white, f2] 
29d87 info: No subtree to reuse.
29d87 info: StartSearch()[0]
SgUctSearch: max games reached
29d87 info: 
Elapsed Time   0.37738s
Count          1
GamesPlayed    1
Nodes          1
Knowledge      0 (0.0%)
Expansions     0.0
Time           0.00
GameLen        86.0 dev=0.0 min=86.0 max=86.0
InTree         0.0 dev=0.0 min=0.0 max=0.0
KnowDepth      -
Aborted        0%
Games/s        2985.1
Score          1.00
Sequence      
29d87 info: 
29d87 warning: **** MoHexSearch returned empty sequence!
29d87 warning: **** Returning random move!
<= 
< 
<  ec975409f483acbb
<  a  b  c  d  e  f  g  h  i  j  k  
< 1\.  .  .  B  W  .  .  .  B  .  .\1
<  2\.  B  .  W  .  W  .  .  .  .  .\2
<   3\W  .  .  .  .  .  .  .  .  .  B\3
<    4\W  .  .  .  .  .  .  .  .  .  .\4
<     5\.  .  .  .  .  .  .  .  W  .  .\5
<      6\.  W  .  W  .  .  .  .  .  .  W\6
<       7\.  B  B  .  .  .  .  .  .  .  .\7
<        8\.  .  .  .  B  B  W  .  .  .  B\8
<         9\.  .  .  .  .  .  .  .  .  .  .\9
<         10\.  B  .  .  .  .  .  .  .  .  .\10
<          11\.  .  .  .  B  .  .  .  .  .  .\11
<              a  b  c  d  e  f  g  h  i  j  k  
<
>play w e6
<= 
<
>showboard
<= 
< 
<  10bca607da1dbdad
<  a  b  c  d  e  f  g  h  i  j  k  
< 1\.  .  .  B  W  .  .  .  B  .  .\1
<  2\.  B  .  W  .  W  .  .  .  .  .\2
<   3\W  .  .  .  .  .  .  .  .  .  B\3
<    4\W  .  .  .  .  .  .  .  .  .  .\4
<     5\.  .  .  .  .  .  .  .  W  .  .\5
<      6\.  W  .  W  W  .  .  .  .  .  W\6
<       7\.  B  B  .  .  .  .  .  .  .  .\7
<        8\.  .  .  .  B  B  W  .  .  .  B\8
<         9\.  .  .  .  .  .  .  .  .  .  .\9
<         10\.  B  .  .  .  .  .  .  .  .  .\10
<          11\.  .  .  .  B  .  .  .  .  .  .\11
<              a  b  c  d  e  f  g  h  i  j  k  
<
>genmove b
<= j11
<
>showboard
29d87 info: Best move cannot be determined, must search state.
29d87 info: --- MoHexPlayer::Search() ---
29d87 info: Color: black
29d87 info: MaxGames: 1
29d87 info: NumberThreads: 1
29d87 info: MaxNodes: 181818181 (15999999928 bytes)
29d87 info: TimeForMove: 1
29d87 info: PreSearch: max time reached (53/57).
29d87 info: Time for PreSearch: 0.20244s
29d87 info: 
  10bca607da1dbdad
  a  b  c  d  e  f  g  h  i  j  k  
 1\b  b  b  B  W  w  b  b  B  .  .\1
  2\b  B  .  W  w  W  .  .  *  *  *\2
   3\W  .  *  *  *  *  *  *  *  *  B\3
    4\W  *  *  *  *  *  *  *  *  *  *\4
     5\b  .  *  *  *  *  *  *  W  *  .\5
      6\w  W  *  W  W  *  *  *  *  *  W\6
       7\w  B  B  .  *  *  *  *  *  *  .\7
        8\.  .  .  *  B  B  W  *  *  *  B\8
         9\.  .  .  .  .  .  *  *  *  .  .\9
         10\.  B  .  .  .  .  *  *  *  .  .\10
          11\b  b  b  b  B  .  .  .  .  .  .\11
              a  b  c  d  e  f  g  h  i  j  k  
29d87 info: Old: [black, k8] [white, swap-pieces] [white, k6] [black, k3] [white, d6] [black, e8] [white, e1] [black, i1] [white, i5] [black, b7] [white, a4] [black, c7] [white, d2] [black, f8] [white, b6] [black, b10] [white, g8] [black, e11] [white, a3] [black, d1] [white, f2] 
29d87 info: New: [black, k8] [white, swap-pieces] [white, k6] [black, k3] [white, d6] [black, e8] [white, e1] [black, i1] [white, i5] [black, b7] [white, a4] [black, c7] [white, d2] [black, f8] [white, b6] [black, b10] [white, g8] [black, e11] [white, a3] [black, d1] [white, f2] [black, b2] [white, e6] 
29d87 info: MovesPlayed: [black, b2] [white, e6] 
29d87 info: No subtree to reuse.
29d87 info: StartSearch()[0]
SgUctSearch: max games reached
29d87 info: 
Elapsed Time   0.355263s
Count          1
GamesPlayed    1
Nodes          1
Knowledge      0 (0.0%)
Expansions     0.0
Time           0.00
GameLen        84.0 dev=0.0 min=84.0 max=84.0
InTree         0.0 dev=0.0 min=0.0 max=0.0
KnowDepth      -
Aborted        0%
Games/s        1883.2
Score          1.00
Sequence      
29d87 info: 
29d87 warning: **** MoHexSearch returned empty sequence!
29d87 warning: **** Returning random move!
<= 
< 
<  578604764f99f4ed
<  a  b  c  d  e  f  g  h  i  j  k  
< 1\.  .  .  B  W  .  .  .  B  .  .\1
<  2\.  B  .  W  .  W  .  .  .  .  .\2
<   3\W  .  .  .  .  .  .  .  .  .  B\3
<    4\W  .  .  .  .  .  .  .  .  .  .\4
<     5\.  .  .  .  .  .  .  .  W  .  .\5
<      6\.  W  .  W  W  .  .  .  .  .  W\6
<       7\.  B  B  .  .  .  .  .  .  .  .\7
<        8\.  .  .  .  B  B  W  .  .  .  B\8
<         9\.  .  .  .  .  .  .  .  .  .  .\9
<         10\.  B  .  .  .  .  .  .  .  .  .\10
<          11\.  .  .  .  B  .  .  .  .  B  .\11
<              a  b  c  d  e  f  g  h  i  j  k  
<
>play w g6
<= 
<
>showboard
<= 
< 
<  375dc879ef71acbc
<  a  b  c  d  e  f  g  h  i  j  k  
< 1\.  .  .  B  W  .  .  .  B  .  .\1
<  2\.  B  .  W  .  W  .  .  .  .  .\2
<   3\W  .  .  .  .  .  .  .  .  .  B\3
<    4\W  .  .  .  .  .  .  .  .  .  .\4
<     5\.  .  .  .  .  .  .  .  W  .  .\5
<      6\.  W  .  W  W  .  W  .  .  .  W\6
<       7\.  B  B  .  .  .  .  .  .  .  .\7
<        8\.  .  .  .  B  B  W  .  .  .  B\8
<         9\.  .  .  .  .  .  .  .  .  .  .\9
<         10\.  B  .  .  .  .  .  .  .  .  .\10
<          11\.  .  .  .  B  .  .  .  .  B  .\11
<              a  b  c  d  e  f  g  h  i  j  k  
<
>genmove b
<= k9
<
>showboard
29d87 info: Best move cannot be determined, must search state.
29d87 info: --- MoHexPlayer::Search() ---
29d87 info: Color: black
29d87 info: MaxGames: 1
29d87 info: NumberThreads: 1
29d87 info: MaxNodes: 181818181 (15999999928 bytes)
29d87 info: TimeForMove: 1
29d87 info: Time for PreSearch: 0.020976s
29d87 info: 
  375dc879ef71acbc
  a  b  c  d  e  f  g  h  i  j  k  
 1\b  b  b  B  W  w  b  b  B  .  .\1
  2\b  B  .  W  w  W  .  .  .  .  .\2
   3\W  .  .  .  .  .  .  .  .  .  B\3
    4\W  .  .  *  .  .  .  *  .  .  .\4
     5\b  .  .  .  .  .  .  *  W  *  .\5
      6\w  W  *  W  W  *  W  *  .  .  W\6
       7\w  B  B  .  .  .  .  .  .  .  .\7
        8\.  .  .  .  B  B  W  .  .  .  B\8
         9\.  .  .  .  .  .  .  .  .  .  .\9
         10\.  B  .  .  .  .  .  .  .  .  .\10
          11\b  b  b  b  B  .  .  .  .  B  b\11
              a  b  c  d  e  f  g  h  i  j  k  
29d87 info: Old: [black, k8] [white, swap-pieces] [white, k6] [black, k3] [white, d6] [black, e8] [white, e1] [black, i1] [white, i5] [black, b7] [white, a4] [black, c7] [white, d2] [black, f8] [white, b6] [black, b10] [white, g8] [black, e11] [white, a3] [black, d1] [white, f2] [black, b2] [white, e6] 
29d87 info: New: [black, k8] [white, swap-pieces] [white, k6] [black, k3] [white, d6] [black, e8] [white, e1] [black, i1] [white, i5] [black, b7] [white, a4] [black, c7] [white, d2] [black, f8] [white, b6] [black, b10] [white, g8] [black, e11] [white, a3] [black, d1] [white, f2] [black, b2] [white, e6] [black, j11] [white, g6] 
29d87 info: MovesPlayed: [black, j11] [white, g6] 
29d87 info: No subtree to reuse.
29d87 info: StartSearch()[0]
SgUctSearch: max games reached
29d87 info: 
Elapsed Time   0.173489s
Count          1
GamesPlayed    1
Nodes          1
Knowledge      0 (0.0%)
Expansions     0.0
Time           0.00
GameLen        81.0 dev=0.0 min=81.0 max=81.0
InTree         0.0 dev=0.0 min=0.0 max=0.0
KnowDepth      -
Aborted        0%
Games/s        3378.4
Score          1.00
Sequence      
29d87 info: 
29d87 warning: **** MoHexSearch returned empty sequence!
29d87 warning: **** Returning random move!
<= 
< 
<  8284045b7ce333fb
<  a  b  c  d  e  f  g  h  i  j  k  
< 1\.  .  .  B  W  .  .  .  B  .  .\1
<  2\.  B  .  W  .  W  .  .  .  .  .\2
<   3\W  .  .  .  .  .  .  .  .  .  B\3
<    4\W  .  .  .  .  .  .  .  .  .  .\4
<     5\.  .  .  .  .  .  .  .  W  .  .\5
<      6\.  W  .  W  W  .  W  .  .  .  W\6
<       7\.  B  B  .  .  .  .  .  .  .  .\7
<        8\.  .  .  .  B  B  W  .  .  .  B\8
<         9\.  .  .  .  .  .  .  .  .  .  B\9
<         10\.  B  .  .  .  .  .  .  .  .  .\10
<          11\.  .  .  .  B  .  .  .  .  B  .\11
<              a  b  c  d  e  f  g  h  i  j  k  
<
>play w g5
<= 
<
>showboard
<= 
< 
<  8ae8b0e750c65a22
<  a  b  c  d  e  f  g  h  i  j  k  
< 1\.  .  .  B  W  .  .  .  B  .  .\1
<  2\.  B  .  W  .  W  .  .  .  .  .\2
<   3\W  .  .  .  .  .  .  .  .  .  B\3
<    4\W  .  .  .  .  .  .  .  .  .  .\4
<     5\.  .  .  .  .  .  W  .  W  .  .\5
<      6\.  W  .  W  W  .  W  .  .  .  W\6
<       7\.  B  B  .  .  .  .  .  .  .  .\7
<        8\.  .  .  .  B  B  W  .  .  .  B\8
<         9\.  .  .  .  .  .  .  .  .  .  B\9
<         10\.  B  .  .  .  .  .  .  .  .  .\10
<          11\.  .  .  .  B  .  .  .  .  B  .\11
<              a  b  c  d  e  f  g  h  i  j  k  
<
>genmove b
<= h6
<
>showboard
29d87 info: Opponent has won; playing most blocking move.
<= 
< 
<  2ca3a3d3952f7f02
<  a  b  c  d  e  f  g  h  i  j  k  
< 1\.  .  .  B  W  .  .  .  B  .  .\1
<  2\.  B  .  W  .  W  .  .  .  .  .\2
<   3\W  .  .  .  .  .  .  .  .  .  B\3
<    4\W  .  .  .  .  .  .  .  .  .  .\4
<     5\.  .  .  .  .  .  W  .  W  .  .\5
<      6\.  W  .  W  W  .  W  B  .  .  W\6
<       7\.  B  B  .  .  .  .  .  .  .  .\7
<        8\.  .  .  .  B  B  W  .  .  .  B\8
<         9\.  .  .  .  .  .  .  .  .  .  B\9
<         10\.  B  .  .  .  .  .  .  .  .  .\10
<          11\.  .  .  .  B  .  .  .  .  B  .\11
<              a  b  c  d  e  f  g  h  i  j  k  
<
>play w h5
<= 
<
>showboard
<= 
< 
<  31ab231c73c704da
<  a  b  c  d  e  f  g  h  i  j  k  
< 1\.  .  .  B  W  .  .  .  B  .  .\1
<  2\.  B  .  W  .  W  .  .  .  .  .\2
<   3\W  .  .  .  .  .  .  .  .  .  B\3
<    4\W  .  .  .  .  .  .  .  .  .  .\4
<     5\.  .  .  .  .  .  W  W  W  .  .\5
<      6\.  W  .  W  W  .  W  B  .  .  W\6
<       7\.  B  B  .  .  .  .  .  .  .  .\7
<        8\.  .  .  .  B  B  W  .  .  .  B\8
<         9\.  .  .  .  .  .  .  .  .  .  B\9
<         10\.  B  .  .  .  .  .  .  .  .  .\10
<          11\.  .  .  .  B  .  .  .  .  B  .\11
<              a  b  c  d  e  f  g  h  i  j  k  
<
>genmove b
<= j5
<
>showboard
29d87 info: Opponent has won; playing most blocking move.
<= 
< 
<  8cfc16a3465d36ae
<  a  b  c  d  e  f  g  h  i  j  k  
< 1\.  .  .  B  W  .  .  .  B  .  .\1
<  2\.  B  .  W  .  W  .  .  .  .  .\2
<   3\W  .  .  .  .  .  .  .  .  .  B\3
<    4\W  .  .  .  .  .  .  .  .  .  .\4
<     5\.  .  .  .  .  .  W  W  W  B  .\5
<      6\.  W  .  W  W  .  W  B  .  .  W\6
<       7\.  B  B  .  .  .  .  .  .  .  .\7
<        8\.  .  .  .  B  B  W  .  .  .  B\8
<         9\.  .  .  .  .  .  .  .  .  .  B\9
<         10\.  B  .  .  .  .  .  .  .  .  .\10
<          11\.  .  .  .  B  .  .  .  .  B  .\11
<              a  b  c  d  e  f  g  h  i  j  k  
<
>play w c6
<= 
<
>showboard
<= 
< 
<  c9bef39aaf8f6dee
<  a  b  c  d  e  f  g  h  i  j  k  
< 1\.  .  .  B  W  .  .  .  B  .  .\1
<  2\.  B  .  W  .  W  .  .  .  .  .\2
<   3\W  .  .  .  .  .  .  .  .  .  B\3
<    4\W  .  .  .  .  .  .  .  .  .  .\4
<     5\.  .  .  .  .  .  W  W  W  B  .\5
<      6\.  W  W  W  W  .  W  B  .  .  W\6
<       7\.  B  B  .  .  .  .  .  .  .  .\7
<        8\.  .  .  .  B  B  W  .  .  .  B\8
<         9\.  .  .  .  .  .  .  .  .  .  B\9
<         10\.  B  .  .  .  .  .  .  .  .  .\10
<          11\.  .  .  .  B  .  .  .  .  B  .\11
<              a  b  c  d  e  f  g  h  i  j  k  
<
>genmove b
<= i6
<
>showboard
29d87 info: Opponent has won; playing most blocking move.
<= 
< 
<  27cdbc5fb540f121
<  a  b  c  d  e  f  g  h  i  j  k  
< 1\.  .  .  B  W  .  .  .  B  .  .\1
<  2\.  B  .  W  .  W  .  .  .  .  .\2
<   3\W  .  .  .  .  .  .  .  .  .  B\3
<    4\W  .  .  .  .  .  .  .  .  .  .\4
<     5\.  .  .  .  .  .  W  W  W  B  .\5
<      6\.  W  W  W  W  .  W  B  B  .  W\6
<       7\.  B  B  .  .  .  .  .  .  .  .\7
<        8\.  .  .  .  B  B  W  .  .  .  B\8
<         9\.  .  .  .  .  .  .  .  .  .  B\9
<         10\.  B  .  .  .  .  .  .  .  .  .\10
<          11\.  .  .  .  B  .  .  .  .  B  .\11
<              a  b  c  d  e  f  g  h  i  j  k  
<
>play w j2
<= 
<
>showboard
<= 
< 
<  95ab22661ff23467
<  a  b  c  d  e  f  g  h  i  j  k  
< 1\.  .  .  B  W  .  .  .  B  .  .\1
<  2\.  B  .  W  .  W  .  .  .  W  .\2
<   3\W  .  .  .  .  .  .  .  .  .  B\3
<    4\W  .  .  .  .  .  .  .  .  .  .\4
<     5\.  .  .  .  .  .  W  W  W  B  .\5
<      6\.  W  W  W  W  .  W  B  B  .  W\6
<       7\.  B  B  .  .  .  .  .  .  .  .\7
<        8\.  .  .  .  B  B  W  .  .  .  B\8
<         9\.  .  .  .  .  .  .  .  .  .  B\9
<         10\.  B  .  .  .  .  .  .  .  .  .\10
<          11\.  .  .  .  B  .  .  .  .  B  .\11
<              a  b  c  d  e  f  g  h  i  j  k  
<
>genmove b
<= i3
<
>showboard
29d87 info: Opponent has won; playing most blocking move.
<= 
< 
<  497f50fbc0e3b71d
<  a  b  c  d  e  f  g  h  i  j  k  
< 1\.  .  .  B  W  .  .  .  B  .  .\1
<  2\.  B  .  W  .  W  .  .  .  W  .\2
<   3\W  .  .  .  .  .  .  .  B  .  B\3
<    4\W  .  .  .  .  .  .  .  .  .  .\4
<     5\.  .  .  .  .  .  W  W  W  B  .\5
<      6\.  W  W  W  W  .  W  B  B  .  W\6
<       7\.  B  B  .  .  .  .  .  .  .  .\7
<        8\.  .  .  .  B  B  W  .  .  .  B\8
<         9\.  .  .  .  .  .  .  .  .  .  B\9
<         10\.  B  .  .  .  .  .  .  .  .  .\10
<          11\.  .  .  .  B  .  .  .  .  B  .\11
<              a  b  c  d  e  f  g  h  i  j  k  
<
>play w j3
<= 
<
>showboard
<= 
< 
<  db29e176d92d4894
<  a  b  c  d  e  f  g  h  i  j  k  
< 1\.  .  .  B  W  .  .  .  B  .  .\1
<  2\.  B  .  W  .  W  .  .  .  W  .\2
<   3\W  .  .  .  .  .  .  .  B  W  B\3
<    4\W  .  .  .  .  .  .  .  .  .  .\4
<     5\.  .  .  .  .  .  W  W  W  B  .\5
<      6\.  W  W  W  W  .  W  B  B  .  W\6
<       7\.  B  B  .  .  .  .  .  .  .  .\7
<        8\.  .  .  .  B  B  W  .  .  .  B\8
<         9\.  .  .  .  .  .  .  .  .  .  B\9
<         10\.  B  .  .  .  .  .  .  .  .  .\10
<          11\.  .  .  .  B  .  .  .  .  B  .\11
<              a  b  c  d  e  f  g  h  i  j  k  
<
>genmove b
<= f5
<
>showboard
29d87 info: Opponent has won; playing most blocking move.
<= 
< 
<  34a588006f36116d
<  a  b  c  d  e  f  g  h  i  j  k  
< 1\.  .  .  B  W  .  .  .  B  .  .\1
<  2\.  B  .  W  .  W  .  .  .  W  .\2
<   3\W  .  .  .  .  .  .  .  B  W  B\3
<    4\W  .  .  .  .  .  .  .  .  .  .\4
<     5\.  .  .  .  .  B  W  W  W  B  .\5
<      6\.  W  W  W  W  .  W  B  B  .  W\6
<       7\.  B  B  .  .  .  .  .  .  .  .\7
<        8\.  .  .  .  B  B  W  .  .  .  B\8
<         9\.  .  .  .  .  .  .  .  .  .  B\9
<         10\.  B  .  .  .  .  .  .  .  .  .\10
<          11\.  .  .  .  B  .  .  .  .  B  .\11
<              a  b  c  d  e  f  g  h  i  j  k  
<
>play w f6
<= 
<
>showboard
<= 
< 
<  a8359e9a40e55e02
<  a  b  c  d  e  f  g  h  i  j  k  
< 1\.  .  .  B  W  .  .  .  B  .  .\1
<  2\.  B  .  W  .  W  .  .  .  W  .\2
<   3\W  .  .  .  .  .  .  .  B  W  B\3
<    4\W  .  .  .  .  .  .  .  .  .  .\4
<     5\.  .  .  .  .  B  W  W  W  B  .\5
<      6\.  W  W  W  W  W  W  B  B  .  W\6
<       7\.  B  B  .  .  .  .  .  .  .  .\7
<        8\.  .  .  .  B  B  W  .  .  .  B\8
<         9\.  .  .  .  .  .  .  .  .  .  B\9
<         10\.  B  .  .  .  .  .  .  .  .  .\10
<          11\.  .  .  .  B  .  .  .  .  B  .\11
<              a  b  c  d  e  f  g  h  i  j  k  
<
>genmove b
<= k2
<
>showboard
29d87 info: Captured cells caused win! Removing...
29d87 info: Opponent has won; playing most blocking move.
<= 
< 
<  8aedd14c108dfed6
<  a  b  c  d  e  f  g  h  i  j  k  
< 1\.  .  .  B  W  .  .  .  B  .  .\1
<  2\.  B  .  W  .  W  .  .  .  W  B\2
<   3\W  .  .  .  .  .  .  .  B  W  B\3
<    4\W  .  .  .  .  .  .  .  .  .  .\4
<     5\.  .  .  .  .  B  W  W  W  B  .\5
<      6\.  W  W  W  W  W  W  B  B  .  W\6
<       7\.  B  B  .  .  .  .  .  .  .  .\7
<        8\.  .  .  .  B  B  W  .  .  .  B\8
<         9\.  .  .  .  .  .  .  .  .  .  B\9
<         10\.  B  .  .  .  .  .  .  .  .  .\10
<          11\.  .  .  .  B  .  .  .  .  B  .\11
<              a  b  c  d  e  f  g  h  i  j  k  
<
>play w k1
<= 
<
>showboard
<= 
< 
<  3440bf8e3d88ba1b
<  a  b  c  d  e  f  g  h  i  j  k  
< 1\.  .  .  B  W  .  .  .  B  .  W\1
<  2\.  B  .  W  .  W  .  .  .  W  B\2
<   3\W  .  .  .  .  .  .  .  B  W  B\3
<    4\W  .  .  .  .  .  .  .  .  .  .\4
<     5\.  .  .  .  .  B  W  W  W  B  .\5
<      6\.  W  W  W  W  W  W  B  B  .  W\6
<       7\.  B  B  .  .  .  .  .  .  .  .\7
<        8\.  .  .  .  B  B  W  .  .  .  B\8
<         9\.  .  .  .  .  .  .  .  .  .  B\9
<         10\.  B  .  .  .  .  .  .  .  .  .\10
<          11\.  .  .  .  B  .  .  .  .  B  .\11
<              a  b  c  d  e  f  g  h  i  j  k  
<
>genmove b
<= a6
<
>showboard
29d87 info: Captured cells caused win! Removing...
29d87 info: Opponent has won; playing most blocking move.
<= 
< 
<  351cd30ec419c5de
<  a  b  c  d  e  f  g  h  i  j  k  
< 1\.  .  .  B  W  .  .  .  B  .  W\1
<  2\.  B  .  W  .  W  .  .  .  W  B\2
<   3\W  .  .  .  .  .  .  .  B  W  B\3
<    4\W  .  .  .  .  .  .  .  .  .  .\4
<     5\.  .  .  .  .  B  W  W  W  B  .\5
<      6\B  W  W  W  W  W  W  B  B  .  W\6
<       7\.  B  B  .  .  .  .  .  .  .  .\7
<        8\.  .  .  .  B  B  W  .  .  .  B\8
<         9\.  .  .  .  .  .  .  .  .  .  B\9
<         10\.  B  .  .  .  .  .  .  .  .  .\10
<          11\.  .  .  .  B  .  .  .  .  B  .\11
<              a  b  c  d  e  f  g  h  i  j  k  
<
>play w a7
<= 
<
>showboard
<= 
< 
<  9f54aa3a8e07c7e2
<  a  b  c  d  e  f  g  h  i  j  k  
< 1\.  .  .  B  W  .  .  .  B  .  W\1
<  2\.  B  .  W  .  W  .  .  .  W  B\2
<   3\W  .  .  .  .  .  .  .  B  W  B\3
<    4\W  .  .  .  .  .  .  .  .  .  .\4
<     5\.  .  .  .  .  B  W  W  W  B  .\5
<      6\B  W  W  W  W  W  W  B  B  .  W\6
<       7\W  B  B  .  .  .  .  .  .  .  .\7
<        8\.  .  .  .  B  B  W  .  .  .  B\8
<         9\.  .  .  .  .  .  .  .  .  .  B\9
<         10\.  B  .  .  .  .  .  .  .  .  .\10
<          11\.  .  .  .  B  .  .  .  .  B  .\11
<              a  b  c  d  e  f  g  h  i  j  k  
<
>genmove b
<= i4
<
>showboard
29d87 info: Captured cells caused win! Removing...
29d87 info: Opponent has won; playing most blocking move.
<= 
< 
<  c982bfc18bfc537f
<  a  b  c  d  e  f  g  h  i  j  k  
< 1\.  .  .  B  W  .  .  .  B  .  W\1
<  2\.  B  .  W  .  W  .  .  .  W  B\2
<   3\W  .  .  .  .  .  .  .  B  W  B\3
<    4\W  .  .  .  .  .  .  .  B  .  .\4
<     5\.  .  .  .  .  B  W  W  W  B  .\5
<      6\B  W  W  W  W  W  W  B  B  .  W\6
<       7\W  B  B  .  .  .  .  .  .  .  .\7
<        8\.  .  .  .  B  B  W  .  .  .  B\8
<         9\.  .  .  .  .  .  .  .  .  .  B\9
<         10\.  B  .  .  .  .  .  .  .  .  .\10
<          11\.  .  .  .  B  .  .  .  .  B  .\11
<              a  b  c  d  e  f  g  h  i  j  k  
<
>play w j4
<= 
<
>showboard
<= 
< 
<  2e44701660446eb6
<  a  b  c  d  e  f  g  h  i  j  k  
< 1\.  .  .  B  W  .  .  .  B  .  W\1
<  2\.  B  .  W  .  W  .  .  .  W  B\2
<   3\W  .  .  .  .  .  .  .  B  W  B\3
<    4\W  .  .  .  .  .  .  .  B  W  .\4
<     5\.  .  .  .  .  B  W  W  W  B  .\5
<      6\B  W  W  W  W  W  W  B  B  .  W\6
<       7\W  B  B  .  .  .  .  .  .  .  .\7
<        8\.  .  .  .  B  B  W  .  .  .  B\8
<         9\.  .  .  .  .  .  .  .  .  .  B\9
<         10\.  B  .  .  .  .  .  .  .  .  .\10
<          11\.  .  .  .  B  .  .  .  .  B  .\11
<              a  b  c  d  e  f  g  h  i  j  k  
<
>genmove b
<= resign
<
>showboard
<= 
< 
<  2e44701660446eb6
<  a  b  c  d  e  f  g  h  i  j  k  
< 1\.  .  .  B  W  .  .  .  B  .  W\1
<  2\.  B  .  W  .  W  .  .  .  W  B\2
<   3\W  .  .  .  .  .  .  .  B  W  B\3
<    4\W  .  .  .  .  .  .  .  B  W  .\4
<     5\.  .  .  .  .  B  W  W  W  B  .\5
<      6\B  W  W  W  W  W  W  B  B  .  W\6
<       7\W  B  B  .  .  .  .  .  .  .  .\7
<        8\.  .  .  .  B  B  W  .  .  .  B\8
<         9\.  .  .  .  .  .  .  .  .  .  B\9
<         10\.  B  .  .  .  .  .  .  .  .  .\10
<          11\.  .  .  .  B  .  .  .  .  B  .\11
<              a  b  c  d  e  f  g  h  i  j  k  
<
>final_score
<= W+
<
>quit
<= 
<
