# nice ../build/src/mohex/mohex --config mohex-weak.htp --seed 700653 --logfile-name jobs/11x11-mohex-mohex-cg2010-vs-mohex-mohex-weak-2/mohex-mohex-weak-210.log
>boardsize 11 11
MoHex 2.0.CMake Mar 21 2025
Copyright (C) 2007-2012 by the authors of the Benzene project.
This program comes with ABSOLUTELY NO WARRANTY. This is
free software and you are welcome to redistribute it under
certain conditions. Type `benzene-license' for details.

SgRandom::SetSeed: 700653
SgUctSearch: system memory 33632358400, using 1000000000 (5681818 nodes)
SgRandom::SetSeed: 1
SgRandom::SetSeed: 700653
0c147 info: Prior Patterns:
0c147 info: Global:
0c147 info: Size            = 565 32648 
0c147 info: TableEntries    = 65932 65910
0c147 info: MirrorsAdded    = 0 0
0c147 info: PrunableCount   = 30593 30629
0c147 info: LargestGamma    = 5820.77
0c147 info: SmallestGamma   = 6.6e-05
0c147 info: Local:
0c147 info: Size            = 550 5318 
0c147 info: TableEntries    = 11602 11588
0c147 info: MirrorsAdded    = 0 0
0c147 info: PrunableCount   = 3659 3667
0c147 info: LargestGamma    = 11281.8
0c147 info: SmallestGamma   = 0.026235
0c147 info: Playout Patterns:
0c147 info: Global:
0c147 info: Size            = 565 32648 
0c147 info: TableEntries    = 70329 70329
0c147 info: MirrorsAdded    = 4397 4419
0c147 info: PrunableCount   = 30593 30629
0c147 info: LargestGamma    = 5820.77
0c147 info: SmallestGamma   = 6.6e-05
0c147 info: Local:
0c147 info: Size            = 550 5318 
0c147 info: TableEntries    = 11602 11588
0c147 info: MirrorsAdded    = 0 0
0c147 info: PrunableCount   = 3659 3667
0c147 info: LargestGamma    = 11281.8
0c147 info: SmallestGamma   = 0.026235
param_game allow_swap 1
= 

param_mohex max_memory 1600000
= 

param_mohex num_threads 1
= 

param_mohex max_time 1
= 

param_mohex max_games 1
= 

param_mohex knowledge_threshold 400
= 

param_mohex reuse_subtree 1
= 

param_mohex use_parallel_solver 0
= 

<= 
<
>name
<= MoHex
<
>version
<= 2.0.CMake
<
>play b j7
<= 
<
>genmove w
<= swap-pieces
<
>showboard
0c147 info: SwapCheck: reading from '/home/linus/MoHex2.0/nfbranchfix/benzene-vanilla-cmake/share/swap-moves.txt'.
0c147 info: SwapCheck: playing swap.
<= 
< 
<  d2b187dc5cfdf202
<  a  b  c  d  e  f  g  h  i  j  k  
< 1\.  .  .  .  .  .  .  .  .  .  .\1
<  2\.  .  .  .  .  .  .  .  .  .  .\2
<   3\.  .  .  .  .  .  .  .  .  .  .\3
<    4\.  .  .  .  .  .  .  .  .  .  .\4
<     5\.  .  .  .  .  .  .  .  .  .  .\5
<      6\.  .  .  .  .  .  .  .  .  .  .\6
<       7\.  .  .  .  .  .  .  .  .  B  .\7
<        8\.  .  .  .  .  .  .  .  .  .  .\8
<         9\.  .  .  .  .  .  .  .  .  .  .\9
<         10\.  .  .  .  .  .  .  .  .  .  .\10
<          11\.  .  .  .  .  .  .  .  .  .  .\11
<              a  b  c  d  e  f  g  h  i  j  k  
<
>play w b5
<= 
<
>showboard
<= 
< 
<  75dd93638416af6d
<  a  b  c  d  e  f  g  h  i  j  k  
< 1\.  .  .  .  .  .  .  .  .  .  .\1
<  2\.  .  .  .  .  .  .  .  .  .  .\2
<   3\.  .  .  .  .  .  .  .  .  .  .\3
<    4\.  .  .  .  .  .  .  .  .  .  .\4
<     5\.  W  .  .  .  .  .  .  .  .  .\5
<      6\.  .  .  .  .  .  .  .  .  .  .\6
<       7\.  .  .  .  .  .  .  .  .  B  .\7
<        8\.  .  .  .  .  .  .  .  .  .  .\8
<         9\.  .  .  .  .  .  .  .  .  .  .\9
<         10\.  .  .  .  .  .  .  .  .  .  .\10
<          11\.  .  .  .  .  .  .  .  .  .  .\11
<              a  b  c  d  e  f  g  h  i  j  k  
<
>genmove b
<= i9
<
>showboard
0c147 info: Best move cannot be determined, must search state.
0c147 info: --- MoHexPlayer::Search() ---
0c147 info: Color: black
0c147 info: MaxGames: 1
0c147 info: NumberThreads: 1
0c147 info: MaxNodes: 9090 (799920 bytes)
0c147 info: TimeForMove: 1
0c147 info: PreSearch: max time reached (43/82).
0c147 info: Time for PreSearch: 0.202531s
0c147 info: 
  75dd93638416af6d
  a  b  c  d  e  f  g  h  i  j  k  
 1\.  .  .  .  .  .  .  .  .  .  .\1
  2\.  .  *  *  *  *  *  *  *  *  *\2
   3\.  *  *  *  *  *  *  *  *  *  *\3
    4\w  .  *  *  *  *  *  *  *  *  *\4
     5\w  W  *  *  *  *  *  *  *  *  *\5
      6\w  .  *  *  *  *  *  *  *  *  .\6
       7\w  *  *  *  *  *  *  *  *  B  .\7
        8\.  *  *  *  *  *  *  *  *  *  *\8
         9\*  *  *  *  *  *  *  *  *  *  .\9
         10\*  *  *  *  *  *  *  *  *  .  .\10
          11\.  .  .  .  .  .  .  .  .  .  .\11
              a  b  c  d  e  f  g  h  i  j  k  
0c147 info: No subtree to reuse.
0c147 info: Creating thread 0
0c147 info: StartSearch()[0]
SgUctSearch: max games reached
0c147 info: 
Elapsed Time   0.379203s
Count          1
GamesPlayed    1
Nodes          1
Knowledge      0 (0.0%)
Expansions     0.0
Time           0.00
GameLen        115.0 dev=0.0 min=115.0 max=115.0
InTree         0.0 dev=0.0 min=0.0 max=0.0
KnowDepth      -
Aborted        0%
Games/s        282.6
Score          1.00
Sequence      
0c147 info: 
0c147 warning: **** MoHexSearch returned empty sequence!
0c147 warning: **** Returning random move!
<= 
< 
<  f1405b5df66bb214
<  a  b  c  d  e  f  g  h  i  j  k  
< 1\.  .  .  .  .  .  .  .  .  .  .\1
<  2\.  .  .  .  .  .  .  .  .  .  .\2
<   3\.  .  .  .  .  .  .  .  .  .  .\3
<    4\.  .  .  .  .  .  .  .  .  .  .\4
<     5\.  W  .  .  .  .  .  .  .  .  .\5
<      6\.  .  .  .  .  .  .  .  .  .  .\6
<       7\.  .  .  .  .  .  .  .  .  B  .\7
<        8\.  .  .  .  .  .  .  .  .  .  .\8
<         9\.  .  .  .  .  .  .  .  B  .  .\9
<         10\.  .  .  .  .  .  .  .  .  .  .\10
<          11\.  .  .  .  .  .  .  .  .  .  .\11
<              a  b  c  d  e  f  g  h  i  j  k  
<
>play w g9
<= 
<
>showboard
<= 
< 
<  b8db17859f5695a6
<  a  b  c  d  e  f  g  h  i  j  k  
< 1\.  .  .  .  .  .  .  .  .  .  .\1
<  2\.  .  .  .  .  .  .  .  .  .  .\2
<   3\.  .  .  .  .  .  .  .  .  .  .\3
<    4\.  .  .  .  .  .  .  .  .  .  .\4
<     5\.  W  .  .  .  .  .  .  .  .  .\5
<      6\.  .  .  .  .  .  .  .  .  .  .\6
<       7\.  .  .  .  .  .  .  .  .  B  .\7
<        8\.  .  .  .  .  .  .  .  .  .  .\8
<         9\.  .  .  .  .  .  W  .  B  .  .\9
<         10\.  .  .  .  .  .  .  .  .  .  .\10
<          11\.  .  .  .  .  .  .  .  .  .  .\11
<              a  b  c  d  e  f  g  h  i  j  k  
<
>genmove b
<= j9
<
>showboard
0c147 info: Best move cannot be determined, must search state.
0c147 info: --- MoHexPlayer::Search() ---
0c147 info: Color: black
0c147 info: MaxGames: 1
0c147 info: NumberThreads: 1
0c147 info: MaxNodes: 9090 (799920 bytes)
0c147 info: TimeForMove: 1
0c147 info: PreSearch: max time reached (45/76).
0c147 info: Time for PreSearch: 0.203971s
0c147 info: 
  b8db17859f5695a6
  a  b  c  d  e  f  g  h  i  j  k  
 1\.  .  .  .  .  .  .  .  .  .  .\1
  2\.  .  *  *  *  *  *  *  *  *  *\2
   3\.  *  *  *  *  *  *  *  *  *  *\3
    4\w  .  *  *  *  *  *  *  *  *  *\4
     5\w  W  *  *  *  *  *  *  *  *  *\5
      6\w  .  *  *  *  *  *  *  *  *  .\6
       7\w  *  *  *  *  *  *  *  *  B  .\7
        8\.  *  *  *  *  *  *  *  *  .  *\8
         9\*  *  *  *  *  *  W  *  B  .  .\9
         10\*  *  *  *  *  .  .  *  .  .  .\10
          11\.  .  .  .  .  .  .  .  .  .  .\11
              a  b  c  d  e  f  g  h  i  j  k  
0c147 info: Old: [black, j7] [white, swap-pieces] [white, b5] 
0c147 info: New: [black, j7] [white, swap-pieces] [white, b5] [black, i9] [white, g9] 
0c147 info: MovesPlayed: [black, i9] [white, g9] 
0c147 info: No subtree to reuse.
0c147 info: StartSearch()[0]
SgUctSearch: max games reached
0c147 info: 
Elapsed Time   0.359171s
Count          1
GamesPlayed    1
Nodes          1
Knowledge      0 (0.0%)
Expansions     0.0
Time           0.00
GameLen        113.0 dev=0.0 min=113.0 max=113.0
InTree         0.0 dev=0.0 min=0.0 max=0.0
KnowDepth      -
Aborted        0%
Games/s        3174.6
Score          1.00
Sequence      
0c147 info: 
0c147 warning: **** MoHexSearch returned empty sequence!
0c147 warning: **** Returning random move!
<= 
< 
<  e7b760aaca588018
<  a  b  c  d  e  f  g  h  i  j  k  
< 1\.  .  .  .  .  .  .  .  .  .  .\1
<  2\.  .  .  .  .  .  .  .  .  .  .\2
<   3\.  .  .  .  .  .  .  .  .  .  .\3
<    4\.  .  .  .  .  .  .  .  .  .  .\4
<     5\.  W  .  .  .  .  .  .  .  .  .\5
<      6\.  .  .  .  .  .  .  .  .  .  .\6
<       7\.  .  .  .  .  .  .  .  .  B  .\7
<        8\.  .  .  .  .  .  .  .  .  .  .\8
<         9\.  .  .  .  .  .  W  .  B  B  .\9
<         10\.  .  .  .  .  .  .  .  .  .  .\10
<          11\.  .  .  .  .  .  .  .  .  .  .\11
<              a  b  c  d  e  f  g  h  i  j  k  
<
>play w i4
<= 
<
>showboard
<= 
< 
<  756386979532f46a
<  a  b  c  d  e  f  g  h  i  j  k  
< 1\.  .  .  .  .  .  .  .  .  .  .\1
<  2\.  .  .  .  .  .  .  .  .  .  .\2
<   3\.  .  .  .  .  .  .  .  .  .  .\3
<    4\.  .  .  .  .  .  .  .  W  .  .\4
<     5\.  W  .  .  .  .  .  .  .  .  .\5
<      6\.  .  .  .  .  .  .  .  .  .  .\6
<       7\.  .  .  .  .  .  .  .  .  B  .\7
<        8\.  .  .  .  .  .  .  .  .  .  .\8
<         9\.  .  .  .  .  .  W  .  B  B  .\9
<         10\.  .  .  .  .  .  .  .  .  .  .\10
<          11\.  .  .  .  .  .  .  .  .  .  .\11
<              a  b  c  d  e  f  g  h  i  j  k  
<
>genmove b
<= f1
<
>showboard
0c147 info: Best move cannot be determined, must search state.
0c147 info: --- MoHexPlayer::Search() ---
0c147 info: Color: black
0c147 info: MaxGames: 1
0c147 info: NumberThreads: 1
0c147 info: MaxNodes: 9090 (799920 bytes)
0c147 info: TimeForMove: 1
0c147 info: PreSearch: max time reached (50/72).
0c147 info: Time for PreSearch: 0.201724s
0c147 info: 
  756386979532f46a
  a  b  c  d  e  f  g  h  i  j  k  
 1\.  .  .  .  .  .  .  .  .  .  .\1
  2\.  .  *  *  *  *  *  *  *  *  *\2
   3\.  *  *  *  *  *  *  *  *  *  *\3
    4\w  .  *  *  *  *  *  *  W  *  *\4
     5\w  W  *  *  *  *  *  *  *  *  *\5
      6\w  .  *  *  *  *  *  *  *  *  .\6
       7\w  *  *  *  *  *  *  *  *  B  w\7
        8\.  *  *  *  *  *  *  *  .  .  w\8
         9\*  *  *  *  *  *  W  *  B  B  .\9
         10\*  *  *  *  *  .  .  .  .  .  .\10
          11\.  .  .  .  .  .  .  .  .  .  .\11
              a  b  c  d  e  f  g  h  i  j  k  
0c147 info: Old: [black, j7] [white, swap-pieces] [white, b5] [black, i9] [white, g9] 
0c147 info: New: [black, j7] [white, swap-pieces] [white, b5] [black, i9] [white, g9] [black, j9] [white, i4] 
0c147 info: MovesPlayed: [black, j9] [white, i4] 
0c147 info: No subtree to reuse.
0c147 info: StartSearch()[0]
SgUctSearch: max games reached
0c147 info: 
Elapsed Time   0.366619s
Count          1
GamesPlayed    1
Nodes          1
Knowledge      0 (0.0%)
Expansions     0.0
Time           0.00
GameLen        109.0 dev=0.0 min=109.0 max=109.0
InTree         0.0 dev=0.0 min=0.0 max=0.0
KnowDepth      -
Aborted        0%
Games/s        3086.4
Score          0.00
Sequence      
0c147 info: 
0c147 warning: **** MoHexSearch returned empty sequence!
0c147 warning: **** Returning random move!
<= 
< 
<  b2df4ad2ff48ab8c
<  a  b  c  d  e  f  g  h  i  j  k  
< 1\.  .  .  .  .  B  .  .  .  .  .\1
<  2\.  .  .  .  .  .  .  .  .  .  .\2
<   3\.  .  .  .  .  .  .  .  .  .  .\3
<    4\.  .  .  .  .  .  .  .  W  .  .\4
<     5\.  W  .  .  .  .  .  .  .  .  .\5
<      6\.  .  .  .  .  .  .  .  .  .  .\6
<       7\.  .  .  .  .  .  .  .  .  B  .\7
<        8\.  .  .  .  .  .  .  .  .  .  .\8
<         9\.  .  .  .  .  .  W  .  B  B  .\9
<         10\.  .  .  .  .  .  .  .  .  .  .\10
<          11\.  .  .  .  .  .  .  .  .  .  .\11
<              a  b  c  d  e  f  g  h  i  j  k  
<
>play w c8
<= 
<
>showboard
<= 
< 
<  e37a8d384b64cdda
<  a  b  c  d  e  f  g  h  i  j  k  
< 1\.  .  .  .  .  B  .  .  .  .  .\1
<  2\.  .  .  .  .  .  .  .  .  .  .\2
<   3\.  .  .  .  .  .  .  .  .  .  .\3
<    4\.  .  .  .  .  .  .  .  W  .  .\4
<     5\.  W  .  .  .  .  .  .  .  .  .\5
<      6\.  .  .  .  .  .  .  .  .  .  .\6
<       7\.  .  .  .  .  .  .  .  .  B  .\7
<        8\.  .  W  .  .  .  .  .  .  .  .\8
<         9\.  .  .  .  .  .  W  .  B  B  .\9
<         10\.  .  .  .  .  .  .  .  .  .  .\10
<          11\.  .  .  .  .  .  .  .  .  .  .\11
<              a  b  c  d  e  f  g  h  i  j  k  
<
>genmove b
<= c4
<
>showboard
0c147 info: Best move cannot be determined, must search state.
0c147 info: --- MoHexPlayer::Search() ---
0c147 info: Color: black
0c147 info: MaxGames: 1
0c147 info: NumberThreads: 1
0c147 info: MaxNodes: 9090 (799920 bytes)
0c147 info: TimeForMove: 1
0c147 info: PreSearch: max time reached (55/71).
0c147 info: Time for PreSearch: 0.202171s
0c147 info: 
  e37a8d384b64cdda
  a  b  c  d  e  f  g  h  i  j  k  
 1\.  .  .  .  .  B  .  .  .  .  .\1
  2\.  .  *  *  *  *  *  *  *  *  *\2
   3\.  *  *  *  *  *  *  *  *  *  *\3
    4\w  .  *  *  *  *  *  *  W  *  *\4
     5\w  W  *  *  *  *  *  *  *  *  *\5
      6\w  .  *  *  *  *  *  *  *  *  .\6
       7\w  *  *  *  *  *  *  *  *  B  w\7
        8\.  *  W  *  *  *  *  *  .  .  w\8
         9\*  *  *  *  *  *  W  *  B  B  .\9
         10\*  *  *  *  *  .  .  .  .  .  .\10
          11\.  .  .  .  .  .  .  .  .  .  .\11
              a  b  c  d  e  f  g  h  i  j  k  
0c147 info: Old: [black, j7] [white, swap-pieces] [white, b5] [black, i9] [white, g9] [black, j9] [white, i4] 
0c147 info: New: [black, j7] [white, swap-pieces] [white, b5] [black, i9] [white, g9] [black, j9] [white, i4] [black, f1] [white, c8] 
0c147 info: MovesPlayed: [black, f1] [white, c8] 
0c147 info: No subtree to reuse.
0c147 info: StartSearch()[0]
SgUctSearch: max games reached
0c147 info: 
Elapsed Time   0.369455s
Count          1
GamesPlayed    1
Nodes          1
Knowledge      0 (0.0%)
Expansions     0.0
Time           0.00
GameLen        107.0 dev=0.0 min=107.0 max=107.0
InTree         0.0 dev=0.0 min=0.0 max=0.0
KnowDepth      -
Aborted        0%
Games/s        2597.4
Score          0.00
Sequence      
0c147 info: 
0c147 warning: **** MoHexSearch returned empty sequence!
0c147 warning: **** Returning random move!
<= 
< 
<  f58884b98f87b452
<  a  b  c  d  e  f  g  h  i  j  k  
< 1\.  .  .  .  .  B  .  .  .  .  .\1
<  2\.  .  .  .  .  .  .  .  .  .  .\2
<   3\.  .  .  .  .  .  .  .  .  .  .\3
<    4\.  .  B  .  .  .  .  .  W  .  .\4
<     5\.  W  .  .  .  .  .  .  .  .  .\5
<      6\.  .  .  .  .  .  .  .  .  .  .\6
<       7\.  .  .  .  .  .  .  .  .  B  .\7
<        8\.  .  W  .  .  .  .  .  .  .  .\8
<         9\.  .  .  .  .  .  W  .  B  B  .\9
<         10\.  .  .  .  .  .  .  .  .  .  .\10
<          11\.  .  .  .  .  .  .  .  .  .  .\11
<              a  b  c  d  e  f  g  h  i  j  k  
<
>play w e11
<= 
<
>showboard
<= 
< 
<  d928cbc18ab62e53
<  a  b  c  d  e  f  g  h  i  j  k  
< 1\.  .  .  .  .  B  .  .  .  .  .\1
<  2\.  .  .  .  .  .  .  .  .  .  .\2
<   3\.  .  .  .  .  .  .  .  .  .  .\3
<    4\.  .  B  .  .  .  .  .  W  .  .\4
<     5\.  W  .  .  .  .  .  .  .  .  .\5
<      6\.  .  .  .  .  .  .  .  .  .  .\6
<       7\.  .  .  .  .  .  .  .  .  B  .\7
<        8\.  .  W  .  .  .  .  .  .  .  .\8
<         9\.  .  .  .  .  .  W  .  B  B  .\9
<         10\.  .  .  .  .  .  .  .  .  .  .\10
<          11\.  .  .  .  W  .  .  .  .  .  .\11
<              a  b  c  d  e  f  g  h  i  j  k  
<
>genmove b
<= j2
<
>showboard
0c147 info: Best move cannot be determined, must search state.
0c147 info: --- MoHexPlayer::Search() ---
0c147 info: Color: black
0c147 info: MaxGames: 1
0c147 info: NumberThreads: 1
0c147 info: MaxNodes: 9090 (799920 bytes)
0c147 info: TimeForMove: 1
0c147 info: PreSearch: max time reached (57/71).
0c147 info: Time for PreSearch: 0.202632s
0c147 info: 
  d928cbc18ab62e53
  a  b  c  d  e  f  g  h  i  j  k  
 1\.  .  .  .  .  B  .  .  .  .  .\1
  2\.  .  *  *  *  *  *  *  *  *  *\2
   3\.  *  *  *  *  *  *  *  *  *  *\3
    4\w  .  B  *  *  *  *  *  W  *  *\4
     5\w  W  *  *  *  *  *  *  *  *  *\5
      6\w  .  *  *  *  *  *  *  *  *  .\6
       7\w  *  *  *  *  *  *  *  *  B  w\7
        8\.  *  W  *  *  *  *  *  .  .  w\8
         9\*  *  *  *  *  *  W  *  B  B  .\9
         10\*  *  *  *  *  *  .  *  .  .  .\10
          11\.  .  .  .  W  .  .  .  .  .  .\11
              a  b  c  d  e  f  g  h  i  j  k  
0c147 info: Old: [black, j7] [white, swap-pieces] [white, b5] [black, i9] [white, g9] [black, j9] [white, i4] [black, f1] [white, c8] 
0c147 info: New: [black, j7] [white, swap-pieces] [white, b5] [black, i9] [white, g9] [black, j9] [white, i4] [black, f1] [white, c8] [black, c4] [white, e11] 
0c147 info: MovesPlayed: [black, c4] [white, e11] 
0c147 info: No subtree to reuse.
0c147 info: StartSearch()[0]
SgUctSearch: max games reached
0c147 info: 
Elapsed Time   0.357187s
Count          1
GamesPlayed    1
Nodes          1
Knowledge      0 (0.0%)
Expansions     0.0
Time           0.00
GameLen        105.0 dev=0.0 min=105.0 max=105.0
InTree         0.0 dev=0.0 min=0.0 max=0.0
KnowDepth      -
Aborted        0%
Games/s        2747.3
Score          1.00
Sequence      
0c147 info: 
0c147 warning: **** MoHexSearch returned empty sequence!
0c147 warning: **** Returning random move!
<= 
< 
<  be446d8899ea297d
<  a  b  c  d  e  f  g  h  i  j  k  
< 1\.  .  .  .  .  B  .  .  .  .  .\1
<  2\.  .  .  .  .  .  .  .  .  B  .\2
<   3\.  .  .  .  .  .  .  .  .  .  .\3
<    4\.  .  B  .  .  .  .  .  W  .  .\4
<     5\.  W  .  .  .  .  .  .  .  .  .\5
<      6\.  .  .  .  .  .  .  .  .  .  .\6
<       7\.  .  .  .  .  .  .  .  .  B  .\7
<        8\.  .  W  .  .  .  .  .  .  .  .\8
<         9\.  .  .  .  .  .  W  .  B  B  .\9
<         10\.  .  .  .  .  .  .  .  .  .  .\10
<          11\.  .  .  .  W  .  .  .  .  .  .\11
<              a  b  c  d  e  f  g  h  i  j  k  
<
>play w k3
<= 
<
>showboard
<= 
< 
<  6b3eab7ab753b714
<  a  b  c  d  e  f  g  h  i  j  k  
< 1\.  .  .  .  .  B  .  .  .  .  .\1
<  2\.  .  .  .  .  .  .  .  .  B  .\2
<   3\.  .  .  .  .  .  .  .  .  .  W\3
<    4\.  .  B  .  .  .  .  .  W  .  .\4
<     5\.  W  .  .  .  .  .  .  .  .  .\5
<      6\.  .  .  .  .  .  .  .  .  .  .\6
<       7\.  .  .  .  .  .  .  .  .  B  .\7
<        8\.  .  W  .  .  .  .  .  .  .  .\8
<         9\.  .  .  .  .  .  W  .  B  B  .\9
<         10\.  .  .  .  .  .  .  .  .  .  .\10
<          11\.  .  .  .  W  .  .  .  .  .  .\11
<              a  b  c  d  e  f  g  h  i  j  k  
<
>genmove b
<= b3
<
>showboard
0c147 info: Best move cannot be determined, must search state.
0c147 info: --- MoHexPlayer::Search() ---
0c147 info: Color: black
0c147 info: MaxGames: 1
0c147 info: NumberThreads: 1
0c147 info: MaxNodes: 9090 (799920 bytes)
0c147 info: TimeForMove: 1
0c147 info: Time for PreSearch: 0.202286s
0c147 info: 
  6b3eab7ab753b714
  a  b  c  d  e  f  g  h  i  j  k  
 1\.  .  .  .  .  B  b  b  b  b  b\1
  2\.  .  .  *  *  .  .  .  b  B  b\2
   3\.  *  *  *  *  *  *  .  .  .  W\3
    4\w  .  B  *  *  *  *  *  W  *  .\4
     5\w  W  *  *  *  *  *  *  *  *  *\5
      6\w  .  *  *  *  *  *  *  *  *  .\6
       7\w  *  *  *  *  *  *  *  *  B  w\7
        8\.  *  W  *  *  *  *  *  .  .  w\8
         9\*  *  *  *  *  *  W  *  B  B  .\9
         10\*  *  *  *  *  *  .  *  .  .  .\10
          11\.  .  .  .  W  .  .  .  .  .  .\11
              a  b  c  d  e  f  g  h  i  j  k  
0c147 info: Old: [black, j7] [white, swap-pieces] [white, b5] [black, i9] [white, g9] [black, j9] [white, i4] [black, f1] [white, c8] [black, c4] [white, e11] 
0c147 info: New: [black, j7] [white, swap-pieces] [white, b5] [black, i9] [white, g9] [black, j9] [white, i4] [black, f1] [white, c8] [black, c4] [white, e11] [black, j2] [white, k3] 
0c147 info: MovesPlayed: [black, j2] [white, k3] 
0c147 info: No subtree to reuse.
0c147 info: StartSearch()[0]
SgUctSearch: max games reached
0c147 info: 
Elapsed Time   0.355415s
Count          1
GamesPlayed    1
Nodes          1
Knowledge      0 (0.0%)
Expansions     0.0
Time           0.00
GameLen        96.0 dev=0.0 min=96.0 max=96.0
InTree         0.0 dev=0.0 min=0.0 max=0.0
KnowDepth      -
Aborted        0%
Games/s        3401.4
Score          0.00
Sequence      
0c147 info: 
0c147 warning: **** MoHexSearch returned empty sequence!
0c147 warning: **** Returning random move!
<= 
< 
<  87c138ad34b9ffed
<  a  b  c  d  e  f  g  h  i  j  k  
< 1\.  .  .  .  .  B  .  .  .  .  .\1
<  2\.  .  .  .  .  .  .  .  .  B  .\2
<   3\.  B  .  .  .  .  .  .  .  .  W\3
<    4\.  .  B  .  .  .  .  .  W  .  .\4
<     5\.  W  .  .  .  .  .  .  .  .  .\5
<      6\.  .  .  .  .  .  .  .  .  .  .\6
<       7\.  .  .  .  .  .  .  .  .  B  .\7
<        8\.  .  W  .  .  .  .  .  .  .  .\8
<         9\.  .  .  .  .  .  W  .  B  B  .\9
<         10\.  .  .  .  .  .  .  .  .  .  .\10
<          11\.  .  .  .  W  .  .  .  .  .  .\11
<              a  b  c  d  e  f  g  h  i  j  k  
<
>play w d9
<= 
<
>showboard
<= 
< 
<  374384fb3464a466
<  a  b  c  d  e  f  g  h  i  j  k  
< 1\.  .  .  .  .  B  .  .  .  .  .\1
<  2\.  .  .  .  .  .  .  .  .  B  .\2
<   3\.  B  .  .  .  .  .  .  .  .  W\3
<    4\.  .  B  .  .  .  .  .  W  .  .\4
<     5\.  W  .  .  .  .  .  .  .  .  .\5
<      6\.  .  .  .  .  .  .  .  .  .  .\6
<       7\.  .  .  .  .  .  .  .  .  B  .\7
<        8\.  .  W  .  .  .  .  .  .  .  .\8
<         9\.  .  .  W  .  .  W  .  B  B  .\9
<         10\.  .  .  .  .  .  .  .  .  .  .\10
<          11\.  .  .  .  W  .  .  .  .  .  .\11
<              a  b  c  d  e  f  g  h  i  j  k  
<
>genmove b
<= h9
<
>showboard
0c147 info: Best move cannot be determined, must search state.
0c147 info: --- MoHexPlayer::Search() ---
0c147 info: Color: black
0c147 info: MaxGames: 1
0c147 info: NumberThreads: 1
0c147 info: MaxNodes: 9090 (799920 bytes)
0c147 info: TimeForMove: 1
0c147 info: Time for PreSearch: 0.193513s
0c147 info: 
  374384fb3464a466
  a  b  c  d  e  f  g  h  i  j  k  
 1\.  .  .  .  .  B  b  b  b  b  b\1
  2\.  *  .  .  .  .  .  .  b  B  b\2
   3\.  B  .  .  *  *  *  .  .  .  W\3
    4\b  .  B  *  *  *  *  *  W  *  .\4
     5\w  W  *  *  *  *  *  *  *  *  *\5
      6\w  .  *  *  *  *  *  *  *  *  .\6
       7\w  *  *  *  *  *  *  *  *  B  w\7
        8\.  *  W  *  *  *  *  *  .  .  w\8
         9\*  *  *  W  *  *  W  *  B  B  .\9
         10\*  *  .  *  *  *  .  *  .  .  .\10
          11\.  .  .  .  W  .  .  .  .  .  .\11
              a  b  c  d  e  f  g  h  i  j  k  
0c147 info: Old: [black, j7] [white, swap-pieces] [white, b5] [black, i9] [white, g9] [black, j9] [white, i4] [black, f1] [white, c8] [black, c4] [white, e11] [black, j2] [white, k3] 
0c147 info: New: [black, j7] [white, swap-pieces] [white, b5] [black, i9] [white, g9] [black, j9] [white, i4] [black, f1] [white, c8] [black, c4] [white, e11] [black, j2] [white, k3] [black, b3] [white, d9] 
0c147 info: MovesPlayed: [black, b3] [white, d9] 
0c147 info: No subtree to reuse.
0c147 info: StartSearch()[0]
SgUctSearch: max games reached
0c147 info: 
Elapsed Time   0.34572s
Count          1
GamesPlayed    1
Nodes          1
Knowledge      0 (0.0%)
Expansions     0.0
Time           0.00
GameLen        94.0 dev=0.0 min=94.0 max=94.0
InTree         0.0 dev=0.0 min=0.0 max=0.0
KnowDepth      -
Aborted        0%
Games/s        3105.6
Score          1.00
Sequence      
0c147 info: 
0c147 warning: **** MoHexSearch returned empty sequence!
0c147 warning: **** Returning random move!
<= 
< 
<  d4103819d7671af9
<  a  b  c  d  e  f  g  h  i  j  k  
< 1\.  .  .  .  .  B  .  .  .  .  .\1
<  2\.  .  .  .  .  .  .  .  .  B  .\2
<   3\.  B  .  .  .  .  .  .  .  .  W\3
<    4\.  .  B  .  .  .  .  .  W  .  .\4
<     5\.  W  .  .  .  .  .  .  .  .  .\5
<      6\.  .  .  .  .  .  .  .  .  .  .\6
<       7\.  .  .  .  .  .  .  .  .  B  .\7
<        8\.  .  W  .  .  .  .  .  .  .  .\8
<         9\.  .  .  W  .  .  W  B  B  B  .\9
<         10\.  .  .  .  .  .  .  .  .  .  .\10
<          11\.  .  .  .  W  .  .  .  .  .  .\11
<              a  b  c  d  e  f  g  h  i  j  k  
<
>play w f9
<= 
<
>showboard
<= 
< 
<  dc2ddc676ab16007
<  a  b  c  d  e  f  g  h  i  j  k  
< 1\.  .  .  .  .  B  .  .  .  .  .\1
<  2\.  .  .  .  .  .  .  .  .  B  .\2
<   3\.  B  .  .  .  .  .  .  .  .  W\3
<    4\.  .  B  .  .  .  .  .  W  .  .\4
<     5\.  W  .  .  .  .  .  .  .  .  .\5
<      6\.  .  .  .  .  .  .  .  .  .  .\6
<       7\.  .  .  .  .  .  .  .  .  B  .\7
<        8\.  .  W  .  .  .  .  .  .  .  .\8
<         9\.  .  .  W  .  W  W  B  B  B  .\9
<         10\.  .  .  .  .  .  .  .  .  .  .\10
<          11\.  .  .  .  W  .  .  .  .  .  .\11
<              a  b  c  d  e  f  g  h  i  j  k  
<
>genmove b
<= e6
<
>showboard
0c147 info: Best move cannot be determined, must search state.
0c147 info: --- MoHexPlayer::Search() ---
0c147 info: Color: black
0c147 info: MaxGames: 1
0c147 info: NumberThreads: 1
0c147 info: MaxNodes: 9090 (799920 bytes)
0c147 info: TimeForMove: 1
0c147 info: Time for PreSearch: 0.059s
0c147 info: 
  dc2ddc676ab16007
  a  b  c  d  e  f  g  h  i  j  k  
 1\.  .  .  .  .  B  b  b  b  b  b\1
  2\.  .  .  .  .  .  .  .  b  B  b\2
   3\.  B  .  .  .  .  .  .  .  .  W\3
    4\b  .  B  .  .  .  .  .  W  *  .\4
     5\w  W  *  .  .  .  .  .  *  .  .\5
      6\w  .  .  .  .  .  .  *  .  .  .\6
       7\w  *  *  .  .  .  .  .  .  B  b\7
        8\.  *  W  *  .  .  .  .  b  b  b\8
         9\*  .  *  W  *  W  W  B  B  B  .\9
         10\*  *  .  *  *  .  .  .  .  .  .\10
          11\.  .  .  .  W  .  .  .  .  .  .\11
              a  b  c  d  e  f  g  h  i  j  k  
0c147 info: Old: [black, j7] [white, swap-pieces] [white, b5] [black, i9] [white, g9] [black, j9] [white, i4] [black, f1] [white, c8] [black, c4] [white, e11] [black, j2] [white, k3] [black, b3] [white, d9] 
0c147 info: New: [black, j7] [white, swap-pieces] [white, b5] [black, i9] [white, g9] [black, j9] [white, i4] [black, f1] [white, c8] [black, c4] [white, e11] [black, j2] [white, k3] [black, b3] [white, d9] [black, h9] [white, f9] 
0c147 info: MovesPlayed: [black, h9] [white, f9] 
0c147 info: No subtree to reuse.
0c147 info: StartSearch()[0]
SgUctSearch: max games reached
0c147 info: 
Elapsed Time   0.214447s
Count          1
GamesPlayed    1
Nodes          1
Knowledge      0 (0.0%)
Expansions     0.0
Time           0.00
GameLen        90.0 dev=0.0 min=90.0 max=90.0
InTree         0.0 dev=0.0 min=0.0 max=0.0
KnowDepth      -
Aborted        0%
Games/s        2710.0
Score          0.00
Sequence      
0c147 info: 
0c147 warning: **** MoHexSearch returned empty sequence!
0c147 warning: **** Returning random move!
<= 
< 
<  d1baa583e3b7be47
<  a  b  c  d  e  f  g  h  i  j  k  
< 1\.  .  .  .  .  B  .  .  .  .  .\1
<  2\.  .  .  .  .  .  .  .  .  B  .\2
<   3\.  B  .  .  .  .  .  .  .  .  W\3
<    4\.  .  B  .  .  .  .  .  W  .  .\4
<     5\.  W  .  .  .  .  .  .  .  .  .\5
<      6\.  .  .  .  B  .  .  .  .  .  .\6
<       7\.  .  .  .  .  .  .  .  .  B  .\7
<        8\.  .  W  .  .  .  .  .  .  .  .\8
<         9\.  .  .  W  .  W  W  B  B  B  .\9
<         10\.  .  .  .  .  .  .  .  .  .  .\10
<          11\.  .  .  .  W  .  .  .  .  .  .\11
<              a  b  c  d  e  f  g  h  i  j  k  
<
>play w h7
<= 
<
>showboard
<= 
< 
<  d07775f9a1c0858f
<  a  b  c  d  e  f  g  h  i  j  k  
< 1\.  .  .  .  .  B  .  .  .  .  .\1
<  2\.  .  .  .  .  .  .  .  .  B  .\2
<   3\.  B  .  .  .  .  .  .  .  .  W\3
<    4\.  .  B  .  .  .  .  .  W  .  .\4
<     5\.  W  .  .  .  .  .  .  .  .  .\5
<      6\.  .  .  .  B  .  .  .  .  .  .\6
<       7\.  .  .  .  .  .  .  W  .  B  .\7
<        8\.  .  W  .  .  .  .  .  .  .  .\8
<         9\.  .  .  W  .  W  W  B  B  B  .\9
<         10\.  .  .  .  .  .  .  .  .  .  .\10
<          11\.  .  .  .  W  .  .  .  .  .  .\11
<              a  b  c  d  e  f  g  h  i  j  k  
<
>genmove b
<= j4
<
>showboard
0c147 info: Opponent has won; playing most blocking move.
<= 
< 
<  5e380c0bf4c6e969
<  a  b  c  d  e  f  g  h  i  j  k  
< 1\.  .  .  .  .  B  .  .  .  .  .\1
<  2\.  .  .  .  .  .  .  .  .  B  .\2
<   3\.  B  .  .  .  .  .  .  .  .  W\3
<    4\.  .  B  .  .  .  .  .  W  B  .\4
<     5\.  W  .  .  .  .  .  .  .  .  .\5
<      6\.  .  .  .  B  .  .  .  .  .  .\6
<       7\.  .  .  .  .  .  .  W  .  B  .\7
<        8\.  .  W  .  .  .  .  .  .  .  .\8
<         9\.  .  .  W  .  W  W  B  B  B  .\9
<         10\.  .  .  .  .  .  .  .  .  .  .\10
<          11\.  .  .  .  W  .  .  .  .  .  .\11
<              a  b  c  d  e  f  g  h  i  j  k  
<
>play w h6
<= 
<
>showboard
<= 
< 
<  58f283fcf7bba717
<  a  b  c  d  e  f  g  h  i  j  k  
< 1\.  .  .  .  .  B  .  .  .  .  .\1
<  2\.  .  .  .  .  .  .  .  .  B  .\2
<   3\.  B  .  .  .  .  .  .  .  .  W\3
<    4\.  .  B  .  .  .  .  .  W  B  .\4
<     5\.  W  .  .  .  .  .  .  .  .  .\5
<      6\.  .  .  .  B  .  .  W  .  .  .\6
<       7\.  .  .  .  .  .  .  W  .  B  .\7
<        8\.  .  W  .  .  .  .  .  .  .  .\8
<         9\.  .  .  W  .  W  W  B  B  B  .\9
<         10\.  .  .  .  .  .  .  .  .  .  .\10
<          11\.  .  .  .  W  .  .  .  .  .  .\11
<              a  b  c  d  e  f  g  h  i  j  k  
<
>genmove b
<= i5
<
>showboard
0c147 info: Opponent has won; playing most blocking move.
<= 
< 
<  28174cba6875a612
<  a  b  c  d  e  f  g  h  i  j  k  
< 1\.  .  .  .  .  B  .  .  .  .  .\1
<  2\.  .  .  .  .  .  .  .  .  B  .\2
<   3\.  B  .  .  .  .  .  .  .  .  W\3
<    4\.  .  B  .  .  .  .  .  W  B  .\4
<     5\.  W  .  .  .  .  .  .  B  .  .\5
<      6\.  .  .  .  B  .  .  W  .  .  .\6
<       7\.  .  .  .  .  .  .  W  .  B  .\7
<        8\.  .  W  .  .  .  .  .  .  .  .\8
<         9\.  .  .  W  .  W  W  B  B  B  .\9
<         10\.  .  .  .  .  .  .  .  .  .  .\10
<          11\.  .  .  .  W  .  .  .  .  .  .\11
<              a  b  c  d  e  f  g  h  i  j  k  
<
>play w j6
<= 
<
>showboard
<= 
< 
<  5bcdad66f6a46688
<  a  b  c  d  e  f  g  h  i  j  k  
< 1\.  .  .  .  .  B  .  .  .  .  .\1
<  2\.  .  .  .  .  .  .  .  .  B  .\2
<   3\.  B  .  .  .  .  .  .  .  .  W\3
<    4\.  .  B  .  .  .  .  .  W  B  .\4
<     5\.  W  .  .  .  .  .  .  B  .  .\5
<      6\.  .  .  .  B  .  .  W  .  W  .\6
<       7\.  .  .  .  .  .  .  W  .  B  .\7
<        8\.  .  W  .  .  .  .  .  .  .  .\8
<         9\.  .  .  W  .  W  W  B  B  B  .\9
<         10\.  .  .  .  .  .  .  .  .  .  .\10
<          11\.  .  .  .  W  .  .  .  .  .  .\11
<              a  b  c  d  e  f  g  h  i  j  k  
<
>genmove b
<= a10
<
>showboard
0c147 info: Opponent has won; playing most blocking move.
<= 
< 
<  a646efd47d8b5f9e
<  a  b  c  d  e  f  g  h  i  j  k  
< 1\.  .  .  .  .  B  .  .  .  .  .\1
<  2\.  .  .  .  .  .  .  .  .  B  .\2
<   3\.  B  .  .  .  .  .  .  .  .  W\3
<    4\.  .  B  .  .  .  .  .  W  B  .\4
<     5\.  W  .  .  .  .  .  .  B  .  .\5
<      6\.  .  .  .  B  .  .  W  .  W  .\6
<       7\.  .  .  .  .  .  .  W  .  B  .\7
<        8\.  .  W  .  .  .  .  .  .  .  .\8
<         9\.  .  .  W  .  W  W  B  B  B  .\9
<         10\B  .  .  .  .  .  .  .  .  .  .\10
<          11\.  .  .  .  W  .  .  .  .  .  .\11
<              a  b  c  d  e  f  g  h  i  j  k  
<
>play w b8
<= 
<
>showboard
<= 
< 
<  22b6400c6e6d5f33
<  a  b  c  d  e  f  g  h  i  j  k  
< 1\.  .  .  .  .  B  .  .  .  .  .\1
<  2\.  .  .  .  .  .  .  .  .  B  .\2
<   3\.  B  .  .  .  .  .  .  .  .  W\3
<    4\.  .  B  .  .  .  .  .  W  B  .\4
<     5\.  W  .  .  .  .  .  .  B  .  .\5
<      6\.  .  .  .  B  .  .  W  .  W  .\6
<       7\.  .  .  .  .  .  .  W  .  B  .\7
<        8\.  W  W  .  .  .  .  .  .  .  .\8
<         9\.  .  .  W  .  W  W  B  B  B  .\9
<         10\B  .  .  .  .  .  .  .  .  .  .\10
<          11\.  .  .  .  W  .  .  .  .  .  .\11
<              a  b  c  d  e  f  g  h  i  j  k  
<
>genmove b
<= c9
<
>showboard
0c147 info: Opponent has won; playing most blocking move.
<= 
< 
<  6c67225e77c1e0d2
<  a  b  c  d  e  f  g  h  i  j  k  
< 1\.  .  .  .  .  B  .  .  .  .  .\1
<  2\.  .  .  .  .  .  .  .  .  B  .\2
<   3\.  B  .  .  .  .  .  .  .  .  W\3
<    4\.  .  B  .  .  .  .  .  W  B  .\4
<     5\.  W  .  .  .  .  .  .  B  .  .\5
<      6\.  .  .  .  B  .  .  W  .  W  .\6
<       7\.  .  .  .  .  .  .  W  .  B  .\7
<        8\.  W  W  .  .  .  .  .  .  .  .\8
<         9\.  .  B  W  .  W  W  B  B  B  .\9
<         10\B  .  .  .  .  .  .  .  .  .  .\10
<          11\.  .  .  .  W  .  .  .  .  .  .\11
<              a  b  c  d  e  f  g  h  i  j  k  
<
>play w d8
<= 
<
>showboard
<= 
< 
<  9aee6bc0f7516981
<  a  b  c  d  e  f  g  h  i  j  k  
< 1\.  .  .  .  .  B  .  .  .  .  .\1
<  2\.  .  .  .  .  .  .  .  .  B  .\2
<   3\.  B  .  .  .  .  .  .  .  .  W\3
<    4\.  .  B  .  .  .  .  .  W  B  .\4
<     5\.  W  .  .  .  .  .  .  B  .  .\5
<      6\.  .  .  .  B  .  .  W  .  W  .\6
<       7\.  .  .  .  .  .  .  W  .  B  .\7
<        8\.  W  W  W  .  .  .  .  .  .  .\8
<         9\.  .  B  W  .  W  W  B  B  B  .\9
<         10\B  .  .  .  .  .  .  .  .  .  .\10
<          11\.  .  .  .  W  .  .  .  .  .  .\11
<              a  b  c  d  e  f  g  h  i  j  k  
<
>genmove b
<= e9
<
>showboard
0c147 info: Opponent has won; playing most blocking move.
<= 
< 
<  60f946ac44bf7487
<  a  b  c  d  e  f  g  h  i  j  k  
< 1\.  .  .  .  .  B  .  .  .  .  .\1
<  2\.  .  .  .  .  .  .  .  .  B  .\2
<   3\.  B  .  .  .  .  .  .  .  .  W\3
<    4\.  .  B  .  .  .  .  .  W  B  .\4
<     5\.  W  .  .  .  .  .  .  B  .  .\5
<      6\.  .  .  .  B  .  .  W  .  W  .\6
<       7\.  .  .  .  .  .  .  W  .  B  .\7
<        8\.  W  W  W  .  .  .  .  .  .  .\8
<         9\.  .  B  W  B  W  W  B  B  B  .\9
<         10\B  .  .  .  .  .  .  .  .  .  .\10
<          11\.  .  .  .  W  .  .  .  .  .  .\11
<              a  b  c  d  e  f  g  h  i  j  k  
<
>play w f7
<= 
<
>showboard
<= 
< 
<  fbdc67a68a64b466
<  a  b  c  d  e  f  g  h  i  j  k  
< 1\.  .  .  .  .  B  .  .  .  .  .\1
<  2\.  .  .  .  .  .  .  .  .  B  .\2
<   3\.  B  .  .  .  .  .  .  .  .  W\3
<    4\.  .  B  .  .  .  .  .  W  B  .\4
<     5\.  W  .  .  .  .  .  .  B  .  .\5
<      6\.  .  .  .  B  .  .  W  .  W  .\6
<       7\.  .  .  .  .  W  .  W  .  B  .\7
<        8\.  W  W  W  .  .  .  .  .  .  .\8
<         9\.  .  B  W  B  W  W  B  B  B  .\9
<         10\B  .  .  .  .  .  .  .  .  .  .\10
<          11\.  .  .  .  W  .  .  .  .  .  .\11
<              a  b  c  d  e  f  g  h  i  j  k  
<
>genmove b
<= k5
<
>showboard
0c147 info: Captured cells caused win! Removing...
0c147 info: Opponent has won; playing most blocking move.
<= 
< 
<  f27c0fc3a2610038
<  a  b  c  d  e  f  g  h  i  j  k  
< 1\.  .  .  .  .  B  .  .  .  .  .\1
<  2\.  .  .  .  .  .  .  .  .  B  .\2
<   3\.  B  .  .  .  .  .  .  .  .  W\3
<    4\.  .  B  .  .  .  .  .  W  B  .\4
<     5\.  W  .  .  .  .  .  .  B  .  B\5
<      6\.  .  .  .  B  .  .  W  .  W  .\6
<       7\.  .  .  .  .  W  .  W  .  B  .\7
<        8\.  W  W  W  .  .  .  .  .  .  .\8
<         9\.  .  B  W  B  W  W  B  B  B  .\9
<         10\B  .  .  .  .  .  .  .  .  .  .\10
<          11\.  .  .  .  W  .  .  .  .  .  .\11
<              a  b  c  d  e  f  g  h  i  j  k  
<
>play w k6
<= 
<
>showboard
<= 
< 
<  1c2a3672cfe44e60
<  a  b  c  d  e  f  g  h  i  j  k  
< 1\.  .  .  .  .  B  .  .  .  .  .\1
<  2\.  .  .  .  .  .  .  .  .  B  .\2
<   3\.  B  .  .  .  .  .  .  .  .  W\3
<    4\.  .  B  .  .  .  .  .  W  B  .\4
<     5\.  W  .  .  .  .  .  .  B  .  B\5
<      6\.  .  .  .  B  .  .  W  .  W  W\6
<       7\.  .  .  .  .  W  .  W  .  B  .\7
<        8\.  W  W  W  .  .  .  .  .  .  .\8
<         9\.  .  B  W  B  W  W  B  B  B  .\9
<         10\B  .  .  .  .  .  .  .  .  .  .\10
<          11\.  .  .  .  W  .  .  .  .  .  .\11
<              a  b  c  d  e  f  g  h  i  j  k  
<
>genmove b
<= i6
<
>showboard
0c147 info: Captured cells caused win! Removing...
0c147 info: Opponent has won; playing most blocking move.
<= 
< 
<  f25979b7d52bd2af
<  a  b  c  d  e  f  g  h  i  j  k  
< 1\.  .  .  .  .  B  .  .  .  .  .\1
<  2\.  .  .  .  .  .  .  .  .  B  .\2
<   3\.  B  .  .  .  .  .  .  .  .  W\3
<    4\.  .  B  .  .  .  .  .  W  B  .\4
<     5\.  W  .  .  .  .  .  .  B  .  B\5
<      6\.  .  .  .  B  .  .  W  B  W  W\6
<       7\.  .  .  .  .  W  .  W  .  B  .\7
<        8\.  W  W  W  .  .  .  .  .  .  .\8
<         9\.  .  B  W  B  W  W  B  B  B  .\9
<         10\B  .  .  .  .  .  .  .  .  .  .\10
<          11\.  .  .  .  W  .  .  .  .  .  .\11
<              a  b  c  d  e  f  g  h  i  j  k  
<
>play w i7
<= 
<
>showboard
<= 
< 
<  fd643decb3955997
<  a  b  c  d  e  f  g  h  i  j  k  
< 1\.  .  .  .  .  B  .  .  .  .  .\1
<  2\.  .  .  .  .  .  .  .  .  B  .\2
<   3\.  B  .  .  .  .  .  .  .  .  W\3
<    4\.  .  B  .  .  .  .  .  W  B  .\4
<     5\.  W  .  .  .  .  .  .  B  .  B\5
<      6\.  .  .  .  B  .  .  W  B  W  W\6
<       7\.  .  .  .  .  W  .  W  W  B  .\7
<        8\.  W  W  W  .  .  .  .  .  .  .\8
<         9\.  .  B  W  B  W  W  B  B  B  .\9
<         10\B  .  .  .  .  .  .  .  .  .  .\10
<          11\.  .  .  .  W  .  .  .  .  .  .\11
<              a  b  c  d  e  f  g  h  i  j  k  
<
>genmove b
<= e7
<
>showboard
0c147 info: Captured cells caused win! Removing...
0c147 info: Opponent has won; playing most blocking move.
<= 
< 
<  02fb37da612565fe
<  a  b  c  d  e  f  g  h  i  j  k  
< 1\.  .  .  .  .  B  .  .  .  .  .\1
<  2\.  .  .  .  .  .  .  .  .  B  .\2
<   3\.  B  .  .  .  .  .  .  .  .  W\3
<    4\.  .  B  .  .  .  .  .  W  B  .\4
<     5\.  W  .  .  .  .  .  .  B  .  B\5
<      6\.  .  .  .  B  .  .  W  B  W  W\6
<       7\.  .  .  .  B  W  .  W  W  B  .\7
<        8\.  W  W  W  .  .  .  .  .  .  .\8
<         9\.  .  B  W  B  W  W  B  B  B  .\9
<         10\B  .  .  .  .  .  .  .  .  .  .\10
<          11\.  .  .  .  W  .  .  .  .  .  .\11
<              a  b  c  d  e  f  g  h  i  j  k  
<
>play w e8
<= 
<
>showboard
<= 
< 
<  f2cadb97b7552b39
<  a  b  c  d  e  f  g  h  i  j  k  
< 1\.  .  .  .  .  B  .  .  .  .  .\1
<  2\.  .  .  .  .  .  .  .  .  B  .\2
<   3\.  B  .  .  .  .  .  .  .  .  W\3
<    4\.  .  B  .  .  .  .  .  W  B  .\4
<     5\.  W  .  .  .  .  .  .  B  .  B\5
<      6\.  .  .  .  B  .  .  W  B  W  W\6
<       7\.  .  .  .  B  W  .  W  W  B  .\7
<        8\.  W  W  W  W  .  .  .  .  .  .\8
<         9\.  .  B  W  B  W  W  B  B  B  .\9
<         10\B  .  .  .  .  .  .  .  .  .  .\10
<          11\.  .  .  .  W  .  .  .  .  .  .\11
<              a  b  c  d  e  f  g  h  i  j  k  
<
>genmove b
<= a5
<
>showboard
0c147 info: Captured cells caused win! Removing...
0c147 info: Opponent has won; playing most blocking move.
<= 
< 
<  5f7bdd26c1f09840
<  a  b  c  d  e  f  g  h  i  j  k  
< 1\.  .  .  .  .  B  .  .  .  .  .\1
<  2\.  .  .  .  .  .  .  .  .  B  .\2
<   3\.  B  .  .  .  .  .  .  .  .  W\3
<    4\.  .  B  .  .  .  .  .  W  B  .\4
<     5\B  W  .  .  .  .  .  .  B  .  B\5
<      6\.  .  .  .  B  .  .  W  B  W  W\6
<       7\.  .  .  .  B  W  .  W  W  B  .\7
<        8\.  W  W  W  W  .  .  .  .  .  .\8
<         9\.  .  B  W  B  W  W  B  B  B  .\9
<         10\B  .  .  .  .  .  .  .  .  .  .\10
<          11\.  .  .  .  W  .  .  .  .  .  .\11
<              a  b  c  d  e  f  g  h  i  j  k  
<
>play w a8
<= 
<
>showboard
<= 
< 
<  83fa45a8e02d5bf1
<  a  b  c  d  e  f  g  h  i  j  k  
< 1\.  .  .  .  .  B  .  .  .  .  .\1
<  2\.  .  .  .  .  .  .  .  .  B  .\2
<   3\.  B  .  .  .  .  .  .  .  .  W\3
<    4\.  .  B  .  .  .  .  .  W  B  .\4
<     5\B  W  .  .  .  .  .  .  B  .  B\5
<      6\.  .  .  .  B  .  .  W  B  W  W\6
<       7\.  .  .  .  B  W  .  W  W  B  .\7
<        8\W  W  W  W  W  .  .  .  .  .  .\8
<         9\.  .  B  W  B  W  W  B  B  B  .\9
<         10\B  .  .  .  .  .  .  .  .  .  .\10
<          11\.  .  .  .  W  .  .  .  .  .  .\11
<              a  b  c  d  e  f  g  h  i  j  k  
<
>genmove b
<= f8
<
>showboard
0c147 info: Captured cells caused win! Removing...
0c147 info: Opponent has won; playing most blocking move.
<= 
< 
<  3a39f00a2bc9f0ff
<  a  b  c  d  e  f  g  h  i  j  k  
< 1\.  .  .  .  .  B  .  .  .  .  .\1
<  2\.  .  .  .  .  .  .  .  .  B  .\2
<   3\.  B  .  .  .  .  .  .  .  .  W\3
<    4\.  .  B  .  .  .  .  .  W  B  .\4
<     5\B  W  .  .  .  .  .  .  B  .  B\5
<      6\.  .  .  .  B  .  .  W  B  W  W\6
<       7\.  .  .  .  B  W  .  W  W  B  .\7
<        8\W  W  W  W  W  B  .  .  .  .  .\8
<         9\.  .  B  W  B  W  W  B  B  B  .\9
<         10\B  .  .  .  .  .  .  .  .  .  .\10
<          11\.  .  .  .  W  .  .  .  .  .  .\11
<              a  b  c  d  e  f  g  h  i  j  k  
<
>play w g6
<= 
<
>showboard
<= 
< 
<  5ae23c058b21a8ae
<  a  b  c  d  e  f  g  h  i  j  k  
< 1\.  .  .  .  .  B  .  .  .  .  .\1
<  2\.  .  .  .  .  .  .  .  .  B  .\2
<   3\.  B  .  .  .  .  .  .  .  .  W\3
<    4\.  .  B  .  .  .  .  .  W  B  .\4
<     5\B  W  .  .  .  .  .  .  B  .  B\5
<      6\.  .  .  .  B  .  W  W  B  W  W\6
<       7\.  .  .  .  B  W  .  W  W  B  .\7
<        8\W  W  W  W  W  B  .  .  .  .  .\8
<         9\.  .  B  W  B  W  W  B  B  B  .\9
<         10\B  .  .  .  .  .  .  .  .  .  .\10
<          11\.  .  .  .  W  .  .  .  .  .  .\11
<              a  b  c  d  e  f  g  h  i  j  k  
<
>genmove b
<= resign
<
>showboard
<= 
< 
<  5ae23c058b21a8ae
<  a  b  c  d  e  f  g  h  i  j  k  
< 1\.  .  .  .  .  B  .  .  .  .  .\1
<  2\.  .  .  .  .  .  .  .  .  B  .\2
<   3\.  B  .  .  .  .  .  .  .  .  W\3
<    4\.  .  B  .  .  .  .  .  W  B  .\4
<     5\B  W  .  .  .  .  .  .  B  .  B\5
<      6\.  .  .  .  B  .  W  W  B  W  W\6
<       7\.  .  .  .  B  W  .  W  W  B  .\7
<        8\W  W  W  W  W  B  .  .  .  .  .\8
<         9\.  .  B  W  B  W  W  B  B  B  .\9
<         10\B  .  .  .  .  .  .  .  .  .  .\10
<          11\.  .  .  .  W  .  .  .  .  .  .\11
<              a  b  c  d  e  f  g  h  i  j  k  
<
>final_score
<= W+
<
>quit
<= 
<
