1cc07 config: MoHex v2.0.CMake Mar 21 2025.
1cc07 config: ============ InitializeSystem ============
1cc07 config: BenzeneProgram::InitRandom()
1cc07 config: Seed = 138855
1cc07 info: Prior Patterns:
1cc07 info: Global:
1cc07 info: Size            = 565 32648 
1cc07 info: TableEntries    = 65932 65910
1cc07 info: MirrorsAdded    = 0 0
1cc07 info: PrunableCount   = 30593 30629
1cc07 info: LargestGamma    = 5820.77
1cc07 info: SmallestGamma   = 6.6e-05
1cc07 info: Local:
1cc07 info: Size            = 550 5318 
1cc07 info: TableEntries    = 11602 11588
1cc07 info: MirrorsAdded    = 0 0
1cc07 info: PrunableCount   = 3659 3667
1cc07 info: LargestGamma    = 11281.8
1cc07 info: SmallestGamma   = 0.026235
1cc07 info: Playout Patterns:
1cc07 info: Global:
1cc07 info: Size            = 565 32648 
1cc07 info: TableEntries    = 70329 70329
1cc07 info: MirrorsAdded    = 4397 4419
1cc07 info: PrunableCount   = 30593 30629
1cc07 info: LargestGamma    = 5820.77
1cc07 info: SmallestGamma   = 6.6e-05
1cc07 info: Local:
1cc07 info: Size            = 550 5318 
1cc07 info: TableEntries    = 11602 11588
1cc07 info: MirrorsAdded    = 0 0
1cc07 info: PrunableCount   = 3659 3667
1cc07 info: LargestGamma    = 11281.8
1cc07 info: SmallestGamma   = 0.026235
1cc07 config: IcePatternSet: reading from '/home/linus/MoHex2.0/nfbranchfix/benzene-vanilla-cmake/share/ice-patterns.txt'.
1cc07 config: IcePatternSet: parsed 708 patterns.
1cc07 config: VCS: reading captured set patterns from '/home/linus/MoHex2.0/nfbranchfix/benzene-vanilla-cmake/share/vc-captured-set.txt'.
1cc07 config: VCS:: parsed 2 patterns.
1cc07 config: VCS: reading captured set patterns from '/home/linus/MoHex2.0/nfbranchfix/benzene-vanilla-cmake/share/vc-captured-set.txt'.
1cc07 config: VCS:: parsed 2 patterns.
1cc07 config: IcePatternSet: reading from '/home/linus/MoHex2.0/nfbranchfix/benzene-vanilla-cmake/share/ice-patterns.txt'.
1cc07 config: IcePatternSet: parsed 708 patterns.
1cc07 config: VCS: reading captured set patterns from '/home/linus/MoHex2.0/nfbranchfix/benzene-vanilla-cmake/share/vc-captured-set.txt'.
1cc07 config: VCS:: parsed 2 patterns.
1cc07 config: VCS: reading captured set patterns from '/home/linus/MoHex2.0/nfbranchfix/benzene-vanilla-cmake/share/vc-captured-set.txt'.
1cc07 config: VCS:: parsed 2 patterns.
1cc07 config: VCS: reading captured set patterns from '/home/linus/MoHex2.0/nfbranchfix/benzene-vanilla-cmake/share/vc-captured-set.txt'.
1cc07 config: VCS:: parsed 2 patterns.
1cc07 config: VCS: reading captured set patterns from '/home/linus/MoHex2.0/nfbranchfix/benzene-vanilla-cmake/share/vc-captured-set.txt'.
1cc07 config: VCS:: parsed 2 patterns.
1cc07 config: VCS: reading captured set patterns from '/home/linus/MoHex2.0/nfbranchfix/benzene-vanilla-cmake/share/vc-captured-set.txt'.
1cc07 config: VCS:: parsed 2 patterns.
1cc07 config: VCS: reading captured set patterns from '/home/linus/MoHex2.0/nfbranchfix/benzene-vanilla-cmake/share/vc-captured-set.txt'.
1cc07 config: VCS:: parsed 2 patterns.
1cc07 info: SwapCheck: reading from '/home/linus/MoHex2.0/nfbranchfix/benzene-vanilla-cmake/share/swap-moves.txt'.
1cc07 info: SwapCheck: playing swap.
1cc07 config: VCPattern: loading pattern templates from '/home/linus/MoHex2.0/nfbranchfix/benzene-vanilla-cmake/share/vc-patterns.txt'.
1cc07 info: Best move cannot be determined, must search state.
1cc07 info: --- MoHexPlayer::Search() ---
1cc07 info: Color: black
1cc07 info: MaxGames: 1
1cc07 info: NumberThreads: 1
1cc07 info: MaxNodes: 181818181 (15999999928 bytes)
1cc07 info: TimeForMove: 1
1cc07 info: PreSearch: max time reached (50/84).
1cc07 info: Time for PreSearch: 0.203837s
1cc07 info: 
  5436ee0fe3c4a7a0
  a  b  c  d  e  f  g  h  i  j  k  
 1\.  .  .  .  .  .  .  .  .  .  .\1
  2\.  .  *  *  *  *  *  *  *  *  w\2
   3\.  *  *  *  *  *  *  *  *  .  w\3
    4\*  *  *  *  *  *  *  *  *  W  w\4
     5\*  *  *  *  *  *  *  *  *  .  w\5
      6\*  *  *  *  *  *  *  *  *  *  .\6
       7\B  *  *  *  *  *  *  *  *  *  *\7
        8\*  *  *  *  *  *  *  *  *  *  *\8
         9\*  *  *  *  *  *  *  *  *  *  .\9
         10\*  *  *  *  *  *  *  *  *  .  .\10
          11\.  .  .  .  .  .  .  .  .  .  .\11
              a  b  c  d  e  f  g  h  i  j  k  
1cc07 info: No subtree to reuse.
1cc07 info: Creating thread 0
1cc07 info: StartSearch()[0]
1cc07 config: VCS: reading captured set patterns from '/home/linus/MoHex2.0/nfbranchfix/benzene-vanilla-cmake/share/vc-captured-set.txt'.
1cc07 config: VCS:: parsed 2 patterns.
1cc07 config: VCS: reading captured set patterns from '/home/linus/MoHex2.0/nfbranchfix/benzene-vanilla-cmake/share/vc-captured-set.txt'.
1cc07 config: VCS:: parsed 2 patterns.
1cc07 info: 
Elapsed Time   0.384458s
Count          1
GamesPlayed    1
Nodes          1
Knowledge      0 (0.0%)
Expansions     0.0
Time           0.00
GameLen        115.0 dev=0.0 min=115.0 max=115.0
InTree         0.0 dev=0.0 min=0.0 max=0.0
KnowDepth      -
Aborted        0%
Games/s        378.4
Score          1.00
Sequence      
1cc07 info: 
1cc07 warning: **** MoHexSearch returned empty sequence!
1cc07 warning: **** Returning random move!
1cc07 info: Best move cannot be determined, must search state.
1cc07 info: --- MoHexPlayer::Search() ---
1cc07 info: Color: black
1cc07 info: MaxGames: 1
1cc07 info: NumberThreads: 1
1cc07 info: MaxNodes: 181818181 (15999999928 bytes)
1cc07 info: TimeForMove: 1
1cc07 info: PreSearch: max time reached (48/81).
1cc07 info: Time for PreSearch: 0.200155s
1cc07 info: 
  719160f6163765bc
  a  b  c  d  e  f  g  h  i  j  k  
 1\.  .  .  .  .  .  .  .  .  .  .\1
  2\.  *  .  *  *  *  *  *  *  *  w\2
   3\.  B  *  *  *  *  *  *  *  .  w\3
    4\.  *  *  *  *  *  *  *  *  W  w\4
     5\*  *  *  *  *  *  *  *  *  .  w\5
      6\*  *  *  *  *  *  *  *  *  *  .\6
       7\B  *  *  W  *  *  *  *  *  *  *\7
        8\*  *  *  *  *  *  *  *  *  *  *\8
         9\*  *  *  *  *  *  *  *  *  *  .\9
         10\*  *  *  *  *  *  *  *  *  .  .\10
          11\.  .  .  .  .  .  .  .  .  .  .\11
              a  b  c  d  e  f  g  h  i  j  k  
1cc07 info: Old: [black, a7] [white, swap-pieces] [white, j4] 
1cc07 info: New: [black, a7] [white, swap-pieces] [white, j4] [black, b3] [white, d7] 
1cc07 info: MovesPlayed: [black, b3] [white, d7] 
1cc07 info: No subtree to reuse.
1cc07 info: StartSearch()[0]
1cc07 info: 
Elapsed Time   0.349812s
Count          1
GamesPlayed    1
Nodes          1
Knowledge      0 (0.0%)
Expansions     0.0
Time           0.00
GameLen        113.0 dev=0.0 min=113.0 max=113.0
InTree         0.0 dev=0.0 min=0.0 max=0.0
KnowDepth      -
Aborted        0%
Games/s        3257.3
Score          0.00
Sequence      
1cc07 info: 
1cc07 warning: **** MoHexSearch returned empty sequence!
1cc07 warning: **** Returning random move!
1cc07 info: Best move cannot be determined, must search state.
1cc07 info: --- MoHexPlayer::Search() ---
1cc07 info: Color: black
1cc07 info: MaxGames: 1
1cc07 info: NumberThreads: 1
1cc07 info: MaxNodes: 181818181 (15999999928 bytes)
1cc07 info: TimeForMove: 1
1cc07 info: PreSearch: max time reached (50/81).
1cc07 info: Time for PreSearch: 0.204027s
1cc07 info: 
  5f6d8dde4b7e3a1a
  a  b  c  d  e  f  g  h  i  j  k  
 1\.  .  .  .  .  .  .  .  .  .  .\1
  2\.  *  .  *  *  *  *  *  *  *  w\2
   3\.  B  *  *  *  *  *  *  *  .  w\3
    4\.  *  *  *  *  *  *  *  *  W  w\4
     5\*  *  *  *  *  *  *  *  *  .  w\5
      6\*  *  *  *  *  *  *  *  *  *  .\6
       7\B  *  *  W  *  W  *  *  *  *  *\7
        8\*  *  *  *  *  *  *  *  *  *  *\8
         9\*  *  *  *  *  *  *  *  *  *  B\9
         10\*  *  *  *  *  *  *  *  *  *  .\10
          11\.  .  .  .  .  .  .  .  .  .  .\11
              a  b  c  d  e  f  g  h  i  j  k  
1cc07 info: Old: [black, a7] [white, swap-pieces] [white, j4] [black, b3] [white, d7] 
1cc07 info: New: [black, a7] [white, swap-pieces] [white, j4] [black, b3] [white, d7] [black, k9] [white, f7] 
1cc07 info: MovesPlayed: [black, k9] [white, f7] 
1cc07 info: No subtree to reuse.
1cc07 info: StartSearch()[0]
1cc07 info: 
Elapsed Time   0.352663s
Count          1
GamesPlayed    1
Nodes          1
Knowledge      0 (0.0%)
Expansions     0.0
Time           0.00
GameLen        111.0 dev=0.0 min=111.0 max=111.0
InTree         0.0 dev=0.0 min=0.0 max=0.0
KnowDepth      -
Aborted        0%
Games/s        3048.8
Score          1.00
Sequence      
1cc07 info: 
1cc07 warning: **** MoHexSearch returned empty sequence!
1cc07 warning: **** Returning random move!
1cc07 info: Best move cannot be determined, must search state.
1cc07 info: --- MoHexPlayer::Search() ---
1cc07 info: Color: black
1cc07 info: MaxGames: 1
1cc07 info: NumberThreads: 1
1cc07 info: MaxNodes: 181818181 (15999999928 bytes)
1cc07 info: TimeForMove: 1
1cc07 info: PreSearch: max time reached (57/81).
1cc07 info: Time for PreSearch: 0.201944s
1cc07 info: 
  6d4fe460ef142a4a
  a  b  c  d  e  f  g  h  i  j  k  
 1\.  .  .  .  .  .  .  .  .  .  B\1
  2\.  *  .  *  *  W  *  *  *  .  .\2
   3\.  B  *  *  *  *  *  *  *  *  w\3
    4\.  *  *  *  *  *  *  *  *  W  w\4
     5\*  *  *  *  *  *  *  *  *  .  w\5
      6\*  *  *  *  *  *  *  *  *  *  .\6
       7\B  *  *  W  *  W  *  *  *  *  *\7
        8\*  *  *  *  *  *  *  *  *  *  *\8
         9\*  *  *  *  *  *  *  *  *  *  B\9
         10\*  *  *  *  *  *  *  *  *  *  .\10
          11\.  .  .  .  .  .  .  .  .  .  .\11
              a  b  c  d  e  f  g  h  i  j  k  
1cc07 info: Old: [black, a7] [white, swap-pieces] [white, j4] [black, b3] [white, d7] [black, k9] [white, f7] 
1cc07 info: New: [black, a7] [white, swap-pieces] [white, j4] [black, b3] [white, d7] [black, k9] [white, f7] [black, k1] [white, f2] 
1cc07 info: MovesPlayed: [black, k1] [white, f2] 
1cc07 info: No subtree to reuse.
1cc07 info: StartSearch()[0]
1cc07 info: 
Elapsed Time   0.347779s
Count          1
GamesPlayed    1
Nodes          1
Knowledge      0 (0.0%)
Expansions     0.0
Time           0.00
GameLen        110.0 dev=0.0 min=110.0 max=110.0
InTree         0.0 dev=0.0 min=0.0 max=0.0
KnowDepth      -
Aborted        0%
Games/s        3533.6
Score          0.00
Sequence      
1cc07 info: 
1cc07 warning: **** MoHexSearch returned empty sequence!
1cc07 warning: **** Returning random move!
1cc07 info: Best move cannot be determined, must search state.
1cc07 info: --- MoHexPlayer::Search() ---
1cc07 info: Color: black
1cc07 info: MaxGames: 1
1cc07 info: NumberThreads: 1
1cc07 info: MaxNodes: 181818181 (15999999928 bytes)
1cc07 info: TimeForMove: 1
1cc07 info: PreSearch: max time reached (54/78).
1cc07 info: Time for PreSearch: 0.202251s
1cc07 info: 
  eca69f2711f7a46f
  a  b  c  d  e  f  g  h  i  j  k  
 1\.  .  .  .  .  .  .  .  .  .  B\1
  2\.  *  .  *  *  W  .  .  .  *  .\2
   3\.  B  *  *  *  *  B  *  *  *  w\3
    4\.  *  *  W  *  *  *  *  *  W  w\4
     5\*  *  *  *  *  *  *  *  *  .  w\5
      6\*  *  *  *  *  *  *  *  *  *  .\6
       7\B  *  *  W  *  W  *  *  *  *  *\7
        8\*  *  *  *  *  *  *  *  *  *  *\8
         9\*  *  *  *  *  *  *  *  *  *  B\9
         10\*  *  *  *  *  *  *  *  *  *  .\10
          11\.  .  .  .  .  .  .  .  .  .  .\11
              a  b  c  d  e  f  g  h  i  j  k  
1cc07 info: Old: [black, a7] [white, swap-pieces] [white, j4] [black, b3] [white, d7] [black, k9] [white, f7] [black, k1] [white, f2] 
1cc07 info: New: [black, a7] [white, swap-pieces] [white, j4] [black, b3] [white, d7] [black, k9] [white, f7] [black, k1] [white, f2] [black, g3] [white, d4] 
1cc07 info: MovesPlayed: [black, g3] [white, d4] 
1cc07 info: No subtree to reuse.
1cc07 info: StartSearch()[0]
1cc07 info: 
Elapsed Time   3.28093s
Count          1
GamesPlayed    1
Nodes          1
Knowledge      0 (0.0%)
Expansions     0.0
Time           0.00
GameLen        108.0 dev=0.0 min=108.0 max=108.0
InTree         0.0 dev=0.0 min=0.0 max=0.0
KnowDepth      -
Aborted        0%
Games/s        3389.8
Score          1.00
Sequence      
1cc07 info: 
1cc07 warning: **** MoHexSearch returned empty sequence!
1cc07 warning: **** Returning random move!
1cc07 info: Best move cannot be determined, must search state.
1cc07 info: --- MoHexPlayer::Search() ---
1cc07 info: Color: black
1cc07 info: MaxGames: 1
1cc07 info: NumberThreads: 1
1cc07 info: MaxNodes: 181818181 (15999999928 bytes)
1cc07 info: TimeForMove: 1
1cc07 info: PreSearch: max time reached (52/74).
1cc07 info: Time for PreSearch: 0.201384s
1cc07 info: 
  62db878ec19ecb8e
  a  b  c  d  e  f  g  h  i  j  k  
 1\.  .  .  .  .  .  .  .  .  .  B\1
  2\.  *  .  *  *  W  *  .  .  .  .\2
   3\.  B  *  *  *  *  B  *  *  *  w\3
    4\w  *  *  W  *  *  *  *  *  W  w\4
     5\w  *  *  *  *  *  *  *  *  .  w\5
      6\W  *  *  *  *  *  *  *  *  *  .\6
       7\B  *  *  W  *  W  *  *  *  *  *\7
        8\*  *  *  *  *  *  *  *  *  *  *\8
         9\*  *  *  *  *  *  *  B  *  *  B\9
         10\*  *  *  *  *  *  *  .  *  *  .\10
          11\.  .  .  .  .  .  .  .  .  .  .\11
              a  b  c  d  e  f  g  h  i  j  k  
1cc07 info: Old: [black, a7] [white, swap-pieces] [white, j4] [black, b3] [white, d7] [black, k9] [white, f7] [black, k1] [white, f2] [black, g3] [white, d4] 
1cc07 info: New: [black, a7] [white, swap-pieces] [white, j4] [black, b3] [white, d7] [black, k9] [white, f7] [black, k1] [white, f2] [black, g3] [white, d4] [black, h9] [white, a6] 
1cc07 info: MovesPlayed: [black, h9] [white, a6] 
1cc07 info: No subtree to reuse.
1cc07 info: StartSearch()[0]
1cc07 info: 
Elapsed Time   0.353774s
Count          1
GamesPlayed    1
Nodes          1
Knowledge      0 (0.0%)
Expansions     0.0
Time           0.00
GameLen        104.0 dev=0.0 min=104.0 max=104.0
InTree         0.0 dev=0.0 min=0.0 max=0.0
KnowDepth      -
Aborted        0%
Games/s        2941.2
Score          0.00
Sequence      
1cc07 info: 
1cc07 warning: **** MoHexSearch returned empty sequence!
1cc07 warning: **** Returning random move!
1cc07 info: Best move cannot be determined, must search state.
1cc07 info: --- MoHexPlayer::Search() ---
1cc07 info: Color: black
1cc07 info: MaxGames: 1
1cc07 info: NumberThreads: 1
1cc07 info: MaxNodes: 181818181 (15999999928 bytes)
1cc07 info: TimeForMove: 1
1cc07 info: Time for PreSearch: 0.122181s
1cc07 info: 
  af6bfdc791bbcf5c
  a  b  c  d  e  f  g  h  i  j  k  
 1\.  .  .  .  .  .  .  .  .  .  B\1
  2\.  .  .  .  .  W  .  .  .  .  .\2
   3\.  B  .  .  B  .  B  *  *  *  w\3
    4\w  *  *  W  .  .  W  *  *  W  w\4
     5\w  *  *  *  .  *  *  .  *  .  w\5
      6\W  *  *  *  *  *  *  *  *  *  .\6
       7\B  .  *  W  *  W  *  .  .  .  .\7
        8\*  *  *  .  .  .  .  .  .  .  .\8
         9\*  *  *  .  .  .  .  B  .  .  B\9
         10\*  *  .  .  .  .  .  .  .  .  .\10
          11\.  .  .  .  .  .  .  .  .  .  .\11
              a  b  c  d  e  f  g  h  i  j  k  
1cc07 info: Old: [black, a7] [white, swap-pieces] [white, j4] [black, b3] [white, d7] [black, k9] [white, f7] [black, k1] [white, f2] [black, g3] [white, d4] [black, h9] [white, a6] 
1cc07 info: New: [black, a7] [white, swap-pieces] [white, j4] [black, b3] [white, d7] [black, k9] [white, f7] [black, k1] [white, f2] [black, g3] [white, d4] [black, h9] [white, a6] [black, e3] [white, g4] 
1cc07 info: MovesPlayed: [black, e3] [white, g4] 
1cc07 info: No subtree to reuse.
1cc07 info: StartSearch()[0]
1cc07 info: 
Elapsed Time   0.274487s
Count          1
GamesPlayed    1
Nodes          1
Knowledge      0 (0.0%)
Expansions     0.0
Time           0.00
GameLen        102.0 dev=0.0 min=102.0 max=102.0
InTree         0.0 dev=0.0 min=0.0 max=0.0
KnowDepth      -
Aborted        0%
Games/s        3154.6
Score          0.00
Sequence      
1cc07 info: 
1cc07 warning: **** MoHexSearch returned empty sequence!
1cc07 warning: **** Returning random move!
1cc07 info: Best move cannot be determined, must search state.
1cc07 info: --- MoHexPlayer::Search() ---
1cc07 info: Color: black
1cc07 info: MaxGames: 1
1cc07 info: NumberThreads: 1
1cc07 info: MaxNodes: 181818181 (15999999928 bytes)
1cc07 info: TimeForMove: 1
1cc07 info: PreSearch: max time reached (56/69).
1cc07 info: Time for PreSearch: 0.204446s
1cc07 info: 
  02fd81b9fab7e676
  a  b  c  d  e  f  g  h  i  j  k  
 1\.  .  .  .  .  .  .  .  .  .  B\1
  2\.  *  .  .  *  W  .  .  *  .  .\2
   3\.  B  *  W  B  *  B  *  *  *  w\3
    4\w  *  *  W  *  *  W  *  *  W  w\4
     5\w  *  *  *  *  *  *  *  *  .  w\5
      6\W  *  *  *  B  *  *  *  *  *  .\6
       7\B  *  *  W  *  W  *  *  *  *  *\7
        8\*  *  *  *  *  *  *  *  *  *  *\8
         9\*  *  *  *  *  *  *  B  *  *  B\9
         10\*  *  *  *  *  *  *  .  *  *  .\10
          11\.  .  .  .  .  .  .  .  .  .  .\11
              a  b  c  d  e  f  g  h  i  j  k  
1cc07 info: Old: [black, a7] [white, swap-pieces] [white, j4] [black, b3] [white, d7] [black, k9] [white, f7] [black, k1] [white, f2] [black, g3] [white, d4] [black, h9] [white, a6] [black, e3] [white, g4] 
1cc07 info: New: [black, a7] [white, swap-pieces] [white, j4] [black, b3] [white, d7] [black, k9] [white, f7] [black, k1] [white, f2] [black, g3] [white, d4] [black, h9] [white, a6] [black, e3] [white, g4] [black, e6] [white, d3] 
1cc07 info: MovesPlayed: [black, e6] [white, d3] 
1cc07 info: No subtree to reuse.
1cc07 info: StartSearch()[0]
1cc07 info: 
Elapsed Time   0.349394s
Count          1
GamesPlayed    1
Nodes          1
Knowledge      0 (0.0%)
Expansions     0.0
Time           0.00
GameLen        100.0 dev=0.0 min=100.0 max=100.0
InTree         0.0 dev=0.0 min=0.0 max=0.0
KnowDepth      -
Aborted        0%
Games/s        3021.1
Score          0.00
Sequence      
1cc07 info: 
1cc07 warning: **** MoHexSearch returned empty sequence!
1cc07 warning: **** Returning random move!
1cc07 info: Opponent has won; playing most blocking move.
1cc07 info: Opponent has won; playing most blocking move.
1cc07 info: Opponent has won; playing most blocking move.
1cc07 info: Opponent has won; playing most blocking move.
1cc07 info: Opponent has won; playing most blocking move.
1cc07 info: Opponent has won; playing most blocking move.
1cc07 info: Opponent has won; playing most blocking move.
1cc07 info: Opponent has won; playing most blocking move.
1cc07 info: Opponent has won; playing most blocking move.
1cc07 info: Captured cells caused win! Removing...
1cc07 info: Opponent has won; playing most blocking move.
1cc07 config: ============ BenzeneShutdown =============
1cc07 config: MoHexProgram:: ShutdownSystem()
1cc07 config: CommonProgram:: ShutdownSystem()
1cc07 config: BenzeneProgram:: ShutdownSystem()
Flushing and closing this stream...
