10d57 config: MoHex v2.0.CMake Mar 21 2025.
10d57 config: ============ InitializeSystem ============
10d57 config: BenzeneProgram::InitRandom()
10d57 config: Seed = 81102
10d57 info: Prior Patterns:
10d57 info: Global:
10d57 info: Size            = 565 32648 
10d57 info: TableEntries    = 65932 65910
10d57 info: MirrorsAdded    = 0 0
10d57 info: PrunableCount   = 30593 30629
10d57 info: LargestGamma    = 5820.77
10d57 info: SmallestGamma   = 6.6e-05
10d57 info: Local:
10d57 info: Size            = 550 5318 
10d57 info: TableEntries    = 11602 11588
10d57 info: MirrorsAdded    = 0 0
10d57 info: PrunableCount   = 3659 3667
10d57 info: LargestGamma    = 11281.8
10d57 info: SmallestGamma   = 0.026235
10d57 info: Playout Patterns:
10d57 info: Global:
10d57 info: Size            = 565 32648 
10d57 info: TableEntries    = 70329 70329
10d57 info: MirrorsAdded    = 4397 4419
10d57 info: PrunableCount   = 30593 30629
10d57 info: LargestGamma    = 5820.77
10d57 info: SmallestGamma   = 6.6e-05
10d57 info: Local:
10d57 info: Size            = 550 5318 
10d57 info: TableEntries    = 11602 11588
10d57 info: MirrorsAdded    = 0 0
10d57 info: PrunableCount   = 3659 3667
10d57 info: LargestGamma    = 11281.8
10d57 info: SmallestGamma   = 0.026235
10d57 config: IcePatternSet: reading from '/home/linus/MoHex2.0/nfbranchfix/benzene-vanilla-cmake/share/ice-patterns.txt'.
10d57 config: IcePatternSet: parsed 708 patterns.
10d57 config: VCS: reading captured set patterns from '/home/linus/MoHex2.0/nfbranchfix/benzene-vanilla-cmake/share/vc-captured-set.txt'.
10d57 config: VCS:: parsed 2 patterns.
10d57 config: VCS: reading captured set patterns from '/home/linus/MoHex2.0/nfbranchfix/benzene-vanilla-cmake/share/vc-captured-set.txt'.
10d57 config: VCS:: parsed 2 patterns.
10d57 config: IcePatternSet: reading from '/home/linus/MoHex2.0/nfbranchfix/benzene-vanilla-cmake/share/ice-patterns.txt'.
10d57 config: IcePatternSet: parsed 708 patterns.
10d57 config: VCS: reading captured set patterns from '/home/linus/MoHex2.0/nfbranchfix/benzene-vanilla-cmake/share/vc-captured-set.txt'.
10d57 config: VCS:: parsed 2 patterns.
10d57 config: VCS: reading captured set patterns from '/home/linus/MoHex2.0/nfbranchfix/benzene-vanilla-cmake/share/vc-captured-set.txt'.
10d57 config: VCS:: parsed 2 patterns.
10d57 config: VCS: reading captured set patterns from '/home/linus/MoHex2.0/nfbranchfix/benzene-vanilla-cmake/share/vc-captured-set.txt'.
10d57 config: VCS:: parsed 2 patterns.
10d57 config: VCS: reading captured set patterns from '/home/linus/MoHex2.0/nfbranchfix/benzene-vanilla-cmake/share/vc-captured-set.txt'.
10d57 config: VCS:: parsed 2 patterns.
10d57 config: VCS: reading captured set patterns from '/home/linus/MoHex2.0/nfbranchfix/benzene-vanilla-cmake/share/vc-captured-set.txt'.
10d57 config: VCS:: parsed 2 patterns.
10d57 config: VCS: reading captured set patterns from '/home/linus/MoHex2.0/nfbranchfix/benzene-vanilla-cmake/share/vc-captured-set.txt'.
10d57 config: VCS:: parsed 2 patterns.
10d57 info: SwapCheck: reading from '/home/linus/MoHex2.0/nfbranchfix/benzene-vanilla-cmake/share/swap-moves.txt'.
10d57 info: SwapCheck: playing swap.
10d57 config: VCPattern: loading pattern templates from '/home/linus/MoHex2.0/nfbranchfix/benzene-vanilla-cmake/share/vc-patterns.txt'.
10d57 info: Best move cannot be determined, must search state.
10d57 info: --- MoHexPlayer::Search() ---
10d57 info: Color: black
10d57 info: MaxGames: 1
10d57 info: NumberThreads: 1
10d57 info: MaxNodes: 181818181 (15999999928 bytes)
10d57 info: TimeForMove: 1
10d57 info: PreSearch: max time reached (45/92).
10d57 info: Time for PreSearch: 0.20153s
10d57 info: 
  5d2a56f609610a91
  a  b  c  d  e  f  g  h  i  j  k  
 1\.  .  .  .  .  .  .  .  .  .  B\1
  2\.  .  *  *  *  *  *  *  *  *  *\2
   3\.  *  *  *  *  *  *  *  *  *  *\3
    4\*  *  *  *  *  *  *  *  *  *  *\4
     5\*  *  *  *  *  *  *  *  *  *  *\5
      6\*  *  *  *  *  *  *  *  *  *  *\6
       7\*  *  *  *  *  *  *  *  *  *  *\7
        8\*  *  *  *  *  *  *  *  *  *  *\8
         9\*  *  *  *  *  *  *  *  *  *  .\9
         10\*  *  *  *  *  W  *  *  *  .  .\10
          11\.  .  .  .  .  .  .  .  .  .  .\11
              a  b  c  d  e  f  g  h  i  j  k  
10d57 info: No subtree to reuse.
10d57 info: Creating thread 0
10d57 info: StartSearch()[0]
10d57 config: VCS: reading captured set patterns from '/home/linus/MoHex2.0/nfbranchfix/benzene-vanilla-cmake/share/vc-captured-set.txt'.
10d57 config: VCS:: parsed 2 patterns.
10d57 config: VCS: reading captured set patterns from '/home/linus/MoHex2.0/nfbranchfix/benzene-vanilla-cmake/share/vc-captured-set.txt'.
10d57 config: VCS:: parsed 2 patterns.
10d57 info: 
Elapsed Time   0.560014s
Count          1
GamesPlayed    1
Nodes          1
Knowledge      0 (0.0%)
Expansions     0.0
Time           0.00
GameLen        119.0 dev=0.0 min=119.0 max=119.0
InTree         0.0 dev=0.0 min=0.0 max=0.0
KnowDepth      -
Aborted        0%
Games/s        396.4
Score          0.00
Sequence      
10d57 info: 
10d57 warning: **** MoHexSearch returned empty sequence!
10d57 warning: **** Returning random move!
10d57 info: Best move cannot be determined, must search state.
10d57 info: --- MoHexPlayer::Search() ---
10d57 info: Color: black
10d57 info: MaxGames: 1
10d57 info: NumberThreads: 1
10d57 info: MaxNodes: 181818181 (15999999928 bytes)
10d57 info: TimeForMove: 1
10d57 info: PreSearch: max time reached (66/91).
10d57 info: Time for PreSearch: 0.201308s
10d57 info: 
  82cf9b0562a1e677
  a  b  c  d  e  f  g  h  i  j  k  
 1\b  b  b  b  .  W  .  .  .  .  B\1
  2\b  B  .  *  *  *  *  *  *  *  *\2
   3\.  *  *  *  *  *  *  *  *  *  *\3
    4\*  *  *  *  *  *  *  *  *  *  *\4
     5\*  *  *  *  *  *  *  *  *  *  *\5
      6\*  *  *  *  *  *  *  *  *  *  *\6
       7\*  *  *  *  *  *  *  *  *  *  *\7
        8\*  *  *  *  *  *  *  *  *  *  *\8
         9\*  *  *  *  *  *  *  *  *  *  .\9
         10\*  *  *  *  *  W  *  *  *  .  .\10
          11\.  .  .  .  .  .  .  .  .  .  .\11
              a  b  c  d  e  f  g  h  i  j  k  
10d57 info: Old: [black, k1] [white, swap-pieces] [white, f10] 
10d57 info: New: [black, k1] [white, swap-pieces] [white, f10] [black, b2] [white, f1] 
10d57 info: MovesPlayed: [black, b2] [white, f1] 
10d57 info: No subtree to reuse.
10d57 info: StartSearch()[0]
10d57 info: 
Elapsed Time   0.349259s
Count          1
GamesPlayed    1
Nodes          1
Knowledge      0 (0.0%)
Expansions     0.0
Time           0.00
GameLen        112.0 dev=0.0 min=112.0 max=112.0
InTree         0.0 dev=0.0 min=0.0 max=0.0
KnowDepth      -
Aborted        0%
Games/s        3012.0
Score          0.00
Sequence      
10d57 info: 
10d57 warning: **** MoHexSearch returned empty sequence!
10d57 warning: **** Returning random move!
10d57 info: Best move cannot be determined, must search state.
10d57 info: --- MoHexPlayer::Search() ---
10d57 info: Color: black
10d57 info: MaxGames: 1
10d57 info: NumberThreads: 1
10d57 info: MaxNodes: 181818181 (15999999928 bytes)
10d57 info: TimeForMove: 1
10d57 info: PreSearch: max time reached (72/91).
10d57 info: Time for PreSearch: 0.202432s
10d57 info: 
  e2592b645ce9d617
  a  b  c  d  e  f  g  h  i  j  k  
 1\b  b  b  b  .  W  .  .  .  .  B\1
  2\b  B  .  *  *  *  *  *  *  *  *\2
   3\.  *  *  *  *  *  *  *  *  *  *\3
    4\*  *  B  *  *  *  *  *  *  *  *\4
     5\*  *  *  *  *  *  *  *  *  *  *\5
      6\*  *  *  *  *  *  *  *  *  *  *\6
       7\*  *  *  *  *  *  *  *  *  *  *\7
        8\*  *  *  *  *  *  *  *  *  *  *\8
         9\*  *  *  *  *  *  *  *  *  *  .\9
         10\*  *  *  *  *  W  *  *  *  .  *\10
          11\.  .  .  .  .  .  .  .  W  .  .\11
              a  b  c  d  e  f  g  h  i  j  k  
10d57 info: Old: [black, k1] [white, swap-pieces] [white, f10] [black, b2] [white, f1] 
10d57 info: New: [black, k1] [white, swap-pieces] [white, f10] [black, b2] [white, f1] [black, c4] [white, i11] 
10d57 info: MovesPlayed: [black, c4] [white, i11] 
10d57 info: No subtree to reuse.
10d57 info: StartSearch()[0]
10d57 info: 
Elapsed Time   0.352059s
Count          1
GamesPlayed    1
Nodes          1
Knowledge      0 (0.0%)
Expansions     0.0
Time           0.00
GameLen        110.0 dev=0.0 min=110.0 max=110.0
InTree         0.0 dev=0.0 min=0.0 max=0.0
KnowDepth      -
Aborted        0%
Games/s        3333.3
Score          0.00
Sequence      
10d57 info: 
10d57 warning: **** MoHexSearch returned empty sequence!
10d57 warning: **** Returning random move!
10d57 info: Best move cannot be determined, must search state.
10d57 info: --- MoHexPlayer::Search() ---
10d57 info: Color: black
10d57 info: MaxGames: 1
10d57 info: NumberThreads: 1
10d57 info: MaxNodes: 181818181 (15999999928 bytes)
10d57 info: TimeForMove: 1
10d57 info: PreSearch: max time reached (68/90).
10d57 info: Time for PreSearch: 0.201647s
10d57 info: 
  a2719397ae5e1759
  a  b  c  d  e  f  g  h  i  j  k  
 1\b  b  b  b  .  W  .  .  .  .  B\1
  2\b  B  .  *  *  *  *  *  *  *  *\2
   3\.  *  *  *  *  *  *  *  *  *  *\3
    4\*  *  B  *  *  *  *  *  *  *  *\4
     5\*  *  *  *  *  *  *  *  *  *  *\5
      6\*  *  *  *  *  *  *  *  *  *  *\6
       7\*  *  *  *  *  *  *  *  *  *  *\7
        8\*  *  *  *  B  *  *  *  *  *  *\8
         9\*  *  *  *  *  *  *  *  *  *  .\9
         10\*  *  *  *  *  W  *  *  *  *  w\10
          11\.  .  .  .  .  .  .  .  W  .  W\11
              a  b  c  d  e  f  g  h  i  j  k  
10d57 info: Old: [black, k1] [white, swap-pieces] [white, f10] [black, b2] [white, f1] [black, c4] [white, i11] 
10d57 info: New: [black, k1] [white, swap-pieces] [white, f10] [black, b2] [white, f1] [black, c4] [white, i11] [black, e8] [white, k11] 
10d57 info: MovesPlayed: [black, e8] [white, k11] 
10d57 info: No subtree to reuse.
10d57 info: StartSearch()[0]
10d57 info: 
Elapsed Time   0.352218s
Count          1
GamesPlayed    1
Nodes          1
Knowledge      0 (0.0%)
Expansions     0.0
Time           0.00
GameLen        107.0 dev=0.0 min=107.0 max=107.0
InTree         0.0 dev=0.0 min=0.0 max=0.0
KnowDepth      -
Aborted        0%
Games/s        3205.1
Score          0.00
Sequence      
10d57 info: 
10d57 warning: **** MoHexSearch returned empty sequence!
10d57 warning: **** Returning random move!
10d57 info: Best move cannot be determined, must search state.
10d57 info: --- MoHexPlayer::Search() ---
10d57 info: Color: black
10d57 info: MaxGames: 1
10d57 info: NumberThreads: 1
10d57 info: MaxNodes: 181818181 (15999999928 bytes)
10d57 info: TimeForMove: 1
10d57 info: PreSearch: max time reached (65/89).
10d57 info: Time for PreSearch: 0.200621s
10d57 info: 
  d95444a4fed1d847
  a  b  c  d  e  f  g  h  i  j  k  
 1\b  b  b  b  .  W  .  .  .  .  B\1
  2\b  B  .  *  *  *  *  *  *  *  *\2
   3\.  *  *  *  *  *  *  *  *  *  *\3
    4\*  *  B  *  *  *  W  *  *  *  *\4
     5\*  *  *  *  *  *  *  *  *  *  *\5
      6\*  *  *  *  *  *  *  *  *  *  *\6
       7\*  *  *  *  *  *  *  *  *  *  *\7
        8\*  *  *  *  B  *  *  *  *  *  *\8
         9\*  *  *  *  *  *  *  *  *  *  .\9
         10\*  *  *  *  *  W  *  *  *  *  w\10
          11\B  .  .  .  .  .  .  .  W  .  W\11
              a  b  c  d  e  f  g  h  i  j  k  
10d57 info: Old: [black, k1] [white, swap-pieces] [white, f10] [black, b2] [white, f1] [black, c4] [white, i11] [black, e8] [white, k11] 
10d57 info: New: [black, k1] [white, swap-pieces] [white, f10] [black, b2] [white, f1] [black, c4] [white, i11] [black, e8] [white, k11] [black, a11] [white, g4] 
10d57 info: MovesPlayed: [black, a11] [white, g4] 
10d57 info: No subtree to reuse.
10d57 info: StartSearch()[0]
10d57 info: 
Elapsed Time   0.34852s
Count          1
GamesPlayed    1
Nodes          1
Knowledge      0 (0.0%)
Expansions     0.0
Time           0.00
GameLen        105.0 dev=0.0 min=105.0 max=105.0
InTree         0.0 dev=0.0 min=0.0 max=0.0
KnowDepth      -
Aborted        0%
Games/s        3344.5
Score          1.00
Sequence      
10d57 info: 
10d57 warning: **** MoHexSearch returned empty sequence!
10d57 warning: **** Returning random move!
10d57 info: Best move cannot be determined, must search state.
10d57 info: --- MoHexPlayer::Search() ---
10d57 info: Color: black
10d57 info: MaxGames: 1
10d57 info: NumberThreads: 1
10d57 info: MaxNodes: 181818181 (15999999928 bytes)
10d57 info: TimeForMove: 1
10d57 info: Time for PreSearch: 0.198802s
10d57 info: 
  9eeae0c8b41a3c56
  a  b  c  d  e  f  g  h  i  j  k  
 1\b  b  b  b  .  W  .  .  .  .  B\1
  2\b  B  .  .  *  *  *  *  *  *  *\2
   3\.  .  .  *  *  *  *  *  *  *  *\3
    4\B  .  B  *  *  *  W  *  *  *  .\4
     5\.  *  *  *  *  *  *  *  *  *  w\5
      6\*  *  *  *  *  *  *  *  *  .  w\6
       7\*  *  *  *  *  *  *  *  *  W  w\7
        8\*  *  *  *  B  *  *  *  *  w  w\8
         9\*  *  *  *  *  *  *  *  .  w  b\9
         10\*  *  *  *  *  W  *  *  w  w  w\10
          11\B  .  .  .  .  .  .  .  W  w  W\11
              a  b  c  d  e  f  g  h  i  j  k  
10d57 info: Old: [black, k1] [white, swap-pieces] [white, f10] [black, b2] [white, f1] [black, c4] [white, i11] [black, e8] [white, k11] [black, a11] [white, g4] 
10d57 info: New: [black, k1] [white, swap-pieces] [white, f10] [black, b2] [white, f1] [black, c4] [white, i11] [black, e8] [white, k11] [black, a11] [white, g4] [black, a4] [white, j7] 
10d57 info: MovesPlayed: [black, a4] [white, j7] 
10d57 info: No subtree to reuse.
10d57 info: StartSearch()[0]
10d57 info: 
Elapsed Time   0.344826s
Count          1
GamesPlayed    1
Nodes          1
Knowledge      0 (0.0%)
Expansions     0.0
Time           0.00
GameLen        93.0 dev=0.0 min=93.0 max=93.0
InTree         0.0 dev=0.0 min=0.0 max=0.0
KnowDepth      -
Aborted        0%
Games/s        3389.8
Score          1.00
Sequence      
10d57 info: 
10d57 warning: **** MoHexSearch returned empty sequence!
10d57 warning: **** Returning random move!
10d57 info: Best move cannot be determined, must search state.
10d57 info: --- MoHexPlayer::Search() ---
10d57 info: Color: black
10d57 info: MaxGames: 1
10d57 info: NumberThreads: 1
10d57 info: MaxNodes: 181818181 (15999999928 bytes)
10d57 info: TimeForMove: 1
10d57 info: Time for PreSearch: 0.186293s
10d57 info: 
  aff3f6304f87dd43
  a  b  c  d  e  f  g  h  i  j  k  
 1\b  b  b  b  .  W  .  .  .  .  B\1
  2\b  B  .  .  *  *  *  *  *  *  *\2
   3\.  .  .  *  *  *  *  *  *  *  *\3
    4\B  .  B  *  *  *  W  *  *  *  .\4
     5\.  *  *  *  *  *  *  *  *  *  w\5
      6\*  *  *  *  *  *  *  *  *  .  w\6
       7\.  *  *  *  *  *  *  *  *  W  w\7
        8\W  *  *  *  B  *  *  *  *  w  w\8
         9\.  *  *  B  .  *  *  *  .  w  b\9
         10\*  .  .  .  .  W  *  *  w  w  w\10
          11\B  .  .  .  .  .  .  .  W  w  W\11
              a  b  c  d  e  f  g  h  i  j  k  
10d57 info: Old: [black, k1] [white, swap-pieces] [white, f10] [black, b2] [white, f1] [black, c4] [white, i11] [black, e8] [white, k11] [black, a11] [white, g4] [black, a4] [white, j7] 
10d57 info: New: [black, k1] [white, swap-pieces] [white, f10] [black, b2] [white, f1] [black, c4] [white, i11] [black, e8] [white, k11] [black, a11] [white, g4] [black, a4] [white, j7] [black, d9] [white, a8] 
10d57 info: MovesPlayed: [black, d9] [white, a8] 
10d57 info: No subtree to reuse.
10d57 info: StartSearch()[0]
10d57 info: 
Elapsed Time   0.333141s
Count          1
GamesPlayed    1
Nodes          1
Knowledge      0 (0.0%)
Expansions     0.0
Time           0.00
GameLen        91.0 dev=0.0 min=91.0 max=91.0
InTree         0.0 dev=0.0 min=0.0 max=0.0
KnowDepth      -
Aborted        0%
Games/s        3460.2
Score          1.00
Sequence      
10d57 info: 
10d57 warning: **** MoHexSearch returned empty sequence!
10d57 warning: **** Returning random move!
10d57 info: Best move cannot be determined, must search state.
10d57 info: --- MoHexPlayer::Search() ---
10d57 info: Color: black
10d57 info: MaxGames: 1
10d57 info: NumberThreads: 1
10d57 info: MaxNodes: 181818181 (15999999928 bytes)
10d57 info: TimeForMove: 1
10d57 info: Time for PreSearch: 0.18297s
10d57 info: 
  8ff958223c51cd72
  a  b  c  d  e  f  g  h  i  j  k  
 1\b  b  b  b  .  W  .  .  .  .  B\1
  2\b  B  .  .  *  *  *  *  *  *  *\2
   3\.  .  .  *  *  *  *  *  *  *  *\3
    4\B  .  B  *  *  *  W  *  *  *  .\4
     5\.  *  *  *  *  *  *  *  *  *  w\5
      6\*  *  *  *  *  *  *  *  *  .  w\6
       7\.  *  *  *  *  *  *  *  *  W  w\7
        8\W  *  *  *  B  *  *  B  w  w  w\8
         9\.  *  *  B  .  *  *  W  w  w  b\9
         10\*  .  .  .  .  W  .  w  b  w  w\10
          11\B  .  .  .  .  b  b  w  W  w  W\11
              a  b  c  d  e  f  g  h  i  j  k  
10d57 info: Old: [black, k1] [white, swap-pieces] [white, f10] [black, b2] [white, f1] [black, c4] [white, i11] [black, e8] [white, k11] [black, a11] [white, g4] [black, a4] [white, j7] [black, d9] [white, a8] 
10d57 info: New: [black, k1] [white, swap-pieces] [white, f10] [black, b2] [white, f1] [black, c4] [white, i11] [black, e8] [white, k11] [black, a11] [white, g4] [black, a4] [white, j7] [black, d9] [white, a8] [black, h8] [white, h9] 
10d57 info: MovesPlayed: [black, h8] [white, h9] 
10d57 info: No subtree to reuse.
10d57 info: StartSearch()[0]
10d57 info: 
Elapsed Time   0.337911s
Count          1
GamesPlayed    1
Nodes          1
Knowledge      0 (0.0%)
Expansions     0.0
Time           0.00
GameLen        83.0 dev=0.0 min=83.0 max=83.0
InTree         0.0 dev=0.0 min=0.0 max=0.0
KnowDepth      -
Aborted        0%
Games/s        3448.3
Score          0.00
Sequence      
10d57 info: 
10d57 warning: **** MoHexSearch returned empty sequence!
10d57 warning: **** Returning random move!
10d57 info: Best move cannot be determined, must search state.
10d57 info: --- MoHexPlayer::Search() ---
10d57 info: Color: black
10d57 info: MaxGames: 1
10d57 info: NumberThreads: 1
10d57 info: MaxNodes: 181818181 (15999999928 bytes)
10d57 info: TimeForMove: 1
10d57 info: Time for PreSearch: 0.175907s
10d57 info: 
  fe838d13227569c2
  a  b  c  d  e  f  g  h  i  j  k  
 1\b  b  b  b  .  W  .  .  .  .  B\1
  2\b  B  .  .  *  *  *  *  *  *  *\2
   3\.  .  .  *  *  *  *  *  *  *  *\3
    4\B  .  B  *  *  *  W  *  *  *  .\4
     5\.  *  *  *  W  B  *  *  *  *  w\5
      6\*  *  *  *  *  *  *  *  *  .  w\6
       7\.  *  *  *  *  *  *  *  *  W  w\7
        8\W  *  *  *  B  *  *  B  w  w  w\8
         9\.  *  *  B  .  *  *  W  w  w  b\9
         10\*  .  .  .  .  W  .  w  b  w  w\10
          11\B  .  .  .  .  b  b  w  W  w  W\11
              a  b  c  d  e  f  g  h  i  j  k  
10d57 info: Old: [black, k1] [white, swap-pieces] [white, f10] [black, b2] [white, f1] [black, c4] [white, i11] [black, e8] [white, k11] [black, a11] [white, g4] [black, a4] [white, j7] [black, d9] [white, a8] [black, h8] [white, h9] 
10d57 info: New: [black, k1] [white, swap-pieces] [white, f10] [black, b2] [white, f1] [black, c4] [white, i11] [black, e8] [white, k11] [black, a11] [white, g4] [black, a4] [white, j7] [black, d9] [white, a8] [black, h8] [white, h9] [black, f5] [white, e5] 
10d57 info: MovesPlayed: [black, f5] [white, e5] 
10d57 info: No subtree to reuse.
10d57 info: StartSearch()[0]
10d57 info: 
Elapsed Time   0.323429s
Count          1
GamesPlayed    1
Nodes          1
Knowledge      0 (0.0%)
Expansions     0.0
Time           0.00
GameLen        81.0 dev=0.0 min=81.0 max=81.0
InTree         0.0 dev=0.0 min=0.0 max=0.0
KnowDepth      -
Aborted        0%
Games/s        3030.3
Score          1.00
Sequence      
10d57 info: 
10d57 warning: **** MoHexSearch returned empty sequence!
10d57 warning: **** Returning random move!
10d57 info: Best move cannot be determined, must search state.
10d57 info: --- MoHexPlayer::Search() ---
10d57 info: Color: black
10d57 info: MaxGames: 1
10d57 info: NumberThreads: 1
10d57 info: MaxNodes: 181818181 (15999999928 bytes)
10d57 info: TimeForMove: 1
10d57 info: Winning sequence found before UCT search!
10d57 info: Sequence: j3
10d57 info: Winning SC.
10d57 info: Winning SC.
10d57 info: Winning SC.
10d57 info: Winning SC.
10d57 info: Winning SC.
10d57 info: Winning SC.
10d57 info: Captured cells caused win! Removing...
10d57 info: Winning SC.
10d57 info: Winning SC.
10d57 config: ============ BenzeneShutdown =============
10d57 config: MoHexProgram:: ShutdownSystem()
10d57 config: CommonProgram:: ShutdownSystem()
10d57 config: BenzeneProgram:: ShutdownSystem()
Flushing and closing this stream...
