# nice ../build/src/mohex/mohex --config mohex-weak.htp --seed 68455 --logfile-name jobs/11x11-mohex-mohex-cg2010-vs-mohex-mohex-weak-1/mohex-mohex-weak-85.log
>boardsize 11 11
<= 
<
>name
MoHex 2.0.CMake Mar 21 2025
Copyright (C) 2007-2012 by the authors of the Benzene project.
This program comes with ABSOLUTELY NO WARRANTY. This is
free software and you are welcome to redistribute it under
certain conditions. Type `benzene-license' for details.

SgRandom::SetSeed: 68455
SgUctSearch: system memory 33632358400, using 1000000000 (5681818 nodes)
SgRandom::SetSeed: 1
SgRandom::SetSeed: 68455
19847 info: Prior Patterns:
19847 info: Global:
19847 info: Size            = 565 32648 
19847 info: TableEntries    = 65932 65910
19847 info: MirrorsAdded    = 0 0
19847 info: PrunableCount   = 30593 30629
19847 info: LargestGamma    = 5820.77
19847 info: SmallestGamma   = 6.6e-05
19847 info: Local:
19847 info: Size            = 550 5318 
19847 info: TableEntries    = 11602 11588
19847 info: MirrorsAdded    = 0 0
19847 info: PrunableCount   = 3659 3667
19847 info: LargestGamma    = 11281.8
19847 info: SmallestGamma   = 0.026235
19847 info: Playout Patterns:
19847 info: Global:
19847 info: Size            = 565 32648 
19847 info: TableEntries    = 70329 70329
19847 info: MirrorsAdded    = 4397 4419
19847 info: PrunableCount   = 30593 30629
19847 info: LargestGamma    = 5820.77
19847 info: SmallestGamma   = 6.6e-05
19847 info: Local:
19847 info: Size            = 550 5318 
19847 info: TableEntries    = 11602 11588
19847 info: MirrorsAdded    = 0 0
19847 info: PrunableCount   = 3659 3667
19847 info: LargestGamma    = 11281.8
19847 info: SmallestGamma   = 0.026235
param_game allow_swap 1
= 

param_mohex max_memory 1600000
= 

param_mohex num_threads 1
= 

param_mohex max_time 1
= 

param_mohex max_games 1
= 

param_mohex knowledge_threshold 400
= 

param_mohex reuse_subtree 1
= 

param_mohex use_parallel_solver 0
= 

<= MoHex
<
>version
<= 2.0.CMake
<
>play b d10
<= 
<
>showboard
<= 
< 
<  3cb022d49a1b9978
<  a  b  c  d  e  f  g  h  i  j  k  
< 1\.  .  .  .  .  .  .  .  .  .  .\1
<  2\.  .  .  .  .  .  .  .  .  .  .\2
<   3\.  .  .  .  .  .  .  .  .  .  .\3
<    4\.  .  .  .  .  .  .  .  .  .  .\4
<     5\.  .  .  .  .  .  .  .  .  .  .\5
<      6\.  .  .  .  .  .  .  .  .  .  .\6
<       7\.  .  .  .  .  .  .  .  .  .  .\7
<        8\.  .  .  .  .  .  .  .  .  .  .\8
<         9\.  .  .  .  .  .  .  .  .  .  .\9
<         10\.  .  .  B  .  .  .  .  .  .  .\10
<          11\.  .  .  .  .  .  .  .  .  .  .\11
<              a  b  c  d  e  f  g  h  i  j  k  
<
>play w swap-pieces
<= 
<
>genmove w
<= g4
<
>play b h6
19847 info: Best move cannot be determined, must search state.
19847 info: --- MoHexPlayer::Search() ---
19847 info: Color: white
19847 info: MaxGames: 1
19847 info: NumberThreads: 1
19847 info: MaxNodes: 9090 (799920 bytes)
19847 info: TimeForMove: 1
19847 info: PreSearch: max time reached (51/83).
19847 info: Time for PreSearch: 0.205226s
19847 info: 
  3cb022d49a1b9978
  a  b  c  d  e  f  g  h  i  j  k  
 1\.  .  .  *  *  *  *  *  *  *  .\1
  2\.  .  *  *  *  *  *  *  *  *  .\2
   3\.  *  *  *  *  *  *  *  *  *  .\3
    4\.  *  *  *  *  *  *  *  *  .  .\4
     5\.  *  *  *  *  *  *  *  *  *  .\5
      6\.  *  *  *  *  *  *  *  *  *  .\6
       7\.  *  *  *  *  *  *  *  *  *  .\7
        8\.  .  *  *  *  *  *  *  *  *  .\8
         9\.  *  *  *  *  *  *  *  *  *  .\9
         10\.  *  .  B  .  *  *  *  *  .  .\10
          11\.  b  b  b  b  .  *  *  .  .  .\11
              a  b  c  d  e  f  g  h  i  j  k  
19847 info: No subtree to reuse.
19847 info: Creating thread 0
19847 info: StartSearch()[0]
SgUctSearch: max games reached
19847 info: 
Elapsed Time   0.549772s
Count          1
GamesPlayed    1
Nodes          1
Knowledge      0 (0.0%)
Expansions     0.0
Time           0.00
GameLen        116.0 dev=0.0 min=116.0 max=116.0
InTree         0.0 dev=0.0 min=0.0 max=0.0
KnowDepth      -
Aborted        0%
Games/s        383.7
Score          0.00
Sequence      
19847 info: 
19847 warning: **** MoHexSearch returned empty sequence!
19847 warning: **** Returning random move!
<= 
<
>genmove w
<= d5
<
>play b d1
19847 info: Best move cannot be determined, must search state.
19847 info: --- MoHexPlayer::Search() ---
19847 info: Color: white
19847 info: MaxGames: 1
19847 info: NumberThreads: 1
19847 info: MaxNodes: 9090 (799920 bytes)
19847 info: TimeForMove: 1
19847 info: PreSearch: max time reached (42/83).
19847 info: Time for PreSearch: 0.201503s
19847 info: 
  e86fba0e8f7f19af
  a  b  c  d  e  f  g  h  i  j  k  
 1\.  .  .  *  *  *  *  *  *  *  .\1
  2\.  .  *  *  *  *  *  *  *  *  .\2
   3\.  *  *  *  *  *  *  *  *  *  .\3
    4\.  *  *  *  *  *  W  *  *  *  .\4
     5\.  *  *  *  *  *  *  *  *  *  .\5
      6\.  *  *  *  *  *  *  B  *  *  .\6
       7\.  *  *  *  *  *  *  *  *  *  .\7
        8\.  *  *  *  *  *  *  *  *  *  .\8
         9\.  *  *  *  *  *  *  *  *  *  .\9
         10\.  *  .  B  .  *  *  *  *  .  .\10
          11\.  b  b  b  b  .  *  *  .  .  .\11
              a  b  c  d  e  f  g  h  i  j  k  
19847 info: Old: [black, d10] [white, swap-pieces] 
19847 info: New: [black, d10] [white, swap-pieces] [white, g4] [black, h6] 
19847 info: ReuseSubtree: Colors do not alternate.
19847 info: No subtree to reuse.
19847 info: StartSearch()[0]
SgUctSearch: max games reached
19847 info: 
Elapsed Time   0.345652s
Count          1
GamesPlayed    1
Nodes          1
Knowledge      0 (0.0%)
Expansions     0.0
Time           0.00
GameLen        114.0 dev=0.0 min=114.0 max=114.0
InTree         0.0 dev=0.0 min=0.0 max=0.0
KnowDepth      -
Aborted        0%
Games/s        3105.6
Score          1.00
Sequence      
19847 info: 
19847 warning: **** MoHexSearch returned empty sequence!
19847 warning: **** Returning random move!
<= 
<
>genmove w
<= a7
<
>play b f6
19847 info: Best move cannot be determined, must search state.
19847 info: --- MoHexPlayer::Search() ---
19847 info: Color: white
19847 info: MaxGames: 1
19847 info: NumberThreads: 1
19847 info: MaxNodes: 9090 (799920 bytes)
19847 info: TimeForMove: 1
19847 info: PreSearch: max time reached (27/80).
19847 info: Time for PreSearch: 0.203372s
19847 info: 
  7d4f865b70b2bf66
  a  b  c  d  e  f  g  h  i  j  k  
 1\.  .  .  B  .  *  *  *  *  *  .\1
  2\.  .  *  *  *  *  *  *  *  *  .\2
   3\.  *  *  *  *  *  *  *  *  *  .\3
    4\.  *  *  *  *  *  W  *  *  *  .\4
     5\.  *  *  W  *  *  *  *  *  *  .\5
      6\.  *  *  *  *  *  *  B  *  *  .\6
       7\.  *  *  *  *  *  *  *  *  *  .\7
        8\.  *  *  *  *  *  *  *  *  *  .\8
         9\.  *  *  *  *  *  *  *  *  *  .\9
         10\.  *  .  B  .  *  *  *  *  .  .\10
          11\.  b  b  b  b  .  *  *  .  .  .\11
              a  b  c  d  e  f  g  h  i  j  k  
19847 info: Old: [black, d10] [white, swap-pieces] [white, g4] [black, h6] 
19847 info: New: [black, d10] [white, swap-pieces] [white, g4] [black, h6] [white, d5] [black, d1] 
19847 info: MovesPlayed: [white, d5] [black, d1] 
19847 info: No subtree to reuse.
19847 info: StartSearch()[0]
SgUctSearch: max games reached
19847 info: 
Elapsed Time   0.359515s
Count          1
GamesPlayed    1
Nodes          1
Knowledge      0 (0.0%)
Expansions     0.0
Time           0.00
GameLen        112.0 dev=0.0 min=112.0 max=112.0
InTree         0.0 dev=0.0 min=0.0 max=0.0
KnowDepth      -
Aborted        0%
Games/s        3322.3
Score          1.00
Sequence      
19847 info: 
19847 warning: **** MoHexSearch returned empty sequence!
19847 warning: **** Returning random move!
<= 
<
>genmove w
<= h11
<
>play b h4
19847 info: Best move cannot be determined, must search state.
19847 info: --- MoHexPlayer::Search() ---
19847 info: Color: white
19847 info: MaxGames: 1
19847 info: NumberThreads: 1
19847 info: MaxNodes: 9090 (799920 bytes)
19847 info: TimeForMove: 1
19847 info: PreSearch: max time reached (35/79).
19847 info: Time for PreSearch: 0.20069s
19847 info: 
  5b893b42f26c697c
  a  b  c  d  e  f  g  h  i  j  k  
 1\.  .  .  B  .  *  *  *  *  *  .\1
  2\.  .  *  *  *  *  *  *  *  *  .\2
   3\.  *  *  *  *  *  *  *  *  *  .\3
    4\.  *  *  *  *  *  W  *  *  *  .\4
     5\.  *  *  W  *  *  *  *  *  *  .\5
      6\.  *  *  *  *  B  *  B  *  *  .\6
       7\W  *  *  *  *  *  *  *  *  *  .\7
        8\.  *  *  *  *  *  *  *  *  *  .\8
         9\.  *  *  *  *  *  *  *  *  *  .\9
         10\.  *  .  B  .  *  *  *  *  .  .\10
          11\.  b  b  b  b  .  *  *  .  .  .\11
              a  b  c  d  e  f  g  h  i  j  k  
19847 info: Old: [black, d10] [white, swap-pieces] [white, g4] [black, h6] [white, d5] [black, d1] 
19847 info: New: [black, d10] [white, swap-pieces] [white, g4] [black, h6] [white, d5] [black, d1] [white, a7] [black, f6] 
19847 info: MovesPlayed: [white, a7] [black, f6] 
19847 info: No subtree to reuse.
19847 info: StartSearch()[0]
SgUctSearch: max games reached
19847 info: 
Elapsed Time   0.54159s
Count          1
GamesPlayed    1
Nodes          1
Knowledge      0 (0.0%)
Expansions     0.0
Time           0.00
GameLen        110.0 dev=0.0 min=110.0 max=110.0
InTree         0.0 dev=0.0 min=0.0 max=0.0
KnowDepth      -
Aborted        0%
Games/s        3086.4
Score          1.00
Sequence      
19847 info: 
19847 warning: **** MoHexSearch returned empty sequence!
19847 warning: **** Returning random move!
<= 
<
>genmove w
<= h7
<
>play b g5
19847 info: Best move cannot be determined, must search state.
19847 info: --- MoHexPlayer::Search() ---
19847 info: Color: white
19847 info: MaxGames: 1
19847 info: NumberThreads: 1
19847 info: MaxNodes: 9090 (799920 bytes)
19847 info: TimeForMove: 1
19847 info: PreSearch: max time reached (45/77).
19847 info: Time for PreSearch: 0.200259s
19847 info: 
  6fb3494648e70fb2
  a  b  c  d  e  f  g  h  i  j  k  
 1\.  .  .  B  .  *  *  *  *  *  .\1
  2\.  .  *  *  *  *  *  *  *  *  .\2
   3\.  *  *  *  *  *  *  *  *  *  .\3
    4\.  *  *  *  *  *  W  B  *  *  .\4
     5\.  *  *  W  *  *  *  *  *  *  .\5
      6\.  *  *  *  *  B  *  B  *  *  .\6
       7\W  *  *  *  *  *  *  *  *  *  .\7
        8\.  *  *  *  *  *  *  *  *  *  .\8
         9\.  *  *  *  *  *  *  *  *  *  .\9
         10\.  *  .  B  .  *  *  *  *  .  .\10
          11\.  b  b  b  b  .  *  W  .  .  .\11
              a  b  c  d  e  f  g  h  i  j  k  
19847 info: Old: [black, d10] [white, swap-pieces] [white, g4] [black, h6] [white, d5] [black, d1] [white, a7] [black, f6] 
19847 info: New: [black, d10] [white, swap-pieces] [white, g4] [black, h6] [white, d5] [black, d1] [white, a7] [black, f6] [white, h11] [black, h4] 
19847 info: MovesPlayed: [white, h11] [black, h4] 
19847 info: No subtree to reuse.
19847 info: StartSearch()[0]
SgUctSearch: max games reached
19847 info: 
Elapsed Time   0.343754s
Count          1
GamesPlayed    1
Nodes          1
Knowledge      0 (0.0%)
Expansions     0.0
Time           0.00
GameLen        108.0 dev=0.0 min=108.0 max=108.0
InTree         0.0 dev=0.0 min=0.0 max=0.0
KnowDepth      -
Aborted        0%
Games/s        3344.5
Score          0.00
Sequence      
19847 info: 
19847 warning: **** MoHexSearch returned empty sequence!
19847 warning: **** Returning random move!
<= 
<
>genmove w
<= i1
<
>play b h3
19847 info: Opponent has won; playing most blocking move.
<= 
<
>genmove w
<= e9
<
>play b f8
19847 info: Opponent has won; playing most blocking move.
<= 
<
>genmove w
<= f9
<
>play b d8
19847 info: Opponent has won; playing most blocking move.
<= 
<
>genmove w
<= d9
<
>play b c9
19847 info: Opponent has won; playing most blocking move.
<= 
<
>genmove w
<= b10
<
>play b c10
19847 info: Opponent has won; playing most blocking move.
<= 
<
>genmove w
<= g2
<
>play b j2
19847 info: Opponent has won; playing most blocking move.
<= 
<
>genmove w
<= e7
<
>play b e8
19847 info: Captured cells caused win! Removing...
19847 info: Opponent has won; playing most blocking move.
<= 
<
>genmove w
<= f7
<
>play b g7
19847 info: Captured cells caused win! Removing...
19847 info: Opponent has won; playing most blocking move.
<= 
<
>genmove w
<= h5
<
>play b g6
19847 info: Captured cells caused win! Removing...
19847 info: Opponent has won; playing most blocking move.
<= 
<
>genmove w
<= j1
<
>play b k1
19847 info: Captured cells caused win! Removing...
19847 info: Opponent has won; playing most blocking move.
<= 
<
>genmove w
<= i2
<
>play b i3
19847 info: Captured cells caused win! Removing...
19847 info: Opponent has won; playing most blocking move.
<= 
<
>genmove w
<= d11
<
>play b c11
19847 info: Captured cells caused win! Removing...
19847 info: Opponent has won; playing most blocking move.
<= 
<
>genmove w
<= resign
<
>final_score
<= B+
<
>quit
<= 
<
