77827 config: MoHex v2.0.CMake Mar 21 2025.
77827 config: ============ InitializeSystem ============
77827 config: BenzeneProgram::InitRandom()
77827 config: Seed = 466994
77827 info: Prior Patterns:
77827 info: Global:
77827 info: Size            = 565 32648 
77827 info: TableEntries    = 65932 65910
77827 info: MirrorsAdded    = 0 0
77827 info: PrunableCount   = 30593 30629
77827 info: LargestGamma    = 5820.77
77827 info: SmallestGamma   = 6.6e-05
77827 info: Local:
77827 info: Size            = 550 5318 
77827 info: TableEntries    = 11602 11588
77827 info: MirrorsAdded    = 0 0
77827 info: PrunableCount   = 3659 3667
77827 info: LargestGamma    = 11281.8
77827 info: SmallestGamma   = 0.026235
77827 info: Playout Patterns:
77827 info: Global:
77827 info: Size            = 565 32648 
77827 info: TableEntries    = 70329 70329
77827 info: MirrorsAdded    = 4397 4419
77827 info: PrunableCount   = 30593 30629
77827 info: LargestGamma    = 5820.77
77827 info: SmallestGamma   = 6.6e-05
77827 info: Local:
77827 info: Size            = 550 5318 
77827 info: TableEntries    = 11602 11588
77827 info: MirrorsAdded    = 0 0
77827 info: PrunableCount   = 3659 3667
77827 info: LargestGamma    = 11281.8
77827 info: SmallestGamma   = 0.026235
77827 config: IcePatternSet: reading from '/home/linus/MoHex2.0/nfbranchfix/benzene-vanilla-cmake/share/ice-patterns.txt'.
77827 config: IcePatternSet: parsed 708 patterns.
77827 config: VCS: reading captured set patterns from '/home/linus/MoHex2.0/nfbranchfix/benzene-vanilla-cmake/share/vc-captured-set.txt'.
77827 config: VCS:: parsed 2 patterns.
77827 config: VCS: reading captured set patterns from '/home/linus/MoHex2.0/nfbranchfix/benzene-vanilla-cmake/share/vc-captured-set.txt'.
77827 config: VCS:: parsed 2 patterns.
77827 config: IcePatternSet: reading from '/home/linus/MoHex2.0/nfbranchfix/benzene-vanilla-cmake/share/ice-patterns.txt'.
77827 config: IcePatternSet: parsed 708 patterns.
77827 config: VCS: reading captured set patterns from '/home/linus/MoHex2.0/nfbranchfix/benzene-vanilla-cmake/share/vc-captured-set.txt'.
77827 config: VCS:: parsed 2 patterns.
77827 config: VCS: reading captured set patterns from '/home/linus/MoHex2.0/nfbranchfix/benzene-vanilla-cmake/share/vc-captured-set.txt'.
77827 config: VCS:: parsed 2 patterns.
77827 config: VCS: reading captured set patterns from '/home/linus/MoHex2.0/nfbranchfix/benzene-vanilla-cmake/share/vc-captured-set.txt'.
77827 config: VCS:: parsed 2 patterns.
77827 config: VCS: reading captured set patterns from '/home/linus/MoHex2.0/nfbranchfix/benzene-vanilla-cmake/share/vc-captured-set.txt'.
77827 config: VCS:: parsed 2 patterns.
77827 config: VCS: reading captured set patterns from '/home/linus/MoHex2.0/nfbranchfix/benzene-vanilla-cmake/share/vc-captured-set.txt'.
77827 config: VCS:: parsed 2 patterns.
77827 config: VCS: reading captured set patterns from '/home/linus/MoHex2.0/nfbranchfix/benzene-vanilla-cmake/share/vc-captured-set.txt'.
77827 config: VCS:: parsed 2 patterns.
77827 config: VCPattern: loading pattern templates from '/home/linus/MoHex2.0/nfbranchfix/benzene-vanilla-cmake/share/vc-patterns.txt'.
77827 info: Best move cannot be determined, must search state.
77827 info: --- MoHexPlayer::Search() ---
77827 info: Color: white
77827 info: MaxGames: 1
77827 info: NumberThreads: 1
77827 info: MaxNodes: 181818181 (15999999928 bytes)
77827 info: TimeForMove: 1
77827 info: PreSearch: max time reached (57/88).
77827 info: Time for PreSearch: 0.202449s
77827 info: 
  c40bfb4d7e78a0d0
  a  b  c  d  e  f  g  h  i  j  k  
 1\.  .  .  *  *  *  *  *  *  *  .\1
  2\.  .  *  *  *  *  *  *  *  *  .\2
   3\.  *  *  *  *  .  *  *  *  *  .\3
    4\.  *  *  *  *  *  *  *  *  *  .\4
     5\.  *  *  *  *  *  *  *  *  .  .\5
      6\.  *  *  *  *  *  *  *  B  .  .\6
       7\.  *  *  *  *  *  *  *  *  *  .\7
        8\.  *  *  *  *  *  *  *  *  *  .\8
         9\.  *  *  *  *  .  *  *  *  *  .\9
         10\.  *  *  *  *  *  *  *  *  .  .\10
          11\.  *  *  *  *  *  *  *  .  .  .\11
              a  b  c  d  e  f  g  h  i  j  k  
77827 info: No subtree to reuse.
77827 info: Creating thread 0
77827 info: StartSearch()[0]
77827 config: VCS: reading captured set patterns from '/home/linus/MoHex2.0/nfbranchfix/benzene-vanilla-cmake/share/vc-captured-set.txt'.
77827 config: VCS:: parsed 2 patterns.
77827 config: VCS: reading captured set patterns from '/home/linus/MoHex2.0/nfbranchfix/benzene-vanilla-cmake/share/vc-captured-set.txt'.
77827 config: VCS:: parsed 2 patterns.
77827 info: 
Elapsed Time   0.346304s
Count          1
GamesPlayed    1
Nodes          1
Knowledge      0 (0.0%)
Expansions     0.0
Time           0.00
GameLen        120.0 dev=0.0 min=120.0 max=120.0
InTree         0.0 dev=0.0 min=0.0 max=0.0
KnowDepth      -
Aborted        0%
Games/s        404.0
Score          0.00
Sequence      
77827 info: 
77827 warning: **** MoHexSearch returned empty sequence!
77827 warning: **** Returning random move!
77827 info: Best move cannot be determined, must search state.
77827 info: --- MoHexPlayer::Search() ---
77827 info: Color: white
77827 info: MaxGames: 1
77827 info: NumberThreads: 1
77827 info: MaxNodes: 181818181 (15999999928 bytes)
77827 info: TimeForMove: 1
77827 info: PreSearch: max time reached (60/87).
77827 info: Time for PreSearch: 0.20323s
77827 info: 
  134601f3ce566b5a
  a  b  c  d  e  f  g  h  i  j  k  
 1\.  .  .  *  *  *  *  *  *  *  .\1
  2\.  .  *  *  *  *  *  *  *  *  .\2
   3\.  *  *  *  *  *  *  *  *  *  .\3
    4\.  *  *  *  *  *  *  *  *  *  W\4
     5\.  .  B  *  *  *  *  *  *  .  .\5
      6\.  .  *  *  *  *  *  *  B  .  .\6
       7\.  *  *  *  *  *  *  *  *  *  .\7
        8\.  *  *  *  *  *  *  *  *  *  .\8
         9\.  *  *  *  *  *  *  *  *  *  .\9
         10\.  *  *  *  *  *  *  *  *  .  .\10
          11\.  *  *  *  *  *  *  *  .  .  .\11
              a  b  c  d  e  f  g  h  i  j  k  
77827 info: Old: [black, i6] [white, swap-pieces] 
77827 info: New: [black, i6] [white, swap-pieces] [white, k4] [black, c5] 
77827 info: ReuseSubtree: Colors do not alternate.
77827 info: No subtree to reuse.
77827 info: StartSearch()[0]
77827 info: 
Elapsed Time   0.342729s
Count          1
GamesPlayed    1
Nodes          1
Knowledge      0 (0.0%)
Expansions     0.0
Time           0.00
GameLen        118.0 dev=0.0 min=118.0 max=118.0
InTree         0.0 dev=0.0 min=0.0 max=0.0
KnowDepth      -
Aborted        0%
Games/s        3268.0
Score          1.00
Sequence      
77827 info: 
77827 warning: **** MoHexSearch returned empty sequence!
77827 warning: **** Returning random move!
77827 info: Best move cannot be determined, must search state.
77827 info: --- MoHexPlayer::Search() ---
77827 info: Color: white
77827 info: MaxGames: 1
77827 info: NumberThreads: 1
77827 info: MaxNodes: 181818181 (15999999928 bytes)
77827 info: TimeForMove: 1
77827 info: PreSearch: max time reached (69/88).
77827 info: Time for PreSearch: 0.201828s
77827 info: 
  fc5eccd476cbb745
  a  b  c  d  e  f  g  h  i  j  k  
 1\.  .  .  *  *  *  *  *  *  *  .\1
  2\.  .  *  *  *  *  *  *  *  *  .\2
   3\.  *  *  *  W  *  *  *  *  *  .\3
    4\.  *  *  *  *  *  *  *  *  *  W\4
     5\.  *  B  *  *  *  *  *  *  .  .\5
      6\B  *  *  *  *  *  *  *  B  .  .\6
       7\.  *  *  *  *  *  *  *  *  .  .\7
        8\.  *  *  *  *  *  *  *  *  *  .\8
         9\.  *  *  *  *  *  *  *  *  *  .\9
         10\.  *  *  *  *  *  *  *  *  .  .\10
          11\.  *  *  *  *  *  *  *  .  .  .\11
              a  b  c  d  e  f  g  h  i  j  k  
77827 info: Old: [black, i6] [white, swap-pieces] [white, k4] [black, c5] 
77827 info: New: [black, i6] [white, swap-pieces] [white, k4] [black, c5] [white, e3] [black, a6] 
77827 info: MovesPlayed: [white, e3] [black, a6] 
77827 info: No subtree to reuse.
77827 info: StartSearch()[0]
77827 info: 
Elapsed Time   0.343649s
Count          1
GamesPlayed    1
Nodes          1
Knowledge      0 (0.0%)
Expansions     0.0
Time           0.00
GameLen        116.0 dev=0.0 min=116.0 max=116.0
InTree         0.0 dev=0.0 min=0.0 max=0.0
KnowDepth      -
Aborted        0%
Games/s        3344.5
Score          1.00
Sequence      
77827 info: 
77827 warning: **** MoHexSearch returned empty sequence!
77827 warning: **** Returning random move!
77827 info: Best move cannot be determined, must search state.
77827 info: --- MoHexPlayer::Search() ---
77827 info: Color: white
77827 info: MaxGames: 1
77827 info: NumberThreads: 1
77827 info: MaxNodes: 181818181 (15999999928 bytes)
77827 info: TimeForMove: 1
77827 info: PreSearch: max time reached (66/82).
77827 info: Time for PreSearch: 0.200261s
77827 info: 
  83ce30c6f40c36a2
  a  b  c  d  e  f  g  h  i  j  k  
 1\.  .  .  *  *  *  *  *  *  *  .\1
  2\.  .  *  *  *  *  *  *  *  *  .\2
   3\.  *  *  *  W  *  *  *  *  *  .\3
    4\.  *  *  *  *  *  *  *  *  *  W\4
     5\.  *  B  *  *  *  *  *  *  .  .\5
      6\B  .  *  *  *  *  *  *  B  .  .\6
       7\w  W  *  *  *  *  *  *  *  .  .\7
        8\w  .  *  *  *  *  *  *  *  *  .\8
         9\w  .  *  *  *  *  *  *  *  *  .\9
         10\.  *  *  *  *  *  *  *  *  .  .\10
          11\.  *  .  B  .  *  *  *  .  .  .\11
              a  b  c  d  e  f  g  h  i  j  k  
77827 info: Old: [black, i6] [white, swap-pieces] [white, k4] [black, c5] [white, e3] [black, a6] 
77827 info: New: [black, i6] [white, swap-pieces] [white, k4] [black, c5] [white, e3] [black, a6] [white, b7] [black, d11] 
77827 info: MovesPlayed: [white, b7] [black, d11] 
77827 info: No subtree to reuse.
77827 info: StartSearch()[0]
77827 info: 
Elapsed Time   0.343211s
Count          1
GamesPlayed    1
Nodes          1
Knowledge      0 (0.0%)
Expansions     0.0
Time           0.00
GameLen        111.0 dev=0.0 min=111.0 max=111.0
InTree         0.0 dev=0.0 min=0.0 max=0.0
KnowDepth      -
Aborted        0%
Games/s        3533.6
Score          0.00
Sequence      
77827 info: 
77827 warning: **** MoHexSearch returned empty sequence!
77827 warning: **** Returning random move!
77827 info: Best move cannot be determined, must search state.
77827 info: --- MoHexPlayer::Search() ---
77827 info: Color: white
77827 info: MaxGames: 1
77827 info: NumberThreads: 1
77827 info: MaxNodes: 181818181 (15999999928 bytes)
77827 info: TimeForMove: 1
77827 info: PreSearch: max time reached (68/75).
77827 info: Time for PreSearch: 0.200291s
77827 info: 
  930ab6e74752d366
  a  b  c  d  e  f  g  h  i  j  k  
 1\.  .  .  .  W  b  b  b  .  *  .\1
  2\.  .  .  .  .  B  .  *  *  *  .\2
   3\.  .  .  *  W  *  *  *  *  *  .\3
    4\.  .  .  *  *  *  *  *  *  *  W\4
     5\.  .  B  *  *  *  *  *  *  .  .\5
      6\B  .  *  *  *  *  *  *  B  .  .\6
       7\w  W  *  *  *  *  *  *  *  .  .\7
        8\w  .  *  *  *  *  *  *  *  *  .\8
         9\w  .  *  *  *  *  *  *  *  *  .\9
         10\.  *  *  *  *  *  *  *  *  .  .\10
          11\.  *  .  B  .  *  *  *  .  .  .\11
              a  b  c  d  e  f  g  h  i  j  k  
77827 info: Old: [black, i6] [white, swap-pieces] [white, k4] [black, c5] [white, e3] [black, a6] [white, b7] [black, d11] 
77827 info: New: [black, i6] [white, swap-pieces] [white, k4] [black, c5] [white, e3] [black, a6] [white, b7] [black, d11] [white, e1] [black, f2] 
77827 info: MovesPlayed: [white, e1] [black, f2] 
77827 info: No subtree to reuse.
77827 info: StartSearch()[0]
77827 info: 
Elapsed Time   0.342087s
Count          1
GamesPlayed    1
Nodes          1
Knowledge      0 (0.0%)
Expansions     0.0
Time           0.00
GameLen        106.0 dev=0.0 min=106.0 max=106.0
InTree         0.0 dev=0.0 min=0.0 max=0.0
KnowDepth      -
Aborted        0%
Games/s        2941.2
Score          0.00
Sequence      
77827 info: 
77827 warning: **** MoHexSearch returned empty sequence!
77827 warning: **** Returning random move!
77827 info: Best move cannot be determined, must search state.
77827 info: --- MoHexPlayer::Search() ---
77827 info: Color: white
77827 info: MaxGames: 1
77827 info: NumberThreads: 1
77827 info: MaxNodes: 181818181 (15999999928 bytes)
77827 info: TimeForMove: 1
77827 info: PreSearch: max time reached (67/72).
77827 info: Time for PreSearch: 0.201603s
77827 info: 
  1f2ee93f6450c3ce
  a  b  c  d  e  f  g  h  i  j  k  
 1\.  .  .  .  W  b  b  b  .  *  .\1
  2\.  .  *  *  *  B  .  *  *  *  .\2
   3\.  B  *  *  W  *  *  *  *  *  .\3
    4\.  *  *  .  *  *  *  *  *  *  W\4
     5\.  *  B  *  *  *  *  *  *  .  .\5
      6\B  .  *  *  *  *  W  *  B  .  .\6
       7\w  W  *  *  *  *  *  *  *  .  .\7
        8\w  .  *  *  *  *  *  *  *  *  .\8
         9\w  .  *  *  *  *  *  *  *  *  .\9
         10\.  *  *  *  *  *  *  *  *  .  .\10
          11\.  *  .  B  .  *  *  *  .  .  .\11
              a  b  c  d  e  f  g  h  i  j  k  
77827 info: Old: [black, i6] [white, swap-pieces] [white, k4] [black, c5] [white, e3] [black, a6] [white, b7] [black, d11] [white, e1] [black, f2] 
77827 info: New: [black, i6] [white, swap-pieces] [white, k4] [black, c5] [white, e3] [black, a6] [white, b7] [black, d11] [white, e1] [black, f2] [white, g6] [black, b3] 
77827 info: MovesPlayed: [white, g6] [black, b3] 
77827 info: No subtree to reuse.
77827 info: StartSearch()[0]
77827 info: 
Elapsed Time   0.34074s
Count          1
GamesPlayed    1
Nodes          1
Knowledge      0 (0.0%)
Expansions     0.0
Time           0.00
GameLen        104.0 dev=0.0 min=104.0 max=104.0
InTree         0.0 dev=0.0 min=0.0 max=0.0
KnowDepth      -
Aborted        0%
Games/s        3164.6
Score          1.00
Sequence      
77827 info: 
77827 warning: **** MoHexSearch returned empty sequence!
77827 warning: **** Returning random move!
77827 info: Best move cannot be determined, must search state.
77827 info: --- MoHexPlayer::Search() ---
77827 info: Color: white
77827 info: MaxGames: 1
77827 info: NumberThreads: 1
77827 info: MaxNodes: 181818181 (15999999928 bytes)
77827 info: TimeForMove: 1
77827 info: PreSearch: max time reached (51/68).
77827 info: Time for PreSearch: 0.202537s
77827 info: 
  9927444f75603204
  a  b  c  d  e  f  g  h  i  j  k  
 1\.  .  .  .  W  b  b  b  .  *  .\1
  2\.  .  *  *  *  B  .  *  *  *  .\2
   3\.  B  *  *  W  *  *  *  *  *  .\3
    4\.  *  *  .  *  *  *  *  *  *  W\4
     5\.  *  B  *  *  *  *  *  *  .  .\5
      6\B  .  .  B  *  *  W  *  B  .  .\6
       7\w  W  .  *  *  *  *  *  *  .  .\7
        8\w  .  *  *  *  W  *  *  *  *  .\8
         9\w  .  *  *  *  *  *  *  *  *  .\9
         10\.  *  *  *  *  *  *  *  *  .  .\10
          11\.  *  .  B  .  *  *  *  .  .  .\11
              a  b  c  d  e  f  g  h  i  j  k  
77827 info: Old: [black, i6] [white, swap-pieces] [white, k4] [black, c5] [white, e3] [black, a6] [white, b7] [black, d11] [white, e1] [black, f2] [white, g6] [black, b3] 
77827 info: New: [black, i6] [white, swap-pieces] [white, k4] [black, c5] [white, e3] [black, a6] [white, b7] [black, d11] [white, e1] [black, f2] [white, g6] [black, b3] [white, f8] [black, d6] 
77827 info: MovesPlayed: [white, f8] [black, d6] 
77827 info: No subtree to reuse.
77827 info: StartSearch()[0]
77827 info: 
Elapsed Time   0.344822s
Count          1
GamesPlayed    1
Nodes          1
Knowledge      0 (0.0%)
Expansions     0.0
Time           0.00
GameLen        102.0 dev=0.0 min=102.0 max=102.0
InTree         0.0 dev=0.0 min=0.0 max=0.0
KnowDepth      -
Aborted        0%
Games/s        3389.8
Score          0.00
Sequence      
77827 info: 
77827 warning: **** MoHexSearch returned empty sequence!
77827 warning: **** Returning random move!
77827 info: Best move cannot be determined, must search state.
77827 info: --- MoHexPlayer::Search() ---
77827 info: Color: white
77827 info: MaxGames: 1
77827 info: NumberThreads: 1
77827 info: MaxNodes: 181818181 (15999999928 bytes)
77827 info: TimeForMove: 1
77827 info: PreSearch: max time reached (50/66).
77827 info: Time for PreSearch: 0.20411s
77827 info: 
  0d10e7222f6bbcd1
  a  b  c  d  e  f  g  h  i  j  k  
 1\.  .  .  .  W  b  b  b  .  *  .\1
  2\.  .  *  *  *  B  .  *  *  *  .\2
   3\.  B  *  *  W  *  *  *  *  *  .\3
    4\.  *  *  .  *  *  *  *  *  *  W\4
     5\.  *  B  *  *  *  *  *  *  .  .\5
      6\B  .  .  B  *  B  W  *  B  .  .\6
       7\w  W  .  *  W  *  *  *  *  .  .\7
        8\w  .  *  *  *  W  *  *  *  *  .\8
         9\w  .  *  *  *  *  *  *  *  *  .\9
         10\.  *  *  *  *  *  *  *  *  .  .\10
          11\.  *  .  B  .  *  *  *  .  .  .\11
              a  b  c  d  e  f  g  h  i  j  k  
77827 info: Old: [black, i6] [white, swap-pieces] [white, k4] [black, c5] [white, e3] [black, a6] [white, b7] [black, d11] [white, e1] [black, f2] [white, g6] [black, b3] [white, f8] [black, d6] 
77827 info: New: [black, i6] [white, swap-pieces] [white, k4] [black, c5] [white, e3] [black, a6] [white, b7] [black, d11] [white, e1] [black, f2] [white, g6] [black, b3] [white, f8] [black, d6] [white, e7] [black, f6] 
77827 info: MovesPlayed: [white, e7] [black, f6] 
77827 info: No subtree to reuse.
77827 info: StartSearch()[0]
77827 info: 
Elapsed Time   0.343938s
Count          1
GamesPlayed    1
Nodes          1
Knowledge      0 (0.0%)
Expansions     0.0
Time           0.00
GameLen        100.0 dev=0.0 min=100.0 max=100.0
InTree         0.0 dev=0.0 min=0.0 max=0.0
KnowDepth      -
Aborted        0%
Games/s        3546.1
Score          1.00
Sequence      
77827 info: 
77827 warning: **** MoHexSearch returned empty sequence!
77827 warning: **** Returning random move!
77827 info: Best move cannot be determined, must search state.
77827 info: --- MoHexPlayer::Search() ---
77827 info: Color: white
77827 info: MaxGames: 1
77827 info: NumberThreads: 1
77827 info: MaxNodes: 181818181 (15999999928 bytes)
77827 info: TimeForMove: 1
77827 info: PreSearch: max time reached (55/62).
77827 info: Time for PreSearch: 0.202295s
77827 info: 
  fdbcd8b56c3fcb10
  a  b  c  d  e  f  g  h  i  j  k  
 1\.  .  .  .  W  b  b  b  b  b  B\1
  2\.  .  *  *  *  B  .  *  *  *  .\2
   3\.  B  *  *  W  *  *  *  *  *  .\3
    4\.  *  *  .  *  *  *  *  *  *  W\4
     5\.  *  B  *  *  *  *  *  *  .  .\5
      6\B  .  .  B  *  B  W  *  B  .  .\6
       7\w  W  .  .  W  *  *  *  *  .  .\7
        8\w  w  .  .  *  W  *  *  *  *  .\8
         9\w  .  *  *  *  *  *  *  *  *  .\9
         10\w  .  *  *  *  *  *  *  *  .  .\10
          11\W  .  .  B  .  *  *  *  .  .  .\11
              a  b  c  d  e  f  g  h  i  j  k  
77827 info: Old: [black, i6] [white, swap-pieces] [white, k4] [black, c5] [white, e3] [black, a6] [white, b7] [black, d11] [white, e1] [black, f2] [white, g6] [black, b3] [white, f8] [black, d6] [white, e7] [black, f6] 
77827 info: New: [black, i6] [white, swap-pieces] [white, k4] [black, c5] [white, e3] [black, a6] [white, b7] [black, d11] [white, e1] [black, f2] [white, g6] [black, b3] [white, f8] [black, d6] [white, e7] [black, f6] [white, a11] [black, k1] 
77827 info: MovesPlayed: [white, a11] [black, k1] 
77827 info: No subtree to reuse.
77827 info: StartSearch()[0]
77827 info: 
Elapsed Time   0.34195s
Count          1
GamesPlayed    1
Nodes          1
Knowledge      0 (0.0%)
Expansions     0.0
Time           0.00
GameLen        94.0 dev=0.0 min=94.0 max=94.0
InTree         0.0 dev=0.0 min=0.0 max=0.0
KnowDepth      -
Aborted        0%
Games/s        3378.4
Score          1.00
Sequence      
77827 info: 
77827 warning: **** MoHexSearch returned empty sequence!
77827 warning: **** Returning random move!
77827 info: Best move cannot be determined, must search state.
77827 info: --- MoHexPlayer::Search() ---
77827 info: Color: white
77827 info: MaxGames: 1
77827 info: NumberThreads: 1
77827 info: MaxNodes: 181818181 (15999999928 bytes)
77827 info: TimeForMove: 1
77827 info: Time for PreSearch: 0.19757s
77827 info: 
  cf6aff0fcb8bb0d5
  a  b  c  d  e  f  g  h  i  j  k  
 1\.  .  .  .  W  b  b  b  b  b  B\1
  2\.  .  *  *  *  B  .  *  *  *  .\2
   3\.  B  *  *  W  *  *  *  *  *  .\3
    4\.  *  *  .  *  *  *  *  *  *  W\4
     5\.  *  B  *  *  *  *  *  *  .  .\5
      6\B  .  .  B  *  B  W  *  B  .  .\6
       7\w  W  .  .  W  *  *  *  *  .  .\7
        8\w  w  .  .  .  W  *  *  *  *  .\8
         9\w  .  .  .  .  *  *  *  *  *  .\9
         10\w  .  .  W  B  .  *  *  *  .  .\10
          11\W  .  .  B  b  b  .  *  .  .  .\11
              a  b  c  d  e  f  g  h  i  j  k  
77827 info: Old: [black, i6] [white, swap-pieces] [white, k4] [black, c5] [white, e3] [black, a6] [white, b7] [black, d11] [white, e1] [black, f2] [white, g6] [black, b3] [white, f8] [black, d6] [white, e7] [black, f6] [white, a11] [black, k1] 
77827 info: New: [black, i6] [white, swap-pieces] [white, k4] [black, c5] [white, e3] [black, a6] [white, b7] [black, d11] [white, e1] [black, f2] [white, g6] [black, b3] [white, f8] [black, d6] [white, e7] [black, f6] [white, a11] [black, k1] [white, d10] [black, e10] 
77827 info: MovesPlayed: [white, d10] [black, e10] 
77827 info: No subtree to reuse.
77827 info: StartSearch()[0]
77827 info: 
Elapsed Time   0.342765s
Count          1
GamesPlayed    1
Nodes          1
Knowledge      0 (0.0%)
Expansions     0.0
Time           0.00
GameLen        90.0 dev=0.0 min=90.0 max=90.0
InTree         0.0 dev=0.0 min=0.0 max=0.0
KnowDepth      -
Aborted        0%
Games/s        3717.5
Score          0.00
Sequence      
77827 info: 
77827 warning: **** MoHexSearch returned empty sequence!
77827 warning: **** Returning random move!
77827 info: Best move cannot be determined, must search state.
77827 info: --- MoHexPlayer::Search() ---
77827 info: Color: white
77827 info: MaxGames: 1
77827 info: NumberThreads: 1
77827 info: MaxNodes: 181818181 (15999999928 bytes)
77827 info: TimeForMove: 1
77827 info: PreSearch: max time reached (53/54).
77827 info: Time for PreSearch: 0.201556s
77827 info: 
  be102a3ed5af1465
  a  b  c  d  e  f  g  h  i  j  k  
 1\.  .  .  .  W  b  b  b  b  b  B\1
  2\.  .  *  *  *  B  .  *  *  *  .\2
   3\.  B  *  *  W  *  *  *  *  *  .\3
    4\.  *  *  *  .  *  *  *  *  *  W\4
     5\.  *  B  *  W  B  *  *  *  .  .\5
      6\B  .  .  B  *  B  W  *  B  .  .\6
       7\w  W  .  .  W  *  *  *  *  .  .\7
        8\w  w  .  .  .  W  *  *  *  *  .\8
         9\w  .  .  .  .  *  *  *  *  *  .\9
         10\w  .  .  W  B  .  *  *  *  .  .\10
          11\W  .  .  B  b  b  .  *  .  .  .\11
              a  b  c  d  e  f  g  h  i  j  k  
77827 info: Old: [black, i6] [white, swap-pieces] [white, k4] [black, c5] [white, e3] [black, a6] [white, b7] [black, d11] [white, e1] [black, f2] [white, g6] [black, b3] [white, f8] [black, d6] [white, e7] [black, f6] [white, a11] [black, k1] [white, d10] [black, e10] 
77827 info: New: [black, i6] [white, swap-pieces] [white, k4] [black, c5] [white, e3] [black, a6] [white, b7] [black, d11] [white, e1] [black, f2] [white, g6] [black, b3] [white, f8] [black, d6] [white, e7] [black, f6] [white, a11] [black, k1] [white, d10] [black, e10] [white, e5] [black, f5] 
77827 info: MovesPlayed: [white, e5] [black, f5] 
77827 info: No subtree to reuse.
77827 info: StartSearch()[0]
77827 info: 
Elapsed Time   0.342452s
Count          1
GamesPlayed    1
Nodes          1
Knowledge      0 (0.0%)
Expansions     0.0
Time           0.00
GameLen        88.0 dev=0.0 min=88.0 max=88.0
InTree         0.0 dev=0.0 min=0.0 max=0.0
KnowDepth      -
Aborted        0%
Games/s        3759.4
Score          0.00
Sequence      
77827 info: 
77827 warning: **** MoHexSearch returned empty sequence!
77827 warning: **** Returning random move!
77827 info: Winning SC.
77827 info: Winning SC.
77827 info: Winning SC.
77827 info: Winning SC.
77827 info: Winning SC.
77827 info: Winning SC.
77827 config: ============ BenzeneShutdown =============
77827 config: MoHexProgram:: ShutdownSystem()
77827 config: CommonProgram:: ShutdownSystem()
77827 config: BenzeneProgram:: ShutdownSystem()
Flushing and closing this stream...
