# nice ../build/src/mohex/mohex --config mohex-weak.htp --seed 972142 --logfile-name jobs/11x11-mohex-mohex-cg2010-vs-mohex-mohex-weak-1/mohex-mohex-weak-455.log
>boardsize 11 11
<= 
<
>name
MoHex 2.0.CMake Mar 21 2025
Copyright (C) 2007-2012 by the authors of the Benzene project.
This program comes with ABSOLUTELY NO WARRANTY. This is
free software and you are welcome to redistribute it under
certain conditions. Type `benzene-license' for details.

SgRandom::SetSeed: 972142
SgUctSearch: system memory 33632358400, using 1000000000 (5681818 nodes)
SgRandom::SetSeed: 1
SgRandom::SetSeed: 972142
f0117 info: Prior Patterns:
f0117 info: Global:
f0117 info: Size            = 565 32648 
f0117 info: TableEntries    = 65932 65910
f0117 info: MirrorsAdded    = 0 0
f0117 info: PrunableCount   = 30593 30629
f0117 info: LargestGamma    = 5820.77
f0117 info: SmallestGamma   = 6.6e-05
f0117 info: Local:
f0117 info: Size            = 550 5318 
f0117 info: TableEntries    = 11602 11588
f0117 info: MirrorsAdded    = 0 0
f0117 info: PrunableCount   = 3659 3667
f0117 info: LargestGamma    = 11281.8
f0117 info: SmallestGamma   = 0.026235
f0117 info: Playout Patterns:
f0117 info: Global:
f0117 info: Size            = 565 32648 
f0117 info: TableEntries    = 70329 70329
f0117 info: MirrorsAdded    = 4397 4419
f0117 info: PrunableCount   = 30593 30629
f0117 info: LargestGamma    = 5820.77
f0117 info: SmallestGamma   = 6.6e-05
f0117 info: Local:
f0117 info: Size            = 550 5318 
f0117 info: TableEntries    = 11602 11588
f0117 info: MirrorsAdded    = 0 0
f0117 info: PrunableCount   = 3659 3667
f0117 info: LargestGamma    = 11281.8
f0117 info: SmallestGamma   = 0.026235
param_game allow_swap 1
= 

param_mohex max_memory 1600000
= 

param_mohex num_threads 1
= 

param_mohex max_time 1
= 

param_mohex max_games 1
= 

param_mohex knowledge_threshold 400
= 

param_mohex reuse_subtree 1
= 

param_mohex use_parallel_solver 0
= 

<= MoHex
<
>version
<= 2.0.CMake
<
>play b j8
<= 
<
>showboard
<= 
< 
<  2d12e773d620581c
<  a  b  c  d  e  f  g  h  i  j  k  
< 1\.  .  .  .  .  .  .  .  .  .  .\1
<  2\.  .  .  .  .  .  .  .  .  .  .\2
<   3\.  .  .  .  .  .  .  .  .  .  .\3
<    4\.  .  .  .  .  .  .  .  .  .  .\4
<     5\.  .  .  .  .  .  .  .  .  .  .\5
<      6\.  .  .  .  .  .  .  .  .  .  .\6
<       7\.  .  .  .  .  .  .  .  .  .  .\7
<        8\.  .  .  .  .  .  .  .  .  B  .\8
<         9\.  .  .  .  .  .  .  .  .  .  .\9
<         10\.  .  .  .  .  .  .  .  .  .  .\10
<          11\.  .  .  .  .  .  .  .  .  .  .\11
<              a  b  c  d  e  f  g  h  i  j  k  
<
>play w swap-pieces
<= 
<
>genmove w
<= f3
<
>play b d8
f0117 info: Best move cannot be determined, must search state.
f0117 info: --- MoHexPlayer::Search() ---
f0117 info: Color: white
f0117 info: MaxGames: 1
f0117 info: NumberThreads: 1
f0117 info: MaxNodes: 9090 (799920 bytes)
f0117 info: TimeForMove: 1
f0117 info: PreSearch: max time reached (34/90).
f0117 info: Time for PreSearch: 0.203602s
f0117 info: 
  2d12e773d620581c
  a  b  c  d  e  f  g  h  i  j  k  
 1\.  .  .  *  *  *  *  *  *  *  .\1
  2\.  .  *  .  *  *  *  *  *  *  .\2
   3\.  *  *  *  *  *  *  *  *  *  .\3
    4\.  *  *  *  *  *  *  *  *  *  .\4
     5\.  *  *  *  *  *  *  *  *  *  .\5
      6\.  *  *  *  *  *  *  *  *  *  .\6
       7\.  *  *  *  *  *  *  *  *  *  .\7
        8\.  *  *  *  *  *  *  *  *  B  .\8
         9\.  *  *  *  *  *  *  *  *  *  .\9
         10\.  *  *  *  *  *  *  .  *  .  .\10
          11\.  *  *  *  *  *  *  *  .  .  .\11
              a  b  c  d  e  f  g  h  i  j  k  
f0117 info: No subtree to reuse.
f0117 info: Creating thread 0
f0117 info: StartSearch()[0]
SgUctSearch: max games reached
f0117 info: 
Elapsed Time   0.423449s
Count          1
GamesPlayed    1
Nodes          1
Knowledge      0 (0.0%)
Expansions     0.0
Time           0.00
GameLen        120.0 dev=0.0 min=120.0 max=120.0
InTree         0.0 dev=0.0 min=0.0 max=0.0
KnowDepth      -
Aborted        0%
Games/s        253.4
Score          1.00
Sequence      
f0117 info: 
f0117 warning: **** MoHexSearch returned empty sequence!
f0117 warning: **** Returning random move!
<= 
<
>genmove w
<= a5
<
>play b b6
f0117 info: Best move cannot be determined, must search state.
f0117 info: --- MoHexPlayer::Search() ---
f0117 info: Color: white
f0117 info: MaxGames: 1
f0117 info: NumberThreads: 1
f0117 info: MaxNodes: 9090 (799920 bytes)
f0117 info: TimeForMove: 1
f0117 info: PreSearch: max time reached (30/90).
f0117 info: Time for PreSearch: 0.204892s
f0117 info: 
  2936848234d3bb5e
  a  b  c  d  e  f  g  h  i  j  k  
 1\.  .  .  *  *  *  *  *  *  *  .\1
  2\.  .  *  *  *  *  *  *  *  *  .\2
   3\.  *  *  *  *  W  *  *  *  *  .\3
    4\.  *  *  *  *  *  *  *  *  *  .\4
     5\.  *  *  *  *  *  *  *  *  *  .\5
      6\.  *  *  *  *  *  *  *  *  *  .\6
       7\.  *  *  *  *  *  *  *  *  *  .\7
        8\.  *  *  B  *  *  *  *  *  B  .\8
         9\.  *  *  *  *  *  *  *  *  *  .\9
         10\.  *  *  *  *  *  *  *  *  .  .\10
          11\.  *  *  *  *  *  *  *  .  .  .\11
              a  b  c  d  e  f  g  h  i  j  k  
f0117 info: Old: [black, j8] [white, swap-pieces] 
f0117 info: New: [black, j8] [white, swap-pieces] [white, f3] [black, d8] 
f0117 info: ReuseSubtree: Colors do not alternate.
f0117 info: No subtree to reuse.
f0117 info: StartSearch()[0]
SgUctSearch: max games reached
f0117 info: 
Elapsed Time   0.566345s
Count          1
GamesPlayed    1
Nodes          1
Knowledge      0 (0.0%)
Expansions     0.0
Time           0.00
GameLen        118.0 dev=0.0 min=118.0 max=118.0
InTree         0.0 dev=0.0 min=0.0 max=0.0
KnowDepth      -
Aborted        0%
Games/s        2487.6
Score          0.00
Sequence      
f0117 info: 
f0117 warning: **** MoHexSearch returned empty sequence!
f0117 warning: **** Returning random move!
<= 
<
>genmove w
<= i8
<
>play b b2
f0117 info: Best move cannot be determined, must search state.
f0117 info: --- MoHexPlayer::Search() ---
f0117 info: Color: white
f0117 info: MaxGames: 1
f0117 info: NumberThreads: 1
f0117 info: MaxNodes: 9090 (799920 bytes)
f0117 info: TimeForMove: 1
f0117 info: PreSearch: max time reached (39/89).
f0117 info: Time for PreSearch: 0.202812s
f0117 info: 
  fc6b0746f13660ec
  a  b  c  d  e  f  g  h  i  j  k  
 1\.  .  .  *  *  *  *  *  *  *  .\1
  2\.  .  *  *  *  *  *  *  *  *  .\2
   3\.  *  *  *  *  W  *  *  *  *  .\3
    4\.  *  *  *  *  *  *  *  *  *  .\4
     5\W  *  *  *  *  *  *  *  *  *  .\5
      6\b  B  *  *  *  *  *  *  *  *  .\6
       7\.  *  *  *  *  *  *  *  *  *  .\7
        8\.  *  *  B  *  *  *  *  *  B  .\8
         9\.  *  *  *  *  *  *  *  *  *  .\9
         10\.  *  *  *  *  *  *  *  *  .  .\10
          11\.  *  *  *  *  *  *  *  .  .  .\11
              a  b  c  d  e  f  g  h  i  j  k  
f0117 info: Old: [black, j8] [white, swap-pieces] [white, f3] [black, d8] 
f0117 info: New: [black, j8] [white, swap-pieces] [white, f3] [black, d8] [white, a5] [black, b6] 
f0117 info: MovesPlayed: [white, a5] [black, b6] 
f0117 info: No subtree to reuse.
f0117 info: StartSearch()[0]
SgUctSearch: max games reached
f0117 info: 
Elapsed Time   0.387684s
Count          1
GamesPlayed    1
Nodes          1
Knowledge      0 (0.0%)
Expansions     0.0
Time           0.00
GameLen        115.0 dev=0.0 min=115.0 max=115.0
InTree         0.0 dev=0.0 min=0.0 max=0.0
KnowDepth      -
Aborted        0%
Games/s        3096.0
Score          1.00
Sequence      
f0117 info: 
f0117 warning: **** MoHexSearch returned empty sequence!
f0117 warning: **** Returning random move!
<= 
<
>genmove w
<= c2
<
>play b j11
f0117 info: Best move cannot be determined, must search state.
f0117 info: --- MoHexPlayer::Search() ---
f0117 info: Color: white
f0117 info: MaxGames: 1
f0117 info: NumberThreads: 1
f0117 info: MaxNodes: 9090 (799920 bytes)
f0117 info: TimeForMove: 1
f0117 info: PreSearch: max time reached (42/82).
f0117 info: Time for PreSearch: 0.205962s
f0117 info: 
  b17798d68f2cad13
  a  b  c  d  e  f  g  h  i  j  k  
 1\b  b  b  b  .  *  *  *  *  *  .\1
  2\b  B  .  *  *  *  *  *  *  *  .\2
   3\w  .  *  *  *  W  *  *  *  *  .\3
    4\w  .  *  *  *  *  *  *  *  *  .\4
     5\W  .  *  *  *  *  *  *  *  *  .\5
      6\b  B  *  *  *  *  *  *  *  *  .\6
       7\.  *  *  *  *  *  *  *  *  *  .\7
        8\.  *  *  B  *  *  *  *  W  B  .\8
         9\.  *  *  *  *  *  *  *  *  *  .\9
         10\.  *  *  *  *  *  *  *  *  .  .\10
          11\.  *  *  *  *  *  *  *  .  .  .\11
              a  b  c  d  e  f  g  h  i  j  k  
f0117 info: Old: [black, j8] [white, swap-pieces] [white, f3] [black, d8] [white, a5] [black, b6] 
f0117 info: New: [black, j8] [white, swap-pieces] [white, f3] [black, d8] [white, a5] [black, b6] [white, i8] [black, b2] 
f0117 info: MovesPlayed: [white, i8] [black, b2] 
f0117 info: No subtree to reuse.
f0117 info: StartSearch()[0]
SgUctSearch: max games reached
f0117 info: 
Elapsed Time   0.38971s
Count          1
GamesPlayed    1
Nodes          1
Knowledge      0 (0.0%)
Expansions     0.0
Time           0.00
GameLen        106.0 dev=0.0 min=106.0 max=106.0
InTree         0.0 dev=0.0 min=0.0 max=0.0
KnowDepth      -
Aborted        0%
Games/s        2801.1
Score          0.00
Sequence      
f0117 info: 
f0117 warning: **** MoHexSearch returned empty sequence!
f0117 warning: **** Returning random move!
<= 
<
>genmove w
<= g10
<
>play b d9
f0117 info: Best move cannot be determined, must search state.
f0117 info: --- MoHexPlayer::Search() ---
f0117 info: Color: white
f0117 info: MaxGames: 1
f0117 info: NumberThreads: 1
f0117 info: MaxNodes: 9090 (799920 bytes)
f0117 info: TimeForMove: 1
f0117 info: PreSearch: max time reached (36/83).
f0117 info: Time for PreSearch: 0.204358s
f0117 info: 
  e054ca8581c3c1ee
  a  b  c  d  e  f  g  h  i  j  k  
 1\b  b  b  .  *  *  *  *  *  *  .\1
  2\b  B  W  *  *  *  *  *  *  *  .\2
   3\w  .  .  *  *  W  *  *  *  *  .\3
    4\w  .  *  *  *  *  *  *  *  *  .\4
     5\W  .  *  *  *  *  *  *  *  *  .\5
      6\b  B  *  *  *  *  *  *  *  *  .\6
       7\.  *  *  *  *  *  *  *  *  *  .\7
        8\.  *  *  B  *  *  *  *  W  B  .\8
         9\.  *  *  *  *  *  *  *  *  *  .\9
         10\.  *  *  *  *  *  *  *  *  *  .\10
          11\.  *  *  *  *  *  *  *  .  B  b\11
              a  b  c  d  e  f  g  h  i  j  k  
f0117 info: Old: [black, j8] [white, swap-pieces] [white, f3] [black, d8] [white, a5] [black, b6] [white, i8] [black, b2] 
f0117 info: New: [black, j8] [white, swap-pieces] [white, f3] [black, d8] [white, a5] [black, b6] [white, i8] [black, b2] [white, c2] [black, j11] 
f0117 info: MovesPlayed: [white, c2] [black, j11] 
f0117 info: No subtree to reuse.
f0117 info: StartSearch()[0]
SgUctSearch: max games reached
f0117 info: 
Elapsed Time   0.39851s
Count          1
GamesPlayed    1
Nodes          1
Knowledge      0 (0.0%)
Expansions     0.0
Time           0.00
GameLen        104.0 dev=0.0 min=104.0 max=104.0
InTree         0.0 dev=0.0 min=0.0 max=0.0
KnowDepth      -
Aborted        0%
Games/s        2785.5
Score          1.00
Sequence      
f0117 info: 
f0117 warning: **** MoHexSearch returned empty sequence!
f0117 warning: **** Returning random move!
<= 
<
>genmove w
<= d3
<
>play b i2
f0117 info: Best move cannot be determined, must search state.
f0117 info: --- MoHexPlayer::Search() ---
f0117 info: Color: white
f0117 info: MaxGames: 1
f0117 info: NumberThreads: 1
f0117 info: MaxNodes: 9090 (799920 bytes)
f0117 info: TimeForMove: 1
f0117 info: PreSearch: max time reached (45/79).
f0117 info: Time for PreSearch: 0.203656s
f0117 info: 
  6a89ecc346f94fee
  a  b  c  d  e  f  g  h  i  j  k  
 1\b  b  b  .  *  *  *  *  *  *  .\1
  2\b  B  W  *  *  *  *  *  *  *  .\2
   3\w  .  .  *  *  W  *  *  *  *  .\3
    4\w  .  *  *  *  *  *  *  *  *  .\4
     5\W  .  *  *  *  *  *  *  *  *  .\5
      6\b  B  *  *  *  *  *  *  *  *  .\6
       7\.  *  *  *  *  *  *  *  *  *  .\7
        8\.  *  *  B  *  *  *  *  W  B  .\8
         9\.  .  .  B  *  *  *  *  *  *  .\9
         10\.  *  *  *  *  *  W  *  *  *  .\10
          11\.  *  *  *  *  .  .  *  .  B  b\11
              a  b  c  d  e  f  g  h  i  j  k  
f0117 info: Old: [black, j8] [white, swap-pieces] [white, f3] [black, d8] [white, a5] [black, b6] [white, i8] [black, b2] [white, c2] [black, j11] 
f0117 info: New: [black, j8] [white, swap-pieces] [white, f3] [black, d8] [white, a5] [black, b6] [white, i8] [black, b2] [white, c2] [black, j11] [white, g10] [black, d9] 
f0117 info: MovesPlayed: [white, g10] [black, d9] 
f0117 info: No subtree to reuse.
f0117 info: StartSearch()[0]
SgUctSearch: max games reached
f0117 info: 
Elapsed Time   3.31853s
Count          1
GamesPlayed    1
Nodes          1
Knowledge      0 (0.0%)
Expansions     0.0
Time           0.00
GameLen        102.0 dev=0.0 min=102.0 max=102.0
InTree         0.0 dev=0.0 min=0.0 max=0.0
KnowDepth      -
Aborted        0%
Games/s        2832.9
Score          1.00
Sequence      
f0117 info: 
f0117 warning: **** MoHexSearch returned empty sequence!
f0117 warning: **** Returning random move!
<= 
<
>genmove w
<= k1
<
>play b f8
f0117 info: Best move cannot be determined, must search state.
f0117 info: --- MoHexPlayer::Search() ---
f0117 info: Color: white
f0117 info: MaxGames: 1
f0117 info: NumberThreads: 1
f0117 info: MaxNodes: 9090 (799920 bytes)
f0117 info: TimeForMove: 1
f0117 info: PreSearch: max time reached (38/69).
f0117 info: Time for PreSearch: 0.204141s
f0117 info: 
  7ad7b2e5e072afd6
  a  b  c  d  e  f  g  h  i  j  k  
 1\b  b  b  .  *  *  .  b  b  b  .\1
  2\b  B  W  .  *  .  *  .  B  .  .\2
   3\w  .  *  W  .  W  *  *  *  .  .\3
    4\w  .  .  *  *  *  *  *  *  *  .\4
     5\W  .  *  *  *  *  *  *  *  *  .\5
      6\b  B  *  *  *  *  *  *  *  *  .\6
       7\.  *  *  *  *  *  *  *  *  *  .\7
        8\.  *  *  B  *  *  *  *  W  B  .\8
         9\.  .  .  B  *  *  *  *  *  *  .\9
         10\.  *  *  *  *  *  W  *  *  *  .\10
          11\.  *  *  *  *  .  .  *  .  B  b\11
              a  b  c  d  e  f  g  h  i  j  k  
f0117 info: Old: [black, j8] [white, swap-pieces] [white, f3] [black, d8] [white, a5] [black, b6] [white, i8] [black, b2] [white, c2] [black, j11] [white, g10] [black, d9] 
f0117 info: New: [black, j8] [white, swap-pieces] [white, f3] [black, d8] [white, a5] [black, b6] [white, i8] [black, b2] [white, c2] [black, j11] [white, g10] [black, d9] [white, d3] [black, i2] 
f0117 info: MovesPlayed: [white, d3] [black, i2] 
f0117 info: No subtree to reuse.
f0117 info: StartSearch()[0]
SgUctSearch: max games reached
f0117 info: 
Elapsed Time   0.386992s
Count          1
GamesPlayed    1
Nodes          1
Knowledge      0 (0.0%)
Expansions     0.0
Time           0.00
GameLen        97.0 dev=0.0 min=97.0 max=97.0
InTree         0.0 dev=0.0 min=0.0 max=0.0
KnowDepth      -
Aborted        0%
Games/s        2293.6
Score          0.00
Sequence      
f0117 info: 
f0117 warning: **** MoHexSearch returned empty sequence!
f0117 warning: **** Returning random move!
<= 
<
>genmove w
<= c9
<
>play b e1
f0117 info: Best move cannot be determined, must search state.
f0117 info: --- MoHexPlayer::Search() ---
f0117 info: Color: white
f0117 info: MaxGames: 1
f0117 info: NumberThreads: 1
f0117 info: MaxNodes: 9090 (799920 bytes)
f0117 info: TimeForMove: 1
f0117 info: PreSearch: max time reached (43/68).
f0117 info: Time for PreSearch: 0.201156s
f0117 info: 
  7db9698506934015
  a  b  c  d  e  f  g  h  i  j  k  
 1\b  b  b  .  *  *  .  b  b  b  W\1
  2\b  B  W  .  *  .  *  .  B  .  w\2
   3\w  .  *  W  .  W  *  *  *  .  .\3
    4\w  .  .  *  *  *  *  *  *  *  .\4
     5\W  .  *  *  *  *  *  *  *  *  .\5
      6\b  B  *  *  *  *  *  *  *  *  .\6
       7\.  *  *  *  *  *  *  *  *  *  .\7
        8\.  *  *  B  .  B  *  *  W  B  .\8
         9\.  .  .  B  *  *  *  *  *  *  .\9
         10\.  *  *  *  *  *  W  *  *  *  .\10
          11\.  *  *  *  *  .  .  *  .  B  b\11
              a  b  c  d  e  f  g  h  i  j  k  
f0117 info: Old: [black, j8] [white, swap-pieces] [white, f3] [black, d8] [white, a5] [black, b6] [white, i8] [black, b2] [white, c2] [black, j11] [white, g10] [black, d9] [white, d3] [black, i2] 
f0117 info: New: [black, j8] [white, swap-pieces] [white, f3] [black, d8] [white, a5] [black, b6] [white, i8] [black, b2] [white, c2] [black, j11] [white, g10] [black, d9] [white, d3] [black, i2] [white, k1] [black, f8] 
f0117 info: MovesPlayed: [white, k1] [black, f8] 
f0117 info: No subtree to reuse.
f0117 info: StartSearch()[0]
SgUctSearch: max games reached
f0117 info: 
Elapsed Time   0.385626s
Count          1
GamesPlayed    1
Nodes          1
Knowledge      0 (0.0%)
Expansions     0.0
Time           0.00
GameLen        94.0 dev=0.0 min=94.0 max=94.0
InTree         0.0 dev=0.0 min=0.0 max=0.0
KnowDepth      -
Aborted        0%
Games/s        3389.8
Score          0.00
Sequence      
f0117 info: 
f0117 warning: **** MoHexSearch returned empty sequence!
f0117 warning: **** Returning random move!
<= 
<
>genmove w
<= h4
<
>play b g3
f0117 info: Best move cannot be determined, must search state.
f0117 info: --- MoHexPlayer::Search() ---
f0117 info: Color: white
f0117 info: MaxGames: 1
f0117 info: NumberThreads: 1
f0117 info: MaxNodes: 9090 (799920 bytes)
f0117 info: TimeForMove: 1
f0117 info: PreSearch: max time reached (44/63).
f0117 info: Time for PreSearch: 0.202888s
f0117 info: 
  6146219e8f02390e
  a  b  c  d  e  f  g  h  i  j  k  
 1\b  b  b  b  B  b  b  b  b  b  W\1
  2\b  B  W  .  b  b  b  b  B  .  w\2
   3\w  *  .  W  *  W  *  *  *  .  .\3
    4\w  .  .  *  *  *  *  *  *  *  .\4
     5\W  .  *  *  *  *  *  *  *  *  .\5
      6\b  B  *  *  *  *  *  *  *  *  .\6
       7\.  *  *  *  *  *  *  *  *  *  .\7
        8\.  *  *  B  .  B  *  *  W  B  .\8
         9\.  *  W  B  *  *  *  *  *  *  .\9
         10\.  .  *  *  *  *  W  *  *  *  .\10
          11\.  *  *  *  *  .  .  *  .  B  b\11
              a  b  c  d  e  f  g  h  i  j  k  
f0117 info: Old: [black, j8] [white, swap-pieces] [white, f3] [black, d8] [white, a5] [black, b6] [white, i8] [black, b2] [white, c2] [black, j11] [white, g10] [black, d9] [white, d3] [black, i2] [white, k1] [black, f8] 
f0117 info: New: [black, j8] [white, swap-pieces] [white, f3] [black, d8] [white, a5] [black, b6] [white, i8] [black, b2] [white, c2] [black, j11] [white, g10] [black, d9] [white, d3] [black, i2] [white, k1] [black, f8] [white, c9] [black, e1] 
f0117 info: MovesPlayed: [white, c9] [black, e1] 
f0117 info: No subtree to reuse.
f0117 info: StartSearch()[0]
SgUctSearch: max games reached
f0117 info: 
Elapsed Time   0.377405s
Count          1
GamesPlayed    1
Nodes          1
Knowledge      0 (0.0%)
Expansions     0.0
Time           0.00
GameLen        85.0 dev=0.0 min=85.0 max=85.0
InTree         0.0 dev=0.0 min=0.0 max=0.0
KnowDepth      -
Aborted        0%
Games/s        2832.9
Score          0.00
Sequence      
f0117 info: 
f0117 warning: **** MoHexSearch returned empty sequence!
f0117 warning: **** Returning random move!
<= 
<
>genmove w
<= k10
<
>play b f5
f0117 info: Best move cannot be determined, must search state.
f0117 info: --- MoHexPlayer::Search() ---
f0117 info: Color: white
f0117 info: MaxGames: 1
f0117 info: NumberThreads: 1
f0117 info: MaxNodes: 9090 (799920 bytes)
f0117 info: TimeForMove: 1
f0117 info: Time for PreSearch: 0.083085s
f0117 info: 
  5cae10065c22bd60
  a  b  c  d  e  f  g  h  i  j  k  
 1\b  b  b  b  B  b  b  b  b  b  W\1
  2\b  B  W  .  b  b  b  b  B  .  w\2
   3\w  .  .  W  .  W  B  b  .  .  .\3
    4\w  .  .  .  .  *  *  W  .  .  .\4
     5\W  .  .  .  .  *  *  .  .  .  .\5
      6\b  B  .  .  *  *  *  .  .  .  .\6
       7\.  .  .  *  *  *  *  .  .  .  .\7
        8\.  .  .  B  .  B  .  .  W  B  .\8
         9\.  .  W  B  *  *  .  .  .  .  .\9
         10\.  .  *  *  .  *  W  .  .  .  .\10
          11\.  *  *  *  *  .  .  .  .  B  b\11
              a  b  c  d  e  f  g  h  i  j  k  
f0117 info: Old: [black, j8] [white, swap-pieces] [white, f3] [black, d8] [white, a5] [black, b6] [white, i8] [black, b2] [white, c2] [black, j11] [white, g10] [black, d9] [white, d3] [black, i2] [white, k1] [black, f8] [white, c9] [black, e1] 
f0117 info: New: [black, j8] [white, swap-pieces] [white, f3] [black, d8] [white, a5] [black, b6] [white, i8] [black, b2] [white, c2] [black, j11] [white, g10] [black, d9] [white, d3] [black, i2] [white, k1] [black, f8] [white, c9] [black, e1] [white, h4] [black, g3] 
f0117 info: MovesPlayed: [white, h4] [black, g3] 
f0117 info: No subtree to reuse.
f0117 info: StartSearch()[0]
SgUctSearch: max games reached
f0117 info: 
Elapsed Time   0.256809s
Count          1
GamesPlayed    1
Nodes          1
Knowledge      0 (0.0%)
Expansions     0.0
Time           0.00
GameLen        82.0 dev=0.0 min=82.0 max=82.0
InTree         0.0 dev=0.0 min=0.0 max=0.0
KnowDepth      -
Aborted        0%
Games/s        2881.8
Score          1.00
Sequence      
f0117 info: 
f0117 warning: **** MoHexSearch returned empty sequence!
f0117 warning: **** Returning random move!
<= 
<
>genmove w
<= f4
<
>play b g4
f0117 info: Opponent has won; playing most blocking move.
<= 
<
>genmove w
<= c11
<
>play b e10
f0117 info: Opponent has won; playing most blocking move.
<= 
<
>genmove w
<= e9
<
>play b e7
f0117 info: Opponent has won; playing most blocking move.
<= 
<
>genmove w
<= e6
<
>play b f6
f0117 info: Opponent has won; playing most blocking move.
<= 
<
>genmove w
<= d10
<
>play b f9
f0117 info: Opponent has won; playing most blocking move.
<= 
<
>genmove w
<= f7
<
>play b e8
f0117 info: Captured cells caused win! Removing...
f0117 info: Opponent has won; playing most blocking move.
<= 
<
>genmove w
<= h2
<
>play b g2
f0117 info: Captured cells caused win! Removing...
f0117 info: Opponent has won; playing most blocking move.
<= 
<
>genmove w
<= e11
<
>play b d11
f0117 info: Captured cells caused win! Removing...
f0117 info: Opponent has won; playing most blocking move.
<= 
<
>genmove w
<= h1
<
>play b g1
f0117 info: Captured cells caused win! Removing...
f0117 info: Opponent has won; playing most blocking move.
<= 
<
>genmove w
<= resign
<
>final_score
<= B+
<
>quit
<= 
<
