# nice ../build/src/mohex/mohex --config mohex-cg2010.htp --seed 576662 --logfile-name jobs/11x11-mohex-mohex-cg2010-vs-mohex-mohex-weak-1/mohex-mohex-cg2010-406.log
>boardsize 11 11
<= 
<
>name
MoHex 2.0.CMake Mar 21 2025
Copyright (C) 2007-2012 by the authors of the Benzene project.
This program comes with ABSOLUTELY NO WARRANTY. This is
free software and you are welcome to redistribute it under
certain conditions. Type `benzene-license' for details.

SgRandom::SetSeed: 576662
SgUctSearch: system memory 33632358400, using 1000000000 (5681818 nodes)
SgRandom::SetSeed: 1
SgRandom::SetSeed: 576662
d8257 info: Prior Patterns:
d8257 info: Global:
d8257 info: Size            = 565 32648 
d8257 info: TableEntries    = 65932 65910
d8257 info: MirrorsAdded    = 0 0
d8257 info: PrunableCount   = 30593 30629
d8257 info: LargestGamma    = 5820.77
d8257 info: SmallestGamma   = 6.6e-05
d8257 info: Local:
d8257 info: Size            = 550 5318 
d8257 info: TableEntries    = 11602 11588
d8257 info: MirrorsAdded    = 0 0
d8257 info: PrunableCount   = 3659 3667
d8257 info: LargestGamma    = 11281.8
d8257 info: SmallestGamma   = 0.026235
d8257 info: Playout Patterns:
d8257 info: Global:
d8257 info: Size            = 565 32648 
d8257 info: TableEntries    = 70329 70329
d8257 info: MirrorsAdded    = 4397 4419
d8257 info: PrunableCount   = 30593 30629
d8257 info: LargestGamma    = 5820.77
d8257 info: SmallestGamma   = 6.6e-05
d8257 info: Local:
d8257 info: Size            = 550 5318 
d8257 info: TableEntries    = 11602 11588
d8257 info: MirrorsAdded    = 0 0
d8257 info: PrunableCount   = 3659 3667
d8257 info: LargestGamma    = 11281.8
d8257 info: SmallestGamma   = 0.026235
param_game allow_swap 1
= 

param_mohex max_memory 32000000000
= 

param_mohex num_threads 1
= 

param_mohex max_time 1
= 

param_mohex max_games 1
= 

param_mohex knowledge_threshold 400
= 

param_mohex reuse_subtree 1
= 

param_mohex use_parallel_solver 0
= 

<= MoHex
<
>version
<= 2.0.CMake
<
>play b h6
<= 
<
>showboard
<= 
< 
<  8c33a7bca15e193f
<  a  b  c  d  e  f  g  h  i  j  k  
< 1\.  .  .  .  .  .  .  .  .  .  .\1
<  2\.  .  .  .  .  .  .  .  .  .  .\2
<   3\.  .  .  .  .  .  .  .  .  .  .\3
<    4\.  .  .  .  .  .  .  .  .  .  .\4
<     5\.  .  .  .  .  .  .  .  .  .  .\5
<      6\.  .  .  .  .  .  .  B  .  .  .\6
<       7\.  .  .  .  .  .  .  .  .  .  .\7
<        8\.  .  .  .  .  .  .  .  .  .  .\8
<         9\.  .  .  .  .  .  .  .  .  .  .\9
<         10\.  .  .  .  .  .  .  .  .  .  .\10
<          11\.  .  .  .  .  .  .  .  .  .  .\11
<              a  b  c  d  e  f  g  h  i  j  k  
<
>play w swap-pieces
<= 
<
>genmove w
<= i8
<
>play b i4
d8257 info: Best move cannot be determined, must search state.
d8257 info: --- MoHexPlayer::Search() ---
d8257 info: Color: white
d8257 info: MaxGames: 1
d8257 info: NumberThreads: 1
d8257 info: MaxNodes: 181818181 (15999999928 bytes)
d8257 info: TimeForMove: 1
d8257 info: PreSearch: max time reached (34/90).
d8257 info: Time for PreSearch: 0.201969s
d8257 info: 
  8c33a7bca15e193f
  a  b  c  d  e  f  g  h  i  j  k  
 1\.  .  .  *  *  *  *  *  *  *  .\1
  2\.  .  *  *  *  *  *  *  *  *  .\2
   3\.  *  *  *  *  *  *  *  *  *  .\3
    4\.  *  *  *  *  .  *  *  *  *  .\4
     5\.  *  *  *  *  *  *  *  *  *  .\5
      6\.  *  *  *  *  *  *  B  *  *  .\6
       7\.  *  *  *  *  *  *  *  *  *  .\7
        8\.  *  *  *  *  .  *  *  *  *  .\8
         9\.  *  *  *  *  *  *  *  *  *  .\9
         10\.  *  *  *  *  *  *  *  *  .  .\10
          11\.  *  *  *  *  *  *  *  .  .  .\11
              a  b  c  d  e  f  g  h  i  j  k  
d8257 info: No subtree to reuse.
d8257 info: Creating thread 0
d8257 info: StartSearch()[0]
SgUctSearch: max games reached
d8257 info: 
Elapsed Time   0.420966s
Count          1
GamesPlayed    1
Nodes          1
Knowledge      0 (0.0%)
Expansions     0.0
Time           0.00
GameLen        120.0 dev=0.0 min=120.0 max=120.0
InTree         0.0 dev=0.0 min=0.0 max=0.0
KnowDepth      -
Aborted        0%
Games/s        276.5
Score          0.00
Sequence      
d8257 info: 
d8257 warning: **** MoHexSearch returned empty sequence!
d8257 warning: **** Returning random move!
<= 
<
>genmove w
<= i10
<
>play b k6
d8257 info: Best move cannot be determined, must search state.
d8257 info: --- MoHexPlayer::Search() ---
d8257 info: Color: white
d8257 info: MaxGames: 1
d8257 info: NumberThreads: 1
d8257 info: MaxNodes: 181818181 (15999999928 bytes)
d8257 info: TimeForMove: 1
d8257 info: PreSearch: max time reached (31/87).
d8257 info: Time for PreSearch: 0.200762s
d8257 info: 
  0d4af7bd48cb0e98
  a  b  c  d  e  f  g  h  i  j  k  
 1\.  .  .  *  *  *  *  *  *  *  .\1
  2\.  .  *  *  *  *  *  *  *  *  .\2
   3\.  *  *  *  *  *  *  *  *  .  .\3
    4\.  *  *  *  *  *  *  *  B  .  .\4
     5\.  *  *  *  *  *  *  *  *  *  .\5
      6\.  *  *  *  *  *  *  B  *  *  .\6
       7\.  *  *  *  *  *  *  *  *  *  .\7
        8\.  *  *  *  *  *  *  *  W  .  .\8
         9\.  *  *  *  *  *  *  *  *  *  .\9
         10\.  *  *  *  *  *  *  *  *  .  .\10
          11\.  *  *  *  *  *  *  *  .  .  .\11
              a  b  c  d  e  f  g  h  i  j  k  
d8257 info: Old: [black, h6] [white, swap-pieces] 
d8257 info: New: [black, h6] [white, swap-pieces] [white, i8] [black, i4] 
d8257 info: ReuseSubtree: Colors do not alternate.
d8257 info: No subtree to reuse.
d8257 info: StartSearch()[0]
SgUctSearch: max games reached
d8257 info: 
Elapsed Time   0.38365s
Count          1
GamesPlayed    1
Nodes          1
Knowledge      0 (0.0%)
Expansions     0.0
Time           0.00
GameLen        118.0 dev=0.0 min=118.0 max=118.0
InTree         0.0 dev=0.0 min=0.0 max=0.0
KnowDepth      -
Aborted        0%
Games/s        2840.9
Score          0.00
Sequence      
d8257 info: 
d8257 warning: **** MoHexSearch returned empty sequence!
d8257 warning: **** Returning random move!
<= 
<
>genmove w
<= e2
<
>play b c10
d8257 info: Best move cannot be determined, must search state.
d8257 info: --- MoHexPlayer::Search() ---
d8257 info: Color: white
d8257 info: MaxGames: 1
d8257 info: NumberThreads: 1
d8257 info: MaxNodes: 181818181 (15999999928 bytes)
d8257 info: TimeForMove: 1
d8257 info: PreSearch: max time reached (35/86).
d8257 info: Time for PreSearch: 0.206221s
d8257 info: 
  a8a67ffb8ea2840b
  a  b  c  d  e  f  g  h  i  j  k  
 1\.  .  .  *  *  *  *  *  *  *  .\1
  2\.  .  *  *  *  *  *  *  *  *  .\2
   3\.  *  *  *  *  *  *  *  *  .  .\3
    4\.  *  *  *  *  *  *  *  B  .  .\4
     5\.  *  *  *  *  *  *  *  *  *  .\5
      6\.  *  *  *  *  *  *  B  *  *  B\6
       7\.  *  *  *  *  *  *  *  *  *  .\7
        8\.  *  *  *  *  *  *  *  W  *  .\8
         9\.  *  *  *  *  *  *  *  *  *  .\9
         10\.  *  *  *  *  *  *  *  W  .  .\10
          11\.  *  *  *  *  *  *  .  .  .  .\11
              a  b  c  d  e  f  g  h  i  j  k  
d8257 info: Old: [black, h6] [white, swap-pieces] [white, i8] [black, i4] 
d8257 info: New: [black, h6] [white, swap-pieces] [white, i8] [black, i4] [white, i10] [black, k6] 
d8257 info: MovesPlayed: [white, i10] [black, k6] 
d8257 info: No subtree to reuse.
d8257 info: StartSearch()[0]
SgUctSearch: max games reached
d8257 info: 
Elapsed Time   0.408023s
Count          1
GamesPlayed    1
Nodes          1
Knowledge      0 (0.0%)
Expansions     0.0
Time           0.00
GameLen        116.0 dev=0.0 min=116.0 max=116.0
InTree         0.0 dev=0.0 min=0.0 max=0.0
KnowDepth      -
Aborted        0%
Games/s        2801.1
Score          1.00
Sequence      
d8257 info: 
d8257 warning: **** MoHexSearch returned empty sequence!
d8257 warning: **** Returning random move!
<= 
<
>genmove w
<= i7
<
>play b j2
d8257 info: Best move cannot be determined, must search state.
d8257 info: --- MoHexPlayer::Search() ---
d8257 info: Color: white
d8257 info: MaxGames: 1
d8257 info: NumberThreads: 1
d8257 info: MaxNodes: 181818181 (15999999928 bytes)
d8257 info: TimeForMove: 1
d8257 info: PreSearch: max time reached (38/75).
d8257 info: Time for PreSearch: 0.204701s
d8257 info: 
  fec7f3bde0534219
  a  b  c  d  e  f  g  h  i  j  k  
 1\.  .  .  *  .  .  *  *  *  *  .\1
  2\.  .  *  *  W  *  *  *  *  *  .\2
   3\.  *  *  *  *  *  *  *  *  .  .\3
    4\.  *  *  *  *  *  *  *  B  .  .\4
     5\.  *  *  *  *  *  *  *  *  *  .\5
      6\.  *  *  *  *  *  *  B  *  *  B\6
       7\.  *  *  *  *  *  *  *  *  *  .\7
        8\.  *  *  *  *  *  *  *  W  *  .\8
         9\.  .  *  *  *  *  *  *  *  *  .\9
         10\.  .  B  .  *  *  *  *  W  .  .\10
          11\.  b  b  b  .  *  *  .  .  .  .\11
              a  b  c  d  e  f  g  h  i  j  k  
d8257 info: Old: [black, h6] [white, swap-pieces] [white, i8] [black, i4] [white, i10] [black, k6] 
d8257 info: New: [black, h6] [white, swap-pieces] [white, i8] [black, i4] [white, i10] [black, k6] [white, e2] [black, c10] 
d8257 info: MovesPlayed: [white, e2] [black, c10] 
d8257 info: No subtree to reuse.
d8257 info: StartSearch()[0]
SgUctSearch: max games reached
d8257 info: 
Elapsed Time   0.576336s
Count          1
GamesPlayed    1
Nodes          1
Knowledge      0 (0.0%)
Expansions     0.0
Time           0.00
GameLen        111.0 dev=0.0 min=111.0 max=111.0
InTree         0.0 dev=0.0 min=0.0 max=0.0
KnowDepth      -
Aborted        0%
Games/s        2155.2
Score          0.00
Sequence      
d8257 info: 
d8257 warning: **** MoHexSearch returned empty sequence!
d8257 warning: **** Returning random move!
<= 
<
>genmove w
<= g6
<
>play b g8
d8257 info: Best move cannot be determined, must search state.
d8257 info: --- MoHexPlayer::Search() ---
d8257 info: Color: white
d8257 info: MaxGames: 1
d8257 info: NumberThreads: 1
d8257 info: MaxNodes: 181818181 (15999999928 bytes)
d8257 info: TimeForMove: 1
d8257 info: Time for PreSearch: 0.050399s
d8257 info: 
  969611af95b1ce0f
  a  b  c  d  e  f  g  h  i  j  k  
 1\.  .  .  .  .  .  .  .  b  b  b\1
  2\.  .  .  .  W  .  .  .  .  B  .\2
   3\.  .  .  .  .  .  .  .  *  *  .\3
    4\.  .  .  .  .  .  .  .  B  .  .\4
     5\.  .  .  .  .  .  .  *  *  .  .\5
      6\.  .  .  .  .  .  .  B  .  .  B\6
       7\.  .  .  .  .  .  *  .  W  .  .\7
        8\.  .  .  .  .  .  .  .  W  .  .\8
         9\.  .  .  .  *  *  .  .  .  .  .\9
         10\.  .  B  .  .  *  .  .  W  .  .\10
          11\.  b  b  b  .  *  .  .  .  .  .\11
              a  b  c  d  e  f  g  h  i  j  k  
d8257 info: Old: [black, h6] [white, swap-pieces] [white, i8] [black, i4] [white, i10] [black, k6] [white, e2] [black, c10] 
d8257 info: New: [black, h6] [white, swap-pieces] [white, i8] [black, i4] [white, i10] [black, k6] [white, e2] [black, c10] [white, i7] [black, j2] 
d8257 info: MovesPlayed: [white, i7] [black, j2] 
d8257 info: No subtree to reuse.
d8257 info: StartSearch()[0]
SgUctSearch: max games reached
d8257 info: 
Elapsed Time   0.242657s
Count          1
GamesPlayed    1
Nodes          1
Knowledge      0 (0.0%)
Expansions     0.0
Time           0.00
GameLen        106.0 dev=0.0 min=106.0 max=106.0
InTree         0.0 dev=0.0 min=0.0 max=0.0
KnowDepth      -
Aborted        0%
Games/s        2123.1
Score          1.00
Sequence      
d8257 info: 
d8257 warning: **** MoHexSearch returned empty sequence!
d8257 warning: **** Returning random move!
<= 
<
>genmove w
<= h5
<
>play b i5
d8257 info: Opponent has won; playing most blocking move.
<= 
<
>genmove w
<= g7
<
>play b h7
d8257 info: Opponent has won; playing most blocking move.
<= 
<
>genmove w
<= j3
<
>play b i3
d8257 info: Opponent has won; playing most blocking move.
<= 
<
>genmove w
<= e10
<
>play b e9
d8257 info: Opponent has won; playing most blocking move.
<= 
<
>genmove w
<= d9
<
>play b d10
d8257 info: Opponent has won; playing most blocking move.
<= 
<
>genmove w
<= f9
<
>play b f8
d8257 info: Opponent has won; playing most blocking move.
<= 
<
>genmove w
<= j1
<
>play b k1
d8257 info: Captured cells caused win! Removing...
d8257 info: Opponent has won; playing most blocking move.
<= 
<
>genmove w
<= d11
<
>play b b11
d8257 info: Captured cells caused win! Removing...
d8257 info: Opponent has won; playing most blocking move.
<= 
<
>genmove w
<= resign
<
>final_score
<= B+
<
>quit
<= 
<
