# nice ../build/src/mohex/mohex --config mohex-weak.htp --seed 458271 --logfile-name jobs/11x11-mohex-mohex-cg2010-vs-mohex-mohex-weak-1/mohex-mohex-weak-319.log
>boardsize 11 11
<= 
<
>name
MoHex 2.0.CMake Mar 21 2025
Copyright (C) 2007-2012 by the authors of the Benzene project.
This program comes with ABSOLUTELY NO WARRANTY. This is
free software and you are welcome to redistribute it under
certain conditions. Type `benzene-license' for details.

SgRandom::SetSeed: 458271
SgUctSearch: system memory 33632358400, using 1000000000 (5681818 nodes)
SgRandom::SetSeed: 1
SgRandom::SetSeed: 458271
89987 info: Prior Patterns:
89987 info: Global:
89987 info: Size            = 565 32648 
89987 info: TableEntries    = 65932 65910
89987 info: MirrorsAdded    = 0 0
89987 info: PrunableCount   = 30593 30629
89987 info: LargestGamma    = 5820.77
89987 info: SmallestGamma   = 6.6e-05
89987 info: Local:
89987 info: Size            = 550 5318 
89987 info: TableEntries    = 11602 11588
89987 info: MirrorsAdded    = 0 0
89987 info: PrunableCount   = 3659 3667
89987 info: LargestGamma    = 11281.8
89987 info: SmallestGamma   = 0.026235
89987 info: Playout Patterns:
89987 info: Global:
89987 info: Size            = 565 32648 
89987 info: TableEntries    = 70329 70329
89987 info: MirrorsAdded    = 4397 4419
89987 info: PrunableCount   = 30593 30629
89987 info: LargestGamma    = 5820.77
89987 info: SmallestGamma   = 6.6e-05
89987 info: Local:
89987 info: Size            = 550 5318 
89987 info: TableEntries    = 11602 11588
89987 info: MirrorsAdded    = 0 0
89987 info: PrunableCount   = 3659 3667
89987 info: LargestGamma    = 11281.8
89987 info: SmallestGamma   = 0.026235
param_game allow_swap 1
= 

param_mohex max_memory 1600000
= 

param_mohex num_threads 1
= 

param_mohex max_time 1
= 

param_mohex max_games 1
= 

param_mohex knowledge_threshold 400
= 

param_mohex reuse_subtree 1
= 

param_mohex use_parallel_solver 0
= 

<= MoHex
<
>version
<= 2.0.CMake
<
>play b d6
<= 
<
>showboard
<= 
< 
<  eee18391d2a2386f
<  a  b  c  d  e  f  g  h  i  j  k  
< 1\.  .  .  .  .  .  .  .  .  .  .\1
<  2\.  .  .  .  .  .  .  .  .  .  .\2
<   3\.  .  .  .  .  .  .  .  .  .  .\3
<    4\.  .  .  .  .  .  .  .  .  .  .\4
<     5\.  .  .  .  .  .  .  .  .  .  .\5
<      6\.  .  .  B  .  .  .  .  .  .  .\6
<       7\.  .  .  .  .  .  .  .  .  .  .\7
<        8\.  .  .  .  .  .  .  .  .  .  .\8
<         9\.  .  .  .  .  .  .  .  .  .  .\9
<         10\.  .  .  .  .  .  .  .  .  .  .\10
<          11\.  .  .  .  .  .  .  .  .  .  .\11
<              a  b  c  d  e  f  g  h  i  j  k  
<
>play w swap-pieces
<= 
<
>genmove w
<= f9
<
>play b d4
89987 info: Best move cannot be determined, must search state.
89987 info: --- MoHexPlayer::Search() ---
89987 info: Color: white
89987 info: MaxGames: 1
89987 info: NumberThreads: 1
89987 info: MaxNodes: 9090 (799920 bytes)
89987 info: TimeForMove: 1
89987 info: PreSearch: max time reached (29/90).
89987 info: Time for PreSearch: 0.201094s
89987 info: 
  eee18391d2a2386f
  a  b  c  d  e  f  g  h  i  j  k  
 1\.  .  .  *  *  *  *  *  *  *  .\1
  2\.  .  *  *  *  *  *  *  *  *  .\2
   3\.  *  *  *  *  *  *  *  *  *  .\3
    4\.  *  *  *  *  .  *  *  *  *  .\4
     5\.  *  *  *  *  *  *  *  *  *  .\5
      6\.  *  *  B  *  *  *  *  *  *  .\6
       7\.  *  *  *  *  *  *  *  *  *  .\7
        8\.  *  *  *  *  .  *  *  *  *  .\8
         9\.  *  *  *  *  *  *  *  *  *  .\9
         10\.  *  *  *  *  *  *  *  *  .  .\10
          11\.  *  *  *  *  *  *  *  .  .  .\11
              a  b  c  d  e  f  g  h  i  j  k  
89987 info: No subtree to reuse.
89987 info: Creating thread 0
89987 info: StartSearch()[0]
SgUctSearch: max games reached
89987 info: 
Elapsed Time   0.395489s
Count          1
GamesPlayed    1
Nodes          1
Knowledge      0 (0.0%)
Expansions     0.0
Time           0.00
GameLen        120.0 dev=0.0 min=120.0 max=120.0
InTree         0.0 dev=0.0 min=0.0 max=0.0
KnowDepth      -
Aborted        0%
Games/s        386.0
Score          1.00
Sequence      
89987 info: 
89987 warning: **** MoHexSearch returned empty sequence!
89987 warning: **** Returning random move!
<= 
<
>genmove w
<= f5
<
>play b h9
89987 info: Best move cannot be determined, must search state.
89987 info: --- MoHexPlayer::Search() ---
89987 info: Color: white
89987 info: MaxGames: 1
89987 info: NumberThreads: 1
89987 info: MaxNodes: 9090 (799920 bytes)
89987 info: TimeForMove: 1
89987 info: PreSearch: max time reached (40/90).
89987 info: Time for PreSearch: 0.206303s
89987 info: 
  d329727596db97b9
  a  b  c  d  e  f  g  h  i  j  k  
 1\.  .  .  *  *  *  *  *  *  *  .\1
  2\.  .  *  *  *  *  *  *  *  *  .\2
   3\.  *  *  *  *  *  *  *  *  *  .\3
    4\.  *  *  B  *  *  *  *  *  *  .\4
     5\.  *  *  *  *  *  *  *  *  *  .\5
      6\.  *  *  B  *  *  *  *  *  *  .\6
       7\.  *  *  *  *  *  *  *  *  *  .\7
        8\.  *  *  *  *  *  *  *  *  *  .\8
         9\.  *  *  *  *  W  *  *  *  *  .\9
         10\.  *  *  *  *  *  *  *  *  .  .\10
          11\.  *  *  *  *  *  *  *  .  .  .\11
              a  b  c  d  e  f  g  h  i  j  k  
89987 info: Old: [black, d6] [white, swap-pieces] 
89987 info: New: [black, d6] [white, swap-pieces] [white, f9] [black, d4] 
89987 info: ReuseSubtree: Colors do not alternate.
89987 info: No subtree to reuse.
89987 info: StartSearch()[0]
SgUctSearch: max games reached
89987 info: 
Elapsed Time   0.366695s
Count          1
GamesPlayed    1
Nodes          1
Knowledge      0 (0.0%)
Expansions     0.0
Time           0.00
GameLen        118.0 dev=0.0 min=118.0 max=118.0
InTree         0.0 dev=0.0 min=0.0 max=0.0
KnowDepth      -
Aborted        0%
Games/s        1996.0
Score          0.00
Sequence      
89987 info: 
89987 warning: **** MoHexSearch returned empty sequence!
89987 warning: **** Returning random move!
<= 
<
>genmove w
<= k1
<
>play b g8
89987 info: Best move cannot be determined, must search state.
89987 info: --- MoHexPlayer::Search() ---
89987 info: Color: white
89987 info: MaxGames: 1
89987 info: NumberThreads: 1
89987 info: MaxNodes: 9090 (799920 bytes)
89987 info: TimeForMove: 1
89987 info: PreSearch: max time reached (37/88).
89987 info: Time for PreSearch: 0.204296s
89987 info: 
  125cd2f7d27c96d7
  a  b  c  d  e  f  g  h  i  j  k  
 1\.  .  .  *  *  *  *  *  *  *  .\1
  2\.  .  *  *  *  *  *  *  *  *  .\2
   3\.  *  *  *  *  *  *  *  *  *  .\3
    4\.  *  *  B  *  *  *  *  *  *  .\4
     5\.  *  *  *  *  W  *  *  *  *  .\5
      6\.  *  *  B  *  *  *  *  *  *  .\6
       7\.  *  *  *  *  *  *  *  *  *  .\7
        8\.  *  *  *  *  *  *  *  *  *  .\8
         9\.  *  *  *  *  W  *  B  *  *  .\9
         10\.  *  *  *  *  *  *  *  *  .  .\10
          11\.  *  *  *  *  *  *  *  .  .  .\11
              a  b  c  d  e  f  g  h  i  j  k  
89987 info: Old: [black, d6] [white, swap-pieces] [white, f9] [black, d4] 
89987 info: New: [black, d6] [white, swap-pieces] [white, f9] [black, d4] [white, f5] [black, h9] 
89987 info: MovesPlayed: [white, f5] [black, h9] 
89987 info: No subtree to reuse.
89987 info: StartSearch()[0]
SgUctSearch: max games reached
89987 info: 
Elapsed Time   0.379829s
Count          1
GamesPlayed    1
Nodes          1
Knowledge      0 (0.0%)
Expansions     0.0
Time           0.00
GameLen        116.0 dev=0.0 min=116.0 max=116.0
InTree         0.0 dev=0.0 min=0.0 max=0.0
KnowDepth      -
Aborted        0%
Games/s        3533.6
Score          0.00
Sequence      
89987 info: 
89987 warning: **** MoHexSearch returned empty sequence!
89987 warning: **** Returning random move!
<= 
<
>genmove w
<= b4
<
>play b j2
89987 info: Best move cannot be determined, must search state.
89987 info: --- MoHexPlayer::Search() ---
89987 info: Color: white
89987 info: MaxGames: 1
89987 info: NumberThreads: 1
89987 info: MaxNodes: 9090 (799920 bytes)
89987 info: TimeForMove: 1
89987 info: PreSearch: max time reached (41/87).
89987 info: Time for PreSearch: 0.201221s
89987 info: 
  aa52ae8efe753f7c
  a  b  c  d  e  f  g  h  i  j  k  
 1\.  .  .  *  *  *  *  *  *  *  W\1
  2\.  .  *  *  *  *  *  *  *  *  .\2
   3\.  *  *  *  *  *  *  *  *  *  .\3
    4\.  *  *  B  *  *  *  *  *  *  .\4
     5\.  *  *  *  *  W  *  *  *  *  .\5
      6\.  *  *  B  *  *  *  *  *  *  .\6
       7\.  *  *  *  *  *  *  *  *  *  .\7
        8\.  *  *  *  *  *  B  *  *  *  .\8
         9\.  *  *  *  *  W  *  B  *  *  .\9
         10\.  *  *  *  *  *  *  *  *  .  .\10
          11\.  *  *  *  *  *  *  *  .  .  .\11
              a  b  c  d  e  f  g  h  i  j  k  
89987 info: Old: [black, d6] [white, swap-pieces] [white, f9] [black, d4] [white, f5] [black, h9] 
89987 info: New: [black, d6] [white, swap-pieces] [white, f9] [black, d4] [white, f5] [black, h9] [white, k1] [black, g8] 
89987 info: MovesPlayed: [white, k1] [black, g8] 
89987 info: No subtree to reuse.
89987 info: StartSearch()[0]
SgUctSearch: max games reached
89987 info: 
Elapsed Time   0.526877s
Count          1
GamesPlayed    1
Nodes          1
Knowledge      0 (0.0%)
Expansions     0.0
Time           0.00
GameLen        114.0 dev=0.0 min=114.0 max=114.0
InTree         0.0 dev=0.0 min=0.0 max=0.0
KnowDepth      -
Aborted        0%
Games/s        3322.3
Score          0.00
Sequence      
89987 info: 
89987 warning: **** MoHexSearch returned empty sequence!
89987 warning: **** Returning random move!
<= 
<
>genmove w
<= g4
<
>play b e1
89987 info: Best move cannot be determined, must search state.
89987 info: --- MoHexPlayer::Search() ---
89987 info: Color: white
89987 info: MaxGames: 1
89987 info: NumberThreads: 1
89987 info: MaxNodes: 9090 (799920 bytes)
89987 info: TimeForMove: 1
89987 info: PreSearch: max time reached (42/82).
89987 info: Time for PreSearch: 0.203457s
89987 info: 
  8abf8152398aa57f
  a  b  c  d  e  f  g  h  i  j  k  
 1\w  .  .  *  *  *  *  *  *  *  W\1
  2\w  .  *  *  *  *  *  *  *  B  .\2
   3\w  .  *  *  *  *  *  *  *  *  .\3
    4\w  W  .  B  *  *  *  *  *  *  .\4
     5\w  .  *  *  *  W  *  *  *  *  .\5
      6\w  *  *  B  *  *  *  *  *  *  .\6
       7\.  *  *  *  *  *  *  *  *  *  .\7
        8\.  *  *  *  *  *  B  *  *  *  .\8
         9\.  *  *  *  *  W  *  B  *  *  .\9
         10\.  *  *  *  *  *  *  *  *  .  .\10
          11\.  *  *  *  *  *  *  *  .  .  .\11
              a  b  c  d  e  f  g  h  i  j  k  
89987 info: Old: [black, d6] [white, swap-pieces] [white, f9] [black, d4] [white, f5] [black, h9] [white, k1] [black, g8] 
89987 info: New: [black, d6] [white, swap-pieces] [white, f9] [black, d4] [white, f5] [black, h9] [white, k1] [black, g8] [white, b4] [black, j2] 
89987 info: MovesPlayed: [white, b4] [black, j2] 
89987 info: No subtree to reuse.
89987 info: StartSearch()[0]
SgUctSearch: max games reached
89987 info: 
Elapsed Time   0.389808s
Count          1
GamesPlayed    1
Nodes          1
Knowledge      0 (0.0%)
Expansions     0.0
Time           0.00
GameLen        106.0 dev=0.0 min=106.0 max=106.0
InTree         0.0 dev=0.0 min=0.0 max=0.0
KnowDepth      -
Aborted        0%
Games/s        2531.6
Score          1.00
Sequence      
89987 info: 
89987 warning: **** MoHexSearch returned empty sequence!
89987 warning: **** Returning random move!
<= 
<
>genmove w
<= d7
<
>play b g6
89987 info: Best move cannot be determined, must search state.
89987 info: --- MoHexPlayer::Search() ---
89987 info: Color: white
89987 info: MaxGames: 1
89987 info: NumberThreads: 1
89987 info: MaxNodes: 9090 (799920 bytes)
89987 info: TimeForMove: 1
89987 info: PreSearch: max time reached (41/76).
89987 info: Time for PreSearch: 0.204517s
89987 info: 
  a0c6397e880abc35
  a  b  c  d  e  f  g  h  i  j  k  
 1\w  .  .  .  B  .  *  *  *  *  W\1
  2\w  .  *  *  *  *  *  *  *  B  .\2
   3\w  .  *  *  *  *  *  *  *  *  .\3
    4\w  W  .  B  *  .  W  *  *  *  .\4
     5\w  .  *  *  .  W  *  *  *  *  .\5
      6\w  *  *  B  *  *  *  *  *  *  .\6
       7\.  *  *  *  *  *  *  *  *  *  .\7
        8\.  *  *  *  *  *  B  *  *  *  .\8
         9\.  *  *  *  *  W  *  B  *  *  .\9
         10\.  *  *  *  *  *  *  *  *  .  .\10
          11\.  *  *  *  *  *  *  *  .  .  .\11
              a  b  c  d  e  f  g  h  i  j  k  
89987 info: Old: [black, d6] [white, swap-pieces] [white, f9] [black, d4] [white, f5] [black, h9] [white, k1] [black, g8] [white, b4] [black, j2] 
89987 info: New: [black, d6] [white, swap-pieces] [white, f9] [black, d4] [white, f5] [black, h9] [white, k1] [black, g8] [white, b4] [black, j2] [white, g4] [black, e1] 
89987 info: MovesPlayed: [white, g4] [black, e1] 
89987 info: No subtree to reuse.
89987 info: StartSearch()[0]
SgUctSearch: max games reached
89987 info: 
Elapsed Time   0.357923s
Count          1
GamesPlayed    1
Nodes          1
Knowledge      0 (0.0%)
Expansions     0.0
Time           0.00
GameLen        104.0 dev=0.0 min=104.0 max=104.0
InTree         0.0 dev=0.0 min=0.0 max=0.0
KnowDepth      -
Aborted        0%
Games/s        3246.8
Score          0.00
Sequence      
89987 info: 
89987 warning: **** MoHexSearch returned empty sequence!
89987 warning: **** Returning random move!
<= 
<
>genmove w
<= j7
<
>play b j5
89987 info: Best move cannot be determined, must search state.
89987 info: --- MoHexPlayer::Search() ---
89987 info: Color: white
89987 info: MaxGames: 1
89987 info: NumberThreads: 1
89987 info: MaxNodes: 9090 (799920 bytes)
89987 info: TimeForMove: 1
89987 info: PreSearch: max time reached (50/71).
89987 info: Time for PreSearch: 0.20325s
89987 info: 
  a493dee9957fb2e4
  a  b  c  d  e  f  g  h  i  j  k  
 1\w  .  .  .  B  .  *  *  *  *  W\1
  2\w  .  *  *  *  *  *  *  *  B  .\2
   3\w  .  *  *  *  *  *  *  *  *  .\3
    4\w  W  .  B  *  .  W  *  *  *  .\4
     5\w  .  .  *  .  W  .  *  *  *  .\5
      6\w  .  .  B  .  .  B  *  *  *  .\6
       7\.  *  *  W  *  *  *  *  *  *  .\7
        8\.  *  *  *  *  *  B  *  *  *  .\8
         9\.  *  *  *  *  W  *  B  *  *  .\9
         10\.  *  *  *  *  *  *  *  *  .  .\10
          11\.  *  *  *  *  *  *  *  .  .  .\11
              a  b  c  d  e  f  g  h  i  j  k  
89987 info: Old: [black, d6] [white, swap-pieces] [white, f9] [black, d4] [white, f5] [black, h9] [white, k1] [black, g8] [white, b4] [black, j2] [white, g4] [black, e1] 
89987 info: New: [black, d6] [white, swap-pieces] [white, f9] [black, d4] [white, f5] [black, h9] [white, k1] [black, g8] [white, b4] [black, j2] [white, g4] [black, e1] [white, d7] [black, g6] 
89987 info: MovesPlayed: [white, d7] [black, g6] 
89987 info: No subtree to reuse.
89987 info: StartSearch()[0]
SgUctSearch: max games reached
89987 info: 
Elapsed Time   0.356007s
Count          1
GamesPlayed    1
Nodes          1
Knowledge      0 (0.0%)
Expansions     0.0
Time           0.00
GameLen        102.0 dev=0.0 min=102.0 max=102.0
InTree         0.0 dev=0.0 min=0.0 max=0.0
KnowDepth      -
Aborted        0%
Games/s        3030.3
Score          0.00
Sequence      
89987 info: 
89987 warning: **** MoHexSearch returned empty sequence!
89987 warning: **** Returning random move!
<= 
<
>genmove w
<= h5
<
>play b i3
89987 info: Best move cannot be determined, must search state.
89987 info: --- MoHexPlayer::Search() ---
89987 info: Color: white
89987 info: MaxGames: 1
89987 info: NumberThreads: 1
89987 info: MaxNodes: 9090 (799920 bytes)
89987 info: TimeForMove: 1
89987 info: PreSearch: max time reached (23/38).
89987 info: Time for PreSearch: 0.204691s
89987 info: 
  62f9e429427d1185
  a  b  c  d  e  f  g  h  i  j  k  
 1\w  .  .  .  B  .  *  *  *  *  W\1
  2\w  .  *  *  *  *  *  *  *  B  .\2
   3\w  .  *  *  *  *  *  *  *  *  .\3
    4\w  W  .  B  *  .  W  *  .  *  .\4
     5\w  .  .  .  .  W  .  *  *  B  b\5
      6\w  .  .  B  .  .  B  *  *  .  w\6
       7\.  .  .  W  .  .  *  *  .  W  w\7
        8\.  .  .  .  .  .  B  *  .  .  w\8
         9\.  .  .  .  .  W  *  B  *  .  .\9
         10\.  .  .  .  .  .  *  *  *  .  .\10
          11\.  .  .  .  .  *  *  *  *  .  .\11
              a  b  c  d  e  f  g  h  i  j  k  
89987 info: Old: [black, d6] [white, swap-pieces] [white, f9] [black, d4] [white, f5] [black, h9] [white, k1] [black, g8] [white, b4] [black, j2] [white, g4] [black, e1] [white, d7] [black, g6] 
89987 info: New: [black, d6] [white, swap-pieces] [white, f9] [black, d4] [white, f5] [black, h9] [white, k1] [black, g8] [white, b4] [black, j2] [white, g4] [black, e1] [white, d7] [black, g6] [white, j7] [black, j5] 
89987 info: MovesPlayed: [white, j7] [black, j5] 
89987 info: No subtree to reuse.
89987 info: StartSearch()[0]
SgUctSearch: max games reached
89987 info: 
Elapsed Time   0.435108s
Count          1
GamesPlayed    1
Nodes          1
Knowledge      0 (0.0%)
Expansions     0.0
Time           0.00
GameLen        96.0 dev=0.0 min=96.0 max=96.0
InTree         0.0 dev=0.0 min=0.0 max=0.0
KnowDepth      -
Aborted        0%
Games/s        1949.3
Score          1.00
Sequence      
89987 info: 
89987 warning: **** MoHexSearch returned empty sequence!
89987 warning: **** Returning random move!
<= 
<
>genmove w
<= f10
<
>play b c8
89987 info: Best move cannot be determined, must search state.
89987 info: --- MoHexPlayer::Search() ---
89987 info: Color: white
89987 info: MaxGames: 1
89987 info: NumberThreads: 1
89987 info: MaxNodes: 9090 (799920 bytes)
89987 info: TimeForMove: 1
89987 info: PreSearch: max time reached (32/62).
89987 info: Time for PreSearch: 0.204048s
89987 info: 
  a325167b7b84e927
  a  b  c  d  e  f  g  h  i  j  k  
 1\w  .  .  .  B  .  *  *  .  *  W\1
  2\w  .  *  *  *  *  *  *  .  B  .\2
   3\w  .  *  *  *  *  *  *  B  .  .\3
    4\w  W  .  B  *  .  W  w  *  *  .\4
     5\w  .  .  *  .  W  w  W  *  B  b\5
      6\w  .  .  B  .  .  B  *  *  .  w\6
       7\.  *  *  W  *  *  *  *  *  W  w\7
        8\.  *  *  *  *  *  B  *  .  .  w\8
         9\.  *  *  *  *  W  *  B  *  *  .\9
         10\.  *  *  *  *  *  *  *  *  .  .\10
          11\.  *  *  *  *  *  *  *  *  .  .\11
              a  b  c  d  e  f  g  h  i  j  k  
89987 info: Old: [black, d6] [white, swap-pieces] [white, f9] [black, d4] [white, f5] [black, h9] [white, k1] [black, g8] [white, b4] [black, j2] [white, g4] [black, e1] [white, d7] [black, g6] [white, j7] [black, j5] 
89987 info: New: [black, d6] [white, swap-pieces] [white, f9] [black, d4] [white, f5] [black, h9] [white, k1] [black, g8] [white, b4] [black, j2] [white, g4] [black, e1] [white, d7] [black, g6] [white, j7] [black, j5] [white, h5] [black, i3] 
89987 info: MovesPlayed: [white, h5] [black, i3] 
89987 info: No subtree to reuse.
89987 info: StartSearch()[0]
SgUctSearch: max games reached
89987 info: 
Elapsed Time   0.776916s
Count          1
GamesPlayed    1
Nodes          1
Knowledge      0 (0.0%)
Expansions     0.0
Time           0.00
GameLen        92.0 dev=0.0 min=92.0 max=92.0
InTree         0.0 dev=0.0 min=0.0 max=0.0
KnowDepth      -
Aborted        0%
Games/s        3367.0
Score          1.00
Sequence      
89987 info: 
89987 warning: **** MoHexSearch returned empty sequence!
89987 warning: **** Returning random move!
<= 
<
>genmove w
<= i4
<
>play b h8
89987 info: Best move cannot be determined, must search state.
89987 info: --- MoHexPlayer::Search() ---
89987 info: Color: white
89987 info: MaxGames: 1
89987 info: NumberThreads: 1
89987 info: MaxNodes: 9090 (799920 bytes)
89987 info: TimeForMove: 1
89987 info: Time for PreSearch: 0.193842s
89987 info: 
  477545a52bc62fd6
  a  b  c  d  e  f  g  h  i  j  k  
 1\w  .  .  .  B  .  *  *  .  *  W\1
  2\w  .  .  *  *  *  *  *  .  B  .\2
   3\w  .  *  *  *  *  *  *  B  .  .\3
    4\w  W  .  B  *  .  W  w  *  *  .\4
     5\w  .  .  *  .  W  w  W  *  B  b\5
      6\w  .  .  B  .  .  B  *  *  .  w\6
       7\.  *  *  W  *  *  *  *  *  W  w\7
        8\.  .  B  *  *  *  B  *  .  .  w\8
         9\.  .  *  *  *  W  .  B  *  .  .\9
         10\.  *  *  *  .  W  .  .  *  .  .\10
          11\.  *  *  *  .  .  *  .  *  .  .\11
              a  b  c  d  e  f  g  h  i  j  k  
89987 info: Old: [black, d6] [white, swap-pieces] [white, f9] [black, d4] [white, f5] [black, h9] [white, k1] [black, g8] [white, b4] [black, j2] [white, g4] [black, e1] [white, d7] [black, g6] [white, j7] [black, j5] [white, h5] [black, i3] 
89987 info: New: [black, d6] [white, swap-pieces] [white, f9] [black, d4] [white, f5] [black, h9] [white, k1] [black, g8] [white, b4] [black, j2] [white, g4] [black, e1] [white, d7] [black, g6] [white, j7] [black, j5] [white, h5] [black, i3] [white, f10] [black, c8] 
89987 info: MovesPlayed: [white, f10] [black, c8] 
89987 info: No subtree to reuse.
89987 info: StartSearch()[0]
SgUctSearch: max games reached
89987 info: 
Elapsed Time   0.421435s
Count          1
GamesPlayed    1
Nodes          1
Knowledge      0 (0.0%)
Expansions     0.0
Time           0.00
GameLen        90.0 dev=0.0 min=90.0 max=90.0
InTree         0.0 dev=0.0 min=0.0 max=0.0
KnowDepth      -
Aborted        0%
Games/s        2832.9
Score          0.00
Sequence      
89987 info: 
89987 warning: **** MoHexSearch returned empty sequence!
89987 warning: **** Returning random move!
<= 
<
>genmove w
<= k2
<
>play b e5
89987 info: Best move cannot be determined, must search state.
89987 info: --- MoHexPlayer::Search() ---
89987 info: Color: white
89987 info: MaxGames: 1
89987 info: NumberThreads: 1
89987 info: MaxNodes: 9090 (799920 bytes)
89987 info: TimeForMove: 1
89987 info: Time for PreSearch: 0.126504s
89987 info: 
  a387e2407c7bf94e
  a  b  c  d  e  f  g  h  i  j  k  
 1\w  .  .  .  B  .  *  *  .  *  W\1
  2\w  .  .  *  *  *  *  *  .  B  .\2
   3\w  .  *  *  *  *  *  *  B  *  .\3
    4\w  W  .  B  *  .  W  w  W  .  .\4
     5\w  .  .  *  .  W  w  W  .  B  b\5
      6\w  .  .  B  .  .  B  .  .  .  w\6
       7\.  *  *  W  *  *  *  .  .  W  w\7
        8\.  .  B  *  *  *  B  B  w  w  w\8
         9\.  .  *  *  *  W  b  B  b  w  w\9
         10\.  *  *  *  .  W  b  b  b  w  w\10
          11\.  *  *  *  .  b  b  b  b  w  w\11
              a  b  c  d  e  f  g  h  i  j  k  
89987 info: Old: [black, d6] [white, swap-pieces] [white, f9] [black, d4] [white, f5] [black, h9] [white, k1] [black, g8] [white, b4] [black, j2] [white, g4] [black, e1] [white, d7] [black, g6] [white, j7] [black, j5] [white, h5] [black, i3] [white, f10] [black, c8] 
89987 info: New: [black, d6] [white, swap-pieces] [white, f9] [black, d4] [white, f5] [black, h9] [white, k1] [black, g8] [white, b4] [black, j2] [white, g4] [black, e1] [white, d7] [black, g6] [white, j7] [black, j5] [white, h5] [black, i3] [white, f10] [black, c8] [white, i4] [black, h8] 
89987 info: MovesPlayed: [white, i4] [black, h8] 
89987 info: No subtree to reuse.
89987 info: StartSearch()[0]
SgUctSearch: max games reached
89987 info: 
Elapsed Time   0.360013s
Count          1
GamesPlayed    1
Nodes          1
Knowledge      0 (0.0%)
Expansions     0.0
Time           0.00
GameLen        71.0 dev=0.0 min=71.0 max=71.0
InTree         0.0 dev=0.0 min=0.0 max=0.0
KnowDepth      -
Aborted        0%
Games/s        4464.3
Score          0.00
Sequence      
89987 info: 
89987 warning: **** MoHexSearch returned empty sequence!
89987 warning: **** Returning random move!
<= 
<
>genmove w
<= d8
<
>play b e6
89987 info: Best move cannot be determined, must search state.
89987 info: --- MoHexPlayer::Search() ---
89987 info: Color: white
89987 info: MaxGames: 1
89987 info: NumberThreads: 1
89987 info: MaxNodes: 9090 (799920 bytes)
89987 info: TimeForMove: 1
89987 info: Winning sequence found before UCT search!
89987 info: Sequence: d8
<= 
<
>genmove w
<= f7
<
>play b e7
89987 info: Winning SC.
<= 
<
>genmove w
<= e8
<
>play b a8
89987 info: Winning SC.
<= 
<
>genmove w
<= b10
<
>play b c9
89987 info: Winning SC.
<= 
<
>genmove w
<= c7
<
>play b b8
89987 info: Winning SC.
<= 
<
>genmove w
<= b7
<
>play b b6
89987 info: Winning SC.
<= 
<
>genmove w
<= a7
<
>play b f6
89987 info: Winning SC.
<= 
<
>genmove w
<= g7
<
>play b h6
89987 info: Winning SC.
<= 
<
>genmove w
<= h7
<
>play b i7
89987 info: Winning SC.
<= 
<
>genmove w
<= i6
<
>play b j6
89987 info: Winning SC.
<= 
<
>genmove w
<= i5
<
>play b j3
89987 info: Winning SC.
<= 
<
>genmove w
<= j4
<
>play b k3
89987 info: Winning SC.
<= 
<
>genmove w
<= k4
<
>play b resign
89987 info: Winning SC.
<= 
<
>final_score
<= W+
<
>quit
<= 
<
