# nice ../build/src/mohex/mohex --config mohex-cg2010.htp --seed 259837 --logfile-name jobs/11x11-mohex-mohex-cg2010-vs-mohex-mohex-weak-1/mohex-mohex-cg2010-264.log
>boardsize 11 11
<= 
<
>name
MoHex 2.0.CMake Mar 21 2025
Copyright (C) 2007-2012 by the authors of the Benzene project.
This program comes with ABSOLUTELY NO WARRANTY. This is
free software and you are welcome to redistribute it under
certain conditions. Type `benzene-license' for details.

SgRandom::SetSeed: 259837
SgUctSearch: system memory 33632358400, using 1000000000 (5681818 nodes)
SgRandom::SetSeed: 1
SgRandom::SetSeed: 259837
708c7 info: Prior Patterns:
708c7 info: Global:
708c7 info: Size            = 565 32648 
708c7 info: TableEntries    = 65932 65910
708c7 info: MirrorsAdded    = 0 0
708c7 info: PrunableCount   = 30593 30629
708c7 info: LargestGamma    = 5820.77
708c7 info: SmallestGamma   = 6.6e-05
708c7 info: Local:
708c7 info: Size            = 550 5318 
708c7 info: TableEntries    = 11602 11588
708c7 info: MirrorsAdded    = 0 0
708c7 info: PrunableCount   = 3659 3667
708c7 info: LargestGamma    = 11281.8
708c7 info: SmallestGamma   = 0.026235
708c7 info: Playout Patterns:
708c7 info: Global:
708c7 info: Size            = 565 32648 
708c7 info: TableEntries    = 70329 70329
708c7 info: MirrorsAdded    = 4397 4419
708c7 info: PrunableCount   = 30593 30629
708c7 info: LargestGamma    = 5820.77
708c7 info: SmallestGamma   = 6.6e-05
708c7 info: Local:
708c7 info: Size            = 550 5318 
708c7 info: TableEntries    = 11602 11588
708c7 info: MirrorsAdded    = 0 0
708c7 info: PrunableCount   = 3659 3667
708c7 info: LargestGamma    = 11281.8
708c7 info: SmallestGamma   = 0.026235
param_game allow_swap 1
= 

param_mohex max_memory 32000000000
= 

param_mohex num_threads 1
= 

param_mohex max_time 1
= 

param_mohex max_games 1
= 

param_mohex knowledge_threshold 400
= 

param_mohex reuse_subtree 1
= 

param_mohex use_parallel_solver 0
= 

<= MoHex
<
>version
<= 2.0.CMake
<
>play b b1
<= 
<
>showboard
<= 
< 
<  f259d8ebdc456140
<  a  b  c  d  e  f  g  h  i  j  k  
< 1\.  B  .  .  .  .  .  .  .  .  .\1
<  2\.  .  .  .  .  .  .  .  .  .  .\2
<   3\.  .  .  .  .  .  .  .  .  .  .\3
<    4\.  .  .  .  .  .  .  .  .  .  .\4
<     5\.  .  .  .  .  .  .  .  .  .  .\5
<      6\.  .  .  .  .  .  .  .  .  .  .\6
<       7\.  .  .  .  .  .  .  .  .  .  .\7
<        8\.  .  .  .  .  .  .  .  .  .  .\8
<         9\.  .  .  .  .  .  .  .  .  .  .\9
<         10\.  .  .  .  .  .  .  .  .  .  .\10
<          11\.  .  .  .  .  .  .  .  .  .  .\11
<              a  b  c  d  e  f  g  h  i  j  k  
<
>play w f6
<= 
<
>showboard
<= 
< 
<  6ec9ce71f3962e2f
<  a  b  c  d  e  f  g  h  i  j  k  
< 1\.  B  .  .  .  .  .  .  .  .  .\1
<  2\.  .  .  .  .  .  .  .  .  .  .\2
<   3\.  .  .  .  .  .  .  .  .  .  .\3
<    4\.  .  .  .  .  .  .  .  .  .  .\4
<     5\.  .  .  .  .  .  .  .  .  .  .\5
<      6\.  .  .  .  .  W  .  .  .  .  .\6
<       7\.  .  .  .  .  .  .  .  .  .  .\7
<        8\.  .  .  .  .  .  .  .  .  .  .\8
<         9\.  .  .  .  .  .  .  .  .  .  .\9
<         10\.  .  .  .  .  .  .  .  .  .  .\10
<          11\.  .  .  .  .  .  .  .  .  .  .\11
<              a  b  c  d  e  f  g  h  i  j  k  
<
>genmove b
<= e4
<
>showboard
708c7 info: Best move cannot be determined, must search state.
708c7 info: --- MoHexPlayer::Search() ---
708c7 info: Color: black
708c7 info: MaxGames: 1
708c7 info: NumberThreads: 1
708c7 info: MaxNodes: 181818181 (15999999928 bytes)
708c7 info: TimeForMove: 1
708c7 info: PreSearch: max time reached (57/94).
708c7 info: Time for PreSearch: 0.20467s
708c7 info: 
  6ec9ce71f3962e2f
  a  b  c  d  e  f  g  h  i  j  k  
 1\b  B  .  .  .  .  .  .  .  .  .\1
  2\.  *  *  *  *  *  *  *  *  *  *\2
   3\*  *  *  *  *  *  *  *  *  *  *\3
    4\*  *  *  *  *  *  *  *  *  *  *\4
     5\*  *  *  *  *  *  *  *  *  *  *\5
      6\*  *  *  *  *  W  *  *  *  *  *\6
       7\*  *  *  *  *  *  *  *  *  *  *\7
        8\*  *  *  *  *  *  *  *  *  *  *\8
         9\*  *  *  *  *  *  *  *  *  *  .\9
         10\*  *  *  *  *  *  *  *  *  .  .\10
          11\.  .  .  .  .  .  .  .  .  .  .\11
              a  b  c  d  e  f  g  h  i  j  k  
708c7 info: No subtree to reuse.
708c7 info: Creating thread 0
708c7 info: StartSearch()[0]
SgUctSearch: max games reached
708c7 info: 
Elapsed Time   0.347289s
Count          1
GamesPlayed    1
Nodes          1
Knowledge      0 (0.0%)
Expansions     0.0
Time           0.00
GameLen        118.0 dev=0.0 min=118.0 max=118.0
InTree         0.0 dev=0.0 min=0.0 max=0.0
KnowDepth      -
Aborted        0%
Games/s        400.0
Score          1.00
Sequence      
708c7 info: 
708c7 warning: **** MoHexSearch returned empty sequence!
708c7 warning: **** Returning random move!
<= 
< 
<  ee70d728a528690f
<  a  b  c  d  e  f  g  h  i  j  k  
< 1\.  B  .  .  .  .  .  .  .  .  .\1
<  2\.  .  .  .  .  .  .  .  .  .  .\2
<   3\.  .  .  .  .  .  .  .  .  .  .\3
<    4\.  .  .  .  B  .  .  .  .  .  .\4
<     5\.  .  .  .  .  .  .  .  .  .  .\5
<      6\.  .  .  .  .  W  .  .  .  .  .\6
<       7\.  .  .  .  .  .  .  .  .  .  .\7
<        8\.  .  .  .  .  .  .  .  .  .  .\8
<         9\.  .  .  .  .  .  .  .  .  .  .\9
<         10\.  .  .  .  .  .  .  .  .  .  .\10
<          11\.  .  .  .  .  .  .  .  .  .  .\11
<              a  b  c  d  e  f  g  h  i  j  k  
<
>play w d5
<= 
<
>showboard
<= 
< 
<  92ba3c7a34eda156
<  a  b  c  d  e  f  g  h  i  j  k  
< 1\.  B  .  .  .  .  .  .  .  .  .\1
<  2\.  .  .  .  .  .  .  .  .  .  .\2
<   3\.  .  .  .  .  .  .  .  .  .  .\3
<    4\.  .  .  .  B  .  .  .  .  .  .\4
<     5\.  .  .  W  .  .  .  .  .  .  .\5
<      6\.  .  .  .  .  W  .  .  .  .  .\6
<       7\.  .  .  .  .  .  .  .  .  .  .\7
<        8\.  .  .  .  .  .  .  .  .  .  .\8
<         9\.  .  .  .  .  .  .  .  .  .  .\9
<         10\.  .  .  .  .  .  .  .  .  .  .\10
<          11\.  .  .  .  .  .  .  .  .  .  .\11
<              a  b  c  d  e  f  g  h  i  j  k  
<
>genmove b
<= g8
<
>showboard
708c7 info: Best move cannot be determined, must search state.
708c7 info: --- MoHexPlayer::Search() ---
708c7 info: Color: black
708c7 info: MaxGames: 1
708c7 info: NumberThreads: 1
708c7 info: MaxNodes: 181818181 (15999999928 bytes)
708c7 info: TimeForMove: 1
708c7 info: PreSearch: max time reached (50/92).
708c7 info: Time for PreSearch: 0.200144s
708c7 info: 
  92ba3c7a34eda156
  a  b  c  d  e  f  g  h  i  j  k  
 1\b  B  .  .  .  .  .  .  .  .  .\1
  2\.  *  *  *  *  *  *  *  *  *  *\2
   3\*  *  *  *  *  *  *  *  *  *  *\3
    4\*  *  *  *  B  *  *  *  *  *  *\4
     5\*  *  *  W  *  *  *  *  *  *  *\5
      6\*  *  *  *  *  W  *  *  *  *  *\6
       7\*  *  *  *  *  *  *  *  *  *  *\7
        8\*  *  *  *  *  *  *  *  *  *  *\8
         9\*  *  *  *  *  *  *  *  *  *  .\9
         10\*  *  *  *  *  *  *  *  *  .  .\10
          11\.  .  .  .  .  .  .  .  .  .  .\11
              a  b  c  d  e  f  g  h  i  j  k  
708c7 info: Old: [black, b1] [white, f6] 
708c7 info: New: [black, b1] [white, f6] [black, e4] [white, d5] 
708c7 info: MovesPlayed: [black, e4] [white, d5] 
708c7 info: No subtree to reuse.
708c7 info: StartSearch()[0]
SgUctSearch: max games reached
708c7 info: 
Elapsed Time   0.341871s
Count          1
GamesPlayed    1
Nodes          1
Knowledge      0 (0.0%)
Expansions     0.0
Time           0.00
GameLen        116.0 dev=0.0 min=116.0 max=116.0
InTree         0.0 dev=0.0 min=0.0 max=0.0
KnowDepth      -
Aborted        0%
Games/s        3322.3
Score          1.00
Sequence      
708c7 info: 
708c7 warning: **** MoHexSearch returned empty sequence!
708c7 warning: **** Returning random move!
<= 
< 
<  94192ec135e14c30
<  a  b  c  d  e  f  g  h  i  j  k  
< 1\.  B  .  .  .  .  .  .  .  .  .\1
<  2\.  .  .  .  .  .  .  .  .  .  .\2
<   3\.  .  .  .  .  .  .  .  .  .  .\3
<    4\.  .  .  .  B  .  .  .  .  .  .\4
<     5\.  .  .  W  .  .  .  .  .  .  .\5
<      6\.  .  .  .  .  W  .  .  .  .  .\6
<       7\.  .  .  .  .  .  .  .  .  .  .\7
<        8\.  .  .  .  .  .  B  .  .  .  .\8
<         9\.  .  .  .  .  .  .  .  .  .  .\9
<         10\.  .  .  .  .  .  .  .  .  .  .\10
<          11\.  .  .  .  .  .  .  .  .  .  .\11
<              a  b  c  d  e  f  g  h  i  j  k  
<
>play w k10
<= 
<
>showboard
<= 
< 
<  62f80c74fa86713f
<  a  b  c  d  e  f  g  h  i  j  k  
< 1\.  B  .  .  .  .  .  .  .  .  .\1
<  2\.  .  .  .  .  .  .  .  .  .  .\2
<   3\.  .  .  .  .  .  .  .  .  .  .\3
<    4\.  .  .  .  B  .  .  .  .  .  .\4
<     5\.  .  .  W  .  .  .  .  .  .  .\5
<      6\.  .  .  .  .  W  .  .  .  .  .\6
<       7\.  .  .  .  .  .  .  .  .  .  .\7
<        8\.  .  .  .  .  .  B  .  .  .  .\8
<         9\.  .  .  .  .  .  .  .  .  .  .\9
<         10\.  .  .  .  .  .  .  .  .  .  W\10
<          11\.  .  .  .  .  .  .  .  .  .  .\11
<              a  b  c  d  e  f  g  h  i  j  k  
<
>genmove b
<= f8
<
>showboard
708c7 info: Best move cannot be determined, must search state.
708c7 info: --- MoHexPlayer::Search() ---
708c7 info: Color: black
708c7 info: MaxGames: 1
708c7 info: NumberThreads: 1
708c7 info: MaxNodes: 181818181 (15999999928 bytes)
708c7 info: TimeForMove: 1
708c7 info: PreSearch: max time reached (44/92).
708c7 info: Time for PreSearch: 0.204533s
708c7 info: 
  62f80c74fa86713f
  a  b  c  d  e  f  g  h  i  j  k  
 1\b  B  .  .  .  .  .  .  .  .  .\1
  2\.  *  *  *  *  *  *  *  *  *  *\2
   3\*  *  *  *  *  *  *  *  *  *  *\3
    4\*  *  *  *  B  *  *  *  *  *  *\4
     5\*  *  *  W  *  *  *  *  *  *  *\5
      6\*  *  *  *  *  W  *  *  *  *  *\6
       7\*  *  *  *  *  *  *  *  *  *  *\7
        8\*  *  *  *  *  *  B  *  *  *  *\8
         9\*  *  *  *  *  *  *  *  *  *  .\9
         10\*  *  *  *  *  *  *  *  *  *  W\10
          11\.  .  .  .  .  .  .  .  .  .  b\11
              a  b  c  d  e  f  g  h  i  j  k  
708c7 info: Old: [black, b1] [white, f6] [black, e4] [white, d5] 
708c7 info: New: [black, b1] [white, f6] [black, e4] [white, d5] [black, g8] [white, k10] 
708c7 info: MovesPlayed: [black, g8] [white, k10] 
708c7 info: No subtree to reuse.
708c7 info: StartSearch()[0]
SgUctSearch: max games reached
708c7 info: 
Elapsed Time   0.348068s
Count          1
GamesPlayed    1
Nodes          1
Knowledge      0 (0.0%)
Expansions     0.0
Time           0.00
GameLen        113.0 dev=0.0 min=113.0 max=113.0
InTree         0.0 dev=0.0 min=0.0 max=0.0
KnowDepth      -
Aborted        0%
Games/s        2976.2
Score          0.00
Sequence      
708c7 info: 
708c7 warning: **** MoHexSearch returned empty sequence!
708c7 warning: **** Returning random move!
<= 
< 
<  db3bb9d63162da31
<  a  b  c  d  e  f  g  h  i  j  k  
< 1\.  B  .  .  .  .  .  .  .  .  .\1
<  2\.  .  .  .  .  .  .  .  .  .  .\2
<   3\.  .  .  .  .  .  .  .  .  .  .\3
<    4\.  .  .  .  B  .  .  .  .  .  .\4
<     5\.  .  .  W  .  .  .  .  .  .  .\5
<      6\.  .  .  .  .  W  .  .  .  .  .\6
<       7\.  .  .  .  .  .  .  .  .  .  .\7
<        8\.  .  .  .  .  B  B  .  .  .  .\8
<         9\.  .  .  .  .  .  .  .  .  .  .\9
<         10\.  .  .  .  .  .  .  .  .  .  W\10
<          11\.  .  .  .  .  .  .  .  .  .  .\11
<              a  b  c  d  e  f  g  h  i  j  k  
<
>play w a7
<= 
<
>showboard
<= 
< 
<  7173c0e27b7cd80d
<  a  b  c  d  e  f  g  h  i  j  k  
< 1\.  B  .  .  .  .  .  .  .  .  .\1
<  2\.  .  .  .  .  .  .  .  .  .  .\2
<   3\.  .  .  .  .  .  .  .  .  .  .\3
<    4\.  .  .  .  B  .  .  .  .  .  .\4
<     5\.  .  .  W  .  .  .  .  .  .  .\5
<      6\.  .  .  .  .  W  .  .  .  .  .\6
<       7\W  .  .  .  .  .  .  .  .  .  .\7
<        8\.  .  .  .  .  B  B  .  .  .  .\8
<         9\.  .  .  .  .  .  .  .  .  .  .\9
<         10\.  .  .  .  .  .  .  .  .  .  W\10
<          11\.  .  .  .  .  .  .  .  .  .  .\11
<              a  b  c  d  e  f  g  h  i  j  k  
<
>genmove b
<= b7
<
>showboard
708c7 info: Best move cannot be determined, must search state.
708c7 info: --- MoHexPlayer::Search() ---
708c7 info: Color: black
708c7 info: MaxGames: 1
708c7 info: NumberThreads: 1
708c7 info: MaxNodes: 181818181 (15999999928 bytes)
708c7 info: TimeForMove: 1
708c7 info: PreSearch: max time reached (34/88).
708c7 info: Time for PreSearch: 0.202068s
708c7 info: 
  7173c0e27b7cd80d
  a  b  c  d  e  f  g  h  i  j  k  
 1\b  B  .  .  .  .  .  .  .  .  .\1
  2\.  *  *  *  *  *  *  *  *  *  *\2
   3\*  *  *  *  *  *  *  *  *  *  *\3
    4\*  *  *  *  B  *  *  *  *  *  *\4
     5\*  *  *  W  *  *  *  *  *  *  *\5
      6\.  *  *  *  *  W  *  *  *  *  *\6
       7\W  *  *  *  *  *  *  *  *  *  *\7
        8\.  *  *  *  *  B  B  *  *  *  *\8
         9\*  *  *  *  *  *  *  *  *  *  .\9
         10\*  *  *  *  *  *  *  *  *  *  W\10
          11\.  .  .  .  .  .  .  .  .  .  b\11
              a  b  c  d  e  f  g  h  i  j  k  
708c7 info: Old: [black, b1] [white, f6] [black, e4] [white, d5] [black, g8] [white, k10] 
708c7 info: New: [black, b1] [white, f6] [black, e4] [white, d5] [black, g8] [white, k10] [black, f8] [white, a7] 
708c7 info: MovesPlayed: [black, f8] [white, a7] 
708c7 info: No subtree to reuse.
708c7 info: StartSearch()[0]
SgUctSearch: max games reached
708c7 info: 
Elapsed Time   0.348557s
Count          1
GamesPlayed    1
Nodes          1
Knowledge      0 (0.0%)
Expansions     0.0
Time           0.00
GameLen        111.0 dev=0.0 min=111.0 max=111.0
InTree         0.0 dev=0.0 min=0.0 max=0.0
KnowDepth      -
Aborted        0%
Games/s        3521.1
Score          1.00
Sequence      
708c7 info: 
708c7 warning: **** MoHexSearch returned empty sequence!
708c7 warning: **** Returning random move!
<= 
< 
<  a44ea682b862162c
<  a  b  c  d  e  f  g  h  i  j  k  
< 1\.  B  .  .  .  .  .  .  .  .  .\1
<  2\.  .  .  .  .  .  .  .  .  .  .\2
<   3\.  .  .  .  .  .  .  .  .  .  .\3
<    4\.  .  .  .  B  .  .  .  .  .  .\4
<     5\.  .  .  W  .  .  .  .  .  .  .\5
<      6\.  .  .  .  .  W  .  .  .  .  .\6
<       7\W  B  .  .  .  .  .  .  .  .  .\7
<        8\.  .  .  .  .  B  B  .  .  .  .\8
<         9\.  .  .  .  .  .  .  .  .  .  .\9
<         10\.  .  .  .  .  .  .  .  .  .  W\10
<          11\.  .  .  .  .  .  .  .  .  .  .\11
<              a  b  c  d  e  f  g  h  i  j  k  
<
>play w e7
<= 
<
>showboard
<= 
< 
<  bcf7c1c22aa94cdf
<  a  b  c  d  e  f  g  h  i  j  k  
< 1\.  B  .  .  .  .  .  .  .  .  .\1
<  2\.  .  .  .  .  .  .  .  .  .  .\2
<   3\.  .  .  .  .  .  .  .  .  .  .\3
<    4\.  .  .  .  B  .  .  .  .  .  .\4
<     5\.  .  .  W  .  .  .  .  .  .  .\5
<      6\.  .  .  .  .  W  .  .  .  .  .\6
<       7\W  B  .  .  W  .  .  .  .  .  .\7
<        8\.  .  .  .  .  B  B  .  .  .  .\8
<         9\.  .  .  .  .  .  .  .  .  .  .\9
<         10\.  .  .  .  .  .  .  .  .  .  W\10
<          11\.  .  .  .  .  .  .  .  .  .  .\11
<              a  b  c  d  e  f  g  h  i  j  k  
<
>genmove b
<= c9
<
>showboard
708c7 info: Best move cannot be determined, must search state.
708c7 info: --- MoHexPlayer::Search() ---
708c7 info: Color: black
708c7 info: MaxGames: 1
708c7 info: NumberThreads: 1
708c7 info: MaxNodes: 181818181 (15999999928 bytes)
708c7 info: TimeForMove: 1
708c7 info: PreSearch: max time reached (37/84).
708c7 info: Time for PreSearch: 0.20116s
708c7 info: 
  bcf7c1c22aa94cdf
  a  b  c  d  e  f  g  h  i  j  k  
 1\b  B  .  .  .  .  .  .  .  .  .\1
  2\.  *  *  *  *  *  *  *  *  *  *\2
   3\*  *  *  *  *  *  *  *  *  *  *\3
    4\*  *  *  *  B  *  *  *  *  *  *\4
     5\*  *  *  W  *  *  *  *  *  *  *\5
      6\.  *  *  *  *  W  *  *  *  *  *\6
       7\W  B  *  *  W  .  .  *  *  *  *\7
        8\.  *  *  *  *  B  B  *  *  *  *\8
         9\*  *  *  *  *  *  *  *  *  *  .\9
         10\*  *  *  *  *  *  *  *  *  *  W\10
          11\.  .  .  .  .  .  .  .  .  .  b\11
              a  b  c  d  e  f  g  h  i  j  k  
708c7 info: Old: [black, b1] [white, f6] [black, e4] [white, d5] [black, g8] [white, k10] [black, f8] [white, a7] 
708c7 info: New: [black, b1] [white, f6] [black, e4] [white, d5] [black, g8] [white, k10] [black, f8] [white, a7] [black, b7] [white, e7] 
708c7 info: MovesPlayed: [black, b7] [white, e7] 
708c7 info: No subtree to reuse.
708c7 info: StartSearch()[0]
SgUctSearch: max games reached
708c7 info: 
Elapsed Time   0.341764s
Count          1
GamesPlayed    1
Nodes          1
Knowledge      0 (0.0%)
Expansions     0.0
Time           0.00
GameLen        109.0 dev=0.0 min=109.0 max=109.0
InTree         0.0 dev=0.0 min=0.0 max=0.0
KnowDepth      -
Aborted        0%
Games/s        3322.3
Score          1.00
Sequence      
708c7 info: 
708c7 warning: **** MoHexSearch returned empty sequence!
708c7 warning: **** Returning random move!
<= 
< 
<  f226a3903305f33e
<  a  b  c  d  e  f  g  h  i  j  k  
< 1\.  B  .  .  .  .  .  .  .  .  .\1
<  2\.  .  .  .  .  .  .  .  .  .  .\2
<   3\.  .  .  .  .  .  .  .  .  .  .\3
<    4\.  .  .  .  B  .  .  .  .  .  .\4
<     5\.  .  .  W  .  .  .  .  .  .  .\5
<      6\.  .  .  .  .  W  .  .  .  .  .\6
<       7\W  B  .  .  W  .  .  .  .  .  .\7
<        8\.  .  .  .  .  B  B  .  .  .  .\8
<         9\.  .  B  .  .  .  .  .  .  .  .\9
<         10\.  .  .  .  .  .  .  .  .  .  W\10
<          11\.  .  .  .  .  .  .  .  .  .  .\11
<              a  b  c  d  e  f  g  h  i  j  k  
<
>play w j5
<= 
<
>showboard
<= 
< 
<  f4003e3288c58c89
<  a  b  c  d  e  f  g  h  i  j  k  
< 1\.  B  .  .  .  .  .  .  .  .  .\1
<  2\.  .  .  .  .  .  .  .  .  .  .\2
<   3\.  .  .  .  .  .  .  .  .  .  .\3
<    4\.  .  .  .  B  .  .  .  .  .  .\4
<     5\.  .  .  W  .  .  .  .  .  W  .\5
<      6\.  .  .  .  .  W  .  .  .  .  .\6
<       7\W  B  .  .  W  .  .  .  .  .  .\7
<        8\.  .  .  .  .  B  B  .  .  .  .\8
<         9\.  .  B  .  .  .  .  .  .  .  .\9
<         10\.  .  .  .  .  .  .  .  .  .  W\10
<          11\.  .  .  .  .  .  .  .  .  .  .\11
<              a  b  c  d  e  f  g  h  i  j  k  
<
>genmove b
<= j11
<
>showboard
708c7 info: Best move cannot be determined, must search state.
708c7 info: --- MoHexPlayer::Search() ---
708c7 info: Color: black
708c7 info: MaxGames: 1
708c7 info: NumberThreads: 1
708c7 info: MaxNodes: 181818181 (15999999928 bytes)
708c7 info: TimeForMove: 1
708c7 info: PreSearch: max time reached (32/73).
708c7 info: Time for PreSearch: 0.200184s
708c7 info: 
  f4003e3288c58c89
  a  b  c  d  e  f  g  h  i  j  k  
 1\b  B  .  .  .  .  .  .  .  .  .\1
  2\.  *  *  *  *  *  *  *  *  *  .\2
   3\*  *  *  *  *  *  *  *  *  *  w\3
    4\*  *  *  *  B  *  *  *  *  .  w\4
     5\*  *  *  W  *  *  *  *  *  W  w\5
      6\.  *  *  *  *  W  *  *  *  .  w\6
       7\W  B  *  *  W  .  .  *  *  *  .\7
        8\.  *  *  *  *  B  B  *  *  *  *\8
         9\*  *  B  *  *  *  *  *  *  *  .\9
         10\*  *  .  *  *  *  *  *  *  *  W\10
          11\.  .  .  .  .  .  .  .  .  .  b\11
              a  b  c  d  e  f  g  h  i  j  k  
708c7 info: Old: [black, b1] [white, f6] [black, e4] [white, d5] [black, g8] [white, k10] [black, f8] [white, a7] [black, b7] [white, e7] 
708c7 info: New: [black, b1] [white, f6] [black, e4] [white, d5] [black, g8] [white, k10] [black, f8] [white, a7] [black, b7] [white, e7] [black, c9] [white, j5] 
708c7 info: MovesPlayed: [black, c9] [white, j5] 
708c7 info: No subtree to reuse.
708c7 info: StartSearch()[0]
SgUctSearch: max games reached
708c7 info: 
Elapsed Time   0.417191s
Count          1
GamesPlayed    1
Nodes          1
Knowledge      0 (0.0%)
Expansions     0.0
Time           0.00
GameLen        103.0 dev=0.0 min=103.0 max=103.0
InTree         0.0 dev=0.0 min=0.0 max=0.0
KnowDepth      -
Aborted        0%
Games/s        3378.4
Score          1.00
Sequence      
708c7 info: 
708c7 warning: **** MoHexSearch returned empty sequence!
708c7 warning: **** Returning random move!
<= 
< 
<  b33a9c431d41c5c9
<  a  b  c  d  e  f  g  h  i  j  k  
< 1\.  B  .  .  .  .  .  .  .  .  .\1
<  2\.  .  .  .  .  .  .  .  .  .  .\2
<   3\.  .  .  .  .  .  .  .  .  .  .\3
<    4\.  .  .  .  B  .  .  .  .  .  .\4
<     5\.  .  .  W  .  .  .  .  .  W  .\5
<      6\.  .  .  .  .  W  .  .  .  .  .\6
<       7\W  B  .  .  W  .  .  .  .  .  .\7
<        8\.  .  .  .  .  B  B  .  .  .  .\8
<         9\.  .  B  .  .  .  .  .  .  .  .\9
<         10\.  .  .  .  .  .  .  .  .  .  W\10
<          11\.  .  .  .  .  .  .  .  .  B  .\11
<              a  b  c  d  e  f  g  h  i  j  k  
<
>play w i4
<= 
<
>showboard
<= 
< 
<  21ee7a7e422bb1bb
<  a  b  c  d  e  f  g  h  i  j  k  
< 1\.  B  .  .  .  .  .  .  .  .  .\1
<  2\.  .  .  .  .  .  .  .  .  .  .\2
<   3\.  .  .  .  .  .  .  .  .  .  .\3
<    4\.  .  .  .  B  .  .  .  W  .  .\4
<     5\.  .  .  W  .  .  .  .  .  W  .\5
<      6\.  .  .  .  .  W  .  .  .  .  .\6
<       7\W  B  .  .  W  .  .  .  .  .  .\7
<        8\.  .  .  .  .  B  B  .  .  .  .\8
<         9\.  .  B  .  .  .  .  .  .  .  .\9
<         10\.  .  .  .  .  .  .  .  .  .  W\10
<          11\.  .  .  .  .  .  .  .  .  B  .\11
<              a  b  c  d  e  f  g  h  i  j  k  
<
>genmove b
<= a5
<
>showboard
708c7 info: Best move cannot be determined, must search state.
708c7 info: --- MoHexPlayer::Search() ---
708c7 info: Color: black
708c7 info: MaxGames: 1
708c7 info: NumberThreads: 1
708c7 info: MaxNodes: 181818181 (15999999928 bytes)
708c7 info: TimeForMove: 1
708c7 info: PreSearch: max time reached (33/72).
708c7 info: Time for PreSearch: 0.204259s
708c7 info: 
  21ee7a7e422bb1bb
  a  b  c  d  e  f  g  h  i  j  k  
 1\b  B  .  .  .  .  .  .  .  .  .\1
  2\.  *  *  *  *  *  *  *  .  .  .\2
   3\*  *  *  *  *  *  *  *  *  *  w\3
    4\*  *  *  *  B  *  *  *  W  .  w\4
     5\*  *  *  W  *  *  *  *  *  W  w\5
      6\.  *  *  *  *  W  *  *  *  .  w\6
       7\W  B  *  *  W  .  .  *  *  *  .\7
        8\.  *  *  *  *  B  B  *  *  *  *\8
         9\*  *  B  *  *  *  *  *  *  *  .\9
         10\*  *  .  *  *  *  *  *  *  *  W\10
          11\.  .  .  .  .  .  .  .  .  B  b\11
              a  b  c  d  e  f  g  h  i  j  k  
708c7 info: Old: [black, b1] [white, f6] [black, e4] [white, d5] [black, g8] [white, k10] [black, f8] [white, a7] [black, b7] [white, e7] [black, c9] [white, j5] 
708c7 info: New: [black, b1] [white, f6] [black, e4] [white, d5] [black, g8] [white, k10] [black, f8] [white, a7] [black, b7] [white, e7] [black, c9] [white, j5] [black, j11] [white, i4] 
708c7 info: MovesPlayed: [black, j11] [white, i4] 
708c7 info: No subtree to reuse.
708c7 info: StartSearch()[0]
SgUctSearch: max games reached
708c7 info: 
Elapsed Time   0.348993s
Count          1
GamesPlayed    1
Nodes          1
Knowledge      0 (0.0%)
Expansions     0.0
Time           0.00
GameLen        101.0 dev=0.0 min=101.0 max=101.0
InTree         0.0 dev=0.0 min=0.0 max=0.0
KnowDepth      -
Aborted        0%
Games/s        3164.6
Score          1.00
Sequence      
708c7 info: 
708c7 warning: **** MoHexSearch returned empty sequence!
708c7 warning: **** Returning random move!
<= 
< 
<  8c5f7ccf348e02c2
<  a  b  c  d  e  f  g  h  i  j  k  
< 1\.  B  .  .  .  .  .  .  .  .  .\1
<  2\.  .  .  .  .  .  .  .  .  .  .\2
<   3\.  .  .  .  .  .  .  .  .  .  .\3
<    4\.  .  .  .  B  .  .  .  W  .  .\4
<     5\B  .  .  W  .  .  .  .  .  W  .\5
<      6\.  .  .  .  .  W  .  .  .  .  .\6
<       7\W  B  .  .  W  .  .  .  .  .  .\7
<        8\.  .  .  .  .  B  B  .  .  .  .\8
<         9\.  .  B  .  .  .  .  .  .  .  .\9
<         10\.  .  .  .  .  .  .  .  .  .  W\10
<          11\.  .  .  .  .  .  .  .  .  B  .\11
<              a  b  c  d  e  f  g  h  i  j  k  
<
>play w j10
<= 
<
>showboard
<= 
< 
<  af70fcddc1fb3085
<  a  b  c  d  e  f  g  h  i  j  k  
< 1\.  B  .  .  .  .  .  .  .  .  .\1
<  2\.  .  .  .  .  .  .  .  .  .  .\2
<   3\.  .  .  .  .  .  .  .  .  .  .\3
<    4\.  .  .  .  B  .  .  .  W  .  .\4
<     5\B  .  .  W  .  .  .  .  .  W  .\5
<      6\.  .  .  .  .  W  .  .  .  .  .\6
<       7\W  B  .  .  W  .  .  .  .  .  .\7
<        8\.  .  .  .  .  B  B  .  .  .  .\8
<         9\.  .  B  .  .  .  .  .  .  .  .\9
<         10\.  .  .  .  .  .  .  .  .  W  W\10
<          11\.  .  .  .  .  .  .  .  .  B  .\11
<              a  b  c  d  e  f  g  h  i  j  k  
<
>genmove b
<= i8
<
>showboard
708c7 info: Best move cannot be determined, must search state.
708c7 info: --- MoHexPlayer::Search() ---
708c7 info: Color: black
708c7 info: MaxGames: 1
708c7 info: NumberThreads: 1
708c7 info: MaxNodes: 181818181 (15999999928 bytes)
708c7 info: TimeForMove: 1
708c7 info: PreSearch: max time reached (36/68).
708c7 info: Time for PreSearch: 0.20432s
708c7 info: 
  af70fcddc1fb3085
  a  b  c  d  e  f  g  h  i  j  k  
 1\b  B  .  .  .  .  .  .  .  .  .\1
  2\.  *  *  *  *  *  *  *  .  .  .\2
   3\*  *  *  *  *  *  *  *  *  *  w\3
    4\*  *  *  *  B  *  *  *  W  .  w\4
     5\B  *  *  W  *  *  *  *  *  W  w\5
      6\.  *  *  *  *  W  *  *  *  .  w\6
       7\W  B  *  *  W  .  .  *  *  *  w\7
        8\.  *  *  *  *  B  B  *  *  *  w\8
         9\*  *  B  *  *  *  *  *  *  .  b\9
         10\*  *  .  *  *  *  *  *  *  W  W\10
          11\.  .  .  .  .  .  .  .  .  B  b\11
              a  b  c  d  e  f  g  h  i  j  k  
708c7 info: Old: [black, b1] [white, f6] [black, e4] [white, d5] [black, g8] [white, k10] [black, f8] [white, a7] [black, b7] [white, e7] [black, c9] [white, j5] [black, j11] [white, i4] 
708c7 info: New: [black, b1] [white, f6] [black, e4] [white, d5] [black, g8] [white, k10] [black, f8] [white, a7] [black, b7] [white, e7] [black, c9] [white, j5] [black, j11] [white, i4] [black, a5] [white, j10] 
708c7 info: MovesPlayed: [black, a5] [white, j10] 
708c7 info: No subtree to reuse.
708c7 info: StartSearch()[0]
SgUctSearch: max games reached
708c7 info: 
Elapsed Time   0.367614s
Count          1
GamesPlayed    1
Nodes          1
Knowledge      0 (0.0%)
Expansions     0.0
Time           0.00
GameLen        96.0 dev=0.0 min=96.0 max=96.0
InTree         0.0 dev=0.0 min=0.0 max=0.0
KnowDepth      -
Aborted        0%
Games/s        3225.8
Score          0.00
Sequence      
708c7 info: 
708c7 warning: **** MoHexSearch returned empty sequence!
708c7 warning: **** Returning random move!
<= 
< 
<  e773a0fc6f08779d
<  a  b  c  d  e  f  g  h  i  j  k  
< 1\.  B  .  .  .  .  .  .  .  .  .\1
<  2\.  .  .  .  .  .  .  .  .  .  .\2
<   3\.  .  .  .  .  .  .  .  .  .  .\3
<    4\.  .  .  .  B  .  .  .  W  .  .\4
<     5\B  .  .  W  .  .  .  .  .  W  .\5
<      6\.  .  .  .  .  W  .  .  .  .  .\6
<       7\W  B  .  .  W  .  .  .  .  .  .\7
<        8\.  .  .  .  .  B  B  .  B  .  .\8
<         9\.  .  B  .  .  .  .  .  .  .  .\9
<         10\.  .  .  .  .  .  .  .  .  W  W\10
<          11\.  .  .  .  .  .  .  .  .  B  .\11
<              a  b  c  d  e  f  g  h  i  j  k  
<
>play w i9
<= 
<
>showboard
<= 
< 
<  bbc99126d5a794ef
<  a  b  c  d  e  f  g  h  i  j  k  
< 1\.  B  .  .  .  .  .  .  .  .  .\1
<  2\.  .  .  .  .  .  .  .  .  .  .\2
<   3\.  .  .  .  .  .  .  .  .  .  .\3
<    4\.  .  .  .  B  .  .  .  W  .  .\4
<     5\B  .  .  W  .  .  .  .  .  W  .\5
<      6\.  .  .  .  .  W  .  .  .  .  .\6
<       7\W  B  .  .  W  .  .  .  .  .  .\7
<        8\.  .  .  .  .  B  B  .  B  .  .\8
<         9\.  .  B  .  .  .  .  .  W  .  .\9
<         10\.  .  .  .  .  .  .  .  .  W  W\10
<          11\.  .  .  .  .  .  .  .  .  B  .\11
<              a  b  c  d  e  f  g  h  i  j  k  
<
>genmove b
<= g1
<
>showboard
708c7 info: Best move cannot be determined, must search state.
708c7 info: --- MoHexPlayer::Search() ---
708c7 info: Color: black
708c7 info: MaxGames: 1
708c7 info: NumberThreads: 1
708c7 info: MaxNodes: 181818181 (15999999928 bytes)
708c7 info: TimeForMove: 1
708c7 info: PreSearch: max time reached (36/59).
708c7 info: Time for PreSearch: 0.203086s
708c7 info: 
  bbc99126d5a794ef
  a  b  c  d  e  f  g  h  i  j  k  
 1\b  B  .  .  .  .  .  .  .  .  .\1
  2\.  *  *  *  *  *  *  *  .  .  .\2
   3\*  *  *  *  *  *  *  *  *  *  w\3
    4\*  *  *  *  B  *  *  *  W  .  w\4
     5\B  *  *  W  *  *  *  *  *  W  w\5
      6\.  *  *  *  *  W  *  *  *  w  w\6
       7\W  B  *  *  W  .  .  *  .  w  w\7
        8\.  *  *  *  *  B  B  .  B  w  w\8
         9\*  *  B  *  *  *  *  *  W  w  b\9
         10\*  *  .  *  *  *  .  .  w  W  W\10
          11\.  .  .  .  .  .  .  .  w  B  b\11
              a  b  c  d  e  f  g  h  i  j  k  
708c7 info: Old: [black, b1] [white, f6] [black, e4] [white, d5] [black, g8] [white, k10] [black, f8] [white, a7] [black, b7] [white, e7] [black, c9] [white, j5] [black, j11] [white, i4] [black, a5] [white, j10] 
708c7 info: New: [black, b1] [white, f6] [black, e4] [white, d5] [black, g8] [white, k10] [black, f8] [white, a7] [black, b7] [white, e7] [black, c9] [white, j5] [black, j11] [white, i4] [black, a5] [white, j10] [black, i8] [white, i9] 
708c7 info: MovesPlayed: [black, i8] [white, i9] 
708c7 info: No subtree to reuse.
708c7 info: StartSearch()[0]
SgUctSearch: max games reached
708c7 info: 
Elapsed Time   0.537235s
Count          1
GamesPlayed    1
Nodes          1
Knowledge      0 (0.0%)
Expansions     0.0
Time           0.00
GameLen        88.0 dev=0.0 min=88.0 max=88.0
InTree         0.0 dev=0.0 min=0.0 max=0.0
KnowDepth      -
Aborted        0%
Games/s        3984.1
Score          0.00
Sequence      
708c7 info: 
708c7 warning: **** MoHexSearch returned empty sequence!
708c7 warning: **** Returning random move!
<= 
< 
<  302de3944bd9f6d5
<  a  b  c  d  e  f  g  h  i  j  k  
< 1\.  B  .  .  .  .  B  .  .  .  .\1
<  2\.  .  .  .  .  .  .  .  .  .  .\2
<   3\.  .  .  .  .  .  .  .  .  .  .\3
<    4\.  .  .  .  B  .  .  .  W  .  .\4
<     5\B  .  .  W  .  .  .  .  .  W  .\5
<      6\.  .  .  .  .  W  .  .  .  .  .\6
<       7\W  B  .  .  W  .  .  .  .  .  .\7
<        8\.  .  .  .  .  B  B  .  B  .  .\8
<         9\.  .  B  .  .  .  .  .  W  .  .\9
<         10\.  .  .  .  .  .  .  .  .  W  W\10
<          11\.  .  .  .  .  .  .  .  .  B  .\11
<              a  b  c  d  e  f  g  h  i  j  k  
<
>play w j1
<= 
<
>showboard
<= 
< 
<  3ccf20c3f608869f
<  a  b  c  d  e  f  g  h  i  j  k  
< 1\.  B  .  .  .  .  B  .  .  W  .\1
<  2\.  .  .  .  .  .  .  .  .  .  .\2
<   3\.  .  .  .  .  .  .  .  .  .  .\3
<    4\.  .  .  .  B  .  .  .  W  .  .\4
<     5\B  .  .  W  .  .  .  .  .  W  .\5
<      6\.  .  .  .  .  W  .  .  .  .  .\6
<       7\W  B  .  .  W  .  .  .  .  .  .\7
<        8\.  .  .  .  .  B  B  .  B  .  .\8
<         9\.  .  B  .  .  .  .  .  W  .  .\9
<         10\.  .  .  .  .  .  .  .  .  W  W\10
<          11\.  .  .  .  .  .  .  .  .  B  .\11
<              a  b  c  d  e  f  g  h  i  j  k  
<
>genmove b
<= d7
<
>showboard
708c7 info: Best move cannot be determined, must search state.
708c7 info: --- MoHexPlayer::Search() ---
708c7 info: Color: black
708c7 info: MaxGames: 1
708c7 info: NumberThreads: 1
708c7 info: MaxNodes: 181818181 (15999999928 bytes)
708c7 info: TimeForMove: 1
708c7 info: Winning sequence found before UCT search!
708c7 info: Sequence: d7
<= 
< 
<  c5cb13b54b48e94f
<  a  b  c  d  e  f  g  h  i  j  k  
< 1\.  B  .  .  .  .  B  .  .  W  .\1
<  2\.  .  .  .  .  .  .  .  .  .  .\2
<   3\.  .  .  .  .  .  .  .  .  .  .\3
<    4\.  .  .  .  B  .  .  .  W  .  .\4
<     5\B  .  .  W  .  .  .  .  .  W  .\5
<      6\.  .  .  .  .  W  .  .  .  .  .\6
<       7\W  B  .  B  W  .  .  .  .  .  .\7
<        8\.  .  .  .  .  B  B  .  B  .  .\8
<         9\.  .  B  .  .  .  .  .  W  .  .\9
<         10\.  .  .  .  .  .  .  .  .  W  W\10
<          11\.  .  .  .  .  .  .  .  .  B  .\11
<              a  b  c  d  e  f  g  h  i  j  k  
<
>play w e2
<= 
<
>showboard
<= 
< 
<  c639bc9abf97d7dd
<  a  b  c  d  e  f  g  h  i  j  k  
< 1\.  B  .  .  .  .  B  .  .  W  .\1
<  2\.  .  .  .  W  .  .  .  .  .  .\2
<   3\.  .  .  .  .  .  .  .  .  .  .\3
<    4\.  .  .  .  B  .  .  .  W  .  .\4
<     5\B  .  .  W  .  .  .  .  .  W  .\5
<      6\.  .  .  .  .  W  .  .  .  .  .\6
<       7\W  B  .  B  W  .  .  .  .  .  .\7
<        8\.  .  .  .  .  B  B  .  B  .  .\8
<         9\.  .  B  .  .  .  .  .  W  .  .\9
<         10\.  .  .  .  .  .  .  .  .  W  W\10
<          11\.  .  .  .  .  .  .  .  .  B  .\11
<              a  b  c  d  e  f  g  h  i  j  k  
<
>genmove b
<= d4
<
>showboard
708c7 info: Winning SC.
<= 
< 
<  f3cca900463802f5
<  a  b  c  d  e  f  g  h  i  j  k  
< 1\.  B  .  .  .  .  B  .  .  W  .\1
<  2\.  .  .  .  W  .  .  .  .  .  .\2
<   3\.  .  .  .  .  .  .  .  .  .  .\3
<    4\.  .  .  B  B  .  .  .  W  .  .\4
<     5\B  .  .  W  .  .  .  .  .  W  .\5
<      6\.  .  .  .  .  W  .  .  .  .  .\6
<       7\W  B  .  B  W  .  .  .  .  .  .\7
<        8\.  .  .  .  .  B  B  .  B  .  .\8
<         9\.  .  B  .  .  .  .  .  W  .  .\9
<         10\.  .  .  .  .  .  .  .  .  W  W\10
<          11\.  .  .  .  .  .  .  .  .  B  .\11
<              a  b  c  d  e  f  g  h  i  j  k  
<
>play w b10
<= 
<
>showboard
<= 
< 
<  28586b1d4886722a
<  a  b  c  d  e  f  g  h  i  j  k  
< 1\.  B  .  .  .  .  B  .  .  W  .\1
<  2\.  .  .  .  W  .  .  .  .  .  .\2
<   3\.  .  .  .  .  .  .  .  .  .  .\3
<    4\.  .  .  B  B  .  .  .  W  .  .\4
<     5\B  .  .  W  .  .  .  .  .  W  .\5
<      6\.  .  .  .  .  W  .  .  .  .  .\6
<       7\W  B  .  B  W  .  .  .  .  .  .\7
<        8\.  .  .  .  .  B  B  .  B  .  .\8
<         9\.  .  B  .  .  .  .  .  W  .  .\9
<         10\.  W  .  .  .  .  .  .  .  W  W\10
<          11\.  .  .  .  .  .  .  .  .  B  .\11
<              a  b  c  d  e  f  g  h  i  j  k  
<
>genmove b
<= e5
<
>showboard
708c7 info: Winning SC.
<= 
< 
<  b4ac8504e1e11f88
<  a  b  c  d  e  f  g  h  i  j  k  
< 1\.  B  .  .  .  .  B  .  .  W  .\1
<  2\.  .  .  .  W  .  .  .  .  .  .\2
<   3\.  .  .  .  .  .  .  .  .  .  .\3
<    4\.  .  .  B  B  .  .  .  W  .  .\4
<     5\B  .  .  W  B  .  .  .  .  W  .\5
<      6\.  .  .  .  .  W  .  .  .  .  .\6
<       7\W  B  .  B  W  .  .  .  .  .  .\7
<        8\.  .  .  .  .  B  B  .  B  .  .\8
<         9\.  .  B  .  .  .  .  .  W  .  .\9
<         10\.  W  .  .  .  .  .  .  .  W  W\10
<          11\.  .  .  .  .  .  .  .  .  B  .\11
<              a  b  c  d  e  f  g  h  i  j  k  
<
>play w c11
<= 
<
>showboard
<= 
< 
<  c018919c97ac5f23
<  a  b  c  d  e  f  g  h  i  j  k  
< 1\.  B  .  .  .  .  B  .  .  W  .\1
<  2\.  .  .  .  W  .  .  .  .  .  .\2
<   3\.  .  .  .  .  .  .  .  .  .  .\3
<    4\.  .  .  B  B  .  .  .  W  .  .\4
<     5\B  .  .  W  B  .  .  .  .  W  .\5
<      6\.  .  .  .  .  W  .  .  .  .  .\6
<       7\W  B  .  B  W  .  .  .  .  .  .\7
<        8\.  .  .  .  .  B  B  .  B  .  .\8
<         9\.  .  B  .  .  .  .  .  W  .  .\9
<         10\.  W  .  .  .  .  .  .  .  W  W\10
<          11\.  .  W  .  .  .  .  .  .  B  .\11
<              a  b  c  d  e  f  g  h  i  j  k  
<
>genmove b
<= c10
<
>showboard
708c7 info: Winning SC.
<= 
< 
<  958bb2f50d82a7a3
<  a  b  c  d  e  f  g  h  i  j  k  
< 1\.  B  .  .  .  .  B  .  .  W  .\1
<  2\.  .  .  .  W  .  .  .  .  .  .\2
<   3\.  .  .  .  .  .  .  .  .  .  .\3
<    4\.  .  .  B  B  .  .  .  W  .  .\4
<     5\B  .  .  W  B  .  .  .  .  W  .\5
<      6\.  .  .  .  .  W  .  .  .  .  .\6
<       7\W  B  .  B  W  .  .  .  .  .  .\7
<        8\.  .  .  .  .  B  B  .  B  .  .\8
<         9\.  .  B  .  .  .  .  .  W  .  .\9
<         10\.  W  B  .  .  .  .  .  .  W  W\10
<          11\.  .  W  .  .  .  .  .  .  B  .\11
<              a  b  c  d  e  f  g  h  i  j  k  
<
>play w d6
<= 
<
>showboard
<= 
< 
<  90eec8d2c60079d0
<  a  b  c  d  e  f  g  h  i  j  k  
< 1\.  B  .  .  .  .  B  .  .  W  .\1
<  2\.  .  .  .  W  .  .  .  .  .  .\2
<   3\.  .  .  .  .  .  .  .  .  .  .\3
<    4\.  .  .  B  B  .  .  .  W  .  .\4
<     5\B  .  .  W  B  .  .  .  .  W  .\5
<      6\.  .  .  W  .  W  .  .  .  .  .\6
<       7\W  B  .  B  W  .  .  .  .  .  .\7
<        8\.  .  .  .  .  B  B  .  B  .  .\8
<         9\.  .  B  .  .  .  .  .  W  .  .\9
<         10\.  W  B  .  .  .  .  .  .  W  W\10
<          11\.  .  W  .  .  .  .  .  .  B  .\11
<              a  b  c  d  e  f  g  h  i  j  k  
<
>genmove b
<= e6
<
>showboard
708c7 info: Winning SC.
<= 
< 
<  9d79b1364f06a790
<  a  b  c  d  e  f  g  h  i  j  k  
< 1\.  B  .  .  .  .  B  .  .  W  .\1
<  2\.  .  .  .  W  .  .  .  .  .  .\2
<   3\.  .  .  .  .  .  .  .  .  .  .\3
<    4\.  .  .  B  B  .  .  .  W  .  .\4
<     5\B  .  .  W  B  .  .  .  .  W  .\5
<      6\.  .  .  W  B  W  .  .  .  .  .\6
<       7\W  B  .  B  W  .  .  .  .  .  .\7
<        8\.  .  .  .  .  B  B  .  B  .  .\8
<         9\.  .  B  .  .  .  .  .  W  .  .\9
<         10\.  W  B  .  .  .  .  .  .  W  W\10
<          11\.  .  W  .  .  .  .  .  .  B  .\11
<              a  b  c  d  e  f  g  h  i  j  k  
<
>play w c8
<= 
<
>showboard
<= 
< 
<  ccdc76dcfb2ac1c6
<  a  b  c  d  e  f  g  h  i  j  k  
< 1\.  B  .  .  .  .  B  .  .  W  .\1
<  2\.  .  .  .  W  .  .  .  .  .  .\2
<   3\.  .  .  .  .  .  .  .  .  .  .\3
<    4\.  .  .  B  B  .  .  .  W  .  .\4
<     5\B  .  .  W  B  .  .  .  .  W  .\5
<      6\.  .  .  W  B  W  .  .  .  .  .\6
<       7\W  B  .  B  W  .  .  .  .  .  .\7
<        8\.  .  W  .  .  B  B  .  B  .  .\8
<         9\.  .  B  .  .  .  .  .  W  .  .\9
<         10\.  W  B  .  .  .  .  .  .  W  W\10
<          11\.  .  W  .  .  .  .  .  .  B  .\11
<              a  b  c  d  e  f  g  h  i  j  k  
<
>genmove b
<= d8
<
>showboard
708c7 info: Winning SC.
<= 
< 
<  8c27e317ea39ea29
<  a  b  c  d  e  f  g  h  i  j  k  
< 1\.  B  .  .  .  .  B  .  .  W  .\1
<  2\.  .  .  .  W  .  .  .  .  .  .\2
<   3\.  .  .  .  .  .  .  .  .  .  .\3
<    4\.  .  .  B  B  .  .  .  W  .  .\4
<     5\B  .  .  W  B  .  .  .  .  W  .\5
<      6\.  .  .  W  B  W  .  .  .  .  .\6
<       7\W  B  .  B  W  .  .  .  .  .  .\7
<        8\.  .  W  B  .  B  B  .  B  .  .\8
<         9\.  .  B  .  .  .  .  .  W  .  .\9
<         10\.  W  B  .  .  .  .  .  .  W  W\10
<          11\.  .  W  .  .  .  .  .  .  B  .\11
<              a  b  c  d  e  f  g  h  i  j  k  
<
>play w e9
<= 
<
>showboard
<= 
< 
<  8ffb07847c558fc5
<  a  b  c  d  e  f  g  h  i  j  k  
< 1\.  B  .  .  .  .  B  .  .  W  .\1
<  2\.  .  .  .  W  .  .  .  .  .  .\2
<   3\.  .  .  .  .  .  .  .  .  .  .\3
<    4\.  .  .  B  B  .  .  .  W  .  .\4
<     5\B  .  .  W  B  .  .  .  .  W  .\5
<      6\.  .  .  W  B  W  .  .  .  .  .\6
<       7\W  B  .  B  W  .  .  .  .  .  .\7
<        8\.  .  W  B  .  B  B  .  B  .  .\8
<         9\.  .  B  .  W  .  .  .  W  .  .\9
<         10\.  W  B  .  .  .  .  .  .  W  W\10
<          11\.  .  W  .  .  .  .  .  .  B  .\11
<              a  b  c  d  e  f  g  h  i  j  k  
<
>genmove b
<= b11
<
>showboard
708c7 info: Winning SC.
<= 
< 
<  8146cd663757daea
<  a  b  c  d  e  f  g  h  i  j  k  
< 1\.  B  .  .  .  .  B  .  .  W  .\1
<  2\.  .  .  .  W  .  .  .  .  .  .\2
<   3\.  .  .  .  .  .  .  .  .  .  .\3
<    4\.  .  .  B  B  .  .  .  W  .  .\4
<     5\B  .  .  W  B  .  .  .  .  W  .\5
<      6\.  .  .  W  B  W  .  .  .  .  .\6
<       7\W  B  .  B  W  .  .  .  .  .  .\7
<        8\.  .  W  B  .  B  B  .  B  .  .\8
<         9\.  .  B  .  W  .  .  .  W  .  .\9
<         10\.  W  B  .  .  .  .  .  .  W  W\10
<          11\.  B  W  .  .  .  .  .  .  B  .\11
<              a  b  c  d  e  f  g  h  i  j  k  
<
>play w g2
<= 
<
>showboard
<= 
< 
<  18744baf1edd5282
<  a  b  c  d  e  f  g  h  i  j  k  
< 1\.  B  .  .  .  .  B  .  .  W  .\1
<  2\.  .  .  .  W  .  W  .  .  .  .\2
<   3\.  .  .  .  .  .  .  .  .  .  .\3
<    4\.  .  .  B  B  .  .  .  W  .  .\4
<     5\B  .  .  W  B  .  .  .  .  W  .\5
<      6\.  .  .  W  B  W  .  .  .  .  .\6
<       7\W  B  .  B  W  .  .  .  .  .  .\7
<        8\.  .  W  B  .  B  B  .  B  .  .\8
<         9\.  .  B  .  W  .  .  .  W  .  .\9
<         10\.  W  B  .  .  .  .  .  .  W  W\10
<          11\.  B  W  .  .  .  .  .  .  B  .\11
<              a  b  c  d  e  f  g  h  i  j  k  
<
>genmove b
<= f2
<
>showboard
708c7 info: Winning SC.
<= 
< 
<  d2136423ed11a9ec
<  a  b  c  d  e  f  g  h  i  j  k  
< 1\.  B  .  .  .  .  B  .  .  W  .\1
<  2\.  .  .  .  W  B  W  .  .  .  .\2
<   3\.  .  .  .  .  .  .  .  .  .  .\3
<    4\.  .  .  B  B  .  .  .  W  .  .\4
<     5\B  .  .  W  B  .  .  .  .  W  .\5
<      6\.  .  .  W  B  W  .  .  .  .  .\6
<       7\W  B  .  B  W  .  .  .  .  .  .\7
<        8\.  .  W  B  .  B  B  .  B  .  .\8
<         9\.  .  B  .  W  .  .  .  W  .  .\9
<         10\.  W  B  .  .  .  .  .  .  W  W\10
<          11\.  B  W  .  .  .  .  .  .  B  .\11
<              a  b  c  d  e  f  g  h  i  j  k  
<
>play w f3
<= 
<
>showboard
<= 
< 
<  96cc92191ef16141
<  a  b  c  d  e  f  g  h  i  j  k  
< 1\.  B  .  .  .  .  B  .  .  W  .\1
<  2\.  .  .  .  W  B  W  .  .  .  .\2
<   3\.  .  .  .  .  W  .  .  .  .  .\3
<    4\.  .  .  B  B  .  .  .  W  .  .\4
<     5\B  .  .  W  B  .  .  .  .  W  .\5
<      6\.  .  .  W  B  W  .  .  .  .  .\6
<       7\W  B  .  B  W  .  .  .  .  .  .\7
<        8\.  .  W  B  .  B  B  .  B  .  .\8
<         9\.  .  B  .  W  .  .  .  W  .  .\9
<         10\.  W  B  .  .  .  .  .  .  W  W\10
<          11\.  B  W  .  .  .  .  .  .  B  .\11
<              a  b  c  d  e  f  g  h  i  j  k  
<
>genmove b
<= e3
<
>showboard
708c7 info: Winning SC.
<= 
< 
<  29e863be9e59c064
<  a  b  c  d  e  f  g  h  i  j  k  
< 1\.  B  .  .  .  .  B  .  .  W  .\1
<  2\.  .  .  .  W  B  W  .  .  .  .\2
<   3\.  .  .  .  B  W  .  .  .  .  .\3
<    4\.  .  .  B  B  .  .  .  W  .  .\4
<     5\B  .  .  W  B  .  .  .  .  W  .\5
<      6\.  .  .  W  B  W  .  .  .  .  .\6
<       7\W  B  .  B  W  .  .  .  .  .  .\7
<        8\.  .  W  B  .  B  B  .  B  .  .\8
<         9\.  .  B  .  W  .  .  .  W  .  .\9
<         10\.  W  B  .  .  .  .  .  .  W  W\10
<          11\.  B  W  .  .  .  .  .  .  B  .\11
<              a  b  c  d  e  f  g  h  i  j  k  
<
>play w resign
<= 
<
>showboard
<= 
< 
<  29e863be9e59c064
<  a  b  c  d  e  f  g  h  i  j  k  
< 1\.  B  .  .  .  .  B  .  .  W  .\1
<  2\.  .  .  .  W  B  W  .  .  .  .\2
<   3\.  .  .  .  B  W  .  .  .  .  .\3
<    4\.  .  .  B  B  .  .  .  W  .  .\4
<     5\B  .  .  W  B  .  .  .  .  W  .\5
<      6\.  .  .  W  B  W  .  .  .  .  .\6
<       7\W  B  .  B  W  .  .  .  .  .  .\7
<        8\.  .  W  B  .  B  B  .  B  .  .\8
<         9\.  .  B  .  W  .  .  .  W  .  .\9
<         10\.  W  B  .  .  .  .  .  .  W  W\10
<          11\.  B  W  .  .  .  .  .  .  B  .\11
<              a  b  c  d  e  f  g  h  i  j  k  
<
>final_score
<= B+
<
>quit
<= 
<
