# nice ../build/src/mohex/mohex --config mohex-weak.htp --seed 925216 --logfile-name jobs/11x11-mohex-mohex-cg2010-vs-mohex-mohex-weak-1/mohex-mohex-weak-286.log
>boardsize 11 11
MoHex 2.0.CMake Mar 21 2025
Copyright (C) 2007-2012 by the authors of the Benzene project.
This program comes with ABSOLUTELY NO WARRANTY. This is
free software and you are welcome to redistribute it under
certain conditions. Type `benzene-license' for details.

SgRandom::SetSeed: 925216
SgUctSearch: system memory 33632358400, using 1000000000 (5681818 nodes)
SgRandom::SetSeed: 1
SgRandom::SetSeed: 925216
2af97 info: Prior Patterns:
2af97 info: Global:
2af97 info: Size            = 565 32648 
2af97 info: TableEntries    = 65932 65910
2af97 info: MirrorsAdded    = 0 0
2af97 info: PrunableCount   = 30593 30629
2af97 info: LargestGamma    = 5820.77
2af97 info: SmallestGamma   = 6.6e-05
2af97 info: Local:
2af97 info: Size            = 550 5318 
2af97 info: TableEntries    = 11602 11588
2af97 info: MirrorsAdded    = 0 0
2af97 info: PrunableCount   = 3659 3667
2af97 info: LargestGamma    = 11281.8
2af97 info: SmallestGamma   = 0.026235
2af97 info: Playout Patterns:
2af97 info: Global:
2af97 info: Size            = 565 32648 
2af97 info: TableEntries    = 70329 70329
2af97 info: MirrorsAdded    = 4397 4419
2af97 info: PrunableCount   = 30593 30629
2af97 info: LargestGamma    = 5820.77
2af97 info: SmallestGamma   = 6.6e-05
2af97 info: Local:
2af97 info: Size            = 550 5318 
2af97 info: TableEntries    = 11602 11588
2af97 info: MirrorsAdded    = 0 0
2af97 info: PrunableCount   = 3659 3667
2af97 info: LargestGamma    = 11281.8
2af97 info: SmallestGamma   = 0.026235
<= 
<
>name
param_game allow_swap 1
= 

param_mohex max_memory 1600000
= 

param_mohex num_threads 1
= 

param_mohex max_time 1
= 

param_mohex max_games 1
= 

param_mohex knowledge_threshold 400
= 

param_mohex reuse_subtree 1
= 

param_mohex use_parallel_solver 0
= 

<= MoHex
<
>version
<= 2.0.CMake
<
>play b c1
<= 
<
>genmove w
<= d8
<
>play b e7
2af97 info: SwapCheck: reading from '/home/linus/MoHex2.0/nfbranchfix/benzene-vanilla-cmake/share/swap-moves.txt'.
2af97 info: SwapCheck: opting not to swap.
2af97 info: Best move cannot be determined, must search state.
2af97 info: --- MoHexPlayer::Search() ---
2af97 info: Color: white
2af97 info: MaxGames: 1
2af97 info: NumberThreads: 1
2af97 info: MaxNodes: 9090 (799920 bytes)
2af97 info: TimeForMove: 1
2af97 info: PreSearch: max time reached (54/91).
2af97 info: Time for PreSearch: 0.200744s
2af97 info: 
  d1f3b5af77207658
  a  b  c  d  e  f  g  h  i  j  k  
 1\b  b  B  .  *  *  *  *  *  *  .\1
  2\.  .  *  *  *  *  *  *  *  *  .\2
   3\.  .  *  *  *  *  *  *  *  *  .\3
    4\.  *  *  *  *  *  *  *  *  *  .\4
     5\.  *  *  *  *  *  *  *  *  *  .\5
      6\.  *  *  *  *  *  *  *  *  *  .\6
       7\.  *  *  *  *  *  *  *  *  *  .\7
        8\.  *  *  *  *  *  *  *  *  *  .\8
         9\.  *  *  *  *  *  *  *  *  *  .\9
         10\.  *  *  *  *  *  *  *  *  .  .\10
          11\.  *  *  *  *  *  *  *  .  .  .\11
              a  b  c  d  e  f  g  h  i  j  k  
2af97 info: No subtree to reuse.
2af97 info: Creating thread 0
2af97 info: StartSearch()[0]
SgUctSearch: max games reached
2af97 info: 
Elapsed Time   0.47172s
Count          1
GamesPlayed    1
Nodes          1
Knowledge      0 (0.0%)
Expansions     0.0
Time           0.00
GameLen        118.0 dev=0.0 min=118.0 max=118.0
InTree         0.0 dev=0.0 min=0.0 max=0.0
KnowDepth      -
Aborted        0%
Games/s        364.3
Score          1.00
Sequence      
2af97 info: 
2af97 warning: **** MoHexSearch returned empty sequence!
2af97 warning: **** Returning random move!
<= 
<
>genmove w
<= e5
<
>play b b7
2af97 info: Best move cannot be determined, must search state.
2af97 info: --- MoHexPlayer::Search() ---
2af97 info: Color: white
2af97 info: MaxGames: 1
2af97 info: NumberThreads: 1
2af97 info: MaxNodes: 9090 (799920 bytes)
2af97 info: TimeForMove: 1
2af97 info: PreSearch: max time reached (50/89).
2af97 info: Time for PreSearch: 0.204347s
2af97 info: 
  d8e5f6072500c362
  a  b  c  d  e  f  g  h  i  j  k  
 1\b  b  B  .  *  *  *  *  *  *  .\1
  2\.  .  *  *  *  *  *  *  *  *  .\2
   3\.  .  *  *  *  *  *  *  *  *  .\3
    4\.  *  *  *  *  *  *  *  *  *  .\4
     5\.  *  *  *  *  *  *  *  *  *  .\5
      6\.  *  *  *  *  *  *  *  *  *  .\6
       7\.  *  *  *  B  *  *  *  *  *  .\7
        8\.  *  *  W  *  *  *  *  *  *  .\8
         9\.  *  *  *  *  *  *  *  *  *  .\9
         10\.  *  *  *  *  *  *  *  *  .  .\10
          11\.  *  *  *  *  *  *  *  .  .  .\11
              a  b  c  d  e  f  g  h  i  j  k  
2af97 info: Old: [black, c1] 
2af97 info: New: [black, c1] [white, d8] [black, e7] 
2af97 info: MovesPlayed: [white, d8] [black, e7] 
2af97 info: No subtree to reuse.
2af97 info: StartSearch()[0]
SgUctSearch: max games reached
2af97 info: 
Elapsed Time   0.352847s
Count          1
GamesPlayed    1
Nodes          1
Knowledge      0 (0.0%)
Expansions     0.0
Time           0.00
GameLen        116.0 dev=0.0 min=116.0 max=116.0
InTree         0.0 dev=0.0 min=0.0 max=0.0
KnowDepth      -
Aborted        0%
Games/s        3610.1
Score          0.00
Sequence      
2af97 info: 
2af97 warning: **** MoHexSearch returned empty sequence!
2af97 warning: **** Returning random move!
<= 
<
>genmove w
<= g10
<
>play b f10
2af97 info: Best move cannot be determined, must search state.
2af97 info: --- MoHexPlayer::Search() ---
2af97 info: Color: white
2af97 info: MaxGames: 1
2af97 info: NumberThreads: 1
2af97 info: MaxNodes: 9090 (799920 bytes)
2af97 info: TimeForMove: 1
2af97 info: PreSearch: max time reached (53/87).
2af97 info: Time for PreSearch: 0.201507s
2af97 info: 
  932e2c204e21f00a
  a  b  c  d  e  f  g  h  i  j  k  
 1\b  b  B  .  *  *  *  *  *  *  .\1
  2\.  .  *  *  *  *  *  *  *  *  .\2
   3\.  .  *  *  *  *  *  *  *  *  .\3
    4\.  *  *  *  *  *  *  *  *  *  .\4
     5\.  *  *  *  W  *  *  *  *  *  .\5
      6\.  *  *  *  *  *  *  *  *  *  .\6
       7\.  B  *  *  B  *  *  *  *  *  .\7
        8\.  *  *  W  *  *  *  *  *  *  .\8
         9\.  *  *  *  *  *  *  *  *  *  .\9
         10\.  *  *  *  *  *  *  *  *  .  .\10
          11\.  *  *  *  *  *  *  *  .  .  .\11
              a  b  c  d  e  f  g  h  i  j  k  
2af97 info: Old: [black, c1] [white, d8] [black, e7] 
2af97 info: New: [black, c1] [white, d8] [black, e7] [white, e5] [black, b7] 
2af97 info: MovesPlayed: [white, e5] [black, b7] 
2af97 info: No subtree to reuse.
2af97 info: StartSearch()[0]
SgUctSearch: max games reached
2af97 info: 
Elapsed Time   0.341241s
Count          1
GamesPlayed    1
Nodes          1
Knowledge      0 (0.0%)
Expansions     0.0
Time           0.00
GameLen        114.0 dev=0.0 min=114.0 max=114.0
InTree         0.0 dev=0.0 min=0.0 max=0.0
KnowDepth      -
Aborted        0%
Games/s        3546.1
Score          1.00
Sequence      
2af97 info: 
2af97 warning: **** MoHexSearch returned empty sequence!
2af97 warning: **** Returning random move!
<= 
<
>genmove w
<= g2
<
>play b h8
2af97 info: Best move cannot be determined, must search state.
2af97 info: --- MoHexPlayer::Search() ---
2af97 info: Color: white
2af97 info: MaxGames: 1
2af97 info: NumberThreads: 1
2af97 info: MaxNodes: 9090 (799920 bytes)
2af97 info: TimeForMove: 1
2af97 info: PreSearch: max time reached (54/79).
2af97 info: Time for PreSearch: 0.200948s
2af97 info: 
  72b447a4950e00a7
  a  b  c  d  e  f  g  h  i  j  k  
 1\b  b  B  .  *  *  *  *  *  *  .\1
  2\.  .  *  *  *  *  *  *  *  *  .\2
   3\.  .  *  *  *  *  *  *  *  *  .\3
    4\.  *  *  *  *  *  *  *  *  *  .\4
     5\.  *  *  *  W  *  *  *  *  *  .\5
      6\.  *  *  *  *  *  *  *  *  *  .\6
       7\.  B  *  *  B  *  *  *  *  *  .\7
        8\.  *  *  W  *  *  *  *  *  *  .\8
         9\.  *  *  *  *  *  *  *  *  *  .\9
         10\.  *  *  *  .  B  W  *  *  .  .\10
          11\.  *  .  b  b  b  .  *  .  .  .\11
              a  b  c  d  e  f  g  h  i  j  k  
2af97 info: Old: [black, c1] [white, d8] [black, e7] [white, e5] [black, b7] 
2af97 info: New: [black, c1] [white, d8] [black, e7] [white, e5] [black, b7] [white, g10] [black, f10] 
2af97 info: MovesPlayed: [white, g10] [black, f10] 
2af97 info: No subtree to reuse.
2af97 info: StartSearch()[0]
SgUctSearch: max games reached
2af97 info: 
Elapsed Time   0.345277s
Count          1
GamesPlayed    1
Nodes          1
Knowledge      0 (0.0%)
Expansions     0.0
Time           0.00
GameLen        109.0 dev=0.0 min=109.0 max=109.0
InTree         0.0 dev=0.0 min=0.0 max=0.0
KnowDepth      -
Aborted        0%
Games/s        3571.4
Score          0.00
Sequence      
2af97 info: 
2af97 warning: **** MoHexSearch returned empty sequence!
2af97 warning: **** Returning random move!
<= 
<
>genmove w
<= e4
<
>play b h5
2af97 info: Best move cannot be determined, must search state.
2af97 info: --- MoHexPlayer::Search() ---
2af97 info: Color: white
2af97 info: MaxGames: 1
2af97 info: NumberThreads: 1
2af97 info: MaxNodes: 9090 (799920 bytes)
2af97 info: TimeForMove: 1
2af97 info: PreSearch: max time reached (52/75).
2af97 info: Time for PreSearch: 0.202434s
2af97 info: 
  9da080b5b4532a25
  a  b  c  d  e  f  g  h  i  j  k  
 1\b  b  B  .  *  *  .  .  *  *  .\1
  2\.  .  *  *  *  *  W  *  *  *  .\2
   3\.  .  *  *  *  *  *  *  *  *  .\3
    4\.  *  *  *  *  *  *  *  *  *  .\4
     5\.  *  *  *  W  *  *  *  *  *  .\5
      6\.  *  *  *  *  *  *  *  *  *  .\6
       7\.  B  *  *  B  *  *  *  *  *  .\7
        8\.  *  *  W  *  *  *  B  *  *  .\8
         9\.  *  *  *  *  *  *  *  *  *  .\9
         10\.  *  *  *  .  B  W  *  *  .  .\10
          11\.  *  .  b  b  b  .  *  .  .  .\11
              a  b  c  d  e  f  g  h  i  j  k  
2af97 info: Old: [black, c1] [white, d8] [black, e7] [white, e5] [black, b7] [white, g10] [black, f10] 
2af97 info: New: [black, c1] [white, d8] [black, e7] [white, e5] [black, b7] [white, g10] [black, f10] [white, g2] [black, h8] 
2af97 info: MovesPlayed: [white, g2] [black, h8] 
2af97 info: No subtree to reuse.
2af97 info: StartSearch()[0]
SgUctSearch: max games reached
2af97 info: 
Elapsed Time   0.344519s
Count          1
GamesPlayed    1
Nodes          1
Knowledge      0 (0.0%)
Expansions     0.0
Time           0.00
GameLen        107.0 dev=0.0 min=107.0 max=107.0
InTree         0.0 dev=0.0 min=0.0 max=0.0
KnowDepth      -
Aborted        0%
Games/s        3378.4
Score          1.00
Sequence      
2af97 info: 
2af97 warning: **** MoHexSearch returned empty sequence!
2af97 warning: **** Returning random move!
<= 
<
>genmove w
<= d6
<
>play b i3
2af97 info: Best move cannot be determined, must search state.
2af97 info: --- MoHexPlayer::Search() ---
2af97 info: Color: white
2af97 info: MaxGames: 1
2af97 info: NumberThreads: 1
2af97 info: MaxNodes: 9090 (799920 bytes)
2af97 info: TimeForMove: 1
2af97 info: Time for PreSearch: 0.118046s
2af97 info: 
  2e425c11fae8628a
  a  b  c  d  e  f  g  h  i  j  k  
 1\b  b  B  .  .  .  .  .  *  *  .\1
  2\.  .  .  .  .  .  W  *  *  *  .\2
   3\.  .  .  .  .  .  .  *  *  .  .\3
    4\.  .  .  .  W  .  .  *  *  .  .\4
     5\.  .  .  .  W  .  .  B  *  .  .\5
      6\.  .  .  .  .  *  *  *  *  .  .\6
       7\.  B  .  .  B  *  *  *  *  .  .\7
        8\.  .  .  W  *  *  *  B  *  .  .\8
         9\.  .  .  *  *  *  *  *  *  *  .\9
         10\.  .  *  *  .  B  W  *  *  .  .\10
          11\.  *  .  b  b  b  .  *  .  .  .\11
              a  b  c  d  e  f  g  h  i  j  k  
2af97 info: Old: [black, c1] [white, d8] [black, e7] [white, e5] [black, b7] [white, g10] [black, f10] [white, g2] [black, h8] 
2af97 info: New: [black, c1] [white, d8] [black, e7] [white, e5] [black, b7] [white, g10] [black, f10] [white, g2] [black, h8] [white, e4] [black, h5] 
2af97 info: MovesPlayed: [white, e4] [black, h5] 
2af97 info: No subtree to reuse.
2af97 info: StartSearch()[0]
SgUctSearch: max games reached
2af97 info: 
Elapsed Time   0.259563s
Count          1
GamesPlayed    1
Nodes          1
Knowledge      0 (0.0%)
Expansions     0.0
Time           0.00
GameLen        105.0 dev=0.0 min=105.0 max=105.0
InTree         0.0 dev=0.0 min=0.0 max=0.0
KnowDepth      -
Aborted        0%
Games/s        3184.7
Score          1.00
Sequence      
2af97 info: 
2af97 warning: **** MoHexSearch returned empty sequence!
2af97 warning: **** Returning random move!
<= 
<
>genmove w
<= h4
<
>play b i4
2af97 info: Opponent has won; playing most blocking move.
<= 
<
>genmove w
<= i1
<
>play b j1
2af97 info: Opponent has won; playing most blocking move.
<= 
<
>genmove w
<= i2
<
>play b j2
2af97 info: Opponent has won; playing most blocking move.
<= 
<
>genmove w
<= h7
<
>play b g7
2af97 info: Opponent has won; playing most blocking move.
<= 
<
>genmove w
<= g8
<
>play b f8
2af97 info: Opponent has won; playing most blocking move.
<= 
<
>genmove w
<= f9
<
>play b e9
2af97 info: Opponent has won; playing most blocking move.
<= 
<
>genmove w
<= h6
<
>play b g6
2af97 info: Opponent has won; playing most blocking move.
<= 
<
>genmove w
<= d10
<
>play b e10
2af97 info: Opponent has won; playing most blocking move.
<= 
<
>genmove w
<= f11
<
>play b d11
2af97 info: Captured cells caused win! Removing...
2af97 info: Opponent has won; playing most blocking move.
<= 
<
>genmove w
<= resign
<
>final_score
<= B+
<
>quit
<= 
<
