# nice ../build/src/mohex/mohex --config mohex-cg2010.htp --seed 316781 --logfile-name jobs/11x11-mohex-mohex-cg2010-vs-mohex-mohex-weak-1/mohex-mohex-cg2010-293.log
>boardsize 11 11
MoHex 2.0.CMake Mar 21 2025
Copyright (C) 2007-2012 by the authors of the Benzene project.
This program comes with ABSOLUTELY NO WARRANTY. This is
free software and you are welcome to redistribute it under
certain conditions. Type `benzene-license' for details.

SgRandom::SetSeed: 316781
SgUctSearch: system memory 33632358400, using 1000000000 (5681818 nodes)
SgRandom::SetSeed: 1
SgRandom::SetSeed: 316781
a7727 info: Prior Patterns:
a7727 info: Global:
a7727 info: Size            = 565 32648 
a7727 info: TableEntries    = 65932 65910
a7727 info: MirrorsAdded    = 0 0
a7727 info: PrunableCount   = 30593 30629
a7727 info: LargestGamma    = 5820.77
a7727 info: SmallestGamma   = 6.6e-05
a7727 info: Local:
a7727 info: Size            = 550 5318 
a7727 info: TableEntries    = 11602 11588
a7727 info: MirrorsAdded    = 0 0
a7727 info: PrunableCount   = 3659 3667
a7727 info: LargestGamma    = 11281.8
a7727 info: SmallestGamma   = 0.026235
a7727 info: Playout Patterns:
a7727 info: Global:
a7727 info: Size            = 565 32648 
a7727 info: TableEntries    = 70329 70329
a7727 info: MirrorsAdded    = 4397 4419
a7727 info: PrunableCount   = 30593 30629
a7727 info: LargestGamma    = 5820.77
a7727 info: SmallestGamma   = 6.6e-05
a7727 info: Local:
a7727 info: Size            = 550 5318 
a7727 info: TableEntries    = 11602 11588
a7727 info: MirrorsAdded    = 0 0
a7727 info: PrunableCount   = 3659 3667
a7727 info: LargestGamma    = 11281.8
a7727 info: SmallestGamma   = 0.026235
param_game allow_swap 1
= 

param_mohex max_memory 32000000000
= 

param_mohex num_threads 1
= 

param_mohex max_time 1
= 

param_mohex max_games 1
= 

param_mohex knowledge_threshold 400
= 

param_mohex reuse_subtree 1
= 

param_mohex use_parallel_solver 0
= 

<= 
<
>name
<= MoHex
<
>version
<= 2.0.CMake
<
>play b c4
<= 
<
>genmove w
<= swap-pieces
<
>showboard
a7727 info: SwapCheck: reading from '/home/linus/MoHex2.0/nfbranchfix/benzene-vanilla-cmake/share/swap-moves.txt'.
a7727 info: SwapCheck: playing swap.
<= 
< 
<  3c8abd09a0544597
<  a  b  c  d  e  f  g  h  i  j  k  
< 1\.  .  .  .  .  .  .  .  .  .  .\1
<  2\.  .  .  .  .  .  .  .  .  .  .\2
<   3\.  .  .  .  .  .  .  .  .  .  .\3
<    4\.  .  B  .  .  .  .  .  .  .  .\4
<     5\.  .  .  .  .  .  .  .  .  .  .\5
<      6\.  .  .  .  .  .  .  .  .  .  .\6
<       7\.  .  .  .  .  .  .  .  .  .  .\7
<        8\.  .  .  .  .  .  .  .  .  .  .\8
<         9\.  .  .  .  .  .  .  .  .  .  .\9
<         10\.  .  .  .  .  .  .  .  .  .  .\10
<          11\.  .  .  .  .  .  .  .  .  .  .\11
<              a  b  c  d  e  f  g  h  i  j  k  
<
>play w b3
<= 
<
>showboard
<= 
< 
<  c986054e0360557a
<  a  b  c  d  e  f  g  h  i  j  k  
< 1\.  .  .  .  .  .  .  .  .  .  .\1
<  2\.  .  .  .  .  .  .  .  .  .  .\2
<   3\.  W  .  .  .  .  .  .  .  .  .\3
<    4\.  .  B  .  .  .  .  .  .  .  .\4
<     5\.  .  .  .  .  .  .  .  .  .  .\5
<      6\.  .  .  .  .  .  .  .  .  .  .\6
<       7\.  .  .  .  .  .  .  .  .  .  .\7
<        8\.  .  .  .  .  .  .  .  .  .  .\8
<         9\.  .  .  .  .  .  .  .  .  .  .\9
<         10\.  .  .  .  .  .  .  .  .  .  .\10
<          11\.  .  .  .  .  .  .  .  .  .  .\11
<              a  b  c  d  e  f  g  h  i  j  k  
<
>genmove b
<= k8
<
>showboard
a7727 info: Best move cannot be determined, must search state.
a7727 info: --- MoHexPlayer::Search() ---
a7727 info: Color: black
a7727 info: MaxGames: 1
a7727 info: NumberThreads: 1
a7727 info: MaxNodes: 181818181 (15999999928 bytes)
a7727 info: TimeForMove: 1
a7727 info: PreSearch: max time reached (56/83).
a7727 info: Time for PreSearch: 0.200985s
a7727 info: 
  c986054e0360557a
  a  b  c  d  e  f  g  h  i  j  k  
 1\w  w  .  .  .  .  .  .  .  .  .\1
  2\w  w  .  .  *  *  *  *  *  *  *\2
   3\w  W  *  *  *  *  *  *  *  *  *\3
    4\w  w  B  *  *  *  *  *  *  *  *\4
     5\w  .  *  *  *  *  *  *  *  *  *\5
      6\w  *  *  *  *  *  *  *  *  *  *\6
       7\.  *  *  *  *  *  *  *  *  *  *\7
        8\*  *  *  *  *  *  *  *  *  *  *\8
         9\*  *  *  *  *  *  *  *  *  *  .\9
         10\*  *  *  *  *  *  *  *  *  .  .\10
          11\.  .  .  .  .  .  .  .  .  .  .\11
              a  b  c  d  e  f  g  h  i  j  k  
a7727 info: No subtree to reuse.
a7727 info: Creating thread 0
a7727 info: StartSearch()[0]
SgUctSearch: max games reached
a7727 info: 
Elapsed Time   0.345462s
Count          1
GamesPlayed    1
Nodes          1
Knowledge      0 (0.0%)
Expansions     0.0
Time           0.00
GameLen        110.0 dev=0.0 min=110.0 max=110.0
InTree         0.0 dev=0.0 min=0.0 max=0.0
KnowDepth      -
Aborted        0%
Games/s        408.0
Score          1.00
Sequence      
a7727 info: 
a7727 warning: **** MoHexSearch returned empty sequence!
a7727 warning: **** Returning random move!
<= 
< 
<  2bfc8667d83fe8e4
<  a  b  c  d  e  f  g  h  i  j  k  
< 1\.  .  .  .  .  .  .  .  .  .  .\1
<  2\.  .  .  .  .  .  .  .  .  .  .\2
<   3\.  W  .  .  .  .  .  .  .  .  .\3
<    4\.  .  B  .  .  .  .  .  .  .  .\4
<     5\.  .  .  .  .  .  .  .  .  .  .\5
<      6\.  .  .  .  .  .  .  .  .  .  .\6
<       7\.  .  .  .  .  .  .  .  .  .  .\7
<        8\.  .  .  .  .  .  .  .  .  .  B\8
<         9\.  .  .  .  .  .  .  .  .  .  .\9
<         10\.  .  .  .  .  .  .  .  .  .  .\10
<          11\.  .  .  .  .  .  .  .  .  .  .\11
<              a  b  c  d  e  f  g  h  i  j  k  
<
>play w b5
<= 
<
>showboard
<= 
< 
<  8c9092d800d4b58b
<  a  b  c  d  e  f  g  h  i  j  k  
< 1\.  .  .  .  .  .  .  .  .  .  .\1
<  2\.  .  .  .  .  .  .  .  .  .  .\2
<   3\.  W  .  .  .  .  .  .  .  .  .\3
<    4\.  .  B  .  .  .  .  .  .  .  .\4
<     5\.  W  .  .  .  .  .  .  .  .  .\5
<      6\.  .  .  .  .  .  .  .  .  .  .\6
<       7\.  .  .  .  .  .  .  .  .  .  .\7
<        8\.  .  .  .  .  .  .  .  .  .  B\8
<         9\.  .  .  .  .  .  .  .  .  .  .\9
<         10\.  .  .  .  .  .  .  .  .  .  .\10
<          11\.  .  .  .  .  .  .  .  .  .  .\11
<              a  b  c  d  e  f  g  h  i  j  k  
<
>genmove b
<= i6
<
>showboard
a7727 info: Best move cannot be determined, must search state.
a7727 info: --- MoHexPlayer::Search() ---
a7727 info: Color: black
a7727 info: MaxGames: 1
a7727 info: NumberThreads: 1
a7727 info: MaxNodes: 181818181 (15999999928 bytes)
a7727 info: TimeForMove: 1
a7727 info: PreSearch: max time reached (57/80).
a7727 info: Time for PreSearch: 0.203694s
a7727 info: 
  8c9092d800d4b58b
  a  b  c  d  e  f  g  h  i  j  k  
 1\w  w  .  .  .  .  .  .  .  .  .\1
  2\w  w  .  .  *  *  *  *  *  *  *\2
   3\w  W  *  *  *  *  *  *  *  *  *\3
    4\w  b  B  *  *  *  *  *  *  *  *\4
     5\w  W  *  *  *  *  *  *  *  *  *\5
      6\w  .  *  *  *  *  *  *  *  *  *\6
       7\w  *  *  *  *  *  *  *  *  *  *\7
        8\.  *  *  *  *  *  *  *  *  *  B\8
         9\*  *  *  *  *  *  *  *  *  *  .\9
         10\*  *  *  *  *  *  *  *  *  .  .\10
          11\.  .  .  .  .  .  .  .  .  .  .\11
              a  b  c  d  e  f  g  h  i  j  k  
a7727 info: Old: [black, c4] [white, swap-pieces] [white, b3] 
a7727 info: New: [black, c4] [white, swap-pieces] [white, b3] [black, k8] [white, b5] 
a7727 info: MovesPlayed: [black, k8] [white, b5] 
a7727 info: No subtree to reuse.
a7727 info: StartSearch()[0]
SgUctSearch: max games reached
a7727 info: 
Elapsed Time   0.34927s
Count          1
GamesPlayed    1
Nodes          1
Knowledge      0 (0.0%)
Expansions     0.0
Time           0.00
GameLen        107.0 dev=0.0 min=107.0 max=107.0
InTree         0.0 dev=0.0 min=0.0 max=0.0
KnowDepth      -
Aborted        0%
Games/s        3773.6
Score          1.00
Sequence      
a7727 info: 
a7727 warning: **** MoHexSearch returned empty sequence!
a7727 warning: **** Returning random move!
<= 
< 
<  62e3dd1d1a1b2944
<  a  b  c  d  e  f  g  h  i  j  k  
< 1\.  .  .  .  .  .  .  .  .  .  .\1
<  2\.  .  .  .  .  .  .  .  .  .  .\2
<   3\.  W  .  .  .  .  .  .  .  .  .\3
<    4\.  .  B  .  .  .  .  .  .  .  .\4
<     5\.  W  .  .  .  .  .  .  .  .  .\5
<      6\.  .  .  .  .  .  .  .  B  .  .\6
<       7\.  .  .  .  .  .  .  .  .  .  .\7
<        8\.  .  .  .  .  .  .  .  .  .  B\8
<         9\.  .  .  .  .  .  .  .  .  .  .\9
<         10\.  .  .  .  .  .  .  .  .  .  .\10
<          11\.  .  .  .  .  .  .  .  .  .  .\11
<              a  b  c  d  e  f  g  h  i  j  k  
<
>play w c2
<= 
<
>showboard
<= 
< 
<  74fa2d3f81700cf9
<  a  b  c  d  e  f  g  h  i  j  k  
< 1\.  .  .  .  .  .  .  .  .  .  .\1
<  2\.  .  W  .  .  .  .  .  .  .  .\2
<   3\.  W  .  .  .  .  .  .  .  .  .\3
<    4\.  .  B  .  .  .  .  .  .  .  .\4
<     5\.  W  .  .  .  .  .  .  .  .  .\5
<      6\.  .  .  .  .  .  .  .  B  .  .\6
<       7\.  .  .  .  .  .  .  .  .  .  .\7
<        8\.  .  .  .  .  .  .  .  .  .  B\8
<         9\.  .  .  .  .  .  .  .  .  .  .\9
<         10\.  .  .  .  .  .  .  .  .  .  .\10
<          11\.  .  .  .  .  .  .  .  .  .  .\11
<              a  b  c  d  e  f  g  h  i  j  k  
<
>genmove b
<= e11
<
>showboard
a7727 info: Best move cannot be determined, must search state.
a7727 info: --- MoHexPlayer::Search() ---
a7727 info: Color: black
a7727 info: MaxGames: 1
a7727 info: NumberThreads: 1
a7727 info: MaxNodes: 181818181 (15999999928 bytes)
a7727 info: TimeForMove: 1
a7727 info: PreSearch: max time reached (56/79).
a7727 info: Time for PreSearch: 0.206339s
a7727 info: 
  74fa2d3f81700cf9
  a  b  c  d  e  f  g  h  i  j  k  
 1\b  b  b  .  .  .  .  .  .  .  .\1
  2\w  w  W  *  *  *  *  *  *  *  *\2
   3\w  W  .  *  *  *  *  *  *  *  *\3
    4\w  b  B  *  *  *  *  *  *  *  *\4
     5\w  W  *  *  *  *  *  *  *  *  *\5
      6\w  .  *  *  *  *  *  *  B  *  *\6
       7\w  *  *  *  *  *  *  *  *  *  *\7
        8\.  *  *  *  *  *  *  *  *  *  B\8
         9\*  *  *  *  *  *  *  *  *  *  .\9
         10\*  *  *  *  *  *  *  *  *  .  .\10
          11\.  .  .  .  .  .  .  .  .  .  .\11
              a  b  c  d  e  f  g  h  i  j  k  
a7727 info: Old: [black, c4] [white, swap-pieces] [white, b3] [black, k8] [white, b5] 
a7727 info: New: [black, c4] [white, swap-pieces] [white, b3] [black, k8] [white, b5] [black, i6] [white, c2] 
a7727 info: MovesPlayed: [black, i6] [white, c2] 
a7727 info: No subtree to reuse.
a7727 info: StartSearch()[0]
SgUctSearch: max games reached
a7727 info: 
Elapsed Time   0.348661s
Count          1
GamesPlayed    1
Nodes          1
Knowledge      0 (0.0%)
Expansions     0.0
Time           0.00
GameLen        104.0 dev=0.0 min=104.0 max=104.0
InTree         0.0 dev=0.0 min=0.0 max=0.0
KnowDepth      -
Aborted        0%
Games/s        3717.5
Score          1.00
Sequence      
a7727 info: 
a7727 warning: **** MoHexSearch returned empty sequence!
a7727 warning: **** Returning random move!
<= 
< 
<  7ab86d6fe93d0d8e
<  a  b  c  d  e  f  g  h  i  j  k  
< 1\.  .  .  .  .  .  .  .  .  .  .\1
<  2\.  .  W  .  .  .  .  .  .  .  .\2
<   3\.  W  .  .  .  .  .  .  .  .  .\3
<    4\.  .  B  .  .  .  .  .  .  .  .\4
<     5\.  W  .  .  .  .  .  .  .  .  .\5
<      6\.  .  .  .  .  .  .  .  B  .  .\6
<       7\.  .  .  .  .  .  .  .  .  .  .\7
<        8\.  .  .  .  .  .  .  .  .  .  B\8
<         9\.  .  .  .  .  .  .  .  .  .  .\9
<         10\.  .  .  .  .  .  .  .  .  .  .\10
<          11\.  .  .  .  B  .  .  .  .  .  .\11
<              a  b  c  d  e  f  g  h  i  j  k  
<
>play w f1
<= 
<
>showboard
<= 
< 
<  3fee7af61089afad
<  a  b  c  d  e  f  g  h  i  j  k  
< 1\.  .  .  .  .  W  .  .  .  .  .\1
<  2\.  .  W  .  .  .  .  .  .  .  .\2
<   3\.  W  .  .  .  .  .  .  .  .  .\3
<    4\.  .  B  .  .  .  .  .  .  .  .\4
<     5\.  W  .  .  .  .  .  .  .  .  .\5
<      6\.  .  .  .  .  .  .  .  B  .  .\6
<       7\.  .  .  .  .  .  .  .  .  .  .\7
<        8\.  .  .  .  .  .  .  .  .  .  B\8
<         9\.  .  .  .  .  .  .  .  .  .  .\9
<         10\.  .  .  .  .  .  .  .  .  .  .\10
<          11\.  .  .  .  B  .  .  .  .  .  .\11
<              a  b  c  d  e  f  g  h  i  j  k  
<
>genmove b
<= j2
<
>showboard
a7727 info: Best move cannot be determined, must search state.
a7727 info: --- MoHexPlayer::Search() ---
a7727 info: Color: black
a7727 info: MaxGames: 1
a7727 info: NumberThreads: 1
a7727 info: MaxNodes: 181818181 (15999999928 bytes)
a7727 info: TimeForMove: 1
a7727 info: PreSearch: max time reached (59/79).
a7727 info: Time for PreSearch: 0.204502s
a7727 info: 
  3fee7af61089afad
  a  b  c  d  e  f  g  h  i  j  k  
 1\b  b  b  .  .  W  .  .  .  .  .\1
  2\w  w  W  *  *  *  *  *  *  *  *\2
   3\w  W  .  *  *  *  *  *  *  *  *\3
    4\w  b  B  *  *  *  *  *  *  *  *\4
     5\w  W  *  *  *  *  *  *  *  *  *\5
      6\w  .  *  *  *  *  *  *  B  *  *\6
       7\w  *  *  *  *  *  *  *  *  *  *\7
        8\.  *  *  *  *  *  *  *  *  *  B\8
         9\*  *  *  *  *  *  *  *  *  *  .\9
         10\*  *  *  *  *  *  *  *  *  .  .\10
          11\.  .  .  .  B  .  .  .  .  .  .\11
              a  b  c  d  e  f  g  h  i  j  k  
a7727 info: Old: [black, c4] [white, swap-pieces] [white, b3] [black, k8] [white, b5] [black, i6] [white, c2] 
a7727 info: New: [black, c4] [white, swap-pieces] [white, b3] [black, k8] [white, b5] [black, i6] [white, c2] [black, e11] [white, f1] 
a7727 info: MovesPlayed: [black, e11] [white, f1] 
a7727 info: No subtree to reuse.
a7727 info: StartSearch()[0]
SgUctSearch: max games reached
a7727 info: 
Elapsed Time   0.344287s
Count          1
GamesPlayed    1
Nodes          1
Knowledge      0 (0.0%)
Expansions     0.0
Time           0.00
GameLen        102.0 dev=0.0 min=102.0 max=102.0
InTree         0.0 dev=0.0 min=0.0 max=0.0
KnowDepth      -
Aborted        0%
Games/s        3460.2
Score          0.00
Sequence      
a7727 info: 
a7727 warning: **** MoHexSearch returned empty sequence!
a7727 warning: **** Returning random move!
<= 
< 
<  5882dcbf03d5a883
<  a  b  c  d  e  f  g  h  i  j  k  
< 1\.  .  .  .  .  W  .  .  .  .  .\1
<  2\.  .  W  .  .  .  .  .  .  B  .\2
<   3\.  W  .  .  .  .  .  .  .  .  .\3
<    4\.  .  B  .  .  .  .  .  .  .  .\4
<     5\.  W  .  .  .  .  .  .  .  .  .\5
<      6\.  .  .  .  .  .  .  .  B  .  .\6
<       7\.  .  .  .  .  .  .  .  .  .  .\7
<        8\.  .  .  .  .  .  .  .  .  .  B\8
<         9\.  .  .  .  .  .  .  .  .  .  .\9
<         10\.  .  .  .  .  .  .  .  .  .  .\10
<          11\.  .  .  .  B  .  .  .  .  .  .\11
<              a  b  c  d  e  f  g  h  i  j  k  
<
>play w b6
<= 
<
>showboard
<= 
< 
<  45240ef6cb024cbc
<  a  b  c  d  e  f  g  h  i  j  k  
< 1\.  .  .  .  .  W  .  .  .  .  .\1
<  2\.  .  W  .  .  .  .  .  .  B  .\2
<   3\.  W  .  .  .  .  .  .  .  .  .\3
<    4\.  .  B  .  .  .  .  .  .  .  .\4
<     5\.  W  .  .  .  .  .  .  .  .  .\5
<      6\.  W  .  .  .  .  .  .  B  .  .\6
<       7\.  .  .  .  .  .  .  .  .  .  .\7
<        8\.  .  .  .  .  .  .  .  .  .  B\8
<         9\.  .  .  .  .  .  .  .  .  .  .\9
<         10\.  .  .  .  .  .  .  .  .  .  .\10
<          11\.  .  .  .  B  .  .  .  .  .  .\11
<              a  b  c  d  e  f  g  h  i  j  k  
<
>genmove b
<= g1
<
>showboard
a7727 info: Best move cannot be determined, must search state.
a7727 info: --- MoHexPlayer::Search() ---
a7727 info: Color: black
a7727 info: MaxGames: 1
a7727 info: NumberThreads: 1
a7727 info: MaxNodes: 181818181 (15999999928 bytes)
a7727 info: TimeForMove: 1
a7727 info: PreSearch: max time reached (60/76).
a7727 info: Time for PreSearch: 0.20277s
a7727 info: 
  45240ef6cb024cbc
  a  b  c  d  e  f  g  h  i  j  k  
 1\b  b  b  .  .  W  .  .  b  b  b\1
  2\w  w  W  *  *  *  *  .  .  B  .\2
   3\w  W  .  *  *  *  *  *  *  *  *\3
    4\w  b  B  *  *  *  *  *  *  *  *\4
     5\w  W  *  *  *  *  *  *  *  *  *\5
      6\w  W  *  *  *  *  *  *  B  *  *\6
       7\b  *  *  *  *  *  *  *  *  *  *\7
        8\.  *  *  *  *  *  *  *  *  *  B\8
         9\*  *  *  *  *  *  *  *  *  .  .\9
         10\*  *  *  *  *  *  *  *  *  .  .\10
          11\.  .  .  .  B  .  .  .  .  .  .\11
              a  b  c  d  e  f  g  h  i  j  k  
a7727 info: Old: [black, c4] [white, swap-pieces] [white, b3] [black, k8] [white, b5] [black, i6] [white, c2] [black, e11] [white, f1] 
a7727 info: New: [black, c4] [white, swap-pieces] [white, b3] [black, k8] [white, b5] [black, i6] [white, c2] [black, e11] [white, f1] [black, j2] [white, b6] 
a7727 info: MovesPlayed: [black, j2] [white, b6] 
a7727 info: No subtree to reuse.
a7727 info: StartSearch()[0]
SgUctSearch: max games reached
a7727 info: 
Elapsed Time   0.347599s
Count          1
GamesPlayed    1
Nodes          1
Knowledge      0 (0.0%)
Expansions     0.0
Time           0.00
GameLen        97.0 dev=0.0 min=97.0 max=97.0
InTree         0.0 dev=0.0 min=0.0 max=0.0
KnowDepth      -
Aborted        0%
Games/s        3597.1
Score          1.00
Sequence      
a7727 info: 
a7727 warning: **** MoHexSearch returned empty sequence!
a7727 warning: **** Returning random move!
<= 
< 
<  cec07c44557c2e86
<  a  b  c  d  e  f  g  h  i  j  k  
< 1\.  .  .  .  .  W  B  .  .  .  .\1
<  2\.  .  W  .  .  .  .  .  .  B  .\2
<   3\.  W  .  .  .  .  .  .  .  .  .\3
<    4\.  .  B  .  .  .  .  .  .  .  .\4
<     5\.  W  .  .  .  .  .  .  .  .  .\5
<      6\.  W  .  .  .  .  .  .  B  .  .\6
<       7\.  .  .  .  .  .  .  .  .  .  .\7
<        8\.  .  .  .  .  .  .  .  .  .  B\8
<         9\.  .  .  .  .  .  .  .  .  .  .\9
<         10\.  .  .  .  .  .  .  .  .  .  .\10
<          11\.  .  .  .  B  .  .  .  .  .  .\11
<              a  b  c  d  e  f  g  h  i  j  k  
<
>play w g3
<= 
<
>showboard
<= 
< 
<  22b268b151a948d4
<  a  b  c  d  e  f  g  h  i  j  k  
< 1\.  .  .  .  .  W  B  .  .  .  .\1
<  2\.  .  W  .  .  .  .  .  .  B  .\2
<   3\.  W  .  .  .  .  W  .  .  .  .\3
<    4\.  .  B  .  .  .  .  .  .  .  .\4
<     5\.  W  .  .  .  .  .  .  .  .  .\5
<      6\.  W  .  .  .  .  .  .  B  .  .\6
<       7\.  .  .  .  .  .  .  .  .  .  .\7
<        8\.  .  .  .  .  .  .  .  .  .  B\8
<         9\.  .  .  .  .  .  .  .  .  .  .\9
<         10\.  .  .  .  .  .  .  .  .  .  .\10
<          11\.  .  .  .  B  .  .  .  .  .  .\11
<              a  b  c  d  e  f  g  h  i  j  k  
<
>genmove b
<= k10
<
>showboard
a7727 info: Best move cannot be determined, must search state.
a7727 info: --- MoHexPlayer::Search() ---
a7727 info: Color: black
a7727 info: MaxGames: 1
a7727 info: NumberThreads: 1
a7727 info: MaxNodes: 181818181 (15999999928 bytes)
a7727 info: TimeForMove: 1
a7727 info: PreSearch: max time reached (56/71).
a7727 info: Time for PreSearch: 0.201732s
a7727 info: 
  22b268b151a948d4
  a  b  c  d  e  f  g  h  i  j  k  
 1\b  b  b  .  .  W  B  b  b  b  b\1
  2\w  w  W  *  *  *  .  b  b  B  .\2
   3\w  W  .  *  *  *  W  .  .  *  *\3
    4\w  b  B  *  *  *  *  *  *  *  *\4
     5\w  W  *  *  *  *  *  *  *  *  *\5
      6\w  W  *  *  *  *  *  *  B  *  *\6
       7\b  *  *  *  *  *  *  *  *  *  *\7
        8\.  *  *  *  *  *  *  *  *  *  B\8
         9\*  *  *  *  *  *  *  *  *  .  .\9
         10\*  *  *  *  *  *  *  *  *  .  .\10
          11\.  .  .  .  B  .  .  .  .  .  .\11
              a  b  c  d  e  f  g  h  i  j  k  
a7727 info: Old: [black, c4] [white, swap-pieces] [white, b3] [black, k8] [white, b5] [black, i6] [white, c2] [black, e11] [white, f1] [black, j2] [white, b6] 
a7727 info: New: [black, c4] [white, swap-pieces] [white, b3] [black, k8] [white, b5] [black, i6] [white, c2] [black, e11] [white, f1] [black, j2] [white, b6] [black, g1] [white, g3] 
a7727 info: MovesPlayed: [black, g1] [white, g3] 
a7727 info: No subtree to reuse.
a7727 info: StartSearch()[0]
SgUctSearch: max games reached
a7727 info: 
Elapsed Time   0.341853s
Count          1
GamesPlayed    1
Nodes          1
Knowledge      0 (0.0%)
Expansions     0.0
Time           0.00
GameLen        92.0 dev=0.0 min=92.0 max=92.0
InTree         0.0 dev=0.0 min=0.0 max=0.0
KnowDepth      -
Aborted        0%
Games/s        3610.1
Score          1.00
Sequence      
a7727 info: 
a7727 warning: **** MoHexSearch returned empty sequence!
a7727 warning: **** Returning random move!
<= 
< 
<  fe9f3d5abbf80869
<  a  b  c  d  e  f  g  h  i  j  k  
< 1\.  .  .  .  .  W  B  .  .  .  .\1
<  2\.  .  W  .  .  .  .  .  .  B  .\2
<   3\.  W  .  .  .  .  W  .  .  .  .\3
<    4\.  .  B  .  .  .  .  .  .  .  .\4
<     5\.  W  .  .  .  .  .  .  .  .  .\5
<      6\.  W  .  .  .  .  .  .  B  .  .\6
<       7\.  .  .  .  .  .  .  .  .  .  .\7
<        8\.  .  .  .  .  .  .  .  .  .  B\8
<         9\.  .  .  .  .  .  .  .  .  .  .\9
<         10\.  .  .  .  .  .  .  .  .  .  B\10
<          11\.  .  .  .  B  .  .  .  .  .  .\11
<              a  b  c  d  e  f  g  h  i  j  k  
<
>play w h7
<= 
<
>showboard
<= 
< 
<  ff52ed20f98f33a1
<  a  b  c  d  e  f  g  h  i  j  k  
< 1\.  .  .  .  .  W  B  .  .  .  .\1
<  2\.  .  W  .  .  .  .  .  .  B  .\2
<   3\.  W  .  .  .  .  W  .  .  .  .\3
<    4\.  .  B  .  .  .  .  .  .  .  .\4
<     5\.  W  .  .  .  .  .  .  .  .  .\5
<      6\.  W  .  .  .  .  .  .  B  .  .\6
<       7\.  .  .  .  .  .  .  W  .  .  .\7
<        8\.  .  .  .  .  .  .  .  .  .  B\8
<         9\.  .  .  .  .  .  .  .  .  .  .\9
<         10\.  .  .  .  .  .  .  .  .  .  B\10
<          11\.  .  .  .  B  .  .  .  .  .  .\11
<              a  b  c  d  e  f  g  h  i  j  k  
<
>genmove b
<= h3
<
>showboard
a7727 info: Best move cannot be determined, must search state.
a7727 info: --- MoHexPlayer::Search() ---
a7727 info: Color: black
a7727 info: MaxGames: 1
a7727 info: NumberThreads: 1
a7727 info: MaxNodes: 181818181 (15999999928 bytes)
a7727 info: TimeForMove: 1
a7727 info: Time for PreSearch: 0.164957s
a7727 info: 
  ff52ed20f98f33a1
  a  b  c  d  e  f  g  h  i  j  k  
 1\b  b  b  .  .  W  B  b  b  b  b\1
  2\w  w  W  *  *  *  .  b  b  B  .\2
   3\w  W  .  *  *  *  W  .  .  *  *\3
    4\w  b  B  *  *  *  *  *  *  *  *\4
     5\w  W  *  *  *  *  *  *  *  *  *\5
      6\w  W  *  *  *  *  *  *  B  *  *\6
       7\b  *  *  *  *  *  *  W  *  *  *\7
        8\.  *  *  *  *  *  *  *  *  *  B\8
         9\*  *  *  *  *  *  *  *  *  .  .\9
         10\*  *  *  *  *  *  *  .  .  .  B\10
          11\.  .  .  .  B  .  .  .  b  b  b\11
              a  b  c  d  e  f  g  h  i  j  k  
a7727 info: Old: [black, c4] [white, swap-pieces] [white, b3] [black, k8] [white, b5] [black, i6] [white, c2] [black, e11] [white, f1] [black, j2] [white, b6] [black, g1] [white, g3] 
a7727 info: New: [black, c4] [white, swap-pieces] [white, b3] [black, k8] [white, b5] [black, i6] [white, c2] [black, e11] [white, f1] [black, j2] [white, b6] [black, g1] [white, g3] [black, k10] [white, h7] 
a7727 info: MovesPlayed: [black, k10] [white, h7] 
a7727 info: No subtree to reuse.
a7727 info: StartSearch()[0]
SgUctSearch: max games reached
a7727 info: 
Elapsed Time   0.308612s
Count          1
GamesPlayed    1
Nodes          1
Knowledge      0 (0.0%)
Expansions     0.0
Time           0.00
GameLen        87.0 dev=0.0 min=87.0 max=87.0
InTree         0.0 dev=0.0 min=0.0 max=0.0
KnowDepth      -
Aborted        0%
Games/s        3086.4
Score          0.00
Sequence      
a7727 info: 
a7727 warning: **** MoHexSearch returned empty sequence!
a7727 warning: **** Returning random move!
<= 
< 
<  116bc6214cbd80f2
<  a  b  c  d  e  f  g  h  i  j  k  
< 1\.  .  .  .  .  W  B  .  .  .  .\1
<  2\.  .  W  .  .  .  .  .  .  B  .\2
<   3\.  W  .  .  .  .  W  B  .  .  .\3
<    4\.  .  B  .  .  .  .  .  .  .  .\4
<     5\.  W  .  .  .  .  .  .  .  .  .\5
<      6\.  W  .  .  .  .  .  .  B  .  .\6
<       7\.  .  .  .  .  .  .  W  .  .  .\7
<        8\.  .  .  .  .  .  .  .  .  .  B\8
<         9\.  .  .  .  .  .  .  .  .  .  .\9
<         10\.  .  .  .  .  .  .  .  .  .  B\10
<          11\.  .  .  .  B  .  .  .  .  .  .\11
<              a  b  c  d  e  f  g  h  i  j  k  
<
>play w k2
<= 
<
>showboard
<= 
< 
<  f688c957fd2c48f0
<  a  b  c  d  e  f  g  h  i  j  k  
< 1\.  .  .  .  .  W  B  .  .  .  .\1
<  2\.  .  W  .  .  .  .  .  .  B  W\2
<   3\.  W  .  .  .  .  W  B  .  .  .\3
<    4\.  .  B  .  .  .  .  .  .  .  .\4
<     5\.  W  .  .  .  .  .  .  .  .  .\5
<      6\.  W  .  .  .  .  .  .  B  .  .\6
<       7\.  .  .  .  .  .  .  W  .  .  .\7
<        8\.  .  .  .  .  .  .  .  .  .  B\8
<         9\.  .  .  .  .  .  .  .  .  .  .\9
<         10\.  .  .  .  .  .  .  .  .  .  B\10
<          11\.  .  .  .  B  .  .  .  .  .  .\11
<              a  b  c  d  e  f  g  h  i  j  k  
<
>genmove b
<= g5
<
>showboard
a7727 info: Best move cannot be determined, must search state.
a7727 info: --- MoHexPlayer::Search() ---
a7727 info: Color: black
a7727 info: MaxGames: 1
a7727 info: NumberThreads: 1
a7727 info: MaxNodes: 181818181 (15999999928 bytes)
a7727 info: TimeForMove: 1
a7727 info: Time for PreSearch: 0.155165s
a7727 info: 
  f688c957fd2c48f0
  a  b  c  d  e  f  g  h  i  j  k  
 1\b  b  b  .  .  W  B  b  b  b  b\1
  2\w  w  W  *  *  *  .  b  b  B  W\2
   3\w  W  .  *  *  *  W  B  .  *  .\3
    4\w  b  B  *  *  *  *  *  *  *  *\4
     5\w  W  *  *  *  *  *  *  *  *  *\5
      6\w  W  *  *  *  *  *  *  B  *  *\6
       7\b  *  *  *  *  *  *  W  *  *  *\7
        8\.  *  *  *  *  *  *  *  *  *  B\8
         9\*  *  *  *  *  *  *  *  *  .  .\9
         10\*  *  *  *  *  *  *  .  .  .  B\10
          11\.  .  .  .  B  .  .  .  b  b  b\11
              a  b  c  d  e  f  g  h  i  j  k  
a7727 info: Old: [black, c4] [white, swap-pieces] [white, b3] [black, k8] [white, b5] [black, i6] [white, c2] [black, e11] [white, f1] [black, j2] [white, b6] [black, g1] [white, g3] [black, k10] [white, h7] 
a7727 info: New: [black, c4] [white, swap-pieces] [white, b3] [black, k8] [white, b5] [black, i6] [white, c2] [black, e11] [white, f1] [black, j2] [white, b6] [black, g1] [white, g3] [black, k10] [white, h7] [black, h3] [white, k2] 
a7727 info: MovesPlayed: [black, h3] [white, k2] 
a7727 info: No subtree to reuse.
a7727 info: StartSearch()[0]
SgUctSearch: max games reached
a7727 info: 
Elapsed Time   0.298693s
Count          1
GamesPlayed    1
Nodes          1
Knowledge      0 (0.0%)
Expansions     0.0
Time           0.00
GameLen        85.0 dev=0.0 min=85.0 max=85.0
InTree         0.0 dev=0.0 min=0.0 max=0.0
KnowDepth      -
Aborted        0%
Games/s        3663.0
Score          0.00
Sequence      
a7727 info: 
a7727 warning: **** MoHexSearch returned empty sequence!
a7727 warning: **** Returning random move!
<= 
< 
<  6e4566e14d2d0411
<  a  b  c  d  e  f  g  h  i  j  k  
< 1\.  .  .  .  .  W  B  .  .  .  .\1
<  2\.  .  W  .  .  .  .  .  .  B  W\2
<   3\.  W  .  .  .  .  W  B  .  .  .\3
<    4\.  .  B  .  .  .  .  .  .  .  .\4
<     5\.  W  .  .  .  .  B  .  .  .  .\5
<      6\.  W  .  .  .  .  .  .  B  .  .\6
<       7\.  .  .  .  .  .  .  W  .  .  .\7
<        8\.  .  .  .  .  .  .  .  .  .  B\8
<         9\.  .  .  .  .  .  .  .  .  .  .\9
<         10\.  .  .  .  .  .  .  .  .  .  B\10
<          11\.  .  .  .  B  .  .  .  .  .  .\11
<              a  b  c  d  e  f  g  h  i  j  k  
<
>play w g6
<= 
<
>showboard
<= 
< 
<  0e9eaaeeedc55c40
<  a  b  c  d  e  f  g  h  i  j  k  
< 1\.  .  .  .  .  W  B  .  .  .  .\1
<  2\.  .  W  .  .  .  .  .  .  B  W\2
<   3\.  W  .  .  .  .  W  B  .  .  .\3
<    4\.  .  B  .  .  .  .  .  .  .  .\4
<     5\.  W  .  .  .  .  B  .  .  .  .\5
<      6\.  W  .  .  .  .  W  .  B  .  .\6
<       7\.  .  .  .  .  .  .  W  .  .  .\7
<        8\.  .  .  .  .  .  .  .  .  .  B\8
<         9\.  .  .  .  .  .  .  .  .  .  .\9
<         10\.  .  .  .  .  .  .  .  .  .  B\10
<          11\.  .  .  .  B  .  .  .  .  .  .\11
<              a  b  c  d  e  f  g  h  i  j  k  
<
>genmove b
<= k7
<
>showboard
a7727 info: Best move cannot be determined, must search state.
a7727 info: --- MoHexPlayer::Search() ---
a7727 info: Color: black
a7727 info: MaxGames: 1
a7727 info: NumberThreads: 1
a7727 info: MaxNodes: 181818181 (15999999928 bytes)
a7727 info: TimeForMove: 1
a7727 info: Time for PreSearch: 0.161981s
a7727 info: 
  0e9eaaeeedc55c40
  a  b  c  d  e  f  g  h  i  j  k  
 1\b  b  b  .  .  W  B  b  b  b  b\1
  2\w  w  W  *  *  *  .  b  b  B  W\2
   3\w  W  .  *  *  *  W  B  .  *  .\3
    4\w  b  B  *  *  *  *  .  *  *  *\4
     5\w  W  *  *  *  *  B  *  *  *  *\5
      6\w  W  *  *  *  *  W  *  B  *  *\6
       7\b  *  *  *  *  *  *  W  *  *  *\7
        8\.  *  *  *  *  *  *  *  *  *  B\8
         9\*  *  *  *  *  *  *  *  *  .  .\9
         10\*  *  *  *  *  *  *  .  .  .  B\10
          11\.  .  .  .  B  .  .  .  b  b  b\11
              a  b  c  d  e  f  g  h  i  j  k  
a7727 info: Old: [black, c4] [white, swap-pieces] [white, b3] [black, k8] [white, b5] [black, i6] [white, c2] [black, e11] [white, f1] [black, j2] [white, b6] [black, g1] [white, g3] [black, k10] [white, h7] [black, h3] [white, k2] 
a7727 info: New: [black, c4] [white, swap-pieces] [white, b3] [black, k8] [white, b5] [black, i6] [white, c2] [black, e11] [white, f1] [black, j2] [white, b6] [black, g1] [white, g3] [black, k10] [white, h7] [black, h3] [white, k2] [black, g5] [white, g6] 
a7727 info: MovesPlayed: [black, g5] [white, g6] 
a7727 info: No subtree to reuse.
a7727 info: StartSearch()[0]
SgUctSearch: max games reached
a7727 info: 
Elapsed Time   0.304402s
Count          1
GamesPlayed    1
Nodes          1
Knowledge      0 (0.0%)
Expansions     0.0
Time           0.00
GameLen        83.0 dev=0.0 min=83.0 max=83.0
InTree         0.0 dev=0.0 min=0.0 max=0.0
KnowDepth      -
Aborted        0%
Games/s        3759.4
Score          1.00
Sequence      
a7727 info: 
a7727 warning: **** MoHexSearch returned empty sequence!
a7727 warning: **** Returning random move!
<= 
< 
<  16dc0fe2daacc67f
<  a  b  c  d  e  f  g  h  i  j  k  
< 1\.  .  .  .  .  W  B  .  .  .  .\1
<  2\.  .  W  .  .  .  .  .  .  B  W\2
<   3\.  W  .  .  .  .  W  B  .  .  .\3
<    4\.  .  B  .  .  .  .  .  .  .  .\4
<     5\.  W  .  .  .  .  B  .  .  .  .\5
<      6\.  W  .  .  .  .  W  .  B  .  .\6
<       7\.  .  .  .  .  .  .  W  .  .  B\7
<        8\.  .  .  .  .  .  .  .  .  .  B\8
<         9\.  .  .  .  .  .  .  .  .  .  .\9
<         10\.  .  .  .  .  .  .  .  .  .  B\10
<          11\.  .  .  .  B  .  .  .  .  .  .\11
<              a  b  c  d  e  f  g  h  i  j  k  
<
>play w h4
<= 
<
>showboard
<= 
< 
<  98621cc06cda1467
<  a  b  c  d  e  f  g  h  i  j  k  
< 1\.  .  .  .  .  W  B  .  .  .  .\1
<  2\.  .  W  .  .  .  .  .  .  B  W\2
<   3\.  W  .  .  .  .  W  B  .  .  .\3
<    4\.  .  B  .  .  .  .  W  .  .  .\4
<     5\.  W  .  .  .  .  B  .  .  .  .\5
<      6\.  W  .  .  .  .  W  .  B  .  .\6
<       7\.  .  .  .  .  .  .  W  .  .  B\7
<        8\.  .  .  .  .  .  .  .  .  .  B\8
<         9\.  .  .  .  .  .  .  .  .  .  .\9
<         10\.  .  .  .  .  .  .  .  .  .  B\10
<          11\.  .  .  .  B  .  .  .  .  .  .\11
<              a  b  c  d  e  f  g  h  i  j  k  
<
>genmove b
<= k3
<
>showboard
a7727 info: Best move cannot be determined, must search state.
a7727 info: --- MoHexPlayer::Search() ---
a7727 info: Color: black
a7727 info: MaxGames: 1
a7727 info: NumberThreads: 1
a7727 info: MaxNodes: 181818181 (15999999928 bytes)
a7727 info: TimeForMove: 1
a7727 info: Time for PreSearch: 0.169558s
a7727 info: 
  98621cc06cda1467
  a  b  c  d  e  f  g  h  i  j  k  
 1\b  b  b  .  .  W  B  b  b  b  b\1
  2\w  w  W  *  *  *  .  b  b  B  W\2
   3\w  W  .  *  *  *  W  B  .  *  .\3
    4\w  b  B  *  *  *  *  W  *  *  *\4
     5\w  W  *  *  *  *  B  *  *  *  *\5
      6\w  W  *  *  *  *  W  *  B  *  *\6
       7\b  *  *  *  *  *  *  W  *  *  B\7
        8\.  *  *  *  *  *  *  *  *  .  B\8
         9\*  *  *  *  *  *  *  *  .  .  .\9
         10\*  *  *  *  *  *  *  .  .  .  B\10
          11\.  .  .  .  B  .  .  .  b  b  b\11
              a  b  c  d  e  f  g  h  i  j  k  
a7727 info: Old: [black, c4] [white, swap-pieces] [white, b3] [black, k8] [white, b5] [black, i6] [white, c2] [black, e11] [white, f1] [black, j2] [white, b6] [black, g1] [white, g3] [black, k10] [white, h7] [black, h3] [white, k2] [black, g5] [white, g6] 
a7727 info: New: [black, c4] [white, swap-pieces] [white, b3] [black, k8] [white, b5] [black, i6] [white, c2] [black, e11] [white, f1] [black, j2] [white, b6] [black, g1] [white, g3] [black, k10] [white, h7] [black, h3] [white, k2] [black, g5] [white, g6] [black, k7] [white, h4] 
a7727 info: MovesPlayed: [black, k7] [white, h4] 
a7727 info: No subtree to reuse.
a7727 info: StartSearch()[0]
SgUctSearch: max games reached
a7727 info: 
Elapsed Time   0.310646s
Count          1
GamesPlayed    1
Nodes          1
Knowledge      0 (0.0%)
Expansions     0.0
Time           0.00
GameLen        81.0 dev=0.0 min=81.0 max=81.0
InTree         0.0 dev=0.0 min=0.0 max=0.0
KnowDepth      -
Aborted        0%
Games/s        3937.0
Score          0.00
Sequence      
a7727 info: 
a7727 warning: **** MoHexSearch returned empty sequence!
a7727 warning: **** Returning random move!
<= 
< 
<  db3f08ed9cb57e6f
<  a  b  c  d  e  f  g  h  i  j  k  
< 1\.  .  .  .  .  W  B  .  .  .  .\1
<  2\.  .  W  .  .  .  .  .  .  B  W\2
<   3\.  W  .  .  .  .  W  B  .  .  B\3
<    4\.  .  B  .  .  .  .  W  .  .  .\4
<     5\.  W  .  .  .  .  B  .  .  .  .\5
<      6\.  W  .  .  .  .  W  .  B  .  .\6
<       7\.  .  .  .  .  .  .  W  .  .  B\7
<        8\.  .  .  .  .  .  .  .  .  .  B\8
<         9\.  .  .  .  .  .  .  .  .  .  .\9
<         10\.  .  .  .  .  .  .  .  .  .  B\10
<          11\.  .  .  .  B  .  .  .  .  .  .\11
<              a  b  c  d  e  f  g  h  i  j  k  
<
>play w h11
<= 
<
>showboard
<= 
< 
<  66bceacf5b0c2470
<  a  b  c  d  e  f  g  h  i  j  k  
< 1\.  .  .  .  .  W  B  .  .  .  .\1
<  2\.  .  W  .  .  .  .  .  .  B  W\2
<   3\.  W  .  .  .  .  W  B  .  .  B\3
<    4\.  .  B  .  .  .  .  W  .  .  .\4
<     5\.  W  .  .  .  .  B  .  .  .  .\5
<      6\.  W  .  .  .  .  W  .  B  .  .\6
<       7\.  .  .  .  .  .  .  W  .  .  B\7
<        8\.  .  .  .  .  .  .  .  .  .  B\8
<         9\.  .  .  .  .  .  .  .  .  .  .\9
<         10\.  .  .  .  .  .  .  .  .  .  B\10
<          11\.  .  .  .  B  .  .  W  .  .  .\11
<              a  b  c  d  e  f  g  h  i  j  k  
<
>genmove b
<= d10
<
>showboard
a7727 info: Best move cannot be determined, must search state.
a7727 info: --- MoHexPlayer::Search() ---
a7727 info: Color: black
a7727 info: MaxGames: 1
a7727 info: NumberThreads: 1
a7727 info: MaxNodes: 181818181 (15999999928 bytes)
a7727 info: TimeForMove: 1
a7727 info: Time for PreSearch: 0.137324s
a7727 info: 
  66bceacf5b0c2470
  a  b  c  d  e  f  g  h  i  j  k  
 1\b  b  b  .  .  W  B  b  b  b  b\1
  2\w  w  W  *  *  *  .  b  b  B  W\2
   3\w  W  .  *  *  *  W  B  .  *  B\3
    4\w  b  B  *  *  *  *  W  *  *  *\4
     5\w  W  *  *  *  *  B  *  *  *  *\5
      6\w  W  *  *  *  *  W  *  B  *  *\6
       7\b  *  *  *  *  *  *  W  *  *  B\7
        8\.  *  *  *  *  *  *  *  *  *  B\8
         9\*  *  *  *  *  *  *  *  *  .  .\9
         10\*  *  *  *  *  *  *  *  *  .  B\10
          11\.  .  .  .  B  .  .  W  .  b  b\11
              a  b  c  d  e  f  g  h  i  j  k  
a7727 info: Old: [black, c4] [white, swap-pieces] [white, b3] [black, k8] [white, b5] [black, i6] [white, c2] [black, e11] [white, f1] [black, j2] [white, b6] [black, g1] [white, g3] [black, k10] [white, h7] [black, h3] [white, k2] [black, g5] [white, g6] [black, k7] [white, h4] 
a7727 info: New: [black, c4] [white, swap-pieces] [white, b3] [black, k8] [white, b5] [black, i6] [white, c2] [black, e11] [white, f1] [black, j2] [white, b6] [black, g1] [white, g3] [black, k10] [white, h7] [black, h3] [white, k2] [black, g5] [white, g6] [black, k7] [white, h4] [black, k3] [white, h11] 
a7727 info: MovesPlayed: [black, k3] [white, h11] 
a7727 info: No subtree to reuse.
a7727 info: StartSearch()[0]
SgUctSearch: max games reached
a7727 info: 
Elapsed Time   0.281146s
Count          1
GamesPlayed    1
Nodes          1
Knowledge      0 (0.0%)
Expansions     0.0
Time           0.00
GameLen        80.0 dev=0.0 min=80.0 max=80.0
InTree         0.0 dev=0.0 min=0.0 max=0.0
KnowDepth      -
Aborted        0%
Games/s        3367.0
Score          1.00
Sequence      
a7727 info: 
a7727 warning: **** MoHexSearch returned empty sequence!
a7727 warning: **** Returning random move!
<= 
< 
<  70747c93a5a08117
<  a  b  c  d  e  f  g  h  i  j  k  
< 1\.  .  .  .  .  W  B  .  .  .  .\1
<  2\.  .  W  .  .  .  .  .  .  B  W\2
<   3\.  W  .  .  .  .  W  B  .  .  B\3
<    4\.  .  B  .  .  .  .  W  .  .  .\4
<     5\.  W  .  .  .  .  B  .  .  .  .\5
<      6\.  W  .  .  .  .  W  .  B  .  .\6
<       7\.  .  .  .  .  .  .  W  .  .  B\7
<        8\.  .  .  .  .  .  .  .  .  .  B\8
<         9\.  .  .  .  .  .  .  .  .  .  .\9
<         10\.  .  .  B  .  .  .  .  .  .  B\10
<          11\.  .  .  .  B  .  .  W  .  .  .\11
<              a  b  c  d  e  f  g  h  i  j  k  
<
>play w i10
<= 
<
>showboard
<= 
< 
<  93443d15e24e1231
<  a  b  c  d  e  f  g  h  i  j  k  
< 1\.  .  .  .  .  W  B  .  .  .  .\1
<  2\.  .  W  .  .  .  .  .  .  B  W\2
<   3\.  W  .  .  .  .  W  B  .  .  B\3
<    4\.  .  B  .  .  .  .  W  .  .  .\4
<     5\.  W  .  .  .  .  B  .  .  .  .\5
<      6\.  W  .  .  .  .  W  .  B  .  .\6
<       7\.  .  .  .  .  .  .  W  .  .  B\7
<        8\.  .  .  .  .  .  .  .  .  .  B\8
<         9\.  .  .  .  .  .  .  .  .  .  .\9
<         10\.  .  .  B  .  .  .  .  W  .  B\10
<          11\.  .  .  .  B  .  .  W  .  .  .\11
<              a  b  c  d  e  f  g  h  i  j  k  
<
>genmove b
<= e5
<
>showboard
a7727 info: Best move cannot be determined, must search state.
a7727 info: --- MoHexPlayer::Search() ---
a7727 info: Color: black
a7727 info: MaxGames: 1
a7727 info: NumberThreads: 1
a7727 info: MaxNodes: 181818181 (15999999928 bytes)
a7727 info: TimeForMove: 1
a7727 info: Time for PreSearch: 0.108808s
a7727 info: 
  93443d15e24e1231
  a  b  c  d  e  f  g  h  i  j  k  
 1\b  b  b  .  .  W  B  b  b  b  b\1
  2\w  w  W  *  *  *  .  b  b  B  W\2
   3\w  W  .  *  *  *  W  B  .  *  B\3
    4\w  b  B  *  *  *  *  W  *  *  *\4
     5\w  W  *  *  *  *  B  *  *  *  *\5
      6\w  W  *  *  *  *  W  *  B  *  *\6
       7\b  *  *  *  *  *  *  W  *  *  B\7
        8\.  *  *  *  *  *  *  *  *  *  B\8
         9\*  *  *  *  *  *  *  *  *  *  .\9
         10\*  *  .  B  .  .  *  *  W  .  B\10
          11\.  b  b  b  B  .  .  W  b  b  b\11
              a  b  c  d  e  f  g  h  i  j  k  
a7727 info: Old: [black, c4] [white, swap-pieces] [white, b3] [black, k8] [white, b5] [black, i6] [white, c2] [black, e11] [white, f1] [black, j2] [white, b6] [black, g1] [white, g3] [black, k10] [white, h7] [black, h3] [white, k2] [black, g5] [white, g6] [black, k7] [white, h4] [black, k3] [white, h11] 
a7727 info: New: [black, c4] [white, swap-pieces] [white, b3] [black, k8] [white, b5] [black, i6] [white, c2] [black, e11] [white, f1] [black, j2] [white, b6] [black, g1] [white, g3] [black, k10] [white, h7] [black, h3] [white, k2] [black, g5] [white, g6] [black, k7] [white, h4] [black, k3] [white, h11] [black, d10] [white, i10] 
a7727 info: MovesPlayed: [black, d10] [white, i10] 
a7727 info: No subtree to reuse.
a7727 info: StartSearch()[0]
SgUctSearch: max games reached
a7727 info: 
Elapsed Time   0.247606s
Count          1
GamesPlayed    1
Nodes          1
Knowledge      0 (0.0%)
Expansions     0.0
Time           0.00
GameLen        74.0 dev=0.0 min=74.0 max=74.0
InTree         0.0 dev=0.0 min=0.0 max=0.0
KnowDepth      -
Aborted        0%
Games/s        4166.7
Score          0.00
Sequence      
a7727 info: 
a7727 warning: **** MoHexSearch returned empty sequence!
a7727 warning: **** Returning random move!
<= 
< 
<  0fb0d30c4b297f93
<  a  b  c  d  e  f  g  h  i  j  k  
< 1\.  .  .  .  .  W  B  .  .  .  .\1
<  2\.  .  W  .  .  .  .  .  .  B  W\2
<   3\.  W  .  .  .  .  W  B  .  .  B\3
<    4\.  .  B  .  .  .  .  W  .  .  .\4
<     5\.  W  .  .  B  .  B  .  .  .  .\5
<      6\.  W  .  .  .  .  W  .  B  .  .\6
<       7\.  .  .  .  .  .  .  W  .  .  B\7
<        8\.  .  .  .  .  .  .  .  .  .  B\8
<         9\.  .  .  .  .  .  .  .  .  .  .\9
<         10\.  .  .  B  .  .  .  .  W  .  B\10
<          11\.  .  .  .  B  .  .  W  .  .  .\11
<              a  b  c  d  e  f  g  h  i  j  k  
<
>play w f10
<= 
<
>showboard
<= 
< 
<  b16829976560db16
<  a  b  c  d  e  f  g  h  i  j  k  
< 1\.  .  .  .  .  W  B  .  .  .  .\1
<  2\.  .  W  .  .  .  .  .  .  B  W\2
<   3\.  W  .  .  .  .  W  B  .  .  B\3
<    4\.  .  B  .  .  .  .  W  .  .  .\4
<     5\.  W  .  .  B  .  B  .  .  .  .\5
<      6\.  W  .  .  .  .  W  .  B  .  .\6
<       7\.  .  .  .  .  .  .  W  .  .  B\7
<        8\.  .  .  .  .  .  .  .  .  .  B\8
<         9\.  .  .  .  .  .  .  .  .  .  .\9
<         10\.  .  .  B  .  W  .  .  W  .  B\10
<          11\.  .  .  .  B  .  .  W  .  .  .\11
<              a  b  c  d  e  f  g  h  i  j  k  
<
>genmove b
<= f3
<
>showboard
a7727 info: Best move cannot be determined, must search state.
a7727 info: --- MoHexPlayer::Search() ---
a7727 info: Color: black
a7727 info: MaxGames: 1
a7727 info: NumberThreads: 1
a7727 info: MaxNodes: 181818181 (15999999928 bytes)
a7727 info: TimeForMove: 1
a7727 info: Time for PreSearch: 0.109777s
a7727 info: 
  b16829976560db16
  a  b  c  d  e  f  g  h  i  j  k  
 1\b  b  b  .  .  W  B  b  b  b  b\1
  2\w  w  W  *  *  *  .  b  b  B  W\2
   3\w  W  .  *  *  *  W  B  .  *  B\3
    4\w  b  B  *  *  *  *  W  *  *  *\4
     5\w  W  *  *  B  *  B  *  *  *  *\5
      6\w  W  *  *  *  *  W  *  B  *  *\6
       7\b  *  *  *  *  *  *  W  *  *  B\7
        8\.  *  *  *  *  *  *  *  *  *  B\8
         9\*  *  *  *  *  *  *  *  *  *  .\9
         10\*  *  .  B  .  W  *  *  W  .  B\10
          11\.  b  b  b  B  .  .  W  b  b  b\11
              a  b  c  d  e  f  g  h  i  j  k  
a7727 info: Old: [black, c4] [white, swap-pieces] [white, b3] [black, k8] [white, b5] [black, i6] [white, c2] [black, e11] [white, f1] [black, j2] [white, b6] [black, g1] [white, g3] [black, k10] [white, h7] [black, h3] [white, k2] [black, g5] [white, g6] [black, k7] [white, h4] [black, k3] [white, h11] [black, d10] [white, i10] 
a7727 info: New: [black, c4] [white, swap-pieces] [white, b3] [black, k8] [white, b5] [black, i6] [white, c2] [black, e11] [white, f1] [black, j2] [white, b6] [black, g1] [white, g3] [black, k10] [white, h7] [black, h3] [white, k2] [black, g5] [white, g6] [black, k7] [white, h4] [black, k3] [white, h11] [black, d10] [white, i10] [black, e5] [white, f10] 
a7727 info: MovesPlayed: [black, e5] [white, f10] 
a7727 info: No subtree to reuse.
a7727 info: StartSearch()[0]
SgUctSearch: max games reached
a7727 info: 
Elapsed Time   0.249684s
Count          1
GamesPlayed    1
Nodes          1
Knowledge      0 (0.0%)
Expansions     0.0
Time           0.00
GameLen        72.0 dev=0.0 min=72.0 max=72.0
InTree         0.0 dev=0.0 min=0.0 max=0.0
KnowDepth      -
Aborted        0%
Games/s        4201.7
Score          1.00
Sequence      
a7727 info: 
a7727 warning: **** MoHexSearch returned empty sequence!
a7727 warning: **** Returning random move!
<= 
< 
<  3bd6b411e81eab3d
<  a  b  c  d  e  f  g  h  i  j  k  
< 1\.  .  .  .  .  W  B  .  .  .  .\1
<  2\.  .  W  .  .  .  .  .  .  B  W\2
<   3\.  W  .  .  .  B  W  B  .  .  B\3
<    4\.  .  B  .  .  .  .  W  .  .  .\4
<     5\.  W  .  .  B  .  B  .  .  .  .\5
<      6\.  W  .  .  .  .  W  .  B  .  .\6
<       7\.  .  .  .  .  .  .  W  .  .  B\7
<        8\.  .  .  .  .  .  .  .  .  .  B\8
<         9\.  .  .  .  .  .  .  .  .  .  .\9
<         10\.  .  .  B  .  W  .  .  W  .  B\10
<          11\.  .  .  .  B  .  .  W  .  .  .\11
<              a  b  c  d  e  f  g  h  i  j  k  
<
>play w a11
<= 
<
>showboard
<= 
< 
<  02f09363e8d54ef7
<  a  b  c  d  e  f  g  h  i  j  k  
< 1\.  .  .  .  .  W  B  .  .  .  .\1
<  2\.  .  W  .  .  .  .  .  .  B  W\2
<   3\.  W  .  .  .  B  W  B  .  .  B\3
<    4\.  .  B  .  .  .  .  W  .  .  .\4
<     5\.  W  .  .  B  .  B  .  .  .  .\5
<      6\.  W  .  .  .  .  W  .  B  .  .\6
<       7\.  .  .  .  .  .  .  W  .  .  B\7
<        8\.  .  .  .  .  .  .  .  .  .  B\8
<         9\.  .  .  .  .  .  .  .  .  .  .\9
<         10\.  .  .  B  .  W  .  .  W  .  B\10
<          11\W  .  .  .  B  .  .  W  .  .  .\11
<              a  b  c  d  e  f  g  h  i  j  k  
<
>genmove b
<= b7
<
>showboard
a7727 info: Best move cannot be determined, must search state.
a7727 info: --- MoHexPlayer::Search() ---
a7727 info: Color: black
a7727 info: MaxGames: 1
a7727 info: NumberThreads: 1
a7727 info: MaxNodes: 181818181 (15999999928 bytes)
a7727 info: TimeForMove: 1
a7727 info: Time for PreSearch: 0.104886s
a7727 info: 
  02f09363e8d54ef7
  a  b  c  d  e  f  g  h  i  j  k  
 1\b  b  b  .  .  W  B  b  b  b  b\1
  2\w  w  W  *  .  .  .  b  b  B  W\2
   3\w  W  .  .  .  B  W  B  .  *  B\3
    4\w  b  B  .  .  .  .  W  *  *  *\4
     5\w  W  .  .  B  .  B  *  *  *  *\5
      6\w  W  *  *  *  *  W  *  B  *  *\6
       7\b  *  *  *  *  *  *  W  *  *  B\7
        8\.  *  *  *  *  *  *  *  *  *  B\8
         9\*  *  *  *  *  *  *  *  *  *  .\9
         10\.  *  .  B  .  W  *  *  W  .  B\10
          11\W  .  b  b  B  .  .  W  b  b  b\11
              a  b  c  d  e  f  g  h  i  j  k  
a7727 info: Old: [black, c4] [white, swap-pieces] [white, b3] [black, k8] [white, b5] [black, i6] [white, c2] [black, e11] [white, f1] [black, j2] [white, b6] [black, g1] [white, g3] [black, k10] [white, h7] [black, h3] [white, k2] [black, g5] [white, g6] [black, k7] [white, h4] [black, k3] [white, h11] [black, d10] [white, i10] [black, e5] [white, f10] 
a7727 info: New: [black, c4] [white, swap-pieces] [white, b3] [black, k8] [white, b5] [black, i6] [white, c2] [black, e11] [white, f1] [black, j2] [white, b6] [black, g1] [white, g3] [black, k10] [white, h7] [black, h3] [white, k2] [black, g5] [white, g6] [black, k7] [white, h4] [black, k3] [white, h11] [black, d10] [white, i10] [black, e5] [white, f10] [black, f3] [white, a11] 
a7727 info: MovesPlayed: [black, f3] [white, a11] 
a7727 info: No subtree to reuse.
a7727 info: StartSearch()[0]
SgUctSearch: max games reached
a7727 info: 
Elapsed Time   0.245757s
Count          1
GamesPlayed    1
Nodes          1
Knowledge      0 (0.0%)
Expansions     0.0
Time           0.00
GameLen        71.0 dev=0.0 min=71.0 max=71.0
InTree         0.0 dev=0.0 min=0.0 max=0.0
KnowDepth      -
Aborted        0%
Games/s        4386.0
Score          1.00
Sequence      
a7727 info: 
a7727 warning: **** MoHexSearch returned empty sequence!
a7727 warning: **** Returning random move!
<= 
< 
<  d7cdf5032bcb80d6
<  a  b  c  d  e  f  g  h  i  j  k  
< 1\.  .  .  .  .  W  B  .  .  .  .\1
<  2\.  .  W  .  .  .  .  .  .  B  W\2
<   3\.  W  .  .  .  B  W  B  .  .  B\3
<    4\.  .  B  .  .  .  .  W  .  .  .\4
<     5\.  W  .  .  B  .  B  .  .  .  .\5
<      6\.  W  .  .  .  .  W  .  B  .  .\6
<       7\.  B  .  .  .  .  .  W  .  .  B\7
<        8\.  .  .  .  .  .  .  .  .  .  B\8
<         9\.  .  .  .  .  .  .  .  .  .  .\9
<         10\.  .  .  B  .  W  .  .  W  .  B\10
<          11\W  .  .  .  B  .  .  W  .  .  .\11
<              a  b  c  d  e  f  g  h  i  j  k  
<
>play w d8
<= 
<
>showboard
<= 
< 
<  2144bc9dab5b0985
<  a  b  c  d  e  f  g  h  i  j  k  
< 1\.  .  .  .  .  W  B  .  .  .  .\1
<  2\.  .  W  .  .  .  .  .  .  B  W\2
<   3\.  W  .  .  .  B  W  B  .  .  B\3
<    4\.  .  B  .  .  .  .  W  .  .  .\4
<     5\.  W  .  .  B  .  B  .  .  .  .\5
<      6\.  W  .  .  .  .  W  .  B  .  .\6
<       7\.  B  .  .  .  .  .  W  .  .  B\7
<        8\.  .  .  W  .  .  .  .  .  .  B\8
<         9\.  .  .  .  .  .  .  .  .  .  .\9
<         10\.  .  .  B  .  W  .  .  W  .  B\10
<          11\W  .  .  .  B  .  .  W  .  .  .\11
<              a  b  c  d  e  f  g  h  i  j  k  
<
>genmove b
<= f4
<
>showboard
a7727 info: Best move cannot be determined, must search state.
a7727 info: --- MoHexPlayer::Search() ---
a7727 info: Color: black
a7727 info: MaxGames: 1
a7727 info: NumberThreads: 1
a7727 info: MaxNodes: 181818181 (15999999928 bytes)
a7727 info: TimeForMove: 1
a7727 info: Time for PreSearch: 0.103248s
a7727 info: 
  2144bc9dab5b0985
  a  b  c  d  e  f  g  h  i  j  k  
 1\b  b  b  .  .  W  B  b  b  b  b\1
  2\w  w  W  *  .  .  .  b  b  B  W\2
   3\w  W  .  .  .  B  W  B  .  *  B\3
    4\w  b  B  .  .  .  .  W  *  *  *\4
     5\w  W  .  .  B  .  B  *  *  *  *\5
      6\w  W  *  *  *  *  W  *  B  *  *\6
       7\b  B  *  *  *  *  *  W  *  *  B\7
        8\.  *  *  W  *  *  *  *  *  *  B\8
         9\*  *  *  *  *  *  *  *  *  *  .\9
         10\.  *  .  B  .  W  *  *  W  .  B\10
          11\W  .  b  b  B  .  .  W  b  b  b\11
              a  b  c  d  e  f  g  h  i  j  k  
a7727 info: Old: [black, c4] [white, swap-pieces] [white, b3] [black, k8] [white, b5] [black, i6] [white, c2] [black, e11] [white, f1] [black, j2] [white, b6] [black, g1] [white, g3] [black, k10] [white, h7] [black, h3] [white, k2] [black, g5] [white, g6] [black, k7] [white, h4] [black, k3] [white, h11] [black, d10] [white, i10] [black, e5] [white, f10] [black, f3] [white, a11] 
a7727 info: New: [black, c4] [white, swap-pieces] [white, b3] [black, k8] [white, b5] [black, i6] [white, c2] [black, e11] [white, f1] [black, j2] [white, b6] [black, g1] [white, g3] [black, k10] [white, h7] [black, h3] [white, k2] [black, g5] [white, g6] [black, k7] [white, h4] [black, k3] [white, h11] [black, d10] [white, i10] [black, e5] [white, f10] [black, f3] [white, a11] [black, b7] [white, d8] 
a7727 info: MovesPlayed: [black, b7] [white, d8] 
a7727 info: No subtree to reuse.
a7727 info: StartSearch()[0]
SgUctSearch: max games reached
a7727 info: 
Elapsed Time   0.242483s
Count          1
GamesPlayed    1
Nodes          1
Knowledge      0 (0.0%)
Expansions     0.0
Time           0.00
GameLen        69.0 dev=0.0 min=69.0 max=69.0
InTree         0.0 dev=0.0 min=0.0 max=0.0
KnowDepth      -
Aborted        0%
Games/s        4166.7
Score          1.00
Sequence      
a7727 info: 
a7727 warning: **** MoHexSearch returned empty sequence!
a7727 warning: **** Returning random move!
<= 
< 
<  3b9a82db43cf0ae5
<  a  b  c  d  e  f  g  h  i  j  k  
< 1\.  .  .  .  .  W  B  .  .  .  .\1
<  2\.  .  W  .  .  .  .  .  .  B  W\2
<   3\.  W  .  .  .  B  W  B  .  .  B\3
<    4\.  .  B  .  .  B  .  W  .  .  .\4
<     5\.  W  .  .  B  .  B  .  .  .  .\5
<      6\.  W  .  .  .  .  W  .  B  .  .\6
<       7\.  B  .  .  .  .  .  W  .  .  B\7
<        8\.  .  .  W  .  .  .  .  .  .  B\8
<         9\.  .  .  .  .  .  .  .  .  .  .\9
<         10\.  .  .  B  .  W  .  .  W  .  B\10
<          11\W  .  .  .  B  .  .  W  .  .  .\11
<              a  b  c  d  e  f  g  h  i  j  k  
<
>play w h6
<= 
<
>showboard
<= 
< 
<  3d500d2c40b2449b
<  a  b  c  d  e  f  g  h  i  j  k  
< 1\.  .  .  .  .  W  B  .  .  .  .\1
<  2\.  .  W  .  .  .  .  .  .  B  W\2
<   3\.  W  .  .  .  B  W  B  .  .  B\3
<    4\.  .  B  .  .  B  .  W  .  .  .\4
<     5\.  W  .  .  B  .  B  .  .  .  .\5
<      6\.  W  .  .  .  .  W  W  B  .  .\6
<       7\.  B  .  .  .  .  .  W  .  .  B\7
<        8\.  .  .  W  .  .  .  .  .  .  B\8
<         9\.  .  .  .  .  .  .  .  .  .  .\9
<         10\.  .  .  B  .  W  .  .  W  .  B\10
<          11\W  .  .  .  B  .  .  W  .  .  .\11
<              a  b  c  d  e  f  g  h  i  j  k  
<
>genmove b
<= a8
<
>showboard
a7727 info: Best move cannot be determined, must search state.
a7727 info: --- MoHexPlayer::Search() ---
a7727 info: Color: black
a7727 info: MaxGames: 1
a7727 info: NumberThreads: 1
a7727 info: MaxNodes: 181818181 (15999999928 bytes)
a7727 info: TimeForMove: 1
a7727 info: Time for PreSearch: 0.070513s
a7727 info: 
  3d500d2c40b2449b
  a  b  c  d  e  f  g  h  i  j  k  
 1\b  b  b  .  .  W  B  b  b  b  b\1
  2\w  w  W  .  .  .  .  b  b  B  W\2
   3\w  W  .  .  .  B  W  B  .  *  B\3
    4\w  b  B  .  .  B  .  W  *  *  *\4
     5\w  W  .  .  B  .  B  .  *  *  *\5
      6\w  W  *  .  .  *  W  W  B  *  *\6
       7\b  B  *  *  *  *  .  W  *  *  B\7
        8\.  *  *  W  *  *  *  *  *  .  B\8
         9\*  *  *  *  *  *  *  *  .  .  .\9
         10\.  *  .  B  .  W  *  .  W  .  B\10
          11\W  .  b  b  B  .  .  W  b  b  b\11
              a  b  c  d  e  f  g  h  i  j  k  
a7727 info: Old: [black, c4] [white, swap-pieces] [white, b3] [black, k8] [white, b5] [black, i6] [white, c2] [black, e11] [white, f1] [black, j2] [white, b6] [black, g1] [white, g3] [black, k10] [white, h7] [black, h3] [white, k2] [black, g5] [white, g6] [black, k7] [white, h4] [black, k3] [white, h11] [black, d10] [white, i10] [black, e5] [white, f10] [black, f3] [white, a11] [black, b7] [white, d8] 
a7727 info: New: [black, c4] [white, swap-pieces] [white, b3] [black, k8] [white, b5] [black, i6] [white, c2] [black, e11] [white, f1] [black, j2] [white, b6] [black, g1] [white, g3] [black, k10] [white, h7] [black, h3] [white, k2] [black, g5] [white, g6] [black, k7] [white, h4] [black, k3] [white, h11] [black, d10] [white, i10] [black, e5] [white, f10] [black, f3] [white, a11] [black, b7] [white, d8] [black, f4] [white, h6] 
a7727 info: MovesPlayed: [black, f4] [white, h6] 
a7727 info: No subtree to reuse.
a7727 info: StartSearch()[0]
SgUctSearch: max games reached
a7727 info: 
Elapsed Time   0.213389s
Count          1
GamesPlayed    1
Nodes          1
Knowledge      0 (0.0%)
Expansions     0.0
Time           0.00
GameLen        67.0 dev=0.0 min=67.0 max=67.0
InTree         0.0 dev=0.0 min=0.0 max=0.0
KnowDepth      -
Aborted        0%
Games/s        3521.1
Score          1.00
Sequence      
a7727 info: 
a7727 warning: **** MoHexSearch returned empty sequence!
a7727 warning: **** Returning random move!
<= 
< 
<  418086d20a95badb
<  a  b  c  d  e  f  g  h  i  j  k  
< 1\.  .  .  .  .  W  B  .  .  .  .\1
<  2\.  .  W  .  .  .  .  .  .  B  W\2
<   3\.  W  .  .  .  B  W  B  .  .  B\3
<    4\.  .  B  .  .  B  .  W  .  .  .\4
<     5\.  W  .  .  B  .  B  .  .  .  .\5
<      6\.  W  .  .  .  .  W  W  B  .  .\6
<       7\.  B  .  .  .  .  .  W  .  .  B\7
<        8\B  .  .  W  .  .  .  .  .  .  B\8
<         9\.  .  .  .  .  .  .  .  .  .  .\9
<         10\.  .  .  B  .  W  .  .  W  .  B\10
<          11\W  .  .  .  B  .  .  W  .  .  .\11
<              a  b  c  d  e  f  g  h  i  j  k  
<
>play w i7
<= 
<
>showboard
<= 
< 
<  4ebdc2896c2b31e3
<  a  b  c  d  e  f  g  h  i  j  k  
< 1\.  .  .  .  .  W  B  .  .  .  .\1
<  2\.  .  W  .  .  .  .  .  .  B  W\2
<   3\.  W  .  .  .  B  W  B  .  .  B\3
<    4\.  .  B  .  .  B  .  W  .  .  .\4
<     5\.  W  .  .  B  .  B  .  .  .  .\5
<      6\.  W  .  .  .  .  W  W  B  .  .\6
<       7\.  B  .  .  .  .  .  W  W  .  B\7
<        8\B  .  .  W  .  .  .  .  .  .  B\8
<         9\.  .  .  .  .  .  .  .  .  .  .\9
<         10\.  .  .  B  .  W  .  .  W  .  B\10
<          11\W  .  .  .  B  .  .  W  .  .  .\11
<              a  b  c  d  e  f  g  h  i  j  k  
<
>genmove b
<= k5
<
>showboard
a7727 info: Opponent has won; playing most blocking move.
<= 
< 
<  471daaec442e85bd
<  a  b  c  d  e  f  g  h  i  j  k  
< 1\.  .  .  .  .  W  B  .  .  .  .\1
<  2\.  .  W  .  .  .  .  .  .  B  W\2
<   3\.  W  .  .  .  B  W  B  .  .  B\3
<    4\.  .  B  .  .  B  .  W  .  .  .\4
<     5\.  W  .  .  B  .  B  .  .  .  B\5
<      6\.  W  .  .  .  .  W  W  B  .  .\6
<       7\.  B  .  .  .  .  .  W  W  .  B\7
<        8\B  .  .  W  .  .  .  .  .  .  B\8
<         9\.  .  .  .  .  .  .  .  .  .  .\9
<         10\.  .  .  B  .  W  .  .  W  .  B\10
<          11\W  .  .  .  B  .  .  W  .  .  .\11
<              a  b  c  d  e  f  g  h  i  j  k  
<
>play w k6
<= 
<
>showboard
<= 
< 
<  a94b935d29abcbe5
<  a  b  c  d  e  f  g  h  i  j  k  
< 1\.  .  .  .  .  W  B  .  .  .  .\1
<  2\.  .  W  .  .  .  .  .  .  B  W\2
<   3\.  W  .  .  .  B  W  B  .  .  B\3
<    4\.  .  B  .  .  B  .  W  .  .  .\4
<     5\.  W  .  .  B  .  B  .  .  .  B\5
<      6\.  W  .  .  .  .  W  W  B  .  W\6
<       7\.  B  .  .  .  .  .  W  W  .  B\7
<        8\B  .  .  W  .  .  .  .  .  .  B\8
<         9\.  .  .  .  .  .  .  .  .  .  .\9
<         10\.  .  .  B  .  W  .  .  W  .  B\10
<          11\W  .  .  .  B  .  .  W  .  .  .\11
<              a  b  c  d  e  f  g  h  i  j  k  
<
>genmove b
<= j6
<
>showboard
a7727 info: Opponent has won; playing most blocking move.
<= 
< 
<  ba6a0ad8eb3a1744
<  a  b  c  d  e  f  g  h  i  j  k  
< 1\.  .  .  .  .  W  B  .  .  .  .\1
<  2\.  .  W  .  .  .  .  .  .  B  W\2
<   3\.  W  .  .  .  B  W  B  .  .  B\3
<    4\.  .  B  .  .  B  .  W  .  .  .\4
<     5\.  W  .  .  B  .  B  .  .  .  B\5
<      6\.  W  .  .  .  .  W  W  B  B  W\6
<       7\.  B  .  .  .  .  .  W  W  .  B\7
<        8\B  .  .  W  .  .  .  .  .  .  B\8
<         9\.  .  .  .  .  .  .  .  .  .  .\9
<         10\.  .  .  B  .  W  .  .  W  .  B\10
<          11\W  .  .  .  B  .  .  W  .  .  .\11
<              a  b  c  d  e  f  g  h  i  j  k  
<
>play w j7
<= 
<
>showboard
<= 
< 
<  c15705a709a28651
<  a  b  c  d  e  f  g  h  i  j  k  
< 1\.  .  .  .  .  W  B  .  .  .  .\1
<  2\.  .  W  .  .  .  .  .  .  B  W\2
<   3\.  W  .  .  .  B  W  B  .  .  B\3
<    4\.  .  B  .  .  B  .  W  .  .  .\4
<     5\.  W  .  .  B  .  B  .  .  .  B\5
<      6\.  W  .  .  .  .  W  W  B  B  W\6
<       7\.  B  .  .  .  .  .  W  W  W  B\7
<        8\B  .  .  W  .  .  .  .  .  .  B\8
<         9\.  .  .  .  .  .  .  .  .  .  .\9
<         10\.  .  .  B  .  W  .  .  W  .  B\10
<          11\W  .  .  .  B  .  .  W  .  .  .\11
<              a  b  c  d  e  f  g  h  i  j  k  
<
>genmove b
<= c9
<
>showboard
a7727 info: Opponent has won; playing most blocking move.
<= 
< 
<  8f8667f5100e39b0
<  a  b  c  d  e  f  g  h  i  j  k  
< 1\.  .  .  .  .  W  B  .  .  .  .\1
<  2\.  .  W  .  .  .  .  .  .  B  W\2
<   3\.  W  .  .  .  B  W  B  .  .  B\3
<    4\.  .  B  .  .  B  .  W  .  .  .\4
<     5\.  W  .  .  B  .  B  .  .  .  B\5
<      6\.  W  .  .  .  .  W  W  B  B  W\6
<       7\.  B  .  .  .  .  .  W  W  W  B\7
<        8\B  .  .  W  .  .  .  .  .  .  B\8
<         9\.  .  B  .  .  .  .  .  .  .  .\9
<         10\.  .  .  B  .  W  .  .  W  .  B\10
<          11\W  .  .  .  B  .  .  W  .  .  .\11
<              a  b  c  d  e  f  g  h  i  j  k  
<
>play w c7
<= 
<
>showboard
<= 
< 
<  0effd30a8b4223c5
<  a  b  c  d  e  f  g  h  i  j  k  
< 1\.  .  .  .  .  W  B  .  .  .  .\1
<  2\.  .  W  .  .  .  .  .  .  B  W\2
<   3\.  W  .  .  .  B  W  B  .  .  B\3
<    4\.  .  B  .  .  B  .  W  .  .  .\4
<     5\.  W  .  .  B  .  B  .  .  .  B\5
<      6\.  W  .  .  .  .  W  W  B  B  W\6
<       7\.  B  W  .  .  .  .  W  W  W  B\7
<        8\B  .  .  W  .  .  .  .  .  .  B\8
<         9\.  .  B  .  .  .  .  .  .  .  .\9
<         10\.  .  .  B  .  W  .  .  W  .  B\10
<          11\W  .  .  .  B  .  .  W  .  .  .\11
<              a  b  c  d  e  f  g  h  i  j  k  
<
>genmove b
<= c6
<
>showboard
a7727 info: Opponent has won; playing most blocking move.
<= 
< 
<  861510ed97655320
<  a  b  c  d  e  f  g  h  i  j  k  
< 1\.  .  .  .  .  W  B  .  .  .  .\1
<  2\.  .  W  .  .  .  .  .  .  B  W\2
<   3\.  W  .  .  .  B  W  B  .  .  B\3
<    4\.  .  B  .  .  B  .  W  .  .  .\4
<     5\.  W  .  .  B  .  B  .  .  .  B\5
<      6\.  W  B  .  .  .  W  W  B  B  W\6
<       7\.  B  W  .  .  .  .  W  W  W  B\7
<        8\B  .  .  W  .  .  .  .  .  .  B\8
<         9\.  .  B  .  .  .  .  .  .  .  .\9
<         10\.  .  .  B  .  W  .  .  W  .  B\10
<          11\W  .  .  .  B  .  .  W  .  .  .\11
<              a  b  c  d  e  f  g  h  i  j  k  
<
>play w b8
<= 
<
>showboard
<= 
< 
<  02e5bf358483538d
<  a  b  c  d  e  f  g  h  i  j  k  
< 1\.  .  .  .  .  W  B  .  .  .  .\1
<  2\.  .  W  .  .  .  .  .  .  B  W\2
<   3\.  W  .  .  .  B  W  B  .  .  B\3
<    4\.  .  B  .  .  B  .  W  .  .  .\4
<     5\.  W  .  .  B  .  B  .  .  .  B\5
<      6\.  W  B  .  .  .  W  W  B  B  W\6
<       7\.  B  W  .  .  .  .  W  W  W  B\7
<        8\B  W  .  W  .  .  .  .  .  .  B\8
<         9\.  .  B  .  .  .  .  .  .  .  .\9
<         10\.  .  .  B  .  W  .  .  W  .  B\10
<          11\W  .  .  .  B  .  .  W  .  .  .\11
<              a  b  c  d  e  f  g  h  i  j  k  
<
>genmove b
<= a9
<
>showboard
a7727 info: Opponent has won; playing most blocking move.
<= 
< 
<  c90efc5c5208d5ed
<  a  b  c  d  e  f  g  h  i  j  k  
< 1\.  .  .  .  .  W  B  .  .  .  .\1
<  2\.  .  W  .  .  .  .  .  .  B  W\2
<   3\.  W  .  .  .  B  W  B  .  .  B\3
<    4\.  .  B  .  .  B  .  W  .  .  .\4
<     5\.  W  .  .  B  .  B  .  .  .  B\5
<      6\.  W  B  .  .  .  W  W  B  B  W\6
<       7\.  B  W  .  .  .  .  W  W  W  B\7
<        8\B  W  .  W  .  .  .  .  .  .  B\8
<         9\B  .  B  .  .  .  .  .  .  .  .\9
<         10\.  .  .  B  .  W  .  .  W  .  B\10
<          11\W  .  .  .  B  .  .  W  .  .  .\11
<              a  b  c  d  e  f  g  h  i  j  k  
<
>play w b9
<= 
<
>showboard
<= 
< 
<  ef62261027763955
<  a  b  c  d  e  f  g  h  i  j  k  
< 1\.  .  .  .  .  W  B  .  .  .  .\1
<  2\.  .  W  .  .  .  .  .  .  B  W\2
<   3\.  W  .  .  .  B  W  B  .  .  B\3
<    4\.  .  B  .  .  B  .  W  .  .  .\4
<     5\.  W  .  .  B  .  B  .  .  .  B\5
<      6\.  W  B  .  .  .  W  W  B  B  W\6
<       7\.  B  W  .  .  .  .  W  W  W  B\7
<        8\B  W  .  W  .  .  .  .  .  .  B\8
<         9\B  W  B  .  .  .  .  .  .  .  .\9
<         10\.  .  .  B  .  W  .  .  W  .  B\10
<          11\W  .  .  .  B  .  .  W  .  .  .\11
<              a  b  c  d  e  f  g  h  i  j  k  
<
>genmove b
<= a10
<
>showboard
a7727 info: Opponent has won; playing most blocking move.
<= 
< 
<  12e964a2ac590043
<  a  b  c  d  e  f  g  h  i  j  k  
< 1\.  .  .  .  .  W  B  .  .  .  .\1
<  2\.  .  W  .  .  .  .  .  .  B  W\2
<   3\.  W  .  .  .  B  W  B  .  .  B\3
<    4\.  .  B  .  .  B  .  W  .  .  .\4
<     5\.  W  .  .  B  .  B  .  .  .  B\5
<      6\.  W  B  .  .  .  W  W  B  B  W\6
<       7\.  B  W  .  .  .  .  W  W  W  B\7
<        8\B  W  .  W  .  .  .  .  .  .  B\8
<         9\B  W  B  .  .  .  .  .  .  .  .\9
<         10\B  .  .  B  .  W  .  .  W  .  B\10
<          11\W  .  .  .  B  .  .  W  .  .  .\11
<              a  b  c  d  e  f  g  h  i  j  k  
<
>play w b10
<= 
<
>showboard
<= 
< 
<  c97da6bfa2e7709c
<  a  b  c  d  e  f  g  h  i  j  k  
< 1\.  .  .  .  .  W  B  .  .  .  .\1
<  2\.  .  W  .  .  .  .  .  .  B  W\2
<   3\.  W  .  .  .  B  W  B  .  .  B\3
<    4\.  .  B  .  .  B  .  W  .  .  .\4
<     5\.  W  .  .  B  .  B  .  .  .  B\5
<      6\.  W  B  .  .  .  W  W  B  B  W\6
<       7\.  B  W  .  .  .  .  W  W  W  B\7
<        8\B  W  .  W  .  .  .  .  .  .  B\8
<         9\B  W  B  .  .  .  .  .  .  .  .\9
<         10\B  W  .  B  .  W  .  .  W  .  B\10
<          11\W  .  .  .  B  .  .  W  .  .  .\11
<              a  b  c  d  e  f  g  h  i  j  k  
<
>genmove b
<= d7
<
>showboard
a7727 info: Opponent has won; playing most blocking move.
<= 
< 
<  307995c91fa71f4c
<  a  b  c  d  e  f  g  h  i  j  k  
< 1\.  .  .  .  .  W  B  .  .  .  .\1
<  2\.  .  W  .  .  .  .  .  .  B  W\2
<   3\.  W  .  .  .  B  W  B  .  .  B\3
<    4\.  .  B  .  .  B  .  W  .  .  .\4
<     5\.  W  .  .  B  .  B  .  .  .  B\5
<      6\.  W  B  .  .  .  W  W  B  B  W\6
<       7\.  B  W  B  .  .  .  W  W  W  B\7
<        8\B  W  .  W  .  .  .  .  .  .  B\8
<         9\B  W  B  .  .  .  .  .  .  .  .\9
<         10\B  W  .  B  .  W  .  .  W  .  B\10
<          11\W  .  .  .  B  .  .  W  .  .  .\11
<              a  b  c  d  e  f  g  h  i  j  k  
<
>play w d9
<= 
<
>showboard
<= 
< 
<  80fb299f1f7a44c7
<  a  b  c  d  e  f  g  h  i  j  k  
< 1\.  .  .  .  .  W  B  .  .  .  .\1
<  2\.  .  W  .  .  .  .  .  .  B  W\2
<   3\.  W  .  .  .  B  W  B  .  .  B\3
<    4\.  .  B  .  .  B  .  W  .  .  .\4
<     5\.  W  .  .  B  .  B  .  .  .  B\5
<      6\.  W  B  .  .  .  W  W  B  B  W\6
<       7\.  B  W  B  .  .  .  W  W  W  B\7
<        8\B  W  .  W  .  .  .  .  .  .  B\8
<         9\B  W  B  W  .  .  .  .  .  .  .\9
<         10\B  W  .  B  .  W  .  .  W  .  B\10
<          11\W  .  .  .  B  .  .  W  .  .  .\11
<              a  b  c  d  e  f  g  h  i  j  k  
<
>genmove b
<= e9
<
>showboard
a7727 info: Opponent has won; playing most blocking move.
<= 
< 
<  7aec04f3ac9459c1
<  a  b  c  d  e  f  g  h  i  j  k  
< 1\.  .  .  .  .  W  B  .  .  .  .\1
<  2\.  .  W  .  .  .  .  .  .  B  W\2
<   3\.  W  .  .  .  B  W  B  .  .  B\3
<    4\.  .  B  .  .  B  .  W  .  .  .\4
<     5\.  W  .  .  B  .  B  .  .  .  B\5
<      6\.  W  B  .  .  .  W  W  B  B  W\6
<       7\.  B  W  B  .  .  .  W  W  W  B\7
<        8\B  W  .  W  .  .  .  .  .  .  B\8
<         9\B  W  B  W  B  .  .  .  .  .  .\9
<         10\B  W  .  B  .  W  .  .  W  .  B\10
<          11\W  .  .  .  B  .  .  W  .  .  .\11
<              a  b  c  d  e  f  g  h  i  j  k  
<
>play w e7
<= 
<
>showboard
<= 
< 
<  625563b33e5f0332
<  a  b  c  d  e  f  g  h  i  j  k  
< 1\.  .  .  .  .  W  B  .  .  .  .\1
<  2\.  .  W  .  .  .  .  .  .  B  W\2
<   3\.  W  .  .  .  B  W  B  .  .  B\3
<    4\.  .  B  .  .  B  .  W  .  .  .\4
<     5\.  W  .  .  B  .  B  .  .  .  B\5
<      6\.  W  B  .  .  .  W  W  B  B  W\6
<       7\.  B  W  B  W  .  .  W  W  W  B\7
<        8\B  W  .  W  .  .  .  .  .  .  B\8
<         9\B  W  B  W  B  .  .  .  .  .  .\9
<         10\B  W  .  B  .  W  .  .  W  .  B\10
<          11\W  .  .  .  B  .  .  W  .  .  .\11
<              a  b  c  d  e  f  g  h  i  j  k  
<
>genmove b
<= f7
<
>showboard
a7727 info: Opponent has won; playing most blocking move.
<= 
< 
<  41956cbf76f9be67
<  a  b  c  d  e  f  g  h  i  j  k  
< 1\.  .  .  .  .  W  B  .  .  .  .\1
<  2\.  .  W  .  .  .  .  .  .  B  W\2
<   3\.  W  .  .  .  B  W  B  .  .  B\3
<    4\.  .  B  .  .  B  .  W  .  .  .\4
<     5\.  W  .  .  B  .  B  .  .  .  B\5
<      6\.  W  B  .  .  .  W  W  B  B  W\6
<       7\.  B  W  B  W  B  .  W  W  W  B\7
<        8\B  W  .  W  .  .  .  .  .  .  B\8
<         9\B  W  B  W  B  .  .  .  .  .  .\9
<         10\B  W  .  B  .  W  .  .  W  .  B\10
<          11\W  .  .  .  B  .  .  W  .  .  .\11
<              a  b  c  d  e  f  g  h  i  j  k  
<
>play w f6
<= 
<
>showboard
<= 
< 
<  dd057a25592af108
<  a  b  c  d  e  f  g  h  i  j  k  
< 1\.  .  .  .  .  W  B  .  .  .  .\1
<  2\.  .  W  .  .  .  .  .  .  B  W\2
<   3\.  W  .  .  .  B  W  B  .  .  B\3
<    4\.  .  B  .  .  B  .  W  .  .  .\4
<     5\.  W  .  .  B  .  B  .  .  .  B\5
<      6\.  W  B  .  .  W  W  W  B  B  W\6
<       7\.  B  W  B  W  B  .  W  W  W  B\7
<        8\B  W  .  W  .  .  .  .  .  .  B\8
<         9\B  W  B  W  B  .  .  .  .  .  .\9
<         10\B  W  .  B  .  W  .  .  W  .  B\10
<          11\W  .  .  .  B  .  .  W  .  .  .\11
<              a  b  c  d  e  f  g  h  i  j  k  
<
>genmove b
<= c8
<
>showboard
a7727 info: Captured cells caused win! Removing...
a7727 info: Opponent has won; playing most blocking move.
<= 
< 
<  878dd3602721937c
<  a  b  c  d  e  f  g  h  i  j  k  
< 1\.  .  .  .  .  W  B  .  .  .  .\1
<  2\.  .  W  .  .  .  .  .  .  B  W\2
<   3\.  W  .  .  .  B  W  B  .  .  B\3
<    4\.  .  B  .  .  B  .  W  .  .  .\4
<     5\.  W  .  .  B  .  B  .  .  .  B\5
<      6\.  W  B  .  .  W  W  W  B  B  W\6
<       7\.  B  W  B  W  B  .  W  W  W  B\7
<        8\B  W  B  W  .  .  .  .  .  .  B\8
<         9\B  W  B  W  B  .  .  .  .  .  .\9
<         10\B  W  .  B  .  W  .  .  W  .  B\10
<          11\W  .  .  .  B  .  .  W  .  .  .\11
<              a  b  c  d  e  f  g  h  i  j  k  
<
>play w c10
<= 
<
>showboard
<= 
< 
<  22ce66ea00d65434
<  a  b  c  d  e  f  g  h  i  j  k  
< 1\.  .  .  .  .  W  B  .  .  .  .\1
<  2\.  .  W  .  .  .  .  .  .  B  W\2
<   3\.  W  .  .  .  B  W  B  .  .  B\3
<    4\.  .  B  .  .  B  .  W  .  .  .\4
<     5\.  W  .  .  B  .  B  .  .  .  B\5
<      6\.  W  B  .  .  W  W  W  B  B  W\6
<       7\.  B  W  B  W  B  .  W  W  W  B\7
<        8\B  W  B  W  .  .  .  .  .  .  B\8
<         9\B  W  B  W  B  .  .  .  .  .  .\9
<         10\B  W  W  B  .  W  .  .  W  .  B\10
<          11\W  .  .  .  B  .  .  W  .  .  .\11
<              a  b  c  d  e  f  g  h  i  j  k  
<
>genmove b
<= resign
<
>showboard
<= 
< 
<  22ce66ea00d65434
<  a  b  c  d  e  f  g  h  i  j  k  
< 1\.  .  .  .  .  W  B  .  .  .  .\1
<  2\.  .  W  .  .  .  .  .  .  B  W\2
<   3\.  W  .  .  .  B  W  B  .  .  B\3
<    4\.  .  B  .  .  B  .  W  .  .  .\4
<     5\.  W  .  .  B  .  B  .  .  .  B\5
<      6\.  W  B  .  .  W  W  W  B  B  W\6
<       7\.  B  W  B  W  B  .  W  W  W  B\7
<        8\B  W  B  W  .  .  .  .  .  .  B\8
<         9\B  W  B  W  B  .  .  .  .  .  .\9
<         10\B  W  W  B  .  W  .  .  W  .  B\10
<          11\W  .  .  .  B  .  .  W  .  .  .\11
<              a  b  c  d  e  f  g  h  i  j  k  
<
>final_score
<= W+
<
>quit
<= 
<
