a9587 config: MoHex v2.0.CMake Mar 21 2025.
a9587 config: ============ InitializeSystem ============
a9587 config: BenzeneProgram::InitRandom()
a9587 config: Seed = 864440
a9587 info: Prior Patterns:
a9587 info: Global:
a9587 info: Size            = 565 32648 
a9587 info: TableEntries    = 65932 65910
a9587 info: MirrorsAdded    = 0 0
a9587 info: PrunableCount   = 30593 30629
a9587 info: LargestGamma    = 5820.77
a9587 info: SmallestGamma   = 6.6e-05
a9587 info: Local:
a9587 info: Size            = 550 5318 
a9587 info: TableEntries    = 11602 11588
a9587 info: MirrorsAdded    = 0 0
a9587 info: PrunableCount   = 3659 3667
a9587 info: LargestGamma    = 11281.8
a9587 info: SmallestGamma   = 0.026235
a9587 info: Playout Patterns:
a9587 info: Global:
a9587 info: Size            = 565 32648 
a9587 info: TableEntries    = 70329 70329
a9587 info: MirrorsAdded    = 4397 4419
a9587 info: PrunableCount   = 30593 30629
a9587 info: LargestGamma    = 5820.77
a9587 info: SmallestGamma   = 6.6e-05
a9587 info: Local:
a9587 info: Size            = 550 5318 
a9587 info: TableEntries    = 11602 11588
a9587 info: MirrorsAdded    = 0 0
a9587 info: PrunableCount   = 3659 3667
a9587 info: LargestGamma    = 11281.8
a9587 info: SmallestGamma   = 0.026235
a9587 config: IcePatternSet: reading from '/home/linus/MoHex2.0/nfbranchfix/benzene-vanilla-cmake/share/ice-patterns.txt'.
a9587 config: IcePatternSet: parsed 708 patterns.
a9587 config: VCS: reading captured set patterns from '/home/linus/MoHex2.0/nfbranchfix/benzene-vanilla-cmake/share/vc-captured-set.txt'.
a9587 config: VCS:: parsed 2 patterns.
a9587 config: VCS: reading captured set patterns from '/home/linus/MoHex2.0/nfbranchfix/benzene-vanilla-cmake/share/vc-captured-set.txt'.
a9587 config: VCS:: parsed 2 patterns.
a9587 config: IcePatternSet: reading from '/home/linus/MoHex2.0/nfbranchfix/benzene-vanilla-cmake/share/ice-patterns.txt'.
a9587 config: IcePatternSet: parsed 708 patterns.
a9587 config: VCS: reading captured set patterns from '/home/linus/MoHex2.0/nfbranchfix/benzene-vanilla-cmake/share/vc-captured-set.txt'.
a9587 config: VCS:: parsed 2 patterns.
a9587 config: VCS: reading captured set patterns from '/home/linus/MoHex2.0/nfbranchfix/benzene-vanilla-cmake/share/vc-captured-set.txt'.
a9587 config: VCS:: parsed 2 patterns.
a9587 config: VCS: reading captured set patterns from '/home/linus/MoHex2.0/nfbranchfix/benzene-vanilla-cmake/share/vc-captured-set.txt'.
a9587 config: VCS:: parsed 2 patterns.
a9587 config: VCS: reading captured set patterns from '/home/linus/MoHex2.0/nfbranchfix/benzene-vanilla-cmake/share/vc-captured-set.txt'.
a9587 config: VCS:: parsed 2 patterns.
a9587 config: VCS: reading captured set patterns from '/home/linus/MoHex2.0/nfbranchfix/benzene-vanilla-cmake/share/vc-captured-set.txt'.
a9587 config: VCS:: parsed 2 patterns.
a9587 config: VCS: reading captured set patterns from '/home/linus/MoHex2.0/nfbranchfix/benzene-vanilla-cmake/share/vc-captured-set.txt'.
a9587 config: VCS:: parsed 2 patterns.
a9587 info: SwapCheck: reading from '/home/linus/MoHex2.0/nfbranchfix/benzene-vanilla-cmake/share/swap-moves.txt'.
a9587 info: SwapCheck: playing swap.
a9587 config: VCPattern: loading pattern templates from '/home/linus/MoHex2.0/nfbranchfix/benzene-vanilla-cmake/share/vc-patterns.txt'.
a9587 info: Best move cannot be determined, must search state.
a9587 info: --- MoHexPlayer::Search() ---
a9587 info: Color: black
a9587 info: MaxGames: 1
a9587 info: NumberThreads: 1
a9587 info: MaxNodes: 181818181 (15999999928 bytes)
a9587 info: TimeForMove: 1
a9587 info: PreSearch: max time reached (45/91).
a9587 info: Time for PreSearch: 0.202404s
a9587 info: 
  b278ca91a0c221cc
  a  b  c  d  e  f  g  h  i  j  k  
 1\.  .  .  .  .  .  .  .  .  .  .\1
  2\.  .  *  *  *  *  *  *  *  *  *\2
   3\.  *  *  *  *  *  *  *  *  *  *\3
    4\*  *  *  *  B  *  *  *  *  *  *\4
     5\*  *  *  *  *  *  *  *  *  *  *\5
      6\*  *  *  *  *  *  *  *  *  *  *\6
       7\*  *  *  *  W  *  *  *  *  *  *\7
        8\*  *  *  *  *  *  *  *  *  *  *\8
         9\*  *  *  *  *  *  *  *  *  *  .\9
         10\*  *  *  *  *  *  *  *  *  .  .\10
          11\.  .  .  .  .  .  .  .  .  .  .\11
              a  b  c  d  e  f  g  h  i  j  k  
a9587 info: No subtree to reuse.
a9587 info: Creating thread 0
a9587 info: StartSearch()[0]
a9587 config: VCS: reading captured set patterns from '/home/linus/MoHex2.0/nfbranchfix/benzene-vanilla-cmake/share/vc-captured-set.txt'.
a9587 config: VCS:: parsed 2 patterns.
a9587 config: VCS: reading captured set patterns from '/home/linus/MoHex2.0/nfbranchfix/benzene-vanilla-cmake/share/vc-captured-set.txt'.
a9587 config: VCS:: parsed 2 patterns.
a9587 info: 
Elapsed Time   0.352925s
Count          1
GamesPlayed    1
Nodes          1
Knowledge      0 (0.0%)
Expansions     0.0
Time           0.00
GameLen        119.0 dev=0.0 min=119.0 max=119.0
InTree         0.0 dev=0.0 min=0.0 max=0.0
KnowDepth      -
Aborted        0%
Games/s        399.4
Score          0.00
Sequence      
a9587 info: 
a9587 warning: **** MoHexSearch returned empty sequence!
a9587 warning: **** Returning random move!
a9587 info: Best move cannot be determined, must search state.
a9587 info: --- MoHexPlayer::Search() ---
a9587 info: Color: black
a9587 info: MaxGames: 1
a9587 info: NumberThreads: 1
a9587 info: MaxNodes: 181818181 (15999999928 bytes)
a9587 info: TimeForMove: 1
a9587 info: PreSearch: max time reached (46/83).
a9587 info: Time for PreSearch: 0.201543s
a9587 info: 
  5bfbfc92e56a712d
  a  b  c  d  e  f  g  h  i  j  k  
 1\.  .  .  .  .  .  .  .  B  b  b\1
  2\.  .  *  *  *  *  *  *  .  .  w\2
   3\.  *  *  *  *  *  *  *  *  W  w\3
    4\*  *  *  *  B  *  *  *  *  .  w\4
     5\*  *  *  *  *  *  *  *  *  *  .\5
      6\*  *  *  *  *  *  *  *  *  *  *\6
       7\*  *  *  *  W  *  *  *  *  *  *\7
        8\*  *  *  *  *  *  *  *  *  *  *\8
         9\*  *  *  *  *  *  *  *  *  *  .\9
         10\*  *  *  *  *  *  *  *  *  .  .\10
          11\.  .  .  .  .  .  .  .  .  .  .\11
              a  b  c  d  e  f  g  h  i  j  k  
a9587 info: Old: [black, e4] [white, swap-pieces] [white, e7] 
a9587 info: New: [black, e4] [white, swap-pieces] [white, e7] [black, i1] [white, j3] 
a9587 info: MovesPlayed: [black, i1] [white, j3] 
a9587 info: No subtree to reuse.
a9587 info: StartSearch()[0]
a9587 info: 
Elapsed Time   0.346439s
Count          1
GamesPlayed    1
Nodes          1
Knowledge      0 (0.0%)
Expansions     0.0
Time           0.00
GameLen        112.0 dev=0.0 min=112.0 max=112.0
InTree         0.0 dev=0.0 min=0.0 max=0.0
KnowDepth      -
Aborted        0%
Games/s        2958.6
Score          0.00
Sequence      
a9587 info: 
a9587 warning: **** MoHexSearch returned empty sequence!
a9587 warning: **** Returning random move!
a9587 info: Best move cannot be determined, must search state.
a9587 info: --- MoHexPlayer::Search() ---
a9587 info: Color: black
a9587 info: MaxGames: 1
a9587 info: NumberThreads: 1
a9587 info: MaxNodes: 181818181 (15999999928 bytes)
a9587 info: TimeForMove: 1
a9587 info: PreSearch: max time reached (47/84).
a9587 info: Time for PreSearch: 0.203304s
a9587 info: 
  84911be369c6c0a8
  a  b  c  d  e  f  g  h  i  j  k  
 1\B  b  .  .  .  .  .  .  B  b  b\1
  2\.  *  *  *  *  *  *  *  .  .  w\2
   3\*  *  *  *  *  *  *  *  *  W  w\3
    4\*  *  *  *  B  *  *  *  *  .  w\4
     5\*  *  *  *  *  *  *  *  *  *  .\5
      6\*  *  *  *  *  *  *  *  *  *  *\6
       7\*  *  *  *  W  *  *  *  *  *  *\7
        8\*  *  *  *  W  *  *  *  *  *  *\8
         9\*  *  *  *  *  *  *  *  *  *  .\9
         10\*  *  *  *  *  *  *  *  *  .  .\10
          11\.  .  .  .  .  .  .  .  .  .  .\11
              a  b  c  d  e  f  g  h  i  j  k  
a9587 info: Old: [black, e4] [white, swap-pieces] [white, e7] [black, i1] [white, j3] 
a9587 info: New: [black, e4] [white, swap-pieces] [white, e7] [black, i1] [white, j3] [black, a1] [white, e8] 
a9587 info: MovesPlayed: [black, a1] [white, e8] 
a9587 info: No subtree to reuse.
a9587 info: StartSearch()[0]
a9587 info: 
Elapsed Time   0.350888s
Count          1
GamesPlayed    1
Nodes          1
Knowledge      0 (0.0%)
Expansions     0.0
Time           0.00
GameLen        109.0 dev=0.0 min=109.0 max=109.0
InTree         0.0 dev=0.0 min=0.0 max=0.0
KnowDepth      -
Aborted        0%
Games/s        3215.4
Score          0.00
Sequence      
a9587 info: 
a9587 warning: **** MoHexSearch returned empty sequence!
a9587 warning: **** Returning random move!
a9587 info: Best move cannot be determined, must search state.
a9587 info: --- MoHexPlayer::Search() ---
a9587 info: Color: black
a9587 info: MaxGames: 1
a9587 info: NumberThreads: 1
a9587 info: MaxNodes: 181818181 (15999999928 bytes)
a9587 info: TimeForMove: 1
a9587 info: Time for PreSearch: 0.034122s
a9587 info: 
  bf45459cfa886120
  a  b  c  d  e  f  g  h  i  j  k  
 1\B  b  .  .  .  .  .  .  B  b  b\1
  2\.  .  .  .  .  .  .  .  .  .  w\2
   3\.  .  .  .  B  .  .  .  .  W  w\3
    4\.  .  .  .  B  .  .  .  *  .  w\4
     5\.  .  .  .  .  .  .  .  .  *  .\5
      6\.  .  .  .  .  .  .  *  *  *  *\6
       7\w  .  *  *  W  *  .  .  .  .  .\7
        8\w  W  .  *  W  .  .  .  .  .  .\8
         9\w  .  *  .  .  .  .  .  .  .  .\9
         10\w  .  .  .  .  .  .  .  .  .  .\10
          11\.  .  .  .  .  .  .  .  .  .  .\11
              a  b  c  d  e  f  g  h  i  j  k  
a9587 info: Old: [black, e4] [white, swap-pieces] [white, e7] [black, i1] [white, j3] [black, a1] [white, e8] 
a9587 info: New: [black, e4] [white, swap-pieces] [white, e7] [black, i1] [white, j3] [black, a1] [white, e8] [black, e3] [white, b8] 
a9587 info: MovesPlayed: [black, e3] [white, b8] 
a9587 info: No subtree to reuse.
a9587 info: StartSearch()[0]
a9587 info: 
Elapsed Time   0.178617s
Count          1
GamesPlayed    1
Nodes          1
Knowledge      0 (0.0%)
Expansions     0.0
Time           0.00
GameLen        103.0 dev=0.0 min=103.0 max=103.0
InTree         0.0 dev=0.0 min=0.0 max=0.0
KnowDepth      -
Aborted        0%
Games/s        3448.3
Score          0.00
Sequence      
a9587 info: 
a9587 warning: **** MoHexSearch returned empty sequence!
a9587 warning: **** Returning random move!
a9587 info: Opponent has won; playing most blocking move.
a9587 info: Opponent has won; playing most blocking move.
a9587 info: Opponent has won; playing most blocking move.
a9587 info: Opponent has won; playing most blocking move.
a9587 info: Opponent has won; playing most blocking move.
a9587 info: Opponent has won; playing most blocking move.
a9587 info: Opponent has won; playing most blocking move.
a9587 info: Captured cells caused win! Removing...
a9587 info: Opponent has won; playing most blocking move.
a9587 info: Captured cells caused win! Removing...
a9587 info: Opponent has won; playing most blocking move.
a9587 config: ============ BenzeneShutdown =============
a9587 config: MoHexProgram:: ShutdownSystem()
a9587 config: CommonProgram:: ShutdownSystem()
a9587 config: BenzeneProgram:: ShutdownSystem()
Flushing and closing this stream...
