a2b67 config: MoHex v2.0.CMake Mar 21 2025.
a2b67 config: ============ InitializeSystem ============
a2b67 config: BenzeneProgram::InitRandom()
a2b67 config: Seed = 648047
a2b67 info: Prior Patterns:
a2b67 info: Global:
a2b67 info: Size            = 565 32648 
a2b67 info: TableEntries    = 65932 65910
a2b67 info: MirrorsAdded    = 0 0
a2b67 info: PrunableCount   = 30593 30629
a2b67 info: LargestGamma    = 5820.77
a2b67 info: SmallestGamma   = 6.6e-05
a2b67 info: Local:
a2b67 info: Size            = 550 5318 
a2b67 info: TableEntries    = 11602 11588
a2b67 info: MirrorsAdded    = 0 0
a2b67 info: PrunableCount   = 3659 3667
a2b67 info: LargestGamma    = 11281.8
a2b67 info: SmallestGamma   = 0.026235
a2b67 info: Playout Patterns:
a2b67 info: Global:
a2b67 info: Size            = 565 32648 
a2b67 info: TableEntries    = 70329 70329
a2b67 info: MirrorsAdded    = 4397 4419
a2b67 info: PrunableCount   = 30593 30629
a2b67 info: LargestGamma    = 5820.77
a2b67 info: SmallestGamma   = 6.6e-05
a2b67 info: Local:
a2b67 info: Size            = 550 5318 
a2b67 info: TableEntries    = 11602 11588
a2b67 info: MirrorsAdded    = 0 0
a2b67 info: PrunableCount   = 3659 3667
a2b67 info: LargestGamma    = 11281.8
a2b67 info: SmallestGamma   = 0.026235
a2b67 config: IcePatternSet: reading from '/home/linus/MoHex2.0/nfbranchfix/benzene-vanilla-cmake/share/ice-patterns.txt'.
a2b67 config: IcePatternSet: parsed 708 patterns.
a2b67 config: VCS: reading captured set patterns from '/home/linus/MoHex2.0/nfbranchfix/benzene-vanilla-cmake/share/vc-captured-set.txt'.
a2b67 config: VCS:: parsed 2 patterns.
a2b67 config: VCS: reading captured set patterns from '/home/linus/MoHex2.0/nfbranchfix/benzene-vanilla-cmake/share/vc-captured-set.txt'.
a2b67 config: VCS:: parsed 2 patterns.
a2b67 config: IcePatternSet: reading from '/home/linus/MoHex2.0/nfbranchfix/benzene-vanilla-cmake/share/ice-patterns.txt'.
a2b67 config: IcePatternSet: parsed 708 patterns.
a2b67 config: VCS: reading captured set patterns from '/home/linus/MoHex2.0/nfbranchfix/benzene-vanilla-cmake/share/vc-captured-set.txt'.
a2b67 config: VCS:: parsed 2 patterns.
a2b67 config: VCS: reading captured set patterns from '/home/linus/MoHex2.0/nfbranchfix/benzene-vanilla-cmake/share/vc-captured-set.txt'.
a2b67 config: VCS:: parsed 2 patterns.
a2b67 config: VCS: reading captured set patterns from '/home/linus/MoHex2.0/nfbranchfix/benzene-vanilla-cmake/share/vc-captured-set.txt'.
a2b67 config: VCS:: parsed 2 patterns.
a2b67 config: VCS: reading captured set patterns from '/home/linus/MoHex2.0/nfbranchfix/benzene-vanilla-cmake/share/vc-captured-set.txt'.
a2b67 config: VCS:: parsed 2 patterns.
a2b67 config: VCS: reading captured set patterns from '/home/linus/MoHex2.0/nfbranchfix/benzene-vanilla-cmake/share/vc-captured-set.txt'.
a2b67 config: VCS:: parsed 2 patterns.
a2b67 config: VCS: reading captured set patterns from '/home/linus/MoHex2.0/nfbranchfix/benzene-vanilla-cmake/share/vc-captured-set.txt'.
a2b67 config: VCS:: parsed 2 patterns.
a2b67 config: VCPattern: loading pattern templates from '/home/linus/MoHex2.0/nfbranchfix/benzene-vanilla-cmake/share/vc-patterns.txt'.
a2b67 info: Best move cannot be determined, must search state.
a2b67 info: --- MoHexPlayer::Search() ---
a2b67 info: Color: white
a2b67 info: MaxGames: 1
a2b67 info: NumberThreads: 1
a2b67 info: MaxNodes: 181818181 (15999999928 bytes)
a2b67 info: TimeForMove: 1
a2b67 info: PreSearch: max time reached (39/90).
a2b67 info: Time for PreSearch: 0.205054s
a2b67 info: 
  c340cdd0fc63b362
  a  b  c  d  e  f  g  h  i  j  k  
 1\.  .  .  *  *  *  *  *  *  *  .\1
  2\.  .  *  *  *  *  *  *  *  *  .\2
   3\.  *  *  *  *  *  *  *  *  *  .\3
    4\.  *  *  *  *  *  *  *  *  *  .\4
     5\.  *  *  *  *  *  *  .  *  *  .\5
      6\.  *  *  *  *  *  *  *  *  *  .\6
       7\.  *  *  .  *  *  *  *  *  *  .\7
        8\.  *  *  *  B  *  *  *  *  *  .\8
         9\.  *  *  *  *  *  *  *  *  *  .\9
         10\.  *  *  *  *  *  *  *  *  .  .\10
          11\.  *  *  *  *  *  *  *  .  .  .\11
              a  b  c  d  e  f  g  h  i  j  k  
a2b67 info: No subtree to reuse.
a2b67 info: Creating thread 0
a2b67 info: StartSearch()[0]
a2b67 config: VCS: reading captured set patterns from '/home/linus/MoHex2.0/nfbranchfix/benzene-vanilla-cmake/share/vc-captured-set.txt'.
a2b67 config: VCS:: parsed 2 patterns.
a2b67 config: VCS: reading captured set patterns from '/home/linus/MoHex2.0/nfbranchfix/benzene-vanilla-cmake/share/vc-captured-set.txt'.
a2b67 config: VCS:: parsed 2 patterns.
a2b67 info: 
Elapsed Time   0.436683s
Count          1
GamesPlayed    1
Nodes          1
Knowledge      0 (0.0%)
Expansions     0.0
Time           0.00
GameLen        120.0 dev=0.0 min=120.0 max=120.0
InTree         0.0 dev=0.0 min=0.0 max=0.0
KnowDepth      -
Aborted        0%
Games/s        297.9
Score          0.00
Sequence      
a2b67 info: 
a2b67 warning: **** MoHexSearch returned empty sequence!
a2b67 warning: **** Returning random move!
a2b67 info: Best move cannot be determined, must search state.
a2b67 info: --- MoHexPlayer::Search() ---
a2b67 info: Color: white
a2b67 info: MaxGames: 1
a2b67 info: NumberThreads: 1
a2b67 info: MaxNodes: 181818181 (15999999928 bytes)
a2b67 info: TimeForMove: 1
a2b67 info: PreSearch: max time reached (39/92).
a2b67 info: Time for PreSearch: 0.202628s
a2b67 info: 
  1ad76d5b2ec95de4
  a  b  c  d  e  f  g  h  i  j  k  
 1\.  .  .  *  *  *  *  *  *  *  .\1
  2\.  .  *  *  *  *  *  *  *  *  .\2
   3\.  *  *  *  *  *  *  *  *  *  .\3
    4\.  *  *  *  *  *  *  *  *  *  .\4
     5\.  B  *  *  *  *  *  *  *  *  .\5
      6\.  *  *  *  *  *  *  *  *  *  .\6
       7\.  *  *  *  *  *  *  *  *  *  .\7
        8\.  *  *  *  B  *  *  *  *  *  .\8
         9\.  *  *  *  *  *  *  *  *  *  .\9
         10\.  *  *  *  *  *  *  *  *  *  .\10
          11\.  *  *  *  *  *  *  *  W  .  .\11
              a  b  c  d  e  f  g  h  i  j  k  
a2b67 info: Old: [black, e8] [white, swap-pieces] 
a2b67 info: New: [black, e8] [white, swap-pieces] [white, i11] [black, b5] 
a2b67 info: ReuseSubtree: Colors do not alternate.
a2b67 info: No subtree to reuse.
a2b67 info: StartSearch()[0]
a2b67 info: 
Elapsed Time   0.3757s
Count          1
GamesPlayed    1
Nodes          1
Knowledge      0 (0.0%)
Expansions     0.0
Time           0.00
GameLen        118.0 dev=0.0 min=118.0 max=118.0
InTree         0.0 dev=0.0 min=0.0 max=0.0
KnowDepth      -
Aborted        0%
Games/s        2512.6
Score          0.00
Sequence      
a2b67 info: 
a2b67 warning: **** MoHexSearch returned empty sequence!
a2b67 warning: **** Returning random move!
a2b67 info: Best move cannot be determined, must search state.
a2b67 info: --- MoHexPlayer::Search() ---
a2b67 info: Color: white
a2b67 info: MaxGames: 1
a2b67 info: NumberThreads: 1
a2b67 info: MaxNodes: 181818181 (15999999928 bytes)
a2b67 info: TimeForMove: 1
a2b67 info: PreSearch: max time reached (38/86).
a2b67 info: Time for PreSearch: 0.201744s
a2b67 info: 
  e1867269cca40f77
  a  b  c  d  e  f  g  h  i  j  k  
 1\.  .  .  *  *  *  *  *  *  *  .\1
  2\.  .  *  *  *  *  *  *  *  *  .\2
   3\.  *  *  *  *  *  *  *  *  *  .\3
    4\.  *  *  B  *  *  *  *  *  *  .\4
     5\.  B  *  *  *  *  *  *  *  *  .\5
      6\.  *  *  *  *  *  *  *  *  *  .\6
       7\.  *  *  *  *  *  *  *  *  *  w\7
        8\.  *  *  *  B  *  *  *  *  .  w\8
         9\.  *  *  *  *  *  *  *  *  W  w\9
         10\.  *  *  *  *  *  *  *  .  w  w\10
          11\.  *  *  *  *  *  *  .  W  w  w\11
              a  b  c  d  e  f  g  h  i  j  k  
a2b67 info: Old: [black, e8] [white, swap-pieces] [white, i11] [black, b5] 
a2b67 info: New: [black, e8] [white, swap-pieces] [white, i11] [black, b5] [white, j9] [black, d4] 
a2b67 info: MovesPlayed: [white, j9] [black, d4] 
a2b67 info: No subtree to reuse.
a2b67 info: StartSearch()[0]
a2b67 info: 
Elapsed Time   0.377991s
Count          1
GamesPlayed    1
Nodes          1
Knowledge      0 (0.0%)
Expansions     0.0
Time           0.00
GameLen        109.0 dev=0.0 min=109.0 max=109.0
InTree         0.0 dev=0.0 min=0.0 max=0.0
KnowDepth      -
Aborted        0%
Games/s        1938.0
Score          1.00
Sequence      
a2b67 info: 
a2b67 warning: **** MoHexSearch returned empty sequence!
a2b67 warning: **** Returning random move!
a2b67 info: Best move cannot be determined, must search state.
a2b67 info: --- MoHexPlayer::Search() ---
a2b67 info: Color: white
a2b67 info: MaxGames: 1
a2b67 info: NumberThreads: 1
a2b67 info: MaxNodes: 181818181 (15999999928 bytes)
a2b67 info: TimeForMove: 1
a2b67 info: PreSearch: max time reached (45/84).
a2b67 info: Time for PreSearch: 0.201908s
a2b67 info: 
  90c8a53781152d41
  a  b  c  d  e  f  g  h  i  j  k  
 1\.  .  .  .  .  *  *  *  *  *  .\1
  2\.  .  *  W  *  *  *  *  *  *  .\2
   3\.  *  *  *  *  *  *  *  *  *  .\3
    4\.  *  *  B  *  *  *  *  *  *  .\4
     5\.  B  *  *  *  *  *  *  *  *  .\5
      6\.  *  *  *  *  *  *  *  *  *  .\6
       7\.  *  *  *  *  *  *  *  *  *  w\7
        8\.  *  *  *  B  *  *  *  *  .  w\8
         9\.  *  *  *  *  *  *  *  *  W  w\9
         10\B  *  *  *  *  *  *  *  .  w  w\10
          11\*  *  *  *  *  *  *  .  W  w  w\11
              a  b  c  d  e  f  g  h  i  j  k  
a2b67 info: Old: [black, e8] [white, swap-pieces] [white, i11] [black, b5] [white, j9] [black, d4] 
a2b67 info: New: [black, e8] [white, swap-pieces] [white, i11] [black, b5] [white, j9] [black, d4] [white, d2] [black, a10] 
a2b67 info: MovesPlayed: [white, d2] [black, a10] 
a2b67 info: No subtree to reuse.
a2b67 info: StartSearch()[0]
a2b67 info: 
Elapsed Time   0.381151s
Count          1
GamesPlayed    1
Nodes          1
Knowledge      0 (0.0%)
Expansions     0.0
Time           0.00
GameLen        107.0 dev=0.0 min=107.0 max=107.0
InTree         0.0 dev=0.0 min=0.0 max=0.0
KnowDepth      -
Aborted        0%
Games/s        2688.2
Score          1.00
Sequence      
a2b67 info: 
a2b67 warning: **** MoHexSearch returned empty sequence!
a2b67 warning: **** Returning random move!
a2b67 info: Best move cannot be determined, must search state.
a2b67 info: --- MoHexPlayer::Search() ---
a2b67 info: Color: white
a2b67 info: MaxGames: 1
a2b67 info: NumberThreads: 1
a2b67 info: MaxNodes: 181818181 (15999999928 bytes)
a2b67 info: TimeForMove: 1
a2b67 info: PreSearch: max time reached (49/82).
a2b67 info: Time for PreSearch: 0.202626s
a2b67 info: 
  79e6576b728eea98
  a  b  c  d  e  f  g  h  i  j  k  
 1\.  .  .  .  .  *  *  *  *  *  .\1
  2\.  .  .  W  .  *  *  *  *  *  .\2
   3\.  .  *  *  W  *  *  *  *  *  .\3
    4\.  .  *  B  *  *  *  *  *  *  .\4
     5\.  B  *  *  *  *  *  *  *  *  .\5
      6\.  *  *  *  *  *  *  *  *  *  .\6
       7\.  *  *  *  *  *  *  *  *  *  .\7
        8\.  *  *  *  B  *  *  *  *  B  w\8
         9\.  *  *  *  *  *  *  *  *  W  w\9
         10\B  *  *  *  *  *  *  *  .  w  w\10
          11\*  *  *  *  *  *  *  .  W  w  w\11
              a  b  c  d  e  f  g  h  i  j  k  
a2b67 info: Old: [black, e8] [white, swap-pieces] [white, i11] [black, b5] [white, j9] [black, d4] [white, d2] [black, a10] 
a2b67 info: New: [black, e8] [white, swap-pieces] [white, i11] [black, b5] [white, j9] [black, d4] [white, d2] [black, a10] [white, e3] [black, j8] 
a2b67 info: MovesPlayed: [white, e3] [black, j8] 
a2b67 info: No subtree to reuse.
a2b67 info: StartSearch()[0]
a2b67 info: 
Elapsed Time   0.380635s
Count          1
GamesPlayed    1
Nodes          1
Knowledge      0 (0.0%)
Expansions     0.0
Time           0.00
GameLen        106.0 dev=0.0 min=106.0 max=106.0
InTree         0.0 dev=0.0 min=0.0 max=0.0
KnowDepth      -
Aborted        0%
Games/s        2358.5
Score          1.00
Sequence      
a2b67 info: 
a2b67 warning: **** MoHexSearch returned empty sequence!
a2b67 warning: **** Returning random move!
a2b67 info: Best move cannot be determined, must search state.
a2b67 info: --- MoHexPlayer::Search() ---
a2b67 info: Color: white
a2b67 info: MaxGames: 1
a2b67 info: NumberThreads: 1
a2b67 info: MaxNodes: 181818181 (15999999928 bytes)
a2b67 info: TimeForMove: 1
a2b67 info: PreSearch: max time reached (44/79).
a2b67 info: Time for PreSearch: 0.202117s
a2b67 info: 
  379046137f601b4c
  a  b  c  d  e  f  g  h  i  j  k  
 1\.  .  .  .  .  *  *  *  *  *  .\1
  2\.  .  *  W  .  *  *  *  *  *  .\2
   3\.  *  *  *  W  *  *  B  *  *  .\3
    4\.  *  *  B  *  *  *  *  *  *  .\4
     5\.  B  *  *  *  *  *  *  *  *  W\5
      6\.  *  *  *  *  *  *  *  *  .  w\6
       7\.  *  *  *  *  *  *  *  *  .  w\7
        8\.  *  *  *  B  *  *  *  *  B  w\8
         9\.  *  *  *  *  *  *  *  *  W  w\9
         10\B  *  *  *  *  *  *  *  .  w  w\10
          11\*  *  *  *  *  *  *  .  W  w  w\11
              a  b  c  d  e  f  g  h  i  j  k  
a2b67 info: Old: [black, e8] [white, swap-pieces] [white, i11] [black, b5] [white, j9] [black, d4] [white, d2] [black, a10] [white, e3] [black, j8] 
a2b67 info: New: [black, e8] [white, swap-pieces] [white, i11] [black, b5] [white, j9] [black, d4] [white, d2] [black, a10] [white, e3] [black, j8] [white, k5] [black, h3] 
a2b67 info: MovesPlayed: [white, k5] [black, h3] 
a2b67 info: No subtree to reuse.
a2b67 info: StartSearch()[0]
a2b67 info: 
Elapsed Time   0.384373s
Count          1
GamesPlayed    1
Nodes          1
Knowledge      0 (0.0%)
Expansions     0.0
Time           0.00
GameLen        102.0 dev=0.0 min=102.0 max=102.0
InTree         0.0 dev=0.0 min=0.0 max=0.0
KnowDepth      -
Aborted        0%
Games/s        3003.0
Score          1.00
Sequence      
a2b67 info: 
a2b67 warning: **** MoHexSearch returned empty sequence!
a2b67 warning: **** Returning random move!
a2b67 info: Best move cannot be determined, must search state.
a2b67 info: --- MoHexPlayer::Search() ---
a2b67 info: Color: white
a2b67 info: MaxGames: 1
a2b67 info: NumberThreads: 1
a2b67 info: MaxNodes: 181818181 (15999999928 bytes)
a2b67 info: TimeForMove: 1
a2b67 info: PreSearch: max time reached (45/68).
a2b67 info: Time for PreSearch: 0.20433s
a2b67 info: 
  c3004e3c963b5491
  a  b  c  d  e  f  g  h  i  j  k  
 1\.  .  .  .  .  *  *  .  *  .  w\1
  2\.  .  .  W  .  *  *  .  .  W  w\2
   3\.  .  *  *  W  *  *  B  .  w  w\3
    4\.  .  *  B  *  *  *  *  *  .  w\4
     5\.  B  .  *  *  *  *  *  *  .  W\5
      6\b  B  *  *  *  *  *  *  *  .  w\6
       7\.  *  *  *  *  *  *  *  *  .  w\7
        8\.  *  *  *  B  *  *  *  *  B  w\8
         9\.  *  *  *  *  *  *  *  *  W  w\9
         10\B  *  *  *  *  *  *  *  .  w  w\10
          11\*  *  *  *  *  *  *  .  W  w  w\11
              a  b  c  d  e  f  g  h  i  j  k  
a2b67 info: Old: [black, e8] [white, swap-pieces] [white, i11] [black, b5] [white, j9] [black, d4] [white, d2] [black, a10] [white, e3] [black, j8] [white, k5] [black, h3] 
a2b67 info: New: [black, e8] [white, swap-pieces] [white, i11] [black, b5] [white, j9] [black, d4] [white, d2] [black, a10] [white, e3] [black, j8] [white, k5] [black, h3] [white, j2] [black, b6] 
a2b67 info: MovesPlayed: [white, j2] [black, b6] 
a2b67 info: No subtree to reuse.
a2b67 info: StartSearch()[0]
a2b67 info: 
Elapsed Time   0.391018s
Count          1
GamesPlayed    1
Nodes          1
Knowledge      0 (0.0%)
Expansions     0.0
Time           0.00
GameLen        94.0 dev=0.0 min=94.0 max=94.0
InTree         0.0 dev=0.0 min=0.0 max=0.0
KnowDepth      -
Aborted        0%
Games/s        2487.6
Score          0.00
Sequence      
a2b67 info: 
a2b67 warning: **** MoHexSearch returned empty sequence!
a2b67 warning: **** Returning random move!
a2b67 info: Best move cannot be determined, must search state.
a2b67 info: --- MoHexPlayer::Search() ---
a2b67 info: Color: white
a2b67 info: MaxGames: 1
a2b67 info: NumberThreads: 1
a2b67 info: MaxNodes: 181818181 (15999999928 bytes)
a2b67 info: TimeForMove: 1
a2b67 info: Time for PreSearch: 0.11379s
a2b67 info: 
  b62716fafce9e620
  a  b  c  d  e  f  g  h  i  j  k  
 1\.  .  .  .  b  b  b  b  b  b  w\1
  2\.  .  .  W  .  b  b  b  B  W  w\2
   3\.  .  *  .  W  *  .  B  W  w  w\3
    4\.  .  *  B  *  *  *  *  .  .  b\4
     5\.  B  .  *  *  *  *  .  .  .  W\5
      6\b  B  .  .  *  *  .  .  .  .  w\6
       7\.  .  .  .  *  *  .  .  .  .  w\7
        8\.  .  .  .  B  .  .  .  .  B  w\8
         9\.  .  *  *  *  *  .  .  .  W  w\9
         10\B  *  *  .  *  *  .  .  .  w  w\10
          11\*  *  *  *  *  *  .  .  W  w  w\11
              a  b  c  d  e  f  g  h  i  j  k  
a2b67 info: Old: [black, e8] [white, swap-pieces] [white, i11] [black, b5] [white, j9] [black, d4] [white, d2] [black, a10] [white, e3] [black, j8] [white, k5] [black, h3] [white, j2] [black, b6] 
a2b67 info: New: [black, e8] [white, swap-pieces] [white, i11] [black, b5] [white, j9] [black, d4] [white, d2] [black, a10] [white, e3] [black, j8] [white, k5] [black, h3] [white, j2] [black, b6] [white, i3] [black, i2] 
a2b67 info: MovesPlayed: [white, i3] [black, i2] 
a2b67 info: No subtree to reuse.
a2b67 info: StartSearch()[0]
a2b67 info: 
Elapsed Time   0.298744s
Count          1
GamesPlayed    1
Nodes          1
Knowledge      0 (0.0%)
Expansions     0.0
Time           0.00
GameLen        83.0 dev=0.0 min=83.0 max=83.0
InTree         0.0 dev=0.0 min=0.0 max=0.0
KnowDepth      -
Aborted        0%
Games/s        3144.7
Score          0.00
Sequence      
a2b67 info: 
a2b67 warning: **** MoHexSearch returned empty sequence!
a2b67 warning: **** Returning random move!
a2b67 info: Best move cannot be determined, must search state.
a2b67 info: --- MoHexPlayer::Search() ---
a2b67 info: Color: white
a2b67 info: MaxGames: 1
a2b67 info: NumberThreads: 1
a2b67 info: MaxNodes: 181818181 (15999999928 bytes)
a2b67 info: TimeForMove: 1
a2b67 info: Time for PreSearch: 0.145324s
a2b67 info: 
  5124a5b7a68ba09c
  a  b  c  d  e  f  g  h  i  j  k  
 1\w  w  b  b  b  b  b  b  b  b  w\1
  2\w  w  .  W  .  b  b  b  B  W  w\2
   3\w  W  .  .  W  *  .  B  W  w  w\3
    4\w  .  *  B  .  *  *  .  .  .  b\4
     5\b  B  .  *  *  *  *  .  .  .  W\5
      6\b  B  *  *  *  *  *  .  .  .  w\6
       7\.  *  *  *  *  *  B  *  .  .  w\7
        8\.  .  .  *  B  *  *  *  .  B  w\8
         9\.  .  *  *  *  *  *  *  .  W  w\9
         10\B  *  *  *  *  *  *  *  .  w  w\10
          11\*  *  *  *  *  *  *  .  W  w  w\11
              a  b  c  d  e  f  g  h  i  j  k  
a2b67 info: Old: [black, e8] [white, swap-pieces] [white, i11] [black, b5] [white, j9] [black, d4] [white, d2] [black, a10] [white, e3] [black, j8] [white, k5] [black, h3] [white, j2] [black, b6] [white, i3] [black, i2] 
a2b67 info: New: [black, e8] [white, swap-pieces] [white, i11] [black, b5] [white, j9] [black, d4] [white, d2] [black, a10] [white, e3] [black, j8] [white, k5] [black, h3] [white, j2] [black, b6] [white, i3] [black, i2] [white, b3] [black, g7] 
a2b67 info: MovesPlayed: [white, b3] [black, g7] 
a2b67 info: No subtree to reuse.
a2b67 info: StartSearch()[0]
a2b67 info: 
Elapsed Time   0.496659s
Count          1
GamesPlayed    1
Nodes          1
Knowledge      0 (0.0%)
Expansions     0.0
Time           0.00
GameLen        72.0 dev=0.0 min=72.0 max=72.0
InTree         0.0 dev=0.0 min=0.0 max=0.0
KnowDepth      -
Aborted        0%
Games/s        3496.5
Score          0.00
Sequence      
a2b67 info: 
a2b67 warning: **** MoHexSearch returned empty sequence!
a2b67 warning: **** Returning random move!
a2b67 info: Opponent has won; playing most blocking move.
a2b67 info: Opponent has won; playing most blocking move.
a2b67 info: Opponent has won; playing most blocking move.
a2b67 info: Opponent has won; playing most blocking move.
a2b67 info: Opponent has won; playing most blocking move.
a2b67 info: Opponent has won; playing most blocking move.
a2b67 info: Captured cells caused win! Removing...
a2b67 info: Opponent has won; playing most blocking move.
a2b67 info: Captured cells caused win! Removing...
a2b67 info: Opponent has won; playing most blocking move.
a2b67 info: Captured cells caused win! Removing...
a2b67 info: Opponent has won; playing most blocking move.
a2b67 info: Captured cells caused win! Removing...
a2b67 info: Opponent has won; playing most blocking move.
a2b67 config: ============ BenzeneShutdown =============
a2b67 config: MoHexProgram:: ShutdownSystem()
a2b67 config: CommonProgram:: ShutdownSystem()
a2b67 config: BenzeneProgram:: ShutdownSystem()
Flushing and closing this stream...
