# nice ../build/src/mohex/mohex --config mohex-cg2010.htp --seed 91330 --logfile-name jobs/11x11-mohex-mohex-cg2010-vs-mohex-mohex-weak-1/mohex-mohex-cg2010-258.log
>boardsize 11 11
<= 
<
>name
MoHex 2.0.CMake Mar 21 2025
Copyright (C) 2007-2012 by the authors of the Benzene project.
This program comes with ABSOLUTELY NO WARRANTY. This is
free software and you are welcome to redistribute it under
certain conditions. Type `benzene-license' for details.

SgRandom::SetSeed: 91330
SgUctSearch: system memory 33632358400, using 1000000000 (5681818 nodes)
SgRandom::SetSeed: 1
SgRandom::SetSeed: 91330
9b777 info: Prior Patterns:
9b777 info: Global:
9b777 info: Size            = 565 32648 
9b777 info: TableEntries    = 65932 65910
9b777 info: MirrorsAdded    = 0 0
9b777 info: PrunableCount   = 30593 30629
9b777 info: LargestGamma    = 5820.77
9b777 info: SmallestGamma   = 6.6e-05
9b777 info: Local:
9b777 info: Size            = 550 5318 
9b777 info: TableEntries    = 11602 11588
9b777 info: MirrorsAdded    = 0 0
9b777 info: PrunableCount   = 3659 3667
9b777 info: LargestGamma    = 11281.8
9b777 info: SmallestGamma   = 0.026235
9b777 info: Playout Patterns:
9b777 info: Global:
9b777 info: Size            = 565 32648 
9b777 info: TableEntries    = 70329 70329
9b777 info: MirrorsAdded    = 4397 4419
9b777 info: PrunableCount   = 30593 30629
9b777 info: LargestGamma    = 5820.77
9b777 info: SmallestGamma   = 6.6e-05
9b777 info: Local:
9b777 info: Size            = 550 5318 
9b777 info: TableEntries    = 11602 11588
9b777 info: MirrorsAdded    = 0 0
9b777 info: PrunableCount   = 3659 3667
9b777 info: LargestGamma    = 11281.8
9b777 info: SmallestGamma   = 0.026235
param_game allow_swap 1
= 

param_mohex max_memory 32000000000
= 

param_mohex num_threads 1
= 

param_mohex max_time 1
= 

param_mohex max_games 1
= 

param_mohex knowledge_threshold 400
= 

param_mohex reuse_subtree 1
= 

param_mohex use_parallel_solver 0
= 

<= MoHex
<
>version
<= 2.0.CMake
<
>play b a9
<= 
<
>showboard
<= 
< 
<  e193f7e1b23cba7f
<  a  b  c  d  e  f  g  h  i  j  k  
< 1\.  .  .  .  .  .  .  .  .  .  .\1
<  2\.  .  .  .  .  .  .  .  .  .  .\2
<   3\.  .  .  .  .  .  .  .  .  .  .\3
<    4\.  .  .  .  .  .  .  .  .  .  .\4
<     5\.  .  .  .  .  .  .  .  .  .  .\5
<      6\.  .  .  .  .  .  .  .  .  .  .\6
<       7\.  .  .  .  .  .  .  .  .  .  .\7
<        8\.  .  .  .  .  .  .  .  .  .  .\8
<         9\B  .  .  .  .  .  .  .  .  .  .\9
<         10\.  .  .  .  .  .  .  .  .  .  .\10
<          11\.  .  .  .  .  .  .  .  .  .  .\11
<              a  b  c  d  e  f  g  h  i  j  k  
<
>play w d1
<= 
<
>showboard
<= 
< 
<  828681c34a9dc7d0
<  a  b  c  d  e  f  g  h  i  j  k  
< 1\.  .  .  W  .  .  .  .  .  .  .\1
<  2\.  .  .  .  .  .  .  .  .  .  .\2
<   3\.  .  .  .  .  .  .  .  .  .  .\3
<    4\.  .  .  .  .  .  .  .  .  .  .\4
<     5\.  .  .  .  .  .  .  .  .  .  .\5
<      6\.  .  .  .  .  .  .  .  .  .  .\6
<       7\.  .  .  .  .  .  .  .  .  .  .\7
<        8\.  .  .  .  .  .  .  .  .  .  .\8
<         9\B  .  .  .  .  .  .  .  .  .  .\9
<         10\.  .  .  .  .  .  .  .  .  .  .\10
<          11\.  .  .  .  .  .  .  .  .  .  .\11
<              a  b  c  d  e  f  g  h  i  j  k  
<
>genmove b
<= j1
<
>showboard
9b777 info: Best move cannot be determined, must search state.
9b777 info: --- MoHexPlayer::Search() ---
9b777 info: Color: black
9b777 info: MaxGames: 1
9b777 info: NumberThreads: 1
9b777 info: MaxNodes: 181818181 (15999999928 bytes)
9b777 info: TimeForMove: 1
9b777 info: PreSearch: max time reached (61/94).
9b777 info: Time for PreSearch: 0.201017s
9b777 info: 
  828681c34a9dc7d0
  a  b  c  d  e  f  g  h  i  j  k  
 1\.  .  .  W  .  .  .  .  .  .  .\1
  2\.  *  *  *  *  *  *  *  *  *  *\2
   3\*  *  *  *  *  *  *  *  *  *  *\3
    4\*  *  *  *  *  *  *  *  *  *  *\4
     5\*  *  *  *  *  *  *  *  *  *  *\5
      6\*  *  *  *  *  *  *  *  *  *  *\6
       7\*  *  *  *  *  *  *  *  *  *  *\7
        8\*  *  *  *  *  *  *  *  *  *  *\8
         9\B  *  *  *  *  *  *  *  *  *  .\9
         10\*  *  *  *  *  *  *  *  *  .  .\10
          11\.  .  .  .  .  .  .  .  .  .  .\11
              a  b  c  d  e  f  g  h  i  j  k  
9b777 info: No subtree to reuse.
9b777 info: Creating thread 0
9b777 info: StartSearch()[0]
SgUctSearch: max games reached
9b777 info: 
Elapsed Time   0.34544s
Count          1
GamesPlayed    1
Nodes          1
Knowledge      0 (0.0%)
Expansions     0.0
Time           0.00
GameLen        119.0 dev=0.0 min=119.0 max=119.0
InTree         0.0 dev=0.0 min=0.0 max=0.0
KnowDepth      -
Aborted        0%
Games/s        411.5
Score          0.00
Sequence      
9b777 info: 
9b777 warning: **** MoHexSearch returned empty sequence!
9b777 warning: **** Returning random move!
<= 
< 
<  15818d8ea9f0285c
<  a  b  c  d  e  f  g  h  i  j  k  
< 1\.  .  .  W  .  .  .  .  .  B  .\1
<  2\.  .  .  .  .  .  .  .  .  .  .\2
<   3\.  .  .  .  .  .  .  .  .  .  .\3
<    4\.  .  .  .  .  .  .  .  .  .  .\4
<     5\.  .  .  .  .  .  .  .  .  .  .\5
<      6\.  .  .  .  .  .  .  .  .  .  .\6
<       7\.  .  .  .  .  .  .  .  .  .  .\7
<        8\.  .  .  .  .  .  .  .  .  .  .\8
<         9\B  .  .  .  .  .  .  .  .  .  .\9
<         10\.  .  .  .  .  .  .  .  .  .  .\10
<          11\.  .  .  .  .  .  .  .  .  .  .\11
<              a  b  c  d  e  f  g  h  i  j  k  
<
>play w g9
<= 
<
>showboard
<= 
< 
<  5c1ac156c0cd0fee
<  a  b  c  d  e  f  g  h  i  j  k  
< 1\.  .  .  W  .  .  .  .  .  B  .\1
<  2\.  .  .  .  .  .  .  .  .  .  .\2
<   3\.  .  .  .  .  .  .  .  .  .  .\3
<    4\.  .  .  .  .  .  .  .  .  .  .\4
<     5\.  .  .  .  .  .  .  .  .  .  .\5
<      6\.  .  .  .  .  .  .  .  .  .  .\6
<       7\.  .  .  .  .  .  .  .  .  .  .\7
<        8\.  .  .  .  .  .  .  .  .  .  .\8
<         9\B  .  .  .  .  .  W  .  .  .  .\9
<         10\.  .  .  .  .  .  .  .  .  .  .\10
<          11\.  .  .  .  .  .  .  .  .  .  .\11
<              a  b  c  d  e  f  g  h  i  j  k  
<
>genmove b
<= g7
<
>showboard
9b777 info: Best move cannot be determined, must search state.
9b777 info: --- MoHexPlayer::Search() ---
9b777 info: Color: black
9b777 info: MaxGames: 1
9b777 info: NumberThreads: 1
9b777 info: MaxNodes: 181818181 (15999999928 bytes)
9b777 info: TimeForMove: 1
9b777 info: PreSearch: max time reached (65/91).
9b777 info: Time for PreSearch: 0.200967s
9b777 info: 
  5c1ac156c0cd0fee
  a  b  c  d  e  f  g  h  i  j  k  
 1\.  .  .  W  .  .  .  .  .  B  .\1
  2\.  *  *  *  *  *  *  *  *  *  *\2
   3\*  *  *  *  *  *  *  *  *  *  *\3
    4\*  *  *  *  *  *  *  *  *  *  *\4
     5\*  *  *  *  *  *  *  *  *  *  *\5
      6\*  *  *  *  *  *  *  *  *  *  *\6
       7\*  *  *  *  *  *  *  *  *  *  *\7
        8\*  *  *  *  *  *  *  *  *  *  *\8
         9\B  *  *  *  *  *  W  *  *  *  .\9
         10\*  *  *  *  *  .  .  *  *  .  .\10
          11\.  .  .  .  .  .  .  .  .  .  .\11
              a  b  c  d  e  f  g  h  i  j  k  
9b777 info: Old: [black, a9] [white, d1] 
9b777 info: New: [black, a9] [white, d1] [black, j1] [white, g9] 
9b777 info: MovesPlayed: [black, j1] [white, g9] 
9b777 info: No subtree to reuse.
9b777 info: StartSearch()[0]
SgUctSearch: max games reached
9b777 info: 
Elapsed Time   0.344921s
Count          1
GamesPlayed    1
Nodes          1
Knowledge      0 (0.0%)
Expansions     0.0
Time           0.00
GameLen        117.0 dev=0.0 min=117.0 max=117.0
InTree         0.0 dev=0.0 min=0.0 max=0.0
KnowDepth      -
Aborted        0%
Games/s        3597.1
Score          0.00
Sequence      
9b777 info: 
9b777 warning: **** MoHexSearch returned empty sequence!
9b777 warning: **** Returning random move!
<= 
< 
<  4e15ca5c399b59bf
<  a  b  c  d  e  f  g  h  i  j  k  
< 1\.  .  .  W  .  .  .  .  .  B  .\1
<  2\.  .  .  .  .  .  .  .  .  .  .\2
<   3\.  .  .  .  .  .  .  .  .  .  .\3
<    4\.  .  .  .  .  .  .  .  .  .  .\4
<     5\.  .  .  .  .  .  .  .  .  .  .\5
<      6\.  .  .  .  .  .  .  .  .  .  .\6
<       7\.  .  .  .  .  .  B  .  .  .  .\7
<        8\.  .  .  .  .  .  .  .  .  .  .\8
<         9\B  .  .  .  .  .  W  .  .  .  .\9
<         10\.  .  .  .  .  .  .  .  .  .  .\10
<          11\.  .  .  .  .  .  .  .  .  .  .\11
<              a  b  c  d  e  f  g  h  i  j  k  
<
>play w d9
<= 
<
>showboard
<= 
< 
<  fe97760a39460234
<  a  b  c  d  e  f  g  h  i  j  k  
< 1\.  .  .  W  .  .  .  .  .  B  .\1
<  2\.  .  .  .  .  .  .  .  .  .  .\2
<   3\.  .  .  .  .  .  .  .  .  .  .\3
<    4\.  .  .  .  .  .  .  .  .  .  .\4
<     5\.  .  .  .  .  .  .  .  .  .  .\5
<      6\.  .  .  .  .  .  .  .  .  .  .\6
<       7\.  .  .  .  .  .  B  .  .  .  .\7
<        8\.  .  .  .  .  .  .  .  .  .  .\8
<         9\B  .  .  W  .  .  W  .  .  .  .\9
<         10\.  .  .  .  .  .  .  .  .  .  .\10
<          11\.  .  .  .  .  .  .  .  .  .  .\11
<              a  b  c  d  e  f  g  h  i  j  k  
<
>genmove b
<= d7
<
>showboard
9b777 info: Best move cannot be determined, must search state.
9b777 info: --- MoHexPlayer::Search() ---
9b777 info: Color: black
9b777 info: MaxGames: 1
9b777 info: NumberThreads: 1
9b777 info: MaxNodes: 181818181 (15999999928 bytes)
9b777 info: TimeForMove: 1
9b777 info: PreSearch: max time reached (66/87).
9b777 info: Time for PreSearch: 0.203002s
9b777 info: 
  fe97760a39460234
  a  b  c  d  e  f  g  h  i  j  k  
 1\.  .  .  W  .  .  .  .  .  B  .\1
  2\.  *  *  *  *  *  *  *  *  *  *\2
   3\*  *  *  *  *  *  *  *  *  *  *\3
    4\*  *  *  *  *  *  *  *  *  *  *\4
     5\*  *  *  *  *  *  *  *  *  *  *\5
      6\*  *  *  *  *  *  *  *  *  *  *\6
       7\*  *  *  *  *  *  B  *  *  *  *\7
        8\*  *  *  *  *  *  *  *  *  *  *\8
         9\B  *  *  W  *  *  W  *  *  *  .\9
         10\*  *  .  .  *  .  .  *  *  .  .\10
          11\.  .  .  .  .  .  .  .  .  .  .\11
              a  b  c  d  e  f  g  h  i  j  k  
9b777 info: Old: [black, a9] [white, d1] [black, j1] [white, g9] 
9b777 info: New: [black, a9] [white, d1] [black, j1] [white, g9] [black, g7] [white, d9] 
9b777 info: MovesPlayed: [black, g7] [white, d9] 
9b777 info: No subtree to reuse.
9b777 info: StartSearch()[0]
SgUctSearch: max games reached
9b777 info: 
Elapsed Time   0.349452s
Count          1
GamesPlayed    1
Nodes          1
Knowledge      0 (0.0%)
Expansions     0.0
Time           0.00
GameLen        115.0 dev=0.0 min=115.0 max=115.0
InTree         0.0 dev=0.0 min=0.0 max=0.0
KnowDepth      -
Aborted        0%
Games/s        3663.0
Score          1.00
Sequence      
9b777 info: 
9b777 warning: **** MoHexSearch returned empty sequence!
9b777 warning: **** Returning random move!
<= 
< 
<  0793457c84066de4
<  a  b  c  d  e  f  g  h  i  j  k  
< 1\.  .  .  W  .  .  .  .  .  B  .\1
<  2\.  .  .  .  .  .  .  .  .  .  .\2
<   3\.  .  .  .  .  .  .  .  .  .  .\3
<    4\.  .  .  .  .  .  .  .  .  .  .\4
<     5\.  .  .  .  .  .  .  .  .  .  .\5
<      6\.  .  .  .  .  .  .  .  .  .  .\6
<       7\.  .  .  B  .  .  B  .  .  .  .\7
<        8\.  .  .  .  .  .  .  .  .  .  .\8
<         9\B  .  .  W  .  .  W  .  .  .  .\9
<         10\.  .  .  .  .  .  .  .  .  .  .\10
<          11\.  .  .  .  .  .  .  .  .  .  .\11
<              a  b  c  d  e  f  g  h  i  j  k  
<
>play w c8
<= 
<
>showboard
<= 
< 
<  56368296302a0bb2
<  a  b  c  d  e  f  g  h  i  j  k  
< 1\.  .  .  W  .  .  .  .  .  B  .\1
<  2\.  .  .  .  .  .  .  .  .  .  .\2
<   3\.  .  .  .  .  .  .  .  .  .  .\3
<    4\.  .  .  .  .  .  .  .  .  .  .\4
<     5\.  .  .  .  .  .  .  .  .  .  .\5
<      6\.  .  .  .  .  .  .  .  .  .  .\6
<       7\.  .  .  B  .  .  B  .  .  .  .\7
<        8\.  .  W  .  .  .  .  .  .  .  .\8
<         9\B  .  .  W  .  .  W  .  .  .  .\9
<         10\.  .  .  .  .  .  .  .  .  .  .\10
<          11\.  .  .  .  .  .  .  .  .  .  .\11
<              a  b  c  d  e  f  g  h  i  j  k  
<
>genmove b
<= e8
<
>showboard
9b777 info: Best move cannot be determined, must search state.
9b777 info: --- MoHexPlayer::Search() ---
9b777 info: Color: black
9b777 info: MaxGames: 1
9b777 info: NumberThreads: 1
9b777 info: MaxNodes: 181818181 (15999999928 bytes)
9b777 info: TimeForMove: 1
9b777 info: Time for PreSearch: 0.120649s
9b777 info: 
  56368296302a0bb2
  a  b  c  d  e  f  g  h  i  j  k  
 1\.  .  .  W  .  .  .  .  .  B  .\1
  2\.  .  .  .  .  .  .  .  .  .  *\2
   3\.  .  .  .  .  .  .  .  .  *  *\3
    4\.  .  .  .  .  .  .  .  *  *  *\4
     5\.  .  .  .  .  .  .  .  *  *  *\5
      6\.  .  .  .  .  .  .  *  *  *  *\6
       7\*  *  *  B  .  .  B  *  *  *  *\7
        8\.  .  W  *  .  .  *  *  *  *  *\8
         9\B  .  *  W  *  *  W  *  *  *  .\9
         10\.  *  .  .  *  .  .  *  *  .  .\10
          11\.  .  .  .  .  .  .  .  .  .  .\11
              a  b  c  d  e  f  g  h  i  j  k  
9b777 info: Old: [black, a9] [white, d1] [black, j1] [white, g9] [black, g7] [white, d9] 
9b777 info: New: [black, a9] [white, d1] [black, j1] [white, g9] [black, g7] [white, d9] [black, d7] [white, c8] 
9b777 info: MovesPlayed: [black, d7] [white, c8] 
9b777 info: No subtree to reuse.
9b777 info: StartSearch()[0]
SgUctSearch: max games reached
9b777 info: 
Elapsed Time   0.262913s
Count          1
GamesPlayed    1
Nodes          1
Knowledge      0 (0.0%)
Expansions     0.0
Time           0.00
GameLen        113.0 dev=0.0 min=113.0 max=113.0
InTree         0.0 dev=0.0 min=0.0 max=0.0
KnowDepth      -
Aborted        0%
Games/s        3891.1
Score          0.00
Sequence      
9b777 info: 
9b777 warning: **** MoHexSearch returned empty sequence!
9b777 warning: **** Returning random move!
<= 
< 
<  bf0efbcea8fe84cf
<  a  b  c  d  e  f  g  h  i  j  k  
< 1\.  .  .  W  .  .  .  .  .  B  .\1
<  2\.  .  .  .  .  .  .  .  .  .  .\2
<   3\.  .  .  .  .  .  .  .  .  .  .\3
<    4\.  .  .  .  .  .  .  .  .  .  .\4
<     5\.  .  .  .  .  .  .  .  .  .  .\5
<      6\.  .  .  .  .  .  .  .  .  .  .\6
<       7\.  .  .  B  .  .  B  .  .  .  .\7
<        8\.  .  W  .  B  .  .  .  .  .  .\8
<         9\B  .  .  W  .  .  W  .  .  .  .\9
<         10\.  .  .  .  .  .  .  .  .  .  .\10
<          11\.  .  .  .  .  .  .  .  .  .  .\11
<              a  b  c  d  e  f  g  h  i  j  k  
<
>play w e10
<= 
<
>showboard
<= 
< 
<  8a4b24ed3a61c8f2
<  a  b  c  d  e  f  g  h  i  j  k  
< 1\.  .  .  W  .  .  .  .  .  B  .\1
<  2\.  .  .  .  .  .  .  .  .  .  .\2
<   3\.  .  .  .  .  .  .  .  .  .  .\3
<    4\.  .  .  .  .  .  .  .  .  .  .\4
<     5\.  .  .  .  .  .  .  .  .  .  .\5
<      6\.  .  .  .  .  .  .  .  .  .  .\6
<       7\.  .  .  B  .  .  B  .  .  .  .\7
<        8\.  .  W  .  B  .  .  .  .  .  .\8
<         9\B  .  .  W  .  .  W  .  .  .  .\9
<         10\.  .  .  .  W  .  .  .  .  .  .\10
<          11\.  .  .  .  .  .  .  .  .  .  .\11
<              a  b  c  d  e  f  g  h  i  j  k  
<
>genmove b
<= k6
<
>showboard
9b777 info: Opponent has won; playing most blocking move.
<= 
< 
<  cc97ed2dbbe6d147
<  a  b  c  d  e  f  g  h  i  j  k  
< 1\.  .  .  W  .  .  .  .  .  B  .\1
<  2\.  .  .  .  .  .  .  .  .  .  .\2
<   3\.  .  .  .  .  .  .  .  .  .  .\3
<    4\.  .  .  .  .  .  .  .  .  .  .\4
<     5\.  .  .  .  .  .  .  .  .  .  .\5
<      6\.  .  .  .  .  .  .  .  .  .  B\6
<       7\.  .  .  B  .  .  B  .  .  .  .\7
<        8\.  .  W  .  B  .  .  .  .  .  .\8
<         9\B  .  .  W  .  .  W  .  .  .  .\9
<         10\.  .  .  .  W  .  .  .  .  .  .\10
<          11\.  .  .  .  .  .  .  .  .  .  .\11
<              a  b  c  d  e  f  g  h  i  j  k  
<
>play w i8
<= 
<
>showboard
<= 
< 
<  1b38a8d75788527d
<  a  b  c  d  e  f  g  h  i  j  k  
< 1\.  .  .  W  .  .  .  .  .  B  .\1
<  2\.  .  .  .  .  .  .  .  .  .  .\2
<   3\.  .  .  .  .  .  .  .  .  .  .\3
<    4\.  .  .  .  .  .  .  .  .  .  .\4
<     5\.  .  .  .  .  .  .  .  .  .  .\5
<      6\.  .  .  .  .  .  .  .  .  .  B\6
<       7\.  .  .  B  .  .  B  .  .  .  .\7
<        8\.  .  W  .  B  .  .  .  W  .  .\8
<         9\B  .  .  W  .  .  W  .  .  .  .\9
<         10\.  .  .  .  W  .  .  .  .  .  .\10
<          11\.  .  .  .  .  .  .  .  .  .  .\11
<              a  b  c  d  e  f  g  h  i  j  k  
<
>genmove b
<= e9
<
>showboard
9b777 info: Opponent has won; playing most blocking move.
<= 
< 
<  e12f85bbe4664f7b
<  a  b  c  d  e  f  g  h  i  j  k  
< 1\.  .  .  W  .  .  .  .  .  B  .\1
<  2\.  .  .  .  .  .  .  .  .  .  .\2
<   3\.  .  .  .  .  .  .  .  .  .  .\3
<    4\.  .  .  .  .  .  .  .  .  .  .\4
<     5\.  .  .  .  .  .  .  .  .  .  .\5
<      6\.  .  .  .  .  .  .  .  .  .  B\6
<       7\.  .  .  B  .  .  B  .  .  .  .\7
<        8\.  .  W  .  B  .  .  .  W  .  .\8
<         9\B  .  .  W  B  .  W  .  .  .  .\9
<         10\.  .  .  .  W  .  .  .  .  .  .\10
<          11\.  .  .  .  .  .  .  .  .  .  .\11
<              a  b  c  d  e  f  g  h  i  j  k  
<
>play w d10
<= 
<
>showboard
<= 
< 
<  fcac5b047b6d1c76
<  a  b  c  d  e  f  g  h  i  j  k  
< 1\.  .  .  W  .  .  .  .  .  B  .\1
<  2\.  .  .  .  .  .  .  .  .  .  .\2
<   3\.  .  .  .  .  .  .  .  .  .  .\3
<    4\.  .  .  .  .  .  .  .  .  .  .\4
<     5\.  .  .  .  .  .  .  .  .  .  .\5
<      6\.  .  .  .  .  .  .  .  .  .  B\6
<       7\.  .  .  B  .  .  B  .  .  .  .\7
<        8\.  .  W  .  B  .  .  .  W  .  .\8
<         9\B  .  .  W  B  .  W  .  .  .  .\9
<         10\.  .  .  W  W  .  .  .  .  .  .\10
<          11\.  .  .  .  .  .  .  .  .  .  .\11
<              a  b  c  d  e  f  g  h  i  j  k  
<
>genmove b
<= c9
<
>showboard
9b777 info: Opponent has won; playing most blocking move.
<= 
< 
<  b27d395662c1a397
<  a  b  c  d  e  f  g  h  i  j  k  
< 1\.  .  .  W  .  .  .  .  .  B  .\1
<  2\.  .  .  .  .  .  .  .  .  .  .\2
<   3\.  .  .  .  .  .  .  .  .  .  .\3
<    4\.  .  .  .  .  .  .  .  .  .  .\4
<     5\.  .  .  .  .  .  .  .  .  .  .\5
<      6\.  .  .  .  .  .  .  .  .  .  B\6
<       7\.  .  .  B  .  .  B  .  .  .  .\7
<        8\.  .  W  .  B  .  .  .  W  .  .\8
<         9\B  .  B  W  B  .  W  .  .  .  .\9
<         10\.  .  .  W  W  .  .  .  .  .  .\10
<          11\.  .  .  .  .  .  .  .  .  .  .\11
<              a  b  c  d  e  f  g  h  i  j  k  
<
>play w d8
<= 
<
>showboard
<= 
< 
<  44f470c8e2512ac4
<  a  b  c  d  e  f  g  h  i  j  k  
< 1\.  .  .  W  .  .  .  .  .  B  .\1
<  2\.  .  .  .  .  .  .  .  .  .  .\2
<   3\.  .  .  .  .  .  .  .  .  .  .\3
<    4\.  .  .  .  .  .  .  .  .  .  .\4
<     5\.  .  .  .  .  .  .  .  .  .  .\5
<      6\.  .  .  .  .  .  .  .  .  .  B\6
<       7\.  .  .  B  .  .  B  .  .  .  .\7
<        8\.  .  W  W  B  .  .  .  W  .  .\8
<         9\B  .  B  W  B  .  W  .  .  .  .\9
<         10\.  .  .  W  W  .  .  .  .  .  .\10
<          11\.  .  .  .  .  .  .  .  .  .  .\11
<              a  b  c  d  e  f  g  h  i  j  k  
<
>genmove b
<= f9
<
>showboard
9b777 info: Opponent has won; playing most blocking move.
<= 
< 
<  c2f3c8bb99111462
<  a  b  c  d  e  f  g  h  i  j  k  
< 1\.  .  .  W  .  .  .  .  .  B  .\1
<  2\.  .  .  .  .  .  .  .  .  .  .\2
<   3\.  .  .  .  .  .  .  .  .  .  .\3
<    4\.  .  .  .  .  .  .  .  .  .  .\4
<     5\.  .  .  .  .  .  .  .  .  .  .\5
<      6\.  .  .  .  .  .  .  .  .  .  B\6
<       7\.  .  .  B  .  .  B  .  .  .  .\7
<        8\.  .  W  W  B  .  .  .  W  .  .\8
<         9\B  .  B  W  B  B  W  .  .  .  .\9
<         10\.  .  .  W  W  .  .  .  .  .  .\10
<          11\.  .  .  .  .  .  .  .  .  .  .\11
<              a  b  c  d  e  f  g  h  i  j  k  
<
>play w f10
<= 
<
>showboard
<= 
< 
<  7c2b3220b758b0e7
<  a  b  c  d  e  f  g  h  i  j  k  
< 1\.  .  .  W  .  .  .  .  .  B  .\1
<  2\.  .  .  .  .  .  .  .  .  .  .\2
<   3\.  .  .  .  .  .  .  .  .  .  .\3
<    4\.  .  .  .  .  .  .  .  .  .  .\4
<     5\.  .  .  .  .  .  .  .  .  .  .\5
<      6\.  .  .  .  .  .  .  .  .  .  B\6
<       7\.  .  .  B  .  .  B  .  .  .  .\7
<        8\.  .  W  W  B  .  .  .  W  .  .\8
<         9\B  .  B  W  B  B  W  .  .  .  .\9
<         10\.  .  .  W  W  W  .  .  .  .  .\10
<          11\.  .  .  .  .  .  .  .  .  .  .\11
<              a  b  c  d  e  f  g  h  i  j  k  
<
>genmove b
<= h9
<
>showboard
9b777 info: Opponent has won; playing most blocking move.
<= 
< 
<  9f788ec2545b0e78
<  a  b  c  d  e  f  g  h  i  j  k  
< 1\.  .  .  W  .  .  .  .  .  B  .\1
<  2\.  .  .  .  .  .  .  .  .  .  .\2
<   3\.  .  .  .  .  .  .  .  .  .  .\3
<    4\.  .  .  .  .  .  .  .  .  .  .\4
<     5\.  .  .  .  .  .  .  .  .  .  .\5
<      6\.  .  .  .  .  .  .  .  .  .  B\6
<       7\.  .  .  B  .  .  B  .  .  .  .\7
<        8\.  .  W  W  B  .  .  .  W  .  .\8
<         9\B  .  B  W  B  B  W  B  .  .  .\9
<         10\.  .  .  W  W  W  .  .  .  .  .\10
<          11\.  .  .  .  .  .  .  .  .  .  .\11
<              a  b  c  d  e  f  g  h  i  j  k  
<
>play w h8
<= 
<
>showboard
<= 
< 
<  09ba36507c672b83
<  a  b  c  d  e  f  g  h  i  j  k  
< 1\.  .  .  W  .  .  .  .  .  B  .\1
<  2\.  .  .  .  .  .  .  .  .  .  .\2
<   3\.  .  .  .  .  .  .  .  .  .  .\3
<    4\.  .  .  .  .  .  .  .  .  .  .\4
<     5\.  .  .  .  .  .  .  .  .  .  .\5
<      6\.  .  .  .  .  .  .  .  .  .  B\6
<       7\.  .  .  B  .  .  B  .  .  .  .\7
<        8\.  .  W  W  B  .  .  W  W  .  .\8
<         9\B  .  B  W  B  B  W  B  .  .  .\9
<         10\.  .  .  W  W  W  .  .  .  .  .\10
<          11\.  .  .  .  .  .  .  .  .  .  .\11
<              a  b  c  d  e  f  g  h  i  j  k  
<
>genmove b
<= k8
<
>showboard
9b777 info: Opponent has won; playing most blocking move.
<= 
< 
<  ebc0b579a738961d
<  a  b  c  d  e  f  g  h  i  j  k  
< 1\.  .  .  W  .  .  .  .  .  B  .\1
<  2\.  .  .  .  .  .  .  .  .  .  .\2
<   3\.  .  .  .  .  .  .  .  .  .  .\3
<    4\.  .  .  .  .  .  .  .  .  .  .\4
<     5\.  .  .  .  .  .  .  .  .  .  .\5
<      6\.  .  .  .  .  .  .  .  .  .  B\6
<       7\.  .  .  B  .  .  B  .  .  .  .\7
<        8\.  .  W  W  B  .  .  W  W  .  B\8
<         9\B  .  B  W  B  B  W  B  .  .  .\9
<         10\.  .  .  W  W  W  .  .  .  .  .\10
<          11\.  .  .  .  .  .  .  .  .  .  .\11
<              a  b  c  d  e  f  g  h  i  j  k  
<
>play w k7
<= 
<
>showboard
<= 
< 
<  073a44afe3fffcb8
<  a  b  c  d  e  f  g  h  i  j  k  
< 1\.  .  .  W  .  .  .  .  .  B  .\1
<  2\.  .  .  .  .  .  .  .  .  .  .\2
<   3\.  .  .  .  .  .  .  .  .  .  .\3
<    4\.  .  .  .  .  .  .  .  .  .  .\4
<     5\.  .  .  .  .  .  .  .  .  .  .\5
<      6\.  .  .  .  .  .  .  .  .  .  B\6
<       7\.  .  .  B  .  .  B  .  .  .  W\7
<        8\.  .  W  W  B  .  .  W  W  .  B\8
<         9\B  .  B  W  B  B  W  B  .  .  .\9
<         10\.  .  .  W  W  W  .  .  .  .  .\10
<          11\.  .  .  .  .  .  .  .  .  .  .\11
<              a  b  c  d  e  f  g  h  i  j  k  
<
>genmove b
<= j8
<
>showboard
9b777 info: Opponent has won; playing most blocking move.
<= 
< 
<  00501754516898bb
<  a  b  c  d  e  f  g  h  i  j  k  
< 1\.  .  .  W  .  .  .  .  .  B  .\1
<  2\.  .  .  .  .  .  .  .  .  .  .\2
<   3\.  .  .  .  .  .  .  .  .  .  .\3
<    4\.  .  .  .  .  .  .  .  .  .  .\4
<     5\.  .  .  .  .  .  .  .  .  .  .\5
<      6\.  .  .  .  .  .  .  .  .  .  B\6
<       7\.  .  .  B  .  .  B  .  .  .  W\7
<        8\.  .  W  W  B  .  .  W  W  B  B\8
<         9\B  .  B  W  B  B  W  B  .  .  .\9
<         10\.  .  .  W  W  W  .  .  .  .  .\10
<          11\.  .  .  .  .  .  .  .  .  .  .\11
<              a  b  c  d  e  f  g  h  i  j  k  
<
>play w j7
<= 
<
>showboard
<= 
< 
<  7b6d182bb3f009ae
<  a  b  c  d  e  f  g  h  i  j  k  
< 1\.  .  .  W  .  .  .  .  .  B  .\1
<  2\.  .  .  .  .  .  .  .  .  .  .\2
<   3\.  .  .  .  .  .  .  .  .  .  .\3
<    4\.  .  .  .  .  .  .  .  .  .  .\4
<     5\.  .  .  .  .  .  .  .  .  .  .\5
<      6\.  .  .  .  .  .  .  .  .  .  B\6
<       7\.  .  .  B  .  .  B  .  .  W  W\7
<        8\.  .  W  W  B  .  .  W  W  B  B\8
<         9\B  .  B  W  B  B  W  B  .  .  .\9
<         10\.  .  .  W  W  W  .  .  .  .  .\10
<          11\.  .  .  .  .  .  .  .  .  .  .\11
<              a  b  c  d  e  f  g  h  i  j  k  
<
>genmove b
<= b10
<
>showboard
9b777 info: Opponent has won; playing most blocking move.
<= 
< 
<  bd72782908cf7011
<  a  b  c  d  e  f  g  h  i  j  k  
< 1\.  .  .  W  .  .  .  .  .  B  .\1
<  2\.  .  .  .  .  .  .  .  .  .  .\2
<   3\.  .  .  .  .  .  .  .  .  .  .\3
<    4\.  .  .  .  .  .  .  .  .  .  .\4
<     5\.  .  .  .  .  .  .  .  .  .  .\5
<      6\.  .  .  .  .  .  .  .  .  .  B\6
<       7\.  .  .  B  .  .  B  .  .  W  W\7
<        8\.  .  W  W  B  .  .  W  W  B  B\8
<         9\B  .  B  W  B  B  W  B  .  .  .\9
<         10\.  B  .  W  W  W  .  .  .  .  .\10
<          11\.  .  .  .  .  .  .  .  .  .  .\11
<              a  b  c  d  e  f  g  h  i  j  k  
<
>play w b7
<= 
<
>showboard
<= 
< 
<  92e95b64d413ec14
<  a  b  c  d  e  f  g  h  i  j  k  
< 1\.  .  .  W  .  .  .  .  .  B  .\1
<  2\.  .  .  .  .  .  .  .  .  .  .\2
<   3\.  .  .  .  .  .  .  .  .  .  .\3
<    4\.  .  .  .  .  .  .  .  .  .  .\4
<     5\.  .  .  .  .  .  .  .  .  .  .\5
<      6\.  .  .  .  .  .  .  .  .  .  B\6
<       7\.  W  .  B  .  .  B  .  .  W  W\7
<        8\.  .  W  W  B  .  .  W  W  B  B\8
<         9\B  .  B  W  B  B  W  B  .  .  .\9
<         10\.  B  .  W  W  W  .  .  .  .  .\10
<          11\.  .  .  .  .  .  .  .  .  .  .\11
<              a  b  c  d  e  f  g  h  i  j  k  
<
>genmove b
<= c7
<
>showboard
9b777 info: Opponent has won; playing most blocking move.
<= 
< 
<  778a405774ce28a3
<  a  b  c  d  e  f  g  h  i  j  k  
< 1\.  .  .  W  .  .  .  .  .  B  .\1
<  2\.  .  .  .  .  .  .  .  .  .  .\2
<   3\.  .  .  .  .  .  .  .  .  .  .\3
<    4\.  .  .  .  .  .  .  .  .  .  .\4
<     5\.  .  .  .  .  .  .  .  .  .  .\5
<      6\.  .  .  .  .  .  .  .  .  .  B\6
<       7\.  W  B  B  .  .  B  .  .  W  W\7
<        8\.  .  W  W  B  .  .  W  W  B  B\8
<         9\B  .  B  W  B  B  W  B  .  .  .\9
<         10\.  B  .  W  W  W  .  .  .  .  .\10
<          11\.  .  .  .  .  .  .  .  .  .  .\11
<              a  b  c  d  e  f  g  h  i  j  k  
<
>play w b8
<= 
<
>showboard
<= 
< 
<  f37aef8f6728280e
<  a  b  c  d  e  f  g  h  i  j  k  
< 1\.  .  .  W  .  .  .  .  .  B  .\1
<  2\.  .  .  .  .  .  .  .  .  .  .\2
<   3\.  .  .  .  .  .  .  .  .  .  .\3
<    4\.  .  .  .  .  .  .  .  .  .  .\4
<     5\.  .  .  .  .  .  .  .  .  .  .\5
<      6\.  .  .  .  .  .  .  .  .  .  B\6
<       7\.  W  B  B  .  .  B  .  .  W  W\7
<        8\.  W  W  W  B  .  .  W  W  B  B\8
<         9\B  .  B  W  B  B  W  B  .  .  .\9
<         10\.  B  .  W  W  W  .  .  .  .  .\10
<          11\.  .  .  .  .  .  .  .  .  .  .\11
<              a  b  c  d  e  f  g  h  i  j  k  
<
>genmove b
<= a7
<
>showboard
9b777 info: Captured cells caused win! Removing...
9b777 info: Opponent has won; playing most blocking move.
<= 
< 
<  6af27adf0be38e78
<  a  b  c  d  e  f  g  h  i  j  k  
< 1\.  .  .  W  .  .  .  .  .  B  .\1
<  2\.  .  .  .  .  .  .  .  .  .  .\2
<   3\.  .  .  .  .  .  .  .  .  .  .\3
<    4\.  .  .  .  .  .  .  .  .  .  .\4
<     5\.  .  .  .  .  .  .  .  .  .  .\5
<      6\.  .  .  .  .  .  .  .  .  .  B\6
<       7\B  W  B  B  .  .  B  .  .  W  W\7
<        8\.  W  W  W  B  .  .  W  W  B  B\8
<         9\B  .  B  W  B  B  W  B  .  .  .\9
<         10\.  B  .  W  W  W  .  .  .  .  .\10
<          11\.  .  .  .  .  .  .  .  .  .  .\11
<              a  b  c  d  e  f  g  h  i  j  k  
<
>play w a8
<= 
<
>showboard
<= 
< 
<  b673e2512a3e4dc9
<  a  b  c  d  e  f  g  h  i  j  k  
< 1\.  .  .  W  .  .  .  .  .  B  .\1
<  2\.  .  .  .  .  .  .  .  .  .  .\2
<   3\.  .  .  .  .  .  .  .  .  .  .\3
<    4\.  .  .  .  .  .  .  .  .  .  .\4
<     5\.  .  .  .  .  .  .  .  .  .  .\5
<      6\.  .  .  .  .  .  .  .  .  .  B\6
<       7\B  W  B  B  .  .  B  .  .  W  W\7
<        8\W  W  W  W  B  .  .  W  W  B  B\8
<         9\B  .  B  W  B  B  W  B  .  .  .\9
<         10\.  B  .  W  W  W  .  .  .  .  .\10
<          11\.  .  .  .  .  .  .  .  .  .  .\11
<              a  b  c  d  e  f  g  h  i  j  k  
<
>genmove b
<= resign
<
>showboard
<= 
< 
<  b673e2512a3e4dc9
<  a  b  c  d  e  f  g  h  i  j  k  
< 1\.  .  .  W  .  .  .  .  .  B  .\1
<  2\.  .  .  .  .  .  .  .  .  .  .\2
<   3\.  .  .  .  .  .  .  .  .  .  .\3
<    4\.  .  .  .  .  .  .  .  .  .  .\4
<     5\.  .  .  .  .  .  .  .  .  .  .\5
<      6\.  .  .  .  .  .  .  .  .  .  B\6
<       7\B  W  B  B  .  .  B  .  .  W  W\7
<        8\W  W  W  W  B  .  .  W  W  B  B\8
<         9\B  .  B  W  B  B  W  B  .  .  .\9
<         10\.  B  .  W  W  W  .  .  .  .  .\10
<          11\.  .  .  .  .  .  .  .  .  .  .\11
<              a  b  c  d  e  f  g  h  i  j  k  
<
>final_score
<= W+
<
>quit
<= 
<
