# nice ../build/src/mohex/mohex --config mohex-weak.htp --seed 744988 --logfile-name jobs/11x11-mohex-mohex-cg2010-vs-mohex-mohex-weak-1/mohex-mohex-weak-16.log
>boardsize 11 11
MoHex 2.0.CMake Mar 21 2025
Copyright (C) 2007-2012 by the authors of the Benzene project.
This program comes with ABSOLUTELY NO WARRANTY. This is
free software and you are welcome to redistribute it under
certain conditions. Type `benzene-license' for details.

SgRandom::SetSeed: 744988
SgUctSearch: system memory 33632358400, using 1000000000 (5681818 nodes)
SgRandom::SetSeed: 1
SgRandom::SetSeed: 744988
d8b17 info: Prior Patterns:
d8b17 info: Global:
d8b17 info: Size            = 565 32648 
d8b17 info: TableEntries    = 65932 65910
d8b17 info: MirrorsAdded    = 0 0
d8b17 info: PrunableCount   = 30593 30629
d8b17 info: LargestGamma    = 5820.77
d8b17 info: SmallestGamma   = 6.6e-05
d8b17 info: Local:
d8b17 info: Size            = 550 5318 
d8b17 info: TableEntries    = 11602 11588
d8b17 info: MirrorsAdded    = 0 0
d8b17 info: PrunableCount   = 3659 3667
d8b17 info: LargestGamma    = 11281.8
d8b17 info: SmallestGamma   = 0.026235
d8b17 info: Playout Patterns:
d8b17 info: Global:
d8b17 info: Size            = 565 32648 
d8b17 info: TableEntries    = 70329 70329
d8b17 info: MirrorsAdded    = 4397 4419
d8b17 info: PrunableCount   = 30593 30629
d8b17 info: LargestGamma    = 5820.77
d8b17 info: SmallestGamma   = 6.6e-05
d8b17 info: Local:
d8b17 info: Size            = 550 5318 
d8b17 info: TableEntries    = 11602 11588
d8b17 info: MirrorsAdded    = 0 0
d8b17 info: PrunableCount   = 3659 3667
d8b17 info: LargestGamma    = 11281.8
d8b17 info: SmallestGamma   = 0.026235
param_game allow_swap 1
= 

param_mohex max_memory 1600000
= 

param_mohex num_threads 1
= 

param_mohex max_time 1
= 

param_mohex max_games 1
= 

param_mohex knowledge_threshold 400
= 

param_mohex reuse_subtree 1
= 

param_mohex use_parallel_solver 0
= 

<= 
<
>name
<= MoHex
<
>version
<= 2.0.CMake
<
>play b a9
<= 
<
>genmove w
<= b9
<
>play b k9
d8b17 info: SwapCheck: reading from '/home/linus/MoHex2.0/nfbranchfix/benzene-vanilla-cmake/share/swap-moves.txt'.
d8b17 info: SwapCheck: opting not to swap.
d8b17 info: Best move cannot be determined, must search state.
d8b17 info: --- MoHexPlayer::Search() ---
d8b17 info: Color: white
d8b17 info: MaxGames: 1
d8b17 info: NumberThreads: 1
d8b17 info: MaxNodes: 9090 (799920 bytes)
d8b17 info: TimeForMove: 1
d8b17 info: PreSearch: max time reached (57/91).
d8b17 info: Time for PreSearch: 0.200798s
d8b17 info: 
  e193f7e1b23cba7f
  a  b  c  d  e  f  g  h  i  j  k  
 1\.  .  .  *  *  *  *  *  .  *  .\1
  2\.  .  *  *  *  *  *  *  *  *  .\2
   3\.  *  *  *  *  *  *  *  *  *  .\3
    4\.  *  *  *  *  *  *  *  *  *  .\4
     5\.  *  *  *  *  *  *  *  *  *  .\5
      6\.  *  *  *  *  *  *  *  *  *  .\6
       7\.  *  *  *  *  *  *  *  *  *  .\7
        8\.  *  *  *  *  *  *  *  *  *  .\8
         9\B  *  *  *  *  *  *  *  *  *  .\9
         10\.  *  *  *  *  *  *  *  *  .  .\10
          11\.  *  .  *  *  *  *  *  .  .  .\11
              a  b  c  d  e  f  g  h  i  j  k  
d8b17 info: No subtree to reuse.
d8b17 info: Creating thread 0
d8b17 info: StartSearch()[0]
SgUctSearch: max games reached
d8b17 info: 
Elapsed Time   0.413187s
Count          1
GamesPlayed    1
Nodes          1
Knowledge      0 (0.0%)
Expansions     0.0
Time           0.00
GameLen        120.0 dev=0.0 min=120.0 max=120.0
InTree         0.0 dev=0.0 min=0.0 max=0.0
KnowDepth      -
Aborted        0%
Games/s        428.8
Score          0.00
Sequence      
d8b17 info: 
d8b17 warning: **** MoHexSearch returned empty sequence!
d8b17 warning: **** Returning random move!
<= 
<
>genmove w
<= a4
<
>play b c2
d8b17 info: Best move cannot be determined, must search state.
d8b17 info: --- MoHexPlayer::Search() ---
d8b17 info: Color: white
d8b17 info: MaxGames: 1
d8b17 info: NumberThreads: 1
d8b17 info: MaxNodes: 9090 (799920 bytes)
d8b17 info: TimeForMove: 1
d8b17 info: PreSearch: max time reached (52/93).
d8b17 info: Time for PreSearch: 0.203108s
d8b17 info: 
  7226e18f54d0c980
  a  b  c  d  e  f  g  h  i  j  k  
 1\.  .  .  *  *  *  *  *  *  *  .\1
  2\.  .  *  *  *  *  *  *  *  *  .\2
   3\.  *  *  *  *  *  *  *  *  *  .\3
    4\.  *  *  *  *  *  *  *  *  *  .\4
     5\.  *  *  *  *  *  *  *  *  *  .\5
      6\.  *  *  *  *  *  *  *  *  *  .\6
       7\.  *  *  *  *  *  *  *  *  *  .\7
        8\.  .  *  *  *  *  *  *  *  *  .\8
         9\B  W  *  *  *  *  *  *  *  *  B\9
         10\.  *  *  *  *  *  *  *  *  .  .\10
          11\.  *  *  *  *  *  *  *  .  *  .\11
              a  b  c  d  e  f  g  h  i  j  k  
d8b17 info: Old: [black, a9] 
d8b17 info: New: [black, a9] [white, b9] [black, k9] 
d8b17 info: MovesPlayed: [white, b9] [black, k9] 
d8b17 info: No subtree to reuse.
d8b17 info: StartSearch()[0]
SgUctSearch: max games reached
d8b17 info: 
Elapsed Time   0.346953s
Count          1
GamesPlayed    1
Nodes          1
Knowledge      0 (0.0%)
Expansions     0.0
Time           0.00
GameLen        118.0 dev=0.0 min=118.0 max=118.0
InTree         0.0 dev=0.0 min=0.0 max=0.0
KnowDepth      -
Aborted        0%
Games/s        3257.3
Score          1.00
Sequence      
d8b17 info: 
d8b17 warning: **** MoHexSearch returned empty sequence!
d8b17 warning: **** Returning random move!
<= 
<
>genmove w
<= b3
<
>play b g4
d8b17 info: Best move cannot be determined, must search state.
d8b17 info: --- MoHexPlayer::Search() ---
d8b17 info: Color: white
d8b17 info: MaxGames: 1
d8b17 info: NumberThreads: 1
d8b17 info: MaxNodes: 9090 (799920 bytes)
d8b17 info: TimeForMove: 1
d8b17 info: PreSearch: max time reached (56/87).
d8b17 info: Time for PreSearch: 0.203599s
d8b17 info: 
  1b98b5d24735da80
  a  b  c  d  e  f  g  h  i  j  k  
 1\b  b  b  b  b  .  *  *  *  *  .\1
  2\b  b  B  .  *  *  *  *  *  *  .\2
   3\b  .  *  *  *  *  *  *  *  *  .\3
    4\W  *  *  *  *  *  *  *  *  *  .\4
     5\.  *  *  *  *  *  *  *  *  *  .\5
      6\.  *  *  *  *  *  *  *  *  *  .\6
       7\.  *  *  *  *  *  *  *  *  *  .\7
        8\.  .  *  *  *  *  *  *  *  *  .\8
         9\B  W  *  *  *  *  *  *  *  *  B\9
         10\.  *  *  *  *  *  *  *  *  .  .\10
          11\.  *  *  *  *  *  *  *  .  *  .\11
              a  b  c  d  e  f  g  h  i  j  k  
d8b17 info: Old: [black, a9] [white, b9] [black, k9] 
d8b17 info: New: [black, a9] [white, b9] [black, k9] [white, a4] [black, c2] 
d8b17 info: MovesPlayed: [white, a4] [black, c2] 
d8b17 info: No subtree to reuse.
d8b17 info: StartSearch()[0]
SgUctSearch: max games reached
d8b17 info: 
Elapsed Time   0.351175s
Count          1
GamesPlayed    1
Nodes          1
Knowledge      0 (0.0%)
Expansions     0.0
Time           0.00
GameLen        108.0 dev=0.0 min=108.0 max=108.0
InTree         0.0 dev=0.0 min=0.0 max=0.0
KnowDepth      -
Aborted        0%
Games/s        3460.2
Score          1.00
Sequence      
d8b17 info: 
d8b17 warning: **** MoHexSearch returned empty sequence!
d8b17 warning: **** Returning random move!
<= 
<
>genmove w
<= g10
<
>play b e7
d8b17 info: Best move cannot be determined, must search state.
d8b17 info: --- MoHexPlayer::Search() ---
d8b17 info: Color: white
d8b17 info: MaxGames: 1
d8b17 info: NumberThreads: 1
d8b17 info: MaxNodes: 9090 (799920 bytes)
d8b17 info: TimeForMove: 1
d8b17 info: PreSearch: max time reached (64/85).
d8b17 info: Time for PreSearch: 0.20294s
d8b17 info: 
  8d19389272dc9299
  a  b  c  d  e  f  g  h  i  j  k  
 1\b  b  b  b  b  .  *  *  *  *  .\1
  2\b  b  B  .  *  *  *  *  *  *  .\2
   3\b  W  *  *  *  *  *  *  *  *  .\3
    4\W  .  *  *  *  *  B  *  *  *  .\4
     5\w  *  *  *  *  *  *  *  *  *  .\5
      6\.  *  *  *  *  *  *  *  *  *  .\6
       7\.  *  *  *  *  *  *  *  *  *  .\7
        8\.  .  *  *  *  *  *  *  *  *  .\8
         9\B  W  *  *  *  *  *  *  *  *  B\9
         10\.  *  *  *  *  *  *  *  *  .  .\10
          11\.  *  *  *  *  *  *  *  .  *  .\11
              a  b  c  d  e  f  g  h  i  j  k  
d8b17 info: Old: [black, a9] [white, b9] [black, k9] [white, a4] [black, c2] 
d8b17 info: New: [black, a9] [white, b9] [black, k9] [white, a4] [black, c2] [white, b3] [black, g4] 
d8b17 info: MovesPlayed: [white, b3] [black, g4] 
d8b17 info: No subtree to reuse.
d8b17 info: StartSearch()[0]
SgUctSearch: max games reached
d8b17 info: 
Elapsed Time   0.40919s
Count          1
GamesPlayed    1
Nodes          1
Knowledge      0 (0.0%)
Expansions     0.0
Time           0.00
GameLen        105.0 dev=0.0 min=105.0 max=105.0
InTree         0.0 dev=0.0 min=0.0 max=0.0
KnowDepth      -
Aborted        0%
Games/s        3144.7
Score          0.00
Sequence      
d8b17 info: 
d8b17 warning: **** MoHexSearch returned empty sequence!
d8b17 warning: **** Returning random move!
<= 
<
>genmove w
<= c8
<
>play b d3
d8b17 info: Best move cannot be determined, must search state.
d8b17 info: --- MoHexPlayer::Search() ---
d8b17 info: Color: white
d8b17 info: MaxGames: 1
d8b17 info: NumberThreads: 1
d8b17 info: MaxNodes: 9090 (799920 bytes)
d8b17 info: TimeForMove: 1
d8b17 info: PreSearch: max time reached (63/81).
d8b17 info: Time for PreSearch: 0.201881s
d8b17 info: 
  15c39a94bd160254
  a  b  c  d  e  f  g  h  i  j  k  
 1\b  b  b  b  b  .  *  *  *  *  .\1
  2\b  b  B  .  *  *  *  *  *  *  .\2
   3\b  W  *  *  *  *  *  *  *  *  .\3
    4\W  .  *  *  *  *  B  *  *  *  .\4
     5\w  *  *  *  *  *  *  *  *  *  .\5
      6\.  *  *  *  *  *  *  *  *  *  .\6
       7\.  *  *  *  B  *  *  *  *  *  .\7
        8\.  *  *  *  *  *  *  *  *  *  .\8
         9\B  W  *  *  *  *  *  *  *  *  B\9
         10\.  *  *  *  *  *  W  *  *  .  .\10
          11\.  *  *  *  *  .  .  *  .  *  .\11
              a  b  c  d  e  f  g  h  i  j  k  
d8b17 info: Old: [black, a9] [white, b9] [black, k9] [white, a4] [black, c2] [white, b3] [black, g4] 
d8b17 info: New: [black, a9] [white, b9] [black, k9] [white, a4] [black, c2] [white, b3] [black, g4] [white, g10] [black, e7] 
d8b17 info: MovesPlayed: [white, g10] [black, e7] 
d8b17 info: No subtree to reuse.
d8b17 info: StartSearch()[0]
SgUctSearch: max games reached
d8b17 info: 
Elapsed Time   0.366978s
Count          1
GamesPlayed    1
Nodes          1
Knowledge      0 (0.0%)
Expansions     0.0
Time           0.00
GameLen        103.0 dev=0.0 min=103.0 max=103.0
InTree         0.0 dev=0.0 min=0.0 max=0.0
KnowDepth      -
Aborted        0%
Games/s        2053.4
Score          0.00
Sequence      
d8b17 info: 
d8b17 warning: **** MoHexSearch returned empty sequence!
d8b17 warning: **** Returning random move!
<= 
<
>genmove w
<= c10
<
>play b j1
d8b17 info: Best move cannot be determined, must search state.
d8b17 info: --- MoHexPlayer::Search() ---
d8b17 info: Color: white
d8b17 info: MaxGames: 1
d8b17 info: NumberThreads: 1
d8b17 info: MaxNodes: 9090 (799920 bytes)
d8b17 info: TimeForMove: 1
d8b17 info: Time for PreSearch: 0.108934s
d8b17 info: 
  dd2a0e0062276bd5
  a  b  c  d  e  f  g  h  i  j  k  
 1\b  b  b  b  b  .  *  *  *  *  .\1
  2\b  b  B  .  *  *  *  *  *  *  .\2
   3\b  W  .  B  *  *  *  *  *  .  .\3
    4\W  .  *  *  *  *  B  .  .  .  .\4
     5\w  .  *  *  *  *  *  .  .  .  .\5
      6\.  .  *  *  *  *  .  .  .  .  .\6
       7\.  .  .  *  B  .  .  .  .  .  .\7
        8\.  .  W  .  *  .  .  .  .  .  .\8
         9\B  W  .  *  .  .  .  .  .  .  B\9
         10\.  .  *  *  .  .  W  .  .  .  .\10
          11\.  *  .  *  .  .  .  .  .  .  .\11
              a  b  c  d  e  f  g  h  i  j  k  
d8b17 info: Old: [black, a9] [white, b9] [black, k9] [white, a4] [black, c2] [white, b3] [black, g4] [white, g10] [black, e7] 
d8b17 info: New: [black, a9] [white, b9] [black, k9] [white, a4] [black, c2] [white, b3] [black, g4] [white, g10] [black, e7] [white, c8] [black, d3] 
d8b17 info: MovesPlayed: [white, c8] [black, d3] 
d8b17 info: No subtree to reuse.
d8b17 info: StartSearch()[0]
SgUctSearch: max games reached
d8b17 info: 
Elapsed Time   0.259695s
Count          1
GamesPlayed    1
Nodes          1
Knowledge      0 (0.0%)
Expansions     0.0
Time           0.00
GameLen        101.0 dev=0.0 min=101.0 max=101.0
InTree         0.0 dev=0.0 min=0.0 max=0.0
KnowDepth      -
Aborted        0%
Games/s        3584.2
Score          0.00
Sequence      
d8b17 info: 
d8b17 warning: **** MoHexSearch returned empty sequence!
d8b17 warning: **** Returning random move!
<= 
<
>genmove w
<= e2
<
>play b i9
d8b17 info: Best move cannot be determined, must search state.
d8b17 info: --- MoHexPlayer::Search() ---
d8b17 info: Color: white
d8b17 info: MaxGames: 1
d8b17 info: NumberThreads: 1
d8b17 info: MaxNodes: 9090 (799920 bytes)
d8b17 info: TimeForMove: 1
d8b17 info: PreSearch: max time reached (54/71).
d8b17 info: Time for PreSearch: 0.20041s
d8b17 info: 
  ef6eb7c7a6bd4311
  a  b  c  d  e  f  g  h  i  j  k  
 1\b  b  b  b  b  .  *  *  .  B  .\1
  2\b  b  B  .  *  *  *  *  *  *  .\2
   3\b  W  .  B  *  *  *  *  *  *  .\3
    4\W  .  *  *  *  *  B  *  *  *  .\4
     5\w  *  *  *  *  *  *  *  *  *  .\5
      6\.  *  *  *  *  *  *  *  *  *  .\6
       7\.  *  *  *  B  *  *  *  *  *  .\7
        8\.  .  W  .  *  *  *  *  *  *  .\8
         9\B  W  .  *  *  *  *  *  *  *  B\9
         10\.  .  W  *  *  *  W  *  *  .  .\10
          11\.  .  .  *  *  .  .  *  .  *  .\11
              a  b  c  d  e  f  g  h  i  j  k  
d8b17 info: Old: [black, a9] [white, b9] [black, k9] [white, a4] [black, c2] [white, b3] [black, g4] [white, g10] [black, e7] [white, c8] [black, d3] 
d8b17 info: New: [black, a9] [white, b9] [black, k9] [white, a4] [black, c2] [white, b3] [black, g4] [white, g10] [black, e7] [white, c8] [black, d3] [white, c10] [black, j1] 
d8b17 info: MovesPlayed: [white, c10] [black, j1] 
d8b17 info: No subtree to reuse.
d8b17 info: StartSearch()[0]
SgUctSearch: max games reached
d8b17 info: 
Elapsed Time   0.356997s
Count          1
GamesPlayed    1
Nodes          1
Knowledge      0 (0.0%)
Expansions     0.0
Time           0.00
GameLen        99.0 dev=0.0 min=99.0 max=99.0
InTree         0.0 dev=0.0 min=0.0 max=0.0
KnowDepth      -
Aborted        0%
Games/s        2183.4
Score          1.00
Sequence      
d8b17 info: 
d8b17 warning: **** MoHexSearch returned empty sequence!
d8b17 warning: **** Returning random move!
<= 
<
>genmove w
<= g1
<
>play b j2
d8b17 info: Best move cannot be determined, must search state.
d8b17 info: --- MoHexPlayer::Search() ---
d8b17 info: Color: white
d8b17 info: MaxGames: 1
d8b17 info: NumberThreads: 1
d8b17 info: MaxNodes: 9090 (799920 bytes)
d8b17 info: TimeForMove: 1
d8b17 info: PreSearch: max time reached (63/67).
d8b17 info: Time for PreSearch: 0.200793s
d8b17 info: 
  6801d0d6201f60fa
  a  b  c  d  e  f  g  h  i  j  k  
 1\b  b  b  b  b  .  *  *  .  B  .\1
  2\b  b  B  .  W  *  *  *  *  *  .\2
   3\b  W  .  B  *  *  *  *  *  *  .\3
    4\W  .  *  *  *  *  B  *  *  *  .\4
     5\w  .  *  *  *  *  *  *  *  *  .\5
      6\.  *  *  *  *  *  *  *  *  *  .\6
       7\.  *  *  *  B  *  *  *  *  *  .\7
        8\.  .  W  .  *  *  *  *  *  .  .\8
         9\B  W  .  *  *  *  *  *  B  *  B\9
         10\.  .  W  *  *  *  W  .  *  .  .\10
          11\.  .  .  *  *  .  .  *  .  *  .\11
              a  b  c  d  e  f  g  h  i  j  k  
d8b17 info: Old: [black, a9] [white, b9] [black, k9] [white, a4] [black, c2] [white, b3] [black, g4] [white, g10] [black, e7] [white, c8] [black, d3] [white, c10] [black, j1] 
d8b17 info: New: [black, a9] [white, b9] [black, k9] [white, a4] [black, c2] [white, b3] [black, g4] [white, g10] [black, e7] [white, c8] [black, d3] [white, c10] [black, j1] [white, e2] [black, i9] 
d8b17 info: MovesPlayed: [white, e2] [black, i9] 
d8b17 info: No subtree to reuse.
d8b17 info: StartSearch()[0]
SgUctSearch: max games reached
d8b17 info: 
Elapsed Time   0.349852s
Count          1
GamesPlayed    1
Nodes          1
Knowledge      0 (0.0%)
Expansions     0.0
Time           0.00
GameLen        97.0 dev=0.0 min=97.0 max=97.0
InTree         0.0 dev=0.0 min=0.0 max=0.0
KnowDepth      -
Aborted        0%
Games/s        3787.9
Score          1.00
Sequence      
d8b17 info: 
d8b17 warning: **** MoHexSearch returned empty sequence!
d8b17 warning: **** Returning random move!
<= 
<
>genmove w
<= f4
<
>play b k6
d8b17 info: Best move cannot be determined, must search state.
d8b17 info: --- MoHexPlayer::Search() ---
d8b17 info: Color: white
d8b17 info: MaxGames: 1
d8b17 info: NumberThreads: 1
d8b17 info: MaxNodes: 9090 (799920 bytes)
d8b17 info: TimeForMove: 1
d8b17 info: Time for PreSearch: 0.177602s
d8b17 info: 
  af347a7549fd1327
  a  b  c  d  e  f  g  h  i  j  k  
 1\b  b  b  b  b  .  W  .  b  B  b\1
  2\b  b  B  .  W  .  *  *  .  B  .\2
   3\b  W  .  B  *  *  *  *  *  *  .\3
    4\W  .  *  *  *  *  B  *  *  *  .\4
     5\w  .  *  *  *  *  *  *  *  *  .\5
      6\.  *  *  *  *  *  *  *  *  *  .\6
       7\.  *  *  *  B  *  *  *  *  *  .\7
        8\.  .  W  .  *  *  *  *  *  .  .\8
         9\B  W  .  *  *  *  *  *  B  *  B\9
         10\.  .  W  *  *  *  W  .  *  .  .\10
          11\.  .  .  *  *  .  .  *  .  *  .\11
              a  b  c  d  e  f  g  h  i  j  k  
d8b17 info: Old: [black, a9] [white, b9] [black, k9] [white, a4] [black, c2] [white, b3] [black, g4] [white, g10] [black, e7] [white, c8] [black, d3] [white, c10] [black, j1] [white, e2] [black, i9] 
d8b17 info: New: [black, a9] [white, b9] [black, k9] [white, a4] [black, c2] [white, b3] [black, g4] [white, g10] [black, e7] [white, c8] [black, d3] [white, c10] [black, j1] [white, e2] [black, i9] [white, g1] [black, j2] 
d8b17 info: MovesPlayed: [white, g1] [black, j2] 
d8b17 info: No subtree to reuse.
d8b17 info: StartSearch()[0]
SgUctSearch: max games reached
d8b17 info: 
Elapsed Time   0.328734s
Count          1
GamesPlayed    1
Nodes          1
Knowledge      0 (0.0%)
Expansions     0.0
Time           0.00
GameLen        93.0 dev=0.0 min=93.0 max=93.0
InTree         0.0 dev=0.0 min=0.0 max=0.0
KnowDepth      -
Aborted        0%
Games/s        3533.6
Score          0.00
Sequence      
d8b17 info: 
d8b17 warning: **** MoHexSearch returned empty sequence!
d8b17 warning: **** Returning random move!
<= 
<
>genmove w
<= e10
<
>play b d5
d8b17 info: Best move cannot be determined, must search state.
d8b17 info: --- MoHexPlayer::Search() ---
d8b17 info: Color: white
d8b17 info: MaxGames: 1
d8b17 info: NumberThreads: 1
d8b17 info: MaxNodes: 9090 (799920 bytes)
d8b17 info: TimeForMove: 1
d8b17 info: Time for PreSearch: 0.188083s
d8b17 info: 
  e5dbaaf3f2b92631
  a  b  c  d  e  f  g  h  i  j  k  
 1\b  b  b  b  b  .  W  .  b  B  b\1
  2\b  b  B  .  W  .  *  *  .  B  .\2
   3\b  W  .  B  *  *  *  *  *  *  .\3
    4\W  .  *  *  *  W  B  *  *  *  .\4
     5\w  .  *  *  *  *  *  *  *  *  .\5
      6\.  *  *  *  *  *  *  *  *  *  B\6
       7\.  *  *  *  B  *  *  *  *  *  .\7
        8\.  .  W  .  *  *  *  *  *  *  .\8
         9\B  W  .  *  *  *  *  *  B  *  B\9
         10\.  .  W  *  *  *  W  .  *  .  .\10
          11\.  .  .  *  *  .  .  *  .  *  .\11
              a  b  c  d  e  f  g  h  i  j  k  
d8b17 info: Old: [black, a9] [white, b9] [black, k9] [white, a4] [black, c2] [white, b3] [black, g4] [white, g10] [black, e7] [white, c8] [black, d3] [white, c10] [black, j1] [white, e2] [black, i9] [white, g1] [black, j2] 
d8b17 info: New: [black, a9] [white, b9] [black, k9] [white, a4] [black, c2] [white, b3] [black, g4] [white, g10] [black, e7] [white, c8] [black, d3] [white, c10] [black, j1] [white, e2] [black, i9] [white, g1] [black, j2] [white, f4] [black, k6] 
d8b17 info: MovesPlayed: [white, f4] [black, k6] 
d8b17 info: No subtree to reuse.
d8b17 info: StartSearch()[0]
SgUctSearch: max games reached
d8b17 info: 
Elapsed Time   0.39797s
Count          1
GamesPlayed    1
Nodes          1
Knowledge      0 (0.0%)
Expansions     0.0
Time           0.00
GameLen        91.0 dev=0.0 min=91.0 max=91.0
InTree         0.0 dev=0.0 min=0.0 max=0.0
KnowDepth      -
Aborted        0%
Games/s        3663.0
Score          0.00
Sequence      
d8b17 info: 
d8b17 warning: **** MoHexSearch returned empty sequence!
d8b17 warning: **** Returning random move!
<= 
<
>genmove w
<= b8
<
>play b i2
d8b17 info: Best move cannot be determined, must search state.
d8b17 info: --- MoHexPlayer::Search() ---
d8b17 info: Color: white
d8b17 info: MaxGames: 1
d8b17 info: NumberThreads: 1
d8b17 info: MaxNodes: 9090 (799920 bytes)
d8b17 info: TimeForMove: 1
d8b17 info: Time for PreSearch: 0.136194s
d8b17 info: 
  8b3555d8e0746c93
  a  b  c  d  e  f  g  h  i  j  k  
 1\b  b  b  b  b  .  W  .  b  B  b\1
  2\b  b  B  .  W  .  .  *  .  B  .\2
   3\b  W  .  B  *  .  *  *  *  *  .\3
    4\W  .  .  *  .  W  B  *  *  *  .\4
     5\w  .  .  B  *  *  *  *  *  *  .\5
      6\.  *  *  *  *  *  *  *  *  *  B\6
       7\.  *  *  *  B  *  *  *  *  *  .\7
        8\.  .  W  .  *  *  *  *  *  *  .\8
         9\B  W  .  *  *  *  *  *  B  *  B\9
         10\.  .  W  *  W  *  W  .  *  .  .\10
          11\.  .  b  b  b  b  .  *  .  *  .\11
              a  b  c  d  e  f  g  h  i  j  k  
d8b17 info: Old: [black, a9] [white, b9] [black, k9] [white, a4] [black, c2] [white, b3] [black, g4] [white, g10] [black, e7] [white, c8] [black, d3] [white, c10] [black, j1] [white, e2] [black, i9] [white, g1] [black, j2] [white, f4] [black, k6] 
d8b17 info: New: [black, a9] [white, b9] [black, k9] [white, a4] [black, c2] [white, b3] [black, g4] [white, g10] [black, e7] [white, c8] [black, d3] [white, c10] [black, j1] [white, e2] [black, i9] [white, g1] [black, j2] [white, f4] [black, k6] [white, e10] [black, d5] 
d8b17 info: MovesPlayed: [white, e10] [black, d5] 
d8b17 info: No subtree to reuse.
d8b17 info: StartSearch()[0]
SgUctSearch: max games reached
d8b17 info: 
Elapsed Time   0.284816s
Count          1
GamesPlayed    1
Nodes          1
Knowledge      0 (0.0%)
Expansions     0.0
Time           0.00
GameLen        85.0 dev=0.0 min=85.0 max=85.0
InTree         0.0 dev=0.0 min=0.0 max=0.0
KnowDepth      -
Aborted        0%
Games/s        3663.0
Score          0.00
Sequence      
d8b17 info: 
d8b17 warning: **** MoHexSearch returned empty sequence!
d8b17 warning: **** Returning random move!
<= 
<
>genmove w
<= e9
<
>play b k11
d8b17 info: Best move cannot be determined, must search state.
d8b17 info: --- MoHexPlayer::Search() ---
d8b17 info: Color: white
d8b17 info: MaxGames: 1
d8b17 info: NumberThreads: 1
d8b17 info: MaxNodes: 9090 (799920 bytes)
d8b17 info: TimeForMove: 1
d8b17 info: Time for PreSearch: 0.098294s
d8b17 info: 
  bf9aa1bcb7137b6c
  a  b  c  d  e  f  g  h  i  j  k  
 1\b  b  b  b  b  .  W  .  b  B  b\1
  2\b  b  B  .  W  .  .  .  B  B  .\2
   3\b  W  *  B  *  .  .  *  *  *  .\3
    4\W  .  .  *  .  W  B  *  *  *  .\4
     5\w  .  .  B  *  *  *  *  *  *  .\5
      6\w  .  .  *  *  *  *  *  *  *  B\6
       7\w  w  .  .  B  *  *  *  *  *  .\7
        8\w  W  W  .  *  *  *  *  *  *  .\8
         9\B  W  w  .  .  *  *  *  B  *  B\9
         10\w  w  W  .  W  *  W  .  *  .  .\10
          11\b  b  b  b  b  b  .  *  .  *  .\11
              a  b  c  d  e  f  g  h  i  j  k  
d8b17 info: Old: [black, a9] [white, b9] [black, k9] [white, a4] [black, c2] [white, b3] [black, g4] [white, g10] [black, e7] [white, c8] [black, d3] [white, c10] [black, j1] [white, e2] [black, i9] [white, g1] [black, j2] [white, f4] [black, k6] [white, e10] [black, d5] 
d8b17 info: New: [black, a9] [white, b9] [black, k9] [white, a4] [black, c2] [white, b3] [black, g4] [white, g10] [black, e7] [white, c8] [black, d3] [white, c10] [black, j1] [white, e2] [black, i9] [white, g1] [black, j2] [white, f4] [black, k6] [white, e10] [black, d5] [white, b8] [black, i2] 
d8b17 info: MovesPlayed: [white, b8] [black, i2] 
d8b17 info: No subtree to reuse.
d8b17 info: StartSearch()[0]
SgUctSearch: max games reached
d8b17 info: 
Elapsed Time   0.249137s
Count          1
GamesPlayed    1
Nodes          1
Knowledge      0 (0.0%)
Expansions     0.0
Time           0.00
GameLen        74.0 dev=0.0 min=74.0 max=74.0
InTree         0.0 dev=0.0 min=0.0 max=0.0
KnowDepth      -
Aborted        0%
Games/s        2481.4
Score          0.00
Sequence      
d8b17 info: 
d8b17 warning: **** MoHexSearch returned empty sequence!
d8b17 warning: **** Returning random move!
<= 
<
>genmove w
<= f5
<
>play b g5
d8b17 info: Best move cannot be determined, must search state.
d8b17 info: --- MoHexPlayer::Search() ---
d8b17 info: Color: white
d8b17 info: MaxGames: 1
d8b17 info: NumberThreads: 1
d8b17 info: MaxNodes: 9090 (799920 bytes)
d8b17 info: TimeForMove: 1
d8b17 info: Time for PreSearch: 0.080601s
d8b17 info: 
  3c82b7e452cd0d65
  a  b  c  d  e  f  g  h  i  j  k  
 1\b  b  b  b  b  .  W  .  b  B  b\1
  2\b  b  B  .  W  .  .  .  B  B  .\2
   3\b  W  *  B  *  .  .  *  *  *  .\3
    4\W  .  .  *  .  W  B  *  *  *  .\4
     5\w  .  .  B  *  *  *  *  *  *  .\5
      6\w  .  .  *  *  *  *  *  *  *  B\6
       7\w  w  .  .  B  *  *  *  *  *  .\7
        8\w  W  W  b  .  *  *  *  *  *  .\8
         9\B  W  w  w  W  .  *  *  B  .  B\9
         10\w  w  W  w  W  .  W  .  .  *  .\10
          11\b  b  b  b  b  b  .  *  .  b  B\11
              a  b  c  d  e  f  g  h  i  j  k  
d8b17 info: Old: [black, a9] [white, b9] [black, k9] [white, a4] [black, c2] [white, b3] [black, g4] [white, g10] [black, e7] [white, c8] [black, d3] [white, c10] [black, j1] [white, e2] [black, i9] [white, g1] [black, j2] [white, f4] [black, k6] [white, e10] [black, d5] [white, b8] [black, i2] 
d8b17 info: New: [black, a9] [white, b9] [black, k9] [white, a4] [black, c2] [white, b3] [black, g4] [white, g10] [black, e7] [white, c8] [black, d3] [white, c10] [black, j1] [white, e2] [black, i9] [white, g1] [black, j2] [white, f4] [black, k6] [white, e10] [black, d5] [white, b8] [black, i2] [white, e9] [black, k11] 
d8b17 info: MovesPlayed: [white, e9] [black, k11] 
d8b17 info: No subtree to reuse.
d8b17 info: StartSearch()[0]
SgUctSearch: max games reached
d8b17 info: 
Elapsed Time   0.227887s
Count          1
GamesPlayed    1
Nodes          1
Knowledge      0 (0.0%)
Expansions     0.0
Time           0.00
GameLen        68.0 dev=0.0 min=68.0 max=68.0
InTree         0.0 dev=0.0 min=0.0 max=0.0
KnowDepth      -
Aborted        0%
Games/s        3937.0
Score          1.00
Sequence      
d8b17 info: 
d8b17 warning: **** MoHexSearch returned empty sequence!
d8b17 warning: **** Returning random move!
<= 
<
>genmove w
<= i4
<
>play b g2
d8b17 info: Best move cannot be determined, must search state.
d8b17 info: --- MoHexPlayer::Search() ---
d8b17 info: Color: white
d8b17 info: MaxGames: 1
d8b17 info: NumberThreads: 1
d8b17 info: MaxNodes: 9090 (799920 bytes)
d8b17 info: TimeForMove: 1
d8b17 info: Time for PreSearch: 0.072251s
d8b17 info: 
  866904324568fe75
  a  b  c  d  e  f  g  h  i  j  k  
 1\b  b  b  b  b  .  W  .  b  B  b\1
  2\b  b  B  .  W  .  .  .  B  B  .\2
   3\b  W  .  B  *  .  .  *  .  *  .\3
    4\W  .  .  .  .  W  B  .  *  *  .\4
     5\w  .  .  B  .  W  B  *  *  *  .\5
      6\w  .  .  .  .  *  *  *  *  *  B\6
       7\w  w  .  .  B  *  *  *  *  *  .\7
        8\w  W  W  b  .  *  *  *  *  *  .\8
         9\B  W  w  w  W  .  *  *  B  .  B\9
         10\w  w  W  w  W  .  W  .  .  *  .\10
          11\b  b  b  b  b  b  .  *  .  b  B\11
              a  b  c  d  e  f  g  h  i  j  k  
d8b17 info: Old: [black, a9] [white, b9] [black, k9] [white, a4] [black, c2] [white, b3] [black, g4] [white, g10] [black, e7] [white, c8] [black, d3] [white, c10] [black, j1] [white, e2] [black, i9] [white, g1] [black, j2] [white, f4] [black, k6] [white, e10] [black, d5] [white, b8] [black, i2] [white, e9] [black, k11] 
d8b17 info: New: [black, a9] [white, b9] [black, k9] [white, a4] [black, c2] [white, b3] [black, g4] [white, g10] [black, e7] [white, c8] [black, d3] [white, c10] [black, j1] [white, e2] [black, i9] [white, g1] [black, j2] [white, f4] [black, k6] [white, e10] [black, d5] [white, b8] [black, i2] [white, e9] [black, k11] [white, f5] [black, g5] 
d8b17 info: MovesPlayed: [white, f5] [black, g5] 
d8b17 info: No subtree to reuse.
d8b17 info: StartSearch()[0]
SgUctSearch: max games reached
d8b17 info: 
Elapsed Time   0.278991s
Count          1
GamesPlayed    1
Nodes          1
Knowledge      0 (0.0%)
Expansions     0.0
Time           0.00
GameLen        66.0 dev=0.0 min=66.0 max=66.0
InTree         0.0 dev=0.0 min=0.0 max=0.0
KnowDepth      -
Aborted        0%
Games/s        3921.6
Score          0.00
Sequence      
d8b17 info: 
d8b17 warning: **** MoHexSearch returned empty sequence!
d8b17 warning: **** Returning random move!
<= 
<
>genmove w
<= f9
<
>play b k7
d8b17 info: Best move cannot be determined, must search state.
d8b17 info: --- MoHexPlayer::Search() ---
d8b17 info: Color: white
d8b17 info: MaxGames: 1
d8b17 info: NumberThreads: 1
d8b17 info: MaxNodes: 9090 (799920 bytes)
d8b17 info: TimeForMove: 1
d8b17 info: Time for PreSearch: 0.019994s
d8b17 info: 
  b19e39a1016ee755
  a  b  c  d  e  f  g  h  i  j  k  
 1\b  b  b  b  b  b  W  b  b  B  b\1
  2\b  b  B  b  W  b  B  b  B  B  .\2
   3\b  W  b  B  b  b  b  b  b  .  .\3
    4\W  b  b  b  b  W  B  b  W  .  .\4
     5\w  b  b  B  b  W  B  *  .  .  .\5
      6\w  b  b  b  b  b  *  *  .  .  B\6
       7\w  w  b  b  B  *  *  *  .  .  .\7
        8\w  W  W  b  .  *  *  *  *  .  .\8
         9\B  W  w  w  W  .  *  *  B  .  B\9
         10\w  w  W  w  W  .  W  .  .  *  .\10
          11\b  b  b  b  b  b  .  *  .  b  B\11
              a  b  c  d  e  f  g  h  i  j  k  
d8b17 info: Old: [black, a9] [white, b9] [black, k9] [white, a4] [black, c2] [white, b3] [black, g4] [white, g10] [black, e7] [white, c8] [black, d3] [white, c10] [black, j1] [white, e2] [black, i9] [white, g1] [black, j2] [white, f4] [black, k6] [white, e10] [black, d5] [white, b8] [black, i2] [white, e9] [black, k11] [white, f5] [black, g5] 
d8b17 info: New: [black, a9] [white, b9] [black, k9] [white, a4] [black, c2] [white, b3] [black, g4] [white, g10] [black, e7] [white, c8] [black, d3] [white, c10] [black, j1] [white, e2] [black, i9] [white, g1] [black, j2] [white, f4] [black, k6] [white, e10] [black, d5] [white, b8] [black, i2] [white, e9] [black, k11] [white, f5] [black, g5] [white, i4] [black, g2] 
d8b17 info: MovesPlayed: [white, i4] [black, g2] 
d8b17 info: No subtree to reuse.
d8b17 info: StartSearch()[0]
SgUctSearch: max games reached
d8b17 info: 
Elapsed Time   0.163675s
Count          1
GamesPlayed    1
Nodes          1
Knowledge      0 (0.0%)
Expansions     0.0
Time           0.00
GameLen        38.0 dev=0.0 min=38.0 max=38.0
InTree         0.0 dev=0.0 min=0.0 max=0.0
KnowDepth      -
Aborted        0%
Games/s        4484.3
Score          0.00
Sequence      
d8b17 info: 
d8b17 warning: **** MoHexSearch returned empty sequence!
d8b17 warning: **** Returning random move!
<= 
<
>genmove w
<= e8
<
>play b j5
d8b17 info: Best move cannot be determined, must search state.
d8b17 info: --- MoHexPlayer::Search() ---
d8b17 info: Color: white
d8b17 info: MaxGames: 1
d8b17 info: NumberThreads: 1
d8b17 info: MaxNodes: 9090 (799920 bytes)
d8b17 info: TimeForMove: 1
d8b17 info: Time for PreSearch: 0.011997s
d8b17 info: 
  a1e178d38bd10794
  a  b  c  d  e  f  g  h  i  j  k  
 1\b  b  b  b  b  b  W  b  b  B  b\1
  2\b  b  B  b  W  b  B  b  B  B  .\2
   3\b  W  b  B  b  b  b  b  b  .  .\3
    4\W  b  b  b  b  W  B  b  W  .  .\4
     5\w  b  b  B  b  W  B  *  .  .  .\5
      6\w  b  b  b  b  b  *  *  .  *  B\6
       7\w  w  b  b  B  .  .  .  .  .  B\7
        8\w  W  W  b  .  .  .  .  .  *  *\8
         9\B  W  w  w  W  W  .  .  B  .  B\9
         10\w  w  W  w  W  .  W  .  .  *  .\10
          11\b  b  b  b  b  b  .  *  .  b  B\11
              a  b  c  d  e  f  g  h  i  j  k  
d8b17 info: Old: [black, a9] [white, b9] [black, k9] [white, a4] [black, c2] [white, b3] [black, g4] [white, g10] [black, e7] [white, c8] [black, d3] [white, c10] [black, j1] [white, e2] [black, i9] [white, g1] [black, j2] [white, f4] [black, k6] [white, e10] [black, d5] [white, b8] [black, i2] [white, e9] [black, k11] [white, f5] [black, g5] [white, i4] [black, g2] 
d8b17 info: New: [black, a9] [white, b9] [black, k9] [white, a4] [black, c2] [white, b3] [black, g4] [white, g10] [black, e7] [white, c8] [black, d3] [white, c10] [black, j1] [white, e2] [black, i9] [white, g1] [black, j2] [white, f4] [black, k6] [white, e10] [black, d5] [white, b8] [black, i2] [white, e9] [black, k11] [white, f5] [black, g5] [white, i4] [black, g2] [white, f9] [black, k7] 
d8b17 info: MovesPlayed: [white, f9] [black, k7] 
d8b17 info: No subtree to reuse.
d8b17 info: StartSearch()[0]
SgUctSearch: max games reached
d8b17 info: 
Elapsed Time   0.158821s
Count          1
GamesPlayed    1
Nodes          1
Knowledge      0 (0.0%)
Expansions     0.0
Time           0.00
GameLen        36.0 dev=0.0 min=36.0 max=36.0
InTree         0.0 dev=0.0 min=0.0 max=0.0
KnowDepth      -
Aborted        0%
Games/s        3717.5
Score          0.00
Sequence      
d8b17 info: 
d8b17 warning: **** MoHexSearch returned empty sequence!
d8b17 warning: **** Returning random move!
<= 
<
>genmove w
<= j3
<
>play b h6
d8b17 info: Opponent has won; playing most blocking move.
<= 
<
>genmove w
<= i6
<
>play b i5
d8b17 info: Opponent has won; playing most blocking move.
<= 
<
>genmove w
<= j6
<
>play b k5
d8b17 info: Opponent has won; playing most blocking move.
<= 
<
>genmove w
<= h5
<
>play b g6
d8b17 info: Opponent has won; playing most blocking move.
<= 
<
>genmove w
<= j8
<
>play b k8
d8b17 info: Opponent has won; playing most blocking move.
<= 
<
>genmove w
<= j10
<
>play b k10
d8b17 info: Opponent has won; playing most blocking move.
<= 
<
>genmove w
<= h3
<
>play b g3
d8b17 info: Captured cells caused win! Removing...
d8b17 info: Opponent has won; playing most blocking move.
<= 
<
>genmove w
<= c1
<
>play b h1
d8b17 info: Captured cells caused win! Removing...
d8b17 info: Opponent has won; playing most blocking move.
<= 
<
>genmove w
<= resign
<
>final_score
<= B+
<
>quit
<= 
<
