69947 config: MoHex v2.0.CMake Mar 21 2025.
69947 config: ============ InitializeSystem ============
69947 config: BenzeneProgram::InitRandom()
69947 config: Seed = 16633
69947 info: Prior Patterns:
69947 info: Global:
69947 info: Size            = 565 32648 
69947 info: TableEntries    = 65932 65910
69947 info: MirrorsAdded    = 0 0
69947 info: PrunableCount   = 30593 30629
69947 info: LargestGamma    = 5820.77
69947 info: SmallestGamma   = 6.6e-05
69947 info: Local:
69947 info: Size            = 550 5318 
69947 info: TableEntries    = 11602 11588
69947 info: MirrorsAdded    = 0 0
69947 info: PrunableCount   = 3659 3667
69947 info: LargestGamma    = 11281.8
69947 info: SmallestGamma   = 0.026235
69947 info: Playout Patterns:
69947 info: Global:
69947 info: Size            = 565 32648 
69947 info: TableEntries    = 70329 70329
69947 info: MirrorsAdded    = 4397 4419
69947 info: PrunableCount   = 30593 30629
69947 info: LargestGamma    = 5820.77
69947 info: SmallestGamma   = 6.6e-05
69947 info: Local:
69947 info: Size            = 550 5318 
69947 info: TableEntries    = 11602 11588
69947 info: MirrorsAdded    = 0 0
69947 info: PrunableCount   = 3659 3667
69947 info: LargestGamma    = 11281.8
69947 info: SmallestGamma   = 0.026235
69947 config: IcePatternSet: reading from '/home/linus/MoHex2.0/nfbranchfix/benzene-vanilla-cmake/share/ice-patterns.txt'.
69947 config: IcePatternSet: parsed 708 patterns.
69947 config: VCS: reading captured set patterns from '/home/linus/MoHex2.0/nfbranchfix/benzene-vanilla-cmake/share/vc-captured-set.txt'.
69947 config: VCS:: parsed 2 patterns.
69947 config: VCS: reading captured set patterns from '/home/linus/MoHex2.0/nfbranchfix/benzene-vanilla-cmake/share/vc-captured-set.txt'.
69947 config: VCS:: parsed 2 patterns.
69947 config: IcePatternSet: reading from '/home/linus/MoHex2.0/nfbranchfix/benzene-vanilla-cmake/share/ice-patterns.txt'.
69947 config: IcePatternSet: parsed 708 patterns.
69947 config: VCS: reading captured set patterns from '/home/linus/MoHex2.0/nfbranchfix/benzene-vanilla-cmake/share/vc-captured-set.txt'.
69947 config: VCS:: parsed 2 patterns.
69947 config: VCS: reading captured set patterns from '/home/linus/MoHex2.0/nfbranchfix/benzene-vanilla-cmake/share/vc-captured-set.txt'.
69947 config: VCS:: parsed 2 patterns.
69947 config: VCS: reading captured set patterns from '/home/linus/MoHex2.0/nfbranchfix/benzene-vanilla-cmake/share/vc-captured-set.txt'.
69947 config: VCS:: parsed 2 patterns.
69947 config: VCS: reading captured set patterns from '/home/linus/MoHex2.0/nfbranchfix/benzene-vanilla-cmake/share/vc-captured-set.txt'.
69947 config: VCS:: parsed 2 patterns.
69947 config: VCS: reading captured set patterns from '/home/linus/MoHex2.0/nfbranchfix/benzene-vanilla-cmake/share/vc-captured-set.txt'.
69947 config: VCS:: parsed 2 patterns.
69947 config: VCS: reading captured set patterns from '/home/linus/MoHex2.0/nfbranchfix/benzene-vanilla-cmake/share/vc-captured-set.txt'.
69947 config: VCS:: parsed 2 patterns.
69947 info: SwapCheck: reading from '/home/linus/MoHex2.0/nfbranchfix/benzene-vanilla-cmake/share/swap-moves.txt'.
69947 info: SwapCheck: playing swap.
69947 config: VCPattern: loading pattern templates from '/home/linus/MoHex2.0/nfbranchfix/benzene-vanilla-cmake/share/vc-patterns.txt'.
69947 info: Best move cannot be determined, must search state.
69947 info: --- MoHexPlayer::Search() ---
69947 info: Color: black
69947 info: MaxGames: 1
69947 info: NumberThreads: 1
69947 info: MaxNodes: 9090 (799920 bytes)
69947 info: TimeForMove: 1
69947 info: PreSearch: max time reached (42/93).
69947 info: Time for PreSearch: 0.20087s
69947 info: 
  ce969d3752865741
  a  b  c  d  e  f  g  h  i  j  k  
 1\.  .  .  .  .  .  .  .  .  .  .\1
  2\.  .  *  *  *  *  *  *  *  *  *\2
   3\.  *  *  *  *  *  *  *  *  *  *\3
    4\*  *  *  *  *  *  *  *  *  *  *\4
     5\*  *  *  *  *  *  *  *  *  *  *\5
      6\*  *  *  *  *  *  *  *  *  *  *\6
       7\*  *  *  *  *  *  B  *  *  *  *\7
        8\*  *  *  *  *  *  *  *  *  *  *\8
         9\*  *  *  *  *  *  *  *  *  *  .\9
         10\*  *  *  *  *  *  *  *  *  *  W\10
          11\.  .  .  .  .  .  .  .  .  .  b\11
              a  b  c  d  e  f  g  h  i  j  k  
69947 info: No subtree to reuse.
69947 info: Creating thread 0
69947 info: StartSearch()[0]
69947 config: VCS: reading captured set patterns from '/home/linus/MoHex2.0/nfbranchfix/benzene-vanilla-cmake/share/vc-captured-set.txt'.
69947 config: VCS:: parsed 2 patterns.
69947 config: VCS: reading captured set patterns from '/home/linus/MoHex2.0/nfbranchfix/benzene-vanilla-cmake/share/vc-captured-set.txt'.
69947 config: VCS:: parsed 2 patterns.
69947 info: 
Elapsed Time   0.556072s
Count          1
GamesPlayed    1
Nodes          1
Knowledge      0 (0.0%)
Expansions     0.0
Time           0.00
GameLen        118.0 dev=0.0 min=118.0 max=118.0
InTree         0.0 dev=0.0 min=0.0 max=0.0
KnowDepth      -
Aborted        0%
Games/s        400.6
Score          1.00
Sequence      
69947 info: 
69947 warning: **** MoHexSearch returned empty sequence!
69947 warning: **** Returning random move!
69947 info: Best move cannot be determined, must search state.
69947 info: --- MoHexPlayer::Search() ---
69947 info: Color: black
69947 info: MaxGames: 1
69947 info: NumberThreads: 1
69947 info: MaxNodes: 9090 (799920 bytes)
69947 info: TimeForMove: 1
69947 info: PreSearch: max time reached (50/88).
69947 info: Time for PreSearch: 0.201484s
69947 info: 
  3c26ab50e943e9f1
  a  b  c  d  e  f  g  h  i  j  k  
 1\b  b  b  b  b  b  .  .  .  .  .\1
  2\.  .  .  B  .  *  *  *  *  *  *\2
   3\.  *  *  *  *  *  *  *  *  *  *\3
    4\*  *  *  *  *  *  *  *  *  *  *\4
     5\*  *  *  *  *  *  *  *  *  *  *\5
      6\*  *  *  *  *  *  *  *  *  *  *\6
       7\*  *  *  *  *  *  B  *  *  *  .\7
        8\*  *  *  *  *  *  *  *  *  *  W\8
         9\*  *  *  *  *  *  *  *  *  *  b\9
         10\*  *  *  *  *  *  *  *  *  *  W\10
          11\.  .  .  .  .  .  .  .  .  .  b\11
              a  b  c  d  e  f  g  h  i  j  k  
69947 info: Old: [black, g7] [white, swap-pieces] [white, k10] 
69947 info: New: [black, g7] [white, swap-pieces] [white, k10] [black, d2] [white, k8] 
69947 info: MovesPlayed: [black, d2] [white, k8] 
69947 info: No subtree to reuse.
69947 info: StartSearch()[0]
69947 info: 
Elapsed Time   0.357299s
Count          1
GamesPlayed    1
Nodes          1
Knowledge      0 (0.0%)
Expansions     0.0
Time           0.00
GameLen        109.0 dev=0.0 min=109.0 max=109.0
InTree         0.0 dev=0.0 min=0.0 max=0.0
KnowDepth      -
Aborted        0%
Games/s        3546.1
Score          1.00
Sequence      
69947 info: 
69947 warning: **** MoHexSearch returned empty sequence!
69947 warning: **** Returning random move!
69947 info: Best move cannot be determined, must search state.
69947 info: --- MoHexPlayer::Search() ---
69947 info: Color: black
69947 info: MaxGames: 1
69947 info: NumberThreads: 1
69947 info: MaxNodes: 9090 (799920 bytes)
69947 info: TimeForMove: 1
69947 info: PreSearch: max time reached (33/83).
69947 info: Time for PreSearch: 0.20054s
69947 info: 
  b126e59e5038656f
  a  b  c  d  e  f  g  h  i  j  k  
 1\w  b  b  b  b  b  .  .  .  .  .\1
  2\w  b  b  B  .  *  *  *  *  *  *\2
   3\W  .  .  *  *  *  *  *  *  *  *\3
    4\w  *  *  *  *  *  *  *  *  *  *\4
     5\.  *  *  *  *  *  *  *  *  *  *\5
      6\*  *  *  B  *  *  *  *  *  *  *\6
       7\*  *  *  *  *  *  B  *  *  *  .\7
        8\*  *  *  *  *  *  *  *  *  *  W\8
         9\*  *  *  *  *  *  *  *  *  *  b\9
         10\*  *  *  *  *  *  *  *  *  *  W\10
          11\.  .  .  .  .  .  .  .  .  .  b\11
              a  b  c  d  e  f  g  h  i  j  k  
69947 info: Old: [black, g7] [white, swap-pieces] [white, k10] [black, d2] [white, k8] 
69947 info: New: [black, g7] [white, swap-pieces] [white, k10] [black, d2] [white, k8] [black, d6] [white, a3] 
69947 info: MovesPlayed: [black, d6] [white, a3] 
69947 info: No subtree to reuse.
69947 info: StartSearch()[0]
69947 info: 
Elapsed Time   0.346164s
Count          1
GamesPlayed    1
Nodes          1
Knowledge      0 (0.0%)
Expansions     0.0
Time           0.00
GameLen        103.0 dev=0.0 min=103.0 max=103.0
InTree         0.0 dev=0.0 min=0.0 max=0.0
KnowDepth      -
Aborted        0%
Games/s        2217.3
Score          1.00
Sequence      
69947 info: 
69947 warning: **** MoHexSearch returned empty sequence!
69947 warning: **** Returning random move!
69947 info: Best move cannot be determined, must search state.
69947 info: --- MoHexPlayer::Search() ---
69947 info: Color: black
69947 info: MaxGames: 1
69947 info: NumberThreads: 1
69947 info: MaxNodes: 9090 (799920 bytes)
69947 info: TimeForMove: 1
69947 info: PreSearch: max time reached (33/80).
69947 info: Time for PreSearch: 0.205055s
69947 info: 
  7ecb05688b3f7c6a
  a  b  c  d  e  f  g  h  i  j  k  
 1\w  b  b  b  b  b  .  .  .  .  .\1
  2\w  b  b  B  .  *  *  *  *  *  *\2
   3\W  .  .  *  *  *  *  *  *  *  *\3
    4\w  *  *  *  *  *  *  *  *  *  *\4
     5\.  *  *  *  *  *  *  *  *  *  *\5
      6\*  *  *  B  *  *  *  *  *  *  .\6
       7\*  *  *  *  *  *  B  *  *  .  B\7
        8\*  *  *  *  *  *  *  *  W  *  W\8
         9\*  *  *  *  *  *  *  *  *  *  b\9
         10\*  *  *  *  *  *  *  *  *  *  W\10
          11\.  .  .  .  .  .  .  .  .  .  b\11
              a  b  c  d  e  f  g  h  i  j  k  
69947 info: Old: [black, g7] [white, swap-pieces] [white, k10] [black, d2] [white, k8] [black, d6] [white, a3] 
69947 info: New: [black, g7] [white, swap-pieces] [white, k10] [black, d2] [white, k8] [black, d6] [white, a3] [black, k7] [white, i8] 
69947 info: MovesPlayed: [black, k7] [white, i8] 
69947 info: No subtree to reuse.
69947 info: StartSearch()[0]
69947 info: 
Elapsed Time   0.354985s
Count          1
GamesPlayed    1
Nodes          1
Knowledge      0 (0.0%)
Expansions     0.0
Time           0.00
GameLen        101.0 dev=0.0 min=101.0 max=101.0
InTree         0.0 dev=0.0 min=0.0 max=0.0
KnowDepth      -
Aborted        0%
Games/s        3194.9
Score          1.00
Sequence      
69947 info: 
69947 warning: **** MoHexSearch returned empty sequence!
69947 warning: **** Returning random move!
69947 info: Best move cannot be determined, must search state.
69947 info: --- MoHexPlayer::Search() ---
69947 info: Color: black
69947 info: MaxGames: 1
69947 info: NumberThreads: 1
69947 info: MaxNodes: 9090 (799920 bytes)
69947 info: TimeForMove: 1
69947 info: Winning sequence found before UCT search!
69947 info: Sequence: e7
69947 info: Winning SC.
69947 info: Winning SC.
69947 info: Winning SC.
69947 info: Winning SC.
69947 info: Winning SC.
69947 info: Winning SC.
69947 info: Winning SC.
69947 info: Winning SC.
69947 info: Winning SC.
69947 info: Winning SC.
69947 info: Winning SC.
69947 config: ============ BenzeneShutdown =============
69947 config: MoHexProgram:: ShutdownSystem()
69947 config: CommonProgram:: ShutdownSystem()
69947 config: BenzeneProgram:: ShutdownSystem()
Flushing and closing this stream...
