77367 config: MoHex v2.0.CMake Mar 21 2025.
77367 config: ============ InitializeSystem ============
77367 config: BenzeneProgram::InitRandom()
77367 config: Seed = 264957
77367 info: Prior Patterns:
77367 info: Global:
77367 info: Size            = 565 32648 
77367 info: TableEntries    = 65932 65910
77367 info: MirrorsAdded    = 0 0
77367 info: PrunableCount   = 30593 30629
77367 info: LargestGamma    = 5820.77
77367 info: SmallestGamma   = 6.6e-05
77367 info: Local:
77367 info: Size            = 550 5318 
77367 info: TableEntries    = 11602 11588
77367 info: MirrorsAdded    = 0 0
77367 info: PrunableCount   = 3659 3667
77367 info: LargestGamma    = 11281.8
77367 info: SmallestGamma   = 0.026235
77367 info: Playout Patterns:
77367 info: Global:
77367 info: Size            = 565 32648 
77367 info: TableEntries    = 70329 70329
77367 info: MirrorsAdded    = 4397 4419
77367 info: PrunableCount   = 30593 30629
77367 info: LargestGamma    = 5820.77
77367 info: SmallestGamma   = 6.6e-05
77367 info: Local:
77367 info: Size            = 550 5318 
77367 info: TableEntries    = 11602 11588
77367 info: MirrorsAdded    = 0 0
77367 info: PrunableCount   = 3659 3667
77367 info: LargestGamma    = 11281.8
77367 info: SmallestGamma   = 0.026235
77367 config: IcePatternSet: reading from '/home/linus/MoHex2.0/nfbranchfix/benzene-vanilla-cmake/share/ice-patterns.txt'.
77367 config: IcePatternSet: parsed 708 patterns.
77367 config: VCS: reading captured set patterns from '/home/linus/MoHex2.0/nfbranchfix/benzene-vanilla-cmake/share/vc-captured-set.txt'.
77367 config: VCS:: parsed 2 patterns.
77367 config: VCS: reading captured set patterns from '/home/linus/MoHex2.0/nfbranchfix/benzene-vanilla-cmake/share/vc-captured-set.txt'.
77367 config: VCS:: parsed 2 patterns.
77367 config: IcePatternSet: reading from '/home/linus/MoHex2.0/nfbranchfix/benzene-vanilla-cmake/share/ice-patterns.txt'.
77367 config: IcePatternSet: parsed 708 patterns.
77367 config: VCS: reading captured set patterns from '/home/linus/MoHex2.0/nfbranchfix/benzene-vanilla-cmake/share/vc-captured-set.txt'.
77367 config: VCS:: parsed 2 patterns.
77367 config: VCS: reading captured set patterns from '/home/linus/MoHex2.0/nfbranchfix/benzene-vanilla-cmake/share/vc-captured-set.txt'.
77367 config: VCS:: parsed 2 patterns.
77367 config: VCS: reading captured set patterns from '/home/linus/MoHex2.0/nfbranchfix/benzene-vanilla-cmake/share/vc-captured-set.txt'.
77367 config: VCS:: parsed 2 patterns.
77367 config: VCS: reading captured set patterns from '/home/linus/MoHex2.0/nfbranchfix/benzene-vanilla-cmake/share/vc-captured-set.txt'.
77367 config: VCS:: parsed 2 patterns.
77367 config: VCS: reading captured set patterns from '/home/linus/MoHex2.0/nfbranchfix/benzene-vanilla-cmake/share/vc-captured-set.txt'.
77367 config: VCS:: parsed 2 patterns.
77367 config: VCS: reading captured set patterns from '/home/linus/MoHex2.0/nfbranchfix/benzene-vanilla-cmake/share/vc-captured-set.txt'.
77367 config: VCS:: parsed 2 patterns.
77367 info: SwapCheck: reading from '/home/linus/MoHex2.0/nfbranchfix/benzene-vanilla-cmake/share/swap-moves.txt'.
77367 info: SwapCheck: opting not to swap.
77367 config: VCPattern: loading pattern templates from '/home/linus/MoHex2.0/nfbranchfix/benzene-vanilla-cmake/share/vc-patterns.txt'.
77367 info: Best move cannot be determined, must search state.
77367 info: --- MoHexPlayer::Search() ---
77367 info: Color: white
77367 info: MaxGames: 1
77367 info: NumberThreads: 1
77367 info: MaxNodes: 181818181 (15999999928 bytes)
77367 info: TimeForMove: 1
77367 info: PreSearch: max time reached (46/91).
77367 info: Time for PreSearch: 0.200867s
77367 info: 
  5061c03c4bb2a1c3
  a  b  c  d  e  f  g  h  i  j  k  
 1\.  .  .  *  *  *  *  *  *  *  .\1
  2\.  .  *  *  *  *  *  *  *  *  .\2
   3\.  *  *  *  *  *  *  *  *  *  .\3
    4\.  *  *  *  *  *  *  *  *  *  .\4
     5\.  *  *  *  *  *  *  *  *  *  .\5
      6\.  *  *  *  *  *  *  *  *  *  .\6
       7\.  *  *  *  *  *  *  *  *  *  .\7
        8\.  *  *  *  *  *  *  *  *  *  .\8
         9\.  *  *  *  *  *  *  *  *  .  .\9
         10\.  *  *  *  *  *  *  *  *  .  .\10
          11\.  *  *  *  *  *  *  .  B  b  b\11
              a  b  c  d  e  f  g  h  i  j  k  
77367 info: No subtree to reuse.
77367 info: Creating thread 0
77367 info: StartSearch()[0]
77367 config: VCS: reading captured set patterns from '/home/linus/MoHex2.0/nfbranchfix/benzene-vanilla-cmake/share/vc-captured-set.txt'.
77367 config: VCS:: parsed 2 patterns.
77367 config: VCS: reading captured set patterns from '/home/linus/MoHex2.0/nfbranchfix/benzene-vanilla-cmake/share/vc-captured-set.txt'.
77367 config: VCS:: parsed 2 patterns.
77367 info: 
Elapsed Time   0.355935s
Count          1
GamesPlayed    1
Nodes          1
Knowledge      0 (0.0%)
Expansions     0.0
Time           0.00
GameLen        118.0 dev=0.0 min=118.0 max=118.0
InTree         0.0 dev=0.0 min=0.0 max=0.0
KnowDepth      -
Aborted        0%
Games/s        346.0
Score          1.00
Sequence      
77367 info: 
77367 warning: **** MoHexSearch returned empty sequence!
77367 warning: **** Returning random move!
77367 info: Best move cannot be determined, must search state.
77367 info: --- MoHexPlayer::Search() ---
77367 info: Color: white
77367 info: MaxGames: 1
77367 info: NumberThreads: 1
77367 info: MaxNodes: 181818181 (15999999928 bytes)
77367 info: TimeForMove: 1
77367 info: PreSearch: max time reached (52/93).
77367 info: Time for PreSearch: 0.202196s
77367 info: 
  8b57fe239e34e5aa
  a  b  c  d  e  f  g  h  i  j  k  
 1\.  *  .  *  *  *  *  *  *  *  .\1
  2\.  .  *  *  *  *  *  *  *  *  .\2
   3\B  *  *  *  *  *  *  *  *  *  .\3
    4\.  *  *  *  *  *  *  *  *  *  .\4
     5\.  *  *  *  *  *  *  *  *  *  .\5
      6\.  *  *  *  *  *  *  *  *  *  .\6
       7\.  *  *  *  *  *  *  *  *  *  W\7
        8\.  *  *  *  *  *  *  *  *  *  .\8
         9\.  *  *  *  *  *  *  *  *  *  .\9
         10\.  *  *  *  *  *  *  *  *  .  .\10
          11\.  *  *  *  *  *  *  .  B  b  b\11
              a  b  c  d  e  f  g  h  i  j  k  
77367 info: Old: [black, i11] 
77367 info: New: [black, i11] [white, k7] [black, a3] 
77367 info: MovesPlayed: [white, k7] [black, a3] 
77367 info: No subtree to reuse.
77367 info: StartSearch()[0]
77367 info: 
Elapsed Time   0.360997s
Count          1
GamesPlayed    1
Nodes          1
Knowledge      0 (0.0%)
Expansions     0.0
Time           0.00
GameLen        116.0 dev=0.0 min=116.0 max=116.0
InTree         0.0 dev=0.0 min=0.0 max=0.0
KnowDepth      -
Aborted        0%
Games/s        2597.4
Score          1.00
Sequence      
77367 info: 
77367 warning: **** MoHexSearch returned empty sequence!
77367 warning: **** Returning random move!
77367 info: Best move cannot be determined, must search state.
77367 info: --- MoHexPlayer::Search() ---
77367 info: Color: white
77367 info: MaxGames: 1
77367 info: NumberThreads: 1
77367 info: MaxNodes: 181818181 (15999999928 bytes)
77367 info: TimeForMove: 1
77367 info: PreSearch: max time reached (57/86).
77367 info: Time for PreSearch: 0.200096s
77367 info: 
  e891b1c2c53bf0c9
  a  b  c  d  e  f  g  h  i  j  k  
 1\.  *  .  *  *  *  *  *  *  *  .\1
  2\.  .  *  *  *  *  *  *  *  *  .\2
   3\B  *  *  *  *  *  *  *  *  *  .\3
    4\.  *  *  B  *  *  *  *  *  *  .\4
     5\.  *  *  *  *  *  *  *  *  *  .\5
      6\.  *  *  *  *  *  *  *  *  *  w\6
       7\.  *  *  *  *  *  *  *  *  .  W\7
        8\.  *  *  *  *  *  *  *  *  W  b\8
         9\.  *  *  *  *  *  *  *  .  w  w\9
         10\.  *  *  *  *  *  *  *  .  w  w\10
          11\.  *  *  *  *  *  .  b  B  b  b\11
              a  b  c  d  e  f  g  h  i  j  k  
77367 info: Old: [black, i11] [white, k7] [black, a3] 
77367 info: New: [black, i11] [white, k7] [black, a3] [white, j8] [black, d4] 
77367 info: MovesPlayed: [white, j8] [black, d4] 
77367 info: No subtree to reuse.
77367 info: StartSearch()[0]
77367 info: 
Elapsed Time   0.355496s
Count          1
GamesPlayed    1
Nodes          1
Knowledge      0 (0.0%)
Expansions     0.0
Time           0.00
GameLen        107.0 dev=0.0 min=107.0 max=107.0
InTree         0.0 dev=0.0 min=0.0 max=0.0
KnowDepth      -
Aborted        0%
Games/s        2747.3
Score          1.00
Sequence      
77367 info: 
77367 warning: **** MoHexSearch returned empty sequence!
77367 warning: **** Returning random move!
77367 info: Best move cannot be determined, must search state.
77367 info: --- MoHexPlayer::Search() ---
77367 info: Color: white
77367 info: MaxGames: 1
77367 info: NumberThreads: 1
77367 info: MaxNodes: 181818181 (15999999928 bytes)
77367 info: TimeForMove: 1
77367 info: PreSearch: max time reached (64/80).
77367 info: Time for PreSearch: 0.202092s
77367 info: 
  3ab70be1d32664f9
  a  b  c  d  e  f  g  h  i  j  k  
 1\.  *  .  *  *  *  *  *  *  *  .\1
  2\.  .  *  *  *  *  *  *  *  *  .\2
   3\B  *  *  *  *  *  *  *  *  .  .\3
    4\.  *  *  B  *  *  *  *  B  .  .\4
     5\.  *  *  *  *  *  *  *  *  *  .\5
      6\.  *  *  *  *  *  *  *  *  .  w\6
       7\w  .  *  *  *  *  *  *  *  .  W\7
        8\w  W  *  *  *  *  *  *  *  W  b\8
         9\w  .  *  *  *  *  *  *  .  w  w\9
         10\w  *  *  *  *  *  *  *  .  w  w\10
          11\.  *  *  *  *  *  .  b  B  b  b\11
              a  b  c  d  e  f  g  h  i  j  k  
77367 info: Old: [black, i11] [white, k7] [black, a3] [white, j8] [black, d4] 
77367 info: New: [black, i11] [white, k7] [black, a3] [white, j8] [black, d4] [white, b8] [black, i4] 
77367 info: MovesPlayed: [white, b8] [black, i4] 
77367 info: No subtree to reuse.
77367 info: StartSearch()[0]
77367 info: 
Elapsed Time   0.3531s
Count          1
GamesPlayed    1
Nodes          1
Knowledge      0 (0.0%)
Expansions     0.0
Time           0.00
GameLen        101.0 dev=0.0 min=101.0 max=101.0
InTree         0.0 dev=0.0 min=0.0 max=0.0
KnowDepth      -
Aborted        0%
Games/s        3773.6
Score          0.00
Sequence      
77367 info: 
77367 warning: **** MoHexSearch returned empty sequence!
77367 warning: **** Returning random move!
77367 info: Best move cannot be determined, must search state.
77367 info: --- MoHexPlayer::Search() ---
77367 info: Color: white
77367 info: MaxGames: 1
77367 info: NumberThreads: 1
77367 info: MaxNodes: 181818181 (15999999928 bytes)
77367 info: TimeForMove: 1
77367 info: Time for PreSearch: 0.184545s
77367 info: 
  2ff92392ac53e979
  a  b  c  d  e  f  g  h  i  j  k  
 1\.  *  .  *  *  .  .  *  *  *  .\1
  2\.  .  *  *  *  W  *  *  *  *  .\2
   3\B  *  *  *  *  *  *  *  *  .  .\3
    4\.  *  *  B  *  *  *  *  B  .  .\4
     5\.  *  *  *  *  *  *  *  *  *  .\5
      6\.  .  *  *  *  *  *  *  *  .  w\6
       7\w  .  *  *  *  *  *  *  *  .  W\7
        8\w  W  *  *  *  *  *  *  *  W  b\8
         9\w  .  *  *  *  *  *  *  *  b  b\9
         10\w  *  *  *  *  *  *  .  B  b  b\10
          11\.  *  *  *  *  .  b  b  B  b  b\11
              a  b  c  d  e  f  g  h  i  j  k  
77367 info: Old: [black, i11] [white, k7] [black, a3] [white, j8] [black, d4] [white, b8] [black, i4] 
77367 info: New: [black, i11] [white, k7] [black, a3] [white, j8] [black, d4] [white, b8] [black, i4] [white, f2] [black, i10] 
77367 info: MovesPlayed: [white, f2] [black, i10] 
77367 info: No subtree to reuse.
77367 info: StartSearch()[0]
77367 info: 
Elapsed Time   0.394069s
Count          1
GamesPlayed    1
Nodes          1
Knowledge      0 (0.0%)
Expansions     0.0
Time           0.00
GameLen        98.0 dev=0.0 min=98.0 max=98.0
InTree         0.0 dev=0.0 min=0.0 max=0.0
KnowDepth      -
Aborted        0%
Games/s        3472.2
Score          0.00
Sequence      
77367 info: 
77367 warning: **** MoHexSearch returned empty sequence!
77367 warning: **** Returning random move!
77367 info: Best move cannot be determined, must search state.
77367 info: --- MoHexPlayer::Search() ---
77367 info: Color: white
77367 info: MaxGames: 1
77367 info: NumberThreads: 1
77367 info: MaxNodes: 181818181 (15999999928 bytes)
77367 info: TimeForMove: 1
77367 info: Time for PreSearch: 0.164259s
77367 info: 
  f5acce3e1b6e51e8
  a  b  c  d  e  f  g  h  i  j  k  
 1\.  *  .  *  *  .  .  *  *  *  .\1
  2\.  .  *  *  *  W  *  *  *  .  w\2
   3\B  *  *  *  *  *  *  *  *  W  w\3
    4\.  *  *  B  *  *  *  *  B  .  w\4
     5\.  *  *  *  *  *  *  *  *  .  b\5
      6\.  .  *  *  *  *  *  *  *  .  w\6
       7\w  .  *  *  *  *  *  *  *  .  W\7
        8\w  W  *  *  *  *  *  *  B  W  b\8
         9\w  .  *  *  *  *  *  *  *  b  b\9
         10\w  *  *  *  *  *  *  .  B  b  b\10
          11\.  *  *  *  *  .  b  b  B  b  b\11
              a  b  c  d  e  f  g  h  i  j  k  
77367 info: Old: [black, i11] [white, k7] [black, a3] [white, j8] [black, d4] [white, b8] [black, i4] [white, f2] [black, i10] 
77367 info: New: [black, i11] [white, k7] [black, a3] [white, j8] [black, d4] [white, b8] [black, i4] [white, f2] [black, i10] [white, j3] [black, i8] 
77367 info: MovesPlayed: [white, j3] [black, i8] 
77367 info: No subtree to reuse.
77367 info: StartSearch()[0]
77367 info: 
Elapsed Time   0.310792s
Count          1
GamesPlayed    1
Nodes          1
Knowledge      0 (0.0%)
Expansions     0.0
Time           0.00
GameLen        92.0 dev=0.0 min=92.0 max=92.0
InTree         0.0 dev=0.0 min=0.0 max=0.0
KnowDepth      -
Aborted        0%
Games/s        3906.3
Score          0.00
Sequence      
77367 info: 
77367 warning: **** MoHexSearch returned empty sequence!
77367 warning: **** Returning random move!
77367 info: Best move cannot be determined, must search state.
77367 info: --- MoHexPlayer::Search() ---
77367 info: Color: white
77367 info: MaxGames: 1
77367 info: NumberThreads: 1
77367 info: MaxNodes: 181818181 (15999999928 bytes)
77367 info: TimeForMove: 1
77367 info: Time for PreSearch: 0.169097s
77367 info: 
  e0c696c680b3fdef
  a  b  c  d  e  f  g  h  i  j  k  
 1\.  *  .  *  *  .  .  *  *  *  .\1
  2\.  .  *  *  *  W  *  *  *  .  w\2
   3\B  *  *  *  *  *  *  *  *  W  w\3
    4\.  *  *  B  *  *  *  *  B  B  w\4
     5\.  *  *  *  *  *  *  *  *  .  w\5
      6\.  .  *  *  *  *  *  *  *  .  w\6
       7\w  .  *  *  *  W  *  *  *  .  W\7
        8\w  W  *  *  *  *  *  *  B  W  b\8
         9\w  .  *  *  *  *  *  *  *  b  b\9
         10\w  *  *  *  *  *  *  .  B  b  b\10
          11\.  *  *  *  *  .  b  b  B  b  b\11
              a  b  c  d  e  f  g  h  i  j  k  
77367 info: Old: [black, i11] [white, k7] [black, a3] [white, j8] [black, d4] [white, b8] [black, i4] [white, f2] [black, i10] [white, j3] [black, i8] 
77367 info: New: [black, i11] [white, k7] [black, a3] [white, j8] [black, d4] [white, b8] [black, i4] [white, f2] [black, i10] [white, j3] [black, i8] [white, f7] [black, j4] 
77367 info: MovesPlayed: [white, f7] [black, j4] 
77367 info: No subtree to reuse.
77367 info: StartSearch()[0]
77367 info: 
Elapsed Time   0.313335s
Count          1
GamesPlayed    1
Nodes          1
Knowledge      0 (0.0%)
Expansions     0.0
Time           0.00
GameLen        90.0 dev=0.0 min=90.0 max=90.0
InTree         0.0 dev=0.0 min=0.0 max=0.0
KnowDepth      -
Aborted        0%
Games/s        3194.9
Score          1.00
Sequence      
77367 info: 
77367 warning: **** MoHexSearch returned empty sequence!
77367 warning: **** Returning random move!
77367 info: Best move cannot be determined, must search state.
77367 info: --- MoHexPlayer::Search() ---
77367 info: Color: white
77367 info: MaxGames: 1
77367 info: NumberThreads: 1
77367 info: MaxNodes: 181818181 (15999999928 bytes)
77367 info: TimeForMove: 1
77367 info: Time for PreSearch: 0.165331s
77367 info: 
  bc8316f81a4c66eb
  a  b  c  d  e  f  g  h  i  j  k  
 1\.  *  .  *  *  .  .  *  *  *  .\1
  2\.  .  *  *  *  W  *  *  *  .  w\2
   3\B  *  *  *  *  *  *  *  *  W  w\3
    4\.  *  *  B  *  *  *  *  B  B  w\4
     5\.  *  *  *  *  *  *  *  B  .  w\5
      6\.  .  *  *  *  *  *  *  *  .  w\6
       7\w  .  *  *  *  W  *  *  *  .  W\7
        8\w  W  *  *  *  *  *  *  B  W  b\8
         9\w  .  *  *  *  *  *  *  *  b  b\9
         10\w  *  *  *  *  *  *  .  B  b  b\10
          11\.  *  *  *  W  .  b  b  B  b  b\11
              a  b  c  d  e  f  g  h  i  j  k  
77367 info: Old: [black, i11] [white, k7] [black, a3] [white, j8] [black, d4] [white, b8] [black, i4] [white, f2] [black, i10] [white, j3] [black, i8] [white, f7] [black, j4] 
77367 info: New: [black, i11] [white, k7] [black, a3] [white, j8] [black, d4] [white, b8] [black, i4] [white, f2] [black, i10] [white, j3] [black, i8] [white, f7] [black, j4] [white, e11] [black, i5] 
77367 info: MovesPlayed: [white, e11] [black, i5] 
77367 info: No subtree to reuse.
77367 info: StartSearch()[0]
77367 info: 
Elapsed Time   0.302661s
Count          1
GamesPlayed    1
Nodes          1
Knowledge      0 (0.0%)
Expansions     0.0
Time           0.00
GameLen        88.0 dev=0.0 min=88.0 max=88.0
InTree         0.0 dev=0.0 min=0.0 max=0.0
KnowDepth      -
Aborted        0%
Games/s        3558.7
Score          0.00
Sequence      
77367 info: 
77367 warning: **** MoHexSearch returned empty sequence!
77367 warning: **** Returning random move!
77367 info: Best move cannot be determined, must search state.
77367 info: --- MoHexPlayer::Search() ---
77367 info: Color: white
77367 info: MaxGames: 1
77367 info: NumberThreads: 1
77367 info: MaxNodes: 181818181 (15999999928 bytes)
77367 info: TimeForMove: 1
77367 info: Time for PreSearch: 0.171189s
77367 info: 
  6c5ec0a4f243125e
  a  b  c  d  e  f  g  h  i  j  k  
 1\.  *  .  *  *  .  .  *  *  *  .\1
  2\.  .  *  *  *  W  *  *  *  .  w\2
   3\B  *  *  *  *  *  *  *  *  W  w\3
    4\.  *  *  B  *  *  *  *  B  B  w\4
     5\.  *  *  *  *  *  *  *  B  .  w\5
      6\.  .  *  *  *  *  *  *  *  .  w\6
       7\w  .  *  *  *  W  *  *  *  .  W\7
        8\w  W  *  *  *  *  W  .  B  W  b\8
         9\w  .  *  *  *  *  .  B  b  b  b\9
         10\w  *  *  *  *  *  b  b  B  b  b\10
          11\.  *  *  *  W  b  b  b  B  b  b\11
              a  b  c  d  e  f  g  h  i  j  k  
77367 info: Old: [black, i11] [white, k7] [black, a3] [white, j8] [black, d4] [white, b8] [black, i4] [white, f2] [black, i10] [white, j3] [black, i8] [white, f7] [black, j4] [white, e11] [black, i5] 
77367 info: New: [black, i11] [white, k7] [black, a3] [white, j8] [black, d4] [white, b8] [black, i4] [white, f2] [black, i10] [white, j3] [black, i8] [white, f7] [black, j4] [white, e11] [black, i5] [white, g8] [black, h9] 
77367 info: MovesPlayed: [white, g8] [black, h9] 
77367 info: No subtree to reuse.
77367 info: StartSearch()[0]
77367 info: 
Elapsed Time   0.316669s
Count          1
GamesPlayed    1
Nodes          1
Knowledge      0 (0.0%)
Expansions     0.0
Time           0.00
GameLen        82.0 dev=0.0 min=82.0 max=82.0
InTree         0.0 dev=0.0 min=0.0 max=0.0
KnowDepth      -
Aborted        0%
Games/s        4065.0
Score          0.00
Sequence      
77367 info: 
77367 warning: **** MoHexSearch returned empty sequence!
77367 warning: **** Returning random move!
77367 info: Best move cannot be determined, must search state.
77367 info: --- MoHexPlayer::Search() ---
77367 info: Color: white
77367 info: MaxGames: 1
77367 info: NumberThreads: 1
77367 info: MaxNodes: 181818181 (15999999928 bytes)
77367 info: TimeForMove: 1
77367 info: Time for PreSearch: 0.120459s
77367 info: 
  87608d0f4568ae13
  a  b  c  d  e  f  g  h  i  j  k  
 1\.  *  .  *  *  .  .  *  *  .  W\1
  2\.  .  *  *  *  W  *  *  *  .  w\2
   3\B  *  *  *  *  *  *  *  *  W  w\3
    4\.  *  *  B  *  *  *  *  B  B  w\4
     5\.  *  *  *  *  *  *  *  B  .  w\5
      6\.  .  *  *  *  *  *  *  *  .  w\6
       7\w  .  *  *  *  W  *  *  *  .  W\7
        8\w  W  .  *  *  *  W  .  B  W  b\8
         9\w  w  .  *  *  *  .  B  b  b  b\9
         10\w  w  B  *  .  *  b  b  B  b  b\10
          11\w  b  b  .  W  b  b  b  B  b  b\11
              a  b  c  d  e  f  g  h  i  j  k  
77367 info: Old: [black, i11] [white, k7] [black, a3] [white, j8] [black, d4] [white, b8] [black, i4] [white, f2] [black, i10] [white, j3] [black, i8] [white, f7] [black, j4] [white, e11] [black, i5] [white, g8] [black, h9] 
77367 info: New: [black, i11] [white, k7] [black, a3] [white, j8] [black, d4] [white, b8] [black, i4] [white, f2] [black, i10] [white, j3] [black, i8] [white, f7] [black, j4] [white, e11] [black, i5] [white, g8] [black, h9] [white, k1] [black, c10] 
77367 info: MovesPlayed: [white, k1] [black, c10] 
77367 info: No subtree to reuse.
77367 info: StartSearch()[0]
77367 info: 
Elapsed Time   0.259826s
Count          1
GamesPlayed    1
Nodes          1
Knowledge      0 (0.0%)
Expansions     0.0
Time           0.00
GameLen        75.0 dev=0.0 min=75.0 max=75.0
InTree         0.0 dev=0.0 min=0.0 max=0.0
KnowDepth      -
Aborted        0%
Games/s        3690.0
Score          0.00
Sequence      
77367 info: 
77367 warning: **** MoHexSearch returned empty sequence!
77367 warning: **** Returning random move!
77367 info: Best move cannot be determined, must search state.
77367 info: --- MoHexPlayer::Search() ---
77367 info: Color: white
77367 info: MaxGames: 1
77367 info: NumberThreads: 1
77367 info: MaxNodes: 181818181 (15999999928 bytes)
77367 info: TimeForMove: 1
77367 info: Time for PreSearch: 0.11251s
77367 info: 
  0c048695e1aea8f7
  a  b  c  d  e  f  g  h  i  j  k  
 1\W  .  *  *  *  .  .  *  *  .  W\1
  2\.  *  *  *  *  W  *  *  *  .  w\2
   3\B  *  *  *  *  *  *  *  *  W  w\3
    4\.  *  *  B  *  *  *  *  B  B  w\4
     5\.  *  *  *  *  *  *  .  B  .  w\5
      6\.  .  *  *  *  *  B  *  *  .  w\6
       7\w  .  *  *  *  W  *  *  *  .  W\7
        8\w  W  .  *  *  *  W  .  B  W  b\8
         9\w  w  .  *  *  *  .  B  b  b  b\9
         10\w  w  B  *  .  *  b  b  B  b  b\10
          11\w  b  b  .  W  b  b  b  B  b  b\11
              a  b  c  d  e  f  g  h  i  j  k  
77367 info: Old: [black, i11] [white, k7] [black, a3] [white, j8] [black, d4] [white, b8] [black, i4] [white, f2] [black, i10] [white, j3] [black, i8] [white, f7] [black, j4] [white, e11] [black, i5] [white, g8] [black, h9] [white, k1] [black, c10] 
77367 info: New: [black, i11] [white, k7] [black, a3] [white, j8] [black, d4] [white, b8] [black, i4] [white, f2] [black, i10] [white, j3] [black, i8] [white, f7] [black, j4] [white, e11] [black, i5] [white, g8] [black, h9] [white, k1] [black, c10] [white, a1] [black, g6] 
77367 info: MovesPlayed: [white, a1] [black, g6] 
77367 info: No subtree to reuse.
77367 info: StartSearch()[0]
77367 info: 
Elapsed Time   0.251989s
Count          1
GamesPlayed    1
Nodes          1
Knowledge      0 (0.0%)
Expansions     0.0
Time           0.00
GameLen        73.0 dev=0.0 min=73.0 max=73.0
InTree         0.0 dev=0.0 min=0.0 max=0.0
KnowDepth      -
Aborted        0%
Games/s        3773.6
Score          0.00
Sequence      
77367 info: 
77367 warning: **** MoHexSearch returned empty sequence!
77367 warning: **** Returning random move!
77367 info: Winning SC.
77367 info: Winning SC.
77367 info: Winning SC.
77367 info: Best move cannot be determined, must search state.
77367 info: --- MoHexPlayer::Search() ---
77367 info: Color: white
77367 info: MaxGames: 1
77367 info: NumberThreads: 1
77367 info: MaxNodes: 181818181 (15999999928 bytes)
77367 info: TimeForMove: 1
77367 info: Winning sequence found before UCT search!
77367 info: Sequence: f6
77367 info: Winning SC.
77367 info: Winning SC.
77367 info: Winning SC.
77367 info: Winning SC.
77367 info: Winning SC.
77367 config: ============ BenzeneShutdown =============
77367 config: MoHexProgram:: ShutdownSystem()
77367 config: CommonProgram:: ShutdownSystem()
77367 config: BenzeneProgram:: ShutdownSystem()
Flushing and closing this stream...
