91907 config: MoHex v2.0.CMake Mar 21 2025.
91907 config: ============ InitializeSystem ============
91907 config: BenzeneProgram::InitRandom()
91907 config: Seed = 261232
91907 info: Prior Patterns:
91907 info: Global:
91907 info: Size            = 565 32648 
91907 info: TableEntries    = 65932 65910
91907 info: MirrorsAdded    = 0 0
91907 info: PrunableCount   = 30593 30629
91907 info: LargestGamma    = 5820.77
91907 info: SmallestGamma   = 6.6e-05
91907 info: Local:
91907 info: Size            = 550 5318 
91907 info: TableEntries    = 11602 11588
91907 info: MirrorsAdded    = 0 0
91907 info: PrunableCount   = 3659 3667
91907 info: LargestGamma    = 11281.8
91907 info: SmallestGamma   = 0.026235
91907 info: Playout Patterns:
91907 info: Global:
91907 info: Size            = 565 32648 
91907 info: TableEntries    = 70329 70329
91907 info: MirrorsAdded    = 4397 4419
91907 info: PrunableCount   = 30593 30629
91907 info: LargestGamma    = 5820.77
91907 info: SmallestGamma   = 6.6e-05
91907 info: Local:
91907 info: Size            = 550 5318 
91907 info: TableEntries    = 11602 11588
91907 info: MirrorsAdded    = 0 0
91907 info: PrunableCount   = 3659 3667
91907 info: LargestGamma    = 11281.8
91907 info: SmallestGamma   = 0.026235
91907 config: IcePatternSet: reading from '/home/linus/MoHex2.0/nfbranchfix/benzene-vanilla-cmake/share/ice-patterns.txt'.
91907 config: IcePatternSet: parsed 708 patterns.
91907 config: VCS: reading captured set patterns from '/home/linus/MoHex2.0/nfbranchfix/benzene-vanilla-cmake/share/vc-captured-set.txt'.
91907 config: VCS:: parsed 2 patterns.
91907 config: VCS: reading captured set patterns from '/home/linus/MoHex2.0/nfbranchfix/benzene-vanilla-cmake/share/vc-captured-set.txt'.
91907 config: VCS:: parsed 2 patterns.
91907 config: IcePatternSet: reading from '/home/linus/MoHex2.0/nfbranchfix/benzene-vanilla-cmake/share/ice-patterns.txt'.
91907 config: IcePatternSet: parsed 708 patterns.
91907 config: VCS: reading captured set patterns from '/home/linus/MoHex2.0/nfbranchfix/benzene-vanilla-cmake/share/vc-captured-set.txt'.
91907 config: VCS:: parsed 2 patterns.
91907 config: VCS: reading captured set patterns from '/home/linus/MoHex2.0/nfbranchfix/benzene-vanilla-cmake/share/vc-captured-set.txt'.
91907 config: VCS:: parsed 2 patterns.
91907 config: VCS: reading captured set patterns from '/home/linus/MoHex2.0/nfbranchfix/benzene-vanilla-cmake/share/vc-captured-set.txt'.
91907 config: VCS:: parsed 2 patterns.
91907 config: VCS: reading captured set patterns from '/home/linus/MoHex2.0/nfbranchfix/benzene-vanilla-cmake/share/vc-captured-set.txt'.
91907 config: VCS:: parsed 2 patterns.
91907 config: VCS: reading captured set patterns from '/home/linus/MoHex2.0/nfbranchfix/benzene-vanilla-cmake/share/vc-captured-set.txt'.
91907 config: VCS:: parsed 2 patterns.
91907 config: VCS: reading captured set patterns from '/home/linus/MoHex2.0/nfbranchfix/benzene-vanilla-cmake/share/vc-captured-set.txt'.
91907 config: VCS:: parsed 2 patterns.
91907 info: SwapCheck: reading from '/home/linus/MoHex2.0/nfbranchfix/benzene-vanilla-cmake/share/swap-moves.txt'.
91907 info: SwapCheck: opting not to swap.
91907 config: VCPattern: loading pattern templates from '/home/linus/MoHex2.0/nfbranchfix/benzene-vanilla-cmake/share/vc-patterns.txt'.
91907 info: Best move cannot be determined, must search state.
91907 info: --- MoHexPlayer::Search() ---
91907 info: Color: white
91907 info: MaxGames: 1
91907 info: NumberThreads: 1
91907 info: MaxNodes: 9090 (799920 bytes)
91907 info: TimeForMove: 1
91907 info: PreSearch: max time reached (50/90).
91907 info: Time for PreSearch: 0.202451s
91907 info: 
  7a736bd73aac21fd
  a  b  c  d  e  f  g  h  i  j  k  
 1\.  .  .  *  *  *  *  *  *  *  .\1
  2\.  .  *  *  *  *  *  *  *  *  .\2
   3\.  *  *  *  *  *  *  *  *  *  .\3
    4\.  *  *  *  *  *  *  *  *  *  .\4
     5\.  *  *  *  *  *  *  *  *  *  .\5
      6\.  *  *  *  *  *  *  *  *  *  .\6
       7\.  *  *  *  *  *  *  *  *  *  .\7
        8\.  *  *  *  *  *  *  *  *  *  .\8
         9\.  *  *  *  *  *  *  *  *  *  .\9
         10\.  *  *  *  *  *  *  *  *  .  .\10
          11\.  *  .  B  .  *  *  *  .  .  .\11
              a  b  c  d  e  f  g  h  i  j  k  
91907 info: No subtree to reuse.
91907 info: Creating thread 0
91907 info: StartSearch()[0]
91907 config: VCS: reading captured set patterns from '/home/linus/MoHex2.0/nfbranchfix/benzene-vanilla-cmake/share/vc-captured-set.txt'.
91907 config: VCS:: parsed 2 patterns.
91907 config: VCS: reading captured set patterns from '/home/linus/MoHex2.0/nfbranchfix/benzene-vanilla-cmake/share/vc-captured-set.txt'.
91907 config: VCS:: parsed 2 patterns.
91907 info: 
Elapsed Time   0.548849s
Count          1
GamesPlayed    1
Nodes          1
Knowledge      0 (0.0%)
Expansions     0.0
Time           0.00
GameLen        120.0 dev=0.0 min=120.0 max=120.0
InTree         0.0 dev=0.0 min=0.0 max=0.0
KnowDepth      -
Aborted        0%
Games/s        386.5
Score          1.00
Sequence      
91907 info: 
91907 warning: **** MoHexSearch returned empty sequence!
91907 warning: **** Returning random move!
91907 info: Best move cannot be determined, must search state.
91907 info: --- MoHexPlayer::Search() ---
91907 info: Color: white
91907 info: MaxGames: 1
91907 info: NumberThreads: 1
91907 info: MaxNodes: 9090 (799920 bytes)
91907 info: TimeForMove: 1
91907 info: PreSearch: max time reached (47/86).
91907 info: Time for PreSearch: 0.203164s
91907 info: 
  17157a2e3a6973f5
  a  b  c  d  e  f  g  h  i  j  k  
 1\.  .  .  *  *  *  *  *  *  *  .\1
  2\.  .  *  *  *  *  *  *  *  *  .\2
   3\.  *  *  *  *  *  *  *  *  *  .\3
    4\.  *  *  *  *  *  *  *  *  .  .\4
     5\.  *  *  *  *  *  *  *  B  .  .\5
      6\.  *  *  *  *  *  *  *  *  *  .\6
       7\.  *  *  *  *  *  *  *  *  *  .\7
        8\.  *  *  *  *  *  *  *  *  *  .\8
         9\.  *  *  *  *  *  *  *  *  *  .\9
         10\.  *  *  W  *  *  *  *  *  .  .\10
          11\.  *  .  B  .  *  *  *  .  .  .\11
              a  b  c  d  e  f  g  h  i  j  k  
91907 info: Old: [black, d11] 
91907 info: New: [black, d11] [white, d10] [black, i5] 
91907 info: MovesPlayed: [white, d10] [black, i5] 
91907 info: No subtree to reuse.
91907 info: StartSearch()[0]
91907 info: 
Elapsed Time   0.361866s
Count          1
GamesPlayed    1
Nodes          1
Knowledge      0 (0.0%)
Expansions     0.0
Time           0.00
GameLen        118.0 dev=0.0 min=118.0 max=118.0
InTree         0.0 dev=0.0 min=0.0 max=0.0
KnowDepth      -
Aborted        0%
Games/s        3184.7
Score          0.00
Sequence      
91907 info: 
91907 warning: **** MoHexSearch returned empty sequence!
91907 warning: **** Returning random move!
91907 info: Best move cannot be determined, must search state.
91907 info: --- MoHexPlayer::Search() ---
91907 info: Color: white
91907 info: MaxGames: 1
91907 info: NumberThreads: 1
91907 info: MaxNodes: 9090 (799920 bytes)
91907 info: TimeForMove: 1
91907 info: PreSearch: max time reached (46/82).
91907 info: Time for PreSearch: 0.204116s
91907 info: 
  2551c3e9fef35b31
  a  b  c  d  e  f  g  h  i  j  k  
 1\.  .  .  *  *  *  *  *  .  B  .\1
  2\.  .  *  *  *  *  *  *  *  *  .\2
   3\.  *  *  *  *  *  *  *  *  *  .\3
    4\.  *  *  *  *  *  *  *  *  .  .\4
     5\.  *  *  *  *  *  *  *  B  .  .\5
      6\.  *  *  *  *  *  *  *  *  *  .\6
       7\.  *  *  *  *  *  *  *  *  *  .\7
        8\.  *  *  *  *  *  *  *  *  *  .\8
         9\.  *  *  *  *  *  *  *  *  *  .\9
         10\.  *  W  W  *  *  *  *  *  .  .\10
          11\.  .  b  B  .  *  *  *  .  .  .\11
              a  b  c  d  e  f  g  h  i  j  k  
91907 info: Old: [black, d11] [white, d10] [black, i5] 
91907 info: New: [black, d11] [white, d10] [black, i5] [white, c10] [black, j1] 
91907 info: MovesPlayed: [white, c10] [black, j1] 
91907 info: No subtree to reuse.
91907 info: StartSearch()[0]
91907 info: 
Elapsed Time   0.3646s
Count          1
GamesPlayed    1
Nodes          1
Knowledge      0 (0.0%)
Expansions     0.0
Time           0.00
GameLen        115.0 dev=0.0 min=115.0 max=115.0
InTree         0.0 dev=0.0 min=0.0 max=0.0
KnowDepth      -
Aborted        0%
Games/s        2252.3
Score          1.00
Sequence      
91907 info: 
91907 warning: **** MoHexSearch returned empty sequence!
91907 warning: **** Returning random move!
91907 info: Best move cannot be determined, must search state.
91907 info: --- MoHexPlayer::Search() ---
91907 info: Color: white
91907 info: MaxGames: 1
91907 info: NumberThreads: 1
91907 info: MaxNodes: 9090 (799920 bytes)
91907 info: TimeForMove: 1
91907 info: PreSearch: max time reached (49/81).
91907 info: Time for PreSearch: 0.203987s
91907 info: 
  966bd4cf5af0c1bc
  a  b  c  d  e  f  g  h  i  j  k  
 1\.  .  .  *  *  *  *  *  .  B  W\1
  2\.  .  *  *  *  *  *  *  *  *  .\2
   3\.  *  *  *  *  *  *  *  *  *  .\3
    4\.  *  *  *  *  *  *  *  *  .  .\4
     5\.  *  *  *  *  *  *  *  B  .  .\5
      6\.  *  *  *  B  *  *  *  *  *  .\6
       7\.  *  *  *  *  *  *  *  *  *  .\7
        8\.  *  *  *  *  *  *  *  *  *  .\8
         9\.  *  *  *  *  *  *  *  *  *  .\9
         10\.  *  W  W  *  *  *  *  *  .  .\10
          11\.  .  b  B  .  *  *  *  .  .  .\11
              a  b  c  d  e  f  g  h  i  j  k  
91907 info: Old: [black, d11] [white, d10] [black, i5] [white, c10] [black, j1] 
91907 info: New: [black, d11] [white, d10] [black, i5] [white, c10] [black, j1] [white, k1] [black, e6] 
91907 info: MovesPlayed: [white, k1] [black, e6] 
91907 info: No subtree to reuse.
91907 info: StartSearch()[0]
91907 info: 
Elapsed Time   0.536242s
Count          1
GamesPlayed    1
Nodes          1
Knowledge      0 (0.0%)
Expansions     0.0
Time           0.00
GameLen        113.0 dev=0.0 min=113.0 max=113.0
InTree         0.0 dev=0.0 min=0.0 max=0.0
KnowDepth      -
Aborted        0%
Games/s        3521.1
Score          1.00
Sequence      
91907 info: 
91907 warning: **** MoHexSearch returned empty sequence!
91907 warning: **** Returning random move!
91907 info: Best move cannot be determined, must search state.
91907 info: --- MoHexPlayer::Search() ---
91907 info: Color: white
91907 info: MaxGames: 1
91907 info: NumberThreads: 1
91907 info: MaxNodes: 9090 (799920 bytes)
91907 info: TimeForMove: 1
91907 info: PreSearch: max time reached (57/82).
91907 info: Time for PreSearch: 0.200415s
91907 info: 
  3a933765210bdf03
  a  b  c  d  e  f  g  h  i  j  k  
 1\.  .  .  *  *  *  *  *  .  B  W\1
  2\.  .  *  *  *  *  *  *  W  *  .\2
   3\.  *  *  *  *  *  *  *  *  *  .\3
    4\.  *  *  *  *  *  *  *  *  *  B\4
     5\.  *  *  *  *  *  *  *  B  *  .\5
      6\.  *  *  *  B  *  *  *  *  *  .\6
       7\.  *  *  *  *  *  *  *  *  *  .\7
        8\.  *  *  *  *  *  *  *  *  *  .\8
         9\.  *  *  *  *  *  *  *  *  *  .\9
         10\.  *  W  W  *  *  *  *  *  .  .\10
          11\.  .  b  B  .  *  *  *  .  .  .\11
              a  b  c  d  e  f  g  h  i  j  k  
91907 info: Old: [black, d11] [white, d10] [black, i5] [white, c10] [black, j1] [white, k1] [black, e6] 
91907 info: New: [black, d11] [white, d10] [black, i5] [white, c10] [black, j1] [white, k1] [black, e6] [white, i2] [black, k4] 
91907 info: MovesPlayed: [white, i2] [black, k4] 
91907 info: No subtree to reuse.
91907 info: StartSearch()[0]
91907 info: 
Elapsed Time   0.350395s
Count          1
GamesPlayed    1
Nodes          1
Knowledge      0 (0.0%)
Expansions     0.0
Time           0.00
GameLen        111.0 dev=0.0 min=111.0 max=111.0
InTree         0.0 dev=0.0 min=0.0 max=0.0
KnowDepth      -
Aborted        0%
Games/s        3496.5
Score          0.00
Sequence      
91907 info: 
91907 warning: **** MoHexSearch returned empty sequence!
91907 warning: **** Returning random move!
91907 info: Best move cannot be determined, must search state.
91907 info: --- MoHexPlayer::Search() ---
91907 info: Color: white
91907 info: MaxGames: 1
91907 info: NumberThreads: 1
91907 info: MaxNodes: 9090 (799920 bytes)
91907 info: TimeForMove: 1
91907 info: PreSearch: max time reached (62/73).
91907 info: Time for PreSearch: 0.201608s
91907 info: 
  253e3371ec99b4ba
  a  b  c  d  e  f  g  h  i  j  k  
 1\b  b  b  b  b  b  .  *  .  B  W\1
  2\.  .  .  B  .  *  *  *  W  *  .\2
   3\.  .  *  *  *  *  *  *  *  *  .\3
    4\.  .  *  *  *  *  *  *  *  .  B\4
     5\.  *  *  *  *  *  *  *  B  .  .\5
      6\.  *  *  *  B  *  *  *  *  .  w\6
       7\.  *  *  *  *  *  *  *  *  W  w\7
        8\.  *  *  *  *  *  *  *  *  .  w\8
         9\.  *  *  *  *  *  *  *  *  *  .\9
         10\.  *  W  W  *  *  *  *  *  *  .\10
          11\.  .  b  B  .  *  *  *  *  .  .\11
              a  b  c  d  e  f  g  h  i  j  k  
91907 info: Old: [black, d11] [white, d10] [black, i5] [white, c10] [black, j1] [white, k1] [black, e6] [white, i2] [black, k4] 
91907 info: New: [black, d11] [white, d10] [black, i5] [white, c10] [black, j1] [white, k1] [black, e6] [white, i2] [black, k4] [white, j7] [black, d2] 
91907 info: MovesPlayed: [white, j7] [black, d2] 
91907 info: No subtree to reuse.
91907 info: StartSearch()[0]
91907 info: 
Elapsed Time   0.343476s
Count          1
GamesPlayed    1
Nodes          1
Knowledge      0 (0.0%)
Expansions     0.0
Time           0.00
GameLen        100.0 dev=0.0 min=100.0 max=100.0
InTree         0.0 dev=0.0 min=0.0 max=0.0
KnowDepth      -
Aborted        0%
Games/s        3636.4
Score          0.00
Sequence      
91907 info: 
91907 warning: **** MoHexSearch returned empty sequence!
91907 warning: **** Returning random move!
91907 info: Best move cannot be determined, must search state.
91907 info: --- MoHexPlayer::Search() ---
91907 info: Color: white
91907 info: MaxGames: 1
91907 info: NumberThreads: 1
91907 info: MaxNodes: 9090 (799920 bytes)
91907 info: TimeForMove: 1
91907 info: Time for PreSearch: 0.167052s
91907 info: 
  6557abb0496ab067
  a  b  c  d  e  f  g  h  i  j  k  
 1\b  b  b  b  b  b  .  *  .  B  W\1
  2\.  .  .  B  .  *  *  *  W  *  .\2
   3\.  .  *  *  *  *  *  *  *  *  .\3
    4\.  .  *  *  *  *  *  *  *  .  B\4
     5\.  *  *  *  *  *  *  *  B  .  .\5
      6\.  .  *  B  B  *  *  *  *  .  w\6
       7\w  .  .  *  *  *  *  *  *  W  w\7
        8\w  W  *  *  *  *  *  *  *  .  w\8
         9\w  .  .  *  *  *  *  *  *  *  .\9
         10\w  .  W  W  *  *  *  *  *  .  .\10
          11\b  b  b  B  .  *  *  *  *  .  .\11
              a  b  c  d  e  f  g  h  i  j  k  
91907 info: Old: [black, d11] [white, d10] [black, i5] [white, c10] [black, j1] [white, k1] [black, e6] [white, i2] [black, k4] [white, j7] [black, d2] 
91907 info: New: [black, d11] [white, d10] [black, i5] [white, c10] [black, j1] [white, k1] [black, e6] [white, i2] [black, k4] [white, j7] [black, d2] [white, b8] [black, d6] 
91907 info: MovesPlayed: [white, b8] [black, d6] 
91907 info: No subtree to reuse.
91907 info: StartSearch()[0]
91907 info: 
Elapsed Time   0.311345s
Count          1
GamesPlayed    1
Nodes          1
Knowledge      0 (0.0%)
Expansions     0.0
Time           0.00
GameLen        92.0 dev=0.0 min=92.0 max=92.0
InTree         0.0 dev=0.0 min=0.0 max=0.0
KnowDepth      -
Aborted        0%
Games/s        3690.0
Score          0.00
Sequence      
91907 info: 
91907 warning: **** MoHexSearch returned empty sequence!
91907 warning: **** Returning random move!
91907 info: Winning SC.
91907 info: Winning SC.
91907 info: Winning SC.
91907 info: Winning SC.
91907 info: Winning SC.
91907 info: Winning SC.
91907 info: Winning SC.
91907 info: Winning SC.
91907 info: Winning SC.
91907 info: Winning SC.
91907 info: Winning SC.
91907 info: Winning SC.
91907 config: ============ BenzeneShutdown =============
91907 config: MoHexProgram:: ShutdownSystem()
91907 config: CommonProgram:: ShutdownSystem()
91907 config: BenzeneProgram:: ShutdownSystem()
Flushing and closing this stream...
