0ff57 config: MoHex v2.0.CMake Mar 21 2025.
0ff57 config: ============ InitializeSystem ============
0ff57 config: BenzeneProgram::InitRandom()
0ff57 config: Seed = 568607
0ff57 info: Prior Patterns:
0ff57 info: Global:
0ff57 info: Size            = 565 32648 
0ff57 info: TableEntries    = 65932 65910
0ff57 info: MirrorsAdded    = 0 0
0ff57 info: PrunableCount   = 30593 30629
0ff57 info: LargestGamma    = 5820.77
0ff57 info: SmallestGamma   = 6.6e-05
0ff57 info: Local:
0ff57 info: Size            = 550 5318 
0ff57 info: TableEntries    = 11602 11588
0ff57 info: MirrorsAdded    = 0 0
0ff57 info: PrunableCount   = 3659 3667
0ff57 info: LargestGamma    = 11281.8
0ff57 info: SmallestGamma   = 0.026235
0ff57 info: Playout Patterns:
0ff57 info: Global:
0ff57 info: Size            = 565 32648 
0ff57 info: TableEntries    = 70329 70329
0ff57 info: MirrorsAdded    = 4397 4419
0ff57 info: PrunableCount   = 30593 30629
0ff57 info: LargestGamma    = 5820.77
0ff57 info: SmallestGamma   = 6.6e-05
0ff57 info: Local:
0ff57 info: Size            = 550 5318 
0ff57 info: TableEntries    = 11602 11588
0ff57 info: MirrorsAdded    = 0 0
0ff57 info: PrunableCount   = 3659 3667
0ff57 info: LargestGamma    = 11281.8
0ff57 info: SmallestGamma   = 0.026235
0ff57 config: IcePatternSet: reading from '/home/linus/MoHex2.0/nfbranchfix/benzene-vanilla-cmake/share/ice-patterns.txt'.
0ff57 config: IcePatternSet: parsed 708 patterns.
0ff57 config: VCS: reading captured set patterns from '/home/linus/MoHex2.0/nfbranchfix/benzene-vanilla-cmake/share/vc-captured-set.txt'.
0ff57 config: VCS:: parsed 2 patterns.
0ff57 config: VCS: reading captured set patterns from '/home/linus/MoHex2.0/nfbranchfix/benzene-vanilla-cmake/share/vc-captured-set.txt'.
0ff57 config: VCS:: parsed 2 patterns.
0ff57 config: IcePatternSet: reading from '/home/linus/MoHex2.0/nfbranchfix/benzene-vanilla-cmake/share/ice-patterns.txt'.
0ff57 config: IcePatternSet: parsed 708 patterns.
0ff57 config: VCS: reading captured set patterns from '/home/linus/MoHex2.0/nfbranchfix/benzene-vanilla-cmake/share/vc-captured-set.txt'.
0ff57 config: VCS:: parsed 2 patterns.
0ff57 config: VCS: reading captured set patterns from '/home/linus/MoHex2.0/nfbranchfix/benzene-vanilla-cmake/share/vc-captured-set.txt'.
0ff57 config: VCS:: parsed 2 patterns.
0ff57 config: VCS: reading captured set patterns from '/home/linus/MoHex2.0/nfbranchfix/benzene-vanilla-cmake/share/vc-captured-set.txt'.
0ff57 config: VCS:: parsed 2 patterns.
0ff57 config: VCS: reading captured set patterns from '/home/linus/MoHex2.0/nfbranchfix/benzene-vanilla-cmake/share/vc-captured-set.txt'.
0ff57 config: VCS:: parsed 2 patterns.
0ff57 config: VCS: reading captured set patterns from '/home/linus/MoHex2.0/nfbranchfix/benzene-vanilla-cmake/share/vc-captured-set.txt'.
0ff57 config: VCS:: parsed 2 patterns.
0ff57 config: VCS: reading captured set patterns from '/home/linus/MoHex2.0/nfbranchfix/benzene-vanilla-cmake/share/vc-captured-set.txt'.
0ff57 config: VCS:: parsed 2 patterns.
0ff57 info: SwapCheck: reading from '/home/linus/MoHex2.0/nfbranchfix/benzene-vanilla-cmake/share/swap-moves.txt'.
0ff57 info: SwapCheck: playing swap.
0ff57 config: VCPattern: loading pattern templates from '/home/linus/MoHex2.0/nfbranchfix/benzene-vanilla-cmake/share/vc-patterns.txt'.
0ff57 info: Best move cannot be determined, must search state.
0ff57 info: --- MoHexPlayer::Search() ---
0ff57 info: Color: black
0ff57 info: MaxGames: 1
0ff57 info: NumberThreads: 1
0ff57 info: MaxNodes: 9090 (799920 bytes)
0ff57 info: TimeForMove: 1
0ff57 info: PreSearch: max time reached (42/88).
0ff57 info: Time for PreSearch: 0.204822s
0ff57 info: 
  809e69b3226547e1
  a  b  c  d  e  f  g  h  i  j  k  
 1\.  .  .  .  .  .  .  .  .  .  .\1
  2\.  .  *  *  *  .  .  *  .  *  *\2
   3\.  *  *  *  *  W  *  B  *  *  *\3
    4\*  *  *  *  *  *  *  *  *  *  *\4
     5\*  *  *  *  *  *  *  *  *  *  *\5
      6\*  *  *  *  *  *  *  *  *  *  *\6
       7\*  *  *  *  *  *  *  *  *  *  *\7
        8\*  *  *  *  *  *  *  *  *  *  *\8
         9\*  *  *  *  *  *  *  *  *  *  .\9
         10\*  *  *  *  *  *  *  *  *  .  .\10
          11\.  .  .  .  .  .  .  .  .  .  .\11
              a  b  c  d  e  f  g  h  i  j  k  
0ff57 info: No subtree to reuse.
0ff57 info: Creating thread 0
0ff57 info: StartSearch()[0]
0ff57 config: VCS: reading captured set patterns from '/home/linus/MoHex2.0/nfbranchfix/benzene-vanilla-cmake/share/vc-captured-set.txt'.
0ff57 config: VCS:: parsed 2 patterns.
0ff57 config: VCS: reading captured set patterns from '/home/linus/MoHex2.0/nfbranchfix/benzene-vanilla-cmake/share/vc-captured-set.txt'.
0ff57 config: VCS:: parsed 2 patterns.
0ff57 info: 
Elapsed Time   0.365857s
Count          1
GamesPlayed    1
Nodes          1
Knowledge      0 (0.0%)
Expansions     0.0
Time           0.00
GameLen        119.0 dev=0.0 min=119.0 max=119.0
InTree         0.0 dev=0.0 min=0.0 max=0.0
KnowDepth      -
Aborted        0%
Games/s        293.5
Score          0.00
Sequence      
0ff57 info: 
0ff57 warning: **** MoHexSearch returned empty sequence!
0ff57 warning: **** Returning random move!
0ff57 info: Best move cannot be determined, must search state.
0ff57 info: --- MoHexPlayer::Search() ---
0ff57 info: Color: black
0ff57 info: MaxGames: 1
0ff57 info: NumberThreads: 1
0ff57 info: MaxNodes: 9090 (799920 bytes)
0ff57 info: TimeForMove: 1
0ff57 info: PreSearch: max time reached (54/84).
0ff57 info: Time for PreSearch: 0.202667s
0ff57 info: 
  74d521e934bdbe1f
  a  b  c  d  e  f  g  h  i  j  k  
 1\.  .  .  .  .  .  .  .  .  .  .\1
  2\.  .  *  *  *  .  .  *  .  *  *\2
   3\.  *  *  *  *  W  *  B  *  *  *\3
    4\*  *  *  *  *  *  W  *  *  *  *\4
     5\*  *  *  *  *  *  *  *  *  *  *\5
      6\*  *  *  *  *  *  *  *  *  *  *\6
       7\*  *  *  *  *  *  *  *  *  *  *\7
        8\*  *  *  *  *  *  *  *  *  *  *\8
         9\*  *  *  *  *  *  *  *  *  *  .\9
         10\*  *  *  *  .  B  .  *  *  .  .\10
          11\.  .  .  b  b  b  b  .  .  .  .\11
              a  b  c  d  e  f  g  h  i  j  k  
0ff57 info: Old: [black, h3] [white, swap-pieces] [white, f3] 
0ff57 info: New: [black, h3] [white, swap-pieces] [white, f3] [black, f10] [white, g4] 
0ff57 info: MovesPlayed: [black, f10] [white, g4] 
0ff57 info: No subtree to reuse.
0ff57 info: StartSearch()[0]
0ff57 info: 
Elapsed Time   0.351949s
Count          1
GamesPlayed    1
Nodes          1
Knowledge      0 (0.0%)
Expansions     0.0
Time           0.00
GameLen        113.0 dev=0.0 min=113.0 max=113.0
InTree         0.0 dev=0.0 min=0.0 max=0.0
KnowDepth      -
Aborted        0%
Games/s        2873.6
Score          1.00
Sequence      
0ff57 info: 
0ff57 warning: **** MoHexSearch returned empty sequence!
0ff57 warning: **** Returning random move!
0ff57 info: Best move cannot be determined, must search state.
0ff57 info: --- MoHexPlayer::Search() ---
0ff57 info: Color: black
0ff57 info: MaxGames: 1
0ff57 info: NumberThreads: 1
0ff57 info: MaxNodes: 9090 (799920 bytes)
0ff57 info: TimeForMove: 1
0ff57 info: PreSearch: max time reached (62/79).
0ff57 info: Time for PreSearch: 0.201083s
0ff57 info: 
  fac717f12eef230b
  a  b  c  d  e  f  g  h  i  j  k  
 1\b  B  .  .  .  .  .  .  .  .  .\1
  2\.  *  *  *  *  .  .  *  .  *  *\2
   3\*  *  *  *  *  W  *  B  *  *  *\3
    4\*  *  *  *  *  *  W  *  *  *  *\4
     5\*  *  *  *  *  *  *  *  *  *  .\5
      6\*  *  *  *  *  *  *  *  *  *  w\6
       7\*  *  *  *  *  *  *  *  *  .  w\7
        8\*  *  *  *  *  *  *  *  *  W  w\8
         9\*  *  *  *  *  *  *  .  .  .  w\9
         10\*  *  *  .  .  B  .  .  .  .  w\10
          11\.  .  .  b  b  b  b  .  .  .  w\11
              a  b  c  d  e  f  g  h  i  j  k  
0ff57 info: Old: [black, h3] [white, swap-pieces] [white, f3] [black, f10] [white, g4] 
0ff57 info: New: [black, h3] [white, swap-pieces] [white, f3] [black, f10] [white, g4] [black, b1] [white, j8] 
0ff57 info: MovesPlayed: [black, b1] [white, j8] 
0ff57 info: No subtree to reuse.
0ff57 info: StartSearch()[0]
0ff57 info: 
Elapsed Time   0.363654s
Count          1
GamesPlayed    1
Nodes          1
Knowledge      0 (0.0%)
Expansions     0.0
Time           0.00
GameLen        104.0 dev=0.0 min=104.0 max=104.0
InTree         0.0 dev=0.0 min=0.0 max=0.0
KnowDepth      -
Aborted        0%
Games/s        3355.7
Score          0.00
Sequence      
0ff57 info: 
0ff57 warning: **** MoHexSearch returned empty sequence!
0ff57 warning: **** Returning random move!
0ff57 info: Best move cannot be determined, must search state.
0ff57 info: --- MoHexPlayer::Search() ---
0ff57 info: Color: black
0ff57 info: MaxGames: 1
0ff57 info: NumberThreads: 1
0ff57 info: MaxNodes: 9090 (799920 bytes)
0ff57 info: TimeForMove: 1
0ff57 info: PreSearch: max time reached (62/73).
0ff57 info: Time for PreSearch: 0.202785s
0ff57 info: 
  d9172b4cad7a0ea3
  a  b  c  d  e  f  g  h  i  j  k  
 1\b  B  b  b  B  .  .  .  .  .  .\1
  2\.  .  .  .  *  .  .  *  .  *  *\2
   3\.  .  *  *  *  W  *  B  *  *  *\3
    4\*  *  *  *  *  *  W  *  *  *  .\4
     5\*  *  *  *  *  *  *  *  *  *  w\5
      6\*  *  *  *  *  *  *  *  *  .  w\6
       7\*  *  *  *  *  *  *  *  *  W  w\7
        8\*  *  *  *  *  *  *  *  *  W  b\8
         9\*  *  *  *  *  *  *  *  *  *  .\9
         10\*  *  *  .  .  B  .  *  *  .  .\10
          11\.  .  .  b  b  b  b  .  .  .  .\11
              a  b  c  d  e  f  g  h  i  j  k  
0ff57 info: Old: [black, h3] [white, swap-pieces] [white, f3] [black, f10] [white, g4] [black, b1] [white, j8] 
0ff57 info: New: [black, h3] [white, swap-pieces] [white, f3] [black, f10] [white, g4] [black, b1] [white, j8] [black, e1] [white, j7] 
0ff57 info: MovesPlayed: [black, e1] [white, j7] 
0ff57 info: No subtree to reuse.
0ff57 info: StartSearch()[0]
0ff57 info: 
Elapsed Time   0.36132s
Count          1
GamesPlayed    1
Nodes          1
Knowledge      0 (0.0%)
Expansions     0.0
Time           0.00
GameLen        102.0 dev=0.0 min=102.0 max=102.0
InTree         0.0 dev=0.0 min=0.0 max=0.0
KnowDepth      -
Aborted        0%
Games/s        3424.7
Score          1.00
Sequence      
0ff57 info: 
0ff57 warning: **** MoHexSearch returned empty sequence!
0ff57 warning: **** Returning random move!
0ff57 info: Best move cannot be determined, must search state.
0ff57 info: --- MoHexPlayer::Search() ---
0ff57 info: Color: black
0ff57 info: MaxGames: 1
0ff57 info: NumberThreads: 1
0ff57 info: MaxNodes: 9090 (799920 bytes)
0ff57 info: TimeForMove: 1
0ff57 info: PreSearch: max time reached (60/72).
0ff57 info: Time for PreSearch: 0.20207s
0ff57 info: 
  4081dd86ba5d81ac
  a  b  c  d  e  f  g  h  i  j  k  
 1\b  B  b  b  B  .  .  .  .  .  .\1
  2\W  .  .  .  *  .  .  *  .  *  *\2
   3\w  *  *  *  *  W  *  B  *  *  *\3
    4\.  *  *  *  *  *  W  *  *  *  .\4
     5\*  *  *  *  *  *  *  *  *  *  w\5
      6\*  *  *  *  *  *  *  *  *  .  w\6
       7\*  *  *  B  *  *  *  *  *  W  w\7
        8\*  *  *  *  *  *  *  *  *  W  b\8
         9\*  *  *  *  *  *  *  *  *  *  .\9
         10\*  *  *  .  .  B  .  *  *  .  .\10
          11\.  .  .  b  b  b  b  .  .  .  .\11
              a  b  c  d  e  f  g  h  i  j  k  
0ff57 info: Old: [black, h3] [white, swap-pieces] [white, f3] [black, f10] [white, g4] [black, b1] [white, j8] [black, e1] [white, j7] 
0ff57 info: New: [black, h3] [white, swap-pieces] [white, f3] [black, f10] [white, g4] [black, b1] [white, j8] [black, e1] [white, j7] [black, d7] [white, a2] 
0ff57 info: MovesPlayed: [black, d7] [white, a2] 
0ff57 info: No subtree to reuse.
0ff57 info: StartSearch()[0]
0ff57 info: 
Elapsed Time   0.351302s
Count          1
GamesPlayed    1
Nodes          1
Knowledge      0 (0.0%)
Expansions     0.0
Time           0.00
GameLen        99.0 dev=0.0 min=99.0 max=99.0
InTree         0.0 dev=0.0 min=0.0 max=0.0
KnowDepth      -
Aborted        0%
Games/s        3333.3
Score          0.00
Sequence      
0ff57 info: 
0ff57 warning: **** MoHexSearch returned empty sequence!
0ff57 warning: **** Returning random move!
0ff57 info: Best move cannot be determined, must search state.
0ff57 info: --- MoHexPlayer::Search() ---
0ff57 info: Color: black
0ff57 info: MaxGames: 1
0ff57 info: NumberThreads: 1
0ff57 info: MaxNodes: 9090 (799920 bytes)
0ff57 info: TimeForMove: 1
0ff57 info: PreSearch: max time reached (67/70).
0ff57 info: Time for PreSearch: 0.200305s
0ff57 info: 
  db4335e0fdbd1c94
  a  b  c  d  e  f  g  h  i  j  k  
 1\b  B  b  b  B  b  b  b  .  .  .\1
  2\W  .  .  .  .  B  .  .  .  .  *\2
   3\w  .  .  *  *  W  *  B  *  *  *\3
    4\.  *  *  *  *  *  W  *  *  *  .\4
     5\*  *  *  *  *  *  *  *  *  *  w\5
      6\*  *  *  *  *  *  *  *  *  .  w\6
       7\*  *  *  B  *  *  *  *  *  W  w\7
        8\*  *  W  *  *  *  *  *  *  W  b\8
         9\*  *  *  *  *  *  *  *  *  .  .\9
         10\*  *  *  .  .  B  .  *  .  .  .\10
          11\.  .  .  b  b  b  b  .  .  .  .\11
              a  b  c  d  e  f  g  h  i  j  k  
0ff57 info: Old: [black, h3] [white, swap-pieces] [white, f3] [black, f10] [white, g4] [black, b1] [white, j8] [black, e1] [white, j7] [black, d7] [white, a2] 
0ff57 info: New: [black, h3] [white, swap-pieces] [white, f3] [black, f10] [white, g4] [black, b1] [white, j8] [black, e1] [white, j7] [black, d7] [white, a2] [black, f2] [white, c8] 
0ff57 info: MovesPlayed: [black, f2] [white, c8] 
0ff57 info: No subtree to reuse.
0ff57 info: StartSearch()[0]
0ff57 info: 
Elapsed Time   0.531423s
Count          1
GamesPlayed    1
Nodes          1
Knowledge      0 (0.0%)
Expansions     0.0
Time           0.00
GameLen        94.0 dev=0.0 min=94.0 max=94.0
InTree         0.0 dev=0.0 min=0.0 max=0.0
KnowDepth      -
Aborted        0%
Games/s        3401.4
Score          0.00
Sequence      
0ff57 info: 
0ff57 warning: **** MoHexSearch returned empty sequence!
0ff57 warning: **** Returning random move!
0ff57 info: Best move cannot be determined, must search state.
0ff57 info: --- MoHexPlayer::Search() ---
0ff57 info: Color: black
0ff57 info: MaxGames: 1
0ff57 info: NumberThreads: 1
0ff57 info: MaxNodes: 9090 (799920 bytes)
0ff57 info: TimeForMove: 1
0ff57 info: Time for PreSearch: 0.182921s
0ff57 info: 
  fb84db3eb41e26af
  a  b  c  d  e  f  g  h  i  j  k  
 1\b  B  b  b  B  b  b  b  b  b  .\1
  2\W  .  .  .  .  B  b  B  b  .  .\2
   3\w  .  .  *  *  W  .  B  .  *  *\3
    4\.  *  *  *  *  *  W  *  *  *  .\4
     5\*  *  *  *  *  *  *  *  *  *  w\5
      6\*  *  *  *  *  *  *  *  *  .  w\6
       7\*  *  *  B  *  *  *  *  *  W  w\7
        8\*  *  W  *  *  *  *  *  *  W  b\8
         9\*  .  W  *  *  *  *  *  *  .  .\9
         10\*  *  .  *  .  B  .  *  .  .  .\10
          11\.  .  .  b  b  b  b  .  .  .  .\11
              a  b  c  d  e  f  g  h  i  j  k  
0ff57 info: Old: [black, h3] [white, swap-pieces] [white, f3] [black, f10] [white, g4] [black, b1] [white, j8] [black, e1] [white, j7] [black, d7] [white, a2] [black, f2] [white, c8] 
0ff57 info: New: [black, h3] [white, swap-pieces] [white, f3] [black, f10] [white, g4] [black, b1] [white, j8] [black, e1] [white, j7] [black, d7] [white, a2] [black, f2] [white, c8] [black, h2] [white, c9] 
0ff57 info: MovesPlayed: [black, h2] [white, c9] 
0ff57 info: No subtree to reuse.
0ff57 info: StartSearch()[0]
0ff57 info: 
Elapsed Time   0.3473s
Count          1
GamesPlayed    1
Nodes          1
Knowledge      0 (0.0%)
Expansions     0.0
Time           0.00
GameLen        88.0 dev=0.0 min=88.0 max=88.0
InTree         0.0 dev=0.0 min=0.0 max=0.0
KnowDepth      -
Aborted        0%
Games/s        2785.5
Score          0.00
Sequence      
0ff57 info: 
0ff57 warning: **** MoHexSearch returned empty sequence!
0ff57 warning: **** Returning random move!
0ff57 info: Best move cannot be determined, must search state.
0ff57 info: --- MoHexPlayer::Search() ---
0ff57 info: Color: black
0ff57 info: MaxGames: 1
0ff57 info: NumberThreads: 1
0ff57 info: MaxNodes: 9090 (799920 bytes)
0ff57 info: TimeForMove: 1
0ff57 info: Time for PreSearch: 0.056272s
0ff57 info: 
  ff9a51049842b0a6
  a  b  c  d  e  f  g  h  i  j  k  
 1\b  B  b  b  B  b  b  b  b  b  .\1
  2\W  .  .  .  .  B  b  B  b  .  .\2
   3\w  .  .  .  .  W  .  B  .  *  .\3
    4\.  .  .  .  *  *  W  .  *  *  .\4
     5\.  .  .  .  .  *  .  .  *  .  w\5
      6\.  *  *  W  *  .  .  .  .  .  w\6
       7\.  .  *  B  .  .  .  .  .  W  w\7
        8\.  .  W  .  .  .  .  .  .  W  b\8
         9\.  .  W  .  .  .  .  .  .  .  .\9
         10\.  *  .  .  .  B  .  .  .  .  .\10
          11\.  .  B  b  b  b  b  .  .  .  .\11
              a  b  c  d  e  f  g  h  i  j  k  
0ff57 info: Old: [black, h3] [white, swap-pieces] [white, f3] [black, f10] [white, g4] [black, b1] [white, j8] [black, e1] [white, j7] [black, d7] [white, a2] [black, f2] [white, c8] [black, h2] [white, c9] 
0ff57 info: New: [black, h3] [white, swap-pieces] [white, f3] [black, f10] [white, g4] [black, b1] [white, j8] [black, e1] [white, j7] [black, d7] [white, a2] [black, f2] [white, c8] [black, h2] [white, c9] [black, c11] [white, d6] 
0ff57 info: MovesPlayed: [black, c11] [white, d6] 
0ff57 info: No subtree to reuse.
0ff57 info: StartSearch()[0]
0ff57 info: 
Elapsed Time   0.214129s
Count          1
GamesPlayed    1
Nodes          1
Knowledge      0 (0.0%)
Expansions     0.0
Time           0.00
GameLen        86.0 dev=0.0 min=86.0 max=86.0
InTree         0.0 dev=0.0 min=0.0 max=0.0
KnowDepth      -
Aborted        0%
Games/s        2298.9
Score          0.00
Sequence      
0ff57 info: 
0ff57 warning: **** MoHexSearch returned empty sequence!
0ff57 warning: **** Returning random move!
0ff57 info: Opponent has won; playing most blocking move.
0ff57 info: Opponent has won; playing most blocking move.
0ff57 info: Opponent has won; playing most blocking move.
0ff57 info: Opponent has won; playing most blocking move.
0ff57 info: Opponent has won; playing most blocking move.
0ff57 info: Opponent has won; playing most blocking move.
0ff57 info: Opponent has won; playing most blocking move.
0ff57 info: Opponent has won; playing most blocking move.
0ff57 info: Captured cells caused win! Removing...
0ff57 info: Opponent has won; playing most blocking move.
0ff57 info: Captured cells caused win! Removing...
0ff57 info: Opponent has won; playing most blocking move.
0ff57 config: ============ BenzeneShutdown =============
0ff57 config: MoHexProgram:: ShutdownSystem()
0ff57 config: CommonProgram:: ShutdownSystem()
0ff57 config: BenzeneProgram:: ShutdownSystem()
Flushing and closing this stream...
