96577 config: MoHex v2.0.CMake Mar 21 2025.
96577 config: ============ InitializeSystem ============
96577 config: BenzeneProgram::InitRandom()
96577 config: Seed = 410596
96577 info: Prior Patterns:
96577 info: Global:
96577 info: Size            = 565 32648 
96577 info: TableEntries    = 65932 65910
96577 info: MirrorsAdded    = 0 0
96577 info: PrunableCount   = 30593 30629
96577 info: LargestGamma    = 5820.77
96577 info: SmallestGamma   = 6.6e-05
96577 info: Local:
96577 info: Size            = 550 5318 
96577 info: TableEntries    = 11602 11588
96577 info: MirrorsAdded    = 0 0
96577 info: PrunableCount   = 3659 3667
96577 info: LargestGamma    = 11281.8
96577 info: SmallestGamma   = 0.026235
96577 info: Playout Patterns:
96577 info: Global:
96577 info: Size            = 565 32648 
96577 info: TableEntries    = 70329 70329
96577 info: MirrorsAdded    = 4397 4419
96577 info: PrunableCount   = 30593 30629
96577 info: LargestGamma    = 5820.77
96577 info: SmallestGamma   = 6.6e-05
96577 info: Local:
96577 info: Size            = 550 5318 
96577 info: TableEntries    = 11602 11588
96577 info: MirrorsAdded    = 0 0
96577 info: PrunableCount   = 3659 3667
96577 info: LargestGamma    = 11281.8
96577 info: SmallestGamma   = 0.026235
96577 config: IcePatternSet: reading from '/home/linus/MoHex2.0/nfbranchfix/benzene-vanilla-cmake/share/ice-patterns.txt'.
96577 config: IcePatternSet: parsed 708 patterns.
96577 config: VCS: reading captured set patterns from '/home/linus/MoHex2.0/nfbranchfix/benzene-vanilla-cmake/share/vc-captured-set.txt'.
96577 config: VCS:: parsed 2 patterns.
96577 config: VCS: reading captured set patterns from '/home/linus/MoHex2.0/nfbranchfix/benzene-vanilla-cmake/share/vc-captured-set.txt'.
96577 config: VCS:: parsed 2 patterns.
96577 config: IcePatternSet: reading from '/home/linus/MoHex2.0/nfbranchfix/benzene-vanilla-cmake/share/ice-patterns.txt'.
96577 config: IcePatternSet: parsed 708 patterns.
96577 config: VCS: reading captured set patterns from '/home/linus/MoHex2.0/nfbranchfix/benzene-vanilla-cmake/share/vc-captured-set.txt'.
96577 config: VCS:: parsed 2 patterns.
96577 config: VCS: reading captured set patterns from '/home/linus/MoHex2.0/nfbranchfix/benzene-vanilla-cmake/share/vc-captured-set.txt'.
96577 config: VCS:: parsed 2 patterns.
96577 config: VCS: reading captured set patterns from '/home/linus/MoHex2.0/nfbranchfix/benzene-vanilla-cmake/share/vc-captured-set.txt'.
96577 config: VCS:: parsed 2 patterns.
96577 config: VCS: reading captured set patterns from '/home/linus/MoHex2.0/nfbranchfix/benzene-vanilla-cmake/share/vc-captured-set.txt'.
96577 config: VCS:: parsed 2 patterns.
96577 config: VCS: reading captured set patterns from '/home/linus/MoHex2.0/nfbranchfix/benzene-vanilla-cmake/share/vc-captured-set.txt'.
96577 config: VCS:: parsed 2 patterns.
96577 config: VCS: reading captured set patterns from '/home/linus/MoHex2.0/nfbranchfix/benzene-vanilla-cmake/share/vc-captured-set.txt'.
96577 config: VCS:: parsed 2 patterns.
96577 info: SwapCheck: reading from '/home/linus/MoHex2.0/nfbranchfix/benzene-vanilla-cmake/share/swap-moves.txt'.
96577 info: SwapCheck: playing swap.
96577 config: VCPattern: loading pattern templates from '/home/linus/MoHex2.0/nfbranchfix/benzene-vanilla-cmake/share/vc-patterns.txt'.
96577 info: Best move cannot be determined, must search state.
96577 info: --- MoHexPlayer::Search() ---
96577 info: Color: black
96577 info: MaxGames: 1
96577 info: NumberThreads: 1
96577 info: MaxNodes: 9090 (799920 bytes)
96577 info: TimeForMove: 1
96577 info: PreSearch: max time reached (55/90).
96577 info: Time for PreSearch: 0.2016s
96577 info: 
  21147133c8fde502
  a  b  c  d  e  f  g  h  i  j  k  
 1\.  .  .  .  .  .  .  .  .  .  B\1
  2\.  .  *  *  *  *  *  *  *  *  *\2
   3\.  *  *  *  *  *  *  *  *  *  *\3
    4\*  *  *  *  *  *  *  *  *  *  *\4
     5\*  *  *  *  *  *  *  *  *  *  *\5
      6\*  *  *  *  *  *  *  *  *  *  *\6
       7\*  *  *  *  *  *  *  *  *  *  *\7
        8\.  *  *  *  *  *  *  *  *  *  *\8
         9\W  *  *  *  *  *  *  *  *  *  .\9
         10\.  *  *  *  *  *  *  *  *  .  .\10
          11\.  .  .  .  .  .  .  .  .  .  .\11
              a  b  c  d  e  f  g  h  i  j  k  
96577 info: No subtree to reuse.
96577 info: Creating thread 0
96577 info: StartSearch()[0]
96577 config: VCS: reading captured set patterns from '/home/linus/MoHex2.0/nfbranchfix/benzene-vanilla-cmake/share/vc-captured-set.txt'.
96577 config: VCS:: parsed 2 patterns.
96577 config: VCS: reading captured set patterns from '/home/linus/MoHex2.0/nfbranchfix/benzene-vanilla-cmake/share/vc-captured-set.txt'.
96577 config: VCS:: parsed 2 patterns.
96577 info: 
Elapsed Time   0.344784s
Count          1
GamesPlayed    1
Nodes          1
Knowledge      0 (0.0%)
Expansions     0.0
Time           0.00
GameLen        119.0 dev=0.0 min=119.0 max=119.0
InTree         0.0 dev=0.0 min=0.0 max=0.0
KnowDepth      -
Aborted        0%
Games/s        415.3
Score          0.00
Sequence      
96577 info: 
96577 warning: **** MoHexSearch returned empty sequence!
96577 warning: **** Returning random move!
96577 info: Best move cannot be determined, must search state.
96577 info: --- MoHexPlayer::Search() ---
96577 info: Color: black
96577 info: MaxGames: 1
96577 info: NumberThreads: 1
96577 info: MaxNodes: 9090 (799920 bytes)
96577 info: TimeForMove: 1
96577 info: PreSearch: max time reached (46/83).
96577 info: Time for PreSearch: 0.200945s
96577 info: 
  4e74c7b5053252e8
  a  b  c  d  e  f  g  h  i  j  k  
 1\.  .  .  .  .  .  .  .  .  .  B\1
  2\.  .  *  *  *  *  *  *  *  *  *\2
   3\.  *  *  *  *  *  *  *  *  *  *\3
    4\*  *  *  *  *  *  *  *  *  *  *\4
     5\.  *  *  *  *  *  *  *  *  *  *\5
      6\w  .  *  *  *  *  *  *  *  *  *\6
       7\w  W  *  *  *  *  *  *  *  *  *\7
        8\w  .  *  B  *  *  *  *  *  *  *\8
         9\W  *  *  *  *  *  *  *  *  *  .\9
         10\.  *  *  *  *  *  *  *  *  .  .\10
          11\.  .  .  .  .  .  .  .  .  .  .\11
              a  b  c  d  e  f  g  h  i  j  k  
96577 info: Old: [black, k1] [white, swap-pieces] [white, a9] 
96577 info: New: [black, k1] [white, swap-pieces] [white, a9] [black, d8] [white, b7] 
96577 info: MovesPlayed: [black, d8] [white, b7] 
96577 info: No subtree to reuse.
96577 info: StartSearch()[0]
96577 info: 
Elapsed Time   0.35371s
Count          1
GamesPlayed    1
Nodes          1
Knowledge      0 (0.0%)
Expansions     0.0
Time           0.00
GameLen        114.0 dev=0.0 min=114.0 max=114.0
InTree         0.0 dev=0.0 min=0.0 max=0.0
KnowDepth      -
Aborted        0%
Games/s        3496.5
Score          1.00
Sequence      
96577 info: 
96577 warning: **** MoHexSearch returned empty sequence!
96577 warning: **** Returning random move!
96577 info: Best move cannot be determined, must search state.
96577 info: --- MoHexPlayer::Search() ---
96577 info: Color: black
96577 info: MaxGames: 1
96577 info: NumberThreads: 1
96577 info: MaxNodes: 9090 (799920 bytes)
96577 info: TimeForMove: 1
96577 info: PreSearch: max time reached (40/81).
96577 info: Time for PreSearch: 0.202805s
96577 info: 
  4f1add0e701da5df
  a  b  c  d  e  f  g  h  i  j  k  
 1\.  .  .  .  .  .  .  .  .  .  B\1
  2\.  .  *  *  *  W  *  *  *  *  *\2
   3\.  *  *  *  *  *  *  *  *  *  *\3
    4\*  *  *  *  *  *  *  *  *  *  *\4
     5\.  *  *  *  *  *  *  B  *  *  *\5
      6\w  .  *  *  *  *  *  *  *  *  *\6
       7\w  W  *  *  *  *  *  *  *  *  *\7
        8\w  .  *  B  *  *  *  *  *  *  *\8
         9\W  *  *  *  *  *  *  *  *  *  .\9
         10\.  *  *  *  *  *  *  *  *  .  .\10
          11\.  .  .  .  .  .  .  .  .  .  .\11
              a  b  c  d  e  f  g  h  i  j  k  
96577 info: Old: [black, k1] [white, swap-pieces] [white, a9] [black, d8] [white, b7] 
96577 info: New: [black, k1] [white, swap-pieces] [white, a9] [black, d8] [white, b7] [black, h5] [white, f2] 
96577 info: MovesPlayed: [black, h5] [white, f2] 
96577 info: No subtree to reuse.
96577 info: StartSearch()[0]
96577 info: 
Elapsed Time   0.34343s
Count          1
GamesPlayed    1
Nodes          1
Knowledge      0 (0.0%)
Expansions     0.0
Time           0.00
GameLen        112.0 dev=0.0 min=112.0 max=112.0
InTree         0.0 dev=0.0 min=0.0 max=0.0
KnowDepth      -
Aborted        0%
Games/s        3533.6
Score          0.00
Sequence      
96577 info: 
96577 warning: **** MoHexSearch returned empty sequence!
96577 warning: **** Returning random move!
96577 info: Best move cannot be determined, must search state.
96577 info: --- MoHexPlayer::Search() ---
96577 info: Color: black
96577 info: MaxGames: 1
96577 info: NumberThreads: 1
96577 info: MaxNodes: 9090 (799920 bytes)
96577 info: TimeForMove: 1
96577 info: PreSearch: max time reached (45/81).
96577 info: Time for PreSearch: 0.202678s
96577 info: 
  ee14aa55c960aee8
  a  b  c  d  e  f  g  h  i  j  k  
 1\.  .  .  .  .  .  .  .  .  .  B\1
  2\*  .  *  *  *  W  *  *  *  *  *\2
   3\B  *  *  *  *  *  *  *  *  *  *\3
    4\*  *  *  *  *  *  *  *  *  *  *\4
     5\.  *  *  *  *  *  *  B  *  *  *\5
      6\w  .  *  *  *  *  *  *  *  *  *\6
       7\w  W  *  *  *  *  *  *  *  *  *\7
        8\w  .  *  B  *  *  *  W  *  *  *\8
         9\W  *  *  *  *  *  *  *  *  *  .\9
         10\.  *  *  *  *  *  *  *  *  .  .\10
          11\.  .  .  .  .  .  .  .  .  .  .\11
              a  b  c  d  e  f  g  h  i  j  k  
96577 info: Old: [black, k1] [white, swap-pieces] [white, a9] [black, d8] [white, b7] [black, h5] [white, f2] 
96577 info: New: [black, k1] [white, swap-pieces] [white, a9] [black, d8] [white, b7] [black, h5] [white, f2] [black, a3] [white, h8] 
96577 info: MovesPlayed: [black, a3] [white, h8] 
96577 info: No subtree to reuse.
96577 info: StartSearch()[0]
96577 info: 
Elapsed Time   0.37455s
Count          1
GamesPlayed    1
Nodes          1
Knowledge      0 (0.0%)
Expansions     0.0
Time           0.00
GameLen        110.0 dev=0.0 min=110.0 max=110.0
InTree         0.0 dev=0.0 min=0.0 max=0.0
KnowDepth      -
Aborted        0%
Games/s        2832.9
Score          0.00
Sequence      
96577 info: 
96577 warning: **** MoHexSearch returned empty sequence!
96577 warning: **** Returning random move!
96577 info: Best move cannot be determined, must search state.
96577 info: --- MoHexPlayer::Search() ---
96577 info: Color: black
96577 info: MaxGames: 1
96577 info: NumberThreads: 1
96577 info: MaxNodes: 9090 (799920 bytes)
96577 info: TimeForMove: 1
96577 info: PreSearch: max time reached (71/75).
96577 info: Time for PreSearch: 0.20249s
96577 info: 
  9742e1edf7540278
  a  b  c  d  e  f  g  h  i  j  k  
 1\.  .  .  .  .  .  b  b  b  b  B\1
  2\.  .  .  *  *  W  .  B  .  .  .\2
   3\B  *  *  *  *  *  *  *  *  *  *\3
    4\*  *  *  *  *  *  *  *  *  *  *\4
     5\.  *  *  *  *  *  *  B  *  *  *\5
      6\w  .  *  *  *  *  *  *  *  *  *\6
       7\w  W  *  *  *  *  *  *  *  *  *\7
        8\w  .  *  B  *  *  *  W  *  *  *\8
         9\W  *  *  *  *  *  *  *  *  *  .\9
         10\.  *  *  W  *  *  *  *  *  .  .\10
          11\.  .  .  .  .  .  .  .  .  .  .\11
              a  b  c  d  e  f  g  h  i  j  k  
96577 info: Old: [black, k1] [white, swap-pieces] [white, a9] [black, d8] [white, b7] [black, h5] [white, f2] [black, a3] [white, h8] 
96577 info: New: [black, k1] [white, swap-pieces] [white, a9] [black, d8] [white, b7] [black, h5] [white, f2] [black, a3] [white, h8] [black, h2] [white, d10] 
96577 info: MovesPlayed: [black, h2] [white, d10] 
96577 info: No subtree to reuse.
96577 info: StartSearch()[0]
96577 info: 
Elapsed Time   0.341874s
Count          1
GamesPlayed    1
Nodes          1
Knowledge      0 (0.0%)
Expansions     0.0
Time           0.00
GameLen        104.0 dev=0.0 min=104.0 max=104.0
InTree         0.0 dev=0.0 min=0.0 max=0.0
KnowDepth      -
Aborted        0%
Games/s        3533.6
Score          1.00
Sequence      
96577 info: 
96577 warning: **** MoHexSearch returned empty sequence!
96577 warning: **** Returning random move!
96577 info: Best move cannot be determined, must search state.
96577 info: --- MoHexPlayer::Search() ---
96577 info: Color: black
96577 info: MaxGames: 1
96577 info: NumberThreads: 1
96577 info: MaxNodes: 9090 (799920 bytes)
96577 info: TimeForMove: 1
96577 info: Time for PreSearch: 0.191618s
96577 info: 
  943a902b3d89ef1e
  a  b  c  d  e  f  g  h  i  j  k  
 1\.  .  .  .  b  b  b  b  b  b  B\1
  2\.  .  *  W  *  W  .  B  .  .  .\2
   3\B  .  *  *  *  *  *  *  *  *  *\3
    4\.  *  *  *  *  *  *  *  *  *  *\4
     5\w  .  B  *  *  *  *  B  *  *  *\5
      6\w  w  *  *  *  *  *  *  *  *  *\6
       7\w  W  *  *  *  *  *  *  *  *  *\7
        8\w  .  *  B  *  *  *  W  *  *  *\8
         9\W  *  *  *  *  *  *  *  *  *  .\9
         10\.  *  *  W  *  *  *  *  *  .  .\10
          11\.  .  .  .  .  .  .  .  .  .  .\11
              a  b  c  d  e  f  g  h  i  j  k  
96577 info: Old: [black, k1] [white, swap-pieces] [white, a9] [black, d8] [white, b7] [black, h5] [white, f2] [black, a3] [white, h8] [black, h2] [white, d10] 
96577 info: New: [black, k1] [white, swap-pieces] [white, a9] [black, d8] [white, b7] [black, h5] [white, f2] [black, a3] [white, h8] [black, h2] [white, d10] [black, c5] [white, d2] 
96577 info: MovesPlayed: [black, c5] [white, d2] 
96577 info: No subtree to reuse.
96577 info: StartSearch()[0]
96577 info: 
Elapsed Time   0.402979s
Count          1
GamesPlayed    1
Nodes          1
Knowledge      0 (0.0%)
Expansions     0.0
Time           0.00
GameLen        98.0 dev=0.0 min=98.0 max=98.0
InTree         0.0 dev=0.0 min=0.0 max=0.0
KnowDepth      -
Aborted        0%
Games/s        3413.0
Score          1.00
Sequence      
96577 info: 
96577 warning: **** MoHexSearch returned empty sequence!
96577 warning: **** Returning random move!
96577 info: Best move cannot be determined, must search state.
96577 info: --- MoHexPlayer::Search() ---
96577 info: Color: black
96577 info: MaxGames: 1
96577 info: NumberThreads: 1
96577 info: MaxNodes: 9090 (799920 bytes)
96577 info: TimeForMove: 1
96577 info: Time for PreSearch: 0.182307s
96577 info: 
  22c02d9b4757eb38
  a  b  c  d  e  f  g  h  i  j  k  
 1\.  .  .  .  b  b  b  b  b  b  B\1
  2\.  .  *  W  *  W  .  B  .  .  .\2
   3\B  .  *  *  *  *  W  *  *  *  *\3
    4\.  *  *  *  *  *  *  *  *  *  *\4
     5\w  .  B  *  *  *  *  B  *  *  *\5
      6\w  w  *  *  *  *  *  *  *  *  *\6
       7\w  W  .  .  *  *  *  *  *  *  *\7
        8\w  b  B  B  *  *  *  W  *  *  *\8
         9\W  .  .  *  *  *  *  *  *  *  .\9
         10\w  *  .  W  *  *  *  *  *  .  .\10
          11\.  .  .  .  .  .  .  .  .  .  .\11
              a  b  c  d  e  f  g  h  i  j  k  
96577 info: Old: [black, k1] [white, swap-pieces] [white, a9] [black, d8] [white, b7] [black, h5] [white, f2] [black, a3] [white, h8] [black, h2] [white, d10] [black, c5] [white, d2] 
96577 info: New: [black, k1] [white, swap-pieces] [white, a9] [black, d8] [white, b7] [black, h5] [white, f2] [black, a3] [white, h8] [black, h2] [white, d10] [black, c5] [white, d2] [black, c8] [white, g3] 
96577 info: MovesPlayed: [black, c8] [white, g3] 
96577 info: No subtree to reuse.
96577 info: StartSearch()[0]
96577 info: 
Elapsed Time   0.326309s
Count          1
GamesPlayed    1
Nodes          1
Knowledge      0 (0.0%)
Expansions     0.0
Time           0.00
GameLen        94.0 dev=0.0 min=94.0 max=94.0
InTree         0.0 dev=0.0 min=0.0 max=0.0
KnowDepth      -
Aborted        0%
Games/s        3378.4
Score          1.00
Sequence      
96577 info: 
96577 warning: **** MoHexSearch returned empty sequence!
96577 warning: **** Returning random move!
96577 info: Best move cannot be determined, must search state.
96577 info: --- MoHexPlayer::Search() ---
96577 info: Color: black
96577 info: MaxGames: 1
96577 info: NumberThreads: 1
96577 info: MaxNodes: 9090 (799920 bytes)
96577 info: TimeForMove: 1
96577 info: Time for PreSearch: 0.164162s
96577 info: 
  e52beb1b45df2fd3
  a  b  c  d  e  f  g  h  i  j  k  
 1\.  .  .  .  b  b  b  b  b  b  B\1
  2\.  .  *  W  *  W  .  B  W  .  .\2
   3\B  .  *  *  *  *  W  *  *  *  *\3
    4\.  *  *  *  *  *  *  *  *  *  *\4
     5\w  .  B  *  *  *  *  B  *  *  *\5
      6\w  w  *  *  *  *  *  *  *  *  *\6
       7\w  W  .  .  *  *  *  *  *  *  *\7
        8\w  b  B  B  *  *  *  W  *  *  B\8
         9\W  .  .  *  *  *  *  *  *  .  .\9
         10\w  *  .  W  *  *  *  *  *  .  .\10
          11\.  .  .  .  .  .  .  .  .  .  .\11
              a  b  c  d  e  f  g  h  i  j  k  
96577 info: Old: [black, k1] [white, swap-pieces] [white, a9] [black, d8] [white, b7] [black, h5] [white, f2] [black, a3] [white, h8] [black, h2] [white, d10] [black, c5] [white, d2] [black, c8] [white, g3] 
96577 info: New: [black, k1] [white, swap-pieces] [white, a9] [black, d8] [white, b7] [black, h5] [white, f2] [black, a3] [white, h8] [black, h2] [white, d10] [black, c5] [white, d2] [black, c8] [white, g3] [black, k8] [white, i2] 
96577 info: MovesPlayed: [black, k8] [white, i2] 
96577 info: No subtree to reuse.
96577 info: StartSearch()[0]
96577 info: 
Elapsed Time   0.305979s
Count          1
GamesPlayed    1
Nodes          1
Knowledge      0 (0.0%)
Expansions     0.0
Time           0.00
GameLen        92.0 dev=0.0 min=92.0 max=92.0
InTree         0.0 dev=0.0 min=0.0 max=0.0
KnowDepth      -
Aborted        0%
Games/s        3460.2
Score          1.00
Sequence      
96577 info: 
96577 warning: **** MoHexSearch returned empty sequence!
96577 warning: **** Returning random move!
96577 info: Best move cannot be determined, must search state.
96577 info: --- MoHexPlayer::Search() ---
96577 info: Color: black
96577 info: MaxGames: 1
96577 info: NumberThreads: 1
96577 info: MaxNodes: 9090 (799920 bytes)
96577 info: TimeForMove: 1
96577 info: Time for PreSearch: 0.164061s
96577 info: 
  1dd21871f24767dc
  a  b  c  d  e  f  g  h  i  j  k  
 1\w  W  .  .  b  b  b  b  b  b  B\1
  2\w  *  *  W  *  W  .  B  W  .  .\2
   3\B  *  *  *  *  *  W  *  *  *  *\3
    4\.  *  *  *  *  *  *  *  *  *  *\4
     5\w  .  B  *  *  *  *  B  *  *  *\5
      6\w  w  *  *  *  *  *  *  *  *  *\6
       7\w  W  .  .  *  *  *  *  *  *  *\7
        8\w  b  B  B  *  *  *  W  *  *  B\8
         9\W  .  .  *  *  *  *  B  .  .  .\9
         10\w  *  .  W  *  *  .  .  *  .  .\10
          11\.  .  .  .  .  .  .  .  .  .  .\11
              a  b  c  d  e  f  g  h  i  j  k  
96577 info: Old: [black, k1] [white, swap-pieces] [white, a9] [black, d8] [white, b7] [black, h5] [white, f2] [black, a3] [white, h8] [black, h2] [white, d10] [black, c5] [white, d2] [black, c8] [white, g3] [black, k8] [white, i2] 
96577 info: New: [black, k1] [white, swap-pieces] [white, a9] [black, d8] [white, b7] [black, h5] [white, f2] [black, a3] [white, h8] [black, h2] [white, d10] [black, c5] [white, d2] [black, c8] [white, g3] [black, k8] [white, i2] [black, h9] [white, b1] 
96577 info: MovesPlayed: [black, h9] [white, b1] 
96577 info: No subtree to reuse.
96577 info: StartSearch()[0]
96577 info: 
Elapsed Time   0.305459s
Count          1
GamesPlayed    1
Nodes          1
Knowledge      0 (0.0%)
Expansions     0.0
Time           0.00
GameLen        88.0 dev=0.0 min=88.0 max=88.0
InTree         0.0 dev=0.0 min=0.0 max=0.0
KnowDepth      -
Aborted        0%
Games/s        3690.0
Score          0.00
Sequence      
96577 info: 
96577 warning: **** MoHexSearch returned empty sequence!
96577 warning: **** Returning random move!
96577 info: Best move cannot be determined, must search state.
96577 info: --- MoHexPlayer::Search() ---
96577 info: Color: black
96577 info: MaxGames: 1
96577 info: NumberThreads: 1
96577 info: MaxNodes: 9090 (799920 bytes)
96577 info: TimeForMove: 1
96577 info: Time for PreSearch: 0.127159s
96577 info: 
  326a1a6696031118
  a  b  c  d  e  f  g  h  i  j  k  
 1\w  W  .  .  b  b  b  b  b  b  B\1
  2\w  *  *  W  *  W  .  B  W  b  b\2
   3\B  *  *  *  *  *  W  *  .  B  .\3
    4\.  *  *  .  *  *  *  .  .  *  *\4
     5\w  .  B  *  *  *  *  B  *  *  *\5
      6\w  w  w  W  *  *  *  *  *  *  *\6
       7\w  W  w  .  *  *  *  *  *  *  *\7
        8\w  b  B  B  *  *  *  W  *  *  B\8
         9\W  .  .  *  *  *  *  B  .  .  .\9
         10\w  *  .  W  *  *  .  .  *  .  .\10
          11\.  .  .  .  .  .  .  .  .  .  .\11
              a  b  c  d  e  f  g  h  i  j  k  
96577 info: Old: [black, k1] [white, swap-pieces] [white, a9] [black, d8] [white, b7] [black, h5] [white, f2] [black, a3] [white, h8] [black, h2] [white, d10] [black, c5] [white, d2] [black, c8] [white, g3] [black, k8] [white, i2] [black, h9] [white, b1] 
96577 info: New: [black, k1] [white, swap-pieces] [white, a9] [black, d8] [white, b7] [black, h5] [white, f2] [black, a3] [white, h8] [black, h2] [white, d10] [black, c5] [white, d2] [black, c8] [white, g3] [black, k8] [white, i2] [black, h9] [white, b1] [black, j3] [white, d6] 
96577 info: MovesPlayed: [black, j3] [white, d6] 
96577 info: No subtree to reuse.
96577 info: StartSearch()[0]
96577 info: 
Elapsed Time   0.268646s
Count          1
GamesPlayed    1
Nodes          1
Knowledge      0 (0.0%)
Expansions     0.0
Time           0.00
GameLen        82.0 dev=0.0 min=82.0 max=82.0
InTree         0.0 dev=0.0 min=0.0 max=0.0
KnowDepth      -
Aborted        0%
Games/s        3448.3
Score          1.00
Sequence      
96577 info: 
96577 warning: **** MoHexSearch returned empty sequence!
96577 warning: **** Returning random move!
96577 info: Best move cannot be determined, must search state.
96577 info: --- MoHexPlayer::Search() ---
96577 info: Color: black
96577 info: MaxGames: 1
96577 info: NumberThreads: 1
96577 info: MaxNodes: 9090 (799920 bytes)
96577 info: TimeForMove: 1
96577 info: Time for PreSearch: 0.121173s
96577 info: 
  823ebb073a55e6bb
  a  b  c  d  e  f  g  h  i  j  k  
 1\w  W  .  .  b  b  b  b  b  b  B\1
  2\w  *  *  W  *  W  .  B  W  b  b\2
   3\B  *  *  *  *  *  W  *  .  B  .\3
    4\.  *  *  *  *  .  *  .  .  *  *\4
     5\w  .  B  *  B  *  *  B  *  *  *\5
      6\w  w  w  W  *  *  *  *  *  *  *\6
       7\w  W  w  .  *  *  *  *  *  *  *\7
        8\w  b  B  B  *  *  *  W  *  *  B\8
         9\W  .  .  *  *  *  *  B  .  .  .\9
         10\w  *  .  W  *  *  .  .  *  .  .\10
          11\.  .  .  .  W  .  .  .  .  .  .\11
              a  b  c  d  e  f  g  h  i  j  k  
96577 info: Old: [black, k1] [white, swap-pieces] [white, a9] [black, d8] [white, b7] [black, h5] [white, f2] [black, a3] [white, h8] [black, h2] [white, d10] [black, c5] [white, d2] [black, c8] [white, g3] [black, k8] [white, i2] [black, h9] [white, b1] [black, j3] [white, d6] 
96577 info: New: [black, k1] [white, swap-pieces] [white, a9] [black, d8] [white, b7] [black, h5] [white, f2] [black, a3] [white, h8] [black, h2] [white, d10] [black, c5] [white, d2] [black, c8] [white, g3] [black, k8] [white, i2] [black, h9] [white, b1] [black, j3] [white, d6] [black, e5] [white, e11] 
96577 info: MovesPlayed: [black, e5] [white, e11] 
96577 info: No subtree to reuse.
96577 info: StartSearch()[0]
96577 info: 
Elapsed Time   0.262906s
Count          1
GamesPlayed    1
Nodes          1
Knowledge      0 (0.0%)
Expansions     0.0
Time           0.00
GameLen        80.0 dev=0.0 min=80.0 max=80.0
InTree         0.0 dev=0.0 min=0.0 max=0.0
KnowDepth      -
Aborted        0%
Games/s        3496.5
Score          0.00
Sequence      
96577 info: 
96577 warning: **** MoHexSearch returned empty sequence!
96577 warning: **** Returning random move!
96577 info: Best move cannot be determined, must search state.
96577 info: --- MoHexPlayer::Search() ---
96577 info: Color: black
96577 info: MaxGames: 1
96577 info: NumberThreads: 1
96577 info: MaxNodes: 9090 (799920 bytes)
96577 info: TimeForMove: 1
96577 info: Time for PreSearch: 0.070835s
96577 info: 
  427c8503bbc8336f
  a  b  c  d  e  f  g  h  i  j  k  
 1\w  W  w  w  b  b  b  b  b  b  B\1
  2\w  w  w  W  w  W  b  B  W  b  b\2
   3\B  w  w  w  w  W  W  *  .  B  .\3
    4\w  w  w  w  w  .  *  .  .  *  *\4
     5\w  w  B  w  B  *  *  B  *  *  *\5
      6\w  w  w  W  *  *  *  *  *  *  *\6
       7\w  W  w  .  *  *  *  *  *  *  *\7
        8\w  b  B  B  *  *  *  W  *  *  B\8
         9\W  .  .  *  *  *  *  B  B  .  .\9
         10\w  *  .  W  *  *  *  .  .  .  .\10
          11\.  .  .  .  W  .  .  .  .  .  .\11
              a  b  c  d  e  f  g  h  i  j  k  
96577 info: Old: [black, k1] [white, swap-pieces] [white, a9] [black, d8] [white, b7] [black, h5] [white, f2] [black, a3] [white, h8] [black, h2] [white, d10] [black, c5] [white, d2] [black, c8] [white, g3] [black, k8] [white, i2] [black, h9] [white, b1] [black, j3] [white, d6] [black, e5] [white, e11] 
96577 info: New: [black, k1] [white, swap-pieces] [white, a9] [black, d8] [white, b7] [black, h5] [white, f2] [black, a3] [white, h8] [black, h2] [white, d10] [black, c5] [white, d2] [black, c8] [white, g3] [black, k8] [white, i2] [black, h9] [white, b1] [black, j3] [white, d6] [black, e5] [white, e11] [black, i9] [white, f3] 
96577 info: MovesPlayed: [black, i9] [white, f3] 
96577 info: No subtree to reuse.
96577 info: StartSearch()[0]
96577 info: 
Elapsed Time   0.213215s
Count          1
GamesPlayed    1
Nodes          1
Knowledge      0 (0.0%)
Expansions     0.0
Time           0.00
GameLen        61.0 dev=0.0 min=61.0 max=61.0
InTree         0.0 dev=0.0 min=0.0 max=0.0
KnowDepth      -
Aborted        0%
Games/s        3773.6
Score          1.00
Sequence      
96577 info: 
96577 warning: **** MoHexSearch returned empty sequence!
96577 warning: **** Returning random move!
96577 info: Best move cannot be determined, must search state.
96577 info: --- MoHexPlayer::Search() ---
96577 info: Color: black
96577 info: MaxGames: 1
96577 info: NumberThreads: 1
96577 info: MaxNodes: 9090 (799920 bytes)
96577 info: TimeForMove: 1
96577 info: Time for PreSearch: 0.089167s
96577 info: 
  828ccb89b4801d1c
  a  b  c  d  e  f  g  h  i  j  k  
 1\w  W  w  w  b  b  b  b  b  b  B\1
  2\w  w  w  W  w  W  b  B  W  b  b\2
   3\B  w  w  w  w  W  W  *  .  B  .\3
    4\w  w  w  w  w  .  *  .  .  *  *\4
     5\w  w  B  w  B  *  *  B  *  *  *\5
      6\w  w  w  W  *  *  *  *  *  *  *\6
       7\w  W  w  .  .  B  *  *  *  *  *\7
        8\w  b  B  B  *  *  *  W  *  *  B\8
         9\W  .  .  *  *  *  *  B  B  .  .\9
         10\w  *  .  W  *  *  .  .  W  .  .\10
          11\.  .  .  .  W  .  .  .  .  .  .\11
              a  b  c  d  e  f  g  h  i  j  k  
96577 info: Old: [black, k1] [white, swap-pieces] [white, a9] [black, d8] [white, b7] [black, h5] [white, f2] [black, a3] [white, h8] [black, h2] [white, d10] [black, c5] [white, d2] [black, c8] [white, g3] [black, k8] [white, i2] [black, h9] [white, b1] [black, j3] [white, d6] [black, e5] [white, e11] [black, i9] [white, f3] 
96577 info: New: [black, k1] [white, swap-pieces] [white, a9] [black, d8] [white, b7] [black, h5] [white, f2] [black, a3] [white, h8] [black, h2] [white, d10] [black, c5] [white, d2] [black, c8] [white, g3] [black, k8] [white, i2] [black, h9] [white, b1] [black, j3] [white, d6] [black, e5] [white, e11] [black, i9] [white, f3] [black, f7] [white, i10] 
96577 info: MovesPlayed: [black, f7] [white, i10] 
96577 info: No subtree to reuse.
96577 info: StartSearch()[0]
96577 info: 
Elapsed Time   0.232886s
Count          1
GamesPlayed    1
Nodes          1
Knowledge      0 (0.0%)
Expansions     0.0
Time           0.00
GameLen        59.0 dev=0.0 min=59.0 max=59.0
InTree         0.0 dev=0.0 min=0.0 max=0.0
KnowDepth      -
Aborted        0%
Games/s        4310.3
Score          1.00
Sequence      
96577 info: 
96577 warning: **** MoHexSearch returned empty sequence!
96577 warning: **** Returning random move!
96577 info: Winning SC.
96577 info: Winning SC.
96577 info: Winning SC.
96577 info: Winning SC.
96577 info: Winning SC.
96577 info: Winning SC.
96577 info: Winning SC.
96577 info: Winning SC.
96577 info: Captured cells caused win! Removing...
96577 info: Winning SC.
96577 config: ============ BenzeneShutdown =============
96577 config: MoHexProgram:: ShutdownSystem()
96577 config: CommonProgram:: ShutdownSystem()
96577 config: BenzeneProgram:: ShutdownSystem()
Flushing and closing this stream...
