7bad7 config: MoHex v2.0.CMake Mar 21 2025.
7bad7 config: ============ InitializeSystem ============
7bad7 config: BenzeneProgram::InitRandom()
7bad7 config: Seed = 922408
7bad7 info: Prior Patterns:
7bad7 info: Global:
7bad7 info: Size            = 565 32648 
7bad7 info: TableEntries    = 65932 65910
7bad7 info: MirrorsAdded    = 0 0
7bad7 info: PrunableCount   = 30593 30629
7bad7 info: LargestGamma    = 5820.77
7bad7 info: SmallestGamma   = 6.6e-05
7bad7 info: Local:
7bad7 info: Size            = 550 5318 
7bad7 info: TableEntries    = 11602 11588
7bad7 info: MirrorsAdded    = 0 0
7bad7 info: PrunableCount   = 3659 3667
7bad7 info: LargestGamma    = 11281.8
7bad7 info: SmallestGamma   = 0.026235
7bad7 info: Playout Patterns:
7bad7 info: Global:
7bad7 info: Size            = 565 32648 
7bad7 info: TableEntries    = 70329 70329
7bad7 info: MirrorsAdded    = 4397 4419
7bad7 info: PrunableCount   = 30593 30629
7bad7 info: LargestGamma    = 5820.77
7bad7 info: SmallestGamma   = 6.6e-05
7bad7 info: Local:
7bad7 info: Size            = 550 5318 
7bad7 info: TableEntries    = 11602 11588
7bad7 info: MirrorsAdded    = 0 0
7bad7 info: PrunableCount   = 3659 3667
7bad7 info: LargestGamma    = 11281.8
7bad7 info: SmallestGamma   = 0.026235
7bad7 config: IcePatternSet: reading from '/home/linus/MoHex2.0/nfbranchfix/benzene-vanilla-cmake/share/ice-patterns.txt'.
7bad7 config: IcePatternSet: parsed 708 patterns.
7bad7 config: VCS: reading captured set patterns from '/home/linus/MoHex2.0/nfbranchfix/benzene-vanilla-cmake/share/vc-captured-set.txt'.
7bad7 config: VCS:: parsed 2 patterns.
7bad7 config: VCS: reading captured set patterns from '/home/linus/MoHex2.0/nfbranchfix/benzene-vanilla-cmake/share/vc-captured-set.txt'.
7bad7 config: VCS:: parsed 2 patterns.
7bad7 config: IcePatternSet: reading from '/home/linus/MoHex2.0/nfbranchfix/benzene-vanilla-cmake/share/ice-patterns.txt'.
7bad7 config: IcePatternSet: parsed 708 patterns.
7bad7 config: VCS: reading captured set patterns from '/home/linus/MoHex2.0/nfbranchfix/benzene-vanilla-cmake/share/vc-captured-set.txt'.
7bad7 config: VCS:: parsed 2 patterns.
7bad7 config: VCS: reading captured set patterns from '/home/linus/MoHex2.0/nfbranchfix/benzene-vanilla-cmake/share/vc-captured-set.txt'.
7bad7 config: VCS:: parsed 2 patterns.
7bad7 config: VCS: reading captured set patterns from '/home/linus/MoHex2.0/nfbranchfix/benzene-vanilla-cmake/share/vc-captured-set.txt'.
7bad7 config: VCS:: parsed 2 patterns.
7bad7 config: VCS: reading captured set patterns from '/home/linus/MoHex2.0/nfbranchfix/benzene-vanilla-cmake/share/vc-captured-set.txt'.
7bad7 config: VCS:: parsed 2 patterns.
7bad7 config: VCS: reading captured set patterns from '/home/linus/MoHex2.0/nfbranchfix/benzene-vanilla-cmake/share/vc-captured-set.txt'.
7bad7 config: VCS:: parsed 2 patterns.
7bad7 config: VCS: reading captured set patterns from '/home/linus/MoHex2.0/nfbranchfix/benzene-vanilla-cmake/share/vc-captured-set.txt'.
7bad7 config: VCS:: parsed 2 patterns.
7bad7 config: VCPattern: loading pattern templates from '/home/linus/MoHex2.0/nfbranchfix/benzene-vanilla-cmake/share/vc-patterns.txt'.
7bad7 info: Best move cannot be determined, must search state.
7bad7 info: --- MoHexPlayer::Search() ---
7bad7 info: Color: black
7bad7 info: MaxGames: 1
7bad7 info: NumberThreads: 1
7bad7 info: MaxNodes: 181818181 (15999999928 bytes)
7bad7 info: TimeForMove: 1
7bad7 info: PreSearch: max time reached (52/91).
7bad7 info: Time for PreSearch: 0.203579s
7bad7 info: 
  48b01df5325ee834
  a  b  c  d  e  f  g  h  i  j  k  
 1\.  .  .  .  .  .  .  B  .  .  .\1
  2\.  *  .  .  *  *  *  *  *  *  *\2
   3\.  *  W  *  *  *  *  *  *  *  *\3
    4\*  *  *  *  *  *  *  *  *  *  *\4
     5\*  *  *  *  *  *  *  *  *  *  *\5
      6\*  *  *  *  *  *  *  *  *  *  *\6
       7\*  *  *  *  *  *  *  *  *  *  *\7
        8\*  *  *  *  *  *  *  *  *  *  *\8
         9\*  *  *  *  *  *  *  *  *  *  .\9
         10\*  *  *  *  *  *  *  *  *  .  .\10
          11\.  .  .  .  .  .  .  .  .  .  .\11
              a  b  c  d  e  f  g  h  i  j  k  
7bad7 info: No subtree to reuse.
7bad7 info: Creating thread 0
7bad7 info: StartSearch()[0]
7bad7 config: VCS: reading captured set patterns from '/home/linus/MoHex2.0/nfbranchfix/benzene-vanilla-cmake/share/vc-captured-set.txt'.
7bad7 config: VCS:: parsed 2 patterns.
7bad7 config: VCS: reading captured set patterns from '/home/linus/MoHex2.0/nfbranchfix/benzene-vanilla-cmake/share/vc-captured-set.txt'.
7bad7 config: VCS:: parsed 2 patterns.
7bad7 info: 
Elapsed Time   0.357651s
Count          1
GamesPlayed    1
Nodes          1
Knowledge      0 (0.0%)
Expansions     0.0
Time           0.00
GameLen        119.0 dev=0.0 min=119.0 max=119.0
InTree         0.0 dev=0.0 min=0.0 max=0.0
KnowDepth      -
Aborted        0%
Games/s        407.5
Score          0.00
Sequence      
7bad7 info: 
7bad7 warning: **** MoHexSearch returned empty sequence!
7bad7 warning: **** Returning random move!
7bad7 info: Best move cannot be determined, must search state.
7bad7 info: --- MoHexPlayer::Search() ---
7bad7 info: Color: black
7bad7 info: MaxGames: 1
7bad7 info: NumberThreads: 1
7bad7 info: MaxNodes: 181818181 (15999999928 bytes)
7bad7 info: TimeForMove: 1
7bad7 info: PreSearch: max time reached (57/84).
7bad7 info: Time for PreSearch: 0.203077s
7bad7 info: 
  bae4b48972ea1eeb
  a  b  c  d  e  f  g  h  i  j  k  
 1\.  .  .  .  .  .  .  B  .  .  .\1
  2\.  *  .  .  *  *  *  *  *  *  *\2
   3\.  *  W  *  *  *  *  *  *  *  *\3
    4\*  *  *  *  *  *  *  *  *  *  B\4
     5\*  *  *  *  *  *  *  *  *  *  .\5
      6\*  *  *  *  *  *  *  *  *  *  w\6
       7\*  *  *  *  *  *  *  *  *  W  w\7
        8\*  *  *  *  *  *  *  *  *  .  w\8
         9\*  *  *  *  *  *  *  *  *  *  .\9
         10\*  *  *  *  *  *  *  *  *  .  .\10
          11\.  .  .  .  .  .  .  .  .  .  .\11
              a  b  c  d  e  f  g  h  i  j  k  
7bad7 info: Old: [black, h1] [white, c3] 
7bad7 info: New: [black, h1] [white, c3] [black, k4] [white, j7] 
7bad7 info: MovesPlayed: [black, k4] [white, j7] 
7bad7 info: No subtree to reuse.
7bad7 info: StartSearch()[0]
7bad7 info: 
Elapsed Time   0.349056s
Count          1
GamesPlayed    1
Nodes          1
Knowledge      0 (0.0%)
Expansions     0.0
Time           0.00
GameLen        114.0 dev=0.0 min=114.0 max=114.0
InTree         0.0 dev=0.0 min=0.0 max=0.0
KnowDepth      -
Aborted        0%
Games/s        3154.6
Score          1.00
Sequence      
7bad7 info: 
7bad7 warning: **** MoHexSearch returned empty sequence!
7bad7 warning: **** Returning random move!
7bad7 info: Best move cannot be determined, must search state.
7bad7 info: --- MoHexPlayer::Search() ---
7bad7 info: Color: black
7bad7 info: MaxGames: 1
7bad7 info: NumberThreads: 1
7bad7 info: MaxNodes: 181818181 (15999999928 bytes)
7bad7 info: TimeForMove: 1
7bad7 info: PreSearch: max time reached (52/82).
7bad7 info: Time for PreSearch: 0.20562s
7bad7 info: 
  f305b0fe524dd32e
  a  b  c  d  e  f  g  h  i  j  k  
 1\.  .  .  .  .  .  .  B  .  .  .\1
  2\.  *  .  .  *  *  *  *  *  *  *\2
   3\.  *  W  *  *  *  *  *  *  *  *\3
    4\*  *  *  *  B  *  *  *  *  *  B\4
     5\*  *  *  *  *  *  *  *  *  *  .\5
      6\*  *  *  *  *  *  *  *  *  *  w\6
       7\*  *  *  W  *  *  *  *  *  W  w\7
        8\*  *  *  *  *  *  *  *  *  .  w\8
         9\*  *  *  *  *  *  *  *  *  *  .\9
         10\*  *  *  *  *  *  *  *  *  .  .\10
          11\.  .  .  .  .  .  .  .  .  .  .\11
              a  b  c  d  e  f  g  h  i  j  k  
7bad7 info: Old: [black, h1] [white, c3] [black, k4] [white, j7] 
7bad7 info: New: [black, h1] [white, c3] [black, k4] [white, j7] [black, e4] [white, d7] 
7bad7 info: MovesPlayed: [black, e4] [white, d7] 
7bad7 info: No subtree to reuse.
7bad7 info: StartSearch()[0]
7bad7 info: 
Elapsed Time   0.358437s
Count          1
GamesPlayed    1
Nodes          1
Knowledge      0 (0.0%)
Expansions     0.0
Time           0.00
GameLen        112.0 dev=0.0 min=112.0 max=112.0
InTree         0.0 dev=0.0 min=0.0 max=0.0
KnowDepth      -
Aborted        0%
Games/s        3184.7
Score          1.00
Sequence      
7bad7 info: 
7bad7 warning: **** MoHexSearch returned empty sequence!
7bad7 warning: **** Returning random move!
7bad7 info: Best move cannot be determined, must search state.
7bad7 info: --- MoHexPlayer::Search() ---
7bad7 info: Color: black
7bad7 info: MaxGames: 1
7bad7 info: NumberThreads: 1
7bad7 info: MaxNodes: 181818181 (15999999928 bytes)
7bad7 info: TimeForMove: 1
7bad7 info: PreSearch: max time reached (53/78).
7bad7 info: Time for PreSearch: 0.200789s
7bad7 info: 
  e7b3f76bdfc0149a
  a  b  c  d  e  f  g  h  i  j  k  
 1\.  .  .  .  .  .  .  B  b  b  b\1
  2\.  *  .  .  *  *  *  .  .  B  .\2
   3\.  *  W  *  *  *  *  *  *  *  *\3
    4\*  *  *  *  B  *  *  *  *  *  B\4
     5\*  *  *  *  *  *  *  *  *  *  w\5
      6\*  *  *  *  *  *  *  *  *  W  w\6
       7\*  *  *  W  *  *  *  *  *  W  b\7
        8\*  *  *  *  *  *  *  *  *  *  .\8
         9\*  *  *  *  *  *  *  *  *  *  .\9
         10\*  *  *  *  *  *  *  *  *  .  .\10
          11\.  .  .  .  .  .  .  .  .  .  .\11
              a  b  c  d  e  f  g  h  i  j  k  
7bad7 info: Old: [black, h1] [white, c3] [black, k4] [white, j7] [black, e4] [white, d7] 
7bad7 info: New: [black, h1] [white, c3] [black, k4] [white, j7] [black, e4] [white, d7] [black, j2] [white, j6] 
7bad7 info: MovesPlayed: [black, j2] [white, j6] 
7bad7 info: No subtree to reuse.
7bad7 info: StartSearch()[0]
7bad7 info: 
Elapsed Time   0.348557s
Count          1
GamesPlayed    1
Nodes          1
Knowledge      0 (0.0%)
Expansions     0.0
Time           0.00
GameLen        107.0 dev=0.0 min=107.0 max=107.0
InTree         0.0 dev=0.0 min=0.0 max=0.0
KnowDepth      -
Aborted        0%
Games/s        3125.0
Score          0.00
Sequence      
7bad7 info: 
7bad7 warning: **** MoHexSearch returned empty sequence!
7bad7 warning: **** Returning random move!
7bad7 info: Best move cannot be determined, must search state.
7bad7 info: --- MoHexPlayer::Search() ---
7bad7 info: Color: black
7bad7 info: MaxGames: 1
7bad7 info: NumberThreads: 1
7bad7 info: MaxNodes: 181818181 (15999999928 bytes)
7bad7 info: TimeForMove: 1
7bad7 info: PreSearch: max time reached (63/78).
7bad7 info: Time for PreSearch: 0.20224s
7bad7 info: 
  f0d7db4ebbf33152
  a  b  c  d  e  f  g  h  i  j  k  
 1\.  .  .  .  .  .  .  B  b  b  b\1
  2\.  *  .  .  *  *  .  .  B  B  .\2
   3\.  *  W  *  *  *  *  *  *  *  *\3
    4\*  *  *  *  B  *  *  *  *  *  B\4
     5\*  *  *  *  *  *  *  *  *  *  w\5
      6\*  *  *  *  *  *  *  *  *  W  w\6
       7\*  *  *  W  *  *  *  *  *  W  b\7
        8\*  *  *  *  *  *  *  *  *  *  .\8
         9\*  *  *  *  *  *  *  *  *  *  .\9
         10\*  *  *  *  *  *  *  *  *  .  .\10
          11\.  .  .  W  .  .  .  .  .  .  .\11
              a  b  c  d  e  f  g  h  i  j  k  
7bad7 info: Old: [black, h1] [white, c3] [black, k4] [white, j7] [black, e4] [white, d7] [black, j2] [white, j6] 
7bad7 info: New: [black, h1] [white, c3] [black, k4] [white, j7] [black, e4] [white, d7] [black, j2] [white, j6] [black, i2] [white, d11] 
7bad7 info: MovesPlayed: [black, i2] [white, d11] 
7bad7 info: No subtree to reuse.
7bad7 info: StartSearch()[0]
7bad7 info: 
Elapsed Time   0.354727s
Count          1
GamesPlayed    1
Nodes          1
Knowledge      0 (0.0%)
Expansions     0.0
Time           0.00
GameLen        105.0 dev=0.0 min=105.0 max=105.0
InTree         0.0 dev=0.0 min=0.0 max=0.0
KnowDepth      -
Aborted        0%
Games/s        3344.5
Score          1.00
Sequence      
7bad7 info: 
7bad7 warning: **** MoHexSearch returned empty sequence!
7bad7 warning: **** Returning random move!
7bad7 info: Best move cannot be determined, must search state.
7bad7 info: --- MoHexPlayer::Search() ---
7bad7 info: Color: black
7bad7 info: MaxGames: 1
7bad7 info: NumberThreads: 1
7bad7 info: MaxNodes: 181818181 (15999999928 bytes)
7bad7 info: TimeForMove: 1
7bad7 info: PreSearch: max time reached (67/77).
7bad7 info: Time for PreSearch: 0.202928s
7bad7 info: 
  1bec4cab7d09e149
  a  b  c  d  e  f  g  h  i  j  k  
 1\.  .  .  .  .  .  .  B  b  b  b\1
  2\.  *  .  .  .  *  .  .  B  B  .\2
   3\.  *  W  W  .  .  *  *  *  *  *\3
    4\*  *  *  *  B  *  *  *  *  *  B\4
     5\*  *  *  *  *  *  *  *  *  *  w\5
      6\*  *  *  *  *  *  *  *  *  W  w\6
       7\*  *  *  W  *  *  *  *  *  W  b\7
        8\*  *  *  *  *  *  *  *  *  *  .\8
         9\*  *  *  *  *  *  *  *  *  *  .\9
         10\*  *  *  *  *  *  *  *  *  .  .\10
          11\.  .  .  W  .  B  .  .  .  .  .\11
              a  b  c  d  e  f  g  h  i  j  k  
7bad7 info: Old: [black, h1] [white, c3] [black, k4] [white, j7] [black, e4] [white, d7] [black, j2] [white, j6] [black, i2] [white, d11] 
7bad7 info: New: [black, h1] [white, c3] [black, k4] [white, j7] [black, e4] [white, d7] [black, j2] [white, j6] [black, i2] [white, d11] [black, f11] [white, d3] 
7bad7 info: MovesPlayed: [black, f11] [white, d3] 
7bad7 info: No subtree to reuse.
7bad7 info: StartSearch()[0]
7bad7 info: 
Elapsed Time   0.466059s
Count          1
GamesPlayed    1
Nodes          1
Knowledge      0 (0.0%)
Expansions     0.0
Time           0.00
GameLen        103.0 dev=0.0 min=103.0 max=103.0
InTree         0.0 dev=0.0 min=0.0 max=0.0
KnowDepth      -
Aborted        0%
Games/s        3322.3
Score          0.00
Sequence      
7bad7 info: 
7bad7 warning: **** MoHexSearch returned empty sequence!
7bad7 warning: **** Returning random move!
7bad7 info: Best move cannot be determined, must search state.
7bad7 info: --- MoHexPlayer::Search() ---
7bad7 info: Color: black
7bad7 info: MaxGames: 1
7bad7 info: NumberThreads: 1
7bad7 info: MaxNodes: 181818181 (15999999928 bytes)
7bad7 info: TimeForMove: 1
7bad7 info: PreSearch: max time reached (57/73).
7bad7 info: Time for PreSearch: 0.203431s
7bad7 info: 
  3e9a531d8c90f323
  a  b  c  d  e  f  g  h  i  j  k  
 1\.  .  .  .  .  .  .  B  b  b  b\1
  2\.  *  .  .  .  .  .  .  B  B  .\2
   3\.  *  W  W  .  .  B  .  *  *  *\3
    4\*  *  *  *  B  .  *  *  *  *  B\4
     5\*  *  *  *  *  *  *  *  *  *  w\5
      6\*  *  *  *  *  *  *  *  *  W  w\6
       7\*  *  *  W  *  *  *  *  *  W  b\7
        8\*  *  *  *  *  *  *  *  *  .  W\8
         9\*  *  *  *  *  *  *  *  *  *  .\9
         10\*  *  *  *  *  *  *  *  .  .  .\10
          11\.  .  .  W  .  B  .  .  .  .  .\11
              a  b  c  d  e  f  g  h  i  j  k  
7bad7 info: Old: [black, h1] [white, c3] [black, k4] [white, j7] [black, e4] [white, d7] [black, j2] [white, j6] [black, i2] [white, d11] [black, f11] [white, d3] 
7bad7 info: New: [black, h1] [white, c3] [black, k4] [white, j7] [black, e4] [white, d7] [black, j2] [white, j6] [black, i2] [white, d11] [black, f11] [white, d3] [black, g3] [white, k8] 
7bad7 info: MovesPlayed: [black, g3] [white, k8] 
7bad7 info: No subtree to reuse.
7bad7 info: StartSearch()[0]
7bad7 info: 
Elapsed Time   0.35893s
Count          1
GamesPlayed    1
Nodes          1
Knowledge      0 (0.0%)
Expansions     0.0
Time           0.00
GameLen        101.0 dev=0.0 min=101.0 max=101.0
InTree         0.0 dev=0.0 min=0.0 max=0.0
KnowDepth      -
Aborted        0%
Games/s        3389.8
Score          1.00
Sequence      
7bad7 info: 
7bad7 warning: **** MoHexSearch returned empty sequence!
7bad7 warning: **** Returning random move!
7bad7 info: Best move cannot be determined, must search state.
7bad7 info: --- MoHexPlayer::Search() ---
7bad7 info: Color: black
7bad7 info: MaxGames: 1
7bad7 info: NumberThreads: 1
7bad7 info: MaxNodes: 181818181 (15999999928 bytes)
7bad7 info: TimeForMove: 1
7bad7 info: PreSearch: max time reached (65/71).
7bad7 info: Time for PreSearch: 0.204078s
7bad7 info: 
  1d4617c880e9000d
  a  b  c  d  e  f  g  h  i  j  k  
 1\.  .  .  .  .  .  .  B  b  b  b\1
  2\.  *  .  .  .  .  .  .  B  B  .\2
   3\.  *  W  W  .  .  B  .  *  *  *\3
    4\*  *  *  *  B  .  *  *  *  *  B\4
     5\*  *  *  *  *  *  *  *  *  *  w\5
      6\*  *  *  *  *  *  *  *  *  W  w\6
       7\.  B  *  W  *  *  *  *  *  W  b\7
        8\.  *  *  *  *  *  *  *  *  .  W\8
         9\*  *  *  *  *  *  *  *  *  *  b\9
         10\*  *  *  *  *  *  *  *  .  .  W\10
          11\.  .  .  W  .  B  .  .  .  .  b\11
              a  b  c  d  e  f  g  h  i  j  k  
7bad7 info: Old: [black, h1] [white, c3] [black, k4] [white, j7] [black, e4] [white, d7] [black, j2] [white, j6] [black, i2] [white, d11] [black, f11] [white, d3] [black, g3] [white, k8] 
7bad7 info: New: [black, h1] [white, c3] [black, k4] [white, j7] [black, e4] [white, d7] [black, j2] [white, j6] [black, i2] [white, d11] [black, f11] [white, d3] [black, g3] [white, k8] [black, b7] [white, k10] 
7bad7 info: MovesPlayed: [black, b7] [white, k10] 
7bad7 info: No subtree to reuse.
7bad7 info: StartSearch()[0]
7bad7 info: 
Elapsed Time   0.357177s
Count          1
GamesPlayed    1
Nodes          1
Knowledge      0 (0.0%)
Expansions     0.0
Time           0.00
GameLen        97.0 dev=0.0 min=97.0 max=97.0
InTree         0.0 dev=0.0 min=0.0 max=0.0
KnowDepth      -
Aborted        0%
Games/s        3096.0
Score          1.00
Sequence      
7bad7 info: 
7bad7 warning: **** MoHexSearch returned empty sequence!
7bad7 warning: **** Returning random move!
7bad7 info: Best move cannot be determined, must search state.
7bad7 info: --- MoHexPlayer::Search() ---
7bad7 info: Color: black
7bad7 info: MaxGames: 1
7bad7 info: NumberThreads: 1
7bad7 info: MaxNodes: 181818181 (15999999928 bytes)
7bad7 info: TimeForMove: 1
7bad7 info: PreSearch: max time reached (62/69).
7bad7 info: Time for PreSearch: 0.204446s
7bad7 info: 
  47a47c4a22c2ffbf
  a  b  c  d  e  f  g  h  i  j  k  
 1\.  .  .  .  .  .  .  B  b  b  b\1
  2\.  .  .  .  .  .  .  .  B  B  .\2
   3\B  *  W  W  .  .  B  .  *  *  *\3
    4\*  *  .  *  B  .  *  *  *  *  B\4
     5\.  .  *  *  *  *  *  *  *  *  w\5
      6\W  *  *  *  *  *  *  *  *  W  w\6
       7\b  B  *  W  *  *  *  *  *  W  b\7
        8\.  *  *  *  *  *  *  *  *  .  W\8
         9\*  *  *  *  *  *  *  *  *  *  b\9
         10\*  *  *  *  *  *  *  *  .  .  W\10
          11\.  .  .  W  .  B  .  .  .  .  b\11
              a  b  c  d  e  f  g  h  i  j  k  
7bad7 info: Old: [black, h1] [white, c3] [black, k4] [white, j7] [black, e4] [white, d7] [black, j2] [white, j6] [black, i2] [white, d11] [black, f11] [white, d3] [black, g3] [white, k8] [black, b7] [white, k10] 
7bad7 info: New: [black, h1] [white, c3] [black, k4] [white, j7] [black, e4] [white, d7] [black, j2] [white, j6] [black, i2] [white, d11] [black, f11] [white, d3] [black, g3] [white, k8] [black, b7] [white, k10] [black, a3] [white, a6] 
7bad7 info: MovesPlayed: [black, a3] [white, a6] 
7bad7 info: No subtree to reuse.
7bad7 info: StartSearch()[0]
7bad7 info: 
Elapsed Time   0.563936s
Count          1
GamesPlayed    1
Nodes          1
Knowledge      0 (0.0%)
Expansions     0.0
Time           0.00
GameLen        94.0 dev=0.0 min=94.0 max=94.0
InTree         0.0 dev=0.0 min=0.0 max=0.0
KnowDepth      -
Aborted        0%
Games/s        3105.6
Score          1.00
Sequence      
7bad7 info: 
7bad7 warning: **** MoHexSearch returned empty sequence!
7bad7 warning: **** Returning random move!
7bad7 info: Best move cannot be determined, must search state.
7bad7 info: --- MoHexPlayer::Search() ---
7bad7 info: Color: black
7bad7 info: MaxGames: 1
7bad7 info: NumberThreads: 1
7bad7 info: MaxNodes: 181818181 (15999999928 bytes)
7bad7 info: TimeForMove: 1
7bad7 info: Time for PreSearch: 0.20196s
7bad7 info: 
  75c0633a1fcf0dfb
  a  b  c  d  e  f  g  h  i  j  k  
 1\.  .  .  .  .  .  .  B  b  b  b\1
  2\.  .  .  .  .  .  .  .  B  B  b\2
   3\B  *  W  W  .  .  B  .  .  B  .\3
    4\*  *  .  *  B  .  *  *  *  .  B\4
     5\.  .  *  *  *  *  *  *  *  *  w\5
      6\W  *  *  *  *  *  *  *  *  W  w\6
       7\b  B  *  W  W  *  *  *  *  W  b\7
        8\.  *  *  *  *  *  *  *  *  .  W\8
         9\*  *  *  *  *  *  *  *  *  *  b\9
         10\*  *  *  *  *  *  *  *  .  .  W\10
          11\.  .  .  W  .  B  .  .  .  .  b\11
              a  b  c  d  e  f  g  h  i  j  k  
7bad7 info: Old: [black, h1] [white, c3] [black, k4] [white, j7] [black, e4] [white, d7] [black, j2] [white, j6] [black, i2] [white, d11] [black, f11] [white, d3] [black, g3] [white, k8] [black, b7] [white, k10] [black, a3] [white, a6] 
7bad7 info: New: [black, h1] [white, c3] [black, k4] [white, j7] [black, e4] [white, d7] [black, j2] [white, j6] [black, i2] [white, d11] [black, f11] [white, d3] [black, g3] [white, k8] [black, b7] [white, k10] [black, a3] [white, a6] [black, j3] [white, e7] 
7bad7 info: MovesPlayed: [black, j3] [white, e7] 
7bad7 info: No subtree to reuse.
7bad7 info: StartSearch()[0]
7bad7 info: 
Elapsed Time   0.352822s
Count          1
GamesPlayed    1
Nodes          1
Knowledge      0 (0.0%)
Expansions     0.0
Time           0.00
GameLen        91.0 dev=0.0 min=91.0 max=91.0
InTree         0.0 dev=0.0 min=0.0 max=0.0
KnowDepth      -
Aborted        0%
Games/s        3322.3
Score          1.00
Sequence      
7bad7 info: 
7bad7 warning: **** MoHexSearch returned empty sequence!
7bad7 warning: **** Returning random move!
7bad7 info: Best move cannot be determined, must search state.
7bad7 info: --- MoHexPlayer::Search() ---
7bad7 info: Color: black
7bad7 info: MaxGames: 1
7bad7 info: NumberThreads: 1
7bad7 info: MaxNodes: 181818181 (15999999928 bytes)
7bad7 info: TimeForMove: 1
7bad7 info: Time for PreSearch: 0.191626s
7bad7 info: 
  e5a1c91336ffc566
  a  b  c  d  e  f  g  h  i  j  k  
 1\.  .  .  .  .  .  .  B  b  b  b\1
  2\.  .  .  .  .  .  .  .  B  B  b\2
   3\B  *  W  W  .  .  B  .  .  B  .\3
    4\*  *  .  *  B  .  *  *  *  .  B\4
     5\.  .  *  *  *  *  *  *  *  *  w\5
      6\W  *  *  *  *  *  *  *  *  W  w\6
       7\b  B  *  W  W  *  *  *  .  W  b\7
        8\.  *  *  *  *  *  B  W  *  .  W\8
         9\*  *  *  *  *  *  *  .  .  *  b\9
         10\*  *  *  *  *  *  *  .  .  .  W\10
          11\.  .  .  W  .  B  .  .  .  .  b\11
              a  b  c  d  e  f  g  h  i  j  k  
7bad7 info: Old: [black, h1] [white, c3] [black, k4] [white, j7] [black, e4] [white, d7] [black, j2] [white, j6] [black, i2] [white, d11] [black, f11] [white, d3] [black, g3] [white, k8] [black, b7] [white, k10] [black, a3] [white, a6] [black, j3] [white, e7] 
7bad7 info: New: [black, h1] [white, c3] [black, k4] [white, j7] [black, e4] [white, d7] [black, j2] [white, j6] [black, i2] [white, d11] [black, f11] [white, d3] [black, g3] [white, k8] [black, b7] [white, k10] [black, a3] [white, a6] [black, j3] [white, e7] [black, g8] [white, h8] 
7bad7 info: MovesPlayed: [black, g8] [white, h8] 
7bad7 info: No subtree to reuse.
7bad7 info: StartSearch()[0]
7bad7 info: 
Elapsed Time   0.343261s
Count          1
GamesPlayed    1
Nodes          1
Knowledge      0 (0.0%)
Expansions     0.0
Time           0.00
GameLen        89.0 dev=0.0 min=89.0 max=89.0
InTree         0.0 dev=0.0 min=0.0 max=0.0
KnowDepth      -
Aborted        0%
Games/s        2865.3
Score          1.00
Sequence      
7bad7 info: 
7bad7 warning: **** MoHexSearch returned empty sequence!
7bad7 warning: **** Returning random move!
7bad7 info: Best move cannot be determined, must search state.
7bad7 info: --- MoHexPlayer::Search() ---
7bad7 info: Color: black
7bad7 info: MaxGames: 1
7bad7 info: NumberThreads: 1
7bad7 info: MaxNodes: 181818181 (15999999928 bytes)
7bad7 info: TimeForMove: 1
7bad7 info: Time for PreSearch: 0.177506s
7bad7 info: 
  3fce5bf7ef1a2706
  a  b  c  d  e  f  g  h  i  j  k  
 1\.  .  .  .  .  .  .  B  b  b  b\1
  2\.  .  .  .  .  *  W  .  B  B  b\2
   3\B  *  W  W  *  *  B  .  .  B  B\3
    4\*  *  .  *  B  *  *  .  .  .  B\4
     5\.  .  *  *  *  *  *  *  *  .  w\5
      6\W  *  *  *  *  *  *  *  *  W  w\6
       7\b  B  *  W  W  *  *  *  .  W  b\7
        8\.  *  *  *  *  *  B  W  *  .  W\8
         9\*  *  *  *  *  *  *  .  .  *  b\9
         10\*  *  *  *  *  *  *  .  .  .  W\10
          11\.  .  .  W  .  B  .  .  .  .  b\11
              a  b  c  d  e  f  g  h  i  j  k  
7bad7 info: Old: [black, h1] [white, c3] [black, k4] [white, j7] [black, e4] [white, d7] [black, j2] [white, j6] [black, i2] [white, d11] [black, f11] [white, d3] [black, g3] [white, k8] [black, b7] [white, k10] [black, a3] [white, a6] [black, j3] [white, e7] [black, g8] [white, h8] 
7bad7 info: New: [black, h1] [white, c3] [black, k4] [white, j7] [black, e4] [white, d7] [black, j2] [white, j6] [black, i2] [white, d11] [black, f11] [white, d3] [black, g3] [white, k8] [black, b7] [white, k10] [black, a3] [white, a6] [black, j3] [white, e7] [black, g8] [white, h8] [black, k3] [white, g2] 
7bad7 info: MovesPlayed: [black, k3] [white, g2] 
7bad7 info: No subtree to reuse.
7bad7 info: StartSearch()[0]
7bad7 info: 
Elapsed Time   0.521581s
Count          1
GamesPlayed    1
Nodes          1
Knowledge      0 (0.0%)
Expansions     0.0
Time           0.00
GameLen        87.0 dev=0.0 min=87.0 max=87.0
InTree         0.0 dev=0.0 min=0.0 max=0.0
KnowDepth      -
Aborted        0%
Games/s        2832.9
Score          0.00
Sequence      
7bad7 info: 
7bad7 warning: **** MoHexSearch returned empty sequence!
7bad7 warning: **** Returning random move!
7bad7 info: Winning SC.
7bad7 info: Winning SC.
7bad7 info: Winning SC.
7bad7 info: Winning SC.
7bad7 info: Winning SC.
7bad7 info: Winning SC.
7bad7 info: Winning SC.
7bad7 info: Captured cells caused win! Removing...
7bad7 info: Winning SC.
7bad7 config: ============ BenzeneShutdown =============
7bad7 config: MoHexProgram:: ShutdownSystem()
7bad7 config: CommonProgram:: ShutdownSystem()
7bad7 config: BenzeneProgram:: ShutdownSystem()
Flushing and closing this stream...
