# nice ../build/src/mohex/mohex --config mohex-cg2010.htp --seed 451695 --logfile-name jobs/11x11-mohex-mohex-cg2010-vs-mohex-mohex-weak-1/mohex-mohex-cg2010-18.log
>boardsize 11 11
<= 
<
>name
MoHex 2.0.CMake Mar 21 2025
Copyright (C) 2007-2012 by the authors of the Benzene project.
This program comes with ABSOLUTELY NO WARRANTY. This is
free software and you are welcome to redistribute it under
certain conditions. Type `benzene-license' for details.

SgRandom::SetSeed: 451695
SgUctSearch: system memory 33632358400, using 1000000000 (5681818 nodes)
SgRandom::SetSeed: 1
SgRandom::SetSeed: 451695
71be7 info: Prior Patterns:
71be7 info: Global:
71be7 info: Size            = 565 32648 
71be7 info: TableEntries    = 65932 65910
71be7 info: MirrorsAdded    = 0 0
71be7 info: PrunableCount   = 30593 30629
71be7 info: LargestGamma    = 5820.77
71be7 info: SmallestGamma   = 6.6e-05
71be7 info: Local:
71be7 info: Size            = 550 5318 
71be7 info: TableEntries    = 11602 11588
71be7 info: MirrorsAdded    = 0 0
71be7 info: PrunableCount   = 3659 3667
71be7 info: LargestGamma    = 11281.8
71be7 info: SmallestGamma   = 0.026235
71be7 info: Playout Patterns:
71be7 info: Global:
71be7 info: Size            = 565 32648 
71be7 info: TableEntries    = 70329 70329
71be7 info: MirrorsAdded    = 4397 4419
71be7 info: PrunableCount   = 30593 30629
71be7 info: LargestGamma    = 5820.77
71be7 info: SmallestGamma   = 6.6e-05
71be7 info: Local:
71be7 info: Size            = 550 5318 
71be7 info: TableEntries    = 11602 11588
71be7 info: MirrorsAdded    = 0 0
71be7 info: PrunableCount   = 3659 3667
71be7 info: LargestGamma    = 11281.8
71be7 info: SmallestGamma   = 0.026235
param_game allow_swap 1
= 

param_mohex max_memory 32000000000
= 

param_mohex num_threads 1
= 

param_mohex max_time 1
= 

param_mohex max_games 1
= 

param_mohex knowledge_threshold 400
= 

param_mohex reuse_subtree 1
= 

param_mohex use_parallel_solver 0
= 

<= MoHex
<
>version
<= 2.0.CMake
<
>play b a10
<= 
<
>showboard
<= 
< 
<  d7f3f63aef980509
<  a  b  c  d  e  f  g  h  i  j  k  
< 1\.  .  .  .  .  .  .  .  .  .  .\1
<  2\.  .  .  .  .  .  .  .  .  .  .\2
<   3\.  .  .  .  .  .  .  .  .  .  .\3
<    4\.  .  .  .  .  .  .  .  .  .  .\4
<     5\.  .  .  .  .  .  .  .  .  .  .\5
<      6\.  .  .  .  .  .  .  .  .  .  .\6
<       7\.  .  .  .  .  .  .  .  .  .  .\7
<        8\.  .  .  .  .  .  .  .  .  .  .\8
<         9\.  .  .  .  .  .  .  .  .  .  .\9
<         10\B  .  .  .  .  .  .  .  .  .  .\10
<          11\.  .  .  .  .  .  .  .  .  .  .\11
<              a  b  c  d  e  f  g  h  i  j  k  
<
>play w swap-pieces
<= 
<
>genmove w
<= e3
<
>play b e10
71be7 info: Best move cannot be determined, must search state.
71be7 info: --- MoHexPlayer::Search() ---
71be7 info: Color: white
71be7 info: MaxGames: 1
71be7 info: NumberThreads: 1
71be7 info: MaxNodes: 181818181 (15999999928 bytes)
71be7 info: TimeForMove: 1
71be7 info: PreSearch: max time reached (44/92).
71be7 info: Time for PreSearch: 0.201834s
71be7 info: 
  d7f3f63aef980509
  a  b  c  d  e  f  g  h  i  j  k  
 1\.  .  .  *  *  *  *  *  *  .  .\1
  2\.  .  *  *  *  *  *  *  *  *  .\2
   3\.  *  *  *  *  *  *  *  *  *  .\3
    4\.  *  *  *  *  *  *  *  *  *  .\4
     5\.  *  *  *  *  *  *  *  *  *  .\5
      6\.  *  *  *  *  *  *  *  *  *  .\6
       7\.  *  *  *  *  *  *  *  *  *  .\7
        8\.  *  *  *  *  *  *  *  *  *  .\8
         9\.  *  *  *  *  *  *  *  *  *  .\9
         10\B  *  *  *  *  *  *  *  *  .  .\10
          11\*  .  *  *  *  *  *  *  .  .  .\11
              a  b  c  d  e  f  g  h  i  j  k  
71be7 info: No subtree to reuse.
71be7 info: Creating thread 0
71be7 info: StartSearch()[0]
SgUctSearch: max games reached
71be7 info: 
Elapsed Time   0.575378s
Count          1
GamesPlayed    1
Nodes          1
Knowledge      0 (0.0%)
Expansions     0.0
Time           0.00
GameLen        120.0 dev=0.0 min=120.0 max=120.0
InTree         0.0 dev=0.0 min=0.0 max=0.0
KnowDepth      -
Aborted        0%
Games/s        330.1
Score          1.00
Sequence      
71be7 info: 
71be7 warning: **** MoHexSearch returned empty sequence!
71be7 warning: **** Returning random move!
<= 
<
>genmove w
<= c9
<
>play b g7
71be7 info: Best move cannot be determined, must search state.
71be7 info: --- MoHexPlayer::Search() ---
71be7 info: Color: white
71be7 info: MaxGames: 1
71be7 info: NumberThreads: 1
71be7 info: MaxNodes: 181818181 (15999999928 bytes)
71be7 info: TimeForMove: 1
71be7 info: PreSearch: max time reached (42/84).
71be7 info: Time for PreSearch: 0.201782s
71be7 info: 
  16e2ae98962b8e1b
  a  b  c  d  e  f  g  h  i  j  k  
 1\.  .  .  *  *  *  *  *  *  *  .\1
  2\.  .  *  *  *  *  *  *  *  *  .\2
   3\.  *  *  *  W  *  *  *  *  *  .\3
    4\.  *  *  *  *  *  *  *  *  *  .\4
     5\.  *  *  *  *  *  *  *  *  *  .\5
      6\.  *  *  *  *  *  *  *  *  *  .\6
       7\.  *  *  *  *  *  *  *  *  *  .\7
        8\.  *  *  *  *  *  *  *  *  *  .\8
         9\.  *  *  *  *  *  *  *  *  *  .\9
         10\B  *  *  .  B  .  *  *  *  .  .\10
          11\*  .  b  b  b  b  .  *  .  .  .\11
              a  b  c  d  e  f  g  h  i  j  k  
71be7 info: Old: [black, a10] [white, swap-pieces] 
71be7 info: New: [black, a10] [white, swap-pieces] [white, e3] [black, e10] 
71be7 info: ReuseSubtree: Colors do not alternate.
71be7 info: No subtree to reuse.
71be7 info: StartSearch()[0]
SgUctSearch: max games reached
71be7 info: 
Elapsed Time   0.365358s
Count          1
GamesPlayed    1
Nodes          1
Knowledge      0 (0.0%)
Expansions     0.0
Time           0.00
GameLen        114.0 dev=0.0 min=114.0 max=114.0
InTree         0.0 dev=0.0 min=0.0 max=0.0
KnowDepth      -
Aborted        0%
Games/s        2994.0
Score          1.00
Sequence      
71be7 info: 
71be7 warning: **** MoHexSearch returned empty sequence!
71be7 warning: **** Returning random move!
<= 
<
>genmove w
<= b11
<
>play b e2
71be7 info: Best move cannot be determined, must search state.
71be7 info: --- MoHexPlayer::Search() ---
71be7 info: Color: white
71be7 info: MaxGames: 1
71be7 info: NumberThreads: 1
71be7 info: MaxNodes: 181818181 (15999999928 bytes)
71be7 info: TimeForMove: 1
71be7 info: PreSearch: max time reached (45/81).
71be7 info: Time for PreSearch: 0.201792s
71be7 info: 
  40ffde4b87e11dec
  a  b  c  d  e  f  g  h  i  j  k  
 1\.  .  .  *  *  *  *  *  *  *  .\1
  2\.  .  *  *  *  *  *  *  *  *  .\2
   3\.  *  *  *  W  *  *  *  *  *  .\3
    4\.  *  *  *  *  *  *  *  *  *  .\4
     5\.  *  *  *  *  *  *  *  *  *  .\5
      6\.  *  *  *  *  *  *  *  *  *  .\6
       7\.  *  *  *  *  *  B  *  *  *  .\7
        8\.  *  *  *  *  *  *  *  *  *  .\8
         9\.  *  W  *  *  *  *  *  *  *  .\9
         10\B  .  *  .  B  .  *  *  *  .  .\10
          11\*  .  b  b  b  b  .  *  .  .  .\11
              a  b  c  d  e  f  g  h  i  j  k  
71be7 info: Old: [black, a10] [white, swap-pieces] [white, e3] [black, e10] 
71be7 info: New: [black, a10] [white, swap-pieces] [white, e3] [black, e10] [white, c9] [black, g7] 
71be7 info: MovesPlayed: [white, c9] [black, g7] 
71be7 info: No subtree to reuse.
71be7 info: StartSearch()[0]
SgUctSearch: max games reached
71be7 info: 
Elapsed Time   0.356837s
Count          1
GamesPlayed    1
Nodes          1
Knowledge      0 (0.0%)
Expansions     0.0
Time           0.00
GameLen        112.0 dev=0.0 min=112.0 max=112.0
InTree         0.0 dev=0.0 min=0.0 max=0.0
KnowDepth      -
Aborted        0%
Games/s        3731.3
Score          1.00
Sequence      
71be7 info: 
71be7 warning: **** MoHexSearch returned empty sequence!
71be7 warning: **** Returning random move!
<= 
<
>genmove w
<= g6
<
>play b k9
71be7 info: Best move cannot be determined, must search state.
71be7 info: --- MoHexPlayer::Search() ---
71be7 info: Color: white
71be7 info: MaxGames: 1
71be7 info: NumberThreads: 1
71be7 info: MaxNodes: 181818181 (15999999928 bytes)
71be7 info: TimeForMove: 1
71be7 info: PreSearch: max time reached (51/73).
71be7 info: Time for PreSearch: 0.203519s
71be7 info: 
  ea1a62b85b17b2a7
  a  b  c  d  e  f  g  h  i  j  k  
 1\.  .  .  b  b  b  b  .  *  *  .\1
  2\.  .  *  .  B  .  *  *  *  *  .\2
   3\.  .  *  *  W  *  *  *  *  *  .\3
    4\.  *  *  *  *  *  *  *  *  *  .\4
     5\.  *  *  *  *  *  *  *  *  *  .\5
      6\.  *  *  *  *  *  *  *  *  *  .\6
       7\.  *  *  *  *  *  B  *  *  *  .\7
        8\.  *  *  *  *  *  *  *  *  *  .\8
         9\.  *  W  *  *  *  *  *  *  *  .\9
         10\B  .  .  *  B  .  *  *  *  .  .\10
          11\*  W  .  b  b  b  .  *  .  .  .\11
              a  b  c  d  e  f  g  h  i  j  k  
71be7 info: Old: [black, a10] [white, swap-pieces] [white, e3] [black, e10] [white, c9] [black, g7] 
71be7 info: New: [black, a10] [white, swap-pieces] [white, e3] [black, e10] [white, c9] [black, g7] [white, b11] [black, e2] 
71be7 info: MovesPlayed: [white, b11] [black, e2] 
71be7 info: No subtree to reuse.
71be7 info: StartSearch()[0]
SgUctSearch: max games reached
71be7 info: 
Elapsed Time   0.345724s
Count          1
GamesPlayed    1
Nodes          1
Knowledge      0 (0.0%)
Expansions     0.0
Time           0.00
GameLen        107.0 dev=0.0 min=107.0 max=107.0
InTree         0.0 dev=0.0 min=0.0 max=0.0
KnowDepth      -
Aborted        0%
Games/s        2907.0
Score          0.00
Sequence      
71be7 info: 
71be7 warning: **** MoHexSearch returned empty sequence!
71be7 warning: **** Returning random move!
<= 
<
>genmove w
<= f3
<
>play b h6
71be7 info: Best move cannot be determined, must search state.
71be7 info: --- MoHexPlayer::Search() ---
71be7 info: Color: white
71be7 info: MaxGames: 1
71be7 info: NumberThreads: 1
71be7 info: MaxNodes: 181818181 (15999999928 bytes)
71be7 info: TimeForMove: 1
71be7 info: PreSearch: max time reached (41/73).
71be7 info: Time for PreSearch: 0.200479s
71be7 info: 
  3f186295686d75b1
  a  b  c  d  e  f  g  h  i  j  k  
 1\.  .  .  b  b  b  b  .  *  *  .\1
  2\.  .  *  .  B  .  *  *  *  *  .\2
   3\.  *  *  *  W  *  *  *  *  *  .\3
    4\.  *  *  *  *  *  *  *  *  *  .\4
     5\.  *  *  *  *  *  *  *  *  *  .\5
      6\.  *  *  *  *  *  W  *  *  *  .\6
       7\.  *  *  *  *  *  B  *  *  *  .\7
        8\.  *  *  *  *  *  *  *  *  *  .\8
         9\.  *  W  *  *  *  *  *  *  *  B\9
         10\B  .  .  *  B  .  *  *  *  .  .\10
          11\*  W  .  b  b  b  .  *  .  *  .\11
              a  b  c  d  e  f  g  h  i  j  k  
71be7 info: Old: [black, a10] [white, swap-pieces] [white, e3] [black, e10] [white, c9] [black, g7] [white, b11] [black, e2] 
71be7 info: New: [black, a10] [white, swap-pieces] [white, e3] [black, e10] [white, c9] [black, g7] [white, b11] [black, e2] [white, g6] [black, k9] 
71be7 info: MovesPlayed: [white, g6] [black, k9] 
71be7 info: No subtree to reuse.
71be7 info: StartSearch()[0]
SgUctSearch: max games reached
71be7 info: 
Elapsed Time   0.516649s
Count          1
GamesPlayed    1
Nodes          1
Knowledge      0 (0.0%)
Expansions     0.0
Time           0.00
GameLen        105.0 dev=0.0 min=105.0 max=105.0
InTree         0.0 dev=0.0 min=0.0 max=0.0
KnowDepth      -
Aborted        0%
Games/s        3424.7
Score          0.00
Sequence      
71be7 info: 
71be7 warning: **** MoHexSearch returned empty sequence!
71be7 warning: **** Returning random move!
<= 
<
>genmove w
<= f8
<
>play b b2
71be7 info: Best move cannot be determined, must search state.
71be7 info: --- MoHexPlayer::Search() ---
71be7 info: Color: white
71be7 info: MaxGames: 1
71be7 info: NumberThreads: 1
71be7 info: MaxNodes: 181818181 (15999999928 bytes)
71be7 info: TimeForMove: 1
71be7 info: PreSearch: max time reached (40/69).
71be7 info: Time for PreSearch: 0.200941s
71be7 info: 
  dd8c879b5e64983c
  a  b  c  d  e  f  g  h  i  j  k  
 1\.  .  .  b  b  b  b  b  .  *  .\1
  2\.  .  *  .  B  b  .  *  *  *  .\2
   3\.  *  *  *  W  W  *  *  *  *  .\3
    4\.  *  *  *  *  *  *  *  *  *  .\4
     5\.  *  *  *  *  *  *  *  *  *  .\5
      6\.  *  *  *  *  *  W  B  *  *  .\6
       7\.  *  *  *  *  *  B  *  *  *  .\7
        8\.  *  *  *  *  *  *  *  *  *  .\8
         9\.  *  W  *  *  *  *  *  *  *  B\9
         10\B  .  .  *  B  .  *  *  *  .  .\10
          11\*  W  .  b  b  b  .  *  .  *  .\11
              a  b  c  d  e  f  g  h  i  j  k  
71be7 info: Old: [black, a10] [white, swap-pieces] [white, e3] [black, e10] [white, c9] [black, g7] [white, b11] [black, e2] [white, g6] [black, k9] 
71be7 info: New: [black, a10] [white, swap-pieces] [white, e3] [black, e10] [white, c9] [black, g7] [white, b11] [black, e2] [white, g6] [black, k9] [white, f3] [black, h6] 
71be7 info: MovesPlayed: [white, f3] [black, h6] 
71be7 info: No subtree to reuse.
71be7 info: StartSearch()[0]
SgUctSearch: max games reached
71be7 info: 
Elapsed Time   0.347389s
Count          1
GamesPlayed    1
Nodes          1
Knowledge      0 (0.0%)
Expansions     0.0
Time           0.00
GameLen        101.0 dev=0.0 min=101.0 max=101.0
InTree         0.0 dev=0.0 min=0.0 max=0.0
KnowDepth      -
Aborted        0%
Games/s        3355.7
Score          0.00
Sequence      
71be7 info: 
71be7 warning: **** MoHexSearch returned empty sequence!
71be7 warning: **** Returning random move!
<= 
<
>genmove w
<= j1
<
>play b c11
71be7 info: Best move cannot be determined, must search state.
71be7 info: --- MoHexPlayer::Search() ---
71be7 info: Color: white
71be7 info: MaxGames: 1
71be7 info: NumberThreads: 1
71be7 info: MaxNodes: 181818181 (15999999928 bytes)
71be7 info: TimeForMove: 1
71be7 info: PreSearch: max time reached (41/65).
71be7 info: Time for PreSearch: 0.200659s
71be7 info: 
  05afc7986b352343
  a  b  c  d  e  f  g  h  i  j  k  
 1\b  b  b  b  b  b  b  b  .  *  .\1
  2\b  B  b  b  B  b  .  *  *  *  .\2
   3\.  .  *  *  W  W  *  *  *  *  .\3
    4\.  .  *  *  *  *  *  *  *  *  .\4
     5\.  *  *  *  *  *  *  *  *  *  .\5
      6\.  *  *  *  *  *  W  B  *  *  .\6
       7\.  *  *  *  *  *  B  *  *  *  .\7
        8\.  *  *  *  *  W  *  *  *  *  .\8
         9\.  *  W  *  *  *  *  *  *  *  B\9
         10\B  .  .  *  B  .  *  *  *  .  .\10
          11\*  W  .  b  b  b  .  *  .  *  .\11
              a  b  c  d  e  f  g  h  i  j  k  
71be7 info: Old: [black, a10] [white, swap-pieces] [white, e3] [black, e10] [white, c9] [black, g7] [white, b11] [black, e2] [white, g6] [black, k9] [white, f3] [black, h6] 
71be7 info: New: [black, a10] [white, swap-pieces] [white, e3] [black, e10] [white, c9] [black, g7] [white, b11] [black, e2] [white, g6] [black, k9] [white, f3] [black, h6] [white, f8] [black, b2] 
71be7 info: MovesPlayed: [white, f8] [black, b2] 
71be7 info: No subtree to reuse.
71be7 info: StartSearch()[0]
SgUctSearch: max games reached
71be7 info: 
Elapsed Time   0.356072s
Count          1
GamesPlayed    1
Nodes          1
Knowledge      0 (0.0%)
Expansions     0.0
Time           0.00
GameLen        93.0 dev=0.0 min=93.0 max=93.0
InTree         0.0 dev=0.0 min=0.0 max=0.0
KnowDepth      -
Aborted        0%
Games/s        2832.9
Score          0.00
Sequence      
71be7 info: 
71be7 warning: **** MoHexSearch returned empty sequence!
71be7 warning: **** Returning random move!
<= 
<
>genmove w
<= d3
<
>play b j11
71be7 info: Best move cannot be determined, must search state.
71be7 info: --- MoHexPlayer::Search() ---
71be7 info: Color: white
71be7 info: MaxGames: 1
71be7 info: NumberThreads: 1
71be7 info: MaxNodes: 181818181 (15999999928 bytes)
71be7 info: TimeForMove: 1
71be7 info: PreSearch: max time reached (34/63).
71be7 info: Time for PreSearch: 0.203861s
71be7 info: 
  0836f4d2313a1b73
  a  b  c  d  e  f  g  h  i  j  k  
 1\b  b  b  b  b  b  b  b  .  W  .\1
  2\b  B  b  b  B  b  .  *  *  .  .\2
   3\.  .  *  *  W  W  *  *  *  *  .\3
    4\.  .  *  *  *  *  *  *  *  *  .\4
     5\.  *  *  *  *  *  *  *  *  *  .\5
      6\.  *  *  *  *  *  W  B  *  *  .\6
       7\.  *  *  *  *  *  B  *  *  *  .\7
        8\.  *  *  *  *  W  *  *  *  *  .\8
         9\.  *  W  *  *  *  *  *  *  *  B\9
         10\B  .  .  .  B  .  *  *  *  .  .\10
          11\*  W  B  b  b  b  .  *  .  *  .\11
              a  b  c  d  e  f  g  h  i  j  k  
71be7 info: Old: [black, a10] [white, swap-pieces] [white, e3] [black, e10] [white, c9] [black, g7] [white, b11] [black, e2] [white, g6] [black, k9] [white, f3] [black, h6] [white, f8] [black, b2] 
71be7 info: New: [black, a10] [white, swap-pieces] [white, e3] [black, e10] [white, c9] [black, g7] [white, b11] [black, e2] [white, g6] [black, k9] [white, f3] [black, h6] [white, f8] [black, b2] [white, j1] [black, c11] 
71be7 info: MovesPlayed: [white, j1] [black, c11] 
71be7 info: No subtree to reuse.
71be7 info: StartSearch()[0]
SgUctSearch: max games reached
71be7 info: 
Elapsed Time   0.35086s
Count          1
GamesPlayed    1
Nodes          1
Knowledge      0 (0.0%)
Expansions     0.0
Time           0.00
GameLen        91.0 dev=0.0 min=91.0 max=91.0
InTree         0.0 dev=0.0 min=0.0 max=0.0
KnowDepth      -
Aborted        0%
Games/s        3278.7
Score          0.00
Sequence      
71be7 info: 
71be7 warning: **** MoHexSearch returned empty sequence!
71be7 warning: **** Returning random move!
<= 
<
>genmove w
<= k5
<
>play b g8
71be7 info: Best move cannot be determined, must search state.
71be7 info: --- MoHexPlayer::Search() ---
71be7 info: Color: white
71be7 info: MaxGames: 1
71be7 info: NumberThreads: 1
71be7 info: MaxNodes: 181818181 (15999999928 bytes)
71be7 info: TimeForMove: 1
71be7 info: PreSearch: max time reached (23/60).
71be7 info: Time for PreSearch: 0.200656s
71be7 info: 
  ef0d533946b4a559
  a  b  c  d  e  f  g  h  i  j  k  
 1\b  b  b  b  b  b  b  b  .  W  .\1
  2\b  B  b  b  B  b  .  *  *  .  .\2
   3\.  .  .  W  W  W  *  *  *  *  .\3
    4\.  .  .  .  .  *  *  *  *  *  .\4
     5\.  *  .  *  *  *  *  *  *  *  .\5
      6\.  .  *  *  *  *  W  B  *  *  .\6
       7\.  *  *  *  *  *  B  *  *  *  .\7
        8\.  *  *  *  *  W  *  *  *  *  .\8
         9\.  *  W  *  *  *  *  *  *  *  B\9
         10\B  .  .  .  B  .  *  .  *  *  .\10
          11\*  W  B  b  b  b  .  *  .  B  b\11
              a  b  c  d  e  f  g  h  i  j  k  
71be7 info: Old: [black, a10] [white, swap-pieces] [white, e3] [black, e10] [white, c9] [black, g7] [white, b11] [black, e2] [white, g6] [black, k9] [white, f3] [black, h6] [white, f8] [black, b2] [white, j1] [black, c11] 
71be7 info: New: [black, a10] [white, swap-pieces] [white, e3] [black, e10] [white, c9] [black, g7] [white, b11] [black, e2] [white, g6] [black, k9] [white, f3] [black, h6] [white, f8] [black, b2] [white, j1] [black, c11] [white, d3] [black, j11] 
71be7 info: MovesPlayed: [white, d3] [black, j11] 
71be7 info: No subtree to reuse.
71be7 info: StartSearch()[0]
SgUctSearch: max games reached
71be7 info: 
Elapsed Time   0.346196s
Count          1
GamesPlayed    1
Nodes          1
Knowledge      0 (0.0%)
Expansions     0.0
Time           0.00
GameLen        88.0 dev=0.0 min=88.0 max=88.0
InTree         0.0 dev=0.0 min=0.0 max=0.0
KnowDepth      -
Aborted        0%
Games/s        3745.3
Score          0.00
Sequence      
71be7 info: 
71be7 warning: **** MoHexSearch returned empty sequence!
71be7 warning: **** Returning random move!
<= 
<
>genmove w
<= h2
<
>play b k1
71be7 info: Winning SC.
<= 
<
>genmove w
<= j2
<
>play b k2
71be7 info: Winning SC.
<= 
<
>genmove w
<= j3
<
>play b k3
71be7 info: Winning SC.
<= 
<
>genmove w
<= j4
<
>play b k4
71be7 info: Winning SC.
<= 
<
>genmove w
<= j5
<
>play b c4
71be7 info: Winning SC.
<= 
<
>genmove w
<= c3
<
>play b a6
71be7 info: Winning SC.
<= 
<
>genmove w
<= b3
<
>play b g3
71be7 info: Winning SC.
<= 
<
>genmove w
<= g2
<
>play b a3
71be7 info: Winning SC.
<= 
<
>genmove w
<= a4
<
>play b i2
71be7 info: Winning SC.
<= 
<
>genmove w
<= i1
<
>play b resign
71be7 info: Winning SC.
<= 
<
>final_score
<= W+
<
>quit
<= 
<
