7b5d7 config: MoHex v2.0.CMake Mar 21 2025.
7b5d7 config: ============ InitializeSystem ============
7b5d7 config: BenzeneProgram::InitRandom()
7b5d7 config: Seed = 944530
7b5d7 info: Prior Patterns:
7b5d7 info: Global:
7b5d7 info: Size            = 565 32648 
7b5d7 info: TableEntries    = 65932 65910
7b5d7 info: MirrorsAdded    = 0 0
7b5d7 info: PrunableCount   = 30593 30629
7b5d7 info: LargestGamma    = 5820.77
7b5d7 info: SmallestGamma   = 6.6e-05
7b5d7 info: Local:
7b5d7 info: Size            = 550 5318 
7b5d7 info: TableEntries    = 11602 11588
7b5d7 info: MirrorsAdded    = 0 0
7b5d7 info: PrunableCount   = 3659 3667
7b5d7 info: LargestGamma    = 11281.8
7b5d7 info: SmallestGamma   = 0.026235
7b5d7 info: Playout Patterns:
7b5d7 info: Global:
7b5d7 info: Size            = 565 32648 
7b5d7 info: TableEntries    = 70329 70329
7b5d7 info: MirrorsAdded    = 4397 4419
7b5d7 info: PrunableCount   = 30593 30629
7b5d7 info: LargestGamma    = 5820.77
7b5d7 info: SmallestGamma   = 6.6e-05
7b5d7 info: Local:
7b5d7 info: Size            = 550 5318 
7b5d7 info: TableEntries    = 11602 11588
7b5d7 info: MirrorsAdded    = 0 0
7b5d7 info: PrunableCount   = 3659 3667
7b5d7 info: LargestGamma    = 11281.8
7b5d7 info: SmallestGamma   = 0.026235
7b5d7 config: IcePatternSet: reading from '/home/linus/MoHex2.0/nfbranchfix/benzene-vanilla-cmake/share/ice-patterns.txt'.
7b5d7 config: IcePatternSet: parsed 708 patterns.
7b5d7 config: VCS: reading captured set patterns from '/home/linus/MoHex2.0/nfbranchfix/benzene-vanilla-cmake/share/vc-captured-set.txt'.
7b5d7 config: VCS:: parsed 2 patterns.
7b5d7 config: VCS: reading captured set patterns from '/home/linus/MoHex2.0/nfbranchfix/benzene-vanilla-cmake/share/vc-captured-set.txt'.
7b5d7 config: VCS:: parsed 2 patterns.
7b5d7 config: IcePatternSet: reading from '/home/linus/MoHex2.0/nfbranchfix/benzene-vanilla-cmake/share/ice-patterns.txt'.
7b5d7 config: IcePatternSet: parsed 708 patterns.
7b5d7 config: VCS: reading captured set patterns from '/home/linus/MoHex2.0/nfbranchfix/benzene-vanilla-cmake/share/vc-captured-set.txt'.
7b5d7 config: VCS:: parsed 2 patterns.
7b5d7 config: VCS: reading captured set patterns from '/home/linus/MoHex2.0/nfbranchfix/benzene-vanilla-cmake/share/vc-captured-set.txt'.
7b5d7 config: VCS:: parsed 2 patterns.
7b5d7 config: VCS: reading captured set patterns from '/home/linus/MoHex2.0/nfbranchfix/benzene-vanilla-cmake/share/vc-captured-set.txt'.
7b5d7 config: VCS:: parsed 2 patterns.
7b5d7 config: VCS: reading captured set patterns from '/home/linus/MoHex2.0/nfbranchfix/benzene-vanilla-cmake/share/vc-captured-set.txt'.
7b5d7 config: VCS:: parsed 2 patterns.
7b5d7 config: VCS: reading captured set patterns from '/home/linus/MoHex2.0/nfbranchfix/benzene-vanilla-cmake/share/vc-captured-set.txt'.
7b5d7 config: VCS:: parsed 2 patterns.
7b5d7 config: VCS: reading captured set patterns from '/home/linus/MoHex2.0/nfbranchfix/benzene-vanilla-cmake/share/vc-captured-set.txt'.
7b5d7 config: VCS:: parsed 2 patterns.
7b5d7 info: SwapCheck: reading from '/home/linus/MoHex2.0/nfbranchfix/benzene-vanilla-cmake/share/swap-moves.txt'.
7b5d7 info: SwapCheck: playing swap.
7b5d7 config: VCPattern: loading pattern templates from '/home/linus/MoHex2.0/nfbranchfix/benzene-vanilla-cmake/share/vc-patterns.txt'.
7b5d7 info: Best move cannot be determined, must search state.
7b5d7 info: --- MoHexPlayer::Search() ---
7b5d7 info: Color: black
7b5d7 info: MaxGames: 1
7b5d7 info: NumberThreads: 1
7b5d7 info: MaxNodes: 181818181 (15999999928 bytes)
7b5d7 info: TimeForMove: 1
7b5d7 info: PreSearch: max time reached (36/89).
7b5d7 info: Time for PreSearch: 0.205924s
7b5d7 info: 
  d14328f3a822cc90
  a  b  c  d  e  f  g  h  i  j  k  
 1\.  .  .  .  .  .  .  .  .  .  .\1
  2\.  .  *  *  W  *  *  *  *  *  *\2
   3\.  *  *  *  *  *  *  *  *  *  *\3
    4\*  *  *  *  *  *  *  *  *  *  *\4
     5\*  *  *  *  *  *  *  *  *  *  *\5
      6\*  *  *  *  *  *  *  *  *  *  .\6
       7\*  *  *  *  *  *  *  *  *  B  .\7
        8\*  *  *  *  *  *  *  *  *  *  *\8
         9\*  *  *  *  *  *  *  *  *  *  .\9
         10\*  *  *  *  *  *  *  *  *  .  .\10
          11\.  .  .  .  .  .  .  .  .  .  .\11
              a  b  c  d  e  f  g  h  i  j  k  
7b5d7 info: No subtree to reuse.
7b5d7 info: Creating thread 0
7b5d7 info: StartSearch()[0]
7b5d7 config: VCS: reading captured set patterns from '/home/linus/MoHex2.0/nfbranchfix/benzene-vanilla-cmake/share/vc-captured-set.txt'.
7b5d7 config: VCS:: parsed 2 patterns.
7b5d7 config: VCS: reading captured set patterns from '/home/linus/MoHex2.0/nfbranchfix/benzene-vanilla-cmake/share/vc-captured-set.txt'.
7b5d7 config: VCS:: parsed 2 patterns.
7b5d7 info: 
Elapsed Time   0.611371s
Count          1
GamesPlayed    1
Nodes          1
Knowledge      0 (0.0%)
Expansions     0.0
Time           0.00
GameLen        119.0 dev=0.0 min=119.0 max=119.0
InTree         0.0 dev=0.0 min=0.0 max=0.0
KnowDepth      -
Aborted        0%
Games/s        310.3
Score          1.00
Sequence      
7b5d7 info: 
7b5d7 warning: **** MoHexSearch returned empty sequence!
7b5d7 warning: **** Returning random move!
7b5d7 info: Best move cannot be determined, must search state.
7b5d7 info: --- MoHexPlayer::Search() ---
7b5d7 info: Color: black
7b5d7 info: MaxGames: 1
7b5d7 info: NumberThreads: 1
7b5d7 info: MaxNodes: 181818181 (15999999928 bytes)
7b5d7 info: TimeForMove: 1
7b5d7 info: PreSearch: max time reached (42/90).
7b5d7 info: Time for PreSearch: 0.206721s
7b5d7 info: 
  b3a5bd2a2a48716a
  a  b  c  d  e  f  g  h  i  j  k  
 1\.  .  .  .  .  .  .  .  .  .  .\1
  2\.  .  *  *  W  *  *  *  *  *  *\2
   3\.  *  *  *  *  *  *  *  *  *  *\3
    4\*  *  *  *  *  *  *  *  *  *  *\4
     5\*  *  *  *  *  *  *  *  *  *  *\5
      6\*  *  *  *  *  *  *  *  *  *  .\6
       7\*  *  *  *  *  *  *  *  *  B  .\7
        8\*  *  *  *  *  *  *  W  *  *  *\8
         9\*  *  *  *  *  *  *  *  *  *  *\9
         10\*  *  *  *  *  *  *  *  *  *  .\10
          11\.  .  .  .  .  .  .  B  .  .  .\11
              a  b  c  d  e  f  g  h  i  j  k  
7b5d7 info: Old: [black, j7] [white, swap-pieces] [white, e2] 
7b5d7 info: New: [black, j7] [white, swap-pieces] [white, e2] [black, h11] [white, h8] 
7b5d7 info: MovesPlayed: [black, h11] [white, h8] 
7b5d7 info: No subtree to reuse.
7b5d7 info: StartSearch()[0]
7b5d7 info: 
Elapsed Time   0.395295s
Count          1
GamesPlayed    1
Nodes          1
Knowledge      0 (0.0%)
Expansions     0.0
Time           0.00
GameLen        117.0 dev=0.0 min=117.0 max=117.0
InTree         0.0 dev=0.0 min=0.0 max=0.0
KnowDepth      -
Aborted        0%
Games/s        2624.7
Score          0.00
Sequence      
7b5d7 info: 
7b5d7 warning: **** MoHexSearch returned empty sequence!
7b5d7 warning: **** Returning random move!
7b5d7 info: Best move cannot be determined, must search state.
7b5d7 info: --- MoHexPlayer::Search() ---
7b5d7 info: Color: black
7b5d7 info: MaxGames: 1
7b5d7 info: NumberThreads: 1
7b5d7 info: MaxNodes: 181818181 (15999999928 bytes)
7b5d7 info: TimeForMove: 1
7b5d7 info: PreSearch: max time reached (41/88).
7b5d7 info: Time for PreSearch: 0.202263s
7b5d7 info: 
  e35c164067f568f9
  a  b  c  d  e  f  g  h  i  j  k  
 1\.  .  .  .  .  .  .  .  .  .  .\1
  2\.  .  *  *  W  *  *  *  *  *  *\2
   3\.  *  *  *  *  *  *  *  *  *  *\3
    4\*  *  *  *  *  *  *  *  *  *  *\4
     5\*  *  *  *  *  *  *  *  *  *  *\5
      6\B  *  *  *  *  *  *  *  *  *  .\6
       7\*  *  *  *  *  *  *  *  *  B  .\7
        8\*  *  W  *  *  *  *  W  *  *  *\8
         9\*  *  *  *  *  *  *  *  *  *  *\9
         10\*  *  *  *  *  *  *  *  *  *  .\10
          11\.  .  .  .  .  .  .  B  .  .  .\11
              a  b  c  d  e  f  g  h  i  j  k  
7b5d7 info: Old: [black, j7] [white, swap-pieces] [white, e2] [black, h11] [white, h8] 
7b5d7 info: New: [black, j7] [white, swap-pieces] [white, e2] [black, h11] [white, h8] [black, a6] [white, c8] 
7b5d7 info: MovesPlayed: [black, a6] [white, c8] 
7b5d7 info: No subtree to reuse.
7b5d7 info: StartSearch()[0]
7b5d7 info: 
Elapsed Time   0.397487s
Count          1
GamesPlayed    1
Nodes          1
Knowledge      0 (0.0%)
Expansions     0.0
Time           0.00
GameLen        115.0 dev=0.0 min=115.0 max=115.0
InTree         0.0 dev=0.0 min=0.0 max=0.0
KnowDepth      -
Aborted        0%
Games/s        2217.3
Score          1.00
Sequence      
7b5d7 info: 
7b5d7 warning: **** MoHexSearch returned empty sequence!
7b5d7 warning: **** Returning random move!
7b5d7 info: Best move cannot be determined, must search state.
7b5d7 info: --- MoHexPlayer::Search() ---
7b5d7 info: Color: black
7b5d7 info: MaxGames: 1
7b5d7 info: NumberThreads: 1
7b5d7 info: MaxNodes: 181818181 (15999999928 bytes)
7b5d7 info: TimeForMove: 1
7b5d7 info: PreSearch: max time reached (35/87).
7b5d7 info: Time for PreSearch: 0.200828s
7b5d7 info: 
  457c9b88a4a5ac21
  a  b  c  d  e  f  g  h  i  j  k  
 1\.  .  .  .  .  .  .  .  .  .  .\1
  2\.  .  *  *  W  *  *  *  *  *  *\2
   3\.  *  *  *  *  *  *  *  *  *  *\3
    4\*  *  *  *  *  *  *  *  *  *  *\4
     5\*  *  *  *  *  *  *  *  *  *  *\5
      6\B  *  *  *  *  B  *  *  *  *  .\6
       7\*  *  *  *  *  *  *  *  *  B  .\7
        8\*  *  W  *  *  *  *  W  *  *  *\8
         9\*  *  *  *  *  *  *  *  *  *  *\9
         10\*  *  *  *  *  *  *  *  *  *  .\10
          11\.  .  .  .  .  W  .  B  .  .  .\11
              a  b  c  d  e  f  g  h  i  j  k  
7b5d7 info: Old: [black, j7] [white, swap-pieces] [white, e2] [black, h11] [white, h8] [black, a6] [white, c8] 
7b5d7 info: New: [black, j7] [white, swap-pieces] [white, e2] [black, h11] [white, h8] [black, a6] [white, c8] [black, f6] [white, f11] 
7b5d7 info: MovesPlayed: [black, f6] [white, f11] 
7b5d7 info: No subtree to reuse.
7b5d7 info: StartSearch()[0]
7b5d7 info: 
Elapsed Time   0.642061s
Count          1
GamesPlayed    1
Nodes          1
Knowledge      0 (0.0%)
Expansions     0.0
Time           0.00
GameLen        113.0 dev=0.0 min=113.0 max=113.0
InTree         0.0 dev=0.0 min=0.0 max=0.0
KnowDepth      -
Aborted        0%
Games/s        2150.5
Score          1.00
Sequence      
7b5d7 info: 
7b5d7 warning: **** MoHexSearch returned empty sequence!
7b5d7 warning: **** Returning random move!
7b5d7 info: Best move cannot be determined, must search state.
7b5d7 info: --- MoHexPlayer::Search() ---
7b5d7 info: Color: black
7b5d7 info: MaxGames: 1
7b5d7 info: NumberThreads: 1
7b5d7 info: MaxNodes: 181818181 (15999999928 bytes)
7b5d7 info: TimeForMove: 1
7b5d7 info: PreSearch: max time reached (47/79).
7b5d7 info: Time for PreSearch: 0.202919s
7b5d7 info: 
  11fb824158c293d9
  a  b  c  d  e  f  g  h  i  j  k  
 1\b  b  b  b  b  .  .  .  .  .  .\1
  2\B  b  .  .  W  *  *  *  *  *  *\2
   3\.  .  *  *  *  *  *  *  *  *  *\3
    4\*  *  *  *  *  *  *  *  *  *  *\4
     5\*  *  *  *  *  *  *  *  *  *  *\5
      6\B  *  *  *  *  B  *  *  *  *  .\6
       7\*  *  *  *  *  *  *  *  *  B  w\7
        8\*  *  W  *  *  *  *  W  .  .  w\8
         9\*  *  *  *  *  *  *  *  *  *  W\9
         10\*  *  *  *  *  *  *  *  .  .  w\10
          11\.  .  .  .  .  W  .  B  b  b  w\11
              a  b  c  d  e  f  g  h  i  j  k  
7b5d7 info: Old: [black, j7] [white, swap-pieces] [white, e2] [black, h11] [white, h8] [black, a6] [white, c8] [black, f6] [white, f11] 
7b5d7 info: New: [black, j7] [white, swap-pieces] [white, e2] [black, h11] [white, h8] [black, a6] [white, c8] [black, f6] [white, f11] [black, a2] [white, k9] 
7b5d7 info: MovesPlayed: [black, a2] [white, k9] 
7b5d7 info: No subtree to reuse.
7b5d7 info: StartSearch()[0]
7b5d7 info: 
Elapsed Time   0.392434s
Count          1
GamesPlayed    1
Nodes          1
Knowledge      0 (0.0%)
Expansions     0.0
Time           0.00
GameLen        99.0 dev=0.0 min=99.0 max=99.0
InTree         0.0 dev=0.0 min=0.0 max=0.0
KnowDepth      -
Aborted        0%
Games/s        2762.4
Score          0.00
Sequence      
7b5d7 info: 
7b5d7 warning: **** MoHexSearch returned empty sequence!
7b5d7 warning: **** Returning random move!
7b5d7 info: Best move cannot be determined, must search state.
7b5d7 info: --- MoHexPlayer::Search() ---
7b5d7 info: Color: black
7b5d7 info: MaxGames: 1
7b5d7 info: NumberThreads: 1
7b5d7 info: MaxNodes: 181818181 (15999999928 bytes)
7b5d7 info: TimeForMove: 1
7b5d7 info: PreSearch: max time reached (46/77).
7b5d7 info: Time for PreSearch: 0.200256s
7b5d7 info: 
  debf0d2df7aae862
  a  b  c  d  e  f  g  h  i  j  k  
 1\b  b  b  b  b  .  .  .  .  .  .\1
  2\B  b  .  .  W  *  *  *  *  *  *\2
   3\.  .  *  *  *  *  *  *  *  *  *\3
    4\*  *  *  *  *  *  *  *  *  *  *\4
     5\*  *  *  *  *  *  *  *  *  *  *\5
      6\B  *  *  *  *  B  *  *  *  *  .\6
       7\*  *  *  *  *  *  *  *  *  B  w\7
        8\*  *  W  *  *  *  *  W  .  .  w\8
         9\*  *  *  *  *  *  W  *  *  *  W\9
         10\*  *  *  *  .  B  .  *  .  .  w\10
          11\.  .  .  .  .  W  .  B  b  b  w\11
              a  b  c  d  e  f  g  h  i  j  k  
7b5d7 info: Old: [black, j7] [white, swap-pieces] [white, e2] [black, h11] [white, h8] [black, a6] [white, c8] [black, f6] [white, f11] [black, a2] [white, k9] 
7b5d7 info: New: [black, j7] [white, swap-pieces] [white, e2] [black, h11] [white, h8] [black, a6] [white, c8] [black, f6] [white, f11] [black, a2] [white, k9] [black, f10] [white, g9] 
7b5d7 info: MovesPlayed: [black, f10] [white, g9] 
7b5d7 info: No subtree to reuse.
7b5d7 info: StartSearch()[0]
7b5d7 info: 
Elapsed Time   0.394712s
Count          1
GamesPlayed    1
Nodes          1
Knowledge      0 (0.0%)
Expansions     0.0
Time           0.00
GameLen        97.0 dev=0.0 min=97.0 max=97.0
InTree         0.0 dev=0.0 min=0.0 max=0.0
KnowDepth      -
Aborted        0%
Games/s        2347.4
Score          1.00
Sequence      
7b5d7 info: 
7b5d7 warning: **** MoHexSearch returned empty sequence!
7b5d7 warning: **** Returning random move!
7b5d7 info: Best move cannot be determined, must search state.
7b5d7 info: --- MoHexPlayer::Search() ---
7b5d7 info: Color: black
7b5d7 info: MaxGames: 1
7b5d7 info: NumberThreads: 1
7b5d7 info: MaxNodes: 181818181 (15999999928 bytes)
7b5d7 info: TimeForMove: 1
7b5d7 info: PreSearch: max time reached (42/68).
7b5d7 info: Time for PreSearch: 0.201325s
7b5d7 info: 
  ca57257422fc9b9b
  a  b  c  d  e  f  g  h  i  j  k  
 1\b  b  b  b  b  .  .  .  .  .  .\1
  2\B  b  .  .  W  *  *  *  *  *  .\2
   3\.  .  *  *  *  *  *  *  *  *  w\3
    4\*  *  *  *  *  *  *  *  *  .  w\4
     5\*  *  *  *  *  *  *  *  *  W  w\5
      6\B  *  *  *  *  B  *  *  *  .  b\6
       7\*  *  *  *  *  *  *  B  .  B  w\7
        8\*  *  W  *  *  *  *  W  .  .  w\8
         9\*  *  *  *  *  *  W  *  *  *  W\9
         10\*  *  *  *  .  B  *  *  .  .  w\10
          11\.  .  .  .  .  W  .  B  b  b  w\11
              a  b  c  d  e  f  g  h  i  j  k  
7b5d7 info: Old: [black, j7] [white, swap-pieces] [white, e2] [black, h11] [white, h8] [black, a6] [white, c8] [black, f6] [white, f11] [black, a2] [white, k9] [black, f10] [white, g9] 
7b5d7 info: New: [black, j7] [white, swap-pieces] [white, e2] [black, h11] [white, h8] [black, a6] [white, c8] [black, f6] [white, f11] [black, a2] [white, k9] [black, f10] [white, g9] [black, h7] [white, j5] 
7b5d7 info: MovesPlayed: [black, h7] [white, j5] 
7b5d7 info: No subtree to reuse.
7b5d7 info: StartSearch()[0]
7b5d7 info: 
Elapsed Time   0.389041s
Count          1
GamesPlayed    1
Nodes          1
Knowledge      0 (0.0%)
Expansions     0.0
Time           0.00
GameLen        91.0 dev=0.0 min=91.0 max=91.0
InTree         0.0 dev=0.0 min=0.0 max=0.0
KnowDepth      -
Aborted        0%
Games/s        2659.6
Score          1.00
Sequence      
7b5d7 info: 
7b5d7 warning: **** MoHexSearch returned empty sequence!
7b5d7 warning: **** Returning random move!
7b5d7 info: Best move cannot be determined, must search state.
7b5d7 info: --- MoHexPlayer::Search() ---
7b5d7 info: Color: black
7b5d7 info: MaxGames: 1
7b5d7 info: NumberThreads: 1
7b5d7 info: MaxNodes: 181818181 (15999999928 bytes)
7b5d7 info: TimeForMove: 1
7b5d7 info: PreSearch: max time reached (23/62).
7b5d7 info: Time for PreSearch: 0.204437s
7b5d7 info: 
  78592be439a03aa0
  a  b  c  d  e  f  g  h  i  j  k  
 1\b  b  b  b  b  .  .  .  .  .  .\1
  2\B  b  b  b  W  *  *  *  *  *  .\2
   3\.  .  .  W  *  *  *  *  *  *  w\3
    4\.  *  *  *  *  *  *  *  *  .  w\4
     5\*  *  *  *  *  *  *  *  *  W  w\5
      6\B  *  *  *  *  B  *  *  *  .  b\6
       7\*  *  *  *  *  *  B  B  .  B  w\7
        8\*  *  W  *  *  *  .  W  .  .  w\8
         9\*  *  *  *  *  *  W  *  *  *  W\9
         10\*  *  *  *  .  B  *  *  .  .  w\10
          11\.  .  .  .  .  W  .  B  b  b  w\11
              a  b  c  d  e  f  g  h  i  j  k  
7b5d7 info: Old: [black, j7] [white, swap-pieces] [white, e2] [black, h11] [white, h8] [black, a6] [white, c8] [black, f6] [white, f11] [black, a2] [white, k9] [black, f10] [white, g9] [black, h7] [white, j5] 
7b5d7 info: New: [black, j7] [white, swap-pieces] [white, e2] [black, h11] [white, h8] [black, a6] [white, c8] [black, f6] [white, f11] [black, a2] [white, k9] [black, f10] [white, g9] [black, h7] [white, j5] [black, g7] [white, d3] 
7b5d7 info: MovesPlayed: [black, g7] [white, d3] 
7b5d7 info: No subtree to reuse.
7b5d7 info: StartSearch()[0]
7b5d7 info: 
Elapsed Time   0.394367s
Count          1
GamesPlayed    1
Nodes          1
Knowledge      0 (0.0%)
Expansions     0.0
Time           0.00
GameLen        87.0 dev=0.0 min=87.0 max=87.0
InTree         0.0 dev=0.0 min=0.0 max=0.0
KnowDepth      -
Aborted        0%
Games/s        3184.7
Score          0.00
Sequence      
7b5d7 info: 
7b5d7 warning: **** MoHexSearch returned empty sequence!
7b5d7 warning: **** Returning random move!
7b5d7 info: Best move cannot be determined, must search state.
7b5d7 info: --- MoHexPlayer::Search() ---
7b5d7 info: Color: black
7b5d7 info: MaxGames: 1
7b5d7 info: NumberThreads: 1
7b5d7 info: MaxNodes: 181818181 (15999999928 bytes)
7b5d7 info: TimeForMove: 1
7b5d7 info: PreSearch: max time reached (28/52).
7b5d7 info: Time for PreSearch: 0.203614s
7b5d7 info: 
  5002ea41c393e0c5
  a  b  c  d  e  f  g  h  i  j  k  
 1\b  b  b  b  b  .  .  .  .  .  .\1
  2\B  b  b  b  W  .  .  *  *  *  .\2
   3\.  .  .  W  W  *  *  *  *  *  w\3
    4\.  *  *  *  *  *  *  *  *  .  w\4
     5\*  *  *  *  *  *  *  *  *  W  w\5
      6\B  *  *  *  *  B  *  *  *  .  b\6
       7\*  *  *  *  *  *  B  B  .  B  w\7
        8\.  .  W  *  *  *  .  W  .  .  w\8
         9\*  .  .  *  *  *  W  *  *  *  W\9
         10\.  B  .  .  .  B  *  *  .  .  w\10
          11\b  b  b  .  .  W  .  B  b  b  w\11
              a  b  c  d  e  f  g  h  i  j  k  
7b5d7 info: Old: [black, j7] [white, swap-pieces] [white, e2] [black, h11] [white, h8] [black, a6] [white, c8] [black, f6] [white, f11] [black, a2] [white, k9] [black, f10] [white, g9] [black, h7] [white, j5] [black, g7] [white, d3] 
7b5d7 info: New: [black, j7] [white, swap-pieces] [white, e2] [black, h11] [white, h8] [black, a6] [white, c8] [black, f6] [white, f11] [black, a2] [white, k9] [black, f10] [white, g9] [black, h7] [white, j5] [black, g7] [white, d3] [black, b10] [white, e3] 
7b5d7 info: MovesPlayed: [black, b10] [white, e3] 
7b5d7 info: No subtree to reuse.
7b5d7 info: StartSearch()[0]
7b5d7 info: 
Elapsed Time   0.39411s
Count          1
GamesPlayed    1
Nodes          1
Knowledge      0 (0.0%)
Expansions     0.0
Time           0.00
GameLen        82.0 dev=0.0 min=82.0 max=82.0
InTree         0.0 dev=0.0 min=0.0 max=0.0
KnowDepth      -
Aborted        0%
Games/s        2525.3
Score          0.00
Sequence      
7b5d7 info: 
7b5d7 warning: **** MoHexSearch returned empty sequence!
7b5d7 warning: **** Returning random move!
7b5d7 info: Best move cannot be determined, must search state.
7b5d7 info: --- MoHexPlayer::Search() ---
7b5d7 info: Color: black
7b5d7 info: MaxGames: 1
7b5d7 info: NumberThreads: 1
7b5d7 info: MaxNodes: 181818181 (15999999928 bytes)
7b5d7 info: TimeForMove: 1
7b5d7 info: PreSearch: max time reached (43/53).
7b5d7 info: Time for PreSearch: 0.20151s
7b5d7 info: 
  4f1e19429e6b6149
  a  b  c  d  e  f  g  h  i  j  k  
 1\b  b  b  b  b  .  .  .  .  .  .\1
  2\B  b  b  b  W  .  .  *  *  *  .\2
   3\.  .  .  W  W  *  *  *  *  *  w\3
    4\.  *  *  *  *  *  *  *  *  .  w\4
     5\*  *  *  *  *  *  *  *  *  W  w\5
      6\B  *  *  *  *  B  *  *  W  b  b\6
       7\*  *  *  *  *  *  B  B  *  B  w\7
        8\B  *  W  *  *  *  .  W  .  .  w\8
         9\*  .  .  *  *  *  W  *  *  *  W\9
         10\.  B  .  .  .  B  .  .  .  .  w\10
          11\b  b  b  .  .  W  .  B  b  b  w\11
              a  b  c  d  e  f  g  h  i  j  k  
7b5d7 info: Old: [black, j7] [white, swap-pieces] [white, e2] [black, h11] [white, h8] [black, a6] [white, c8] [black, f6] [white, f11] [black, a2] [white, k9] [black, f10] [white, g9] [black, h7] [white, j5] [black, g7] [white, d3] [black, b10] [white, e3] 
7b5d7 info: New: [black, j7] [white, swap-pieces] [white, e2] [black, h11] [white, h8] [black, a6] [white, c8] [black, f6] [white, f11] [black, a2] [white, k9] [black, f10] [white, g9] [black, h7] [white, j5] [black, g7] [white, d3] [black, b10] [white, e3] [black, a8] [white, i6] 
7b5d7 info: MovesPlayed: [black, a8] [white, i6] 
7b5d7 info: No subtree to reuse.
7b5d7 info: StartSearch()[0]
7b5d7 info: 
Elapsed Time   0.384026s
Count          1
GamesPlayed    1
Nodes          1
Knowledge      0 (0.0%)
Expansions     0.0
Time           0.00
GameLen        79.0 dev=0.0 min=79.0 max=79.0
InTree         0.0 dev=0.0 min=0.0 max=0.0
KnowDepth      -
Aborted        0%
Games/s        2481.4
Score          0.00
Sequence      
7b5d7 info: 
7b5d7 warning: **** MoHexSearch returned empty sequence!
7b5d7 warning: **** Returning random move!
7b5d7 info: Best move cannot be determined, must search state.
7b5d7 info: --- MoHexPlayer::Search() ---
7b5d7 info: Color: black
7b5d7 info: MaxGames: 1
7b5d7 info: NumberThreads: 1
7b5d7 info: MaxNodes: 181818181 (15999999928 bytes)
7b5d7 info: TimeForMove: 1
7b5d7 info: PreSearch: max time reached (47/53).
7b5d7 info: Time for PreSearch: 0.201436s
7b5d7 info: 
  e3777cd06cc9b25e
  a  b  c  d  e  f  g  h  i  j  k  
 1\b  b  b  b  b  .  .  .  .  .  .\1
  2\B  b  b  b  W  .  .  *  *  *  *\2
   3\.  .  .  W  W  *  *  *  *  *  .\3
    4\.  *  *  *  *  *  *  *  *  B  w\4
     5\*  *  *  *  *  W  *  *  *  W  w\5
      6\B  *  *  *  *  B  *  *  W  b  b\6
       7\*  *  *  *  *  *  B  B  *  B  w\7
        8\B  *  W  *  *  *  .  W  .  .  w\8
         9\*  .  .  *  *  *  W  *  *  *  W\9
         10\.  B  .  .  .  B  .  .  .  .  w\10
          11\b  b  b  .  .  W  .  B  b  b  w\11
              a  b  c  d  e  f  g  h  i  j  k  
7b5d7 info: Old: [black, j7] [white, swap-pieces] [white, e2] [black, h11] [white, h8] [black, a6] [white, c8] [black, f6] [white, f11] [black, a2] [white, k9] [black, f10] [white, g9] [black, h7] [white, j5] [black, g7] [white, d3] [black, b10] [white, e3] [black, a8] [white, i6] 
7b5d7 info: New: [black, j7] [white, swap-pieces] [white, e2] [black, h11] [white, h8] [black, a6] [white, c8] [black, f6] [white, f11] [black, a2] [white, k9] [black, f10] [white, g9] [black, h7] [white, j5] [black, g7] [white, d3] [black, b10] [white, e3] [black, a8] [white, i6] [black, j4] [white, f5] 
7b5d7 info: MovesPlayed: [black, j4] [white, f5] 
7b5d7 info: No subtree to reuse.
7b5d7 info: StartSearch()[0]
7b5d7 info: 
Elapsed Time   0.388239s
Count          1
GamesPlayed    1
Nodes          1
Knowledge      0 (0.0%)
Expansions     0.0
Time           0.00
GameLen        78.0 dev=0.0 min=78.0 max=78.0
InTree         0.0 dev=0.0 min=0.0 max=0.0
KnowDepth      -
Aborted        0%
Games/s        2624.7
Score          0.00
Sequence      
7b5d7 info: 
7b5d7 warning: **** MoHexSearch returned empty sequence!
7b5d7 warning: **** Returning random move!
7b5d7 info: Best move cannot be determined, must search state.
7b5d7 info: --- MoHexPlayer::Search() ---
7b5d7 info: Color: black
7b5d7 info: MaxGames: 1
7b5d7 info: NumberThreads: 1
7b5d7 info: MaxNodes: 181818181 (15999999928 bytes)
7b5d7 info: TimeForMove: 1
7b5d7 info: PreSearch: max time reached (45/49).
7b5d7 info: Time for PreSearch: 0.205553s
7b5d7 info: 
  086f3bdeda8bb00f
  a  b  c  d  e  f  g  h  i  j  k  
 1\b  b  b  b  b  .  .  .  .  .  .\1
  2\B  b  b  b  W  .  .  .  *  *  *\2
   3\.  .  .  W  W  *  W  *  *  *  .\3
    4\.  *  *  *  *  *  *  *  *  B  w\4
     5\*  *  *  *  *  W  *  *  *  W  w\5
      6\B  *  *  *  *  B  *  *  W  b  b\6
       7\*  *  *  *  *  *  B  B  .  B  b\7
        8\B  *  W  *  *  .  .  W  .  B  b\8
         9\*  .  .  *  .  .  W  .  .  .  W\9
         10\.  B  .  .  .  B  .  .  .  .  w\10
          11\b  b  b  .  .  W  .  B  b  b  w\11
              a  b  c  d  e  f  g  h  i  j  k  
7b5d7 info: Old: [black, j7] [white, swap-pieces] [white, e2] [black, h11] [white, h8] [black, a6] [white, c8] [black, f6] [white, f11] [black, a2] [white, k9] [black, f10] [white, g9] [black, h7] [white, j5] [black, g7] [white, d3] [black, b10] [white, e3] [black, a8] [white, i6] [black, j4] [white, f5] 
7b5d7 info: New: [black, j7] [white, swap-pieces] [white, e2] [black, h11] [white, h8] [black, a6] [white, c8] [black, f6] [white, f11] [black, a2] [white, k9] [black, f10] [white, g9] [black, h7] [white, j5] [black, g7] [white, d3] [black, b10] [white, e3] [black, a8] [white, i6] [black, j4] [white, f5] [black, j8] [white, g3] 
7b5d7 info: MovesPlayed: [black, j8] [white, g3] 
7b5d7 info: No subtree to reuse.
7b5d7 info: StartSearch()[0]
7b5d7 info: 
Elapsed Time   0.59776s
Count          1
GamesPlayed    1
Nodes          1
Knowledge      0 (0.0%)
Expansions     0.0
Time           0.00
GameLen        76.0 dev=0.0 min=76.0 max=76.0
InTree         0.0 dev=0.0 min=0.0 max=0.0
KnowDepth      -
Aborted        0%
Games/s        3021.1
Score          1.00
Sequence      
7b5d7 info: 
7b5d7 warning: **** MoHexSearch returned empty sequence!
7b5d7 warning: **** Returning random move!
7b5d7 info: Best move cannot be determined, must search state.
7b5d7 info: --- MoHexPlayer::Search() ---
7b5d7 info: Color: black
7b5d7 info: MaxGames: 1
7b5d7 info: NumberThreads: 1
7b5d7 info: MaxNodes: 181818181 (15999999928 bytes)
7b5d7 info: TimeForMove: 1
7b5d7 info: Time for PreSearch: 0.065318s
7b5d7 info: 
  dd7a08f4ecaf6488
  a  b  c  d  e  f  g  h  i  j  k  
 1\b  b  b  b  b  .  .  .  .  .  .\1
  2\B  b  b  b  W  .  .  .  .  .  *\2
   3\.  .  .  W  W  *  W  *  *  *  .\3
    4\.  *  *  .  *  *  *  W  *  B  w\4
     5\*  .  .  B  *  W  *  *  *  W  w\5
      6\B  .  .  .  .  B  .  *  W  b  b\6
       7\.  .  .  .  .  .  B  B  .  B  b\7
        8\B  .  W  .  .  .  .  W  .  B  b\8
         9\.  .  .  .  .  .  W  .  .  .  W\9
         10\.  B  .  .  .  B  .  .  .  .  w\10
          11\b  b  b  .  .  W  .  B  b  b  w\11
              a  b  c  d  e  f  g  h  i  j  k  
7b5d7 info: Old: [black, j7] [white, swap-pieces] [white, e2] [black, h11] [white, h8] [black, a6] [white, c8] [black, f6] [white, f11] [black, a2] [white, k9] [black, f10] [white, g9] [black, h7] [white, j5] [black, g7] [white, d3] [black, b10] [white, e3] [black, a8] [white, i6] [black, j4] [white, f5] [black, j8] [white, g3] 
7b5d7 info: New: [black, j7] [white, swap-pieces] [white, e2] [black, h11] [white, h8] [black, a6] [white, c8] [black, f6] [white, f11] [black, a2] [white, k9] [black, f10] [white, g9] [black, h7] [white, j5] [black, g7] [white, d3] [black, b10] [white, e3] [black, a8] [white, i6] [black, j4] [white, f5] [black, j8] [white, g3] [black, d5] [white, h4] 
7b5d7 info: MovesPlayed: [black, d5] [white, h4] 
7b5d7 info: No subtree to reuse.
7b5d7 info: StartSearch()[0]
7b5d7 info: 
Elapsed Time   0.254912s
Count          1
GamesPlayed    1
Nodes          1
Knowledge      0 (0.0%)
Expansions     0.0
Time           0.00
GameLen        74.0 dev=0.0 min=74.0 max=74.0
InTree         0.0 dev=0.0 min=0.0 max=0.0
KnowDepth      -
Aborted        0%
Games/s        2994.0
Score          1.00
Sequence      
7b5d7 info: 
7b5d7 warning: **** MoHexSearch returned empty sequence!
7b5d7 warning: **** Returning random move!
7b5d7 info: Opponent has won; playing most blocking move.
7b5d7 info: Opponent has won; playing most blocking move.
7b5d7 info: Opponent has won; playing most blocking move.
7b5d7 info: Opponent has won; playing most blocking move.
7b5d7 info: Captured cells caused win! Removing...
7b5d7 info: Opponent has won; playing most blocking move.
7b5d7 info: Captured cells caused win! Removing...
7b5d7 info: Opponent has won; playing most blocking move.
7b5d7 info: Captured cells caused win! Removing...
7b5d7 info: Opponent has won; playing most blocking move.
7b5d7 info: Captured cells caused win! Removing...
7b5d7 info: Opponent has won; playing most blocking move.
7b5d7 config: ============ BenzeneShutdown =============
7b5d7 config: MoHexProgram:: ShutdownSystem()
7b5d7 config: CommonProgram:: ShutdownSystem()
7b5d7 config: BenzeneProgram:: ShutdownSystem()
Flushing and closing this stream...
