# nice ../build/src/mohex/mohex --config mohex-weak.htp --seed 330846 --logfile-name jobs/11x11-mohex-mohex-cg2010-vs-mohex-mohex-weak-1/mohex-mohex-weak-235.log
>boardsize 11 11
<= 
<
>name
MoHex 2.0.CMake Mar 21 2025
Copyright (C) 2007-2012 by the authors of the Benzene project.
This program comes with ABSOLUTELY NO WARRANTY. This is
free software and you are welcome to redistribute it under
certain conditions. Type `benzene-license' for details.

SgRandom::SetSeed: 330846
SgUctSearch: system memory 33632358400, using 1000000000 (5681818 nodes)
SgRandom::SetSeed: 1
SgRandom::SetSeed: 330846
f14c7 info: Prior Patterns:
f14c7 info: Global:
f14c7 info: Size            = 565 32648 
f14c7 info: TableEntries    = 65932 65910
f14c7 info: MirrorsAdded    = 0 0
f14c7 info: PrunableCount   = 30593 30629
f14c7 info: LargestGamma    = 5820.77
f14c7 info: SmallestGamma   = 6.6e-05
f14c7 info: Local:
f14c7 info: Size            = 550 5318 
f14c7 info: TableEntries    = 11602 11588
f14c7 info: MirrorsAdded    = 0 0
f14c7 info: PrunableCount   = 3659 3667
f14c7 info: LargestGamma    = 11281.8
f14c7 info: SmallestGamma   = 0.026235
f14c7 info: Playout Patterns:
f14c7 info: Global:
f14c7 info: Size            = 565 32648 
f14c7 info: TableEntries    = 70329 70329
f14c7 info: MirrorsAdded    = 4397 4419
f14c7 info: PrunableCount   = 30593 30629
f14c7 info: LargestGamma    = 5820.77
f14c7 info: SmallestGamma   = 6.6e-05
f14c7 info: Local:
f14c7 info: Size            = 550 5318 
f14c7 info: TableEntries    = 11602 11588
f14c7 info: MirrorsAdded    = 0 0
f14c7 info: PrunableCount   = 3659 3667
f14c7 info: LargestGamma    = 11281.8
f14c7 info: SmallestGamma   = 0.026235
param_game allow_swap 1
= 

param_mohex max_memory 1600000
= 

param_mohex num_threads 1
= 

param_mohex max_time 1
= 

param_mohex max_games 1
= 

param_mohex knowledge_threshold 400
= 

param_mohex reuse_subtree 1
= 

param_mohex use_parallel_solver 0
= 

<= MoHex
<
>version
<= 2.0.CMake
<
>play b k8
<= 
<
>showboard
<= 
< 
<  c80237a1bfe88181
<  a  b  c  d  e  f  g  h  i  j  k  
< 1\.  .  .  .  .  .  .  .  .  .  .\1
<  2\.  .  .  .  .  .  .  .  .  .  .\2
<   3\.  .  .  .  .  .  .  .  .  .  .\3
<    4\.  .  .  .  .  .  .  .  .  .  .\4
<     5\.  .  .  .  .  .  .  .  .  .  .\5
<      6\.  .  .  .  .  .  .  .  .  .  .\6
<       7\.  .  .  .  .  .  .  .  .  .  .\7
<        8\.  .  .  .  .  .  .  .  .  .  B\8
<         9\.  .  .  .  .  .  .  .  .  .  .\9
<         10\.  .  .  .  .  .  .  .  .  .  .\10
<          11\.  .  .  .  .  .  .  .  .  .  .\11
<              a  b  c  d  e  f  g  h  i  j  k  
<
>play w swap-pieces
<= 
<
>genmove w
<= k9
<
>play b b4
f14c7 info: Best move cannot be determined, must search state.
f14c7 info: --- MoHexPlayer::Search() ---
f14c7 info: Color: white
f14c7 info: MaxGames: 1
f14c7 info: NumberThreads: 1
f14c7 info: MaxNodes: 9090 (799920 bytes)
f14c7 info: TimeForMove: 1
f14c7 info: PreSearch: max time reached (59/93).
f14c7 info: Time for PreSearch: 0.203377s
f14c7 info: 
  c80237a1bfe88181
  a  b  c  d  e  f  g  h  i  j  k  
 1\.  .  .  .  *  *  *  *  *  *  .\1
  2\.  .  *  *  *  *  *  *  *  *  .\2
   3\.  *  *  *  *  *  *  *  *  *  .\3
    4\.  *  *  *  *  *  *  *  *  *  .\4
     5\.  *  *  *  *  *  *  *  *  *  .\5
      6\.  *  *  *  *  *  *  *  *  *  .\6
       7\.  *  *  *  *  *  *  *  *  *  .\7
        8\.  *  *  *  *  *  *  *  *  *  B\8
         9\.  *  *  *  *  *  *  *  *  *  .\9
         10\.  *  *  *  *  *  *  *  *  *  .\10
          11\.  *  *  *  *  *  *  .  *  .  .\11
              a  b  c  d  e  f  g  h  i  j  k  
f14c7 info: No subtree to reuse.
f14c7 info: Creating thread 0
f14c7 info: StartSearch()[0]
SgUctSearch: max games reached
f14c7 info: 
Elapsed Time   0.560378s
Count          1
GamesPlayed    1
Nodes          1
Knowledge      0 (0.0%)
Expansions     0.0
Time           0.00
GameLen        120.0 dev=0.0 min=120.0 max=120.0
InTree         0.0 dev=0.0 min=0.0 max=0.0
KnowDepth      -
Aborted        0%
Games/s        413.6
Score          0.00
Sequence      
f14c7 info: 
f14c7 warning: **** MoHexSearch returned empty sequence!
f14c7 warning: **** Returning random move!
<= 
<
>genmove w
<= c10
<
>play b a1
f14c7 info: Best move cannot be determined, must search state.
f14c7 info: --- MoHexPlayer::Search() ---
f14c7 info: Color: white
f14c7 info: MaxGames: 1
f14c7 info: NumberThreads: 1
f14c7 info: MaxNodes: 9090 (799920 bytes)
f14c7 info: TimeForMove: 1
f14c7 info: PreSearch: max time reached (67/93).
f14c7 info: Time for PreSearch: 0.202579s
f14c7 info: 
  6828c28d711b6689
  a  b  c  d  e  f  g  h  i  j  k  
 1\.  .  .  *  *  *  *  *  *  *  .\1
  2\.  .  *  *  *  *  *  *  *  *  .\2
   3\.  *  *  *  *  *  *  *  *  *  .\3
    4\.  B  *  *  *  *  *  *  *  *  .\4
     5\.  *  *  *  *  *  *  *  *  *  .\5
      6\.  *  *  *  *  *  *  *  *  *  .\6
       7\.  *  *  *  *  *  *  *  *  *  .\7
        8\.  *  *  *  *  *  *  *  *  *  B\8
         9\.  *  *  *  *  *  *  *  *  *  W\9
         10\.  *  *  *  *  *  *  *  *  .  w\10
          11\.  *  *  *  *  *  *  *  *  .  w\11
              a  b  c  d  e  f  g  h  i  j  k  
f14c7 info: Old: [black, k8] [white, swap-pieces] 
f14c7 info: New: [black, k8] [white, swap-pieces] [white, k9] [black, b4] 
f14c7 info: ReuseSubtree: Colors do not alternate.
f14c7 info: No subtree to reuse.
f14c7 info: StartSearch()[0]
SgUctSearch: max games reached
f14c7 info: 
Elapsed Time   0.342089s
Count          1
GamesPlayed    1
Nodes          1
Knowledge      0 (0.0%)
Expansions     0.0
Time           0.00
GameLen        116.0 dev=0.0 min=116.0 max=116.0
InTree         0.0 dev=0.0 min=0.0 max=0.0
KnowDepth      -
Aborted        0%
Games/s        3413.0
Score          1.00
Sequence      
f14c7 info: 
f14c7 warning: **** MoHexSearch returned empty sequence!
f14c7 warning: **** Returning random move!
<= 
<
>genmove w
<= h2
<
>play b i6
f14c7 info: Best move cannot be determined, must search state.
f14c7 info: --- MoHexPlayer::Search() ---
f14c7 info: Color: white
f14c7 info: MaxGames: 1
f14c7 info: NumberThreads: 1
f14c7 info: MaxNodes: 9090 (799920 bytes)
f14c7 info: TimeForMove: 1
f14c7 info: PreSearch: max time reached (61/91).
f14c7 info: Time for PreSearch: 0.20112s
f14c7 info: 
  e2307c3b0c305e83
  a  b  c  d  e  f  g  h  i  j  k  
 1\B  b  .  *  *  *  *  *  *  *  .\1
  2\.  *  *  *  *  *  *  *  *  *  .\2
   3\.  *  *  *  *  *  *  *  *  *  .\3
    4\.  B  *  *  *  *  *  *  *  *  .\4
     5\.  *  *  *  *  *  *  *  *  *  .\5
      6\.  *  *  *  *  *  *  *  *  *  .\6
       7\.  *  *  *  *  *  *  *  *  *  .\7
        8\.  *  *  *  *  *  *  *  *  *  B\8
         9\.  *  *  *  *  *  *  *  *  *  W\9
         10\.  *  W  *  *  *  *  *  *  .  w\10
          11\.  .  .  *  *  *  *  *  *  .  w\11
              a  b  c  d  e  f  g  h  i  j  k  
f14c7 info: Old: [black, k8] [white, swap-pieces] [white, k9] [black, b4] 
f14c7 info: New: [black, k8] [white, swap-pieces] [white, k9] [black, b4] [white, c10] [black, a1] 
f14c7 info: MovesPlayed: [white, c10] [black, a1] 
f14c7 info: No subtree to reuse.
f14c7 info: StartSearch()[0]
SgUctSearch: max games reached
f14c7 info: 
Elapsed Time   0.341343s
Count          1
GamesPlayed    1
Nodes          1
Knowledge      0 (0.0%)
Expansions     0.0
Time           0.00
GameLen        113.0 dev=0.0 min=113.0 max=113.0
InTree         0.0 dev=0.0 min=0.0 max=0.0
KnowDepth      -
Aborted        0%
Games/s        3891.1
Score          0.00
Sequence      
f14c7 info: 
f14c7 warning: **** MoHexSearch returned empty sequence!
f14c7 warning: **** Returning random move!
<= 
<
>genmove w
<= c4
<
>play b h3
f14c7 info: Best move cannot be determined, must search state.
f14c7 info: --- MoHexPlayer::Search() ---
f14c7 info: Color: white
f14c7 info: MaxGames: 1
f14c7 info: NumberThreads: 1
f14c7 info: MaxNodes: 9090 (799920 bytes)
f14c7 info: TimeForMove: 1
f14c7 info: PreSearch: max time reached (68/85).
f14c7 info: Time for PreSearch: 0.202583s
f14c7 info: 
  6e167cafef9fae40
  a  b  c  d  e  f  g  h  i  j  k  
 1\B  b  .  *  *  *  *  .  .  *  .\1
  2\.  *  *  *  *  *  *  W  *  *  .\2
   3\.  *  *  *  *  *  *  *  *  *  .\3
    4\.  B  *  *  *  *  *  *  *  *  .\4
     5\.  *  *  *  *  *  *  *  *  .  .\5
      6\.  *  *  *  *  *  *  *  B  .  .\6
       7\.  *  *  *  *  *  *  *  *  *  .\7
        8\.  *  *  *  *  *  *  *  *  *  B\8
         9\.  *  *  *  *  *  *  *  *  *  W\9
         10\.  *  W  *  *  *  *  *  *  .  w\10
          11\.  .  .  *  *  *  *  *  *  .  w\11
              a  b  c  d  e  f  g  h  i  j  k  
f14c7 info: Old: [black, k8] [white, swap-pieces] [white, k9] [black, b4] [white, c10] [black, a1] 
f14c7 info: New: [black, k8] [white, swap-pieces] [white, k9] [black, b4] [white, c10] [black, a1] [white, h2] [black, i6] 
f14c7 info: MovesPlayed: [white, h2] [black, i6] 
f14c7 info: No subtree to reuse.
f14c7 info: StartSearch()[0]
SgUctSearch: max games reached
f14c7 info: 
Elapsed Time   0.342862s
Count          1
GamesPlayed    1
Nodes          1
Knowledge      0 (0.0%)
Expansions     0.0
Time           0.00
GameLen        111.0 dev=0.0 min=111.0 max=111.0
InTree         0.0 dev=0.0 min=0.0 max=0.0
KnowDepth      -
Aborted        0%
Games/s        3484.3
Score          1.00
Sequence      
f14c7 info: 
f14c7 warning: **** MoHexSearch returned empty sequence!
f14c7 warning: **** Returning random move!
<= 
<
>genmove w
<= c3
<
>play b b3
f14c7 info: Best move cannot be determined, must search state.
f14c7 info: --- MoHexPlayer::Search() ---
f14c7 info: Color: white
f14c7 info: MaxGames: 1
f14c7 info: NumberThreads: 1
f14c7 info: MaxNodes: 9090 (799920 bytes)
f14c7 info: TimeForMove: 1
f14c7 info: PreSearch: max time reached (63/83).
f14c7 info: Time for PreSearch: 0.200173s
f14c7 info: 
  6a5850820fc4104b
  a  b  c  d  e  f  g  h  i  j  k  
 1\B  b  .  *  *  *  *  .  .  *  .\1
  2\.  *  *  *  *  *  *  W  *  *  .\2
   3\.  *  *  *  *  *  *  B  *  *  .\3
    4\.  B  W  *  *  *  *  *  *  *  .\4
     5\.  *  *  *  *  *  *  *  *  .  .\5
      6\.  *  *  *  *  *  *  *  B  .  .\6
       7\.  *  *  *  *  *  *  *  *  *  .\7
        8\.  *  *  *  *  *  *  *  *  *  B\8
         9\.  *  *  *  *  *  *  *  *  *  W\9
         10\.  *  W  *  *  *  *  *  *  .  w\10
          11\.  .  .  *  *  *  *  *  *  .  w\11
              a  b  c  d  e  f  g  h  i  j  k  
f14c7 info: Old: [black, k8] [white, swap-pieces] [white, k9] [black, b4] [white, c10] [black, a1] [white, h2] [black, i6] 
f14c7 info: New: [black, k8] [white, swap-pieces] [white, k9] [black, b4] [white, c10] [black, a1] [white, h2] [black, i6] [white, c4] [black, h3] 
f14c7 info: MovesPlayed: [white, c4] [black, h3] 
f14c7 info: No subtree to reuse.
f14c7 info: StartSearch()[0]
SgUctSearch: max games reached
f14c7 info: 
Elapsed Time   0.348133s
Count          1
GamesPlayed    1
Nodes          1
Knowledge      0 (0.0%)
Expansions     0.0
Time           0.00
GameLen        109.0 dev=0.0 min=109.0 max=109.0
InTree         0.0 dev=0.0 min=0.0 max=0.0
KnowDepth      -
Aborted        0%
Games/s        3921.6
Score          1.00
Sequence      
f14c7 info: 
f14c7 warning: **** MoHexSearch returned empty sequence!
f14c7 warning: **** Returning random move!
<= 
<
>genmove w
<= g5
<
>play b d8
f14c7 info: Best move cannot be determined, must search state.
f14c7 info: --- MoHexPlayer::Search() ---
f14c7 info: Color: white
f14c7 info: MaxGames: 1
f14c7 info: NumberThreads: 1
f14c7 info: MaxNodes: 9090 (799920 bytes)
f14c7 info: TimeForMove: 1
f14c7 info: PreSearch: max time reached (64/79).
f14c7 info: Time for PreSearch: 0.203006s
f14c7 info: 
  356d345b7e570156
  a  b  c  d  e  f  g  h  i  j  k  
 1\B  b  b  .  *  *  *  .  .  *  .\1
  2\w  .  *  .  *  *  *  W  *  *  .\2
   3\w  B  W  .  *  *  *  B  *  *  .\3
    4\b  B  W  *  *  *  *  *  *  *  .\4
     5\.  *  *  *  *  *  *  *  *  .  .\5
      6\.  *  *  *  *  *  *  *  B  .  .\6
       7\.  *  *  *  *  *  *  *  *  *  .\7
        8\.  *  *  *  *  *  *  *  *  *  B\8
         9\.  *  *  *  *  *  *  *  *  *  W\9
         10\.  *  W  *  *  *  *  *  *  .  w\10
          11\.  .  .  *  *  *  *  *  *  .  w\11
              a  b  c  d  e  f  g  h  i  j  k  
f14c7 info: Old: [black, k8] [white, swap-pieces] [white, k9] [black, b4] [white, c10] [black, a1] [white, h2] [black, i6] [white, c4] [black, h3] 
f14c7 info: New: [black, k8] [white, swap-pieces] [white, k9] [black, b4] [white, c10] [black, a1] [white, h2] [black, i6] [white, c4] [black, h3] [white, c3] [black, b3] 
f14c7 info: MovesPlayed: [white, c3] [black, b3] 
f14c7 info: No subtree to reuse.
f14c7 info: StartSearch()[0]
SgUctSearch: max games reached
f14c7 info: 
Elapsed Time   0.34344s
Count          1
GamesPlayed    1
Nodes          1
Knowledge      0 (0.0%)
Expansions     0.0
Time           0.00
GameLen        103.0 dev=0.0 min=103.0 max=103.0
InTree         0.0 dev=0.0 min=0.0 max=0.0
KnowDepth      -
Aborted        0%
Games/s        3322.3
Score          1.00
Sequence      
f14c7 info: 
f14c7 warning: **** MoHexSearch returned empty sequence!
f14c7 warning: **** Returning random move!
<= 
<
>genmove w
<= i5
<
>play b h6
f14c7 info: Best move cannot be determined, must search state.
f14c7 info: --- MoHexPlayer::Search() ---
f14c7 info: Color: white
f14c7 info: MaxGames: 1
f14c7 info: NumberThreads: 1
f14c7 info: MaxNodes: 9090 (799920 bytes)
f14c7 info: TimeForMove: 1
f14c7 info: PreSearch: max time reached (66/77).
f14c7 info: Time for PreSearch: 0.201952s
f14c7 info: 
  7dfa152c43614360
  a  b  c  d  e  f  g  h  i  j  k  
 1\B  b  b  .  *  *  *  .  .  *  .\1
  2\w  .  *  .  *  *  *  W  *  *  .\2
   3\w  B  W  .  *  *  *  B  *  *  .\3
    4\b  B  W  *  *  *  *  *  *  *  .\4
     5\.  *  *  *  *  *  W  *  *  .  .\5
      6\.  *  *  *  *  *  *  *  B  .  .\6
       7\.  *  *  *  *  *  *  *  *  *  .\7
        8\.  *  *  B  *  *  *  *  *  *  B\8
         9\.  *  .  *  *  *  *  *  *  *  W\9
         10\.  .  W  *  *  *  *  *  *  .  w\10
          11\.  .  .  *  *  *  *  *  *  .  w\11
              a  b  c  d  e  f  g  h  i  j  k  
f14c7 info: Old: [black, k8] [white, swap-pieces] [white, k9] [black, b4] [white, c10] [black, a1] [white, h2] [black, i6] [white, c4] [black, h3] [white, c3] [black, b3] 
f14c7 info: New: [black, k8] [white, swap-pieces] [white, k9] [black, b4] [white, c10] [black, a1] [white, h2] [black, i6] [white, c4] [black, h3] [white, c3] [black, b3] [white, g5] [black, d8] 
f14c7 info: MovesPlayed: [white, g5] [black, d8] 
f14c7 info: No subtree to reuse.
f14c7 info: StartSearch()[0]
SgUctSearch: max games reached
f14c7 info: 
Elapsed Time   0.342822s
Count          1
GamesPlayed    1
Nodes          1
Knowledge      0 (0.0%)
Expansions     0.0
Time           0.00
GameLen        101.0 dev=0.0 min=101.0 max=101.0
InTree         0.0 dev=0.0 min=0.0 max=0.0
KnowDepth      -
Aborted        0%
Games/s        3508.8
Score          1.00
Sequence      
f14c7 info: 
f14c7 warning: **** MoHexSearch returned empty sequence!
f14c7 warning: **** Returning random move!
<= 
<
>genmove w
<= f5
<
>play b f7
f14c7 info: Best move cannot be determined, must search state.
f14c7 info: --- MoHexPlayer::Search() ---
f14c7 info: Color: white
f14c7 info: MaxGames: 1
f14c7 info: NumberThreads: 1
f14c7 info: MaxNodes: 9090 (799920 bytes)
f14c7 info: TimeForMove: 1
f14c7 info: PreSearch: max time reached (60/73).
f14c7 info: Time for PreSearch: 0.200351s
f14c7 info: 
  a18be58e596742b6
  a  b  c  d  e  f  g  h  i  j  k  
 1\B  b  b  .  *  *  *  .  .  *  .\1
  2\w  .  *  .  *  *  *  W  *  *  .\2
   3\w  B  W  .  *  *  *  B  *  *  .\3
    4\b  B  W  *  *  *  *  .  *  *  .\4
     5\.  *  *  *  *  *  W  .  W  .  .\5
      6\.  *  *  *  *  *  *  B  B  .  .\6
       7\.  *  *  *  *  *  *  *  *  *  .\7
        8\.  *  *  B  *  *  *  *  *  *  B\8
         9\.  *  .  *  *  *  *  *  *  *  W\9
         10\.  .  W  *  *  *  *  *  *  .  w\10
          11\.  .  .  *  *  *  *  *  *  .  w\11
              a  b  c  d  e  f  g  h  i  j  k  
f14c7 info: Old: [black, k8] [white, swap-pieces] [white, k9] [black, b4] [white, c10] [black, a1] [white, h2] [black, i6] [white, c4] [black, h3] [white, c3] [black, b3] [white, g5] [black, d8] 
f14c7 info: New: [black, k8] [white, swap-pieces] [white, k9] [black, b4] [white, c10] [black, a1] [white, h2] [black, i6] [white, c4] [black, h3] [white, c3] [black, b3] [white, g5] [black, d8] [white, i5] [black, h6] 
f14c7 info: MovesPlayed: [white, i5] [black, h6] 
f14c7 info: No subtree to reuse.
f14c7 info: StartSearch()[0]
SgUctSearch: max games reached
f14c7 info: 
Elapsed Time   0.341343s
Count          1
GamesPlayed    1
Nodes          1
Knowledge      0 (0.0%)
Expansions     0.0
Time           0.00
GameLen        99.0 dev=0.0 min=99.0 max=99.0
InTree         0.0 dev=0.0 min=0.0 max=0.0
KnowDepth      -
Aborted        0%
Games/s        3194.9
Score          0.00
Sequence      
f14c7 info: 
f14c7 warning: **** MoHexSearch returned empty sequence!
f14c7 warning: **** Returning random move!
<= 
<
>genmove w
<= c8
<
>play b j1
f14c7 info: Best move cannot be determined, must search state.
f14c7 info: --- MoHexPlayer::Search() ---
f14c7 info: Color: white
f14c7 info: MaxGames: 1
f14c7 info: NumberThreads: 1
f14c7 info: MaxNodes: 9090 (799920 bytes)
f14c7 info: TimeForMove: 1
f14c7 info: PreSearch: max time reached (34/68).
f14c7 info: Time for PreSearch: 0.202873s
f14c7 info: 
  a06df6e2b6654012
  a  b  c  d  e  f  g  h  i  j  k  
 1\B  b  b  .  *  *  *  .  .  *  .\1
  2\w  .  *  .  *  *  *  W  *  *  .\2
   3\w  B  W  .  *  *  *  B  *  *  .\3
    4\b  B  W  *  *  *  .  .  *  *  .\4
     5\.  *  *  *  *  W  W  .  W  .  .\5
      6\.  *  *  *  *  .  .  B  B  .  .\6
       7\.  *  *  *  *  B  *  *  *  *  .\7
        8\.  *  *  B  *  *  *  *  *  *  B\8
         9\.  *  *  *  *  *  *  *  *  *  W\9
         10\.  *  W  *  *  *  *  *  *  .  w\10
          11\.  .  .  *  *  *  *  *  *  .  w\11
              a  b  c  d  e  f  g  h  i  j  k  
f14c7 info: Old: [black, k8] [white, swap-pieces] [white, k9] [black, b4] [white, c10] [black, a1] [white, h2] [black, i6] [white, c4] [black, h3] [white, c3] [black, b3] [white, g5] [black, d8] [white, i5] [black, h6] 
f14c7 info: New: [black, k8] [white, swap-pieces] [white, k9] [black, b4] [white, c10] [black, a1] [white, h2] [black, i6] [white, c4] [black, h3] [white, c3] [black, b3] [white, g5] [black, d8] [white, i5] [black, h6] [white, f5] [black, f7] 
f14c7 info: MovesPlayed: [white, f5] [black, f7] 
f14c7 info: No subtree to reuse.
f14c7 info: StartSearch()[0]
SgUctSearch: max games reached
f14c7 info: 
Elapsed Time   0.342396s
Count          1
GamesPlayed    1
Nodes          1
Knowledge      0 (0.0%)
Expansions     0.0
Time           0.00
GameLen        97.0 dev=0.0 min=97.0 max=97.0
InTree         0.0 dev=0.0 min=0.0 max=0.0
KnowDepth      -
Aborted        0%
Games/s        3906.2
Score          1.00
Sequence      
f14c7 info: 
f14c7 warning: **** MoHexSearch returned empty sequence!
f14c7 warning: **** Returning random move!
<= 
<
>genmove w
<= e5
<
>play b g4
f14c7 info: Best move cannot be determined, must search state.
f14c7 info: --- MoHexPlayer::Search() ---
f14c7 info: Color: white
f14c7 info: MaxGames: 1
f14c7 info: NumberThreads: 1
f14c7 info: MaxNodes: 9090 (799920 bytes)
f14c7 info: TimeForMove: 1
f14c7 info: PreSearch: max time reached (23/65).
f14c7 info: Time for PreSearch: 0.208033s
f14c7 info: 
  66cf3d45e124c9c8
  a  b  c  d  e  f  g  h  i  j  k  
 1\B  b  b  .  *  *  *  .  b  B  .\1
  2\w  .  *  *  *  *  *  W  *  *  .\2
   3\w  B  W  *  *  *  *  B  *  *  .\3
    4\b  B  W  *  *  *  .  .  *  *  .\4
     5\.  *  *  *  *  W  W  .  W  .  .\5
      6\.  *  *  *  *  .  .  B  B  .  .\6
       7\.  *  *  *  *  B  *  *  *  *  .\7
        8\.  *  W  B  *  *  *  *  *  *  B\8
         9\.  .  *  *  *  *  *  *  *  *  W\9
         10\.  *  W  *  *  *  *  *  *  .  w\10
          11\.  .  .  *  *  *  *  *  *  .  w\11
              a  b  c  d  e  f  g  h  i  j  k  
f14c7 info: Old: [black, k8] [white, swap-pieces] [white, k9] [black, b4] [white, c10] [black, a1] [white, h2] [black, i6] [white, c4] [black, h3] [white, c3] [black, b3] [white, g5] [black, d8] [white, i5] [black, h6] [white, f5] [black, f7] 
f14c7 info: New: [black, k8] [white, swap-pieces] [white, k9] [black, b4] [white, c10] [black, a1] [white, h2] [black, i6] [white, c4] [black, h3] [white, c3] [black, b3] [white, g5] [black, d8] [white, i5] [black, h6] [white, f5] [black, f7] [white, c8] [black, j1] 
f14c7 info: MovesPlayed: [white, c8] [black, j1] 
f14c7 info: No subtree to reuse.
f14c7 info: StartSearch()[0]
SgUctSearch: max games reached
f14c7 info: 
Elapsed Time   0.355246s
Count          1
GamesPlayed    1
Nodes          1
Knowledge      0 (0.0%)
Expansions     0.0
Time           0.00
GameLen        94.0 dev=0.0 min=94.0 max=94.0
InTree         0.0 dev=0.0 min=0.0 max=0.0
KnowDepth      -
Aborted        0%
Games/s        3571.4
Score          0.00
Sequence      
f14c7 info: 
f14c7 warning: **** MoHexSearch returned empty sequence!
f14c7 warning: **** Returning random move!
<= 
<
>genmove w
<= i4
<
>play b b7
f14c7 info: Winning SC.
<= 
<
>genmove w
<= d7
<
>play b k4
f14c7 info: Winning SC.
<= 
<
>genmove w
<= k3
<
>play b a9
f14c7 info: Winning SC.
<= 
<
>genmove w
<= b10
<
>play b d6
f14c7 info: Winning SC.
<= 
<
>genmove w
<= e6
<
>play b h4
f14c7 info: Winning SC.
<= 
<
>genmove w
<= h5
<
>play b j3
f14c7 info: Winning SC.
<= 
<
>genmove w
<= j4
<
>play b k1
f14c7 info: Winning SC.
<= 
<
>genmove w
<= b9
<
>play b a10
f14c7 info: Captured cells caused win! Removing...
f14c7 info: Winning SC.
<= 
<
>genmove w
<= a11
<
>play b resign
f14c7 info: Winning SC.
<= 
<
>final_score
<= W+
<
>quit
<= 
<
