bc527 config: MoHex v2.0.CMake Mar 21 2025.
bc527 config: ============ InitializeSystem ============
bc527 config: BenzeneProgram::InitRandom()
bc527 config: Seed = 736400
bc527 info: Prior Patterns:
bc527 info: Global:
bc527 info: Size            = 565 32648 
bc527 info: TableEntries    = 65932 65910
bc527 info: MirrorsAdded    = 0 0
bc527 info: PrunableCount   = 30593 30629
bc527 info: LargestGamma    = 5820.77
bc527 info: SmallestGamma   = 6.6e-05
bc527 info: Local:
bc527 info: Size            = 550 5318 
bc527 info: TableEntries    = 11602 11588
bc527 info: MirrorsAdded    = 0 0
bc527 info: PrunableCount   = 3659 3667
bc527 info: LargestGamma    = 11281.8
bc527 info: SmallestGamma   = 0.026235
bc527 info: Playout Patterns:
bc527 info: Global:
bc527 info: Size            = 565 32648 
bc527 info: TableEntries    = 70329 70329
bc527 info: MirrorsAdded    = 4397 4419
bc527 info: PrunableCount   = 30593 30629
bc527 info: LargestGamma    = 5820.77
bc527 info: SmallestGamma   = 6.6e-05
bc527 info: Local:
bc527 info: Size            = 550 5318 
bc527 info: TableEntries    = 11602 11588
bc527 info: MirrorsAdded    = 0 0
bc527 info: PrunableCount   = 3659 3667
bc527 info: LargestGamma    = 11281.8
bc527 info: SmallestGamma   = 0.026235
bc527 config: IcePatternSet: reading from '/home/linus/MoHex2.0/nfbranchfix/benzene-vanilla-cmake/share/ice-patterns.txt'.
bc527 config: IcePatternSet: parsed 708 patterns.
bc527 config: VCS: reading captured set patterns from '/home/linus/MoHex2.0/nfbranchfix/benzene-vanilla-cmake/share/vc-captured-set.txt'.
bc527 config: VCS:: parsed 2 patterns.
bc527 config: VCS: reading captured set patterns from '/home/linus/MoHex2.0/nfbranchfix/benzene-vanilla-cmake/share/vc-captured-set.txt'.
bc527 config: VCS:: parsed 2 patterns.
bc527 config: IcePatternSet: reading from '/home/linus/MoHex2.0/nfbranchfix/benzene-vanilla-cmake/share/ice-patterns.txt'.
bc527 config: IcePatternSet: parsed 708 patterns.
bc527 config: VCS: reading captured set patterns from '/home/linus/MoHex2.0/nfbranchfix/benzene-vanilla-cmake/share/vc-captured-set.txt'.
bc527 config: VCS:: parsed 2 patterns.
bc527 config: VCS: reading captured set patterns from '/home/linus/MoHex2.0/nfbranchfix/benzene-vanilla-cmake/share/vc-captured-set.txt'.
bc527 config: VCS:: parsed 2 patterns.
bc527 config: VCS: reading captured set patterns from '/home/linus/MoHex2.0/nfbranchfix/benzene-vanilla-cmake/share/vc-captured-set.txt'.
bc527 config: VCS:: parsed 2 patterns.
bc527 config: VCS: reading captured set patterns from '/home/linus/MoHex2.0/nfbranchfix/benzene-vanilla-cmake/share/vc-captured-set.txt'.
bc527 config: VCS:: parsed 2 patterns.
bc527 config: VCS: reading captured set patterns from '/home/linus/MoHex2.0/nfbranchfix/benzene-vanilla-cmake/share/vc-captured-set.txt'.
bc527 config: VCS:: parsed 2 patterns.
bc527 config: VCS: reading captured set patterns from '/home/linus/MoHex2.0/nfbranchfix/benzene-vanilla-cmake/share/vc-captured-set.txt'.
bc527 config: VCS:: parsed 2 patterns.
bc527 config: VCPattern: loading pattern templates from '/home/linus/MoHex2.0/nfbranchfix/benzene-vanilla-cmake/share/vc-patterns.txt'.
bc527 info: Best move cannot be determined, must search state.
bc527 info: --- MoHexPlayer::Search() ---
bc527 info: Color: white
bc527 info: MaxGames: 1
bc527 info: NumberThreads: 1
bc527 info: MaxNodes: 181818181 (15999999928 bytes)
bc527 info: TimeForMove: 1
bc527 info: PreSearch: max time reached (53/90).
bc527 info: Time for PreSearch: 0.20165s
bc527 info: 
  83644dcf10bea3e9
  a  b  c  d  e  f  g  h  i  j  k  
 1\.  .  .  *  *  *  *  *  *  *  .\1
  2\.  .  *  .  *  *  *  *  *  *  .\2
   3\.  *  *  *  *  *  *  *  *  *  .\3
    4\.  B  *  *  *  *  *  *  *  *  .\4
     5\.  *  *  *  *  *  *  *  *  *  .\5
      6\.  *  *  *  *  *  *  *  *  *  .\6
       7\.  *  *  *  *  *  *  *  *  *  .\7
        8\.  *  *  *  *  *  *  *  *  *  .\8
         9\.  *  *  *  *  *  *  *  *  *  .\9
         10\.  *  *  *  *  *  *  .  *  .  .\10
          11\.  *  *  *  *  *  *  *  .  .  .\11
              a  b  c  d  e  f  g  h  i  j  k  
bc527 info: No subtree to reuse.
bc527 info: Creating thread 0
bc527 info: StartSearch()[0]
bc527 config: VCS: reading captured set patterns from '/home/linus/MoHex2.0/nfbranchfix/benzene-vanilla-cmake/share/vc-captured-set.txt'.
bc527 config: VCS:: parsed 2 patterns.
bc527 config: VCS: reading captured set patterns from '/home/linus/MoHex2.0/nfbranchfix/benzene-vanilla-cmake/share/vc-captured-set.txt'.
bc527 config: VCS:: parsed 2 patterns.
bc527 info: 
Elapsed Time   0.555148s
Count          1
GamesPlayed    1
Nodes          1
Knowledge      0 (0.0%)
Expansions     0.0
Time           0.00
GameLen        120.0 dev=0.0 min=120.0 max=120.0
InTree         0.0 dev=0.0 min=0.0 max=0.0
KnowDepth      -
Aborted        0%
Games/s        410.5
Score          1.00
Sequence      
bc527 info: 
bc527 warning: **** MoHexSearch returned empty sequence!
bc527 warning: **** Returning random move!
bc527 info: Best move cannot be determined, must search state.
bc527 info: --- MoHexPlayer::Search() ---
bc527 info: Color: white
bc527 info: MaxGames: 1
bc527 info: NumberThreads: 1
bc527 info: MaxNodes: 181818181 (15999999928 bytes)
bc527 info: TimeForMove: 1
bc527 info: PreSearch: max time reached (40/88).
bc527 info: Time for PreSearch: 0.202092s
bc527 info: 
  fe7b45b64fa542ff
  a  b  c  d  e  f  g  h  i  j  k  
 1\.  .  .  *  *  *  *  .  B  .  .\1
  2\.  .  *  *  *  *  *  *  *  *  .\2
   3\.  *  *  *  *  *  *  *  *  *  .\3
    4\.  B  *  *  *  *  *  *  *  *  .\4
     5\.  *  *  *  *  *  *  *  *  *  .\5
      6\.  *  *  *  *  *  *  W  *  *  .\6
       7\.  *  *  *  *  *  *  *  *  *  .\7
        8\.  *  *  *  *  *  *  *  *  *  .\8
         9\.  *  *  *  *  *  *  *  *  *  .\9
         10\.  *  *  *  *  *  *  *  *  .  .\10
          11\.  *  *  *  *  *  *  *  .  .  .\11
              a  b  c  d  e  f  g  h  i  j  k  
bc527 info: Old: [black, b4] [white, swap-pieces] 
bc527 info: New: [black, b4] [white, swap-pieces] [white, h6] [black, i1] 
bc527 info: ReuseSubtree: Colors do not alternate.
bc527 info: No subtree to reuse.
bc527 info: StartSearch()[0]
bc527 info: 
Elapsed Time   0.348626s
Count          1
GamesPlayed    1
Nodes          1
Knowledge      0 (0.0%)
Expansions     0.0
Time           0.00
GameLen        118.0 dev=0.0 min=118.0 max=118.0
InTree         0.0 dev=0.0 min=0.0 max=0.0
KnowDepth      -
Aborted        0%
Games/s        3311.3
Score          0.00
Sequence      
bc527 info: 
bc527 warning: **** MoHexSearch returned empty sequence!
bc527 warning: **** Returning random move!
bc527 info: Best move cannot be determined, must search state.
bc527 info: --- MoHexPlayer::Search() ---
bc527 info: Color: white
bc527 info: MaxGames: 1
bc527 info: NumberThreads: 1
bc527 info: MaxNodes: 181818181 (15999999928 bytes)
bc527 info: TimeForMove: 1
bc527 info: PreSearch: max time reached (41/83).
bc527 info: Time for PreSearch: 0.205436s
bc527 info: 
  87f8de5a9a3f9f1c
  a  b  c  d  e  f  g  h  i  j  k  
 1\b  b  b  b  .  *  *  .  B  .  .\1
  2\b  B  .  *  *  *  *  *  *  *  .\2
   3\w  *  *  *  *  *  *  *  *  *  .\3
    4\w  B  *  *  *  *  *  *  *  *  .\4
     5\.  *  *  *  *  *  *  *  *  *  .\5
      6\.  *  *  *  *  *  *  W  *  *  .\6
       7\.  *  *  *  *  *  *  *  *  *  .\7
        8\.  *  *  *  *  *  *  *  *  *  .\8
         9\.  *  *  *  *  *  *  *  *  *  .\9
         10\.  *  *  *  *  *  *  *  W  .  .\10
          11\.  *  *  *  *  *  *  .  .  .  .\11
              a  b  c  d  e  f  g  h  i  j  k  
bc527 info: Old: [black, b4] [white, swap-pieces] [white, h6] [black, i1] 
bc527 info: New: [black, b4] [white, swap-pieces] [white, h6] [black, i1] [white, i10] [black, b2] 
bc527 info: MovesPlayed: [white, i10] [black, b2] 
bc527 info: No subtree to reuse.
bc527 info: StartSearch()[0]
bc527 info: 
Elapsed Time   0.349781s
Count          1
GamesPlayed    1
Nodes          1
Knowledge      0 (0.0%)
Expansions     0.0
Time           0.00
GameLen        109.0 dev=0.0 min=109.0 max=109.0
InTree         0.0 dev=0.0 min=0.0 max=0.0
KnowDepth      -
Aborted        0%
Games/s        3067.5
Score          0.00
Sequence      
bc527 info: 
bc527 warning: **** MoHexSearch returned empty sequence!
bc527 warning: **** Returning random move!
bc527 info: Best move cannot be determined, must search state.
bc527 info: --- MoHexPlayer::Search() ---
bc527 info: Color: white
bc527 info: MaxGames: 1
bc527 info: NumberThreads: 1
bc527 info: MaxNodes: 181818181 (15999999928 bytes)
bc527 info: TimeForMove: 1
bc527 info: PreSearch: max time reached (26/80).
bc527 info: Time for PreSearch: 0.206202s
bc527 info: 
  4353bcda241d1d9a
  a  b  c  d  e  f  g  h  i  j  k  
 1\b  b  b  b  .  *  *  .  B  .  .\1
  2\b  B  .  *  *  *  *  *  *  *  .\2
   3\w  *  *  *  *  *  *  *  *  *  .\3
    4\w  B  *  *  B  *  *  *  *  *  .\4
     5\.  *  *  *  *  *  *  *  *  *  .\5
      6\.  *  *  *  *  *  *  W  *  *  .\6
       7\.  *  *  *  *  *  *  *  *  *  .\7
        8\.  *  *  *  *  *  *  *  *  *  .\8
         9\.  *  W  *  *  *  *  *  *  *  .\9
         10\.  .  *  *  *  *  *  *  W  .  .\10
          11\.  *  *  *  *  *  *  .  .  .  .\11
              a  b  c  d  e  f  g  h  i  j  k  
bc527 info: Old: [black, b4] [white, swap-pieces] [white, h6] [black, i1] [white, i10] [black, b2] 
bc527 info: New: [black, b4] [white, swap-pieces] [white, h6] [black, i1] [white, i10] [black, b2] [white, c9] [black, e4] 
bc527 info: MovesPlayed: [white, c9] [black, e4] 
bc527 info: No subtree to reuse.
bc527 info: StartSearch()[0]
bc527 info: 
Elapsed Time   0.515609s
Count          1
GamesPlayed    1
Nodes          1
Knowledge      0 (0.0%)
Expansions     0.0
Time           0.00
GameLen        107.0 dev=0.0 min=107.0 max=107.0
InTree         0.0 dev=0.0 min=0.0 max=0.0
KnowDepth      -
Aborted        0%
Games/s        3802.3
Score          0.00
Sequence      
bc527 info: 
bc527 warning: **** MoHexSearch returned empty sequence!
bc527 warning: **** Returning random move!
bc527 info: Best move cannot be determined, must search state.
bc527 info: --- MoHexPlayer::Search() ---
bc527 info: Color: white
bc527 info: MaxGames: 1
bc527 info: NumberThreads: 1
bc527 info: MaxNodes: 181818181 (15999999928 bytes)
bc527 info: TimeForMove: 1
bc527 info: Winning sequence found before UCT search!
bc527 info: Sequence: f7
bc527 info: Winning SC.
bc527 info: Winning SC.
bc527 info: Winning SC.
bc527 info: Winning SC.
bc527 info: Winning SC.
bc527 info: Winning SC.
bc527 info: Winning SC.
bc527 info: Winning SC.
bc527 info: Winning SC.
bc527 info: Winning SC.
bc527 info: Captured cells caused win! Removing...
bc527 info: Winning SC.
bc527 info: Captured cells caused win! Removing...
bc527 info: Winning SC.
bc527 config: ============ BenzeneShutdown =============
bc527 config: MoHexProgram:: ShutdownSystem()
bc527 config: CommonProgram:: ShutdownSystem()
bc527 config: BenzeneProgram:: ShutdownSystem()
Flushing and closing this stream...
