c02f7 config: MoHex v2.0.CMake Mar 21 2025.
c02f7 config: ============ InitializeSystem ============
c02f7 config: BenzeneProgram::InitRandom()
c02f7 config: Seed = 893777
c02f7 info: Prior Patterns:
c02f7 info: Global:
c02f7 info: Size            = 565 32648 
c02f7 info: TableEntries    = 65932 65910
c02f7 info: MirrorsAdded    = 0 0
c02f7 info: PrunableCount   = 30593 30629
c02f7 info: LargestGamma    = 5820.77
c02f7 info: SmallestGamma   = 6.6e-05
c02f7 info: Local:
c02f7 info: Size            = 550 5318 
c02f7 info: TableEntries    = 11602 11588
c02f7 info: MirrorsAdded    = 0 0
c02f7 info: PrunableCount   = 3659 3667
c02f7 info: LargestGamma    = 11281.8
c02f7 info: SmallestGamma   = 0.026235
c02f7 info: Playout Patterns:
c02f7 info: Global:
c02f7 info: Size            = 565 32648 
c02f7 info: TableEntries    = 70329 70329
c02f7 info: MirrorsAdded    = 4397 4419
c02f7 info: PrunableCount   = 30593 30629
c02f7 info: LargestGamma    = 5820.77
c02f7 info: SmallestGamma   = 6.6e-05
c02f7 info: Local:
c02f7 info: Size            = 550 5318 
c02f7 info: TableEntries    = 11602 11588
c02f7 info: MirrorsAdded    = 0 0
c02f7 info: PrunableCount   = 3659 3667
c02f7 info: LargestGamma    = 11281.8
c02f7 info: SmallestGamma   = 0.026235
c02f7 config: IcePatternSet: reading from '/home/linus/MoHex2.0/nfbranchfix/benzene-vanilla-cmake/share/ice-patterns.txt'.
c02f7 config: IcePatternSet: parsed 708 patterns.
c02f7 config: VCS: reading captured set patterns from '/home/linus/MoHex2.0/nfbranchfix/benzene-vanilla-cmake/share/vc-captured-set.txt'.
c02f7 config: VCS:: parsed 2 patterns.
c02f7 config: VCS: reading captured set patterns from '/home/linus/MoHex2.0/nfbranchfix/benzene-vanilla-cmake/share/vc-captured-set.txt'.
c02f7 config: VCS:: parsed 2 patterns.
c02f7 config: IcePatternSet: reading from '/home/linus/MoHex2.0/nfbranchfix/benzene-vanilla-cmake/share/ice-patterns.txt'.
c02f7 config: IcePatternSet: parsed 708 patterns.
c02f7 config: VCS: reading captured set patterns from '/home/linus/MoHex2.0/nfbranchfix/benzene-vanilla-cmake/share/vc-captured-set.txt'.
c02f7 config: VCS:: parsed 2 patterns.
c02f7 config: VCS: reading captured set patterns from '/home/linus/MoHex2.0/nfbranchfix/benzene-vanilla-cmake/share/vc-captured-set.txt'.
c02f7 config: VCS:: parsed 2 patterns.
c02f7 config: VCS: reading captured set patterns from '/home/linus/MoHex2.0/nfbranchfix/benzene-vanilla-cmake/share/vc-captured-set.txt'.
c02f7 config: VCS:: parsed 2 patterns.
c02f7 config: VCS: reading captured set patterns from '/home/linus/MoHex2.0/nfbranchfix/benzene-vanilla-cmake/share/vc-captured-set.txt'.
c02f7 config: VCS:: parsed 2 patterns.
c02f7 config: VCS: reading captured set patterns from '/home/linus/MoHex2.0/nfbranchfix/benzene-vanilla-cmake/share/vc-captured-set.txt'.
c02f7 config: VCS:: parsed 2 patterns.
c02f7 config: VCS: reading captured set patterns from '/home/linus/MoHex2.0/nfbranchfix/benzene-vanilla-cmake/share/vc-captured-set.txt'.
c02f7 config: VCS:: parsed 2 patterns.
c02f7 config: VCPattern: loading pattern templates from '/home/linus/MoHex2.0/nfbranchfix/benzene-vanilla-cmake/share/vc-patterns.txt'.
c02f7 info: Best move cannot be determined, must search state.
c02f7 info: --- MoHexPlayer::Search() ---
c02f7 info: Color: black
c02f7 info: MaxGames: 1
c02f7 info: NumberThreads: 1
c02f7 info: MaxNodes: 9090 (799920 bytes)
c02f7 info: TimeForMove: 1
c02f7 info: PreSearch: max time reached (57/93).
c02f7 info: Time for PreSearch: 0.202499s
c02f7 info: 
  e34cec52ec95ae0b
  a  b  c  d  e  f  g  h  i  j  k  
 1\b  b  B  .  .  .  .  .  .  .  .\1
  2\.  .  *  *  *  *  *  *  *  *  *\2
   3\*  *  *  *  *  *  *  *  *  *  *\3
    4\*  *  *  W  *  *  *  *  *  *  *\4
     5\*  *  *  *  *  *  *  *  *  *  *\5
      6\*  *  *  *  *  *  *  *  *  *  *\6
       7\*  *  *  *  *  *  *  *  *  *  *\7
        8\*  *  *  *  *  *  *  *  *  *  *\8
         9\*  *  *  *  *  *  *  *  *  *  .\9
         10\*  *  *  *  *  *  *  *  *  .  .\10
          11\.  .  .  .  .  .  .  .  .  .  .\11
              a  b  c  d  e  f  g  h  i  j  k  
c02f7 info: No subtree to reuse.
c02f7 info: Creating thread 0
c02f7 info: StartSearch()[0]
c02f7 config: VCS: reading captured set patterns from '/home/linus/MoHex2.0/nfbranchfix/benzene-vanilla-cmake/share/vc-captured-set.txt'.
c02f7 config: VCS:: parsed 2 patterns.
c02f7 config: VCS: reading captured set patterns from '/home/linus/MoHex2.0/nfbranchfix/benzene-vanilla-cmake/share/vc-captured-set.txt'.
c02f7 config: VCS:: parsed 2 patterns.
c02f7 info: 
Elapsed Time   0.352362s
Count          1
GamesPlayed    1
Nodes          1
Knowledge      0 (0.0%)
Expansions     0.0
Time           0.00
GameLen        117.0 dev=0.0 min=117.0 max=117.0
InTree         0.0 dev=0.0 min=0.0 max=0.0
KnowDepth      -
Aborted        0%
Games/s        415.8
Score          0.00
Sequence      
c02f7 info: 
c02f7 warning: **** MoHexSearch returned empty sequence!
c02f7 warning: **** Returning random move!
c02f7 info: Best move cannot be determined, must search state.
c02f7 info: --- MoHexPlayer::Search() ---
c02f7 info: Color: black
c02f7 info: MaxGames: 1
c02f7 info: NumberThreads: 1
c02f7 info: MaxNodes: 9090 (799920 bytes)
c02f7 info: TimeForMove: 1
c02f7 info: PreSearch: max time reached (57/90).
c02f7 info: Time for PreSearch: 0.201453s
c02f7 info: 
  48356a879079c8b4
  a  b  c  d  e  f  g  h  i  j  k  
 1\b  b  B  .  .  .  .  .  .  .  .\1
  2\W  .  *  *  *  *  *  *  *  *  *\2
   3\w  *  *  *  *  *  *  *  *  *  *\3
    4\.  *  *  W  *  *  *  *  *  *  *\4
     5\*  *  *  *  *  *  *  *  *  *  *\5
      6\*  *  *  *  *  *  *  *  *  *  *\6
       7\*  *  *  *  *  *  *  *  *  *  *\7
        8\*  *  *  *  *  *  *  *  *  *  *\8
         9\B  *  *  *  *  *  *  *  *  *  .\9
         10\*  *  *  *  *  *  *  *  *  .  .\10
          11\.  .  .  .  .  .  .  .  .  .  .\11
              a  b  c  d  e  f  g  h  i  j  k  
c02f7 info: Old: [black, c1] [white, d4] 
c02f7 info: New: [black, c1] [white, d4] [black, a9] [white, a2] 
c02f7 info: MovesPlayed: [black, a9] [white, a2] 
c02f7 info: No subtree to reuse.
c02f7 info: StartSearch()[0]
c02f7 info: 
Elapsed Time   0.343084s
Count          1
GamesPlayed    1
Nodes          1
Knowledge      0 (0.0%)
Expansions     0.0
Time           0.00
GameLen        114.0 dev=0.0 min=114.0 max=114.0
InTree         0.0 dev=0.0 min=0.0 max=0.0
KnowDepth      -
Aborted        0%
Games/s        3546.1
Score          1.00
Sequence      
c02f7 info: 
c02f7 warning: **** MoHexSearch returned empty sequence!
c02f7 warning: **** Returning random move!
c02f7 info: Best move cannot be determined, must search state.
c02f7 info: --- MoHexPlayer::Search() ---
c02f7 info: Color: black
c02f7 info: MaxGames: 1
c02f7 info: NumberThreads: 1
c02f7 info: MaxNodes: 9090 (799920 bytes)
c02f7 info: TimeForMove: 1
c02f7 info: PreSearch: max time reached (70/80).
c02f7 info: Time for PreSearch: 0.201286s
c02f7 info: 
  818ea198f5d95636
  a  b  c  d  e  f  g  h  i  j  k  
 1\b  b  B  b  b  b  b  b  .  .  .\1
  2\W  .  .  .  .  B  .  .  *  *  *\2
   3\w  *  *  .  .  *  *  *  *  *  *\3
    4\.  *  *  W  *  *  *  *  *  *  *\4
     5\*  *  *  *  *  *  *  *  *  *  *\5
      6\*  *  *  *  *  *  *  *  *  *  *\6
       7\*  *  *  *  *  *  *  *  *  *  *\7
        8\*  *  *  *  *  *  *  *  *  *  *\8
         9\B  *  *  *  W  *  *  *  *  *  .\9
         10\*  *  *  .  .  *  *  *  *  .  .\10
          11\.  .  .  .  .  .  .  .  .  .  .\11
              a  b  c  d  e  f  g  h  i  j  k  
c02f7 info: Old: [black, c1] [white, d4] [black, a9] [white, a2] 
c02f7 info: New: [black, c1] [white, d4] [black, a9] [white, a2] [black, f2] [white, e9] 
c02f7 info: MovesPlayed: [black, f2] [white, e9] 
c02f7 info: No subtree to reuse.
c02f7 info: StartSearch()[0]
c02f7 info: 
Elapsed Time   0.353159s
Count          1
GamesPlayed    1
Nodes          1
Knowledge      0 (0.0%)
Expansions     0.0
Time           0.00
GameLen        107.0 dev=0.0 min=107.0 max=107.0
InTree         0.0 dev=0.0 min=0.0 max=0.0
KnowDepth      -
Aborted        0%
Games/s        3105.6
Score          1.00
Sequence      
c02f7 info: 
c02f7 warning: **** MoHexSearch returned empty sequence!
c02f7 warning: **** Returning random move!
c02f7 info: Best move cannot be determined, must search state.
c02f7 info: --- MoHexPlayer::Search() ---
c02f7 info: Color: black
c02f7 info: MaxGames: 1
c02f7 info: NumberThreads: 1
c02f7 info: MaxNodes: 9090 (799920 bytes)
c02f7 info: TimeForMove: 1
c02f7 info: PreSearch: max time reached (64/72).
c02f7 info: Time for PreSearch: 0.201972s
c02f7 info: 
  d7413589f3625463
  a  b  c  d  e  f  g  h  i  j  k  
 1\b  b  B  b  b  b  b  b  .  .  .\1
  2\W  .  .  .  .  B  .  .  *  *  *\2
   3\w  *  *  .  .  *  *  *  *  *  *\3
    4\.  *  *  W  *  *  *  *  *  *  *\4
     5\*  *  *  *  *  *  *  *  *  *  *\5
      6\*  *  *  *  *  *  *  *  *  *  *\6
       7\*  *  *  *  *  *  *  *  *  *  .\7
        8\.  .  W  *  *  *  *  *  *  B  .\8
         9\B  .  *  *  W  *  *  *  *  *  .\9
         10\.  *  *  .  .  *  *  *  *  .  .\10
          11\.  .  .  .  .  .  .  .  .  .  .\11
              a  b  c  d  e  f  g  h  i  j  k  
c02f7 info: Old: [black, c1] [white, d4] [black, a9] [white, a2] [black, f2] [white, e9] 
c02f7 info: New: [black, c1] [white, d4] [black, a9] [white, a2] [black, f2] [white, e9] [black, j8] [white, c8] 
c02f7 info: MovesPlayed: [black, j8] [white, c8] 
c02f7 info: No subtree to reuse.
c02f7 info: StartSearch()[0]
c02f7 info: 
Elapsed Time   0.351111s
Count          1
GamesPlayed    1
Nodes          1
Knowledge      0 (0.0%)
Expansions     0.0
Time           0.00
GameLen        105.0 dev=0.0 min=105.0 max=105.0
InTree         0.0 dev=0.0 min=0.0 max=0.0
KnowDepth      -
Aborted        0%
Games/s        3134.8
Score          0.00
Sequence      
c02f7 info: 
c02f7 warning: **** MoHexSearch returned empty sequence!
c02f7 warning: **** Returning random move!
c02f7 info: Best move cannot be determined, must search state.
c02f7 info: --- MoHexPlayer::Search() ---
c02f7 info: Color: black
c02f7 info: MaxGames: 1
c02f7 info: NumberThreads: 1
c02f7 info: MaxNodes: 9090 (799920 bytes)
c02f7 info: TimeForMove: 1
c02f7 info: PreSearch: max time reached (53/69).
c02f7 info: Time for PreSearch: 0.200477s
c02f7 info: 
  bd6475c8fa35ac8a
  a  b  c  d  e  f  g  h  i  j  k  
 1\b  b  B  b  b  b  b  b  .  .  .\1
  2\W  .  .  .  .  B  .  .  *  *  *\2
   3\w  *  *  .  .  *  *  *  *  *  *\3
    4\.  *  *  W  *  *  *  *  *  *  *\4
     5\*  *  *  *  *  W  *  *  *  *  *\5
      6\*  *  *  *  *  *  *  *  *  *  *\6
       7\*  *  *  *  *  *  *  *  *  .  .\7
        8\.  .  W  *  *  *  *  *  B  B  .\8
         9\B  .  *  *  W  *  *  .  .  .  .\9
         10\.  *  *  .  .  *  .  .  *  .  .\10
          11\.  .  .  .  .  .  .  .  .  .  .\11
              a  b  c  d  e  f  g  h  i  j  k  
c02f7 info: Old: [black, c1] [white, d4] [black, a9] [white, a2] [black, f2] [white, e9] [black, j8] [white, c8] 
c02f7 info: New: [black, c1] [white, d4] [black, a9] [white, a2] [black, f2] [white, e9] [black, j8] [white, c8] [black, i8] [white, f5] 
c02f7 info: MovesPlayed: [black, i8] [white, f5] 
c02f7 info: No subtree to reuse.
c02f7 info: StartSearch()[0]
c02f7 info: 
Elapsed Time   0.344308s
Count          1
GamesPlayed    1
Nodes          1
Knowledge      0 (0.0%)
Expansions     0.0
Time           0.00
GameLen        103.0 dev=0.0 min=103.0 max=103.0
InTree         0.0 dev=0.0 min=0.0 max=0.0
KnowDepth      -
Aborted        0%
Games/s        3076.9
Score          1.00
Sequence      
c02f7 info: 
c02f7 warning: **** MoHexSearch returned empty sequence!
c02f7 warning: **** Returning random move!
c02f7 info: Best move cannot be determined, must search state.
c02f7 info: --- MoHexPlayer::Search() ---
c02f7 info: Color: black
c02f7 info: MaxGames: 1
c02f7 info: NumberThreads: 1
c02f7 info: MaxNodes: 9090 (799920 bytes)
c02f7 info: TimeForMove: 1
c02f7 info: PreSearch: max time reached (49/62).
c02f7 info: Time for PreSearch: 0.200748s
c02f7 info: 
  2fd5dbb51bef419d
  a  b  c  d  e  f  g  h  i  j  k  
 1\b  b  B  b  b  b  b  b  .  .  .\1
  2\W  .  .  .  .  B  .  .  *  *  *\2
   3\w  .  *  .  .  *  *  *  *  *  *\3
    4\w  *  *  W  *  *  *  *  *  *  *\4
     5\w  *  *  *  *  W  *  *  *  *  *\5
      6\W  *  *  *  .  *  *  *  *  *  *\6
       7\.  *  *  .  B  *  *  *  *  .  .\7
        8\.  .  W  *  *  *  *  *  B  B  .\8
         9\B  .  *  *  W  *  *  .  .  .  .\9
         10\.  *  *  .  .  *  .  .  *  .  .\10
          11\.  .  .  .  .  .  .  .  .  .  .\11
              a  b  c  d  e  f  g  h  i  j  k  
c02f7 info: Old: [black, c1] [white, d4] [black, a9] [white, a2] [black, f2] [white, e9] [black, j8] [white, c8] [black, i8] [white, f5] 
c02f7 info: New: [black, c1] [white, d4] [black, a9] [white, a2] [black, f2] [white, e9] [black, j8] [white, c8] [black, i8] [white, f5] [black, e7] [white, a6] 
c02f7 info: MovesPlayed: [black, e7] [white, a6] 
c02f7 info: No subtree to reuse.
c02f7 info: StartSearch()[0]
c02f7 info: 
Elapsed Time   0.348027s
Count          1
GamesPlayed    1
Nodes          1
Knowledge      0 (0.0%)
Expansions     0.0
Time           0.00
GameLen        99.0 dev=0.0 min=99.0 max=99.0
InTree         0.0 dev=0.0 min=0.0 max=0.0
KnowDepth      -
Aborted        0%
Games/s        3236.2
Score          1.00
Sequence      
c02f7 info: 
c02f7 warning: **** MoHexSearch returned empty sequence!
c02f7 warning: **** Returning random move!
c02f7 info: Best move cannot be determined, must search state.
c02f7 info: --- MoHexPlayer::Search() ---
c02f7 info: Color: black
c02f7 info: MaxGames: 1
c02f7 info: NumberThreads: 1
c02f7 info: MaxNodes: 9090 (799920 bytes)
c02f7 info: TimeForMove: 1
c02f7 info: PreSearch: max time reached (53/57).
c02f7 info: Time for PreSearch: 0.20086s
c02f7 info: 
  69623156d21b0b58
  a  b  c  d  e  f  g  h  i  j  k  
 1\b  b  B  b  b  b  b  b  .  .  .\1
  2\W  b  b  b  b  B  .  .  *  *  *\2
   3\b  B  b  b  .  *  *  *  *  *  *\3
    4\w  .  .  W  *  *  *  *  *  *  *\4
     5\w  *  .  *  *  W  *  *  *  *  *\5
      6\W  .  *  *  .  *  *  *  *  *  *\6
       7\W  *  *  .  B  *  *  *  *  .  .\7
        8\.  .  W  *  *  *  *  *  B  B  .\8
         9\B  .  *  *  W  *  *  .  .  .  .\9
         10\.  *  *  .  .  *  .  .  *  .  .\10
          11\.  .  .  .  .  .  .  .  .  .  .\11
              a  b  c  d  e  f  g  h  i  j  k  
c02f7 info: Old: [black, c1] [white, d4] [black, a9] [white, a2] [black, f2] [white, e9] [black, j8] [white, c8] [black, i8] [white, f5] [black, e7] [white, a6] 
c02f7 info: New: [black, c1] [white, d4] [black, a9] [white, a2] [black, f2] [white, e9] [black, j8] [white, c8] [black, i8] [white, f5] [black, e7] [white, a6] [black, b3] [white, a7] 
c02f7 info: MovesPlayed: [black, b3] [white, a7] 
c02f7 info: No subtree to reuse.
c02f7 info: StartSearch()[0]
c02f7 info: 
Elapsed Time   0.347308s
Count          1
GamesPlayed    1
Nodes          1
Knowledge      0 (0.0%)
Expansions     0.0
Time           0.00
GameLen        91.0 dev=0.0 min=91.0 max=91.0
InTree         0.0 dev=0.0 min=0.0 max=0.0
KnowDepth      -
Aborted        0%
Games/s        3610.1
Score          1.00
Sequence      
c02f7 info: 
c02f7 warning: **** MoHexSearch returned empty sequence!
c02f7 warning: **** Returning random move!
c02f7 info: Best move cannot be determined, must search state.
c02f7 info: --- MoHexPlayer::Search() ---
c02f7 info: Color: black
c02f7 info: MaxGames: 1
c02f7 info: NumberThreads: 1
c02f7 info: MaxNodes: 9090 (799920 bytes)
c02f7 info: TimeForMove: 1
c02f7 info: PreSearch: max time reached (49/53).
c02f7 info: Time for PreSearch: 0.200804s
c02f7 info: 
  8afd4d1c746bd5a5
  a  b  c  d  e  f  g  h  i  j  k  
 1\b  b  B  b  b  b  b  b  .  .  .\1
  2\W  b  b  b  b  B  .  .  *  *  *\2
   3\b  B  b  b  .  *  *  *  *  *  *\3
    4\w  .  .  W  *  *  *  *  *  *  *\4
     5\w  *  .  *  *  W  *  *  *  *  .\5
      6\W  .  *  *  .  *  *  *  *  .  B\6
       7\W  *  *  .  B  *  *  *  .  b  b\7
        8\.  .  W  *  *  *  *  *  B  B  .\8
         9\B  .  *  *  W  *  *  .  .  .  .\9
         10\.  *  W  *  .  .  .  .  *  .  .\10
          11\.  .  .  .  .  .  .  .  .  .  .\11
              a  b  c  d  e  f  g  h  i  j  k  
c02f7 info: Old: [black, c1] [white, d4] [black, a9] [white, a2] [black, f2] [white, e9] [black, j8] [white, c8] [black, i8] [white, f5] [black, e7] [white, a6] [black, b3] [white, a7] 
c02f7 info: New: [black, c1] [white, d4] [black, a9] [white, a2] [black, f2] [white, e9] [black, j8] [white, c8] [black, i8] [white, f5] [black, e7] [white, a6] [black, b3] [white, a7] [black, k6] [white, c10] 
c02f7 info: MovesPlayed: [black, k6] [white, c10] 
c02f7 info: No subtree to reuse.
c02f7 info: StartSearch()[0]
c02f7 info: 
Elapsed Time   0.342969s
Count          1
GamesPlayed    1
Nodes          1
Knowledge      0 (0.0%)
Expansions     0.0
Time           0.00
GameLen        87.0 dev=0.0 min=87.0 max=87.0
InTree         0.0 dev=0.0 min=0.0 max=0.0
KnowDepth      -
Aborted        0%
Games/s        3448.3
Score          1.00
Sequence      
c02f7 info: 
c02f7 warning: **** MoHexSearch returned empty sequence!
c02f7 warning: **** Returning random move!
c02f7 info: Best move cannot be determined, must search state.
c02f7 info: --- MoHexPlayer::Search() ---
c02f7 info: Color: black
c02f7 info: MaxGames: 1
c02f7 info: NumberThreads: 1
c02f7 info: MaxNodes: 9090 (799920 bytes)
c02f7 info: TimeForMove: 1
c02f7 info: PreSearch: max time reached (42/52).
c02f7 info: Time for PreSearch: 0.20095s
c02f7 info: 
  e1086a28a50e0df7
  a  b  c  d  e  f  g  h  i  j  k  
 1\b  b  B  b  b  b  b  b  .  .  .\1
  2\W  b  b  b  b  B  .  W  *  *  *\2
   3\b  B  b  b  .  *  *  *  *  *  *\3
    4\w  .  .  W  *  *  *  *  *  *  *\4
     5\w  *  .  *  *  W  *  *  *  *  B\5
      6\W  .  *  *  .  *  *  *  *  .  B\6
       7\W  *  *  .  B  *  *  *  .  b  b\7
        8\.  .  W  *  *  *  *  *  B  B  .\8
         9\B  .  *  *  W  *  *  .  .  .  .\9
         10\.  *  W  *  .  .  .  .  *  .  .\10
          11\.  .  .  .  .  .  .  .  .  .  .\11
              a  b  c  d  e  f  g  h  i  j  k  
c02f7 info: Old: [black, c1] [white, d4] [black, a9] [white, a2] [black, f2] [white, e9] [black, j8] [white, c8] [black, i8] [white, f5] [black, e7] [white, a6] [black, b3] [white, a7] [black, k6] [white, c10] 
c02f7 info: New: [black, c1] [white, d4] [black, a9] [white, a2] [black, f2] [white, e9] [black, j8] [white, c8] [black, i8] [white, f5] [black, e7] [white, a6] [black, b3] [white, a7] [black, k6] [white, c10] [black, k5] [white, h2] 
c02f7 info: MovesPlayed: [black, k5] [white, h2] 
c02f7 info: No subtree to reuse.
c02f7 info: StartSearch()[0]
c02f7 info: 
Elapsed Time   0.342363s
Count          1
GamesPlayed    1
Nodes          1
Knowledge      0 (0.0%)
Expansions     0.0
Time           0.00
GameLen        85.0 dev=0.0 min=85.0 max=85.0
InTree         0.0 dev=0.0 min=0.0 max=0.0
KnowDepth      -
Aborted        0%
Games/s        3703.7
Score          0.00
Sequence      
c02f7 info: 
c02f7 warning: **** MoHexSearch returned empty sequence!
c02f7 warning: **** Returning random move!
c02f7 info: Best move cannot be determined, must search state.
c02f7 info: --- MoHexPlayer::Search() ---
c02f7 info: Color: black
c02f7 info: MaxGames: 1
c02f7 info: NumberThreads: 1
c02f7 info: MaxNodes: 9090 (799920 bytes)
c02f7 info: TimeForMove: 1
c02f7 info: PreSearch: max time reached (48/51).
c02f7 info: Time for PreSearch: 0.202566s
c02f7 info: 
  fc939498f3da8c04
  a  b  c  d  e  f  g  h  i  j  k  
 1\b  b  B  b  b  b  b  b  .  .  .\1
  2\W  b  b  b  b  B  .  W  *  *  *\2
   3\b  B  b  b  .  *  *  *  *  *  *\3
    4\w  .  .  W  *  *  *  *  *  *  *\4
     5\w  *  .  *  *  W  B  *  *  *  B\5
      6\W  .  *  *  .  *  *  *  *  .  B\6
       7\W  *  *  .  B  *  *  *  .  b  b\7
        8\.  .  W  *  *  *  *  *  B  B  .\8
         9\B  .  *  *  W  *  *  *  .  .  .\9
         10\.  *  W  *  .  *  *  *  *  .  .\10
          11\.  .  .  .  .  .  W  .  .  .  .\11
              a  b  c  d  e  f  g  h  i  j  k  
c02f7 info: Old: [black, c1] [white, d4] [black, a9] [white, a2] [black, f2] [white, e9] [black, j8] [white, c8] [black, i8] [white, f5] [black, e7] [white, a6] [black, b3] [white, a7] [black, k6] [white, c10] [black, k5] [white, h2] 
c02f7 info: New: [black, c1] [white, d4] [black, a9] [white, a2] [black, f2] [white, e9] [black, j8] [white, c8] [black, i8] [white, f5] [black, e7] [white, a6] [black, b3] [white, a7] [black, k6] [white, c10] [black, k5] [white, h2] [black, g5] [white, g11] 
c02f7 info: MovesPlayed: [black, g5] [white, g11] 
c02f7 info: No subtree to reuse.
c02f7 info: StartSearch()[0]
c02f7 info: 
Elapsed Time   0.356949s
Count          1
GamesPlayed    1
Nodes          1
Knowledge      0 (0.0%)
Expansions     0.0
Time           0.00
GameLen        83.0 dev=0.0 min=83.0 max=83.0
InTree         0.0 dev=0.0 min=0.0 max=0.0
KnowDepth      -
Aborted        0%
Games/s        2949.9
Score          0.00
Sequence      
c02f7 info: 
c02f7 warning: **** MoHexSearch returned empty sequence!
c02f7 warning: **** Returning random move!
c02f7 info: Best move cannot be determined, must search state.
c02f7 info: --- MoHexPlayer::Search() ---
c02f7 info: Color: black
c02f7 info: MaxGames: 1
c02f7 info: NumberThreads: 1
c02f7 info: MaxNodes: 9090 (799920 bytes)
c02f7 info: TimeForMove: 1
c02f7 info: PreSearch: max time reached (42/47).
c02f7 info: Time for PreSearch: 0.204018s
c02f7 info: 
  44169d7f20610569
  a  b  c  d  e  f  g  h  i  j  k  
 1\b  b  B  b  b  b  b  b  .  .  .\1
  2\W  b  b  b  b  B  B  W  *  *  *\2
   3\b  B  b  b  .  .  *  *  *  *  *\3
    4\w  w  w  W  *  *  *  *  *  *  *\4
     5\w  w  w  *  *  W  B  *  *  *  B\5
      6\W  W  .  *  .  *  *  *  *  .  B\6
       7\W  *  .  .  B  *  *  *  .  b  b\7
        8\.  .  W  *  *  *  *  *  B  B  .\8
         9\B  .  *  *  W  *  *  *  .  .  .\9
         10\.  *  W  *  .  *  *  *  *  .  .\10
          11\.  .  .  .  .  .  W  .  .  .  .\11
              a  b  c  d  e  f  g  h  i  j  k  
c02f7 info: Old: [black, c1] [white, d4] [black, a9] [white, a2] [black, f2] [white, e9] [black, j8] [white, c8] [black, i8] [white, f5] [black, e7] [white, a6] [black, b3] [white, a7] [black, k6] [white, c10] [black, k5] [white, h2] [black, g5] [white, g11] 
c02f7 info: New: [black, c1] [white, d4] [black, a9] [white, a2] [black, f2] [white, e9] [black, j8] [white, c8] [black, i8] [white, f5] [black, e7] [white, a6] [black, b3] [white, a7] [black, k6] [white, c10] [black, k5] [white, h2] [black, g5] [white, g11] [black, g2] [white, b6] 
c02f7 info: MovesPlayed: [black, g2] [white, b6] 
c02f7 info: No subtree to reuse.
c02f7 info: StartSearch()[0]
c02f7 info: 
Elapsed Time   0.366926s
Count          1
GamesPlayed    1
Nodes          1
Knowledge      0 (0.0%)
Expansions     0.0
Time           0.00
GameLen        77.0 dev=0.0 min=77.0 max=77.0
InTree         0.0 dev=0.0 min=0.0 max=0.0
KnowDepth      -
Aborted        0%
Games/s        3378.4
Score          1.00
Sequence      
c02f7 info: 
c02f7 warning: **** MoHexSearch returned empty sequence!
c02f7 warning: **** Returning random move!
c02f7 info: Best move cannot be determined, must search state.
c02f7 info: --- MoHexPlayer::Search() ---
c02f7 info: Color: black
c02f7 info: MaxGames: 1
c02f7 info: NumberThreads: 1
c02f7 info: MaxNodes: 9090 (799920 bytes)
c02f7 info: TimeForMove: 1
c02f7 info: PreSearch: max time reached (42/48).
c02f7 info: Time for PreSearch: 0.201092s
c02f7 info: 
  ccf85b661bf25531
  a  b  c  d  e  f  g  h  i  j  k  
 1\b  b  B  b  b  b  b  b  .  .  .\1
  2\W  b  b  b  b  B  B  W  *  *  *\2
   3\b  B  b  b  .  .  *  *  *  *  *\3
    4\w  w  w  W  .  .  *  *  *  *  *\4
     5\w  w  w  W  *  W  B  *  *  *  B\5
      6\W  W  .  *  .  *  *  *  *  .  B\6
       7\W  *  .  .  B  *  *  *  .  b  b\7
        8\.  .  W  *  *  *  *  *  B  B  .\8
         9\B  .  *  *  W  *  *  *  .  .  .\9
         10\.  *  W  *  .  .  .  .  .  .  .\10
          11\.  .  .  .  .  .  W  B  .  .  .\11
              a  b  c  d  e  f  g  h  i  j  k  
c02f7 info: Old: [black, c1] [white, d4] [black, a9] [white, a2] [black, f2] [white, e9] [black, j8] [white, c8] [black, i8] [white, f5] [black, e7] [white, a6] [black, b3] [white, a7] [black, k6] [white, c10] [black, k5] [white, h2] [black, g5] [white, g11] [black, g2] [white, b6] 
c02f7 info: New: [black, c1] [white, d4] [black, a9] [white, a2] [black, f2] [white, e9] [black, j8] [white, c8] [black, i8] [white, f5] [black, e7] [white, a6] [black, b3] [white, a7] [black, k6] [white, c10] [black, k5] [white, h2] [black, g5] [white, g11] [black, g2] [white, b6] [black, h11] [white, d5] 
c02f7 info: MovesPlayed: [black, h11] [white, d5] 
c02f7 info: No subtree to reuse.
c02f7 info: StartSearch()[0]
c02f7 info: 
Elapsed Time   0.376806s
Count          1
GamesPlayed    1
Nodes          1
Knowledge      0 (0.0%)
Expansions     0.0
Time           0.00
GameLen        75.0 dev=0.0 min=75.0 max=75.0
InTree         0.0 dev=0.0 min=0.0 max=0.0
KnowDepth      -
Aborted        0%
Games/s        3663.0
Score          1.00
Sequence      
c02f7 info: 
c02f7 warning: **** MoHexSearch returned empty sequence!
c02f7 warning: **** Returning random move!
c02f7 info: Best move cannot be determined, must search state.
c02f7 info: --- MoHexPlayer::Search() ---
c02f7 info: Color: black
c02f7 info: MaxGames: 1
c02f7 info: NumberThreads: 1
c02f7 info: MaxNodes: 9090 (799920 bytes)
c02f7 info: TimeForMove: 1
c02f7 info: Winning sequence found before UCT search!
c02f7 info: Sequence: j2
c02f7 info: Winning SC.
c02f7 info: Winning SC.
c02f7 info: Winning SC.
c02f7 info: Winning SC.
c02f7 info: Winning SC.
c02f7 info: Winning SC.
c02f7 info: Winning SC.
c02f7 info: Captured cells caused win! Removing...
c02f7 info: Winning SC.
c02f7 info: Winning SC.
c02f7 info: Captured cells caused win! Removing...
c02f7 info: Winning SC.
c02f7 config: ============ BenzeneShutdown =============
c02f7 config: MoHexProgram:: ShutdownSystem()
c02f7 config: CommonProgram:: ShutdownSystem()
c02f7 config: BenzeneProgram:: ShutdownSystem()
Flushing and closing this stream...
