276d7 config: MoHex v2.0.CMake Mar 21 2025.
276d7 config: ============ InitializeSystem ============
276d7 config: BenzeneProgram::InitRandom()
276d7 config: Seed = 890861
276d7 info: Prior Patterns:
276d7 info: Global:
276d7 info: Size            = 565 32648 
276d7 info: TableEntries    = 65932 65910
276d7 info: MirrorsAdded    = 0 0
276d7 info: PrunableCount   = 30593 30629
276d7 info: LargestGamma    = 5820.77
276d7 info: SmallestGamma   = 6.6e-05
276d7 info: Local:
276d7 info: Size            = 550 5318 
276d7 info: TableEntries    = 11602 11588
276d7 info: MirrorsAdded    = 0 0
276d7 info: PrunableCount   = 3659 3667
276d7 info: LargestGamma    = 11281.8
276d7 info: SmallestGamma   = 0.026235
276d7 info: Playout Patterns:
276d7 info: Global:
276d7 info: Size            = 565 32648 
276d7 info: TableEntries    = 70329 70329
276d7 info: MirrorsAdded    = 4397 4419
276d7 info: PrunableCount   = 30593 30629
276d7 info: LargestGamma    = 5820.77
276d7 info: SmallestGamma   = 6.6e-05
276d7 info: Local:
276d7 info: Size            = 550 5318 
276d7 info: TableEntries    = 11602 11588
276d7 info: MirrorsAdded    = 0 0
276d7 info: PrunableCount   = 3659 3667
276d7 info: LargestGamma    = 11281.8
276d7 info: SmallestGamma   = 0.026235
276d7 config: IcePatternSet: reading from '/home/linus/MoHex2.0/nfbranchfix/benzene-vanilla-cmake/share/ice-patterns.txt'.
276d7 config: IcePatternSet: parsed 708 patterns.
276d7 config: VCS: reading captured set patterns from '/home/linus/MoHex2.0/nfbranchfix/benzene-vanilla-cmake/share/vc-captured-set.txt'.
276d7 config: VCS:: parsed 2 patterns.
276d7 config: VCS: reading captured set patterns from '/home/linus/MoHex2.0/nfbranchfix/benzene-vanilla-cmake/share/vc-captured-set.txt'.
276d7 config: VCS:: parsed 2 patterns.
276d7 config: IcePatternSet: reading from '/home/linus/MoHex2.0/nfbranchfix/benzene-vanilla-cmake/share/ice-patterns.txt'.
276d7 config: IcePatternSet: parsed 708 patterns.
276d7 config: VCS: reading captured set patterns from '/home/linus/MoHex2.0/nfbranchfix/benzene-vanilla-cmake/share/vc-captured-set.txt'.
276d7 config: VCS:: parsed 2 patterns.
276d7 config: VCS: reading captured set patterns from '/home/linus/MoHex2.0/nfbranchfix/benzene-vanilla-cmake/share/vc-captured-set.txt'.
276d7 config: VCS:: parsed 2 patterns.
276d7 config: VCS: reading captured set patterns from '/home/linus/MoHex2.0/nfbranchfix/benzene-vanilla-cmake/share/vc-captured-set.txt'.
276d7 config: VCS:: parsed 2 patterns.
276d7 config: VCS: reading captured set patterns from '/home/linus/MoHex2.0/nfbranchfix/benzene-vanilla-cmake/share/vc-captured-set.txt'.
276d7 config: VCS:: parsed 2 patterns.
276d7 config: VCS: reading captured set patterns from '/home/linus/MoHex2.0/nfbranchfix/benzene-vanilla-cmake/share/vc-captured-set.txt'.
276d7 config: VCS:: parsed 2 patterns.
276d7 config: VCS: reading captured set patterns from '/home/linus/MoHex2.0/nfbranchfix/benzene-vanilla-cmake/share/vc-captured-set.txt'.
276d7 config: VCS:: parsed 2 patterns.
276d7 config: VCPattern: loading pattern templates from '/home/linus/MoHex2.0/nfbranchfix/benzene-vanilla-cmake/share/vc-patterns.txt'.
276d7 info: Best move cannot be determined, must search state.
276d7 info: --- MoHexPlayer::Search() ---
276d7 info: Color: white
276d7 info: MaxGames: 1
276d7 info: NumberThreads: 1
276d7 info: MaxNodes: 9090 (799920 bytes)
276d7 info: TimeForMove: 1
276d7 info: PreSearch: max time reached (28/90).
276d7 info: Time for PreSearch: 0.207005s
276d7 info: 
  955c452fe41f9d3a
  a  b  c  d  e  f  g  h  i  j  k  
 1\.  .  .  *  *  *  *  *  *  *  .\1
  2\.  .  *  *  *  *  *  *  *  *  .\2
   3\.  *  *  *  B  *  *  *  *  *  .\3
    4\.  *  *  *  *  *  *  *  *  *  .\4
     5\.  *  .  *  *  *  *  *  *  *  .\5
      6\.  *  *  *  *  *  *  *  *  *  .\6
       7\.  *  *  *  *  *  *  *  .  *  .\7
        8\.  *  *  *  *  *  *  *  *  *  .\8
         9\.  *  *  *  *  *  *  *  *  *  .\9
         10\.  *  *  *  *  *  *  *  *  .  .\10
          11\.  *  *  *  *  *  *  *  .  .  .\11
              a  b  c  d  e  f  g  h  i  j  k  
276d7 info: No subtree to reuse.
276d7 info: Creating thread 0
276d7 info: StartSearch()[0]
276d7 config: VCS: reading captured set patterns from '/home/linus/MoHex2.0/nfbranchfix/benzene-vanilla-cmake/share/vc-captured-set.txt'.
276d7 config: VCS:: parsed 2 patterns.
276d7 config: VCS: reading captured set patterns from '/home/linus/MoHex2.0/nfbranchfix/benzene-vanilla-cmake/share/vc-captured-set.txt'.
276d7 config: VCS:: parsed 2 patterns.
276d7 info: 
Elapsed Time   0.416156s
Count          1
GamesPlayed    1
Nodes          1
Knowledge      0 (0.0%)
Expansions     0.0
Time           0.00
GameLen        120.0 dev=0.0 min=120.0 max=120.0
InTree         0.0 dev=0.0 min=0.0 max=0.0
KnowDepth      -
Aborted        0%
Games/s        303.6
Score          0.00
Sequence      
276d7 info: 
276d7 warning: **** MoHexSearch returned empty sequence!
276d7 warning: **** Returning random move!
276d7 info: Best move cannot be determined, must search state.
276d7 info: --- MoHexPlayer::Search() ---
276d7 info: Color: white
276d7 info: MaxGames: 1
276d7 info: NumberThreads: 1
276d7 info: MaxNodes: 9090 (799920 bytes)
276d7 info: TimeForMove: 1
276d7 info: PreSearch: max time reached (30/86).
276d7 info: Time for PreSearch: 0.201461s
276d7 info: 
  614925b168379c92
  a  b  c  d  e  f  g  h  i  j  k  
 1\.  .  .  *  *  *  *  *  *  *  .\1
  2\.  .  *  *  *  *  *  *  *  *  .\2
   3\.  *  *  *  B  *  *  *  *  *  .\3
    4\.  *  *  *  *  *  *  *  *  .  .\4
     5\.  *  *  *  *  *  *  *  B  .  .\5
      6\.  *  *  *  *  *  *  *  *  *  .\6
       7\w  .  *  *  *  *  *  *  *  *  .\7
        8\w  W  *  *  *  *  *  *  *  *  .\8
         9\w  .  *  *  *  *  *  *  *  *  .\9
         10\w  *  *  *  *  *  *  *  *  .  .\10
          11\.  *  *  *  *  *  *  *  .  .  .\11
              a  b  c  d  e  f  g  h  i  j  k  
276d7 info: Old: [black, e3] [white, swap-pieces] 
276d7 info: New: [black, e3] [white, swap-pieces] [white, b8] [black, i5] 
276d7 info: ReuseSubtree: Colors do not alternate.
276d7 info: No subtree to reuse.
276d7 info: StartSearch()[0]
276d7 info: 
Elapsed Time   0.401218s
Count          1
GamesPlayed    1
Nodes          1
Knowledge      0 (0.0%)
Expansions     0.0
Time           0.00
GameLen        114.0 dev=0.0 min=114.0 max=114.0
InTree         0.0 dev=0.0 min=0.0 max=0.0
KnowDepth      -
Aborted        0%
Games/s        2207.5
Score          1.00
Sequence      
276d7 info: 
276d7 warning: **** MoHexSearch returned empty sequence!
276d7 warning: **** Returning random move!
276d7 info: Best move cannot be determined, must search state.
276d7 info: --- MoHexPlayer::Search() ---
276d7 info: Color: white
276d7 info: MaxGames: 1
276d7 info: NumberThreads: 1
276d7 info: MaxNodes: 9090 (799920 bytes)
276d7 info: TimeForMove: 1
276d7 info: PreSearch: max time reached (37/78).
276d7 info: Time for PreSearch: 0.203962s
276d7 info: 
  9bd93ebbad148de9
  a  b  c  d  e  f  g  h  i  j  k  
 1\.  *  W  .  b  b  b  b  .  *  .\1
  2\.  .  *  *  b  B  .  *  *  *  .\2
   3\.  *  *  *  B  *  *  *  *  *  .\3
    4\.  *  *  *  *  *  *  *  *  .  .\4
     5\.  *  *  *  *  *  *  *  B  .  .\5
      6\.  *  *  *  *  *  *  *  *  *  .\6
       7\w  .  *  *  *  *  *  *  *  *  .\7
        8\w  W  *  *  *  *  *  *  *  *  .\8
         9\w  .  *  *  *  *  *  *  *  *  .\9
         10\w  *  *  *  *  *  *  *  *  .  .\10
          11\.  *  *  *  *  *  *  *  .  .  .\11
              a  b  c  d  e  f  g  h  i  j  k  
276d7 info: Old: [black, e3] [white, swap-pieces] [white, b8] [black, i5] 
276d7 info: New: [black, e3] [white, swap-pieces] [white, b8] [black, i5] [white, c1] [black, f2] 
276d7 info: MovesPlayed: [white, c1] [black, f2] 
276d7 info: No subtree to reuse.
276d7 info: StartSearch()[0]
276d7 info: 
Elapsed Time   0.391427s
Count          1
GamesPlayed    1
Nodes          1
Knowledge      0 (0.0%)
Expansions     0.0
Time           0.00
GameLen        107.0 dev=0.0 min=107.0 max=107.0
InTree         0.0 dev=0.0 min=0.0 max=0.0
KnowDepth      -
Aborted        0%
Games/s        2028.4
Score          1.00
Sequence      
276d7 info: 
276d7 warning: **** MoHexSearch returned empty sequence!
276d7 warning: **** Returning random move!
276d7 info: Best move cannot be determined, must search state.
276d7 info: --- MoHexPlayer::Search() ---
276d7 info: Color: white
276d7 info: MaxGames: 1
276d7 info: NumberThreads: 1
276d7 info: MaxNodes: 9090 (799920 bytes)
276d7 info: TimeForMove: 1
276d7 info: PreSearch: max time reached (32/75).
276d7 info: Time for PreSearch: 0.202843s
276d7 info: 
  7d505c95adc25f5a
  a  b  c  d  e  f  g  h  i  j  k  
 1\.  *  W  .  b  b  b  b  .  *  .\1
  2\.  .  *  *  b  B  .  *  *  *  .\2
   3\.  *  *  *  B  *  *  *  *  *  .\3
    4\.  *  *  *  *  *  *  *  *  .  .\4
     5\.  *  *  *  *  *  *  *  B  .  .\5
      6\.  *  *  *  *  W  *  *  *  *  .\6
       7\w  .  *  *  *  *  *  *  *  *  .\7
        8\w  W  *  *  *  *  *  *  *  *  .\8
         9\w  .  *  *  *  *  *  *  *  .  .\9
         10\w  *  *  *  *  *  *  *  *  .  .\10
          11\.  *  *  *  *  *  *  .  B  b  b\11
              a  b  c  d  e  f  g  h  i  j  k  
276d7 info: Old: [black, e3] [white, swap-pieces] [white, b8] [black, i5] [white, c1] [black, f2] 
276d7 info: New: [black, e3] [white, swap-pieces] [white, b8] [black, i5] [white, c1] [black, f2] [white, f6] [black, i11] 
276d7 info: MovesPlayed: [white, f6] [black, i11] 
276d7 info: No subtree to reuse.
276d7 info: StartSearch()[0]
276d7 info: 
Elapsed Time   0.576854s
Count          1
GamesPlayed    1
Nodes          1
Knowledge      0 (0.0%)
Expansions     0.0
Time           0.00
GameLen        103.0 dev=0.0 min=103.0 max=103.0
InTree         0.0 dev=0.0 min=0.0 max=0.0
KnowDepth      -
Aborted        0%
Games/s        3105.6
Score          0.00
Sequence      
276d7 info: 
276d7 warning: **** MoHexSearch returned empty sequence!
276d7 warning: **** Returning random move!
276d7 info: Best move cannot be determined, must search state.
276d7 info: --- MoHexPlayer::Search() ---
276d7 info: Color: white
276d7 info: MaxGames: 1
276d7 info: NumberThreads: 1
276d7 info: MaxNodes: 9090 (799920 bytes)
276d7 info: TimeForMove: 1
276d7 info: PreSearch: max time reached (47/75).
276d7 info: Time for PreSearch: 0.202409s
276d7 info: 
  d3cb4369a575d99e
  a  b  c  d  e  f  g  h  i  j  k  
 1\.  *  W  .  b  b  b  b  .  *  .\1
  2\.  .  *  *  b  B  .  *  *  *  .\2
   3\.  *  *  *  B  *  *  *  *  *  .\3
    4\.  *  *  *  *  *  *  *  *  .  .\4
     5\.  *  *  *  *  *  *  *  B  *  B\5
      6\.  *  *  *  *  W  *  *  *  *  .\6
       7\w  .  *  *  *  *  *  *  *  *  .\7
        8\w  W  *  *  *  *  *  *  *  *  .\8
         9\w  .  *  *  *  *  *  *  *  .  .\9
         10\w  *  *  *  *  *  *  *  *  .  .\10
          11\.  *  *  W  *  *  *  .  B  b  b\11
              a  b  c  d  e  f  g  h  i  j  k  
276d7 info: Old: [black, e3] [white, swap-pieces] [white, b8] [black, i5] [white, c1] [black, f2] [white, f6] [black, i11] 
276d7 info: New: [black, e3] [white, swap-pieces] [white, b8] [black, i5] [white, c1] [black, f2] [white, f6] [black, i11] [white, d11] [black, k5] 
276d7 info: MovesPlayed: [white, d11] [black, k5] 
276d7 info: No subtree to reuse.
276d7 info: StartSearch()[0]
276d7 info: 
Elapsed Time   0.387777s
Count          1
GamesPlayed    1
Nodes          1
Knowledge      0 (0.0%)
Expansions     0.0
Time           0.00
GameLen        101.0 dev=0.0 min=101.0 max=101.0
InTree         0.0 dev=0.0 min=0.0 max=0.0
KnowDepth      -
Aborted        0%
Games/s        3086.4
Score          1.00
Sequence      
276d7 info: 
276d7 warning: **** MoHexSearch returned empty sequence!
276d7 warning: **** Returning random move!
276d7 info: Best move cannot be determined, must search state.
276d7 info: --- MoHexPlayer::Search() ---
276d7 info: Color: white
276d7 info: MaxGames: 1
276d7 info: NumberThreads: 1
276d7 info: MaxNodes: 9090 (799920 bytes)
276d7 info: TimeForMove: 1
276d7 info: PreSearch: max time reached (49/74).
276d7 info: Time for PreSearch: 0.200787s
276d7 info: 
  8b2bba78c2114736
  a  b  c  d  e  f  g  h  i  j  k  
 1\.  .  W  .  b  b  b  b  .  *  .\1
  2\.  .  .  *  b  B  .  *  *  *  .\2
   3\.  .  .  .  B  *  *  *  *  *  .\3
    4\.  .  .  .  *  *  *  *  *  .  .\4
     5\.  .  .  *  *  *  *  *  B  *  B\5
      6\.  .  .  *  *  W  *  *  *  *  .\6
       7\w  .  B  *  *  *  *  *  *  *  .\7
        8\w  W  *  *  *  *  *  *  *  *  .\8
         9\w  .  *  *  *  *  *  *  *  .  .\9
         10\w  *  *  *  *  *  *  *  *  .  .\10
          11\.  *  *  W  *  *  *  W  B  b  b\11
              a  b  c  d  e  f  g  h  i  j  k  
276d7 info: Old: [black, e3] [white, swap-pieces] [white, b8] [black, i5] [white, c1] [black, f2] [white, f6] [black, i11] [white, d11] [black, k5] 
276d7 info: New: [black, e3] [white, swap-pieces] [white, b8] [black, i5] [white, c1] [black, f2] [white, f6] [black, i11] [white, d11] [black, k5] [white, h11] [black, c7] 
276d7 info: MovesPlayed: [white, h11] [black, c7] 
276d7 info: No subtree to reuse.
276d7 info: StartSearch()[0]
276d7 info: 
Elapsed Time   0.455299s
Count          1
GamesPlayed    1
Nodes          1
Knowledge      0 (0.0%)
Expansions     0.0
Time           0.00
GameLen        99.0 dev=0.0 min=99.0 max=99.0
InTree         0.0 dev=0.0 min=0.0 max=0.0
KnowDepth      -
Aborted        0%
Games/s        2506.3
Score          0.00
Sequence      
276d7 info: 
276d7 warning: **** MoHexSearch returned empty sequence!
276d7 warning: **** Returning random move!
276d7 info: Best move cannot be determined, must search state.
276d7 info: --- MoHexPlayer::Search() ---
276d7 info: Color: white
276d7 info: MaxGames: 1
276d7 info: NumberThreads: 1
276d7 info: MaxNodes: 9090 (799920 bytes)
276d7 info: TimeForMove: 1
276d7 info: PreSearch: max time reached (57/72).
276d7 info: Time for PreSearch: 0.202952s
276d7 info: 
  6ef10077e714b801
  a  b  c  d  e  f  g  h  i  j  k  
 1\.  .  W  .  b  b  b  b  .  W  .\1
  2\.  .  .  *  b  B  .  *  *  .  .\2
   3\.  .  .  .  B  *  *  *  *  *  .\3
    4\.  .  .  .  *  *  *  *  *  .  .\4
     5\.  .  .  *  *  *  *  *  B  *  B\5
      6\.  .  .  *  *  W  *  *  *  *  .\6
       7\w  .  B  *  *  *  *  *  *  *  .\7
        8\w  W  *  *  B  *  *  *  *  *  .\8
         9\w  .  *  *  *  *  *  *  *  .  .\9
         10\w  *  *  *  *  *  *  *  *  .  .\10
          11\.  *  *  W  *  *  *  W  B  b  b\11
              a  b  c  d  e  f  g  h  i  j  k  
276d7 info: Old: [black, e3] [white, swap-pieces] [white, b8] [black, i5] [white, c1] [black, f2] [white, f6] [black, i11] [white, d11] [black, k5] [white, h11] [black, c7] 
276d7 info: New: [black, e3] [white, swap-pieces] [white, b8] [black, i5] [white, c1] [black, f2] [white, f6] [black, i11] [white, d11] [black, k5] [white, h11] [black, c7] [white, j1] [black, e8] 
276d7 info: MovesPlayed: [white, j1] [black, e8] 
276d7 info: No subtree to reuse.
276d7 info: StartSearch()[0]
276d7 info: 
Elapsed Time   0.3802s
Count          1
GamesPlayed    1
Nodes          1
Knowledge      0 (0.0%)
Expansions     0.0
Time           0.00
GameLen        97.0 dev=0.0 min=97.0 max=97.0
InTree         0.0 dev=0.0 min=0.0 max=0.0
KnowDepth      -
Aborted        0%
Games/s        3058.1
Score          0.00
Sequence      
276d7 info: 
276d7 warning: **** MoHexSearch returned empty sequence!
276d7 warning: **** Returning random move!
276d7 info: Best move cannot be determined, must search state.
276d7 info: --- MoHexPlayer::Search() ---
276d7 info: Color: white
276d7 info: MaxGames: 1
276d7 info: NumberThreads: 1
276d7 info: MaxNodes: 9090 (799920 bytes)
276d7 info: TimeForMove: 1
276d7 info: PreSearch: max time reached (49/70).
276d7 info: Time for PreSearch: 0.200528s
276d7 info: 
  796e1a33ed072282
  a  b  c  d  e  f  g  h  i  j  k  
 1\.  .  W  .  b  b  b  b  .  W  .\1
  2\.  .  .  *  b  B  .  *  *  .  .\2
   3\.  .  .  *  B  *  *  *  *  *  .\3
    4\.  .  .  .  *  *  *  *  *  *  B\4
     5\.  .  .  *  W  *  *  *  B  .  B\5
      6\.  .  .  *  *  W  *  *  *  *  .\6
       7\w  .  B  *  *  *  *  *  *  *  .\7
        8\w  W  *  *  B  *  *  *  *  *  .\8
         9\w  .  *  *  *  *  *  *  *  .  .\9
         10\w  *  *  *  *  *  *  *  *  .  .\10
          11\.  *  *  W  *  *  *  W  B  b  b\11
              a  b  c  d  e  f  g  h  i  j  k  
276d7 info: Old: [black, e3] [white, swap-pieces] [white, b8] [black, i5] [white, c1] [black, f2] [white, f6] [black, i11] [white, d11] [black, k5] [white, h11] [black, c7] [white, j1] [black, e8] 
276d7 info: New: [black, e3] [white, swap-pieces] [white, b8] [black, i5] [white, c1] [black, f2] [white, f6] [black, i11] [white, d11] [black, k5] [white, h11] [black, c7] [white, j1] [black, e8] [white, e5] [black, k4] 
276d7 info: MovesPlayed: [white, e5] [black, k4] 
276d7 info: No subtree to reuse.
276d7 info: StartSearch()[0]
276d7 info: 
Elapsed Time   0.380805s
Count          1
GamesPlayed    1
Nodes          1
Knowledge      0 (0.0%)
Expansions     0.0
Time           0.00
GameLen        95.0 dev=0.0 min=95.0 max=95.0
InTree         0.0 dev=0.0 min=0.0 max=0.0
KnowDepth      -
Aborted        0%
Games/s        2710.0
Score          1.00
Sequence      
276d7 info: 
276d7 warning: **** MoHexSearch returned empty sequence!
276d7 warning: **** Returning random move!
276d7 info: Best move cannot be determined, must search state.
276d7 info: --- MoHexPlayer::Search() ---
276d7 info: Color: white
276d7 info: MaxGames: 1
276d7 info: NumberThreads: 1
276d7 info: MaxNodes: 9090 (799920 bytes)
276d7 info: TimeForMove: 1
276d7 info: PreSearch: max time reached (49/66).
276d7 info: Time for PreSearch: 0.201735s
276d7 info: 
  7a9067b05fc91d29
  a  b  c  d  e  f  g  h  i  j  k  
 1\.  .  W  .  b  b  b  b  .  W  .\1
  2\.  .  .  *  b  B  b  *  *  .  .\2
   3\.  .  .  *  B  .  W  *  *  *  .\3
    4\.  .  .  .  *  .  *  *  *  *  B\4
     5\.  .  .  *  W  B  *  *  B  .  B\5
      6\.  .  .  *  *  W  *  *  *  *  .\6
       7\w  .  B  *  *  *  *  *  *  *  .\7
        8\w  W  *  *  B  *  *  *  *  *  .\8
         9\w  .  *  *  *  *  *  *  *  .  .\9
         10\w  *  *  *  *  *  *  *  *  .  .\10
          11\.  *  *  W  *  *  *  W  B  b  b\11
              a  b  c  d  e  f  g  h  i  j  k  
276d7 info: Old: [black, e3] [white, swap-pieces] [white, b8] [black, i5] [white, c1] [black, f2] [white, f6] [black, i11] [white, d11] [black, k5] [white, h11] [black, c7] [white, j1] [black, e8] [white, e5] [black, k4] 
276d7 info: New: [black, e3] [white, swap-pieces] [white, b8] [black, i5] [white, c1] [black, f2] [white, f6] [black, i11] [white, d11] [black, k5] [white, h11] [black, c7] [white, j1] [black, e8] [white, e5] [black, k4] [white, g3] [black, f5] 
276d7 info: MovesPlayed: [white, g3] [black, f5] 
276d7 info: No subtree to reuse.
276d7 info: StartSearch()[0]
276d7 info: 
Elapsed Time   0.552492s
Count          1
GamesPlayed    1
Nodes          1
Knowledge      0 (0.0%)
Expansions     0.0
Time           0.00
GameLen        92.0 dev=0.0 min=92.0 max=92.0
InTree         0.0 dev=0.0 min=0.0 max=0.0
KnowDepth      -
Aborted        0%
Games/s        2801.1
Score          0.00
Sequence      
276d7 info: 
276d7 warning: **** MoHexSearch returned empty sequence!
276d7 warning: **** Returning random move!
276d7 info: Best move cannot be determined, must search state.
276d7 info: --- MoHexPlayer::Search() ---
276d7 info: Color: white
276d7 info: MaxGames: 1
276d7 info: NumberThreads: 1
276d7 info: MaxNodes: 9090 (799920 bytes)
276d7 info: TimeForMove: 1
276d7 info: PreSearch: max time reached (60/65).
276d7 info: Time for PreSearch: 0.200824s
276d7 info: 
  4c04400be7b76eb1
  a  b  c  d  e  f  g  h  i  j  k  
 1\.  .  W  .  b  b  b  b  .  W  .\1
  2\.  .  .  *  b  B  b  *  *  .  .\2
   3\.  *  *  *  B  .  W  *  *  *  .\3
    4\.  *  *  *  *  .  *  *  *  *  B\4
     5\B  *  *  *  W  B  *  *  B  .  B\5
      6\.  *  *  *  *  W  *  *  *  *  .\6
       7\w  .  B  *  *  W  *  *  *  *  .\7
        8\w  W  *  *  B  *  *  *  *  *  .\8
         9\w  .  *  *  *  *  *  *  *  .  .\9
         10\w  *  *  *  *  *  *  *  *  .  .\10
          11\.  *  *  W  *  *  *  W  B  b  b\11
              a  b  c  d  e  f  g  h  i  j  k  
276d7 info: Old: [black, e3] [white, swap-pieces] [white, b8] [black, i5] [white, c1] [black, f2] [white, f6] [black, i11] [white, d11] [black, k5] [white, h11] [black, c7] [white, j1] [black, e8] [white, e5] [black, k4] [white, g3] [black, f5] 
276d7 info: New: [black, e3] [white, swap-pieces] [white, b8] [black, i5] [white, c1] [black, f2] [white, f6] [black, i11] [white, d11] [black, k5] [white, h11] [black, c7] [white, j1] [black, e8] [white, e5] [black, k4] [white, g3] [black, f5] [white, f7] [black, a5] 
276d7 info: MovesPlayed: [white, f7] [black, a5] 
276d7 info: No subtree to reuse.
276d7 info: StartSearch()[0]
276d7 info: 
Elapsed Time   0.352988s
Count          1
GamesPlayed    1
Nodes          1
Knowledge      0 (0.0%)
Expansions     0.0
Time           0.00
GameLen        90.0 dev=0.0 min=90.0 max=90.0
InTree         0.0 dev=0.0 min=0.0 max=0.0
KnowDepth      -
Aborted        0%
Games/s        3105.6
Score          0.00
Sequence      
276d7 info: 
276d7 warning: **** MoHexSearch returned empty sequence!
276d7 warning: **** Returning random move!
276d7 info: Best move cannot be determined, must search state.
276d7 info: --- MoHexPlayer::Search() ---
276d7 info: Color: white
276d7 info: MaxGames: 1
276d7 info: NumberThreads: 1
276d7 info: MaxNodes: 9090 (799920 bytes)
276d7 info: TimeForMove: 1
276d7 info: Time for PreSearch: 0.202675s
276d7 info: 
  6dbfd201810be645
  a  b  c  d  e  f  g  h  i  j  k  
 1\.  .  W  .  b  b  b  b  .  W  .\1
  2\.  .  .  *  b  B  b  *  *  .  .\2
   3\.  *  *  *  B  b  W  *  *  *  .\3
    4\.  *  *  *  .  W  *  *  *  *  B\4
     5\B  *  *  *  W  B  *  *  B  .  B\5
      6\.  *  *  *  *  W  *  *  *  *  .\6
       7\w  .  B  *  *  W  *  *  *  *  .\7
        8\w  W  *  *  B  *  *  *  *  *  .\8
         9\w  .  *  *  *  *  *  *  *  *  .\9
         10\w  *  *  *  *  *  *  *  *  B  b\10
          11\.  *  *  W  *  *  *  W  B  b  b\11
              a  b  c  d  e  f  g  h  i  j  k  
276d7 info: Old: [black, e3] [white, swap-pieces] [white, b8] [black, i5] [white, c1] [black, f2] [white, f6] [black, i11] [white, d11] [black, k5] [white, h11] [black, c7] [white, j1] [black, e8] [white, e5] [black, k4] [white, g3] [black, f5] [white, f7] [black, a5] 
276d7 info: New: [black, e3] [white, swap-pieces] [white, b8] [black, i5] [white, c1] [black, f2] [white, f6] [black, i11] [white, d11] [black, k5] [white, h11] [black, c7] [white, j1] [black, e8] [white, e5] [black, k4] [white, g3] [black, f5] [white, f7] [black, a5] [white, f4] [black, j10] 
276d7 info: MovesPlayed: [white, f4] [black, j10] 
276d7 info: No subtree to reuse.
276d7 info: StartSearch()[0]
276d7 info: 
Elapsed Time   0.373319s
Count          1
GamesPlayed    1
Nodes          1
Knowledge      0 (0.0%)
Expansions     0.0
Time           0.00
GameLen        86.0 dev=0.0 min=86.0 max=86.0
InTree         0.0 dev=0.0 min=0.0 max=0.0
KnowDepth      -
Aborted        0%
Games/s        3115.3
Score          0.00
Sequence      
276d7 info: 
276d7 warning: **** MoHexSearch returned empty sequence!
276d7 warning: **** Returning random move!
276d7 info: Best move cannot be determined, must search state.
276d7 info: --- MoHexPlayer::Search() ---
276d7 info: Color: white
276d7 info: MaxGames: 1
276d7 info: NumberThreads: 1
276d7 info: MaxNodes: 9090 (799920 bytes)
276d7 info: TimeForMove: 1
276d7 info: Time for PreSearch: 0.197283s
276d7 info: 
  146260b890d32860
  a  b  c  d  e  f  g  h  i  j  k  
 1\.  .  W  .  b  b  b  b  .  W  .\1
  2\.  .  .  *  b  B  b  *  *  .  .\2
   3\.  *  *  *  B  b  W  *  *  *  .\3
    4\.  *  *  *  .  W  *  *  *  *  B\4
     5\B  *  *  *  W  B  *  *  B  .  B\5
      6\.  *  *  *  *  W  *  *  *  *  .\6
       7\w  .  B  *  .  W  *  *  *  *  .\7
        8\w  W  *  B  B  *  *  *  *  *  .\8
         9\w  .  .  *  *  *  *  *  *  *  .\9
         10\b  .  *  *  *  *  *  *  *  B  b\10
          11\W  .  *  W  *  *  *  W  B  b  b\11
              a  b  c  d  e  f  g  h  i  j  k  
276d7 info: Old: [black, e3] [white, swap-pieces] [white, b8] [black, i5] [white, c1] [black, f2] [white, f6] [black, i11] [white, d11] [black, k5] [white, h11] [black, c7] [white, j1] [black, e8] [white, e5] [black, k4] [white, g3] [black, f5] [white, f7] [black, a5] [white, f4] [black, j10] 
276d7 info: New: [black, e3] [white, swap-pieces] [white, b8] [black, i5] [white, c1] [black, f2] [white, f6] [black, i11] [white, d11] [black, k5] [white, h11] [black, c7] [white, j1] [black, e8] [white, e5] [black, k4] [white, g3] [black, f5] [white, f7] [black, a5] [white, f4] [black, j10] [white, a11] [black, d8] 
276d7 info: MovesPlayed: [white, a11] [black, d8] 
276d7 info: No subtree to reuse.
276d7 info: StartSearch()[0]
276d7 info: 
Elapsed Time   0.369199s
Count          1
GamesPlayed    1
Nodes          1
Knowledge      0 (0.0%)
Expansions     0.0
Time           0.00
GameLen        84.0 dev=0.0 min=84.0 max=84.0
InTree         0.0 dev=0.0 min=0.0 max=0.0
KnowDepth      -
Aborted        0%
Games/s        2409.6
Score          0.00
Sequence      
276d7 info: 
276d7 warning: **** MoHexSearch returned empty sequence!
276d7 warning: **** Returning random move!
276d7 info: Best move cannot be determined, must search state.
276d7 info: --- MoHexPlayer::Search() ---
276d7 info: Color: white
276d7 info: MaxGames: 1
276d7 info: NumberThreads: 1
276d7 info: MaxNodes: 9090 (799920 bytes)
276d7 info: TimeForMove: 1
276d7 info: Time for PreSearch: 0.176156s
276d7 info: 
  0b13c585b80fd485
  a  b  c  d  e  f  g  h  i  j  k  
 1\.  .  W  .  b  b  b  b  .  W  .\1
  2\.  .  .  *  b  B  b  *  *  .  .\2
   3\.  *  *  *  B  b  W  *  *  *  .\3
    4\.  *  *  *  .  W  *  *  *  *  B\4
     5\B  B  *  *  W  B  *  *  B  .  B\5
      6\w  .  *  *  *  W  *  *  *  *  .\6
       7\w  .  B  *  .  W  *  *  *  *  .\7
        8\w  W  *  B  B  *  *  *  *  *  .\8
         9\w  .  *  W  *  *  *  *  *  *  .\9
         10\b  .  .  .  *  *  *  *  *  B  b\10
          11\W  .  .  W  *  *  *  W  B  b  b\11
              a  b  c  d  e  f  g  h  i  j  k  
276d7 info: Old: [black, e3] [white, swap-pieces] [white, b8] [black, i5] [white, c1] [black, f2] [white, f6] [black, i11] [white, d11] [black, k5] [white, h11] [black, c7] [white, j1] [black, e8] [white, e5] [black, k4] [white, g3] [black, f5] [white, f7] [black, a5] [white, f4] [black, j10] [white, a11] [black, d8] 
276d7 info: New: [black, e3] [white, swap-pieces] [white, b8] [black, i5] [white, c1] [black, f2] [white, f6] [black, i11] [white, d11] [black, k5] [white, h11] [black, c7] [white, j1] [black, e8] [white, e5] [black, k4] [white, g3] [black, f5] [white, f7] [black, a5] [white, f4] [black, j10] [white, a11] [black, d8] [white, d9] [black, b5] 
276d7 info: MovesPlayed: [white, d9] [black, b5] 
276d7 info: No subtree to reuse.
276d7 info: StartSearch()[0]
276d7 info: 
Elapsed Time   0.387294s
Count          1
GamesPlayed    1
Nodes          1
Knowledge      0 (0.0%)
Expansions     0.0
Time           0.00
GameLen        81.0 dev=0.0 min=81.0 max=81.0
InTree         0.0 dev=0.0 min=0.0 max=0.0
KnowDepth      -
Aborted        0%
Games/s        2857.1
Score          1.00
Sequence      
276d7 info: 
276d7 warning: **** MoHexSearch returned empty sequence!
276d7 warning: **** Returning random move!
276d7 info: Best move cannot be determined, must search state.
276d7 info: --- MoHexPlayer::Search() ---
276d7 info: Color: white
276d7 info: MaxGames: 1
276d7 info: NumberThreads: 1
276d7 info: MaxNodes: 9090 (799920 bytes)
276d7 info: TimeForMove: 1
276d7 info: Time for PreSearch: 0.182498s
276d7 info: 
  2018893a8c93eda9
  a  b  c  d  e  f  g  h  i  j  k  
 1\.  .  W  .  b  b  b  b  .  W  .\1
  2\.  .  .  *  b  B  b  .  .  *  .\2
   3\.  *  *  *  B  b  W  .  W  .  .\3
    4\.  *  *  *  .  W  .  *  *  *  B\4
     5\B  B  *  *  W  B  *  *  B  .  B\5
      6\w  .  *  *  *  W  .  .  B  *  .\6
       7\w  .  B  *  .  W  *  *  *  *  .\7
        8\w  W  *  B  B  *  *  *  *  *  .\8
         9\w  .  *  W  *  *  *  *  *  *  .\9
         10\b  .  .  .  *  *  *  *  *  B  b\10
          11\W  .  .  W  *  *  *  W  B  b  b\11
              a  b  c  d  e  f  g  h  i  j  k  
276d7 info: Old: [black, e3] [white, swap-pieces] [white, b8] [black, i5] [white, c1] [black, f2] [white, f6] [black, i11] [white, d11] [black, k5] [white, h11] [black, c7] [white, j1] [black, e8] [white, e5] [black, k4] [white, g3] [black, f5] [white, f7] [black, a5] [white, f4] [black, j10] [white, a11] [black, d8] [white, d9] [black, b5] 
276d7 info: New: [black, e3] [white, swap-pieces] [white, b8] [black, i5] [white, c1] [black, f2] [white, f6] [black, i11] [white, d11] [black, k5] [white, h11] [black, c7] [white, j1] [black, e8] [white, e5] [black, k4] [white, g3] [black, f5] [white, f7] [black, a5] [white, f4] [black, j10] [white, a11] [black, d8] [white, d9] [black, b5] [white, i3] [black, i6] 
276d7 info: MovesPlayed: [white, i3] [black, i6] 
276d7 info: No subtree to reuse.
276d7 info: StartSearch()[0]
276d7 info: 
Elapsed Time   0.368749s
Count          1
GamesPlayed    1
Nodes          1
Knowledge      0 (0.0%)
Expansions     0.0
Time           0.00
GameLen        79.0 dev=0.0 min=79.0 max=79.0
InTree         0.0 dev=0.0 min=0.0 max=0.0
KnowDepth      -
Aborted        0%
Games/s        3039.5
Score          0.00
Sequence      
276d7 info: 
276d7 warning: **** MoHexSearch returned empty sequence!
276d7 warning: **** Returning random move!
276d7 info: Winning SC.
276d7 info: Winning SC.
276d7 info: Winning SC.
276d7 info: Winning SC.
276d7 info: Winning SC.
276d7 info: Winning SC.
276d7 config: ============ BenzeneShutdown =============
276d7 config: MoHexProgram:: ShutdownSystem()
276d7 config: CommonProgram:: ShutdownSystem()
276d7 config: BenzeneProgram:: ShutdownSystem()
Flushing and closing this stream...
