# nice ../build/src/mohex/mohex --config mohex-weak.htp --seed 669757 --logfile-name jobs/11x11-mohex-mohex-cg2010-vs-mohex-mohex-weak-1/mohex-mohex-weak-322.log
>boardsize 11 11
MoHex 2.0.CMake Mar 21 2025
Copyright (C) 2007-2012 by the authors of the Benzene project.
This program comes with ABSOLUTELY NO WARRANTY. This is
free software and you are welcome to redistribute it under
certain conditions. Type `benzene-license' for details.

SgRandom::SetSeed: 669757
SgUctSearch: system memory 33632358400, using 1000000000 (5681818 nodes)
SgRandom::SetSeed: 1
SgRandom::SetSeed: 669757
139c7 info: Prior Patterns:
139c7 info: Global:
139c7 info: Size            = 565 32648 
139c7 info: TableEntries    = 65932 65910
139c7 info: MirrorsAdded    = 0 0
139c7 info: PrunableCount   = 30593 30629
139c7 info: LargestGamma    = 5820.77
139c7 info: SmallestGamma   = 6.6e-05
139c7 info: Local:
139c7 info: Size            = 550 5318 
139c7 info: TableEntries    = 11602 11588
139c7 info: MirrorsAdded    = 0 0
139c7 info: PrunableCount   = 3659 3667
139c7 info: LargestGamma    = 11281.8
139c7 info: SmallestGamma   = 0.026235
139c7 info: Playout Patterns:
139c7 info: Global:
139c7 info: Size            = 565 32648 
139c7 info: TableEntries    = 70329 70329
139c7 info: MirrorsAdded    = 4397 4419
139c7 info: PrunableCount   = 30593 30629
139c7 info: LargestGamma    = 5820.77
139c7 info: SmallestGamma   = 6.6e-05
139c7 info: Local:
139c7 info: Size            = 550 5318 
139c7 info: TableEntries    = 11602 11588
139c7 info: MirrorsAdded    = 0 0
139c7 info: PrunableCount   = 3659 3667
139c7 info: LargestGamma    = 11281.8
139c7 info: SmallestGamma   = 0.026235
param_game allow_swap 1
= 

param_mohex max_memory 1600000
= 

param_mohex num_threads 1
= 

param_mohex max_time 1
= 

param_mohex max_games 1
= 

param_mohex knowledge_threshold 400
= 

param_mohex reuse_subtree 1
= 

param_mohex use_parallel_solver 0
= 

<= 
<
>name
<= MoHex
<
>version
<= 2.0.CMake
<
>play b d8
<= 
<
>genmove w
<= swap-pieces
<
>showboard
139c7 info: SwapCheck: reading from '/home/linus/MoHex2.0/nfbranchfix/benzene-vanilla-cmake/share/swap-moves.txt'.
139c7 info: SwapCheck: playing swap.
<= 
< 
<  6a83214375a417f0
<  a  b  c  d  e  f  g  h  i  j  k  
< 1\.  .  .  .  .  .  .  .  .  .  .\1
<  2\.  .  .  .  .  .  .  .  .  .  .\2
<   3\.  .  .  .  .  .  .  .  .  .  .\3
<    4\.  .  .  .  .  .  .  .  .  .  .\4
<     5\.  .  .  .  .  .  .  .  .  .  .\5
<      6\.  .  .  .  .  .  .  .  .  .  .\6
<       7\.  .  .  .  .  .  .  .  .  .  .\7
<        8\.  .  .  B  .  .  .  .  .  .  .\8
<         9\.  .  .  .  .  .  .  .  .  .  .\9
<         10\.  .  .  .  .  .  .  .  .  .  .\10
<          11\.  .  .  .  .  .  .  .  .  .  .\11
<              a  b  c  d  e  f  g  h  i  j  k  
<
>play w d9
<= 
<
>showboard
<= 
< 
<  da019d1575794c7b
<  a  b  c  d  e  f  g  h  i  j  k  
< 1\.  .  .  .  .  .  .  .  .  .  .\1
<  2\.  .  .  .  .  .  .  .  .  .  .\2
<   3\.  .  .  .  .  .  .  .  .  .  .\3
<    4\.  .  .  .  .  .  .  .  .  .  .\4
<     5\.  .  .  .  .  .  .  .  .  .  .\5
<      6\.  .  .  .  .  .  .  .  .  .  .\6
<       7\.  .  .  .  .  .  .  .  .  .  .\7
<        8\.  .  .  B  .  .  .  .  .  .  .\8
<         9\.  .  .  W  .  .  .  .  .  .  .\9
<         10\.  .  .  .  .  .  .  .  .  .  .\10
<          11\.  .  .  .  .  .  .  .  .  .  .\11
<              a  b  c  d  e  f  g  h  i  j  k  
<
>genmove b
<= e6
<
>showboard
139c7 info: Best move cannot be determined, must search state.
139c7 info: --- MoHexPlayer::Search() ---
139c7 info: Color: black
139c7 info: MaxGames: 1
139c7 info: NumberThreads: 1
139c7 info: MaxNodes: 9090 (799920 bytes)
139c7 info: TimeForMove: 1
139c7 info: PreSearch: max time reached (47/89).
139c7 info: Time for PreSearch: 0.202815s
139c7 info: 
  da019d1575794c7b
  a  b  c  d  e  f  g  h  i  j  k  
 1\.  .  .  .  .  .  .  .  .  .  .\1
  2\.  .  *  *  *  *  *  *  *  *  *\2
   3\.  *  *  *  *  *  *  *  *  *  *\3
    4\*  *  *  *  *  *  *  *  *  *  *\4
     5\*  *  *  *  *  *  *  *  *  *  *\5
      6\*  *  *  *  *  *  *  *  *  *  *\6
       7\*  *  *  *  *  *  *  *  *  *  *\7
        8\*  *  *  B  *  *  *  *  *  *  *\8
         9\*  *  *  W  *  *  *  *  *  *  .\9
         10\*  *  .  .  *  *  *  *  *  .  .\10
          11\.  .  .  .  .  .  .  .  .  .  .\11
              a  b  c  d  e  f  g  h  i  j  k  
139c7 info: No subtree to reuse.
139c7 info: Creating thread 0
139c7 info: StartSearch()[0]
SgUctSearch: max games reached
139c7 info: 
Elapsed Time   0.369203s
Count          1
GamesPlayed    1
Nodes          1
Knowledge      0 (0.0%)
Expansions     0.0
Time           0.00
GameLen        119.0 dev=0.0 min=119.0 max=119.0
InTree         0.0 dev=0.0 min=0.0 max=0.0
KnowDepth      -
Aborted        0%
Games/s        357.4
Score          1.00
Sequence      
139c7 info: 
139c7 warning: **** MoHexSearch returned empty sequence!
139c7 warning: **** Returning random move!
<= 
< 
<  d796e4f1fc7f923b
<  a  b  c  d  e  f  g  h  i  j  k  
< 1\.  .  .  .  .  .  .  .  .  .  .\1
<  2\.  .  .  .  .  .  .  .  .  .  .\2
<   3\.  .  .  .  .  .  .  .  .  .  .\3
<    4\.  .  .  .  .  .  .  .  .  .  .\4
<     5\.  .  .  .  .  .  .  .  .  .  .\5
<      6\.  .  .  .  B  .  .  .  .  .  .\6
<       7\.  .  .  .  .  .  .  .  .  .  .\7
<        8\.  .  .  B  .  .  .  .  .  .  .\8
<         9\.  .  .  W  .  .  .  .  .  .  .\9
<         10\.  .  .  .  .  .  .  .  .  .  .\10
<          11\.  .  .  .  .  .  .  .  .  .  .\11
<              a  b  c  d  e  f  g  h  i  j  k  
<
>play w e1
<= 
<
>showboard
<= 
< 
<  0d354d5cbced8c91
<  a  b  c  d  e  f  g  h  i  j  k  
< 1\.  .  .  .  W  .  .  .  .  .  .\1
<  2\.  .  .  .  .  .  .  .  .  .  .\2
<   3\.  .  .  .  .  .  .  .  .  .  .\3
<    4\.  .  .  .  .  .  .  .  .  .  .\4
<     5\.  .  .  .  .  .  .  .  .  .  .\5
<      6\.  .  .  .  B  .  .  .  .  .  .\6
<       7\.  .  .  .  .  .  .  .  .  .  .\7
<        8\.  .  .  B  .  .  .  .  .  .  .\8
<         9\.  .  .  W  .  .  .  .  .  .  .\9
<         10\.  .  .  .  .  .  .  .  .  .  .\10
<          11\.  .  .  .  .  .  .  .  .  .  .\11
<              a  b  c  d  e  f  g  h  i  j  k  
<
>genmove b
<= f2
<
>showboard
139c7 info: Best move cannot be determined, must search state.
139c7 info: --- MoHexPlayer::Search() ---
139c7 info: Color: black
139c7 info: MaxGames: 1
139c7 info: NumberThreads: 1
139c7 info: MaxNodes: 9090 (799920 bytes)
139c7 info: TimeForMove: 1
139c7 info: PreSearch: max time reached (42/88).
139c7 info: Time for PreSearch: 0.201471s
139c7 info: 
  0d354d5cbced8c91
  a  b  c  d  e  f  g  h  i  j  k  
 1\.  .  .  .  W  .  .  .  .  .  .\1
  2\.  .  *  *  *  *  *  *  *  *  *\2
   3\.  *  *  *  *  *  *  *  *  *  *\3
    4\*  *  *  *  *  *  *  *  *  *  *\4
     5\*  *  *  *  *  *  *  *  *  *  *\5
      6\*  *  *  *  B  *  *  *  *  *  *\6
       7\*  *  *  *  *  *  *  *  *  *  *\7
        8\*  *  *  B  *  *  *  *  *  *  *\8
         9\*  *  *  W  *  *  *  *  *  *  .\9
         10\*  *  .  .  *  *  *  *  *  .  .\10
          11\.  .  .  .  .  .  .  .  .  .  .\11
              a  b  c  d  e  f  g  h  i  j  k  
139c7 info: Old: [black, d8] [white, swap-pieces] [white, d9] 
139c7 info: New: [black, d8] [white, swap-pieces] [white, d9] [black, e6] [white, e1] 
139c7 info: MovesPlayed: [black, e6] [white, e1] 
139c7 info: No subtree to reuse.
139c7 info: StartSearch()[0]
SgUctSearch: max games reached
139c7 info: 
Elapsed Time   0.355999s
Count          1
GamesPlayed    1
Nodes          1
Knowledge      0 (0.0%)
Expansions     0.0
Time           0.00
GameLen        117.0 dev=0.0 min=117.0 max=117.0
InTree         0.0 dev=0.0 min=0.0 max=0.0
KnowDepth      -
Aborted        0%
Games/s        2207.5
Score          1.00
Sequence      
139c7 info: 
139c7 warning: **** MoHexSearch returned empty sequence!
139c7 warning: **** Returning random move!
<= 
< 
<  c75262d04f2177ff
<  a  b  c  d  e  f  g  h  i  j  k  
< 1\.  .  .  .  W  .  .  .  .  .  .\1
<  2\.  .  .  .  .  B  .  .  .  .  .\2
<   3\.  .  .  .  .  .  .  .  .  .  .\3
<    4\.  .  .  .  .  .  .  .  .  .  .\4
<     5\.  .  .  .  .  .  .  .  .  .  .\5
<      6\.  .  .  .  B  .  .  .  .  .  .\6
<       7\.  .  .  .  .  .  .  .  .  .  .\7
<        8\.  .  .  B  .  .  .  .  .  .  .\8
<         9\.  .  .  W  .  .  .  .  .  .  .\9
<         10\.  .  .  .  .  .  .  .  .  .  .\10
<          11\.  .  .  .  .  .  .  .  .  .  .\11
<              a  b  c  d  e  f  g  h  i  j  k  
<
>play w c7
<= 
<
>showboard
<= 
< 
<  462bd62fd46d6d8a
<  a  b  c  d  e  f  g  h  i  j  k  
< 1\.  .  .  .  W  .  .  .  .  .  .\1
<  2\.  .  .  .  .  B  .  .  .  .  .\2
<   3\.  .  .  .  .  .  .  .  .  .  .\3
<    4\.  .  .  .  .  .  .  .  .  .  .\4
<     5\.  .  .  .  .  .  .  .  .  .  .\5
<      6\.  .  .  .  B  .  .  .  .  .  .\6
<       7\.  .  W  .  .  .  .  .  .  .  .\7
<        8\.  .  .  B  .  .  .  .  .  .  .\8
<         9\.  .  .  W  .  .  .  .  .  .  .\9
<         10\.  .  .  .  .  .  .  .  .  .  .\10
<          11\.  .  .  .  .  .  .  .  .  .  .\11
<              a  b  c  d  e  f  g  h  i  j  k  
<
>genmove b
<= f5
<
>showboard
139c7 info: Best move cannot be determined, must search state.
139c7 info: --- MoHexPlayer::Search() ---
139c7 info: Color: black
139c7 info: MaxGames: 1
139c7 info: NumberThreads: 1
139c7 info: MaxNodes: 9090 (799920 bytes)
139c7 info: TimeForMove: 1
139c7 info: PreSearch: max time reached (45/83).
139c7 info: Time for PreSearch: 0.201421s
139c7 info: 
  462bd62fd46d6d8a
  a  b  c  d  e  f  g  h  i  j  k  
 1\.  .  .  .  W  b  b  b  .  .  .\1
  2\.  .  *  *  *  B  .  .  *  *  *\2
   3\.  *  *  *  *  *  *  *  *  *  *\3
    4\*  *  *  *  *  *  *  *  *  *  *\4
     5\*  *  *  *  *  *  *  *  *  *  *\5
      6\*  *  *  *  B  *  *  *  *  *  *\6
       7\*  *  W  .  .  *  *  *  *  *  *\7
        8\*  *  *  B  *  *  *  *  *  *  *\8
         9\*  *  *  W  *  *  *  *  *  *  .\9
         10\*  *  .  .  *  *  *  *  *  .  .\10
          11\.  .  .  .  .  .  .  .  .  .  .\11
              a  b  c  d  e  f  g  h  i  j  k  
139c7 info: Old: [black, d8] [white, swap-pieces] [white, d9] [black, e6] [white, e1] 
139c7 info: New: [black, d8] [white, swap-pieces] [white, d9] [black, e6] [white, e1] [black, f2] [white, c7] 
139c7 info: MovesPlayed: [black, f2] [white, c7] 
139c7 info: No subtree to reuse.
139c7 info: StartSearch()[0]
SgUctSearch: max games reached
139c7 info: 
Elapsed Time   0.369201s
Count          1
GamesPlayed    1
Nodes          1
Knowledge      0 (0.0%)
Expansions     0.0
Time           0.00
GameLen        112.0 dev=0.0 min=112.0 max=112.0
InTree         0.0 dev=0.0 min=0.0 max=0.0
KnowDepth      -
Aborted        0%
Games/s        2381.0
Score          1.00
Sequence      
139c7 info: 
139c7 warning: **** MoHexSearch returned empty sequence!
139c7 warning: **** Returning random move!
<= 
< 
<  a9a7bf5962763473
<  a  b  c  d  e  f  g  h  i  j  k  
< 1\.  .  .  .  W  .  .  .  .  .  .\1
<  2\.  .  .  .  .  B  .  .  .  .  .\2
<   3\.  .  .  .  .  .  .  .  .  .  .\3
<    4\.  .  .  .  .  .  .  .  .  .  .\4
<     5\.  .  .  .  .  B  .  .  .  .  .\5
<      6\.  .  .  .  B  .  .  .  .  .  .\6
<       7\.  .  W  .  .  .  .  .  .  .  .\7
<        8\.  .  .  B  .  .  .  .  .  .  .\8
<         9\.  .  .  W  .  .  .  .  .  .  .\9
<         10\.  .  .  .  .  .  .  .  .  .  .\10
<          11\.  .  .  .  .  .  .  .  .  .  .\11
<              a  b  c  d  e  f  g  h  i  j  k  
<
>play w k9
<= 
<
>showboard
<= 
< 
<  a091b332d88c4c8d
<  a  b  c  d  e  f  g  h  i  j  k  
< 1\.  .  .  .  W  .  .  .  .  .  .\1
<  2\.  .  .  .  .  B  .  .  .  .  .\2
<   3\.  .  .  .  .  .  .  .  .  .  .\3
<    4\.  .  .  .  .  .  .  .  .  .  .\4
<     5\.  .  .  .  .  B  .  .  .  .  .\5
<      6\.  .  .  .  B  .  .  .  .  .  .\6
<       7\.  .  W  .  .  .  .  .  .  .  .\7
<        8\.  .  .  B  .  .  .  .  .  .  .\8
<         9\.  .  .  W  .  .  .  .  .  .  W\9
<         10\.  .  .  .  .  .  .  .  .  .  .\10
<          11\.  .  .  .  .  .  .  .  .  .  .\11
<              a  b  c  d  e  f  g  h  i  j  k  
<
>genmove b
<= e10
<
>showboard
139c7 info: Winning SC.
<= 
< 
<  8fc44a37e0336445
<  a  b  c  d  e  f  g  h  i  j  k  
< 1\.  .  .  .  W  .  .  .  .  .  .\1
<  2\.  .  .  .  .  B  .  .  .  .  .\2
<   3\.  .  .  .  .  .  .  .  .  .  .\3
<    4\.  .  .  .  .  .  .  .  .  .  .\4
<     5\.  .  .  .  .  B  .  .  .  .  .\5
<      6\.  .  .  .  B  .  .  .  .  .  .\6
<       7\.  .  W  .  .  .  .  .  .  .  .\7
<        8\.  .  .  B  .  .  .  .  .  .  .\8
<         9\.  .  .  W  .  .  .  .  .  .  W\9
<         10\.  .  .  .  B  .  .  .  .  .  .\10
<          11\.  .  .  .  .  .  .  .  .  .  .\11
<              a  b  c  d  e  f  g  h  i  j  k  
<
>play w f3
<= 
<
>showboard
<= 
< 
<  cb1bbc0d13d3ace8
<  a  b  c  d  e  f  g  h  i  j  k  
< 1\.  .  .  .  W  .  .  .  .  .  .\1
<  2\.  .  .  .  .  B  .  .  .  .  .\2
<   3\.  .  .  .  .  W  .  .  .  .  .\3
<    4\.  .  .  .  .  .  .  .  .  .  .\4
<     5\.  .  .  .  .  B  .  .  .  .  .\5
<      6\.  .  .  .  B  .  .  .  .  .  .\6
<       7\.  .  W  .  .  .  .  .  .  .  .\7
<        8\.  .  .  B  .  .  .  .  .  .  .\8
<         9\.  .  .  W  .  .  .  .  .  .  W\9
<         10\.  .  .  .  B  .  .  .  .  .  .\10
<          11\.  .  .  .  .  .  .  .  .  .  .\11
<              a  b  c  d  e  f  g  h  i  j  k  
<
>genmove b
<= g3
<
>showboard
139c7 info: Winning SC.
<= 
< 
<  784d9eb77685fa9e
<  a  b  c  d  e  f  g  h  i  j  k  
< 1\.  .  .  .  W  .  .  .  .  .  .\1
<  2\.  .  .  .  .  B  .  .  .  .  .\2
<   3\.  .  .  .  .  W  B  .  .  .  .\3
<    4\.  .  .  .  .  .  .  .  .  .  .\4
<     5\.  .  .  .  .  B  .  .  .  .  .\5
<      6\.  .  .  .  B  .  .  .  .  .  .\6
<       7\.  .  W  .  .  .  .  .  .  .  .\7
<        8\.  .  .  B  .  .  .  .  .  .  .\8
<         9\.  .  .  W  .  .  .  .  .  .  W\9
<         10\.  .  .  .  B  .  .  .  .  .  .\10
<          11\.  .  .  .  .  .  .  .  .  .  .\11
<              a  b  c  d  e  f  g  h  i  j  k  
<
>play w e7
<= 
<
>showboard
<= 
< 
<  60f4f9f7e44ea06d
<  a  b  c  d  e  f  g  h  i  j  k  
< 1\.  .  .  .  W  .  .  .  .  .  .\1
<  2\.  .  .  .  .  B  .  .  .  .  .\2
<   3\.  .  .  .  .  W  B  .  .  .  .\3
<    4\.  .  .  .  .  .  .  .  .  .  .\4
<     5\.  .  .  .  .  B  .  .  .  .  .\5
<      6\.  .  .  .  B  .  .  .  .  .  .\6
<       7\.  .  W  .  W  .  .  .  .  .  .\7
<        8\.  .  .  B  .  .  .  .  .  .  .\8
<         9\.  .  .  W  .  .  .  .  .  .  W\9
<         10\.  .  .  .  B  .  .  .  .  .  .\10
<          11\.  .  .  .  .  .  .  .  .  .  .\11
<              a  b  c  d  e  f  g  h  i  j  k  
<
>genmove b
<= d7
<
>showboard
139c7 info: Winning SC.
<= 
< 
<  99f0ca81590ecfbd
<  a  b  c  d  e  f  g  h  i  j  k  
< 1\.  .  .  .  W  .  .  .  .  .  .\1
<  2\.  .  .  .  .  B  .  .  .  .  .\2
<   3\.  .  .  .  .  W  B  .  .  .  .\3
<    4\.  .  .  .  .  .  .  .  .  .  .\4
<     5\.  .  .  .  .  B  .  .  .  .  .\5
<      6\.  .  .  .  B  .  .  .  .  .  .\6
<       7\.  .  W  B  W  .  .  .  .  .  .\7
<        8\.  .  .  B  .  .  .  .  .  .  .\8
<         9\.  .  .  W  .  .  .  .  .  .  W\9
<         10\.  .  .  .  B  .  .  .  .  .  .\10
<          11\.  .  .  .  .  .  .  .  .  .  .\11
<              a  b  c  d  e  f  g  h  i  j  k  
<
>play w h2
<= 
<
>showboard
<= 
< 
<  fba585d0a06ea3b1
<  a  b  c  d  e  f  g  h  i  j  k  
< 1\.  .  .  .  W  .  .  .  .  .  .\1
<  2\.  .  .  .  .  B  .  W  .  .  .\2
<   3\.  .  .  .  .  W  B  .  .  .  .\3
<    4\.  .  .  .  .  .  .  .  .  .  .\4
<     5\.  .  .  .  .  B  .  .  .  .  .\5
<      6\.  .  .  .  B  .  .  .  .  .  .\6
<       7\.  .  W  B  W  .  .  .  .  .  .\7
<        8\.  .  .  B  .  .  .  .  .  .  .\8
<         9\.  .  .  W  .  .  .  .  .  .  W\9
<         10\.  .  .  .  B  .  .  .  .  .  .\10
<          11\.  .  .  .  .  .  .  .  .  .  .\11
<              a  b  c  d  e  f  g  h  i  j  k  
<
>genmove b
<= g2
<
>showboard
139c7 info: Winning SC.
<= 
< 
<  5e865e7ebb02cee3
<  a  b  c  d  e  f  g  h  i  j  k  
< 1\.  .  .  .  W  .  .  .  .  .  .\1
<  2\.  .  .  .  .  B  B  W  .  .  .\2
<   3\.  .  .  .  .  W  B  .  .  .  .\3
<    4\.  .  .  .  .  .  .  .  .  .  .\4
<     5\.  .  .  .  .  B  .  .  .  .  .\5
<      6\.  .  .  .  B  .  .  .  .  .  .\6
<       7\.  .  W  B  W  .  .  .  .  .  .\7
<        8\.  .  .  B  .  .  .  .  .  .  .\8
<         9\.  .  .  W  .  .  .  .  .  .  W\9
<         10\.  .  .  .  B  .  .  .  .  .  .\10
<          11\.  .  .  .  .  .  .  .  .  .  .\11
<              a  b  c  d  e  f  g  h  i  j  k  
<
>play w f4
<= 
<
>showboard
<= 
< 
<  52b5473881c1e240
<  a  b  c  d  e  f  g  h  i  j  k  
< 1\.  .  .  .  W  .  .  .  .  .  .\1
<  2\.  .  .  .  .  B  B  W  .  .  .\2
<   3\.  .  .  .  .  W  B  .  .  .  .\3
<    4\.  .  .  .  .  W  .  .  .  .  .\4
<     5\.  .  .  .  .  B  .  .  .  .  .\5
<      6\.  .  .  .  B  .  .  .  .  .  .\6
<       7\.  .  W  B  W  .  .  .  .  .  .\7
<        8\.  .  .  B  .  .  .  .  .  .  .\8
<         9\.  .  .  W  .  .  .  .  .  .  W\9
<         10\.  .  .  .  B  .  .  .  .  .  .\10
<          11\.  .  .  .  .  .  .  .  .  .  .\11
<              a  b  c  d  e  f  g  h  i  j  k  
<
>genmove b
<= g4
<
>showboard
139c7 info: Winning SC.
<= 
< 
<  3138723f171cbab4
<  a  b  c  d  e  f  g  h  i  j  k  
< 1\.  .  .  .  W  .  .  .  .  .  .\1
<  2\.  .  .  .  .  B  B  W  .  .  .\2
<   3\.  .  .  .  .  W  B  .  .  .  .\3
<    4\.  .  .  .  .  W  B  .  .  .  .\4
<     5\.  .  .  .  .  B  .  .  .  .  .\5
<      6\.  .  .  .  B  .  .  .  .  .  .\6
<       7\.  .  W  B  W  .  .  .  .  .  .\7
<        8\.  .  .  B  .  .  .  .  .  .  .\8
<         9\.  .  .  W  .  .  .  .  .  .  W\9
<         10\.  .  .  .  B  .  .  .  .  .  .\10
<          11\.  .  .  .  .  .  .  .  .  .  .\11
<              a  b  c  d  e  f  g  h  i  j  k  
<
>play w g5
<= 
<
>showboard
<= 
< 
<  3954c6833b39d36d
<  a  b  c  d  e  f  g  h  i  j  k  
< 1\.  .  .  .  W  .  .  .  .  .  .\1
<  2\.  .  .  .  .  B  B  W  .  .  .\2
<   3\.  .  .  .  .  W  B  .  .  .  .\3
<    4\.  .  .  .  .  W  B  .  .  .  .\4
<     5\.  .  .  .  .  B  W  .  .  .  .\5
<      6\.  .  .  .  B  .  .  .  .  .  .\6
<       7\.  .  W  B  W  .  .  .  .  .  .\7
<        8\.  .  .  B  .  .  .  .  .  .  .\8
<         9\.  .  .  W  .  .  .  .  .  .  W\9
<         10\.  .  .  .  B  .  .  .  .  .  .\10
<          11\.  .  .  .  .  .  .  .  .  .  .\11
<              a  b  c  d  e  f  g  h  i  j  k  
<
>genmove b
<= c9
<
>showboard
139c7 info: Winning SC.
<= 
< 
<  7785a4d122956c8c
<  a  b  c  d  e  f  g  h  i  j  k  
< 1\.  .  .  .  W  .  .  .  .  .  .\1
<  2\.  .  .  .  .  B  B  W  .  .  .\2
<   3\.  .  .  .  .  W  B  .  .  .  .\3
<    4\.  .  .  .  .  W  B  .  .  .  .\4
<     5\.  .  .  .  .  B  W  .  .  .  .\5
<      6\.  .  .  .  B  .  .  .  .  .  .\6
<       7\.  .  W  B  W  .  .  .  .  .  .\7
<        8\.  .  .  B  .  .  .  .  .  .  .\8
<         9\.  .  B  W  .  .  .  .  .  .  W\9
<         10\.  .  .  .  B  .  .  .  .  .  .\10
<          11\.  .  .  .  .  .  .  .  .  .  .\11
<              a  b  c  d  e  f  g  h  i  j  k  
<
>play w c10
<= 
<
>showboard
<= 
< 
<  d2c6115b0562abc4
<  a  b  c  d  e  f  g  h  i  j  k  
< 1\.  .  .  .  W  .  .  .  .  .  .\1
<  2\.  .  .  .  .  B  B  W  .  .  .\2
<   3\.  .  .  .  .  W  B  .  .  .  .\3
<    4\.  .  .  .  .  W  B  .  .  .  .\4
<     5\.  .  .  .  .  B  W  .  .  .  .\5
<      6\.  .  .  .  B  .  .  .  .  .  .\6
<       7\.  .  W  B  W  .  .  .  .  .  .\7
<        8\.  .  .  B  .  .  .  .  .  .  .\8
<         9\.  .  B  W  .  .  .  .  .  .  W\9
<         10\.  .  W  .  B  .  .  .  .  .  .\10
<          11\.  .  .  .  .  .  .  .  .  .  .\11
<              a  b  c  d  e  f  g  h  i  j  k  
<
>genmove b
<= b10
<
>showboard
139c7 info: Winning SC.
<= 
< 
<  14d97159be5dd27b
<  a  b  c  d  e  f  g  h  i  j  k  
< 1\.  .  .  .  W  .  .  .  .  .  .\1
<  2\.  .  .  .  .  B  B  W  .  .  .\2
<   3\.  .  .  .  .  W  B  .  .  .  .\3
<    4\.  .  .  .  .  W  B  .  .  .  .\4
<     5\.  .  .  .  .  B  W  .  .  .  .\5
<      6\.  .  .  .  B  .  .  .  .  .  .\6
<       7\.  .  W  B  W  .  .  .  .  .  .\7
<        8\.  .  .  B  .  .  .  .  .  .  .\8
<         9\.  .  B  W  .  .  .  .  .  .  W\9
<         10\.  B  W  .  B  .  .  .  .  .  .\10
<          11\.  .  .  .  .  .  .  .  .  .  .\11
<              a  b  c  d  e  f  g  h  i  j  k  
<
>play w a11
<= 
<
>showboard
<= 
< 
<  2dff562bbe9637b1
<  a  b  c  d  e  f  g  h  i  j  k  
< 1\.  .  .  .  W  .  .  .  .  .  .\1
<  2\.  .  .  .  .  B  B  W  .  .  .\2
<   3\.  .  .  .  .  W  B  .  .  .  .\3
<    4\.  .  .  .  .  W  B  .  .  .  .\4
<     5\.  .  .  .  .  B  W  .  .  .  .\5
<      6\.  .  .  .  B  .  .  .  .  .  .\6
<       7\.  .  W  B  W  .  .  .  .  .  .\7
<        8\.  .  .  B  .  .  .  .  .  .  .\8
<         9\.  .  B  W  .  .  .  .  .  .  W\9
<         10\.  B  W  .  B  .  .  .  .  .  .\10
<          11\W  .  .  .  .  .  .  .  .  .  .\11
<              a  b  c  d  e  f  g  h  i  j  k  
<
>genmove b
<= b11
<
>showboard
139c7 info: Winning SC.
<= 
< 
<  23429cc9f594629e
<  a  b  c  d  e  f  g  h  i  j  k  
< 1\.  .  .  .  W  .  .  .  .  .  .\1
<  2\.  .  .  .  .  B  B  W  .  .  .\2
<   3\.  .  .  .  .  W  B  .  .  .  .\3
<    4\.  .  .  .  .  W  B  .  .  .  .\4
<     5\.  .  .  .  .  B  W  .  .  .  .\5
<      6\.  .  .  .  B  .  .  .  .  .  .\6
<       7\.  .  W  B  W  .  .  .  .  .  .\7
<        8\.  .  .  B  .  .  .  .  .  .  .\8
<         9\.  .  B  W  .  .  .  .  .  .  W\9
<         10\.  B  W  .  B  .  .  .  .  .  .\10
<          11\W  B  .  .  .  .  .  .  .  .  .\11
<              a  b  c  d  e  f  g  h  i  j  k  
<
>play w h1
<= 
<
>showboard
<= 
< 
<  bce38b82f3467384
<  a  b  c  d  e  f  g  h  i  j  k  
< 1\.  .  .  .  W  .  .  W  .  .  .\1
<  2\.  .  .  .  .  B  B  W  .  .  .\2
<   3\.  .  .  .  .  W  B  .  .  .  .\3
<    4\.  .  .  .  .  W  B  .  .  .  .\4
<     5\.  .  .  .  .  B  W  .  .  .  .\5
<      6\.  .  .  .  B  .  .  .  .  .  .\6
<       7\.  .  W  B  W  .  .  .  .  .  .\7
<        8\.  .  .  B  .  .  .  .  .  .  .\8
<         9\.  .  B  W  .  .  .  .  .  .  W\9
<         10\.  B  W  .  B  .  .  .  .  .  .\10
<          11\W  B  .  .  .  .  .  .  .  .  .\11
<              a  b  c  d  e  f  g  h  i  j  k  
<
>genmove b
<= f1
<
>showboard
139c7 info: Captured cells caused win! Removing...
139c7 info: Winning SC.
<= 
< 
<  7b5f47c7993c2c62
<  a  b  c  d  e  f  g  h  i  j  k  
< 1\.  .  .  .  W  B  .  W  .  .  .\1
<  2\.  .  .  .  .  B  B  W  .  .  .\2
<   3\.  .  .  .  .  W  B  .  .  .  .\3
<    4\.  .  .  .  .  W  B  .  .  .  .\4
<     5\.  .  .  .  .  B  W  .  .  .  .\5
<      6\.  .  .  .  B  .  .  .  .  .  .\6
<       7\.  .  W  B  W  .  .  .  .  .  .\7
<        8\.  .  .  B  .  .  .  .  .  .  .\8
<         9\.  .  B  W  .  .  .  .  .  .  W\9
<         10\.  B  W  .  B  .  .  .  .  .  .\10
<          11\W  B  .  .  .  .  .  .  .  .  .\11
<              a  b  c  d  e  f  g  h  i  j  k  
<
>play w resign
<= 
<
>showboard
<= 
< 
<  7b5f47c7993c2c62
<  a  b  c  d  e  f  g  h  i  j  k  
< 1\.  .  .  .  W  B  .  W  .  .  .\1
<  2\.  .  .  .  .  B  B  W  .  .  .\2
<   3\.  .  .  .  .  W  B  .  .  .  .\3
<    4\.  .  .  .  .  W  B  .  .  .  .\4
<     5\.  .  .  .  .  B  W  .  .  .  .\5
<      6\.  .  .  .  B  .  .  .  .  .  .\6
<       7\.  .  W  B  W  .  .  .  .  .  .\7
<        8\.  .  .  B  .  .  .  .  .  .  .\8
<         9\.  .  B  W  .  .  .  .  .  .  W\9
<         10\.  B  W  .  B  .  .  .  .  .  .\10
<          11\W  B  .  .  .  .  .  .  .  .  .\11
<              a  b  c  d  e  f  g  h  i  j  k  
<
>final_score
<= B+
<
>quit
<= 
<
