# nice ../build/src/mohex/mohex --config mohex-weak.htp --seed 835512 --logfile-name jobs/11x11-mohex-mohex-cg2010-vs-mohex-mohex-weak-1/mohex-mohex-weak-298.log
>boardsize 11 11
MoHex 2.0.CMake Mar 21 2025
Copyright (C) 2007-2012 by the authors of the Benzene project.
This program comes with ABSOLUTELY NO WARRANTY. This is
free software and you are welcome to redistribute it under
certain conditions. Type `benzene-license' for details.

SgRandom::SetSeed: 835512
SgUctSearch: system memory 33632358400, using 1000000000 (5681818 nodes)
SgRandom::SetSeed: 1
SgRandom::SetSeed: 835512
3e5a7 info: Prior Patterns:
3e5a7 info: Global:
3e5a7 info: Size            = 565 32648 
3e5a7 info: TableEntries    = 65932 65910
3e5a7 info: MirrorsAdded    = 0 0
3e5a7 info: PrunableCount   = 30593 30629
3e5a7 info: LargestGamma    = 5820.77
3e5a7 info: SmallestGamma   = 6.6e-05
3e5a7 info: Local:
3e5a7 info: Size            = 550 5318 
3e5a7 info: TableEntries    = 11602 11588
3e5a7 info: MirrorsAdded    = 0 0
3e5a7 info: PrunableCount   = 3659 3667
3e5a7 info: LargestGamma    = 11281.8
3e5a7 info: SmallestGamma   = 0.026235
3e5a7 info: Playout Patterns:
3e5a7 info: Global:
3e5a7 info: Size            = 565 32648 
3e5a7 info: TableEntries    = 70329 70329
3e5a7 info: MirrorsAdded    = 4397 4419
3e5a7 info: PrunableCount   = 30593 30629
3e5a7 info: LargestGamma    = 5820.77
3e5a7 info: SmallestGamma   = 6.6e-05
3e5a7 info: Local:
3e5a7 info: Size            = 550 5318 
3e5a7 info: TableEntries    = 11602 11588
3e5a7 info: MirrorsAdded    = 0 0
3e5a7 info: PrunableCount   = 3659 3667
3e5a7 info: LargestGamma    = 11281.8
3e5a7 info: SmallestGamma   = 0.026235
param_game allow_swap 1
= 

param_mohex max_memory 1600000
= 

param_mohex num_threads 1
= 

param_mohex max_time 1
= 

param_mohex max_games 1
= 

param_mohex knowledge_threshold 400
= 

param_mohex reuse_subtree 1
= 

param_mohex use_parallel_solver 0
= 

<= 
<
>name
<= MoHex
<
>version
<= 2.0.CMake
<
>play b c7
<= 
<
>genmove w
<= swap-pieces
<
>showboard
3e5a7 info: SwapCheck: reading from '/home/linus/MoHex2.0/nfbranchfix/benzene-vanilla-cmake/share/swap-moves.txt'.
3e5a7 info: SwapCheck: playing swap.
<= 
< 
<  cf1bafbbc46af8a8
<  a  b  c  d  e  f  g  h  i  j  k  
< 1\.  .  .  .  .  .  .  .  .  .  .\1
<  2\.  .  .  .  .  .  .  .  .  .  .\2
<   3\.  .  .  .  .  .  .  .  .  .  .\3
<    4\.  .  .  .  .  .  .  .  .  .  .\4
<     5\.  .  .  .  .  .  .  .  .  .  .\5
<      6\.  .  .  .  .  .  .  .  .  .  .\6
<       7\.  .  B  .  .  .  .  .  .  .  .\7
<        8\.  .  .  .  .  .  .  .  .  .  .\8
<         9\.  .  .  .  .  .  .  .  .  .  .\9
<         10\.  .  .  .  .  .  .  .  .  .  .\10
<          11\.  .  .  .  .  .  .  .  .  .  .\11
<              a  b  c  d  e  f  g  h  i  j  k  
<
>play w a3
<= 
<
>showboard
<= 
< 
<  8682d66ccb047046
<  a  b  c  d  e  f  g  h  i  j  k  
< 1\.  .  .  .  .  .  .  .  .  .  .\1
<  2\.  .  .  .  .  .  .  .  .  .  .\2
<   3\W  .  .  .  .  .  .  .  .  .  .\3
<    4\.  .  .  .  .  .  .  .  .  .  .\4
<     5\.  .  .  .  .  .  .  .  .  .  .\5
<      6\.  .  .  .  .  .  .  .  .  .  .\6
<       7\.  .  B  .  .  .  .  .  .  .  .\7
<        8\.  .  .  .  .  .  .  .  .  .  .\8
<         9\.  .  .  .  .  .  .  .  .  .  .\9
<         10\.  .  .  .  .  .  .  .  .  .  .\10
<          11\.  .  .  .  .  .  .  .  .  .  .\11
<              a  b  c  d  e  f  g  h  i  j  k  
<
>genmove b
<= f10
<
>showboard
3e5a7 info: Best move cannot be determined, must search state.
3e5a7 info: --- MoHexPlayer::Search() ---
3e5a7 info: Color: black
3e5a7 info: MaxGames: 1
3e5a7 info: NumberThreads: 1
3e5a7 info: MaxNodes: 9090 (799920 bytes)
3e5a7 info: TimeForMove: 1
3e5a7 info: PreSearch: max time reached (54/90).
3e5a7 info: Time for PreSearch: 0.202879s
3e5a7 info: 
  8682d66ccb047046
  a  b  c  d  e  f  g  h  i  j  k  
 1\w  .  .  .  .  .  .  .  .  .  .\1
  2\w  .  .  *  *  *  *  *  *  *  *\2
   3\W  *  *  *  *  *  *  *  *  *  *\3
    4\.  *  *  *  *  *  *  *  *  *  *\4
     5\*  *  *  *  *  *  *  *  *  *  *\5
      6\*  *  *  *  *  *  *  *  *  *  *\6
       7\*  *  B  *  *  *  *  *  *  *  *\7
        8\*  *  *  *  *  *  *  *  *  *  *\8
         9\*  *  *  *  *  *  *  *  *  *  .\9
         10\*  *  *  *  *  *  *  *  *  .  .\10
          11\.  .  .  .  .  .  .  .  .  .  .\11
              a  b  c  d  e  f  g  h  i  j  k  
3e5a7 info: No subtree to reuse.
3e5a7 info: Creating thread 0
3e5a7 info: StartSearch()[0]
SgUctSearch: max games reached
3e5a7 info: 
Elapsed Time   0.344422s
Count          1
GamesPlayed    1
Nodes          1
Knowledge      0 (0.0%)
Expansions     0.0
Time           0.00
GameLen        117.0 dev=0.0 min=117.0 max=117.0
InTree         0.0 dev=0.0 min=0.0 max=0.0
KnowDepth      -
Aborted        0%
Games/s        410.3
Score          0.00
Sequence      
3e5a7 info: 
3e5a7 warning: **** MoHexSearch returned empty sequence!
3e5a7 warning: **** Returning random move!
<= 
< 
<  005d15d80d512c4f
<  a  b  c  d  e  f  g  h  i  j  k  
< 1\.  .  .  .  .  .  .  .  .  .  .\1
<  2\.  .  .  .  .  .  .  .  .  .  .\2
<   3\W  .  .  .  .  .  .  .  .  .  .\3
<    4\.  .  .  .  .  .  .  .  .  .  .\4
<     5\.  .  .  .  .  .  .  .  .  .  .\5
<      6\.  .  .  .  .  .  .  .  .  .  .\6
<       7\.  .  B  .  .  .  .  .  .  .  .\7
<        8\.  .  .  .  .  .  .  .  .  .  .\8
<         9\.  .  .  .  .  .  .  .  .  .  .\9
<         10\.  .  .  .  .  B  .  .  .  .  .\10
<          11\.  .  .  .  .  .  .  .  .  .  .\11
<              a  b  c  d  e  f  g  h  i  j  k  
<
>play w f6
<= 
<
>showboard
<= 
< 
<  9ccd034222826320
<  a  b  c  d  e  f  g  h  i  j  k  
< 1\.  .  .  .  .  .  .  .  .  .  .\1
<  2\.  .  .  .  .  .  .  .  .  .  .\2
<   3\W  .  .  .  .  .  .  .  .  .  .\3
<    4\.  .  .  .  .  .  .  .  .  .  .\4
<     5\.  .  .  .  .  .  .  .  .  .  .\5
<      6\.  .  .  .  .  W  .  .  .  .  .\6
<       7\.  .  B  .  .  .  .  .  .  .  .\7
<        8\.  .  .  .  .  .  .  .  .  .  .\8
<         9\.  .  .  .  .  .  .  .  .  .  .\9
<         10\.  .  .  .  .  B  .  .  .  .  .\10
<          11\.  .  .  .  .  .  .  .  .  .  .\11
<              a  b  c  d  e  f  g  h  i  j  k  
<
>genmove b
<= b9
<
>showboard
3e5a7 info: Best move cannot be determined, must search state.
3e5a7 info: --- MoHexPlayer::Search() ---
3e5a7 info: Color: black
3e5a7 info: MaxGames: 1
3e5a7 info: NumberThreads: 1
3e5a7 info: MaxNodes: 9090 (799920 bytes)
3e5a7 info: TimeForMove: 1
3e5a7 info: PreSearch: max time reached (57/86).
3e5a7 info: Time for PreSearch: 0.201048s
3e5a7 info: 
  9ccd034222826320
  a  b  c  d  e  f  g  h  i  j  k  
 1\w  .  .  .  .  .  .  .  .  .  .\1
  2\w  .  .  *  *  *  *  *  *  *  *\2
   3\W  *  *  *  *  *  *  *  *  *  *\3
    4\.  *  *  *  *  *  *  *  *  *  *\4
     5\*  *  *  *  *  *  *  *  *  *  *\5
      6\*  *  *  *  *  W  *  *  *  *  *\6
       7\*  *  B  *  *  *  *  *  *  *  *\7
        8\*  *  *  *  *  *  *  *  *  *  *\8
         9\*  *  *  *  *  *  *  *  *  *  .\9
         10\*  *  *  .  .  B  .  *  *  .  .\10
          11\.  .  .  b  b  b  b  .  .  .  .\11
              a  b  c  d  e  f  g  h  i  j  k  
3e5a7 info: Old: [black, c7] [white, swap-pieces] [white, a3] 
3e5a7 info: New: [black, c7] [white, swap-pieces] [white, a3] [black, f10] [white, f6] 
3e5a7 info: MovesPlayed: [black, f10] [white, f6] 
3e5a7 info: No subtree to reuse.
3e5a7 info: StartSearch()[0]
SgUctSearch: max games reached
3e5a7 info: 
Elapsed Time   0.340523s
Count          1
GamesPlayed    1
Nodes          1
Knowledge      0 (0.0%)
Expansions     0.0
Time           0.00
GameLen        111.0 dev=0.0 min=111.0 max=111.0
InTree         0.0 dev=0.0 min=0.0 max=0.0
KnowDepth      -
Aborted        0%
Games/s        3460.2
Score          1.00
Sequence      
3e5a7 info: 
3e5a7 warning: **** MoHexSearch returned empty sequence!
3e5a7 warning: **** Returning random move!
<= 
< 
<  cfd67c19259d747b
<  a  b  c  d  e  f  g  h  i  j  k  
< 1\.  .  .  .  .  .  .  .  .  .  .\1
<  2\.  .  .  .  .  .  .  .  .  .  .\2
<   3\W  .  .  .  .  .  .  .  .  .  .\3
<    4\.  .  .  .  .  .  .  .  .  .  .\4
<     5\.  .  .  .  .  .  .  .  .  .  .\5
<      6\.  .  .  .  .  W  .  .  .  .  .\6
<       7\.  .  B  .  .  .  .  .  .  .  .\7
<        8\.  .  .  .  .  .  .  .  .  .  .\8
<         9\.  B  .  .  .  .  .  .  .  .  .\9
<         10\.  .  .  .  .  B  .  .  .  .  .\10
<          11\.  .  .  .  .  .  .  .  .  .  .\11
<              a  b  c  d  e  f  g  h  i  j  k  
<
>play w g9
<= 
<
>showboard
<= 
< 
<  864d30c14ca053c9
<  a  b  c  d  e  f  g  h  i  j  k  
< 1\.  .  .  .  .  .  .  .  .  .  .\1
<  2\.  .  .  .  .  .  .  .  .  .  .\2
<   3\W  .  .  .  .  .  .  .  .  .  .\3
<    4\.  .  .  .  .  .  .  .  .  .  .\4
<     5\.  .  .  .  .  .  .  .  .  .  .\5
<      6\.  .  .  .  .  W  .  .  .  .  .\6
<       7\.  .  B  .  .  .  .  .  .  .  .\7
<        8\.  .  .  .  .  .  .  .  .  .  .\8
<         9\.  B  .  .  .  .  W  .  .  .  .\9
<         10\.  .  .  .  .  B  .  .  .  .  .\10
<          11\.  .  .  .  .  .  .  .  .  .  .\11
<              a  b  c  d  e  f  g  h  i  j  k  
<
>genmove b
<= d5
<
>showboard
3e5a7 info: Winning SC.
<= 
< 
<  dde610c9ccf25556
<  a  b  c  d  e  f  g  h  i  j  k  
< 1\.  .  .  .  .  .  .  .  .  .  .\1
<  2\.  .  .  .  .  .  .  .  .  .  .\2
<   3\W  .  .  .  .  .  .  .  .  .  .\3
<    4\.  .  .  .  .  .  .  .  .  .  .\4
<     5\.  .  .  B  .  .  .  .  .  .  .\5
<      6\.  .  .  .  .  W  .  .  .  .  .\6
<       7\.  .  B  .  .  .  .  .  .  .  .\7
<        8\.  .  .  .  .  .  .  .  .  .  .\8
<         9\.  B  .  .  .  .  W  .  .  .  .\9
<         10\.  .  .  .  .  B  .  .  .  .  .\10
<          11\.  .  .  .  .  .  .  .  .  .  .\11
<              a  b  c  d  e  f  g  h  i  j  k  
<
>play w e1
<= 
<
>showboard
<= 
< 
<  0745b9648c604bfc
<  a  b  c  d  e  f  g  h  i  j  k  
< 1\.  .  .  .  W  .  .  .  .  .  .\1
<  2\.  .  .  .  .  .  .  .  .  .  .\2
<   3\W  .  .  .  .  .  .  .  .  .  .\3
<    4\.  .  .  .  .  .  .  .  .  .  .\4
<     5\.  .  .  B  .  .  .  .  .  .  .\5
<      6\.  .  .  .  .  W  .  .  .  .  .\6
<       7\.  .  B  .  .  .  .  .  .  .  .\7
<        8\.  .  .  .  .  .  .  .  .  .  .\8
<         9\.  B  .  .  .  .  W  .  .  .  .\9
<         10\.  .  .  .  .  B  .  .  .  .  .\10
<          11\.  .  .  .  .  .  .  .  .  .  .\11
<              a  b  c  d  e  f  g  h  i  j  k  
<
>genmove b
<= e3
<
>showboard
3e5a7 info: Best move cannot be determined, must search state.
3e5a7 info: --- MoHexPlayer::Search() ---
3e5a7 info: Color: black
3e5a7 info: MaxGames: 1
3e5a7 info: NumberThreads: 1
3e5a7 info: MaxNodes: 9090 (799920 bytes)
3e5a7 info: TimeForMove: 1
3e5a7 info: Winning sequence found before UCT search!
3e5a7 info: Sequence: e3
<= 
< 
<  b86148c30cc8ead9
<  a  b  c  d  e  f  g  h  i  j  k  
< 1\.  .  .  .  W  .  .  .  .  .  .\1
<  2\.  .  .  .  .  .  .  .  .  .  .\2
<   3\W  .  .  .  B  .  .  .  .  .  .\3
<    4\.  .  .  .  .  .  .  .  .  .  .\4
<     5\.  .  .  B  .  .  .  .  .  .  .\5
<      6\.  .  .  .  .  W  .  .  .  .  .\6
<       7\.  .  B  .  .  .  .  .  .  .  .\7
<        8\.  .  .  .  .  .  .  .  .  .  .\8
<         9\.  B  .  .  .  .  W  .  .  .  .\9
<         10\.  .  .  .  .  B  .  .  .  .  .\10
<          11\.  .  .  .  .  .  .  .  .  .  .\11
<              a  b  c  d  e  f  g  h  i  j  k  
<
>play w d10
<= 
<
>showboard
<= 
< 
<  a5e2967c93c3b9d4
<  a  b  c  d  e  f  g  h  i  j  k  
< 1\.  .  .  .  W  .  .  .  .  .  .\1
<  2\.  .  .  .  .  .  .  .  .  .  .\2
<   3\W  .  .  .  B  .  .  .  .  .  .\3
<    4\.  .  .  .  .  .  .  .  .  .  .\4
<     5\.  .  .  B  .  .  .  .  .  .  .\5
<      6\.  .  .  .  .  W  .  .  .  .  .\6
<       7\.  .  B  .  .  .  .  .  .  .  .\7
<        8\.  .  .  .  .  .  .  .  .  .  .\8
<         9\.  B  .  .  .  .  W  .  .  .  .\9
<         10\.  .  .  W  .  B  .  .  .  .  .\10
<          11\.  .  .  .  .  .  .  .  .  .  .\11
<              a  b  c  d  e  f  g  h  i  j  k  
<
>genmove b
<= b10
<
>showboard
3e5a7 info: Winning SC.
<= 
< 
<  63fdf67e28fcc06b
<  a  b  c  d  e  f  g  h  i  j  k  
< 1\.  .  .  .  W  .  .  .  .  .  .\1
<  2\.  .  .  .  .  .  .  .  .  .  .\2
<   3\W  .  .  .  B  .  .  .  .  .  .\3
<    4\.  .  .  .  .  .  .  .  .  .  .\4
<     5\.  .  .  B  .  .  .  .  .  .  .\5
<      6\.  .  .  .  .  W  .  .  .  .  .\6
<       7\.  .  B  .  .  .  .  .  .  .  .\7
<        8\.  .  .  .  .  .  .  .  .  .  .\8
<         9\.  B  .  .  .  .  W  .  .  .  .\9
<         10\.  B  .  W  .  B  .  .  .  .  .\10
<          11\.  .  .  .  .  .  .  .  .  .  .\11
<              a  b  c  d  e  f  g  h  i  j  k  
<
>play w c8
<= 
<
>showboard
<= 
< 
<  325831949cd0a63d
<  a  b  c  d  e  f  g  h  i  j  k  
< 1\.  .  .  .  W  .  .  .  .  .  .\1
<  2\.  .  .  .  .  .  .  .  .  .  .\2
<   3\W  .  .  .  B  .  .  .  .  .  .\3
<    4\.  .  .  .  .  .  .  .  .  .  .\4
<     5\.  .  .  B  .  .  .  .  .  .  .\5
<      6\.  .  .  .  .  W  .  .  .  .  .\6
<       7\.  .  B  .  .  .  .  .  .  .  .\7
<        8\.  .  W  .  .  .  .  .  .  .  .\8
<         9\.  B  .  .  .  .  W  .  .  .  .\9
<         10\.  B  .  W  .  B  .  .  .  .  .\10
<          11\.  .  .  .  .  .  .  .  .  .  .\11
<              a  b  c  d  e  f  g  h  i  j  k  
<
>genmove b
<= b8
<
>showboard
3e5a7 info: Winning SC.
<= 
< 
<  6a98cf7ed5d1cd91
<  a  b  c  d  e  f  g  h  i  j  k  
< 1\.  .  .  .  W  .  .  .  .  .  .\1
<  2\.  .  .  .  .  .  .  .  .  .  .\2
<   3\W  .  .  .  B  .  .  .  .  .  .\3
<    4\.  .  .  .  .  .  .  .  .  .  .\4
<     5\.  .  .  B  .  .  .  .  .  .  .\5
<      6\.  .  .  .  .  W  .  .  .  .  .\6
<       7\.  .  B  .  .  .  .  .  .  .  .\7
<        8\.  B  W  .  .  .  .  .  .  .  .\8
<         9\.  B  .  .  .  .  W  .  .  .  .\9
<         10\.  B  .  W  .  B  .  .  .  .  .\10
<          11\.  .  .  .  .  .  .  .  .  .  .\11
<              a  b  c  d  e  f  g  h  i  j  k  
<
>play w d6
<= 
<
>showboard
<= 
< 
<  6ffdb5591e5313e2
<  a  b  c  d  e  f  g  h  i  j  k  
< 1\.  .  .  .  W  .  .  .  .  .  .\1
<  2\.  .  .  .  .  .  .  .  .  .  .\2
<   3\W  .  .  .  B  .  .  .  .  .  .\3
<    4\.  .  .  .  .  .  .  .  .  .  .\4
<     5\.  .  .  B  .  .  .  .  .  .  .\5
<      6\.  .  .  W  .  W  .  .  .  .  .\6
<       7\.  .  B  .  .  .  .  .  .  .  .\7
<        8\.  B  W  .  .  .  .  .  .  .  .\8
<         9\.  B  .  .  .  .  W  .  .  .  .\9
<         10\.  B  .  W  .  B  .  .  .  .  .\10
<          11\.  .  .  .  .  .  .  .  .  .  .\11
<              a  b  c  d  e  f  g  h  i  j  k  
<
>genmove b
<= c6
<
>showboard
3e5a7 info: Winning SC.
<= 
< 
<  e71776be02746307
<  a  b  c  d  e  f  g  h  i  j  k  
< 1\.  .  .  .  W  .  .  .  .  .  .\1
<  2\.  .  .  .  .  .  .  .  .  .  .\2
<   3\W  .  .  .  B  .  .  .  .  .  .\3
<    4\.  .  .  .  .  .  .  .  .  .  .\4
<     5\.  .  .  B  .  .  .  .  .  .  .\5
<      6\.  .  B  W  .  W  .  .  .  .  .\6
<       7\.  .  B  .  .  .  .  .  .  .  .\7
<        8\.  B  W  .  .  .  .  .  .  .  .\8
<         9\.  B  .  .  .  .  W  .  .  .  .\9
<         10\.  B  .  W  .  B  .  .  .  .  .\10
<          11\.  .  .  .  .  .  .  .  .  .  .\11
<              a  b  c  d  e  f  g  h  i  j  k  
<
>play w f2
<= 
<
>showboard
<= 
< 
<  1cbf07e5e581e15c
<  a  b  c  d  e  f  g  h  i  j  k  
< 1\.  .  .  .  W  .  .  .  .  .  .\1
<  2\.  .  .  .  .  W  .  .  .  .  .\2
<   3\W  .  .  .  B  .  .  .  .  .  .\3
<    4\.  .  .  .  .  .  .  .  .  .  .\4
<     5\.  .  .  B  .  .  .  .  .  .  .\5
<      6\.  .  B  W  .  W  .  .  .  .  .\6
<       7\.  .  B  .  .  .  .  .  .  .  .\7
<        8\.  B  W  .  .  .  .  .  .  .  .\8
<         9\.  B  .  .  .  .  W  .  .  .  .\9
<         10\.  B  .  W  .  B  .  .  .  .  .\10
<          11\.  .  .  .  .  .  .  .  .  .  .\11
<              a  b  c  d  e  f  g  h  i  j  k  
<
>genmove b
<= c2
<
>showboard
3e5a7 info: Best move cannot be determined, must search state.
3e5a7 info: --- MoHexPlayer::Search() ---
3e5a7 info: Color: black
3e5a7 info: MaxGames: 1
3e5a7 info: NumberThreads: 1
3e5a7 info: MaxNodes: 9090 (799920 bytes)
3e5a7 info: TimeForMove: 1
3e5a7 info: Winning sequence found before UCT search!
3e5a7 info: Sequence: c2
<= 
< 
<  e9cb131fda5ff989
<  a  b  c  d  e  f  g  h  i  j  k  
< 1\.  .  .  .  W  .  .  .  .  .  .\1
<  2\.  .  B  .  .  W  .  .  .  .  .\2
<   3\W  .  .  .  B  .  .  .  .  .  .\3
<    4\.  .  .  .  .  .  .  .  .  .  .\4
<     5\.  .  .  B  .  .  .  .  .  .  .\5
<      6\.  .  B  W  .  W  .  .  .  .  .\6
<       7\.  .  B  .  .  .  .  .  .  .  .\7
<        8\.  B  W  .  .  .  .  .  .  .  .\8
<         9\.  B  .  .  .  .  W  .  .  .  .\9
<         10\.  B  .  W  .  B  .  .  .  .  .\10
<          11\.  .  .  .  .  .  .  .  .  .  .\11
<              a  b  c  d  e  f  g  h  i  j  k  
<
>play w d4
<= 
<
>showboard
<= 
< 
<  db744ae241ea21da
<  a  b  c  d  e  f  g  h  i  j  k  
< 1\.  .  .  .  W  .  .  .  .  .  .\1
<  2\.  .  B  .  .  W  .  .  .  .  .\2
<   3\W  .  .  .  B  .  .  .  .  .  .\3
<    4\.  .  .  W  .  .  .  .  .  .  .\4
<     5\.  .  .  B  .  .  .  .  .  .  .\5
<      6\.  .  B  W  .  W  .  .  .  .  .\6
<       7\.  .  B  .  .  .  .  .  .  .  .\7
<        8\.  B  W  .  .  .  .  .  .  .  .\8
<         9\.  B  .  .  .  .  W  .  .  .  .\9
<         10\.  B  .  W  .  B  .  .  .  .  .\10
<          11\.  .  .  .  .  .  .  .  .  .  .\11
<              a  b  c  d  e  f  g  h  i  j  k  
<
>genmove b
<= e4
<
>showboard
3e5a7 info: Winning SC.
<= 
< 
<  5bcd53bb175466fa
<  a  b  c  d  e  f  g  h  i  j  k  
< 1\.  .  .  .  W  .  .  .  .  .  .\1
<  2\.  .  B  .  .  W  .  .  .  .  .\2
<   3\W  .  .  .  B  .  .  .  .  .  .\3
<    4\.  .  .  W  B  .  .  .  .  .  .\4
<     5\.  .  .  B  .  .  .  .  .  .  .\5
<      6\.  .  B  W  .  W  .  .  .  .  .\6
<       7\.  .  B  .  .  .  .  .  .  .  .\7
<        8\.  B  W  .  .  .  .  .  .  .  .\8
<         9\.  B  .  .  .  .  W  .  .  .  .\9
<         10\.  B  .  W  .  B  .  .  .  .  .\10
<          11\.  .  .  .  .  .  .  .  .  .  .\11
<              a  b  c  d  e  f  g  h  i  j  k  
<
>play w d3
<= 
<
>showboard
<= 
< 
<  fbcc5621f55e9190
<  a  b  c  d  e  f  g  h  i  j  k  
< 1\.  .  .  .  W  .  .  .  .  .  .\1
<  2\.  .  B  .  .  W  .  .  .  .  .\2
<   3\W  .  .  W  B  .  .  .  .  .  .\3
<    4\.  .  .  W  B  .  .  .  .  .  .\4
<     5\.  .  .  B  .  .  .  .  .  .  .\5
<      6\.  .  B  W  .  W  .  .  .  .  .\6
<       7\.  .  B  .  .  .  .  .  .  .  .\7
<        8\.  B  W  .  .  .  .  .  .  .  .\8
<         9\.  B  .  .  .  .  W  .  .  .  .\9
<         10\.  B  .  W  .  B  .  .  .  .  .\10
<          11\.  .  .  .  .  .  .  .  .  .  .\11
<              a  b  c  d  e  f  g  h  i  j  k  
<
>genmove b
<= e2
<
>showboard
3e5a7 info: Winning SC.
<= 
< 
<  9f55b6e707a8f8d8
<  a  b  c  d  e  f  g  h  i  j  k  
< 1\.  .  .  .  W  .  .  .  .  .  .\1
<  2\.  .  B  .  B  W  .  .  .  .  .\2
<   3\W  .  .  W  B  .  .  .  .  .  .\3
<    4\.  .  .  W  B  .  .  .  .  .  .\4
<     5\.  .  .  B  .  .  .  .  .  .  .\5
<      6\.  .  B  W  .  W  .  .  .  .  .\6
<       7\.  .  B  .  .  .  .  .  .  .  .\7
<        8\.  B  W  .  .  .  .  .  .  .  .\8
<         9\.  B  .  .  .  .  W  .  .  .  .\9
<         10\.  B  .  W  .  B  .  .  .  .  .\10
<          11\.  .  .  .  .  .  .  .  .  .  .\11
<              a  b  c  d  e  f  g  h  i  j  k  
<
>play w a11
<= 
<
>showboard
<= 
< 
<  a673919507631d12
<  a  b  c  d  e  f  g  h  i  j  k  
< 1\.  .  .  .  W  .  .  .  .  .  .\1
<  2\.  .  B  .  B  W  .  .  .  .  .\2
<   3\W  .  .  W  B  .  .  .  .  .  .\3
<    4\.  .  .  W  B  .  .  .  .  .  .\4
<     5\.  .  .  B  .  .  .  .  .  .  .\5
<      6\.  .  B  W  .  W  .  .  .  .  .\6
<       7\.  .  B  .  .  .  .  .  .  .  .\7
<        8\.  B  W  .  .  .  .  .  .  .  .\8
<         9\.  B  .  .  .  .  W  .  .  .  .\9
<         10\.  B  .  W  .  B  .  .  .  .  .\10
<          11\W  .  .  .  .  .  .  .  .  .  .\11
<              a  b  c  d  e  f  g  h  i  j  k  
<
>genmove b
<= b11
<
>showboard
3e5a7 info: Winning SC.
<= 
< 
<  a8ce5b774c61483d
<  a  b  c  d  e  f  g  h  i  j  k  
< 1\.  .  .  .  W  .  .  .  .  .  .\1
<  2\.  .  B  .  B  W  .  .  .  .  .\2
<   3\W  .  .  W  B  .  .  .  .  .  .\3
<    4\.  .  .  W  B  .  .  .  .  .  .\4
<     5\.  .  .  B  .  .  .  .  .  .  .\5
<      6\.  .  B  W  .  W  .  .  .  .  .\6
<       7\.  .  B  .  .  .  .  .  .  .  .\7
<        8\.  B  W  .  .  .  .  .  .  .  .\8
<         9\.  B  .  .  .  .  W  .  .  .  .\9
<         10\.  B  .  W  .  B  .  .  .  .  .\10
<          11\W  B  .  .  .  .  .  .  .  .  .\11
<              a  b  c  d  e  f  g  h  i  j  k  
<
>play w f1
<= 
<
>showboard
<= 
< 
<  ed984ceeb5d5ea1e
<  a  b  c  d  e  f  g  h  i  j  k  
< 1\.  .  .  .  W  W  .  .  .  .  .\1
<  2\.  .  B  .  B  W  .  .  .  .  .\2
<   3\W  .  .  W  B  .  .  .  .  .  .\3
<    4\.  .  .  W  B  .  .  .  .  .  .\4
<     5\.  .  .  B  .  .  .  .  .  .  .\5
<      6\.  .  B  W  .  W  .  .  .  .  .\6
<       7\.  .  B  .  .  .  .  .  .  .  .\7
<        8\.  B  W  .  .  .  .  .  .  .  .\8
<         9\.  B  .  .  .  .  W  .  .  .  .\9
<         10\.  B  .  W  .  B  .  .  .  .  .\10
<          11\W  B  .  .  .  .  .  .  .  .  .\11
<              a  b  c  d  e  f  g  h  i  j  k  
<
>genmove b
<= d2
<
>showboard
3e5a7 info: Winning SC.
<= 
< 
<  890847859adf10b2
<  a  b  c  d  e  f  g  h  i  j  k  
< 1\.  .  .  .  W  W  .  .  .  .  .\1
<  2\.  .  B  B  B  W  .  .  .  .  .\2
<   3\W  .  .  W  B  .  .  .  .  .  .\3
<    4\.  .  .  W  B  .  .  .  .  .  .\4
<     5\.  .  .  B  .  .  .  .  .  .  .\5
<      6\.  .  B  W  .  W  .  .  .  .  .\6
<       7\.  .  B  .  .  .  .  .  .  .  .\7
<        8\.  B  W  .  .  .  .  .  .  .  .\8
<         9\.  B  .  .  .  .  W  .  .  .  .\9
<         10\.  B  .  W  .  B  .  .  .  .  .\10
<          11\W  B  .  .  .  .  .  .  .  .  .\11
<              a  b  c  d  e  f  g  h  i  j  k  
<
>play w c1
<= 
<
>showboard
<= 
< 
<  b9ff7303ac30faa7
<  a  b  c  d  e  f  g  h  i  j  k  
< 1\.  .  W  .  W  W  .  .  .  .  .\1
<  2\.  .  B  B  B  W  .  .  .  .  .\2
<   3\W  .  .  W  B  .  .  .  .  .  .\3
<    4\.  .  .  W  B  .  .  .  .  .  .\4
<     5\.  .  .  B  .  .  .  .  .  .  .\5
<      6\.  .  B  W  .  W  .  .  .  .  .\6
<       7\.  .  B  .  .  .  .  .  .  .  .\7
<        8\.  B  W  .  .  .  .  .  .  .  .\8
<         9\.  B  .  .  .  .  W  .  .  .  .\9
<         10\.  B  .  W  .  B  .  .  .  .  .\10
<          11\W  B  .  .  .  .  .  .  .  .  .\11
<              a  b  c  d  e  f  g  h  i  j  k  
<
>genmove b
<= d1
<
>showboard
3e5a7 info: Winning SC.
<= 
< 
<  5015a404c2389437
<  a  b  c  d  e  f  g  h  i  j  k  
< 1\.  .  W  B  W  W  .  .  .  .  .\1
<  2\.  .  B  B  B  W  .  .  .  .  .\2
<   3\W  .  .  W  B  .  .  .  .  .  .\3
<    4\.  .  .  W  B  .  .  .  .  .  .\4
<     5\.  .  .  B  .  .  .  .  .  .  .\5
<      6\.  .  B  W  .  W  .  .  .  .  .\6
<       7\.  .  B  .  .  .  .  .  .  .  .\7
<        8\.  B  W  .  .  .  .  .  .  .  .\8
<         9\.  B  .  .  .  .  W  .  .  .  .\9
<         10\.  B  .  W  .  B  .  .  .  .  .\10
<          11\W  B  .  .  .  .  .  .  .  .  .\11
<              a  b  c  d  e  f  g  h  i  j  k  
<
>play w resign
<= 
<
>showboard
<= 
< 
<  5015a404c2389437
<  a  b  c  d  e  f  g  h  i  j  k  
< 1\.  .  W  B  W  W  .  .  .  .  .\1
<  2\.  .  B  B  B  W  .  .  .  .  .\2
<   3\W  .  .  W  B  .  .  .  .  .  .\3
<    4\.  .  .  W  B  .  .  .  .  .  .\4
<     5\.  .  .  B  .  .  .  .  .  .  .\5
<      6\.  .  B  W  .  W  .  .  .  .  .\6
<       7\.  .  B  .  .  .  .  .  .  .  .\7
<        8\.  B  W  .  .  .  .  .  .  .  .\8
<         9\.  B  .  .  .  .  W  .  .  .  .\9
<         10\.  B  .  W  .  B  .  .  .  .  .\10
<          11\W  B  .  .  .  .  .  .  .  .  .\11
<              a  b  c  d  e  f  g  h  i  j  k  
<
>final_score
<= B+
<
>quit
<= 
<
