c49e7 config: MoHex v2.0.CMake Mar 21 2025.
c49e7 config: ============ InitializeSystem ============
c49e7 config: BenzeneProgram::InitRandom()
c49e7 config: Seed = 585385
c49e7 info: Prior Patterns:
c49e7 info: Global:
c49e7 info: Size            = 565 32648 
c49e7 info: TableEntries    = 65932 65910
c49e7 info: MirrorsAdded    = 0 0
c49e7 info: PrunableCount   = 30593 30629
c49e7 info: LargestGamma    = 5820.77
c49e7 info: SmallestGamma   = 6.6e-05
c49e7 info: Local:
c49e7 info: Size            = 550 5318 
c49e7 info: TableEntries    = 11602 11588
c49e7 info: MirrorsAdded    = 0 0
c49e7 info: PrunableCount   = 3659 3667
c49e7 info: LargestGamma    = 11281.8
c49e7 info: SmallestGamma   = 0.026235
c49e7 info: Playout Patterns:
c49e7 info: Global:
c49e7 info: Size            = 565 32648 
c49e7 info: TableEntries    = 70329 70329
c49e7 info: MirrorsAdded    = 4397 4419
c49e7 info: PrunableCount   = 30593 30629
c49e7 info: LargestGamma    = 5820.77
c49e7 info: SmallestGamma   = 6.6e-05
c49e7 info: Local:
c49e7 info: Size            = 550 5318 
c49e7 info: TableEntries    = 11602 11588
c49e7 info: MirrorsAdded    = 0 0
c49e7 info: PrunableCount   = 3659 3667
c49e7 info: LargestGamma    = 11281.8
c49e7 info: SmallestGamma   = 0.026235
c49e7 config: IcePatternSet: reading from '/home/linus/MoHex2.0/nfbranchfix/benzene-vanilla-cmake/share/ice-patterns.txt'.
c49e7 config: IcePatternSet: parsed 708 patterns.
c49e7 config: VCS: reading captured set patterns from '/home/linus/MoHex2.0/nfbranchfix/benzene-vanilla-cmake/share/vc-captured-set.txt'.
c49e7 config: VCS:: parsed 2 patterns.
c49e7 config: VCS: reading captured set patterns from '/home/linus/MoHex2.0/nfbranchfix/benzene-vanilla-cmake/share/vc-captured-set.txt'.
c49e7 config: VCS:: parsed 2 patterns.
c49e7 config: IcePatternSet: reading from '/home/linus/MoHex2.0/nfbranchfix/benzene-vanilla-cmake/share/ice-patterns.txt'.
c49e7 config: IcePatternSet: parsed 708 patterns.
c49e7 config: VCS: reading captured set patterns from '/home/linus/MoHex2.0/nfbranchfix/benzene-vanilla-cmake/share/vc-captured-set.txt'.
c49e7 config: VCS:: parsed 2 patterns.
c49e7 config: VCS: reading captured set patterns from '/home/linus/MoHex2.0/nfbranchfix/benzene-vanilla-cmake/share/vc-captured-set.txt'.
c49e7 config: VCS:: parsed 2 patterns.
c49e7 config: VCS: reading captured set patterns from '/home/linus/MoHex2.0/nfbranchfix/benzene-vanilla-cmake/share/vc-captured-set.txt'.
c49e7 config: VCS:: parsed 2 patterns.
c49e7 config: VCS: reading captured set patterns from '/home/linus/MoHex2.0/nfbranchfix/benzene-vanilla-cmake/share/vc-captured-set.txt'.
c49e7 config: VCS:: parsed 2 patterns.
c49e7 config: VCS: reading captured set patterns from '/home/linus/MoHex2.0/nfbranchfix/benzene-vanilla-cmake/share/vc-captured-set.txt'.
c49e7 config: VCS:: parsed 2 patterns.
c49e7 config: VCS: reading captured set patterns from '/home/linus/MoHex2.0/nfbranchfix/benzene-vanilla-cmake/share/vc-captured-set.txt'.
c49e7 config: VCS:: parsed 2 patterns.
c49e7 config: VCPattern: loading pattern templates from '/home/linus/MoHex2.0/nfbranchfix/benzene-vanilla-cmake/share/vc-patterns.txt'.
c49e7 info: Best move cannot be determined, must search state.
c49e7 info: --- MoHexPlayer::Search() ---
c49e7 info: Color: white
c49e7 info: MaxGames: 1
c49e7 info: NumberThreads: 1
c49e7 info: MaxNodes: 9090 (799920 bytes)
c49e7 info: TimeForMove: 1
c49e7 info: PreSearch: max time reached (57/87).
c49e7 info: Time for PreSearch: 0.203931s
c49e7 info: 
  ec67d48adf8845a0
  a  b  c  d  e  f  g  h  i  j  k  
 1\.  .  .  *  *  *  *  *  *  *  .\1
  2\.  .  *  *  *  *  *  *  *  .  .\2
   3\.  *  *  *  *  *  *  *  *  *  .\3
    4\.  *  *  *  *  *  *  *  *  *  .\4
     5\.  *  *  *  *  *  *  *  *  *  .\5
      6\.  *  *  *  *  *  *  *  *  *  .\6
       7\.  *  *  *  *  *  *  *  *  *  .\7
        8\.  *  *  *  *  *  *  *  *  *  .\8
         9\.  *  *  *  *  *  *  *  *  *  .\9
         10\.  B  .  *  *  *  *  *  *  .  .\10
          11\b  b  b  .  *  *  *  *  .  .  .\11
              a  b  c  d  e  f  g  h  i  j  k  
c49e7 info: No subtree to reuse.
c49e7 info: Creating thread 0
c49e7 info: StartSearch()[0]
c49e7 config: VCS: reading captured set patterns from '/home/linus/MoHex2.0/nfbranchfix/benzene-vanilla-cmake/share/vc-captured-set.txt'.
c49e7 config: VCS:: parsed 2 patterns.
c49e7 config: VCS: reading captured set patterns from '/home/linus/MoHex2.0/nfbranchfix/benzene-vanilla-cmake/share/vc-captured-set.txt'.
c49e7 config: VCS:: parsed 2 patterns.
c49e7 info: 
Elapsed Time   0.374398s
Count          1
GamesPlayed    1
Nodes          1
Knowledge      0 (0.0%)
Expansions     0.0
Time           0.00
GameLen        117.0 dev=0.0 min=117.0 max=117.0
InTree         0.0 dev=0.0 min=0.0 max=0.0
KnowDepth      -
Aborted        0%
Games/s        379.1
Score          0.00
Sequence      
c49e7 info: 
c49e7 warning: **** MoHexSearch returned empty sequence!
c49e7 warning: **** Returning random move!
c49e7 info: Best move cannot be determined, must search state.
c49e7 info: --- MoHexPlayer::Search() ---
c49e7 info: Color: white
c49e7 info: MaxGames: 1
c49e7 info: NumberThreads: 1
c49e7 info: MaxNodes: 9090 (799920 bytes)
c49e7 info: TimeForMove: 1
c49e7 info: PreSearch: max time reached (59/86).
c49e7 info: Time for PreSearch: 0.202216s
c49e7 info: 
  7bff307757cb84fc
  a  b  c  d  e  f  g  h  i  j  k  
 1\.  .  .  *  *  *  *  *  *  *  .\1
  2\.  .  *  *  *  *  *  *  *  *  .\2
   3\.  *  *  *  *  *  *  *  *  *  .\3
    4\.  *  *  *  *  *  *  *  *  *  .\4
     5\.  *  *  *  *  *  *  *  *  *  .\5
      6\.  *  *  *  *  *  *  *  *  *  .\6
       7\.  *  *  *  *  *  *  B  *  *  .\7
        8\.  *  *  *  *  *  *  *  *  *  .\8
         9\.  *  *  *  *  *  *  *  *  *  .\9
         10\.  B  .  *  *  *  *  *  *  .  .\10
          11\b  b  b  .  *  *  W  *  .  .  .\11
              a  b  c  d  e  f  g  h  i  j  k  
c49e7 info: Old: [black, b10] [white, swap-pieces] 
c49e7 info: New: [black, b10] [white, swap-pieces] [white, g11] [black, h7] 
c49e7 info: ReuseSubtree: Colors do not alternate.
c49e7 info: No subtree to reuse.
c49e7 info: StartSearch()[0]
c49e7 info: 
Elapsed Time   0.344064s
Count          1
GamesPlayed    1
Nodes          1
Knowledge      0 (0.0%)
Expansions     0.0
Time           0.00
GameLen        115.0 dev=0.0 min=115.0 max=115.0
InTree         0.0 dev=0.0 min=0.0 max=0.0
KnowDepth      -
Aborted        0%
Games/s        3344.5
Score          0.00
Sequence      
c49e7 info: 
c49e7 warning: **** MoHexSearch returned empty sequence!
c49e7 warning: **** Returning random move!
c49e7 info: Best move cannot be determined, must search state.
c49e7 info: --- MoHexPlayer::Search() ---
c49e7 info: Color: white
c49e7 info: MaxGames: 1
c49e7 info: NumberThreads: 1
c49e7 info: MaxNodes: 9090 (799920 bytes)
c49e7 info: TimeForMove: 1
c49e7 info: PreSearch: max time reached (72/80).
c49e7 info: Time for PreSearch: 0.202109s
c49e7 info: 
  4ed347bd8af3cefd
  a  b  c  d  e  f  g  h  i  j  k  
 1\.  .  .  *  *  *  *  *  *  *  .\1
  2\.  .  *  *  *  *  *  *  *  *  .\2
   3\.  *  *  *  *  *  *  *  *  *  .\3
    4\.  *  *  *  *  *  *  *  *  .  w\4
     5\.  *  *  *  *  *  *  *  *  .  w\5
      6\.  B  *  *  *  *  *  *  .  W  w\6
       7\.  *  *  *  *  *  *  B  .  .  w\7
        8\.  *  *  *  *  *  *  *  *  .  .\8
         9\.  *  *  *  *  *  *  *  *  *  .\9
         10\.  B  .  *  *  *  *  *  *  .  .\10
          11\b  b  b  .  *  *  W  *  .  .  .\11
              a  b  c  d  e  f  g  h  i  j  k  
c49e7 info: Old: [black, b10] [white, swap-pieces] [white, g11] [black, h7] 
c49e7 info: New: [black, b10] [white, swap-pieces] [white, g11] [black, h7] [white, j6] [black, b6] 
c49e7 info: MovesPlayed: [white, j6] [black, b6] 
c49e7 info: No subtree to reuse.
c49e7 info: StartSearch()[0]
c49e7 info: 
Elapsed Time   0.341184s
Count          1
GamesPlayed    1
Nodes          1
Knowledge      0 (0.0%)
Expansions     0.0
Time           0.00
GameLen        109.0 dev=0.0 min=109.0 max=109.0
InTree         0.0 dev=0.0 min=0.0 max=0.0
KnowDepth      -
Aborted        0%
Games/s        3333.3
Score          0.00
Sequence      
c49e7 info: 
c49e7 warning: **** MoHexSearch returned empty sequence!
c49e7 warning: **** Returning random move!
c49e7 info: Best move cannot be determined, must search state.
c49e7 info: --- MoHexPlayer::Search() ---
c49e7 info: Color: white
c49e7 info: MaxGames: 1
c49e7 info: NumberThreads: 1
c49e7 info: MaxNodes: 9090 (799920 bytes)
c49e7 info: TimeForMove: 1
c49e7 info: Time for PreSearch: 0.169117s
c49e7 info: 
  a3d9aeab754f1e05
  a  b  c  d  e  f  g  h  i  j  k  
 1\.  .  .  *  *  *  *  *  *  .  w\1
  2\.  .  *  *  *  *  *  *  *  W  w\2
   3\.  *  *  *  *  *  *  *  .  w  w\3
    4\.  *  *  *  *  *  *  *  .  w  w\4
     5\.  *  *  *  *  *  *  *  .  w  w\5
      6\.  B  *  *  *  *  *  *  .  W  w\6
       7\.  *  *  *  *  *  *  B  .  w  w\7
        8\.  *  *  *  *  *  *  *  *  .  w\8
         9\.  *  *  *  *  *  *  *  *  B  .\9
         10\.  B  .  *  *  *  *  *  *  .  .\10
          11\b  b  b  .  *  *  W  .  .  .  .\11
              a  b  c  d  e  f  g  h  i  j  k  
c49e7 info: Old: [black, b10] [white, swap-pieces] [white, g11] [black, h7] [white, j6] [black, b6] 
c49e7 info: New: [black, b10] [white, swap-pieces] [white, g11] [black, h7] [white, j6] [black, b6] [white, j2] [black, j9] 
c49e7 info: MovesPlayed: [white, j2] [black, j9] 
c49e7 info: No subtree to reuse.
c49e7 info: StartSearch()[0]
c49e7 info: 
Elapsed Time   0.316452s
Count          1
GamesPlayed    1
Nodes          1
Knowledge      0 (0.0%)
Expansions     0.0
Time           0.00
GameLen        99.0 dev=0.0 min=99.0 max=99.0
InTree         0.0 dev=0.0 min=0.0 max=0.0
KnowDepth      -
Aborted        0%
Games/s        3508.8
Score          1.00
Sequence      
c49e7 info: 
c49e7 warning: **** MoHexSearch returned empty sequence!
c49e7 warning: **** Returning random move!
c49e7 info: Best move cannot be determined, must search state.
c49e7 info: --- MoHexPlayer::Search() ---
c49e7 info: Color: white
c49e7 info: MaxGames: 1
c49e7 info: NumberThreads: 1
c49e7 info: MaxNodes: 9090 (799920 bytes)
c49e7 info: TimeForMove: 1
c49e7 info: Time for PreSearch: 0.166733s
c49e7 info: 
  26b8df774d039a89
  a  b  c  d  e  f  g  h  i  j  k  
 1\w  .  *  *  *  *  *  *  *  .  w\1
  2\w  .  *  *  *  *  *  *  *  W  w\2
   3\W  *  *  *  *  *  *  *  .  w  w\3
    4\.  *  *  *  *  *  *  *  .  w  w\4
     5\.  *  *  *  *  *  *  *  .  w  w\5
      6\.  B  *  *  *  *  *  *  .  W  w\6
       7\.  *  *  *  *  *  *  B  .  w  w\7
        8\.  *  *  *  *  *  *  *  *  .  w\8
         9\.  *  *  *  *  *  *  *  .  B  .\9
         10\.  B  .  *  *  *  *  B  *  .  .\10
          11\b  b  b  .  *  *  W  .  .  .  .\11
              a  b  c  d  e  f  g  h  i  j  k  
c49e7 info: Old: [black, b10] [white, swap-pieces] [white, g11] [black, h7] [white, j6] [black, b6] [white, j2] [black, j9] 
c49e7 info: New: [black, b10] [white, swap-pieces] [white, g11] [black, h7] [white, j6] [black, b6] [white, j2] [black, j9] [white, a3] [black, h10] 
c49e7 info: MovesPlayed: [white, a3] [black, h10] 
c49e7 info: No subtree to reuse.
c49e7 info: StartSearch()[0]
c49e7 info: 
Elapsed Time   0.3071s
Count          1
GamesPlayed    1
Nodes          1
Knowledge      0 (0.0%)
Expansions     0.0
Time           0.00
GameLen        95.0 dev=0.0 min=95.0 max=95.0
InTree         0.0 dev=0.0 min=0.0 max=0.0
KnowDepth      -
Aborted        0%
Games/s        3649.6
Score          1.00
Sequence      
c49e7 info: 
c49e7 warning: **** MoHexSearch returned empty sequence!
c49e7 warning: **** Returning random move!
c49e7 info: Best move cannot be determined, must search state.
c49e7 info: --- MoHexPlayer::Search() ---
c49e7 info: Color: white
c49e7 info: MaxGames: 1
c49e7 info: NumberThreads: 1
c49e7 info: MaxNodes: 9090 (799920 bytes)
c49e7 info: TimeForMove: 1
c49e7 info: Time for PreSearch: 0.143828s
c49e7 info: 
  2d78c9e455474436
  a  b  c  d  e  f  g  h  i  j  k  
 1\w  .  *  *  *  *  *  *  *  .  w\1
  2\w  .  *  *  *  *  *  *  .  W  w\2
   3\W  *  *  *  *  *  *  *  .  w  w\3
    4\.  *  *  *  *  *  *  .  w  w  w\4
     5\.  *  *  *  *  *  *  W  w  w  w\5
      6\.  B  *  *  *  *  *  .  b  W  w\6
       7\.  *  *  *  *  *  *  B  .  w  w\7
        8\.  *  *  *  *  *  *  *  *  .  w\8
         9\.  *  *  *  *  *  *  *  .  B  .\9
         10\.  B  b  B  .  *  *  B  *  .  .\10
          11\b  b  b  b  b  .  W  .  .  .  .\11
              a  b  c  d  e  f  g  h  i  j  k  
c49e7 info: Old: [black, b10] [white, swap-pieces] [white, g11] [black, h7] [white, j6] [black, b6] [white, j2] [black, j9] [white, a3] [black, h10] 
c49e7 info: New: [black, b10] [white, swap-pieces] [white, g11] [black, h7] [white, j6] [black, b6] [white, j2] [black, j9] [white, a3] [black, h10] [white, h5] [black, d10] 
c49e7 info: MovesPlayed: [white, h5] [black, d10] 
c49e7 info: No subtree to reuse.
c49e7 info: StartSearch()[0]
c49e7 info: 
Elapsed Time   0.286694s
Count          1
GamesPlayed    1
Nodes          1
Knowledge      0 (0.0%)
Expansions     0.0
Time           0.00
GameLen        87.0 dev=0.0 min=87.0 max=87.0
InTree         0.0 dev=0.0 min=0.0 max=0.0
KnowDepth      -
Aborted        0%
Games/s        3205.1
Score          0.00
Sequence      
c49e7 info: 
c49e7 warning: **** MoHexSearch returned empty sequence!
c49e7 warning: **** Returning random move!
c49e7 info: Best move cannot be determined, must search state.
c49e7 info: --- MoHexPlayer::Search() ---
c49e7 info: Color: white
c49e7 info: MaxGames: 1
c49e7 info: NumberThreads: 1
c49e7 info: MaxNodes: 9090 (799920 bytes)
c49e7 info: TimeForMove: 1
c49e7 info: Time for PreSearch: 0.117294s
c49e7 info: 
  4d0701e25dba1dce
  a  b  c  d  e  f  g  h  i  j  k  
 1\w  W  .  *  *  *  *  .  B  b  w\1
  2\w  .  *  *  *  *  *  *  .  W  w\2
   3\W  .  *  *  *  *  *  *  w  w  w\3
    4\.  *  *  *  *  *  *  .  w  w  w\4
     5\.  *  *  *  *  *  *  W  w  w  w\5
      6\.  B  *  *  *  *  *  .  b  W  w\6
       7\.  *  *  *  *  *  *  B  .  w  w\7
        8\.  *  *  *  *  *  *  *  *  .  w\8
         9\.  *  *  *  *  *  *  *  .  B  .\9
         10\.  B  b  B  .  *  *  B  *  .  .\10
          11\b  b  b  b  b  .  W  .  .  .  .\11
              a  b  c  d  e  f  g  h  i  j  k  
c49e7 info: Old: [black, b10] [white, swap-pieces] [white, g11] [black, h7] [white, j6] [black, b6] [white, j2] [black, j9] [white, a3] [black, h10] [white, h5] [black, d10] 
c49e7 info: New: [black, b10] [white, swap-pieces] [white, g11] [black, h7] [white, j6] [black, b6] [white, j2] [black, j9] [white, a3] [black, h10] [white, h5] [black, d10] [white, b1] [black, i1] 
c49e7 info: MovesPlayed: [white, b1] [black, i1] 
c49e7 info: No subtree to reuse.
c49e7 info: StartSearch()[0]
c49e7 info: 
Elapsed Time   0.25364s
Count          1
GamesPlayed    1
Nodes          1
Knowledge      0 (0.0%)
Expansions     0.0
Time           0.00
GameLen        83.0 dev=0.0 min=83.0 max=83.0
InTree         0.0 dev=0.0 min=0.0 max=0.0
KnowDepth      -
Aborted        0%
Games/s        3717.5
Score          1.00
Sequence      
c49e7 info: 
c49e7 warning: **** MoHexSearch returned empty sequence!
c49e7 warning: **** Returning random move!
c49e7 info: Best move cannot be determined, must search state.
c49e7 info: --- MoHexPlayer::Search() ---
c49e7 info: Color: white
c49e7 info: MaxGames: 1
c49e7 info: NumberThreads: 1
c49e7 info: MaxNodes: 9090 (799920 bytes)
c49e7 info: TimeForMove: 1
c49e7 info: Time for PreSearch: 0.136848s
c49e7 info: 
  fffa8f1b11045056
  a  b  c  d  e  f  g  h  i  j  k  
 1\w  W  .  *  *  *  *  .  B  b  w\1
  2\w  .  *  *  *  *  *  *  .  W  w\2
   3\W  .  *  *  *  *  *  *  w  w  w\3
    4\.  *  *  *  *  *  *  .  w  w  w\4
     5\.  *  *  *  *  *  *  W  w  w  w\5
      6\.  B  *  B  *  *  *  .  b  W  w\6
       7\.  *  *  *  *  *  *  B  .  w  w\7
        8\.  *  *  *  *  *  *  *  *  .  w\8
         9\.  *  *  *  *  *  *  *  *  B  .\9
         10\.  B  b  B  .  *  *  B  .  *  .\10
          11\b  b  b  b  b  .  W  *  W  .  .\11
              a  b  c  d  e  f  g  h  i  j  k  
c49e7 info: Old: [black, b10] [white, swap-pieces] [white, g11] [black, h7] [white, j6] [black, b6] [white, j2] [black, j9] [white, a3] [black, h10] [white, h5] [black, d10] [white, b1] [black, i1] 
c49e7 info: New: [black, b10] [white, swap-pieces] [white, g11] [black, h7] [white, j6] [black, b6] [white, j2] [black, j9] [white, a3] [black, h10] [white, h5] [black, d10] [white, b1] [black, i1] [white, i11] [black, d6] 
c49e7 info: MovesPlayed: [white, i11] [black, d6] 
c49e7 info: No subtree to reuse.
c49e7 info: StartSearch()[0]
c49e7 info: 
Elapsed Time   0.278672s
Count          1
GamesPlayed    1
Nodes          1
Knowledge      0 (0.0%)
Expansions     0.0
Time           0.00
GameLen        81.0 dev=0.0 min=81.0 max=81.0
InTree         0.0 dev=0.0 min=0.0 max=0.0
KnowDepth      -
Aborted        0%
Games/s        3289.5
Score          0.00
Sequence      
c49e7 info: 
c49e7 warning: **** MoHexSearch returned empty sequence!
c49e7 warning: **** Returning random move!
c49e7 info: Best move cannot be determined, must search state.
c49e7 info: --- MoHexPlayer::Search() ---
c49e7 info: Color: white
c49e7 info: MaxGames: 1
c49e7 info: NumberThreads: 1
c49e7 info: MaxNodes: 9090 (799920 bytes)
c49e7 info: TimeForMove: 1
c49e7 info: Time for PreSearch: 0.046372s
c49e7 info: 
  c7d95e07595dda6c
  a  b  c  d  e  f  g  h  i  j  k  
 1\w  W  w  b  b  b  b  b  B  b  w\1
  2\w  w  b  b  B  .  *  *  .  W  w\2
   3\W  w  .  *  *  *  .  .  w  w  w\3
    4\w  w  *  .  *  *  .  .  w  w  w\4
     5\w  .  *  *  *  .  .  W  w  w  w\5
      6\w  B  *  B  *  .  .  .  b  W  w\6
       7\.  .  *  *  *  *  .  B  .  w  w\7
        8\.  .  *  *  *  *  .  .  .  .  w\8
         9\.  *  .  *  *  *  .  .  W  B  .\9
         10\.  B  b  B  .  *  .  B  .  .  .\10
          11\b  b  b  b  b  .  W  .  W  .  .\11
              a  b  c  d  e  f  g  h  i  j  k  
c49e7 info: Old: [black, b10] [white, swap-pieces] [white, g11] [black, h7] [white, j6] [black, b6] [white, j2] [black, j9] [white, a3] [black, h10] [white, h5] [black, d10] [white, b1] [black, i1] [white, i11] [black, d6] 
c49e7 info: New: [black, b10] [white, swap-pieces] [white, g11] [black, h7] [white, j6] [black, b6] [white, j2] [black, j9] [white, a3] [black, h10] [white, h5] [black, d10] [white, b1] [black, i1] [white, i11] [black, d6] [white, i9] [black, e2] 
c49e7 info: MovesPlayed: [white, i9] [black, e2] 
c49e7 info: No subtree to reuse.
c49e7 info: StartSearch()[0]
c49e7 info: 
Elapsed Time   0.215353s
Count          1
GamesPlayed    1
Nodes          1
Knowledge      0 (0.0%)
Expansions     0.0
Time           0.00
GameLen        65.0 dev=0.0 min=65.0 max=65.0
InTree         0.0 dev=0.0 min=0.0 max=0.0
KnowDepth      -
Aborted        0%
Games/s        3802.3
Score          0.00
Sequence      
c49e7 info: 
c49e7 warning: **** MoHexSearch returned empty sequence!
c49e7 warning: **** Returning random move!
c49e7 info: Opponent has won; playing most blocking move.
c49e7 info: Opponent has won; playing most blocking move.
c49e7 info: Opponent has won; playing most blocking move.
c49e7 info: Opponent has won; playing most blocking move.
c49e7 info: Opponent has won; playing most blocking move.
c49e7 info: Opponent has won; playing most blocking move.
c49e7 info: Opponent has won; playing most blocking move.
c49e7 info: Captured cells caused win! Removing...
c49e7 info: Opponent has won; playing most blocking move.
c49e7 info: Captured cells caused win! Removing...
c49e7 info: Opponent has won; playing most blocking move.
c49e7 info: Captured cells caused win! Removing...
c49e7 info: Opponent has won; playing most blocking move.
c49e7 config: ============ BenzeneShutdown =============
c49e7 config: MoHexProgram:: ShutdownSystem()
c49e7 config: CommonProgram:: ShutdownSystem()
c49e7 config: BenzeneProgram:: ShutdownSystem()
Flushing and closing this stream...
