# nice ../build/src/mohex/mohex --config mohex-weak.htp --seed 586093 --logfile-name jobs/11x11-mohex-mohex-cg2010-vs-mohex-mohex-weak-1/mohex-mohex-weak-366.log
>boardsize 11 11
MoHex 2.0.CMake Mar 21 2025
Copyright (C) 2007-2012 by the authors of the Benzene project.
This program comes with ABSOLUTELY NO WARRANTY. This is
free software and you are welcome to redistribute it under
certain conditions. Type `benzene-license' for details.

SgRandom::SetSeed: 586093
SgUctSearch: system memory 33632358400, using 1000000000 (5681818 nodes)
SgRandom::SetSeed: 1
SgRandom::SetSeed: 586093
f2287 info: Prior Patterns:
f2287 info: Global:
f2287 info: Size            = 565 32648 
f2287 info: TableEntries    = 65932 65910
f2287 info: MirrorsAdded    = 0 0
f2287 info: PrunableCount   = 30593 30629
f2287 info: LargestGamma    = 5820.77
f2287 info: SmallestGamma   = 6.6e-05
f2287 info: Local:
f2287 info: Size            = 550 5318 
f2287 info: TableEntries    = 11602 11588
f2287 info: MirrorsAdded    = 0 0
f2287 info: PrunableCount   = 3659 3667
f2287 info: LargestGamma    = 11281.8
f2287 info: SmallestGamma   = 0.026235
f2287 info: Playout Patterns:
f2287 info: Global:
f2287 info: Size            = 565 32648 
f2287 info: TableEntries    = 70329 70329
f2287 info: MirrorsAdded    = 4397 4419
f2287 info: PrunableCount   = 30593 30629
f2287 info: LargestGamma    = 5820.77
f2287 info: SmallestGamma   = 6.6e-05
f2287 info: Local:
f2287 info: Size            = 550 5318 
f2287 info: TableEntries    = 11602 11588
f2287 info: MirrorsAdded    = 0 0
f2287 info: PrunableCount   = 3659 3667
f2287 info: LargestGamma    = 11281.8
f2287 info: SmallestGamma   = 0.026235
param_game allow_swap 1
= 

param_mohex max_memory 1600000
= 

param_mohex num_threads 1
= 

param_mohex max_time 1
= 

param_mohex max_games 1
= 

param_mohex knowledge_threshold 400
= 

param_mohex reuse_subtree 1
= 

param_mohex use_parallel_solver 0
= 

<= 
<
>name
<= MoHex
<
>version
<= 2.0.CMake
<
>play b f8
<= 
<
>genmove w
<= swap-pieces
<
>showboard
f2287 info: SwapCheck: reading from '/home/linus/MoHex2.0/nfbranchfix/benzene-vanilla-cmake/share/swap-moves.txt'.
f2287 info: SwapCheck: playing swap.
<= 
< 
<  93bb012aaf539711
<  a  b  c  d  e  f  g  h  i  j  k  
< 1\.  .  .  .  .  .  .  .  .  .  .\1
<  2\.  .  .  .  .  .  .  .  .  .  .\2
<   3\.  .  .  .  .  .  .  .  .  .  .\3
<    4\.  .  .  .  .  .  .  .  .  .  .\4
<     5\.  .  .  .  .  .  .  .  .  .  .\5
<      6\.  .  .  .  .  .  .  .  .  .  .\6
<       7\.  .  .  .  .  .  .  .  .  .  .\7
<        8\.  .  .  .  .  B  .  .  .  .  .\8
<         9\.  .  .  .  .  .  .  .  .  .  .\9
<         10\.  .  .  .  .  .  .  .  .  .  .\10
<          11\.  .  .  .  .  .  .  .  .  .  .\11
<              a  b  c  d  e  f  g  h  i  j  k  
<
>play w c1
<= 
<
>showboard
<= 
< 
<  a34c35ac99bc7d04
<  a  b  c  d  e  f  g  h  i  j  k  
< 1\.  .  W  .  .  .  .  .  .  .  .\1
<  2\.  .  .  .  .  .  .  .  .  .  .\2
<   3\.  .  .  .  .  .  .  .  .  .  .\3
<    4\.  .  .  .  .  .  .  .  .  .  .\4
<     5\.  .  .  .  .  .  .  .  .  .  .\5
<      6\.  .  .  .  .  .  .  .  .  .  .\6
<       7\.  .  .  .  .  .  .  .  .  .  .\7
<        8\.  .  .  .  .  B  .  .  .  .  .\8
<         9\.  .  .  .  .  .  .  .  .  .  .\9
<         10\.  .  .  .  .  .  .  .  .  .  .\10
<          11\.  .  .  .  .  .  .  .  .  .  .\11
<              a  b  c  d  e  f  g  h  i  j  k  
<
>genmove b
<= c5
<
>showboard
f2287 info: Best move cannot be determined, must search state.
f2287 info: --- MoHexPlayer::Search() ---
f2287 info: Color: black
f2287 info: MaxGames: 1
f2287 info: NumberThreads: 1
f2287 info: MaxNodes: 9090 (799920 bytes)
f2287 info: TimeForMove: 1
f2287 info: PreSearch: max time reached (34/93).
f2287 info: Time for PreSearch: 0.204307s
f2287 info: 
  a34c35ac99bc7d04
  a  b  c  d  e  f  g  h  i  j  k  
 1\.  .  W  .  .  .  .  .  .  .  .\1
  2\*  .  *  *  *  *  *  *  *  *  *\2
   3\.  *  *  *  *  *  *  *  *  *  *\3
    4\*  *  *  *  *  *  *  *  *  *  *\4
     5\*  *  *  *  *  *  *  *  *  *  *\5
      6\*  *  *  *  *  *  *  *  *  *  *\6
       7\*  *  *  *  *  *  *  *  *  *  *\7
        8\*  *  *  *  *  B  *  *  *  *  *\8
         9\*  *  *  *  *  *  *  *  *  *  .\9
         10\*  *  *  *  *  *  *  *  *  .  .\10
          11\.  .  .  .  .  .  .  .  .  .  .\11
              a  b  c  d  e  f  g  h  i  j  k  
f2287 info: No subtree to reuse.
f2287 info: Creating thread 0
f2287 info: StartSearch()[0]
SgUctSearch: max games reached
f2287 info: 
Elapsed Time   0.382353s
Count          1
GamesPlayed    1
Nodes          1
Knowledge      0 (0.0%)
Expansions     0.0
Time           0.00
GameLen        119.0 dev=0.0 min=119.0 max=119.0
InTree         0.0 dev=0.0 min=0.0 max=0.0
KnowDepth      -
Aborted        0%
Games/s        319.3
Score          1.00
Sequence      
f2287 info: 
f2287 warning: **** MoHexSearch returned empty sequence!
f2287 warning: **** Returning random move!
<= 
< 
<  2cf1d18695ff8b42
<  a  b  c  d  e  f  g  h  i  j  k  
< 1\.  .  W  .  .  .  .  .  .  .  .\1
<  2\.  .  .  .  .  .  .  .  .  .  .\2
<   3\.  .  .  .  .  .  .  .  .  .  .\3
<    4\.  .  .  .  .  .  .  .  .  .  .\4
<     5\.  .  B  .  .  .  .  .  .  .  .\5
<      6\.  .  .  .  .  .  .  .  .  .  .\6
<       7\.  .  .  .  .  .  .  .  .  .  .\7
<        8\.  .  .  .  .  B  .  .  .  .  .\8
<         9\.  .  .  .  .  .  .  .  .  .  .\9
<         10\.  .  .  .  .  .  .  .  .  .  .\10
<          11\.  .  .  .  .  .  .  .  .  .  .\11
<              a  b  c  d  e  f  g  h  i  j  k  
<
>play w i1
<= 
<
>showboard
<= 
< 
<  44841772f9a26a77
<  a  b  c  d  e  f  g  h  i  j  k  
< 1\.  .  W  .  .  .  .  .  W  .  .\1
<  2\.  .  .  .  .  .  .  .  .  .  .\2
<   3\.  .  .  .  .  .  .  .  .  .  .\3
<    4\.  .  .  .  .  .  .  .  .  .  .\4
<     5\.  .  B  .  .  .  .  .  .  .  .\5
<      6\.  .  .  .  .  .  .  .  .  .  .\6
<       7\.  .  .  .  .  .  .  .  .  .  .\7
<        8\.  .  .  .  .  B  .  .  .  .  .\8
<         9\.  .  .  .  .  .  .  .  .  .  .\9
<         10\.  .  .  .  .  .  .  .  .  .  .\10
<          11\.  .  .  .  .  .  .  .  .  .  .\11
<              a  b  c  d  e  f  g  h  i  j  k  
<
>genmove b
<= c4
<
>showboard
f2287 info: Best move cannot be determined, must search state.
f2287 info: --- MoHexPlayer::Search() ---
f2287 info: Color: black
f2287 info: MaxGames: 1
f2287 info: NumberThreads: 1
f2287 info: MaxNodes: 9090 (799920 bytes)
f2287 info: TimeForMove: 1
f2287 info: PreSearch: max time reached (30/92).
f2287 info: Time for PreSearch: 0.201045s
f2287 info: 
  44841772f9a26a77
  a  b  c  d  e  f  g  h  i  j  k  
 1\.  .  W  .  .  .  .  .  W  .  .\1
  2\*  .  *  *  *  *  *  *  *  *  *\2
   3\.  *  *  *  *  *  *  *  *  *  *\3
    4\*  *  *  *  *  *  *  *  *  *  *\4
     5\*  *  B  *  *  *  *  *  *  *  *\5
      6\*  *  *  *  *  *  *  *  *  *  *\6
       7\*  *  *  *  *  *  *  *  *  *  *\7
        8\*  *  *  *  *  B  *  *  *  *  *\8
         9\*  *  *  *  *  *  *  *  *  *  .\9
         10\*  *  *  *  *  *  *  *  *  .  .\10
          11\.  .  .  .  .  .  .  .  .  .  .\11
              a  b  c  d  e  f  g  h  i  j  k  
f2287 info: Old: [black, f8] [white, swap-pieces] [white, c1] 
f2287 info: New: [black, f8] [white, swap-pieces] [white, c1] [black, c5] [white, i1] 
f2287 info: MovesPlayed: [black, c5] [white, i1] 
f2287 info: No subtree to reuse.
f2287 info: StartSearch()[0]
SgUctSearch: max games reached
f2287 info: 
Elapsed Time   0.381275s
Count          1
GamesPlayed    1
Nodes          1
Knowledge      0 (0.0%)
Expansions     0.0
Time           0.00
GameLen        117.0 dev=0.0 min=117.0 max=117.0
InTree         0.0 dev=0.0 min=0.0 max=0.0
KnowDepth      -
Aborted        0%
Games/s        2611.0
Score          0.00
Sequence      
f2287 info: 
f2287 warning: **** MoHexSearch returned empty sequence!
f2287 warning: **** Returning random move!
<= 
< 
<  52761ef33d4113ff
<  a  b  c  d  e  f  g  h  i  j  k  
< 1\.  .  W  .  .  .  .  .  W  .  .\1
<  2\.  .  .  .  .  .  .  .  .  .  .\2
<   3\.  .  .  .  .  .  .  .  .  .  .\3
<    4\.  .  B  .  .  .  .  .  .  .  .\4
<     5\.  .  B  .  .  .  .  .  .  .  .\5
<      6\.  .  .  .  .  .  .  .  .  .  .\6
<       7\.  .  .  .  .  .  .  .  .  .  .\7
<        8\.  .  .  .  .  B  .  .  .  .  .\8
<         9\.  .  .  .  .  .  .  .  .  .  .\9
<         10\.  .  .  .  .  .  .  .  .  .  .\10
<          11\.  .  .  .  .  .  .  .  .  .  .\11
<              a  b  c  d  e  f  g  h  i  j  k  
<
>play w c7
<= 
<
>showboard
<= 
< 
<  d30faa0ca60d098a
<  a  b  c  d  e  f  g  h  i  j  k  
< 1\.  .  W  .  .  .  .  .  W  .  .\1
<  2\.  .  .  .  .  .  .  .  .  .  .\2
<   3\.  .  .  .  .  .  .  .  .  .  .\3
<    4\.  .  B  .  .  .  .  .  .  .  .\4
<     5\.  .  B  .  .  .  .  .  .  .  .\5
<      6\.  .  .  .  .  .  .  .  .  .  .\6
<       7\.  .  W  .  .  .  .  .  .  .  .\7
<        8\.  .  .  .  .  B  .  .  .  .  .\8
<         9\.  .  .  .  .  .  .  .  .  .  .\9
<         10\.  .  .  .  .  .  .  .  .  .  .\10
<          11\.  .  .  .  .  .  .  .  .  .  .\11
<              a  b  c  d  e  f  g  h  i  j  k  
<
>genmove b
<= b8
<
>showboard
f2287 info: Best move cannot be determined, must search state.
f2287 info: --- MoHexPlayer::Search() ---
f2287 info: Color: black
f2287 info: MaxGames: 1
f2287 info: NumberThreads: 1
f2287 info: MaxNodes: 9090 (799920 bytes)
f2287 info: TimeForMove: 1
f2287 info: PreSearch: max time reached (32/87).
f2287 info: Time for PreSearch: 0.208858s
f2287 info: 
  d30faa0ca60d098a
  a  b  c  d  e  f  g  h  i  j  k  
 1\.  .  W  .  .  .  .  .  W  .  .\1
  2\*  .  *  *  *  *  *  *  *  *  *\2
   3\.  *  *  *  *  *  *  *  *  *  *\3
    4\*  *  B  *  *  *  *  *  *  *  *\4
     5\.  .  B  *  *  *  *  *  *  *  *\5
      6\.  *  *  *  *  *  *  *  *  *  *\6
       7\*  *  W  *  *  *  *  *  *  *  *\7
        8\*  *  *  *  *  B  *  *  *  *  *\8
         9\*  *  *  *  *  *  *  *  *  *  .\9
         10\*  *  *  *  *  *  *  *  *  .  .\10
          11\.  .  .  .  .  .  .  .  .  .  .\11
              a  b  c  d  e  f  g  h  i  j  k  
f2287 info: Old: [black, f8] [white, swap-pieces] [white, c1] [black, c5] [white, i1] 
f2287 info: New: [black, f8] [white, swap-pieces] [white, c1] [black, c5] [white, i1] [black, c4] [white, c7] 
f2287 info: MovesPlayed: [black, c4] [white, c7] 
f2287 info: No subtree to reuse.
f2287 info: StartSearch()[0]
SgUctSearch: max games reached
f2287 info: 
Elapsed Time   0.592725s
Count          1
GamesPlayed    1
Nodes          1
Knowledge      0 (0.0%)
Expansions     0.0
Time           0.00
GameLen        115.0 dev=0.0 min=115.0 max=115.0
InTree         0.0 dev=0.0 min=0.0 max=0.0
KnowDepth      -
Aborted        0%
Games/s        2451.0
Score          1.00
Sequence      
f2287 info: 
f2287 warning: **** MoHexSearch returned empty sequence!
f2287 warning: **** Returning random move!
<= 
< 
<  8bcf54e6ef0c6226
<  a  b  c  d  e  f  g  h  i  j  k  
< 1\.  .  W  .  .  .  .  .  W  .  .\1
<  2\.  .  .  .  .  .  .  .  .  .  .\2
<   3\.  .  .  .  .  .  .  .  .  .  .\3
<    4\.  .  B  .  .  .  .  .  .  .  .\4
<     5\.  .  B  .  .  .  .  .  .  .  .\5
<      6\.  .  .  .  .  .  .  .  .  .  .\6
<       7\.  .  W  .  .  .  .  .  .  .  .\7
<        8\.  B  .  .  .  B  .  .  .  .  .\8
<         9\.  .  .  .  .  .  .  .  .  .  .\9
<         10\.  .  .  .  .  .  .  .  .  .  .\10
<          11\.  .  .  .  .  .  .  .  .  .  .\11
<              a  b  c  d  e  f  g  h  i  j  k  
<
>play w a9
<= 
<
>showboard
<= 
< 
<  492989b800d92930
<  a  b  c  d  e  f  g  h  i  j  k  
< 1\.  .  W  .  .  .  .  .  W  .  .\1
<  2\.  .  .  .  .  .  .  .  .  .  .\2
<   3\.  .  .  .  .  .  .  .  .  .  .\3
<    4\.  .  B  .  .  .  .  .  .  .  .\4
<     5\.  .  B  .  .  .  .  .  .  .  .\5
<      6\.  .  .  .  .  .  .  .  .  .  .\6
<       7\.  .  W  .  .  .  .  .  .  .  .\7
<        8\.  B  .  .  .  B  .  .  .  .  .\8
<         9\W  .  .  .  .  .  .  .  .  .  .\9
<         10\.  .  .  .  .  .  .  .  .  .  .\10
<          11\.  .  .  .  .  .  .  .  .  .  .\11
<              a  b  c  d  e  f  g  h  i  j  k  
<
>genmove b
<= k11
<
>showboard
f2287 info: Best move cannot be determined, must search state.
f2287 info: --- MoHexPlayer::Search() ---
f2287 info: Color: black
f2287 info: MaxGames: 1
f2287 info: NumberThreads: 1
f2287 info: MaxNodes: 9090 (799920 bytes)
f2287 info: TimeForMove: 1
f2287 info: PreSearch: max time reached (34/83).
f2287 info: Time for PreSearch: 0.200985s
f2287 info: 
  492989b800d92930
  a  b  c  d  e  f  g  h  i  j  k  
 1\.  .  W  .  .  .  .  .  W  .  .\1
  2\*  .  *  *  *  *  *  *  *  *  *\2
   3\.  *  *  *  *  *  *  *  *  *  *\3
    4\*  *  B  *  *  *  *  *  *  *  *\4
     5\.  .  B  *  *  *  *  *  *  *  *\5
      6\.  *  *  *  *  *  *  *  *  *  *\6
       7\*  *  W  *  *  *  *  *  *  *  *\7
        8\.  B  *  *  *  B  *  *  *  *  *\8
         9\W  *  *  *  *  *  *  *  *  *  .\9
         10\.  *  *  *  *  *  *  *  *  .  .\10
          11\.  .  .  .  .  .  .  .  .  .  .\11
              a  b  c  d  e  f  g  h  i  j  k  
f2287 info: Old: [black, f8] [white, swap-pieces] [white, c1] [black, c5] [white, i1] [black, c4] [white, c7] 
f2287 info: New: [black, f8] [white, swap-pieces] [white, c1] [black, c5] [white, i1] [black, c4] [white, c7] [black, b8] [white, a9] 
f2287 info: MovesPlayed: [black, b8] [white, a9] 
f2287 info: No subtree to reuse.
f2287 info: StartSearch()[0]
SgUctSearch: max games reached
f2287 info: 
Elapsed Time   0.368285s
Count          1
GamesPlayed    1
Nodes          1
Knowledge      0 (0.0%)
Expansions     0.0
Time           0.00
GameLen        113.0 dev=0.0 min=113.0 max=113.0
InTree         0.0 dev=0.0 min=0.0 max=0.0
KnowDepth      -
Aborted        0%
Games/s        2512.6
Score          1.00
Sequence      
f2287 info: 
f2287 warning: **** MoHexSearch returned empty sequence!
f2287 warning: **** Returning random move!
<= 
< 
<  c9ed7b73736b3ad5
<  a  b  c  d  e  f  g  h  i  j  k  
< 1\.  .  W  .  .  .  .  .  W  .  .\1
<  2\.  .  .  .  .  .  .  .  .  .  .\2
<   3\.  .  .  .  .  .  .  .  .  .  .\3
<    4\.  .  B  .  .  .  .  .  .  .  .\4
<     5\.  .  B  .  .  .  .  .  .  .  .\5
<      6\.  .  .  .  .  .  .  .  .  .  .\6
<       7\.  .  W  .  .  .  .  .  .  .  .\7
<        8\.  B  .  .  .  B  .  .  .  .  .\8
<         9\W  .  .  .  .  .  .  .  .  .  .\9
<         10\.  .  .  .  .  .  .  .  .  .  .\10
<          11\.  .  .  .  .  .  .  .  .  .  B\11
<              a  b  c  d  e  f  g  h  i  j  k  
<
>play w e11
<= 
<
>showboard
<= 
< 
<  e54d340b765aa0d4
<  a  b  c  d  e  f  g  h  i  j  k  
< 1\.  .  W  .  .  .  .  .  W  .  .\1
<  2\.  .  .  .  .  .  .  .  .  .  .\2
<   3\.  .  .  .  .  .  .  .  .  .  .\3
<    4\.  .  B  .  .  .  .  .  .  .  .\4
<     5\.  .  B  .  .  .  .  .  .  .  .\5
<      6\.  .  .  .  .  .  .  .  .  .  .\6
<       7\.  .  W  .  .  .  .  .  .  .  .\7
<        8\.  B  .  .  .  B  .  .  .  .  .\8
<         9\W  .  .  .  .  .  .  .  .  .  .\9
<         10\.  .  .  .  .  .  .  .  .  .  .\10
<          11\.  .  .  .  W  .  .  .  .  .  B\11
<              a  b  c  d  e  f  g  h  i  j  k  
<
>genmove b
<= j7
<
>showboard
f2287 info: Best move cannot be determined, must search state.
f2287 info: --- MoHexPlayer::Search() ---
f2287 info: Color: black
f2287 info: MaxGames: 1
f2287 info: NumberThreads: 1
f2287 info: MaxNodes: 9090 (799920 bytes)
f2287 info: TimeForMove: 1
f2287 info: PreSearch: max time reached (50/85).
f2287 info: Time for PreSearch: 0.202906s
f2287 info: 
  e54d340b765aa0d4
  a  b  c  d  e  f  g  h  i  j  k  
 1\.  .  W  .  .  .  .  .  W  .  .\1
  2\*  .  *  *  *  *  *  *  *  *  *\2
   3\.  *  *  *  *  *  *  *  *  *  *\3
    4\*  *  B  *  *  *  *  *  *  *  *\4
     5\.  .  B  *  *  *  *  *  *  *  *\5
      6\.  *  *  *  *  *  *  *  *  *  *\6
       7\*  *  W  *  *  *  *  *  *  *  *\7
        8\.  B  *  *  *  B  *  *  *  *  *\8
         9\W  *  *  *  *  *  *  *  *  *  *\9
         10\.  *  *  *  *  *  *  *  *  *  .\10
          11\.  .  .  .  W  .  .  .  .  b  B\11
              a  b  c  d  e  f  g  h  i  j  k  
f2287 info: Old: [black, f8] [white, swap-pieces] [white, c1] [black, c5] [white, i1] [black, c4] [white, c7] [black, b8] [white, a9] 
f2287 info: New: [black, f8] [white, swap-pieces] [white, c1] [black, c5] [white, i1] [black, c4] [white, c7] [black, b8] [white, a9] [black, k11] [white, e11] 
f2287 info: MovesPlayed: [black, k11] [white, e11] 
f2287 info: No subtree to reuse.
f2287 info: StartSearch()[0]
SgUctSearch: max games reached
f2287 info: 
Elapsed Time   0.370779s
Count          1
GamesPlayed    1
Nodes          1
Knowledge      0 (0.0%)
Expansions     0.0
Time           0.00
GameLen        110.0 dev=0.0 min=110.0 max=110.0
InTree         0.0 dev=0.0 min=0.0 max=0.0
KnowDepth      -
Aborted        0%
Games/s        3076.9
Score          1.00
Sequence      
f2287 info: 
f2287 warning: **** MoHexSearch returned empty sequence!
f2287 warning: **** Returning random move!
<= 
< 
<  1d84075f4e106ec9
<  a  b  c  d  e  f  g  h  i  j  k  
< 1\.  .  W  .  .  .  .  .  W  .  .\1
<  2\.  .  .  .  .  .  .  .  .  .  .\2
<   3\.  .  .  .  .  .  .  .  .  .  .\3
<    4\.  .  B  .  .  .  .  .  .  .  .\4
<     5\.  .  B  .  .  .  .  .  .  .  .\5
<      6\.  .  .  .  .  .  .  .  .  .  .\6
<       7\.  .  W  .  .  .  .  .  .  B  .\7
<        8\.  B  .  .  .  B  .  .  .  .  .\8
<         9\W  .  .  .  .  .  .  .  .  .  .\9
<         10\.  .  .  .  .  .  .  .  .  .  .\10
<          11\.  .  .  .  W  .  .  .  .  .  B\11
<              a  b  c  d  e  f  g  h  i  j  k  
<
>play w f5
<= 
<
>showboard
<= 
< 
<  3fa21b3fe9b4d138
<  a  b  c  d  e  f  g  h  i  j  k  
< 1\.  .  W  .  .  .  .  .  W  .  .\1
<  2\.  .  .  .  .  .  .  .  .  .  .\2
<   3\.  .  .  .  .  .  .  .  .  .  .\3
<    4\.  .  B  .  .  .  .  .  .  .  .\4
<     5\.  .  B  .  .  W  .  .  .  .  .\5
<      6\.  .  .  .  .  .  .  .  .  .  .\6
<       7\.  .  W  .  .  .  .  .  .  B  .\7
<        8\.  B  .  .  .  B  .  .  .  .  .\8
<         9\W  .  .  .  .  .  .  .  .  .  .\9
<         10\.  .  .  .  .  .  .  .  .  .  .\10
<          11\.  .  .  .  W  .  .  .  .  .  B\11
<              a  b  c  d  e  f  g  h  i  j  k  
<
>genmove b
<= d6
<
>showboard
f2287 info: Best move cannot be determined, must search state.
f2287 info: --- MoHexPlayer::Search() ---
f2287 info: Color: black
f2287 info: MaxGames: 1
f2287 info: NumberThreads: 1
f2287 info: MaxNodes: 9090 (799920 bytes)
f2287 info: TimeForMove: 1
f2287 info: PreSearch: max time reached (49/81).
f2287 info: Time for PreSearch: 0.202796s
f2287 info: 
  3fa21b3fe9b4d138
  a  b  c  d  e  f  g  h  i  j  k  
 1\.  .  W  .  .  .  .  .  W  .  .\1
  2\*  .  *  *  *  *  *  *  *  *  *\2
   3\.  *  *  *  *  *  *  *  *  *  *\3
    4\*  *  B  *  *  *  *  *  *  *  *\4
     5\.  .  B  *  *  W  *  *  *  *  *\5
      6\.  *  *  *  *  *  *  *  *  *  .\6
       7\*  *  W  *  *  *  *  *  *  B  .\7
        8\.  B  *  *  *  B  *  *  *  *  *\8
         9\W  *  *  *  *  *  *  *  *  *  *\9
         10\.  *  *  *  *  *  *  *  *  *  .\10
          11\.  .  .  .  W  .  .  .  .  b  B\11
              a  b  c  d  e  f  g  h  i  j  k  
f2287 info: Old: [black, f8] [white, swap-pieces] [white, c1] [black, c5] [white, i1] [black, c4] [white, c7] [black, b8] [white, a9] [black, k11] [white, e11] 
f2287 info: New: [black, f8] [white, swap-pieces] [white, c1] [black, c5] [white, i1] [black, c4] [white, c7] [black, b8] [white, a9] [black, k11] [white, e11] [black, j7] [white, f5] 
f2287 info: MovesPlayed: [black, j7] [white, f5] 
f2287 info: No subtree to reuse.
f2287 info: StartSearch()[0]
SgUctSearch: max games reached
f2287 info: 
Elapsed Time   0.371507s
Count          1
GamesPlayed    1
Nodes          1
Knowledge      0 (0.0%)
Expansions     0.0
Time           0.00
GameLen        108.0 dev=0.0 min=108.0 max=108.0
InTree         0.0 dev=0.0 min=0.0 max=0.0
KnowDepth      -
Aborted        0%
Games/s        2066.1
Score          1.00
Sequence      
f2287 info: 
f2287 warning: **** MoHexSearch returned empty sequence!
f2287 warning: **** Returning random move!
<= 
< 
<  fb3b2c265fa1d548
<  a  b  c  d  e  f  g  h  i  j  k  
< 1\.  .  W  .  .  .  .  .  W  .  .\1
<  2\.  .  .  .  .  .  .  .  .  .  .\2
<   3\.  .  .  .  .  .  .  .  .  .  .\3
<    4\.  .  B  .  .  .  .  .  .  .  .\4
<     5\.  .  B  .  .  W  .  .  .  .  .\5
<      6\.  .  .  B  .  .  .  .  .  .  .\6
<       7\.  .  W  .  .  .  .  .  .  B  .\7
<        8\.  B  .  .  .  B  .  .  .  .  .\8
<         9\W  .  .  .  .  .  .  .  .  .  .\9
<         10\.  .  .  .  .  .  .  .  .  .  .\10
<          11\.  .  .  .  W  .  .  .  .  .  B\11
<              a  b  c  d  e  f  g  h  i  j  k  
<
>play w a7
<= 
<
>showboard
<= 
< 
<  5173551215bfd774
<  a  b  c  d  e  f  g  h  i  j  k  
< 1\.  .  W  .  .  .  .  .  W  .  .\1
<  2\.  .  .  .  .  .  .  .  .  .  .\2
<   3\.  .  .  .  .  .  .  .  .  .  .\3
<    4\.  .  B  .  .  .  .  .  .  .  .\4
<     5\.  .  B  .  .  W  .  .  .  .  .\5
<      6\.  .  .  B  .  .  .  .  .  .  .\6
<       7\W  .  W  .  .  .  .  .  .  B  .\7
<        8\.  B  .  .  .  B  .  .  .  .  .\8
<         9\W  .  .  .  .  .  .  .  .  .  .\9
<         10\.  .  .  .  .  .  .  .  .  .  .\10
<          11\.  .  .  .  W  .  .  .  .  .  B\11
<              a  b  c  d  e  f  g  h  i  j  k  
<
>genmove b
<= k8
<
>showboard
f2287 info: Best move cannot be determined, must search state.
f2287 info: --- MoHexPlayer::Search() ---
f2287 info: Color: black
f2287 info: MaxGames: 1
f2287 info: NumberThreads: 1
f2287 info: MaxNodes: 9090 (799920 bytes)
f2287 info: TimeForMove: 1
f2287 info: PreSearch: max time reached (46/78).
f2287 info: Time for PreSearch: 0.205042s
f2287 info: 
  5173551215bfd774
  a  b  c  d  e  f  g  h  i  j  k  
 1\.  .  W  .  .  .  .  .  W  .  .\1
  2\*  .  *  *  *  *  *  *  *  *  *\2
   3\.  *  *  *  *  *  *  *  *  *  *\3
    4\*  *  B  *  *  *  *  *  *  *  *\4
     5\.  .  B  *  *  W  *  *  *  *  *\5
      6\.  *  .  B  *  *  *  *  *  *  .\6
       7\W  *  W  *  *  *  *  *  *  B  .\7
        8\b  B  *  *  *  B  *  *  *  *  *\8
         9\W  *  *  *  *  *  *  *  *  *  *\9
         10\.  *  *  *  *  *  *  *  *  .  .\10
          11\.  .  .  .  W  .  .  .  .  b  B\11
              a  b  c  d  e  f  g  h  i  j  k  
f2287 info: Old: [black, f8] [white, swap-pieces] [white, c1] [black, c5] [white, i1] [black, c4] [white, c7] [black, b8] [white, a9] [black, k11] [white, e11] [black, j7] [white, f5] 
f2287 info: New: [black, f8] [white, swap-pieces] [white, c1] [black, c5] [white, i1] [black, c4] [white, c7] [black, b8] [white, a9] [black, k11] [white, e11] [black, j7] [white, f5] [black, d6] [white, a7] 
f2287 info: MovesPlayed: [black, d6] [white, a7] 
f2287 info: No subtree to reuse.
f2287 info: StartSearch()[0]
SgUctSearch: max games reached
f2287 info: 
Elapsed Time   0.366969s
Count          1
GamesPlayed    1
Nodes          1
Knowledge      0 (0.0%)
Expansions     0.0
Time           0.00
GameLen        105.0 dev=0.0 min=105.0 max=105.0
InTree         0.0 dev=0.0 min=0.0 max=0.0
KnowDepth      -
Aborted        0%
Games/s        2949.9
Score          0.00
Sequence      
f2287 info: 
f2287 warning: **** MoHexSearch returned empty sequence!
f2287 warning: **** Returning random move!
<= 
< 
<  b309d63bcee06aea
<  a  b  c  d  e  f  g  h  i  j  k  
< 1\.  .  W  .  .  .  .  .  W  .  .\1
<  2\.  .  .  .  .  .  .  .  .  .  .\2
<   3\.  .  .  .  .  .  .  .  .  .  .\3
<    4\.  .  B  .  .  .  .  .  .  .  .\4
<     5\.  .  B  .  .  W  .  .  .  .  .\5
<      6\.  .  .  B  .  .  .  .  .  .  .\6
<       7\W  .  W  .  .  .  .  .  .  B  .\7
<        8\.  B  .  .  .  B  .  .  .  .  B\8
<         9\W  .  .  .  .  .  .  .  .  .  .\9
<         10\.  .  .  .  .  .  .  .  .  .  .\10
<          11\.  .  .  .  W  .  .  .  .  .  B\11
<              a  b  c  d  e  f  g  h  i  j  k  
<
>play w h7
<= 
<
>showboard
<= 
< 
<  b2c406418c975122
<  a  b  c  d  e  f  g  h  i  j  k  
< 1\.  .  W  .  .  .  .  .  W  .  .\1
<  2\.  .  .  .  .  .  .  .  .  .  .\2
<   3\.  .  .  .  .  .  .  .  .  .  .\3
<    4\.  .  B  .  .  .  .  .  .  .  .\4
<     5\.  .  B  .  .  W  .  .  .  .  .\5
<      6\.  .  .  B  .  .  .  .  .  .  .\6
<       7\W  .  W  .  .  .  .  W  .  B  .\7
<        8\.  B  .  .  .  B  .  .  .  .  B\8
<         9\W  .  .  .  .  .  .  .  .  .  .\9
<         10\.  .  .  .  .  .  .  .  .  .  .\10
<          11\.  .  .  .  W  .  .  .  .  .  B\11
<              a  b  c  d  e  f  g  h  i  j  k  
<
>genmove b
<= a6
<
>showboard
f2287 info: Best move cannot be determined, must search state.
f2287 info: --- MoHexPlayer::Search() ---
f2287 info: Color: black
f2287 info: MaxGames: 1
f2287 info: NumberThreads: 1
f2287 info: MaxNodes: 9090 (799920 bytes)
f2287 info: TimeForMove: 1
f2287 info: PreSearch: max time reached (41/75).
f2287 info: Time for PreSearch: 0.202445s
f2287 info: 
  b2c406418c975122
  a  b  c  d  e  f  g  h  i  j  k  
 1\.  .  W  .  .  .  .  .  W  .  .\1
  2\*  .  *  *  *  *  *  *  *  *  *\2
   3\.  *  *  *  *  *  *  *  *  *  *\3
    4\*  *  B  *  *  *  *  *  *  *  *\4
     5\.  .  B  *  *  W  *  *  *  *  *\5
      6\.  *  .  B  *  *  *  *  *  *  .\6
       7\W  *  W  *  *  *  *  W  *  B  .\7
        8\b  B  *  *  *  B  *  *  *  .  B\8
         9\W  *  *  *  *  *  *  *  *  *  *\9
         10\.  *  *  *  *  *  *  *  *  *  .\10
          11\.  .  .  .  W  .  .  .  .  b  B\11
              a  b  c  d  e  f  g  h  i  j  k  
f2287 info: Old: [black, f8] [white, swap-pieces] [white, c1] [black, c5] [white, i1] [black, c4] [white, c7] [black, b8] [white, a9] [black, k11] [white, e11] [black, j7] [white, f5] [black, d6] [white, a7] 
f2287 info: New: [black, f8] [white, swap-pieces] [white, c1] [black, c5] [white, i1] [black, c4] [white, c7] [black, b8] [white, a9] [black, k11] [white, e11] [black, j7] [white, f5] [black, d6] [white, a7] [black, k8] [white, h7] 
f2287 info: MovesPlayed: [black, k8] [white, h7] 
f2287 info: No subtree to reuse.
f2287 info: StartSearch()[0]
SgUctSearch: max games reached
f2287 info: 
Elapsed Time   0.557267s
Count          1
GamesPlayed    1
Nodes          1
Knowledge      0 (0.0%)
Expansions     0.0
Time           0.00
GameLen        103.0 dev=0.0 min=103.0 max=103.0
InTree         0.0 dev=0.0 min=0.0 max=0.0
KnowDepth      -
Aborted        0%
Games/s        3174.6
Score          1.00
Sequence      
f2287 info: 
f2287 warning: **** MoHexSearch returned empty sequence!
f2287 warning: **** Returning random move!
<= 
< 
<  b3986ac175062ee7
<  a  b  c  d  e  f  g  h  i  j  k  
< 1\.  .  W  .  .  .  .  .  W  .  .\1
<  2\.  .  .  .  .  .  .  .  .  .  .\2
<   3\.  .  .  .  .  .  .  .  .  .  .\3
<    4\.  .  B  .  .  .  .  .  .  .  .\4
<     5\.  .  B  .  .  W  .  .  .  .  .\5
<      6\B  .  .  B  .  .  .  .  .  .  .\6
<       7\W  .  W  .  .  .  .  W  .  B  .\7
<        8\.  B  .  .  .  B  .  .  .  .  B\8
<         9\W  .  .  .  .  .  .  .  .  .  .\9
<         10\.  .  .  .  .  .  .  .  .  .  .\10
<          11\.  .  .  .  W  .  .  .  .  .  B\11
<              a  b  c  d  e  f  g  h  i  j  k  
<
>play w d5
<= 
<
>showboard
<= 
< 
<  cf528193e4c3e6be
<  a  b  c  d  e  f  g  h  i  j  k  
< 1\.  .  W  .  .  .  .  .  W  .  .\1
<  2\.  .  .  .  .  .  .  .  .  .  .\2
<   3\.  .  .  .  .  .  .  .  .  .  .\3
<    4\.  .  B  .  .  .  .  .  .  .  .\4
<     5\.  .  B  W  .  W  .  .  .  .  .\5
<      6\B  .  .  B  .  .  .  .  .  .  .\6
<       7\W  .  W  .  .  .  .  W  .  B  .\7
<        8\.  B  .  .  .  B  .  .  .  .  B\8
<         9\W  .  .  .  .  .  .  .  .  .  .\9
<         10\.  .  .  .  .  .  .  .  .  .  .\10
<          11\.  .  .  .  W  .  .  .  .  .  B\11
<              a  b  c  d  e  f  g  h  i  j  k  
<
>genmove b
<= e5
<
>showboard
f2287 info: Best move cannot be determined, must search state.
f2287 info: --- MoHexPlayer::Search() ---
f2287 info: Color: black
f2287 info: MaxGames: 1
f2287 info: NumberThreads: 1
f2287 info: MaxNodes: 9090 (799920 bytes)
f2287 info: TimeForMove: 1
f2287 info: PreSearch: max time reached (49/74).
f2287 info: Time for PreSearch: 0.203641s
f2287 info: 
  cf528193e4c3e6be
  a  b  c  d  e  f  g  h  i  j  k  
 1\.  .  W  .  .  .  .  .  W  .  .\1
  2\*  .  *  *  *  *  *  *  *  *  *\2
   3\.  *  *  *  *  *  *  *  *  *  *\3
    4\*  *  B  *  *  *  *  *  *  *  *\4
     5\.  .  B  W  *  W  *  *  *  *  *\5
      6\B  .  *  B  *  *  *  *  *  *  .\6
       7\W  *  W  *  *  *  *  W  *  B  .\7
        8\b  B  *  *  *  B  *  *  *  .  B\8
         9\W  *  *  *  *  *  *  *  *  *  *\9
         10\.  *  *  *  *  *  *  *  *  *  .\10
          11\.  .  .  .  W  .  .  .  .  b  B\11
              a  b  c  d  e  f  g  h  i  j  k  
f2287 info: Old: [black, f8] [white, swap-pieces] [white, c1] [black, c5] [white, i1] [black, c4] [white, c7] [black, b8] [white, a9] [black, k11] [white, e11] [black, j7] [white, f5] [black, d6] [white, a7] [black, k8] [white, h7] 
f2287 info: New: [black, f8] [white, swap-pieces] [white, c1] [black, c5] [white, i1] [black, c4] [white, c7] [black, b8] [white, a9] [black, k11] [white, e11] [black, j7] [white, f5] [black, d6] [white, a7] [black, k8] [white, h7] [black, a6] [white, d5] 
f2287 info: MovesPlayed: [black, a6] [white, d5] 
f2287 info: No subtree to reuse.
f2287 info: StartSearch()[0]
SgUctSearch: max games reached
f2287 info: 
Elapsed Time   0.371952s
Count          1
GamesPlayed    1
Nodes          1
Knowledge      0 (0.0%)
Expansions     0.0
Time           0.00
GameLen        101.0 dev=0.0 min=101.0 max=101.0
InTree         0.0 dev=0.0 min=0.0 max=0.0
KnowDepth      -
Aborted        0%
Games/s        3322.3
Score          1.00
Sequence      
f2287 info: 
f2287 warning: **** MoHexSearch returned empty sequence!
f2287 warning: **** Returning random move!
<= 
< 
<  53a66f8a4da48b1c
<  a  b  c  d  e  f  g  h  i  j  k  
< 1\.  .  W  .  .  .  .  .  W  .  .\1
<  2\.  .  .  .  .  .  .  .  .  .  .\2
<   3\.  .  .  .  .  .  .  .  .  .  .\3
<    4\.  .  B  .  .  .  .  .  .  .  .\4
<     5\.  .  B  W  B  W  .  .  .  .  .\5
<      6\B  .  .  B  .  .  .  .  .  .  .\6
<       7\W  .  W  .  .  .  .  W  .  B  .\7
<        8\.  B  .  .  .  B  .  .  .  .  B\8
<         9\W  .  .  .  .  .  .  .  .  .  .\9
<         10\.  .  .  .  .  .  .  .  .  .  .\10
<          11\.  .  .  .  W  .  .  .  .  .  B\11
<              a  b  c  d  e  f  g  h  i  j  k  
<
>play w i6
<= 
<
>showboard
<= 
< 
<  306a17775a7bf4d0
<  a  b  c  d  e  f  g  h  i  j  k  
< 1\.  .  W  .  .  .  .  .  W  .  .\1
<  2\.  .  .  .  .  .  .  .  .  .  .\2
<   3\.  .  .  .  .  .  .  .  .  .  .\3
<    4\.  .  B  .  .  .  .  .  .  .  .\4
<     5\.  .  B  W  B  W  .  .  .  .  .\5
<      6\B  .  .  B  .  .  .  .  W  .  .\6
<       7\W  .  W  .  .  .  .  W  .  B  .\7
<        8\.  B  .  .  .  B  .  .  .  .  B\8
<         9\W  .  .  .  .  .  .  .  .  .  .\9
<         10\.  .  .  .  .  .  .  .  .  .  .\10
<          11\.  .  .  .  W  .  .  .  .  .  B\11
<              a  b  c  d  e  f  g  h  i  j  k  
<
>genmove b
<= b9
<
>showboard
f2287 info: Best move cannot be determined, must search state.
f2287 info: --- MoHexPlayer::Search() ---
f2287 info: Color: black
f2287 info: MaxGames: 1
f2287 info: NumberThreads: 1
f2287 info: MaxNodes: 9090 (799920 bytes)
f2287 info: TimeForMove: 1
f2287 info: PreSearch: max time reached (41/68).
f2287 info: Time for PreSearch: 0.205853s
f2287 info: 
  306a17775a7bf4d0
  a  b  c  d  e  f  g  h  i  j  k  
 1\.  .  W  .  .  .  .  .  W  .  .\1
  2\*  .  *  *  *  *  *  *  *  *  *\2
   3\.  *  *  *  *  *  *  *  *  *  *\3
    4\*  *  B  *  *  *  *  *  *  *  .\4
     5\.  .  B  W  B  W  *  *  *  .  *\5
      6\B  .  *  B  *  *  *  *  W  .  .\6
       7\W  *  W  *  *  *  *  W  .  B  .\7
        8\b  B  *  *  *  B  *  *  *  .  B\8
         9\W  *  *  *  *  *  *  *  *  *  *\9
         10\.  *  *  *  *  *  *  *  *  *  .\10
          11\.  .  .  .  W  .  .  .  .  b  B\11
              a  b  c  d  e  f  g  h  i  j  k  
f2287 info: Old: [black, f8] [white, swap-pieces] [white, c1] [black, c5] [white, i1] [black, c4] [white, c7] [black, b8] [white, a9] [black, k11] [white, e11] [black, j7] [white, f5] [black, d6] [white, a7] [black, k8] [white, h7] [black, a6] [white, d5] 
f2287 info: New: [black, f8] [white, swap-pieces] [white, c1] [black, c5] [white, i1] [black, c4] [white, c7] [black, b8] [white, a9] [black, k11] [white, e11] [black, j7] [white, f5] [black, d6] [white, a7] [black, k8] [white, h7] [black, a6] [white, d5] [black, e5] [white, i6] 
f2287 info: MovesPlayed: [black, e5] [white, i6] 
f2287 info: No subtree to reuse.
f2287 info: StartSearch()[0]
SgUctSearch: max games reached
f2287 info: 
Elapsed Time   0.371587s
Count          1
GamesPlayed    1
Nodes          1
Knowledge      0 (0.0%)
Expansions     0.0
Time           0.00
GameLen        99.0 dev=0.0 min=99.0 max=99.0
InTree         0.0 dev=0.0 min=0.0 max=0.0
KnowDepth      -
Aborted        0%
Games/s        2427.2
Score          1.00
Sequence      
f2287 info: 
f2287 warning: **** MoHexSearch returned empty sequence!
f2287 warning: **** Returning random move!
<= 
< 
<  6371682c5d64e38b
<  a  b  c  d  e  f  g  h  i  j  k  
< 1\.  .  W  .  .  .  .  .  W  .  .\1
<  2\.  .  .  .  .  .  .  .  .  .  .\2
<   3\.  .  .  .  .  .  .  .  .  .  .\3
<    4\.  .  B  .  .  .  .  .  .  .  .\4
<     5\.  .  B  W  B  W  .  .  .  .  .\5
<      6\B  .  .  B  .  .  .  .  W  .  .\6
<       7\W  .  W  .  .  .  .  W  .  B  .\7
<        8\.  B  .  .  .  B  .  .  .  .  B\8
<         9\W  B  .  .  .  .  .  .  .  .  .\9
<         10\.  .  .  .  .  .  .  .  .  .  .\10
<          11\.  .  .  .  W  .  .  .  .  .  B\11
<              a  b  c  d  e  f  g  h  i  j  k  
<
>play w g11
<= 
<
>showboard
<= 
< 
<  e627392abbb12e99
<  a  b  c  d  e  f  g  h  i  j  k  
< 1\.  .  W  .  .  .  .  .  W  .  .\1
<  2\.  .  .  .  .  .  .  .  .  .  .\2
<   3\.  .  .  .  .  .  .  .  .  .  .\3
<    4\.  .  B  .  .  .  .  .  .  .  .\4
<     5\.  .  B  W  B  W  .  .  .  .  .\5
<      6\B  .  .  B  .  .  .  .  W  .  .\6
<       7\W  .  W  .  .  .  .  W  .  B  .\7
<        8\.  B  .  .  .  B  .  .  .  .  B\8
<         9\W  B  .  .  .  .  .  .  .  .  .\9
<         10\.  .  .  .  .  .  .  .  .  .  .\10
<          11\.  .  .  .  W  .  W  .  .  .  B\11
<              a  b  c  d  e  f  g  h  i  j  k  
<
>genmove b
<= j8
<
>showboard
f2287 info: Best move cannot be determined, must search state.
f2287 info: --- MoHexPlayer::Search() ---
f2287 info: Color: black
f2287 info: MaxGames: 1
f2287 info: NumberThreads: 1
f2287 info: MaxNodes: 9090 (799920 bytes)
f2287 info: TimeForMove: 1
f2287 info: PreSearch: max time reached (39/68).
f2287 info: Time for PreSearch: 0.200966s
f2287 info: 
  e627392abbb12e99
  a  b  c  d  e  f  g  h  i  j  k  
 1\.  .  W  .  .  .  .  .  W  .  .\1
  2\*  .  *  *  *  *  *  *  *  *  *\2
   3\.  *  *  *  *  *  *  *  *  *  *\3
    4\*  *  B  *  *  *  *  *  *  *  .\4
     5\.  .  B  W  B  W  *  *  *  .  *\5
      6\B  .  *  B  *  *  *  *  W  .  .\6
       7\W  *  W  *  *  *  *  W  .  B  .\7
        8\b  B  *  *  *  B  *  *  *  .  B\8
         9\W  B  *  *  *  *  *  *  *  *  *\9
         10\.  *  *  *  *  *  *  *  *  *  .\10
          11\.  .  .  .  W  *  W  .  .  b  B\11
              a  b  c  d  e  f  g  h  i  j  k  
f2287 info: Old: [black, f8] [white, swap-pieces] [white, c1] [black, c5] [white, i1] [black, c4] [white, c7] [black, b8] [white, a9] [black, k11] [white, e11] [black, j7] [white, f5] [black, d6] [white, a7] [black, k8] [white, h7] [black, a6] [white, d5] [black, e5] [white, i6] 
f2287 info: New: [black, f8] [white, swap-pieces] [white, c1] [black, c5] [white, i1] [black, c4] [white, c7] [black, b8] [white, a9] [black, k11] [white, e11] [black, j7] [white, f5] [black, d6] [white, a7] [black, k8] [white, h7] [black, a6] [white, d5] [black, e5] [white, i6] [black, b9] [white, g11] 
f2287 info: MovesPlayed: [black, b9] [white, g11] 
f2287 info: No subtree to reuse.
f2287 info: StartSearch()[0]
SgUctSearch: max games reached
f2287 info: 
Elapsed Time   0.362332s
Count          1
GamesPlayed    1
Nodes          1
Knowledge      0 (0.0%)
Expansions     0.0
Time           0.00
GameLen        97.0 dev=0.0 min=97.0 max=97.0
InTree         0.0 dev=0.0 min=0.0 max=0.0
KnowDepth      -
Aborted        0%
Games/s        2481.4
Score          0.00
Sequence      
f2287 info: 
f2287 warning: **** MoHexSearch returned empty sequence!
f2287 warning: **** Returning random move!
<= 
< 
<  e14d6ad109264a9a
<  a  b  c  d  e  f  g  h  i  j  k  
< 1\.  .  W  .  .  .  .  .  W  .  .\1
<  2\.  .  .  .  .  .  .  .  .  .  .\2
<   3\.  .  .  .  .  .  .  .  .  .  .\3
<    4\.  .  B  .  .  .  .  .  .  .  .\4
<     5\.  .  B  W  B  W  .  .  .  .  .\5
<      6\B  .  .  B  .  .  .  .  W  .  .\6
<       7\W  .  W  .  .  .  .  W  .  B  .\7
<        8\.  B  .  .  .  B  .  .  .  B  B\8
<         9\W  B  .  .  .  .  .  .  .  .  .\9
<         10\.  .  .  .  .  .  .  .  .  .  .\10
<          11\.  .  .  .  W  .  W  .  .  .  B\11
<              a  b  c  d  e  f  g  h  i  j  k  
<
>play w e1
<= 
<
>showboard
<= 
< 
<  3beec37c49b45430
<  a  b  c  d  e  f  g  h  i  j  k  
< 1\.  .  W  .  W  .  .  .  W  .  .\1
<  2\.  .  .  .  .  .  .  .  .  .  .\2
<   3\.  .  .  .  .  .  .  .  .  .  .\3
<    4\.  .  B  .  .  .  .  .  .  .  .\4
<     5\.  .  B  W  B  W  .  .  .  .  .\5
<      6\B  .  .  B  .  .  .  .  W  .  .\6
<       7\W  .  W  .  .  .  .  W  .  B  .\7
<        8\.  B  .  .  .  B  .  .  .  B  B\8
<         9\W  B  .  .  .  .  .  .  .  .  .\9
<         10\.  .  .  .  .  .  .  .  .  .  .\10
<          11\.  .  .  .  W  .  W  .  .  .  B\11
<              a  b  c  d  e  f  g  h  i  j  k  
<
>genmove b
<= i4
<
>showboard
f2287 info: Best move cannot be determined, must search state.
f2287 info: --- MoHexPlayer::Search() ---
f2287 info: Color: black
f2287 info: MaxGames: 1
f2287 info: NumberThreads: 1
f2287 info: MaxNodes: 9090 (799920 bytes)
f2287 info: TimeForMove: 1
f2287 info: PreSearch: max time reached (53/66).
f2287 info: Time for PreSearch: 0.203566s
f2287 info: 
  3beec37c49b45430
  a  b  c  d  e  f  g  h  i  j  k  
 1\.  .  W  *  W  .  .  .  W  .  .\1
  2\*  .  *  *  *  *  *  *  *  *  *\2
   3\.  *  *  *  *  *  *  *  *  *  *\3
    4\*  *  B  *  *  *  *  *  *  *  .\4
     5\.  .  B  W  B  W  *  *  *  .  *\5
      6\B  .  *  B  *  *  *  *  W  .  .\6
       7\W  *  W  *  *  *  *  W  .  B  b\7
        8\b  B  *  *  *  B  *  *  .  B  B\8
         9\W  B  *  *  *  *  *  *  *  .  .\9
         10\.  *  *  *  *  *  *  *  *  *  .\10
          11\.  .  .  .  W  *  W  .  .  b  B\11
              a  b  c  d  e  f  g  h  i  j  k  
f2287 info: Old: [black, f8] [white, swap-pieces] [white, c1] [black, c5] [white, i1] [black, c4] [white, c7] [black, b8] [white, a9] [black, k11] [white, e11] [black, j7] [white, f5] [black, d6] [white, a7] [black, k8] [white, h7] [black, a6] [white, d5] [black, e5] [white, i6] [black, b9] [white, g11] 
f2287 info: New: [black, f8] [white, swap-pieces] [white, c1] [black, c5] [white, i1] [black, c4] [white, c7] [black, b8] [white, a9] [black, k11] [white, e11] [black, j7] [white, f5] [black, d6] [white, a7] [black, k8] [white, h7] [black, a6] [white, d5] [black, e5] [white, i6] [black, b9] [white, g11] [black, j8] [white, e1] 
f2287 info: MovesPlayed: [black, j8] [white, e1] 
f2287 info: No subtree to reuse.
f2287 info: StartSearch()[0]
SgUctSearch: max games reached
f2287 info: 
Elapsed Time   0.361114s
Count          1
GamesPlayed    1
Nodes          1
Knowledge      0 (0.0%)
Expansions     0.0
Time           0.00
GameLen        94.0 dev=0.0 min=94.0 max=94.0
InTree         0.0 dev=0.0 min=0.0 max=0.0
KnowDepth      -
Aborted        0%
Games/s        2475.2
Score          0.00
Sequence      
f2287 info: 
f2287 warning: **** MoHexSearch returned empty sequence!
f2287 warning: **** Returning random move!
<= 
< 
<  6d38d6874c4fc0ad
<  a  b  c  d  e  f  g  h  i  j  k  
< 1\.  .  W  .  W  .  .  .  W  .  .\1
<  2\.  .  .  .  .  .  .  .  .  .  .\2
<   3\.  .  .  .  .  .  .  .  .  .  .\3
<    4\.  .  B  .  .  .  .  .  B  .  .\4
<     5\.  .  B  W  B  W  .  .  .  .  .\5
<      6\B  .  .  B  .  .  .  .  W  .  .\6
<       7\W  .  W  .  .  .  .  W  .  B  .\7
<        8\.  B  .  .  .  B  .  .  .  B  B\8
<         9\W  B  .  .  .  .  .  .  .  .  .\9
<         10\.  .  .  .  .  .  .  .  .  .  .\10
<          11\.  .  .  .  W  .  W  .  .  .  B\11
<              a  b  c  d  e  f  g  h  i  j  k  
<
>play w g4
<= 
<
>showboard
<= 
< 
<  1fac5d699cc2655a
<  a  b  c  d  e  f  g  h  i  j  k  
< 1\.  .  W  .  W  .  .  .  W  .  .\1
<  2\.  .  .  .  .  .  .  .  .  .  .\2
<   3\.  .  .  .  .  .  .  .  .  .  .\3
<    4\.  .  B  .  .  .  W  .  B  .  .\4
<     5\.  .  B  W  B  W  .  .  .  .  .\5
<      6\B  .  .  B  .  .  .  .  W  .  .\6
<       7\W  .  W  .  .  .  .  W  .  B  .\7
<        8\.  B  .  .  .  B  .  .  .  B  B\8
<         9\W  B  .  .  .  .  .  .  .  .  .\9
<         10\.  .  .  .  .  .  .  .  .  .  .\10
<          11\.  .  .  .  W  .  W  .  .  .  B\11
<              a  b  c  d  e  f  g  h  i  j  k  
<
>genmove b
<= h11
<
>showboard
f2287 info: Best move cannot be determined, must search state.
f2287 info: --- MoHexPlayer::Search() ---
f2287 info: Color: black
f2287 info: MaxGames: 1
f2287 info: NumberThreads: 1
f2287 info: MaxNodes: 9090 (799920 bytes)
f2287 info: TimeForMove: 1
f2287 info: PreSearch: max time reached (54/64).
f2287 info: Time for PreSearch: 0.202761s
f2287 info: 
  1fac5d699cc2655a
  a  b  c  d  e  f  g  h  i  j  k  
 1\.  .  W  *  W  .  .  .  W  .  .\1
  2\*  .  *  *  *  *  *  *  *  *  *\2
   3\.  *  *  *  *  *  *  *  *  *  *\3
    4\*  *  B  *  *  *  W  *  B  *  .\4
     5\.  .  B  W  B  W  *  *  *  .  *\5
      6\B  .  *  B  *  *  *  *  W  .  .\6
       7\W  *  W  *  *  *  *  W  .  B  b\7
        8\b  B  *  *  *  B  *  *  .  B  B\8
         9\W  B  *  *  *  *  *  *  *  .  .\9
         10\.  *  *  *  *  *  *  *  *  *  .\10
          11\.  .  .  .  W  *  W  .  .  b  B\11
              a  b  c  d  e  f  g  h  i  j  k  
f2287 info: Old: [black, f8] [white, swap-pieces] [white, c1] [black, c5] [white, i1] [black, c4] [white, c7] [black, b8] [white, a9] [black, k11] [white, e11] [black, j7] [white, f5] [black, d6] [white, a7] [black, k8] [white, h7] [black, a6] [white, d5] [black, e5] [white, i6] [black, b9] [white, g11] [black, j8] [white, e1] 
f2287 info: New: [black, f8] [white, swap-pieces] [white, c1] [black, c5] [white, i1] [black, c4] [white, c7] [black, b8] [white, a9] [black, k11] [white, e11] [black, j7] [white, f5] [black, d6] [white, a7] [black, k8] [white, h7] [black, a6] [white, d5] [black, e5] [white, i6] [black, b9] [white, g11] [black, j8] [white, e1] [black, i4] [white, g4] 
f2287 info: MovesPlayed: [black, i4] [white, g4] 
f2287 info: No subtree to reuse.
f2287 info: StartSearch()[0]
SgUctSearch: max games reached
f2287 info: 
Elapsed Time   0.55863s
Count          1
GamesPlayed    1
Nodes          1
Knowledge      0 (0.0%)
Expansions     0.0
Time           0.00
GameLen        92.0 dev=0.0 min=92.0 max=92.0
InTree         0.0 dev=0.0 min=0.0 max=0.0
KnowDepth      -
Aborted        0%
Games/s        3424.7
Score          0.00
Sequence      
f2287 info: 
f2287 warning: **** MoHexSearch returned empty sequence!
f2287 warning: **** Returning random move!
<= 
< 
<  eb8870223694fd5b
<  a  b  c  d  e  f  g  h  i  j  k  
< 1\.  .  W  .  W  .  .  .  W  .  .\1
<  2\.  .  .  .  .  .  .  .  .  .  .\2
<   3\.  .  .  .  .  .  .  .  .  .  .\3
<    4\.  .  B  .  .  .  W  .  B  .  .\4
<     5\.  .  B  W  B  W  .  .  .  .  .\5
<      6\B  .  .  B  .  .  .  .  W  .  .\6
<       7\W  .  W  .  .  .  .  W  .  B  .\7
<        8\.  B  .  .  .  B  .  .  .  B  B\8
<         9\W  B  .  .  .  .  .  .  .  .  .\9
<         10\.  .  .  .  .  .  .  .  .  .  .\10
<          11\.  .  .  .  W  .  W  B  .  .  B\11
<              a  b  c  d  e  f  g  h  i  j  k  
<
>play w f10
<= 
<
>showboard
<= 
< 
<  55508ab918dd59de
<  a  b  c  d  e  f  g  h  i  j  k  
< 1\.  .  W  .  W  .  .  .  W  .  .\1
<  2\.  .  .  .  .  .  .  .  .  .  .\2
<   3\.  .  .  .  .  .  .  .  .  .  .\3
<    4\.  .  B  .  .  .  W  .  B  .  .\4
<     5\.  .  B  W  B  W  .  .  .  .  .\5
<      6\B  .  .  B  .  .  .  .  W  .  .\6
<       7\W  .  W  .  .  .  .  W  .  B  .\7
<        8\.  B  .  .  .  B  .  .  .  B  B\8
<         9\W  B  .  .  .  .  .  .  .  .  .\9
<         10\.  .  .  .  .  W  .  .  .  .  .\10
<          11\.  .  .  .  W  .  W  B  .  .  B\11
<              a  b  c  d  e  f  g  h  i  j  k  
<
>genmove b
<= e9
<
>showboard
f2287 info: Best move cannot be determined, must search state.
f2287 info: --- MoHexPlayer::Search() ---
f2287 info: Color: black
f2287 info: MaxGames: 1
f2287 info: NumberThreads: 1
f2287 info: MaxNodes: 9090 (799920 bytes)
f2287 info: TimeForMove: 1
f2287 info: PreSearch: max time reached (52/61).
f2287 info: Time for PreSearch: 0.200818s
f2287 info: 
  55508ab918dd59de
  a  b  c  d  e  f  g  h  i  j  k  
 1\.  .  W  *  W  .  .  .  W  .  .\1
  2\*  .  *  *  *  *  *  *  *  *  *\2
   3\.  *  *  *  *  *  *  *  *  *  *\3
    4\*  *  B  *  *  *  W  *  B  *  .\4
     5\.  .  B  W  B  W  *  *  *  .  *\5
      6\B  .  *  B  *  *  *  *  W  .  .\6
       7\W  *  W  *  *  *  *  W  .  B  b\7
        8\b  B  *  *  *  B  *  *  .  B  B\8
         9\W  B  *  *  *  *  *  *  .  *  *\9
         10\.  *  *  *  *  W  *  *  .  .  .\10
          11\.  .  .  .  W  .  W  B  b  b  B\11
              a  b  c  d  e  f  g  h  i  j  k  
f2287 info: Old: [black, f8] [white, swap-pieces] [white, c1] [black, c5] [white, i1] [black, c4] [white, c7] [black, b8] [white, a9] [black, k11] [white, e11] [black, j7] [white, f5] [black, d6] [white, a7] [black, k8] [white, h7] [black, a6] [white, d5] [black, e5] [white, i6] [black, b9] [white, g11] [black, j8] [white, e1] [black, i4] [white, g4] 
f2287 info: New: [black, f8] [white, swap-pieces] [white, c1] [black, c5] [white, i1] [black, c4] [white, c7] [black, b8] [white, a9] [black, k11] [white, e11] [black, j7] [white, f5] [black, d6] [white, a7] [black, k8] [white, h7] [black, a6] [white, d5] [black, e5] [white, i6] [black, b9] [white, g11] [black, j8] [white, e1] [black, i4] [white, g4] [black, h11] [white, f10] 
f2287 info: MovesPlayed: [black, h11] [white, f10] 
f2287 info: No subtree to reuse.
f2287 info: StartSearch()[0]
SgUctSearch: max games reached
f2287 info: 
Elapsed Time   0.36573s
Count          1
GamesPlayed    1
Nodes          1
Knowledge      0 (0.0%)
Expansions     0.0
Time           0.00
GameLen        89.0 dev=0.0 min=89.0 max=89.0
InTree         0.0 dev=0.0 min=0.0 max=0.0
KnowDepth      -
Aborted        0%
Games/s        2584.0
Score          0.00
Sequence      
f2287 info: 
f2287 warning: **** MoHexSearch returned empty sequence!
f2287 warning: **** Returning random move!
<= 
< 
<  af47a7d5ab3344d8
<  a  b  c  d  e  f  g  h  i  j  k  
< 1\.  .  W  .  W  .  .  .  W  .  .\1
<  2\.  .  .  .  .  .  .  .  .  .  .\2
<   3\.  .  .  .  .  .  .  .  .  .  .\3
<    4\.  .  B  .  .  .  W  .  B  .  .\4
<     5\.  .  B  W  B  W  .  .  .  .  .\5
<      6\B  .  .  B  .  .  .  .  W  .  .\6
<       7\W  .  W  .  .  .  .  W  .  B  .\7
<        8\.  B  .  .  .  B  .  .  .  B  B\8
<         9\W  B  .  .  B  .  .  .  .  .  .\9
<         10\.  .  .  .  .  W  .  .  .  .  .\10
<          11\.  .  .  .  W  .  W  B  .  .  B\11
<              a  b  c  d  e  f  g  h  i  j  k  
<
>play w d4
<= 
<
>showboard
<= 
< 
<  9df8fe2830869c8b
<  a  b  c  d  e  f  g  h  i  j  k  
< 1\.  .  W  .  W  .  .  .  W  .  .\1
<  2\.  .  .  .  .  .  .  .  .  .  .\2
<   3\.  .  .  .  .  .  .  .  .  .  .\3
<    4\.  .  B  W  .  .  W  .  B  .  .\4
<     5\.  .  B  W  B  W  .  .  .  .  .\5
<      6\B  .  .  B  .  .  .  .  W  .  .\6
<       7\W  .  W  .  .  .  .  W  .  B  .\7
<        8\.  B  .  .  .  B  .  .  .  B  B\8
<         9\W  B  .  .  B  .  .  .  .  .  .\9
<         10\.  .  .  .  .  W  .  .  .  .  .\10
<          11\.  .  .  .  W  .  W  B  .  .  B\11
<              a  b  c  d  e  f  g  h  i  j  k  
<
>genmove b
<= b11
<
>showboard
f2287 info: Best move cannot be determined, must search state.
f2287 info: --- MoHexPlayer::Search() ---
f2287 info: Color: black
f2287 info: MaxGames: 1
f2287 info: NumberThreads: 1
f2287 info: MaxNodes: 9090 (799920 bytes)
f2287 info: TimeForMove: 1
f2287 info: Time for PreSearch: 0.121012s
f2287 info: 
  9df8fe2830869c8b
  a  b  c  d  e  f  g  h  i  j  k  
 1\.  .  W  *  W  .  .  .  W  .  .\1
  2\*  .  *  *  *  .  *  *  *  *  *\2
   3\.  *  *  *  *  *  *  *  *  *  *\3
    4\*  *  B  W  .  .  W  *  B  *  .\4
     5\.  .  B  W  B  W  *  *  *  .  *\5
      6\B  .  *  B  .  *  *  *  W  .  .\6
       7\W  *  W  .  .  .  *  W  .  B  b\7
        8\b  B  .  .  .  B  .  .  .  B  B\8
         9\W  B  .  .  B  .  .  .  .  .  .\9
         10\.  .  .  .  .  W  .  .  .  .  .\10
          11\.  .  .  .  W  .  W  B  b  b  B\11
              a  b  c  d  e  f  g  h  i  j  k  
f2287 info: Old: [black, f8] [white, swap-pieces] [white, c1] [black, c5] [white, i1] [black, c4] [white, c7] [black, b8] [white, a9] [black, k11] [white, e11] [black, j7] [white, f5] [black, d6] [white, a7] [black, k8] [white, h7] [black, a6] [white, d5] [black, e5] [white, i6] [black, b9] [white, g11] [black, j8] [white, e1] [black, i4] [white, g4] [black, h11] [white, f10] 
f2287 info: New: [black, f8] [white, swap-pieces] [white, c1] [black, c5] [white, i1] [black, c4] [white, c7] [black, b8] [white, a9] [black, k11] [white, e11] [black, j7] [white, f5] [black, d6] [white, a7] [black, k8] [white, h7] [black, a6] [white, d5] [black, e5] [white, i6] [black, b9] [white, g11] [black, j8] [white, e1] [black, i4] [white, g4] [black, h11] [white, f10] [black, e9] [white, d4] 
f2287 info: MovesPlayed: [black, e9] [white, d4] 
f2287 info: No subtree to reuse.
f2287 info: StartSearch()[0]
SgUctSearch: max games reached
f2287 info: 
Elapsed Time   0.287974s
Count          1
GamesPlayed    1
Nodes          1
Knowledge      0 (0.0%)
Expansions     0.0
Time           0.00
GameLen        87.0 dev=0.0 min=87.0 max=87.0
InTree         0.0 dev=0.0 min=0.0 max=0.0
KnowDepth      -
Aborted        0%
Games/s        2994.0
Score          0.00
Sequence      
f2287 info: 
f2287 warning: **** MoHexSearch returned empty sequence!
f2287 warning: **** Returning random move!
<= 
< 
<  934534ca7b84c9a4
<  a  b  c  d  e  f  g  h  i  j  k  
< 1\.  .  W  .  W  .  .  .  W  .  .\1
<  2\.  .  .  .  .  .  .  .  .  .  .\2
<   3\.  .  .  .  .  .  .  .  .  .  .\3
<    4\.  .  B  W  .  .  W  .  B  .  .\4
<     5\.  .  B  W  B  W  .  .  .  .  .\5
<      6\B  .  .  B  .  .  .  .  W  .  .\6
<       7\W  .  W  .  .  .  .  W  .  B  .\7
<        8\.  B  .  .  .  B  .  .  .  B  B\8
<         9\W  B  .  .  B  .  .  .  .  .  .\9
<         10\.  .  .  .  .  W  .  .  .  .  .\10
<          11\.  B  .  .  W  .  W  B  .  .  B\11
<              a  b  c  d  e  f  g  h  i  j  k  
<
>play w f3
<= 
<
>showboard
<= 
< 
<  d79ac2f088640109
<  a  b  c  d  e  f  g  h  i  j  k  
< 1\.  .  W  .  W  .  .  .  W  .  .\1
<  2\.  .  .  .  .  .  .  .  .  .  .\2
<   3\.  .  .  .  .  W  .  .  .  .  .\3
<    4\.  .  B  W  .  .  W  .  B  .  .\4
<     5\.  .  B  W  B  W  .  .  .  .  .\5
<      6\B  .  .  B  .  .  .  .  W  .  .\6
<       7\W  .  W  .  .  .  .  W  .  B  .\7
<        8\.  B  .  .  .  B  .  .  .  B  B\8
<         9\W  B  .  .  B  .  .  .  .  .  .\9
<         10\.  .  .  .  .  W  .  .  .  .  .\10
<          11\.  B  .  .  W  .  W  B  .  .  B\11
<              a  b  c  d  e  f  g  h  i  j  k  
<
>genmove b
<= e3
<
>showboard
f2287 info: Opponent has won; playing most blocking move.
<= 
< 
<  68be335708cca02c
<  a  b  c  d  e  f  g  h  i  j  k  
< 1\.  .  W  .  W  .  .  .  W  .  .\1
<  2\.  .  .  .  .  .  .  .  .  .  .\2
<   3\.  .  .  .  B  W  .  .  .  .  .\3
<    4\.  .  B  W  .  .  W  .  B  .  .\4
<     5\.  .  B  W  B  W  .  .  .  .  .\5
<      6\B  .  .  B  .  .  .  .  W  .  .\6
<       7\W  .  W  .  .  .  .  W  .  B  .\7
<        8\.  B  .  .  .  B  .  .  .  B  B\8
<         9\W  B  .  .  B  .  .  .  .  .  .\9
<         10\.  .  .  .  .  W  .  .  .  .  .\10
<          11\.  B  .  .  W  .  W  B  .  .  B\11
<              a  b  c  d  e  f  g  h  i  j  k  
<
>play w e4
<= 
<
>showboard
<= 
< 
<  219a8413d4ad9def
<  a  b  c  d  e  f  g  h  i  j  k  
< 1\.  .  W  .  W  .  .  .  W  .  .\1
<  2\.  .  .  .  .  .  .  .  .  .  .\2
<   3\.  .  .  .  B  W  .  .  .  .  .\3
<    4\.  .  B  W  W  .  W  .  B  .  .\4
<     5\.  .  B  W  B  W  .  .  .  .  .\5
<      6\B  .  .  B  .  .  .  .  W  .  .\6
<       7\W  .  W  .  .  .  .  W  .  B  .\7
<        8\.  B  .  .  .  B  .  .  .  B  B\8
<         9\W  B  .  .  B  .  .  .  .  .  .\9
<         10\.  .  .  .  .  W  .  .  .  .  .\10
<          11\.  B  .  .  W  .  W  B  .  .  B\11
<              a  b  c  d  e  f  g  h  i  j  k  
<
>genmove b
<= g3
<
>showboard
f2287 info: Opponent has won; playing most blocking move.
<= 
< 
<  92cca6a9b1fbcb99
<  a  b  c  d  e  f  g  h  i  j  k  
< 1\.  .  W  .  W  .  .  .  W  .  .\1
<  2\.  .  .  .  .  .  .  .  .  .  .\2
<   3\.  .  .  .  B  W  B  .  .  .  .\3
<    4\.  .  B  W  W  .  W  .  B  .  .\4
<     5\.  .  B  W  B  W  .  .  .  .  .\5
<      6\B  .  .  B  .  .  .  .  W  .  .\6
<       7\W  .  W  .  .  .  .  W  .  B  .\7
<        8\.  B  .  .  .  B  .  .  .  B  B\8
<         9\W  B  .  .  B  .  .  .  .  .  .\9
<         10\.  .  .  .  .  W  .  .  .  .  .\10
<          11\.  B  .  .  W  .  W  B  .  .  B\11
<              a  b  c  d  e  f  g  h  i  j  k  
<
>play w f4
<= 
<
>showboard
<= 
< 
<  9effbfef8b38e73a
<  a  b  c  d  e  f  g  h  i  j  k  
< 1\.  .  W  .  W  .  .  .  W  .  .\1
<  2\.  .  .  .  .  .  .  .  .  .  .\2
<   3\.  .  .  .  B  W  B  .  .  .  .\3
<    4\.  .  B  W  W  W  W  .  B  .  .\4
<     5\.  .  B  W  B  W  .  .  .  .  .\5
<      6\B  .  .  B  .  .  .  .  W  .  .\6
<       7\W  .  W  .  .  .  .  W  .  B  .\7
<        8\.  B  .  .  .  B  .  .  .  B  B\8
<         9\W  B  .  .  B  .  .  .  .  .  .\9
<         10\.  .  .  .  .  W  .  .  .  .  .\10
<          11\.  B  .  .  W  .  W  B  .  .  B\11
<              a  b  c  d  e  f  g  h  i  j  k  
<
>genmove b
<= j4
<
>showboard
f2287 info: Opponent has won; playing most blocking move.
<= 
< 
<  10b0c61dde3e8bdc
<  a  b  c  d  e  f  g  h  i  j  k  
< 1\.  .  W  .  W  .  .  .  W  .  .\1
<  2\.  .  .  .  .  .  .  .  .  .  .\2
<   3\.  .  .  .  B  W  B  .  .  .  .\3
<    4\.  .  B  W  W  W  W  .  B  B  .\4
<     5\.  .  B  W  B  W  .  .  .  .  .\5
<      6\B  .  .  B  .  .  .  .  W  .  .\6
<       7\W  .  W  .  .  .  .  W  .  B  .\7
<        8\.  B  .  .  .  B  .  .  .  B  B\8
<         9\W  B  .  .  B  .  .  .  .  .  .\9
<         10\.  .  .  .  .  W  .  .  .  .  .\10
<          11\.  B  .  .  W  .  W  B  .  .  B\11
<              a  b  c  d  e  f  g  h  i  j  k  
<
>play w j2
<= 
<
>showboard
<= 
< 
<  a2d65824748c4e9a
<  a  b  c  d  e  f  g  h  i  j  k  
< 1\.  .  W  .  W  .  .  .  W  .  .\1
<  2\.  .  .  .  .  .  .  .  .  W  .\2
<   3\.  .  .  .  B  W  B  .  .  .  .\3
<    4\.  .  B  W  W  W  W  .  B  B  .\4
<     5\.  .  B  W  B  W  .  .  .  .  .\5
<      6\B  .  .  B  .  .  .  .  W  .  .\6
<       7\W  .  W  .  .  .  .  W  .  B  .\7
<        8\.  B  .  .  .  B  .  .  .  B  B\8
<         9\W  B  .  .  B  .  .  .  .  .  .\9
<         10\.  .  .  .  .  W  .  .  .  .  .\10
<          11\.  B  .  .  W  .  W  B  .  .  B\11
<              a  b  c  d  e  f  g  h  i  j  k  
<
>genmove b
<= i2
<
>showboard
f2287 info: Opponent has won; playing most blocking move.
<= 
< 
<  12890398300d59c8
<  a  b  c  d  e  f  g  h  i  j  k  
< 1\.  .  W  .  W  .  .  .  W  .  .\1
<  2\.  .  .  .  .  .  .  .  B  W  .\2
<   3\.  .  .  .  B  W  B  .  .  .  .\3
<    4\.  .  B  W  W  W  W  .  B  B  .\4
<     5\.  .  B  W  B  W  .  .  .  .  .\5
<      6\B  .  .  B  .  .  .  .  W  .  .\6
<       7\W  .  W  .  .  .  .  W  .  B  .\7
<        8\.  B  .  .  .  B  .  .  .  B  B\8
<         9\W  B  .  .  B  .  .  .  .  .  .\9
<         10\.  .  .  .  .  W  .  .  .  .  .\10
<          11\.  B  .  .  W  .  W  B  .  .  B\11
<              a  b  c  d  e  f  g  h  i  j  k  
<
>play w i3
<= 
<
>showboard
<= 
< 
<  d7f100e21e5efc2b
<  a  b  c  d  e  f  g  h  i  j  k  
< 1\.  .  W  .  W  .  .  .  W  .  .\1
<  2\.  .  .  .  .  .  .  .  B  W  .\2
<   3\.  .  .  .  B  W  B  .  W  .  .\3
<    4\.  .  B  W  W  W  W  .  B  B  .\4
<     5\.  .  B  W  B  W  .  .  .  .  .\5
<      6\B  .  .  B  .  .  .  .  W  .  .\6
<       7\W  .  W  .  .  .  .  W  .  B  .\7
<        8\.  B  .  .  .  B  .  .  .  B  B\8
<         9\W  B  .  .  B  .  .  .  .  .  .\9
<         10\.  .  .  .  .  W  .  .  .  .  .\10
<          11\.  B  .  .  W  .  W  B  .  .  B\11
<              a  b  c  d  e  f  g  h  i  j  k  
<
>genmove b
<= h4
<
>showboard
f2287 info: Opponent has won; playing most blocking move.
<= 
< 
<  5e4890c4636cc0fa
<  a  b  c  d  e  f  g  h  i  j  k  
< 1\.  .  W  .  W  .  .  .  W  .  .\1
<  2\.  .  .  .  .  .  .  .  B  W  .\2
<   3\.  .  .  .  B  W  B  .  W  .  .\3
<    4\.  .  B  W  W  W  W  B  B  B  .\4
<     5\.  .  B  W  B  W  .  .  .  .  .\5
<      6\B  .  .  B  .  .  .  .  W  .  .\6
<       7\W  .  W  .  .  .  .  W  .  B  .\7
<        8\.  B  .  .  .  B  .  .  .  B  B\8
<         9\W  B  .  .  B  .  .  .  .  .  .\9
<         10\.  .  .  .  .  W  .  .  .  .  .\10
<          11\.  B  .  .  W  .  W  B  .  .  B\11
<              a  b  c  d  e  f  g  h  i  j  k  
<
>play w h3
<= 
<
>showboard
<= 
< 
<  f3de4710b3228ace
<  a  b  c  d  e  f  g  h  i  j  k  
< 1\.  .  W  .  W  .  .  .  W  .  .\1
<  2\.  .  .  .  .  .  .  .  B  W  .\2
<   3\.  .  .  .  B  W  B  W  W  .  .\3
<    4\.  .  B  W  W  W  W  B  B  B  .\4
<     5\.  .  B  W  B  W  .  .  .  .  .\5
<      6\B  .  .  B  .  .  .  .  W  .  .\6
<       7\W  .  W  .  .  .  .  W  .  B  .\7
<        8\.  B  .  .  .  B  .  .  .  B  B\8
<         9\W  B  .  .  B  .  .  .  .  .  .\9
<         10\.  .  .  .  .  W  .  .  .  .  .\10
<          11\.  B  .  .  W  .  W  B  .  .  B\11
<              a  b  c  d  e  f  g  h  i  j  k  
<
>genmove b
<= d1
<
>showboard
f2287 info: Opponent has won; playing most blocking move.
<= 
< 
<  1a349017dd2ae45e
<  a  b  c  d  e  f  g  h  i  j  k  
< 1\.  .  W  B  W  .  .  .  W  .  .\1
<  2\.  .  .  .  .  .  .  .  B  W  .\2
<   3\.  .  .  .  B  W  B  W  W  .  .\3
<    4\.  .  B  W  W  W  W  B  B  B  .\4
<     5\.  .  B  W  B  W  .  .  .  .  .\5
<      6\B  .  .  B  .  .  .  .  W  .  .\6
<       7\W  .  W  .  .  .  .  W  .  B  .\7
<        8\.  B  .  .  .  B  .  .  .  B  B\8
<         9\W  B  .  .  B  .  .  .  .  .  .\9
<         10\.  .  .  .  .  W  .  .  .  .  .\10
<          11\.  B  .  .  W  .  W  B  .  .  B\11
<              a  b  c  d  e  f  g  h  i  j  k  
<
>play w c6
<= 
<
>showboard
<= 
< 
<  5f76752e34f8bf1e
<  a  b  c  d  e  f  g  h  i  j  k  
< 1\.  .  W  B  W  .  .  .  W  .  .\1
<  2\.  .  .  .  .  .  .  .  B  W  .\2
<   3\.  .  .  .  B  W  B  W  W  .  .\3
<    4\.  .  B  W  W  W  W  B  B  B  .\4
<     5\.  .  B  W  B  W  .  .  .  .  .\5
<      6\B  .  W  B  .  .  .  .  W  .  .\6
<       7\W  .  W  .  .  .  .  W  .  B  .\7
<        8\.  B  .  .  .  B  .  .  .  B  B\8
<         9\W  B  .  .  B  .  .  .  .  .  .\9
<         10\.  .  .  .  .  W  .  .  .  .  .\10
<          11\.  B  .  .  W  .  W  B  .  .  B\11
<              a  b  c  d  e  f  g  h  i  j  k  
<
>genmove b
<= b6
<
>showboard
f2287 info: Opponent has won; playing most blocking move.
<= 
< 
<  1980e33877113585
<  a  b  c  d  e  f  g  h  i  j  k  
< 1\.  .  W  B  W  .  .  .  W  .  .\1
<  2\.  .  .  .  .  .  .  .  B  W  .\2
<   3\.  .  .  .  B  W  B  W  W  .  .\3
<    4\.  .  B  W  W  W  W  B  B  B  .\4
<     5\.  .  B  W  B  W  .  .  .  .  .\5
<      6\B  B  W  B  .  .  .  .  W  .  .\6
<       7\W  .  W  .  .  .  .  W  .  B  .\7
<        8\.  B  .  .  .  B  .  .  .  B  B\8
<         9\W  B  .  .  B  .  .  .  .  .  .\9
<         10\.  .  .  .  .  W  .  .  .  .  .\10
<          11\.  B  .  .  W  .  W  B  .  .  B\11
<              a  b  c  d  e  f  g  h  i  j  k  
<
>play w b7
<= 
<
>showboard
<= 
< 
<  361bc075abcda980
<  a  b  c  d  e  f  g  h  i  j  k  
< 1\.  .  W  B  W  .  .  .  W  .  .\1
<  2\.  .  .  .  .  .  .  .  B  W  .\2
<   3\.  .  .  .  B  W  B  W  W  .  .\3
<    4\.  .  B  W  W  W  W  B  B  B  .\4
<     5\.  .  B  W  B  W  .  .  .  .  .\5
<      6\B  B  W  B  .  .  .  .  W  .  .\6
<       7\W  W  W  .  .  .  .  W  .  B  .\7
<        8\.  B  .  .  .  B  .  .  .  B  B\8
<         9\W  B  .  .  B  .  .  .  .  .  .\9
<         10\.  .  .  .  .  W  .  .  .  .  .\10
<          11\.  B  .  .  W  .  W  B  .  .  B\11
<              a  b  c  d  e  f  g  h  i  j  k  
<
>genmove b
<= k2
<
>showboard
f2287 info: Captured cells caused win! Removing...
f2287 info: Opponent has won; playing most blocking move.
<= 
< 
<  14c38fa3fba50954
<  a  b  c  d  e  f  g  h  i  j  k  
< 1\.  .  W  B  W  .  .  .  W  .  .\1
<  2\.  .  .  .  .  .  .  .  B  W  B\2
<   3\.  .  .  .  B  W  B  W  W  .  .\3
<    4\.  .  B  W  W  W  W  B  B  B  .\4
<     5\.  .  B  W  B  W  .  .  .  .  .\5
<      6\B  B  W  B  .  .  .  .  W  .  .\6
<       7\W  W  W  .  .  .  .  W  .  B  .\7
<        8\.  B  .  .  .  B  .  .  .  B  B\8
<         9\W  B  .  .  B  .  .  .  .  .  .\9
<         10\.  .  .  .  .  W  .  .  .  .  .\10
<          11\.  B  .  .  W  .  W  B  .  .  B\11
<              a  b  c  d  e  f  g  h  i  j  k  
<
>play w k1
<= 
<
>showboard
<= 
< 
<  aa6ee161d6a04d99
<  a  b  c  d  e  f  g  h  i  j  k  
< 1\.  .  W  B  W  .  .  .  W  .  W\1
<  2\.  .  .  .  .  .  .  .  B  W  B\2
<   3\.  .  .  .  B  W  B  W  W  .  .\3
<    4\.  .  B  W  W  W  W  B  B  B  .\4
<     5\.  .  B  W  B  W  .  .  .  .  .\5
<      6\B  B  W  B  .  .  .  .  W  .  .\6
<       7\W  W  W  .  .  .  .  W  .  B  .\7
<        8\.  B  .  .  .  B  .  .  .  B  B\8
<         9\W  B  .  .  B  .  .  .  .  .  .\9
<         10\.  .  .  .  .  W  .  .  .  .  .\10
<          11\.  B  .  .  W  .  W  B  .  .  B\11
<              a  b  c  d  e  f  g  h  i  j  k  
<
>genmove b
<= resign
<
>showboard
<= 
< 
<  aa6ee161d6a04d99
<  a  b  c  d  e  f  g  h  i  j  k  
< 1\.  .  W  B  W  .  .  .  W  .  W\1
<  2\.  .  .  .  .  .  .  .  B  W  B\2
<   3\.  .  .  .  B  W  B  W  W  .  .\3
<    4\.  .  B  W  W  W  W  B  B  B  .\4
<     5\.  .  B  W  B  W  .  .  .  .  .\5
<      6\B  B  W  B  .  .  .  .  W  .  .\6
<       7\W  W  W  .  .  .  .  W  .  B  .\7
<        8\.  B  .  .  .  B  .  .  .  B  B\8
<         9\W  B  .  .  B  .  .  .  .  .  .\9
<         10\.  .  .  .  .  W  .  .  .  .  .\10
<          11\.  B  .  .  W  .  W  B  .  .  B\11
<              a  b  c  d  e  f  g  h  i  j  k  
<
>final_score
<= W+
<
>quit
<= 
<
