54cd7 config: MoHex v2.0.CMake Mar 21 2025.
54cd7 config: ============ InitializeSystem ============
54cd7 config: BenzeneProgram::InitRandom()
54cd7 config: Seed = 990878
54cd7 info: Prior Patterns:
54cd7 info: Global:
54cd7 info: Size            = 565 32648 
54cd7 info: TableEntries    = 65932 65910
54cd7 info: MirrorsAdded    = 0 0
54cd7 info: PrunableCount   = 30593 30629
54cd7 info: LargestGamma    = 5820.77
54cd7 info: SmallestGamma   = 6.6e-05
54cd7 info: Local:
54cd7 info: Size            = 550 5318 
54cd7 info: TableEntries    = 11602 11588
54cd7 info: MirrorsAdded    = 0 0
54cd7 info: PrunableCount   = 3659 3667
54cd7 info: LargestGamma    = 11281.8
54cd7 info: SmallestGamma   = 0.026235
54cd7 info: Playout Patterns:
54cd7 info: Global:
54cd7 info: Size            = 565 32648 
54cd7 info: TableEntries    = 70329 70329
54cd7 info: MirrorsAdded    = 4397 4419
54cd7 info: PrunableCount   = 30593 30629
54cd7 info: LargestGamma    = 5820.77
54cd7 info: SmallestGamma   = 6.6e-05
54cd7 info: Local:
54cd7 info: Size            = 550 5318 
54cd7 info: TableEntries    = 11602 11588
54cd7 info: MirrorsAdded    = 0 0
54cd7 info: PrunableCount   = 3659 3667
54cd7 info: LargestGamma    = 11281.8
54cd7 info: SmallestGamma   = 0.026235
54cd7 config: IcePatternSet: reading from '/home/linus/MoHex2.0/nfbranchfix/benzene-vanilla-cmake/share/ice-patterns.txt'.
54cd7 config: IcePatternSet: parsed 708 patterns.
54cd7 config: VCS: reading captured set patterns from '/home/linus/MoHex2.0/nfbranchfix/benzene-vanilla-cmake/share/vc-captured-set.txt'.
54cd7 config: VCS:: parsed 2 patterns.
54cd7 config: VCS: reading captured set patterns from '/home/linus/MoHex2.0/nfbranchfix/benzene-vanilla-cmake/share/vc-captured-set.txt'.
54cd7 config: VCS:: parsed 2 patterns.
54cd7 config: IcePatternSet: reading from '/home/linus/MoHex2.0/nfbranchfix/benzene-vanilla-cmake/share/ice-patterns.txt'.
54cd7 config: IcePatternSet: parsed 708 patterns.
54cd7 config: VCS: reading captured set patterns from '/home/linus/MoHex2.0/nfbranchfix/benzene-vanilla-cmake/share/vc-captured-set.txt'.
54cd7 config: VCS:: parsed 2 patterns.
54cd7 config: VCS: reading captured set patterns from '/home/linus/MoHex2.0/nfbranchfix/benzene-vanilla-cmake/share/vc-captured-set.txt'.
54cd7 config: VCS:: parsed 2 patterns.
54cd7 config: VCS: reading captured set patterns from '/home/linus/MoHex2.0/nfbranchfix/benzene-vanilla-cmake/share/vc-captured-set.txt'.
54cd7 config: VCS:: parsed 2 patterns.
54cd7 config: VCS: reading captured set patterns from '/home/linus/MoHex2.0/nfbranchfix/benzene-vanilla-cmake/share/vc-captured-set.txt'.
54cd7 config: VCS:: parsed 2 patterns.
54cd7 config: VCS: reading captured set patterns from '/home/linus/MoHex2.0/nfbranchfix/benzene-vanilla-cmake/share/vc-captured-set.txt'.
54cd7 config: VCS:: parsed 2 patterns.
54cd7 config: VCS: reading captured set patterns from '/home/linus/MoHex2.0/nfbranchfix/benzene-vanilla-cmake/share/vc-captured-set.txt'.
54cd7 config: VCS:: parsed 2 patterns.
54cd7 info: SwapCheck: reading from '/home/linus/MoHex2.0/nfbranchfix/benzene-vanilla-cmake/share/swap-moves.txt'.
54cd7 info: SwapCheck: playing swap.
54cd7 config: VCPattern: loading pattern templates from '/home/linus/MoHex2.0/nfbranchfix/benzene-vanilla-cmake/share/vc-patterns.txt'.
54cd7 info: Best move cannot be determined, must search state.
54cd7 info: --- MoHexPlayer::Search() ---
54cd7 info: Color: black
54cd7 info: MaxGames: 1
54cd7 info: NumberThreads: 1
54cd7 info: MaxNodes: 181818181 (15999999928 bytes)
54cd7 info: TimeForMove: 1
54cd7 info: PreSearch: max time reached (48/89).
54cd7 info: Time for PreSearch: 0.201157s
54cd7 info: 
  1d261207547ac7a5
  a  b  c  d  e  f  g  h  i  j  k  
 1\.  .  .  .  .  .  .  .  .  .  .\1
  2\.  .  *  *  *  *  *  *  *  *  .\2
   3\.  *  *  *  *  *  *  *  *  B  .\3
    4\*  *  *  *  *  *  *  *  *  *  *\4
     5\*  *  *  *  *  *  *  *  *  *  *\5
      6\*  *  *  *  *  *  *  *  *  *  *\6
       7\*  *  *  *  *  *  *  *  *  *  *\7
        8\*  *  *  *  *  *  *  *  *  *  *\8
         9\*  *  *  *  *  *  *  *  *  *  .\9
         10\*  *  *  W  *  *  *  *  *  .  .\10
          11\.  .  .  .  .  .  .  .  .  .  .\11
              a  b  c  d  e  f  g  h  i  j  k  
54cd7 info: No subtree to reuse.
54cd7 info: Creating thread 0
54cd7 info: StartSearch()[0]
54cd7 config: VCS: reading captured set patterns from '/home/linus/MoHex2.0/nfbranchfix/benzene-vanilla-cmake/share/vc-captured-set.txt'.
54cd7 config: VCS:: parsed 2 patterns.
54cd7 config: VCS: reading captured set patterns from '/home/linus/MoHex2.0/nfbranchfix/benzene-vanilla-cmake/share/vc-captured-set.txt'.
54cd7 config: VCS:: parsed 2 patterns.
54cd7 info: 
Elapsed Time   0.368198s
Count          1
GamesPlayed    1
Nodes          1
Knowledge      0 (0.0%)
Expansions     0.0
Time           0.00
GameLen        119.0 dev=0.0 min=119.0 max=119.0
InTree         0.0 dev=0.0 min=0.0 max=0.0
KnowDepth      -
Aborted        0%
Games/s        372.0
Score          1.00
Sequence      
54cd7 info: 
54cd7 warning: **** MoHexSearch returned empty sequence!
54cd7 warning: **** Returning random move!
54cd7 info: Best move cannot be determined, must search state.
54cd7 info: --- MoHexPlayer::Search() ---
54cd7 info: Color: black
54cd7 info: MaxGames: 1
54cd7 info: NumberThreads: 1
54cd7 info: MaxNodes: 181818181 (15999999928 bytes)
54cd7 info: TimeForMove: 1
54cd7 info: PreSearch: max time reached (43/86).
54cd7 info: Time for PreSearch: 0.200714s
54cd7 info: 
  df02b2d53f59b7d8
  a  b  c  d  e  f  g  h  i  j  k  
 1\.  .  .  .  .  .  .  .  .  .  .\1
  2\.  .  *  *  *  *  *  *  *  *  .\2
   3\.  *  *  *  *  *  *  *  *  B  B\3
    4\*  *  *  *  *  *  *  *  *  .  .\4
     5\*  *  *  *  *  *  *  *  *  *  *\5
      6\*  *  *  *  *  *  *  *  *  *  *\6
       7\*  *  W  *  *  *  *  *  *  *  *\7
        8\*  *  *  *  *  *  *  *  *  *  *\8
         9\*  *  *  *  *  *  *  *  *  *  .\9
         10\*  *  *  W  *  *  *  *  *  .  .\10
          11\.  .  .  .  .  .  .  .  .  .  .\11
              a  b  c  d  e  f  g  h  i  j  k  
54cd7 info: Old: [black, j3] [white, swap-pieces] [white, d10] 
54cd7 info: New: [black, j3] [white, swap-pieces] [white, d10] [black, k3] [white, c7] 
54cd7 info: MovesPlayed: [black, k3] [white, c7] 
54cd7 info: No subtree to reuse.
54cd7 info: StartSearch()[0]
54cd7 info: 
Elapsed Time   0.560645s
Count          1
GamesPlayed    1
Nodes          1
Knowledge      0 (0.0%)
Expansions     0.0
Time           0.00
GameLen        117.0 dev=0.0 min=117.0 max=117.0
InTree         0.0 dev=0.0 min=0.0 max=0.0
KnowDepth      -
Aborted        0%
Games/s        2695.4
Score          0.00
Sequence      
54cd7 info: 
54cd7 warning: **** MoHexSearch returned empty sequence!
54cd7 warning: **** Returning random move!
54cd7 info: Best move cannot be determined, must search state.
54cd7 info: --- MoHexPlayer::Search() ---
54cd7 info: Color: black
54cd7 info: MaxGames: 1
54cd7 info: NumberThreads: 1
54cd7 info: MaxNodes: 181818181 (15999999928 bytes)
54cd7 info: TimeForMove: 1
54cd7 info: PreSearch: max time reached (39/86).
54cd7 info: Time for PreSearch: 0.203925s
54cd7 info: 
  0e6387f4f8c7c26b
  a  b  c  d  e  f  g  h  i  j  k  
 1\.  .  .  .  .  .  .  .  .  .  .\1
  2\.  .  *  *  *  *  *  *  *  *  .\2
   3\.  *  *  *  *  *  *  *  *  B  B\3
    4\*  *  *  *  *  *  *  *  *  .  .\4
     5\*  *  *  *  *  *  *  *  *  *  *\5
      6\*  *  *  *  *  *  *  *  *  *  *\6
       7\*  *  W  *  *  *  *  *  *  *  *\7
        8\*  .  W  *  *  *  *  *  *  *  *\8
         9\*  *  *  *  *  *  *  *  *  *  *\9
         10\*  *  *  W  *  *  *  *  *  *  .\10
          11\.  .  .  .  .  .  .  .  .  b  B\11
              a  b  c  d  e  f  g  h  i  j  k  
54cd7 info: Old: [black, j3] [white, swap-pieces] [white, d10] [black, k3] [white, c7] 
54cd7 info: New: [black, j3] [white, swap-pieces] [white, d10] [black, k3] [white, c7] [black, k11] [white, c8] 
54cd7 info: MovesPlayed: [black, k11] [white, c8] 
54cd7 info: No subtree to reuse.
54cd7 info: StartSearch()[0]
54cd7 info: 
Elapsed Time   0.383834s
Count          1
GamesPlayed    1
Nodes          1
Knowledge      0 (0.0%)
Expansions     0.0
Time           0.00
GameLen        114.0 dev=0.0 min=114.0 max=114.0
InTree         0.0 dev=0.0 min=0.0 max=0.0
KnowDepth      -
Aborted        0%
Games/s        2865.3
Score          0.00
Sequence      
54cd7 info: 
54cd7 warning: **** MoHexSearch returned empty sequence!
54cd7 warning: **** Returning random move!
54cd7 info: Best move cannot be determined, must search state.
54cd7 info: --- MoHexPlayer::Search() ---
54cd7 info: Color: black
54cd7 info: MaxGames: 1
54cd7 info: NumberThreads: 1
54cd7 info: MaxNodes: 181818181 (15999999928 bytes)
54cd7 info: TimeForMove: 1
54cd7 info: PreSearch: max time reached (37/80).
54cd7 info: Time for PreSearch: 0.205416s
54cd7 info: 
  f927de97750d51bb
  a  b  c  d  e  f  g  h  i  j  k  
 1\.  .  .  .  .  .  .  .  .  .  .\1
  2\.  .  *  *  *  *  *  .  *  *  .\2
   3\.  *  *  *  *  *  B  *  *  B  B\3
    4\*  *  *  *  *  *  *  *  *  .  .\4
     5\*  *  *  *  *  *  *  *  *  *  *\5
      6\*  *  *  *  *  *  *  *  *  *  *\6
       7\*  *  W  *  *  *  *  *  *  *  *\7
        8\.  .  W  *  *  *  *  *  *  *  *\8
         9\*  .  W  *  *  *  *  *  *  *  *\9
         10\.  *  *  W  *  *  *  *  *  *  .\10
          11\.  .  .  .  .  .  .  .  .  b  B\11
              a  b  c  d  e  f  g  h  i  j  k  
54cd7 info: Old: [black, j3] [white, swap-pieces] [white, d10] [black, k3] [white, c7] [black, k11] [white, c8] 
54cd7 info: New: [black, j3] [white, swap-pieces] [white, d10] [black, k3] [white, c7] [black, k11] [white, c8] [black, g3] [white, c9] 
54cd7 info: MovesPlayed: [black, g3] [white, c9] 
54cd7 info: No subtree to reuse.
54cd7 info: StartSearch()[0]
54cd7 info: 
Elapsed Time   0.381815s
Count          1
GamesPlayed    1
Nodes          1
Knowledge      0 (0.0%)
Expansions     0.0
Time           0.00
GameLen        112.0 dev=0.0 min=112.0 max=112.0
InTree         0.0 dev=0.0 min=0.0 max=0.0
KnowDepth      -
Aborted        0%
Games/s        3194.9
Score          1.00
Sequence      
54cd7 info: 
54cd7 warning: **** MoHexSearch returned empty sequence!
54cd7 warning: **** Returning random move!
54cd7 info: Best move cannot be determined, must search state.
54cd7 info: --- MoHexPlayer::Search() ---
54cd7 info: Color: black
54cd7 info: MaxGames: 1
54cd7 info: NumberThreads: 1
54cd7 info: MaxNodes: 181818181 (15999999928 bytes)
54cd7 info: TimeForMove: 1
54cd7 info: PreSearch: max time reached (36/79).
54cd7 info: Time for PreSearch: 0.200213s
54cd7 info: 
  111ea6f6c629cfca
  a  b  c  d  e  f  g  h  i  j  k  
 1\.  .  .  .  .  .  .  .  .  .  .\1
  2\.  .  *  *  *  *  *  .  *  *  .\2
   3\.  *  *  *  *  *  B  *  *  B  B\3
    4\*  *  *  *  *  *  *  *  *  .  .\4
     5\*  *  *  *  *  *  *  *  *  *  *\5
      6\*  *  *  B  *  *  *  *  *  *  *\6
       7\*  *  W  *  *  *  *  *  *  *  *\7
        8\.  .  W  *  *  *  *  *  *  *  *\8
         9\*  .  W  *  *  *  *  *  *  *  *\9
         10\.  *  *  W  *  *  *  *  *  .  .\10
          11\.  .  .  .  W  .  .  .  .  b  B\11
              a  b  c  d  e  f  g  h  i  j  k  
54cd7 info: Old: [black, j3] [white, swap-pieces] [white, d10] [black, k3] [white, c7] [black, k11] [white, c8] [black, g3] [white, c9] 
54cd7 info: New: [black, j3] [white, swap-pieces] [white, d10] [black, k3] [white, c7] [black, k11] [white, c8] [black, g3] [white, c9] [black, d6] [white, e11] 
54cd7 info: MovesPlayed: [black, d6] [white, e11] 
54cd7 info: No subtree to reuse.
54cd7 info: StartSearch()[0]
54cd7 info: 
Elapsed Time   3.29458s
Count          1
GamesPlayed    1
Nodes          1
Knowledge      0 (0.0%)
Expansions     0.0
Time           0.00
GameLen        110.0 dev=0.0 min=110.0 max=110.0
InTree         0.0 dev=0.0 min=0.0 max=0.0
KnowDepth      -
Aborted        0%
Games/s        3021.1
Score          0.00
Sequence      
54cd7 info: 
54cd7 warning: **** MoHexSearch returned empty sequence!
54cd7 warning: **** Returning random move!
54cd7 info: Best move cannot be determined, must search state.
54cd7 info: --- MoHexPlayer::Search() ---
54cd7 info: Color: black
54cd7 info: MaxGames: 1
54cd7 info: NumberThreads: 1
54cd7 info: MaxNodes: 181818181 (15999999928 bytes)
54cd7 info: TimeForMove: 1
54cd7 info: PreSearch: max time reached (35/36).
54cd7 info: Time for PreSearch: 0.203889s
54cd7 info: 
  91ca85fd8f978008
  a  b  c  d  e  f  g  h  i  j  k  
 1\.  .  .  .  .  .  .  .  .  .  .\1
  2\.  .  .  .  .  .  .  .  .  .  .\2
   3\.  .  .  .  .  .  B  .  .  B  B\3
    4\.  .  .  .  .  .  .  .  .  .  .\4
     5\.  .  .  .  .  .  .  .  B  *  *\5
      6\*  *  *  B  .  .  .  .  *  *  *\6
       7\*  *  W  .  .  *  *  *  *  *  *\7
        8\.  .  W  .  W  *  *  *  *  *  *\8
         9\.  .  W  *  *  *  *  *  *  *  *\9
         10\.  .  *  W  *  *  .  .  *  .  .\10
          11\.  .  .  .  W  .  .  .  .  b  B\11
              a  b  c  d  e  f  g  h  i  j  k  
54cd7 info: Old: [black, j3] [white, swap-pieces] [white, d10] [black, k3] [white, c7] [black, k11] [white, c8] [black, g3] [white, c9] [black, d6] [white, e11] 
54cd7 info: New: [black, j3] [white, swap-pieces] [white, d10] [black, k3] [white, c7] [black, k11] [white, c8] [black, g3] [white, c9] [black, d6] [white, e11] [black, i5] [white, e8] 
54cd7 info: MovesPlayed: [black, i5] [white, e8] 
54cd7 info: No subtree to reuse.
54cd7 info: StartSearch()[0]
54cd7 info: 
Elapsed Time   0.356883s
Count          1
GamesPlayed    1
Nodes          1
Knowledge      0 (0.0%)
Expansions     0.0
Time           0.00
GameLen        108.0 dev=0.0 min=108.0 max=108.0
InTree         0.0 dev=0.0 min=0.0 max=0.0
KnowDepth      -
Aborted        0%
Games/s        2958.6
Score          0.00
Sequence      
54cd7 info: 
54cd7 warning: **** MoHexSearch returned empty sequence!
54cd7 warning: **** Returning random move!
54cd7 info: Best move cannot be determined, must search state.
54cd7 info: --- MoHexPlayer::Search() ---
54cd7 info: Color: black
54cd7 info: MaxGames: 1
54cd7 info: NumberThreads: 1
54cd7 info: MaxNodes: 181818181 (15999999928 bytes)
54cd7 info: TimeForMove: 1
54cd7 info: PreSearch: max time reached (26/74).
54cd7 info: Time for PreSearch: 0.203148s
54cd7 info: 
  b13bb6966df9a36e
  a  b  c  d  e  f  g  h  i  j  k  
 1\.  .  .  .  .  .  .  .  .  .  .\1
  2\.  .  *  *  *  *  W  *  *  *  .\2
   3\.  *  *  *  *  *  B  *  *  B  B\3
    4\*  *  *  *  *  *  *  *  .  .  .\4
     5\*  *  *  *  *  *  *  *  B  *  *\5
      6\*  *  *  B  *  *  *  *  *  *  *\6
       7\*  *  W  *  *  *  *  *  *  *  *\7
        8\.  .  W  .  W  B  *  *  *  *  *\8
         9\*  .  W  *  *  *  *  *  *  *  *\9
         10\.  *  *  W  *  *  *  *  *  .  .\10
          11\.  .  .  .  W  .  .  .  .  b  B\11
              a  b  c  d  e  f  g  h  i  j  k  
54cd7 info: Old: [black, j3] [white, swap-pieces] [white, d10] [black, k3] [white, c7] [black, k11] [white, c8] [black, g3] [white, c9] [black, d6] [white, e11] [black, i5] [white, e8] 
54cd7 info: New: [black, j3] [white, swap-pieces] [white, d10] [black, k3] [white, c7] [black, k11] [white, c8] [black, g3] [white, c9] [black, d6] [white, e11] [black, i5] [white, e8] [black, f8] [white, g2] 
54cd7 info: MovesPlayed: [black, f8] [white, g2] 
54cd7 info: No subtree to reuse.
54cd7 info: StartSearch()[0]
54cd7 info: 
Elapsed Time   0.563221s
Count          1
GamesPlayed    1
Nodes          1
Knowledge      0 (0.0%)
Expansions     0.0
Time           0.00
GameLen        106.0 dev=0.0 min=106.0 max=106.0
InTree         0.0 dev=0.0 min=0.0 max=0.0
KnowDepth      -
Aborted        0%
Games/s        2793.3
Score          1.00
Sequence      
54cd7 info: 
54cd7 warning: **** MoHexSearch returned empty sequence!
54cd7 warning: **** Returning random move!
54cd7 info: Best move cannot be determined, must search state.
54cd7 info: --- MoHexPlayer::Search() ---
54cd7 info: Color: black
54cd7 info: MaxGames: 1
54cd7 info: NumberThreads: 1
54cd7 info: MaxNodes: 181818181 (15999999928 bytes)
54cd7 info: TimeForMove: 1
54cd7 info: PreSearch: max time reached (28/70).
54cd7 info: Time for PreSearch: 0.20126s
54cd7 info: 
  91a1b38bdb796ab6
  a  b  c  d  e  f  g  h  i  j  k  
 1\.  .  .  .  .  .  .  .  .  .  .\1
  2\.  .  *  *  *  *  W  *  *  *  .\2
   3\.  *  *  *  *  *  B  *  *  B  B\3
    4\*  *  *  *  *  *  *  *  .  .  .\4
     5\*  *  *  *  *  *  *  *  B  *  *\5
      6\*  *  *  B  *  *  *  *  *  *  *\6
       7\*  *  W  *  *  *  *  *  *  *  *\7
        8\.  .  W  .  W  B  *  *  *  *  *\8
         9\*  .  W  *  *  *  *  *  *  .  .\9
         10\.  *  *  W  *  *  *  .  B  b  b\10
          11\*  W  .  .  W  .  b  b  b  b  B\11
              a  b  c  d  e  f  g  h  i  j  k  
54cd7 info: Old: [black, j3] [white, swap-pieces] [white, d10] [black, k3] [white, c7] [black, k11] [white, c8] [black, g3] [white, c9] [black, d6] [white, e11] [black, i5] [white, e8] [black, f8] [white, g2] 
54cd7 info: New: [black, j3] [white, swap-pieces] [white, d10] [black, k3] [white, c7] [black, k11] [white, c8] [black, g3] [white, c9] [black, d6] [white, e11] [black, i5] [white, e8] [black, f8] [white, g2] [black, i10] [white, b11] 
54cd7 info: MovesPlayed: [black, i10] [white, b11] 
54cd7 info: No subtree to reuse.
54cd7 info: StartSearch()[0]
54cd7 info: 
Elapsed Time   0.362094s
Count          1
GamesPlayed    1
Nodes          1
Knowledge      0 (0.0%)
Expansions     0.0
Time           0.00
GameLen        99.0 dev=0.0 min=99.0 max=99.0
InTree         0.0 dev=0.0 min=0.0 max=0.0
KnowDepth      -
Aborted        0%
Games/s        2617.8
Score          0.00
Sequence      
54cd7 info: 
54cd7 warning: **** MoHexSearch returned empty sequence!
54cd7 warning: **** Returning random move!
54cd7 info: Best move cannot be determined, must search state.
54cd7 info: --- MoHexPlayer::Search() ---
54cd7 info: Color: black
54cd7 info: MaxGames: 1
54cd7 info: NumberThreads: 1
54cd7 info: MaxNodes: 181818181 (15999999928 bytes)
54cd7 info: TimeForMove: 1
54cd7 info: PreSearch: max time reached (32/59).
54cd7 info: Time for PreSearch: 0.200325s
54cd7 info: 
  530c95dec825c53b
  a  b  c  d  e  f  g  h  i  j  k  
 1\b  b  B  .  .  .  .  .  .  .  .\1
  2\.  .  *  *  *  *  W  *  *  *  .\2
   3\*  *  *  *  *  *  B  *  *  B  B\3
    4\*  *  *  *  *  *  *  *  .  .  .\4
     5\.  *  *  *  *  *  *  *  B  *  *\5
      6\w  .  *  B  *  *  *  *  *  *  *\6
       7\w  w  W  .  *  *  *  *  *  *  *\7
        8\b  b  W  w  W  B  *  *  *  *  *\8
         9\w  w  W  w  .  *  *  *  *  .  .\9
         10\w  w  w  W  *  *  *  .  B  b  b\10
          11\W  W  w  .  W  .  b  b  b  b  B\11
              a  b  c  d  e  f  g  h  i  j  k  
54cd7 info: Old: [black, j3] [white, swap-pieces] [white, d10] [black, k3] [white, c7] [black, k11] [white, c8] [black, g3] [white, c9] [black, d6] [white, e11] [black, i5] [white, e8] [black, f8] [white, g2] [black, i10] [white, b11] 
54cd7 info: New: [black, j3] [white, swap-pieces] [white, d10] [black, k3] [white, c7] [black, k11] [white, c8] [black, g3] [white, c9] [black, d6] [white, e11] [black, i5] [white, e8] [black, f8] [white, g2] [black, i10] [white, b11] [black, c1] [white, a11] 
54cd7 info: MovesPlayed: [black, c1] [white, a11] 
54cd7 info: No subtree to reuse.
54cd7 info: StartSearch()[0]
54cd7 info: 
Elapsed Time   0.364811s
Count          1
GamesPlayed    1
Nodes          1
Knowledge      0 (0.0%)
Expansions     0.0
Time           0.00
GameLen        82.0 dev=0.0 min=82.0 max=82.0
InTree         0.0 dev=0.0 min=0.0 max=0.0
KnowDepth      -
Aborted        0%
Games/s        2008.0
Score          0.00
Sequence      
54cd7 info: 
54cd7 warning: **** MoHexSearch returned empty sequence!
54cd7 warning: **** Returning random move!
54cd7 info: Best move cannot be determined, must search state.
54cd7 info: --- MoHexPlayer::Search() ---
54cd7 info: Color: black
54cd7 info: MaxGames: 1
54cd7 info: NumberThreads: 1
54cd7 info: MaxNodes: 181818181 (15999999928 bytes)
54cd7 info: TimeForMove: 1
54cd7 info: PreSearch: max time reached (24/54).
54cd7 info: Time for PreSearch: 0.207496s
54cd7 info: 
  d25e79d687bd005b
  a  b  c  d  e  f  g  h  i  j  k  
 1\b  b  B  b  .  .  .  .  .  .  .\1
  2\.  .  .  W  *  *  W  *  *  *  .\2
   3\.  *  *  *  *  *  B  *  *  B  B\3
    4\*  *  *  *  *  *  *  *  .  .  .\4
     5\.  *  *  *  *  *  *  *  B  *  *\5
      6\w  .  *  B  B  *  *  *  *  *  *\6
       7\w  w  W  b  .  *  *  *  *  *  *\7
        8\b  b  W  w  W  B  *  *  *  *  *\8
         9\w  w  W  w  .  *  *  *  *  .  .\9
         10\w  w  w  W  *  *  *  .  B  b  b\10
          11\W  W  w  .  W  .  b  b  b  b  B\11
              a  b  c  d  e  f  g  h  i  j  k  
54cd7 info: Old: [black, j3] [white, swap-pieces] [white, d10] [black, k3] [white, c7] [black, k11] [white, c8] [black, g3] [white, c9] [black, d6] [white, e11] [black, i5] [white, e8] [black, f8] [white, g2] [black, i10] [white, b11] [black, c1] [white, a11] 
54cd7 info: New: [black, j3] [white, swap-pieces] [white, d10] [black, k3] [white, c7] [black, k11] [white, c8] [black, g3] [white, c9] [black, d6] [white, e11] [black, i5] [white, e8] [black, f8] [white, g2] [black, i10] [white, b11] [black, c1] [white, a11] [black, e6] [white, d2] 
54cd7 info: MovesPlayed: [black, e6] [white, d2] 
54cd7 info: No subtree to reuse.
54cd7 info: StartSearch()[0]
54cd7 info: 
Elapsed Time   0.364831s
Count          1
GamesPlayed    1
Nodes          1
Knowledge      0 (0.0%)
Expansions     0.0
Time           0.00
GameLen        78.0 dev=0.0 min=78.0 max=78.0
InTree         0.0 dev=0.0 min=0.0 max=0.0
KnowDepth      -
Aborted        0%
Games/s        3322.3
Score          1.00
Sequence      
54cd7 info: 
54cd7 warning: **** MoHexSearch returned empty sequence!
54cd7 warning: **** Returning random move!
54cd7 info: Best move cannot be determined, must search state.
54cd7 info: --- MoHexPlayer::Search() ---
54cd7 info: Color: black
54cd7 info: MaxGames: 1
54cd7 info: NumberThreads: 1
54cd7 info: MaxNodes: 181818181 (15999999928 bytes)
54cd7 info: TimeForMove: 1
54cd7 info: PreSearch: max time reached (16/48).
54cd7 info: Time for PreSearch: 0.218457s
54cd7 info: 
  3ba51a698ff6874e
  a  b  c  d  e  f  g  h  i  j  k  
 1\b  b  B  b  .  .  .  .  .  .  .\1
  2\W  .  .  W  *  *  W  *  *  *  .\2
   3\w  *  .  *  *  *  B  *  *  B  B\3
    4\w  .  *  *  *  *  *  *  .  .  B\4
     5\w  .  *  *  *  *  *  *  B  .  *\5
      6\w  w  .  B  B  *  *  *  *  *  *\6
       7\w  w  W  b  .  *  *  *  *  *  *\7
        8\b  b  W  w  W  B  *  *  *  *  *\8
         9\w  w  W  w  .  *  *  *  *  .  .\9
         10\w  w  w  W  *  *  *  .  B  b  b\10
          11\W  W  w  .  W  .  b  b  b  b  B\11
              a  b  c  d  e  f  g  h  i  j  k  
54cd7 info: Old: [black, j3] [white, swap-pieces] [white, d10] [black, k3] [white, c7] [black, k11] [white, c8] [black, g3] [white, c9] [black, d6] [white, e11] [black, i5] [white, e8] [black, f8] [white, g2] [black, i10] [white, b11] [black, c1] [white, a11] [black, e6] [white, d2] 
54cd7 info: New: [black, j3] [white, swap-pieces] [white, d10] [black, k3] [white, c7] [black, k11] [white, c8] [black, g3] [white, c9] [black, d6] [white, e11] [black, i5] [white, e8] [black, f8] [white, g2] [black, i10] [white, b11] [black, c1] [white, a11] [black, e6] [white, d2] [black, k4] [white, a2] 
54cd7 info: MovesPlayed: [black, k4] [white, a2] 
54cd7 info: No subtree to reuse.
54cd7 info: StartSearch()[0]
54cd7 info: 
Elapsed Time   0.388593s
Count          1
GamesPlayed    1
Nodes          1
Knowledge      0 (0.0%)
Expansions     0.0
Time           0.00
GameLen        72.0 dev=0.0 min=72.0 max=72.0
InTree         0.0 dev=0.0 min=0.0 max=0.0
KnowDepth      -
Aborted        0%
Games/s        3039.5
Score          1.00
Sequence      
54cd7 info: 
54cd7 warning: **** MoHexSearch returned empty sequence!
54cd7 warning: **** Returning random move!
54cd7 info: Winning SC.
54cd7 info: Winning SC.
54cd7 info: Winning SC.
54cd7 info: Winning SC.
54cd7 info: Winning SC.
54cd7 info: Winning SC.
54cd7 info: Winning SC.
54cd7 info: Captured cells caused win! Removing...
54cd7 info: Winning SC.
54cd7 info: Winning SC.
54cd7 info: Captured cells caused win! Removing...
54cd7 info: Winning SC.
54cd7 config: ============ BenzeneShutdown =============
54cd7 config: MoHexProgram:: ShutdownSystem()
54cd7 config: CommonProgram:: ShutdownSystem()
54cd7 config: BenzeneProgram:: ShutdownSystem()
Flushing and closing this stream...
