# nice ../build/src/mohex/mohex --config mohex-weak.htp --seed 201873 --logfile-name jobs/11x11-mohex-mohex-cg2010-vs-mohex-mohex-weak-1/mohex-mohex-weak-352.log
>boardsize 11 11
MoHex 2.0.CMake Mar 21 2025
Copyright (C) 2007-2012 by the authors of the Benzene project.
This program comes with ABSOLUTELY NO WARRANTY. This is
free software and you are welcome to redistribute it under
certain conditions. Type `benzene-license' for details.

SgRandom::SetSeed: 201873
SgUctSearch: system memory 33632358400, using 1000000000 (5681818 nodes)
SgRandom::SetSeed: 1
SgRandom::SetSeed: 201873
7d467 info: Prior Patterns:
7d467 info: Global:
7d467 info: Size            = 565 32648 
7d467 info: TableEntries    = 65932 65910
7d467 info: MirrorsAdded    = 0 0
7d467 info: PrunableCount   = 30593 30629
7d467 info: LargestGamma    = 5820.77
7d467 info: SmallestGamma   = 6.6e-05
7d467 info: Local:
7d467 info: Size            = 550 5318 
7d467 info: TableEntries    = 11602 11588
7d467 info: MirrorsAdded    = 0 0
7d467 info: PrunableCount   = 3659 3667
7d467 info: LargestGamma    = 11281.8
7d467 info: SmallestGamma   = 0.026235
7d467 info: Playout Patterns:
7d467 info: Global:
7d467 info: Size            = 565 32648 
7d467 info: TableEntries    = 70329 70329
7d467 info: MirrorsAdded    = 4397 4419
7d467 info: PrunableCount   = 30593 30629
7d467 info: LargestGamma    = 5820.77
7d467 info: SmallestGamma   = 6.6e-05
7d467 info: Local:
7d467 info: Size            = 550 5318 
7d467 info: TableEntries    = 11602 11588
7d467 info: MirrorsAdded    = 0 0
7d467 info: PrunableCount   = 3659 3667
7d467 info: LargestGamma    = 11281.8
7d467 info: SmallestGamma   = 0.026235
<= 
<
>name
param_game allow_swap 1
= 

param_mohex max_memory 1600000
= 

param_mohex num_threads 1
= 

param_mohex max_time 1
= 

param_mohex max_games 1
= 

param_mohex knowledge_threshold 400
= 

param_mohex reuse_subtree 1
= 

param_mohex use_parallel_solver 0
= 

<= MoHex
<
>version
<= 2.0.CMake
<
>play b f1
<= 
<
>genmove w
<= i4
<
>play b k7
7d467 info: SwapCheck: reading from '/home/linus/MoHex2.0/nfbranchfix/benzene-vanilla-cmake/share/swap-moves.txt'.
7d467 info: SwapCheck: opting not to swap.
7d467 info: Best move cannot be determined, must search state.
7d467 info: --- MoHexPlayer::Search() ---
7d467 info: Color: white
7d467 info: MaxGames: 1
7d467 info: NumberThreads: 1
7d467 info: MaxNodes: 9090 (799920 bytes)
7d467 info: TimeForMove: 1
7d467 info: PreSearch: max time reached (32/90).
7d467 info: Time for PreSearch: 0.205225s
7d467 info: 
  edc478cd0ecd63f9
  a  b  c  d  e  f  g  h  i  j  k  
 1\.  .  .  *  .  B  .  *  *  *  .\1
  2\.  .  *  *  *  *  *  *  *  *  .\2
   3\.  *  *  *  *  *  *  *  *  *  .\3
    4\.  *  *  *  *  *  *  *  *  *  .\4
     5\.  *  *  *  *  *  *  *  *  *  .\5
      6\.  *  *  *  *  *  *  *  *  *  .\6
       7\.  *  *  *  *  *  *  *  *  *  .\7
        8\.  *  *  *  *  *  *  *  *  *  .\8
         9\.  *  *  *  *  *  *  *  *  *  .\9
         10\.  *  *  *  *  *  *  *  *  .  .\10
          11\.  *  *  *  *  *  *  *  .  .  .\11
              a  b  c  d  e  f  g  h  i  j  k  
7d467 info: No subtree to reuse.
7d467 info: Creating thread 0
7d467 info: StartSearch()[0]
SgUctSearch: max games reached
7d467 info: 
Elapsed Time   0.464647s
Count          1
GamesPlayed    1
Nodes          1
Knowledge      0 (0.0%)
Expansions     0.0
Time           0.00
GameLen        120.0 dev=0.0 min=120.0 max=120.0
InTree         0.0 dev=0.0 min=0.0 max=0.0
KnowDepth      -
Aborted        0%
Games/s        290.0
Score          1.00
Sequence      
7d467 info: 
7d467 warning: **** MoHexSearch returned empty sequence!
7d467 warning: **** Returning random move!
<= 
<
>genmove w
<= e7
<
>play b f11
7d467 info: Best move cannot be determined, must search state.
7d467 info: --- MoHexPlayer::Search() ---
7d467 info: Color: white
7d467 info: MaxGames: 1
7d467 info: NumberThreads: 1
7d467 info: MaxNodes: 9090 (799920 bytes)
7d467 info: TimeForMove: 1
7d467 info: PreSearch: max time reached (38/88).
7d467 info: Time for PreSearch: 0.202113s
7d467 info: 
  67523bfc66ce8db4
  a  b  c  d  e  f  g  h  i  j  k  
 1\.  .  .  *  .  B  .  *  *  *  .\1
  2\.  .  *  *  *  *  *  *  *  *  .\2
   3\.  *  *  *  *  *  *  *  *  *  .\3
    4\.  *  *  *  *  *  *  *  W  .  .\4
     5\.  *  *  *  *  *  *  *  *  *  .\5
      6\.  *  *  *  *  *  *  *  *  *  .\6
       7\.  *  *  *  *  *  *  *  *  *  B\7
        8\.  *  *  *  *  *  *  *  *  *  .\8
         9\.  *  *  *  *  *  *  *  *  *  .\9
         10\.  *  *  *  *  *  *  *  *  .  .\10
          11\.  *  *  *  *  *  *  *  .  .  .\11
              a  b  c  d  e  f  g  h  i  j  k  
7d467 info: Old: [black, f1] 
7d467 info: New: [black, f1] [white, i4] [black, k7] 
7d467 info: MovesPlayed: [white, i4] [black, k7] 
7d467 info: No subtree to reuse.
7d467 info: StartSearch()[0]
SgUctSearch: max games reached
7d467 info: 
Elapsed Time   0.375582s
Count          1
GamesPlayed    1
Nodes          1
Knowledge      0 (0.0%)
Expansions     0.0
Time           0.00
GameLen        118.0 dev=0.0 min=118.0 max=118.0
InTree         0.0 dev=0.0 min=0.0 max=0.0
KnowDepth      -
Aborted        0%
Games/s        2375.3
Score          1.00
Sequence      
7d467 info: 
7d467 warning: **** MoHexSearch returned empty sequence!
7d467 warning: **** Returning random move!
<= 
<
>genmove w
<= k9
<
>play b f3
7d467 info: Best move cannot be determined, must search state.
7d467 info: --- MoHexPlayer::Search() ---
7d467 info: Color: white
7d467 info: MaxGames: 1
7d467 info: NumberThreads: 1
7d467 info: MaxNodes: 9090 (799920 bytes)
7d467 info: TimeForMove: 1
7d467 info: PreSearch: max time reached (21/84).
7d467 info: Time for PreSearch: 0.204624s
7d467 info: 
  34d1cec3d0f5f036
  a  b  c  d  e  f  g  h  i  j  k  
 1\.  .  .  *  .  B  .  *  *  *  .\1
  2\.  .  *  *  *  *  *  *  *  *  .\2
   3\.  *  *  *  *  *  *  *  *  *  .\3
    4\.  *  *  *  *  *  *  *  W  .  .\4
     5\.  *  *  *  *  *  *  *  *  *  .\5
      6\.  *  *  *  *  *  *  *  *  *  .\6
       7\.  *  *  *  W  *  *  *  *  *  B\7
        8\.  *  *  *  *  *  *  *  *  *  .\8
         9\.  *  *  *  *  *  *  *  *  *  .\9
         10\.  *  *  *  *  *  *  *  *  .  .\10
          11\.  *  *  *  .  B  .  *  .  .  .\11
              a  b  c  d  e  f  g  h  i  j  k  
7d467 info: Old: [black, f1] [white, i4] [black, k7] 
7d467 info: New: [black, f1] [white, i4] [black, k7] [white, e7] [black, f11] 
7d467 info: MovesPlayed: [white, e7] [black, f11] 
7d467 info: No subtree to reuse.
7d467 info: StartSearch()[0]
SgUctSearch: max games reached
7d467 info: 
Elapsed Time   0.388373s
Count          1
GamesPlayed    1
Nodes          1
Knowledge      0 (0.0%)
Expansions     0.0
Time           0.00
GameLen        116.0 dev=0.0 min=116.0 max=116.0
InTree         0.0 dev=0.0 min=0.0 max=0.0
KnowDepth      -
Aborted        0%
Games/s        2247.2
Score          1.00
Sequence      
7d467 info: 
7d467 warning: **** MoHexSearch returned empty sequence!
7d467 warning: **** Returning random move!
<= 
<
>genmove w
<= h1
<
>play b j3
7d467 info: Best move cannot be determined, must search state.
7d467 info: --- MoHexPlayer::Search() ---
7d467 info: Color: white
7d467 info: MaxGames: 1
7d467 info: NumberThreads: 1
7d467 info: MaxNodes: 9090 (799920 bytes)
7d467 info: TimeForMove: 1
7d467 info: PreSearch: max time reached (19/82).
7d467 info: Time for PreSearch: 0.20688s
7d467 info: 
  b7595f2ee771f8e3
  a  b  c  d  e  f  g  h  i  j  k  
 1\.  .  .  *  .  B  .  .  *  *  .\1
  2\.  .  *  *  *  .  *  *  *  *  .\2
   3\.  *  *  *  *  B  *  *  *  *  .\3
    4\.  *  *  *  *  *  *  *  W  .  .\4
     5\.  *  *  *  *  *  *  *  *  *  .\5
      6\.  *  *  *  *  *  *  *  *  *  .\6
       7\.  *  *  *  W  *  *  *  *  *  B\7
        8\.  *  *  *  *  *  *  *  *  *  .\8
         9\.  *  *  *  *  *  *  *  *  *  W\9
         10\.  *  *  *  *  *  *  *  *  .  w\10
          11\.  *  *  *  .  B  .  *  *  .  w\11
              a  b  c  d  e  f  g  h  i  j  k  
7d467 info: Old: [black, f1] [white, i4] [black, k7] [white, e7] [black, f11] 
7d467 info: New: [black, f1] [white, i4] [black, k7] [white, e7] [black, f11] [white, k9] [black, f3] 
7d467 info: MovesPlayed: [white, k9] [black, f3] 
7d467 info: No subtree to reuse.
7d467 info: StartSearch()[0]
SgUctSearch: max games reached
7d467 info: 
Elapsed Time   0.598415s
Count          1
GamesPlayed    1
Nodes          1
Knowledge      0 (0.0%)
Expansions     0.0
Time           0.00
GameLen        112.0 dev=0.0 min=112.0 max=112.0
InTree         0.0 dev=0.0 min=0.0 max=0.0
KnowDepth      -
Aborted        0%
Games/s        1915.7
Score          1.00
Sequence      
7d467 info: 
7d467 warning: **** MoHexSearch returned empty sequence!
7d467 warning: **** Returning random move!
<= 
<
>genmove w
<= g7
<
>play b i5
7d467 info: Best move cannot be determined, must search state.
7d467 info: --- MoHexPlayer::Search() ---
7d467 info: Color: white
7d467 info: MaxGames: 1
7d467 info: NumberThreads: 1
7d467 info: MaxNodes: 9090 (799920 bytes)
7d467 info: TimeForMove: 1
7d467 info: PreSearch: max time reached (28/82).
7d467 info: Time for PreSearch: 0.205245s
7d467 info: 
  022530554e65414e
  a  b  c  d  e  f  g  h  i  j  k  
 1\.  .  .  *  .  B  .  W  *  *  .\1
  2\.  .  *  *  *  *  .  *  *  *  .\2
   3\.  *  *  *  *  B  *  *  *  B  .\3
    4\.  *  *  *  *  *  *  *  W  *  .\4
     5\.  *  *  *  *  *  *  *  *  *  .\5
      6\.  *  *  *  *  *  *  *  *  *  .\6
       7\.  *  *  *  W  *  *  *  *  *  B\7
        8\.  *  *  *  *  *  *  *  *  *  .\8
         9\.  *  *  *  *  *  *  *  *  *  W\9
         10\.  *  *  *  *  *  *  *  *  .  w\10
          11\.  *  *  *  .  B  .  *  *  .  w\11
              a  b  c  d  e  f  g  h  i  j  k  
7d467 info: Old: [black, f1] [white, i4] [black, k7] [white, e7] [black, f11] [white, k9] [black, f3] 
7d467 info: New: [black, f1] [white, i4] [black, k7] [white, e7] [black, f11] [white, k9] [black, f3] [white, h1] [black, j3] 
7d467 info: MovesPlayed: [white, h1] [black, j3] 
7d467 info: No subtree to reuse.
7d467 info: StartSearch()[0]
SgUctSearch: max games reached
7d467 info: 
Elapsed Time   0.411015s
Count          1
GamesPlayed    1
Nodes          1
Knowledge      0 (0.0%)
Expansions     0.0
Time           0.00
GameLen        110.0 dev=0.0 min=110.0 max=110.0
InTree         0.0 dev=0.0 min=0.0 max=0.0
KnowDepth      -
Aborted        0%
Games/s        3030.3
Score          1.00
Sequence      
7d467 info: 
7d467 warning: **** MoHexSearch returned empty sequence!
7d467 warning: **** Returning random move!
<= 
<
>genmove w
<= j9
<
>play b b5
7d467 info: Best move cannot be determined, must search state.
7d467 info: --- MoHexPlayer::Search() ---
7d467 info: Color: white
7d467 info: MaxGames: 1
7d467 info: NumberThreads: 1
7d467 info: MaxNodes: 9090 (799920 bytes)
7d467 info: TimeForMove: 1
7d467 info: PreSearch: max time reached (24/79).
7d467 info: Time for PreSearch: 0.202263s
7d467 info: 
  746b221224a4d673
  a  b  c  d  e  f  g  h  i  j  k  
 1\.  .  .  *  .  B  .  W  *  *  .\1
  2\.  .  *  *  *  *  .  *  *  *  .\2
   3\.  *  *  *  *  B  *  *  *  B  .\3
    4\.  *  *  *  *  *  *  *  W  *  .\4
     5\.  *  *  *  *  *  *  *  B  .  .\5
      6\.  *  *  *  *  *  *  *  *  *  .\6
       7\.  *  *  *  W  *  W  *  *  *  B\7
        8\.  *  *  *  *  *  *  *  *  *  .\8
         9\.  *  *  *  *  *  *  *  *  *  W\9
         10\.  *  *  *  *  *  *  *  *  .  w\10
          11\.  *  *  *  .  B  .  *  *  .  w\11
              a  b  c  d  e  f  g  h  i  j  k  
7d467 info: Old: [black, f1] [white, i4] [black, k7] [white, e7] [black, f11] [white, k9] [black, f3] [white, h1] [black, j3] 
7d467 info: New: [black, f1] [white, i4] [black, k7] [white, e7] [black, f11] [white, k9] [black, f3] [white, h1] [black, j3] [white, g7] [black, i5] 
7d467 info: MovesPlayed: [white, g7] [black, i5] 
7d467 info: No subtree to reuse.
7d467 info: StartSearch()[0]
SgUctSearch: max games reached
7d467 info: 
Elapsed Time   0.627929s
Count          1
GamesPlayed    1
Nodes          1
Knowledge      0 (0.0%)
Expansions     0.0
Time           0.00
GameLen        108.0 dev=0.0 min=108.0 max=108.0
InTree         0.0 dev=0.0 min=0.0 max=0.0
KnowDepth      -
Aborted        0%
Games/s        2341.9
Score          1.00
Sequence      
7d467 info: 
7d467 warning: **** MoHexSearch returned empty sequence!
7d467 warning: **** Returning random move!
<= 
<
>genmove w
<= g11
<
>play b a4
7d467 info: Best move cannot be determined, must search state.
7d467 info: --- MoHexPlayer::Search() ---
7d467 info: Color: white
7d467 info: MaxGames: 1
7d467 info: NumberThreads: 1
7d467 info: MaxNodes: 9090 (799920 bytes)
7d467 info: TimeForMove: 1
7d467 info: PreSearch: max time reached (35/75).
7d467 info: Time for PreSearch: 0.200874s
7d467 info: 
  153c31d11767f6a6
  a  b  c  d  e  f  g  h  i  j  k  
 1\.  .  .  *  .  B  .  W  *  *  .\1
  2\.  .  *  *  *  *  .  *  *  *  .\2
   3\.  *  *  *  *  B  *  *  *  B  .\3
    4\.  *  *  *  *  *  *  *  W  *  .\4
     5\.  B  *  *  *  *  *  *  B  .  .\5
      6\.  *  *  *  *  *  *  *  *  *  .\6
       7\.  *  *  *  W  *  W  *  *  .  B\7
        8\.  *  *  *  *  *  *  *  *  .  b\8
         9\.  *  *  *  *  *  *  *  *  W  W\9
         10\.  *  *  *  *  *  *  *  .  w  w\10
          11\.  *  *  *  .  B  .  *  .  w  w\11
              a  b  c  d  e  f  g  h  i  j  k  
7d467 info: Old: [black, f1] [white, i4] [black, k7] [white, e7] [black, f11] [white, k9] [black, f3] [white, h1] [black, j3] [white, g7] [black, i5] 
7d467 info: New: [black, f1] [white, i4] [black, k7] [white, e7] [black, f11] [white, k9] [black, f3] [white, h1] [black, j3] [white, g7] [black, i5] [white, j9] [black, b5] 
7d467 info: MovesPlayed: [white, j9] [black, b5] 
7d467 info: No subtree to reuse.
7d467 info: StartSearch()[0]
SgUctSearch: max games reached
7d467 info: 
Elapsed Time   0.383525s
Count          1
GamesPlayed    1
Nodes          1
Knowledge      0 (0.0%)
Expansions     0.0
Time           0.00
GameLen        103.0 dev=0.0 min=103.0 max=103.0
InTree         0.0 dev=0.0 min=0.0 max=0.0
KnowDepth      -
Aborted        0%
Games/s        2732.2
Score          1.00
Sequence      
7d467 info: 
7d467 warning: **** MoHexSearch returned empty sequence!
7d467 warning: **** Returning random move!
<= 
<
>genmove w
<= j2
<
>play b d2
7d467 info: Best move cannot be determined, must search state.
7d467 info: --- MoHexPlayer::Search() ---
7d467 info: Color: white
7d467 info: MaxGames: 1
7d467 info: NumberThreads: 1
7d467 info: MaxNodes: 9090 (799920 bytes)
7d467 info: TimeForMove: 1
7d467 info: PreSearch: max time reached (39/77).
7d467 info: Time for PreSearch: 0.201678s
7d467 info: 
  ace9cbc459e14eb0
  a  b  c  d  e  f  g  h  i  j  k  
 1\.  .  *  *  .  B  .  W  *  *  .\1
  2\.  *  *  *  *  *  .  *  *  *  .\2
   3\.  *  *  *  *  B  *  *  *  B  .\3
    4\B  *  *  *  *  *  *  *  W  *  .\4
     5\.  B  *  *  *  *  *  *  B  .  .\5
      6\.  *  *  *  *  *  *  *  *  *  .\6
       7\.  *  *  *  W  *  W  *  *  .  B\7
        8\.  *  *  *  *  *  *  *  *  .  b\8
         9\.  *  *  *  *  *  *  *  *  W  W\9
         10\.  *  *  *  *  *  *  *  .  w  w\10
          11\.  *  *  *  .  B  W  *  .  w  w\11
              a  b  c  d  e  f  g  h  i  j  k  
7d467 info: Old: [black, f1] [white, i4] [black, k7] [white, e7] [black, f11] [white, k9] [black, f3] [white, h1] [black, j3] [white, g7] [black, i5] [white, j9] [black, b5] 
7d467 info: New: [black, f1] [white, i4] [black, k7] [white, e7] [black, f11] [white, k9] [black, f3] [white, h1] [black, j3] [white, g7] [black, i5] [white, j9] [black, b5] [white, g11] [black, a4] 
7d467 info: MovesPlayed: [white, g11] [black, a4] 
7d467 info: No subtree to reuse.
7d467 info: StartSearch()[0]
SgUctSearch: max games reached
7d467 info: 
Elapsed Time   0.382129s
Count          1
GamesPlayed    1
Nodes          1
Knowledge      0 (0.0%)
Expansions     0.0
Time           0.00
GameLen        101.0 dev=0.0 min=101.0 max=101.0
InTree         0.0 dev=0.0 min=0.0 max=0.0
KnowDepth      -
Aborted        0%
Games/s        2857.1
Score          1.00
Sequence      
7d467 info: 
7d467 warning: **** MoHexSearch returned empty sequence!
7d467 warning: **** Returning random move!
<= 
<
>genmove w
<= d8
<
>play b a9
7d467 info: Best move cannot be determined, must search state.
7d467 info: --- MoHexPlayer::Search() ---
7d467 info: Color: white
7d467 info: MaxGames: 1
7d467 info: NumberThreads: 1
7d467 info: MaxNodes: 9090 (799920 bytes)
7d467 info: TimeForMove: 1
7d467 info: Winning sequence found before UCT search!
7d467 info: Sequence: d8
<= 
<
>genmove w
<= c8
<
>play b a7
7d467 info: Winning SC.
<= 
<
>genmove w
<= b10
<
>play b f7
7d467 info: Winning SC.
<= 
<
>genmove w
<= f6
<
>play b i3
7d467 info: Best move cannot be determined, must search state.
7d467 info: --- MoHexPlayer::Search() ---
7d467 info: Color: white
7d467 info: MaxGames: 1
7d467 info: NumberThreads: 1
7d467 info: MaxNodes: 9090 (799920 bytes)
7d467 info: TimeForMove: 1
7d467 info: Winning sequence found before UCT search!
7d467 info: Sequence: f6
<= 
<
>genmove w
<= g8
<
>play b g6
7d467 info: Winning SC.
<= 
<
>genmove w
<= e9
<
>play b f8
7d467 info: Winning SC.
<= 
<
>genmove w
<= f9
<
>play b i7
7d467 info: Winning SC.
<= 
<
>genmove w
<= g10
<
>play b i9
7d467 info: Winning SC.
<= 
<
>genmove w
<= i10
<
>play b b9
7d467 info: Winning SC.
<= 
<
>genmove w
<= c9
<
>play b e8
7d467 info: Winning SC.
<= 
<
>genmove w
<= d9
<
>play b a10
7d467 info: Winning SC.
<= 
<
>genmove w
<= a11
<
>play b g9
7d467 info: Winning SC.
<= 
<
>genmove w
<= f10
<
>play b h10
7d467 info: Winning SC.
<= 
<
>genmove w
<= h11
<
>play b resign
7d467 info: Winning SC.
<= 
<
>final_score
<= W+
<
>quit
<= 
<
