# nice ../build/src/mohex/mohex --config mohex-weak.htp --seed 872432 --logfile-name jobs/11x11-mohex-mohex-cg2010-vs-mohex-mohex-weak-1/mohex-mohex-weak-172.log
>boardsize 11 11
MoHex 2.0.CMake Mar 21 2025
Copyright (C) 2007-2012 by the authors of the Benzene project.
This program comes with ABSOLUTELY NO WARRANTY. This is
free software and you are welcome to redistribute it under
certain conditions. Type `benzene-license' for details.

SgRandom::SetSeed: 872432
SgUctSearch: system memory 33632358400, using 1000000000 (5681818 nodes)
SgRandom::SetSeed: 1
SgRandom::SetSeed: 872432
498d7 info: Prior Patterns:
498d7 info: Global:
498d7 info: Size            = 565 32648 
498d7 info: TableEntries    = 65932 65910
498d7 info: MirrorsAdded    = 0 0
498d7 info: PrunableCount   = 30593 30629
498d7 info: LargestGamma    = 5820.77
498d7 info: SmallestGamma   = 6.6e-05
498d7 info: Local:
498d7 info: Size            = 550 5318 
498d7 info: TableEntries    = 11602 11588
498d7 info: MirrorsAdded    = 0 0
498d7 info: PrunableCount   = 3659 3667
498d7 info: LargestGamma    = 11281.8
498d7 info: SmallestGamma   = 0.026235
498d7 info: Playout Patterns:
498d7 info: Global:
498d7 info: Size            = 565 32648 
498d7 info: TableEntries    = 70329 70329
498d7 info: MirrorsAdded    = 4397 4419
498d7 info: PrunableCount   = 30593 30629
498d7 info: LargestGamma    = 5820.77
498d7 info: SmallestGamma   = 6.6e-05
498d7 info: Local:
498d7 info: Size            = 550 5318 
498d7 info: TableEntries    = 11602 11588
498d7 info: MirrorsAdded    = 0 0
498d7 info: PrunableCount   = 3659 3667
498d7 info: LargestGamma    = 11281.8
498d7 info: SmallestGamma   = 0.026235
param_game allow_swap 1
= 

param_mohex max_memory 1600000
= 

param_mohex num_threads 1
= 

param_mohex max_time 1
= 

param_mohex max_games 1
= 

param_mohex knowledge_threshold 400
= 

param_mohex reuse_subtree 1
= 

param_mohex use_parallel_solver 0
= 

<= 
<
>name
<= MoHex
<
>version
<= 2.0.CMake
<
>play b h10
<= 
<
>genmove w
<= swap-pieces
<
>showboard
498d7 info: SwapCheck: reading from '/home/linus/MoHex2.0/nfbranchfix/benzene-vanilla-cmake/share/swap-moves.txt'.
498d7 info: SwapCheck: playing swap.
<= 
< 
<  e680bc835395307d
<  a  b  c  d  e  f  g  h  i  j  k  
< 1\.  .  .  .  .  .  .  .  .  .  .\1
<  2\.  .  .  .  .  .  .  .  .  .  .\2
<   3\.  .  .  .  .  .  .  .  .  .  .\3
<    4\.  .  .  .  .  .  .  .  .  .  .\4
<     5\.  .  .  .  .  .  .  .  .  .  .\5
<      6\.  .  .  .  .  .  .  .  .  .  .\6
<       7\.  .  .  .  .  .  .  .  .  .  .\7
<        8\.  .  .  .  .  .  .  .  .  .  .\8
<         9\.  .  .  .  .  .  .  .  .  .  .\9
<         10\.  .  .  .  .  .  .  B  .  .  .\10
<          11\.  .  .  .  .  .  .  .  .  .  .\11
<              a  b  c  d  e  f  g  h  i  j  k  
<
>play w g5
<= 
<
>showboard
<= 
< 
<  eeec083f7fb059a4
<  a  b  c  d  e  f  g  h  i  j  k  
< 1\.  .  .  .  .  .  .  .  .  .  .\1
<  2\.  .  .  .  .  .  .  .  .  .  .\2
<   3\.  .  .  .  .  .  .  .  .  .  .\3
<    4\.  .  .  .  .  .  .  .  .  .  .\4
<     5\.  .  .  .  .  .  W  .  .  .  .\5
<      6\.  .  .  .  .  .  .  .  .  .  .\6
<       7\.  .  .  .  .  .  .  .  .  .  .\7
<        8\.  .  .  .  .  .  .  .  .  .  .\8
<         9\.  .  .  .  .  .  .  .  .  .  .\9
<         10\.  .  .  .  .  .  .  B  .  .  .\10
<          11\.  .  .  .  .  .  .  .  .  .  .\11
<              a  b  c  d  e  f  g  h  i  j  k  
<
>genmove b
<= g4
<
>showboard
498d7 info: Best move cannot be determined, must search state.
498d7 info: --- MoHexPlayer::Search() ---
498d7 info: Color: black
498d7 info: MaxGames: 1
498d7 info: NumberThreads: 1
498d7 info: MaxNodes: 9090 (799920 bytes)
498d7 info: TimeForMove: 1
498d7 info: PreSearch: max time reached (59/89).
498d7 info: Time for PreSearch: 0.203866s
498d7 info: 
  eeec083f7fb059a4
  a  b  c  d  e  f  g  h  i  j  k  
 1\.  .  .  .  .  .  .  .  .  .  .\1
  2\.  .  *  *  *  *  *  *  *  *  *\2
   3\.  *  *  *  *  *  *  *  *  *  *\3
    4\*  *  *  *  *  *  *  *  *  *  *\4
     5\*  *  *  *  *  *  W  *  *  *  *\5
      6\*  *  *  *  *  *  *  *  *  *  *\6
       7\*  *  *  *  *  *  *  *  *  *  *\7
        8\*  *  *  *  *  *  *  *  *  *  *\8
         9\*  *  *  *  *  *  *  *  *  *  .\9
         10\*  *  *  *  *  *  .  B  .  .  .\10
          11\.  .  .  .  .  b  b  b  b  b  b\11
              a  b  c  d  e  f  g  h  i  j  k  
498d7 info: No subtree to reuse.
498d7 info: Creating thread 0
498d7 info: StartSearch()[0]
SgUctSearch: max games reached
498d7 info: 
Elapsed Time   0.519778s
Count          1
GamesPlayed    1
Nodes          1
Knowledge      0 (0.0%)
Expansions     0.0
Time           0.00
GameLen        113.0 dev=0.0 min=113.0 max=113.0
InTree         0.0 dev=0.0 min=0.0 max=0.0
KnowDepth      -
Aborted        0%
Games/s        422.8
Score          0.00
Sequence      
498d7 info: 
498d7 warning: **** MoHexSearch returned empty sequence!
498d7 warning: **** Returning random move!
<= 
< 
<  8d613d38e96d0150
<  a  b  c  d  e  f  g  h  i  j  k  
< 1\.  .  .  .  .  .  .  .  .  .  .\1
<  2\.  .  .  .  .  .  .  .  .  .  .\2
<   3\.  .  .  .  .  .  .  .  .  .  .\3
<    4\.  .  .  .  .  .  B  .  .  .  .\4
<     5\.  .  .  .  .  .  W  .  .  .  .\5
<      6\.  .  .  .  .  .  .  .  .  .  .\6
<       7\.  .  .  .  .  .  .  .  .  .  .\7
<        8\.  .  .  .  .  .  .  .  .  .  .\8
<         9\.  .  .  .  .  .  .  .  .  .  .\9
<         10\.  .  .  .  .  .  .  B  .  .  .\10
<          11\.  .  .  .  .  .  .  .  .  .  .\11
<              a  b  c  d  e  f  g  h  i  j  k  
<
>play w a3
<= 
<
>showboard
<= 
< 
<  c4f844efe60389be
<  a  b  c  d  e  f  g  h  i  j  k  
< 1\.  .  .  .  .  .  .  .  .  .  .\1
<  2\.  .  .  .  .  .  .  .  .  .  .\2
<   3\W  .  .  .  .  .  .  .  .  .  .\3
<    4\.  .  .  .  .  .  B  .  .  .  .\4
<     5\.  .  .  .  .  .  W  .  .  .  .\5
<      6\.  .  .  .  .  .  .  .  .  .  .\6
<       7\.  .  .  .  .  .  .  .  .  .  .\7
<        8\.  .  .  .  .  .  .  .  .  .  .\8
<         9\.  .  .  .  .  .  .  .  .  .  .\9
<         10\.  .  .  .  .  .  .  B  .  .  .\10
<          11\.  .  .  .  .  .  .  .  .  .  .\11
<              a  b  c  d  e  f  g  h  i  j  k  
<
>genmove b
<= f9
<
>showboard
498d7 info: Best move cannot be determined, must search state.
498d7 info: --- MoHexPlayer::Search() ---
498d7 info: Color: black
498d7 info: MaxGames: 1
498d7 info: NumberThreads: 1
498d7 info: MaxNodes: 9090 (799920 bytes)
498d7 info: TimeForMove: 1
498d7 info: PreSearch: max time reached (52/86).
498d7 info: Time for PreSearch: 0.203343s
498d7 info: 
  c4f844efe60389be
  a  b  c  d  e  f  g  h  i  j  k  
 1\w  .  .  .  .  .  .  .  .  .  .\1
  2\w  .  .  *  *  *  *  *  *  *  *\2
   3\W  *  *  *  *  *  *  *  *  *  *\3
    4\.  *  *  *  *  *  B  *  *  *  *\4
     5\*  *  *  *  *  *  W  *  *  *  *\5
      6\*  *  *  *  *  *  *  *  *  *  *\6
       7\*  *  *  *  *  *  *  *  *  *  *\7
        8\*  *  *  *  *  *  *  *  *  *  *\8
         9\*  *  *  *  *  *  *  *  *  *  .\9
         10\*  *  *  *  *  *  .  B  .  .  .\10
          11\.  .  .  .  .  b  b  b  b  b  b\11
              a  b  c  d  e  f  g  h  i  j  k  
498d7 info: Old: [black, h10] [white, swap-pieces] [white, g5] 
498d7 info: New: [black, h10] [white, swap-pieces] [white, g5] [black, g4] [white, a3] 
498d7 info: MovesPlayed: [black, g4] [white, a3] 
498d7 info: No subtree to reuse.
498d7 info: StartSearch()[0]
SgUctSearch: max games reached
498d7 info: 
Elapsed Time   0.345511s
Count          1
GamesPlayed    1
Nodes          1
Knowledge      0 (0.0%)
Expansions     0.0
Time           0.00
GameLen        109.0 dev=0.0 min=109.0 max=109.0
InTree         0.0 dev=0.0 min=0.0 max=0.0
KnowDepth      -
Aborted        0%
Games/s        3205.1
Score          1.00
Sequence      
498d7 info: 
498d7 warning: **** MoHexSearch returned empty sequence!
498d7 warning: **** Returning random move!
<= 
< 
<  42fffc9c9d43b718
<  a  b  c  d  e  f  g  h  i  j  k  
< 1\.  .  .  .  .  .  .  .  .  .  .\1
<  2\.  .  .  .  .  .  .  .  .  .  .\2
<   3\W  .  .  .  .  .  .  .  .  .  .\3
<    4\.  .  .  .  .  .  B  .  .  .  .\4
<     5\.  .  .  .  .  .  W  .  .  .  .\5
<      6\.  .  .  .  .  .  .  .  .  .  .\6
<       7\.  .  .  .  .  .  .  .  .  .  .\7
<        8\.  .  .  .  .  .  .  .  .  .  .\8
<         9\.  .  .  .  .  B  .  .  .  .  .\9
<         10\.  .  .  .  .  .  .  B  .  .  .\10
<          11\.  .  .  .  .  .  .  .  .  .  .\11
<              a  b  c  d  e  f  g  h  i  j  k  
<
>play w f2
<= 
<
>showboard
<= 
< 
<  b9578dc77ab63543
<  a  b  c  d  e  f  g  h  i  j  k  
< 1\.  .  .  .  .  .  .  .  .  .  .\1
<  2\.  .  .  .  .  W  .  .  .  .  .\2
<   3\W  .  .  .  .  .  .  .  .  .  .\3
<    4\.  .  .  .  .  .  B  .  .  .  .\4
<     5\.  .  .  .  .  .  W  .  .  .  .\5
<      6\.  .  .  .  .  .  .  .  .  .  .\6
<       7\.  .  .  .  .  .  .  .  .  .  .\7
<        8\.  .  .  .  .  .  .  .  .  .  .\8
<         9\.  .  .  .  .  B  .  .  .  .  .\9
<         10\.  .  .  .  .  .  .  B  .  .  .\10
<          11\.  .  .  .  .  .  .  .  .  .  .\11
<              a  b  c  d  e  f  g  h  i  j  k  
<
>genmove b
<= f10
<
>showboard
498d7 info: Best move cannot be determined, must search state.
498d7 info: --- MoHexPlayer::Search() ---
498d7 info: Color: black
498d7 info: MaxGames: 1
498d7 info: NumberThreads: 1
498d7 info: MaxNodes: 9090 (799920 bytes)
498d7 info: TimeForMove: 1
498d7 info: PreSearch: max time reached (59/82).
498d7 info: Time for PreSearch: 0.201355s
498d7 info: 
  b9578dc77ab63543
  a  b  c  d  e  f  g  h  i  j  k  
 1\w  .  .  .  .  .  .  .  .  .  .\1
  2\w  .  .  *  *  W  *  *  *  *  *\2
   3\W  *  *  *  *  *  *  *  *  *  *\3
    4\.  *  *  *  *  *  B  *  *  *  *\4
     5\*  *  *  *  *  *  W  *  *  *  *\5
      6\*  *  *  *  *  *  *  *  *  *  *\6
       7\*  *  *  *  *  *  *  *  *  *  *\7
        8\*  *  *  *  *  *  *  *  *  *  *\8
         9\*  *  *  *  *  B  .  *  *  *  .\9
         10\*  *  .  .  .  .  .  B  .  .  .\10
          11\.  .  .  .  .  b  b  b  b  b  b\11
              a  b  c  d  e  f  g  h  i  j  k  
498d7 info: Old: [black, h10] [white, swap-pieces] [white, g5] [black, g4] [white, a3] 
498d7 info: New: [black, h10] [white, swap-pieces] [white, g5] [black, g4] [white, a3] [black, f9] [white, f2] 
498d7 info: MovesPlayed: [black, f9] [white, f2] 
498d7 info: No subtree to reuse.
498d7 info: StartSearch()[0]
SgUctSearch: max games reached
498d7 info: 
Elapsed Time   0.344691s
Count          1
GamesPlayed    1
Nodes          1
Knowledge      0 (0.0%)
Expansions     0.0
Time           0.00
GameLen        107.0 dev=0.0 min=107.0 max=107.0
InTree         0.0 dev=0.0 min=0.0 max=0.0
KnowDepth      -
Aborted        0%
Games/s        3906.2
Score          0.00
Sequence      
498d7 info: 
498d7 warning: **** MoHexSearch returned empty sequence!
498d7 warning: **** Returning random move!
<= 
< 
<  3f884e73bce3694a
<  a  b  c  d  e  f  g  h  i  j  k  
< 1\.  .  .  .  .  .  .  .  .  .  .\1
<  2\.  .  .  .  .  W  .  .  .  .  .\2
<   3\W  .  .  .  .  .  .  .  .  .  .\3
<    4\.  .  .  .  .  .  B  .  .  .  .\4
<     5\.  .  .  .  .  .  W  .  .  .  .\5
<      6\.  .  .  .  .  .  .  .  .  .  .\6
<       7\.  .  .  .  .  .  .  .  .  .  .\7
<        8\.  .  .  .  .  .  .  .  .  .  .\8
<         9\.  .  .  .  .  B  .  .  .  .  .\9
<         10\.  .  .  .  .  B  .  B  .  .  .\10
<          11\.  .  .  .  .  .  .  .  .  .  .\11
<              a  b  c  d  e  f  g  h  i  j  k  
<
>play w e2
<= 
<
>showboard
<= 
< 
<  3c7ae15c483c57d8
<  a  b  c  d  e  f  g  h  i  j  k  
< 1\.  .  .  .  .  .  .  .  .  .  .\1
<  2\.  .  .  .  W  W  .  .  .  .  .\2
<   3\W  .  .  .  .  .  .  .  .  .  .\3
<    4\.  .  .  .  .  .  B  .  .  .  .\4
<     5\.  .  .  .  .  .  W  .  .  .  .\5
<      6\.  .  .  .  .  .  .  .  .  .  .\6
<       7\.  .  .  .  .  .  .  .  .  .  .\7
<        8\.  .  .  .  .  .  .  .  .  .  .\8
<         9\.  .  .  .  .  B  .  .  .  .  .\9
<         10\.  .  .  .  .  B  .  B  .  .  .\10
<          11\.  .  .  .  .  .  .  .  .  .  .\11
<              a  b  c  d  e  f  g  h  i  j  k  
<
>genmove b
<= h8
<
>showboard
498d7 info: Best move cannot be determined, must search state.
498d7 info: --- MoHexPlayer::Search() ---
498d7 info: Color: black
498d7 info: MaxGames: 1
498d7 info: NumberThreads: 1
498d7 info: MaxNodes: 9090 (799920 bytes)
498d7 info: TimeForMove: 1
498d7 info: PreSearch: max time reached (64/77).
498d7 info: Time for PreSearch: 0.20094s
498d7 info: 
  3c7ae15c483c57d8
  a  b  c  d  e  f  g  h  i  j  k  
 1\w  .  .  .  .  b  .  .  .  .  .\1
  2\w  .  .  *  W  W  *  *  *  *  *\2
   3\W  *  *  *  *  *  *  *  *  *  *\3
    4\.  *  *  *  *  *  B  *  *  *  *\4
     5\*  *  *  *  *  *  W  *  *  *  *\5
      6\*  *  *  *  *  *  *  *  *  *  *\6
       7\*  *  *  *  *  *  *  *  *  *  *\7
        8\*  *  *  *  *  *  *  *  *  *  *\8
         9\*  *  *  *  .  B  .  .  *  .  .\9
         10\*  *  .  .  b  B  b  B  .  .  .\10
          11\.  .  b  b  b  b  b  b  b  b  b\11
              a  b  c  d  e  f  g  h  i  j  k  
498d7 info: Old: [black, h10] [white, swap-pieces] [white, g5] [black, g4] [white, a3] [black, f9] [white, f2] 
498d7 info: New: [black, h10] [white, swap-pieces] [white, g5] [black, g4] [white, a3] [black, f9] [white, f2] [black, f10] [white, e2] 
498d7 info: MovesPlayed: [black, f10] [white, e2] 
498d7 info: No subtree to reuse.
498d7 info: StartSearch()[0]
SgUctSearch: max games reached
498d7 info: 
Elapsed Time   0.53596s
Count          1
GamesPlayed    1
Nodes          1
Knowledge      0 (0.0%)
Expansions     0.0
Time           0.00
GameLen        99.0 dev=0.0 min=99.0 max=99.0
InTree         0.0 dev=0.0 min=0.0 max=0.0
KnowDepth      -
Aborted        0%
Games/s        3289.5
Score          1.00
Sequence      
498d7 info: 
498d7 warning: **** MoHexSearch returned empty sequence!
498d7 warning: **** Returning random move!
<= 
< 
<  4a5ca08440ebf532
<  a  b  c  d  e  f  g  h  i  j  k  
< 1\.  .  .  .  .  .  .  .  .  .  .\1
<  2\.  .  .  .  W  W  .  .  .  .  .\2
<   3\W  .  .  .  .  .  .  .  .  .  .\3
<    4\.  .  .  .  .  .  B  .  .  .  .\4
<     5\.  .  .  .  .  .  W  .  .  .  .\5
<      6\.  .  .  .  .  .  .  .  .  .  .\6
<       7\.  .  .  .  .  .  .  .  .  .  .\7
<        8\.  .  .  .  .  .  .  B  .  .  .\8
<         9\.  .  .  .  .  B  .  .  .  .  .\9
<         10\.  .  .  .  .  B  .  B  .  .  .\10
<          11\.  .  .  .  .  .  .  .  .  .  .\11
<              a  b  c  d  e  f  g  h  i  j  k  
<
>play w e4
<= 
<
>showboard
<= 
< 
<  037817c09c8ac8f1
<  a  b  c  d  e  f  g  h  i  j  k  
< 1\.  .  .  .  .  .  .  .  .  .  .\1
<  2\.  .  .  .  W  W  .  .  .  .  .\2
<   3\W  .  .  .  .  .  .  .  .  .  .\3
<    4\.  .  .  .  W  .  B  .  .  .  .\4
<     5\.  .  .  .  .  .  W  .  .  .  .\5
<      6\.  .  .  .  .  .  .  .  .  .  .\6
<       7\.  .  .  .  .  .  .  .  .  .  .\7
<        8\.  .  .  .  .  .  .  B  .  .  .\8
<         9\.  .  .  .  .  B  .  .  .  .  .\9
<         10\.  .  .  .  .  B  .  B  .  .  .\10
<          11\.  .  .  .  .  .  .  .  .  .  .\11
<              a  b  c  d  e  f  g  h  i  j  k  
<
>genmove b
<= e1
<
>showboard
498d7 info: Best move cannot be determined, must search state.
498d7 info: --- MoHexPlayer::Search() ---
498d7 info: Color: black
498d7 info: MaxGames: 1
498d7 info: NumberThreads: 1
498d7 info: MaxNodes: 9090 (799920 bytes)
498d7 info: TimeForMove: 1
498d7 info: Time for PreSearch: 0.192637s
498d7 info: 
  037817c09c8ac8f1
  a  b  c  d  e  f  g  h  i  j  k  
 1\w  .  .  .  .  b  .  .  .  .  .\1
  2\w  .  .  *  W  W  *  *  *  *  *\2
   3\W  *  *  *  .  *  *  *  *  *  *\3
    4\.  *  *  *  W  *  B  *  *  *  *\4
     5\*  *  *  *  *  *  W  *  *  *  *\5
      6\*  *  *  *  *  *  *  *  *  *  *\6
       7\*  *  *  *  *  *  *  *  *  .  .\7
        8\*  *  *  *  *  *  .  B  .  .  .\8
         9\*  *  *  *  .  B  b  b  b  b  b\9
         10\*  *  .  .  b  B  b  B  b  b  b\10
          11\.  .  b  b  b  b  b  b  b  b  b\11
              a  b  c  d  e  f  g  h  i  j  k  
498d7 info: Old: [black, h10] [white, swap-pieces] [white, g5] [black, g4] [white, a3] [black, f9] [white, f2] [black, f10] [white, e2] 
498d7 info: New: [black, h10] [white, swap-pieces] [white, g5] [black, g4] [white, a3] [black, f9] [white, f2] [black, f10] [white, e2] [black, h8] [white, e4] 
498d7 info: MovesPlayed: [black, h8] [white, e4] 
498d7 info: No subtree to reuse.
498d7 info: StartSearch()[0]
SgUctSearch: max games reached
498d7 info: 
Elapsed Time   0.334772s
Count          1
GamesPlayed    1
Nodes          1
Knowledge      0 (0.0%)
Expansions     0.0
Time           0.00
GameLen        89.0 dev=0.0 min=89.0 max=89.0
InTree         0.0 dev=0.0 min=0.0 max=0.0
KnowDepth      -
Aborted        0%
Games/s        3571.4
Score          0.00
Sequence      
498d7 info: 
498d7 warning: **** MoHexSearch returned empty sequence!
498d7 warning: **** Returning random move!
<= 
< 
<  5b952402fd87744c
<  a  b  c  d  e  f  g  h  i  j  k  
< 1\.  .  .  .  B  .  .  .  .  .  .\1
<  2\.  .  .  .  W  W  .  .  .  .  .\2
<   3\W  .  .  .  .  .  .  .  .  .  .\3
<    4\.  .  .  .  W  .  B  .  .  .  .\4
<     5\.  .  .  .  .  .  W  .  .  .  .\5
<      6\.  .  .  .  .  .  .  .  .  .  .\6
<       7\.  .  .  .  .  .  .  .  .  .  .\7
<        8\.  .  .  .  .  .  .  B  .  .  .\8
<         9\.  .  .  .  .  B  .  .  .  .  .\9
<         10\.  .  .  .  .  B  .  B  .  .  .\10
<          11\.  .  .  .  .  .  .  .  .  .  .\11
<              a  b  c  d  e  f  g  h  i  j  k  
<
>play w b9
<= 
<
>showboard
<= 
< 
<  7df9fe4e88f998f4
<  a  b  c  d  e  f  g  h  i  j  k  
< 1\.  .  .  .  B  .  .  .  .  .  .\1
<  2\.  .  .  .  W  W  .  .  .  .  .\2
<   3\W  .  .  .  .  .  .  .  .  .  .\3
<    4\.  .  .  .  W  .  B  .  .  .  .\4
<     5\.  .  .  .  .  .  W  .  .  .  .\5
<      6\.  .  .  .  .  .  .  .  .  .  .\6
<       7\.  .  .  .  .  .  .  .  .  .  .\7
<        8\.  .  .  .  .  .  .  B  .  .  .\8
<         9\.  W  .  .  .  B  .  .  .  .  .\9
<         10\.  .  .  .  .  B  .  B  .  .  .\10
<          11\.  .  .  .  .  .  .  .  .  .  .\11
<              a  b  c  d  e  f  g  h  i  j  k  
<
>genmove b
<= f7
<
>showboard
498d7 info: Best move cannot be determined, must search state.
498d7 info: --- MoHexPlayer::Search() ---
498d7 info: Color: black
498d7 info: MaxGames: 1
498d7 info: NumberThreads: 1
498d7 info: MaxNodes: 9090 (799920 bytes)
498d7 info: TimeForMove: 1
498d7 info: Time for PreSearch: 0.135142s
498d7 info: 
  7df9fe4e88f998f4
  a  b  c  d  e  f  g  h  i  j  k  
 1\w  .  .  .  B  b  .  .  .  .  .\1
  2\w  .  .  *  W  W  *  *  *  *  *\2
   3\W  *  *  *  .  *  *  *  *  *  *\3
    4\.  *  *  *  W  *  B  *  *  *  *\4
     5\*  *  *  *  *  *  W  *  *  *  *\5
      6\*  *  *  *  *  *  *  *  *  *  *\6
       7\.  *  *  *  *  *  *  *  *  .  .\7
        8\w  .  *  *  *  .  .  B  .  .  .\8
         9\w  W  .  .  .  B  b  b  b  b  b\9
         10\w  b  b  b  b  B  b  B  b  b  b\10
          11\b  b  b  b  b  b  b  b  b  b  b\11
              a  b  c  d  e  f  g  h  i  j  k  
498d7 info: Old: [black, h10] [white, swap-pieces] [white, g5] [black, g4] [white, a3] [black, f9] [white, f2] [black, f10] [white, e2] [black, h8] [white, e4] 
498d7 info: New: [black, h10] [white, swap-pieces] [white, g5] [black, g4] [white, a3] [black, f9] [white, f2] [black, f10] [white, e2] [black, h8] [white, e4] [black, e1] [white, b9] 
498d7 info: MovesPlayed: [black, e1] [white, b9] 
498d7 info: No subtree to reuse.
498d7 info: StartSearch()[0]
SgUctSearch: max games reached
498d7 info: 
Elapsed Time   0.277792s
Count          1
GamesPlayed    1
Nodes          1
Knowledge      0 (0.0%)
Expansions     0.0
Time           0.00
GameLen        79.0 dev=0.0 min=79.0 max=79.0
InTree         0.0 dev=0.0 min=0.0 max=0.0
KnowDepth      -
Aborted        0%
Games/s        3333.3
Score          0.00
Sequence      
498d7 info: 
498d7 warning: **** MoHexSearch returned empty sequence!
498d7 warning: **** Returning random move!
<= 
< 
<  5e39f142c05f25a1
<  a  b  c  d  e  f  g  h  i  j  k  
< 1\.  .  .  .  B  .  .  .  .  .  .\1
<  2\.  .  .  .  W  W  .  .  .  .  .\2
<   3\W  .  .  .  .  .  .  .  .  .  .\3
<    4\.  .  .  .  W  .  B  .  .  .  .\4
<     5\.  .  .  .  .  .  W  .  .  .  .\5
<      6\.  .  .  .  .  .  .  .  .  .  .\6
<       7\.  .  .  .  .  B  .  .  .  .  .\7
<        8\.  .  .  .  .  .  .  B  .  .  .\8
<         9\.  W  .  .  .  B  .  .  .  .  .\9
<         10\.  .  .  .  .  B  .  B  .  .  .\10
<          11\.  .  .  .  .  .  .  .  .  .  .\11
<              a  b  c  d  e  f  g  h  i  j  k  
<
>play w k2
<= 
<
>showboard
<= 
< 
<  b9dafe3471ceeda3
<  a  b  c  d  e  f  g  h  i  j  k  
< 1\.  .  .  .  B  .  .  .  .  .  .\1
<  2\.  .  .  .  W  W  .  .  .  .  W\2
<   3\W  .  .  .  .  .  .  .  .  .  .\3
<    4\.  .  .  .  W  .  B  .  .  .  .\4
<     5\.  .  .  .  .  .  W  .  .  .  .\5
<      6\.  .  .  .  .  .  .  .  .  .  .\6
<       7\.  .  .  .  .  B  .  .  .  .  .\7
<        8\.  .  .  .  .  .  .  B  .  .  .\8
<         9\.  W  .  .  .  B  .  .  .  .  .\9
<         10\.  .  .  .  .  B  .  B  .  .  .\10
<          11\.  .  .  .  .  .  .  .  .  .  .\11
<              a  b  c  d  e  f  g  h  i  j  k  
<
>genmove b
<= a5
<
>showboard
498d7 info: Best move cannot be determined, must search state.
498d7 info: --- MoHexPlayer::Search() ---
498d7 info: Color: black
498d7 info: MaxGames: 1
498d7 info: NumberThreads: 1
498d7 info: MaxNodes: 9090 (799920 bytes)
498d7 info: TimeForMove: 1
498d7 info: Time for PreSearch: 0.131144s
498d7 info: 
  b9dafe3471ceeda3
  a  b  c  d  e  f  g  h  i  j  k  
 1\w  .  .  .  B  b  .  .  .  .  .\1
  2\w  .  .  *  W  W  *  *  *  *  W\2
   3\W  *  *  *  .  *  *  *  *  *  .\3
    4\.  *  *  *  W  *  B  *  *  *  *\4
     5\*  *  *  *  *  *  W  *  *  *  *\5
      6\*  *  *  *  *  *  *  *  *  *  *\6
       7\.  *  *  *  *  B  .  *  *  .  .\7
        8\w  .  *  .  .  .  .  B  .  .  .\8
         9\w  W  .  .  .  B  b  b  b  b  b\9
         10\w  b  b  b  b  B  b  B  b  b  b\10
          11\b  b  b  b  b  b  b  b  b  b  b\11
              a  b  c  d  e  f  g  h  i  j  k  
498d7 info: Old: [black, h10] [white, swap-pieces] [white, g5] [black, g4] [white, a3] [black, f9] [white, f2] [black, f10] [white, e2] [black, h8] [white, e4] [black, e1] [white, b9] 
498d7 info: New: [black, h10] [white, swap-pieces] [white, g5] [black, g4] [white, a3] [black, f9] [white, f2] [black, f10] [white, e2] [black, h8] [white, e4] [black, e1] [white, b9] [black, f7] [white, k2] 
498d7 info: MovesPlayed: [black, f7] [white, k2] 
498d7 info: No subtree to reuse.
498d7 info: StartSearch()[0]
SgUctSearch: max games reached
498d7 info: 
Elapsed Time   0.272729s
Count          1
GamesPlayed    1
Nodes          1
Knowledge      0 (0.0%)
Expansions     0.0
Time           0.00
GameLen        77.0 dev=0.0 min=77.0 max=77.0
InTree         0.0 dev=0.0 min=0.0 max=0.0
KnowDepth      -
Aborted        0%
Games/s        3355.7
Score          0.00
Sequence      
498d7 info: 
498d7 warning: **** MoHexSearch returned empty sequence!
498d7 warning: **** Returning random move!
<= 
< 
<  146bf885076b5eda
<  a  b  c  d  e  f  g  h  i  j  k  
< 1\.  .  .  .  B  .  .  .  .  .  .\1
<  2\.  .  .  .  W  W  .  .  .  .  W\2
<   3\W  .  .  .  .  .  .  .  .  .  .\3
<    4\.  .  .  .  W  .  B  .  .  .  .\4
<     5\B  .  .  .  .  .  W  .  .  .  .\5
<      6\.  .  .  .  .  .  .  .  .  .  .\6
<       7\.  .  .  .  .  B  .  .  .  .  .\7
<        8\.  .  .  .  .  .  .  B  .  .  .\8
<         9\.  W  .  .  .  B  .  .  .  .  .\9
<         10\.  .  .  .  .  B  .  B  .  .  .\10
<          11\.  .  .  .  .  .  .  .  .  .  .\11
<              a  b  c  d  e  f  g  h  i  j  k  
<
>play w f8
<= 
<
>showboard
<= 
< 
<  56fb62eca04eab60
<  a  b  c  d  e  f  g  h  i  j  k  
< 1\.  .  .  .  B  .  .  .  .  .  .\1
<  2\.  .  .  .  W  W  .  .  .  .  W\2
<   3\W  .  .  .  .  .  .  .  .  .  .\3
<    4\.  .  .  .  W  .  B  .  .  .  .\4
<     5\B  .  .  .  .  .  W  .  .  .  .\5
<      6\.  .  .  .  .  .  .  .  .  .  .\6
<       7\.  .  .  .  .  B  .  .  .  .  .\7
<        8\.  .  .  .  .  W  .  B  .  .  .\8
<         9\.  W  .  .  .  B  .  .  .  .  .\9
<         10\.  .  .  .  .  B  .  B  .  .  .\10
<          11\.  .  .  .  .  .  .  .  .  .  .\11
<              a  b  c  d  e  f  g  h  i  j  k  
<
>genmove b
<= j6
<
>showboard
498d7 info: Best move cannot be determined, must search state.
498d7 info: --- MoHexPlayer::Search() ---
498d7 info: Color: black
498d7 info: MaxGames: 1
498d7 info: NumberThreads: 1
498d7 info: MaxNodes: 9090 (799920 bytes)
498d7 info: TimeForMove: 1
498d7 info: Time for PreSearch: 0.108076s
498d7 info: 
  56fb62eca04eab60
  a  b  c  d  e  f  g  h  i  j  k  
 1\w  .  .  .  B  b  .  .  .  .  .\1
  2\w  .  .  *  W  W  *  *  *  *  W\2
   3\W  *  *  *  .  *  *  *  *  *  .\3
    4\.  *  *  *  W  *  B  *  *  *  *\4
     5\B  *  *  *  *  *  W  *  *  *  *\5
      6\*  *  *  *  *  *  *  *  *  *  *\6
       7\.  *  *  *  *  B  *  *  *  .  .\7
        8\w  .  *  *  *  W  .  B  .  .  .\8
         9\w  W  .  .  .  B  b  b  b  b  b\9
         10\w  b  b  b  b  B  b  B  b  b  b\10
          11\b  b  b  b  b  b  b  b  b  b  b\11
              a  b  c  d  e  f  g  h  i  j  k  
498d7 info: Old: [black, h10] [white, swap-pieces] [white, g5] [black, g4] [white, a3] [black, f9] [white, f2] [black, f10] [white, e2] [black, h8] [white, e4] [black, e1] [white, b9] [black, f7] [white, k2] 
498d7 info: New: [black, h10] [white, swap-pieces] [white, g5] [black, g4] [white, a3] [black, f9] [white, f2] [black, f10] [white, e2] [black, h8] [white, e4] [black, e1] [white, b9] [black, f7] [white, k2] [black, a5] [white, f8] 
498d7 info: MovesPlayed: [black, a5] [white, f8] 
498d7 info: No subtree to reuse.
498d7 info: StartSearch()[0]
SgUctSearch: max games reached
498d7 info: 
Elapsed Time   0.248529s
Count          1
GamesPlayed    1
Nodes          1
Knowledge      0 (0.0%)
Expansions     0.0
Time           0.00
GameLen        75.0 dev=0.0 min=75.0 max=75.0
InTree         0.0 dev=0.0 min=0.0 max=0.0
KnowDepth      -
Aborted        0%
Games/s        3802.3
Score          1.00
Sequence      
498d7 info: 
498d7 warning: **** MoHexSearch returned empty sequence!
498d7 warning: **** Returning random move!
<= 
< 
<  45dafb6962df77c1
<  a  b  c  d  e  f  g  h  i  j  k  
< 1\.  .  .  .  B  .  .  .  .  .  .\1
<  2\.  .  .  .  W  W  .  .  .  .  W\2
<   3\W  .  .  .  .  .  .  .  .  .  .\3
<    4\.  .  .  .  W  .  B  .  .  .  .\4
<     5\B  .  .  .  .  .  W  .  .  .  .\5
<      6\.  .  .  .  .  .  .  .  .  B  .\6
<       7\.  .  .  .  .  B  .  .  .  .  .\7
<        8\.  .  .  .  .  W  .  B  .  .  .\8
<         9\.  W  .  .  .  B  .  .  .  .  .\9
<         10\.  .  .  .  .  B  .  B  .  .  .\10
<          11\.  .  .  .  .  .  .  .  .  .  .\11
<              a  b  c  d  e  f  g  h  i  j  k  
<
>play w g2
<= 
<
>showboard
<= 
< 
<  dce87da04b55ffa9
<  a  b  c  d  e  f  g  h  i  j  k  
< 1\.  .  .  .  B  .  .  .  .  .  .\1
<  2\.  .  .  .  W  W  W  .  .  .  W\2
<   3\W  .  .  .  .  .  .  .  .  .  .\3
<    4\.  .  .  .  W  .  B  .  .  .  .\4
<     5\B  .  .  .  .  .  W  .  .  .  .\5
<      6\.  .  .  .  .  .  .  .  .  B  .\6
<       7\.  .  .  .  .  B  .  .  .  .  .\7
<        8\.  .  .  .  .  W  .  B  .  .  .\8
<         9\.  W  .  .  .  B  .  .  .  .  .\9
<         10\.  .  .  .  .  B  .  B  .  .  .\10
<          11\.  .  .  .  .  .  .  .  .  .  .\11
<              a  b  c  d  e  f  g  h  i  j  k  
<
>genmove b
<= c7
<
>showboard
498d7 info: Best move cannot be determined, must search state.
498d7 info: --- MoHexPlayer::Search() ---
498d7 info: Color: black
498d7 info: MaxGames: 1
498d7 info: NumberThreads: 1
498d7 info: MaxNodes: 9090 (799920 bytes)
498d7 info: TimeForMove: 1
498d7 info: Time for PreSearch: 0.086458s
498d7 info: 
  dce87da04b55ffa9
  a  b  c  d  e  f  g  h  i  j  k  
 1\w  .  .  .  B  b  b  .  .  .  .\1
  2\w  .  .  *  W  W  W  *  *  *  W\2
   3\W  *  *  *  w  w  .  *  *  *  .\3
    4\.  *  *  *  W  .  B  *  *  *  *\4
     5\B  *  *  *  *  *  W  *  *  *  .\5
      6\*  *  *  *  *  *  *  *  *  B  .\6
       7\.  *  *  *  *  B  *  *  .  .  .\7
        8\w  .  *  *  *  W  .  B  .  .  .\8
         9\w  W  .  .  .  B  b  b  b  b  b\9
         10\w  b  b  b  b  B  b  B  b  b  b\10
          11\b  b  b  b  b  b  b  b  b  b  b\11
              a  b  c  d  e  f  g  h  i  j  k  
498d7 info: Old: [black, h10] [white, swap-pieces] [white, g5] [black, g4] [white, a3] [black, f9] [white, f2] [black, f10] [white, e2] [black, h8] [white, e4] [black, e1] [white, b9] [black, f7] [white, k2] [black, a5] [white, f8] 
498d7 info: New: [black, h10] [white, swap-pieces] [white, g5] [black, g4] [white, a3] [black, f9] [white, f2] [black, f10] [white, e2] [black, h8] [white, e4] [black, e1] [white, b9] [black, f7] [white, k2] [black, a5] [white, f8] [black, j6] [white, g2] 
498d7 info: MovesPlayed: [black, j6] [white, g2] 
498d7 info: No subtree to reuse.
498d7 info: StartSearch()[0]
SgUctSearch: max games reached
498d7 info: 
Elapsed Time   0.226646s
Count          1
GamesPlayed    1
Nodes          1
Knowledge      0 (0.0%)
Expansions     0.0
Time           0.00
GameLen        70.0 dev=0.0 min=70.0 max=70.0
InTree         0.0 dev=0.0 min=0.0 max=0.0
KnowDepth      -
Aborted        0%
Games/s        3731.3
Score          1.00
Sequence      
498d7 info: 
498d7 warning: **** MoHexSearch returned empty sequence!
498d7 warning: **** Returning random move!
<= 
< 
<  398b6693eb883b1e
<  a  b  c  d  e  f  g  h  i  j  k  
< 1\.  .  .  .  B  .  .  .  .  .  .\1
<  2\.  .  .  .  W  W  W  .  .  .  W\2
<   3\W  .  .  .  .  .  .  .  .  .  .\3
<    4\.  .  .  .  W  .  B  .  .  .  .\4
<     5\B  .  .  .  .  .  W  .  .  .  .\5
<      6\.  .  .  .  .  .  .  .  .  B  .\6
<       7\.  .  B  .  .  B  .  .  .  .  .\7
<        8\.  .  .  .  .  W  .  B  .  .  .\8
<         9\.  W  .  .  .  B  .  .  .  .  .\9
<         10\.  .  .  .  .  B  .  B  .  .  .\10
<          11\.  .  .  .  .  .  .  .  .  .  .\11
<              a  b  c  d  e  f  g  h  i  j  k  
<
>play w h4
<= 
<
>showboard
<= 
< 
<  b73575b15dfee906
<  a  b  c  d  e  f  g  h  i  j  k  
< 1\.  .  .  .  B  .  .  .  .  .  .\1
<  2\.  .  .  .  W  W  W  .  .  .  W\2
<   3\W  .  .  .  .  .  .  .  .  .  .\3
<    4\.  .  .  .  W  .  B  W  .  .  .\4
<     5\B  .  .  .  .  .  W  .  .  .  .\5
<      6\.  .  .  .  .  .  .  .  .  B  .\6
<       7\.  .  B  .  .  B  .  .  .  .  .\7
<        8\.  .  .  .  .  W  .  B  .  .  .\8
<         9\.  W  .  .  .  B  .  .  .  .  .\9
<         10\.  .  .  .  .  B  .  B  .  .  .\10
<          11\.  .  .  .  .  .  .  .  .  .  .\11
<              a  b  c  d  e  f  g  h  i  j  k  
<
>genmove b
<= d3
<
>showboard
498d7 info: Opponent has won; playing most blocking move.
<= 
< 
<  2e7926cf36e3e6d1
<  a  b  c  d  e  f  g  h  i  j  k  
< 1\.  .  .  .  B  .  .  .  .  .  .\1
<  2\.  .  .  .  W  W  W  .  .  .  W\2
<   3\W  .  .  B  .  .  .  .  .  .  .\3
<    4\.  .  .  .  W  .  B  W  .  .  .\4
<     5\B  .  .  .  .  .  W  .  .  .  .\5
<      6\.  .  .  .  .  .  .  .  .  B  .\6
<       7\.  .  B  .  .  B  .  .  .  .  .\7
<        8\.  .  .  .  .  W  .  B  .  .  .\8
<         9\.  W  .  .  .  B  .  .  .  .  .\9
<         10\.  .  .  .  .  B  .  B  .  .  .\10
<          11\.  .  .  .  .  .  .  .  .  .  .\11
<              a  b  c  d  e  f  g  h  i  j  k  
<
>play w c5
<= 
<
>showboard
<= 
< 
<  693ba854d24009b1
<  a  b  c  d  e  f  g  h  i  j  k  
< 1\.  .  .  .  B  .  .  .  .  .  .\1
<  2\.  .  .  .  W  W  W  .  .  .  W\2
<   3\W  .  .  B  .  .  .  .  .  .  .\3
<    4\.  .  .  .  W  .  B  W  .  .  .\4
<     5\B  .  W  .  .  .  W  .  .  .  .\5
<      6\.  .  .  .  .  .  .  .  .  B  .\6
<       7\.  .  B  .  .  B  .  .  .  .  .\7
<        8\.  .  .  .  .  W  .  B  .  .  .\8
<         9\.  W  .  .  .  B  .  .  .  .  .\9
<         10\.  .  .  .  .  B  .  B  .  .  .\10
<          11\.  .  .  .  .  .  .  .  .  .  .\11
<              a  b  c  d  e  f  g  h  i  j  k  
<
>genmove b
<= d4
<
>showboard
498d7 info: Opponent has won; playing most blocking move.
<= 
< 
<  5ccebdce2befdc99
<  a  b  c  d  e  f  g  h  i  j  k  
< 1\.  .  .  .  B  .  .  .  .  .  .\1
<  2\.  .  .  .  W  W  W  .  .  .  W\2
<   3\W  .  .  B  .  .  .  .  .  .  .\3
<    4\.  .  .  B  W  .  B  W  .  .  .\4
<     5\B  .  W  .  .  .  W  .  .  .  .\5
<      6\.  .  .  .  .  .  .  .  .  B  .\6
<       7\.  .  B  .  .  B  .  .  .  .  .\7
<        8\.  .  .  .  .  W  .  B  .  .  .\8
<         9\.  W  .  .  .  B  .  .  .  .  .\9
<         10\.  .  .  .  .  B  .  B  .  .  .\10
<          11\.  .  .  .  .  .  .  .  .  .  .\11
<              a  b  c  d  e  f  g  h  i  j  k  
<
>play w d5
<= 
<
>showboard
<= 
< 
<  2004569cba2a14c0
<  a  b  c  d  e  f  g  h  i  j  k  
< 1\.  .  .  .  B  .  .  .  .  .  .\1
<  2\.  .  .  .  W  W  W  .  .  .  W\2
<   3\W  .  .  B  .  .  .  .  .  .  .\3
<    4\.  .  .  B  W  .  B  W  .  .  .\4
<     5\B  .  W  W  .  .  W  .  .  .  .\5
<      6\.  .  .  .  .  .  .  .  .  B  .\6
<       7\.  .  B  .  .  B  .  .  .  .  .\7
<        8\.  .  .  .  .  W  .  B  .  .  .\8
<         9\.  W  .  .  .  B  .  .  .  .  .\9
<         10\.  .  .  .  .  B  .  B  .  .  .\10
<          11\.  .  .  .  .  .  .  .  .  .  .\11
<              a  b  c  d  e  f  g  h  i  j  k  
<
>genmove b
<= b3
<
>showboard
498d7 info: Opponent has won; playing most blocking move.
<= 
< 
<  ccfbc54b39c05c39
<  a  b  c  d  e  f  g  h  i  j  k  
< 1\.  .  .  .  B  .  .  .  .  .  .\1
<  2\.  .  .  .  W  W  W  .  .  .  W\2
<   3\W  B  .  B  .  .  .  .  .  .  .\3
<    4\.  .  .  B  W  .  B  W  .  .  .\4
<     5\B  .  W  W  .  .  W  .  .  .  .\5
<      6\.  .  .  .  .  .  .  .  .  B  .\6
<       7\.  .  B  .  .  B  .  .  .  .  .\7
<        8\.  .  .  .  .  W  .  B  .  .  .\8
<         9\.  W  .  .  .  B  .  .  .  .  .\9
<         10\.  .  .  .  .  B  .  B  .  .  .\10
<          11\.  .  .  .  .  .  .  .  .  .  .\11
<              a  b  c  d  e  f  g  h  i  j  k  
<
>play w b6
<= 
<
>showboard
<= 
< 
<  d15d1702f117b806
<  a  b  c  d  e  f  g  h  i  j  k  
< 1\.  .  .  .  B  .  .  .  .  .  .\1
<  2\.  .  .  .  W  W  W  .  .  .  W\2
<   3\W  B  .  B  .  .  .  .  .  .  .\3
<    4\.  .  .  B  W  .  B  W  .  .  .\4
<     5\B  .  W  W  .  .  W  .  .  .  .\5
<      6\.  W  .  .  .  .  .  .  .  B  .\6
<       7\.  .  B  .  .  B  .  .  .  .  .\7
<        8\.  .  .  .  .  W  .  B  .  .  .\8
<         9\.  W  .  .  .  B  .  .  .  .  .\9
<         10\.  .  .  .  .  B  .  B  .  .  .\10
<          11\.  .  .  .  .  .  .  .  .  .  .\11
<              a  b  c  d  e  f  g  h  i  j  k  
<
>genmove b
<= h3
<
>showboard
498d7 info: Opponent has won; playing most blocking move.
<= 
< 
<  3f643c0344250b55
<  a  b  c  d  e  f  g  h  i  j  k  
< 1\.  .  .  .  B  .  .  .  .  .  .\1
<  2\.  .  .  .  W  W  W  .  .  .  W\2
<   3\W  B  .  B  .  .  .  B  .  .  .\3
<    4\.  .  .  B  W  .  B  W  .  .  .\4
<     5\B  .  W  W  .  .  W  .  .  .  .\5
<      6\.  W  .  .  .  .  .  .  .  B  .\6
<       7\.  .  B  .  .  B  .  .  .  .  .\7
<        8\.  .  .  .  .  W  .  B  .  .  .\8
<         9\.  W  .  .  .  B  .  .  .  .  .\9
<         10\.  .  .  .  .  B  .  B  .  .  .\10
<          11\.  .  .  .  .  .  .  .  .  .  .\11
<              a  b  c  d  e  f  g  h  i  j  k  
<
>play w j2
<= 
<
>showboard
<= 
< 
<  8d02a23aee97ce13
<  a  b  c  d  e  f  g  h  i  j  k  
< 1\.  .  .  .  B  .  .  .  .  .  .\1
<  2\.  .  .  .  W  W  W  .  .  W  W\2
<   3\W  B  .  B  .  .  .  B  .  .  .\3
<    4\.  .  .  B  W  .  B  W  .  .  .\4
<     5\B  .  W  W  .  .  W  .  .  .  .\5
<      6\.  W  .  .  .  .  .  .  .  B  .\6
<       7\.  .  B  .  .  B  .  .  .  .  .\7
<        8\.  .  .  .  .  W  .  B  .  .  .\8
<         9\.  W  .  .  .  B  .  .  .  .  .\9
<         10\.  .  .  .  .  B  .  B  .  .  .\10
<          11\.  .  .  .  .  .  .  .  .  .  .\11
<              a  b  c  d  e  f  g  h  i  j  k  
<
>genmove b
<= i4
<
>showboard
498d7 info: Opponent has won; playing most blocking move.
<= 
< 
<  dbd4b7c1eb6c5a8e
<  a  b  c  d  e  f  g  h  i  j  k  
< 1\.  .  .  .  B  .  .  .  .  .  .\1
<  2\.  .  .  .  W  W  W  .  .  W  W\2
<   3\W  B  .  B  .  .  .  B  .  .  .\3
<    4\.  .  .  B  W  .  B  W  B  .  .\4
<     5\B  .  W  W  .  .  W  .  .  .  .\5
<      6\.  W  .  .  .  .  .  .  .  B  .\6
<       7\.  .  B  .  .  B  .  .  .  .  .\7
<        8\.  .  .  .  .  W  .  B  .  .  .\8
<         9\.  W  .  .  .  B  .  .  .  .  .\9
<         10\.  .  .  .  .  B  .  B  .  .  .\10
<          11\.  .  .  .  .  .  .  .  .  .  .\11
<              a  b  c  d  e  f  g  h  i  j  k  
<
>play w i1
<= 
<
>showboard
<= 
< 
<  b3a171358731bbbb
<  a  b  c  d  e  f  g  h  i  j  k  
< 1\.  .  .  .  B  .  .  .  W  .  .\1
<  2\.  .  .  .  W  W  W  .  .  W  W\2
<   3\W  B  .  B  .  .  .  B  .  .  .\3
<    4\.  .  .  B  W  .  B  W  B  .  .\4
<     5\B  .  W  W  .  .  W  .  .  .  .\5
<      6\.  W  .  .  .  .  .  .  .  B  .\6
<       7\.  .  B  .  .  B  .  .  .  .  .\7
<        8\.  .  .  .  .  W  .  B  .  .  .\8
<         9\.  W  .  .  .  B  .  .  .  .  .\9
<         10\.  .  .  .  .  B  .  B  .  .  .\10
<          11\.  .  .  .  .  .  .  .  .  .  .\11
<              a  b  c  d  e  f  g  h  i  j  k  
<
>genmove b
<= h1
<
>showboard
498d7 info: Captured cells caused win! Removing...
498d7 info: Opponent has won; playing most blocking move.
<= 
< 
<  62a32f4623a13674
<  a  b  c  d  e  f  g  h  i  j  k  
< 1\.  .  .  .  B  .  .  B  W  .  .\1
<  2\.  .  .  .  W  W  W  .  .  W  W\2
<   3\W  B  .  B  .  .  .  B  .  .  .\3
<    4\.  .  .  B  W  .  B  W  B  .  .\4
<     5\B  .  W  W  .  .  W  .  .  .  .\5
<      6\.  W  .  .  .  .  .  .  .  B  .\6
<       7\.  .  B  .  .  B  .  .  .  .  .\7
<        8\.  .  .  .  .  W  .  B  .  .  .\8
<         9\.  W  .  .  .  B  .  .  .  .  .\9
<         10\.  .  .  .  .  B  .  B  .  .  .\10
<          11\.  .  .  .  .  .  .  .  .  .  .\11
<              a  b  c  d  e  f  g  h  i  j  k  
<
>play w h2
<= 
<
>showboard
<= 
< 
<  00f66017dac15a78
<  a  b  c  d  e  f  g  h  i  j  k  
< 1\.  .  .  .  B  .  .  B  W  .  .\1
<  2\.  .  .  .  W  W  W  W  .  W  W\2
<   3\W  B  .  B  .  .  .  B  .  .  .\3
<    4\.  .  .  B  W  .  B  W  B  .  .\4
<     5\B  .  W  W  .  .  W  .  .  .  .\5
<      6\.  W  .  .  .  .  .  .  .  B  .\6
<       7\.  .  B  .  .  B  .  .  .  .  .\7
<        8\.  .  .  .  .  W  .  B  .  .  .\8
<         9\.  W  .  .  .  B  .  .  .  .  .\9
<         10\.  .  .  .  .  B  .  B  .  .  .\10
<          11\.  .  .  .  .  .  .  .  .  .  .\11
<              a  b  c  d  e  f  g  h  i  j  k  
<
>genmove b
<= i2
<
>showboard
498d7 info: Captured cells caused win! Removing...
498d7 info: Opponent has won; playing most blocking move.
<= 
< 
<  b0a93bab9e404d2a
<  a  b  c  d  e  f  g  h  i  j  k  
< 1\.  .  .  .  B  .  .  B  W  .  .\1
<  2\.  .  .  .  W  W  W  W  B  W  W\2
<   3\W  B  .  B  .  .  .  B  .  .  .\3
<    4\.  .  .  B  W  .  B  W  B  .  .\4
<     5\B  .  W  W  .  .  W  .  .  .  .\5
<      6\.  W  .  .  .  .  .  .  .  B  .\6
<       7\.  .  B  .  .  B  .  .  .  .  .\7
<        8\.  .  .  .  .  W  .  B  .  .  .\8
<         9\.  W  .  .  .  B  .  .  .  .  .\9
<         10\.  .  .  .  .  B  .  B  .  .  .\10
<          11\.  .  .  .  .  .  .  .  .  .  .\11
<              a  b  c  d  e  f  g  h  i  j  k  
<
>play w j1
<= 
<
>showboard
<= 
< 
<  bc4bf8fc23913d60
<  a  b  c  d  e  f  g  h  i  j  k  
< 1\.  .  .  .  B  .  .  B  W  W  .\1
<  2\.  .  .  .  W  W  W  W  B  W  W\2
<   3\W  B  .  B  .  .  .  B  .  .  .\3
<    4\.  .  .  B  W  .  B  W  B  .  .\4
<     5\B  .  W  W  .  .  W  .  .  .  .\5
<      6\.  W  .  .  .  .  .  .  .  B  .\6
<       7\.  .  B  .  .  B  .  .  .  .  .\7
<        8\.  .  .  .  .  W  .  B  .  .  .\8
<         9\.  W  .  .  .  B  .  .  .  .  .\9
<         10\.  .  .  .  .  B  .  B  .  .  .\10
<          11\.  .  .  .  .  .  .  .  .  .  .\11
<              a  b  c  d  e  f  g  h  i  j  k  
<
>genmove b
<= a7
<
>showboard
498d7 info: Captured cells caused win! Removing...
498d7 info: Opponent has won; playing most blocking move.
<= 
< 
<  25c36dac4f5a9b16
<  a  b  c  d  e  f  g  h  i  j  k  
< 1\.  .  .  .  B  .  .  B  W  W  .\1
<  2\.  .  .  .  W  W  W  W  B  W  W\2
<   3\W  B  .  B  .  .  .  B  .  .  .\3
<    4\.  .  .  B  W  .  B  W  B  .  .\4
<     5\B  .  W  W  .  .  W  .  .  .  .\5
<      6\.  W  .  .  .  .  .  .  .  B  .\6
<       7\B  .  B  .  .  B  .  .  .  .  .\7
<        8\.  .  .  .  .  W  .  B  .  .  .\8
<         9\.  W  .  .  .  B  .  .  .  .  .\9
<         10\.  .  .  .  .  B  .  B  .  .  .\10
<          11\.  .  .  .  .  .  .  .  .  .  .\11
<              a  b  c  d  e  f  g  h  i  j  k  
<
>play w a6
<= 
<
>showboard
<= 
< 
<  48edc9e77c304a68
<  a  b  c  d  e  f  g  h  i  j  k  
< 1\.  .  .  .  B  .  .  B  W  W  .\1
<  2\.  .  .  .  W  W  W  W  B  W  W\2
<   3\W  B  .  B  .  .  .  B  .  .  .\3
<    4\.  .  .  B  W  .  B  W  B  .  .\4
<     5\B  .  W  W  .  .  W  .  .  .  .\5
<      6\W  W  .  .  .  .  .  .  .  B  .\6
<       7\B  .  B  .  .  B  .  .  .  .  .\7
<        8\.  .  .  .  .  W  .  B  .  .  .\8
<         9\.  W  .  .  .  B  .  .  .  .  .\9
<         10\.  .  .  .  .  B  .  B  .  .  .\10
<          11\.  .  .  .  .  .  .  .  .  .  .\11
<              a  b  c  d  e  f  g  h  i  j  k  
<
>genmove b
<= f3
<
>showboard
498d7 info: Captured cells caused win! Removing...
498d7 info: Opponent has won; playing most blocking move.
<= 
< 
<  c2535461f14e3a43
<  a  b  c  d  e  f  g  h  i  j  k  
< 1\.  .  .  .  B  .  .  B  W  W  .\1
<  2\.  .  .  .  W  W  W  W  B  W  W\2
<   3\W  B  .  B  .  B  .  B  .  .  .\3
<    4\.  .  .  B  W  .  B  W  B  .  .\4
<     5\B  .  W  W  .  .  W  .  .  .  .\5
<      6\W  W  .  .  .  .  .  .  .  B  .\6
<       7\B  .  B  .  .  B  .  .  .  .  .\7
<        8\.  .  .  .  .  W  .  B  .  .  .\8
<         9\.  W  .  .  .  B  .  .  .  .  .\9
<         10\.  .  .  .  .  B  .  B  .  .  .\10
<          11\.  .  .  .  .  .  .  .  .  .  .\11
<              a  b  c  d  e  f  g  h  i  j  k  
<
>play w e3
<= 
<
>showboard
<= 
< 
<  2c17f5c6b0429999
<  a  b  c  d  e  f  g  h  i  j  k  
< 1\.  .  .  .  B  .  .  B  W  W  .\1
<  2\.  .  .  .  W  W  W  W  B  W  W\2
<   3\W  B  .  B  W  B  .  B  .  .  .\3
<    4\.  .  .  B  W  .  B  W  B  .  .\4
<     5\B  .  W  W  .  .  W  .  .  .  .\5
<      6\W  W  .  .  .  .  .  .  .  B  .\6
<       7\B  .  B  .  .  B  .  .  .  .  .\7
<        8\.  .  .  .  .  W  .  B  .  .  .\8
<         9\.  W  .  .  .  B  .  .  .  .  .\9
<         10\.  .  .  .  .  B  .  B  .  .  .\10
<          11\.  .  .  .  .  .  .  .  .  .  .\11
<              a  b  c  d  e  f  g  h  i  j  k  
<
>genmove b
<= resign
<
>showboard
<= 
< 
<  2c17f5c6b0429999
<  a  b  c  d  e  f  g  h  i  j  k  
< 1\.  .  .  .  B  .  .  B  W  W  .\1
<  2\.  .  .  .  W  W  W  W  B  W  W\2
<   3\W  B  .  B  W  B  .  B  .  .  .\3
<    4\.  .  .  B  W  .  B  W  B  .  .\4
<     5\B  .  W  W  .  .  W  .  .  .  .\5
<      6\W  W  .  .  .  .  .  .  .  B  .\6
<       7\B  .  B  .  .  B  .  .  .  .  .\7
<        8\.  .  .  .  .  W  .  B  .  .  .\8
<         9\.  W  .  .  .  B  .  .  .  .  .\9
<         10\.  .  .  .  .  B  .  B  .  .  .\10
<          11\.  .  .  .  .  .  .  .  .  .  .\11
<              a  b  c  d  e  f  g  h  i  j  k  
<
>final_score
<= W+
<
>quit
<= 
<
