167b7 config: MoHex v2.0.CMake Mar 21 2025.
167b7 config: ============ InitializeSystem ============
167b7 config: BenzeneProgram::InitRandom()
167b7 config: Seed = 251805
167b7 info: Prior Patterns:
167b7 info: Global:
167b7 info: Size            = 565 32648 
167b7 info: TableEntries    = 65932 65910
167b7 info: MirrorsAdded    = 0 0
167b7 info: PrunableCount   = 30593 30629
167b7 info: LargestGamma    = 5820.77
167b7 info: SmallestGamma   = 6.6e-05
167b7 info: Local:
167b7 info: Size            = 550 5318 
167b7 info: TableEntries    = 11602 11588
167b7 info: MirrorsAdded    = 0 0
167b7 info: PrunableCount   = 3659 3667
167b7 info: LargestGamma    = 11281.8
167b7 info: SmallestGamma   = 0.026235
167b7 info: Playout Patterns:
167b7 info: Global:
167b7 info: Size            = 565 32648 
167b7 info: TableEntries    = 70329 70329
167b7 info: MirrorsAdded    = 4397 4419
167b7 info: PrunableCount   = 30593 30629
167b7 info: LargestGamma    = 5820.77
167b7 info: SmallestGamma   = 6.6e-05
167b7 info: Local:
167b7 info: Size            = 550 5318 
167b7 info: TableEntries    = 11602 11588
167b7 info: MirrorsAdded    = 0 0
167b7 info: PrunableCount   = 3659 3667
167b7 info: LargestGamma    = 11281.8
167b7 info: SmallestGamma   = 0.026235
167b7 config: IcePatternSet: reading from '/home/linus/MoHex2.0/nfbranchfix/benzene-vanilla-cmake/share/ice-patterns.txt'.
167b7 config: IcePatternSet: parsed 708 patterns.
167b7 config: VCS: reading captured set patterns from '/home/linus/MoHex2.0/nfbranchfix/benzene-vanilla-cmake/share/vc-captured-set.txt'.
167b7 config: VCS:: parsed 2 patterns.
167b7 config: VCS: reading captured set patterns from '/home/linus/MoHex2.0/nfbranchfix/benzene-vanilla-cmake/share/vc-captured-set.txt'.
167b7 config: VCS:: parsed 2 patterns.
167b7 config: IcePatternSet: reading from '/home/linus/MoHex2.0/nfbranchfix/benzene-vanilla-cmake/share/ice-patterns.txt'.
167b7 config: IcePatternSet: parsed 708 patterns.
167b7 config: VCS: reading captured set patterns from '/home/linus/MoHex2.0/nfbranchfix/benzene-vanilla-cmake/share/vc-captured-set.txt'.
167b7 config: VCS:: parsed 2 patterns.
167b7 config: VCS: reading captured set patterns from '/home/linus/MoHex2.0/nfbranchfix/benzene-vanilla-cmake/share/vc-captured-set.txt'.
167b7 config: VCS:: parsed 2 patterns.
167b7 config: VCS: reading captured set patterns from '/home/linus/MoHex2.0/nfbranchfix/benzene-vanilla-cmake/share/vc-captured-set.txt'.
167b7 config: VCS:: parsed 2 patterns.
167b7 config: VCS: reading captured set patterns from '/home/linus/MoHex2.0/nfbranchfix/benzene-vanilla-cmake/share/vc-captured-set.txt'.
167b7 config: VCS:: parsed 2 patterns.
167b7 config: VCS: reading captured set patterns from '/home/linus/MoHex2.0/nfbranchfix/benzene-vanilla-cmake/share/vc-captured-set.txt'.
167b7 config: VCS:: parsed 2 patterns.
167b7 config: VCS: reading captured set patterns from '/home/linus/MoHex2.0/nfbranchfix/benzene-vanilla-cmake/share/vc-captured-set.txt'.
167b7 config: VCS:: parsed 2 patterns.
167b7 info: SwapCheck: reading from '/home/linus/MoHex2.0/nfbranchfix/benzene-vanilla-cmake/share/swap-moves.txt'.
167b7 info: SwapCheck: playing swap.
167b7 config: VCPattern: loading pattern templates from '/home/linus/MoHex2.0/nfbranchfix/benzene-vanilla-cmake/share/vc-patterns.txt'.
167b7 info: Best move cannot be determined, must search state.
167b7 info: --- MoHexPlayer::Search() ---
167b7 info: Color: black
167b7 info: MaxGames: 1
167b7 info: NumberThreads: 1
167b7 info: MaxNodes: 9090 (799920 bytes)
167b7 info: TimeForMove: 1
167b7 info: PreSearch: max time reached (65/89).
167b7 info: Time for PreSearch: 0.202192s
167b7 info: 
  0193a722e68ab9a8
  a  b  c  d  e  f  g  h  i  j  k  
 1\b  b  b  b  b  .  .  .  .  .  .\1
  2\b  b  B  .  *  *  *  *  *  *  *\2
   3\.  .  *  *  *  *  *  *  *  *  *\3
    4\*  *  *  *  *  *  *  *  *  *  *\4
     5\*  *  *  *  *  *  *  *  *  *  *\5
      6\*  *  *  *  *  *  *  *  *  *  *\6
       7\*  *  *  *  *  *  *  *  *  *  *\7
        8\*  *  *  *  *  *  *  *  *  *  .\8
         9\*  *  *  *  *  *  *  *  *  *  w\9
         10\*  *  *  *  *  *  *  *  *  .  w\10
          11\.  .  .  .  .  .  .  .  .  W  w\11
              a  b  c  d  e  f  g  h  i  j  k  
167b7 info: No subtree to reuse.
167b7 info: Creating thread 0
167b7 info: StartSearch()[0]
167b7 config: VCS: reading captured set patterns from '/home/linus/MoHex2.0/nfbranchfix/benzene-vanilla-cmake/share/vc-captured-set.txt'.
167b7 config: VCS:: parsed 2 patterns.
167b7 config: VCS: reading captured set patterns from '/home/linus/MoHex2.0/nfbranchfix/benzene-vanilla-cmake/share/vc-captured-set.txt'.
167b7 config: VCS:: parsed 2 patterns.
167b7 info: 
Elapsed Time   0.34817s
Count          1
GamesPlayed    1
Nodes          1
Knowledge      0 (0.0%)
Expansions     0.0
Time           0.00
GameLen        109.0 dev=0.0 min=109.0 max=109.0
InTree         0.0 dev=0.0 min=0.0 max=0.0
KnowDepth      -
Aborted        0%
Games/s        420.9
Score          1.00
Sequence      
167b7 info: 
167b7 warning: **** MoHexSearch returned empty sequence!
167b7 warning: **** Returning random move!
167b7 info: Best move cannot be determined, must search state.
167b7 info: --- MoHexPlayer::Search() ---
167b7 info: Color: black
167b7 info: MaxGames: 1
167b7 info: NumberThreads: 1
167b7 info: MaxNodes: 9090 (799920 bytes)
167b7 info: TimeForMove: 1
167b7 info: PreSearch: max time reached (61/85).
167b7 info: Time for PreSearch: 0.200959s
167b7 info: 
  62ed606a25666cd3
  a  b  c  d  e  f  g  h  i  j  k  
 1\b  b  b  b  b  .  .  .  .  .  .\1
  2\b  b  B  .  *  *  *  *  *  *  W\2
   3\.  .  *  *  *  *  *  *  *  *  .\3
    4\*  *  *  *  *  *  *  *  *  *  *\4
     5\*  *  *  *  *  *  *  *  *  *  *\5
      6\*  *  *  *  *  *  *  *  *  *  *\6
       7\*  *  *  *  *  *  *  *  *  *  *\7
        8\*  *  *  *  *  *  *  *  *  *  .\8
         9\*  *  *  *  *  *  *  *  B  *  w\9
         10\*  *  *  *  *  *  *  *  .  .  w\10
          11\.  .  .  .  .  .  .  .  .  W  w\11
              a  b  c  d  e  f  g  h  i  j  k  
167b7 info: Old: [black, c2] [white, swap-pieces] [white, j11] 
167b7 info: New: [black, c2] [white, swap-pieces] [white, j11] [black, i9] [white, k2] 
167b7 info: MovesPlayed: [black, i9] [white, k2] 
167b7 info: No subtree to reuse.
167b7 info: StartSearch()[0]
167b7 info: 
Elapsed Time   0.340467s
Count          1
GamesPlayed    1
Nodes          1
Knowledge      0 (0.0%)
Expansions     0.0
Time           0.00
GameLen        107.0 dev=0.0 min=107.0 max=107.0
InTree         0.0 dev=0.0 min=0.0 max=0.0
KnowDepth      -
Aborted        0%
Games/s        3571.4
Score          0.00
Sequence      
167b7 info: 
167b7 warning: **** MoHexSearch returned empty sequence!
167b7 warning: **** Returning random move!
167b7 info: Best move cannot be determined, must search state.
167b7 info: --- MoHexPlayer::Search() ---
167b7 info: Color: black
167b7 info: MaxGames: 1
167b7 info: NumberThreads: 1
167b7 info: MaxNodes: 9090 (799920 bytes)
167b7 info: TimeForMove: 1
167b7 info: PreSearch: max time reached (62/83).
167b7 info: Time for PreSearch: 0.201399s
167b7 info: 
  99cdffd95b46c3fd
  a  b  c  d  e  f  g  h  i  j  k  
 1\b  b  b  b  b  .  .  .  .  .  .\1
  2\b  b  B  .  *  *  *  *  *  *  W\2
   3\.  .  *  *  *  *  *  *  *  *  .\3
    4\*  *  *  *  *  *  *  *  *  *  *\4
     5\*  *  *  *  *  *  *  *  *  *  *\5
      6\*  *  *  *  *  *  *  *  *  *  *\6
       7\*  *  *  *  *  *  W  *  *  *  *\7
        8\*  *  *  *  *  *  *  *  *  *  .\8
         9\*  *  *  *  *  *  *  *  B  *  w\9
         10\B  .  *  *  *  *  *  *  .  .  w\10
          11\.  .  .  .  .  .  .  .  .  W  w\11
              a  b  c  d  e  f  g  h  i  j  k  
167b7 info: Old: [black, c2] [white, swap-pieces] [white, j11] [black, i9] [white, k2] 
167b7 info: New: [black, c2] [white, swap-pieces] [white, j11] [black, i9] [white, k2] [black, a10] [white, g7] 
167b7 info: MovesPlayed: [black, a10] [white, g7] 
167b7 info: No subtree to reuse.
167b7 info: StartSearch()[0]
167b7 info: 
Elapsed Time   0.347508s
Count          1
GamesPlayed    1
Nodes          1
Knowledge      0 (0.0%)
Expansions     0.0
Time           0.00
GameLen        105.0 dev=0.0 min=105.0 max=105.0
InTree         0.0 dev=0.0 min=0.0 max=0.0
KnowDepth      -
Aborted        0%
Games/s        3649.6
Score          1.00
Sequence      
167b7 info: 
167b7 warning: **** MoHexSearch returned empty sequence!
167b7 warning: **** Returning random move!
167b7 info: Best move cannot be determined, must search state.
167b7 info: --- MoHexPlayer::Search() ---
167b7 info: Color: black
167b7 info: MaxGames: 1
167b7 info: NumberThreads: 1
167b7 info: MaxNodes: 9090 (799920 bytes)
167b7 info: TimeForMove: 1
167b7 info: PreSearch: max time reached (72/74).
167b7 info: Time for PreSearch: 0.2008s
167b7 info: 
  6d4d525fec271c02
  a  b  c  d  e  f  g  h  i  j  k  
 1\b  b  b  b  b  b  b  b  b  b  b\1
  2\b  b  B  .  .  .  b  b  B  .  W\2
   3\.  .  *  *  *  W  .  .  *  *  .\3
    4\*  *  *  *  *  *  *  *  *  *  *\4
     5\*  *  *  *  *  *  *  *  *  *  *\5
      6\*  *  *  *  *  *  *  *  *  *  *\6
       7\*  *  *  *  *  *  W  *  *  *  *\7
        8\*  *  *  *  *  *  *  *  *  *  .\8
         9\*  *  *  *  *  *  *  *  B  *  w\9
         10\B  .  *  *  *  *  *  .  .  .  w\10
          11\.  .  .  .  .  .  .  .  .  W  w\11
              a  b  c  d  e  f  g  h  i  j  k  
167b7 info: Old: [black, c2] [white, swap-pieces] [white, j11] [black, i9] [white, k2] [black, a10] [white, g7] 
167b7 info: New: [black, c2] [white, swap-pieces] [white, j11] [black, i9] [white, k2] [black, a10] [white, g7] [black, i2] [white, f3] 
167b7 info: MovesPlayed: [black, i2] [white, f3] 
167b7 info: No subtree to reuse.
167b7 info: StartSearch()[0]
167b7 info: 
Elapsed Time   0.344514s
Count          1
GamesPlayed    1
Nodes          1
Knowledge      0 (0.0%)
Expansions     0.0
Time           0.00
GameLen        95.0 dev=0.0 min=95.0 max=95.0
InTree         0.0 dev=0.0 min=0.0 max=0.0
KnowDepth      -
Aborted        0%
Games/s        3289.5
Score          1.00
Sequence      
167b7 info: 
167b7 warning: **** MoHexSearch returned empty sequence!
167b7 warning: **** Returning random move!
167b7 info: Best move cannot be determined, must search state.
167b7 info: --- MoHexPlayer::Search() ---
167b7 info: Color: black
167b7 info: MaxGames: 1
167b7 info: NumberThreads: 1
167b7 info: MaxNodes: 9090 (799920 bytes)
167b7 info: TimeForMove: 1
167b7 info: PreSearch: max time reached (60/72).
167b7 info: Time for PreSearch: 0.200838s
167b7 info: 
  e46a41c2b277572f
  a  b  c  d  e  f  g  h  i  j  k  
 1\b  b  b  b  b  b  b  b  b  b  b\1
  2\b  b  B  .  .  .  b  b  B  .  W\2
   3\.  .  *  *  *  W  .  .  *  *  .\3
    4\*  *  *  *  *  *  *  *  *  *  *\4
     5\*  *  *  *  *  *  *  *  *  *  *\5
      6\*  *  B  *  *  *  *  *  *  *  *\6
       7\*  *  *  *  *  *  W  W  *  *  *\7
        8\*  *  *  *  *  *  *  *  *  *  .\8
         9\*  *  *  *  *  *  *  *  B  *  w\9
         10\B  .  *  *  *  *  *  *  .  .  w\10
          11\.  .  .  .  .  .  .  .  .  W  w\11
              a  b  c  d  e  f  g  h  i  j  k  
167b7 info: Old: [black, c2] [white, swap-pieces] [white, j11] [black, i9] [white, k2] [black, a10] [white, g7] [black, i2] [white, f3] 
167b7 info: New: [black, c2] [white, swap-pieces] [white, j11] [black, i9] [white, k2] [black, a10] [white, g7] [black, i2] [white, f3] [black, c6] [white, h7] 
167b7 info: MovesPlayed: [black, c6] [white, h7] 
167b7 info: No subtree to reuse.
167b7 info: StartSearch()[0]
167b7 info: 
Elapsed Time   0.341495s
Count          1
GamesPlayed    1
Nodes          1
Knowledge      0 (0.0%)
Expansions     0.0
Time           0.00
GameLen        93.0 dev=0.0 min=93.0 max=93.0
InTree         0.0 dev=0.0 min=0.0 max=0.0
KnowDepth      -
Aborted        0%
Games/s        3731.3
Score          0.00
Sequence      
167b7 info: 
167b7 warning: **** MoHexSearch returned empty sequence!
167b7 warning: **** Returning random move!
167b7 info: Winning SC.
167b7 info: Winning SC.
167b7 info: Winning SC.
167b7 info: Winning SC.
167b7 info: Winning SC.
167b7 info: Winning SC.
167b7 info: Winning SC.
167b7 info: Winning SC.
167b7 info: Winning SC.
167b7 info: Winning SC.
167b7 info: Winning SC.
167b7 info: Captured cells caused win! Removing...
167b7 info: Winning SC.
167b7 config: ============ BenzeneShutdown =============
167b7 config: MoHexProgram:: ShutdownSystem()
167b7 config: CommonProgram:: ShutdownSystem()
167b7 config: BenzeneProgram:: ShutdownSystem()
Flushing and closing this stream...
