# nice ../build/src/mohex/mohex --config mohex-cg2010.htp --seed 547086 --logfile-name jobs/11x11-mohex-mohex-cg2010-vs-mohex-mohex-weak-3/mohex-mohex-cg2010-50.log
>boardsize 11 11
<= 
<
>name
MoHex 2.0.CMake Mar 21 2025
Copyright (C) 2007-2012 by the authors of the Benzene project.
This program comes with ABSOLUTELY NO WARRANTY. This is
free software and you are welcome to redistribute it under
certain conditions. Type `benzene-license' for details.

SgRandom::SetSeed: 547086
SgUctSearch: system memory 33632358400, using 1000000000 (5681818 nodes)
SgRandom::SetSeed: 1
SgRandom::SetSeed: 547086
ccc47 info: Prior Patterns:
ccc47 info: Global:
ccc47 info: Size            = 565 32648 
ccc47 info: TableEntries    = 65932 65910
ccc47 info: MirrorsAdded    = 0 0
ccc47 info: PrunableCount   = 30593 30629
ccc47 info: LargestGamma    = 5820.77
ccc47 info: SmallestGamma   = 6.6e-05
ccc47 info: Local:
ccc47 info: Size            = 550 5318 
ccc47 info: TableEntries    = 11602 11588
ccc47 info: MirrorsAdded    = 0 0
ccc47 info: PrunableCount   = 3659 3667
ccc47 info: LargestGamma    = 11281.8
ccc47 info: SmallestGamma   = 0.026235
ccc47 info: Playout Patterns:
ccc47 info: Global:
ccc47 info: Size            = 565 32648 
ccc47 info: TableEntries    = 70329 70329
ccc47 info: MirrorsAdded    = 4397 4419
ccc47 info: PrunableCount   = 30593 30629
ccc47 info: LargestGamma    = 5820.77
ccc47 info: SmallestGamma   = 6.6e-05
ccc47 info: Local:
ccc47 info: Size            = 550 5318 
ccc47 info: TableEntries    = 11602 11588
ccc47 info: MirrorsAdded    = 0 0
ccc47 info: PrunableCount   = 3659 3667
ccc47 info: LargestGamma    = 11281.8
ccc47 info: SmallestGamma   = 0.026235
param_game allow_swap 1
= 

param_mohex max_memory 32000000000
= 

param_mohex num_threads 1
= 

param_mohex max_time 1
= 

param_mohex max_games 1
= 

param_mohex knowledge_threshold 400
= 

param_mohex reuse_subtree 1
= 

param_mohex use_parallel_solver 0
= 

<= MoHex
<
>version
<= 2.0.CMake
<
>play b c4
<= 
<
>showboard
<= 
< 
<  3c8abd09a0544597
<  a  b  c  d  e  f  g  h  i  j  k  
< 1\.  .  .  .  .  .  .  .  .  .  .\1
<  2\.  .  .  .  .  .  .  .  .  .  .\2
<   3\.  .  .  .  .  .  .  .  .  .  .\3
<    4\.  .  B  .  .  .  .  .  .  .  .\4
<     5\.  .  .  .  .  .  .  .  .  .  .\5
<      6\.  .  .  .  .  .  .  .  .  .  .\6
<       7\.  .  .  .  .  .  .  .  .  .  .\7
<        8\.  .  .  .  .  .  .  .  .  .  .\8
<         9\.  .  .  .  .  .  .  .  .  .  .\9
<         10\.  .  .  .  .  .  .  .  .  .  .\10
<          11\.  .  .  .  .  .  .  .  .  .  .\11
<              a  b  c  d  e  f  g  h  i  j  k  
<
>play w swap-pieces
<= 
<
>genmove w
<= k2
<
>play b i3
ccc47 info: Best move cannot be determined, must search state.
ccc47 info: --- MoHexPlayer::Search() ---
ccc47 info: Color: white
ccc47 info: MaxGames: 1
ccc47 info: NumberThreads: 1
ccc47 info: MaxNodes: 181818181 (15999999928 bytes)
ccc47 info: TimeForMove: 1
ccc47 info: PreSearch: max time reached (42/88).
ccc47 info: Time for PreSearch: 0.20451s
ccc47 info: 
  3c8abd09a0544597
  a  b  c  d  e  f  g  h  i  j  k  
 1\.  .  .  *  *  *  *  *  *  *  .\1
  2\.  .  *  *  *  *  *  *  *  *  .\2
   3\.  *  *  .  *  *  *  *  *  *  .\3
    4\.  .  B  *  *  *  *  *  *  *  .\4
     5\.  .  *  *  *  *  *  *  *  *  .\5
      6\.  *  *  *  *  *  *  *  *  *  .\6
       7\.  *  *  *  *  *  *  *  *  *  .\7
        8\.  *  *  *  *  *  *  *  *  *  .\8
         9\.  *  *  *  *  *  *  .  *  *  .\9
         10\.  *  *  *  *  *  *  *  *  .  .\10
          11\.  *  *  *  *  *  *  *  .  .  .\11
              a  b  c  d  e  f  g  h  i  j  k  
ccc47 info: No subtree to reuse.
ccc47 info: Creating thread 0
ccc47 info: StartSearch()[0]
SgUctSearch: max games reached
ccc47 info: 
Elapsed Time   0.537236s
Count          1
GamesPlayed    1
Nodes          1
Knowledge      0 (0.0%)
Expansions     0.0
Time           0.00
GameLen        120.0 dev=0.0 min=120.0 max=120.0
InTree         0.0 dev=0.0 min=0.0 max=0.0
KnowDepth      -
Aborted        0%
Games/s        387.7
Score          0.00
Sequence      
ccc47 info: 
ccc47 warning: **** MoHexSearch returned empty sequence!
ccc47 warning: **** Returning random move!
<= 
<
>genmove w
<= d4
<
>play b i11
ccc47 info: Best move cannot be determined, must search state.
ccc47 info: --- MoHexPlayer::Search() ---
ccc47 info: Color: white
ccc47 info: MaxGames: 1
ccc47 info: NumberThreads: 1
ccc47 info: MaxNodes: 181818181 (15999999928 bytes)
ccc47 info: TimeForMove: 1
ccc47 info: PreSearch: max time reached (41/85).
ccc47 info: Time for PreSearch: 0.201733s
ccc47 info: 
  07bdc0e2ced40eef
  a  b  c  d  e  f  g  h  i  j  k  
 1\.  .  .  *  *  *  *  *  .  *  .\1
  2\.  .  *  *  *  *  *  *  .  .  W\2
   3\.  *  *  *  *  *  *  *  B  .  w\3
    4\.  .  B  *  *  *  *  *  *  .  .\4
     5\.  .  *  *  *  *  *  *  *  *  .\5
      6\.  *  *  *  *  *  *  *  *  *  .\6
       7\.  *  *  *  *  *  *  *  *  *  .\7
        8\.  *  *  *  *  *  *  *  *  *  .\8
         9\.  *  *  *  *  *  *  *  *  *  .\9
         10\.  *  *  *  *  *  *  *  *  .  .\10
          11\.  *  *  *  *  *  *  *  .  .  .\11
              a  b  c  d  e  f  g  h  i  j  k  
ccc47 info: Old: [black, c4] [white, swap-pieces] 
ccc47 info: New: [black, c4] [white, swap-pieces] [white, k2] [black, i3] 
ccc47 info: ReuseSubtree: Colors do not alternate.
ccc47 info: No subtree to reuse.
ccc47 info: StartSearch()[0]
SgUctSearch: max games reached
ccc47 info: 
Elapsed Time   0.361209s
Count          1
GamesPlayed    1
Nodes          1
Knowledge      0 (0.0%)
Expansions     0.0
Time           0.00
GameLen        117.0 dev=0.0 min=117.0 max=117.0
InTree         0.0 dev=0.0 min=0.0 max=0.0
KnowDepth      -
Aborted        0%
Games/s        2907.0
Score          0.00
Sequence      
ccc47 info: 
ccc47 warning: **** MoHexSearch returned empty sequence!
ccc47 warning: **** Returning random move!
<= 
<
>genmove w
<= b5
<
>play b h5
ccc47 info: Best move cannot be determined, must search state.
ccc47 info: --- MoHexPlayer::Search() ---
ccc47 info: Color: white
ccc47 info: MaxGames: 1
ccc47 info: NumberThreads: 1
ccc47 info: MaxNodes: 181818181 (15999999928 bytes)
ccc47 info: TimeForMove: 1
ccc47 info: PreSearch: max time reached (45/82).
ccc47 info: Time for PreSearch: 0.201064s
ccc47 info: 
  4f1bedab7a644b60
  a  b  c  d  e  f  g  h  i  j  k  
 1\.  .  .  *  *  *  *  *  .  *  .\1
  2\.  .  *  *  *  *  *  *  .  .  W\2
   3\.  *  *  *  *  *  *  *  B  .  w\3
    4\.  .  B  W  *  *  *  *  *  .  .\4
     5\.  .  *  *  *  *  *  *  *  *  .\5
      6\.  *  *  *  *  *  *  *  *  *  .\6
       7\.  *  *  *  *  *  *  *  *  *  .\7
        8\.  *  *  *  *  *  *  *  *  *  .\8
         9\.  *  *  *  *  *  *  *  *  .  .\9
         10\.  *  *  *  *  *  *  *  *  .  .\10
          11\.  *  *  *  *  *  *  .  B  b  b\11
              a  b  c  d  e  f  g  h  i  j  k  
ccc47 info: Old: [black, c4] [white, swap-pieces] [white, k2] [black, i3] 
ccc47 info: New: [black, c4] [white, swap-pieces] [white, k2] [black, i3] [white, d4] [black, i11] 
ccc47 info: MovesPlayed: [white, d4] [black, i11] 
ccc47 info: No subtree to reuse.
ccc47 info: StartSearch()[0]
SgUctSearch: max games reached
ccc47 info: 
Elapsed Time   0.543327s
Count          1
GamesPlayed    1
Nodes          1
Knowledge      0 (0.0%)
Expansions     0.0
Time           0.00
GameLen        113.0 dev=0.0 min=113.0 max=113.0
InTree         0.0 dev=0.0 min=0.0 max=0.0
KnowDepth      -
Aborted        0%
Games/s        2809.0
Score          0.00
Sequence      
ccc47 info: 
ccc47 warning: **** MoHexSearch returned empty sequence!
ccc47 warning: **** Returning random move!
<= 
<
>genmove w
<= e2
<
>play b g7
ccc47 info: Best move cannot be determined, must search state.
ccc47 info: --- MoHexPlayer::Search() ---
ccc47 info: Color: white
ccc47 info: MaxGames: 1
ccc47 info: NumberThreads: 1
ccc47 info: MaxNodes: 181818181 (15999999928 bytes)
ccc47 info: TimeForMove: 1
ccc47 info: Time for PreSearch: 0.124459s
ccc47 info: 
  12b192f430556363
  a  b  c  d  e  f  g  h  i  j  k  
 1\.  .  .  .  .  .  .  .  .  *  .\1
  2\.  .  .  .  .  .  .  *  .  .  W\2
   3\.  .  .  .  .  .  .  .  B  .  w\3
    4\w  .  B  W  .  .  .  *  *  .  .\4
     5\w  W  .  .  .  .  .  B  .  .  .\5
      6\w  .  .  .  .  .  *  *  .  .  .\6
       7\w  .  .  .  .  .  *  *  .  .  .\7
        8\.  .  .  .  *  *  *  *  *  .  .\8
         9\.  .  *  *  *  *  *  *  *  .  .\9
         10\.  *  *  *  *  *  *  *  *  .  .\10
          11\.  *  *  *  *  *  *  .  B  b  b\11
              a  b  c  d  e  f  g  h  i  j  k  
ccc47 info: Old: [black, c4] [white, swap-pieces] [white, k2] [black, i3] [white, d4] [black, i11] 
ccc47 info: New: [black, c4] [white, swap-pieces] [white, k2] [black, i3] [white, d4] [black, i11] [white, b5] [black, h5] 
ccc47 info: MovesPlayed: [white, b5] [black, h5] 
ccc47 info: No subtree to reuse.
ccc47 info: StartSearch()[0]
SgUctSearch: max games reached
ccc47 info: 
Elapsed Time   0.279079s
Count          1
GamesPlayed    1
Nodes          1
Knowledge      0 (0.0%)
Expansions     0.0
Time           0.00
GameLen        107.0 dev=0.0 min=107.0 max=107.0
InTree         0.0 dev=0.0 min=0.0 max=0.0
KnowDepth      -
Aborted        0%
Games/s        3367.0
Score          1.00
Sequence      
ccc47 info: 
ccc47 warning: **** MoHexSearch returned empty sequence!
ccc47 warning: **** Returning random move!
<= 
<
>genmove w
<= h4
<
>play b i4
ccc47 info: Opponent has won; playing most blocking move.
<= 
<
>genmove w
<= f10
<
>play b g8
ccc47 info: Opponent has won; playing most blocking move.
<= 
<
>genmove w
<= g6
<
>play b h6
ccc47 info: Opponent has won; playing most blocking move.
<= 
<
>genmove w
<= j1
<
>play b h2
ccc47 info: Opponent has won; playing most blocking move.
<= 
<
>genmove w
<= h3
<
>play b i2
ccc47 info: Opponent has won; playing most blocking move.
<= 
<
>genmove w
<= h8
<
>play b e9
ccc47 info: Opponent has won; playing most blocking move.
<= 
<
>genmove w
<= d9
<
>play b d10
ccc47 info: Opponent has won; playing most blocking move.
<= 
<
>genmove w
<= h1
<
>play b i1
ccc47 info: Captured cells caused win! Removing...
ccc47 info: Opponent has won; playing most blocking move.
<= 
<
>genmove w
<= f9
<
>play b f8
ccc47 info: Captured cells caused win! Removing...
ccc47 info: Opponent has won; playing most blocking move.
<= 
<
>genmove w
<= d11
<
>play b c11
ccc47 info: Captured cells caused win! Removing...
ccc47 info: Opponent has won; playing most blocking move.
<= 
<
>genmove w
<= resign
<
>final_score
<= B+
<
>quit
<= 
<
