# nice ../build/src/mohex/mohex --config mohex-cg2010.htp --seed 116549 --logfile-name jobs/11x11-mohex-mohex-cg2010-vs-mohex-mohex-weak-3/mohex-mohex-cg2010-427.log
>boardsize 11 11
MoHex 2.0.CMake Mar 21 2025
Copyright (C) 2007-2012 by the authors of the Benzene project.
This program comes with ABSOLUTELY NO WARRANTY. This is
free software and you are welcome to redistribute it under
certain conditions. Type `benzene-license' for details.

SgRandom::SetSeed: 116549
SgUctSearch: system memory 33632358400, using 1000000000 (5681818 nodes)
SgRandom::SetSeed: 1
SgRandom::SetSeed: 116549
f33b7 info: Prior Patterns:
f33b7 info: Global:
f33b7 info: Size            = 565 32648 
f33b7 info: TableEntries    = 65932 65910
f33b7 info: MirrorsAdded    = 0 0
f33b7 info: PrunableCount   = 30593 30629
f33b7 info: LargestGamma    = 5820.77
f33b7 info: SmallestGamma   = 6.6e-05
f33b7 info: Local:
f33b7 info: Size            = 550 5318 
f33b7 info: TableEntries    = 11602 11588
f33b7 info: MirrorsAdded    = 0 0
f33b7 info: PrunableCount   = 3659 3667
f33b7 info: LargestGamma    = 11281.8
f33b7 info: SmallestGamma   = 0.026235
f33b7 info: Playout Patterns:
f33b7 info: Global:
f33b7 info: Size            = 565 32648 
f33b7 info: TableEntries    = 70329 70329
f33b7 info: MirrorsAdded    = 4397 4419
f33b7 info: PrunableCount   = 30593 30629
f33b7 info: LargestGamma    = 5820.77
f33b7 info: SmallestGamma   = 6.6e-05
f33b7 info: Local:
f33b7 info: Size            = 550 5318 
f33b7 info: TableEntries    = 11602 11588
f33b7 info: MirrorsAdded    = 0 0
f33b7 info: PrunableCount   = 3659 3667
f33b7 info: LargestGamma    = 11281.8
f33b7 info: SmallestGamma   = 0.026235
param_game allow_swap 1
= 

param_mohex max_memory 32000000000
= 

param_mohex num_threads 1
= 

param_mohex max_time 1
= 

param_mohex max_games 1
= 

param_mohex knowledge_threshold 400
= 

param_mohex reuse_subtree 1
= 

param_mohex use_parallel_solver 0
= 

<= 
<
>name
<= MoHex
<
>version
<= 2.0.CMake
<
>play b i5
<= 
<
>genmove w
<= swap-pieces
<
>showboard
f33b7 info: SwapCheck: reading from '/home/linus/MoHex2.0/nfbranchfix/benzene-vanilla-cmake/share/swap-moves.txt'.
f33b7 info: SwapCheck: playing swap.
<= 
< 
<  5a9d7bcefb793d1a
<  a  b  c  d  e  f  g  h  i  j  k  
< 1\.  .  .  .  .  .  .  .  .  .  .\1
<  2\.  .  .  .  .  .  .  .  .  .  .\2
<   3\.  .  .  .  .  .  .  .  .  .  .\3
<    4\.  .  .  .  .  .  .  .  .  .  .\4
<     5\.  .  .  .  .  .  .  .  B  .  .\5
<      6\.  .  .  .  .  .  .  .  .  .  .\6
<       7\.  .  .  .  .  .  .  .  .  .  .\7
<        8\.  .  .  .  .  .  .  .  .  .  .\8
<         9\.  .  .  .  .  .  .  .  .  .  .\9
<         10\.  .  .  .  .  .  .  .  .  .  .\10
<          11\.  .  .  .  .  .  .  .  .  .  .\11
<              a  b  c  d  e  f  g  h  i  j  k  
<
>play w f6
<= 
<
>showboard
<= 
< 
<  c60d6d54d4aa7275
<  a  b  c  d  e  f  g  h  i  j  k  
< 1\.  .  .  .  .  .  .  .  .  .  .\1
<  2\.  .  .  .  .  .  .  .  .  .  .\2
<   3\.  .  .  .  .  .  .  .  .  .  .\3
<    4\.  .  .  .  .  .  .  .  .  .  .\4
<     5\.  .  .  .  .  .  .  .  B  .  .\5
<      6\.  .  .  .  .  W  .  .  .  .  .\6
<       7\.  .  .  .  .  .  .  .  .  .  .\7
<        8\.  .  .  .  .  .  .  .  .  .  .\8
<         9\.  .  .  .  .  .  .  .  .  .  .\9
<         10\.  .  .  .  .  .  .  .  .  .  .\10
<          11\.  .  .  .  .  .  .  .  .  .  .\11
<              a  b  c  d  e  f  g  h  i  j  k  
<
>genmove b
<= e1
<
>showboard
f33b7 info: Best move cannot be determined, must search state.
f33b7 info: --- MoHexPlayer::Search() ---
f33b7 info: Color: black
f33b7 info: MaxGames: 1
f33b7 info: NumberThreads: 1
f33b7 info: MaxNodes: 181818181 (15999999928 bytes)
f33b7 info: TimeForMove: 1
f33b7 info: PreSearch: max time reached (51/91).
f33b7 info: Time for PreSearch: 0.201008s
f33b7 info: 
  c60d6d54d4aa7275
  a  b  c  d  e  f  g  h  i  j  k  
 1\.  .  .  .  .  .  .  .  .  .  .\1
  2\.  .  *  *  *  *  *  *  *  *  *\2
   3\.  *  *  *  *  *  *  *  *  *  *\3
    4\*  *  *  *  *  *  *  *  *  *  *\4
     5\*  *  *  *  *  *  *  *  B  *  *\5
      6\*  *  *  *  *  W  *  *  *  *  *\6
       7\*  *  *  *  *  *  *  *  *  *  *\7
        8\*  *  *  *  *  *  *  *  *  *  *\8
         9\*  *  *  *  *  *  *  *  *  *  .\9
         10\*  *  *  *  *  *  *  *  *  .  .\10
          11\.  .  .  .  .  .  .  .  .  .  .\11
              a  b  c  d  e  f  g  h  i  j  k  
f33b7 info: No subtree to reuse.
f33b7 info: Creating thread 0
f33b7 info: StartSearch()[0]
SgUctSearch: max games reached
f33b7 info: 
Elapsed Time   0.350489s
Count          1
GamesPlayed    1
Nodes          1
Knowledge      0 (0.0%)
Expansions     0.0
Time           0.00
GameLen        119.0 dev=0.0 min=119.0 max=119.0
InTree         0.0 dev=0.0 min=0.0 max=0.0
KnowDepth      -
Aborted        0%
Games/s        390.6
Score          1.00
Sequence      
f33b7 info: 
f33b7 warning: **** MoHexSearch returned empty sequence!
f33b7 warning: **** Returning random move!
<= 
< 
<  9ee05e96b5a7cec8
<  a  b  c  d  e  f  g  h  i  j  k  
< 1\.  .  .  .  B  .  .  .  .  .  .\1
<  2\.  .  .  .  .  .  .  .  .  .  .\2
<   3\.  .  .  .  .  .  .  .  .  .  .\3
<    4\.  .  .  .  .  .  .  .  .  .  .\4
<     5\.  .  .  .  .  .  .  .  B  .  .\5
<      6\.  .  .  .  .  W  .  .  .  .  .\6
<       7\.  .  .  .  .  .  .  .  .  .  .\7
<        8\.  .  .  .  .  .  .  .  .  .  .\8
<         9\.  .  .  .  .  .  .  .  .  .  .\9
<         10\.  .  .  .  .  .  .  .  .  .  .\10
<          11\.  .  .  .  .  .  .  .  .  .  .\11
<              a  b  c  d  e  f  g  h  i  j  k  
<
>play w d6
<= 
<
>showboard
<= 
< 
<  9b8524b17e2510bb
<  a  b  c  d  e  f  g  h  i  j  k  
< 1\.  .  .  .  B  .  .  .  .  .  .\1
<  2\.  .  .  .  .  .  .  .  .  .  .\2
<   3\.  .  .  .  .  .  .  .  .  .  .\3
<    4\.  .  .  .  .  .  .  .  .  .  .\4
<     5\.  .  .  .  .  .  .  .  B  .  .\5
<      6\.  .  .  W  .  W  .  .  .  .  .\6
<       7\.  .  .  .  .  .  .  .  .  .  .\7
<        8\.  .  .  .  .  .  .  .  .  .  .\8
<         9\.  .  .  .  .  .  .  .  .  .  .\9
<         10\.  .  .  .  .  .  .  .  .  .  .\10
<          11\.  .  .  .  .  .  .  .  .  .  .\11
<              a  b  c  d  e  f  g  h  i  j  k  
<
>genmove b
<= k9
<
>showboard
f33b7 info: Best move cannot be determined, must search state.
f33b7 info: --- MoHexPlayer::Search() ---
f33b7 info: Color: black
f33b7 info: MaxGames: 1
f33b7 info: NumberThreads: 1
f33b7 info: MaxNodes: 181818181 (15999999928 bytes)
f33b7 info: TimeForMove: 1
f33b7 info: PreSearch: max time reached (49/90).
f33b7 info: Time for PreSearch: 0.202771s
f33b7 info: 
  9b8524b17e2510bb
  a  b  c  d  e  f  g  h  i  j  k  
 1\.  .  .  .  B  .  .  .  .  .  .\1
  2\.  .  *  *  *  *  *  *  *  *  *\2
   3\.  *  *  *  *  *  *  *  *  *  *\3
    4\*  *  *  *  *  *  *  *  *  *  *\4
     5\*  *  *  *  *  *  *  *  B  *  *\5
      6\*  *  *  W  *  W  *  *  *  *  *\6
       7\*  *  *  *  *  *  *  *  *  *  *\7
        8\*  *  *  *  *  *  *  *  *  *  *\8
         9\*  *  *  *  *  *  *  *  *  *  .\9
         10\*  *  *  *  *  *  *  *  *  .  .\10
          11\.  .  .  .  .  .  .  .  .  .  .\11
              a  b  c  d  e  f  g  h  i  j  k  
f33b7 info: Old: [black, i5] [white, swap-pieces] [white, f6] 
f33b7 info: New: [black, i5] [white, swap-pieces] [white, f6] [black, e1] [white, d6] 
f33b7 info: MovesPlayed: [black, e1] [white, d6] 
f33b7 info: No subtree to reuse.
f33b7 info: StartSearch()[0]
SgUctSearch: max games reached
f33b7 info: 
Elapsed Time   0.367906s
Count          1
GamesPlayed    1
Nodes          1
Knowledge      0 (0.0%)
Expansions     0.0
Time           0.00
GameLen        117.0 dev=0.0 min=117.0 max=117.0
InTree         0.0 dev=0.0 min=0.0 max=0.0
KnowDepth      -
Aborted        0%
Games/s        2232.1
Score          0.00
Sequence      
f33b7 info: 
f33b7 warning: **** MoHexSearch returned empty sequence!
f33b7 warning: **** Returning random move!
<= 
< 
<  2e5ce893edb78ffc
<  a  b  c  d  e  f  g  h  i  j  k  
< 1\.  .  .  .  B  .  .  .  .  .  .\1
<  2\.  .  .  .  .  .  .  .  .  .  .\2
<   3\.  .  .  .  .  .  .  .  .  .  .\3
<    4\.  .  .  .  .  .  .  .  .  .  .\4
<     5\.  .  .  .  .  .  .  .  B  .  .\5
<      6\.  .  .  W  .  W  .  .  .  .  .\6
<       7\.  .  .  .  .  .  .  .  .  .  .\7
<        8\.  .  .  .  .  .  .  .  .  .  .\8
<         9\.  .  .  .  .  .  .  .  .  .  B\9
<         10\.  .  .  .  .  .  .  .  .  .  .\10
<          11\.  .  .  .  .  .  .  .  .  .  .\11
<              a  b  c  d  e  f  g  h  i  j  k  
<
>play w a1
<= 
<
>showboard
<= 
< 
<  683519b0221d0d2c
<  a  b  c  d  e  f  g  h  i  j  k  
< 1\W  .  .  .  B  .  .  .  .  .  .\1
<  2\.  .  .  .  .  .  .  .  .  .  .\2
<   3\.  .  .  .  .  .  .  .  .  .  .\3
<    4\.  .  .  .  .  .  .  .  .  .  .\4
<     5\.  .  .  .  .  .  .  .  B  .  .\5
<      6\.  .  .  W  .  W  .  .  .  .  .\6
<       7\.  .  .  .  .  .  .  .  .  .  .\7
<        8\.  .  .  .  .  .  .  .  .  .  .\8
<         9\.  .  .  .  .  .  .  .  .  .  B\9
<         10\.  .  .  .  .  .  .  .  .  .  .\10
<          11\.  .  .  .  .  .  .  .  .  .  .\11
<              a  b  c  d  e  f  g  h  i  j  k  
<
>genmove b
<= k7
<
>showboard
f33b7 info: Best move cannot be determined, must search state.
f33b7 info: --- MoHexPlayer::Search() ---
f33b7 info: Color: black
f33b7 info: MaxGames: 1
f33b7 info: NumberThreads: 1
f33b7 info: MaxNodes: 181818181 (15999999928 bytes)
f33b7 info: TimeForMove: 1
f33b7 info: PreSearch: max time reached (48/92).
f33b7 info: Time for PreSearch: 0.200687s
f33b7 info: 
  683519b0221d0d2c
  a  b  c  d  e  f  g  h  i  j  k  
 1\W  .  .  .  B  .  .  .  .  .  .\1
  2\w  *  *  *  *  *  *  *  *  *  *\2
   3\.  *  *  *  *  *  *  *  *  *  *\3
    4\*  *  *  *  *  *  *  *  *  *  *\4
     5\*  *  *  *  *  *  *  *  B  *  *\5
      6\*  *  *  W  *  W  *  *  *  *  *\6
       7\*  *  *  *  *  *  *  *  *  *  *\7
        8\*  *  *  *  *  *  *  *  *  *  *\8
         9\*  *  *  *  *  *  *  *  *  *  B\9
         10\*  *  *  *  *  *  *  *  *  *  .\10
          11\.  .  .  .  .  .  .  .  .  .  .\11
              a  b  c  d  e  f  g  h  i  j  k  
f33b7 info: Old: [black, i5] [white, swap-pieces] [white, f6] [black, e1] [white, d6] 
f33b7 info: New: [black, i5] [white, swap-pieces] [white, f6] [black, e1] [white, d6] [black, k9] [white, a1] 
f33b7 info: MovesPlayed: [black, k9] [white, a1] 
f33b7 info: No subtree to reuse.
f33b7 info: StartSearch()[0]
SgUctSearch: max games reached
f33b7 info: 
Elapsed Time   0.353632s
Count          1
GamesPlayed    1
Nodes          1
Knowledge      0 (0.0%)
Expansions     0.0
Time           0.00
GameLen        114.0 dev=0.0 min=114.0 max=114.0
InTree         0.0 dev=0.0 min=0.0 max=0.0
KnowDepth      -
Aborted        0%
Games/s        3546.1
Score          0.00
Sequence      
f33b7 info: 
f33b7 warning: **** MoHexSearch returned empty sequence!
f33b7 warning: **** Returning random move!
<= 
< 
<  7077bcbc15749713
<  a  b  c  d  e  f  g  h  i  j  k  
< 1\W  .  .  .  B  .  .  .  .  .  .\1
<  2\.  .  .  .  .  .  .  .  .  .  .\2
<   3\.  .  .  .  .  .  .  .  .  .  .\3
<    4\.  .  .  .  .  .  .  .  .  .  .\4
<     5\.  .  .  .  .  .  .  .  B  .  .\5
<      6\.  .  .  W  .  W  .  .  .  .  .\6
<       7\.  .  .  .  .  .  .  .  .  .  B\7
<        8\.  .  .  .  .  .  .  .  .  .  .\8
<         9\.  .  .  .  .  .  .  .  .  .  B\9
<         10\.  .  .  .  .  .  .  .  .  .  .\10
<          11\.  .  .  .  .  .  .  .  .  .  .\11
<              a  b  c  d  e  f  g  h  i  j  k  
<
>play w f5
<= 
<
>showboard
<= 
< 
<  5251a0dcb2d028e2
<  a  b  c  d  e  f  g  h  i  j  k  
< 1\W  .  .  .  B  .  .  .  .  .  .\1
<  2\.  .  .  .  .  .  .  .  .  .  .\2
<   3\.  .  .  .  .  .  .  .  .  .  .\3
<    4\.  .  .  .  .  .  .  .  .  .  .\4
<     5\.  .  .  .  .  W  .  .  B  .  .\5
<      6\.  .  .  W  .  W  .  .  .  .  .\6
<       7\.  .  .  .  .  .  .  .  .  .  B\7
<        8\.  .  .  .  .  .  .  .  .  .  .\8
<         9\.  .  .  .  .  .  .  .  .  .  B\9
<         10\.  .  .  .  .  .  .  .  .  .  .\10
<          11\.  .  .  .  .  .  .  .  .  .  .\11
<              a  b  c  d  e  f  g  h  i  j  k  
<
>genmove b
<= i7
<
>showboard
f33b7 info: Best move cannot be determined, must search state.
f33b7 info: --- MoHexPlayer::Search() ---
f33b7 info: Color: black
f33b7 info: MaxGames: 1
f33b7 info: NumberThreads: 1
f33b7 info: MaxNodes: 181818181 (15999999928 bytes)
f33b7 info: TimeForMove: 1
f33b7 info: PreSearch: max time reached (39/89).
f33b7 info: Time for PreSearch: 0.207008s
f33b7 info: 
  5251a0dcb2d028e2
  a  b  c  d  e  f  g  h  i  j  k  
 1\W  .  .  .  B  .  .  .  .  .  .\1
  2\w  *  *  *  *  *  *  *  *  *  *\2
   3\.  *  *  *  *  *  *  *  *  *  *\3
    4\*  *  *  *  *  *  *  *  *  *  *\4
     5\*  *  *  *  *  W  *  *  B  *  *\5
      6\*  *  *  W  .  W  *  *  *  *  *\6
       7\*  *  *  *  *  *  *  *  *  *  B\7
        8\*  *  *  *  *  *  *  *  *  *  *\8
         9\*  *  *  *  *  *  *  *  *  *  B\9
         10\*  *  *  *  *  *  *  *  .  .  .\10
          11\.  .  .  .  .  .  .  .  .  .  .\11
              a  b  c  d  e  f  g  h  i  j  k  
f33b7 info: Old: [black, i5] [white, swap-pieces] [white, f6] [black, e1] [white, d6] [black, k9] [white, a1] 
f33b7 info: New: [black, i5] [white, swap-pieces] [white, f6] [black, e1] [white, d6] [black, k9] [white, a1] [black, k7] [white, f5] 
f33b7 info: MovesPlayed: [black, k7] [white, f5] 
f33b7 info: No subtree to reuse.
f33b7 info: StartSearch()[0]
SgUctSearch: max games reached
f33b7 info: 
Elapsed Time   0.351882s
Count          1
GamesPlayed    1
Nodes          1
Knowledge      0 (0.0%)
Expansions     0.0
Time           0.00
GameLen        112.0 dev=0.0 min=112.0 max=112.0
InTree         0.0 dev=0.0 min=0.0 max=0.0
KnowDepth      -
Aborted        0%
Games/s        2415.5
Score          0.00
Sequence      
f33b7 info: 
f33b7 warning: **** MoHexSearch returned empty sequence!
f33b7 warning: **** Returning random move!
<= 
< 
<  51979f1baf0fc21c
<  a  b  c  d  e  f  g  h  i  j  k  
< 1\W  .  .  .  B  .  .  .  .  .  .\1
<  2\.  .  .  .  .  .  .  .  .  .  .\2
<   3\.  .  .  .  .  .  .  .  .  .  .\3
<    4\.  .  .  .  .  .  .  .  .  .  .\4
<     5\.  .  .  .  .  W  .  .  B  .  .\5
<      6\.  .  .  W  .  W  .  .  .  .  .\6
<       7\.  .  .  .  .  .  .  .  B  .  B\7
<        8\.  .  .  .  .  .  .  .  .  .  .\8
<         9\.  .  .  .  .  .  .  .  .  .  B\9
<         10\.  .  .  .  .  .  .  .  .  .  .\10
<          11\.  .  .  .  .  .  .  .  .  .  .\11
<              a  b  c  d  e  f  g  h  i  j  k  
<
>play w i2
<= 
<
>showboard
<= 
< 
<  7406dab276d8bb69
<  a  b  c  d  e  f  g  h  i  j  k  
< 1\W  .  .  .  B  .  .  .  .  .  .\1
<  2\.  .  .  .  .  .  .  .  W  .  .\2
<   3\.  .  .  .  .  .  .  .  .  .  .\3
<    4\.  .  .  .  .  .  .  .  .  .  .\4
<     5\.  .  .  .  .  W  .  .  B  .  .\5
<      6\.  .  .  W  .  W  .  .  .  .  .\6
<       7\.  .  .  .  .  .  .  .  B  .  B\7
<        8\.  .  .  .  .  .  .  .  .  .  .\8
<         9\.  .  .  .  .  .  .  .  .  .  B\9
<         10\.  .  .  .  .  .  .  .  .  .  .\10
<          11\.  .  .  .  .  .  .  .  .  .  .\11
<              a  b  c  d  e  f  g  h  i  j  k  
<
>genmove b
<= c9
<
>showboard
f33b7 info: Best move cannot be determined, must search state.
f33b7 info: --- MoHexPlayer::Search() ---
f33b7 info: Color: black
f33b7 info: MaxGames: 1
f33b7 info: NumberThreads: 1
f33b7 info: MaxNodes: 181818181 (15999999928 bytes)
f33b7 info: TimeForMove: 1
f33b7 info: Time for PreSearch: 0.072809s
f33b7 info: 
  7406dab276d8bb69
  a  b  c  d  e  f  g  h  i  j  k  
 1\W  .  .  .  B  .  .  .  .  .  .\1
  2\w  .  .  .  .  .  .  .  W  *  *\2
   3\.  .  .  .  .  .  .  *  *  *  *\3
    4\.  .  .  .  .  .  *  *  *  .  .\4
     5\.  .  .  .  *  W  *  .  B  .  .\5
      6\.  *  *  W  .  W  .  .  .  .  .\6
       7\*  .  *  .  .  .  .  .  B  .  B\7
        8\*  *  .  .  .  .  .  .  .  .  .\8
         9\*  .  .  .  .  .  .  .  .  .  B\9
         10\.  .  .  .  .  .  .  .  .  .  .\10
          11\.  .  .  .  .  .  .  .  .  .  .\11
              a  b  c  d  e  f  g  h  i  j  k  
f33b7 info: Old: [black, i5] [white, swap-pieces] [white, f6] [black, e1] [white, d6] [black, k9] [white, a1] [black, k7] [white, f5] 
f33b7 info: New: [black, i5] [white, swap-pieces] [white, f6] [black, e1] [white, d6] [black, k9] [white, a1] [black, k7] [white, f5] [black, i7] [white, i2] 
f33b7 info: MovesPlayed: [black, i7] [white, i2] 
f33b7 info: No subtree to reuse.
f33b7 info: StartSearch()[0]
SgUctSearch: max games reached
f33b7 info: 
Elapsed Time   0.218755s
Count          1
GamesPlayed    1
Nodes          1
Knowledge      0 (0.0%)
Expansions     0.0
Time           0.00
GameLen        110.0 dev=0.0 min=110.0 max=110.0
InTree         0.0 dev=0.0 min=0.0 max=0.0
KnowDepth      -
Aborted        0%
Games/s        3584.2
Score          0.00
Sequence      
f33b7 info: 
f33b7 warning: **** MoHexSearch returned empty sequence!
f33b7 warning: **** Returning random move!
<= 
< 
<  3ad7b8e06f740488
<  a  b  c  d  e  f  g  h  i  j  k  
< 1\W  .  .  .  B  .  .  .  .  .  .\1
<  2\.  .  .  .  .  .  .  .  W  .  .\2
<   3\.  .  .  .  .  .  .  .  .  .  .\3
<    4\.  .  .  .  .  .  .  .  .  .  .\4
<     5\.  .  .  .  .  W  .  .  B  .  .\5
<      6\.  .  .  W  .  W  .  .  .  .  .\6
<       7\.  .  .  .  .  .  .  .  B  .  B\7
<        8\.  .  .  .  .  .  .  .  .  .  .\8
<         9\.  .  B  .  .  .  .  .  .  .  B\9
<         10\.  .  .  .  .  .  .  .  .  .  .\10
<          11\.  .  .  .  .  .  .  .  .  .  .\11
<              a  b  c  d  e  f  g  h  i  j  k  
<
>play w h4
<= 
<
>showboard
<= 
< 
<  b469abc2d902d690
<  a  b  c  d  e  f  g  h  i  j  k  
< 1\W  .  .  .  B  .  .  .  .  .  .\1
<  2\.  .  .  .  .  .  .  .  W  .  .\2
<   3\.  .  .  .  .  .  .  .  .  .  .\3
<    4\.  .  .  .  .  .  .  W  .  .  .\4
<     5\.  .  .  .  .  W  .  .  B  .  .\5
<      6\.  .  .  W  .  W  .  .  .  .  .\6
<       7\.  .  .  .  .  .  .  .  B  .  B\7
<        8\.  .  .  .  .  .  .  .  .  .  .\8
<         9\.  .  B  .  .  .  .  .  .  .  B\9
<         10\.  .  .  .  .  .  .  .  .  .  .\10
<          11\.  .  .  .  .  .  .  .  .  .  .\11
<              a  b  c  d  e  f  g  h  i  j  k  
<
>genmove b
<= i3
<
>showboard
f33b7 info: Opponent has won; playing most blocking move.
<= 
< 
<  68bdd95f061355ea
<  a  b  c  d  e  f  g  h  i  j  k  
< 1\W  .  .  .  B  .  .  .  .  .  .\1
<  2\.  .  .  .  .  .  .  .  W  .  .\2
<   3\.  .  .  .  .  .  .  .  B  .  .\3
<    4\.  .  .  .  .  .  .  W  .  .  .\4
<     5\.  .  .  .  .  W  .  .  B  .  .\5
<      6\.  .  .  W  .  W  .  .  .  .  .\6
<       7\.  .  .  .  .  .  .  .  B  .  B\7
<        8\.  .  .  .  .  .  .  .  .  .  .\8
<         9\.  .  B  .  .  .  .  .  .  .  B\9
<         10\.  .  .  .  .  .  .  .  .  .  .\10
<          11\.  .  .  .  .  .  .  .  .  .  .\11
<              a  b  c  d  e  f  g  h  i  j  k  
<
>play w j2
<= 
<
>showboard
<= 
< 
<  dadb4766aca190ac
<  a  b  c  d  e  f  g  h  i  j  k  
< 1\W  .  .  .  B  .  .  .  .  .  .\1
<  2\.  .  .  .  .  .  .  .  W  W  .\2
<   3\.  .  .  .  .  .  .  .  B  .  .\3
<    4\.  .  .  .  .  .  .  W  .  .  .\4
<     5\.  .  .  .  .  W  .  .  B  .  .\5
<      6\.  .  .  W  .  W  .  .  .  .  .\6
<       7\.  .  .  .  .  .  .  .  B  .  B\7
<        8\.  .  .  .  .  .  .  .  .  .  .\8
<         9\.  .  B  .  .  .  .  .  .  .  B\9
<         10\.  .  .  .  .  .  .  .  .  .  .\10
<          11\.  .  .  .  .  .  .  .  .  .  .\11
<              a  b  c  d  e  f  g  h  i  j  k  
<
>genmove b
<= h3
<
>showboard
f33b7 info: Opponent has won; playing most blocking move.
<= 
< 
<  34e26c67199323ff
<  a  b  c  d  e  f  g  h  i  j  k  
< 1\W  .  .  .  B  .  .  .  .  .  .\1
<  2\.  .  .  .  .  .  .  .  W  W  .\2
<   3\.  .  .  .  .  .  .  B  B  .  .\3
<    4\.  .  .  .  .  .  .  W  .  .  .\4
<     5\.  .  .  .  .  W  .  .  B  .  .\5
<      6\.  .  .  W  .  W  .  .  .  .  .\6
<       7\.  .  .  .  .  .  .  .  B  .  B\7
<        8\.  .  .  .  .  .  .  .  .  .  .\8
<         9\.  .  B  .  .  .  .  .  .  .  B\9
<         10\.  .  .  .  .  .  .  .  .  .  .\10
<          11\.  .  .  .  .  .  .  .  .  .  .\11
<              a  b  c  d  e  f  g  h  i  j  k  
<
>play w i4
<= 
<
>showboard
<= 
< 
<  a6368a5a46f9578d
<  a  b  c  d  e  f  g  h  i  j  k  
< 1\W  .  .  .  B  .  .  .  .  .  .\1
<  2\.  .  .  .  .  .  .  .  W  W  .\2
<   3\.  .  .  .  .  .  .  B  B  .  .\3
<    4\.  .  .  .  .  .  .  W  W  .  .\4
<     5\.  .  .  .  .  W  .  .  B  .  .\5
<      6\.  .  .  W  .  W  .  .  .  .  .\6
<       7\.  .  .  .  .  .  .  .  B  .  B\7
<        8\.  .  .  .  .  .  .  .  .  .  .\8
<         9\.  .  B  .  .  .  .  .  .  .  B\9
<         10\.  .  .  .  .  .  .  .  .  .  .\10
<          11\.  .  .  .  .  .  .  .  .  .  .\11
<              a  b  c  d  e  f  g  h  i  j  k  
<
>genmove b
<= j3
<
>showboard
f33b7 info: Opponent has won; playing most blocking move.
<= 
< 
<  8cebf26ae93fff3a
<  a  b  c  d  e  f  g  h  i  j  k  
< 1\W  .  .  .  B  .  .  .  .  .  .\1
<  2\.  .  .  .  .  .  .  .  W  W  .\2
<   3\.  .  .  .  .  .  .  B  B  B  .\3
<    4\.  .  .  .  .  .  .  W  W  .  .\4
<     5\.  .  .  .  .  W  .  .  B  .  .\5
<      6\.  .  .  W  .  W  .  .  .  .  .\6
<       7\.  .  .  .  .  .  .  .  B  .  B\7
<        8\.  .  .  .  .  .  .  .  .  .  .\8
<         9\.  .  B  .  .  .  .  .  .  .  B\9
<         10\.  .  .  .  .  .  .  .  .  .  .\10
<          11\.  .  .  .  .  .  .  .  .  .  .\11
<              a  b  c  d  e  f  g  h  i  j  k  
<
>play w j4
<= 
<
>showboard
<= 
< 
<  6b2d3dbd0287c2f3
<  a  b  c  d  e  f  g  h  i  j  k  
< 1\W  .  .  .  B  .  .  .  .  .  .\1
<  2\.  .  .  .  .  .  .  .  W  W  .\2
<   3\.  .  .  .  .  .  .  B  B  B  .\3
<    4\.  .  .  .  .  .  .  W  W  W  .\4
<     5\.  .  .  .  .  W  .  .  B  .  .\5
<      6\.  .  .  W  .  W  .  .  .  .  .\6
<       7\.  .  .  .  .  .  .  .  B  .  B\7
<        8\.  .  .  .  .  .  .  .  .  .  .\8
<         9\.  .  B  .  .  .  .  .  .  .  B\9
<         10\.  .  .  .  .  .  .  .  .  .  .\10
<          11\.  .  .  .  .  .  .  .  .  .  .\11
<              a  b  c  d  e  f  g  h  i  j  k  
<
>genmove b
<= e5
<
>showboard
f33b7 info: Opponent has won; playing most blocking move.
<= 
< 
<  f7d9d3a4abe0af51
<  a  b  c  d  e  f  g  h  i  j  k  
< 1\W  .  .  .  B  .  .  .  .  .  .\1
<  2\.  .  .  .  .  .  .  .  W  W  .\2
<   3\.  .  .  .  .  .  .  B  B  B  .\3
<    4\.  .  .  .  .  .  .  W  W  W  .\4
<     5\.  .  .  .  B  W  .  .  B  .  .\5
<      6\.  .  .  W  .  W  .  .  .  .  .\6
<       7\.  .  .  .  .  .  .  .  B  .  B\7
<        8\.  .  .  .  .  .  .  .  .  .  .\8
<         9\.  .  B  .  .  .  .  .  .  .  B\9
<         10\.  .  .  .  .  .  .  .  .  .  .\10
<          11\.  .  .  .  .  .  .  .  .  .  .\11
<              a  b  c  d  e  f  g  h  i  j  k  
<
>play w d7
<= 
<
>showboard
<= 
< 
<  3e81ce8addf925b4
<  a  b  c  d  e  f  g  h  i  j  k  
< 1\W  .  .  .  B  .  .  .  .  .  .\1
<  2\.  .  .  .  .  .  .  .  W  W  .\2
<   3\.  .  .  .  .  .  .  B  B  B  .\3
<    4\.  .  .  .  .  .  .  W  W  W  .\4
<     5\.  .  .  .  B  W  .  .  B  .  .\5
<      6\.  .  .  W  .  W  .  .  .  .  .\6
<       7\.  .  .  W  .  .  .  .  B  .  B\7
<        8\.  .  .  .  .  .  .  .  .  .  .\8
<         9\.  .  B  .  .  .  .  .  .  .  B\9
<         10\.  .  .  .  .  .  .  .  .  .  .\10
<          11\.  .  .  .  .  .  .  .  .  .  .\11
<              a  b  c  d  e  f  g  h  i  j  k  
<
>genmove b
<= g4
<
>showboard
f33b7 info: Opponent has won; playing most blocking move.
<= 
< 
<  5d0cfb8d4b247d40
<  a  b  c  d  e  f  g  h  i  j  k  
< 1\W  .  .  .  B  .  .  .  .  .  .\1
<  2\.  .  .  .  .  .  .  .  W  W  .\2
<   3\.  .  .  .  .  .  .  B  B  B  .\3
<    4\.  .  .  .  .  .  B  W  W  W  .\4
<     5\.  .  .  .  B  W  .  .  B  .  .\5
<      6\.  .  .  W  .  W  .  .  .  .  .\6
<       7\.  .  .  W  .  .  .  .  B  .  B\7
<        8\.  .  .  .  .  .  .  .  .  .  .\8
<         9\.  .  B  .  .  .  .  .  .  .  B\9
<         10\.  .  .  .  .  .  .  .  .  .  .\10
<          11\.  .  .  .  .  .  .  .  .  .  .\11
<              a  b  c  d  e  f  g  h  i  j  k  
<
>play w g5
<= 
<
>showboard
<= 
< 
<  55604f3167011499
<  a  b  c  d  e  f  g  h  i  j  k  
< 1\W  .  .  .  B  .  .  .  .  .  .\1
<  2\.  .  .  .  .  .  .  .  W  W  .\2
<   3\.  .  .  .  .  .  .  B  B  B  .\3
<    4\.  .  .  .  .  .  B  W  W  W  .\4
<     5\.  .  .  .  B  W  W  .  B  .  .\5
<      6\.  .  .  W  .  W  .  .  .  .  .\6
<       7\.  .  .  W  .  .  .  .  B  .  B\7
<        8\.  .  .  .  .  .  .  .  .  .  .\8
<         9\.  .  B  .  .  .  .  .  .  .  B\9
<         10\.  .  .  .  .  .  .  .  .  .  .\10
<          11\.  .  .  .  .  .  .  .  .  .  .\11
<              a  b  c  d  e  f  g  h  i  j  k  
<
>genmove b
<= e6
<
>showboard
f33b7 info: Opponent has won; playing most blocking move.
<= 
< 
<  58f736d5ee07cad9
<  a  b  c  d  e  f  g  h  i  j  k  
< 1\W  .  .  .  B  .  .  .  .  .  .\1
<  2\.  .  .  .  .  .  .  .  W  W  .\2
<   3\.  .  .  .  .  .  .  B  B  B  .\3
<    4\.  .  .  .  .  .  B  W  W  W  .\4
<     5\.  .  .  .  B  W  W  .  B  .  .\5
<      6\.  .  .  W  B  W  .  .  .  .  .\6
<       7\.  .  .  W  .  .  .  .  B  .  B\7
<        8\.  .  .  .  .  .  .  .  .  .  .\8
<         9\.  .  B  .  .  .  .  .  .  .  B\9
<         10\.  .  .  .  .  .  .  .  .  .  .\10
<          11\.  .  .  .  .  .  .  .  .  .  .\11
<              a  b  c  d  e  f  g  h  i  j  k  
<
>play w e7
<= 
<
>showboard
<= 
< 
<  404e51957ccc902a
<  a  b  c  d  e  f  g  h  i  j  k  
< 1\W  .  .  .  B  .  .  .  .  .  .\1
<  2\.  .  .  .  .  .  .  .  W  W  .\2
<   3\.  .  .  .  .  .  .  B  B  B  .\3
<    4\.  .  .  .  .  .  B  W  W  W  .\4
<     5\.  .  .  .  B  W  W  .  B  .  .\5
<      6\.  .  .  W  B  W  .  .  .  .  .\6
<       7\.  .  .  W  W  .  .  .  B  .  B\7
<        8\.  .  .  .  .  .  .  .  .  .  .\8
<         9\.  .  B  .  .  .  .  .  .  .  B\9
<         10\.  .  .  .  .  .  .  .  .  .  .\10
<          11\.  .  .  .  .  .  .  .  .  .  .\11
<              a  b  c  d  e  f  g  h  i  j  k  
<
>genmove b
<= a7
<
>showboard
f33b7 info: Opponent has won; playing most blocking move.
<= 
< 
<  d9c6c4c51007365c
<  a  b  c  d  e  f  g  h  i  j  k  
< 1\W  .  .  .  B  .  .  .  .  .  .\1
<  2\.  .  .  .  .  .  .  .  W  W  .\2
<   3\.  .  .  .  .  .  .  B  B  B  .\3
<    4\.  .  .  .  .  .  B  W  W  W  .\4
<     5\.  .  .  .  B  W  W  .  B  .  .\5
<      6\.  .  .  W  B  W  .  .  .  .  .\6
<       7\B  .  .  W  W  .  .  .  B  .  B\7
<        8\.  .  .  .  .  .  .  .  .  .  .\8
<         9\.  .  B  .  .  .  .  .  .  .  B\9
<         10\.  .  .  .  .  .  .  .  .  .  .\10
<          11\.  .  .  .  .  .  .  .  .  .  .\11
<              a  b  c  d  e  f  g  h  i  j  k  
<
>play w b8
<= 
<
>showboard
<= 
< 
<  5d366b1d03e136f1
<  a  b  c  d  e  f  g  h  i  j  k  
< 1\W  .  .  .  B  .  .  .  .  .  .\1
<  2\.  .  .  .  .  .  .  .  W  W  .\2
<   3\.  .  .  .  .  .  .  B  B  B  .\3
<    4\.  .  .  .  .  .  B  W  W  W  .\4
<     5\.  .  .  .  B  W  W  .  B  .  .\5
<      6\.  .  .  W  B  W  .  .  .  .  .\6
<       7\B  .  .  W  W  .  .  .  B  .  B\7
<        8\.  W  .  .  .  .  .  .  .  .  .\8
<         9\.  .  B  .  .  .  .  .  .  .  B\9
<         10\.  .  .  .  .  .  .  .  .  .  .\10
<          11\.  .  .  .  .  .  .  .  .  .  .\11
<              a  b  c  d  e  f  g  h  i  j  k  
<
>genmove b
<= b1
<
>showboard
f33b7 info: Captured cells caused win! Removing...
f33b7 info: Opponent has won; playing most blocking move.
<= 
< 
<  8517077ebb136bae
<  a  b  c  d  e  f  g  h  i  j  k  
< 1\W  B  .  .  B  .  .  .  .  .  .\1
<  2\.  .  .  .  .  .  .  .  W  W  .\2
<   3\.  .  .  .  .  .  .  B  B  B  .\3
<    4\.  .  .  .  .  .  B  W  W  W  .\4
<     5\.  .  .  .  B  W  W  .  B  .  .\5
<      6\.  .  .  W  B  W  .  .  .  .  .\6
<       7\B  .  .  W  W  .  .  .  B  .  B\7
<        8\.  W  .  .  .  .  .  .  .  .  .\8
<         9\.  .  B  .  .  .  .  .  .  .  B\9
<         10\.  .  .  .  .  .  .  .  .  .  .\10
<          11\.  .  .  .  .  .  .  .  .  .  .\11
<              a  b  c  d  e  f  g  h  i  j  k  
<
>play w a8
<= 
<
>showboard
<= 
< 
<  59969ff09acea81f
<  a  b  c  d  e  f  g  h  i  j  k  
< 1\W  B  .  .  B  .  .  .  .  .  .\1
<  2\.  .  .  .  .  .  .  .  W  W  .\2
<   3\.  .  .  .  .  .  .  B  B  B  .\3
<    4\.  .  .  .  .  .  B  W  W  W  .\4
<     5\.  .  .  .  B  W  W  .  B  .  .\5
<      6\.  .  .  W  B  W  .  .  .  .  .\6
<       7\B  .  .  W  W  .  .  .  B  .  B\7
<        8\W  W  .  .  .  .  .  .  .  .  .\8
<         9\.  .  B  .  .  .  .  .  .  .  B\9
<         10\.  .  .  .  .  .  .  .  .  .  .\10
<          11\.  .  .  .  .  .  .  .  .  .  .\11
<              a  b  c  d  e  f  g  h  i  j  k  
<
>genmove b
<= a4
<
>showboard
f33b7 info: Captured cells caused win! Removing...
f33b7 info: Opponent has won; playing most blocking move.
<= 
< 
<  651534e3329ddd1b
<  a  b  c  d  e  f  g  h  i  j  k  
< 1\W  B  .  .  B  .  .  .  .  .  .\1
<  2\.  .  .  .  .  .  .  .  W  W  .\2
<   3\.  .  .  .  .  .  .  B  B  B  .\3
<    4\B  .  .  .  .  .  B  W  W  W  .\4
<     5\.  .  .  .  B  W  W  .  B  .  .\5
<      6\.  .  .  W  B  W  .  .  .  .  .\6
<       7\B  .  .  W  W  .  .  .  B  .  B\7
<        8\W  W  .  .  .  .  .  .  .  .  .\8
<         9\.  .  B  .  .  .  .  .  .  .  B\9
<         10\.  .  .  .  .  .  .  .  .  .  .\10
<          11\.  .  .  .  .  .  .  .  .  .  .\11
<              a  b  c  d  e  f  g  h  i  j  k  
<
>play w c7
<= 
<
>showboard
<= 
< 
<  e46c801ca9d1c76e
<  a  b  c  d  e  f  g  h  i  j  k  
< 1\W  B  .  .  B  .  .  .  .  .  .\1
<  2\.  .  .  .  .  .  .  .  W  W  .\2
<   3\.  .  .  .  .  .  .  B  B  B  .\3
<    4\B  .  .  .  .  .  B  W  W  W  .\4
<     5\.  .  .  .  B  W  W  .  B  .  .\5
<      6\.  .  .  W  B  W  .  .  .  .  .\6
<       7\B  .  W  W  W  .  .  .  B  .  B\7
<        8\W  W  .  .  .  .  .  .  .  .  .\8
<         9\.  .  B  .  .  .  .  .  .  .  B\9
<         10\.  .  .  .  .  .  .  .  .  .  .\10
<          11\.  .  .  .  .  .  .  .  .  .  .\11
<              a  b  c  d  e  f  g  h  i  j  k  
<
>genmove b
<= k3
<
>showboard
f33b7 info: Captured cells caused win! Removing...
f33b7 info: Opponent has won; playing most blocking move.
<= 
< 
<  a731943159bead66
<  a  b  c  d  e  f  g  h  i  j  k  
< 1\W  B  .  .  B  .  .  .  .  .  .\1
<  2\.  .  .  .  .  .  .  .  W  W  .\2
<   3\.  .  .  .  .  .  .  B  B  B  B\3
<    4\B  .  .  .  .  .  B  W  W  W  .\4
<     5\.  .  .  .  B  W  W  .  B  .  .\5
<      6\.  .  .  W  B  W  .  .  .  .  .\6
<       7\B  .  W  W  W  .  .  .  B  .  B\7
<        8\W  W  .  .  .  .  .  .  .  .  .\8
<         9\.  .  B  .  .  .  .  .  .  .  B\9
<         10\.  .  .  .  .  .  .  .  .  .  .\10
<          11\.  .  .  .  .  .  .  .  .  .  .\11
<              a  b  c  d  e  f  g  h  i  j  k  
<
>play w k4
<= 
<
>showboard
<= 
< 
<  ffc18aa5e5d390aa
<  a  b  c  d  e  f  g  h  i  j  k  
< 1\W  B  .  .  B  .  .  .  .  .  .\1
<  2\.  .  .  .  .  .  .  .  W  W  .\2
<   3\.  .  .  .  .  .  .  B  B  B  B\3
<    4\B  .  .  .  .  .  B  W  W  W  W\4
<     5\.  .  .  .  B  W  W  .  B  .  .\5
<      6\.  .  .  W  B  W  .  .  .  .  .\6
<       7\B  .  W  W  W  .  .  .  B  .  B\7
<        8\W  W  .  .  .  .  .  .  .  .  .\8
<         9\.  .  B  .  .  .  .  .  .  .  B\9
<         10\.  .  .  .  .  .  .  .  .  .  .\10
<          11\.  .  .  .  .  .  .  .  .  .  .\11
<              a  b  c  d  e  f  g  h  i  j  k  
<
>genmove b
<= resign
<
>showboard
<= 
< 
<  ffc18aa5e5d390aa
<  a  b  c  d  e  f  g  h  i  j  k  
< 1\W  B  .  .  B  .  .  .  .  .  .\1
<  2\.  .  .  .  .  .  .  .  W  W  .\2
<   3\.  .  .  .  .  .  .  B  B  B  B\3
<    4\B  .  .  .  .  .  B  W  W  W  W\4
<     5\.  .  .  .  B  W  W  .  B  .  .\5
<      6\.  .  .  W  B  W  .  .  .  .  .\6
<       7\B  .  W  W  W  .  .  .  B  .  B\7
<        8\W  W  .  .  .  .  .  .  .  .  .\8
<         9\.  .  B  .  .  .  .  .  .  .  B\9
<         10\.  .  .  .  .  .  .  .  .  .  .\10
<          11\.  .  .  .  .  .  .  .  .  .  .\11
<              a  b  c  d  e  f  g  h  i  j  k  
<
>final_score
<= W+
<
>quit
<= 
<
