# nice ../build/src/mohex/mohex --config mohex-weak.htp --seed 35993 --logfile-name jobs/11x11-mohex-mohex-cg2010-vs-mohex-mohex-weak-3/mohex-mohex-weak-344.log
>boardsize 11 11
MoHex 2.0.CMake Mar 21 2025
Copyright (C) 2007-2012 by the authors of the Benzene project.
This program comes with ABSOLUTELY NO WARRANTY. This is
free software and you are welcome to redistribute it under
certain conditions. Type `benzene-license' for details.

SgRandom::SetSeed: 35993
SgUctSearch: system memory 33632358400, using 1000000000 (5681818 nodes)
SgRandom::SetSeed: 1
SgRandom::SetSeed: 35993
1efc7 info: Prior Patterns:
1efc7 info: Global:
1efc7 info: Size            = 565 32648 
1efc7 info: TableEntries    = 65932 65910
1efc7 info: MirrorsAdded    = 0 0
1efc7 info: PrunableCount   = 30593 30629
1efc7 info: LargestGamma    = 5820.77
1efc7 info: SmallestGamma   = 6.6e-05
1efc7 info: Local:
1efc7 info: Size            = 550 5318 
1efc7 info: TableEntries    = 11602 11588
1efc7 info: MirrorsAdded    = 0 0
1efc7 info: PrunableCount   = 3659 3667
1efc7 info: LargestGamma    = 11281.8
1efc7 info: SmallestGamma   = 0.026235
1efc7 info: Playout Patterns:
1efc7 info: Global:
1efc7 info: Size            = 565 32648 
1efc7 info: TableEntries    = 70329 70329
1efc7 info: MirrorsAdded    = 4397 4419
1efc7 info: PrunableCount   = 30593 30629
1efc7 info: LargestGamma    = 5820.77
1efc7 info: SmallestGamma   = 6.6e-05
1efc7 info: Local:
1efc7 info: Size            = 550 5318 
1efc7 info: TableEntries    = 11602 11588
1efc7 info: MirrorsAdded    = 0 0
1efc7 info: PrunableCount   = 3659 3667
1efc7 info: LargestGamma    = 11281.8
1efc7 info: SmallestGamma   = 0.026235
param_game allow_swap 1
= 

param_mohex max_memory 1600000
= 

param_mohex num_threads 1
= 

param_mohex max_time 1
= 

param_mohex max_games 1
= 

param_mohex knowledge_threshold 400
= 

param_mohex reuse_subtree 1
= 

param_mohex use_parallel_solver 0
= 

<= 
<
>name
<= MoHex
<
>version
<= 2.0.CMake
<
>play b e8
<= 
<
>genmove w
<= swap-pieces
<
>showboard
1efc7 info: SwapCheck: reading from '/home/linus/MoHex2.0/nfbranchfix/benzene-vanilla-cmake/share/swap-moves.txt'.
1efc7 info: SwapCheck: playing swap.
<= 
< 
<  c340cdd0fc63b362
<  a  b  c  d  e  f  g  h  i  j  k  
< 1\.  .  .  .  .  .  .  .  .  .  .\1
<  2\.  .  .  .  .  .  .  .  .  .  .\2
<   3\.  .  .  .  .  .  .  .  .  .  .\3
<    4\.  .  .  .  .  .  .  .  .  .  .\4
<     5\.  .  .  .  .  .  .  .  .  .  .\5
<      6\.  .  .  .  .  .  .  .  .  .  .\6
<       7\.  .  .  .  .  .  .  .  .  .  .\7
<        8\.  .  .  .  B  .  .  .  .  .  .\8
<         9\.  .  .  .  .  .  .  .  .  .  .\9
<         10\.  .  .  .  .  .  .  .  .  .  .\10
<          11\.  .  .  .  .  .  .  .  .  .  .\11
<              a  b  c  d  e  f  g  h  i  j  k  
<
>play w i3
<= 
<
>showboard
<= 
< 
<  0638ceaad2301681
<  a  b  c  d  e  f  g  h  i  j  k  
< 1\.  .  .  .  .  .  .  .  .  .  .\1
<  2\.  .  .  .  .  .  .  .  .  .  .\2
<   3\.  .  .  .  .  .  .  .  W  .  .\3
<    4\.  .  .  .  .  .  .  .  .  .  .\4
<     5\.  .  .  .  .  .  .  .  .  .  .\5
<      6\.  .  .  .  .  .  .  .  .  .  .\6
<       7\.  .  .  .  .  .  .  .  .  .  .\7
<        8\.  .  .  .  B  .  .  .  .  .  .\8
<         9\.  .  .  .  .  .  .  .  .  .  .\9
<         10\.  .  .  .  .  .  .  .  .  .  .\10
<          11\.  .  .  .  .  .  .  .  .  .  .\11
<              a  b  c  d  e  f  g  h  i  j  k  
<
>genmove b
<= f11
<
>showboard
1efc7 info: Best move cannot be determined, must search state.
1efc7 info: --- MoHexPlayer::Search() ---
1efc7 info: Color: black
1efc7 info: MaxGames: 1
1efc7 info: NumberThreads: 1
1efc7 info: MaxNodes: 9090 (799920 bytes)
1efc7 info: TimeForMove: 1
1efc7 info: PreSearch: max time reached (43/90).
1efc7 info: Time for PreSearch: 0.203791s
1efc7 info: 
  0638ceaad2301681
  a  b  c  d  e  f  g  h  i  j  k  
 1\.  .  .  .  .  .  .  .  .  .  .\1
  2\.  .  *  *  *  *  *  *  .  *  *\2
   3\.  *  *  *  *  *  *  *  W  *  *\3
    4\*  *  *  *  *  *  *  *  *  *  *\4
     5\*  *  *  *  *  *  *  *  *  *  *\5
      6\*  *  *  *  *  *  *  *  *  *  *\6
       7\*  *  *  *  *  *  *  *  *  *  *\7
        8\*  *  *  *  B  *  *  *  *  *  *\8
         9\*  *  *  *  *  *  *  *  *  *  .\9
         10\*  *  *  *  *  *  *  *  *  .  .\10
          11\.  .  .  .  .  .  .  .  .  .  .\11
              a  b  c  d  e  f  g  h  i  j  k  
1efc7 info: No subtree to reuse.
1efc7 info: Creating thread 0
1efc7 info: StartSearch()[0]
SgUctSearch: max games reached
1efc7 info: 
Elapsed Time   0.349265s
Count          1
GamesPlayed    1
Nodes          1
Knowledge      0 (0.0%)
Expansions     0.0
Time           0.00
GameLen        119.0 dev=0.0 min=119.0 max=119.0
InTree         0.0 dev=0.0 min=0.0 max=0.0
KnowDepth      -
Aborted        0%
Games/s        407.7
Score          1.00
Sequence      
1efc7 info: 
1efc7 warning: **** MoHexSearch returned empty sequence!
1efc7 warning: **** Returning random move!
<= 
< 
<  4d025cd5f6c031f0
<  a  b  c  d  e  f  g  h  i  j  k  
< 1\.  .  .  .  .  .  .  .  .  .  .\1
<  2\.  .  .  .  .  .  .  .  .  .  .\2
<   3\.  .  .  .  .  .  .  .  W  .  .\3
<    4\.  .  .  .  .  .  .  .  .  .  .\4
<     5\.  .  .  .  .  .  .  .  .  .  .\5
<      6\.  .  .  .  .  .  .  .  .  .  .\6
<       7\.  .  .  .  .  .  .  .  .  .  .\7
<        8\.  .  .  .  B  .  .  .  .  .  .\8
<         9\.  .  .  .  .  .  .  .  .  .  .\9
<         10\.  .  .  .  .  .  .  .  .  .  .\10
<          11\.  .  .  .  .  B  .  .  .  .  .\11
<              a  b  c  d  e  f  g  h  i  j  k  
<
>play w j4
<= 
<
>showboard
<= 
< 
<  aac493021d780c39
<  a  b  c  d  e  f  g  h  i  j  k  
< 1\.  .  .  .  .  .  .  .  .  .  .\1
<  2\.  .  .  .  .  .  .  .  .  .  .\2
<   3\.  .  .  .  .  .  .  .  W  .  .\3
<    4\.  .  .  .  .  .  .  .  .  W  .\4
<     5\.  .  .  .  .  .  .  .  .  .  .\5
<      6\.  .  .  .  .  .  .  .  .  .  .\6
<       7\.  .  .  .  .  .  .  .  .  .  .\7
<        8\.  .  .  .  B  .  .  .  .  .  .\8
<         9\.  .  .  .  .  .  .  .  .  .  .\9
<         10\.  .  .  .  .  .  .  .  .  .  .\10
<          11\.  .  .  .  .  B  .  .  .  .  .\11
<              a  b  c  d  e  f  g  h  i  j  k  
<
>genmove b
<= g9
<
>showboard
1efc7 info: Best move cannot be determined, must search state.
1efc7 info: --- MoHexPlayer::Search() ---
1efc7 info: Color: black
1efc7 info: MaxGames: 1
1efc7 info: NumberThreads: 1
1efc7 info: MaxNodes: 9090 (799920 bytes)
1efc7 info: TimeForMove: 1
1efc7 info: PreSearch: max time reached (48/82).
1efc7 info: Time for PreSearch: 0.201811s
1efc7 info: 
  aac493021d780c39
  a  b  c  d  e  f  g  h  i  j  k  
 1\.  .  .  .  .  .  .  .  .  .  .\1
  2\.  .  *  *  *  *  *  .  .  *  w\2
   3\.  *  *  *  *  *  *  *  W  .  w\3
    4\*  *  *  *  *  *  *  *  *  W  w\4
     5\*  *  *  *  *  *  *  *  *  .  w\5
      6\*  *  *  *  *  *  *  *  *  *  .\6
       7\*  *  *  *  *  *  *  *  *  *  *\7
        8\*  *  *  *  B  *  *  *  *  *  *\8
         9\*  *  *  *  *  *  *  *  *  *  .\9
         10\*  *  *  *  *  *  *  *  *  .  .\10
          11\.  .  .  .  .  B  .  .  .  .  .\11
              a  b  c  d  e  f  g  h  i  j  k  
1efc7 info: Old: [black, e8] [white, swap-pieces] [white, i3] 
1efc7 info: New: [black, e8] [white, swap-pieces] [white, i3] [black, f11] [white, j4] 
1efc7 info: MovesPlayed: [black, f11] [white, j4] 
1efc7 info: No subtree to reuse.
1efc7 info: StartSearch()[0]
SgUctSearch: max games reached
1efc7 info: 
Elapsed Time   0.34584s
Count          1
GamesPlayed    1
Nodes          1
Knowledge      0 (0.0%)
Expansions     0.0
Time           0.00
GameLen        113.0 dev=0.0 min=113.0 max=113.0
InTree         0.0 dev=0.0 min=0.0 max=0.0
KnowDepth      -
Aborted        0%
Games/s        3521.1
Score          0.00
Sequence      
1efc7 info: 
1efc7 warning: **** MoHexSearch returned empty sequence!
1efc7 warning: **** Returning random move!
<= 
< 
<  597696ef7996acc9
<  a  b  c  d  e  f  g  h  i  j  k  
< 1\.  .  .  .  .  .  .  .  .  .  .\1
<  2\.  .  .  .  .  .  .  .  .  .  .\2
<   3\.  .  .  .  .  .  .  .  W  .  .\3
<    4\.  .  .  .  .  .  .  .  .  W  .\4
<     5\.  .  .  .  .  .  .  .  .  .  .\5
<      6\.  .  .  .  .  .  .  .  .  .  .\6
<       7\.  .  .  .  .  .  .  .  .  .  .\7
<        8\.  .  .  .  B  .  .  .  .  .  .\8
<         9\.  .  .  .  .  .  B  .  .  .  .\9
<         10\.  .  .  .  .  .  .  .  .  .  .\10
<          11\.  .  .  .  .  B  .  .  .  .  .\11
<              a  b  c  d  e  f  g  h  i  j  k  
<
>play w j6
<= 
<
>showboard
<= 
< 
<  2aac7733e7476c53
<  a  b  c  d  e  f  g  h  i  j  k  
< 1\.  .  .  .  .  .  .  .  .  .  .\1
<  2\.  .  .  .  .  .  .  .  .  .  .\2
<   3\.  .  .  .  .  .  .  .  W  .  .\3
<    4\.  .  .  .  .  .  .  .  .  W  .\4
<     5\.  .  .  .  .  .  .  .  .  .  .\5
<      6\.  .  .  .  .  .  .  .  .  W  .\6
<       7\.  .  .  .  .  .  .  .  .  .  .\7
<        8\.  .  .  .  B  .  .  .  .  .  .\8
<         9\.  .  .  .  .  .  B  .  .  .  .\9
<         10\.  .  .  .  .  .  .  .  .  .  .\10
<          11\.  .  .  .  .  B  .  .  .  .  .\11
<              a  b  c  d  e  f  g  h  i  j  k  
<
>genmove b
<= b2
<
>showboard
1efc7 info: Best move cannot be determined, must search state.
1efc7 info: --- MoHexPlayer::Search() ---
1efc7 info: Color: black
1efc7 info: MaxGames: 1
1efc7 info: NumberThreads: 1
1efc7 info: MaxNodes: 9090 (799920 bytes)
1efc7 info: TimeForMove: 1
1efc7 info: PreSearch: max time reached (41/76).
1efc7 info: Time for PreSearch: 0.205355s
1efc7 info: 
  2aac7733e7476c53
  a  b  c  d  e  f  g  h  i  j  k  
 1\.  .  .  .  .  .  .  .  .  .  .\1
  2\.  .  *  *  *  *  *  .  .  *  w\2
   3\.  *  *  *  *  *  *  *  W  .  w\3
    4\*  *  *  *  *  *  *  *  *  W  w\4
     5\*  *  *  *  *  *  *  *  *  b  w\5
      6\*  *  *  *  *  *  *  *  *  W  w\6
       7\*  *  *  *  *  *  *  *  *  .  w\7
        8\*  *  *  *  B  *  *  *  *  *  .\8
         9\*  *  *  *  *  *  B  *  *  *  .\9
         10\*  *  *  *  *  *  .  *  *  .  .\10
          11\.  .  .  .  .  B  .  .  .  .  .\11
              a  b  c  d  e  f  g  h  i  j  k  
1efc7 info: Old: [black, e8] [white, swap-pieces] [white, i3] [black, f11] [white, j4] 
1efc7 info: New: [black, e8] [white, swap-pieces] [white, i3] [black, f11] [white, j4] [black, g9] [white, j6] 
1efc7 info: MovesPlayed: [black, g9] [white, j6] 
1efc7 info: No subtree to reuse.
1efc7 info: StartSearch()[0]
SgUctSearch: max games reached
1efc7 info: 
Elapsed Time   0.350464s
Count          1
GamesPlayed    1
Nodes          1
Knowledge      0 (0.0%)
Expansions     0.0
Time           0.00
GameLen        108.0 dev=0.0 min=108.0 max=108.0
InTree         0.0 dev=0.0 min=0.0 max=0.0
KnowDepth      -
Aborted        0%
Games/s        3367.0
Score          1.00
Sequence      
1efc7 info: 
1efc7 warning: **** MoHexSearch returned empty sequence!
1efc7 warning: **** Returning random move!
<= 
< 
<  b01fad5975332296
<  a  b  c  d  e  f  g  h  i  j  k  
< 1\.  .  .  .  .  .  .  .  .  .  .\1
<  2\.  B  .  .  .  .  .  .  .  .  .\2
<   3\.  .  .  .  .  .  .  .  W  .  .\3
<    4\.  .  .  .  .  .  .  .  .  W  .\4
<     5\.  .  .  .  .  .  .  .  .  .  .\5
<      6\.  .  .  .  .  .  .  .  .  W  .\6
<       7\.  .  .  .  .  .  .  .  .  .  .\7
<        8\.  .  .  .  B  .  .  .  .  .  .\8
<         9\.  .  .  .  .  .  B  .  .  .  .\9
<         10\.  .  .  .  .  .  .  .  .  .  .\10
<          11\.  .  .  .  .  B  .  .  .  .  .\11
<              a  b  c  d  e  f  g  h  i  j  k  
<
>play w c3
<= 
<
>showboard
<= 
< 
<  03d55a57874a7b72
<  a  b  c  d  e  f  g  h  i  j  k  
< 1\.  .  .  .  .  .  .  .  .  .  .\1
<  2\.  B  .  .  .  .  .  .  .  .  .\2
<   3\.  .  W  .  .  .  .  .  W  .  .\3
<    4\.  .  .  .  .  .  .  .  .  W  .\4
<     5\.  .  .  .  .  .  .  .  .  .  .\5
<      6\.  .  .  .  .  .  .  .  .  W  .\6
<       7\.  .  .  .  .  .  .  .  .  .  .\7
<        8\.  .  .  .  B  .  .  .  .  .  .\8
<         9\.  .  .  .  .  .  B  .  .  .  .\9
<         10\.  .  .  .  .  .  .  .  .  .  .\10
<          11\.  .  .  .  .  B  .  .  .  .  .\11
<              a  b  c  d  e  f  g  h  i  j  k  
<
>genmove b
<= b10
<
>showboard
1efc7 info: Best move cannot be determined, must search state.
1efc7 info: --- MoHexPlayer::Search() ---
1efc7 info: Color: black
1efc7 info: MaxGames: 1
1efc7 info: NumberThreads: 1
1efc7 info: MaxNodes: 9090 (799920 bytes)
1efc7 info: TimeForMove: 1
1efc7 info: PreSearch: max time reached (46/70).
1efc7 info: Time for PreSearch: 0.206523s
1efc7 info: 
  03d55a57874a7b72
  a  b  c  d  e  f  g  h  i  j  k  
 1\b  b  b  b  b  .  .  .  .  .  .\1
  2\b  B  b  .  .  *  *  .  .  *  w\2
   3\.  .  W  *  *  *  *  *  W  .  w\3
    4\*  .  *  *  *  *  *  *  *  W  w\4
     5\.  *  *  *  *  *  *  *  *  b  w\5
      6\*  *  *  *  *  *  *  *  *  W  w\6
       7\*  *  *  *  *  *  *  *  *  .  w\7
        8\*  *  *  *  B  *  *  *  *  *  .\8
         9\*  *  *  *  *  *  B  *  *  *  .\9
         10\*  *  *  *  *  *  .  *  *  .  .\10
          11\.  .  .  .  .  B  .  .  .  .  .\11
              a  b  c  d  e  f  g  h  i  j  k  
1efc7 info: Old: [black, e8] [white, swap-pieces] [white, i3] [black, f11] [white, j4] [black, g9] [white, j6] 
1efc7 info: New: [black, e8] [white, swap-pieces] [white, i3] [black, f11] [white, j4] [black, g9] [white, j6] [black, b2] [white, c3] 
1efc7 info: MovesPlayed: [black, b2] [white, c3] 
1efc7 info: No subtree to reuse.
1efc7 info: StartSearch()[0]
SgUctSearch: max games reached
1efc7 info: 
Elapsed Time   0.350584s
Count          1
GamesPlayed    1
Nodes          1
Knowledge      0 (0.0%)
Expansions     0.0
Time           0.00
GameLen        99.0 dev=0.0 min=99.0 max=99.0
InTree         0.0 dev=0.0 min=0.0 max=0.0
KnowDepth      -
Aborted        0%
Games/s        3690.0
Score          1.00
Sequence      
1efc7 info: 
1efc7 warning: **** MoHexSearch returned empty sequence!
1efc7 warning: **** Returning random move!
<= 
< 
<  c5ca3a553c7502cd
<  a  b  c  d  e  f  g  h  i  j  k  
< 1\.  .  .  .  .  .  .  .  .  .  .\1
<  2\.  B  .  .  .  .  .  .  .  .  .\2
<   3\.  .  W  .  .  .  .  .  W  .  .\3
<    4\.  .  .  .  .  .  .  .  .  W  .\4
<     5\.  .  .  .  .  .  .  .  .  .  .\5
<      6\.  .  .  .  .  .  .  .  .  W  .\6
<       7\.  .  .  .  .  .  .  .  .  .  .\7
<        8\.  .  .  .  B  .  .  .  .  .  .\8
<         9\.  .  .  .  .  .  B  .  .  .  .\9
<         10\.  B  .  .  .  .  .  .  .  .  .\10
<          11\.  .  .  .  .  B  .  .  .  .  .\11
<              a  b  c  d  e  f  g  h  i  j  k  
<
>play w g7
<= 
<
>showboard
<= 
< 
<  c361e754c97a94f5
<  a  b  c  d  e  f  g  h  i  j  k  
< 1\.  .  .  .  .  .  .  .  .  .  .\1
<  2\.  B  .  .  .  .  .  .  .  .  .\2
<   3\.  .  W  .  .  .  .  .  W  .  .\3
<    4\.  .  .  .  .  .  .  .  .  W  .\4
<     5\.  .  .  .  .  .  .  .  .  .  .\5
<      6\.  .  .  .  .  .  .  .  .  W  .\6
<       7\.  .  .  .  .  .  W  .  .  .  .\7
<        8\.  .  .  .  B  .  .  .  .  .  .\8
<         9\.  .  .  .  .  .  B  .  .  .  .\9
<         10\.  B  .  .  .  .  .  .  .  .  .\10
<          11\.  .  .  .  .  B  .  .  .  .  .\11
<              a  b  c  d  e  f  g  h  i  j  k  
<
>genmove b
<= c7
<
>showboard
1efc7 info: Best move cannot be determined, must search state.
1efc7 info: --- MoHexPlayer::Search() ---
1efc7 info: Color: black
1efc7 info: MaxGames: 1
1efc7 info: NumberThreads: 1
1efc7 info: MaxNodes: 9090 (799920 bytes)
1efc7 info: TimeForMove: 1
1efc7 info: Time for PreSearch: 0.182518s
1efc7 info: 
  c361e754c97a94f5
  a  b  c  d  e  f  g  h  i  j  k  
 1\b  b  b  b  b  .  .  .  .  .  .\1
  2\b  B  b  .  .  *  *  .  .  *  w\2
   3\.  .  W  *  *  *  *  *  W  .  w\3
    4\*  .  *  *  *  *  *  *  *  W  w\4
     5\.  *  *  *  *  *  *  *  *  b  w\5
      6\*  *  *  *  *  *  *  *  *  W  w\6
       7\*  *  *  *  *  *  W  *  *  .  w\7
        8\*  *  *  *  B  .  *  *  *  *  .\8
         9\*  *  .  .  .  .  B  *  .  .  .\9
         10\.  B  .  .  .  .  .  .  *  .  .\10
          11\b  b  b  b  b  B  .  .  .  .  .\11
              a  b  c  d  e  f  g  h  i  j  k  
1efc7 info: Old: [black, e8] [white, swap-pieces] [white, i3] [black, f11] [white, j4] [black, g9] [white, j6] [black, b2] [white, c3] 
1efc7 info: New: [black, e8] [white, swap-pieces] [white, i3] [black, f11] [white, j4] [black, g9] [white, j6] [black, b2] [white, c3] [black, b10] [white, g7] 
1efc7 info: MovesPlayed: [black, b10] [white, g7] 
1efc7 info: No subtree to reuse.
1efc7 info: StartSearch()[0]
SgUctSearch: max games reached
1efc7 info: 
Elapsed Time   0.326398s
Count          1
GamesPlayed    1
Nodes          1
Knowledge      0 (0.0%)
Expansions     0.0
Time           0.00
GameLen        92.0 dev=0.0 min=92.0 max=92.0
InTree         0.0 dev=0.0 min=0.0 max=0.0
KnowDepth      -
Aborted        0%
Games/s        3246.8
Score          1.00
Sequence      
1efc7 info: 
1efc7 warning: **** MoHexSearch returned empty sequence!
1efc7 warning: **** Returning random move!
<= 
< 
<  2602fc6769a75042
<  a  b  c  d  e  f  g  h  i  j  k  
< 1\.  .  .  .  .  .  .  .  .  .  .\1
<  2\.  B  .  .  .  .  .  .  .  .  .\2
<   3\.  .  W  .  .  .  .  .  W  .  .\3
<    4\.  .  .  .  .  .  .  .  .  W  .\4
<     5\.  .  .  .  .  .  .  .  .  .  .\5
<      6\.  .  .  .  .  .  .  .  .  W  .\6
<       7\.  .  B  .  .  .  W  .  .  .  .\7
<        8\.  .  .  .  B  .  .  .  .  .  .\8
<         9\.  .  .  .  .  .  B  .  .  .  .\9
<         10\.  B  .  .  .  .  .  .  .  .  .\10
<          11\.  .  .  .  .  B  .  .  .  .  .\11
<              a  b  c  d  e  f  g  h  i  j  k  
<
>play w f1
<= 
<
>showboard
<= 
< 
<  6354ebfe9013f261
<  a  b  c  d  e  f  g  h  i  j  k  
< 1\.  .  .  .  .  W  .  .  .  .  .\1
<  2\.  B  .  .  .  .  .  .  .  .  .\2
<   3\.  .  W  .  .  .  .  .  W  .  .\3
<    4\.  .  .  .  .  .  .  .  .  W  .\4
<     5\.  .  .  .  .  .  .  .  .  .  .\5
<      6\.  .  .  .  .  .  .  .  .  W  .\6
<       7\.  .  B  .  .  .  W  .  .  .  .\7
<        8\.  .  .  .  B  .  .  .  .  .  .\8
<         9\.  .  .  .  .  .  B  .  .  .  .\9
<         10\.  B  .  .  .  .  .  .  .  .  .\10
<          11\.  .  .  .  .  B  .  .  .  .  .\11
<              a  b  c  d  e  f  g  h  i  j  k  
<
>genmove b
<= g1
<
>showboard
1efc7 info: Best move cannot be determined, must search state.
1efc7 info: --- MoHexPlayer::Search() ---
1efc7 info: Color: black
1efc7 info: MaxGames: 1
1efc7 info: NumberThreads: 1
1efc7 info: MaxNodes: 9090 (799920 bytes)
1efc7 info: TimeForMove: 1
1efc7 info: Time for PreSearch: 0.203312s
1efc7 info: 
  6354ebfe9013f261
  a  b  c  d  e  f  g  h  i  j  k  
 1\b  b  b  b  .  W  .  .  .  .  .\1
  2\b  B  b  .  *  *  *  .  .  *  w\2
   3\.  .  W  *  *  *  *  *  W  .  w\3
    4\*  .  *  *  *  *  *  *  *  W  w\4
     5\.  *  *  *  *  *  *  *  *  b  w\5
      6\*  *  *  *  *  *  *  *  *  W  w\6
       7\*  *  B  *  *  *  W  *  *  .  w\7
        8\*  *  *  *  B  .  *  *  *  *  .\8
         9\*  *  .  .  .  .  B  *  .  .  .\9
         10\.  B  .  .  .  .  .  .  *  .  .\10
          11\b  b  b  b  b  B  .  .  .  .  .\11
              a  b  c  d  e  f  g  h  i  j  k  
1efc7 info: Old: [black, e8] [white, swap-pieces] [white, i3] [black, f11] [white, j4] [black, g9] [white, j6] [black, b2] [white, c3] [black, b10] [white, g7] 
1efc7 info: New: [black, e8] [white, swap-pieces] [white, i3] [black, f11] [white, j4] [black, g9] [white, j6] [black, b2] [white, c3] [black, b10] [white, g7] [black, c7] [white, f1] 
1efc7 info: MovesPlayed: [black, c7] [white, f1] 
1efc7 info: No subtree to reuse.
1efc7 info: StartSearch()[0]
SgUctSearch: max games reached
1efc7 info: 
Elapsed Time   0.348212s
Count          1
GamesPlayed    1
Nodes          1
Knowledge      0 (0.0%)
Expansions     0.0
Time           0.00
GameLen        91.0 dev=0.0 min=91.0 max=91.0
InTree         0.0 dev=0.0 min=0.0 max=0.0
KnowDepth      -
Aborted        0%
Games/s        3802.3
Score          0.00
Sequence      
1efc7 info: 
1efc7 warning: **** MoHexSearch returned empty sequence!
1efc7 warning: **** Returning random move!
<= 
< 
<  e8b0994c0e6d905b
<  a  b  c  d  e  f  g  h  i  j  k  
< 1\.  .  .  .  .  W  B  .  .  .  .\1
<  2\.  B  .  .  .  .  .  .  .  .  .\2
<   3\.  .  W  .  .  .  .  .  W  .  .\3
<    4\.  .  .  .  .  .  .  .  .  W  .\4
<     5\.  .  .  .  .  .  .  .  .  .  .\5
<      6\.  .  .  .  .  .  .  .  .  W  .\6
<       7\.  .  B  .  .  .  W  .  .  .  .\7
<        8\.  .  .  .  B  .  .  .  .  .  .\8
<         9\.  .  .  .  .  .  B  .  .  .  .\9
<         10\.  B  .  .  .  .  .  .  .  .  .\10
<          11\.  .  .  .  .  B  .  .  .  .  .\11
<              a  b  c  d  e  f  g  h  i  j  k  
<
>play w a6
<= 
<
>showboard
<= 
< 
<  859e3d073d074125
<  a  b  c  d  e  f  g  h  i  j  k  
< 1\.  .  .  .  .  W  B  .  .  .  .\1
<  2\.  B  .  .  .  .  .  .  .  .  .\2
<   3\.  .  W  .  .  .  .  .  W  .  .\3
<    4\.  .  .  .  .  .  .  .  .  W  .\4
<     5\.  .  .  .  .  .  .  .  .  .  .\5
<      6\W  .  .  .  .  .  .  .  .  W  .\6
<       7\.  .  B  .  .  .  W  .  .  .  .\7
<        8\.  .  .  .  B  .  .  .  .  .  .\8
<         9\.  .  .  .  .  .  B  .  .  .  .\9
<         10\.  B  .  .  .  .  .  .  .  .  .\10
<          11\.  .  .  .  .  B  .  .  .  .  .\11
<              a  b  c  d  e  f  g  h  i  j  k  
<
>genmove b
<= i4
<
>showboard
1efc7 info: Best move cannot be determined, must search state.
1efc7 info: --- MoHexPlayer::Search() ---
1efc7 info: Color: black
1efc7 info: MaxGames: 1
1efc7 info: NumberThreads: 1
1efc7 info: MaxNodes: 9090 (799920 bytes)
1efc7 info: TimeForMove: 1
1efc7 info: Time for PreSearch: 0.200045s
1efc7 info: 
  859e3d073d074125
  a  b  c  d  e  f  g  h  i  j  k  
 1\b  b  b  b  .  W  B  .  .  .  .\1
  2\b  B  b  .  .  *  *  .  .  *  w\2
   3\.  .  W  *  *  *  *  *  W  .  w\3
    4\*  .  *  *  *  *  *  *  *  W  w\4
     5\.  .  *  *  *  *  *  *  *  b  w\5
      6\W  *  *  *  *  *  *  *  *  W  w\6
       7\.  *  B  *  *  *  W  *  *  .  w\7
        8\*  *  *  *  B  .  *  *  *  *  .\8
         9\*  *  .  .  .  .  B  *  .  .  .\9
         10\.  B  .  .  .  .  .  .  *  .  .\10
          11\b  b  b  b  b  B  .  .  .  .  .\11
              a  b  c  d  e  f  g  h  i  j  k  
1efc7 info: Old: [black, e8] [white, swap-pieces] [white, i3] [black, f11] [white, j4] [black, g9] [white, j6] [black, b2] [white, c3] [black, b10] [white, g7] [black, c7] [white, f1] 
1efc7 info: New: [black, e8] [white, swap-pieces] [white, i3] [black, f11] [white, j4] [black, g9] [white, j6] [black, b2] [white, c3] [black, b10] [white, g7] [black, c7] [white, f1] [black, g1] [white, a6] 
1efc7 info: MovesPlayed: [black, g1] [white, a6] 
1efc7 info: No subtree to reuse.
1efc7 info: StartSearch()[0]
SgUctSearch: max games reached
1efc7 info: 
Elapsed Time   0.347689s
Count          1
GamesPlayed    1
Nodes          1
Knowledge      0 (0.0%)
Expansions     0.0
Time           0.00
GameLen        89.0 dev=0.0 min=89.0 max=89.0
InTree         0.0 dev=0.0 min=0.0 max=0.0
KnowDepth      -
Aborted        0%
Games/s        3558.7
Score          1.00
Sequence      
1efc7 info: 
1efc7 warning: **** MoHexSearch returned empty sequence!
1efc7 warning: **** Returning random move!
<= 
< 
<  d34828fc38fcd5b8
<  a  b  c  d  e  f  g  h  i  j  k  
< 1\.  .  .  .  .  W  B  .  .  .  .\1
<  2\.  B  .  .  .  .  .  .  .  .  .\2
<   3\.  .  W  .  .  .  .  .  W  .  .\3
<    4\.  .  .  .  .  .  .  .  B  W  .\4
<     5\.  .  .  .  .  .  .  .  .  .  .\5
<      6\W  .  .  .  .  .  .  .  .  W  .\6
<       7\.  .  B  .  .  .  W  .  .  .  .\7
<        8\.  .  .  .  B  .  .  .  .  .  .\8
<         9\.  .  .  .  .  .  B  .  .  .  .\9
<         10\.  B  .  .  .  .  .  .  .  .  .\10
<          11\.  .  .  .  .  B  .  .  .  .  .\11
<              a  b  c  d  e  f  g  h  i  j  k  
<
>play w d5
<= 
<
>showboard
<= 
< 
<  af82c3aea9391de1
<  a  b  c  d  e  f  g  h  i  j  k  
< 1\.  .  .  .  .  W  B  .  .  .  .\1
<  2\.  B  .  .  .  .  .  .  .  .  .\2
<   3\.  .  W  .  .  .  .  .  W  .  .\3
<    4\.  .  .  .  .  .  .  .  B  W  .\4
<     5\.  .  .  W  .  .  .  .  .  .  .\5
<      6\W  .  .  .  .  .  .  .  .  W  .\6
<       7\.  .  B  .  .  .  W  .  .  .  .\7
<        8\.  .  .  .  B  .  .  .  .  .  .\8
<         9\.  .  .  .  .  .  B  .  .  .  .\9
<         10\.  B  .  .  .  .  .  .  .  .  .\10
<          11\.  .  .  .  .  B  .  .  .  .  .\11
<              a  b  c  d  e  f  g  h  i  j  k  
<
>genmove b
<= i2
<
>showboard
1efc7 info: Best move cannot be determined, must search state.
1efc7 info: --- MoHexPlayer::Search() ---
1efc7 info: Color: black
1efc7 info: MaxGames: 1
1efc7 info: NumberThreads: 1
1efc7 info: MaxNodes: 9090 (799920 bytes)
1efc7 info: TimeForMove: 1
1efc7 info: PreSearch: max time reached (55/56).
1efc7 info: Time for PreSearch: 0.201269s
1efc7 info: 
  af82c3aea9391de1
  a  b  c  d  e  f  g  h  i  j  k  
 1\b  b  b  b  .  W  B  .  .  .  .\1
  2\b  B  b  .  .  *  *  .  .  *  w\2
   3\.  .  W  *  *  *  *  *  W  .  w\3
    4\*  .  *  *  *  *  *  *  B  W  w\4
     5\.  .  *  W  *  *  *  *  *  b  w\5
      6\W  *  *  *  *  *  *  *  *  W  w\6
       7\.  *  B  *  *  *  W  *  *  .  w\7
        8\*  *  *  *  B  .  *  *  *  *  .\8
         9\*  *  .  .  .  .  B  *  .  .  .\9
         10\.  B  .  .  .  .  .  .  *  .  .\10
          11\b  b  b  b  b  B  .  .  .  .  .\11
              a  b  c  d  e  f  g  h  i  j  k  
1efc7 info: Old: [black, e8] [white, swap-pieces] [white, i3] [black, f11] [white, j4] [black, g9] [white, j6] [black, b2] [white, c3] [black, b10] [white, g7] [black, c7] [white, f1] [black, g1] [white, a6] 
1efc7 info: New: [black, e8] [white, swap-pieces] [white, i3] [black, f11] [white, j4] [black, g9] [white, j6] [black, b2] [white, c3] [black, b10] [white, g7] [black, c7] [white, f1] [black, g1] [white, a6] [black, i4] [white, d5] 
1efc7 info: MovesPlayed: [black, i4] [white, d5] 
1efc7 info: No subtree to reuse.
1efc7 info: StartSearch()[0]
SgUctSearch: max games reached
1efc7 info: 
Elapsed Time   0.356106s
Count          1
GamesPlayed    1
Nodes          1
Knowledge      0 (0.0%)
Expansions     0.0
Time           0.00
GameLen        87.0 dev=0.0 min=87.0 max=87.0
InTree         0.0 dev=0.0 min=0.0 max=0.0
KnowDepth      -
Aborted        0%
Games/s        3816.8
Score          1.00
Sequence      
1efc7 info: 
1efc7 warning: **** MoHexSearch returned empty sequence!
1efc7 warning: **** Returning random move!
<= 
< 
<  1fdd9812edb80ab3
<  a  b  c  d  e  f  g  h  i  j  k  
< 1\.  .  .  .  .  W  B  .  .  .  .\1
<  2\.  B  .  .  .  .  .  .  B  .  .\2
<   3\.  .  W  .  .  .  .  .  W  .  .\3
<    4\.  .  .  .  .  .  .  .  B  W  .\4
<     5\.  .  .  W  .  .  .  .  .  .  .\5
<      6\W  .  .  .  .  .  .  .  .  W  .\6
<       7\.  .  B  .  .  .  W  .  .  .  .\7
<        8\.  .  .  .  B  .  .  .  .  .  .\8
<         9\.  .  .  .  .  .  B  .  .  .  .\9
<         10\.  B  .  .  .  .  .  .  .  .  .\10
<          11\.  .  .  .  .  B  .  .  .  .  .\11
<              a  b  c  d  e  f  g  h  i  j  k  
<
>play w h10
<= 
<
>showboard
<= 
< 
<  63dba2c030e9d2f0
<  a  b  c  d  e  f  g  h  i  j  k  
< 1\.  .  .  .  .  W  B  .  .  .  .\1
<  2\.  B  .  .  .  .  .  .  B  .  .\2
<   3\.  .  W  .  .  .  .  .  W  .  .\3
<    4\.  .  .  .  .  .  .  .  B  W  .\4
<     5\.  .  .  W  .  .  .  .  .  .  .\5
<      6\W  .  .  .  .  .  .  .  .  W  .\6
<       7\.  .  B  .  .  .  W  .  .  .  .\7
<        8\.  .  .  .  B  .  .  .  .  .  .\8
<         9\.  .  .  .  .  .  B  .  .  .  .\9
<         10\.  B  .  .  .  .  .  W  .  .  .\10
<          11\.  .  .  .  .  B  .  .  .  .  .\11
<              a  b  c  d  e  f  g  h  i  j  k  
<
>genmove b
<= f6
<
>showboard
1efc7 info: Best move cannot be determined, must search state.
1efc7 info: --- MoHexPlayer::Search() ---
1efc7 info: Color: black
1efc7 info: MaxGames: 1
1efc7 info: NumberThreads: 1
1efc7 info: MaxNodes: 9090 (799920 bytes)
1efc7 info: TimeForMove: 1
1efc7 info: Time for PreSearch: 0.087781s
1efc7 info: 
  63dba2c030e9d2f0
  a  b  c  d  e  f  g  h  i  j  k  
 1\b  b  b  b  .  W  B  b  b  b  w\1
  2\b  B  b  .  .  *  .  .  B  w  w\2
   3\.  .  W  *  *  *  *  *  W  w  w\3
    4\*  .  *  *  *  *  *  *  B  W  w\4
     5\.  .  *  W  *  *  *  *  *  b  w\5
      6\W  *  *  *  *  *  *  *  *  W  w\6
       7\.  *  B  .  *  *  W  *  *  .  w\7
        8\*  .  .  .  B  b  .  .  .  .  .\8
         9\.  .  .  b  b  b  B  .  .  .  .\9
         10\.  B  b  b  b  b  b  W  .  .  .\10
          11\b  b  b  b  b  B  b  .  .  .  .\11
              a  b  c  d  e  f  g  h  i  j  k  
1efc7 info: Old: [black, e8] [white, swap-pieces] [white, i3] [black, f11] [white, j4] [black, g9] [white, j6] [black, b2] [white, c3] [black, b10] [white, g7] [black, c7] [white, f1] [black, g1] [white, a6] [black, i4] [white, d5] 
1efc7 info: New: [black, e8] [white, swap-pieces] [white, i3] [black, f11] [white, j4] [black, g9] [white, j6] [black, b2] [white, c3] [black, b10] [white, g7] [black, c7] [white, f1] [black, g1] [white, a6] [black, i4] [white, d5] [black, i2] [white, h10] 
1efc7 info: MovesPlayed: [black, i2] [white, h10] 
1efc7 info: No subtree to reuse.
1efc7 info: StartSearch()[0]
SgUctSearch: max games reached
1efc7 info: 
Elapsed Time   0.234166s
Count          1
GamesPlayed    1
Nodes          1
Knowledge      0 (0.0%)
Expansions     0.0
Time           0.00
GameLen        69.0 dev=0.0 min=69.0 max=69.0
InTree         0.0 dev=0.0 min=0.0 max=0.0
KnowDepth      -
Aborted        0%
Games/s        3816.8
Score          1.00
Sequence      
1efc7 info: 
1efc7 warning: **** MoHexSearch returned empty sequence!
1efc7 warning: **** Returning random move!
<= 
< 
<  ef5566edf82906d6
<  a  b  c  d  e  f  g  h  i  j  k  
< 1\.  .  .  .  .  W  B  .  .  .  .\1
<  2\.  B  .  .  .  .  .  .  B  .  .\2
<   3\.  .  W  .  .  .  .  .  W  .  .\3
<    4\.  .  .  .  .  .  .  .  B  W  .\4
<     5\.  .  .  W  .  .  .  .  .  .  .\5
<      6\W  .  .  .  .  B  .  .  .  W  .\6
<       7\.  .  B  .  .  .  W  .  .  .  .\7
<        8\.  .  .  .  B  .  .  .  .  .  .\8
<         9\.  .  .  .  .  .  B  .  .  .  .\9
<         10\.  B  .  .  .  .  .  W  .  .  .\10
<          11\.  .  .  .  .  B  .  .  .  .  .\11
<              a  b  c  d  e  f  g  h  i  j  k  
<
>play w b8
<= 
<
>showboard
<= 
< 
<  6ba5c935ebcf067b
<  a  b  c  d  e  f  g  h  i  j  k  
< 1\.  .  .  .  .  W  B  .  .  .  .\1
<  2\.  B  .  .  .  .  .  .  B  .  .\2
<   3\.  .  W  .  .  .  .  .  W  .  .\3
<    4\.  .  .  .  .  .  .  .  B  W  .\4
<     5\.  .  .  W  .  .  .  .  .  .  .\5
<      6\W  .  .  .  .  B  .  .  .  W  .\6
<       7\.  .  B  .  .  .  W  .  .  .  .\7
<        8\.  W  .  .  B  .  .  .  .  .  .\8
<         9\.  .  .  .  .  .  B  .  .  .  .\9
<         10\.  B  .  .  .  .  .  W  .  .  .\10
<          11\.  .  .  .  .  B  .  .  .  .  .\11
<              a  b  c  d  e  f  g  h  i  j  k  
<
>genmove b
<= g4
<
>showboard
1efc7 info: Winning SC.
<= 
< 
<  0828fc327d125e8f
<  a  b  c  d  e  f  g  h  i  j  k  
< 1\.  .  .  .  .  W  B  .  .  .  .\1
<  2\.  B  .  .  .  .  .  .  B  .  .\2
<   3\.  .  W  .  .  .  .  .  W  .  .\3
<    4\.  .  .  .  .  .  B  .  B  W  .\4
<     5\.  .  .  W  .  .  .  .  .  .  .\5
<      6\W  .  .  .  .  B  .  .  .  W  .\6
<       7\.  .  B  .  .  .  W  .  .  .  .\7
<        8\.  W  .  .  B  .  .  .  .  .  .\8
<         9\.  .  .  .  .  .  B  .  .  .  .\9
<         10\.  B  .  .  .  .  .  W  .  .  .\10
<          11\.  .  .  .  .  B  .  .  .  .  .\11
<              a  b  c  d  e  f  g  h  i  j  k  
<
>play w g3
<= 
<
>showboard
<= 
< 
<  e45ae8c779c738dd
<  a  b  c  d  e  f  g  h  i  j  k  
< 1\.  .  .  .  .  W  B  .  .  .  .\1
<  2\.  B  .  .  .  .  .  .  B  .  .\2
<   3\.  .  W  .  .  .  W  .  W  .  .\3
<    4\.  .  .  .  .  .  B  .  B  W  .\4
<     5\.  .  .  W  .  .  .  .  .  .  .\5
<      6\W  .  .  .  .  B  .  .  .  W  .\6
<       7\.  .  B  .  .  .  W  .  .  .  .\7
<        8\.  W  .  .  B  .  .  .  .  .  .\8
<         9\.  .  .  .  .  .  B  .  .  .  .\9
<         10\.  B  .  .  .  .  .  W  .  .  .\10
<          11\.  .  .  .  .  B  .  .  .  .  .\11
<              a  b  c  d  e  f  g  h  i  j  k  
<
>genmove b
<= h3
<
>showboard
1efc7 info: Winning SC.
<= 
< 
<  0a63c3c6ccf58b8e
<  a  b  c  d  e  f  g  h  i  j  k  
< 1\.  .  .  .  .  W  B  .  .  .  .\1
<  2\.  B  .  .  .  .  .  .  B  .  .\2
<   3\.  .  W  .  .  .  W  B  W  .  .\3
<    4\.  .  .  .  .  .  B  .  B  W  .\4
<     5\.  .  .  W  .  .  .  .  .  .  .\5
<      6\W  .  .  .  .  B  .  .  .  W  .\6
<       7\.  .  B  .  .  .  W  .  .  .  .\7
<        8\.  W  .  .  B  .  .  .  .  .  .\8
<         9\.  .  .  .  .  .  B  .  .  .  .\9
<         10\.  B  .  .  .  .  .  W  .  .  .\10
<          11\.  .  .  .  .  B  .  .  .  .  .\11
<              a  b  c  d  e  f  g  h  i  j  k  
<
>play w f5
<= 
<
>showboard
<= 
< 
<  2845dfa66b51347f
<  a  b  c  d  e  f  g  h  i  j  k  
< 1\.  .  .  .  .  W  B  .  .  .  .\1
<  2\.  B  .  .  .  .  .  .  B  .  .\2
<   3\.  .  W  .  .  .  W  B  W  .  .\3
<    4\.  .  .  .  .  .  B  .  B  W  .\4
<     5\.  .  .  W  .  W  .  .  .  .  .\5
<      6\W  .  .  .  .  B  .  .  .  W  .\6
<       7\.  .  B  .  .  .  W  .  .  .  .\7
<        8\.  W  .  .  B  .  .  .  .  .  .\8
<         9\.  .  .  .  .  .  B  .  .  .  .\9
<         10\.  B  .  .  .  .  .  W  .  .  .\10
<          11\.  .  .  .  .  B  .  .  .  .  .\11
<              a  b  c  d  e  f  g  h  i  j  k  
<
>genmove b
<= g5
<
>showboard
1efc7 info: Winning SC.
<= 
< 
<  b0887010db50789e
<  a  b  c  d  e  f  g  h  i  j  k  
< 1\.  .  .  .  .  W  B  .  .  .  .\1
<  2\.  B  .  .  .  .  .  .  B  .  .\2
<   3\.  .  W  .  .  .  W  B  W  .  .\3
<    4\.  .  .  .  .  .  B  .  B  W  .\4
<     5\.  .  .  W  .  W  B  .  .  .  .\5
<      6\W  .  .  .  .  B  .  .  .  W  .\6
<       7\.  .  B  .  .  .  W  .  .  .  .\7
<        8\.  W  .  .  B  .  .  .  .  .  .\8
<         9\.  .  .  .  .  .  B  .  .  .  .\9
<         10\.  B  .  .  .  .  .  W  .  .  .\10
<          11\.  .  .  .  .  B  .  .  .  .  .\11
<              a  b  c  d  e  f  g  h  i  j  k  
<
>play w e7
<= 
<
>showboard
<= 
< 
<  a8311750499b226d
<  a  b  c  d  e  f  g  h  i  j  k  
< 1\.  .  .  .  .  W  B  .  .  .  .\1
<  2\.  B  .  .  .  .  .  .  B  .  .\2
<   3\.  .  W  .  .  .  W  B  W  .  .\3
<    4\.  .  .  .  .  .  B  .  B  W  .\4
<     5\.  .  .  W  .  W  B  .  .  .  .\5
<      6\W  .  .  .  .  B  .  .  .  W  .\6
<       7\.  .  B  .  W  .  W  .  .  .  .\7
<        8\.  W  .  .  B  .  .  .  .  .  .\8
<         9\.  .  .  .  .  .  B  .  .  .  .\9
<         10\.  B  .  .  .  .  .  W  .  .  .\10
<          11\.  .  .  .  .  B  .  .  .  .  .\11
<              a  b  c  d  e  f  g  h  i  j  k  
<
>genmove b
<= f7
<
>showboard
1efc7 info: Winning SC.
<= 
< 
<  8bf1185c013d9f38
<  a  b  c  d  e  f  g  h  i  j  k  
< 1\.  .  .  .  .  W  B  .  .  .  .\1
<  2\.  B  .  .  .  .  .  .  B  .  .\2
<   3\.  .  W  .  .  .  W  B  W  .  .\3
<    4\.  .  .  .  .  .  B  .  B  W  .\4
<     5\.  .  .  W  .  W  B  .  .  .  .\5
<      6\W  .  .  .  .  B  .  .  .  W  .\6
<       7\.  .  B  .  W  B  W  .  .  .  .\7
<        8\.  W  .  .  B  .  .  .  .  .  .\8
<         9\.  .  .  .  .  .  B  .  .  .  .\9
<         10\.  B  .  .  .  .  .  W  .  .  .\10
<          11\.  .  .  .  .  B  .  .  .  .  .\11
<              a  b  c  d  e  f  g  h  i  j  k  
<
>play w d10
<= 
<
>showboard
<= 
< 
<  9672c6e39e36cc35
<  a  b  c  d  e  f  g  h  i  j  k  
< 1\.  .  .  .  .  W  B  .  .  .  .\1
<  2\.  B  .  .  .  .  .  .  B  .  .\2
<   3\.  .  W  .  .  .  W  B  W  .  .\3
<    4\.  .  .  .  .  .  B  .  B  W  .\4
<     5\.  .  .  W  .  W  B  .  .  .  .\5
<      6\W  .  .  .  .  B  .  .  .  W  .\6
<       7\.  .  B  .  W  B  W  .  .  .  .\7
<        8\.  W  .  .  B  .  .  .  .  .  .\8
<         9\.  .  .  .  .  .  B  .  .  .  .\9
<         10\.  B  .  W  .  .  .  W  .  .  .\10
<          11\.  .  .  .  .  B  .  .  .  .  .\11
<              a  b  c  d  e  f  g  h  i  j  k  
<
>genmove b
<= d9
<
>showboard
1efc7 info: Winning SC.
<= 
< 
<  7bea48954476ee91
<  a  b  c  d  e  f  g  h  i  j  k  
< 1\.  .  .  .  .  W  B  .  .  .  .\1
<  2\.  B  .  .  .  .  .  .  B  .  .\2
<   3\.  .  W  .  .  .  W  B  W  .  .\3
<    4\.  .  .  .  .  .  B  .  B  W  .\4
<     5\.  .  .  W  .  W  B  .  .  .  .\5
<      6\W  .  .  .  .  B  .  .  .  W  .\6
<       7\.  .  B  .  W  B  W  .  .  .  .\7
<        8\.  W  .  .  B  .  .  .  .  .  .\8
<         9\.  .  .  B  .  .  B  .  .  .  .\9
<         10\.  B  .  W  .  .  .  W  .  .  .\10
<          11\.  .  .  .  .  B  .  .  .  .  .\11
<              a  b  c  d  e  f  g  h  i  j  k  
<
>play w c9
<= 
<
>showboard
<= 
< 
<  3ff8334cacea2b37
<  a  b  c  d  e  f  g  h  i  j  k  
< 1\.  .  .  .  .  W  B  .  .  .  .\1
<  2\.  B  .  .  .  .  .  .  B  .  .\2
<   3\.  .  W  .  .  .  W  B  W  .  .\3
<    4\.  .  .  .  .  .  B  .  B  W  .\4
<     5\.  .  .  W  .  W  B  .  .  .  .\5
<      6\W  .  .  .  .  B  .  .  .  W  .\6
<       7\.  .  B  .  W  B  W  .  .  .  .\7
<        8\.  W  .  .  B  .  .  .  .  .  .\8
<         9\.  .  W  B  .  .  B  .  .  .  .\9
<         10\.  B  .  W  .  .  .  W  .  .  .\10
<          11\.  .  .  .  .  B  .  .  .  .  .\11
<              a  b  c  d  e  f  g  h  i  j  k  
<
>genmove b
<= c10
<
>showboard
1efc7 info: Winning SC.
<= 
< 
<  6a6b102536c4d3b7
<  a  b  c  d  e  f  g  h  i  j  k  
< 1\.  .  .  .  .  W  B  .  .  .  .\1
<  2\.  B  .  .  .  .  .  .  B  .  .\2
<   3\.  .  W  .  .  .  W  B  W  .  .\3
<    4\.  .  .  .  .  .  B  .  B  W  .\4
<     5\.  .  .  W  .  W  B  .  .  .  .\5
<      6\W  .  .  .  .  B  .  .  .  W  .\6
<       7\.  .  B  .  W  B  W  .  .  .  .\7
<        8\.  W  .  .  B  .  .  .  .  .  .\8
<         9\.  .  W  B  .  .  B  .  .  .  .\9
<         10\.  B  B  W  .  .  .  W  .  .  .\10
<          11\.  .  .  .  .  B  .  .  .  .  .\11
<              a  b  c  d  e  f  g  h  i  j  k  
<
>play w j1
<= 
<
>showboard
<= 
< 
<  6689d3728b15a3fd
<  a  b  c  d  e  f  g  h  i  j  k  
< 1\.  .  .  .  .  W  B  .  .  W  .\1
<  2\.  B  .  .  .  .  .  .  B  .  .\2
<   3\.  .  W  .  .  .  W  B  W  .  .\3
<    4\.  .  .  .  .  .  B  .  B  W  .\4
<     5\.  .  .  W  .  W  B  .  .  .  .\5
<      6\W  .  .  .  .  B  .  .  .  W  .\6
<       7\.  .  B  .  W  B  W  .  .  .  .\7
<        8\.  W  .  .  B  .  .  .  .  .  .\8
<         9\.  .  W  B  .  .  B  .  .  .  .\9
<         10\.  B  B  W  .  .  .  W  .  .  .\10
<          11\.  .  .  .  .  B  .  .  .  .  .\11
<              a  b  c  d  e  f  g  h  i  j  k  
<
>genmove b
<= i1
<
>showboard
1efc7 info: Winning SC.
<= 
< 
<  1d5c54fcd7730c95
<  a  b  c  d  e  f  g  h  i  j  k  
< 1\.  .  .  .  .  W  B  .  B  W  .\1
<  2\.  B  .  .  .  .  .  .  B  .  .\2
<   3\.  .  W  .  .  .  W  B  W  .  .\3
<    4\.  .  .  .  .  .  B  .  B  W  .\4
<     5\.  .  .  W  .  W  B  .  .  .  .\5
<      6\W  .  .  .  .  B  .  .  .  W  .\6
<       7\.  .  B  .  W  B  W  .  .  .  .\7
<        8\.  W  .  .  B  .  .  .  .  .  .\8
<         9\.  .  W  B  .  .  B  .  .  .  .\9
<         10\.  B  B  W  .  .  .  W  .  .  .\10
<          11\.  .  .  .  .  B  .  .  .  .  .\11
<              a  b  c  d  e  f  g  h  i  j  k  
<
>play w c11
<= 
<
>showboard
<= 
< 
<  69e84064a13e4c3e
<  a  b  c  d  e  f  g  h  i  j  k  
< 1\.  .  .  .  .  W  B  .  B  W  .\1
<  2\.  B  .  .  .  .  .  .  B  .  .\2
<   3\.  .  W  .  .  .  W  B  W  .  .\3
<    4\.  .  .  .  .  .  B  .  B  W  .\4
<     5\.  .  .  W  .  W  B  .  .  .  .\5
<      6\W  .  .  .  .  B  .  .  .  W  .\6
<       7\.  .  B  .  W  B  W  .  .  .  .\7
<        8\.  W  .  .  B  .  .  .  .  .  .\8
<         9\.  .  W  B  .  .  B  .  .  .  .\9
<         10\.  B  B  W  .  .  .  W  .  .  .\10
<          11\.  .  W  .  .  B  .  .  .  .  .\11
<              a  b  c  d  e  f  g  h  i  j  k  
<
>genmove b
<= a11
<
>showboard
1efc7 info: Captured cells caused win! Removing...
1efc7 info: Winning SC.
<= 
< 
<  60591cb9213c26d7
<  a  b  c  d  e  f  g  h  i  j  k  
< 1\.  .  .  .  .  W  B  .  B  W  .\1
<  2\.  B  .  .  .  .  .  .  B  .  .\2
<   3\.  .  W  .  .  .  W  B  W  .  .\3
<    4\.  .  .  .  .  .  B  .  B  W  .\4
<     5\.  .  .  W  .  W  B  .  .  .  .\5
<      6\W  .  .  .  .  B  .  .  .  W  .\6
<       7\.  .  B  .  W  B  W  .  .  .  .\7
<        8\.  W  .  .  B  .  .  .  .  .  .\8
<         9\.  .  W  B  .  .  B  .  .  .  .\9
<         10\.  B  B  W  .  .  .  W  .  .  .\10
<          11\B  .  W  .  .  B  .  .  .  .  .\11
<              a  b  c  d  e  f  g  h  i  j  k  
<
>play w resign
<= 
<
>showboard
<= 
< 
<  60591cb9213c26d7
<  a  b  c  d  e  f  g  h  i  j  k  
< 1\.  .  .  .  .  W  B  .  B  W  .\1
<  2\.  B  .  .  .  .  .  .  B  .  .\2
<   3\.  .  W  .  .  .  W  B  W  .  .\3
<    4\.  .  .  .  .  .  B  .  B  W  .\4
<     5\.  .  .  W  .  W  B  .  .  .  .\5
<      6\W  .  .  .  .  B  .  .  .  W  .\6
<       7\.  .  B  .  W  B  W  .  .  .  .\7
<        8\.  W  .  .  B  .  .  .  .  .  .\8
<         9\.  .  W  B  .  .  B  .  .  .  .\9
<         10\.  B  B  W  .  .  .  W  .  .  .\10
<          11\B  .  W  .  .  B  .  .  .  .  .\11
<              a  b  c  d  e  f  g  h  i  j  k  
<
>final_score
<= B+
<
>quit
<= 
<
