# nice ../build/src/mohex/mohex --config mohex-cg2010.htp --seed 791757 --logfile-name jobs/11x11-mohex-mohex-cg2010-vs-mohex-mohex-weak-3/mohex-mohex-cg2010-176.log
>boardsize 11 11
<= 
<
>name
MoHex 2.0.CMake Mar 21 2025
Copyright (C) 2007-2012 by the authors of the Benzene project.
This program comes with ABSOLUTELY NO WARRANTY. This is
free software and you are welcome to redistribute it under
certain conditions. Type `benzene-license' for details.

SgRandom::SetSeed: 791757
SgUctSearch: system memory 33632358400, using 1000000000 (5681818 nodes)
SgRandom::SetSeed: 1
SgRandom::SetSeed: 791757
6faa7 info: Prior Patterns:
6faa7 info: Global:
6faa7 info: Size            = 565 32648 
6faa7 info: TableEntries    = 65932 65910
6faa7 info: MirrorsAdded    = 0 0
6faa7 info: PrunableCount   = 30593 30629
6faa7 info: LargestGamma    = 5820.77
6faa7 info: SmallestGamma   = 6.6e-05
6faa7 info: Local:
6faa7 info: Size            = 550 5318 
6faa7 info: TableEntries    = 11602 11588
6faa7 info: MirrorsAdded    = 0 0
6faa7 info: PrunableCount   = 3659 3667
6faa7 info: LargestGamma    = 11281.8
6faa7 info: SmallestGamma   = 0.026235
6faa7 info: Playout Patterns:
6faa7 info: Global:
6faa7 info: Size            = 565 32648 
6faa7 info: TableEntries    = 70329 70329
6faa7 info: MirrorsAdded    = 4397 4419
6faa7 info: PrunableCount   = 30593 30629
6faa7 info: LargestGamma    = 5820.77
6faa7 info: SmallestGamma   = 6.6e-05
6faa7 info: Local:
6faa7 info: Size            = 550 5318 
6faa7 info: TableEntries    = 11602 11588
6faa7 info: MirrorsAdded    = 0 0
6faa7 info: PrunableCount   = 3659 3667
6faa7 info: LargestGamma    = 11281.8
6faa7 info: SmallestGamma   = 0.026235
param_game allow_swap 1
= 

param_mohex max_memory 32000000000
= 

param_mohex num_threads 1
= 

param_mohex max_time 1
= 

param_mohex max_games 1
= 

param_mohex knowledge_threshold 400
= 

param_mohex reuse_subtree 1
= 

param_mohex use_parallel_solver 0
= 

<= MoHex
<
>version
<= 2.0.CMake
<
>play b i1
<= 
<
>showboard
<= 
< 
<  51ad330638d19377
<  a  b  c  d  e  f  g  h  i  j  k  
< 1\.  .  .  .  .  .  .  .  B  .  .\1
<  2\.  .  .  .  .  .  .  .  .  .  .\2
<   3\.  .  .  .  .  .  .  .  .  .  .\3
<    4\.  .  .  .  .  .  .  .  .  .  .\4
<     5\.  .  .  .  .  .  .  .  .  .  .\5
<      6\.  .  .  .  .  .  .  .  .  .  .\6
<       7\.  .  .  .  .  .  .  .  .  .  .\7
<        8\.  .  .  .  .  .  .  .  .  .  .\8
<         9\.  .  .  .  .  .  .  .  .  .  .\9
<         10\.  .  .  .  .  .  .  .  .  .  .\10
<          11\.  .  .  .  .  .  .  .  .  .  .\11
<              a  b  c  d  e  f  g  h  i  j  k  
<
>play w k5
<= 
<
>showboard
<= 
< 
<  f1e2097f800dd1f0
<  a  b  c  d  e  f  g  h  i  j  k  
< 1\.  .  .  .  .  .  .  .  B  .  .\1
<  2\.  .  .  .  .  .  .  .  .  .  .\2
<   3\.  .  .  .  .  .  .  .  .  .  .\3
<    4\.  .  .  .  .  .  .  .  .  .  .\4
<     5\.  .  .  .  .  .  .  .  .  .  W\5
<      6\.  .  .  .  .  .  .  .  .  .  .\6
<       7\.  .  .  .  .  .  .  .  .  .  .\7
<        8\.  .  .  .  .  .  .  .  .  .  .\8
<         9\.  .  .  .  .  .  .  .  .  .  .\9
<         10\.  .  .  .  .  .  .  .  .  .  .\10
<          11\.  .  .  .  .  .  .  .  .  .  .\11
<              a  b  c  d  e  f  g  h  i  j  k  
<
>genmove b
<= i3
<
>showboard
6faa7 info: Best move cannot be determined, must search state.
6faa7 info: --- MoHexPlayer::Search() ---
6faa7 info: Color: black
6faa7 info: MaxGames: 1
6faa7 info: NumberThreads: 1
6faa7 info: MaxNodes: 181818181 (15999999928 bytes)
6faa7 info: TimeForMove: 1
6faa7 info: PreSearch: max time reached (55/90).
6faa7 info: Time for PreSearch: 0.201754s
6faa7 info: 
  f1e2097f800dd1f0
  a  b  c  d  e  f  g  h  i  j  k  
 1\.  .  .  .  .  .  .  .  B  .  .\1
  2\.  .  *  *  *  *  *  *  *  *  *\2
   3\.  *  *  *  *  *  *  *  *  *  *\3
    4\*  *  *  *  *  *  *  *  *  *  .\4
     5\*  *  *  *  *  *  *  *  *  *  W\5
      6\*  *  *  *  *  *  *  *  *  *  .\6
       7\*  *  *  *  *  *  *  *  *  *  *\7
        8\*  *  *  *  *  *  *  *  *  *  *\8
         9\*  *  *  *  *  *  *  *  *  *  .\9
         10\*  *  *  *  *  *  *  *  *  .  .\10
          11\.  .  .  .  .  .  .  .  .  .  .\11
              a  b  c  d  e  f  g  h  i  j  k  
6faa7 info: No subtree to reuse.
6faa7 info: Creating thread 0
6faa7 info: StartSearch()[0]
SgUctSearch: max games reached
6faa7 info: 
Elapsed Time   0.344658s
Count          1
GamesPlayed    1
Nodes          1
Knowledge      0 (0.0%)
Expansions     0.0
Time           0.00
GameLen        119.0 dev=0.0 min=119.0 max=119.0
InTree         0.0 dev=0.0 min=0.0 max=0.0
KnowDepth      -
Aborted        0%
Games/s        420.3
Score          0.00
Sequence      
6faa7 info: 
6faa7 warning: **** MoHexSearch returned empty sequence!
6faa7 warning: **** Returning random move!
<= 
< 
<  2d367be25f1c528a
<  a  b  c  d  e  f  g  h  i  j  k  
< 1\.  .  .  .  .  .  .  .  B  .  .\1
<  2\.  .  .  .  .  .  .  .  .  .  .\2
<   3\.  .  .  .  .  .  .  .  B  .  .\3
<    4\.  .  .  .  .  .  .  .  .  .  .\4
<     5\.  .  .  .  .  .  .  .  .  .  W\5
<      6\.  .  .  .  .  .  .  .  .  .  .\6
<       7\.  .  .  .  .  .  .  .  .  .  .\7
<        8\.  .  .  .  .  .  .  .  .  .  .\8
<         9\.  .  .  .  .  .  .  .  .  .  .\9
<         10\.  .  .  .  .  .  .  .  .  .  .\10
<          11\.  .  .  .  .  .  .  .  .  .  .\11
<              a  b  c  d  e  f  g  h  i  j  k  
<
>play w a3
<= 
<
>showboard
<= 
< 
<  64af02355072da64
<  a  b  c  d  e  f  g  h  i  j  k  
< 1\.  .  .  .  .  .  .  .  B  .  .\1
<  2\.  .  .  .  .  .  .  .  .  .  .\2
<   3\W  .  .  .  .  .  .  .  B  .  .\3
<    4\.  .  .  .  .  .  .  .  .  .  .\4
<     5\.  .  .  .  .  .  .  .  .  .  W\5
<      6\.  .  .  .  .  .  .  .  .  .  .\6
<       7\.  .  .  .  .  .  .  .  .  .  .\7
<        8\.  .  .  .  .  .  .  .  .  .  .\8
<         9\.  .  .  .  .  .  .  .  .  .  .\9
<         10\.  .  .  .  .  .  .  .  .  .  .\10
<          11\.  .  .  .  .  .  .  .  .  .  .\11
<              a  b  c  d  e  f  g  h  i  j  k  
<
>genmove b
<= g8
<
>showboard
6faa7 info: Best move cannot be determined, must search state.
6faa7 info: --- MoHexPlayer::Search() ---
6faa7 info: Color: black
6faa7 info: MaxGames: 1
6faa7 info: NumberThreads: 1
6faa7 info: MaxNodes: 181818181 (15999999928 bytes)
6faa7 info: TimeForMove: 1
6faa7 info: PreSearch: max time reached (54/86).
6faa7 info: Time for PreSearch: 0.204252s
6faa7 info: 
  64af02355072da64
  a  b  c  d  e  f  g  h  i  j  k  
 1\w  .  .  .  .  .  .  .  B  .  .\1
  2\w  .  .  *  *  *  *  *  .  *  *\2
   3\W  *  *  *  *  *  *  *  B  *  *\3
    4\.  *  *  *  *  *  *  *  *  *  .\4
     5\*  *  *  *  *  *  *  *  *  *  W\5
      6\*  *  *  *  *  *  *  *  *  *  .\6
       7\*  *  *  *  *  *  *  *  *  *  *\7
        8\*  *  *  *  *  *  *  *  *  *  *\8
         9\*  *  *  *  *  *  *  *  *  *  .\9
         10\*  *  *  *  *  *  *  *  *  .  .\10
          11\.  .  .  .  .  .  .  .  .  .  .\11
              a  b  c  d  e  f  g  h  i  j  k  
6faa7 info: Old: [black, i1] [white, k5] 
6faa7 info: New: [black, i1] [white, k5] [black, i3] [white, a3] 
6faa7 info: MovesPlayed: [black, i3] [white, a3] 
6faa7 info: No subtree to reuse.
6faa7 info: StartSearch()[0]
SgUctSearch: max games reached
6faa7 info: 
Elapsed Time   0.350209s
Count          1
GamesPlayed    1
Nodes          1
Knowledge      0 (0.0%)
Expansions     0.0
Time           0.00
GameLen        115.0 dev=0.0 min=115.0 max=115.0
InTree         0.0 dev=0.0 min=0.0 max=0.0
KnowDepth      -
Aborted        0%
Games/s        3184.7
Score          0.00
Sequence      
6faa7 info: 
6faa7 warning: **** MoHexSearch returned empty sequence!
6faa7 warning: **** Returning random move!
<= 
< 
<  620c108e517e3702
<  a  b  c  d  e  f  g  h  i  j  k  
< 1\.  .  .  .  .  .  .  .  B  .  .\1
<  2\.  .  .  .  .  .  .  .  .  .  .\2
<   3\W  .  .  .  .  .  .  .  B  .  .\3
<    4\.  .  .  .  .  .  .  .  .  .  .\4
<     5\.  .  .  .  .  .  .  .  .  .  W\5
<      6\.  .  .  .  .  .  .  .  .  .  .\6
<       7\.  .  .  .  .  .  .  .  .  .  .\7
<        8\.  .  .  .  .  .  B  .  .  .  .\8
<         9\.  .  .  .  .  .  .  .  .  .  .\9
<         10\.  .  .  .  .  .  .  .  .  .  .\10
<          11\.  .  .  .  .  .  .  .  .  .  .\11
<              a  b  c  d  e  f  g  h  i  j  k  
<
>play w d11
<= 
<
>showboard
<= 
< 
<  c537671771cc0598
<  a  b  c  d  e  f  g  h  i  j  k  
< 1\.  .  .  .  .  .  .  .  B  .  .\1
<  2\.  .  .  .  .  .  .  .  .  .  .\2
<   3\W  .  .  .  .  .  .  .  B  .  .\3
<    4\.  .  .  .  .  .  .  .  .  .  .\4
<     5\.  .  .  .  .  .  .  .  .  .  W\5
<      6\.  .  .  .  .  .  .  .  .  .  .\6
<       7\.  .  .  .  .  .  .  .  .  .  .\7
<        8\.  .  .  .  .  .  B  .  .  .  .\8
<         9\.  .  .  .  .  .  .  .  .  .  .\9
<         10\.  .  .  .  .  .  .  .  .  .  .\10
<          11\.  .  .  W  .  .  .  .  .  .  .\11
<              a  b  c  d  e  f  g  h  i  j  k  
<
>genmove b
<= g6
<
>showboard
6faa7 info: Best move cannot be determined, must search state.
6faa7 info: --- MoHexPlayer::Search() ---
6faa7 info: Color: black
6faa7 info: MaxGames: 1
6faa7 info: NumberThreads: 1
6faa7 info: MaxNodes: 181818181 (15999999928 bytes)
6faa7 info: TimeForMove: 1
6faa7 info: PreSearch: max time reached (53/85).
6faa7 info: Time for PreSearch: 0.202755s
6faa7 info: 
  c537671771cc0598
  a  b  c  d  e  f  g  h  i  j  k  
 1\w  .  .  .  .  .  .  .  B  .  .\1
  2\w  .  .  *  *  *  *  *  .  *  *\2
   3\W  *  *  *  *  *  *  *  B  *  *\3
    4\.  *  *  *  *  *  *  *  *  *  .\4
     5\*  *  *  *  *  *  *  *  *  *  W\5
      6\*  *  *  *  *  *  *  *  *  *  .\6
       7\*  *  *  *  *  *  *  *  *  *  *\7
        8\*  *  *  *  *  *  B  *  *  *  *\8
         9\*  *  *  *  *  *  *  *  *  *  .\9
         10\*  *  *  *  *  *  *  *  *  .  .\10
          11\.  .  .  W  .  .  .  .  .  .  .\11
              a  b  c  d  e  f  g  h  i  j  k  
6faa7 info: Old: [black, i1] [white, k5] [black, i3] [white, a3] 
6faa7 info: New: [black, i1] [white, k5] [black, i3] [white, a3] [black, g8] [white, d11] 
6faa7 info: MovesPlayed: [black, g8] [white, d11] 
6faa7 info: No subtree to reuse.
6faa7 info: StartSearch()[0]
SgUctSearch: max games reached
6faa7 info: 
Elapsed Time   0.345214s
Count          1
GamesPlayed    1
Nodes          1
Knowledge      0 (0.0%)
Expansions     0.0
Time           0.00
GameLen        113.0 dev=0.0 min=113.0 max=113.0
InTree         0.0 dev=0.0 min=0.0 max=0.0
KnowDepth      -
Aborted        0%
Games/s        3508.8
Score          0.00
Sequence      
6faa7 info: 
6faa7 warning: **** MoHexSearch returned empty sequence!
6faa7 warning: **** Returning random move!
<= 
< 
<  083a9dae1aa081ac
<  a  b  c  d  e  f  g  h  i  j  k  
< 1\.  .  .  .  .  .  .  .  B  .  .\1
<  2\.  .  .  .  .  .  .  .  .  .  .\2
<   3\W  .  .  .  .  .  .  .  B  .  .\3
<    4\.  .  .  .  .  .  .  .  .  .  .\4
<     5\.  .  .  .  .  .  .  .  .  .  W\5
<      6\.  .  .  .  .  .  B  .  .  .  .\6
<       7\.  .  .  .  .  .  .  .  .  .  .\7
<        8\.  .  .  .  .  .  B  .  .  .  .\8
<         9\.  .  .  .  .  .  .  .  .  .  .\9
<         10\.  .  .  .  .  .  .  .  .  .  .\10
<          11\.  .  .  W  .  .  .  .  .  .  .\11
<              a  b  c  d  e  f  g  h  i  j  k  
<
>play w i11
<= 
<
>showboard
<= 
< 
<  7e5e244ee00bc844
<  a  b  c  d  e  f  g  h  i  j  k  
< 1\.  .  .  .  .  .  .  .  B  .  .\1
<  2\.  .  .  .  .  .  .  .  .  .  .\2
<   3\W  .  .  .  .  .  .  .  B  .  .\3
<    4\.  .  .  .  .  .  .  .  .  .  .\4
<     5\.  .  .  .  .  .  .  .  .  .  W\5
<      6\.  .  .  .  .  .  B  .  .  .  .\6
<       7\.  .  .  .  .  .  .  .  .  .  .\7
<        8\.  .  .  .  .  .  B  .  .  .  .\8
<         9\.  .  .  .  .  .  .  .  .  .  .\9
<         10\.  .  .  .  .  .  .  .  .  .  .\10
<          11\.  .  .  W  .  .  .  .  W  .  .\11
<              a  b  c  d  e  f  g  h  i  j  k  
<
>genmove b
<= h5
<
>showboard
6faa7 info: Best move cannot be determined, must search state.
6faa7 info: --- MoHexPlayer::Search() ---
6faa7 info: Color: black
6faa7 info: MaxGames: 1
6faa7 info: NumberThreads: 1
6faa7 info: MaxNodes: 181818181 (15999999928 bytes)
6faa7 info: TimeForMove: 1
6faa7 info: PreSearch: max time reached (37/85).
6faa7 info: Time for PreSearch: 0.203904s
6faa7 info: 
  7e5e244ee00bc844
  a  b  c  d  e  f  g  h  i  j  k  
 1\w  .  .  .  .  .  .  .  B  .  .\1
  2\w  .  .  *  *  *  *  *  .  *  *\2
   3\W  *  *  *  *  *  *  *  B  *  *\3
    4\.  *  *  *  *  *  *  *  *  *  .\4
     5\*  *  *  *  *  *  *  *  *  *  W\5
      6\*  *  *  *  *  *  B  *  *  *  .\6
       7\*  *  *  *  *  *  *  *  *  *  *\7
        8\*  *  *  *  *  *  B  *  *  *  *\8
         9\*  *  *  *  *  *  *  *  *  *  .\9
         10\*  *  *  *  *  *  *  *  *  .  *\10
          11\.  .  .  W  .  .  .  .  W  .  .\11
              a  b  c  d  e  f  g  h  i  j  k  
6faa7 info: Old: [black, i1] [white, k5] [black, i3] [white, a3] [black, g8] [white, d11] 
6faa7 info: New: [black, i1] [white, k5] [black, i3] [white, a3] [black, g8] [white, d11] [black, g6] [white, i11] 
6faa7 info: MovesPlayed: [black, g6] [white, i11] 
6faa7 info: No subtree to reuse.
6faa7 info: StartSearch()[0]
SgUctSearch: max games reached
6faa7 info: 
Elapsed Time   0.52432s
Count          1
GamesPlayed    1
Nodes          1
Knowledge      0 (0.0%)
Expansions     0.0
Time           0.00
GameLen        111.0 dev=0.0 min=111.0 max=111.0
InTree         0.0 dev=0.0 min=0.0 max=0.0
KnowDepth      -
Aborted        0%
Games/s        3663.0
Score          0.00
Sequence      
6faa7 info: 
6faa7 warning: **** MoHexSearch returned empty sequence!
6faa7 warning: **** Returning random move!
<= 
< 
<  84984fae72d1bd28
<  a  b  c  d  e  f  g  h  i  j  k  
< 1\.  .  .  .  .  .  .  .  B  .  .\1
<  2\.  .  .  .  .  .  .  .  .  .  .\2
<   3\W  .  .  .  .  .  .  .  B  .  .\3
<    4\.  .  .  .  .  .  .  .  .  .  .\4
<     5\.  .  .  .  .  .  .  B  .  .  W\5
<      6\.  .  .  .  .  .  B  .  .  .  .\6
<       7\.  .  .  .  .  .  .  .  .  .  .\7
<        8\.  .  .  .  .  .  B  .  .  .  .\8
<         9\.  .  .  .  .  .  .  .  .  .  .\9
<         10\.  .  .  .  .  .  .  .  .  .  .\10
<          11\.  .  .  W  .  .  .  .  W  .  .\11
<              a  b  c  d  e  f  g  h  i  j  k  
<
>play w c10
<= 
<
>showboard
<= 
< 
<  21dbfa2455267a60
<  a  b  c  d  e  f  g  h  i  j  k  
< 1\.  .  .  .  .  .  .  .  B  .  .\1
<  2\.  .  .  .  .  .  .  .  .  .  .\2
<   3\W  .  .  .  .  .  .  .  B  .  .\3
<    4\.  .  .  .  .  .  .  .  .  .  .\4
<     5\.  .  .  .  .  .  .  B  .  .  W\5
<      6\.  .  .  .  .  .  B  .  .  .  .\6
<       7\.  .  .  .  .  .  .  .  .  .  .\7
<        8\.  .  .  .  .  .  B  .  .  .  .\8
<         9\.  .  .  .  .  .  .  .  .  .  .\9
<         10\.  .  W  .  .  .  .  .  .  .  .\10
<          11\.  .  .  W  .  .  .  .  W  .  .\11
<              a  b  c  d  e  f  g  h  i  j  k  
<
>genmove b
<= h8
<
>showboard
6faa7 info: Winning SC.
<= 
< 
<  57fdbbfc5df1d88a
<  a  b  c  d  e  f  g  h  i  j  k  
< 1\.  .  .  .  .  .  .  .  B  .  .\1
<  2\.  .  .  .  .  .  .  .  .  .  .\2
<   3\W  .  .  .  .  .  .  .  B  .  .\3
<    4\.  .  .  .  .  .  .  .  .  .  .\4
<     5\.  .  .  .  .  .  .  B  .  .  W\5
<      6\.  .  .  .  .  .  B  .  .  .  .\6
<       7\.  .  .  .  .  .  .  .  .  .  .\7
<        8\.  .  .  .  .  .  B  B  .  .  .\8
<         9\.  .  .  .  .  .  .  .  .  .  .\9
<         10\.  .  W  .  .  .  .  .  .  .  .\10
<          11\.  .  .  W  .  .  .  .  W  .  .\11
<              a  b  c  d  e  f  g  h  i  j  k  
<
>play w f11
<= 
<
>showboard
<= 
< 
<  7d53f2195661c874
<  a  b  c  d  e  f  g  h  i  j  k  
< 1\.  .  .  .  .  .  .  .  B  .  .\1
<  2\.  .  .  .  .  .  .  .  .  .  .\2
<   3\W  .  .  .  .  .  .  .  B  .  .\3
<    4\.  .  .  .  .  .  .  .  .  .  .\4
<     5\.  .  .  .  .  .  .  B  .  .  W\5
<      6\.  .  .  .  .  .  B  .  .  .  .\6
<       7\.  .  .  .  .  .  .  .  .  .  .\7
<        8\.  .  .  .  .  .  B  B  .  .  .\8
<         9\.  .  .  .  .  .  .  .  .  .  .\9
<         10\.  .  W  .  .  .  .  .  .  .  .\10
<          11\.  .  .  W  .  W  .  .  W  .  .\11
<              a  b  c  d  e  f  g  h  i  j  k  
<
>genmove b
<= h10
<
>showboard
6faa7 info: Winning SC.
<= 
< 
<  b1abfa126143c416
<  a  b  c  d  e  f  g  h  i  j  k  
< 1\.  .  .  .  .  .  .  .  B  .  .\1
<  2\.  .  .  .  .  .  .  .  .  .  .\2
<   3\W  .  .  .  .  .  .  .  B  .  .\3
<    4\.  .  .  .  .  .  .  .  .  .  .\4
<     5\.  .  .  .  .  .  .  B  .  .  W\5
<      6\.  .  .  .  .  .  B  .  .  .  .\6
<       7\.  .  .  .  .  .  .  .  .  .  .\7
<        8\.  .  .  .  .  .  B  B  .  .  .\8
<         9\.  .  .  .  .  .  .  .  .  .  .\9
<         10\.  .  W  .  .  .  .  B  .  .  .\10
<          11\.  .  .  W  .  W  .  .  W  .  .\11
<              a  b  c  d  e  f  g  h  i  j  k  
<
>play w f9
<= 
<
>showboard
<= 
< 
<  b9961e6cdc95bee8
<  a  b  c  d  e  f  g  h  i  j  k  
< 1\.  .  .  .  .  .  .  .  B  .  .\1
<  2\.  .  .  .  .  .  .  .  .  .  .\2
<   3\W  .  .  .  .  .  .  .  B  .  .\3
<    4\.  .  .  .  .  .  .  .  .  .  .\4
<     5\.  .  .  .  .  .  .  B  .  .  W\5
<      6\.  .  .  .  .  .  B  .  .  .  .\6
<       7\.  .  .  .  .  .  .  .  .  .  .\7
<        8\.  .  .  .  .  .  B  B  .  .  .\8
<         9\.  .  .  .  .  W  .  .  .  .  .\9
<         10\.  .  W  .  .  .  .  B  .  .  .\10
<          11\.  .  .  W  .  W  .  .  W  .  .\11
<              a  b  c  d  e  f  g  h  i  j  k  
<
>genmove b
<= h9
<
>showboard
6faa7 info: Winning SC.
<= 
< 
<  5ac5a28e3f960077
<  a  b  c  d  e  f  g  h  i  j  k  
< 1\.  .  .  .  .  .  .  .  B  .  .\1
<  2\.  .  .  .  .  .  .  .  .  .  .\2
<   3\W  .  .  .  .  .  .  .  B  .  .\3
<    4\.  .  .  .  .  .  .  .  .  .  .\4
<     5\.  .  .  .  .  .  .  B  .  .  W\5
<      6\.  .  .  .  .  .  B  .  .  .  .\6
<       7\.  .  .  .  .  .  .  .  .  .  .\7
<        8\.  .  .  .  .  .  B  B  .  .  .\8
<         9\.  .  .  .  .  W  .  B  .  .  .\9
<         10\.  .  W  .  .  .  .  B  .  .  .\10
<          11\.  .  .  W  .  W  .  .  W  .  .\11
<              a  b  c  d  e  f  g  h  i  j  k  
<
>play w h4
<= 
<
>showboard
<= 
< 
<  d47bb1ac89e0d26f
<  a  b  c  d  e  f  g  h  i  j  k  
< 1\.  .  .  .  .  .  .  .  B  .  .\1
<  2\.  .  .  .  .  .  .  .  .  .  .\2
<   3\W  .  .  .  .  .  .  .  B  .  .\3
<    4\.  .  .  .  .  .  .  W  .  .  .\4
<     5\.  .  .  .  .  .  .  B  .  .  W\5
<      6\.  .  .  .  .  .  B  .  .  .  .\6
<       7\.  .  .  .  .  .  .  .  .  .  .\7
<        8\.  .  .  .  .  .  B  B  .  .  .\8
<         9\.  .  .  .  .  W  .  B  .  .  .\9
<         10\.  .  W  .  .  .  .  B  .  .  .\10
<          11\.  .  .  W  .  W  .  .  W  .  .\11
<              a  b  c  d  e  f  g  h  i  j  k  
<
>genmove b
<= i4
<
>showboard
6faa7 info: Winning SC.
<= 
< 
<  82ada4578c1b46f2
<  a  b  c  d  e  f  g  h  i  j  k  
< 1\.  .  .  .  .  .  .  .  B  .  .\1
<  2\.  .  .  .  .  .  .  .  .  .  .\2
<   3\W  .  .  .  .  .  .  .  B  .  .\3
<    4\.  .  .  .  .  .  .  W  B  .  .\4
<     5\.  .  .  .  .  .  .  B  .  .  W\5
<      6\.  .  .  .  .  .  B  .  .  .  .\6
<       7\.  .  .  .  .  .  .  .  .  .  .\7
<        8\.  .  .  .  .  .  B  B  .  .  .\8
<         9\.  .  .  .  .  W  .  B  .  .  .\9
<         10\.  .  W  .  .  .  .  B  .  .  .\10
<          11\.  .  .  W  .  W  .  .  W  .  .\11
<              a  b  c  d  e  f  g  h  i  j  k  
<
>play w g7
<= 
<
>showboard
<= 
< 
<  840679567914d0ca
<  a  b  c  d  e  f  g  h  i  j  k  
< 1\.  .  .  .  .  .  .  .  B  .  .\1
<  2\.  .  .  .  .  .  .  .  .  .  .\2
<   3\W  .  .  .  .  .  .  .  B  .  .\3
<    4\.  .  .  .  .  .  .  W  B  .  .\4
<     5\.  .  .  .  .  .  .  B  .  .  W\5
<      6\.  .  .  .  .  .  B  .  .  .  .\6
<       7\.  .  .  .  .  .  W  .  .  .  .\7
<        8\.  .  .  .  .  .  B  B  .  .  .\8
<         9\.  .  .  .  .  W  .  B  .  .  .\9
<         10\.  .  W  .  .  .  .  B  .  .  .\10
<          11\.  .  .  W  .  W  .  .  W  .  .\11
<              a  b  c  d  e  f  g  h  i  j  k  
<
>genmove b
<= i6
<
>showboard
6faa7 info: Winning SC.
<= 
< 
<  6a75369363db4c05
<  a  b  c  d  e  f  g  h  i  j  k  
< 1\.  .  .  .  .  .  .  .  B  .  .\1
<  2\.  .  .  .  .  .  .  .  .  .  .\2
<   3\W  .  .  .  .  .  .  .  B  .  .\3
<    4\.  .  .  .  .  .  .  W  B  .  .\4
<     5\.  .  .  .  .  .  .  B  .  .  W\5
<      6\.  .  .  .  .  .  B  .  B  .  .\6
<       7\.  .  .  .  .  .  W  .  .  .  .\7
<        8\.  .  .  .  .  .  B  B  .  .  .\8
<         9\.  .  .  .  .  W  .  B  .  .  .\9
<         10\.  .  W  .  .  .  .  B  .  .  .\10
<          11\.  .  .  W  .  W  .  .  W  .  .\11
<              a  b  c  d  e  f  g  h  i  j  k  
<
>play w i7
<= 
<
>showboard
<= 
< 
<  654872c80565c73d
<  a  b  c  d  e  f  g  h  i  j  k  
< 1\.  .  .  .  .  .  .  .  B  .  .\1
<  2\.  .  .  .  .  .  .  .  .  .  .\2
<   3\W  .  .  .  .  .  .  .  B  .  .\3
<    4\.  .  .  .  .  .  .  W  B  .  .\4
<     5\.  .  .  .  .  .  .  B  .  .  W\5
<      6\.  .  .  .  .  .  B  .  B  .  .\6
<       7\.  .  .  .  .  .  W  .  W  .  .\7
<        8\.  .  .  .  .  .  B  B  .  .  .\8
<         9\.  .  .  .  .  W  .  B  .  .  .\9
<         10\.  .  W  .  .  .  .  B  .  .  .\10
<          11\.  .  .  W  .  W  .  .  W  .  .\11
<              a  b  c  d  e  f  g  h  i  j  k  
<
>genmove b
<= h7
<
>showboard
6faa7 info: Winning SC.
<= 
< 
<  7786c7336bf3cb73
<  a  b  c  d  e  f  g  h  i  j  k  
< 1\.  .  .  .  .  .  .  .  B  .  .\1
<  2\.  .  .  .  .  .  .  .  .  .  .\2
<   3\W  .  .  .  .  .  .  .  B  .  .\3
<    4\.  .  .  .  .  .  .  W  B  .  .\4
<     5\.  .  .  .  .  .  .  B  .  .  W\5
<      6\.  .  .  .  .  .  B  .  B  .  .\6
<       7\.  .  .  .  .  .  W  B  W  .  .\7
<        8\.  .  .  .  .  .  B  B  .  .  .\8
<         9\.  .  .  .  .  W  .  B  .  .  .\9
<         10\.  .  W  .  .  .  .  B  .  .  .\10
<          11\.  .  .  W  .  W  .  .  W  .  .\11
<              a  b  c  d  e  f  g  h  i  j  k  
<
>play w g11
<= 
<
>showboard
<= 
< 
<  f2d096358d260661
<  a  b  c  d  e  f  g  h  i  j  k  
< 1\.  .  .  .  .  .  .  .  B  .  .\1
<  2\.  .  .  .  .  .  .  .  .  .  .\2
<   3\W  .  .  .  .  .  .  .  B  .  .\3
<    4\.  .  .  .  .  .  .  W  B  .  .\4
<     5\.  .  .  .  .  .  .  B  .  .  W\5
<      6\.  .  .  .  .  .  B  .  B  .  .\6
<       7\.  .  .  .  .  .  W  B  W  .  .\7
<        8\.  .  .  .  .  .  B  B  .  .  .\8
<         9\.  .  .  .  .  W  .  B  .  .  .\9
<         10\.  .  W  .  .  .  .  B  .  .  .\10
<          11\.  .  .  W  .  W  W  .  W  .  .\11
<              a  b  c  d  e  f  g  h  i  j  k  
<
>genmove b
<= h11
<
>showboard
6faa7 info: Winning SC.
<= 
< 
<  06f4bb7e27709e60
<  a  b  c  d  e  f  g  h  i  j  k  
< 1\.  .  .  .  .  .  .  .  B  .  .\1
<  2\.  .  .  .  .  .  .  .  .  .  .\2
<   3\W  .  .  .  .  .  .  .  B  .  .\3
<    4\.  .  .  .  .  .  .  W  B  .  .\4
<     5\.  .  .  .  .  .  .  B  .  .  W\5
<      6\.  .  .  .  .  .  B  .  B  .  .\6
<       7\.  .  .  .  .  .  W  B  W  .  .\7
<        8\.  .  .  .  .  .  B  B  .  .  .\8
<         9\.  .  .  .  .  W  .  B  .  .  .\9
<         10\.  .  W  .  .  .  .  B  .  .  .\10
<          11\.  .  .  W  .  W  W  B  W  .  .\11
<              a  b  c  d  e  f  g  h  i  j  k  
<
>play w i5
<= 
<
>showboard
<= 
< 
<  7cce58e8f89fba96
<  a  b  c  d  e  f  g  h  i  j  k  
< 1\.  .  .  .  .  .  .  .  B  .  .\1
<  2\.  .  .  .  .  .  .  .  .  .  .\2
<   3\W  .  .  .  .  .  .  .  B  .  .\3
<    4\.  .  .  .  .  .  .  W  B  .  .\4
<     5\.  .  .  .  .  .  .  B  W  .  W\5
<      6\.  .  .  .  .  .  B  .  B  .  .\6
<       7\.  .  .  .  .  .  W  B  W  .  .\7
<        8\.  .  .  .  .  .  B  B  .  .  .\8
<         9\.  .  .  .  .  W  .  B  .  .  .\9
<         10\.  .  W  .  .  .  .  B  .  .  .\10
<          11\.  .  .  W  .  W  W  B  W  .  .\11
<              a  b  c  d  e  f  g  h  i  j  k  
<
>genmove b
<= h6
<
>showboard
6faa7 info: Winning SC.
<= 
< 
<  da854bdc3d769fb6
<  a  b  c  d  e  f  g  h  i  j  k  
< 1\.  .  .  .  .  .  .  .  B  .  .\1
<  2\.  .  .  .  .  .  .  .  .  .  .\2
<   3\W  .  .  .  .  .  .  .  B  .  .\3
<    4\.  .  .  .  .  .  .  W  B  .  .\4
<     5\.  .  .  .  .  .  .  B  W  .  W\5
<      6\.  .  .  .  .  .  B  B  B  .  .\6
<       7\.  .  .  .  .  .  W  B  W  .  .\7
<        8\.  .  .  .  .  .  B  B  .  .  .\8
<         9\.  .  .  .  .  W  .  B  .  .  .\9
<         10\.  .  W  .  .  .  .  B  .  .  .\10
<          11\.  .  .  W  .  W  W  B  W  .  .\11
<              a  b  c  d  e  f  g  h  i  j  k  
<
>play w g1
<= 
<
>showboard
<= 
< 
<  7adc473647c8eb45
<  a  b  c  d  e  f  g  h  i  j  k  
< 1\.  .  .  .  .  .  W  .  B  .  .\1
<  2\.  .  .  .  .  .  .  .  .  .  .\2
<   3\W  .  .  .  .  .  .  .  B  .  .\3
<    4\.  .  .  .  .  .  .  W  B  .  .\4
<     5\.  .  .  .  .  .  .  B  W  .  W\5
<      6\.  .  .  .  .  .  B  B  B  .  .\6
<       7\.  .  .  .  .  .  W  B  W  .  .\7
<        8\.  .  .  .  .  .  B  B  .  .  .\8
<         9\.  .  .  .  .  W  .  B  .  .  .\9
<         10\.  .  W  .  .  .  .  B  .  .  .\10
<          11\.  .  .  W  .  W  W  B  W  .  .\11
<              a  b  c  d  e  f  g  h  i  j  k  
<
>genmove b
<= i2
<
>showboard
6faa7 info: Captured cells caused win! Removing...
6faa7 info: Winning SC.
<= 
< 
<  ca831c8a0349fc17
<  a  b  c  d  e  f  g  h  i  j  k  
< 1\.  .  .  .  .  .  W  .  B  .  .\1
<  2\.  .  .  .  .  .  .  .  B  .  .\2
<   3\W  .  .  .  .  .  .  .  B  .  .\3
<    4\.  .  .  .  .  .  .  W  B  .  .\4
<     5\.  .  .  .  .  .  .  B  W  .  W\5
<      6\.  .  .  .  .  .  B  B  B  .  .\6
<       7\.  .  .  .  .  .  W  B  W  .  .\7
<        8\.  .  .  .  .  .  B  B  .  .  .\8
<         9\.  .  .  .  .  W  .  B  .  .  .\9
<         10\.  .  W  .  .  .  .  B  .  .  .\10
<          11\.  .  .  W  .  W  W  B  W  .  .\11
<              a  b  c  d  e  f  g  h  i  j  k  
<
>play w resign
<= 
<
>showboard
<= 
< 
<  ca831c8a0349fc17
<  a  b  c  d  e  f  g  h  i  j  k  
< 1\.  .  .  .  .  .  W  .  B  .  .\1
<  2\.  .  .  .  .  .  .  .  B  .  .\2
<   3\W  .  .  .  .  .  .  .  B  .  .\3
<    4\.  .  .  .  .  .  .  W  B  .  .\4
<     5\.  .  .  .  .  .  .  B  W  .  W\5
<      6\.  .  .  .  .  .  B  B  B  .  .\6
<       7\.  .  .  .  .  .  W  B  W  .  .\7
<        8\.  .  .  .  .  .  B  B  .  .  .\8
<         9\.  .  .  .  .  W  .  B  .  .  .\9
<         10\.  .  W  .  .  .  .  B  .  .  .\10
<          11\.  .  .  W  .  W  W  B  W  .  .\11
<              a  b  c  d  e  f  g  h  i  j  k  
<
>final_score
<= B+
<
>quit
<= 
<
