# nice ../build/src/mohex/mohex --config mohex-weak.htp --seed 451442 --logfile-name jobs/11x11-mohex-mohex-cg2010-vs-mohex-mohex-weak-3/mohex-mohex-weak-465.log
>boardsize 11 11
<= 
<
>name
MoHex 2.0.CMake Mar 21 2025
Copyright (C) 2007-2012 by the authors of the Benzene project.
This program comes with ABSOLUTELY NO WARRANTY. This is
free software and you are welcome to redistribute it under
certain conditions. Type `benzene-license' for details.

SgRandom::SetSeed: 451442
SgUctSearch: system memory 33632358400, using 1000000000 (5681818 nodes)
SgRandom::SetSeed: 1
SgRandom::SetSeed: 451442
d1407 info: Prior Patterns:
d1407 info: Global:
d1407 info: Size            = 565 32648 
d1407 info: TableEntries    = 65932 65910
d1407 info: MirrorsAdded    = 0 0
d1407 info: PrunableCount   = 30593 30629
d1407 info: LargestGamma    = 5820.77
d1407 info: SmallestGamma   = 6.6e-05
d1407 info: Local:
d1407 info: Size            = 550 5318 
d1407 info: TableEntries    = 11602 11588
d1407 info: MirrorsAdded    = 0 0
d1407 info: PrunableCount   = 3659 3667
d1407 info: LargestGamma    = 11281.8
d1407 info: SmallestGamma   = 0.026235
d1407 info: Playout Patterns:
d1407 info: Global:
d1407 info: Size            = 565 32648 
d1407 info: TableEntries    = 70329 70329
d1407 info: MirrorsAdded    = 4397 4419
d1407 info: PrunableCount   = 30593 30629
d1407 info: LargestGamma    = 5820.77
d1407 info: SmallestGamma   = 6.6e-05
d1407 info: Local:
d1407 info: Size            = 550 5318 
d1407 info: TableEntries    = 11602 11588
d1407 info: MirrorsAdded    = 0 0
d1407 info: PrunableCount   = 3659 3667
d1407 info: LargestGamma    = 11281.8
d1407 info: SmallestGamma   = 0.026235
param_game allow_swap 1
= 

param_mohex max_memory 1600000
= 

param_mohex num_threads 1
= 

param_mohex max_time 1
= 

param_mohex max_games 1
= 

param_mohex knowledge_threshold 400
= 

param_mohex reuse_subtree 1
= 

param_mohex use_parallel_solver 0
= 

<= MoHex
<
>version
<= 2.0.CMake
<
>play b k2
<= 
<
>showboard
<= 
< 
<  08a0fb5e34df9ccb
<  a  b  c  d  e  f  g  h  i  j  k  
< 1\.  .  .  .  .  .  .  .  .  .  .\1
<  2\.  .  .  .  .  .  .  .  .  .  B\2
<   3\.  .  .  .  .  .  .  .  .  .  .\3
<    4\.  .  .  .  .  .  .  .  .  .  .\4
<     5\.  .  .  .  .  .  .  .  .  .  .\5
<      6\.  .  .  .  .  .  .  .  .  .  .\6
<       7\.  .  .  .  .  .  .  .  .  .  .\7
<        8\.  .  .  .  .  .  .  .  .  .  .\8
<         9\.  .  .  .  .  .  .  .  .  .  .\9
<         10\.  .  .  .  .  .  .  .  .  .  .\10
<          11\.  .  .  .  .  .  .  .  .  .  .\11
<              a  b  c  d  e  f  g  h  i  j  k  
<
>play w swap-pieces
<= 
<
>genmove w
<= c11
<
>play b j8
d1407 info: Best move cannot be determined, must search state.
d1407 info: --- MoHexPlayer::Search() ---
d1407 info: Color: white
d1407 info: MaxGames: 1
d1407 info: NumberThreads: 1
d1407 info: MaxNodes: 9090 (799920 bytes)
d1407 info: TimeForMove: 1
d1407 info: PreSearch: max time reached (47/92).
d1407 info: Time for PreSearch: 0.203535s
d1407 info: 
  08a0fb5e34df9ccb
  a  b  c  d  e  f  g  h  i  j  k  
 1\.  .  .  *  *  *  *  *  *  .  *\1
  2\.  .  *  *  *  *  *  *  *  *  B\2
   3\.  *  *  *  *  *  *  *  *  *  .\3
    4\.  *  *  *  *  *  *  *  *  *  .\4
     5\.  *  *  *  *  *  *  *  *  *  .\5
      6\.  *  *  *  *  *  *  *  *  *  .\6
       7\.  *  *  *  *  *  *  *  *  *  .\7
        8\.  *  *  *  *  *  *  *  *  *  .\8
         9\.  *  *  *  *  *  *  *  *  *  .\9
         10\.  *  *  *  *  *  *  *  *  .  .\10
          11\.  .  *  *  *  *  *  *  .  .  .\11
              a  b  c  d  e  f  g  h  i  j  k  
d1407 info: No subtree to reuse.
d1407 info: Creating thread 0
d1407 info: StartSearch()[0]
SgUctSearch: max games reached
d1407 info: 
Elapsed Time   0.485155s
Count          1
GamesPlayed    1
Nodes          1
Knowledge      0 (0.0%)
Expansions     0.0
Time           0.00
GameLen        120.0 dev=0.0 min=120.0 max=120.0
InTree         0.0 dev=0.0 min=0.0 max=0.0
KnowDepth      -
Aborted        0%
Games/s        389.6
Score          1.00
Sequence      
d1407 info: 
d1407 warning: **** MoHexSearch returned empty sequence!
d1407 warning: **** Returning random move!
<= 
<
>genmove w
<= k10
<
>play b a6
d1407 info: Best move cannot be determined, must search state.
d1407 info: --- MoHexPlayer::Search() ---
d1407 info: Color: white
d1407 info: MaxGames: 1
d1407 info: NumberThreads: 1
d1407 info: MaxNodes: 9090 (799920 bytes)
d1407 info: TimeForMove: 1
d1407 info: PreSearch: max time reached (45/92).
d1407 info: Time for PreSearch: 0.200742s
d1407 info: 
  7b7ebc3df005b863
  a  b  c  d  e  f  g  h  i  j  k  
 1\.  .  .  *  *  *  *  *  *  *  *\1
  2\.  .  *  *  *  *  *  *  *  *  B\2
   3\.  *  *  *  *  *  *  *  *  *  .\3
    4\.  *  *  *  *  *  *  *  *  *  .\4
     5\.  *  *  *  *  *  *  *  *  *  .\5
      6\.  *  *  *  *  *  *  *  *  *  .\6
       7\.  *  *  *  *  *  *  *  *  *  .\7
        8\.  *  *  *  *  *  *  *  *  B  .\8
         9\.  *  *  *  *  *  *  *  *  *  .\9
         10\.  *  *  *  *  *  *  *  *  .  .\10
          11\.  *  W  *  *  *  *  *  .  .  .\11
              a  b  c  d  e  f  g  h  i  j  k  
d1407 info: Old: [black, k2] [white, swap-pieces] 
d1407 info: New: [black, k2] [white, swap-pieces] [white, c11] [black, j8] 
d1407 info: ReuseSubtree: Colors do not alternate.
d1407 info: No subtree to reuse.
d1407 info: StartSearch()[0]
SgUctSearch: max games reached
d1407 info: 
Elapsed Time   0.402732s
Count          1
GamesPlayed    1
Nodes          1
Knowledge      0 (0.0%)
Expansions     0.0
Time           0.00
GameLen        118.0 dev=0.0 min=118.0 max=118.0
InTree         0.0 dev=0.0 min=0.0 max=0.0
KnowDepth      -
Aborted        0%
Games/s        2347.4
Score          0.00
Sequence      
d1407 info: 
d1407 warning: **** MoHexSearch returned empty sequence!
d1407 warning: **** Returning random move!
<= 
<
>genmove w
<= a9
<
>play b g9
d1407 info: Best move cannot be determined, must search state.
d1407 info: --- MoHexPlayer::Search() ---
d1407 info: Color: white
d1407 info: MaxGames: 1
d1407 info: NumberThreads: 1
d1407 info: MaxNodes: 9090 (799920 bytes)
d1407 info: TimeForMove: 1
d1407 info: PreSearch: max time reached (68/92).
d1407 info: Time for PreSearch: 0.200835s
d1407 info: 
  8cc3f208c6f3faa9
  a  b  c  d  e  f  g  h  i  j  k  
 1\.  .  .  *  *  *  *  *  *  *  *\1
  2\.  .  *  *  *  *  *  *  *  *  B\2
   3\.  *  *  *  *  *  *  *  *  *  .\3
    4\.  *  *  *  *  *  *  *  *  *  .\4
     5\.  *  *  *  *  *  *  *  *  *  .\5
      6\B  *  *  *  *  *  *  *  *  *  .\6
       7\.  *  *  *  *  *  *  *  *  *  .\7
        8\.  *  *  *  *  *  *  *  *  B  w\8
         9\.  *  *  *  *  *  *  *  *  .  w\9
         10\.  *  *  *  *  *  *  *  *  .  W\10
          11\.  *  W  *  *  *  *  *  *  .  b\11
              a  b  c  d  e  f  g  h  i  j  k  
d1407 info: Old: [black, k2] [white, swap-pieces] [white, c11] [black, j8] 
d1407 info: New: [black, k2] [white, swap-pieces] [white, c11] [black, j8] [white, k10] [black, a6] 
d1407 info: MovesPlayed: [white, k10] [black, a6] 
d1407 info: No subtree to reuse.
d1407 info: StartSearch()[0]
SgUctSearch: max games reached
d1407 info: 
Elapsed Time   0.350263s
Count          1
GamesPlayed    1
Nodes          1
Knowledge      0 (0.0%)
Expansions     0.0
Time           0.00
GameLen        113.0 dev=0.0 min=113.0 max=113.0
InTree         0.0 dev=0.0 min=0.0 max=0.0
KnowDepth      -
Aborted        0%
Games/s        2958.6
Score          0.00
Sequence      
d1407 info: 
d1407 warning: **** MoHexSearch returned empty sequence!
d1407 warning: **** Returning random move!
<= 
<
>genmove w
<= i2
<
>play b b4
d1407 info: Best move cannot be determined, must search state.
d1407 info: --- MoHexPlayer::Search() ---
d1407 info: Color: white
d1407 info: MaxGames: 1
d1407 info: NumberThreads: 1
d1407 info: MaxNodes: 9090 (799920 bytes)
d1407 info: TimeForMove: 1
d1407 info: PreSearch: max time reached (73/91).
d1407 info: Time for PreSearch: 0.202612s
d1407 info: 
  bd972abb4dc8114f
  a  b  c  d  e  f  g  h  i  j  k  
 1\.  .  .  *  *  *  *  *  *  *  *\1
  2\.  .  *  *  *  *  *  *  *  *  B\2
   3\.  *  *  *  *  *  *  *  *  *  .\3
    4\.  *  *  *  *  *  *  *  *  *  .\4
     5\.  *  *  *  *  *  *  *  *  *  .\5
      6\B  *  *  *  *  *  *  *  *  *  .\6
       7\.  *  *  *  *  *  *  *  *  *  .\7
        8\.  *  *  *  *  *  *  *  *  B  w\8
         9\W  *  *  *  *  *  B  *  *  .  w\9
         10\.  *  *  *  *  *  *  *  *  .  W\10
          11\.  *  W  *  *  *  *  *  *  .  b\11
              a  b  c  d  e  f  g  h  i  j  k  
d1407 info: Old: [black, k2] [white, swap-pieces] [white, c11] [black, j8] [white, k10] [black, a6] 
d1407 info: New: [black, k2] [white, swap-pieces] [white, c11] [black, j8] [white, k10] [black, a6] [white, a9] [black, g9] 
d1407 info: MovesPlayed: [white, a9] [black, g9] 
d1407 info: No subtree to reuse.
d1407 info: StartSearch()[0]
SgUctSearch: max games reached
d1407 info: 
Elapsed Time   0.348044s
Count          1
GamesPlayed    1
Nodes          1
Knowledge      0 (0.0%)
Expansions     0.0
Time           0.00
GameLen        111.0 dev=0.0 min=111.0 max=111.0
InTree         0.0 dev=0.0 min=0.0 max=0.0
KnowDepth      -
Aborted        0%
Games/s        2816.9
Score          0.00
Sequence      
d1407 info: 
d1407 warning: **** MoHexSearch returned empty sequence!
d1407 warning: **** Returning random move!
<= 
<
>genmove w
<= f8
<
>play b a3
d1407 info: Best move cannot be determined, must search state.
d1407 info: --- MoHexPlayer::Search() ---
d1407 info: Color: white
d1407 info: MaxGames: 1
d1407 info: NumberThreads: 1
d1407 info: MaxNodes: 9090 (799920 bytes)
d1407 info: TimeForMove: 1
d1407 info: PreSearch: max time reached (67/86).
d1407 info: Time for PreSearch: 0.202688s
d1407 info: 
  311a9655e016f7cc
  a  b  c  d  e  f  g  h  i  j  k  
 1\.  .  .  *  *  *  *  *  .  .  *\1
  2\.  .  *  *  *  *  *  *  W  .  B\2
   3\.  .  *  *  *  *  *  *  *  *  .\3
    4\.  B  *  *  *  *  *  *  *  *  .\4
     5\.  *  *  *  *  *  *  *  *  *  .\5
      6\B  *  *  *  *  *  *  *  *  *  .\6
       7\.  *  *  *  *  *  *  *  *  *  .\7
        8\.  *  *  *  *  *  *  *  *  B  w\8
         9\W  *  *  *  *  *  B  *  *  .  w\9
         10\.  *  *  *  *  *  *  *  *  .  W\10
          11\.  *  W  *  *  *  *  *  *  .  b\11
              a  b  c  d  e  f  g  h  i  j  k  
d1407 info: Old: [black, k2] [white, swap-pieces] [white, c11] [black, j8] [white, k10] [black, a6] [white, a9] [black, g9] 
d1407 info: New: [black, k2] [white, swap-pieces] [white, c11] [black, j8] [white, k10] [black, a6] [white, a9] [black, g9] [white, i2] [black, b4] 
d1407 info: MovesPlayed: [white, i2] [black, b4] 
d1407 info: No subtree to reuse.
d1407 info: StartSearch()[0]
SgUctSearch: max games reached
d1407 info: 
Elapsed Time   0.532988s
Count          1
GamesPlayed    1
Nodes          1
Knowledge      0 (0.0%)
Expansions     0.0
Time           0.00
GameLen        109.0 dev=0.0 min=109.0 max=109.0
InTree         0.0 dev=0.0 min=0.0 max=0.0
KnowDepth      -
Aborted        0%
Games/s        3413.0
Score          0.00
Sequence      
d1407 info: 
d1407 warning: **** MoHexSearch returned empty sequence!
d1407 warning: **** Returning random move!
<= 
<
>genmove w
<= g3
<
>play b h1
d1407 info: Best move cannot be determined, must search state.
d1407 info: --- MoHexPlayer::Search() ---
d1407 info: Color: white
d1407 info: MaxGames: 1
d1407 info: NumberThreads: 1
d1407 info: MaxNodes: 9090 (799920 bytes)
d1407 info: TimeForMove: 1
d1407 info: PreSearch: max time reached (68/86).
d1407 info: Time for PreSearch: 0.202244s
d1407 info: 
  4446c3f5d6722cba
  a  b  c  d  e  f  g  h  i  j  k  
 1\.  *  .  *  *  *  *  *  .  .  *\1
  2\.  .  *  *  *  *  *  *  W  .  B\2
   3\B  *  *  *  *  *  *  *  *  *  .\3
    4\.  B  *  *  *  *  *  *  *  *  .\4
     5\.  *  *  *  *  *  *  *  *  *  .\5
      6\B  *  *  *  *  *  *  *  *  *  .\6
       7\.  *  *  *  *  *  *  *  *  *  .\7
        8\.  *  *  *  *  W  *  *  *  B  w\8
         9\W  *  *  *  *  *  B  *  *  .  w\9
         10\.  *  *  *  *  *  *  *  *  .  W\10
          11\.  *  W  *  *  *  *  *  *  .  b\11
              a  b  c  d  e  f  g  h  i  j  k  
d1407 info: Old: [black, k2] [white, swap-pieces] [white, c11] [black, j8] [white, k10] [black, a6] [white, a9] [black, g9] [white, i2] [black, b4] 
d1407 info: New: [black, k2] [white, swap-pieces] [white, c11] [black, j8] [white, k10] [black, a6] [white, a9] [black, g9] [white, i2] [black, b4] [white, f8] [black, a3] 
d1407 info: MovesPlayed: [white, f8] [black, a3] 
d1407 info: No subtree to reuse.
d1407 info: StartSearch()[0]
SgUctSearch: max games reached
d1407 info: 
Elapsed Time   0.345697s
Count          1
GamesPlayed    1
Nodes          1
Knowledge      0 (0.0%)
Expansions     0.0
Time           0.00
GameLen        107.0 dev=0.0 min=107.0 max=107.0
InTree         0.0 dev=0.0 min=0.0 max=0.0
KnowDepth      -
Aborted        0%
Games/s        3636.4
Score          1.00
Sequence      
d1407 info: 
d1407 warning: **** MoHexSearch returned empty sequence!
d1407 warning: **** Returning random move!
<= 
<
>genmove w
<= k1
<
>play b i8
d1407 info: Best move cannot be determined, must search state.
d1407 info: --- MoHexPlayer::Search() ---
d1407 info: Color: white
d1407 info: MaxGames: 1
d1407 info: NumberThreads: 1
d1407 info: MaxNodes: 9090 (799920 bytes)
d1407 info: TimeForMove: 1
d1407 info: PreSearch: max time reached (63/79).
d1407 info: Time for PreSearch: 0.202s
d1407 info: 
  793689737637c727
  a  b  c  d  e  f  g  h  i  j  k  
 1\.  *  .  *  *  .  b  B  b  .  *\1
  2\.  .  *  *  *  *  .  .  W  .  B\2
   3\B  *  *  *  *  *  W  .  *  *  .\3
    4\.  B  *  *  *  *  *  *  *  *  .\4
     5\.  *  *  *  *  *  *  *  *  *  .\5
      6\B  *  *  *  *  *  *  *  *  *  .\6
       7\.  *  *  *  *  *  *  *  *  *  .\7
        8\.  *  *  *  *  W  *  *  *  B  w\8
         9\W  *  *  *  *  *  B  *  *  .  w\9
         10\.  *  *  *  *  *  *  *  *  .  W\10
          11\.  *  W  *  *  *  *  *  *  .  b\11
              a  b  c  d  e  f  g  h  i  j  k  
d1407 info: Old: [black, k2] [white, swap-pieces] [white, c11] [black, j8] [white, k10] [black, a6] [white, a9] [black, g9] [white, i2] [black, b4] [white, f8] [black, a3] 
d1407 info: New: [black, k2] [white, swap-pieces] [white, c11] [black, j8] [white, k10] [black, a6] [white, a9] [black, g9] [white, i2] [black, b4] [white, f8] [black, a3] [white, g3] [black, h1] 
d1407 info: MovesPlayed: [white, g3] [black, h1] 
d1407 info: No subtree to reuse.
d1407 info: StartSearch()[0]
SgUctSearch: max games reached
d1407 info: 
Elapsed Time   0.344442s
Count          1
GamesPlayed    1
Nodes          1
Knowledge      0 (0.0%)
Expansions     0.0
Time           0.00
GameLen        103.0 dev=0.0 min=103.0 max=103.0
InTree         0.0 dev=0.0 min=0.0 max=0.0
KnowDepth      -
Aborted        0%
Games/s        3205.1
Score          1.00
Sequence      
d1407 info: 
d1407 warning: **** MoHexSearch returned empty sequence!
d1407 warning: **** Returning random move!
<= 
<
>genmove w
<= i3
<
>play b h4
d1407 info: Best move cannot be determined, must search state.
d1407 info: --- MoHexPlayer::Search() ---
d1407 info: Color: white
d1407 info: MaxGames: 1
d1407 info: NumberThreads: 1
d1407 info: MaxNodes: 9090 (799920 bytes)
d1407 info: TimeForMove: 1
d1407 info: PreSearch: max time reached (59/76).
d1407 info: Time for PreSearch: 0.201293s
d1407 info: 
  8f98bb90f5c1c4f2
  a  b  c  d  e  f  g  h  i  j  k  
 1\.  *  .  *  *  .  b  B  b  .  W\1
  2\.  .  *  *  *  *  .  .  W  .  B\2
   3\B  *  *  *  *  *  W  .  *  .  .\3
    4\.  B  *  *  *  *  *  *  *  *  .\4
     5\.  *  *  *  *  *  *  *  *  *  .\5
      6\B  *  *  *  *  *  *  *  *  .  .\6
       7\.  *  *  *  *  *  *  *  *  .  .\7
        8\.  *  *  *  *  W  *  *  B  B  w\8
         9\W  *  *  *  *  *  B  *  *  .  w\9
         10\.  *  *  *  *  *  *  *  *  .  W\10
          11\.  *  W  *  *  *  *  *  *  .  b\11
              a  b  c  d  e  f  g  h  i  j  k  
d1407 info: Old: [black, k2] [white, swap-pieces] [white, c11] [black, j8] [white, k10] [black, a6] [white, a9] [black, g9] [white, i2] [black, b4] [white, f8] [black, a3] [white, g3] [black, h1] 
d1407 info: New: [black, k2] [white, swap-pieces] [white, c11] [black, j8] [white, k10] [black, a6] [white, a9] [black, g9] [white, i2] [black, b4] [white, f8] [black, a3] [white, g3] [black, h1] [white, k1] [black, i8] 
d1407 info: MovesPlayed: [white, k1] [black, i8] 
d1407 info: No subtree to reuse.
d1407 info: StartSearch()[0]
SgUctSearch: max games reached
d1407 info: 
Elapsed Time   0.350426s
Count          1
GamesPlayed    1
Nodes          1
Knowledge      0 (0.0%)
Expansions     0.0
Time           0.00
GameLen        101.0 dev=0.0 min=101.0 max=101.0
InTree         0.0 dev=0.0 min=0.0 max=0.0
KnowDepth      -
Aborted        0%
Games/s        3311.3
Score          0.00
Sequence      
d1407 info: 
d1407 warning: **** MoHexSearch returned empty sequence!
d1407 warning: **** Returning random move!
<= 
<
>genmove w
<= e5
<
>play b g11
d1407 info: Best move cannot be determined, must search state.
d1407 info: --- MoHexPlayer::Search() ---
d1407 info: Color: white
d1407 info: MaxGames: 1
d1407 info: NumberThreads: 1
d1407 info: MaxNodes: 9090 (799920 bytes)
d1407 info: TimeForMove: 1
d1407 info: Time for PreSearch: 0.180843s
d1407 info: 
  c35928cca6a05dc0
  a  b  c  d  e  f  g  h  i  j  k  
 1\.  *  .  *  *  .  b  B  b  w  W\1
  2\.  .  *  *  *  *  .  w  W  w  B\2
   3\B  *  *  *  *  *  W  w  W  w  w\3
    4\.  B  *  *  *  *  *  B  .  .  w\4
     5\.  *  *  *  *  *  *  *  *  .  .\5
      6\B  *  *  *  *  *  *  *  *  .  .\6
       7\.  *  *  *  *  *  *  *  *  .  .\7
        8\.  *  *  *  *  W  *  *  B  B  w\8
         9\W  *  *  *  *  *  B  *  *  .  w\9
         10\.  *  *  *  *  *  *  *  *  .  W\10
          11\.  *  W  *  *  *  *  *  *  .  b\11
              a  b  c  d  e  f  g  h  i  j  k  
d1407 info: Old: [black, k2] [white, swap-pieces] [white, c11] [black, j8] [white, k10] [black, a6] [white, a9] [black, g9] [white, i2] [black, b4] [white, f8] [black, a3] [white, g3] [black, h1] [white, k1] [black, i8] 
d1407 info: New: [black, k2] [white, swap-pieces] [white, c11] [black, j8] [white, k10] [black, a6] [white, a9] [black, g9] [white, i2] [black, b4] [white, f8] [black, a3] [white, g3] [black, h1] [white, k1] [black, i8] [white, i3] [black, h4] 
d1407 info: MovesPlayed: [white, i3] [black, h4] 
d1407 info: No subtree to reuse.
d1407 info: StartSearch()[0]
SgUctSearch: max games reached
d1407 info: 
Elapsed Time   0.322453s
Count          1
GamesPlayed    1
Nodes          1
Knowledge      0 (0.0%)
Expansions     0.0
Time           0.00
GameLen        92.0 dev=0.0 min=92.0 max=92.0
InTree         0.0 dev=0.0 min=0.0 max=0.0
KnowDepth      -
Aborted        0%
Games/s        3484.3
Score          1.00
Sequence      
d1407 info: 
d1407 warning: **** MoHexSearch returned empty sequence!
d1407 warning: **** Returning random move!
<= 
<
>genmove w
<= f5
<
>play b i5
d1407 info: Best move cannot be determined, must search state.
d1407 info: --- MoHexPlayer::Search() ---
d1407 info: Color: white
d1407 info: MaxGames: 1
d1407 info: NumberThreads: 1
d1407 info: MaxNodes: 9090 (799920 bytes)
d1407 info: TimeForMove: 1
d1407 info: Winning sequence found before UCT search!
d1407 info: Sequence: f5
<= 
<
>genmove w
<= d7
<
>play b c8
d1407 info: Winning SC.
<= 
<
>genmove w
<= c7
<
>play b b8
d1407 info: Winning SC.
<= 
<
>genmove w
<= b7
<
>play b h2
d1407 info: Winning SC.
<= 
<
>genmove w
<= h3
<
>play b a7
d1407 info: Winning SC.
<= 
<
>genmove w
<= a8
<
>play b f4
d1407 info: Winning SC.
<= 
<
>genmove w
<= g4
<
>play b d6
d1407 info: Winning SC.
<= 
<
>genmove w
<= e6
<
>play b j3
d1407 info: Winning SC.
<= 
<
>genmove w
<= j1
<
>play b resign
d1407 info: Captured cells caused win! Removing...
d1407 info: Winning SC.
<= 
<
>final_score
<= W+
<
>quit
<= 
<
