29bf7 config: MoHex v2.0.CMake Mar 21 2025.
29bf7 config: ============ InitializeSystem ============
29bf7 config: BenzeneProgram::InitRandom()
29bf7 config: Seed = 686991
29bf7 info: Prior Patterns:
29bf7 info: Global:
29bf7 info: Size            = 565 32648 
29bf7 info: TableEntries    = 65932 65910
29bf7 info: MirrorsAdded    = 0 0
29bf7 info: PrunableCount   = 30593 30629
29bf7 info: LargestGamma    = 5820.77
29bf7 info: SmallestGamma   = 6.6e-05
29bf7 info: Local:
29bf7 info: Size            = 550 5318 
29bf7 info: TableEntries    = 11602 11588
29bf7 info: MirrorsAdded    = 0 0
29bf7 info: PrunableCount   = 3659 3667
29bf7 info: LargestGamma    = 11281.8
29bf7 info: SmallestGamma   = 0.026235
29bf7 info: Playout Patterns:
29bf7 info: Global:
29bf7 info: Size            = 565 32648 
29bf7 info: TableEntries    = 70329 70329
29bf7 info: MirrorsAdded    = 4397 4419
29bf7 info: PrunableCount   = 30593 30629
29bf7 info: LargestGamma    = 5820.77
29bf7 info: SmallestGamma   = 6.6e-05
29bf7 info: Local:
29bf7 info: Size            = 550 5318 
29bf7 info: TableEntries    = 11602 11588
29bf7 info: MirrorsAdded    = 0 0
29bf7 info: PrunableCount   = 3659 3667
29bf7 info: LargestGamma    = 11281.8
29bf7 info: SmallestGamma   = 0.026235
29bf7 config: IcePatternSet: reading from '/home/linus/MoHex2.0/nfbranchfix/benzene-vanilla-cmake/share/ice-patterns.txt'.
29bf7 config: IcePatternSet: parsed 708 patterns.
29bf7 config: VCS: reading captured set patterns from '/home/linus/MoHex2.0/nfbranchfix/benzene-vanilla-cmake/share/vc-captured-set.txt'.
29bf7 config: VCS:: parsed 2 patterns.
29bf7 config: VCS: reading captured set patterns from '/home/linus/MoHex2.0/nfbranchfix/benzene-vanilla-cmake/share/vc-captured-set.txt'.
29bf7 config: VCS:: parsed 2 patterns.
29bf7 config: IcePatternSet: reading from '/home/linus/MoHex2.0/nfbranchfix/benzene-vanilla-cmake/share/ice-patterns.txt'.
29bf7 config: IcePatternSet: parsed 708 patterns.
29bf7 config: VCS: reading captured set patterns from '/home/linus/MoHex2.0/nfbranchfix/benzene-vanilla-cmake/share/vc-captured-set.txt'.
29bf7 config: VCS:: parsed 2 patterns.
29bf7 config: VCS: reading captured set patterns from '/home/linus/MoHex2.0/nfbranchfix/benzene-vanilla-cmake/share/vc-captured-set.txt'.
29bf7 config: VCS:: parsed 2 patterns.
29bf7 config: VCS: reading captured set patterns from '/home/linus/MoHex2.0/nfbranchfix/benzene-vanilla-cmake/share/vc-captured-set.txt'.
29bf7 config: VCS:: parsed 2 patterns.
29bf7 config: VCS: reading captured set patterns from '/home/linus/MoHex2.0/nfbranchfix/benzene-vanilla-cmake/share/vc-captured-set.txt'.
29bf7 config: VCS:: parsed 2 patterns.
29bf7 config: VCS: reading captured set patterns from '/home/linus/MoHex2.0/nfbranchfix/benzene-vanilla-cmake/share/vc-captured-set.txt'.
29bf7 config: VCS:: parsed 2 patterns.
29bf7 config: VCS: reading captured set patterns from '/home/linus/MoHex2.0/nfbranchfix/benzene-vanilla-cmake/share/vc-captured-set.txt'.
29bf7 config: VCS:: parsed 2 patterns.
29bf7 config: VCPattern: loading pattern templates from '/home/linus/MoHex2.0/nfbranchfix/benzene-vanilla-cmake/share/vc-patterns.txt'.
29bf7 info: Best move cannot be determined, must search state.
29bf7 info: --- MoHexPlayer::Search() ---
29bf7 info: Color: white
29bf7 info: MaxGames: 1
29bf7 info: NumberThreads: 1
29bf7 info: MaxNodes: 9090 (799920 bytes)
29bf7 info: TimeForMove: 1
29bf7 info: PreSearch: max time reached (39/90).
29bf7 info: Time for PreSearch: 0.206494s
29bf7 info: 
  a0c6290ee9c94c34
  a  b  c  d  e  f  g  h  i  j  k  
 1\.  .  .  *  *  *  *  *  *  *  .\1
  2\.  .  *  *  *  *  *  *  *  *  .\2
   3\.  *  *  *  *  B  *  *  *  *  .\3
    4\.  *  *  *  *  *  *  *  *  *  .\4
     5\.  *  *  *  *  *  *  *  *  *  .\5
      6\.  *  .  *  *  *  *  *  .  *  .\6
       7\.  *  *  *  *  *  *  *  *  *  .\7
        8\.  *  *  *  *  *  *  *  *  *  .\8
         9\.  *  *  *  *  *  *  *  *  *  .\9
         10\.  *  *  *  *  *  *  *  *  .  .\10
          11\.  *  *  *  *  *  *  *  .  .  .\11
              a  b  c  d  e  f  g  h  i  j  k  
29bf7 info: No subtree to reuse.
29bf7 info: Creating thread 0
29bf7 info: StartSearch()[0]
29bf7 config: VCS: reading captured set patterns from '/home/linus/MoHex2.0/nfbranchfix/benzene-vanilla-cmake/share/vc-captured-set.txt'.
29bf7 config: VCS:: parsed 2 patterns.
29bf7 config: VCS: reading captured set patterns from '/home/linus/MoHex2.0/nfbranchfix/benzene-vanilla-cmake/share/vc-captured-set.txt'.
29bf7 config: VCS:: parsed 2 patterns.
29bf7 info: 
Elapsed Time   0.396731s
Count          1
GamesPlayed    1
Nodes          1
Knowledge      0 (0.0%)
Expansions     0.0
Time           0.00
GameLen        120.0 dev=0.0 min=120.0 max=120.0
InTree         0.0 dev=0.0 min=0.0 max=0.0
KnowDepth      -
Aborted        0%
Games/s        313.9
Score          1.00
Sequence      
29bf7 info: 
29bf7 warning: **** MoHexSearch returned empty sequence!
29bf7 warning: **** Returning random move!
29bf7 info: Best move cannot be determined, must search state.
29bf7 info: --- MoHexPlayer::Search() ---
29bf7 info: Color: white
29bf7 info: MaxGames: 1
29bf7 info: NumberThreads: 1
29bf7 info: MaxNodes: 9090 (799920 bytes)
29bf7 info: TimeForMove: 1
29bf7 info: PreSearch: max time reached (44/90).
29bf7 info: Time for PreSearch: 0.203962s
29bf7 info: 
  923bf07b7bc25749
  a  b  c  d  e  f  g  h  i  j  k  
 1\B  b  .  *  *  *  *  *  *  *  .\1
  2\.  *  *  *  *  *  *  *  *  *  .\2
   3\.  *  *  *  *  B  *  *  *  *  .\3
    4\.  *  *  *  *  *  *  *  *  *  .\4
     5\w  .  *  *  *  *  *  *  *  *  .\5
      6\w  W  *  *  *  *  *  *  *  *  .\6
       7\w  .  *  *  *  *  *  *  *  *  .\7
        8\w  *  *  *  *  *  *  *  *  *  .\8
         9\.  *  *  *  *  *  *  *  *  *  .\9
         10\.  *  *  *  *  *  *  *  *  .  .\10
          11\.  *  *  *  *  *  *  *  .  .  .\11
              a  b  c  d  e  f  g  h  i  j  k  
29bf7 info: Old: [black, f3] [white, swap-pieces] 
29bf7 info: New: [black, f3] [white, swap-pieces] [white, b6] [black, a1] 
29bf7 info: ReuseSubtree: Colors do not alternate.
29bf7 info: No subtree to reuse.
29bf7 info: StartSearch()[0]
29bf7 info: 
Elapsed Time   0.427806s
Count          1
GamesPlayed    1
Nodes          1
Knowledge      0 (0.0%)
Expansions     0.0
Time           0.00
GameLen        113.0 dev=0.0 min=113.0 max=113.0
InTree         0.0 dev=0.0 min=0.0 max=0.0
KnowDepth      -
Aborted        0%
Games/s        3003.0
Score          0.00
Sequence      
29bf7 info: 
29bf7 warning: **** MoHexSearch returned empty sequence!
29bf7 warning: **** Returning random move!
29bf7 info: Best move cannot be determined, must search state.
29bf7 info: --- MoHexPlayer::Search() ---
29bf7 info: Color: white
29bf7 info: MaxGames: 1
29bf7 info: NumberThreads: 1
29bf7 info: MaxNodes: 9090 (799920 bytes)
29bf7 info: TimeForMove: 1
29bf7 info: PreSearch: max time reached (36/86).
29bf7 info: Time for PreSearch: 0.20266s
29bf7 info: 
  e182c3490b8191f8
  a  b  c  d  e  f  g  h  i  j  k  
 1\B  b  .  *  *  *  *  .  B  .  .\1
  2\.  *  *  *  *  *  *  *  *  *  .\2
   3\.  *  *  *  *  B  *  *  *  *  .\3
    4\.  *  *  *  *  *  *  *  *  *  .\4
     5\w  .  *  *  *  *  W  *  *  *  .\5
      6\w  W  *  *  *  *  *  *  *  *  .\6
       7\w  .  *  *  *  *  *  *  *  *  .\7
        8\w  *  *  *  *  *  *  *  *  *  .\8
         9\.  *  *  *  *  *  *  *  *  *  .\9
         10\.  *  *  *  *  *  *  *  *  .  .\10
          11\.  *  *  *  *  *  *  *  .  .  .\11
              a  b  c  d  e  f  g  h  i  j  k  
29bf7 info: Old: [black, f3] [white, swap-pieces] [white, b6] [black, a1] 
29bf7 info: New: [black, f3] [white, swap-pieces] [white, b6] [black, a1] [white, g5] [black, i1] 
29bf7 info: MovesPlayed: [white, g5] [black, i1] 
29bf7 info: No subtree to reuse.
29bf7 info: StartSearch()[0]
29bf7 info: 
Elapsed Time   0.359119s
Count          1
GamesPlayed    1
Nodes          1
Knowledge      0 (0.0%)
Expansions     0.0
Time           0.00
GameLen        111.0 dev=0.0 min=111.0 max=111.0
InTree         0.0 dev=0.0 min=0.0 max=0.0
KnowDepth      -
Aborted        0%
Games/s        2584.0
Score          1.00
Sequence      
29bf7 info: 
29bf7 warning: **** MoHexSearch returned empty sequence!
29bf7 warning: **** Returning random move!
29bf7 info: Best move cannot be determined, must search state.
29bf7 info: --- MoHexPlayer::Search() ---
29bf7 info: Color: white
29bf7 info: MaxGames: 1
29bf7 info: NumberThreads: 1
29bf7 info: MaxNodes: 9090 (799920 bytes)
29bf7 info: TimeForMove: 1
29bf7 info: PreSearch: max time reached (38/78).
29bf7 info: Time for PreSearch: 0.206955s
29bf7 info: 
  ad245c74f2d5adf2
  a  b  c  d  e  f  g  h  i  j  k  
 1\B  b  b  .  *  .  W  .  B  .  .\1
  2\w  .  *  *  *  .  .  *  *  *  .\2
   3\w  B  *  *  *  B  *  *  *  *  .\3
    4\w  .  *  *  *  *  *  *  *  *  .\4
     5\w  .  *  *  *  *  W  *  *  *  .\5
      6\w  W  *  *  *  *  *  *  *  *  .\6
       7\w  .  *  *  *  *  *  *  *  *  .\7
        8\w  *  *  *  *  *  *  *  *  *  .\8
         9\.  *  *  *  *  *  *  *  *  *  .\9
         10\.  *  *  *  *  *  *  *  *  .  .\10
          11\.  *  *  *  *  *  *  *  .  .  .\11
              a  b  c  d  e  f  g  h  i  j  k  
29bf7 info: Old: [black, f3] [white, swap-pieces] [white, b6] [black, a1] [white, g5] [black, i1] 
29bf7 info: New: [black, f3] [white, swap-pieces] [white, b6] [black, a1] [white, g5] [black, i1] [white, g1] [black, b3] 
29bf7 info: MovesPlayed: [white, g1] [black, b3] 
29bf7 info: No subtree to reuse.
29bf7 info: StartSearch()[0]
29bf7 info: 
Elapsed Time   0.368335s
Count          1
GamesPlayed    1
Nodes          1
Knowledge      0 (0.0%)
Expansions     0.0
Time           0.00
GameLen        105.0 dev=0.0 min=105.0 max=105.0
InTree         0.0 dev=0.0 min=0.0 max=0.0
KnowDepth      -
Aborted        0%
Games/s        2688.2
Score          1.00
Sequence      
29bf7 info: 
29bf7 warning: **** MoHexSearch returned empty sequence!
29bf7 warning: **** Returning random move!
29bf7 info: Best move cannot be determined, must search state.
29bf7 info: --- MoHexPlayer::Search() ---
29bf7 info: Color: white
29bf7 info: MaxGames: 1
29bf7 info: NumberThreads: 1
29bf7 info: MaxNodes: 9090 (799920 bytes)
29bf7 info: TimeForMove: 1
29bf7 info: PreSearch: max time reached (37/69).
29bf7 info: Time for PreSearch: 0.203405s
29bf7 info: 
  48eee9e2cc218c54
  a  b  c  d  e  f  g  h  i  j  k  
 1\B  b  .  W  *  .  W  .  B  .  .\1
  2\w  *  .  *  *  .  .  *  *  *  .\2
   3\w  B  *  *  *  B  *  *  *  *  .\3
    4\w  .  *  *  *  *  *  *  *  *  .\4
     5\w  .  *  *  *  *  W  *  *  *  .\5
      6\w  W  *  *  *  *  *  *  *  *  .\6
       7\w  .  *  *  *  *  *  *  *  *  .\7
        8\w  *  *  *  *  *  *  *  *  *  .\8
         9\.  *  *  *  *  *  *  *  *  *  .\9
         10\.  *  *  *  .  B  .  *  *  .  .\10
          11\.  *  .  b  b  b  b  .  .  .  .\11
              a  b  c  d  e  f  g  h  i  j  k  
29bf7 info: Old: [black, f3] [white, swap-pieces] [white, b6] [black, a1] [white, g5] [black, i1] [white, g1] [black, b3] 
29bf7 info: New: [black, f3] [white, swap-pieces] [white, b6] [black, a1] [white, g5] [black, i1] [white, g1] [black, b3] [white, d1] [black, f10] 
29bf7 info: MovesPlayed: [white, d1] [black, f10] 
29bf7 info: No subtree to reuse.
29bf7 info: StartSearch()[0]
29bf7 info: 
Elapsed Time   0.54183s
Count          1
GamesPlayed    1
Nodes          1
Knowledge      0 (0.0%)
Expansions     0.0
Time           0.00
GameLen        100.0 dev=0.0 min=100.0 max=100.0
InTree         0.0 dev=0.0 min=0.0 max=0.0
KnowDepth      -
Aborted        0%
Games/s        2493.8
Score          0.00
Sequence      
29bf7 info: 
29bf7 warning: **** MoHexSearch returned empty sequence!
29bf7 warning: **** Returning random move!
29bf7 info: Best move cannot be determined, must search state.
29bf7 info: --- MoHexPlayer::Search() ---
29bf7 info: Color: white
29bf7 info: MaxGames: 1
29bf7 info: NumberThreads: 1
29bf7 info: MaxNodes: 9090 (799920 bytes)
29bf7 info: TimeForMove: 1
29bf7 info: PreSearch: max time reached (40/67).
29bf7 info: Time for PreSearch: 0.202828s
29bf7 info: 
  3c19922f1f59614b
  a  b  c  d  e  f  g  h  i  j  k  
 1\B  b  b  W  *  .  W  .  B  .  .\1
  2\b  B  .  *  *  .  .  *  *  *  .\2
   3\b  B  *  *  W  B  *  *  *  *  .\3
    4\w  .  *  *  *  *  *  *  *  *  .\4
     5\w  .  *  *  *  *  W  *  *  *  .\5
      6\w  W  *  *  *  *  *  *  *  *  .\6
       7\w  .  *  *  *  *  *  *  *  *  .\7
        8\w  *  *  *  *  *  *  *  *  *  .\8
         9\.  *  *  *  *  *  *  *  *  *  .\9
         10\.  *  *  *  .  B  .  *  *  .  .\10
          11\.  *  .  b  b  b  b  .  .  .  .\11
              a  b  c  d  e  f  g  h  i  j  k  
29bf7 info: Old: [black, f3] [white, swap-pieces] [white, b6] [black, a1] [white, g5] [black, i1] [white, g1] [black, b3] [white, d1] [black, f10] 
29bf7 info: New: [black, f3] [white, swap-pieces] [white, b6] [black, a1] [white, g5] [black, i1] [white, g1] [black, b3] [white, d1] [black, f10] [white, e3] [black, b2] 
29bf7 info: MovesPlayed: [white, e3] [black, b2] 
29bf7 info: No subtree to reuse.
29bf7 info: StartSearch()[0]
29bf7 info: 
Elapsed Time   0.362647s
Count          1
GamesPlayed    1
Nodes          1
Knowledge      0 (0.0%)
Expansions     0.0
Time           0.00
GameLen        97.0 dev=0.0 min=97.0 max=97.0
InTree         0.0 dev=0.0 min=0.0 max=0.0
KnowDepth      -
Aborted        0%
Games/s        3597.1
Score          0.00
Sequence      
29bf7 info: 
29bf7 warning: **** MoHexSearch returned empty sequence!
29bf7 warning: **** Returning random move!
29bf7 info: Best move cannot be determined, must search state.
29bf7 info: --- MoHexPlayer::Search() ---
29bf7 info: Color: white
29bf7 info: MaxGames: 1
29bf7 info: NumberThreads: 1
29bf7 info: MaxNodes: 9090 (799920 bytes)
29bf7 info: TimeForMove: 1
29bf7 info: PreSearch: max time reached (42/63).
29bf7 info: Time for PreSearch: 0.201836s
29bf7 info: 
  87dc88f7e8f2d793
  a  b  c  d  e  f  g  h  i  j  k  
 1\B  b  b  W  *  .  W  .  B  .  .\1
  2\b  B  .  *  *  .  .  *  *  *  .\2
   3\b  B  *  *  W  B  *  *  *  *  .\3
    4\w  .  *  *  *  *  *  *  *  *  .\4
     5\w  .  *  *  *  *  W  *  *  *  .\5
      6\w  W  *  *  *  *  *  *  *  *  W\6
       7\w  .  *  *  *  *  *  *  *  *  .\7
        8\w  *  *  *  *  *  *  *  *  *  .\8
         9\.  .  *  *  *  *  *  *  *  *  .\9
         10\.  .  B  b  b  B  .  *  *  .  .\10
          11\.  b  b  b  b  b  b  .  .  .  .\11
              a  b  c  d  e  f  g  h  i  j  k  
29bf7 info: Old: [black, f3] [white, swap-pieces] [white, b6] [black, a1] [white, g5] [black, i1] [white, g1] [black, b3] [white, d1] [black, f10] [white, e3] [black, b2] 
29bf7 info: New: [black, f3] [white, swap-pieces] [white, b6] [black, a1] [white, g5] [black, i1] [white, g1] [black, b3] [white, d1] [black, f10] [white, e3] [black, b2] [white, k6] [black, c10] 
29bf7 info: MovesPlayed: [white, k6] [black, c10] 
29bf7 info: No subtree to reuse.
29bf7 info: StartSearch()[0]
29bf7 info: 
Elapsed Time   0.358698s
Count          1
GamesPlayed    1
Nodes          1
Knowledge      0 (0.0%)
Expansions     0.0
Time           0.00
GameLen        91.0 dev=0.0 min=91.0 max=91.0
InTree         0.0 dev=0.0 min=0.0 max=0.0
KnowDepth      -
Aborted        0%
Games/s        3115.3
Score          1.00
Sequence      
29bf7 info: 
29bf7 warning: **** MoHexSearch returned empty sequence!
29bf7 warning: **** Returning random move!
29bf7 info: Winning SC.
29bf7 info: Winning SC.
29bf7 info: Winning SC.
29bf7 info: Winning SC.
29bf7 info: Winning SC.
29bf7 info: Winning SC.
29bf7 info: Winning SC.
29bf7 info: Winning SC.
29bf7 info: Winning SC.
29bf7 info: Winning SC.
29bf7 info: Winning SC.
29bf7 config: ============ BenzeneShutdown =============
29bf7 config: MoHexProgram:: ShutdownSystem()
29bf7 config: CommonProgram:: ShutdownSystem()
29bf7 config: BenzeneProgram:: ShutdownSystem()
Flushing and closing this stream...
