37cd7 config: MoHex v2.0.CMake Mar 21 2025.
37cd7 config: ============ InitializeSystem ============
37cd7 config: BenzeneProgram::InitRandom()
37cd7 config: Seed = 488093
37cd7 info: Prior Patterns:
37cd7 info: Global:
37cd7 info: Size            = 565 32648 
37cd7 info: TableEntries    = 65932 65910
37cd7 info: MirrorsAdded    = 0 0
37cd7 info: PrunableCount   = 30593 30629
37cd7 info: LargestGamma    = 5820.77
37cd7 info: SmallestGamma   = 6.6e-05
37cd7 info: Local:
37cd7 info: Size            = 550 5318 
37cd7 info: TableEntries    = 11602 11588
37cd7 info: MirrorsAdded    = 0 0
37cd7 info: PrunableCount   = 3659 3667
37cd7 info: LargestGamma    = 11281.8
37cd7 info: SmallestGamma   = 0.026235
37cd7 info: Playout Patterns:
37cd7 info: Global:
37cd7 info: Size            = 565 32648 
37cd7 info: TableEntries    = 70329 70329
37cd7 info: MirrorsAdded    = 4397 4419
37cd7 info: PrunableCount   = 30593 30629
37cd7 info: LargestGamma    = 5820.77
37cd7 info: SmallestGamma   = 6.6e-05
37cd7 info: Local:
37cd7 info: Size            = 550 5318 
37cd7 info: TableEntries    = 11602 11588
37cd7 info: MirrorsAdded    = 0 0
37cd7 info: PrunableCount   = 3659 3667
37cd7 info: LargestGamma    = 11281.8
37cd7 info: SmallestGamma   = 0.026235
37cd7 config: IcePatternSet: reading from '/home/linus/MoHex2.0/nfbranchfix/benzene-vanilla-cmake/share/ice-patterns.txt'.
37cd7 config: IcePatternSet: parsed 708 patterns.
37cd7 config: VCS: reading captured set patterns from '/home/linus/MoHex2.0/nfbranchfix/benzene-vanilla-cmake/share/vc-captured-set.txt'.
37cd7 config: VCS:: parsed 2 patterns.
37cd7 config: VCS: reading captured set patterns from '/home/linus/MoHex2.0/nfbranchfix/benzene-vanilla-cmake/share/vc-captured-set.txt'.
37cd7 config: VCS:: parsed 2 patterns.
37cd7 config: IcePatternSet: reading from '/home/linus/MoHex2.0/nfbranchfix/benzene-vanilla-cmake/share/ice-patterns.txt'.
37cd7 config: IcePatternSet: parsed 708 patterns.
37cd7 config: VCS: reading captured set patterns from '/home/linus/MoHex2.0/nfbranchfix/benzene-vanilla-cmake/share/vc-captured-set.txt'.
37cd7 config: VCS:: parsed 2 patterns.
37cd7 config: VCS: reading captured set patterns from '/home/linus/MoHex2.0/nfbranchfix/benzene-vanilla-cmake/share/vc-captured-set.txt'.
37cd7 config: VCS:: parsed 2 patterns.
37cd7 config: VCS: reading captured set patterns from '/home/linus/MoHex2.0/nfbranchfix/benzene-vanilla-cmake/share/vc-captured-set.txt'.
37cd7 config: VCS:: parsed 2 patterns.
37cd7 config: VCS: reading captured set patterns from '/home/linus/MoHex2.0/nfbranchfix/benzene-vanilla-cmake/share/vc-captured-set.txt'.
37cd7 config: VCS:: parsed 2 patterns.
37cd7 config: VCS: reading captured set patterns from '/home/linus/MoHex2.0/nfbranchfix/benzene-vanilla-cmake/share/vc-captured-set.txt'.
37cd7 config: VCS:: parsed 2 patterns.
37cd7 config: VCS: reading captured set patterns from '/home/linus/MoHex2.0/nfbranchfix/benzene-vanilla-cmake/share/vc-captured-set.txt'.
37cd7 config: VCS:: parsed 2 patterns.
37cd7 info: SwapCheck: reading from '/home/linus/MoHex2.0/nfbranchfix/benzene-vanilla-cmake/share/swap-moves.txt'.
37cd7 info: SwapCheck: playing swap.
37cd7 config: VCPattern: loading pattern templates from '/home/linus/MoHex2.0/nfbranchfix/benzene-vanilla-cmake/share/vc-patterns.txt'.
37cd7 info: Best move cannot be determined, must search state.
37cd7 info: --- MoHexPlayer::Search() ---
37cd7 info: Color: black
37cd7 info: MaxGames: 1
37cd7 info: NumberThreads: 1
37cd7 info: MaxNodes: 9090 (799920 bytes)
37cd7 info: TimeForMove: 1
37cd7 info: PreSearch: max time reached (47/89).
37cd7 info: Time for PreSearch: 0.201509s
37cd7 info: 
  90189a59bb1b1297
  a  b  c  d  e  f  g  h  i  j  k  
 1\.  .  .  .  .  .  .  .  .  .  .\1
  2\.  .  *  *  *  *  *  .  *  *  *\2
   3\.  *  *  *  *  *  B  *  *  *  *\3
    4\*  *  *  *  *  *  *  *  *  *  *\4
     5\*  *  *  *  *  *  *  *  *  *  *\5
      6\*  *  *  *  *  *  *  *  *  *  *\6
       7\*  *  *  *  *  *  *  *  *  *  *\7
        8\*  *  *  *  *  *  *  *  *  *  .\8
         9\*  *  *  *  *  *  *  *  *  *  W\9
         10\*  *  *  *  *  *  *  *  .  .  w\10
          11\.  .  .  .  .  .  .  .  .  .  w\11
              a  b  c  d  e  f  g  h  i  j  k  
37cd7 info: No subtree to reuse.
37cd7 info: Creating thread 0
37cd7 info: StartSearch()[0]
37cd7 config: VCS: reading captured set patterns from '/home/linus/MoHex2.0/nfbranchfix/benzene-vanilla-cmake/share/vc-captured-set.txt'.
37cd7 config: VCS:: parsed 2 patterns.
37cd7 config: VCS: reading captured set patterns from '/home/linus/MoHex2.0/nfbranchfix/benzene-vanilla-cmake/share/vc-captured-set.txt'.
37cd7 config: VCS:: parsed 2 patterns.
37cd7 info: 
Elapsed Time   0.351905s
Count          1
GamesPlayed    1
Nodes          1
Knowledge      0 (0.0%)
Expansions     0.0
Time           0.00
GameLen        117.0 dev=0.0 min=117.0 max=117.0
InTree         0.0 dev=0.0 min=0.0 max=0.0
KnowDepth      -
Aborted        0%
Games/s        427.5
Score          1.00
Sequence      
37cd7 info: 
37cd7 warning: **** MoHexSearch returned empty sequence!
37cd7 warning: **** Returning random move!
37cd7 info: Best move cannot be determined, must search state.
37cd7 info: --- MoHexPlayer::Search() ---
37cd7 info: Color: black
37cd7 info: MaxGames: 1
37cd7 info: NumberThreads: 1
37cd7 info: MaxNodes: 9090 (799920 bytes)
37cd7 info: TimeForMove: 1
37cd7 info: PreSearch: max time reached (53/83).
37cd7 info: Time for PreSearch: 0.200359s
37cd7 info: 
  aa69dbcc0ca997a6
  a  b  c  d  e  f  g  h  i  j  k  
 1\.  .  .  .  .  .  .  .  .  .  .\1
  2\.  .  *  *  *  *  *  .  *  *  *\2
   3\.  *  *  *  *  *  B  *  *  *  *\3
    4\*  *  *  *  *  *  *  *  *  *  *\4
     5\*  *  *  *  *  *  *  *  *  *  *\5
      6\*  *  *  *  *  *  *  *  *  *  *\6
       7\*  *  *  *  *  *  *  *  *  *  .\7
        8\*  *  *  W  *  *  *  *  *  *  w\8
         9\*  *  *  *  *  *  *  *  .  .  W\9
         10\*  *  *  *  *  .  .  B  b  b  w\10
          11\.  .  .  .  .  b  b  b  b  b  w\11
              a  b  c  d  e  f  g  h  i  j  k  
37cd7 info: Old: [black, g3] [white, swap-pieces] [white, k9] 
37cd7 info: New: [black, g3] [white, swap-pieces] [white, k9] [black, h10] [white, d8] 
37cd7 info: MovesPlayed: [black, h10] [white, d8] 
37cd7 info: No subtree to reuse.
37cd7 info: StartSearch()[0]
37cd7 info: 
Elapsed Time   0.403195s
Count          1
GamesPlayed    1
Nodes          1
Knowledge      0 (0.0%)
Expansions     0.0
Time           0.00
GameLen        107.0 dev=0.0 min=107.0 max=107.0
InTree         0.0 dev=0.0 min=0.0 max=0.0
KnowDepth      -
Aborted        0%
Games/s        3508.8
Score          1.00
Sequence      
37cd7 info: 
37cd7 warning: **** MoHexSearch returned empty sequence!
37cd7 warning: **** Returning random move!
37cd7 info: Best move cannot be determined, must search state.
37cd7 info: --- MoHexPlayer::Search() ---
37cd7 info: Color: black
37cd7 info: MaxGames: 1
37cd7 info: NumberThreads: 1
37cd7 info: MaxNodes: 9090 (799920 bytes)
37cd7 info: TimeForMove: 1
37cd7 info: PreSearch: max time reached (55/80).
37cd7 info: Time for PreSearch: 0.200893s
37cd7 info: 
  ae72a875d165aacb
  a  b  c  d  e  f  g  h  i  j  k  
 1\.  .  .  .  b  b  b  b  .  .  .\1
  2\.  .  *  *  .  B  .  .  .  *  *\2
   3\.  *  *  *  *  .  B  *  *  *  *\3
    4\*  *  *  *  *  *  *  *  *  *  *\4
     5\*  *  *  *  *  *  *  *  *  *  *\5
      6\*  *  *  *  *  *  *  *  *  *  *\6
       7\*  *  *  *  *  *  *  *  *  *  .\7
        8\*  *  *  W  *  *  *  *  *  *  w\8
         9\*  *  *  *  *  *  *  *  .  .  W\9
         10\*  *  *  *  *  .  .  B  b  b  w\10
          11\*  W  .  .  .  b  b  b  b  b  w\11
              a  b  c  d  e  f  g  h  i  j  k  
37cd7 info: Old: [black, g3] [white, swap-pieces] [white, k9] [black, h10] [white, d8] 
37cd7 info: New: [black, g3] [white, swap-pieces] [white, k9] [black, h10] [white, d8] [black, f2] [white, b11] 
37cd7 info: MovesPlayed: [black, f2] [white, b11] 
37cd7 info: No subtree to reuse.
37cd7 info: StartSearch()[0]
37cd7 info: 
Elapsed Time   0.354658s
Count          1
GamesPlayed    1
Nodes          1
Knowledge      0 (0.0%)
Expansions     0.0
Time           0.00
GameLen        101.0 dev=0.0 min=101.0 max=101.0
InTree         0.0 dev=0.0 min=0.0 max=0.0
KnowDepth      -
Aborted        0%
Games/s        2881.8
Score          1.00
Sequence      
37cd7 info: 
37cd7 warning: **** MoHexSearch returned empty sequence!
37cd7 warning: **** Returning random move!
37cd7 info: Best move cannot be determined, must search state.
37cd7 info: --- MoHexPlayer::Search() ---
37cd7 info: Color: black
37cd7 info: MaxGames: 1
37cd7 info: NumberThreads: 1
37cd7 info: MaxNodes: 9090 (799920 bytes)
37cd7 info: TimeForMove: 1
37cd7 info: PreSearch: max time reached (64/77).
37cd7 info: Time for PreSearch: 0.202315s
37cd7 info: 
  20d874f3abef8e3e
  a  b  c  d  e  f  g  h  i  j  k  
 1\.  .  .  .  b  b  b  b  .  .  .\1
  2\.  *  .  .  .  B  .  W  *  *  *\2
   3\.  B  *  *  *  .  B  *  *  *  *\3
    4\.  *  *  *  *  *  *  *  *  *  *\4
     5\*  *  *  *  *  *  *  *  *  *  *\5
      6\*  *  *  *  *  *  *  *  *  *  *\6
       7\*  *  *  *  *  *  *  *  *  *  .\7
        8\*  *  *  W  *  *  *  *  *  *  w\8
         9\*  *  *  *  *  *  *  *  .  .  W\9
         10\*  *  *  *  *  .  .  B  b  b  w\10
          11\*  W  .  .  .  b  b  b  b  b  w\11
              a  b  c  d  e  f  g  h  i  j  k  
37cd7 info: Old: [black, g3] [white, swap-pieces] [white, k9] [black, h10] [white, d8] [black, f2] [white, b11] 
37cd7 info: New: [black, g3] [white, swap-pieces] [white, k9] [black, h10] [white, d8] [black, f2] [white, b11] [black, b3] [white, h2] 
37cd7 info: MovesPlayed: [black, b3] [white, h2] 
37cd7 info: No subtree to reuse.
37cd7 info: StartSearch()[0]
37cd7 info: 
Elapsed Time   0.36045s
Count          1
GamesPlayed    1
Nodes          1
Knowledge      0 (0.0%)
Expansions     0.0
Time           0.00
GameLen        99.0 dev=0.0 min=99.0 max=99.0
InTree         0.0 dev=0.0 min=0.0 max=0.0
KnowDepth      -
Aborted        0%
Games/s        3460.2
Score          1.00
Sequence      
37cd7 info: 
37cd7 warning: **** MoHexSearch returned empty sequence!
37cd7 warning: **** Returning random move!
37cd7 info: Best move cannot be determined, must search state.
37cd7 info: --- MoHexPlayer::Search() ---
37cd7 info: Color: black
37cd7 info: MaxGames: 1
37cd7 info: NumberThreads: 1
37cd7 info: MaxNodes: 9090 (799920 bytes)
37cd7 info: TimeForMove: 1
37cd7 info: PreSearch: max time reached (66/73).
37cd7 info: Time for PreSearch: 0.201658s
37cd7 info: 
  6d0fc0fcc973ee1d
  a  b  c  d  e  f  g  h  i  j  k  
 1\.  .  .  .  b  b  b  b  .  .  .\1
  2\.  *  .  .  .  B  .  W  *  *  *\2
   3\.  B  *  *  *  .  B  *  *  *  *\3
    4\.  *  *  *  *  *  *  *  *  *  .\4
     5\*  *  *  *  *  *  *  *  *  *  W\5
      6\*  *  *  *  *  *  *  *  *  *  w\6
       7\*  *  *  *  *  *  *  *  *  *  w\7
        8\*  *  *  W  *  *  *  *  *  *  w\8
         9\*  *  *  B  *  *  *  *  .  .  W\9
         10\*  *  *  *  *  .  .  B  b  b  w\10
          11\*  W  .  .  .  b  b  b  b  b  w\11
              a  b  c  d  e  f  g  h  i  j  k  
37cd7 info: Old: [black, g3] [white, swap-pieces] [white, k9] [black, h10] [white, d8] [black, f2] [white, b11] [black, b3] [white, h2] 
37cd7 info: New: [black, g3] [white, swap-pieces] [white, k9] [black, h10] [white, d8] [black, f2] [white, b11] [black, b3] [white, h2] [black, d9] [white, k5] 
37cd7 info: MovesPlayed: [black, d9] [white, k5] 
37cd7 info: No subtree to reuse.
37cd7 info: StartSearch()[0]
37cd7 info: 
Elapsed Time   0.507768s
Count          1
GamesPlayed    1
Nodes          1
Knowledge      0 (0.0%)
Expansions     0.0
Time           0.00
GameLen        95.0 dev=0.0 min=95.0 max=95.0
InTree         0.0 dev=0.0 min=0.0 max=0.0
KnowDepth      -
Aborted        0%
Games/s        2941.2
Score          1.00
Sequence      
37cd7 info: 
37cd7 warning: **** MoHexSearch returned empty sequence!
37cd7 warning: **** Returning random move!
37cd7 info: Best move cannot be determined, must search state.
37cd7 info: --- MoHexPlayer::Search() ---
37cd7 info: Color: black
37cd7 info: MaxGames: 1
37cd7 info: NumberThreads: 1
37cd7 info: MaxNodes: 9090 (799920 bytes)
37cd7 info: TimeForMove: 1
37cd7 info: Time for PreSearch: 0.194294s
37cd7 info: 
  86c227e3bbdbc9c8
  a  b  c  d  e  f  g  h  i  j  k  
 1\.  .  .  .  b  b  b  b  b  B  .\1
  2\.  .  .  .  .  B  .  W  .  *  *\2
   3\.  B  *  *  *  .  B  *  *  *  *\3
    4\.  *  *  *  *  *  *  *  *  *  .\4
     5\*  *  *  W  *  *  *  *  *  *  W\5
      6\*  *  *  *  *  *  *  *  *  *  w\6
       7\*  *  *  *  *  *  *  *  *  *  w\7
        8\*  *  *  W  *  *  *  *  *  *  w\8
         9\*  *  *  B  *  *  *  *  .  .  W\9
         10\*  *  *  *  *  .  .  B  b  b  w\10
          11\*  W  .  .  .  b  b  b  b  b  w\11
              a  b  c  d  e  f  g  h  i  j  k  
37cd7 info: Old: [black, g3] [white, swap-pieces] [white, k9] [black, h10] [white, d8] [black, f2] [white, b11] [black, b3] [white, h2] [black, d9] [white, k5] 
37cd7 info: New: [black, g3] [white, swap-pieces] [white, k9] [black, h10] [white, d8] [black, f2] [white, b11] [black, b3] [white, h2] [black, d9] [white, k5] [black, j1] [white, d5] 
37cd7 info: MovesPlayed: [black, j1] [white, d5] 
37cd7 info: No subtree to reuse.
37cd7 info: StartSearch()[0]
37cd7 info: 
Elapsed Time   0.337759s
Count          1
GamesPlayed    1
Nodes          1
Knowledge      0 (0.0%)
Expansions     0.0
Time           0.00
GameLen        92.0 dev=0.0 min=92.0 max=92.0
InTree         0.0 dev=0.0 min=0.0 max=0.0
KnowDepth      -
Aborted        0%
Games/s        3424.7
Score          0.00
Sequence      
37cd7 info: 
37cd7 warning: **** MoHexSearch returned empty sequence!
37cd7 warning: **** Returning random move!
37cd7 info: Best move cannot be determined, must search state.
37cd7 info: --- MoHexPlayer::Search() ---
37cd7 info: Color: black
37cd7 info: MaxGames: 1
37cd7 info: NumberThreads: 1
37cd7 info: MaxNodes: 9090 (799920 bytes)
37cd7 info: TimeForMove: 1
37cd7 info: PreSearch: max time reached (68/70).
37cd7 info: Time for PreSearch: 0.204003s
37cd7 info: 
  fee393849f29164c
  a  b  c  d  e  f  g  h  i  j  k  
 1\.  .  .  .  b  b  b  b  b  B  .\1
  2\.  .  .  .  .  B  .  W  .  *  *\2
   3\.  B  W  *  *  .  B  *  *  *  *\3
    4\.  *  *  *  *  *  *  *  *  *  .\4
     5\*  *  *  W  *  *  *  *  *  *  W\5
      6\*  *  *  *  *  *  *  *  *  *  w\6
       7\*  *  *  *  *  *  *  *  *  *  w\7
        8\*  *  *  W  *  *  *  *  *  *  w\8
         9\B  *  *  B  *  *  *  *  .  .  W\9
         10\*  *  *  *  *  .  .  B  b  b  w\10
          11\*  W  .  .  .  b  b  b  b  b  w\11
              a  b  c  d  e  f  g  h  i  j  k  
37cd7 info: Old: [black, g3] [white, swap-pieces] [white, k9] [black, h10] [white, d8] [black, f2] [white, b11] [black, b3] [white, h2] [black, d9] [white, k5] [black, j1] [white, d5] 
37cd7 info: New: [black, g3] [white, swap-pieces] [white, k9] [black, h10] [white, d8] [black, f2] [white, b11] [black, b3] [white, h2] [black, d9] [white, k5] [black, j1] [white, d5] [black, a9] [white, c3] 
37cd7 info: MovesPlayed: [black, a9] [white, c3] 
37cd7 info: No subtree to reuse.
37cd7 info: StartSearch()[0]
37cd7 info: 
Elapsed Time   0.3892s
Count          1
GamesPlayed    1
Nodes          1
Knowledge      0 (0.0%)
Expansions     0.0
Time           0.00
GameLen        90.0 dev=0.0 min=90.0 max=90.0
InTree         0.0 dev=0.0 min=0.0 max=0.0
KnowDepth      -
Aborted        0%
Games/s        3333.3
Score          1.00
Sequence      
37cd7 info: 
37cd7 warning: **** MoHexSearch returned empty sequence!
37cd7 warning: **** Returning random move!
37cd7 info: Best move cannot be determined, must search state.
37cd7 info: --- MoHexPlayer::Search() ---
37cd7 info: Color: black
37cd7 info: MaxGames: 1
37cd7 info: NumberThreads: 1
37cd7 info: MaxNodes: 9090 (799920 bytes)
37cd7 info: TimeForMove: 1
37cd7 info: Time for PreSearch: 0.15762s
37cd7 info: 
  0f4d8d5fa4493499
  a  b  c  d  e  f  g  h  i  j  k  
 1\.  .  .  .  b  b  b  b  b  B  b\1
  2\.  .  .  .  .  B  .  W  .  B  .\2
   3\.  B  W  *  *  .  B  .  *  *  *\3
    4\.  *  *  *  *  *  *  *  *  *  .\4
     5\*  *  *  W  *  *  *  *  *  *  W\5
      6\*  *  *  *  *  *  *  *  *  *  w\6
       7\*  *  *  *  *  *  *  *  *  *  w\7
        8\*  *  *  W  *  *  *  W  .  .  w\8
         9\B  *  *  B  *  *  *  .  .  .  W\9
         10\*  *  *  *  *  .  .  B  b  b  w\10
          11\*  W  .  .  .  b  b  b  b  b  w\11
              a  b  c  d  e  f  g  h  i  j  k  
37cd7 info: Old: [black, g3] [white, swap-pieces] [white, k9] [black, h10] [white, d8] [black, f2] [white, b11] [black, b3] [white, h2] [black, d9] [white, k5] [black, j1] [white, d5] [black, a9] [white, c3] 
37cd7 info: New: [black, g3] [white, swap-pieces] [white, k9] [black, h10] [white, d8] [black, f2] [white, b11] [black, b3] [white, h2] [black, d9] [white, k5] [black, j1] [white, d5] [black, a9] [white, c3] [black, j2] [white, h8] 
37cd7 info: MovesPlayed: [black, j2] [white, h8] 
37cd7 info: No subtree to reuse.
37cd7 info: StartSearch()[0]
37cd7 info: 
Elapsed Time   0.499594s
Count          1
GamesPlayed    1
Nodes          1
Knowledge      0 (0.0%)
Expansions     0.0
Time           0.00
GameLen        87.0 dev=0.0 min=87.0 max=87.0
InTree         0.0 dev=0.0 min=0.0 max=0.0
KnowDepth      -
Aborted        0%
Games/s        3558.7
Score          1.00
Sequence      
37cd7 info: 
37cd7 warning: **** MoHexSearch returned empty sequence!
37cd7 warning: **** Returning random move!
37cd7 info: Best move cannot be determined, must search state.
37cd7 info: --- MoHexPlayer::Search() ---
37cd7 info: Color: black
37cd7 info: MaxGames: 1
37cd7 info: NumberThreads: 1
37cd7 info: MaxNodes: 9090 (799920 bytes)
37cd7 info: TimeForMove: 1
37cd7 info: Time for PreSearch: 0.13205s
37cd7 info: 
  ea0760b40308a989
  a  b  c  d  e  f  g  h  i  j  k  
 1\.  .  .  .  b  b  b  b  b  B  b\1
  2\.  .  .  .  .  B  .  W  .  B  .\2
   3\.  B  W  *  *  .  B  .  *  *  *\3
    4\.  *  *  *  *  *  *  *  *  *  .\4
     5\*  *  *  W  *  *  *  *  *  *  W\5
      6\*  *  *  *  *  *  *  *  *  .  b\6
       7\*  *  *  *  *  *  *  *  .  B  w\7
        8\*  *  *  W  *  *  *  W  .  *  w\8
         9\B  *  *  B  *  *  .  .  .  .  W\9
         10\*  *  *  W  .  .  .  B  b  b  w\10
          11\*  W  .  b  b  b  b  b  b  b  w\11
              a  b  c  d  e  f  g  h  i  j  k  
37cd7 info: Old: [black, g3] [white, swap-pieces] [white, k9] [black, h10] [white, d8] [black, f2] [white, b11] [black, b3] [white, h2] [black, d9] [white, k5] [black, j1] [white, d5] [black, a9] [white, c3] [black, j2] [white, h8] 
37cd7 info: New: [black, g3] [white, swap-pieces] [white, k9] [black, h10] [white, d8] [black, f2] [white, b11] [black, b3] [white, h2] [black, d9] [white, k5] [black, j1] [white, d5] [black, a9] [white, c3] [black, j2] [white, h8] [black, j7] [white, d10] 
37cd7 info: MovesPlayed: [black, j7] [white, d10] 
37cd7 info: No subtree to reuse.
37cd7 info: StartSearch()[0]
37cd7 info: 
Elapsed Time   0.285699s
Count          1
GamesPlayed    1
Nodes          1
Knowledge      0 (0.0%)
Expansions     0.0
Time           0.00
GameLen        83.0 dev=0.0 min=83.0 max=83.0
InTree         0.0 dev=0.0 min=0.0 max=0.0
KnowDepth      -
Aborted        0%
Games/s        3225.8
Score          0.00
Sequence      
37cd7 info: 
37cd7 warning: **** MoHexSearch returned empty sequence!
37cd7 warning: **** Returning random move!
37cd7 info: Best move cannot be determined, must search state.
37cd7 info: --- MoHexPlayer::Search() ---
37cd7 info: Color: black
37cd7 info: MaxGames: 1
37cd7 info: NumberThreads: 1
37cd7 info: MaxNodes: 9090 (799920 bytes)
37cd7 info: TimeForMove: 1
37cd7 info: Time for PreSearch: 0.123206s
37cd7 info: 
  70d5130f11afbb9c
  a  b  c  d  e  f  g  h  i  j  k  
 1\.  .  .  .  b  b  b  b  b  B  b\1
  2\.  .  .  .  .  B  .  W  .  B  w\2
   3\.  B  W  *  *  .  B  .  *  *  w\3
    4\.  *  *  *  .  .  *  *  *  .  b\4
     5\*  *  *  W  B  *  *  *  *  W  W\5
      6\*  *  *  *  *  *  *  *  *  .  b\6
       7\*  *  *  *  *  *  *  *  .  B  w\7
        8\*  *  *  W  *  *  *  W  .  *  w\8
         9\B  *  *  B  *  *  .  .  .  .  W\9
         10\*  *  *  W  .  .  .  B  b  b  w\10
          11\*  W  .  b  b  b  b  b  b  b  w\11
              a  b  c  d  e  f  g  h  i  j  k  
37cd7 info: Old: [black, g3] [white, swap-pieces] [white, k9] [black, h10] [white, d8] [black, f2] [white, b11] [black, b3] [white, h2] [black, d9] [white, k5] [black, j1] [white, d5] [black, a9] [white, c3] [black, j2] [white, h8] [black, j7] [white, d10] 
37cd7 info: New: [black, g3] [white, swap-pieces] [white, k9] [black, h10] [white, d8] [black, f2] [white, b11] [black, b3] [white, h2] [black, d9] [white, k5] [black, j1] [white, d5] [black, a9] [white, c3] [black, j2] [white, h8] [black, j7] [white, d10] [black, e5] [white, j5] 
37cd7 info: MovesPlayed: [black, e5] [white, j5] 
37cd7 info: No subtree to reuse.
37cd7 info: StartSearch()[0]
37cd7 info: 
Elapsed Time   0.285125s
Count          1
GamesPlayed    1
Nodes          1
Knowledge      0 (0.0%)
Expansions     0.0
Time           0.00
GameLen        78.0 dev=0.0 min=78.0 max=78.0
InTree         0.0 dev=0.0 min=0.0 max=0.0
KnowDepth      -
Aborted        0%
Games/s        3717.5
Score          0.00
Sequence      
37cd7 info: 
37cd7 warning: **** MoHexSearch returned empty sequence!
37cd7 warning: **** Returning random move!
37cd7 info: Best move cannot be determined, must search state.
37cd7 info: --- MoHexPlayer::Search() ---
37cd7 info: Color: black
37cd7 info: MaxGames: 1
37cd7 info: NumberThreads: 1
37cd7 info: MaxNodes: 9090 (799920 bytes)
37cd7 info: TimeForMove: 1
37cd7 info: Time for PreSearch: 0.116406s
37cd7 info: 
  a0263f71acfb554e
  a  b  c  d  e  f  g  h  i  j  k  
 1\.  .  .  .  b  b  b  b  b  B  b\1
  2\.  .  .  .  .  B  .  W  .  B  w\2
   3\.  B  W  *  *  .  B  .  *  *  w\3
    4\.  *  *  *  .  .  *  *  *  .  b\4
     5\*  *  *  W  B  *  *  *  *  W  W\5
      6\*  *  *  *  *  *  *  *  *  .  b\6
       7\*  *  *  *  *  *  *  *  .  B  w\7
        8\*  *  *  W  *  *  *  W  .  .  w\8
         9\B  *  *  B  *  *  .  W  *  .  W\9
         10\*  *  *  W  .  B  b  B  b  b  w\10
          11\*  W  .  b  b  b  b  b  b  b  w\11
              a  b  c  d  e  f  g  h  i  j  k  
37cd7 info: Old: [black, g3] [white, swap-pieces] [white, k9] [black, h10] [white, d8] [black, f2] [white, b11] [black, b3] [white, h2] [black, d9] [white, k5] [black, j1] [white, d5] [black, a9] [white, c3] [black, j2] [white, h8] [black, j7] [white, d10] [black, e5] [white, j5] 
37cd7 info: New: [black, g3] [white, swap-pieces] [white, k9] [black, h10] [white, d8] [black, f2] [white, b11] [black, b3] [white, h2] [black, d9] [white, k5] [black, j1] [white, d5] [black, a9] [white, c3] [black, j2] [white, h8] [black, j7] [white, d10] [black, e5] [white, j5] [black, f10] [white, h9] 
37cd7 info: MovesPlayed: [black, f10] [white, h9] 
37cd7 info: No subtree to reuse.
37cd7 info: StartSearch()[0]
37cd7 info: 
Elapsed Time   0.425675s
Count          1
GamesPlayed    1
Nodes          1
Knowledge      0 (0.0%)
Expansions     0.0
Time           0.00
GameLen        75.0 dev=0.0 min=75.0 max=75.0
InTree         0.0 dev=0.0 min=0.0 max=0.0
KnowDepth      -
Aborted        0%
Games/s        3174.6
Score          0.00
Sequence      
37cd7 info: 
37cd7 warning: **** MoHexSearch returned empty sequence!
37cd7 warning: **** Returning random move!
37cd7 info: Best move cannot be determined, must search state.
37cd7 info: --- MoHexPlayer::Search() ---
37cd7 info: Color: black
37cd7 info: MaxGames: 1
37cd7 info: NumberThreads: 1
37cd7 info: MaxNodes: 9090 (799920 bytes)
37cd7 info: TimeForMove: 1
37cd7 info: Time for PreSearch: 0.097844s
37cd7 info: 
  77afe488ebde0924
  a  b  c  d  e  f  g  h  i  j  k  
 1\.  .  .  .  b  b  b  b  b  B  b\1
  2\.  .  .  .  .  B  .  W  .  B  w\2
   3\.  B  W  .  *  .  B  .  *  *  w\3
    4\b  .  .  .  .  .  *  *  *  .  b\4
     5\w  W  *  W  B  *  *  *  B  W  W\5
      6\w  .  *  *  *  *  *  *  *  .  b\6
       7\w  *  *  *  *  *  *  *  .  B  w\7
        8\.  *  *  W  *  *  *  W  .  .  w\8
         9\B  *  *  B  *  *  .  W  *  .  W\9
         10\*  *  *  W  .  B  b  B  b  b  w\10
          11\*  W  .  b  b  b  b  b  b  b  w\11
              a  b  c  d  e  f  g  h  i  j  k  
37cd7 info: Old: [black, g3] [white, swap-pieces] [white, k9] [black, h10] [white, d8] [black, f2] [white, b11] [black, b3] [white, h2] [black, d9] [white, k5] [black, j1] [white, d5] [black, a9] [white, c3] [black, j2] [white, h8] [black, j7] [white, d10] [black, e5] [white, j5] [black, f10] [white, h9] 
37cd7 info: New: [black, g3] [white, swap-pieces] [white, k9] [black, h10] [white, d8] [black, f2] [white, b11] [black, b3] [white, h2] [black, d9] [white, k5] [black, j1] [white, d5] [black, a9] [white, c3] [black, j2] [white, h8] [black, j7] [white, d10] [black, e5] [white, j5] [black, f10] [white, h9] [black, i5] [white, b5] 
37cd7 info: MovesPlayed: [black, i5] [white, b5] 
37cd7 info: No subtree to reuse.
37cd7 info: StartSearch()[0]
37cd7 info: 
Elapsed Time   0.243118s
Count          1
GamesPlayed    1
Nodes          1
Knowledge      0 (0.0%)
Expansions     0.0
Time           0.00
GameLen        69.0 dev=0.0 min=69.0 max=69.0
InTree         0.0 dev=0.0 min=0.0 max=0.0
KnowDepth      -
Aborted        0%
Games/s        3558.7
Score          1.00
Sequence      
37cd7 info: 
37cd7 warning: **** MoHexSearch returned empty sequence!
37cd7 warning: **** Returning random move!
37cd7 info: Best move cannot be determined, must search state.
37cd7 info: --- MoHexPlayer::Search() ---
37cd7 info: Color: black
37cd7 info: MaxGames: 1
37cd7 info: NumberThreads: 1
37cd7 info: MaxNodes: 9090 (799920 bytes)
37cd7 info: TimeForMove: 1
37cd7 info: Time for PreSearch: 0.085096s
37cd7 info: 
  70e7ff0dfd1c3e2b
  a  b  c  d  e  f  g  h  i  j  k  
 1\w  .  .  .  b  b  b  b  b  B  b\1
  2\w  .  .  .  .  B  .  W  .  B  w\2
   3\W  B  W  .  *  .  B  .  *  *  w\3
    4\b  .  .  .  .  .  *  *  *  .  b\4
     5\w  W  *  W  B  *  *  *  B  W  W\5
      6\w  .  *  *  *  *  *  *  *  .  b\6
       7\w  *  *  *  *  *  *  *  .  B  w\7
        8\.  *  *  W  *  *  *  W  .  .  w\8
         9\B  .  B  B  *  *  .  W  *  .  W\9
         10\*  .  w  W  .  B  b  B  b  b  w\10
          11\*  W  w  b  b  b  b  b  b  b  w\11
              a  b  c  d  e  f  g  h  i  j  k  
37cd7 info: Old: [black, g3] [white, swap-pieces] [white, k9] [black, h10] [white, d8] [black, f2] [white, b11] [black, b3] [white, h2] [black, d9] [white, k5] [black, j1] [white, d5] [black, a9] [white, c3] [black, j2] [white, h8] [black, j7] [white, d10] [black, e5] [white, j5] [black, f10] [white, h9] [black, i5] [white, b5] 
37cd7 info: New: [black, g3] [white, swap-pieces] [white, k9] [black, h10] [white, d8] [black, f2] [white, b11] [black, b3] [white, h2] [black, d9] [white, k5] [black, j1] [white, d5] [black, a9] [white, c3] [black, j2] [white, h8] [black, j7] [white, d10] [black, e5] [white, j5] [black, f10] [white, h9] [black, i5] [white, b5] [black, c9] [white, a3] 
37cd7 info: MovesPlayed: [black, c9] [white, a3] 
37cd7 info: No subtree to reuse.
37cd7 info: StartSearch()[0]
37cd7 info: 
Elapsed Time   0.234229s
Count          1
GamesPlayed    1
Nodes          1
Knowledge      0 (0.0%)
Expansions     0.0
Time           0.00
GameLen        63.0 dev=0.0 min=63.0 max=63.0
InTree         0.0 dev=0.0 min=0.0 max=0.0
KnowDepth      -
Aborted        0%
Games/s        3876.0
Score          0.00
Sequence      
37cd7 info: 
37cd7 warning: **** MoHexSearch returned empty sequence!
37cd7 warning: **** Returning random move!
37cd7 info: Best move cannot be determined, must search state.
37cd7 info: --- MoHexPlayer::Search() ---
37cd7 info: Color: black
37cd7 info: MaxGames: 1
37cd7 info: NumberThreads: 1
37cd7 info: MaxNodes: 9090 (799920 bytes)
37cd7 info: TimeForMove: 1
37cd7 info: Winning sequence found before UCT search!
37cd7 info: Sequence: f9
37cd7 info: Best move cannot be determined, must search state.
37cd7 info: --- MoHexPlayer::Search() ---
37cd7 info: Color: black
37cd7 info: MaxGames: 1
37cd7 info: NumberThreads: 1
37cd7 info: MaxNodes: 9090 (799920 bytes)
37cd7 info: TimeForMove: 1
37cd7 info: Winning sequence found before UCT search!
37cd7 info: Sequence: g8
37cd7 info: Winning SC.
37cd7 info: Winning SC.
37cd7 info: Winning SC.
37cd7 info: Winning SC.
37cd7 info: Winning SC.
37cd7 info: Captured cells caused win! Removing...
37cd7 info: Winning SC.
37cd7 info: Winning SC.
37cd7 config: ============ BenzeneShutdown =============
37cd7 config: MoHexProgram:: ShutdownSystem()
37cd7 config: CommonProgram:: ShutdownSystem()
37cd7 config: BenzeneProgram:: ShutdownSystem()
Flushing and closing this stream...
