60ad7 config: MoHex v2.0.CMake Mar 21 2025.
60ad7 config: ============ InitializeSystem ============
60ad7 config: BenzeneProgram::InitRandom()
60ad7 config: Seed = 178244
60ad7 info: Prior Patterns:
60ad7 info: Global:
60ad7 info: Size            = 565 32648 
60ad7 info: TableEntries    = 65932 65910
60ad7 info: MirrorsAdded    = 0 0
60ad7 info: PrunableCount   = 30593 30629
60ad7 info: LargestGamma    = 5820.77
60ad7 info: SmallestGamma   = 6.6e-05
60ad7 info: Local:
60ad7 info: Size            = 550 5318 
60ad7 info: TableEntries    = 11602 11588
60ad7 info: MirrorsAdded    = 0 0
60ad7 info: PrunableCount   = 3659 3667
60ad7 info: LargestGamma    = 11281.8
60ad7 info: SmallestGamma   = 0.026235
60ad7 info: Playout Patterns:
60ad7 info: Global:
60ad7 info: Size            = 565 32648 
60ad7 info: TableEntries    = 70329 70329
60ad7 info: MirrorsAdded    = 4397 4419
60ad7 info: PrunableCount   = 30593 30629
60ad7 info: LargestGamma    = 5820.77
60ad7 info: SmallestGamma   = 6.6e-05
60ad7 info: Local:
60ad7 info: Size            = 550 5318 
60ad7 info: TableEntries    = 11602 11588
60ad7 info: MirrorsAdded    = 0 0
60ad7 info: PrunableCount   = 3659 3667
60ad7 info: LargestGamma    = 11281.8
60ad7 info: SmallestGamma   = 0.026235
60ad7 config: IcePatternSet: reading from '/home/linus/MoHex2.0/nfbranchfix/benzene-vanilla-cmake/share/ice-patterns.txt'.
60ad7 config: IcePatternSet: parsed 708 patterns.
60ad7 config: VCS: reading captured set patterns from '/home/linus/MoHex2.0/nfbranchfix/benzene-vanilla-cmake/share/vc-captured-set.txt'.
60ad7 config: VCS:: parsed 2 patterns.
60ad7 config: VCS: reading captured set patterns from '/home/linus/MoHex2.0/nfbranchfix/benzene-vanilla-cmake/share/vc-captured-set.txt'.
60ad7 config: VCS:: parsed 2 patterns.
60ad7 config: IcePatternSet: reading from '/home/linus/MoHex2.0/nfbranchfix/benzene-vanilla-cmake/share/ice-patterns.txt'.
60ad7 config: IcePatternSet: parsed 708 patterns.
60ad7 config: VCS: reading captured set patterns from '/home/linus/MoHex2.0/nfbranchfix/benzene-vanilla-cmake/share/vc-captured-set.txt'.
60ad7 config: VCS:: parsed 2 patterns.
60ad7 config: VCS: reading captured set patterns from '/home/linus/MoHex2.0/nfbranchfix/benzene-vanilla-cmake/share/vc-captured-set.txt'.
60ad7 config: VCS:: parsed 2 patterns.
60ad7 config: VCS: reading captured set patterns from '/home/linus/MoHex2.0/nfbranchfix/benzene-vanilla-cmake/share/vc-captured-set.txt'.
60ad7 config: VCS:: parsed 2 patterns.
60ad7 config: VCS: reading captured set patterns from '/home/linus/MoHex2.0/nfbranchfix/benzene-vanilla-cmake/share/vc-captured-set.txt'.
60ad7 config: VCS:: parsed 2 patterns.
60ad7 config: VCS: reading captured set patterns from '/home/linus/MoHex2.0/nfbranchfix/benzene-vanilla-cmake/share/vc-captured-set.txt'.
60ad7 config: VCS:: parsed 2 patterns.
60ad7 config: VCS: reading captured set patterns from '/home/linus/MoHex2.0/nfbranchfix/benzene-vanilla-cmake/share/vc-captured-set.txt'.
60ad7 config: VCS:: parsed 2 patterns.
60ad7 config: VCPattern: loading pattern templates from '/home/linus/MoHex2.0/nfbranchfix/benzene-vanilla-cmake/share/vc-patterns.txt'.
60ad7 info: Best move cannot be determined, must search state.
60ad7 info: --- MoHexPlayer::Search() ---
60ad7 info: Color: white
60ad7 info: MaxGames: 1
60ad7 info: NumberThreads: 1
60ad7 info: MaxNodes: 9090 (799920 bytes)
60ad7 info: TimeForMove: 1
60ad7 info: PreSearch: max time reached (51/85).
60ad7 info: Time for PreSearch: 0.200564s
60ad7 info: 
  c49eeda0fc3733c4
  a  b  c  d  e  f  g  h  i  j  k  
 1\.  .  .  *  *  *  *  *  *  *  .\1
  2\.  .  *  *  *  *  *  *  *  *  .\2
   3\.  .  *  *  *  *  *  *  *  *  .\3
    4\.  *  *  *  *  *  *  *  *  *  .\4
     5\.  *  *  *  *  *  *  *  *  *  .\5
      6\.  *  *  *  *  *  *  *  *  *  .\6
       7\.  *  *  *  *  *  *  *  *  *  .\7
        8\.  *  *  *  *  *  *  *  *  .  .\8
         9\.  *  *  *  *  *  *  *  *  .  .\9
         10\.  *  *  *  *  *  *  .  B  b  b\10
          11\.  *  *  *  *  .  b  b  b  b  b\11
              a  b  c  d  e  f  g  h  i  j  k  
60ad7 info: No subtree to reuse.
60ad7 info: Creating thread 0
60ad7 info: StartSearch()[0]
60ad7 config: VCS: reading captured set patterns from '/home/linus/MoHex2.0/nfbranchfix/benzene-vanilla-cmake/share/vc-captured-set.txt'.
60ad7 config: VCS:: parsed 2 patterns.
60ad7 config: VCS: reading captured set patterns from '/home/linus/MoHex2.0/nfbranchfix/benzene-vanilla-cmake/share/vc-captured-set.txt'.
60ad7 config: VCS:: parsed 2 patterns.
60ad7 info: 
Elapsed Time   0.348364s
Count          1
GamesPlayed    1
Nodes          1
Knowledge      0 (0.0%)
Expansions     0.0
Time           0.00
GameLen        113.0 dev=0.0 min=113.0 max=113.0
InTree         0.0 dev=0.0 min=0.0 max=0.0
KnowDepth      -
Aborted        0%
Games/s        393.2
Score          0.00
Sequence      
60ad7 info: 
60ad7 warning: **** MoHexSearch returned empty sequence!
60ad7 warning: **** Returning random move!
60ad7 info: Best move cannot be determined, must search state.
60ad7 info: --- MoHexPlayer::Search() ---
60ad7 info: Color: white
60ad7 info: MaxGames: 1
60ad7 info: NumberThreads: 1
60ad7 info: MaxNodes: 9090 (799920 bytes)
60ad7 info: TimeForMove: 1
60ad7 info: PreSearch: max time reached (47/76).
60ad7 info: Time for PreSearch: 0.204299s
60ad7 info: 
  e41576bfe65d9f2a
  a  b  c  d  e  f  g  h  i  j  k  
 1\.  .  .  b  b  b  b  .  *  *  .\1
  2\.  .  *  .  B  .  *  *  *  *  .\2
   3\.  *  *  *  *  *  *  *  *  *  .\3
    4\.  *  *  *  *  *  *  *  *  *  .\4
     5\.  *  *  *  *  *  *  *  *  *  .\5
      6\.  *  *  *  *  *  *  *  *  *  .\6
       7\.  *  *  *  *  *  *  *  *  *  .\7
        8\.  *  *  *  *  *  *  *  *  .  .\8
         9\.  *  W  *  *  *  *  *  *  .  .\9
         10\.  .  *  *  *  *  *  .  B  b  b\10
          11\.  *  *  *  *  .  b  b  b  b  b\11
              a  b  c  d  e  f  g  h  i  j  k  
60ad7 info: Old: [black, i10] [white, swap-pieces] 
60ad7 info: New: [black, i10] [white, swap-pieces] [white, c9] [black, e2] 
60ad7 info: ReuseSubtree: Colors do not alternate.
60ad7 info: No subtree to reuse.
60ad7 info: StartSearch()[0]
60ad7 info: 
Elapsed Time   0.486444s
Count          1
GamesPlayed    1
Nodes          1
Knowledge      0 (0.0%)
Expansions     0.0
Time           0.00
GameLen        107.0 dev=0.0 min=107.0 max=107.0
InTree         0.0 dev=0.0 min=0.0 max=0.0
KnowDepth      -
Aborted        0%
Games/s        3378.4
Score          1.00
Sequence      
60ad7 info: 
60ad7 warning: **** MoHexSearch returned empty sequence!
60ad7 warning: **** Returning random move!
60ad7 info: Best move cannot be determined, must search state.
60ad7 info: --- MoHexPlayer::Search() ---
60ad7 info: Color: white
60ad7 info: MaxGames: 1
60ad7 info: NumberThreads: 1
60ad7 info: MaxNodes: 9090 (799920 bytes)
60ad7 info: TimeForMove: 1
60ad7 info: PreSearch: max time reached (34/74).
60ad7 info: Time for PreSearch: 0.205912s
60ad7 info: 
  77a9aff5a6f08919
  a  b  c  d  e  f  g  h  i  j  k  
 1\.  .  .  b  b  b  b  .  *  *  .\1
  2\.  .  *  .  B  .  *  *  *  *  .\2
   3\.  *  *  *  *  *  *  *  *  *  .\3
    4\.  *  *  *  *  *  B  *  *  *  .\4
     5\.  *  *  *  *  *  *  *  *  *  .\5
      6\.  *  *  *  *  *  *  *  *  *  .\6
       7\.  *  *  *  *  *  *  *  *  *  .\7
        8\.  *  *  *  W  *  *  *  *  .  .\8
         9\.  *  W  *  *  *  *  *  *  .  .\9
         10\.  .  *  *  *  *  *  .  B  b  b\10
          11\.  *  *  *  *  .  b  b  b  b  b\11
              a  b  c  d  e  f  g  h  i  j  k  
60ad7 info: Old: [black, i10] [white, swap-pieces] [white, c9] [black, e2] 
60ad7 info: New: [black, i10] [white, swap-pieces] [white, c9] [black, e2] [white, e8] [black, g4] 
60ad7 info: MovesPlayed: [white, e8] [black, g4] 
60ad7 info: No subtree to reuse.
60ad7 info: StartSearch()[0]
60ad7 info: 
Elapsed Time   0.351607s
Count          1
GamesPlayed    1
Nodes          1
Knowledge      0 (0.0%)
Expansions     0.0
Time           0.00
GameLen        105.0 dev=0.0 min=105.0 max=105.0
InTree         0.0 dev=0.0 min=0.0 max=0.0
KnowDepth      -
Aborted        0%
Games/s        3333.3
Score          0.00
Sequence      
60ad7 info: 
60ad7 warning: **** MoHexSearch returned empty sequence!
60ad7 warning: **** Returning random move!
60ad7 info: Best move cannot be determined, must search state.
60ad7 info: --- MoHexPlayer::Search() ---
60ad7 info: Color: white
60ad7 info: MaxGames: 1
60ad7 info: NumberThreads: 1
60ad7 info: MaxNodes: 9090 (799920 bytes)
60ad7 info: TimeForMove: 1
60ad7 info: PreSearch: max time reached (37/74).
60ad7 info: Time for PreSearch: 0.203868s
60ad7 info: 
  c4b7cc2ff72bfaf5
  a  b  c  d  e  f  g  h  i  j  k  
 1\.  .  .  b  b  b  b  .  *  *  .\1
  2\.  .  *  .  B  .  *  *  *  *  .\2
   3\.  *  *  *  *  *  W  *  *  *  .\3
    4\.  *  *  *  *  *  B  *  *  *  .\4
     5\.  *  *  *  *  *  *  *  *  *  .\5
      6\.  *  *  *  *  *  *  *  *  *  .\6
       7\.  *  *  *  *  *  *  *  *  *  .\7
        8\.  *  *  *  W  *  *  *  *  *  .\8
         9\.  *  W  *  *  *  *  *  *  B  b\9
         10\.  .  *  *  *  *  *  .  B  b  b\10
          11\.  *  *  *  *  .  b  b  b  b  b\11
              a  b  c  d  e  f  g  h  i  j  k  
60ad7 info: Old: [black, i10] [white, swap-pieces] [white, c9] [black, e2] [white, e8] [black, g4] 
60ad7 info: New: [black, i10] [white, swap-pieces] [white, c9] [black, e2] [white, e8] [black, g4] [white, g3] [black, j9] 
60ad7 info: MovesPlayed: [white, g3] [black, j9] 
60ad7 info: No subtree to reuse.
60ad7 info: StartSearch()[0]
60ad7 info: 
Elapsed Time   0.346991s
Count          1
GamesPlayed    1
Nodes          1
Knowledge      0 (0.0%)
Expansions     0.0
Time           0.00
GameLen        102.0 dev=0.0 min=102.0 max=102.0
InTree         0.0 dev=0.0 min=0.0 max=0.0
KnowDepth      -
Aborted        0%
Games/s        2717.4
Score          1.00
Sequence      
60ad7 info: 
60ad7 warning: **** MoHexSearch returned empty sequence!
60ad7 warning: **** Returning random move!
60ad7 info: Best move cannot be determined, must search state.
60ad7 info: --- MoHexPlayer::Search() ---
60ad7 info: Color: white
60ad7 info: MaxGames: 1
60ad7 info: NumberThreads: 1
60ad7 info: MaxNodes: 9090 (799920 bytes)
60ad7 info: TimeForMove: 1
60ad7 info: PreSearch: max time reached (63/70).
60ad7 info: Time for PreSearch: 0.201941s
60ad7 info: 
  cbbda60d23ddc42f
  a  b  c  d  e  f  g  h  i  j  k  
 1\.  .  .  b  b  b  b  .  *  *  .\1
  2\.  .  *  .  B  .  *  *  *  *  .\2
   3\.  .  *  *  *  *  W  *  *  *  .\3
    4\.  *  *  *  *  *  B  *  *  .  w\4
     5\.  *  *  *  *  *  *  *  *  .  w\5
      6\.  *  *  *  *  *  *  *  *  W  w\6
       7\.  *  *  *  *  *  *  *  *  .  w\7
        8\B  *  *  *  W  *  *  *  *  .  w\8
         9\.  *  W  *  *  *  *  *  *  B  b\9
         10\.  .  *  *  *  *  *  .  B  b  b\10
          11\.  *  *  *  *  .  b  b  b  b  b\11
              a  b  c  d  e  f  g  h  i  j  k  
60ad7 info: Old: [black, i10] [white, swap-pieces] [white, c9] [black, e2] [white, e8] [black, g4] [white, g3] [black, j9] 
60ad7 info: New: [black, i10] [white, swap-pieces] [white, c9] [black, e2] [white, e8] [black, g4] [white, g3] [black, j9] [white, j6] [black, a8] 
60ad7 info: MovesPlayed: [white, j6] [black, a8] 
60ad7 info: No subtree to reuse.
60ad7 info: StartSearch()[0]
60ad7 info: 
Elapsed Time   0.376941s
Count          1
GamesPlayed    1
Nodes          1
Knowledge      0 (0.0%)
Expansions     0.0
Time           0.00
GameLen        95.0 dev=0.0 min=95.0 max=95.0
InTree         0.0 dev=0.0 min=0.0 max=0.0
KnowDepth      -
Aborted        0%
Games/s        3496.5
Score          0.00
Sequence      
60ad7 info: 
60ad7 warning: **** MoHexSearch returned empty sequence!
60ad7 warning: **** Returning random move!
60ad7 info: Best move cannot be determined, must search state.
60ad7 info: --- MoHexPlayer::Search() ---
60ad7 info: Color: white
60ad7 info: MaxGames: 1
60ad7 info: NumberThreads: 1
60ad7 info: MaxNodes: 9090 (799920 bytes)
60ad7 info: TimeForMove: 1
60ad7 info: PreSearch: max time reached (54/68).
60ad7 info: Time for PreSearch: 0.20154s
60ad7 info: 
  43a0a79494a7fb51
  a  b  c  d  e  f  g  h  i  j  k  
 1\.  .  .  b  b  b  b  .  *  *  .\1
  2\.  .  *  .  B  .  *  *  *  *  .\2
   3\.  .  *  *  *  *  W  *  *  *  .\3
    4\.  *  *  *  *  *  B  W  *  .  w\4
     5\.  *  *  *  *  *  *  *  *  .  w\5
      6\.  *  *  *  *  *  *  *  *  W  w\6
       7\.  *  *  *  *  *  *  *  *  .  w\7
        8\B  *  *  *  W  *  B  *  *  .  w\8
         9\.  *  W  *  *  *  *  *  *  B  b\9
         10\.  .  *  *  *  *  *  .  B  b  b\10
          11\.  *  *  *  *  .  b  b  b  b  b\11
              a  b  c  d  e  f  g  h  i  j  k  
60ad7 info: Old: [black, i10] [white, swap-pieces] [white, c9] [black, e2] [white, e8] [black, g4] [white, g3] [black, j9] [white, j6] [black, a8] 
60ad7 info: New: [black, i10] [white, swap-pieces] [white, c9] [black, e2] [white, e8] [black, g4] [white, g3] [black, j9] [white, j6] [black, a8] [white, h4] [black, g8] 
60ad7 info: MovesPlayed: [white, h4] [black, g8] 
60ad7 info: No subtree to reuse.
60ad7 info: StartSearch()[0]
60ad7 info: 
Elapsed Time   0.35244s
Count          1
GamesPlayed    1
Nodes          1
Knowledge      0 (0.0%)
Expansions     0.0
Time           0.00
GameLen        93.0 dev=0.0 min=93.0 max=93.0
InTree         0.0 dev=0.0 min=0.0 max=0.0
KnowDepth      -
Aborted        0%
Games/s        3389.8
Score          0.00
Sequence      
60ad7 info: 
60ad7 warning: **** MoHexSearch returned empty sequence!
60ad7 warning: **** Returning random move!
60ad7 info: Winning SC.
60ad7 info: Winning SC.
60ad7 info: Winning SC.
60ad7 info: Winning SC.
60ad7 info: Winning SC.
60ad7 info: Winning SC.
60ad7 info: Winning SC.
60ad7 info: Winning SC.
60ad7 config: ============ BenzeneShutdown =============
60ad7 config: MoHexProgram:: ShutdownSystem()
60ad7 config: CommonProgram:: ShutdownSystem()
60ad7 config: BenzeneProgram:: ShutdownSystem()
Flushing and closing this stream...
