# nice ../build/src/mohex/mohex --config mohex-cg2010.htp --seed 825436 --logfile-name jobs/11x11-mohex-mohex-cg2010-vs-mohex-mohex-weak-3/mohex-mohex-cg2010-24.log
>boardsize 11 11
<= 
<
>name
MoHex 2.0.CMake Mar 21 2025
Copyright (C) 2007-2012 by the authors of the Benzene project.
This program comes with ABSOLUTELY NO WARRANTY. This is
free software and you are welcome to redistribute it under
certain conditions. Type `benzene-license' for details.

SgRandom::SetSeed: 825436
SgUctSearch: system memory 33632358400, using 1000000000 (5681818 nodes)
SgRandom::SetSeed: 1
SgRandom::SetSeed: 825436
7d767 info: Prior Patterns:
7d767 info: Global:
7d767 info: Size            = 565 32648 
7d767 info: TableEntries    = 65932 65910
7d767 info: MirrorsAdded    = 0 0
7d767 info: PrunableCount   = 30593 30629
7d767 info: LargestGamma    = 5820.77
7d767 info: SmallestGamma   = 6.6e-05
7d767 info: Local:
7d767 info: Size            = 550 5318 
7d767 info: TableEntries    = 11602 11588
7d767 info: MirrorsAdded    = 0 0
7d767 info: PrunableCount   = 3659 3667
7d767 info: LargestGamma    = 11281.8
7d767 info: SmallestGamma   = 0.026235
7d767 info: Playout Patterns:
7d767 info: Global:
7d767 info: Size            = 565 32648 
7d767 info: TableEntries    = 70329 70329
7d767 info: MirrorsAdded    = 4397 4419
7d767 info: PrunableCount   = 30593 30629
7d767 info: LargestGamma    = 5820.77
7d767 info: SmallestGamma   = 6.6e-05
7d767 info: Local:
7d767 info: Size            = 550 5318 
7d767 info: TableEntries    = 11602 11588
7d767 info: MirrorsAdded    = 0 0
7d767 info: PrunableCount   = 3659 3667
7d767 info: LargestGamma    = 11281.8
7d767 info: SmallestGamma   = 0.026235
param_game allow_swap 1
= 

param_mohex max_memory 32000000000
= 

param_mohex num_threads 1
= 

param_mohex max_time 1
= 

param_mohex max_games 1
= 

param_mohex knowledge_threshold 400
= 

param_mohex reuse_subtree 1
= 

param_mohex use_parallel_solver 0
= 

<= MoHex
<
>version
<= 2.0.CMake
<
>play b b2
<= 
<
>showboard
<= 
< 
<  b0cb6ee2f6c372da
<  a  b  c  d  e  f  g  h  i  j  k  
< 1\.  .  .  .  .  .  .  .  .  .  .\1
<  2\.  B  .  .  .  .  .  .  .  .  .\2
<   3\.  .  .  .  .  .  .  .  .  .  .\3
<    4\.  .  .  .  .  .  .  .  .  .  .\4
<     5\.  .  .  .  .  .  .  .  .  .  .\5
<      6\.  .  .  .  .  .  .  .  .  .  .\6
<       7\.  .  .  .  .  .  .  .  .  .  .\7
<        8\.  .  .  .  .  .  .  .  .  .  .\8
<         9\.  .  .  .  .  .  .  .  .  .  .\9
<         10\.  .  .  .  .  .  .  .  .  .  .\10
<          11\.  .  .  .  .  .  .  .  .  .  .\11
<              a  b  c  d  e  f  g  h  i  j  k  
<
>play w swap-pieces
<= 
<
>genmove w
<= g11
<
>play b k7
7d767 info: Best move cannot be determined, must search state.
7d767 info: --- MoHexPlayer::Search() ---
7d767 info: Color: white
7d767 info: MaxGames: 1
7d767 info: NumberThreads: 1
7d767 info: MaxNodes: 181818181 (15999999928 bytes)
7d767 info: TimeForMove: 1
7d767 info: PreSearch: max time reached (57/90).
7d767 info: Time for PreSearch: 0.200231s
7d767 info: 
  b0cb6ee2f6c372da
  a  b  c  d  e  f  g  h  i  j  k  
 1\b  b  b  b  .  *  *  *  *  *  .\1
  2\b  B  .  *  *  *  *  *  *  *  .\2
   3\.  *  *  *  *  *  *  *  *  *  .\3
    4\.  *  *  *  *  *  *  *  *  *  .\4
     5\.  *  *  *  *  *  *  *  *  *  .\5
      6\.  *  *  *  *  *  *  *  *  *  .\6
       7\.  *  *  *  *  *  *  *  *  *  .\7
        8\.  *  *  *  *  *  *  *  *  *  .\8
         9\.  *  *  *  *  *  *  *  *  *  .\9
         10\.  *  *  *  *  *  *  *  *  .  .\10
          11\.  *  *  *  *  *  *  *  .  .  .\11
              a  b  c  d  e  f  g  h  i  j  k  
7d767 info: No subtree to reuse.
7d767 info: Creating thread 0
7d767 info: StartSearch()[0]
SgUctSearch: max games reached
7d767 info: 
Elapsed Time   0.498311s
Count          1
GamesPlayed    1
Nodes          1
Knowledge      0 (0.0%)
Expansions     0.0
Time           0.00
GameLen        115.0 dev=0.0 min=115.0 max=115.0
InTree         0.0 dev=0.0 min=0.0 max=0.0
KnowDepth      -
Aborted        0%
Games/s        415.3
Score          0.00
Sequence      
7d767 info: 
7d767 warning: **** MoHexSearch returned empty sequence!
7d767 warning: **** Returning random move!
<= 
<
>genmove w
<= i1
<
>play b b5
7d767 info: Best move cannot be determined, must search state.
7d767 info: --- MoHexPlayer::Search() ---
7d767 info: Color: white
7d767 info: MaxGames: 1
7d767 info: NumberThreads: 1
7d767 info: MaxNodes: 181818181 (15999999928 bytes)
7d767 info: TimeForMove: 1
7d767 info: PreSearch: max time reached (67/89).
7d767 info: Time for PreSearch: 0.202517s
7d767 info: 
  2ddf9ae8277f25f7
  a  b  c  d  e  f  g  h  i  j  k  
 1\b  b  b  b  .  *  *  *  *  *  .\1
  2\b  B  .  *  *  *  *  *  *  *  .\2
   3\.  *  *  *  *  *  *  *  *  *  .\3
    4\.  *  *  *  *  *  *  *  *  *  .\4
     5\.  *  *  *  *  *  *  *  *  *  .\5
      6\.  *  *  *  *  *  *  *  *  *  .\6
       7\.  *  *  *  *  *  *  *  *  *  B\7
        8\.  *  *  *  *  *  *  *  *  *  .\8
         9\.  *  *  *  *  *  *  *  *  *  .\9
         10\.  *  *  *  *  *  *  *  *  .  .\10
          11\.  *  *  *  *  *  W  *  .  .  .\11
              a  b  c  d  e  f  g  h  i  j  k  
7d767 info: Old: [black, b2] [white, swap-pieces] 
7d767 info: New: [black, b2] [white, swap-pieces] [white, g11] [black, k7] 
7d767 info: ReuseSubtree: Colors do not alternate.
7d767 info: No subtree to reuse.
7d767 info: StartSearch()[0]
SgUctSearch: max games reached
7d767 info: 
Elapsed Time   0.346413s
Count          1
GamesPlayed    1
Nodes          1
Knowledge      0 (0.0%)
Expansions     0.0
Time           0.00
GameLen        113.0 dev=0.0 min=113.0 max=113.0
InTree         0.0 dev=0.0 min=0.0 max=0.0
KnowDepth      -
Aborted        0%
Games/s        3012.0
Score          1.00
Sequence      
7d767 info: 
7d767 warning: **** MoHexSearch returned empty sequence!
7d767 warning: **** Returning random move!
<= 
<
>genmove w
<= d6
<
>play b h6
7d767 info: Best move cannot be determined, must search state.
7d767 info: --- MoHexPlayer::Search() ---
7d767 info: Color: white
7d767 info: MaxGames: 1
7d767 info: NumberThreads: 1
7d767 info: MaxNodes: 181818181 (15999999928 bytes)
7d767 info: TimeForMove: 1
7d767 info: PreSearch: max time reached (77/87).
7d767 info: Time for PreSearch: 0.200461s
7d767 info: 
  ea594577632363ac
  a  b  c  d  e  f  g  h  i  j  k  
 1\b  b  b  b  .  *  *  *  W  *  .\1
  2\b  B  .  *  *  *  *  *  *  *  .\2
   3\.  *  *  *  *  *  *  *  *  *  .\3
    4\.  *  *  *  *  *  *  *  *  *  .\4
     5\.  B  *  *  *  *  *  *  *  *  .\5
      6\.  *  *  *  *  *  *  *  *  *  .\6
       7\.  *  *  *  *  *  *  *  *  *  B\7
        8\.  *  *  *  *  *  *  *  *  *  .\8
         9\.  *  *  *  *  *  *  *  *  *  .\9
         10\.  *  *  *  *  *  *  *  *  .  .\10
          11\.  *  *  *  *  *  W  *  .  .  .\11
              a  b  c  d  e  f  g  h  i  j  k  
7d767 info: Old: [black, b2] [white, swap-pieces] [white, g11] [black, k7] 
7d767 info: New: [black, b2] [white, swap-pieces] [white, g11] [black, k7] [white, i1] [black, b5] 
7d767 info: MovesPlayed: [white, i1] [black, b5] 
7d767 info: No subtree to reuse.
7d767 info: StartSearch()[0]
SgUctSearch: max games reached
7d767 info: 
Elapsed Time   0.35156s
Count          1
GamesPlayed    1
Nodes          1
Knowledge      0 (0.0%)
Expansions     0.0
Time           0.00
GameLen        111.0 dev=0.0 min=111.0 max=111.0
InTree         0.0 dev=0.0 min=0.0 max=0.0
KnowDepth      -
Aborted        0%
Games/s        3378.4
Score          1.00
Sequence      
7d767 info: 
7d767 warning: **** MoHexSearch returned empty sequence!
7d767 warning: **** Returning random move!
<= 
<
>genmove w
<= j11
<
>play b i3
7d767 info: Best move cannot be determined, must search state.
7d767 info: --- MoHexPlayer::Search() ---
7d767 info: Color: white
7d767 info: MaxGames: 1
7d767 info: NumberThreads: 1
7d767 info: MaxNodes: 181818181 (15999999928 bytes)
7d767 info: TimeForMove: 1
7d767 info: PreSearch: max time reached (67/85).
7d767 info: Time for PreSearch: 0.201627s
7d767 info: 
  49772c646d4898ff
  a  b  c  d  e  f  g  h  i  j  k  
 1\b  b  b  b  .  *  *  *  W  *  .\1
  2\b  B  .  *  *  *  *  *  *  *  .\2
   3\.  *  *  *  *  *  *  *  *  *  .\3
    4\.  *  *  *  *  *  *  *  *  *  .\4
     5\.  B  *  *  *  *  *  *  *  *  .\5
      6\.  *  *  W  *  *  *  B  *  *  .\6
       7\.  *  *  *  *  *  *  *  *  *  B\7
        8\.  *  *  *  *  *  *  *  *  *  .\8
         9\.  *  *  *  *  *  *  *  *  *  .\9
         10\.  *  *  *  *  *  *  *  *  .  .\10
          11\.  *  *  *  *  *  W  *  .  .  .\11
              a  b  c  d  e  f  g  h  i  j  k  
7d767 info: Old: [black, b2] [white, swap-pieces] [white, g11] [black, k7] [white, i1] [black, b5] 
7d767 info: New: [black, b2] [white, swap-pieces] [white, g11] [black, k7] [white, i1] [black, b5] [white, d6] [black, h6] 
7d767 info: MovesPlayed: [white, d6] [black, h6] 
7d767 info: No subtree to reuse.
7d767 info: StartSearch()[0]
SgUctSearch: max games reached
7d767 info: 
Elapsed Time   0.343997s
Count          1
GamesPlayed    1
Nodes          1
Knowledge      0 (0.0%)
Expansions     0.0
Time           0.00
GameLen        109.0 dev=0.0 min=109.0 max=109.0
InTree         0.0 dev=0.0 min=0.0 max=0.0
KnowDepth      -
Aborted        0%
Games/s        3436.4
Score          1.00
Sequence      
7d767 info: 
7d767 warning: **** MoHexSearch returned empty sequence!
7d767 warning: **** Returning random move!
<= 
<
>genmove w
<= h9
<
>play b j6
7d767 info: Best move cannot be determined, must search state.
7d767 info: --- MoHexPlayer::Search() ---
7d767 info: Color: white
7d767 info: MaxGames: 1
7d767 info: NumberThreads: 1
7d767 info: MaxNodes: 181818181 (15999999928 bytes)
7d767 info: TimeForMove: 1
7d767 info: PreSearch: max time reached (73/83).
7d767 info: Time for PreSearch: 0.200393s
7d767 info: 
  4b3c59a90fba86e7
  a  b  c  d  e  f  g  h  i  j  k  
 1\b  b  b  b  .  *  *  *  W  *  .\1
  2\b  B  .  *  *  *  *  *  *  *  .\2
   3\.  *  *  *  *  *  *  *  B  .  .\3
    4\.  *  *  *  *  *  *  *  *  *  .\4
     5\.  B  *  *  *  *  *  *  *  *  .\5
      6\.  *  *  W  *  *  *  B  *  *  .\6
       7\.  *  *  *  *  *  *  *  *  *  B\7
        8\.  *  *  *  *  *  *  *  *  *  .\8
         9\.  *  *  *  *  *  *  *  *  .  w\9
         10\.  *  *  *  *  *  *  *  *  .  w\10
          11\.  *  *  *  *  *  W  *  .  W  w\11
              a  b  c  d  e  f  g  h  i  j  k  
7d767 info: Old: [black, b2] [white, swap-pieces] [white, g11] [black, k7] [white, i1] [black, b5] [white, d6] [black, h6] 
7d767 info: New: [black, b2] [white, swap-pieces] [white, g11] [black, k7] [white, i1] [black, b5] [white, d6] [black, h6] [white, j11] [black, i3] 
7d767 info: MovesPlayed: [white, j11] [black, i3] 
7d767 info: No subtree to reuse.
7d767 info: StartSearch()[0]
SgUctSearch: max games reached
7d767 info: 
Elapsed Time   0.3436s
Count          1
GamesPlayed    1
Nodes          1
Knowledge      0 (0.0%)
Expansions     0.0
Time           0.00
GameLen        104.0 dev=0.0 min=104.0 max=104.0
InTree         0.0 dev=0.0 min=0.0 max=0.0
KnowDepth      -
Aborted        0%
Games/s        3086.4
Score          1.00
Sequence      
7d767 info: 
7d767 warning: **** MoHexSearch returned empty sequence!
7d767 warning: **** Returning random move!
<= 
<
>genmove w
<= c7
<
>play b f3
7d767 info: Best move cannot be determined, must search state.
7d767 info: --- MoHexPlayer::Search() ---
7d767 info: Color: white
7d767 info: MaxGames: 1
7d767 info: NumberThreads: 1
7d767 info: MaxNodes: 181818181 (15999999928 bytes)
7d767 info: TimeForMove: 1
7d767 info: PreSearch: max time reached (70/81).
7d767 info: Time for PreSearch: 0.202389s
7d767 info: 
  0e312fe6b62ae89d
  a  b  c  d  e  f  g  h  i  j  k  
 1\b  b  b  b  .  *  *  *  W  *  .\1
  2\b  B  .  *  *  *  *  *  *  *  .\2
   3\.  *  *  *  *  *  *  *  B  .  .\3
    4\.  *  *  *  *  *  *  *  *  *  .\4
     5\.  B  *  *  *  *  *  *  *  *  .\5
      6\.  *  *  W  *  *  *  B  *  B  .\6
       7\.  *  *  *  *  *  *  *  *  *  B\7
        8\.  *  *  *  *  *  *  *  *  *  .\8
         9\.  *  *  *  *  *  *  W  *  .  w\9
         10\.  *  *  *  *  *  *  *  *  .  w\10
          11\.  *  *  *  *  *  W  *  .  W  w\11
              a  b  c  d  e  f  g  h  i  j  k  
7d767 info: Old: [black, b2] [white, swap-pieces] [white, g11] [black, k7] [white, i1] [black, b5] [white, d6] [black, h6] [white, j11] [black, i3] 
7d767 info: New: [black, b2] [white, swap-pieces] [white, g11] [black, k7] [white, i1] [black, b5] [white, d6] [black, h6] [white, j11] [black, i3] [white, h9] [black, j6] 
7d767 info: MovesPlayed: [white, h9] [black, j6] 
7d767 info: No subtree to reuse.
7d767 info: StartSearch()[0]
SgUctSearch: max games reached
7d767 info: 
Elapsed Time   0.365495s
Count          1
GamesPlayed    1
Nodes          1
Knowledge      0 (0.0%)
Expansions     0.0
Time           0.00
GameLen        102.0 dev=0.0 min=102.0 max=102.0
InTree         0.0 dev=0.0 min=0.0 max=0.0
KnowDepth      -
Aborted        0%
Games/s        3436.4
Score          1.00
Sequence      
7d767 info: 
7d767 warning: **** MoHexSearch returned empty sequence!
7d767 warning: **** Returning random move!
<= 
<
>genmove w
<= b3
<
>play b i5
7d767 info: Best move cannot be determined, must search state.
7d767 info: --- MoHexPlayer::Search() ---
7d767 info: Color: white
7d767 info: MaxGames: 1
7d767 info: NumberThreads: 1
7d767 info: MaxNodes: 181818181 (15999999928 bytes)
7d767 info: TimeForMove: 1
7d767 info: PreSearch: max time reached (63/78).
7d767 info: Time for PreSearch: 0.202361s
7d767 info: 
  05f6069fa01882c3
  a  b  c  d  e  f  g  h  i  j  k  
 1\b  b  b  b  .  *  *  *  W  *  .\1
  2\b  B  .  *  *  *  *  *  *  *  .\2
   3\.  *  *  *  *  B  *  *  B  .  .\3
    4\.  *  *  *  *  *  *  *  *  *  .\4
     5\.  B  *  *  *  *  *  *  *  *  .\5
      6\.  .  .  W  *  *  *  B  *  B  .\6
       7\.  .  W  *  *  *  *  *  *  *  B\7
        8\.  .  *  *  *  *  *  *  *  *  .\8
         9\.  *  *  *  *  *  *  W  *  .  w\9
         10\.  *  *  *  *  *  *  *  *  .  w\10
          11\.  *  *  *  *  *  W  *  .  W  w\11
              a  b  c  d  e  f  g  h  i  j  k  
7d767 info: Old: [black, b2] [white, swap-pieces] [white, g11] [black, k7] [white, i1] [black, b5] [white, d6] [black, h6] [white, j11] [black, i3] [white, h9] [black, j6] 
7d767 info: New: [black, b2] [white, swap-pieces] [white, g11] [black, k7] [white, i1] [black, b5] [white, d6] [black, h6] [white, j11] [black, i3] [white, h9] [black, j6] [white, c7] [black, f3] 
7d767 info: MovesPlayed: [white, c7] [black, f3] 
7d767 info: No subtree to reuse.
7d767 info: StartSearch()[0]
SgUctSearch: max games reached
7d767 info: 
Elapsed Time   0.348413s
Count          1
GamesPlayed    1
Nodes          1
Knowledge      0 (0.0%)
Expansions     0.0
Time           0.00
GameLen        100.0 dev=0.0 min=100.0 max=100.0
InTree         0.0 dev=0.0 min=0.0 max=0.0
KnowDepth      -
Aborted        0%
Games/s        3816.8
Score          0.00
Sequence      
7d767 info: 
7d767 warning: **** MoHexSearch returned empty sequence!
7d767 warning: **** Returning random move!
<= 
<
>genmove w
<= f2
<
>play b b11
7d767 info: Best move cannot be determined, must search state.
7d767 info: --- MoHexPlayer::Search() ---
7d767 info: Color: white
7d767 info: MaxGames: 1
7d767 info: NumberThreads: 1
7d767 info: MaxNodes: 181818181 (15999999928 bytes)
7d767 info: TimeForMove: 1
7d767 info: PreSearch: max time reached (61/74).
7d767 info: Time for PreSearch: 0.201409s
7d767 info: 
  801f719e9ce2932b
  a  b  c  d  e  f  g  h  i  j  k  
 1\b  b  b  b  .  *  *  *  W  *  .\1
  2\b  B  .  *  *  *  *  *  *  *  .\2
   3\w  W  *  *  *  B  *  *  B  .  .\3
    4\w  .  *  *  *  *  *  *  *  .  .\4
     5\b  B  *  *  *  *  *  *  B  *  .\5
      6\.  .  .  W  *  *  *  B  .  B  .\6
       7\.  .  W  *  *  *  *  *  *  *  B\7
        8\.  .  *  *  *  *  *  *  *  *  .\8
         9\.  *  *  *  *  *  *  W  *  .  w\9
         10\.  *  *  *  *  *  *  *  *  .  w\10
          11\.  *  *  *  *  *  W  *  .  W  w\11
              a  b  c  d  e  f  g  h  i  j  k  
7d767 info: Old: [black, b2] [white, swap-pieces] [white, g11] [black, k7] [white, i1] [black, b5] [white, d6] [black, h6] [white, j11] [black, i3] [white, h9] [black, j6] [white, c7] [black, f3] 
7d767 info: New: [black, b2] [white, swap-pieces] [white, g11] [black, k7] [white, i1] [black, b5] [white, d6] [black, h6] [white, j11] [black, i3] [white, h9] [black, j6] [white, c7] [black, f3] [white, b3] [black, i5] 
7d767 info: MovesPlayed: [white, b3] [black, i5] 
7d767 info: No subtree to reuse.
7d767 info: StartSearch()[0]
SgUctSearch: max games reached
7d767 info: 
Elapsed Time   0.34298s
Count          1
GamesPlayed    1
Nodes          1
Knowledge      0 (0.0%)
Expansions     0.0
Time           0.00
GameLen        95.0 dev=0.0 min=95.0 max=95.0
InTree         0.0 dev=0.0 min=0.0 max=0.0
KnowDepth      -
Aborted        0%
Games/s        3690.0
Score          0.00
Sequence      
7d767 info: 
7d767 warning: **** MoHexSearch returned empty sequence!
7d767 warning: **** Returning random move!
<= 
<
>genmove w
<= j7
<
>play b g2
7d767 info: Best move cannot be determined, must search state.
7d767 info: --- MoHexPlayer::Search() ---
7d767 info: Color: white
7d767 info: MaxGames: 1
7d767 info: NumberThreads: 1
7d767 info: MaxNodes: 181818181 (15999999928 bytes)
7d767 info: TimeForMove: 1
7d767 info: PreSearch: max time reached (65/69).
7d767 info: Time for PreSearch: 0.202606s
7d767 info: 
  750aca273015445f
  a  b  c  d  e  f  g  h  i  j  k  
 1\b  b  b  b  b  b  .  *  W  *  .\1
  2\b  B  .  *  *  W  *  *  *  *  .\2
   3\w  W  *  *  *  B  *  *  B  .  .\3
    4\w  .  *  *  *  *  *  *  *  .  .\4
     5\b  B  *  *  *  *  *  *  B  *  .\5
      6\.  .  .  W  *  *  *  B  .  B  .\6
       7\.  .  W  *  *  *  *  *  *  *  B\7
        8\.  .  *  *  *  *  *  *  *  *  .\8
         9\.  *  *  *  *  *  *  W  *  .  w\9
         10\.  *  *  *  *  *  *  *  *  .  w\10
          11\.  B  .  *  *  *  W  *  .  W  w\11
              a  b  c  d  e  f  g  h  i  j  k  
7d767 info: Old: [black, b2] [white, swap-pieces] [white, g11] [black, k7] [white, i1] [black, b5] [white, d6] [black, h6] [white, j11] [black, i3] [white, h9] [black, j6] [white, c7] [black, f3] [white, b3] [black, i5] 
7d767 info: New: [black, b2] [white, swap-pieces] [white, g11] [black, k7] [white, i1] [black, b5] [white, d6] [black, h6] [white, j11] [black, i3] [white, h9] [black, j6] [white, c7] [black, f3] [white, b3] [black, i5] [white, f2] [black, b11] 
7d767 info: MovesPlayed: [white, f2] [black, b11] 
7d767 info: No subtree to reuse.
7d767 info: StartSearch()[0]
SgUctSearch: max games reached
7d767 info: 
Elapsed Time   0.347207s
Count          1
GamesPlayed    1
Nodes          1
Knowledge      0 (0.0%)
Expansions     0.0
Time           0.00
GameLen        91.0 dev=0.0 min=91.0 max=91.0
InTree         0.0 dev=0.0 min=0.0 max=0.0
KnowDepth      -
Aborted        0%
Games/s        3205.1
Score          1.00
Sequence      
7d767 info: 
7d767 warning: **** MoHexSearch returned empty sequence!
7d767 warning: **** Returning random move!
<= 
<
>genmove w
<= j2
<
>play b a10
7d767 info: Best move cannot be determined, must search state.
7d767 info: --- MoHexPlayer::Search() ---
7d767 info: Color: white
7d767 info: MaxGames: 1
7d767 info: NumberThreads: 1
7d767 info: MaxNodes: 181818181 (15999999928 bytes)
7d767 info: TimeForMove: 1
7d767 info: Time for PreSearch: 0.194729s
7d767 info: 
  ab141ef6c9e1b818
  a  b  c  d  e  f  g  h  i  j  k  
 1\b  b  b  b  b  b  b  b  W  *  .\1
  2\b  B  .  *  .  W  B  *  *  *  .\2
   3\w  W  *  *  *  B  *  *  B  .  .\3
    4\w  .  *  *  *  *  *  *  *  .  .\4
     5\b  B  *  *  *  *  *  *  B  *  .\5
      6\.  .  .  W  *  *  *  B  .  B  .\6
       7\.  .  W  *  *  *  *  *  *  W  B\7
        8\.  .  *  *  *  *  *  *  .  *  .\8
         9\.  *  *  *  *  *  *  W  .  .  w\9
         10\.  *  *  *  *  *  *  .  .  .  w\10
          11\.  B  .  *  *  *  W  .  .  W  w\11
              a  b  c  d  e  f  g  h  i  j  k  
7d767 info: Old: [black, b2] [white, swap-pieces] [white, g11] [black, k7] [white, i1] [black, b5] [white, d6] [black, h6] [white, j11] [black, i3] [white, h9] [black, j6] [white, c7] [black, f3] [white, b3] [black, i5] [white, f2] [black, b11] 
7d767 info: New: [black, b2] [white, swap-pieces] [white, g11] [black, k7] [white, i1] [black, b5] [white, d6] [black, h6] [white, j11] [black, i3] [white, h9] [black, j6] [white, c7] [black, f3] [white, b3] [black, i5] [white, f2] [black, b11] [white, j7] [black, g2] 
7d767 info: MovesPlayed: [white, j7] [black, g2] 
7d767 info: No subtree to reuse.
7d767 info: StartSearch()[0]
SgUctSearch: max games reached
7d767 info: 
Elapsed Time   0.336433s
Count          1
GamesPlayed    1
Nodes          1
Knowledge      0 (0.0%)
Expansions     0.0
Time           0.00
GameLen        87.0 dev=0.0 min=87.0 max=87.0
InTree         0.0 dev=0.0 min=0.0 max=0.0
KnowDepth      -
Aborted        0%
Games/s        3533.6
Score          1.00
Sequence      
7d767 info: 
7d767 warning: **** MoHexSearch returned empty sequence!
7d767 warning: **** Returning random move!
<= 
<
>genmove w
<= f9
<
>play b e3
7d767 info: Best move cannot be determined, must search state.
7d767 info: --- MoHexPlayer::Search() ---
7d767 info: Color: white
7d767 info: MaxGames: 1
7d767 info: NumberThreads: 1
7d767 info: MaxNodes: 181818181 (15999999928 bytes)
7d767 info: TimeForMove: 1
7d767 info: Time for PreSearch: 0.142896s
7d767 info: 
  e4f9c27de87c4448
  a  b  c  d  e  f  g  h  i  j  k  
 1\b  b  b  b  b  b  b  b  W  .  w\1
  2\b  B  .  *  .  W  B  *  .  W  w\2
   3\w  W  *  *  *  B  *  *  B  w  w\3
    4\w  .  *  *  *  *  *  *  *  w  w\4
     5\b  B  *  *  *  *  *  *  B  b  w\5
      6\.  *  .  W  *  *  *  B  b  B  .\6
       7\.  .  W  *  *  *  *  *  .  W  B\7
        8\.  .  *  *  *  *  *  *  .  *  .\8
         9\.  *  *  *  *  *  *  W  .  .  w\9
         10\B  *  *  *  *  *  *  .  .  .  w\10
          11\.  B  .  *  *  *  W  .  .  W  w\11
              a  b  c  d  e  f  g  h  i  j  k  
7d767 info: Old: [black, b2] [white, swap-pieces] [white, g11] [black, k7] [white, i1] [black, b5] [white, d6] [black, h6] [white, j11] [black, i3] [white, h9] [black, j6] [white, c7] [black, f3] [white, b3] [black, i5] [white, f2] [black, b11] [white, j7] [black, g2] 
7d767 info: New: [black, b2] [white, swap-pieces] [white, g11] [black, k7] [white, i1] [black, b5] [white, d6] [black, h6] [white, j11] [black, i3] [white, h9] [black, j6] [white, c7] [black, f3] [white, b3] [black, i5] [white, f2] [black, b11] [white, j7] [black, g2] [white, j2] [black, a10] 
7d767 info: MovesPlayed: [white, j2] [black, a10] 
7d767 info: No subtree to reuse.
7d767 info: StartSearch()[0]
SgUctSearch: max games reached
7d767 info: 
Elapsed Time   0.2857s
Count          1
GamesPlayed    1
Nodes          1
Knowledge      0 (0.0%)
Expansions     0.0
Time           0.00
GameLen        76.0 dev=0.0 min=76.0 max=76.0
InTree         0.0 dev=0.0 min=0.0 max=0.0
KnowDepth      -
Aborted        0%
Games/s        4032.3
Score          0.00
Sequence      
7d767 info: 
7d767 warning: **** MoHexSearch returned empty sequence!
7d767 warning: **** Returning random move!
<= 
<
>genmove w
<= f4
<
>play b k6
7d767 info: Best move cannot be determined, must search state.
7d767 info: --- MoHexPlayer::Search() ---
7d767 info: Color: white
7d767 info: MaxGames: 1
7d767 info: NumberThreads: 1
7d767 info: MaxNodes: 181818181 (15999999928 bytes)
7d767 info: TimeForMove: 1
7d767 info: Time for PreSearch: 0.160629s
7d767 info: 
  53e0d7a4d5029f93
  a  b  c  d  e  f  g  h  i  j  k  
 1\b  b  b  b  b  b  b  b  W  .  w\1
  2\b  B  b  b  b  W  B  *  .  W  w\2
   3\w  W  .  .  B  B  *  *  B  w  w\3
    4\w  .  *  *  *  *  *  *  *  w  w\4
     5\b  B  *  *  *  *  *  *  B  b  w\5
      6\.  *  .  W  *  *  *  B  b  B  .\6
       7\.  .  W  *  *  *  *  *  .  W  B\7
        8\.  .  *  *  *  *  *  *  .  *  .\8
         9\.  *  *  *  *  W  *  W  .  .  w\9
         10\B  *  *  *  *  *  *  .  .  .  w\10
          11\.  B  .  *  *  *  W  .  .  W  w\11
              a  b  c  d  e  f  g  h  i  j  k  
7d767 info: Old: [black, b2] [white, swap-pieces] [white, g11] [black, k7] [white, i1] [black, b5] [white, d6] [black, h6] [white, j11] [black, i3] [white, h9] [black, j6] [white, c7] [black, f3] [white, b3] [black, i5] [white, f2] [black, b11] [white, j7] [black, g2] [white, j2] [black, a10] 
7d767 info: New: [black, b2] [white, swap-pieces] [white, g11] [black, k7] [white, i1] [black, b5] [white, d6] [black, h6] [white, j11] [black, i3] [white, h9] [black, j6] [white, c7] [black, f3] [white, b3] [black, i5] [white, f2] [black, b11] [white, j7] [black, g2] [white, j2] [black, a10] [white, f9] [black, e3] 
7d767 info: MovesPlayed: [white, f9] [black, e3] 
7d767 info: No subtree to reuse.
7d767 info: StartSearch()[0]
SgUctSearch: max games reached
7d767 info: 
Elapsed Time   0.497003s
Count          1
GamesPlayed    1
Nodes          1
Knowledge      0 (0.0%)
Expansions     0.0
Time           0.00
GameLen        71.0 dev=0.0 min=71.0 max=71.0
InTree         0.0 dev=0.0 min=0.0 max=0.0
KnowDepth      -
Aborted        0%
Games/s        3876.0
Score          0.00
Sequence      
7d767 info: 
7d767 warning: **** MoHexSearch returned empty sequence!
7d767 warning: **** Returning random move!
<= 
<
>genmove w
<= d9
<
>play b h5
7d767 info: Best move cannot be determined, must search state.
7d767 info: --- MoHexPlayer::Search() ---
7d767 info: Color: white
7d767 info: MaxGames: 1
7d767 info: NumberThreads: 1
7d767 info: MaxNodes: 181818181 (15999999928 bytes)
7d767 info: TimeForMove: 1
7d767 info: Time for PreSearch: 0.14485s
7d767 info: 
  190f07226e46aa85
  a  b  c  d  e  f  g  h  i  j  k  
 1\b  b  b  b  b  b  b  b  W  .  w\1
  2\b  B  b  b  b  W  B  *  .  W  w\2
   3\w  W  .  .  B  B  *  *  B  w  w\3
    4\w  .  *  *  .  W  *  *  *  w  w\4
     5\b  B  *  *  .  *  *  *  B  b  w\5
      6\.  *  .  W  *  *  *  B  b  B  B\6
       7\.  .  W  *  *  *  *  *  .  W  B\7
        8\.  .  *  *  *  *  *  *  .  *  .\8
         9\.  *  *  *  *  W  *  W  *  .  w\9
         10\B  *  *  *  *  *  *  *  *  .  w\10
          11\.  B  .  *  *  *  W  *  .  W  w\11
              a  b  c  d  e  f  g  h  i  j  k  
7d767 info: Old: [black, b2] [white, swap-pieces] [white, g11] [black, k7] [white, i1] [black, b5] [white, d6] [black, h6] [white, j11] [black, i3] [white, h9] [black, j6] [white, c7] [black, f3] [white, b3] [black, i5] [white, f2] [black, b11] [white, j7] [black, g2] [white, j2] [black, a10] [white, f9] [black, e3] 
7d767 info: New: [black, b2] [white, swap-pieces] [white, g11] [black, k7] [white, i1] [black, b5] [white, d6] [black, h6] [white, j11] [black, i3] [white, h9] [black, j6] [white, c7] [black, f3] [white, b3] [black, i5] [white, f2] [black, b11] [white, j7] [black, g2] [white, j2] [black, a10] [white, f9] [black, e3] [white, f4] [black, k6] 
7d767 info: MovesPlayed: [white, f4] [black, k6] 
7d767 info: No subtree to reuse.
7d767 info: StartSearch()[0]
SgUctSearch: max games reached
7d767 info: 
Elapsed Time   0.292489s
Count          1
GamesPlayed    1
Nodes          1
Knowledge      0 (0.0%)
Expansions     0.0
Time           0.00
GameLen        69.0 dev=0.0 min=69.0 max=69.0
InTree         0.0 dev=0.0 min=0.0 max=0.0
KnowDepth      -
Aborted        0%
Games/s        3921.6
Score          0.00
Sequence      
7d767 info: 
7d767 warning: **** MoHexSearch returned empty sequence!
7d767 warning: **** Returning random move!
<= 
<
>genmove w
<= e10
<
>play b j9
7d767 info: Winning SC.
<= 
<
>genmove w
<= i10
<
>play b h10
7d767 info: Winning SC.
<= 
<
>genmove w
<= g8
<
>play b i9
7d767 info: Winning SC.
<= 
<
>genmove w
<= h11
<
>play b b8
7d767 info: Winning SC.
<= 
<
>genmove w
<= b7
<
>play b d7
7d767 info: Winning SC.
<= 
<
>genmove w
<= c8
<
>play b d8
7d767 info: Winning SC.
<= 
<
>genmove w
<= c9
<
>play b j10
7d767 info: Winning SC.
<= 
<
>genmove w
<= i11
<
>play b k10
7d767 info: Winning SC.
<= 
<
>genmove w
<= k11
<
>play b g10
7d767 info: Winning SC.
<= 
<
>genmove w
<= f11
<
>play b f10
7d767 info: Winning SC.
<= 
<
>genmove w
<= e11
<
>play b e9
7d767 info: Winning SC.
<= 
<
>genmove w
<= d10
<
>play b a7
7d767 info: Winning SC.
<= 
<
>genmove w
<= a8
<
>play b resign
7d767 info: Winning SC.
<= 
<
>final_score
<= W+
<
>quit
<= 
<
