01b57 config: MoHex v2.0.CMake Mar 21 2025.
01b57 config: ============ InitializeSystem ============
01b57 config: BenzeneProgram::InitRandom()
01b57 config: Seed = 160617
01b57 info: Prior Patterns:
01b57 info: Global:
01b57 info: Size            = 565 32648 
01b57 info: TableEntries    = 65932 65910
01b57 info: MirrorsAdded    = 0 0
01b57 info: PrunableCount   = 30593 30629
01b57 info: LargestGamma    = 5820.77
01b57 info: SmallestGamma   = 6.6e-05
01b57 info: Local:
01b57 info: Size            = 550 5318 
01b57 info: TableEntries    = 11602 11588
01b57 info: MirrorsAdded    = 0 0
01b57 info: PrunableCount   = 3659 3667
01b57 info: LargestGamma    = 11281.8
01b57 info: SmallestGamma   = 0.026235
01b57 info: Playout Patterns:
01b57 info: Global:
01b57 info: Size            = 565 32648 
01b57 info: TableEntries    = 70329 70329
01b57 info: MirrorsAdded    = 4397 4419
01b57 info: PrunableCount   = 30593 30629
01b57 info: LargestGamma    = 5820.77
01b57 info: SmallestGamma   = 6.6e-05
01b57 info: Local:
01b57 info: Size            = 550 5318 
01b57 info: TableEntries    = 11602 11588
01b57 info: MirrorsAdded    = 0 0
01b57 info: PrunableCount   = 3659 3667
01b57 info: LargestGamma    = 11281.8
01b57 info: SmallestGamma   = 0.026235
01b57 config: IcePatternSet: reading from '/home/linus/MoHex2.0/nfbranchfix/benzene-vanilla-cmake/share/ice-patterns.txt'.
01b57 config: IcePatternSet: parsed 708 patterns.
01b57 config: VCS: reading captured set patterns from '/home/linus/MoHex2.0/nfbranchfix/benzene-vanilla-cmake/share/vc-captured-set.txt'.
01b57 config: VCS:: parsed 2 patterns.
01b57 config: VCS: reading captured set patterns from '/home/linus/MoHex2.0/nfbranchfix/benzene-vanilla-cmake/share/vc-captured-set.txt'.
01b57 config: VCS:: parsed 2 patterns.
01b57 config: IcePatternSet: reading from '/home/linus/MoHex2.0/nfbranchfix/benzene-vanilla-cmake/share/ice-patterns.txt'.
01b57 config: IcePatternSet: parsed 708 patterns.
01b57 config: VCS: reading captured set patterns from '/home/linus/MoHex2.0/nfbranchfix/benzene-vanilla-cmake/share/vc-captured-set.txt'.
01b57 config: VCS:: parsed 2 patterns.
01b57 config: VCS: reading captured set patterns from '/home/linus/MoHex2.0/nfbranchfix/benzene-vanilla-cmake/share/vc-captured-set.txt'.
01b57 config: VCS:: parsed 2 patterns.
01b57 config: VCS: reading captured set patterns from '/home/linus/MoHex2.0/nfbranchfix/benzene-vanilla-cmake/share/vc-captured-set.txt'.
01b57 config: VCS:: parsed 2 patterns.
01b57 config: VCS: reading captured set patterns from '/home/linus/MoHex2.0/nfbranchfix/benzene-vanilla-cmake/share/vc-captured-set.txt'.
01b57 config: VCS:: parsed 2 patterns.
01b57 config: VCS: reading captured set patterns from '/home/linus/MoHex2.0/nfbranchfix/benzene-vanilla-cmake/share/vc-captured-set.txt'.
01b57 config: VCS:: parsed 2 patterns.
01b57 config: VCS: reading captured set patterns from '/home/linus/MoHex2.0/nfbranchfix/benzene-vanilla-cmake/share/vc-captured-set.txt'.
01b57 config: VCS:: parsed 2 patterns.
01b57 info: SwapCheck: reading from '/home/linus/MoHex2.0/nfbranchfix/benzene-vanilla-cmake/share/swap-moves.txt'.
01b57 info: SwapCheck: playing swap.
01b57 config: VCPattern: loading pattern templates from '/home/linus/MoHex2.0/nfbranchfix/benzene-vanilla-cmake/share/vc-patterns.txt'.
01b57 info: Best move cannot be determined, must search state.
01b57 info: --- MoHexPlayer::Search() ---
01b57 info: Color: black
01b57 info: MaxGames: 1
01b57 info: NumberThreads: 1
01b57 info: MaxNodes: 9090 (799920 bytes)
01b57 info: TimeForMove: 1
01b57 info: PreSearch: max time reached (45/89).
01b57 info: Time for PreSearch: 0.20163s
01b57 info: 
  7511f1d1c9696225
  a  b  c  d  e  f  g  h  i  j  k  
 1\.  .  .  .  .  .  .  .  .  .  .\1
  2\.  .  *  *  *  *  *  *  *  *  *\2
   3\.  *  *  *  *  *  *  *  *  *  *\3
    4\*  *  B  *  *  *  *  *  *  *  *\4
     5\*  *  *  *  *  *  *  *  *  *  *\5
      6\*  *  *  *  *  *  *  *  *  *  *\6
       7\*  *  *  *  *  *  *  *  *  *  *\7
        8\*  *  *  *  *  *  *  *  *  *  *\8
         9\*  *  *  *  *  *  W  *  *  *  .\9
         10\*  *  *  *  *  .  .  *  *  .  .\10
          11\.  .  .  .  .  .  .  .  .  .  .\11
              a  b  c  d  e  f  g  h  i  j  k  
01b57 info: No subtree to reuse.
01b57 info: Creating thread 0
01b57 info: StartSearch()[0]
01b57 config: VCS: reading captured set patterns from '/home/linus/MoHex2.0/nfbranchfix/benzene-vanilla-cmake/share/vc-captured-set.txt'.
01b57 config: VCS:: parsed 2 patterns.
01b57 config: VCS: reading captured set patterns from '/home/linus/MoHex2.0/nfbranchfix/benzene-vanilla-cmake/share/vc-captured-set.txt'.
01b57 config: VCS:: parsed 2 patterns.
01b57 info: 
Elapsed Time   0.34968s
Count          1
GamesPlayed    1
Nodes          1
Knowledge      0 (0.0%)
Expansions     0.0
Time           0.00
GameLen        119.0 dev=0.0 min=119.0 max=119.0
InTree         0.0 dev=0.0 min=0.0 max=0.0
KnowDepth      -
Aborted        0%
Games/s        412.9
Score          0.00
Sequence      
01b57 info: 
01b57 warning: **** MoHexSearch returned empty sequence!
01b57 warning: **** Returning random move!
01b57 info: Best move cannot be determined, must search state.
01b57 info: --- MoHexPlayer::Search() ---
01b57 info: Color: black
01b57 info: MaxGames: 1
01b57 info: NumberThreads: 1
01b57 info: MaxNodes: 9090 (799920 bytes)
01b57 info: TimeForMove: 1
01b57 info: PreSearch: max time reached (49/88).
01b57 info: Time for PreSearch: 0.201238s
01b57 info: 
  71402a0f20ea238b
  a  b  c  d  e  f  g  h  i  j  k  
 1\.  .  .  .  .  .  .  .  .  .  .\1
  2\.  .  *  *  *  *  *  *  *  *  *\2
   3\.  *  *  *  *  *  *  *  *  *  *\3
    4\*  *  B  *  *  *  *  *  *  *  *\4
     5\*  *  *  *  *  *  *  *  B  *  *\5
      6\*  *  *  *  *  *  *  *  *  *  *\6
       7\*  *  *  *  *  *  *  *  *  *  *\7
        8\*  *  *  *  *  *  *  *  *  *  *\8
         9\*  *  *  *  *  *  W  *  *  *  .\9
         10\*  *  *  *  *  .  .  *  *  .  .\10
          11\.  .  W  .  .  .  .  .  .  .  .\11
              a  b  c  d  e  f  g  h  i  j  k  
01b57 info: Old: [black, c4] [white, swap-pieces] [white, g9] 
01b57 info: New: [black, c4] [white, swap-pieces] [white, g9] [black, i5] [white, c11] 
01b57 info: MovesPlayed: [black, i5] [white, c11] 
01b57 info: No subtree to reuse.
01b57 info: StartSearch()[0]
01b57 info: 
Elapsed Time   0.514704s
Count          1
GamesPlayed    1
Nodes          1
Knowledge      0 (0.0%)
Expansions     0.0
Time           0.00
GameLen        117.0 dev=0.0 min=117.0 max=117.0
InTree         0.0 dev=0.0 min=0.0 max=0.0
KnowDepth      -
Aborted        0%
Games/s        3496.5
Score          1.00
Sequence      
01b57 info: 
01b57 warning: **** MoHexSearch returned empty sequence!
01b57 warning: **** Returning random move!
01b57 info: Best move cannot be determined, must search state.
01b57 info: --- MoHexPlayer::Search() ---
01b57 info: Color: black
01b57 info: MaxGames: 1
01b57 info: NumberThreads: 1
01b57 info: MaxNodes: 9090 (799920 bytes)
01b57 info: TimeForMove: 1
01b57 info: PreSearch: max time reached (49/85).
01b57 info: Time for PreSearch: 0.201946s
01b57 info: 
  773b22656b0a4880
  a  b  c  d  e  f  g  h  i  j  k  
 1\.  .  .  .  .  .  .  .  .  .  .\1
  2\.  .  *  W  *  *  .  *  *  *  *\2
   3\.  *  *  *  *  B  *  *  *  *  *\3
    4\*  *  B  *  *  *  *  *  *  *  *\4
     5\*  *  *  *  *  *  *  *  B  *  *\5
      6\*  *  *  *  *  *  *  *  *  *  *\6
       7\*  *  *  *  *  *  *  *  *  *  *\7
        8\*  *  *  *  *  *  *  *  *  *  *\8
         9\*  *  *  *  *  *  W  *  *  *  .\9
         10\*  *  *  *  *  .  .  *  *  .  .\10
          11\.  .  W  .  .  .  .  .  .  .  .\11
              a  b  c  d  e  f  g  h  i  j  k  
01b57 info: Old: [black, c4] [white, swap-pieces] [white, g9] [black, i5] [white, c11] 
01b57 info: New: [black, c4] [white, swap-pieces] [white, g9] [black, i5] [white, c11] [black, f3] [white, d2] 
01b57 info: MovesPlayed: [black, f3] [white, d2] 
01b57 info: No subtree to reuse.
01b57 info: StartSearch()[0]
01b57 info: 
Elapsed Time   0.343944s
Count          1
GamesPlayed    1
Nodes          1
Knowledge      0 (0.0%)
Expansions     0.0
Time           0.00
GameLen        115.0 dev=0.0 min=115.0 max=115.0
InTree         0.0 dev=0.0 min=0.0 max=0.0
KnowDepth      -
Aborted        0%
Games/s        3086.4
Score          1.00
Sequence      
01b57 info: 
01b57 warning: **** MoHexSearch returned empty sequence!
01b57 warning: **** Returning random move!
01b57 info: Best move cannot be determined, must search state.
01b57 info: --- MoHexPlayer::Search() ---
01b57 info: Color: black
01b57 info: MaxGames: 1
01b57 info: NumberThreads: 1
01b57 info: MaxNodes: 9090 (799920 bytes)
01b57 info: TimeForMove: 1
01b57 info: PreSearch: max time reached (52/83).
01b57 info: Time for PreSearch: 0.204162s
01b57 info: 
  b78736eb926fa275
  a  b  c  d  e  f  g  h  i  j  k  
 1\.  .  .  .  .  .  .  .  .  .  B\1
  2\.  .  *  W  *  *  .  *  *  *  *\2
   3\.  *  *  *  *  B  *  *  *  *  *\3
    4\*  *  B  *  *  *  *  *  *  *  *\4
     5\*  *  *  *  *  *  *  *  B  *  *\5
      6\*  *  *  *  *  *  *  *  *  *  *\6
       7\*  *  *  *  *  *  *  *  *  *  *\7
        8\*  *  *  *  *  *  *  *  *  *  .\8
         9\*  *  *  *  *  *  W  *  *  *  W\9
         10\*  *  *  *  *  .  .  *  .  .  w\10
          11\.  .  W  .  .  .  .  .  .  .  w\11
              a  b  c  d  e  f  g  h  i  j  k  
01b57 info: Old: [black, c4] [white, swap-pieces] [white, g9] [black, i5] [white, c11] [black, f3] [white, d2] 
01b57 info: New: [black, c4] [white, swap-pieces] [white, g9] [black, i5] [white, c11] [black, f3] [white, d2] [black, k1] [white, k9] 
01b57 info: MovesPlayed: [black, k1] [white, k9] 
01b57 info: No subtree to reuse.
01b57 info: StartSearch()[0]
01b57 info: 
Elapsed Time   0.345631s
Count          1
GamesPlayed    1
Nodes          1
Knowledge      0 (0.0%)
Expansions     0.0
Time           0.00
GameLen        111.0 dev=0.0 min=111.0 max=111.0
InTree         0.0 dev=0.0 min=0.0 max=0.0
KnowDepth      -
Aborted        0%
Games/s        3289.5
Score          0.00
Sequence      
01b57 info: 
01b57 warning: **** MoHexSearch returned empty sequence!
01b57 warning: **** Returning random move!
01b57 info: Best move cannot be determined, must search state.
01b57 info: --- MoHexPlayer::Search() ---
01b57 info: Color: black
01b57 info: MaxGames: 1
01b57 info: NumberThreads: 1
01b57 info: MaxNodes: 9090 (799920 bytes)
01b57 info: TimeForMove: 1
01b57 info: PreSearch: max time reached (47/82).
01b57 info: Time for PreSearch: 0.202217s
01b57 info: 
  741a1066bde8a53c
  a  b  c  d  e  f  g  h  i  j  k  
 1\.  .  .  .  .  .  .  .  .  .  B\1
  2\.  .  *  W  *  *  .  *  *  *  *\2
   3\.  *  *  *  *  B  *  *  *  *  *\3
    4\*  *  B  *  *  *  *  *  *  *  *\4
     5\*  *  *  *  *  *  *  *  B  *  *\5
      6\*  *  W  *  *  *  *  *  *  *  *\6
       7\*  *  *  *  *  *  *  *  *  *  *\7
        8\*  *  *  *  *  *  *  *  *  *  .\8
         9\*  *  *  *  *  *  W  *  *  *  W\9
         10\*  *  *  *  .  B  .  *  .  .  w\10
          11\.  .  W  .  b  b  b  .  .  .  w\11
              a  b  c  d  e  f  g  h  i  j  k  
01b57 info: Old: [black, c4] [white, swap-pieces] [white, g9] [black, i5] [white, c11] [black, f3] [white, d2] [black, k1] [white, k9] 
01b57 info: New: [black, c4] [white, swap-pieces] [white, g9] [black, i5] [white, c11] [black, f3] [white, d2] [black, k1] [white, k9] [black, f10] [white, c6] 
01b57 info: MovesPlayed: [black, f10] [white, c6] 
01b57 info: No subtree to reuse.
01b57 info: StartSearch()[0]
01b57 info: 
Elapsed Time   0.367286s
Count          1
GamesPlayed    1
Nodes          1
Knowledge      0 (0.0%)
Expansions     0.0
Time           0.00
GameLen        106.0 dev=0.0 min=106.0 max=106.0
InTree         0.0 dev=0.0 min=0.0 max=0.0
KnowDepth      -
Aborted        0%
Games/s        2985.1
Score          0.00
Sequence      
01b57 info: 
01b57 warning: **** MoHexSearch returned empty sequence!
01b57 warning: **** Returning random move!
01b57 info: Best move cannot be determined, must search state.
01b57 info: --- MoHexPlayer::Search() ---
01b57 info: Color: black
01b57 info: MaxGames: 1
01b57 info: NumberThreads: 1
01b57 info: MaxNodes: 9090 (799920 bytes)
01b57 info: TimeForMove: 1
01b57 info: PreSearch: max time reached (54/79).
01b57 info: Time for PreSearch: 0.203926s
01b57 info: 
  f64d57afcce8f63b
  a  b  c  d  e  f  g  h  i  j  k  
 1\.  .  .  .  .  .  .  .  .  .  B\1
  2\.  .  *  W  *  .  .  *  *  *  *\2
   3\.  *  *  *  *  B  *  *  *  *  *\3
    4\*  *  B  *  *  *  *  *  *  *  *\4
     5\*  *  *  *  *  *  *  *  B  *  *\5
      6\*  *  W  *  *  *  *  W  *  *  *\6
       7\*  *  *  *  *  *  *  *  *  *  *\7
        8\*  *  *  *  *  *  *  *  *  *  .\8
         9\*  *  *  *  *  *  W  *  B  *  W\9
         10\*  *  *  *  .  B  .  .  .  .  w\10
          11\.  .  W  .  b  b  b  .  .  .  w\11
              a  b  c  d  e  f  g  h  i  j  k  
01b57 info: Old: [black, c4] [white, swap-pieces] [white, g9] [black, i5] [white, c11] [black, f3] [white, d2] [black, k1] [white, k9] [black, f10] [white, c6] 
01b57 info: New: [black, c4] [white, swap-pieces] [white, g9] [black, i5] [white, c11] [black, f3] [white, d2] [black, k1] [white, k9] [black, f10] [white, c6] [black, i9] [white, h6] 
01b57 info: MovesPlayed: [black, i9] [white, h6] 
01b57 info: No subtree to reuse.
01b57 info: StartSearch()[0]
01b57 info: 
Elapsed Time   0.357158s
Count          1
GamesPlayed    1
Nodes          1
Knowledge      0 (0.0%)
Expansions     0.0
Time           0.00
GameLen        104.0 dev=0.0 min=104.0 max=104.0
InTree         0.0 dev=0.0 min=0.0 max=0.0
KnowDepth      -
Aborted        0%
Games/s        3257.3
Score          1.00
Sequence      
01b57 info: 
01b57 warning: **** MoHexSearch returned empty sequence!
01b57 warning: **** Returning random move!
01b57 info: Best move cannot be determined, must search state.
01b57 info: --- MoHexPlayer::Search() ---
01b57 info: Color: black
01b57 info: MaxGames: 1
01b57 info: NumberThreads: 1
01b57 info: MaxNodes: 9090 (799920 bytes)
01b57 info: TimeForMove: 1
01b57 info: PreSearch: max time reached (63/66).
01b57 info: Time for PreSearch: 0.203347s
01b57 info: 
  1ee212873404dca5
  a  b  c  d  e  f  g  h  i  j  k  
 1\.  .  .  .  .  .  .  b  b  b  B\1
  2\.  .  .  W  .  .  .  .  B  b  b\2
   3\.  *  *  *  *  B  .  *  .  .  w\3
    4\*  *  B  *  *  *  *  *  *  .  W\4
     5\*  *  *  *  *  *  *  *  B  .  w\5
      6\*  *  W  *  *  *  *  W  *  *  .\6
       7\*  *  *  *  *  *  *  *  *  *  *\7
        8\*  *  *  *  *  *  *  *  *  .  .\8
         9\*  *  *  *  *  *  W  *  B  *  W\9
         10\*  *  *  *  .  B  .  .  .  .  w\10
          11\.  .  W  .  b  b  b  .  .  .  w\11
              a  b  c  d  e  f  g  h  i  j  k  
01b57 info: Old: [black, c4] [white, swap-pieces] [white, g9] [black, i5] [white, c11] [black, f3] [white, d2] [black, k1] [white, k9] [black, f10] [white, c6] [black, i9] [white, h6] 
01b57 info: New: [black, c4] [white, swap-pieces] [white, g9] [black, i5] [white, c11] [black, f3] [white, d2] [black, k1] [white, k9] [black, f10] [white, c6] [black, i9] [white, h6] [black, i2] [white, k4] 
01b57 info: MovesPlayed: [black, i2] [white, k4] 
01b57 info: No subtree to reuse.
01b57 info: StartSearch()[0]
01b57 info: 
Elapsed Time   0.512268s
Count          1
GamesPlayed    1
Nodes          1
Knowledge      0 (0.0%)
Expansions     0.0
Time           0.00
GameLen        95.0 dev=0.0 min=95.0 max=95.0
InTree         0.0 dev=0.0 min=0.0 max=0.0
KnowDepth      -
Aborted        0%
Games/s        3717.5
Score          1.00
Sequence      
01b57 info: 
01b57 warning: **** MoHexSearch returned empty sequence!
01b57 warning: **** Returning random move!
01b57 info: Best move cannot be determined, must search state.
01b57 info: --- MoHexPlayer::Search() ---
01b57 info: Color: black
01b57 info: MaxGames: 1
01b57 info: NumberThreads: 1
01b57 info: MaxNodes: 9090 (799920 bytes)
01b57 info: TimeForMove: 1
01b57 info: Winning sequence found before UCT search!
01b57 info: Sequence: f7
01b57 info: Winning SC.
01b57 info: Winning SC.
01b57 info: Winning SC.
01b57 info: Winning SC.
01b57 info: Winning SC.
01b57 info: Winning SC.
01b57 info: Winning SC.
01b57 info: Winning SC.
01b57 info: Winning SC.
01b57 info: Winning SC.
01b57 info: Winning SC.
01b57 info: Winning SC.
01b57 info: Captured cells caused win! Removing...
01b57 info: Winning SC.
01b57 config: ============ BenzeneShutdown =============
01b57 config: MoHexProgram:: ShutdownSystem()
01b57 config: CommonProgram:: ShutdownSystem()
01b57 config: BenzeneProgram:: ShutdownSystem()
Flushing and closing this stream...
