# nice ../build/src/mohex/mohex --config mohex-weak.htp --seed 637759 --logfile-name jobs/11x11-mohex-mohex-cg2010-vs-mohex-mohex-weak-3/mohex-mohex-weak-400.log
>boardsize 11 11
MoHex 2.0.CMake Mar 21 2025
Copyright (C) 2007-2012 by the authors of the Benzene project.
This program comes with ABSOLUTELY NO WARRANTY. This is
free software and you are welcome to redistribute it under
certain conditions. Type `benzene-license' for details.

SgRandom::SetSeed: 637759
SgUctSearch: system memory 33632358400, using 1000000000 (5681818 nodes)
SgRandom::SetSeed: 1
SgRandom::SetSeed: 637759
09f27 info: Prior Patterns:
09f27 info: Global:
09f27 info: Size            = 565 32648 
09f27 info: TableEntries    = 65932 65910
09f27 info: MirrorsAdded    = 0 0
09f27 info: PrunableCount   = 30593 30629
09f27 info: LargestGamma    = 5820.77
09f27 info: SmallestGamma   = 6.6e-05
09f27 info: Local:
09f27 info: Size            = 550 5318 
09f27 info: TableEntries    = 11602 11588
09f27 info: MirrorsAdded    = 0 0
09f27 info: PrunableCount   = 3659 3667
09f27 info: LargestGamma    = 11281.8
09f27 info: SmallestGamma   = 0.026235
09f27 info: Playout Patterns:
09f27 info: Global:
09f27 info: Size            = 565 32648 
09f27 info: TableEntries    = 70329 70329
09f27 info: MirrorsAdded    = 4397 4419
09f27 info: PrunableCount   = 30593 30629
09f27 info: LargestGamma    = 5820.77
09f27 info: SmallestGamma   = 6.6e-05
09f27 info: Local:
09f27 info: Size            = 550 5318 
09f27 info: TableEntries    = 11602 11588
09f27 info: MirrorsAdded    = 0 0
09f27 info: PrunableCount   = 3659 3667
09f27 info: LargestGamma    = 11281.8
09f27 info: SmallestGamma   = 0.026235
param_game allow_swap 1
= 

param_mohex max_memory 1600000
= 

param_mohex num_threads 1
= 

param_mohex max_time 1
= 

param_mohex max_games 1
= 

param_mohex knowledge_threshold 400
= 

param_mohex reuse_subtree 1
= 

param_mohex use_parallel_solver 0
= 

<= 
<
>name
<= MoHex
<
>version
<= 2.0.CMake
<
>play b h3
<= 
<
>genmove w
<= swap-pieces
<
>showboard
09f27 info: SwapCheck: reading from '/home/linus/MoHex2.0/nfbranchfix/benzene-vanilla-cmake/share/swap-moves.txt'.
09f27 info: SwapCheck: playing swap.
<= 
< 
<  c4419f89d1858f4c
<  a  b  c  d  e  f  g  h  i  j  k  
< 1\.  .  .  .  .  .  .  .  .  .  .\1
<  2\.  .  .  .  .  .  .  .  .  .  .\2
<   3\.  .  .  .  .  .  .  B  .  .  .\3
<    4\.  .  .  .  .  .  .  .  .  .  .\4
<     5\.  .  .  .  .  .  .  .  .  .  .\5
<      6\.  .  .  .  .  .  .  .  .  .  .\6
<       7\.  .  .  .  .  .  .  .  .  .  .\7
<        8\.  .  .  .  .  .  .  .  .  .  .\8
<         9\.  .  .  .  .  .  .  .  .  .  .\9
<         10\.  .  .  .  .  .  .  .  .  .  .\10
<          11\.  .  .  .  .  .  .  .  .  .  .\11
<              a  b  c  d  e  f  g  h  i  j  k  
<
>play w k6
<= 
<
>showboard
<= 
< 
<  2a17a638bc00c114
<  a  b  c  d  e  f  g  h  i  j  k  
< 1\.  .  .  .  .  .  .  .  .  .  .\1
<  2\.  .  .  .  .  .  .  .  .  .  .\2
<   3\.  .  .  .  .  .  .  B  .  .  .\3
<    4\.  .  .  .  .  .  .  .  .  .  .\4
<     5\.  .  .  .  .  .  .  .  .  .  .\5
<      6\.  .  .  .  .  .  .  .  .  .  W\6
<       7\.  .  .  .  .  .  .  .  .  .  .\7
<        8\.  .  .  .  .  .  .  .  .  .  .\8
<         9\.  .  .  .  .  .  .  .  .  .  .\9
<         10\.  .  .  .  .  .  .  .  .  .  .\10
<          11\.  .  .  .  .  .  .  .  .  .  .\11
<              a  b  c  d  e  f  g  h  i  j  k  
<
>genmove b
<= j10
<
>showboard
09f27 info: Best move cannot be determined, must search state.
09f27 info: --- MoHexPlayer::Search() ---
09f27 info: Color: black
09f27 info: MaxGames: 1
09f27 info: NumberThreads: 1
09f27 info: MaxNodes: 9090 (799920 bytes)
09f27 info: TimeForMove: 1
09f27 info: PreSearch: max time reached (48/88).
09f27 info: Time for PreSearch: 0.207701s
09f27 info: 
  2a17a638bc00c114
  a  b  c  d  e  f  g  h  i  j  k  
 1\.  .  .  .  .  .  .  .  .  .  .\1
  2\.  .  *  *  *  *  *  *  .  *  *\2
   3\.  *  *  *  *  *  *  B  *  *  *\3
    4\*  *  *  *  *  *  *  *  *  *  *\4
     5\*  *  *  *  *  *  *  *  *  *  .\5
      6\*  *  *  *  *  *  *  *  *  *  W\6
       7\*  *  *  *  *  *  *  *  *  *  .\7
        8\*  *  *  *  *  *  *  *  *  *  *\8
         9\*  *  *  *  *  *  *  *  *  *  .\9
         10\*  *  *  *  *  *  *  *  *  .  .\10
          11\.  .  .  .  .  .  .  .  .  .  .\11
              a  b  c  d  e  f  g  h  i  j  k  
09f27 info: No subtree to reuse.
09f27 info: Creating thread 0
09f27 info: StartSearch()[0]
SgUctSearch: max games reached
09f27 info: 
Elapsed Time   0.359208s
Count          1
GamesPlayed    1
Nodes          1
Knowledge      0 (0.0%)
Expansions     0.0
Time           0.00
GameLen        119.0 dev=0.0 min=119.0 max=119.0
InTree         0.0 dev=0.0 min=0.0 max=0.0
KnowDepth      -
Aborted        0%
Games/s        320.9
Score          0.00
Sequence      
09f27 info: 
09f27 warning: **** MoHexSearch returned empty sequence!
09f27 warning: **** Returning random move!
<= 
< 
<  079f2d74e07f6543
<  a  b  c  d  e  f  g  h  i  j  k  
< 1\.  .  .  .  .  .  .  .  .  .  .\1
<  2\.  .  .  .  .  .  .  .  .  .  .\2
<   3\.  .  .  .  .  .  .  B  .  .  .\3
<    4\.  .  .  .  .  .  .  .  .  .  .\4
<     5\.  .  .  .  .  .  .  .  .  .  .\5
<      6\.  .  .  .  .  .  .  .  .  .  W\6
<       7\.  .  .  .  .  .  .  .  .  .  .\7
<        8\.  .  .  .  .  .  .  .  .  .  .\8
<         9\.  .  .  .  .  .  .  .  .  .  .\9
<         10\.  .  .  .  .  .  .  .  .  B  .\10
<          11\.  .  .  .  .  .  .  .  .  .  .\11
<              a  b  c  d  e  f  g  h  i  j  k  
<
>play w j1
<= 
<
>showboard
<= 
< 
<  0b7dee235dae1509
<  a  b  c  d  e  f  g  h  i  j  k  
< 1\.  .  .  .  .  .  .  .  .  W  .\1
<  2\.  .  .  .  .  .  .  .  .  .  .\2
<   3\.  .  .  .  .  .  .  B  .  .  .\3
<    4\.  .  .  .  .  .  .  .  .  .  .\4
<     5\.  .  .  .  .  .  .  .  .  .  .\5
<      6\.  .  .  .  .  .  .  .  .  .  W\6
<       7\.  .  .  .  .  .  .  .  .  .  .\7
<        8\.  .  .  .  .  .  .  .  .  .  .\8
<         9\.  .  .  .  .  .  .  .  .  .  .\9
<         10\.  .  .  .  .  .  .  .  .  B  .\10
<          11\.  .  .  .  .  .  .  .  .  .  .\11
<              a  b  c  d  e  f  g  h  i  j  k  
<
>genmove b
<= g11
<
>showboard
09f27 info: Best move cannot be determined, must search state.
09f27 info: --- MoHexPlayer::Search() ---
09f27 info: Color: black
09f27 info: MaxGames: 1
09f27 info: NumberThreads: 1
09f27 info: MaxNodes: 9090 (799920 bytes)
09f27 info: TimeForMove: 1
09f27 info: PreSearch: max time reached (53/89).
09f27 info: Time for PreSearch: 0.202067s
09f27 info: 
  0b7dee235dae1509
  a  b  c  d  e  f  g  h  i  j  k  
 1\.  .  .  .  .  .  .  .  .  W  *\1
  2\.  .  *  *  *  *  *  *  *  *  *\2
   3\.  *  *  *  *  *  *  B  *  *  *\3
    4\*  *  *  *  *  *  *  *  *  *  *\4
     5\*  *  *  *  *  *  *  *  *  *  .\5
      6\*  *  *  *  *  *  *  *  *  *  W\6
       7\*  *  *  *  *  *  *  *  *  *  .\7
        8\*  *  *  *  *  *  *  *  *  *  *\8
         9\*  *  *  *  *  *  *  *  *  *  .\9
         10\*  *  *  *  *  *  *  *  .  B  b\10
          11\.  .  .  .  .  .  .  b  b  b  b\11
              a  b  c  d  e  f  g  h  i  j  k  
09f27 info: Old: [black, h3] [white, swap-pieces] [white, k6] 
09f27 info: New: [black, h3] [white, swap-pieces] [white, k6] [black, j10] [white, j1] 
09f27 info: MovesPlayed: [black, j10] [white, j1] 
09f27 info: No subtree to reuse.
09f27 info: StartSearch()[0]
SgUctSearch: max games reached
09f27 info: 
Elapsed Time   0.354072s
Count          1
GamesPlayed    1
Nodes          1
Knowledge      0 (0.0%)
Expansions     0.0
Time           0.00
GameLen        112.0 dev=0.0 min=112.0 max=112.0
InTree         0.0 dev=0.0 min=0.0 max=0.0
KnowDepth      -
Aborted        0%
Games/s        2631.6
Score          1.00
Sequence      
09f27 info: 
09f27 warning: **** MoHexSearch returned empty sequence!
09f27 warning: **** Returning random move!
<= 
< 
<  505e0b5cbf17fb88
<  a  b  c  d  e  f  g  h  i  j  k  
< 1\.  .  .  .  .  .  .  .  .  W  .\1
<  2\.  .  .  .  .  .  .  .  .  .  .\2
<   3\.  .  .  .  .  .  .  B  .  .  .\3
<    4\.  .  .  .  .  .  .  .  .  .  .\4
<     5\.  .  .  .  .  .  .  .  .  .  .\5
<      6\.  .  .  .  .  .  .  .  .  .  W\6
<       7\.  .  .  .  .  .  .  .  .  .  .\7
<        8\.  .  .  .  .  .  .  .  .  .  .\8
<         9\.  .  .  .  .  .  .  .  .  .  .\9
<         10\.  .  .  .  .  .  .  .  .  B  .\10
<          11\.  .  .  .  .  .  B  .  .  .  .\11
<              a  b  c  d  e  f  g  h  i  j  k  
<
>play w e7
<= 
<
>showboard
<= 
< 
<  48e76c1c2ddca17b
<  a  b  c  d  e  f  g  h  i  j  k  
< 1\.  .  .  .  .  .  .  .  .  W  .\1
<  2\.  .  .  .  .  .  .  .  .  .  .\2
<   3\.  .  .  .  .  .  .  B  .  .  .\3
<    4\.  .  .  .  .  .  .  .  .  .  .\4
<     5\.  .  .  .  .  .  .  .  .  .  .\5
<      6\.  .  .  .  .  .  .  .  .  .  W\6
<       7\.  .  .  .  W  .  .  .  .  .  .\7
<        8\.  .  .  .  .  .  .  .  .  .  .\8
<         9\.  .  .  .  .  .  .  .  .  .  .\9
<         10\.  .  .  .  .  .  .  .  .  B  .\10
<          11\.  .  .  .  .  .  B  .  .  .  .\11
<              a  b  c  d  e  f  g  h  i  j  k  
<
>genmove b
<= j6
<
>showboard
09f27 info: Best move cannot be determined, must search state.
09f27 info: --- MoHexPlayer::Search() ---
09f27 info: Color: black
09f27 info: MaxGames: 1
09f27 info: NumberThreads: 1
09f27 info: MaxNodes: 9090 (799920 bytes)
09f27 info: TimeForMove: 1
09f27 info: PreSearch: max time reached (56/87).
09f27 info: Time for PreSearch: 0.201728s
09f27 info: 
  48e76c1c2ddca17b
  a  b  c  d  e  f  g  h  i  j  k  
 1\.  .  .  .  .  .  .  .  .  W  *\1
  2\.  .  *  *  *  *  *  *  *  *  *\2
   3\.  *  *  *  *  *  *  B  *  *  *\3
    4\*  *  *  *  *  *  *  *  *  *  *\4
     5\*  *  *  *  *  *  *  *  *  *  .\5
      6\*  *  *  *  *  *  *  *  *  *  W\6
       7\*  *  *  *  W  *  *  *  *  *  .\7
        8\*  *  *  *  *  *  *  *  *  *  *\8
         9\*  *  *  *  *  *  *  *  *  *  .\9
         10\*  *  *  *  *  *  *  .  .  B  b\10
          11\.  .  .  .  .  .  B  b  b  b  b\11
              a  b  c  d  e  f  g  h  i  j  k  
09f27 info: Old: [black, h3] [white, swap-pieces] [white, k6] [black, j10] [white, j1] 
09f27 info: New: [black, h3] [white, swap-pieces] [white, k6] [black, j10] [white, j1] [black, g11] [white, e7] 
09f27 info: MovesPlayed: [black, g11] [white, e7] 
09f27 info: No subtree to reuse.
09f27 info: StartSearch()[0]
SgUctSearch: max games reached
09f27 info: 
Elapsed Time   0.347s
Count          1
GamesPlayed    1
Nodes          1
Knowledge      0 (0.0%)
Expansions     0.0
Time           0.00
GameLen        110.0 dev=0.0 min=110.0 max=110.0
InTree         0.0 dev=0.0 min=0.0 max=0.0
KnowDepth      -
Aborted        0%
Games/s        2252.3
Score          1.00
Sequence      
09f27 info: 
09f27 warning: **** MoHexSearch returned empty sequence!
09f27 warning: **** Returning random move!
<= 
< 
<  5bc6f599ef4d7dda
<  a  b  c  d  e  f  g  h  i  j  k  
< 1\.  .  .  .  .  .  .  .  .  W  .\1
<  2\.  .  .  .  .  .  .  .  .  .  .\2
<   3\.  .  .  .  .  .  .  B  .  .  .\3
<    4\.  .  .  .  .  .  .  .  .  .  .\4
<     5\.  .  .  .  .  .  .  .  .  .  .\5
<      6\.  .  .  .  .  .  .  .  .  B  W\6
<       7\.  .  .  .  W  .  .  .  .  .  .\7
<        8\.  .  .  .  .  .  .  .  .  .  .\8
<         9\.  .  .  .  .  .  .  .  .  .  .\9
<         10\.  .  .  .  .  .  .  .  .  B  .\10
<          11\.  .  .  .  .  .  B  .  .  .  .\11
<              a  b  c  d  e  f  g  h  i  j  k  
<
>play w e2
<= 
<
>showboard
<= 
< 
<  58345ab61b924348
<  a  b  c  d  e  f  g  h  i  j  k  
< 1\.  .  .  .  .  .  .  .  .  W  .\1
<  2\.  .  .  .  W  .  .  .  .  .  .\2
<   3\.  .  .  .  .  .  .  B  .  .  .\3
<    4\.  .  .  .  .  .  .  .  .  .  .\4
<     5\.  .  .  .  .  .  .  .  .  .  .\5
<      6\.  .  .  .  .  .  .  .  .  B  W\6
<       7\.  .  .  .  W  .  .  .  .  .  .\7
<        8\.  .  .  .  .  .  .  .  .  .  .\8
<         9\.  .  .  .  .  .  .  .  .  .  .\9
<         10\.  .  .  .  .  .  .  .  .  B  .\10
<          11\.  .  .  .  .  .  B  .  .  .  .\11
<              a  b  c  d  e  f  g  h  i  j  k  
<
>genmove b
<= b2
<
>showboard
09f27 info: Best move cannot be determined, must search state.
09f27 info: --- MoHexPlayer::Search() ---
09f27 info: Color: black
09f27 info: MaxGames: 1
09f27 info: NumberThreads: 1
09f27 info: MaxNodes: 9090 (799920 bytes)
09f27 info: TimeForMove: 1
09f27 info: PreSearch: max time reached (47/85).
09f27 info: Time for PreSearch: 0.202364s
09f27 info: 
  58345ab61b924348
  a  b  c  d  e  f  g  h  i  j  k  
 1\.  .  .  .  .  .  .  .  .  W  *\1
  2\.  .  *  *  W  *  *  *  *  *  *\2
   3\.  *  *  *  *  *  *  B  *  *  *\3
    4\*  *  *  *  *  *  *  *  *  *  *\4
     5\*  *  *  *  *  *  *  *  *  *  .\5
      6\*  *  *  *  *  *  *  *  *  B  W\6
       7\*  *  *  *  W  *  *  *  *  *  .\7
        8\*  *  *  *  *  *  *  *  *  *  *\8
         9\*  *  *  *  *  *  *  *  *  *  .\9
         10\*  *  *  *  *  *  *  .  .  B  b\10
          11\.  .  .  .  .  .  B  b  b  b  b\11
              a  b  c  d  e  f  g  h  i  j  k  
09f27 info: Old: [black, h3] [white, swap-pieces] [white, k6] [black, j10] [white, j1] [black, g11] [white, e7] 
09f27 info: New: [black, h3] [white, swap-pieces] [white, k6] [black, j10] [white, j1] [black, g11] [white, e7] [black, j6] [white, e2] 
09f27 info: MovesPlayed: [black, j6] [white, e2] 
09f27 info: No subtree to reuse.
09f27 info: StartSearch()[0]
SgUctSearch: max games reached
09f27 info: 
Elapsed Time   0.492778s
Count          1
GamesPlayed    1
Nodes          1
Knowledge      0 (0.0%)
Expansions     0.0
Time           0.00
GameLen        108.0 dev=0.0 min=108.0 max=108.0
InTree         0.0 dev=0.0 min=0.0 max=0.0
KnowDepth      -
Aborted        0%
Games/s        3322.3
Score          1.00
Sequence      
09f27 info: 
09f27 warning: **** MoHexSearch returned empty sequence!
09f27 warning: **** Returning random move!
<= 
< 
<  c28780dc89e60d8d
<  a  b  c  d  e  f  g  h  i  j  k  
< 1\.  .  .  .  .  .  .  .  .  W  .\1
<  2\.  B  .  .  W  .  .  .  .  .  .\2
<   3\.  .  .  .  .  .  .  B  .  .  .\3
<    4\.  .  .  .  .  .  .  .  .  .  .\4
<     5\.  .  .  .  .  .  .  .  .  .  .\5
<      6\.  .  .  .  .  .  .  .  .  B  W\6
<       7\.  .  .  .  W  .  .  .  .  .  .\7
<        8\.  .  .  .  .  .  .  .  .  .  .\8
<         9\.  .  .  .  .  .  .  .  .  .  .\9
<         10\.  .  .  .  .  .  .  .  .  B  .\10
<          11\.  .  .  .  .  .  B  .  .  .  .\11
<              a  b  c  d  e  f  g  h  i  j  k  
<
>play w c7
<= 
<
>showboard
<= 
< 
<  43fe342312aa17f8
<  a  b  c  d  e  f  g  h  i  j  k  
< 1\.  .  .  .  .  .  .  .  .  W  .\1
<  2\.  B  .  .  W  .  .  .  .  .  .\2
<   3\.  .  .  .  .  .  .  B  .  .  .\3
<    4\.  .  .  .  .  .  .  .  .  .  .\4
<     5\.  .  .  .  .  .  .  .  .  .  .\5
<      6\.  .  .  .  .  .  .  .  .  B  W\6
<       7\.  .  W  .  W  .  .  .  .  .  .\7
<        8\.  .  .  .  .  .  .  .  .  .  .\8
<         9\.  .  .  .  .  .  .  .  .  .  .\9
<         10\.  .  .  .  .  .  .  .  .  B  .\10
<          11\.  .  .  .  .  .  B  .  .  .  .\11
<              a  b  c  d  e  f  g  h  i  j  k  
<
>genmove b
<= d6
<
>showboard
09f27 info: Best move cannot be determined, must search state.
09f27 info: --- MoHexPlayer::Search() ---
09f27 info: Color: black
09f27 info: MaxGames: 1
09f27 info: NumberThreads: 1
09f27 info: MaxNodes: 9090 (799920 bytes)
09f27 info: TimeForMove: 1
09f27 info: PreSearch: max time reached (66/82).
09f27 info: Time for PreSearch: 0.200429s
09f27 info: 
  43fe342312aa17f8
  a  b  c  d  e  f  g  h  i  j  k  
 1\b  b  b  b  b  .  .  .  .  W  *\1
  2\b  B  .  .  W  *  *  *  *  *  *\2
   3\.  .  *  *  *  *  *  B  *  *  *\3
    4\*  *  *  *  *  *  *  *  *  *  *\4
     5\*  *  *  *  *  *  *  *  *  *  .\5
      6\*  *  *  *  *  *  *  *  *  B  W\6
       7\*  *  W  *  W  *  *  *  *  *  .\7
        8\*  *  *  *  *  *  *  *  *  *  *\8
         9\*  *  *  *  *  *  *  *  *  .  .\9
         10\*  *  *  *  *  *  *  .  .  B  b\10
          11\.  .  .  .  .  .  B  b  b  b  b\11
              a  b  c  d  e  f  g  h  i  j  k  
09f27 info: Old: [black, h3] [white, swap-pieces] [white, k6] [black, j10] [white, j1] [black, g11] [white, e7] [black, j6] [white, e2] 
09f27 info: New: [black, h3] [white, swap-pieces] [white, k6] [black, j10] [white, j1] [black, g11] [white, e7] [black, j6] [white, e2] [black, b2] [white, c7] 
09f27 info: MovesPlayed: [black, b2] [white, c7] 
09f27 info: No subtree to reuse.
09f27 info: StartSearch()[0]
SgUctSearch: max games reached
09f27 info: 
Elapsed Time   0.34341s
Count          1
GamesPlayed    1
Nodes          1
Knowledge      0 (0.0%)
Expansions     0.0
Time           0.00
GameLen        100.0 dev=0.0 min=100.0 max=100.0
InTree         0.0 dev=0.0 min=0.0 max=0.0
KnowDepth      -
Aborted        0%
Games/s        3690.0
Score          0.00
Sequence      
09f27 info: 
09f27 warning: **** MoHexSearch returned empty sequence!
09f27 warning: **** Returning random move!
<= 
< 
<  8767033aa4bf1388
<  a  b  c  d  e  f  g  h  i  j  k  
< 1\.  .  .  .  .  .  .  .  .  W  .\1
<  2\.  B  .  .  W  .  .  .  .  .  .\2
<   3\.  .  .  .  .  .  .  B  .  .  .\3
<    4\.  .  .  .  .  .  .  .  .  .  .\4
<     5\.  .  .  .  .  .  .  .  .  .  .\5
<      6\.  .  .  B  .  .  .  .  .  B  W\6
<       7\.  .  W  .  W  .  .  .  .  .  .\7
<        8\.  .  .  .  .  .  .  .  .  .  .\8
<         9\.  .  .  .  .  .  .  .  .  .  .\9
<         10\.  .  .  .  .  .  .  .  .  B  .\10
<          11\.  .  .  .  .  .  B  .  .  .  .\11
<              a  b  c  d  e  f  g  h  i  j  k  
<
>play w k9
<= 
<
>showboard
<= 
< 
<  8e510f511e456b76
<  a  b  c  d  e  f  g  h  i  j  k  
< 1\.  .  .  .  .  .  .  .  .  W  .\1
<  2\.  B  .  .  W  .  .  .  .  .  .\2
<   3\.  .  .  .  .  .  .  B  .  .  .\3
<    4\.  .  .  .  .  .  .  .  .  .  .\4
<     5\.  .  .  .  .  .  .  .  .  .  .\5
<      6\.  .  .  B  .  .  .  .  .  B  W\6
<       7\.  .  W  .  W  .  .  .  .  .  .\7
<        8\.  .  .  .  .  .  .  .  .  .  .\8
<         9\.  .  .  .  .  .  .  .  .  .  W\9
<         10\.  .  .  .  .  .  .  .  .  B  .\10
<          11\.  .  .  .  .  .  B  .  .  .  .\11
<              a  b  c  d  e  f  g  h  i  j  k  
<
>genmove b
<= g10
<
>showboard
09f27 info: Best move cannot be determined, must search state.
09f27 info: --- MoHexPlayer::Search() ---
09f27 info: Color: black
09f27 info: MaxGames: 1
09f27 info: NumberThreads: 1
09f27 info: MaxNodes: 9090 (799920 bytes)
09f27 info: TimeForMove: 1
09f27 info: PreSearch: max time reached (73/79).
09f27 info: Time for PreSearch: 0.201279s
09f27 info: 
  8e510f511e456b76
  a  b  c  d  e  f  g  h  i  j  k  
 1\b  b  b  b  b  .  .  .  .  W  *\1
  2\b  B  .  .  W  *  *  *  *  *  *\2
   3\.  .  *  *  *  *  *  B  *  *  *\3
    4\*  *  *  *  *  *  *  *  *  *  *\4
     5\*  *  *  *  *  *  *  *  *  *  .\5
      6\*  *  *  B  *  *  *  *  *  B  W\6
       7\*  *  W  *  W  *  *  *  *  *  w\7
        8\*  *  *  *  *  *  *  *  *  *  w\8
         9\*  *  *  *  *  *  *  *  *  .  W\9
         10\*  *  *  *  *  *  .  .  b  B  b\10
          11\.  .  .  .  .  .  B  b  b  b  b\11
              a  b  c  d  e  f  g  h  i  j  k  
09f27 info: Old: [black, h3] [white, swap-pieces] [white, k6] [black, j10] [white, j1] [black, g11] [white, e7] [black, j6] [white, e2] [black, b2] [white, c7] 
09f27 info: New: [black, h3] [white, swap-pieces] [white, k6] [black, j10] [white, j1] [black, g11] [white, e7] [black, j6] [white, e2] [black, b2] [white, c7] [black, d6] [white, k9] 
09f27 info: MovesPlayed: [black, d6] [white, k9] 
09f27 info: No subtree to reuse.
09f27 info: StartSearch()[0]
SgUctSearch: max games reached
09f27 info: 
Elapsed Time   0.345485s
Count          1
GamesPlayed    1
Nodes          1
Knowledge      0 (0.0%)
Expansions     0.0
Time           0.00
GameLen        95.0 dev=0.0 min=95.0 max=95.0
InTree         0.0 dev=0.0 min=0.0 max=0.0
KnowDepth      -
Aborted        0%
Games/s        3773.6
Score          1.00
Sequence      
09f27 info: 
09f27 warning: **** MoHexSearch returned empty sequence!
09f27 warning: **** Returning random move!
<= 
< 
<  e496360ff88aba17
<  a  b  c  d  e  f  g  h  i  j  k  
< 1\.  .  .  .  .  .  .  .  .  W  .\1
<  2\.  B  .  .  W  .  .  .  .  .  .\2
<   3\.  .  .  .  .  .  .  B  .  .  .\3
<    4\.  .  .  .  .  .  .  .  .  .  .\4
<     5\.  .  .  .  .  .  .  .  .  .  .\5
<      6\.  .  .  B  .  .  .  .  .  B  W\6
<       7\.  .  W  .  W  .  .  .  .  .  .\7
<        8\.  .  .  .  .  .  .  .  .  .  .\8
<         9\.  .  .  .  .  .  .  .  .  .  W\9
<         10\.  .  .  .  .  .  B  .  .  B  .\10
<          11\.  .  .  .  .  .  B  .  .  .  .\11
<              a  b  c  d  e  f  g  h  i  j  k  
<
>play w i3
<= 
<
>showboard
<= 
< 
<  21ee3575d6d91ff4
<  a  b  c  d  e  f  g  h  i  j  k  
< 1\.  .  .  .  .  .  .  .  .  W  .\1
<  2\.  B  .  .  W  .  .  .  .  .  .\2
<   3\.  .  .  .  .  .  .  B  W  .  .\3
<    4\.  .  .  .  .  .  .  .  .  .  .\4
<     5\.  .  .  .  .  .  .  .  .  .  .\5
<      6\.  .  .  B  .  .  .  .  .  B  W\6
<       7\.  .  W  .  W  .  .  .  .  .  .\7
<        8\.  .  .  .  .  .  .  .  .  .  .\8
<         9\.  .  .  .  .  .  .  .  .  .  W\9
<         10\.  .  .  .  .  .  B  .  .  B  .\10
<          11\.  .  .  .  .  .  B  .  .  .  .\11
<              a  b  c  d  e  f  g  h  i  j  k  
<
>genmove b
<= b9
<
>showboard
09f27 info: Best move cannot be determined, must search state.
09f27 info: --- MoHexPlayer::Search() ---
09f27 info: Color: black
09f27 info: MaxGames: 1
09f27 info: NumberThreads: 1
09f27 info: MaxNodes: 9090 (799920 bytes)
09f27 info: TimeForMove: 1
09f27 info: Time for PreSearch: 0.188681s
09f27 info: 
  21ee3575d6d91ff4
  a  b  c  d  e  f  g  h  i  j  k  
 1\b  b  b  b  b  .  .  .  .  W  *\1
  2\b  B  .  .  W  *  *  *  *  *  *\2
   3\.  .  *  *  *  *  *  B  W  *  *\3
    4\*  *  *  *  *  *  *  *  *  *  *\4
     5\*  *  *  *  *  *  *  *  *  *  .\5
      6\*  *  *  B  *  *  *  *  *  B  W\6
       7\*  *  W  *  W  *  *  *  *  *  w\7
        8\*  *  *  *  *  *  *  *  *  .  w\8
         9\*  *  *  *  *  *  *  .  .  .  W\9
         10\*  *  *  *  .  .  B  b  b  B  b\10
          11\.  .  .  .  b  b  B  b  b  b  b\11
              a  b  c  d  e  f  g  h  i  j  k  
09f27 info: Old: [black, h3] [white, swap-pieces] [white, k6] [black, j10] [white, j1] [black, g11] [white, e7] [black, j6] [white, e2] [black, b2] [white, c7] [black, d6] [white, k9] 
09f27 info: New: [black, h3] [white, swap-pieces] [white, k6] [black, j10] [white, j1] [black, g11] [white, e7] [black, j6] [white, e2] [black, b2] [white, c7] [black, d6] [white, k9] [black, g10] [white, i3] 
09f27 info: MovesPlayed: [black, g10] [white, i3] 
09f27 info: No subtree to reuse.
09f27 info: StartSearch()[0]
SgUctSearch: max games reached
09f27 info: 
Elapsed Time   0.331512s
Count          1
GamesPlayed    1
Nodes          1
Knowledge      0 (0.0%)
Expansions     0.0
Time           0.00
GameLen        90.0 dev=0.0 min=90.0 max=90.0
InTree         0.0 dev=0.0 min=0.0 max=0.0
KnowDepth      -
Aborted        0%
Games/s        3460.2
Score          0.00
Sequence      
09f27 info: 
09f27 warning: **** MoHexSearch returned empty sequence!
09f27 warning: **** Returning random move!
<= 
< 
<  72f54a2ed1c608af
<  a  b  c  d  e  f  g  h  i  j  k  
< 1\.  .  .  .  .  .  .  .  .  W  .\1
<  2\.  B  .  .  W  .  .  .  .  .  .\2
<   3\.  .  .  .  .  .  .  B  W  .  .\3
<    4\.  .  .  .  .  .  .  .  .  .  .\4
<     5\.  .  .  .  .  .  .  .  .  .  .\5
<      6\.  .  .  B  .  .  .  .  .  B  W\6
<       7\.  .  W  .  W  .  .  .  .  .  .\7
<        8\.  .  .  .  .  .  .  .  .  .  .\8
<         9\.  B  .  .  .  .  .  .  .  .  W\9
<         10\.  .  .  .  .  .  B  .  .  B  .\10
<          11\.  .  .  .  .  .  B  .  .  .  .\11
<              a  b  c  d  e  f  g  h  i  j  k  
<
>play w b8
<= 
<
>showboard
<= 
< 
<  f605e5f6c2200802
<  a  b  c  d  e  f  g  h  i  j  k  
< 1\.  .  .  .  .  .  .  .  .  W  .\1
<  2\.  B  .  .  W  .  .  .  .  .  .\2
<   3\.  .  .  .  .  .  .  B  W  .  .\3
<    4\.  .  .  .  .  .  .  .  .  .  .\4
<     5\.  .  .  .  .  .  .  .  .  .  .\5
<      6\.  .  .  B  .  .  .  .  .  B  W\6
<       7\.  .  W  .  W  .  .  .  .  .  .\7
<        8\.  W  .  .  .  .  .  .  .  .  .\8
<         9\.  B  .  .  .  .  .  .  .  .  W\9
<         10\.  .  .  .  .  .  B  .  .  B  .\10
<          11\.  .  .  .  .  .  B  .  .  .  .\11
<              a  b  c  d  e  f  g  h  i  j  k  
<
>genmove b
<= j9
<
>showboard
09f27 info: Best move cannot be determined, must search state.
09f27 info: --- MoHexPlayer::Search() ---
09f27 info: Color: black
09f27 info: MaxGames: 1
09f27 info: NumberThreads: 1
09f27 info: MaxNodes: 9090 (799920 bytes)
09f27 info: TimeForMove: 1
09f27 info: Time for PreSearch: 0.149427s
09f27 info: 
  f605e5f6c2200802
  a  b  c  d  e  f  g  h  i  j  k  
 1\b  b  b  b  b  .  .  .  .  W  *\1
  2\b  B  .  .  W  *  *  *  *  *  *\2
   3\.  .  *  *  *  *  *  B  W  *  *\3
    4\*  *  *  *  *  *  *  *  *  *  *\4
     5\.  *  *  *  *  *  *  *  *  *  .\5
      6\w  .  *  B  *  *  *  *  *  B  W\6
       7\w  w  W  *  W  *  *  *  *  *  w\7
        8\w  W  *  *  *  *  *  *  *  .  w\8
         9\w  B  *  *  *  *  *  .  .  .  W\9
         10\.  *  *  *  .  .  B  b  b  B  b\10
          11\.  .  .  .  b  b  B  b  b  b  b\11
              a  b  c  d  e  f  g  h  i  j  k  
09f27 info: Old: [black, h3] [white, swap-pieces] [white, k6] [black, j10] [white, j1] [black, g11] [white, e7] [black, j6] [white, e2] [black, b2] [white, c7] [black, d6] [white, k9] [black, g10] [white, i3] 
09f27 info: New: [black, h3] [white, swap-pieces] [white, k6] [black, j10] [white, j1] [black, g11] [white, e7] [black, j6] [white, e2] [black, b2] [white, c7] [black, d6] [white, k9] [black, g10] [white, i3] [black, b9] [white, b8] 
09f27 info: MovesPlayed: [black, b9] [white, b8] 
09f27 info: No subtree to reuse.
09f27 info: StartSearch()[0]
SgUctSearch: max games reached
09f27 info: 
Elapsed Time   0.296552s
Count          1
GamesPlayed    1
Nodes          1
Knowledge      0 (0.0%)
Expansions     0.0
Time           0.00
GameLen        83.0 dev=0.0 min=83.0 max=83.0
InTree         0.0 dev=0.0 min=0.0 max=0.0
KnowDepth      -
Aborted        0%
Games/s        3533.6
Score          1.00
Sequence      
09f27 info: 
09f27 warning: **** MoHexSearch returned empty sequence!
09f27 warning: **** Returning random move!
<= 
< 
<  a96992d9972e1dbc
<  a  b  c  d  e  f  g  h  i  j  k  
< 1\.  .  .  .  .  .  .  .  .  W  .\1
<  2\.  B  .  .  W  .  .  .  .  .  .\2
<   3\.  .  .  .  .  .  .  B  W  .  .\3
<    4\.  .  .  .  .  .  .  .  .  .  .\4
<     5\.  .  .  .  .  .  .  .  .  .  .\5
<      6\.  .  .  B  .  .  .  .  .  B  W\6
<       7\.  .  W  .  W  .  .  .  .  .  .\7
<        8\.  W  .  .  .  .  .  .  .  .  .\8
<         9\.  B  .  .  .  .  .  .  .  B  W\9
<         10\.  .  .  .  .  .  B  .  .  B  .\10
<          11\.  .  .  .  .  .  B  .  .  .  .\11
<              a  b  c  d  e  f  g  h  i  j  k  
<
>play w h1
<= 
<
>showboard
<= 
< 
<  36c8859291fc0ca6
<  a  b  c  d  e  f  g  h  i  j  k  
< 1\.  .  .  .  .  .  .  W  .  W  .\1
<  2\.  B  .  .  W  .  .  .  .  .  .\2
<   3\.  .  .  .  .  .  .  B  W  .  .\3
<    4\.  .  .  .  .  .  .  .  .  .  .\4
<     5\.  .  .  .  .  .  .  .  .  .  .\5
<      6\.  .  .  B  .  .  .  .  .  B  W\6
<       7\.  .  W  .  W  .  .  .  .  .  .\7
<        8\.  W  .  .  .  .  .  .  .  .  .\8
<         9\.  B  .  .  .  .  .  .  .  B  W\9
<         10\.  .  .  .  .  .  B  .  .  B  .\10
<          11\.  .  .  .  .  .  B  .  .  .  .\11
<              a  b  c  d  e  f  g  h  i  j  k  
<
>genmove b
<= h2
<
>showboard
09f27 info: Best move cannot be determined, must search state.
09f27 info: --- MoHexPlayer::Search() ---
09f27 info: Color: black
09f27 info: MaxGames: 1
09f27 info: NumberThreads: 1
09f27 info: MaxNodes: 9090 (799920 bytes)
09f27 info: TimeForMove: 1
09f27 info: Time for PreSearch: 0.136374s
09f27 info: 
  36c8859291fc0ca6
  a  b  c  d  e  f  g  h  i  j  k  
 1\b  b  b  b  b  .  .  W  *  W  *\1
  2\b  B  .  .  W  *  *  *  *  *  *\2
   3\.  .  *  *  *  *  *  B  W  *  *\3
    4\*  *  *  *  *  *  *  *  *  *  *\4
     5\.  *  *  *  *  *  *  *  *  *  .\5
      6\w  .  *  B  *  *  *  *  *  B  W\6
       7\w  w  W  *  W  *  *  *  *  *  w\7
        8\w  W  *  *  *  *  *  *  *  .  w\8
         9\w  B  *  *  *  *  *  .  b  B  W\9
         10\.  *  *  *  .  .  B  b  b  B  b\10
          11\.  .  .  .  b  b  B  b  b  b  b\11
              a  b  c  d  e  f  g  h  i  j  k  
09f27 info: Old: [black, h3] [white, swap-pieces] [white, k6] [black, j10] [white, j1] [black, g11] [white, e7] [black, j6] [white, e2] [black, b2] [white, c7] [black, d6] [white, k9] [black, g10] [white, i3] [black, b9] [white, b8] 
09f27 info: New: [black, h3] [white, swap-pieces] [white, k6] [black, j10] [white, j1] [black, g11] [white, e7] [black, j6] [white, e2] [black, b2] [white, c7] [black, d6] [white, k9] [black, g10] [white, i3] [black, b9] [white, b8] [black, j9] [white, h1] 
09f27 info: MovesPlayed: [black, j9] [white, h1] 
09f27 info: No subtree to reuse.
09f27 info: StartSearch()[0]
SgUctSearch: max games reached
09f27 info: 
Elapsed Time   0.277927s
Count          1
GamesPlayed    1
Nodes          1
Knowledge      0 (0.0%)
Expansions     0.0
Time           0.00
GameLen        80.0 dev=0.0 min=80.0 max=80.0
InTree         0.0 dev=0.0 min=0.0 max=0.0
KnowDepth      -
Aborted        0%
Games/s        3663.0
Score          1.00
Sequence      
09f27 info: 
09f27 warning: **** MoHexSearch returned empty sequence!
09f27 warning: **** Returning random move!
<= 
< 
<  521d109530c3f33b
<  a  b  c  d  e  f  g  h  i  j  k  
< 1\.  .  .  .  .  .  .  W  .  W  .\1
<  2\.  B  .  .  W  .  .  B  .  .  .\2
<   3\.  .  .  .  .  .  .  B  W  .  .\3
<    4\.  .  .  .  .  .  .  .  .  .  .\4
<     5\.  .  .  .  .  .  .  .  .  .  .\5
<      6\.  .  .  B  .  .  .  .  .  B  W\6
<       7\.  .  W  .  W  .  .  .  .  .  .\7
<        8\.  W  .  .  .  .  .  .  .  .  .\8
<         9\.  B  .  .  .  .  .  .  .  B  W\9
<         10\.  .  .  .  .  .  B  .  .  B  .\10
<          11\.  .  .  .  .  .  B  .  .  .  .\11
<              a  b  c  d  e  f  g  h  i  j  k  
<
>play w c5
<= 
<
>showboard
<= 
< 
<  155f9e0ed4601c5b
<  a  b  c  d  e  f  g  h  i  j  k  
< 1\.  .  .  .  .  .  .  W  .  W  .\1
<  2\.  B  .  .  W  .  .  B  .  .  .\2
<   3\.  .  .  .  .  .  .  B  W  .  .\3
<    4\.  .  .  .  .  .  .  .  .  .  .\4
<     5\.  .  W  .  .  .  .  .  .  .  .\5
<      6\.  .  .  B  .  .  .  .  .  B  W\6
<       7\.  .  W  .  W  .  .  .  .  .  .\7
<        8\.  W  .  .  .  .  .  .  .  .  .\8
<         9\.  B  .  .  .  .  .  .  .  B  W\9
<         10\.  .  .  .  .  .  B  .  .  B  .\10
<          11\.  .  .  .  .  .  B  .  .  .  .\11
<              a  b  c  d  e  f  g  h  i  j  k  
<
>genmove b
<= a11
<
>showboard
09f27 info: Best move cannot be determined, must search state.
09f27 info: --- MoHexPlayer::Search() ---
09f27 info: Color: black
09f27 info: MaxGames: 1
09f27 info: NumberThreads: 1
09f27 info: MaxNodes: 9090 (799920 bytes)
09f27 info: TimeForMove: 1
09f27 info: Time for PreSearch: 0.111691s
09f27 info: 
  155f9e0ed4601c5b
  a  b  c  d  e  f  g  h  i  j  k  
 1\b  b  b  b  b  .  .  W  .  W  *\1
  2\b  B  b  .  W  *  .  B  .  *  *\2
   3\w  b  .  *  *  *  *  B  W  *  *\3
    4\w  w  .  *  *  *  *  *  *  *  *\4
     5\w  w  W  *  *  *  *  *  *  *  .\5
      6\b  w  w  B  *  *  *  *  *  B  W\6
       7\w  w  W  *  W  *  *  *  *  *  w\7
        8\w  W  *  *  *  *  *  *  *  .  w\8
         9\w  B  *  *  *  *  *  .  b  B  W\9
         10\.  *  *  *  .  .  B  b  b  B  b\10
          11\.  .  .  .  b  b  B  b  b  b  b\11
              a  b  c  d  e  f  g  h  i  j  k  
09f27 info: Old: [black, h3] [white, swap-pieces] [white, k6] [black, j10] [white, j1] [black, g11] [white, e7] [black, j6] [white, e2] [black, b2] [white, c7] [black, d6] [white, k9] [black, g10] [white, i3] [black, b9] [white, b8] [black, j9] [white, h1] 
09f27 info: New: [black, h3] [white, swap-pieces] [white, k6] [black, j10] [white, j1] [black, g11] [white, e7] [black, j6] [white, e2] [black, b2] [white, c7] [black, d6] [white, k9] [black, g10] [white, i3] [black, b9] [white, b8] [black, j9] [white, h1] [black, h2] [white, c5] 
09f27 info: MovesPlayed: [black, h2] [white, c5] 
09f27 info: No subtree to reuse.
09f27 info: StartSearch()[0]
SgUctSearch: max games reached
09f27 info: 
Elapsed Time   0.256073s
Count          1
GamesPlayed    1
Nodes          1
Knowledge      0 (0.0%)
Expansions     0.0
Time           0.00
GameLen        69.0 dev=0.0 min=69.0 max=69.0
InTree         0.0 dev=0.0 min=0.0 max=0.0
KnowDepth      -
Aborted        0%
Games/s        3610.1
Score          1.00
Sequence      
09f27 info: 
09f27 warning: **** MoHexSearch returned empty sequence!
09f27 warning: **** Returning random move!
<= 
< 
<  1ceec2d3546276b2
<  a  b  c  d  e  f  g  h  i  j  k  
< 1\.  .  .  .  .  .  .  W  .  W  .\1
<  2\.  B  .  .  W  .  .  B  .  .  .\2
<   3\.  .  .  .  .  .  .  B  W  .  .\3
<    4\.  .  .  .  .  .  .  .  .  .  .\4
<     5\.  .  W  .  .  .  .  .  .  .  .\5
<      6\.  .  .  B  .  .  .  .  .  B  W\6
<       7\.  .  W  .  W  .  .  .  .  .  .\7
<        8\.  W  .  .  .  .  .  .  .  .  .\8
<         9\.  B  .  .  .  .  .  .  .  B  W\9
<         10\.  .  .  .  .  .  B  .  .  B  .\10
<          11\B  .  .  .  .  .  B  .  .  .  .\11
<              a  b  c  d  e  f  g  h  i  j  k  
<
>play w g1
<= 
<
>showboard
<= 
< 
<  bcb7ce392edc0241
<  a  b  c  d  e  f  g  h  i  j  k  
< 1\.  .  .  .  .  .  W  W  .  W  .\1
<  2\.  B  .  .  W  .  .  B  .  .  .\2
<   3\.  .  .  .  .  .  .  B  W  .  .\3
<    4\.  .  .  .  .  .  .  .  .  .  .\4
<     5\.  .  W  .  .  .  .  .  .  .  .\5
<      6\.  .  .  B  .  .  .  .  .  B  W\6
<       7\.  .  W  .  W  .  .  .  .  .  .\7
<        8\.  W  .  .  .  .  .  .  .  .  .\8
<         9\.  B  .  .  .  .  .  .  .  B  W\9
<         10\.  .  .  .  .  .  B  .  .  B  .\10
<          11\B  .  .  .  .  .  B  .  .  .  .\11
<              a  b  c  d  e  f  g  h  i  j  k  
<
>genmove b
<= b11
<
>showboard
09f27 info: Best move cannot be determined, must search state.
09f27 info: --- MoHexPlayer::Search() ---
09f27 info: Color: black
09f27 info: MaxGames: 1
09f27 info: NumberThreads: 1
09f27 info: MaxNodes: 9090 (799920 bytes)
09f27 info: TimeForMove: 1
09f27 info: Time for PreSearch: 0.104684s
09f27 info: 
  bcb7ce392edc0241
  a  b  c  d  e  f  g  h  i  j  k  
 1\b  b  b  b  b  .  W  W  *  W  *\1
  2\b  B  b  .  W  *  .  B  .  *  *\2
   3\w  b  .  *  *  *  .  B  W  *  *\3
    4\w  w  .  *  *  *  *  *  *  *  *\4
     5\w  w  W  *  *  *  *  *  *  *  .\5
      6\b  w  w  B  *  *  *  *  *  B  W\6
       7\w  w  W  *  W  *  *  *  *  *  w\7
        8\w  W  *  *  *  *  *  *  *  .  w\8
         9\w  B  *  *  *  *  *  .  b  B  W\9
         10\.  .  .  .  .  .  B  b  b  B  b\10
          11\B  .  .  .  b  b  B  b  b  b  b\11
              a  b  c  d  e  f  g  h  i  j  k  
09f27 info: Old: [black, h3] [white, swap-pieces] [white, k6] [black, j10] [white, j1] [black, g11] [white, e7] [black, j6] [white, e2] [black, b2] [white, c7] [black, d6] [white, k9] [black, g10] [white, i3] [black, b9] [white, b8] [black, j9] [white, h1] [black, h2] [white, c5] 
09f27 info: New: [black, h3] [white, swap-pieces] [white, k6] [black, j10] [white, j1] [black, g11] [white, e7] [black, j6] [white, e2] [black, b2] [white, c7] [black, d6] [white, k9] [black, g10] [white, i3] [black, b9] [white, b8] [black, j9] [white, h1] [black, h2] [white, c5] [black, a11] [white, g1] 
09f27 info: MovesPlayed: [black, a11] [white, g1] 
09f27 info: No subtree to reuse.
09f27 info: StartSearch()[0]
SgUctSearch: max games reached
09f27 info: 
Elapsed Time   0.253127s
Count          1
GamesPlayed    1
Nodes          1
Knowledge      0 (0.0%)
Expansions     0.0
Time           0.00
GameLen        67.0 dev=0.0 min=67.0 max=67.0
InTree         0.0 dev=0.0 min=0.0 max=0.0
KnowDepth      -
Aborted        0%
Games/s        4166.7
Score          1.00
Sequence      
09f27 info: 
09f27 warning: **** MoHexSearch returned empty sequence!
09f27 warning: **** Returning random move!
<= 
< 
<  b20a04db65de576e
<  a  b  c  d  e  f  g  h  i  j  k  
< 1\.  .  .  .  .  .  W  W  .  W  .\1
<  2\.  B  .  .  W  .  .  B  .  .  .\2
<   3\.  .  .  .  .  .  .  B  W  .  .\3
<    4\.  .  .  .  .  .  .  .  .  .  .\4
<     5\.  .  W  .  .  .  .  .  .  .  .\5
<      6\.  .  .  B  .  .  .  .  .  B  W\6
<       7\.  .  W  .  W  .  .  .  .  .  .\7
<        8\.  W  .  .  .  .  .  .  .  .  .\8
<         9\.  B  .  .  .  .  .  .  .  B  W\9
<         10\.  .  .  .  .  .  B  .  .  B  .\10
<          11\B  B  .  .  .  .  B  .  .  .  .\11
<              a  b  c  d  e  f  g  h  i  j  k  
<
>play w g4
<= 
<
>showboard
<= 
< 
<  c09e8f35b553f299
<  a  b  c  d  e  f  g  h  i  j  k  
< 1\.  .  .  .  .  .  W  W  .  W  .\1
<  2\.  B  .  .  W  .  .  B  .  .  .\2
<   3\.  .  .  .  .  .  .  B  W  .  .\3
<    4\.  .  .  .  .  .  W  .  .  .  .\4
<     5\.  .  W  .  .  .  .  .  .  .  .\5
<      6\.  .  .  B  .  .  .  .  .  B  W\6
<       7\.  .  W  .  W  .  .  .  .  .  .\7
<        8\.  W  .  .  .  .  .  .  .  .  .\8
<         9\.  B  .  .  .  .  .  .  .  B  W\9
<         10\.  .  .  .  .  .  B  .  .  B  .\10
<          11\B  B  .  .  .  .  B  .  .  .  .\11
<              a  b  c  d  e  f  g  h  i  j  k  
<
>genmove b
<= g8
<
>showboard
09f27 info: Best move cannot be determined, must search state.
09f27 info: --- MoHexPlayer::Search() ---
09f27 info: Color: black
09f27 info: MaxGames: 1
09f27 info: NumberThreads: 1
09f27 info: MaxNodes: 9090 (799920 bytes)
09f27 info: TimeForMove: 1
09f27 info: Time for PreSearch: 0.078745s
09f27 info: 
  c09e8f35b553f299
  a  b  c  d  e  f  g  h  i  j  k  
 1\b  b  b  b  b  .  W  W  *  W  *\1
  2\b  B  b  .  W  *  .  B  .  *  .\2
   3\w  b  .  *  *  *  .  B  W  *  *\3
    4\w  w  .  *  *  *  W  *  *  *  *\4
     5\w  w  W  *  *  *  *  *  *  *  .\5
      6\b  w  w  B  *  *  *  *  *  B  W\6
       7\w  w  W  *  W  *  *  *  *  *  w\7
        8\w  W  .  .  *  *  *  *  *  .  w\8
         9\w  B  .  .  .  *  .  .  b  B  W\9
         10\b  b  b  .  .  .  B  b  b  B  b\10
          11\B  B  b  b  b  b  B  b  b  b  b\11
              a  b  c  d  e  f  g  h  i  j  k  
09f27 info: Old: [black, h3] [white, swap-pieces] [white, k6] [black, j10] [white, j1] [black, g11] [white, e7] [black, j6] [white, e2] [black, b2] [white, c7] [black, d6] [white, k9] [black, g10] [white, i3] [black, b9] [white, b8] [black, j9] [white, h1] [black, h2] [white, c5] [black, a11] [white, g1] 
09f27 info: New: [black, h3] [white, swap-pieces] [white, k6] [black, j10] [white, j1] [black, g11] [white, e7] [black, j6] [white, e2] [black, b2] [white, c7] [black, d6] [white, k9] [black, g10] [white, i3] [black, b9] [white, b8] [black, j9] [white, h1] [black, h2] [white, c5] [black, a11] [white, g1] [black, b11] [white, g4] 
09f27 info: MovesPlayed: [black, b11] [white, g4] 
09f27 info: No subtree to reuse.
09f27 info: StartSearch()[0]
SgUctSearch: max games reached
09f27 info: 
Elapsed Time   0.222801s
Count          1
GamesPlayed    1
Nodes          1
Knowledge      0 (0.0%)
Expansions     0.0
Time           0.00
GameLen        60.0 dev=0.0 min=60.0 max=60.0
InTree         0.0 dev=0.0 min=0.0 max=0.0
KnowDepth      -
Aborted        0%
Games/s        2570.7
Score          1.00
Sequence      
09f27 info: 
09f27 warning: **** MoHexSearch returned empty sequence!
09f27 warning: **** Returning random move!
<= 
< 
<  c63d9d8eb45f1fff
<  a  b  c  d  e  f  g  h  i  j  k  
< 1\.  .  .  .  .  .  W  W  .  W  .\1
<  2\.  B  .  .  W  .  .  B  .  .  .\2
<   3\.  .  .  .  .  .  .  B  W  .  .\3
<    4\.  .  .  .  .  .  W  .  .  .  .\4
<     5\.  .  W  .  .  .  .  .  .  .  .\5
<      6\.  .  .  B  .  .  .  .  .  B  W\6
<       7\.  .  W  .  W  .  .  .  .  .  .\7
<        8\.  W  .  .  .  .  B  .  .  .  .\8
<         9\.  B  .  .  .  .  .  .  .  B  W\9
<         10\.  .  .  .  .  .  B  .  .  B  .\10
<          11\B  B  .  .  .  .  B  .  .  .  .\11
<              a  b  c  d  e  f  g  h  i  j  k  
<
>play w i1
<= 
<
>showboard
<= 
< 
<  ae485b7ad802feca
<  a  b  c  d  e  f  g  h  i  j  k  
< 1\.  .  .  .  .  .  W  W  W  W  .\1
<  2\.  B  .  .  W  .  .  B  .  .  .\2
<   3\.  .  .  .  .  .  .  B  W  .  .\3
<    4\.  .  .  .  .  .  W  .  .  .  .\4
<     5\.  .  W  .  .  .  .  .  .  .  .\5
<      6\.  .  .  B  .  .  .  .  .  B  W\6
<       7\.  .  W  .  W  .  .  .  .  .  .\7
<        8\.  W  .  .  .  .  B  .  .  .  .\8
<         9\.  B  .  .  .  .  .  .  .  B  W\9
<         10\.  .  .  .  .  .  B  .  .  B  .\10
<          11\B  B  .  .  .  .  B  .  .  .  .\11
<              a  b  c  d  e  f  g  h  i  j  k  
<
>genmove b
<= d3
<
>showboard
09f27 info: Opponent has won; playing most blocking move.
<= 
< 
<  37040804b31ff11d
<  a  b  c  d  e  f  g  h  i  j  k  
< 1\.  .  .  .  .  .  W  W  W  W  .\1
<  2\.  B  .  .  W  .  .  B  .  .  .\2
<   3\.  .  .  B  .  .  .  B  W  .  .\3
<    4\.  .  .  .  .  .  W  .  .  .  .\4
<     5\.  .  W  .  .  .  .  .  .  .  .\5
<      6\.  .  .  B  .  .  .  .  .  B  W\6
<       7\.  .  W  .  W  .  .  .  .  .  .\7
<        8\.  W  .  .  .  .  B  .  .  .  .\8
<         9\.  B  .  .  .  .  .  .  .  B  W\9
<         10\.  .  .  .  .  .  B  .  .  B  .\10
<          11\B  B  .  .  .  .  B  .  .  .  .\11
<              a  b  c  d  e  f  g  h  i  j  k  
<
>play w e4
<= 
<
>showboard
<= 
< 
<  7e20bf406f7eccde
<  a  b  c  d  e  f  g  h  i  j  k  
< 1\.  .  .  .  .  .  W  W  W  W  .\1
<  2\.  B  .  .  W  .  .  B  .  .  .\2
<   3\.  .  .  B  .  .  .  B  W  .  .\3
<    4\.  .  .  .  W  .  W  .  .  .  .\4
<     5\.  .  W  .  .  .  .  .  .  .  .\5
<      6\.  .  .  B  .  .  .  .  .  B  W\6
<       7\.  .  W  .  W  .  .  .  .  .  .\7
<        8\.  W  .  .  .  .  B  .  .  .  .\8
<         9\.  B  .  .  .  .  .  .  .  B  W\9
<         10\.  .  .  .  .  .  B  .  .  B  .\10
<          11\B  B  .  .  .  .  B  .  .  .  .\11
<              a  b  c  d  e  f  g  h  i  j  k  
<
>genmove b
<= f4
<
>showboard
09f27 info: Opponent has won; playing most blocking move.
<= 
< 
<  64fe810687eacfbe
<  a  b  c  d  e  f  g  h  i  j  k  
< 1\.  .  .  .  .  .  W  W  W  W  .\1
<  2\.  B  .  .  W  .  .  B  .  .  .\2
<   3\.  .  .  B  .  .  .  B  W  .  .\3
<    4\.  .  .  .  W  B  W  .  .  .  .\4
<     5\.  .  W  .  .  .  .  .  .  .  .\5
<      6\.  .  .  B  .  .  .  .  .  B  W\6
<       7\.  .  W  .  W  .  .  .  .  .  .\7
<        8\.  W  .  .  .  .  B  .  .  .  .\8
<         9\.  B  .  .  .  .  .  .  .  B  W\9
<         10\.  .  .  .  .  .  B  .  .  B  .\10
<          11\B  B  .  .  .  .  B  .  .  .  .\11
<              a  b  c  d  e  f  g  h  i  j  k  
<
>play w f2
<= 
<
>showboard
<= 
< 
<  9f56f05d601f4de5
<  a  b  c  d  e  f  g  h  i  j  k  
< 1\.  .  .  .  .  .  W  W  W  W  .\1
<  2\.  B  .  .  W  W  .  B  .  .  .\2
<   3\.  .  .  B  .  .  .  B  W  .  .\3
<    4\.  .  .  .  W  B  W  .  .  .  .\4
<     5\.  .  W  .  .  .  .  .  .  .  .\5
<      6\.  .  .  B  .  .  .  .  .  B  W\6
<       7\.  .  W  .  W  .  .  .  .  .  .\7
<        8\.  W  .  .  .  .  B  .  .  .  .\8
<         9\.  B  .  .  .  .  .  .  .  B  W\9
<         10\.  .  .  .  .  .  B  .  .  B  .\10
<          11\B  B  .  .  .  .  B  .  .  .  .\11
<              a  b  c  d  e  f  g  h  i  j  k  
<
>genmove b
<= f3
<
>showboard
09f27 info: Opponent has won; playing most blocking move.
<= 
< 
<  15e86ddbed613dce
<  a  b  c  d  e  f  g  h  i  j  k  
< 1\.  .  .  .  .  .  W  W  W  W  .\1
<  2\.  B  .  .  W  W  .  B  .  .  .\2
<   3\.  .  .  B  .  B  .  B  W  .  .\3
<    4\.  .  .  .  W  B  W  .  .  .  .\4
<     5\.  .  W  .  .  .  .  .  .  .  .\5
<      6\.  .  .  B  .  .  .  .  .  B  W\6
<       7\.  .  W  .  W  .  .  .  .  .  .\7
<        8\.  W  .  .  .  .  B  .  .  .  .\8
<         9\.  B  .  .  .  .  .  .  .  B  W\9
<         10\.  .  .  .  .  .  B  .  .  B  .\10
<          11\B  B  .  .  .  .  B  .  .  .  .\11
<              a  b  c  d  e  f  g  h  i  j  k  
<
>play w e3
<= 
<
>showboard
<= 
< 
<  fbaccc7cac6d9e14
<  a  b  c  d  e  f  g  h  i  j  k  
< 1\.  .  .  .  .  .  W  W  W  W  .\1
<  2\.  B  .  .  W  W  .  B  .  .  .\2
<   3\.  .  .  B  W  B  .  B  W  .  .\3
<    4\.  .  .  .  W  B  W  .  .  .  .\4
<     5\.  .  W  .  .  .  .  .  .  .  .\5
<      6\.  .  .  B  .  .  .  .  .  B  W\6
<       7\.  .  W  .  W  .  .  .  .  .  .\7
<        8\.  W  .  .  .  .  B  .  .  .  .\8
<         9\.  B  .  .  .  .  .  .  .  B  W\9
<         10\.  .  .  .  .  .  B  .  .  B  .\10
<          11\B  B  .  .  .  .  B  .  .  .  .\11
<              a  b  c  d  e  f  g  h  i  j  k  
<
>genmove b
<= j2
<
>showboard
09f27 info: Opponent has won; playing most blocking move.
<= 
< 
<  9cc06a35bf31993a
<  a  b  c  d  e  f  g  h  i  j  k  
< 1\.  .  .  .  .  .  W  W  W  W  .\1
<  2\.  B  .  .  W  W  .  B  .  B  .\2
<   3\.  .  .  B  W  B  .  B  W  .  .\3
<    4\.  .  .  .  W  B  W  .  .  .  .\4
<     5\.  .  W  .  .  .  .  .  .  .  .\5
<      6\.  .  .  B  .  .  .  .  .  B  W\6
<       7\.  .  W  .  W  .  .  .  .  .  .\7
<        8\.  W  .  .  .  .  B  .  .  .  .\8
<         9\.  B  .  .  .  .  .  .  .  B  W\9
<         10\.  .  .  .  .  .  B  .  .  B  .\10
<          11\B  B  .  .  .  .  B  .  .  .  .\11
<              a  b  c  d  e  f  g  h  i  j  k  
<
>play w k1
<= 
<
>showboard
<= 
< 
<  226d04f79234ddf7
<  a  b  c  d  e  f  g  h  i  j  k  
< 1\.  .  .  .  .  .  W  W  W  W  W\1
<  2\.  B  .  .  W  W  .  B  .  B  .\2
<   3\.  .  .  B  W  B  .  B  W  .  .\3
<    4\.  .  .  .  W  B  W  .  .  .  .\4
<     5\.  .  W  .  .  .  .  .  .  .  .\5
<      6\.  .  .  B  .  .  .  .  .  B  W\6
<       7\.  .  W  .  W  .  .  .  .  .  .\7
<        8\.  W  .  .  .  .  B  .  .  .  .\8
<         9\.  B  .  .  .  .  .  .  .  B  W\9
<         10\.  .  .  .  .  .  B  .  .  B  .\10
<          11\B  B  .  .  .  .  B  .  .  .  .\11
<              a  b  c  d  e  f  g  h  i  j  k  
<
>genmove b
<= d4
<
>showboard
09f27 info: Captured cells caused win! Removing...
09f27 info: Opponent has won; playing most blocking move.
<= 
< 
<  1798116d6b9b08df
<  a  b  c  d  e  f  g  h  i  j  k  
< 1\.  .  .  .  .  .  W  W  W  W  W\1
<  2\.  B  .  .  W  W  .  B  .  B  .\2
<   3\.  .  .  B  W  B  .  B  W  .  .\3
<    4\.  .  .  B  W  B  W  .  .  .  .\4
<     5\.  .  W  .  .  .  .  .  .  .  .\5
<      6\.  .  .  B  .  .  .  .  .  B  W\6
<       7\.  .  W  .  W  .  .  .  .  .  .\7
<        8\.  W  .  .  .  .  B  .  .  .  .\8
<         9\.  B  .  .  .  .  .  .  .  B  W\9
<         10\.  .  .  .  .  .  B  .  .  B  .\10
<          11\B  B  .  .  .  .  B  .  .  .  .\11
<              a  b  c  d  e  f  g  h  i  j  k  
<
>play w d5
<= 
<
>showboard
<= 
< 
<  6b52fa3ffa5ec086
<  a  b  c  d  e  f  g  h  i  j  k  
< 1\.  .  .  .  .  .  W  W  W  W  W\1
<  2\.  B  .  .  W  W  .  B  .  B  .\2
<   3\.  .  .  B  W  B  .  B  W  .  .\3
<    4\.  .  .  B  W  B  W  .  .  .  .\4
<     5\.  .  W  W  .  .  .  .  .  .  .\5
<      6\.  .  .  B  .  .  .  .  .  B  W\6
<       7\.  .  W  .  W  .  .  .  .  .  .\7
<        8\.  W  .  .  .  .  B  .  .  .  .\8
<         9\.  B  .  .  .  .  .  .  .  B  W\9
<         10\.  .  .  .  .  .  B  .  .  B  .\10
<          11\B  B  .  .  .  .  B  .  .  .  .\11
<              a  b  c  d  e  f  g  h  i  j  k  
<
>genmove b
<= a5
<
>showboard
09f27 info: Captured cells caused win! Removing...
09f27 info: Opponent has won; playing most blocking move.
<= 
< 
<  c6e3fc8e8cfb73ff
<  a  b  c  d  e  f  g  h  i  j  k  
< 1\.  .  .  .  .  .  W  W  W  W  W\1
<  2\.  B  .  .  W  W  .  B  .  B  .\2
<   3\.  .  .  B  W  B  .  B  W  .  .\3
<    4\.  .  .  B  W  B  W  .  .  .  .\4
<     5\B  .  W  W  .  .  .  .  .  .  .\5
<      6\.  .  .  B  .  .  .  .  .  B  W\6
<       7\.  .  W  .  W  .  .  .  .  .  .\7
<        8\.  W  .  .  .  .  B  .  .  .  .\8
<         9\.  B  .  .  .  .  .  .  .  B  W\9
<         10\.  .  .  .  .  .  B  .  .  B  .\10
<          11\B  B  .  .  .  .  B  .  .  .  .\11
<              a  b  c  d  e  f  g  h  i  j  k  
<
>play w c6
<= 
<
>showboard
<= 
< 
<  83a119b7652928bf
<  a  b  c  d  e  f  g  h  i  j  k  
< 1\.  .  .  .  .  .  W  W  W  W  W\1
<  2\.  B  .  .  W  W  .  B  .  B  .\2
<   3\.  .  .  B  W  B  .  B  W  .  .\3
<    4\.  .  .  B  W  B  W  .  .  .  .\4
<     5\B  .  W  W  .  .  .  .  .  .  .\5
<      6\.  .  W  B  .  .  .  .  .  B  W\6
<       7\.  .  W  .  W  .  .  .  .  .  .\7
<        8\.  W  .  .  .  .  B  .  .  .  .\8
<         9\.  B  .  .  .  .  .  .  .  B  W\9
<         10\.  .  .  .  .  .  B  .  .  B  .\10
<          11\B  B  .  .  .  .  B  .  .  .  .\11
<              a  b  c  d  e  f  g  h  i  j  k  
<
>genmove b
<= a8
<
>showboard
09f27 info: Captured cells caused win! Removing...
09f27 info: Opponent has won; playing most blocking move.
<= 
< 
<  ff7192492f0ed6ff
<  a  b  c  d  e  f  g  h  i  j  k  
< 1\.  .  .  .  .  .  W  W  W  W  W\1
<  2\.  B  .  .  W  W  .  B  .  B  .\2
<   3\.  .  .  B  W  B  .  B  W  .  .\3
<    4\.  .  .  B  W  B  W  .  .  .  .\4
<     5\B  .  W  W  .  .  .  .  .  .  .\5
<      6\.  .  W  B  .  .  .  .  .  B  W\6
<       7\.  .  W  .  W  .  .  .  .  .  .\7
<        8\B  W  .  .  .  .  B  .  .  .  .\8
<         9\.  B  .  .  .  .  .  .  .  B  W\9
<         10\.  .  .  .  .  .  B  .  .  B  .\10
<          11\B  B  .  .  .  .  B  .  .  .  .\11
<              a  b  c  d  e  f  g  h  i  j  k  
<
>play w a9
<= 
<
>showboard
<= 
< 
<  3d974f17c0db9de9
<  a  b  c  d  e  f  g  h  i  j  k  
< 1\.  .  .  .  .  .  W  W  W  W  W\1
<  2\.  B  .  .  W  W  .  B  .  B  .\2
<   3\.  .  .  B  W  B  .  B  W  .  .\3
<    4\.  .  .  B  W  B  W  .  .  .  .\4
<     5\B  .  W  W  .  .  .  .  .  .  .\5
<      6\.  .  W  B  .  .  .  .  .  B  W\6
<       7\.  .  W  .  W  .  .  .  .  .  .\7
<        8\B  W  .  .  .  .  B  .  .  .  .\8
<         9\W  B  .  .  .  .  .  .  .  B  W\9
<         10\.  .  .  .  .  .  B  .  .  B  .\10
<          11\B  B  .  .  .  .  B  .  .  .  .\11
<              a  b  c  d  e  f  g  h  i  j  k  
<
>genmove b
<= resign
<
>showboard
<= 
< 
<  3d974f17c0db9de9
<  a  b  c  d  e  f  g  h  i  j  k  
< 1\.  .  .  .  .  .  W  W  W  W  W\1
<  2\.  B  .  .  W  W  .  B  .  B  .\2
<   3\.  .  .  B  W  B  .  B  W  .  .\3
<    4\.  .  .  B  W  B  W  .  .  .  .\4
<     5\B  .  W  W  .  .  .  .  .  .  .\5
<      6\.  .  W  B  .  .  .  .  .  B  W\6
<       7\.  .  W  .  W  .  .  .  .  .  .\7
<        8\B  W  .  .  .  .  B  .  .  .  .\8
<         9\W  B  .  .  .  .  .  .  .  B  W\9
<         10\.  .  .  .  .  .  B  .  .  B  .\10
<          11\B  B  .  .  .  .  B  .  .  .  .\11
<              a  b  c  d  e  f  g  h  i  j  k  
<
>final_score
<= W+
<
>quit
<= 
<
