# nice ../build/src/mohex/mohex --config mohex-cg2010.htp --seed 243969 --logfile-name jobs/11x11-mohex-mohex-cg2010-vs-mohex-mohex-weak-3/mohex-mohex-cg2010-253.log
>boardsize 11 11
MoHex 2.0.CMake Mar 21 2025
Copyright (C) 2007-2012 by the authors of the Benzene project.
This program comes with ABSOLUTELY NO WARRANTY. This is
free software and you are welcome to redistribute it under
certain conditions. Type `benzene-license' for details.

SgRandom::SetSeed: 243969
SgUctSearch: system memory 33632358400, using 1000000000 (5681818 nodes)
SgRandom::SetSeed: 1
SgRandom::SetSeed: 243969
2b507 info: Prior Patterns:
2b507 info: Global:
2b507 info: Size            = 565 32648 
2b507 info: TableEntries    = 65932 65910
2b507 info: MirrorsAdded    = 0 0
2b507 info: PrunableCount   = 30593 30629
2b507 info: LargestGamma    = 5820.77
2b507 info: SmallestGamma   = 6.6e-05
2b507 info: Local:
2b507 info: Size            = 550 5318 
2b507 info: TableEntries    = 11602 11588
2b507 info: MirrorsAdded    = 0 0
2b507 info: PrunableCount   = 3659 3667
2b507 info: LargestGamma    = 11281.8
2b507 info: SmallestGamma   = 0.026235
2b507 info: Playout Patterns:
2b507 info: Global:
2b507 info: Size            = 565 32648 
2b507 info: TableEntries    = 70329 70329
2b507 info: MirrorsAdded    = 4397 4419
2b507 info: PrunableCount   = 30593 30629
2b507 info: LargestGamma    = 5820.77
2b507 info: SmallestGamma   = 6.6e-05
2b507 info: Local:
2b507 info: Size            = 550 5318 
2b507 info: TableEntries    = 11602 11588
2b507 info: MirrorsAdded    = 0 0
2b507 info: PrunableCount   = 3659 3667
2b507 info: LargestGamma    = 11281.8
2b507 info: SmallestGamma   = 0.026235
<= 
<
>name
param_game allow_swap 1
= 

param_mohex max_memory 32000000000
= 

param_mohex num_threads 1
= 

param_mohex max_time 1
= 

param_mohex max_games 1
= 

param_mohex knowledge_threshold 400
= 

param_mohex reuse_subtree 1
= 

param_mohex use_parallel_solver 0
= 

<= MoHex
<
>version
<= 2.0.CMake
<
>play b a6
<= 
<
>genmove w
<= swap-pieces
<
>showboard
2b507 info: SwapCheck: reading from '/home/linus/MoHex2.0/nfbranchfix/benzene-vanilla-cmake/share/swap-moves.txt'.
2b507 info: SwapCheck: playing swap.
<= 
< 
<  2b24d8089d2643da
<  a  b  c  d  e  f  g  h  i  j  k  
< 1\.  .  .  .  .  .  .  .  .  .  .\1
<  2\.  .  .  .  .  .  .  .  .  .  .\2
<   3\.  .  .  .  .  .  .  .  .  .  .\3
<    4\.  .  .  .  .  .  .  .  .  .  .\4
<     5\.  .  .  .  .  .  .  .  .  .  .\5
<      6\B  .  .  .  .  .  .  .  .  .  .\6
<       7\.  .  .  .  .  .  .  .  .  .  .\7
<        8\.  .  .  .  .  .  .  .  .  .  .\8
<         9\.  .  .  .  .  .  .  .  .  .  .\9
<         10\.  .  .  .  .  .  .  .  .  .  .\10
<          11\.  .  .  .  .  .  .  .  .  .  .\11
<              a  b  c  d  e  f  g  h  i  j  k  
<
>play w i5
<= 
<
>showboard
<= 
< 
<  511e3b9e42c9672c
<  a  b  c  d  e  f  g  h  i  j  k  
< 1\.  .  .  .  .  .  .  .  .  .  .\1
<  2\.  .  .  .  .  .  .  .  .  .  .\2
<   3\.  .  .  .  .  .  .  .  .  .  .\3
<    4\.  .  .  .  .  .  .  .  .  .  .\4
<     5\.  .  .  .  .  .  .  .  W  .  .\5
<      6\B  .  .  .  .  .  .  .  .  .  .\6
<       7\.  .  .  .  .  .  .  .  .  .  .\7
<        8\.  .  .  .  .  .  .  .  .  .  .\8
<         9\.  .  .  .  .  .  .  .  .  .  .\9
<         10\.  .  .  .  .  .  .  .  .  .  .\10
<          11\.  .  .  .  .  .  .  .  .  .  .\11
<              a  b  c  d  e  f  g  h  i  j  k  
<
>genmove b
<= h11
<
>showboard
2b507 info: Best move cannot be determined, must search state.
2b507 info: --- MoHexPlayer::Search() ---
2b507 info: Color: black
2b507 info: MaxGames: 1
2b507 info: NumberThreads: 1
2b507 info: MaxNodes: 181818181 (15999999928 bytes)
2b507 info: TimeForMove: 1
2b507 info: PreSearch: max time reached (49/91).
2b507 info: Time for PreSearch: 0.200999s
2b507 info: 
  511e3b9e42c9672c
  a  b  c  d  e  f  g  h  i  j  k  
 1\.  .  .  .  .  .  .  .  .  .  .\1
  2\.  .  *  *  *  *  *  *  *  *  *\2
   3\.  *  *  *  *  *  *  *  *  *  *\3
    4\*  *  *  *  *  *  *  *  *  *  *\4
     5\*  *  *  *  *  *  *  *  W  *  *\5
      6\B  *  *  *  *  *  *  *  *  *  *\6
       7\*  *  *  *  *  *  *  *  *  *  *\7
        8\*  *  *  *  *  *  *  *  *  *  *\8
         9\*  *  *  *  *  *  *  *  *  *  .\9
         10\*  *  *  *  *  *  *  *  *  .  .\10
          11\.  .  .  .  .  .  .  .  .  .  .\11
              a  b  c  d  e  f  g  h  i  j  k  
2b507 info: No subtree to reuse.
2b507 info: Creating thread 0
2b507 info: StartSearch()[0]
SgUctSearch: max games reached
2b507 info: 
Elapsed Time   0.352247s
Count          1
GamesPlayed    1
Nodes          1
Knowledge      0 (0.0%)
Expansions     0.0
Time           0.00
GameLen        119.0 dev=0.0 min=119.0 max=119.0
InTree         0.0 dev=0.0 min=0.0 max=0.0
KnowDepth      -
Aborted        0%
Games/s        363.8
Score          0.00
Sequence      
2b507 info: 
2b507 warning: **** MoHexSearch returned empty sequence!
2b507 warning: **** Returning random move!
<= 
< 
<  a53a16d5e89fff2d
<  a  b  c  d  e  f  g  h  i  j  k  
< 1\.  .  .  .  .  .  .  .  .  .  .\1
<  2\.  .  .  .  .  .  .  .  .  .  .\2
<   3\.  .  .  .  .  .  .  .  .  .  .\3
<    4\.  .  .  .  .  .  .  .  .  .  .\4
<     5\.  .  .  .  .  .  .  .  W  .  .\5
<      6\B  .  .  .  .  .  .  .  .  .  .\6
<       7\.  .  .  .  .  .  .  .  .  .  .\7
<        8\.  .  .  .  .  .  .  .  .  .  .\8
<         9\.  .  .  .  .  .  .  .  .  .  .\9
<         10\.  .  .  .  .  .  .  .  .  .  .\10
<          11\.  .  .  .  .  .  .  B  .  .  .\11
<              a  b  c  d  e  f  g  h  i  j  k  
<
>play w d2
<= 
<
>showboard
<= 
< 
<  29ff83392e01e40d
<  a  b  c  d  e  f  g  h  i  j  k  
< 1\.  .  .  .  .  .  .  .  .  .  .\1
<  2\.  .  .  W  .  .  .  .  .  .  .\2
<   3\.  .  .  .  .  .  .  .  .  .  .\3
<    4\.  .  .  .  .  .  .  .  .  .  .\4
<     5\.  .  .  .  .  .  .  .  W  .  .\5
<      6\B  .  .  .  .  .  .  .  .  .  .\6
<       7\.  .  .  .  .  .  .  .  .  .  .\7
<        8\.  .  .  .  .  .  .  .  .  .  .\8
<         9\.  .  .  .  .  .  .  .  .  .  .\9
<         10\.  .  .  .  .  .  .  .  .  .  .\10
<          11\.  .  .  .  .  .  .  B  .  .  .\11
<              a  b  c  d  e  f  g  h  i  j  k  
<
>genmove b
<= e1
<
>showboard
2b507 info: Best move cannot be determined, must search state.
2b507 info: --- MoHexPlayer::Search() ---
2b507 info: Color: black
2b507 info: MaxGames: 1
2b507 info: NumberThreads: 1
2b507 info: MaxNodes: 181818181 (15999999928 bytes)
2b507 info: TimeForMove: 1
2b507 info: PreSearch: max time reached (55/92).
2b507 info: Time for PreSearch: 0.204046s
2b507 info: 
  29ff83392e01e40d
  a  b  c  d  e  f  g  h  i  j  k  
 1\.  .  .  .  .  .  .  .  .  .  .\1
  2\.  .  .  W  *  *  *  *  *  *  *\2
   3\.  *  *  *  *  *  *  *  *  *  *\3
    4\*  *  *  *  *  *  *  *  *  *  *\4
     5\*  *  *  *  *  *  *  *  W  *  *\5
      6\B  *  *  *  *  *  *  *  *  *  *\6
       7\*  *  *  *  *  *  *  *  *  *  *\7
        8\*  *  *  *  *  *  *  *  *  *  *\8
         9\*  *  *  *  *  *  *  *  *  *  *\9
         10\*  *  *  *  *  *  *  *  *  *  .\10
          11\.  .  .  .  .  .  .  B  .  .  .\11
              a  b  c  d  e  f  g  h  i  j  k  
2b507 info: Old: [black, a6] [white, swap-pieces] [white, i5] 
2b507 info: New: [black, a6] [white, swap-pieces] [white, i5] [black, h11] [white, d2] 
2b507 info: MovesPlayed: [black, h11] [white, d2] 
2b507 info: No subtree to reuse.
2b507 info: StartSearch()[0]
SgUctSearch: max games reached
2b507 info: 
Elapsed Time   0.357517s
Count          1
GamesPlayed    1
Nodes          1
Knowledge      0 (0.0%)
Expansions     0.0
Time           0.00
GameLen        117.0 dev=0.0 min=117.0 max=117.0
InTree         0.0 dev=0.0 min=0.0 max=0.0
KnowDepth      -
Aborted        0%
Games/s        2232.1
Score          0.00
Sequence      
2b507 info: 
2b507 warning: **** MoHexSearch returned empty sequence!
2b507 warning: **** Returning random move!
<= 
< 
<  7112b0fb4f0c58b0
<  a  b  c  d  e  f  g  h  i  j  k  
< 1\.  .  .  .  B  .  .  .  .  .  .\1
<  2\.  .  .  W  .  .  .  .  .  .  .\2
<   3\.  .  .  .  .  .  .  .  .  .  .\3
<    4\.  .  .  .  .  .  .  .  .  .  .\4
<     5\.  .  .  .  .  .  .  .  W  .  .\5
<      6\B  .  .  .  .  .  .  .  .  .  .\6
<       7\.  .  .  .  .  .  .  .  .  .  .\7
<        8\.  .  .  .  .  .  .  .  .  .  .\8
<         9\.  .  .  .  .  .  .  .  .  .  .\9
<         10\.  .  .  .  .  .  .  .  .  .  .\10
<          11\.  .  .  .  .  .  .  B  .  .  .\11
<              a  b  c  d  e  f  g  h  i  j  k  
<
>play w b1
<= 
<
>showboard
<= 
< 
<  6ab8ff731b97ae20
<  a  b  c  d  e  f  g  h  i  j  k  
< 1\.  W  .  .  B  .  .  .  .  .  .\1
<  2\.  .  .  W  .  .  .  .  .  .  .\2
<   3\.  .  .  .  .  .  .  .  .  .  .\3
<    4\.  .  .  .  .  .  .  .  .  .  .\4
<     5\.  .  .  .  .  .  .  .  W  .  .\5
<      6\B  .  .  .  .  .  .  .  .  .  .\6
<       7\.  .  .  .  .  .  .  .  .  .  .\7
<        8\.  .  .  .  .  .  .  .  .  .  .\8
<         9\.  .  .  .  .  .  .  .  .  .  .\9
<         10\.  .  .  .  .  .  .  .  .  .  .\10
<          11\.  .  .  .  .  .  .  B  .  .  .\11
<              a  b  c  d  e  f  g  h  i  j  k  
<
>genmove b
<= h10
<
>showboard
2b507 info: Best move cannot be determined, must search state.
2b507 info: --- MoHexPlayer::Search() ---
2b507 info: Color: black
2b507 info: MaxGames: 1
2b507 info: NumberThreads: 1
2b507 info: MaxNodes: 181818181 (15999999928 bytes)
2b507 info: TimeForMove: 1
2b507 info: PreSearch: max time reached (62/91).
2b507 info: Time for PreSearch: 0.203166s
2b507 info: 
  6ab8ff731b97ae20
  a  b  c  d  e  f  g  h  i  j  k  
 1\w  W  .  .  B  .  .  .  .  .  .\1
  2\w  .  *  W  *  *  *  *  *  *  *\2
   3\w  *  *  *  *  *  *  *  *  *  *\3
    4\.  *  *  *  *  *  *  *  *  *  *\4
     5\*  *  *  *  *  *  *  *  W  *  *\5
      6\B  *  *  *  *  *  *  *  *  *  *\6
       7\*  *  *  *  *  *  *  *  *  *  *\7
        8\*  *  *  *  *  *  *  *  *  *  *\8
         9\*  *  *  *  *  *  *  *  *  *  *\9
         10\*  *  *  *  *  *  *  *  *  *  .\10
          11\.  .  .  .  .  .  .  B  .  .  .\11
              a  b  c  d  e  f  g  h  i  j  k  
2b507 info: Old: [black, a6] [white, swap-pieces] [white, i5] [black, h11] [white, d2] 
2b507 info: New: [black, a6] [white, swap-pieces] [white, i5] [black, h11] [white, d2] [black, e1] [white, b1] 
2b507 info: MovesPlayed: [black, e1] [white, b1] 
2b507 info: No subtree to reuse.
2b507 info: StartSearch()[0]
SgUctSearch: max games reached
2b507 info: 
Elapsed Time   0.349305s
Count          1
GamesPlayed    1
Nodes          1
Knowledge      0 (0.0%)
Expansions     0.0
Time           0.00
GameLen        112.0 dev=0.0 min=112.0 max=112.0
InTree         0.0 dev=0.0 min=0.0 max=0.0
KnowDepth      -
Aborted        0%
Games/s        3215.4
Score          0.00
Sequence      
2b507 info: 
2b507 warning: **** MoHexSearch returned empty sequence!
2b507 warning: **** Returning random move!
<= 
< 
<  a640f7782cb5a242
<  a  b  c  d  e  f  g  h  i  j  k  
< 1\.  W  .  .  B  .  .  .  .  .  .\1
<  2\.  .  .  W  .  .  .  .  .  .  .\2
<   3\.  .  .  .  .  .  .  .  .  .  .\3
<    4\.  .  .  .  .  .  .  .  .  .  .\4
<     5\.  .  .  .  .  .  .  .  W  .  .\5
<      6\B  .  .  .  .  .  .  .  .  .  .\6
<       7\.  .  .  .  .  .  .  .  .  .  .\7
<        8\.  .  .  .  .  .  .  .  .  .  .\8
<         9\.  .  .  .  .  .  .  .  .  .  .\9
<         10\.  .  .  .  .  .  .  B  .  .  .\10
<          11\.  .  .  .  .  .  .  B  .  .  .\11
<              a  b  c  d  e  f  g  h  i  j  k  
<
>play w f7
<= 
<
>showboard
<= 
< 
<  3d65d672e26e62a3
<  a  b  c  d  e  f  g  h  i  j  k  
< 1\.  W  .  .  B  .  .  .  .  .  .\1
<  2\.  .  .  W  .  .  .  .  .  .  .\2
<   3\.  .  .  .  .  .  .  .  .  .  .\3
<    4\.  .  .  .  .  .  .  .  .  .  .\4
<     5\.  .  .  .  .  .  .  .  W  .  .\5
<      6\B  .  .  .  .  .  .  .  .  .  .\6
<       7\.  .  .  .  .  W  .  .  .  .  .\7
<        8\.  .  .  .  .  .  .  .  .  .  .\8
<         9\.  .  .  .  .  .  .  .  .  .  .\9
<         10\.  .  .  .  .  .  .  B  .  .  .\10
<          11\.  .  .  .  .  .  .  B  .  .  .\11
<              a  b  c  d  e  f  g  h  i  j  k  
<
>genmove b
<= i4
<
>showboard
2b507 info: Best move cannot be determined, must search state.
2b507 info: --- MoHexPlayer::Search() ---
2b507 info: Color: black
2b507 info: MaxGames: 1
2b507 info: NumberThreads: 1
2b507 info: MaxNodes: 181818181 (15999999928 bytes)
2b507 info: TimeForMove: 1
2b507 info: PreSearch: max time reached (58/85).
2b507 info: Time for PreSearch: 0.202175s
2b507 info: 
  3d65d672e26e62a3
  a  b  c  d  e  f  g  h  i  j  k  
 1\w  W  .  .  B  .  .  .  .  .  .\1
  2\w  .  *  W  *  *  *  *  *  *  *\2
   3\w  *  *  *  *  *  *  *  *  *  *\3
    4\.  *  *  *  *  *  *  *  *  *  *\4
     5\*  *  *  *  *  *  *  *  W  *  *\5
      6\B  *  *  *  *  *  *  *  *  *  *\6
       7\*  *  *  *  *  W  *  *  *  *  *\7
        8\*  *  *  *  *  *  *  *  *  *  *\8
         9\*  *  *  *  *  *  *  *  *  *  .\9
         10\*  *  *  *  *  *  .  B  .  .  .\10
          11\.  .  .  .  .  b  b  B  b  b  b\11
              a  b  c  d  e  f  g  h  i  j  k  
2b507 info: Old: [black, a6] [white, swap-pieces] [white, i5] [black, h11] [white, d2] [black, e1] [white, b1] 
2b507 info: New: [black, a6] [white, swap-pieces] [white, i5] [black, h11] [white, d2] [black, e1] [white, b1] [black, h10] [white, f7] 
2b507 info: MovesPlayed: [black, h10] [white, f7] 
2b507 info: No subtree to reuse.
2b507 info: StartSearch()[0]
SgUctSearch: max games reached
2b507 info: 
Elapsed Time   0.343894s
Count          1
GamesPlayed    1
Nodes          1
Knowledge      0 (0.0%)
Expansions     0.0
Time           0.00
GameLen        105.0 dev=0.0 min=105.0 max=105.0
InTree         0.0 dev=0.0 min=0.0 max=0.0
KnowDepth      -
Aborted        0%
Games/s        3610.1
Score          0.00
Sequence      
2b507 info: 
2b507 warning: **** MoHexSearch returned empty sequence!
2b507 warning: **** Returning random move!
<= 
< 
<  6bb3c389e795f63e
<  a  b  c  d  e  f  g  h  i  j  k  
< 1\.  W  .  .  B  .  .  .  .  .  .\1
<  2\.  .  .  W  .  .  .  .  .  .  .\2
<   3\.  .  .  .  .  .  .  .  .  .  .\3
<    4\.  .  .  .  .  .  .  .  B  .  .\4
<     5\.  .  .  .  .  .  .  .  W  .  .\5
<      6\B  .  .  .  .  .  .  .  .  .  .\6
<       7\.  .  .  .  .  W  .  .  .  .  .\7
<        8\.  .  .  .  .  .  .  .  .  .  .\8
<         9\.  .  .  .  .  .  .  .  .  .  .\9
<         10\.  .  .  .  .  .  .  B  .  .  .\10
<          11\.  .  .  .  .  .  .  B  .  .  .\11
<              a  b  c  d  e  f  g  h  i  j  k  
<
>play w b3
<= 
<
>showboard
<= 
< 
<  9ebf7bce44a1e6d3
<  a  b  c  d  e  f  g  h  i  j  k  
< 1\.  W  .  .  B  .  .  .  .  .  .\1
<  2\.  .  .  W  .  .  .  .  .  .  .\2
<   3\.  W  .  .  .  .  .  .  .  .  .\3
<    4\.  .  .  .  .  .  .  .  B  .  .\4
<     5\.  .  .  .  .  .  .  .  W  .  .\5
<      6\B  .  .  .  .  .  .  .  .  .  .\6
<       7\.  .  .  .  .  W  .  .  .  .  .\7
<        8\.  .  .  .  .  .  .  .  .  .  .\8
<         9\.  .  .  .  .  .  .  .  .  .  .\9
<         10\.  .  .  .  .  .  .  B  .  .  .\10
<          11\.  .  .  .  .  .  .  B  .  .  .\11
<              a  b  c  d  e  f  g  h  i  j  k  
<
>genmove b
<= k9
<
>showboard
2b507 info: Best move cannot be determined, must search state.
2b507 info: --- MoHexPlayer::Search() ---
2b507 info: Color: black
2b507 info: MaxGames: 1
2b507 info: NumberThreads: 1
2b507 info: MaxNodes: 181818181 (15999999928 bytes)
2b507 info: TimeForMove: 1
2b507 info: PreSearch: max time reached (67/81).
2b507 info: Time for PreSearch: 0.201764s
2b507 info: 
  9ebf7bce44a1e6d3
  a  b  c  d  e  f  g  h  i  j  k  
 1\w  W  b  b  B  .  .  .  .  .  .\1
  2\w  b  .  W  *  *  *  *  *  *  *\2
   3\w  W  *  *  *  *  *  *  *  *  *\3
    4\w  *  *  *  *  *  *  *  B  *  *\4
     5\.  *  *  *  *  *  *  *  W  *  *\5
      6\B  *  *  *  *  *  *  *  *  *  *\6
       7\*  *  *  *  *  W  *  *  *  *  *\7
        8\*  *  *  *  *  *  *  *  *  *  *\8
         9\*  *  *  *  *  *  *  *  *  *  .\9
         10\*  *  *  *  *  *  .  B  .  .  .\10
          11\.  .  .  .  .  b  b  B  b  b  b\11
              a  b  c  d  e  f  g  h  i  j  k  
2b507 info: Old: [black, a6] [white, swap-pieces] [white, i5] [black, h11] [white, d2] [black, e1] [white, b1] [black, h10] [white, f7] 
2b507 info: New: [black, a6] [white, swap-pieces] [white, i5] [black, h11] [white, d2] [black, e1] [white, b1] [black, h10] [white, f7] [black, i4] [white, b3] 
2b507 info: MovesPlayed: [black, i4] [white, b3] 
2b507 info: No subtree to reuse.
2b507 info: StartSearch()[0]
SgUctSearch: max games reached
2b507 info: 
Elapsed Time   0.345534s
Count          1
GamesPlayed    1
Nodes          1
Knowledge      0 (0.0%)
Expansions     0.0
Time           0.00
GameLen        99.0 dev=0.0 min=99.0 max=99.0
InTree         0.0 dev=0.0 min=0.0 max=0.0
KnowDepth      -
Aborted        0%
Games/s        3610.1
Score          0.00
Sequence      
2b507 info: 
2b507 warning: **** MoHexSearch returned empty sequence!
2b507 warning: **** Returning random move!
<= 
< 
<  2b66b7ecd7337994
<  a  b  c  d  e  f  g  h  i  j  k  
< 1\.  W  .  .  B  .  .  .  .  .  .\1
<  2\.  .  .  W  .  .  .  .  .  .  .\2
<   3\.  W  .  .  .  .  .  .  .  .  .\3
<    4\.  .  .  .  .  .  .  .  B  .  .\4
<     5\.  .  .  .  .  .  .  .  W  .  .\5
<      6\B  .  .  .  .  .  .  .  .  .  .\6
<       7\.  .  .  .  .  W  .  .  .  .  .\7
<        8\.  .  .  .  .  .  .  .  .  .  .\8
<         9\.  .  .  .  .  .  .  .  .  .  B\9
<         10\.  .  .  .  .  .  .  B  .  .  .\10
<          11\.  .  .  .  .  .  .  B  .  .  .\11
<              a  b  c  d  e  f  g  h  i  j  k  
<
>play w h4
<= 
<
>showboard
<= 
< 
<  a5d8a4ce6145ab8c
<  a  b  c  d  e  f  g  h  i  j  k  
< 1\.  W  .  .  B  .  .  .  .  .  .\1
<  2\.  .  .  W  .  .  .  .  .  .  .\2
<   3\.  W  .  .  .  .  .  .  .  .  .\3
<    4\.  .  .  .  .  .  .  W  B  .  .\4
<     5\.  .  .  .  .  .  .  .  W  .  .\5
<      6\B  .  .  .  .  .  .  .  .  .  .\6
<       7\.  .  .  .  .  W  .  .  .  .  .\7
<        8\.  .  .  .  .  .  .  .  .  .  .\8
<         9\.  .  .  .  .  .  .  .  .  .  B\9
<         10\.  .  .  .  .  .  .  B  .  .  .\10
<          11\.  .  .  .  .  .  .  B  .  .  .\11
<              a  b  c  d  e  f  g  h  i  j  k  
<
>genmove b
<= c2
<
>showboard
2b507 info: Best move cannot be determined, must search state.
2b507 info: --- MoHexPlayer::Search() ---
2b507 info: Color: black
2b507 info: MaxGames: 1
2b507 info: NumberThreads: 1
2b507 info: MaxNodes: 181818181 (15999999928 bytes)
2b507 info: TimeForMove: 1
2b507 info: PreSearch: max time reached (75/77).
2b507 info: Time for PreSearch: 0.202894s
2b507 info: 
  a5d8a4ce6145ab8c
  a  b  c  d  e  f  g  h  i  j  k  
 1\w  W  b  b  B  .  .  .  .  .  .\1
  2\w  b  .  W  *  *  *  *  *  *  *\2
   3\w  W  *  *  *  *  *  *  *  *  *\3
    4\w  *  *  *  *  *  *  W  B  *  *\4
     5\.  *  *  *  *  *  *  *  W  *  *\5
      6\B  *  *  *  *  *  *  *  *  *  *\6
       7\*  *  *  *  *  W  *  *  *  *  *\7
        8\*  *  *  *  *  *  *  *  *  *  .\8
         9\*  *  *  *  *  *  *  *  .  b  B\9
         10\*  *  *  *  *  .  .  B  b  b  b\10
          11\.  .  .  .  .  b  b  B  b  b  b\11
              a  b  c  d  e  f  g  h  i  j  k  
2b507 info: Old: [black, a6] [white, swap-pieces] [white, i5] [black, h11] [white, d2] [black, e1] [white, b1] [black, h10] [white, f7] [black, i4] [white, b3] 
2b507 info: New: [black, a6] [white, swap-pieces] [white, i5] [black, h11] [white, d2] [black, e1] [white, b1] [black, h10] [white, f7] [black, i4] [white, b3] [black, k9] [white, h4] 
2b507 info: MovesPlayed: [black, k9] [white, h4] 
2b507 info: No subtree to reuse.
2b507 info: StartSearch()[0]
SgUctSearch: max games reached
2b507 info: 
Elapsed Time   0.44398s
Count          1
GamesPlayed    1
Nodes          1
Knowledge      0 (0.0%)
Expansions     0.0
Time           0.00
GameLen        93.0 dev=0.0 min=93.0 max=93.0
InTree         0.0 dev=0.0 min=0.0 max=0.0
KnowDepth      -
Aborted        0%
Games/s        2949.9
Score          0.00
Sequence      
2b507 info: 
2b507 warning: **** MoHexSearch returned empty sequence!
2b507 warning: **** Returning random move!
<= 
< 
<  50acb0345e9bb359
<  a  b  c  d  e  f  g  h  i  j  k  
< 1\.  W  .  .  B  .  .  .  .  .  .\1
<  2\.  .  B  W  .  .  .  .  .  .  .\2
<   3\.  W  .  .  .  .  .  .  .  .  .\3
<    4\.  .  .  .  .  .  .  W  B  .  .\4
<     5\.  .  .  .  .  .  .  .  W  .  .\5
<      6\B  .  .  .  .  .  .  .  .  .  .\6
<       7\.  .  .  .  .  W  .  .  .  .  .\7
<        8\.  .  .  .  .  .  .  .  .  .  .\8
<         9\.  .  .  .  .  .  .  .  .  .  B\9
<         10\.  .  .  .  .  .  .  B  .  .  .\10
<          11\.  .  .  .  .  .  .  B  .  .  .\11
<              a  b  c  d  e  f  g  h  i  j  k  
<
>play w i1
<= 
<
>showboard
<= 
< 
<  38d976c032c6526c
<  a  b  c  d  e  f  g  h  i  j  k  
< 1\.  W  .  .  B  .  .  .  W  .  .\1
<  2\.  .  B  W  .  .  .  .  .  .  .\2
<   3\.  W  .  .  .  .  .  .  .  .  .\3
<    4\.  .  .  .  .  .  .  W  B  .  .\4
<     5\.  .  .  .  .  .  .  .  W  .  .\5
<      6\B  .  .  .  .  .  .  .  .  .  .\6
<       7\.  .  .  .  .  W  .  .  .  .  .\7
<        8\.  .  .  .  .  .  .  .  .  .  .\8
<         9\.  .  .  .  .  .  .  .  .  .  B\9
<         10\.  .  .  .  .  .  .  B  .  .  .\10
<          11\.  .  .  .  .  .  .  B  .  .  .\11
<              a  b  c  d  e  f  g  h  i  j  k  
<
>genmove b
<= i3
<
>showboard
2b507 info: Best move cannot be determined, must search state.
2b507 info: --- MoHexPlayer::Search() ---
2b507 info: Color: black
2b507 info: MaxGames: 1
2b507 info: NumberThreads: 1
2b507 info: MaxNodes: 181818181 (15999999928 bytes)
2b507 info: TimeForMove: 1
2b507 info: PreSearch: max time reached (75/77).
2b507 info: Time for PreSearch: 0.201613s
2b507 info: 
  38d976c032c6526c
  a  b  c  d  e  f  g  h  i  j  k  
 1\w  W  b  b  B  .  .  .  W  .  .\1
  2\w  b  B  W  *  *  *  *  *  *  *\2
   3\w  W  *  *  *  *  *  *  *  *  *\3
    4\w  *  *  *  *  *  *  W  B  *  *\4
     5\.  *  *  *  *  *  *  *  W  *  *\5
      6\B  *  *  *  *  *  *  *  *  *  *\6
       7\*  *  *  *  *  W  *  *  *  *  *\7
        8\*  *  *  *  *  *  *  *  *  *  .\8
         9\*  *  *  *  *  *  *  *  .  b  B\9
         10\*  *  *  *  *  .  .  B  b  b  b\10
          11\.  .  .  .  .  b  b  B  b  b  b\11
              a  b  c  d  e  f  g  h  i  j  k  
2b507 info: Old: [black, a6] [white, swap-pieces] [white, i5] [black, h11] [white, d2] [black, e1] [white, b1] [black, h10] [white, f7] [black, i4] [white, b3] [black, k9] [white, h4] 
2b507 info: New: [black, a6] [white, swap-pieces] [white, i5] [black, h11] [white, d2] [black, e1] [white, b1] [black, h10] [white, f7] [black, i4] [white, b3] [black, k9] [white, h4] [black, c2] [white, i1] 
2b507 info: MovesPlayed: [black, c2] [white, i1] 
2b507 info: No subtree to reuse.
2b507 info: StartSearch()[0]
SgUctSearch: max games reached
2b507 info: 
Elapsed Time   0.346591s
Count          1
GamesPlayed    1
Nodes          1
Knowledge      0 (0.0%)
Expansions     0.0
Time           0.00
GameLen        91.0 dev=0.0 min=91.0 max=91.0
InTree         0.0 dev=0.0 min=0.0 max=0.0
KnowDepth      -
Aborted        0%
Games/s        3533.6
Score          0.00
Sequence      
2b507 info: 
2b507 warning: **** MoHexSearch returned empty sequence!
2b507 warning: **** Returning random move!
<= 
< 
<  e40d045dedd7d116
<  a  b  c  d  e  f  g  h  i  j  k  
< 1\.  W  .  .  B  .  .  .  W  .  .\1
<  2\.  .  B  W  .  .  .  .  .  .  .\2
<   3\.  W  .  .  .  .  .  .  B  .  .\3
<    4\.  .  .  .  .  .  .  W  B  .  .\4
<     5\.  .  .  .  .  .  .  .  W  .  .\5
<      6\B  .  .  .  .  .  .  .  .  .  .\6
<       7\.  .  .  .  .  W  .  .  .  .  .\7
<        8\.  .  .  .  .  .  .  .  .  .  .\8
<         9\.  .  .  .  .  .  .  .  .  .  B\9
<         10\.  .  .  .  .  .  .  B  .  .  .\10
<          11\.  .  .  .  .  .  .  B  .  .  .\11
<              a  b  c  d  e  f  g  h  i  j  k  
<
>play w c3
<= 
<
>showboard
<= 
< 
<  57c7f3531fae88f2
<  a  b  c  d  e  f  g  h  i  j  k  
< 1\.  W  .  .  B  .  .  .  W  .  .\1
<  2\.  .  B  W  .  .  .  .  .  .  .\2
<   3\.  W  W  .  .  .  .  .  B  .  .\3
<    4\.  .  .  .  .  .  .  W  B  .  .\4
<     5\.  .  .  .  .  .  .  .  W  .  .\5
<      6\B  .  .  .  .  .  .  .  .  .  .\6
<       7\.  .  .  .  .  W  .  .  .  .  .\7
<        8\.  .  .  .  .  .  .  .  .  .  .\8
<         9\.  .  .  .  .  .  .  .  .  .  B\9
<         10\.  .  .  .  .  .  .  B  .  .  .\10
<          11\.  .  .  .  .  .  .  B  .  .  .\11
<              a  b  c  d  e  f  g  h  i  j  k  
<
>genmove b
<= k8
<
>showboard
2b507 info: Best move cannot be determined, must search state.
2b507 info: --- MoHexPlayer::Search() ---
2b507 info: Color: black
2b507 info: MaxGames: 1
2b507 info: NumberThreads: 1
2b507 info: MaxNodes: 181818181 (15999999928 bytes)
2b507 info: TimeForMove: 1
2b507 info: Time for PreSearch: 0.167144s
2b507 info: 
  57c7f3531fae88f2
  a  b  c  d  e  f  g  h  i  j  k  
 1\w  W  b  b  B  .  .  .  W  .  .\1
  2\w  b  B  W  *  *  *  *  *  *  .\2
   3\w  W  W  *  *  *  *  *  B  .  .\3
    4\w  w  *  *  *  *  *  W  B  *  *\4
     5\w  *  *  *  *  *  *  *  W  *  *\5
      6\B  *  *  *  *  *  *  *  *  *  *\6
       7\*  *  *  *  *  W  *  *  *  *  *\7
        8\*  *  *  *  *  *  *  *  *  *  .\8
         9\*  *  *  *  *  *  *  *  .  b  B\9
         10\*  *  *  *  *  .  .  B  b  b  b\10
          11\.  .  .  .  .  b  b  B  b  b  b\11
              a  b  c  d  e  f  g  h  i  j  k  
2b507 info: Old: [black, a6] [white, swap-pieces] [white, i5] [black, h11] [white, d2] [black, e1] [white, b1] [black, h10] [white, f7] [black, i4] [white, b3] [black, k9] [white, h4] [black, c2] [white, i1] 
2b507 info: New: [black, a6] [white, swap-pieces] [white, i5] [black, h11] [white, d2] [black, e1] [white, b1] [black, h10] [white, f7] [black, i4] [white, b3] [black, k9] [white, h4] [black, c2] [white, i1] [black, i3] [white, c3] 
2b507 info: MovesPlayed: [black, i3] [white, c3] 
2b507 info: No subtree to reuse.
2b507 info: StartSearch()[0]
SgUctSearch: max games reached
2b507 info: 
Elapsed Time   0.313791s
Count          1
GamesPlayed    1
Nodes          1
Knowledge      0 (0.0%)
Expansions     0.0
Time           0.00
GameLen        87.0 dev=0.0 min=87.0 max=87.0
InTree         0.0 dev=0.0 min=0.0 max=0.0
KnowDepth      -
Aborted        0%
Games/s        3378.4
Score          0.00
Sequence      
2b507 info: 
2b507 warning: **** MoHexSearch returned empty sequence!
2b507 warning: **** Returning random move!
<= 
< 
<  b5bd707ac4f1356c
<  a  b  c  d  e  f  g  h  i  j  k  
< 1\.  W  .  .  B  .  .  .  W  .  .\1
<  2\.  .  B  W  .  .  .  .  .  .  .\2
<   3\.  W  W  .  .  .  .  .  B  .  .\3
<    4\.  .  .  .  .  .  .  W  B  .  .\4
<     5\.  .  .  .  .  .  .  .  W  .  .\5
<      6\B  .  .  .  .  .  .  .  .  .  .\6
<       7\.  .  .  .  .  W  .  .  .  .  .\7
<        8\.  .  .  .  .  .  .  .  .  .  B\8
<         9\.  .  .  .  .  .  .  .  .  .  B\9
<         10\.  .  .  .  .  .  .  B  .  .  .\10
<          11\.  .  .  .  .  .  .  B  .  .  .\11
<              a  b  c  d  e  f  g  h  i  j  k  
<
>play w b8
<= 
<
>showboard
<= 
< 
<  314ddfa2d71735c1
<  a  b  c  d  e  f  g  h  i  j  k  
< 1\.  W  .  .  B  .  .  .  W  .  .\1
<  2\.  .  B  W  .  .  .  .  .  .  .\2
<   3\.  W  W  .  .  .  .  .  B  .  .\3
<    4\.  .  .  .  .  .  .  W  B  .  .\4
<     5\.  .  .  .  .  .  .  .  W  .  .\5
<      6\B  .  .  .  .  .  .  .  .  .  .\6
<       7\.  .  .  .  .  W  .  .  .  .  .\7
<        8\.  W  .  .  .  .  .  .  .  .  B\8
<         9\.  .  .  .  .  .  .  .  .  .  B\9
<         10\.  .  .  .  .  .  .  B  .  .  .\10
<          11\.  .  .  .  .  .  .  B  .  .  .\11
<              a  b  c  d  e  f  g  h  i  j  k  
<
>genmove b
<= d6
<
>showboard
2b507 info: Best move cannot be determined, must search state.
2b507 info: --- MoHexPlayer::Search() ---
2b507 info: Color: black
2b507 info: MaxGames: 1
2b507 info: NumberThreads: 1
2b507 info: MaxNodes: 181818181 (15999999928 bytes)
2b507 info: TimeForMove: 1
2b507 info: Time for PreSearch: 0.157281s
2b507 info: 
  314ddfa2d71735c1
  a  b  c  d  e  f  g  h  i  j  k  
 1\w  W  b  b  B  .  .  .  W  .  .\1
  2\w  b  B  W  *  *  *  *  *  *  .\2
   3\w  W  W  *  *  *  *  *  B  .  .\3
    4\w  w  *  *  *  *  *  W  B  *  *\4
     5\w  *  *  *  *  *  *  *  W  *  *\5
      6\B  *  *  *  *  *  *  *  *  *  *\6
       7\.  *  *  *  *  W  *  *  *  *  .\7
        8\w  W  *  *  *  *  *  *  *  .  B\8
         9\w  .  *  *  *  *  *  .  .  b  B\9
         10\w  *  *  *  *  .  .  B  b  b  b\10
          11\.  .  .  .  .  b  b  B  b  b  b\11
              a  b  c  d  e  f  g  h  i  j  k  
2b507 info: Old: [black, a6] [white, swap-pieces] [white, i5] [black, h11] [white, d2] [black, e1] [white, b1] [black, h10] [white, f7] [black, i4] [white, b3] [black, k9] [white, h4] [black, c2] [white, i1] [black, i3] [white, c3] 
2b507 info: New: [black, a6] [white, swap-pieces] [white, i5] [black, h11] [white, d2] [black, e1] [white, b1] [black, h10] [white, f7] [black, i4] [white, b3] [black, k9] [white, h4] [black, c2] [white, i1] [black, i3] [white, c3] [black, k8] [white, b8] 
2b507 info: MovesPlayed: [black, k8] [white, b8] 
2b507 info: No subtree to reuse.
2b507 info: StartSearch()[0]
SgUctSearch: max games reached
2b507 info: 
Elapsed Time   0.379865s
Count          1
GamesPlayed    1
Nodes          1
Knowledge      0 (0.0%)
Expansions     0.0
Time           0.00
GameLen        82.0 dev=0.0 min=82.0 max=82.0
InTree         0.0 dev=0.0 min=0.0 max=0.0
KnowDepth      -
Aborted        0%
Games/s        2403.8
Score          0.00
Sequence      
2b507 info: 
2b507 warning: **** MoHexSearch returned empty sequence!
2b507 warning: **** Returning random move!
<= 
< 
<  f5d4e8bb610231b1
<  a  b  c  d  e  f  g  h  i  j  k  
< 1\.  W  .  .  B  .  .  .  W  .  .\1
<  2\.  .  B  W  .  .  .  .  .  .  .\2
<   3\.  W  W  .  .  .  .  .  B  .  .\3
<    4\.  .  .  .  .  .  .  W  B  .  .\4
<     5\.  .  .  .  .  .  .  .  W  .  .\5
<      6\B  .  .  B  .  .  .  .  .  .  .\6
<       7\.  .  .  .  .  W  .  .  .  .  .\7
<        8\.  W  .  .  .  .  .  .  .  .  B\8
<         9\.  .  .  .  .  .  .  .  .  .  B\9
<         10\.  .  .  .  .  .  .  B  .  .  .\10
<          11\.  .  .  .  .  .  .  B  .  .  .\11
<              a  b  c  d  e  f  g  h  i  j  k  
<
>play w g2
<= 
<
>showboard
<= 
< 
<  6ce66e724888b9d9
<  a  b  c  d  e  f  g  h  i  j  k  
< 1\.  W  .  .  B  .  .  .  W  .  .\1
<  2\.  .  B  W  .  .  W  .  .  .  .\2
<   3\.  W  W  .  .  .  .  .  B  .  .\3
<    4\.  .  .  .  .  .  .  W  B  .  .\4
<     5\.  .  .  .  .  .  .  .  W  .  .\5
<      6\B  .  .  B  .  .  .  .  .  .  .\6
<       7\.  .  .  .  .  W  .  .  .  .  .\7
<        8\.  W  .  .  .  .  .  .  .  .  B\8
<         9\.  .  .  .  .  .  .  .  .  .  B\9
<         10\.  .  .  .  .  .  .  B  .  .  .\10
<          11\.  .  .  .  .  .  .  B  .  .  .\11
<              a  b  c  d  e  f  g  h  i  j  k  
<
>genmove b
<= e3
<
>showboard
2b507 info: Best move cannot be determined, must search state.
2b507 info: --- MoHexPlayer::Search() ---
2b507 info: Color: black
2b507 info: MaxGames: 1
2b507 info: NumberThreads: 1
2b507 info: MaxNodes: 181818181 (15999999928 bytes)
2b507 info: TimeForMove: 1
2b507 info: Time for PreSearch: 0.067165s
2b507 info: 
  6ce66e724888b9d9
  a  b  c  d  e  f  g  h  i  j  k  
 1\w  W  b  b  B  b  b  .  W  .  .\1
  2\w  b  B  W  .  .  W  *  .  *  .\2
   3\w  W  W  *  *  *  *  *  B  .  .\3
    4\w  w  *  *  *  *  *  W  B  *  *\4
     5\w  *  *  *  .  .  .  *  W  *  *\5
      6\B  *  *  B  .  .  .  .  *  *  *\6
       7\.  *  *  .  .  W  .  .  .  .  .\7
        8\w  W  .  .  .  .  .  .  .  .  B\8
         9\w  .  .  .  .  .  .  .  .  b  B\9
         10\w  .  .  .  .  .  .  B  b  b  b\10
          11\.  .  .  .  .  b  b  B  b  b  b\11
              a  b  c  d  e  f  g  h  i  j  k  
2b507 info: Old: [black, a6] [white, swap-pieces] [white, i5] [black, h11] [white, d2] [black, e1] [white, b1] [black, h10] [white, f7] [black, i4] [white, b3] [black, k9] [white, h4] [black, c2] [white, i1] [black, i3] [white, c3] [black, k8] [white, b8] 
2b507 info: New: [black, a6] [white, swap-pieces] [white, i5] [black, h11] [white, d2] [black, e1] [white, b1] [black, h10] [white, f7] [black, i4] [white, b3] [black, k9] [white, h4] [black, c2] [white, i1] [black, i3] [white, c3] [black, k8] [white, b8] [black, d6] [white, g2] 
2b507 info: MovesPlayed: [black, d6] [white, g2] 
2b507 info: No subtree to reuse.
2b507 info: StartSearch()[0]
SgUctSearch: max games reached
2b507 info: 
Elapsed Time   0.227707s
Count          1
GamesPlayed    1
Nodes          1
Knowledge      0 (0.0%)
Expansions     0.0
Time           0.00
GameLen        78.0 dev=0.0 min=78.0 max=78.0
InTree         0.0 dev=0.0 min=0.0 max=0.0
KnowDepth      -
Aborted        0%
Games/s        3484.3
Score          1.00
Sequence      
2b507 info: 
2b507 warning: **** MoHexSearch returned empty sequence!
2b507 warning: **** Returning random move!
<= 
< 
<  d3c29fd5c82018fc
<  a  b  c  d  e  f  g  h  i  j  k  
< 1\.  W  .  .  B  .  .  .  W  .  .\1
<  2\.  .  B  W  .  .  W  .  .  .  .\2
<   3\.  W  W  .  B  .  .  .  B  .  .\3
<    4\.  .  .  .  .  .  .  W  B  .  .\4
<     5\.  .  .  .  .  .  .  .  W  .  .\5
<      6\B  .  .  B  .  .  .  .  .  .  .\6
<       7\.  .  .  .  .  W  .  .  .  .  .\7
<        8\.  W  .  .  .  .  .  .  .  .  B\8
<         9\.  .  .  .  .  .  .  .  .  .  B\9
<         10\.  .  .  .  .  .  .  B  .  .  .\10
<          11\.  .  .  .  .  .  .  B  .  .  .\11
<              a  b  c  d  e  f  g  h  i  j  k  
<
>play w j6
<= 
<
>showboard
<= 
< 
<  a0187e0956f1d866
<  a  b  c  d  e  f  g  h  i  j  k  
< 1\.  W  .  .  B  .  .  .  W  .  .\1
<  2\.  .  B  W  .  .  W  .  .  .  .\2
<   3\.  W  W  .  B  .  .  .  B  .  .\3
<    4\.  .  .  .  .  .  .  W  B  .  .\4
<     5\.  .  .  .  .  .  .  .  W  .  .\5
<      6\B  .  .  B  .  .  .  .  .  W  .\6
<       7\.  .  .  .  .  W  .  .  .  .  .\7
<        8\.  W  .  .  .  .  .  .  .  .  B\8
<         9\.  .  .  .  .  .  .  .  .  .  B\9
<         10\.  .  .  .  .  .  .  B  .  .  .\10
<          11\.  .  .  .  .  .  .  B  .  .  .\11
<              a  b  c  d  e  f  g  h  i  j  k  
<
>genmove b
<= j1
<
>showboard
2b507 info: Best move cannot be determined, must search state.
2b507 info: --- MoHexPlayer::Search() ---
2b507 info: Color: black
2b507 info: MaxGames: 1
2b507 info: NumberThreads: 1
2b507 info: MaxNodes: 181818181 (15999999928 bytes)
2b507 info: TimeForMove: 1
2b507 info: Time for PreSearch: 0.11808s
2b507 info: 
  a0187e0956f1d866
  a  b  c  d  e  f  g  h  i  j  k  
 1\w  W  b  b  B  b  b  .  W  .  .\1
  2\w  b  B  W  b  b  W  *  .  *  .\2
   3\w  W  W  .  B  *  *  *  B  .  .\3
    4\w  w  *  *  *  *  *  W  B  *  w\4
     5\w  *  *  *  *  *  *  *  W  .  w\5
      6\B  *  *  B  *  *  *  *  *  W  w\6
       7\.  *  *  *  *  W  *  *  *  .  .\7
        8\w  W  *  *  *  *  *  *  .  .  B\8
         9\w  .  *  *  *  *  *  .  .  b  B\9
         10\w  *  *  *  *  .  .  B  b  b  b\10
          11\.  .  .  .  .  b  b  B  b  b  b\11
              a  b  c  d  e  f  g  h  i  j  k  
2b507 info: Old: [black, a6] [white, swap-pieces] [white, i5] [black, h11] [white, d2] [black, e1] [white, b1] [black, h10] [white, f7] [black, i4] [white, b3] [black, k9] [white, h4] [black, c2] [white, i1] [black, i3] [white, c3] [black, k8] [white, b8] [black, d6] [white, g2] 
2b507 info: New: [black, a6] [white, swap-pieces] [white, i5] [black, h11] [white, d2] [black, e1] [white, b1] [black, h10] [white, f7] [black, i4] [white, b3] [black, k9] [white, h4] [black, c2] [white, i1] [black, i3] [white, c3] [black, k8] [white, b8] [black, d6] [white, g2] [black, e3] [white, j6] 
2b507 info: MovesPlayed: [black, e3] [white, j6] 
2b507 info: No subtree to reuse.
2b507 info: StartSearch()[0]
SgUctSearch: max games reached
2b507 info: 
Elapsed Time   0.261492s
Count          1
GamesPlayed    1
Nodes          1
Knowledge      0 (0.0%)
Expansions     0.0
Time           0.00
GameLen        71.0 dev=0.0 min=71.0 max=71.0
InTree         0.0 dev=0.0 min=0.0 max=0.0
KnowDepth      -
Aborted        0%
Games/s        3676.5
Score          0.00
Sequence      
2b507 info: 
2b507 warning: **** MoHexSearch returned empty sequence!
2b507 warning: **** Returning random move!
<= 
< 
<  371f7244b59c37ea
<  a  b  c  d  e  f  g  h  i  j  k  
< 1\.  W  .  .  B  .  .  .  W  B  .\1
<  2\.  .  B  W  .  .  W  .  .  .  .\2
<   3\.  W  W  .  B  .  .  .  B  .  .\3
<    4\.  .  .  .  .  .  .  W  B  .  .\4
<     5\.  .  .  .  .  .  .  .  W  .  .\5
<      6\B  .  .  B  .  .  .  .  .  W  .\6
<       7\.  .  .  .  .  W  .  .  .  .  .\7
<        8\.  W  .  .  .  .  .  .  .  .  B\8
<         9\.  .  .  .  .  .  .  .  .  .  B\9
<         10\.  .  .  .  .  .  .  B  .  .  .\10
<          11\.  .  .  .  .  .  .  B  .  .  .\11
<              a  b  c  d  e  f  g  h  i  j  k  
<
>play w k7
<= 
<
>showboard
<= 
< 
<  dbe58392f15b5d4f
<  a  b  c  d  e  f  g  h  i  j  k  
< 1\.  W  .  .  B  .  .  .  W  B  .\1
<  2\.  .  B  W  .  .  W  .  .  .  .\2
<   3\.  W  W  .  B  .  .  .  B  .  .\3
<    4\.  .  .  .  .  .  .  W  B  .  .\4
<     5\.  .  .  .  .  .  .  .  W  .  .\5
<      6\B  .  .  B  .  .  .  .  .  W  .\6
<       7\.  .  .  .  .  W  .  .  .  .  W\7
<        8\.  W  .  .  .  .  .  .  .  .  B\8
<         9\.  .  .  .  .  .  .  .  .  .  B\9
<         10\.  .  .  .  .  .  .  B  .  .  .\10
<          11\.  .  .  .  .  .  .  B  .  .  .\11
<              a  b  c  d  e  f  g  h  i  j  k  
<
>genmove b
<= i8
<
>showboard
2b507 info: Best move cannot be determined, must search state.
2b507 info: --- MoHexPlayer::Search() ---
2b507 info: Color: black
2b507 info: MaxGames: 1
2b507 info: NumberThreads: 1
2b507 info: MaxNodes: 181818181 (15999999928 bytes)
2b507 info: TimeForMove: 1
2b507 info: Time for PreSearch: 0.118949s
2b507 info: 
  dbe58392f15b5d4f
  a  b  c  d  e  f  g  h  i  j  k  
 1\w  W  b  b  B  b  b  .  W  B  .\1
  2\w  b  B  W  b  b  W  *  *  .  .\2
   3\w  W  W  .  B  *  *  *  B  .  .\3
    4\w  w  *  *  *  *  *  W  B  *  w\4
     5\w  *  *  *  *  *  *  *  W  .  w\5
      6\B  *  *  B  *  *  *  *  *  W  w\6
       7\.  *  *  *  *  W  *  *  *  .  W\7
        8\w  W  *  *  *  *  *  *  *  .  B\8
         9\w  .  *  *  *  *  *  .  .  b  B\9
         10\w  *  *  *  *  .  .  B  b  b  b\10
          11\.  .  .  .  .  b  b  B  b  b  b\11
              a  b  c  d  e  f  g  h  i  j  k  
2b507 info: Old: [black, a6] [white, swap-pieces] [white, i5] [black, h11] [white, d2] [black, e1] [white, b1] [black, h10] [white, f7] [black, i4] [white, b3] [black, k9] [white, h4] [black, c2] [white, i1] [black, i3] [white, c3] [black, k8] [white, b8] [black, d6] [white, g2] [black, e3] [white, j6] 
2b507 info: New: [black, a6] [white, swap-pieces] [white, i5] [black, h11] [white, d2] [black, e1] [white, b1] [black, h10] [white, f7] [black, i4] [white, b3] [black, k9] [white, h4] [black, c2] [white, i1] [black, i3] [white, c3] [black, k8] [white, b8] [black, d6] [white, g2] [black, e3] [white, j6] [black, j1] [white, k7] 
2b507 info: MovesPlayed: [black, j1] [white, k7] 
2b507 info: No subtree to reuse.
2b507 info: StartSearch()[0]
SgUctSearch: max games reached
2b507 info: 
Elapsed Time   0.267136s
Count          1
GamesPlayed    1
Nodes          1
Knowledge      0 (0.0%)
Expansions     0.0
Time           0.00
GameLen        69.0 dev=0.0 min=69.0 max=69.0
InTree         0.0 dev=0.0 min=0.0 max=0.0
KnowDepth      -
Aborted        0%
Games/s        3436.4
Score          1.00
Sequence      
2b507 info: 
2b507 warning: **** MoHexSearch returned empty sequence!
2b507 warning: **** Returning random move!
<= 
< 
<  93e6dfb35fa81a57
<  a  b  c  d  e  f  g  h  i  j  k  
< 1\.  W  .  .  B  .  .  .  W  B  .\1
<  2\.  .  B  W  .  .  W  .  .  .  .\2
<   3\.  W  W  .  B  .  .  .  B  .  .\3
<    4\.  .  .  .  .  .  .  W  B  .  .\4
<     5\.  .  .  .  .  .  .  .  W  .  .\5
<      6\B  .  .  B  .  .  .  .  .  W  .\6
<       7\.  .  .  .  .  W  .  .  .  .  W\7
<        8\.  W  .  .  .  .  .  .  B  .  B\8
<         9\.  .  .  .  .  .  .  .  .  .  B\9
<         10\.  .  .  .  .  .  .  B  .  .  .\10
<          11\.  .  .  .  .  .  .  B  .  .  .\11
<              a  b  c  d  e  f  g  h  i  j  k  
<
>play w j4
<= 
<
>showboard
<= 
< 
<  74201064b410279e
<  a  b  c  d  e  f  g  h  i  j  k  
< 1\.  W  .  .  B  .  .  .  W  B  .\1
<  2\.  .  B  W  .  .  W  .  .  .  .\2
<   3\.  W  W  .  B  .  .  .  B  .  .\3
<    4\.  .  .  .  .  .  .  W  B  W  .\4
<     5\.  .  .  .  .  .  .  .  W  .  .\5
<      6\B  .  .  B  .  .  .  .  .  W  .\6
<       7\.  .  .  .  .  W  .  .  .  .  W\7
<        8\.  W  .  .  .  .  .  .  B  .  B\8
<         9\.  .  .  .  .  .  .  .  .  .  B\9
<         10\.  .  .  .  .  .  .  B  .  .  .\10
<          11\.  .  .  .  .  .  .  B  .  .  .\11
<              a  b  c  d  e  f  g  h  i  j  k  
<
>genmove b
<= f5
<
>showboard
2b507 info: Best move cannot be determined, must search state.
2b507 info: --- MoHexPlayer::Search() ---
2b507 info: Color: black
2b507 info: MaxGames: 1
2b507 info: NumberThreads: 1
2b507 info: MaxNodes: 181818181 (15999999928 bytes)
2b507 info: TimeForMove: 1
2b507 info: Time for PreSearch: 0.073365s
2b507 info: 
  74201064b410279e
  a  b  c  d  e  f  g  h  i  j  k  
 1\w  W  b  b  B  b  b  .  W  B  b\1
  2\w  b  B  W  b  b  W  *  .  .  w\2
   3\w  W  W  .  B  .  .  *  B  w  w\3
    4\w  w  *  *  *  *  *  W  B  W  w\4
     5\w  *  *  *  *  *  *  *  W  b  w\5
      6\B  *  *  B  *  *  *  *  .  W  w\6
       7\.  *  *  *  *  W  *  *  .  b  W\7
        8\w  W  *  *  *  .  *  .  B  b  B\8
         9\w  .  *  *  .  *  .  b  b  b  B\9
         10\w  *  *  .  .  .  b  B  b  b  b\10
          11\.  .  .  .  b  b  b  B  b  b  b\11
              a  b  c  d  e  f  g  h  i  j  k  
2b507 info: Old: [black, a6] [white, swap-pieces] [white, i5] [black, h11] [white, d2] [black, e1] [white, b1] [black, h10] [white, f7] [black, i4] [white, b3] [black, k9] [white, h4] [black, c2] [white, i1] [black, i3] [white, c3] [black, k8] [white, b8] [black, d6] [white, g2] [black, e3] [white, j6] [black, j1] [white, k7] 
2b507 info: New: [black, a6] [white, swap-pieces] [white, i5] [black, h11] [white, d2] [black, e1] [white, b1] [black, h10] [white, f7] [black, i4] [white, b3] [black, k9] [white, h4] [black, c2] [white, i1] [black, i3] [white, c3] [black, k8] [white, b8] [black, d6] [white, g2] [black, e3] [white, j6] [black, j1] [white, k7] [black, i8] [white, j4] 
2b507 info: MovesPlayed: [black, i8] [white, j4] 
2b507 info: No subtree to reuse.
2b507 info: StartSearch()[0]
SgUctSearch: max games reached
2b507 info: 
Elapsed Time   0.225716s
Count          1
GamesPlayed    1
Nodes          1
Knowledge      0 (0.0%)
Expansions     0.0
Time           0.00
GameLen        56.0 dev=0.0 min=56.0 max=56.0
InTree         0.0 dev=0.0 min=0.0 max=0.0
KnowDepth      -
Aborted        0%
Games/s        3802.3
Score          0.00
Sequence      
2b507 info: 
2b507 warning: **** MoHexSearch returned empty sequence!
2b507 warning: **** Returning random move!
<= 
< 
<  9bac7912020b7e67
<  a  b  c  d  e  f  g  h  i  j  k  
< 1\.  W  .  .  B  .  .  .  W  B  .\1
<  2\.  .  B  W  .  .  W  .  .  .  .\2
<   3\.  W  W  .  B  .  .  .  B  .  .\3
<    4\.  .  .  .  .  .  .  W  B  W  .\4
<     5\.  .  .  .  .  B  .  .  W  .  .\5
<      6\B  .  .  B  .  .  .  .  .  W  .\6
<       7\.  .  .  .  .  W  .  .  .  .  W\7
<        8\.  W  .  .  .  .  .  .  B  .  B\8
<         9\.  .  .  .  .  .  .  .  .  .  B\9
<         10\.  .  .  .  .  .  .  B  .  .  .\10
<          11\.  .  .  .  .  .  .  B  .  .  .\11
<              a  b  c  d  e  f  g  h  i  j  k  
<
>play w d9
<= 
<
>showboard
<= 
< 
<  2b2ec54402d625ec
<  a  b  c  d  e  f  g  h  i  j  k  
< 1\.  W  .  .  B  .  .  .  W  B  .\1
<  2\.  .  B  W  .  .  W  .  .  .  .\2
<   3\.  W  W  .  B  .  .  .  B  .  .\3
<    4\.  .  .  .  .  .  .  W  B  W  .\4
<     5\.  .  .  .  .  B  .  .  W  .  .\5
<      6\B  .  .  B  .  .  .  .  .  W  .\6
<       7\.  .  .  .  .  W  .  .  .  .  W\7
<        8\.  W  .  .  .  .  .  .  B  .  B\8
<         9\.  .  .  W  .  .  .  .  .  .  B\9
<         10\.  .  .  .  .  .  .  B  .  .  .\10
<          11\.  .  .  .  .  .  .  B  .  .  .\11
<              a  b  c  d  e  f  g  h  i  j  k  
<
>genmove b
<= h6
<
>showboard
2b507 info: Winning SC.
<= 
< 
<  8d65d670c73f00cc
<  a  b  c  d  e  f  g  h  i  j  k  
< 1\.  W  .  .  B  .  .  .  W  B  .\1
<  2\.  .  B  W  .  .  W  .  .  .  .\2
<   3\.  W  W  .  B  .  .  .  B  .  .\3
<    4\.  .  .  .  .  .  .  W  B  W  .\4
<     5\.  .  .  .  .  B  .  .  W  .  .\5
<      6\B  .  .  B  .  .  .  B  .  W  .\6
<       7\.  .  .  .  .  W  .  .  .  .  W\7
<        8\.  W  .  .  .  .  .  .  B  .  B\8
<         9\.  .  .  W  .  .  .  .  .  .  B\9
<         10\.  .  .  .  .  .  .  B  .  .  .\10
<          11\.  .  .  .  .  .  .  B  .  .  .\11
<              a  b  c  d  e  f  g  h  i  j  k  
<
>play w h8
<= 
<
>showboard
<= 
< 
<  1ba76ee2ef032537
<  a  b  c  d  e  f  g  h  i  j  k  
< 1\.  W  .  .  B  .  .  .  W  B  .\1
<  2\.  .  B  W  .  .  W  .  .  .  .\2
<   3\.  W  W  .  B  .  .  .  B  .  .\3
<    4\.  .  .  .  .  .  .  W  B  W  .\4
<     5\.  .  .  .  .  B  .  .  W  .  .\5
<      6\B  .  .  B  .  .  .  B  .  W  .\6
<       7\.  .  .  .  .  W  .  .  .  .  W\7
<        8\.  W  .  .  .  .  .  W  B  .  B\8
<         9\.  .  .  W  .  .  .  .  .  .  B\9
<         10\.  .  .  .  .  .  .  B  .  .  .\10
<          11\.  .  .  .  .  .  .  B  .  .  .\11
<              a  b  c  d  e  f  g  h  i  j  k  
<
>genmove b
<= i7
<
>showboard
2b507 info: Winning SC.
<= 
< 
<  18615125f2dccfc9
<  a  b  c  d  e  f  g  h  i  j  k  
< 1\.  W  .  .  B  .  .  .  W  B  .\1
<  2\.  .  B  W  .  .  W  .  .  .  .\2
<   3\.  W  W  .  B  .  .  .  B  .  .\3
<    4\.  .  .  .  .  .  .  W  B  W  .\4
<     5\.  .  .  .  .  B  .  .  W  .  .\5
<      6\B  .  .  B  .  .  .  B  .  W  .\6
<       7\.  .  .  .  .  W  .  .  B  .  W\7
<        8\.  W  .  .  .  .  .  W  B  .  B\8
<         9\.  .  .  W  .  .  .  .  .  .  B\9
<         10\.  .  .  .  .  .  .  B  .  .  .\10
<          11\.  .  .  .  .  .  .  B  .  .  .\11
<              a  b  c  d  e  f  g  h  i  j  k  
<
>play w i2
<= 
<
>showboard
<= 
< 
<  3df0148c2b0bb6bc
<  a  b  c  d  e  f  g  h  i  j  k  
< 1\.  W  .  .  B  .  .  .  W  B  .\1
<  2\.  .  B  W  .  .  W  .  W  .  .\2
<   3\.  W  W  .  B  .  .  .  B  .  .\3
<    4\.  .  .  .  .  .  .  W  B  W  .\4
<     5\.  .  .  .  .  B  .  .  W  .  .\5
<      6\B  .  .  B  .  .  .  B  .  W  .\6
<       7\.  .  .  .  .  W  .  .  B  .  W\7
<        8\.  W  .  .  .  .  .  W  B  .  B\8
<         9\.  .  .  W  .  .  .  .  .  .  B\9
<         10\.  .  .  .  .  .  .  B  .  .  .\10
<          11\.  .  .  .  .  .  .  B  .  .  .\11
<              a  b  c  d  e  f  g  h  i  j  k  
<
>genmove b
<= h5
<
>showboard
2b507 info: Winning SC.
<= 
< 
<  c7367f6cb9d1c3d0
<  a  b  c  d  e  f  g  h  i  j  k  
< 1\.  W  .  .  B  .  .  .  W  B  .\1
<  2\.  .  B  W  .  .  W  .  W  .  .\2
<   3\.  W  W  .  B  .  .  .  B  .  .\3
<    4\.  .  .  .  .  .  .  W  B  W  .\4
<     5\.  .  .  .  .  B  .  B  W  .  .\5
<      6\B  .  .  B  .  .  .  B  .  W  .\6
<       7\.  .  .  .  .  W  .  .  B  .  W\7
<        8\.  W  .  .  .  .  .  W  B  .  B\8
<         9\.  .  .  W  .  .  .  .  .  .  B\9
<         10\.  .  .  .  .  .  .  B  .  .  .\10
<          11\.  .  .  .  .  .  .  B  .  .  .\11
<              a  b  c  d  e  f  g  h  i  j  k  
<
>play w h7
<= 
<
>showboard
<= 
< 
<  c6fbaf16fba6f818
<  a  b  c  d  e  f  g  h  i  j  k  
< 1\.  W  .  .  B  .  .  .  W  B  .\1
<  2\.  .  B  W  .  .  W  .  W  .  .\2
<   3\.  W  W  .  B  .  .  .  B  .  .\3
<    4\.  .  .  .  .  .  .  W  B  W  .\4
<     5\.  .  .  .  .  B  .  B  W  .  .\5
<      6\B  .  .  B  .  .  .  B  .  W  .\6
<       7\.  .  .  .  .  W  .  W  B  .  W\7
<        8\.  W  .  .  .  .  .  W  B  .  B\8
<         9\.  .  .  W  .  .  .  .  .  .  B\9
<         10\.  .  .  .  .  .  .  B  .  .  .\10
<          11\.  .  .  .  .  .  .  B  .  .  .\11
<              a  b  c  d  e  f  g  h  i  j  k  
<
>genmove b
<= i6
<
>showboard
2b507 info: Winning SC.
<= 
< 
<  2888e0d3e16964d7
<  a  b  c  d  e  f  g  h  i  j  k  
< 1\.  W  .  .  B  .  .  .  W  B  .\1
<  2\.  .  B  W  .  .  W  .  W  .  .\2
<   3\.  W  W  .  B  .  .  .  B  .  .\3
<    4\.  .  .  .  .  .  .  W  B  W  .\4
<     5\.  .  .  .  .  B  .  B  W  .  .\5
<      6\B  .  .  B  .  .  .  B  B  W  .\6
<       7\.  .  .  .  .  W  .  W  B  .  W\7
<        8\.  W  .  .  .  .  .  W  B  .  B\8
<         9\.  .  .  W  .  .  .  .  .  .  B\9
<         10\.  .  .  .  .  .  .  B  .  .  .\10
<          11\.  .  .  .  .  .  .  B  .  .  .\11
<              a  b  c  d  e  f  g  h  i  j  k  
<
>play w g3
<= 
<
>showboard
<= 
< 
<  c4faf426e5bc0285
<  a  b  c  d  e  f  g  h  i  j  k  
< 1\.  W  .  .  B  .  .  .  W  B  .\1
<  2\.  .  B  W  .  .  W  .  W  .  .\2
<   3\.  W  W  .  B  .  W  .  B  .  .\3
<    4\.  .  .  .  .  .  .  W  B  W  .\4
<     5\.  .  .  .  .  B  .  B  W  .  .\5
<      6\B  .  .  B  .  .  .  B  B  W  .\6
<       7\.  .  .  .  .  W  .  W  B  .  W\7
<        8\.  W  .  .  .  .  .  W  B  .  B\8
<         9\.  .  .  W  .  .  .  .  .  .  B\9
<         10\.  .  .  .  .  .  .  B  .  .  .\10
<          11\.  .  .  .  .  .  .  B  .  .  .\11
<              a  b  c  d  e  f  g  h  i  j  k  
<
>genmove b
<= j2
<
>showboard
2b507 info: Winning SC.
<= 
< 
<  a396526ff6e005ab
<  a  b  c  d  e  f  g  h  i  j  k  
< 1\.  W  .  .  B  .  .  .  W  B  .\1
<  2\.  .  B  W  .  .  W  .  W  B  .\2
<   3\.  W  W  .  B  .  W  .  B  .  .\3
<    4\.  .  .  .  .  .  .  W  B  W  .\4
<     5\.  .  .  .  .  B  .  B  W  .  .\5
<      6\B  .  .  B  .  .  .  B  B  W  .\6
<       7\.  .  .  .  .  W  .  W  B  .  W\7
<        8\.  W  .  .  .  .  .  W  B  .  B\8
<         9\.  .  .  W  .  .  .  .  .  .  B\9
<         10\.  .  .  .  .  .  .  B  .  .  .\10
<          11\.  .  .  .  .  .  .  B  .  .  .\11
<              a  b  c  d  e  f  g  h  i  j  k  
<
>play w h9
<= 
<
>showboard
<= 
< 
<  f5babda58de1b770
<  a  b  c  d  e  f  g  h  i  j  k  
< 1\.  W  .  .  B  .  .  .  W  B  .\1
<  2\.  .  B  W  .  .  W  .  W  B  .\2
<   3\.  W  W  .  B  .  W  .  B  .  .\3
<    4\.  .  .  .  .  .  .  W  B  W  .\4
<     5\.  .  .  .  .  B  .  B  W  .  .\5
<      6\B  .  .  B  .  .  .  B  B  W  .\6
<       7\.  .  .  .  .  W  .  W  B  .  W\7
<        8\.  W  .  .  .  .  .  W  B  .  B\8
<         9\.  .  .  W  .  .  .  W  .  .  B\9
<         10\.  .  .  .  .  .  .  B  .  .  .\10
<          11\.  .  .  .  .  .  .  B  .  .  .\11
<              a  b  c  d  e  f  g  h  i  j  k  
<
>genmove b
<= i9
<
>showboard
2b507 info: Captured cells caused win! Removing...
2b507 info: Winning SC.
<= 
< 
<  7127759bff9caa09
<  a  b  c  d  e  f  g  h  i  j  k  
< 1\.  W  .  .  B  .  .  .  W  B  .\1
<  2\.  .  B  W  .  .  W  .  W  B  .\2
<   3\.  W  W  .  B  .  W  .  B  .  .\3
<    4\.  .  .  .  .  .  .  W  B  W  .\4
<     5\.  .  .  .  .  B  .  B  W  .  .\5
<      6\B  .  .  B  .  .  .  B  B  W  .\6
<       7\.  .  .  .  .  W  .  W  B  .  W\7
<        8\.  W  .  .  .  .  .  W  B  .  B\8
<         9\.  .  .  W  .  .  .  W  B  .  B\9
<         10\.  .  .  .  .  .  .  B  .  .  .\10
<          11\.  .  .  .  .  .  .  B  .  .  .\11
<              a  b  c  d  e  f  g  h  i  j  k  
<
>play w resign
<= 
<
>showboard
<= 
< 
<  7127759bff9caa09
<  a  b  c  d  e  f  g  h  i  j  k  
< 1\.  W  .  .  B  .  .  .  W  B  .\1
<  2\.  .  B  W  .  .  W  .  W  B  .\2
<   3\.  W  W  .  B  .  W  .  B  .  .\3
<    4\.  .  .  .  .  .  .  W  B  W  .\4
<     5\.  .  .  .  .  B  .  B  W  .  .\5
<      6\B  .  .  B  .  .  .  B  B  W  .\6
<       7\.  .  .  .  .  W  .  W  B  .  W\7
<        8\.  W  .  .  .  .  .  W  B  .  B\8
<         9\.  .  .  W  .  .  .  W  B  .  B\9
<         10\.  .  .  .  .  .  .  B  .  .  .\10
<          11\.  .  .  .  .  .  .  B  .  .  .\11
<              a  b  c  d  e  f  g  h  i  j  k  
<
>final_score
<= B+
<
>quit
<= 
<
