28fa7 config: MoHex v2.0.CMake Mar 21 2025.
28fa7 config: ============ InitializeSystem ============
28fa7 config: BenzeneProgram::InitRandom()
28fa7 config: Seed = 331222
28fa7 info: Prior Patterns:
28fa7 info: Global:
28fa7 info: Size            = 565 32648 
28fa7 info: TableEntries    = 65932 65910
28fa7 info: MirrorsAdded    = 0 0
28fa7 info: PrunableCount   = 30593 30629
28fa7 info: LargestGamma    = 5820.77
28fa7 info: SmallestGamma   = 6.6e-05
28fa7 info: Local:
28fa7 info: Size            = 550 5318 
28fa7 info: TableEntries    = 11602 11588
28fa7 info: MirrorsAdded    = 0 0
28fa7 info: PrunableCount   = 3659 3667
28fa7 info: LargestGamma    = 11281.8
28fa7 info: SmallestGamma   = 0.026235
28fa7 info: Playout Patterns:
28fa7 info: Global:
28fa7 info: Size            = 565 32648 
28fa7 info: TableEntries    = 70329 70329
28fa7 info: MirrorsAdded    = 4397 4419
28fa7 info: PrunableCount   = 30593 30629
28fa7 info: LargestGamma    = 5820.77
28fa7 info: SmallestGamma   = 6.6e-05
28fa7 info: Local:
28fa7 info: Size            = 550 5318 
28fa7 info: TableEntries    = 11602 11588
28fa7 info: MirrorsAdded    = 0 0
28fa7 info: PrunableCount   = 3659 3667
28fa7 info: LargestGamma    = 11281.8
28fa7 info: SmallestGamma   = 0.026235
28fa7 config: IcePatternSet: reading from '/home/linus/MoHex2.0/nfbranchfix/benzene-vanilla-cmake/share/ice-patterns.txt'.
28fa7 config: IcePatternSet: parsed 708 patterns.
28fa7 config: VCS: reading captured set patterns from '/home/linus/MoHex2.0/nfbranchfix/benzene-vanilla-cmake/share/vc-captured-set.txt'.
28fa7 config: VCS:: parsed 2 patterns.
28fa7 config: VCS: reading captured set patterns from '/home/linus/MoHex2.0/nfbranchfix/benzene-vanilla-cmake/share/vc-captured-set.txt'.
28fa7 config: VCS:: parsed 2 patterns.
28fa7 config: IcePatternSet: reading from '/home/linus/MoHex2.0/nfbranchfix/benzene-vanilla-cmake/share/ice-patterns.txt'.
28fa7 config: IcePatternSet: parsed 708 patterns.
28fa7 config: VCS: reading captured set patterns from '/home/linus/MoHex2.0/nfbranchfix/benzene-vanilla-cmake/share/vc-captured-set.txt'.
28fa7 config: VCS:: parsed 2 patterns.
28fa7 config: VCS: reading captured set patterns from '/home/linus/MoHex2.0/nfbranchfix/benzene-vanilla-cmake/share/vc-captured-set.txt'.
28fa7 config: VCS:: parsed 2 patterns.
28fa7 config: VCS: reading captured set patterns from '/home/linus/MoHex2.0/nfbranchfix/benzene-vanilla-cmake/share/vc-captured-set.txt'.
28fa7 config: VCS:: parsed 2 patterns.
28fa7 config: VCS: reading captured set patterns from '/home/linus/MoHex2.0/nfbranchfix/benzene-vanilla-cmake/share/vc-captured-set.txt'.
28fa7 config: VCS:: parsed 2 patterns.
28fa7 config: VCS: reading captured set patterns from '/home/linus/MoHex2.0/nfbranchfix/benzene-vanilla-cmake/share/vc-captured-set.txt'.
28fa7 config: VCS:: parsed 2 patterns.
28fa7 config: VCS: reading captured set patterns from '/home/linus/MoHex2.0/nfbranchfix/benzene-vanilla-cmake/share/vc-captured-set.txt'.
28fa7 config: VCS:: parsed 2 patterns.
28fa7 info: SwapCheck: reading from '/home/linus/MoHex2.0/nfbranchfix/benzene-vanilla-cmake/share/swap-moves.txt'.
28fa7 info: SwapCheck: playing swap.
28fa7 config: VCPattern: loading pattern templates from '/home/linus/MoHex2.0/nfbranchfix/benzene-vanilla-cmake/share/vc-patterns.txt'.
28fa7 info: Best move cannot be determined, must search state.
28fa7 info: --- MoHexPlayer::Search() ---
28fa7 info: Color: black
28fa7 info: MaxGames: 1
28fa7 info: NumberThreads: 1
28fa7 info: MaxNodes: 9090 (799920 bytes)
28fa7 info: TimeForMove: 1
28fa7 info: PreSearch: max time reached (57/87).
28fa7 info: Time for PreSearch: 0.203962s
28fa7 info: 
  41f2bbb7afe8dc7a
  a  b  c  d  e  f  g  h  i  j  k  
 1\.  .  .  .  .  .  .  .  .  .  .\1
  2\.  .  *  *  *  .  .  *  *  *  *\2
   3\.  *  *  *  *  W  *  *  *  *  *\3
    4\*  *  *  *  *  *  *  *  *  *  *\4
     5\*  *  *  *  *  *  *  *  *  *  *\5
      6\*  *  *  *  *  *  *  *  *  *  *\6
       7\*  *  *  *  *  *  *  *  *  *  *\7
        8\*  *  *  *  *  *  *  *  *  *  *\8
         9\*  *  *  *  *  *  *  *  *  *  .\9
         10\*  *  .  .  B  .  *  *  *  .  .\10
          11\.  .  b  b  b  b  .  .  .  .  .\11
              a  b  c  d  e  f  g  h  i  j  k  
28fa7 info: No subtree to reuse.
28fa7 info: Creating thread 0
28fa7 info: StartSearch()[0]
28fa7 config: VCS: reading captured set patterns from '/home/linus/MoHex2.0/nfbranchfix/benzene-vanilla-cmake/share/vc-captured-set.txt'.
28fa7 config: VCS:: parsed 2 patterns.
28fa7 config: VCS: reading captured set patterns from '/home/linus/MoHex2.0/nfbranchfix/benzene-vanilla-cmake/share/vc-captured-set.txt'.
28fa7 config: VCS:: parsed 2 patterns.
28fa7 info: 
Elapsed Time   0.3591s
Count          1
GamesPlayed    1
Nodes          1
Knowledge      0 (0.0%)
Expansions     0.0
Time           0.00
GameLen        115.0 dev=0.0 min=115.0 max=115.0
InTree         0.0 dev=0.0 min=0.0 max=0.0
KnowDepth      -
Aborted        0%
Games/s        395.3
Score          0.00
Sequence      
28fa7 info: 
28fa7 warning: **** MoHexSearch returned empty sequence!
28fa7 warning: **** Returning random move!
28fa7 info: Best move cannot be determined, must search state.
28fa7 info: --- MoHexPlayer::Search() ---
28fa7 info: Color: black
28fa7 info: MaxGames: 1
28fa7 info: NumberThreads: 1
28fa7 info: MaxNodes: 9090 (799920 bytes)
28fa7 info: TimeForMove: 1
28fa7 info: PreSearch: max time reached (41/83).
28fa7 info: Time for PreSearch: 3.08172s
28fa7 info: 
  f7751792e9983b9a
  a  b  c  d  e  f  g  h  i  j  k  
 1\.  .  .  .  .  .  .  .  .  .  .\1
  2\.  .  *  *  *  .  .  *  *  *  *\2
   3\.  *  *  *  *  W  *  *  *  *  *\3
    4\*  *  *  *  *  *  *  *  *  *  .\4
     5\*  *  *  *  *  *  *  *  *  *  W\5
      6\*  *  *  *  *  *  *  *  *  *  .\6
       7\*  *  *  *  *  *  *  *  *  *  *\7
        8\*  *  *  *  *  *  *  *  *  *  *\8
         9\*  *  *  *  *  *  *  *  *  *  .\9
         10\*  *  .  B  B  .  *  *  *  .  .\10
          11\.  b  b  b  b  b  .  .  .  .  .\11
              a  b  c  d  e  f  g  h  i  j  k  
28fa7 info: Old: [black, e10] [white, swap-pieces] [white, f3] 
28fa7 info: New: [black, e10] [white, swap-pieces] [white, f3] [black, d10] [white, k5] 
28fa7 info: MovesPlayed: [black, d10] [white, k5] 
28fa7 info: No subtree to reuse.
28fa7 info: StartSearch()[0]
28fa7 info: 
Elapsed Time   3.23313s
Count          1
GamesPlayed    1
Nodes          1
Knowledge      0 (0.0%)
Expansions     0.0
Time           0.00
GameLen        112.0 dev=0.0 min=112.0 max=112.0
InTree         0.0 dev=0.0 min=0.0 max=0.0
KnowDepth      -
Aborted        0%
Games/s        3154.6
Score          1.00
Sequence      
28fa7 info: 
28fa7 warning: **** MoHexSearch returned empty sequence!
28fa7 warning: **** Returning random move!
28fa7 info: Best move cannot be determined, must search state.
28fa7 info: --- MoHexPlayer::Search() ---
28fa7 info: Color: black
28fa7 info: MaxGames: 1
28fa7 info: NumberThreads: 1
28fa7 info: MaxNodes: 9090 (799920 bytes)
28fa7 info: TimeForMove: 1
28fa7 info: PreSearch: max time reached (58/86).
28fa7 info: Time for PreSearch: 0.200571s
28fa7 info: 
  68fb79757d3b1ce2
  a  b  c  d  e  f  g  h  i  j  k  
 1\.  .  .  B  .  .  .  .  .  .  .\1
  2\.  *  *  *  *  .  .  *  *  *  *\2
   3\*  *  *  *  *  W  *  *  *  *  *\3
    4\*  *  *  *  *  *  *  *  *  *  .\4
     5\*  *  *  *  *  *  *  *  *  *  W\5
      6\*  *  *  *  *  *  *  *  *  *  .\6
       7\*  *  *  *  *  *  *  *  *  *  *\7
        8\*  *  *  *  *  *  *  *  *  *  *\8
         9\*  *  *  *  *  *  *  *  *  *  .\9
         10\*  *  .  B  B  .  *  *  *  .  *\10
          11\.  b  b  b  b  b  .  .  W  .  .\11
              a  b  c  d  e  f  g  h  i  j  k  
28fa7 info: Old: [black, e10] [white, swap-pieces] [white, f3] [black, d10] [white, k5] 
28fa7 info: New: [black, e10] [white, swap-pieces] [white, f3] [black, d10] [white, k5] [black, d1] [white, i11] 
28fa7 info: MovesPlayed: [black, d1] [white, i11] 
28fa7 info: No subtree to reuse.
28fa7 info: StartSearch()[0]
28fa7 info: 
Elapsed Time   0.349501s
Count          1
GamesPlayed    1
Nodes          1
Knowledge      0 (0.0%)
Expansions     0.0
Time           0.00
GameLen        110.0 dev=0.0 min=110.0 max=110.0
InTree         0.0 dev=0.0 min=0.0 max=0.0
KnowDepth      -
Aborted        0%
Games/s        3096.0
Score          0.00
Sequence      
28fa7 info: 
28fa7 warning: **** MoHexSearch returned empty sequence!
28fa7 warning: **** Returning random move!
28fa7 info: Best move cannot be determined, must search state.
28fa7 info: --- MoHexPlayer::Search() ---
28fa7 info: Color: black
28fa7 info: MaxGames: 1
28fa7 info: NumberThreads: 1
28fa7 info: MaxNodes: 9090 (799920 bytes)
28fa7 info: TimeForMove: 1
28fa7 info: PreSearch: max time reached (73/76).
28fa7 info: Time for PreSearch: 0.200427s
28fa7 info: 
  69a63920281f987a
  a  b  c  d  e  f  g  h  i  j  k  
 1\w  b  b  B  .  .  .  .  .  .  .\1
  2\w  w  .  .  *  .  .  *  *  *  *\2
   3\w  w  *  *  *  W  *  *  *  *  *\3
    4\w  W  *  *  *  *  *  *  *  *  .\4
     5\w  .  *  *  *  *  *  *  *  *  W\5
      6\w  *  *  *  *  *  *  *  *  *  B\6
       7\.  *  *  *  *  *  *  *  *  *  *\7
        8\*  *  *  *  *  *  *  *  *  *  *\8
         9\*  *  *  *  *  *  *  *  *  *  .\9
         10\*  *  .  B  B  .  .  *  *  .  *\10
          11\.  b  b  b  b  b  .  .  W  .  .\11
              a  b  c  d  e  f  g  h  i  j  k  
28fa7 info: Old: [black, e10] [white, swap-pieces] [white, f3] [black, d10] [white, k5] [black, d1] [white, i11] 
28fa7 info: New: [black, e10] [white, swap-pieces] [white, f3] [black, d10] [white, k5] [black, d1] [white, i11] [black, k6] [white, b4] 
28fa7 info: MovesPlayed: [black, k6] [white, b4] 
28fa7 info: No subtree to reuse.
28fa7 info: StartSearch()[0]
28fa7 info: 
Elapsed Time   0.354328s
Count          1
GamesPlayed    1
Nodes          1
Knowledge      0 (0.0%)
Expansions     0.0
Time           0.00
GameLen        98.0 dev=0.0 min=98.0 max=98.0
InTree         0.0 dev=0.0 min=0.0 max=0.0
KnowDepth      -
Aborted        0%
Games/s        3460.2
Score          1.00
Sequence      
28fa7 info: 
28fa7 warning: **** MoHexSearch returned empty sequence!
28fa7 warning: **** Returning random move!
28fa7 info: Best move cannot be determined, must search state.
28fa7 info: --- MoHexPlayer::Search() ---
28fa7 info: Color: black
28fa7 info: MaxGames: 1
28fa7 info: NumberThreads: 1
28fa7 info: MaxNodes: 9090 (799920 bytes)
28fa7 info: TimeForMove: 1
28fa7 info: Time for PreSearch: 0.194007s
28fa7 info: 
  a3380c94b46e3de8
  a  b  c  d  e  f  g  h  i  j  k  
 1\w  b  b  B  .  .  W  .  .  .  .\1
  2\w  w  .  .  *  *  *  *  *  *  *\2
   3\w  w  *  *  *  W  *  *  *  *  *\3
    4\w  W  *  *  *  *  *  *  *  *  .\4
     5\w  .  *  *  *  *  *  *  *  *  W\5
      6\w  *  *  *  *  *  *  *  *  *  B\6
       7\.  *  *  *  *  *  *  *  *  *  *\7
        8\*  *  *  *  *  *  *  *  *  *  *\8
         9\*  *  *  *  .  .  .  *  *  *  .\9
         10\*  *  .  B  B  b  B  .  .  .  .\10
          11\.  b  b  b  b  b  b  .  W  .  .\11
              a  b  c  d  e  f  g  h  i  j  k  
28fa7 info: Old: [black, e10] [white, swap-pieces] [white, f3] [black, d10] [white, k5] [black, d1] [white, i11] [black, k6] [white, b4] 
28fa7 info: New: [black, e10] [white, swap-pieces] [white, f3] [black, d10] [white, k5] [black, d1] [white, i11] [black, k6] [white, b4] [black, g10] [white, g1] 
28fa7 info: MovesPlayed: [black, g10] [white, g1] 
28fa7 info: No subtree to reuse.
28fa7 info: StartSearch()[0]
28fa7 info: 
Elapsed Time   0.344338s
Count          1
GamesPlayed    1
Nodes          1
Knowledge      0 (0.0%)
Expansions     0.0
Time           0.00
GameLen        94.0 dev=0.0 min=94.0 max=94.0
InTree         0.0 dev=0.0 min=0.0 max=0.0
KnowDepth      -
Aborted        0%
Games/s        3268.0
Score          0.00
Sequence      
28fa7 info: 
28fa7 warning: **** MoHexSearch returned empty sequence!
28fa7 warning: **** Returning random move!
28fa7 info: Best move cannot be determined, must search state.
28fa7 info: --- MoHexPlayer::Search() ---
28fa7 info: Color: black
28fa7 info: MaxGames: 1
28fa7 info: NumberThreads: 1
28fa7 info: MaxNodes: 9090 (799920 bytes)
28fa7 info: TimeForMove: 1
28fa7 info: Time for PreSearch: 0.180246s
28fa7 info: 
  db9657d32e0f6c01
  a  b  c  d  e  f  g  h  i  j  k  
 1\w  b  b  B  .  .  W  .  .  .  .\1
  2\w  w  .  .  *  *  *  *  *  *  *\2
   3\w  w  *  *  *  W  *  *  *  *  .\3
    4\w  W  *  *  *  *  *  *  *  B  b\4
     5\w  .  *  *  *  *  *  *  *  *  W\5
      6\w  *  *  *  *  *  *  *  *  *  B\6
       7\.  *  *  *  *  *  *  *  *  *  *\7
        8\*  *  *  *  *  *  *  *  *  *  *\8
         9\*  *  *  *  .  .  .  *  *  *  .\9
         10\*  *  .  B  B  b  B  .  *  *  W\10
          11\.  b  b  b  b  b  b  .  W  .  b\11
              a  b  c  d  e  f  g  h  i  j  k  
28fa7 info: Old: [black, e10] [white, swap-pieces] [white, f3] [black, d10] [white, k5] [black, d1] [white, i11] [black, k6] [white, b4] [black, g10] [white, g1] 
28fa7 info: New: [black, e10] [white, swap-pieces] [white, f3] [black, d10] [white, k5] [black, d1] [white, i11] [black, k6] [white, b4] [black, g10] [white, g1] [black, j4] [white, k10] 
28fa7 info: MovesPlayed: [black, j4] [white, k10] 
28fa7 info: No subtree to reuse.
28fa7 info: StartSearch()[0]
28fa7 info: 
Elapsed Time   0.330654s
Count          1
GamesPlayed    1
Nodes          1
Knowledge      0 (0.0%)
Expansions     0.0
Time           0.00
GameLen        90.0 dev=0.0 min=90.0 max=90.0
InTree         0.0 dev=0.0 min=0.0 max=0.0
KnowDepth      -
Aborted        0%
Games/s        2932.6
Score          0.00
Sequence      
28fa7 info: 
28fa7 warning: **** MoHexSearch returned empty sequence!
28fa7 warning: **** Returning random move!
28fa7 info: Best move cannot be determined, must search state.
28fa7 info: --- MoHexPlayer::Search() ---
28fa7 info: Color: black
28fa7 info: MaxGames: 1
28fa7 info: NumberThreads: 1
28fa7 info: MaxNodes: 9090 (799920 bytes)
28fa7 info: TimeForMove: 1
28fa7 info: Time for PreSearch: 0.160028s
28fa7 info: 
  a8e4d63627d308de
  a  b  c  d  e  f  g  h  i  j  k  
 1\w  b  b  B  .  .  W  .  .  .  .\1
  2\w  w  .  .  *  *  *  *  *  *  *\2
   3\w  w  *  *  *  W  *  *  *  *  .\3
    4\w  W  *  *  *  *  *  *  *  B  b\4
     5\w  B  *  *  *  *  *  *  *  *  W\5
      6\w  *  *  *  *  *  *  *  *  *  B\6
       7\w  *  *  *  *  *  *  *  *  *  *\7
        8\W  *  *  *  *  *  *  *  *  *  *\8
         9\.  *  *  *  .  .  .  *  *  *  .\9
         10\*  *  .  B  B  b  B  .  *  *  W\10
          11\.  b  b  b  b  b  b  .  W  .  b\11
              a  b  c  d  e  f  g  h  i  j  k  
28fa7 info: Old: [black, e10] [white, swap-pieces] [white, f3] [black, d10] [white, k5] [black, d1] [white, i11] [black, k6] [white, b4] [black, g10] [white, g1] [black, j4] [white, k10] 
28fa7 info: New: [black, e10] [white, swap-pieces] [white, f3] [black, d10] [white, k5] [black, d1] [white, i11] [black, k6] [white, b4] [black, g10] [white, g1] [black, j4] [white, k10] [black, b5] [white, a8] 
28fa7 info: MovesPlayed: [black, b5] [white, a8] 
28fa7 info: No subtree to reuse.
28fa7 info: StartSearch()[0]
28fa7 info: 
Elapsed Time   0.320954s
Count          1
GamesPlayed    1
Nodes          1
Knowledge      0 (0.0%)
Expansions     0.0
Time           0.00
GameLen        87.0 dev=0.0 min=87.0 max=87.0
InTree         0.0 dev=0.0 min=0.0 max=0.0
KnowDepth      -
Aborted        0%
Games/s        2617.8
Score          1.00
Sequence      
28fa7 info: 
28fa7 warning: **** MoHexSearch returned empty sequence!
28fa7 warning: **** Returning random move!
28fa7 info: Best move cannot be determined, must search state.
28fa7 info: --- MoHexPlayer::Search() ---
28fa7 info: Color: black
28fa7 info: MaxGames: 1
28fa7 info: NumberThreads: 1
28fa7 info: MaxNodes: 9090 (799920 bytes)
28fa7 info: TimeForMove: 1
28fa7 info: Time for PreSearch: 0.160877s
28fa7 info: 
  335392de3a1a9282
  a  b  c  d  e  f  g  h  i  j  k  
 1\w  b  b  B  .  .  W  .  .  .  .\1
  2\w  w  .  .  *  *  *  *  *  *  *\2
   3\w  w  *  *  *  W  *  *  *  *  .\3
    4\w  W  *  *  *  *  *  *  *  B  b\4
     5\w  B  *  *  *  *  *  *  *  *  W\5
      6\w  *  *  *  B  *  *  *  *  *  B\6
       7\w  *  *  *  *  *  *  *  *  *  .\7
        8\W  *  *  *  *  *  *  *  *  *  W\8
         9\.  *  *  *  .  .  .  *  *  .  b\9
         10\*  *  .  B  B  b  B  .  *  w  W\10
          11\.  b  b  b  b  b  b  .  W  w  b\11
              a  b  c  d  e  f  g  h  i  j  k  
28fa7 info: Old: [black, e10] [white, swap-pieces] [white, f3] [black, d10] [white, k5] [black, d1] [white, i11] [black, k6] [white, b4] [black, g10] [white, g1] [black, j4] [white, k10] [black, b5] [white, a8] 
28fa7 info: New: [black, e10] [white, swap-pieces] [white, f3] [black, d10] [white, k5] [black, d1] [white, i11] [black, k6] [white, b4] [black, g10] [white, g1] [black, j4] [white, k10] [black, b5] [white, a8] [black, e6] [white, k8] 
28fa7 info: MovesPlayed: [black, e6] [white, k8] 
28fa7 info: No subtree to reuse.
28fa7 info: StartSearch()[0]
28fa7 info: 
Elapsed Time   0.32012s
Count          1
GamesPlayed    1
Nodes          1
Knowledge      0 (0.0%)
Expansions     0.0
Time           0.00
GameLen        82.0 dev=0.0 min=82.0 max=82.0
InTree         0.0 dev=0.0 min=0.0 max=0.0
KnowDepth      -
Aborted        0%
Games/s        2958.6
Score          1.00
Sequence      
28fa7 info: 
28fa7 warning: **** MoHexSearch returned empty sequence!
28fa7 warning: **** Returning random move!
28fa7 info: Best move cannot be determined, must search state.
28fa7 info: --- MoHexPlayer::Search() ---
28fa7 info: Color: black
28fa7 info: MaxGames: 1
28fa7 info: NumberThreads: 1
28fa7 info: MaxNodes: 9090 (799920 bytes)
28fa7 info: TimeForMove: 1
28fa7 info: Time for PreSearch: 0.159286s
28fa7 info: 
  49382fdf24c938f1
  a  b  c  d  e  f  g  h  i  j  k  
 1\w  b  b  B  .  .  W  .  .  .  .\1
  2\w  w  .  .  *  *  *  *  *  *  *\2
   3\w  w  *  *  *  W  *  *  *  *  .\3
    4\w  W  *  *  *  *  *  *  *  B  b\4
     5\w  B  *  *  *  *  *  *  *  .  W\5
      6\w  *  *  *  B  *  *  *  *  W  B\6
       7\w  *  *  *  *  *  *  *  *  .  b\7
        8\W  *  *  *  *  *  *  *  *  *  W\8
         9\.  *  *  *  .  .  .  *  .  .  b\9
         10\.  .  .  B  B  b  B  .  *  w  W\10
          11\B  b  b  b  b  b  b  .  W  w  b\11
              a  b  c  d  e  f  g  h  i  j  k  
28fa7 info: Old: [black, e10] [white, swap-pieces] [white, f3] [black, d10] [white, k5] [black, d1] [white, i11] [black, k6] [white, b4] [black, g10] [white, g1] [black, j4] [white, k10] [black, b5] [white, a8] [black, e6] [white, k8] 
28fa7 info: New: [black, e10] [white, swap-pieces] [white, f3] [black, d10] [white, k5] [black, d1] [white, i11] [black, k6] [white, b4] [black, g10] [white, g1] [black, j4] [white, k10] [black, b5] [white, a8] [black, e6] [white, k8] [black, a11] [white, j6] 
28fa7 info: MovesPlayed: [black, a11] [white, j6] 
28fa7 info: No subtree to reuse.
28fa7 info: StartSearch()[0]
28fa7 info: 
Elapsed Time   0.306073s
Count          1
GamesPlayed    1
Nodes          1
Knowledge      0 (0.0%)
Expansions     0.0
Time           0.00
GameLen        79.0 dev=0.0 min=79.0 max=79.0
InTree         0.0 dev=0.0 min=0.0 max=0.0
KnowDepth      -
Aborted        0%
Games/s        3787.9
Score          1.00
Sequence      
28fa7 info: 
28fa7 warning: **** MoHexSearch returned empty sequence!
28fa7 warning: **** Returning random move!
28fa7 info: Best move cannot be determined, must search state.
28fa7 info: --- MoHexPlayer::Search() ---
28fa7 info: Color: black
28fa7 info: MaxGames: 1
28fa7 info: NumberThreads: 1
28fa7 info: MaxNodes: 9090 (799920 bytes)
28fa7 info: TimeForMove: 1
28fa7 info: PreSearch: max time reached (48/55).
28fa7 info: Time for PreSearch: 0.200225s
28fa7 info: 
  31c3bc4cb9c7ae59
  a  b  c  d  e  f  g  h  i  j  k  
 1\w  b  b  B  .  .  W  .  .  .  .\1
  2\w  w  .  .  *  *  *  *  .  *  *\2
   3\w  w  *  *  *  W  *  B  *  *  .\3
    4\w  W  *  *  *  *  *  *  *  B  b\4
     5\w  B  *  *  *  *  *  *  *  .  W\5
      6\w  *  *  *  B  *  *  *  *  W  B\6
       7\w  *  *  *  *  *  *  *  *  .  b\7
        8\W  *  *  *  *  *  *  W  *  .  W\8
         9\.  *  *  *  .  .  .  .  *  .  b\9
         10\.  .  .  B  B  b  B  .  *  w  W\10
          11\B  b  b  b  b  b  b  .  W  w  b\11
              a  b  c  d  e  f  g  h  i  j  k  
28fa7 info: Old: [black, e10] [white, swap-pieces] [white, f3] [black, d10] [white, k5] [black, d1] [white, i11] [black, k6] [white, b4] [black, g10] [white, g1] [black, j4] [white, k10] [black, b5] [white, a8] [black, e6] [white, k8] [black, a11] [white, j6] 
28fa7 info: New: [black, e10] [white, swap-pieces] [white, f3] [black, d10] [white, k5] [black, d1] [white, i11] [black, k6] [white, b4] [black, g10] [white, g1] [black, j4] [white, k10] [black, b5] [white, a8] [black, e6] [white, k8] [black, a11] [white, j6] [black, h3] [white, h8] 
28fa7 info: MovesPlayed: [black, h3] [white, h8] 
28fa7 info: No subtree to reuse.
28fa7 info: StartSearch()[0]
28fa7 info: 
Elapsed Time   0.537737s
Count          1
GamesPlayed    1
Nodes          1
Knowledge      0 (0.0%)
Expansions     0.0
Time           0.00
GameLen        77.0 dev=0.0 min=77.0 max=77.0
InTree         0.0 dev=0.0 min=0.0 max=0.0
KnowDepth      -
Aborted        0%
Games/s        3355.7
Score          1.00
Sequence      
28fa7 info: 
28fa7 warning: **** MoHexSearch returned empty sequence!
28fa7 warning: **** Returning random move!
28fa7 info: Best move cannot be determined, must search state.
28fa7 info: --- MoHexPlayer::Search() ---
28fa7 info: Color: black
28fa7 info: MaxGames: 1
28fa7 info: NumberThreads: 1
28fa7 info: MaxNodes: 9090 (799920 bytes)
28fa7 info: TimeForMove: 1
28fa7 info: Time for PreSearch: 0.164985s
28fa7 info: 
  6fd9104f8c5fccfc
  a  b  c  d  e  f  g  h  i  j  k  
 1\w  b  b  B  .  .  W  .  .  .  .\1
  2\w  w  W  *  *  *  *  *  .  *  *\2
   3\w  w  .  *  *  W  *  B  *  *  .\3
    4\w  W  *  *  *  *  *  *  *  B  b\4
     5\w  B  *  *  *  *  *  *  *  .  W\5
      6\w  *  *  *  B  *  *  *  *  W  B\6
       7\w  *  *  *  *  *  *  *  w  b  b\7
        8\W  *  *  *  *  *  *  W  B  w  W\8
         9\.  *  *  *  .  .  .  w  w  w  b\9
         10\.  .  .  B  B  b  B  w  w  w  W\10
          11\B  b  b  b  b  b  b  w  W  w  b\11
              a  b  c  d  e  f  g  h  i  j  k  
28fa7 info: Old: [black, e10] [white, swap-pieces] [white, f3] [black, d10] [white, k5] [black, d1] [white, i11] [black, k6] [white, b4] [black, g10] [white, g1] [black, j4] [white, k10] [black, b5] [white, a8] [black, e6] [white, k8] [black, a11] [white, j6] [black, h3] [white, h8] 
28fa7 info: New: [black, e10] [white, swap-pieces] [white, f3] [black, d10] [white, k5] [black, d1] [white, i11] [black, k6] [white, b4] [black, g10] [white, g1] [black, j4] [white, k10] [black, b5] [white, a8] [black, e6] [white, k8] [black, a11] [white, j6] [black, h3] [white, h8] [black, i8] [white, c2] 
28fa7 info: MovesPlayed: [black, i8] [white, c2] 
28fa7 info: No subtree to reuse.
28fa7 info: StartSearch()[0]
28fa7 info: 
Elapsed Time   0.311123s
Count          1
GamesPlayed    1
Nodes          1
Knowledge      0 (0.0%)
Expansions     0.0
Time           0.00
GameLen        66.0 dev=0.0 min=66.0 max=66.0
InTree         0.0 dev=0.0 min=0.0 max=0.0
KnowDepth      -
Aborted        0%
Games/s        3731.3
Score          0.00
Sequence      
28fa7 info: 
28fa7 warning: **** MoHexSearch returned empty sequence!
28fa7 warning: **** Returning random move!
28fa7 info: Best move cannot be determined, must search state.
28fa7 info: --- MoHexPlayer::Search() ---
28fa7 info: Color: black
28fa7 info: MaxGames: 1
28fa7 info: NumberThreads: 1
28fa7 info: MaxNodes: 9090 (799920 bytes)
28fa7 info: TimeForMove: 1
28fa7 info: Time for PreSearch: 0.128462s
28fa7 info: 
  04ba4933e65eba6b
  a  b  c  d  e  f  g  h  i  j  k  
 1\w  b  b  B  B  .  W  .  .  .  .\1
  2\w  w  W  *  *  *  .  *  .  *  *\2
   3\w  w  .  *  *  W  *  B  *  *  .\3
    4\w  W  *  *  *  *  *  *  *  B  b\4
     5\w  B  *  *  *  *  *  *  *  .  W\5
      6\w  *  *  *  B  *  *  *  *  W  B\6
       7\w  *  *  *  *  *  *  .  w  b  b\7
        8\W  *  *  *  *  *  W  W  B  w  W\8
         9\.  *  *  *  .  .  b  w  w  w  b\9
         10\.  .  .  B  B  b  B  w  w  w  W\10
          11\B  b  b  b  b  b  b  w  W  w  b\11
              a  b  c  d  e  f  g  h  i  j  k  
28fa7 info: Old: [black, e10] [white, swap-pieces] [white, f3] [black, d10] [white, k5] [black, d1] [white, i11] [black, k6] [white, b4] [black, g10] [white, g1] [black, j4] [white, k10] [black, b5] [white, a8] [black, e6] [white, k8] [black, a11] [white, j6] [black, h3] [white, h8] [black, i8] [white, c2] 
28fa7 info: New: [black, e10] [white, swap-pieces] [white, f3] [black, d10] [white, k5] [black, d1] [white, i11] [black, k6] [white, b4] [black, g10] [white, g1] [black, j4] [white, k10] [black, b5] [white, a8] [black, e6] [white, k8] [black, a11] [white, j6] [black, h3] [white, h8] [black, i8] [white, c2] [black, e1] [white, g8] 
28fa7 info: MovesPlayed: [black, e1] [white, g8] 
28fa7 info: No subtree to reuse.
28fa7 info: StartSearch()[0]
28fa7 info: 
Elapsed Time   0.282885s
Count          1
GamesPlayed    1
Nodes          1
Knowledge      0 (0.0%)
Expansions     0.0
Time           0.00
GameLen        63.0 dev=0.0 min=63.0 max=63.0
InTree         0.0 dev=0.0 min=0.0 max=0.0
KnowDepth      -
Aborted        0%
Games/s        3546.1
Score          1.00
Sequence      
28fa7 info: 
28fa7 warning: **** MoHexSearch returned empty sequence!
28fa7 warning: **** Returning random move!
28fa7 info: Best move cannot be determined, must search state.
28fa7 info: --- MoHexPlayer::Search() ---
28fa7 info: Color: black
28fa7 info: MaxGames: 1
28fa7 info: NumberThreads: 1
28fa7 info: MaxNodes: 9090 (799920 bytes)
28fa7 info: TimeForMove: 1
28fa7 info: Winning sequence found before UCT search!
28fa7 info: Sequence: f6
28fa7 info: Winning SC.
28fa7 info: Winning SC.
28fa7 info: Winning SC.
28fa7 info: Winning SC.
28fa7 info: Winning SC.
28fa7 info: Winning SC.
28fa7 info: Winning SC.
28fa7 info: Winning SC.
28fa7 info: Winning SC.
28fa7 info: Captured cells caused win! Removing...
28fa7 info: Winning SC.
28fa7 config: ============ BenzeneShutdown =============
28fa7 config: MoHexProgram:: ShutdownSystem()
28fa7 config: CommonProgram:: ShutdownSystem()
28fa7 config: BenzeneProgram:: ShutdownSystem()
Flushing and closing this stream...
