# nice ../build/src/mohex/mohex --config mohex-weak.htp --seed 446118 --logfile-name jobs/11x11-mohex-mohex-cg2010-vs-mohex-mohex-weak-3/mohex-mohex-weak-235.log
>boardsize 11 11
<= 
<
>name
MoHex 2.0.CMake Mar 21 2025
Copyright (C) 2007-2012 by the authors of the Benzene project.
This program comes with ABSOLUTELY NO WARRANTY. This is
free software and you are welcome to redistribute it under
certain conditions. Type `benzene-license' for details.

SgRandom::SetSeed: 446118
SgUctSearch: system memory 33632358400, using 1000000000 (5681818 nodes)
SgRandom::SetSeed: 1
SgRandom::SetSeed: 446118
7efa7 info: Prior Patterns:
7efa7 info: Global:
7efa7 info: Size            = 565 32648 
7efa7 info: TableEntries    = 65932 65910
7efa7 info: MirrorsAdded    = 0 0
7efa7 info: PrunableCount   = 30593 30629
7efa7 info: LargestGamma    = 5820.77
7efa7 info: SmallestGamma   = 6.6e-05
7efa7 info: Local:
7efa7 info: Size            = 550 5318 
7efa7 info: TableEntries    = 11602 11588
7efa7 info: MirrorsAdded    = 0 0
7efa7 info: PrunableCount   = 3659 3667
7efa7 info: LargestGamma    = 11281.8
7efa7 info: SmallestGamma   = 0.026235
7efa7 info: Playout Patterns:
7efa7 info: Global:
7efa7 info: Size            = 565 32648 
7efa7 info: TableEntries    = 70329 70329
7efa7 info: MirrorsAdded    = 4397 4419
7efa7 info: PrunableCount   = 30593 30629
7efa7 info: LargestGamma    = 5820.77
7efa7 info: SmallestGamma   = 6.6e-05
7efa7 info: Local:
7efa7 info: Size            = 550 5318 
7efa7 info: TableEntries    = 11602 11588
7efa7 info: MirrorsAdded    = 0 0
7efa7 info: PrunableCount   = 3659 3667
7efa7 info: LargestGamma    = 11281.8
7efa7 info: SmallestGamma   = 0.026235
param_game allow_swap 1
= 

param_mohex max_memory 1600000
= 

param_mohex num_threads 1
= 

param_mohex max_time 1
= 

param_mohex max_games 1
= 

param_mohex knowledge_threshold 400
= 

param_mohex reuse_subtree 1
= 

param_mohex use_parallel_solver 0
= 

<= MoHex
<
>version
<= 2.0.CMake
<
>play b k8
<= 
<
>showboard
<= 
< 
<  c80237a1bfe88181
<  a  b  c  d  e  f  g  h  i  j  k  
< 1\.  .  .  .  .  .  .  .  .  .  .\1
<  2\.  .  .  .  .  .  .  .  .  .  .\2
<   3\.  .  .  .  .  .  .  .  .  .  .\3
<    4\.  .  .  .  .  .  .  .  .  .  .\4
<     5\.  .  .  .  .  .  .  .  .  .  .\5
<      6\.  .  .  .  .  .  .  .  .  .  .\6
<       7\.  .  .  .  .  .  .  .  .  .  .\7
<        8\.  .  .  .  .  .  .  .  .  .  B\8
<         9\.  .  .  .  .  .  .  .  .  .  .\9
<         10\.  .  .  .  .  .  .  .  .  .  .\10
<          11\.  .  .  .  .  .  .  .  .  .  .\11
<              a  b  c  d  e  f  g  h  i  j  k  
<
>play w swap-pieces
<= 
<
>genmove w
<= d2
<
>play b f2
7efa7 info: Best move cannot be determined, must search state.
7efa7 info: --- MoHexPlayer::Search() ---
7efa7 info: Color: white
7efa7 info: MaxGames: 1
7efa7 info: NumberThreads: 1
7efa7 info: MaxNodes: 9090 (799920 bytes)
7efa7 info: TimeForMove: 1
7efa7 info: PreSearch: max time reached (53/93).
7efa7 info: Time for PreSearch: 0.201374s
7efa7 info: 
  c80237a1bfe88181
  a  b  c  d  e  f  g  h  i  j  k  
 1\.  .  .  .  *  *  *  *  *  *  .\1
  2\.  .  *  *  *  *  *  *  *  *  .\2
   3\.  *  *  *  *  *  *  *  *  *  .\3
    4\.  *  *  *  *  *  *  *  *  *  .\4
     5\.  *  *  *  *  *  *  *  *  *  .\5
      6\.  *  *  *  *  *  *  *  *  *  .\6
       7\.  *  *  *  *  *  *  *  *  *  .\7
        8\.  *  *  *  *  *  *  *  *  *  B\8
         9\.  *  *  *  *  *  *  *  *  *  .\9
         10\.  *  *  *  *  *  *  *  *  *  .\10
          11\.  *  *  *  *  *  *  .  *  .  .\11
              a  b  c  d  e  f  g  h  i  j  k  
7efa7 info: No subtree to reuse.
7efa7 info: Creating thread 0
7efa7 info: StartSearch()[0]
SgUctSearch: max games reached
7efa7 info: 
Elapsed Time   0.355974s
Count          1
GamesPlayed    1
Nodes          1
Knowledge      0 (0.0%)
Expansions     0.0
Time           0.00
GameLen        120.0 dev=0.0 min=120.0 max=120.0
InTree         0.0 dev=0.0 min=0.0 max=0.0
KnowDepth      -
Aborted        0%
Games/s        356.3
Score          0.00
Sequence      
7efa7 info: 
7efa7 warning: **** MoHexSearch returned empty sequence!
7efa7 warning: **** Returning random move!
<= 
<
>genmove w
<= f3
<
>play b f10
7efa7 info: Best move cannot be determined, must search state.
7efa7 info: --- MoHexPlayer::Search() ---
7efa7 info: Color: white
7efa7 info: MaxGames: 1
7efa7 info: NumberThreads: 1
7efa7 info: MaxNodes: 9090 (799920 bytes)
7efa7 info: TimeForMove: 1
7efa7 info: PreSearch: max time reached (47/85).
7efa7 info: Time for PreSearch: 0.20336s
7efa7 info: 
  8ea08dc18aba61cf
  a  b  c  d  e  f  g  h  i  j  k  
 1\.  .  .  .  b  b  b  b  .  *  .\1
  2\.  .  *  W  .  B  .  *  *  *  .\2
   3\.  *  *  *  *  *  *  *  *  *  .\3
    4\.  *  *  *  *  *  *  *  *  *  .\4
     5\.  *  *  *  *  *  *  *  *  *  .\5
      6\.  *  *  *  *  *  *  *  *  *  .\6
       7\.  *  *  *  *  *  *  *  *  *  .\7
        8\.  *  *  *  *  *  *  *  *  *  B\8
         9\.  *  *  *  *  *  *  *  *  *  .\9
         10\.  *  *  *  *  *  *  *  *  *  .\10
          11\.  *  *  *  *  *  *  *  *  .  .\11
              a  b  c  d  e  f  g  h  i  j  k  
7efa7 info: Old: [black, k8] [white, swap-pieces] 
7efa7 info: New: [black, k8] [white, swap-pieces] [white, d2] [black, f2] 
7efa7 info: ReuseSubtree: Colors do not alternate.
7efa7 info: No subtree to reuse.
7efa7 info: StartSearch()[0]
SgUctSearch: max games reached
7efa7 info: 
Elapsed Time   0.526602s
Count          1
GamesPlayed    1
Nodes          1
Knowledge      0 (0.0%)
Expansions     0.0
Time           0.00
GameLen        114.0 dev=0.0 min=114.0 max=114.0
InTree         0.0 dev=0.0 min=0.0 max=0.0
KnowDepth      -
Aborted        0%
Games/s        2638.5
Score          1.00
Sequence      
7efa7 info: 
7efa7 warning: **** MoHexSearch returned empty sequence!
7efa7 warning: **** Returning random move!
<= 
<
>genmove w
<= i2
<
>play b b8
7efa7 info: Best move cannot be determined, must search state.
7efa7 info: --- MoHexPlayer::Search() ---
7efa7 info: Color: white
7efa7 info: MaxGames: 1
7efa7 info: NumberThreads: 1
7efa7 info: MaxNodes: 9090 (799920 bytes)
7efa7 info: TimeForMove: 1
7efa7 info: PreSearch: max time reached (44/75).
7efa7 info: Time for PreSearch: 0.200638s
7efa7 info: 
  4ca0b84fbf0ff56b
  a  b  c  d  e  f  g  h  i  j  k  
 1\.  .  .  .  b  b  b  b  .  *  .\1
  2\.  .  *  W  .  B  .  *  *  *  .\2
   3\.  *  *  *  *  W  *  *  *  *  .\3
    4\.  *  *  *  *  *  *  *  *  *  .\4
     5\.  *  *  *  *  *  *  *  *  *  .\5
      6\.  *  *  *  *  *  *  *  *  *  .\6
       7\.  *  *  *  *  *  *  *  *  *  .\7
        8\.  *  *  *  *  *  *  *  *  *  B\8
         9\.  *  *  *  *  *  *  *  *  *  .\9
         10\.  *  *  *  .  B  .  *  *  *  .\10
          11\.  *  .  b  b  b  b  .  *  .  .\11
              a  b  c  d  e  f  g  h  i  j  k  
7efa7 info: Old: [black, k8] [white, swap-pieces] [white, d2] [black, f2] 
7efa7 info: New: [black, k8] [white, swap-pieces] [white, d2] [black, f2] [white, f3] [black, f10] 
7efa7 info: MovesPlayed: [white, f3] [black, f10] 
7efa7 info: No subtree to reuse.
7efa7 info: StartSearch()[0]
SgUctSearch: max games reached
7efa7 info: 
Elapsed Time   0.349323s
Count          1
GamesPlayed    1
Nodes          1
Knowledge      0 (0.0%)
Expansions     0.0
Time           0.00
GameLen        108.0 dev=0.0 min=108.0 max=108.0
InTree         0.0 dev=0.0 min=0.0 max=0.0
KnowDepth      -
Aborted        0%
Games/s        3436.4
Score          1.00
Sequence      
7efa7 info: 
7efa7 warning: **** MoHexSearch returned empty sequence!
7efa7 warning: **** Returning random move!
<= 
<
>genmove w
<= i11
<
>play b b11
7efa7 info: Best move cannot be determined, must search state.
7efa7 info: --- MoHexPlayer::Search() ---
7efa7 info: Color: white
7efa7 info: MaxGames: 1
7efa7 info: NumberThreads: 1
7efa7 info: MaxNodes: 9090 (799920 bytes)
7efa7 info: TimeForMove: 1
7efa7 info: PreSearch: max time reached (41/72).
7efa7 info: Time for PreSearch: 0.200353s
7efa7 info: 
  31f1030c2fd9e7b2
  a  b  c  d  e  f  g  h  i  j  k  
 1\.  .  .  .  b  b  b  b  b  .  .\1
  2\.  .  *  W  .  B  .  *  W  *  .\2
   3\.  *  *  *  *  W  *  *  *  *  .\3
    4\.  *  *  *  *  *  *  *  *  *  .\4
     5\.  *  *  *  *  *  *  *  *  *  .\5
      6\.  *  *  *  *  *  *  *  *  *  .\6
       7\.  *  *  *  *  *  *  *  *  *  .\7
        8\.  B  *  *  *  *  *  *  *  *  B\8
         9\.  *  *  *  *  *  *  *  *  *  .\9
         10\.  *  *  *  .  B  .  *  *  *  .\10
          11\.  *  .  b  b  b  b  .  *  .  .\11
              a  b  c  d  e  f  g  h  i  j  k  
7efa7 info: Old: [black, k8] [white, swap-pieces] [white, d2] [black, f2] [white, f3] [black, f10] 
7efa7 info: New: [black, k8] [white, swap-pieces] [white, d2] [black, f2] [white, f3] [black, f10] [white, i2] [black, b8] 
7efa7 info: MovesPlayed: [white, i2] [black, b8] 
7efa7 info: No subtree to reuse.
7efa7 info: StartSearch()[0]
SgUctSearch: max games reached
7efa7 info: 
Elapsed Time   0.356265s
Count          1
GamesPlayed    1
Nodes          1
Knowledge      0 (0.0%)
Expansions     0.0
Time           0.00
GameLen        105.0 dev=0.0 min=105.0 max=105.0
InTree         0.0 dev=0.0 min=0.0 max=0.0
KnowDepth      -
Aborted        0%
Games/s        3115.3
Score          0.00
Sequence      
7efa7 info: 
7efa7 warning: **** MoHexSearch returned empty sequence!
7efa7 warning: **** Returning random move!
<= 
<
>genmove w
<= d1
<
>play b c2
7efa7 info: Best move cannot be determined, must search state.
7efa7 info: --- MoHexPlayer::Search() ---
7efa7 info: Color: white
7efa7 info: MaxGames: 1
7efa7 info: NumberThreads: 1
7efa7 info: MaxNodes: 9090 (799920 bytes)
7efa7 info: TimeForMove: 1
7efa7 info: PreSearch: max time reached (46/70).
7efa7 info: Time for PreSearch: 0.2024s
7efa7 info: 
  4928700e9e70fb75
  a  b  c  d  e  f  g  h  i  j  k  
 1\.  .  .  .  b  b  b  b  b  .  .\1
  2\.  .  *  W  .  B  .  *  W  *  .\2
   3\.  *  *  *  *  W  *  *  *  *  .\3
    4\.  *  *  *  *  *  *  *  *  *  .\4
     5\.  *  *  *  *  *  *  *  *  *  .\5
      6\.  *  *  *  *  *  *  *  *  *  .\6
       7\.  *  *  *  *  *  *  *  *  *  .\7
        8\.  B  *  *  *  *  *  *  *  *  B\8
         9\.  *  *  *  *  *  *  *  *  *  .\9
         10\.  *  *  *  .  B  .  *  *  *  .\10
          11\.  B  b  b  b  b  b  .  W  .  .\11
              a  b  c  d  e  f  g  h  i  j  k  
7efa7 info: Old: [black, k8] [white, swap-pieces] [white, d2] [black, f2] [white, f3] [black, f10] [white, i2] [black, b8] 
7efa7 info: New: [black, k8] [white, swap-pieces] [white, d2] [black, f2] [white, f3] [black, f10] [white, i2] [black, b8] [white, i11] [black, b11] 
7efa7 info: MovesPlayed: [white, i11] [black, b11] 
7efa7 info: No subtree to reuse.
7efa7 info: StartSearch()[0]
SgUctSearch: max games reached
7efa7 info: 
Elapsed Time   0.354441s
Count          1
GamesPlayed    1
Nodes          1
Knowledge      0 (0.0%)
Expansions     0.0
Time           0.00
GameLen        102.0 dev=0.0 min=102.0 max=102.0
InTree         0.0 dev=0.0 min=0.0 max=0.0
KnowDepth      -
Aborted        0%
Games/s        3300.3
Score          1.00
Sequence      
7efa7 info: 
7efa7 warning: **** MoHexSearch returned empty sequence!
7efa7 warning: **** Returning random move!
<= 
<
>genmove w
<= b2
<
>play b e2
7efa7 info: Best move cannot be determined, must search state.
7efa7 info: --- MoHexPlayer::Search() ---
7efa7 info: Color: white
7efa7 info: MaxGames: 1
7efa7 info: NumberThreads: 1
7efa7 info: MaxNodes: 9090 (799920 bytes)
7efa7 info: TimeForMove: 1
7efa7 info: PreSearch: max time reached (44/70).
7efa7 info: Time for PreSearch: 0.202622s
7efa7 info: 
  df4912d6590f9e0f
  a  b  c  d  e  f  g  h  i  j  k  
 1\.  .  .  W  b  b  b  b  b  .  .\1
  2\.  .  B  W  .  B  .  *  W  *  .\2
   3\.  .  .  *  *  W  *  *  *  *  .\3
    4\.  *  *  *  *  *  *  *  *  *  .\4
     5\.  *  *  *  *  *  *  *  *  *  .\5
      6\.  *  *  *  *  *  *  *  *  *  .\6
       7\.  *  *  *  *  *  *  *  *  *  .\7
        8\.  B  *  *  *  *  *  *  *  *  B\8
         9\.  *  *  *  *  *  *  *  *  *  .\9
         10\.  *  *  *  .  B  .  *  *  *  .\10
          11\.  B  b  b  b  b  b  .  W  .  .\11
              a  b  c  d  e  f  g  h  i  j  k  
7efa7 info: Old: [black, k8] [white, swap-pieces] [white, d2] [black, f2] [white, f3] [black, f10] [white, i2] [black, b8] [white, i11] [black, b11] 
7efa7 info: New: [black, k8] [white, swap-pieces] [white, d2] [black, f2] [white, f3] [black, f10] [white, i2] [black, b8] [white, i11] [black, b11] [white, d1] [black, c2] 
7efa7 info: MovesPlayed: [white, d1] [black, c2] 
7efa7 info: No subtree to reuse.
7efa7 info: StartSearch()[0]
SgUctSearch: max games reached
7efa7 info: 
Elapsed Time   0.349337s
Count          1
GamesPlayed    1
Nodes          1
Knowledge      0 (0.0%)
Expansions     0.0
Time           0.00
GameLen        100.0 dev=0.0 min=100.0 max=100.0
InTree         0.0 dev=0.0 min=0.0 max=0.0
KnowDepth      -
Aborted        0%
Games/s        3389.8
Score          0.00
Sequence      
7efa7 info: 
7efa7 warning: **** MoHexSearch returned empty sequence!
7efa7 warning: **** Returning random move!
<= 
<
>genmove w
<= e10
<
>play b g8
7efa7 info: Best move cannot be determined, must search state.
7efa7 info: --- MoHexPlayer::Search() ---
7efa7 info: Color: white
7efa7 info: MaxGames: 1
7efa7 info: NumberThreads: 1
7efa7 info: MaxNodes: 9090 (799920 bytes)
7efa7 info: TimeForMove: 1
7efa7 info: PreSearch: max time reached (68/69).
7efa7 info: Time for PreSearch: 0.201983s
7efa7 info: 
  12312ebf2f710f82
  a  b  c  d  e  f  g  h  i  j  k  
 1\b  b  .  W  b  b  b  b  b  .  .\1
  2\w  W  B  W  B  B  .  *  W  *  .\2
   3\w  .  .  *  *  W  *  *  *  *  .\3
    4\w  .  *  *  *  *  *  *  *  *  .\4
     5\.  *  *  *  *  *  *  *  *  *  .\5
      6\.  *  *  *  *  *  *  *  *  *  .\6
       7\.  *  *  *  *  *  *  *  *  *  .\7
        8\.  B  *  *  *  *  *  *  *  *  B\8
         9\.  *  *  *  *  *  *  *  *  *  .\9
         10\.  *  *  *  .  B  .  *  *  *  .\10
          11\.  B  b  b  b  b  b  .  W  .  .\11
              a  b  c  d  e  f  g  h  i  j  k  
7efa7 info: Old: [black, k8] [white, swap-pieces] [white, d2] [black, f2] [white, f3] [black, f10] [white, i2] [black, b8] [white, i11] [black, b11] [white, d1] [black, c2] 
7efa7 info: New: [black, k8] [white, swap-pieces] [white, d2] [black, f2] [white, f3] [black, f10] [white, i2] [black, b8] [white, i11] [black, b11] [white, d1] [black, c2] [white, b2] [black, e2] 
7efa7 info: MovesPlayed: [white, b2] [black, e2] 
7efa7 info: No subtree to reuse.
7efa7 info: StartSearch()[0]
SgUctSearch: max games reached
7efa7 info: 
Elapsed Time   0.385924s
Count          1
GamesPlayed    1
Nodes          1
Knowledge      0 (0.0%)
Expansions     0.0
Time           0.00
GameLen        93.0 dev=0.0 min=93.0 max=93.0
InTree         0.0 dev=0.0 min=0.0 max=0.0
KnowDepth      -
Aborted        0%
Games/s        3105.6
Score          1.00
Sequence      
7efa7 info: 
7efa7 warning: **** MoHexSearch returned empty sequence!
7efa7 warning: **** Returning random move!
<= 
<
>genmove w
<= f4
<
>play b h3
7efa7 info: Best move cannot be determined, must search state.
7efa7 info: --- MoHexPlayer::Search() ---
7efa7 info: Color: white
7efa7 info: MaxGames: 1
7efa7 info: NumberThreads: 1
7efa7 info: MaxNodes: 9090 (799920 bytes)
7efa7 info: TimeForMove: 1
7efa7 info: PreSearch: max time reached (57/68).
7efa7 info: Time for PreSearch: 0.202708s
7efa7 info: 
  21d7e327bce2aed9
  a  b  c  d  e  f  g  h  i  j  k  
 1\b  b  .  W  b  b  b  b  b  .  .\1
  2\w  W  B  W  B  B  .  *  W  *  .\2
   3\w  .  .  *  *  W  *  *  *  *  .\3
    4\w  .  *  *  *  *  *  *  *  *  .\4
     5\.  *  *  *  *  *  *  *  *  *  .\5
      6\.  *  *  *  *  *  *  *  *  *  .\6
       7\.  *  *  *  *  *  *  *  *  *  .\7
        8\.  B  *  *  *  *  B  *  *  *  B\8
         9\.  *  *  *  *  *  *  *  *  *  .\9
         10\.  *  *  *  W  B  .  *  *  *  .\10
          11\.  B  b  b  b  b  b  .  W  .  .\11
              a  b  c  d  e  f  g  h  i  j  k  
7efa7 info: Old: [black, k8] [white, swap-pieces] [white, d2] [black, f2] [white, f3] [black, f10] [white, i2] [black, b8] [white, i11] [black, b11] [white, d1] [black, c2] [white, b2] [black, e2] 
7efa7 info: New: [black, k8] [white, swap-pieces] [white, d2] [black, f2] [white, f3] [black, f10] [white, i2] [black, b8] [white, i11] [black, b11] [white, d1] [black, c2] [white, b2] [black, e2] [white, e10] [black, g8] 
7efa7 info: MovesPlayed: [white, e10] [black, g8] 
7efa7 info: No subtree to reuse.
7efa7 info: StartSearch()[0]
SgUctSearch: max games reached
7efa7 info: 
Elapsed Time   0.34571s
Count          1
GamesPlayed    1
Nodes          1
Knowledge      0 (0.0%)
Expansions     0.0
Time           0.00
GameLen        91.0 dev=0.0 min=91.0 max=91.0
InTree         0.0 dev=0.0 min=0.0 max=0.0
KnowDepth      -
Aborted        0%
Games/s        3690.0
Score          1.00
Sequence      
7efa7 info: 
7efa7 warning: **** MoHexSearch returned empty sequence!
7efa7 warning: **** Returning random move!
<= 
<
>genmove w
<= h9
<
>play b b5
7efa7 info: Best move cannot be determined, must search state.
7efa7 info: --- MoHexPlayer::Search() ---
7efa7 info: Color: white
7efa7 info: MaxGames: 1
7efa7 info: NumberThreads: 1
7efa7 info: MaxNodes: 9090 (799920 bytes)
7efa7 info: TimeForMove: 1
7efa7 info: Time for PreSearch: 0.174938s
7efa7 info: 
  c3ddd16033133129
  a  b  c  d  e  f  g  h  i  j  k  
 1\b  b  .  W  b  b  b  b  b  .  .\1
  2\w  W  B  W  B  B  w  *  W  *  .\2
   3\w  .  .  *  .  W  w  B  *  *  .\3
    4\w  .  *  *  .  W  *  *  *  *  .\4
     5\.  *  *  *  *  *  *  *  *  *  .\5
      6\.  *  *  *  *  *  *  *  *  *  .\6
       7\.  *  *  *  *  *  *  *  *  *  .\7
        8\.  B  *  *  *  *  B  *  *  *  B\8
         9\.  *  *  *  *  *  *  *  *  *  .\9
         10\.  *  *  *  W  B  .  *  *  *  .\10
          11\.  B  b  b  b  b  b  .  W  .  .\11
              a  b  c  d  e  f  g  h  i  j  k  
7efa7 info: Old: [black, k8] [white, swap-pieces] [white, d2] [black, f2] [white, f3] [black, f10] [white, i2] [black, b8] [white, i11] [black, b11] [white, d1] [black, c2] [white, b2] [black, e2] [white, e10] [black, g8] 
7efa7 info: New: [black, k8] [white, swap-pieces] [white, d2] [black, f2] [white, f3] [black, f10] [white, i2] [black, b8] [white, i11] [black, b11] [white, d1] [black, c2] [white, b2] [black, e2] [white, e10] [black, g8] [white, f4] [black, h3] 
7efa7 info: MovesPlayed: [white, f4] [black, h3] 
7efa7 info: No subtree to reuse.
7efa7 info: StartSearch()[0]
SgUctSearch: max games reached
7efa7 info: 
Elapsed Time   0.318138s
Count          1
GamesPlayed    1
Nodes          1
Knowledge      0 (0.0%)
Expansions     0.0
Time           0.00
GameLen        87.0 dev=0.0 min=87.0 max=87.0
InTree         0.0 dev=0.0 min=0.0 max=0.0
KnowDepth      -
Aborted        0%
Games/s        3636.4
Score          1.00
Sequence      
7efa7 info: 
7efa7 warning: **** MoHexSearch returned empty sequence!
7efa7 warning: **** Returning random move!
<= 
<
>genmove w
<= e8
<
>play b d5
7efa7 info: Best move cannot be determined, must search state.
7efa7 info: --- MoHexPlayer::Search() ---
7efa7 info: Color: white
7efa7 info: MaxGames: 1
7efa7 info: NumberThreads: 1
7efa7 info: MaxNodes: 9090 (799920 bytes)
7efa7 info: TimeForMove: 1
7efa7 info: Time for PreSearch: 0.166355s
7efa7 info: 
  3a0227c16013249c
  a  b  c  d  e  f  g  h  i  j  k  
 1\b  b  .  W  b  b  b  b  b  .  .\1
  2\w  W  B  W  B  B  w  *  W  *  .\2
   3\w  .  .  *  .  W  w  B  *  *  .\3
    4\w  .  *  *  .  W  *  *  *  *  .\4
     5\w  B  *  *  *  *  *  *  *  *  .\5
      6\.  *  *  *  *  *  *  *  *  *  .\6
       7\.  *  *  *  *  *  *  *  *  *  .\7
        8\.  B  *  *  *  *  B  *  *  *  B\8
         9\.  *  *  *  *  *  .  W  *  *  .\9
         10\.  *  *  *  W  B  b  *  *  *  .\10
          11\.  B  b  b  b  b  b  .  W  .  .\11
              a  b  c  d  e  f  g  h  i  j  k  
7efa7 info: Old: [black, k8] [white, swap-pieces] [white, d2] [black, f2] [white, f3] [black, f10] [white, i2] [black, b8] [white, i11] [black, b11] [white, d1] [black, c2] [white, b2] [black, e2] [white, e10] [black, g8] [white, f4] [black, h3] 
7efa7 info: New: [black, k8] [white, swap-pieces] [white, d2] [black, f2] [white, f3] [black, f10] [white, i2] [black, b8] [white, i11] [black, b11] [white, d1] [black, c2] [white, b2] [black, e2] [white, e10] [black, g8] [white, f4] [black, h3] [white, h9] [black, b5] 
7efa7 info: MovesPlayed: [white, h9] [black, b5] 
7efa7 info: No subtree to reuse.
7efa7 info: StartSearch()[0]
SgUctSearch: max games reached
7efa7 info: 
Elapsed Time   0.357134s
Count          1
GamesPlayed    1
Nodes          1
Knowledge      0 (0.0%)
Expansions     0.0
Time           0.00
GameLen        83.0 dev=0.0 min=83.0 max=83.0
InTree         0.0 dev=0.0 min=0.0 max=0.0
KnowDepth      -
Aborted        0%
Games/s        3389.8
Score          1.00
Sequence      
7efa7 info: 
7efa7 warning: **** MoHexSearch returned empty sequence!
7efa7 warning: **** Returning random move!
<= 
<
>genmove w
<= a10
<
>play b g7
7efa7 info: Best move cannot be determined, must search state.
7efa7 info: --- MoHexPlayer::Search() ---
7efa7 info: Color: white
7efa7 info: MaxGames: 1
7efa7 info: NumberThreads: 1
7efa7 info: MaxNodes: 9090 (799920 bytes)
7efa7 info: TimeForMove: 1
7efa7 info: Time for PreSearch: 0.171337s
7efa7 info: 
  9198eb8436316cc4
  a  b  c  d  e  f  g  h  i  j  k  
 1\b  b  .  W  b  b  b  b  b  .  .\1
  2\w  W  B  W  B  B  w  *  W  *  .\2
   3\w  .  .  *  .  W  w  B  *  *  .\3
    4\w  .  *  *  .  W  *  *  *  *  .\4
     5\w  B  *  B  *  *  *  *  *  *  .\5
      6\.  *  *  *  *  *  *  *  *  *  .\6
       7\.  *  *  *  *  *  *  *  *  *  .\7
        8\.  B  *  *  W  *  B  *  *  *  B\8
         9\.  *  *  *  .  *  .  W  *  *  .\9
         10\.  *  *  .  W  B  b  *  *  *  .\10
          11\.  B  b  b  b  b  b  .  W  .  .\11
              a  b  c  d  e  f  g  h  i  j  k  
7efa7 info: Old: [black, k8] [white, swap-pieces] [white, d2] [black, f2] [white, f3] [black, f10] [white, i2] [black, b8] [white, i11] [black, b11] [white, d1] [black, c2] [white, b2] [black, e2] [white, e10] [black, g8] [white, f4] [black, h3] [white, h9] [black, b5] 
7efa7 info: New: [black, k8] [white, swap-pieces] [white, d2] [black, f2] [white, f3] [black, f10] [white, i2] [black, b8] [white, i11] [black, b11] [white, d1] [black, c2] [white, b2] [black, e2] [white, e10] [black, g8] [white, f4] [black, h3] [white, h9] [black, b5] [white, e8] [black, d5] 
7efa7 info: MovesPlayed: [white, e8] [black, d5] 
7efa7 info: No subtree to reuse.
7efa7 info: StartSearch()[0]
SgUctSearch: max games reached
7efa7 info: 
Elapsed Time   0.31587s
Count          1
GamesPlayed    1
Nodes          1
Knowledge      0 (0.0%)
Expansions     0.0
Time           0.00
GameLen        81.0 dev=0.0 min=81.0 max=81.0
InTree         0.0 dev=0.0 min=0.0 max=0.0
KnowDepth      -
Aborted        0%
Games/s        3311.3
Score          0.00
Sequence      
7efa7 info: 
7efa7 warning: **** MoHexSearch returned empty sequence!
7efa7 warning: **** Returning random move!
<= 
<
>genmove w
<= c5
<
>play b k1
7efa7 info: Best move cannot be determined, must search state.
7efa7 info: --- MoHexPlayer::Search() ---
7efa7 info: Color: white
7efa7 info: MaxGames: 1
7efa7 info: NumberThreads: 1
7efa7 info: MaxNodes: 9090 (799920 bytes)
7efa7 info: TimeForMove: 1
7efa7 info: Time for PreSearch: 0.128456s
7efa7 info: 
  a70c0a4963fe1571
  a  b  c  d  e  f  g  h  i  j  k  
 1\b  b  .  W  b  b  b  b  b  .  .\1
  2\w  W  B  W  B  B  w  *  W  *  .\2
   3\w  .  .  *  .  W  w  B  *  *  .\3
    4\w  .  *  *  .  W  *  *  *  *  .\4
     5\w  B  *  B  *  *  *  *  *  *  .\5
      6\.  *  *  *  *  *  *  *  *  *  .\6
       7\.  *  *  *  *  *  B  *  *  *  .\7
        8\.  B  *  *  W  .  B  *  *  *  B\8
         9\b  .  *  *  .  *  .  W  *  *  .\9
         10\W  .  *  .  W  B  b  *  *  *  .\10
          11\b  B  b  b  b  b  b  .  W  .  .\11
              a  b  c  d  e  f  g  h  i  j  k  
7efa7 info: Old: [black, k8] [white, swap-pieces] [white, d2] [black, f2] [white, f3] [black, f10] [white, i2] [black, b8] [white, i11] [black, b11] [white, d1] [black, c2] [white, b2] [black, e2] [white, e10] [black, g8] [white, f4] [black, h3] [white, h9] [black, b5] [white, e8] [black, d5] 
7efa7 info: New: [black, k8] [white, swap-pieces] [white, d2] [black, f2] [white, f3] [black, f10] [white, i2] [black, b8] [white, i11] [black, b11] [white, d1] [black, c2] [white, b2] [black, e2] [white, e10] [black, g8] [white, f4] [black, h3] [white, h9] [black, b5] [white, e8] [black, d5] [white, a10] [black, g7] 
7efa7 info: MovesPlayed: [white, a10] [black, g7] 
7efa7 info: No subtree to reuse.
7efa7 info: StartSearch()[0]
SgUctSearch: max games reached
7efa7 info: 
Elapsed Time   0.275288s
Count          1
GamesPlayed    1
Nodes          1
Knowledge      0 (0.0%)
Expansions     0.0
Time           0.00
GameLen        77.0 dev=0.0 min=77.0 max=77.0
InTree         0.0 dev=0.0 min=0.0 max=0.0
KnowDepth      -
Aborted        0%
Games/s        3508.8
Score          1.00
Sequence      
7efa7 info: 
7efa7 warning: **** MoHexSearch returned empty sequence!
7efa7 warning: **** Returning random move!
<= 
<
>genmove w
<= k10
<
>play b c6
7efa7 info: Best move cannot be determined, must search state.
7efa7 info: --- MoHexPlayer::Search() ---
7efa7 info: Color: white
7efa7 info: MaxGames: 1
7efa7 info: NumberThreads: 1
7efa7 info: MaxNodes: 9090 (799920 bytes)
7efa7 info: TimeForMove: 1
7efa7 info: Time for PreSearch: 0.116285s
7efa7 info: 
  29c49c37c4c2681a
  a  b  c  d  e  f  g  h  i  j  k  
 1\b  b  .  W  b  b  b  b  b  b  B\1
  2\w  W  B  W  B  B  w  *  W  *  .\2
   3\w  .  .  *  .  W  w  B  *  *  .\3
    4\w  .  .  *  .  W  *  *  *  *  .\4
     5\w  B  W  B  *  *  *  *  *  *  .\5
      6\.  *  *  *  *  *  *  *  *  *  .\6
       7\.  *  *  *  *  *  B  *  *  *  .\7
        8\.  B  *  *  W  .  B  *  *  *  B\8
         9\b  .  *  *  .  *  .  W  *  *  .\9
         10\W  .  *  .  W  B  b  *  *  *  .\10
          11\b  B  b  b  b  b  b  .  W  .  .\11
              a  b  c  d  e  f  g  h  i  j  k  
7efa7 info: Old: [black, k8] [white, swap-pieces] [white, d2] [black, f2] [white, f3] [black, f10] [white, i2] [black, b8] [white, i11] [black, b11] [white, d1] [black, c2] [white, b2] [black, e2] [white, e10] [black, g8] [white, f4] [black, h3] [white, h9] [black, b5] [white, e8] [black, d5] [white, a10] [black, g7] 
7efa7 info: New: [black, k8] [white, swap-pieces] [white, d2] [black, f2] [white, f3] [black, f10] [white, i2] [black, b8] [white, i11] [black, b11] [white, d1] [black, c2] [white, b2] [black, e2] [white, e10] [black, g8] [white, f4] [black, h3] [white, h9] [black, b5] [white, e8] [black, d5] [white, a10] [black, g7] [white, c5] [black, k1] 
7efa7 info: MovesPlayed: [white, c5] [black, k1] 
7efa7 info: No subtree to reuse.
7efa7 info: StartSearch()[0]
SgUctSearch: max games reached
7efa7 info: 
Elapsed Time   0.258671s
Count          1
GamesPlayed    1
Nodes          1
Knowledge      0 (0.0%)
Expansions     0.0
Time           0.00
GameLen        74.0 dev=0.0 min=74.0 max=74.0
InTree         0.0 dev=0.0 min=0.0 max=0.0
KnowDepth      -
Aborted        0%
Games/s        3831.4
Score          0.00
Sequence      
7efa7 info: 
7efa7 warning: **** MoHexSearch returned empty sequence!
7efa7 warning: **** Returning random move!
<= 
<
>genmove w
<= i4
<
>play b h2
7efa7 info: Best move cannot be determined, must search state.
7efa7 info: --- MoHexPlayer::Search() ---
7efa7 info: Color: white
7efa7 info: MaxGames: 1
7efa7 info: NumberThreads: 1
7efa7 info: MaxNodes: 9090 (799920 bytes)
7efa7 info: TimeForMove: 1
7efa7 info: Time for PreSearch: 0.114175s
7efa7 info: 
  57cf7d65178225f0
  a  b  c  d  e  f  g  h  i  j  k  
 1\b  b  .  W  b  b  b  b  b  b  B\1
  2\w  W  B  W  B  B  w  *  W  *  .\2
   3\w  .  .  *  .  W  w  B  *  *  .\3
    4\w  .  .  *  .  W  *  *  *  *  .\4
     5\w  B  W  B  *  *  *  *  *  *  .\5
      6\.  *  B  *  *  *  *  *  *  *  .\6
       7\.  *  *  *  *  *  B  *  *  *  .\7
        8\.  B  *  *  W  .  B  *  *  *  B\8
         9\b  .  *  *  .  *  .  W  *  *  .\9
         10\W  .  *  .  W  B  b  *  *  .  W\10
          11\b  B  b  b  b  b  b  .  W  .  b\11
              a  b  c  d  e  f  g  h  i  j  k  
7efa7 info: Old: [black, k8] [white, swap-pieces] [white, d2] [black, f2] [white, f3] [black, f10] [white, i2] [black, b8] [white, i11] [black, b11] [white, d1] [black, c2] [white, b2] [black, e2] [white, e10] [black, g8] [white, f4] [black, h3] [white, h9] [black, b5] [white, e8] [black, d5] [white, a10] [black, g7] [white, c5] [black, k1] 
7efa7 info: New: [black, k8] [white, swap-pieces] [white, d2] [black, f2] [white, f3] [black, f10] [white, i2] [black, b8] [white, i11] [black, b11] [white, d1] [black, c2] [white, b2] [black, e2] [white, e10] [black, g8] [white, f4] [black, h3] [white, h9] [black, b5] [white, e8] [black, d5] [white, a10] [black, g7] [white, c5] [black, k1] [white, k10] [black, c6] 
7efa7 info: MovesPlayed: [white, k10] [black, c6] 
7efa7 info: No subtree to reuse.
7efa7 info: StartSearch()[0]
SgUctSearch: max games reached
7efa7 info: 
Elapsed Time   0.258908s
Count          1
GamesPlayed    1
Nodes          1
Knowledge      0 (0.0%)
Expansions     0.0
Time           0.00
GameLen        71.0 dev=0.0 min=71.0 max=71.0
InTree         0.0 dev=0.0 min=0.0 max=0.0
KnowDepth      -
Aborted        0%
Games/s        3831.4
Score          1.00
Sequence      
7efa7 info: 
7efa7 warning: **** MoHexSearch returned empty sequence!
7efa7 warning: **** Returning random move!
<= 
<
>genmove w
<= i5
<
>play b g5
7efa7 info: Best move cannot be determined, must search state.
7efa7 info: --- MoHexPlayer::Search() ---
7efa7 info: Color: white
7efa7 info: MaxGames: 1
7efa7 info: NumberThreads: 1
7efa7 info: MaxNodes: 9090 (799920 bytes)
7efa7 info: TimeForMove: 1
7efa7 info: Time for PreSearch: 0.099011s
7efa7 info: 
  a1ce0e5fe9d7ae1f
  a  b  c  d  e  f  g  h  i  j  k  
 1\b  b  .  W  b  b  b  b  b  b  B\1
  2\w  W  B  W  B  B  b  B  W  b  .\2
   3\w  .  .  *  .  W  b  B  b  .  .\3
    4\w  .  .  *  .  W  *  *  W  .  .\4
     5\w  B  W  B  *  *  *  *  *  .  .\5
      6\.  *  B  *  *  *  *  *  *  *  .\6
       7\.  *  *  *  *  *  B  *  *  *  .\7
        8\.  B  *  *  W  .  B  *  *  *  B\8
         9\b  .  *  *  .  *  .  W  *  *  .\9
         10\W  .  *  .  W  B  b  *  *  .  W\10
          11\b  B  b  b  b  b  b  .  W  .  b\11
              a  b  c  d  e  f  g  h  i  j  k  
7efa7 info: Old: [black, k8] [white, swap-pieces] [white, d2] [black, f2] [white, f3] [black, f10] [white, i2] [black, b8] [white, i11] [black, b11] [white, d1] [black, c2] [white, b2] [black, e2] [white, e10] [black, g8] [white, f4] [black, h3] [white, h9] [black, b5] [white, e8] [black, d5] [white, a10] [black, g7] [white, c5] [black, k1] [white, k10] [black, c6] 
7efa7 info: New: [black, k8] [white, swap-pieces] [white, d2] [black, f2] [white, f3] [black, f10] [white, i2] [black, b8] [white, i11] [black, b11] [white, d1] [black, c2] [white, b2] [black, e2] [white, e10] [black, g8] [white, f4] [black, h3] [white, h9] [black, b5] [white, e8] [black, d5] [white, a10] [black, g7] [white, c5] [black, k1] [white, k10] [black, c6] [white, i4] [black, h2] 
7efa7 info: MovesPlayed: [white, i4] [black, h2] 
7efa7 info: No subtree to reuse.
7efa7 info: StartSearch()[0]
SgUctSearch: max games reached
7efa7 info: 
Elapsed Time   0.240735s
Count          1
GamesPlayed    1
Nodes          1
Knowledge      0 (0.0%)
Expansions     0.0
Time           0.00
GameLen        67.0 dev=0.0 min=67.0 max=67.0
InTree         0.0 dev=0.0 min=0.0 max=0.0
KnowDepth      -
Aborted        0%
Games/s        3876.0
Score          1.00
Sequence      
7efa7 info: 
7efa7 warning: **** MoHexSearch returned empty sequence!
7efa7 warning: **** Returning random move!
<= 
<
>genmove w
<= g6
<
>play b c9
7efa7 info: Opponent has won; playing most blocking move.
<= 
<
>genmove w
<= e6
<
>play b e3
7efa7 info: Opponent has won; playing most blocking move.
<= 
<
>genmove w
<= c7
<
>play b b7
7efa7 info: Opponent has won; playing most blocking move.
<= 
<
>genmove w
<= b9
<
>play b c8
7efa7 info: Opponent has won; playing most blocking move.
<= 
<
>genmove w
<= f1
<
>play b d4
7efa7 info: Captured cells caused win! Removing...
7efa7 info: Opponent has won; playing most blocking move.
<= 
<
>genmove w
<= b10
<
>play b c10
7efa7 info: Captured cells caused win! Removing...
7efa7 info: Opponent has won; playing most blocking move.
<= 
<
>genmove w
<= h1
<
>play b g1
7efa7 info: Captured cells caused win! Removing...
7efa7 info: Opponent has won; playing most blocking move.
<= 
<
>genmove w
<= resign
<
>final_score
<= B+
<
>quit
<= 
<
