# nice ../build/src/mohex/mohex --config mohex-cg2010.htp --seed 832513 --logfile-name jobs/11x11-mohex-mohex-cg2010-vs-mohex-mohex-weak-3/mohex-mohex-cg2010-330.log
>boardsize 11 11
<= 
<
>name
MoHex 2.0.CMake Mar 21 2025
Copyright (C) 2007-2012 by the authors of the Benzene project.
This program comes with ABSOLUTELY NO WARRANTY. This is
free software and you are welcome to redistribute it under
certain conditions. Type `benzene-license' for details.

SgRandom::SetSeed: 832513
SgUctSearch: system memory 33632358400, using 1000000000 (5681818 nodes)
SgRandom::SetSeed: 1
SgRandom::SetSeed: 832513
441f7 info: Prior Patterns:
441f7 info: Global:
441f7 info: Size            = 565 32648 
441f7 info: TableEntries    = 65932 65910
441f7 info: MirrorsAdded    = 0 0
441f7 info: PrunableCount   = 30593 30629
441f7 info: LargestGamma    = 5820.77
441f7 info: SmallestGamma   = 6.6e-05
441f7 info: Local:
441f7 info: Size            = 550 5318 
441f7 info: TableEntries    = 11602 11588
441f7 info: MirrorsAdded    = 0 0
441f7 info: PrunableCount   = 3659 3667
441f7 info: LargestGamma    = 11281.8
441f7 info: SmallestGamma   = 0.026235
441f7 info: Playout Patterns:
441f7 info: Global:
441f7 info: Size            = 565 32648 
441f7 info: TableEntries    = 70329 70329
441f7 info: MirrorsAdded    = 4397 4419
441f7 info: PrunableCount   = 30593 30629
441f7 info: LargestGamma    = 5820.77
441f7 info: SmallestGamma   = 6.6e-05
441f7 info: Local:
441f7 info: Size            = 550 5318 
441f7 info: TableEntries    = 11602 11588
441f7 info: MirrorsAdded    = 0 0
441f7 info: PrunableCount   = 3659 3667
441f7 info: LargestGamma    = 11281.8
441f7 info: SmallestGamma   = 0.026235
param_game allow_swap 1
= 

param_mohex max_memory 32000000000
= 

param_mohex num_threads 1
= 

param_mohex max_time 1
= 

param_mohex max_games 1
= 

param_mohex knowledge_threshold 400
= 

param_mohex reuse_subtree 1
= 

param_mohex use_parallel_solver 0
= 

<= MoHex
<
>version
<= 2.0.CMake
<
>play b e1
<= 
<
>showboard
<= 
< 
<  7295874a05ba80a2
<  a  b  c  d  e  f  g  h  i  j  k  
< 1\.  .  .  .  B  .  .  .  .  .  .\1
<  2\.  .  .  .  .  .  .  .  .  .  .\2
<   3\.  .  .  .  .  .  .  .  .  .  .\3
<    4\.  .  .  .  .  .  .  .  .  .  .\4
<     5\.  .  .  .  .  .  .  .  .  .  .\5
<      6\.  .  .  .  .  .  .  .  .  .  .\6
<       7\.  .  .  .  .  .  .  .  .  .  .\7
<        8\.  .  .  .  .  .  .  .  .  .  .\8
<         9\.  .  .  .  .  .  .  .  .  .  .\9
<         10\.  .  .  .  .  .  .  .  .  .  .\10
<          11\.  .  .  .  .  .  .  .  .  .  .\11
<              a  b  c  d  e  f  g  h  i  j  k  
<
>play w b10
<= 
<
>showboard
<= 
< 
<  a90145570b04f07d
<  a  b  c  d  e  f  g  h  i  j  k  
< 1\.  .  .  .  B  .  .  .  .  .  .\1
<  2\.  .  .  .  .  .  .  .  .  .  .\2
<   3\.  .  .  .  .  .  .  .  .  .  .\3
<    4\.  .  .  .  .  .  .  .  .  .  .\4
<     5\.  .  .  .  .  .  .  .  .  .  .\5
<      6\.  .  .  .  .  .  .  .  .  .  .\6
<       7\.  .  .  .  .  .  .  .  .  .  .\7
<        8\.  .  .  .  .  .  .  .  .  .  .\8
<         9\.  .  .  .  .  .  .  .  .  .  .\9
<         10\.  W  .  .  .  .  .  .  .  .  .\10
<          11\.  .  .  .  .  .  .  .  .  .  .\11
<              a  b  c  d  e  f  g  h  i  j  k  
<
>genmove b
<= b5
<
>showboard
441f7 info: Best move cannot be determined, must search state.
441f7 info: --- MoHexPlayer::Search() ---
441f7 info: Color: black
441f7 info: MaxGames: 1
441f7 info: NumberThreads: 1
441f7 info: MaxNodes: 181818181 (15999999928 bytes)
441f7 info: TimeForMove: 1
441f7 info: PreSearch: max time reached (57/88).
441f7 info: Time for PreSearch: 0.201262s
441f7 info: 
  a90145570b04f07d
  a  b  c  d  e  f  g  h  i  j  k  
 1\.  .  .  .  B  .  .  .  .  .  .\1
  2\.  .  *  *  *  *  *  *  *  *  *\2
   3\.  *  *  *  *  *  *  *  *  *  *\3
    4\*  *  *  *  *  *  *  *  *  *  *\4
     5\*  *  *  *  *  *  *  *  *  *  *\5
      6\*  *  *  *  *  *  *  *  *  *  *\6
       7\*  *  *  *  *  *  *  *  *  *  *\7
        8\.  *  *  *  *  *  *  *  *  *  *\8
         9\w  .  *  *  *  *  *  *  *  *  .\9
         10\w  W  *  *  *  *  *  *  *  .  .\10
          11\w  .  .  .  .  .  .  .  .  .  .\11
              a  b  c  d  e  f  g  h  i  j  k  
441f7 info: No subtree to reuse.
441f7 info: Creating thread 0
441f7 info: StartSearch()[0]
SgUctSearch: max games reached
441f7 info: 
Elapsed Time   0.392222s
Count          1
GamesPlayed    1
Nodes          1
Knowledge      0 (0.0%)
Expansions     0.0
Time           0.00
GameLen        116.0 dev=0.0 min=116.0 max=116.0
InTree         0.0 dev=0.0 min=0.0 max=0.0
KnowDepth      -
Aborted        0%
Games/s        385.4
Score          1.00
Sequence      
441f7 info: 
441f7 warning: **** MoHexSearch returned empty sequence!
441f7 warning: **** Returning random move!
<= 
< 
<  06f25c3c23055713
<  a  b  c  d  e  f  g  h  i  j  k  
< 1\.  .  .  .  B  .  .  .  .  .  .\1
<  2\.  .  .  .  .  .  .  .  .  .  .\2
<   3\.  .  .  .  .  .  .  .  .  .  .\3
<    4\.  .  .  .  .  .  .  .  .  .  .\4
<     5\.  B  .  .  .  .  .  .  .  .  .\5
<      6\.  .  .  .  .  .  .  .  .  .  .\6
<       7\.  .  .  .  .  .  .  .  .  .  .\7
<        8\.  .  .  .  .  .  .  .  .  .  .\8
<         9\.  .  .  .  .  .  .  .  .  .  .\9
<         10\.  W  .  .  .  .  .  .  .  .  .\10
<          11\.  .  .  .  .  .  .  .  .  .  .\11
<              a  b  c  d  e  f  g  h  i  j  k  
<
>play w b4
<= 
<
>showboard
<= 
< 
<  4173d5a9f7a6ca3e
<  a  b  c  d  e  f  g  h  i  j  k  
< 1\.  .  .  .  B  .  .  .  .  .  .\1
<  2\.  .  .  .  .  .  .  .  .  .  .\2
<   3\.  .  .  .  .  .  .  .  .  .  .\3
<    4\.  W  .  .  .  .  .  .  .  .  .\4
<     5\.  B  .  .  .  .  .  .  .  .  .\5
<      6\.  .  .  .  .  .  .  .  .  .  .\6
<       7\.  .  .  .  .  .  .  .  .  .  .\7
<        8\.  .  .  .  .  .  .  .  .  .  .\8
<         9\.  .  .  .  .  .  .  .  .  .  .\9
<         10\.  W  .  .  .  .  .  .  .  .  .\10
<          11\.  .  .  .  .  .  .  .  .  .  .\11
<              a  b  c  d  e  f  g  h  i  j  k  
<
>genmove b
<= i11
<
>showboard
441f7 info: Best move cannot be determined, must search state.
441f7 info: --- MoHexPlayer::Search() ---
441f7 info: Color: black
441f7 info: MaxGames: 1
441f7 info: NumberThreads: 1
441f7 info: MaxNodes: 181818181 (15999999928 bytes)
441f7 info: TimeForMove: 1
441f7 info: PreSearch: max time reached (55/82).
441f7 info: Time for PreSearch: 0.202098s
441f7 info: 
  4173d5a9f7a6ca3e
  a  b  c  d  e  f  g  h  i  j  k  
 1\w  .  .  .  B  .  .  .  .  .  .\1
  2\w  .  *  *  *  *  *  *  *  *  *\2
   3\w  .  *  *  *  *  *  *  *  *  *\3
    4\w  W  *  *  *  *  *  *  *  *  *\4
     5\w  B  *  *  *  *  *  *  *  *  *\5
      6\.  *  *  *  *  *  *  *  *  *  *\6
       7\*  *  *  *  *  *  *  *  *  *  *\7
        8\.  *  *  *  *  *  *  *  *  *  *\8
         9\w  .  *  *  *  *  *  *  *  *  .\9
         10\w  W  *  *  *  *  *  *  *  .  .\10
          11\w  .  .  .  .  .  .  .  .  .  .\11
              a  b  c  d  e  f  g  h  i  j  k  
441f7 info: Old: [black, e1] [white, b10] 
441f7 info: New: [black, e1] [white, b10] [black, b5] [white, b4] 
441f7 info: MovesPlayed: [black, b5] [white, b4] 
441f7 info: No subtree to reuse.
441f7 info: StartSearch()[0]
SgUctSearch: max games reached
441f7 info: 
Elapsed Time   0.36846s
Count          1
GamesPlayed    1
Nodes          1
Knowledge      0 (0.0%)
Expansions     0.0
Time           0.00
GameLen        109.0 dev=0.0 min=109.0 max=109.0
InTree         0.0 dev=0.0 min=0.0 max=0.0
KnowDepth      -
Aborted        0%
Games/s        3154.6
Score          1.00
Sequence      
441f7 info: 
441f7 warning: **** MoHexSearch returned empty sequence!
441f7 warning: **** Returning random move!
<= 
< 
<  3b6aa11dd8a357e2
<  a  b  c  d  e  f  g  h  i  j  k  
< 1\.  .  .  .  B  .  .  .  .  .  .\1
<  2\.  .  .  .  .  .  .  .  .  .  .\2
<   3\.  .  .  .  .  .  .  .  .  .  .\3
<    4\.  W  .  .  .  .  .  .  .  .  .\4
<     5\.  B  .  .  .  .  .  .  .  .  .\5
<      6\.  .  .  .  .  .  .  .  .  .  .\6
<       7\.  .  .  .  .  .  .  .  .  .  .\7
<        8\.  .  .  .  .  .  .  .  .  .  .\8
<         9\.  .  .  .  .  .  .  .  .  .  .\9
<         10\.  W  .  .  .  .  .  .  .  .  .\10
<          11\.  .  .  .  .  .  .  .  B  .  .\11
<              a  b  c  d  e  f  g  h  i  j  k  
<
>play w i4
<= 
<
>showboard
<= 
< 
<  a9be472087c92390
<  a  b  c  d  e  f  g  h  i  j  k  
< 1\.  .  .  .  B  .  .  .  .  .  .\1
<  2\.  .  .  .  .  .  .  .  .  .  .\2
<   3\.  .  .  .  .  .  .  .  .  .  .\3
<    4\.  W  .  .  .  .  .  .  W  .  .\4
<     5\.  B  .  .  .  .  .  .  .  .  .\5
<      6\.  .  .  .  .  .  .  .  .  .  .\6
<       7\.  .  .  .  .  .  .  .  .  .  .\7
<        8\.  .  .  .  .  .  .  .  .  .  .\8
<         9\.  .  .  .  .  .  .  .  .  .  .\9
<         10\.  W  .  .  .  .  .  .  .  .  .\10
<          11\.  .  .  .  .  .  .  .  B  .  .\11
<              a  b  c  d  e  f  g  h  i  j  k  
<
>genmove b
<= e3
<
>showboard
441f7 info: Best move cannot be determined, must search state.
441f7 info: --- MoHexPlayer::Search() ---
441f7 info: Color: black
441f7 info: MaxGames: 1
441f7 info: NumberThreads: 1
441f7 info: MaxNodes: 181818181 (15999999928 bytes)
441f7 info: TimeForMove: 1
441f7 info: PreSearch: max time reached (60/82).
441f7 info: Time for PreSearch: 0.200539s
441f7 info: 
  a9be472087c92390
  a  b  c  d  e  f  g  h  i  j  k  
 1\w  .  .  .  B  .  .  .  .  .  .\1
  2\w  .  .  .  *  *  *  *  *  *  *\2
   3\w  .  *  *  *  *  *  *  *  *  *\3
    4\w  W  *  *  *  *  *  *  W  *  *\4
     5\w  B  *  *  *  *  *  *  *  *  *\5
      6\.  *  *  *  *  *  *  *  *  *  *\6
       7\*  *  *  *  *  *  *  *  *  *  *\7
        8\.  *  *  *  *  *  *  *  *  *  *\8
         9\w  .  *  *  *  *  *  *  *  *  *\9
         10\w  W  *  *  *  *  *  *  *  .  .\10
          11\w  .  .  .  .  .  .  .  B  b  b\11
              a  b  c  d  e  f  g  h  i  j  k  
441f7 info: Old: [black, e1] [white, b10] [black, b5] [white, b4] 
441f7 info: New: [black, e1] [white, b10] [black, b5] [white, b4] [black, i11] [white, i4] 
441f7 info: MovesPlayed: [black, i11] [white, i4] 
441f7 info: No subtree to reuse.
441f7 info: StartSearch()[0]
SgUctSearch: max games reached
441f7 info: 
Elapsed Time   0.347498s
Count          1
GamesPlayed    1
Nodes          1
Knowledge      0 (0.0%)
Expansions     0.0
Time           0.00
GameLen        105.0 dev=0.0 min=105.0 max=105.0
InTree         0.0 dev=0.0 min=0.0 max=0.0
KnowDepth      -
Aborted        0%
Games/s        2924.0
Score          1.00
Sequence      
441f7 info: 
441f7 warning: **** MoHexSearch returned empty sequence!
441f7 warning: **** Returning random move!
<= 
< 
<  169ab687076182b5
<  a  b  c  d  e  f  g  h  i  j  k  
< 1\.  .  .  .  B  .  .  .  .  .  .\1
<  2\.  .  .  .  .  .  .  .  .  .  .\2
<   3\.  .  .  .  B  .  .  .  .  .  .\3
<    4\.  W  .  .  .  .  .  .  W  .  .\4
<     5\.  B  .  .  .  .  .  .  .  .  .\5
<      6\.  .  .  .  .  .  .  .  .  .  .\6
<       7\.  .  .  .  .  .  .  .  .  .  .\7
<        8\.  .  .  .  .  .  .  .  .  .  .\8
<         9\.  .  .  .  .  .  .  .  .  .  .\9
<         10\.  W  .  .  .  .  .  .  .  .  .\10
<          11\.  .  .  .  .  .  .  .  B  .  .\11
<              a  b  c  d  e  f  g  h  i  j  k  
<
>play w c10
<= 
<
>showboard
<= 
< 
<  b3d9030d209645fd
<  a  b  c  d  e  f  g  h  i  j  k  
< 1\.  .  .  .  B  .  .  .  .  .  .\1
<  2\.  .  .  .  .  .  .  .  .  .  .\2
<   3\.  .  .  .  B  .  .  .  .  .  .\3
<    4\.  W  .  .  .  .  .  .  W  .  .\4
<     5\.  B  .  .  .  .  .  .  .  .  .\5
<      6\.  .  .  .  .  .  .  .  .  .  .\6
<       7\.  .  .  .  .  .  .  .  .  .  .\7
<        8\.  .  .  .  .  .  .  .  .  .  .\8
<         9\.  .  .  .  .  .  .  .  .  .  .\9
<         10\.  W  W  .  .  .  .  .  .  .  .\10
<          11\.  .  .  .  .  .  .  .  B  .  .\11
<              a  b  c  d  e  f  g  h  i  j  k  
<
>genmove b
<= g9
<
>showboard
441f7 info: Best move cannot be determined, must search state.
441f7 info: --- MoHexPlayer::Search() ---
441f7 info: Color: black
441f7 info: MaxGames: 1
441f7 info: NumberThreads: 1
441f7 info: MaxNodes: 181818181 (15999999928 bytes)
441f7 info: TimeForMove: 1
441f7 info: Time for PreSearch: 0.115727s
441f7 info: 
  b3d9030d209645fd
  a  b  c  d  e  f  g  h  i  j  k  
 1\w  .  .  .  B  .  .  .  .  .  .\1
  2\w  .  .  .  .  .  .  .  .  *  *\2
   3\w  .  .  .  B  .  .  .  *  *  *\3
    4\w  W  .  .  .  .  .  *  W  *  *\4
     5\w  B  .  .  .  .  *  *  *  *  *\5
      6\.  .  .  .  .  *  *  *  *  *  *\6
       7\*  .  *  *  *  *  *  *  *  *  *\7
        8\.  *  *  *  *  *  .  .  .  .  .\8
         9\w  .  *  *  *  .  .  .  .  .  .\9
         10\w  W  W  *  .  .  .  .  .  .  .\10
          11\w  b  .  .  .  .  .  .  B  b  b\11
              a  b  c  d  e  f  g  h  i  j  k  
441f7 info: Old: [black, e1] [white, b10] [black, b5] [white, b4] [black, i11] [white, i4] 
441f7 info: New: [black, e1] [white, b10] [black, b5] [white, b4] [black, i11] [white, i4] [black, e3] [white, c10] 
441f7 info: MovesPlayed: [black, e3] [white, c10] 
441f7 info: No subtree to reuse.
441f7 info: StartSearch()[0]
SgUctSearch: max games reached
441f7 info: 
Elapsed Time   0.283801s
Count          1
GamesPlayed    1
Nodes          1
Knowledge      0 (0.0%)
Expansions     0.0
Time           0.00
GameLen        102.0 dev=0.0 min=102.0 max=102.0
InTree         0.0 dev=0.0 min=0.0 max=0.0
KnowDepth      -
Aborted        0%
Games/s        2994.0
Score          0.00
Sequence      
441f7 info: 
441f7 warning: **** MoHexSearch returned empty sequence!
441f7 warning: **** Returning random move!
<= 
< 
<  406b06e04478e50d
<  a  b  c  d  e  f  g  h  i  j  k  
< 1\.  .  .  .  B  .  .  .  .  .  .\1
<  2\.  .  .  .  .  .  .  .  .  .  .\2
<   3\.  .  .  .  B  .  .  .  .  .  .\3
<    4\.  W  .  .  .  .  .  .  W  .  .\4
<     5\.  B  .  .  .  .  .  .  .  .  .\5
<      6\.  .  .  .  .  .  .  .  .  .  .\6
<       7\.  .  .  .  .  .  .  .  .  .  .\7
<        8\.  .  .  .  .  .  .  .  .  .  .\8
<         9\.  .  .  .  .  .  B  .  .  .  .\9
<         10\.  W  W  .  .  .  .  .  .  .  .\10
<          11\.  .  .  .  .  .  .  .  B  .  .\11
<              a  b  c  d  e  f  g  h  i  j  k  
<
>play w f7
<= 
<
>showboard
<= 
< 
<  db4e27ea8aa325ec
<  a  b  c  d  e  f  g  h  i  j  k  
< 1\.  .  .  .  B  .  .  .  .  .  .\1
<  2\.  .  .  .  .  .  .  .  .  .  .\2
<   3\.  .  .  .  B  .  .  .  .  .  .\3
<    4\.  W  .  .  .  .  .  .  W  .  .\4
<     5\.  B  .  .  .  .  .  .  .  .  .\5
<      6\.  .  .  .  .  .  .  .  .  .  .\6
<       7\.  .  .  .  .  W  .  .  .  .  .\7
<        8\.  .  .  .  .  .  .  .  .  .  .\8
<         9\.  .  .  .  .  .  B  .  .  .  .\9
<         10\.  W  W  .  .  .  .  .  .  .  .\10
<          11\.  .  .  .  .  .  .  .  B  .  .\11
<              a  b  c  d  e  f  g  h  i  j  k  
<
>genmove b
<= g6
<
>showboard
441f7 info: Opponent has won; playing most blocking move.
<= 
< 
<  1643dd53e1cfa1d8
<  a  b  c  d  e  f  g  h  i  j  k  
< 1\.  .  .  .  B  .  .  .  .  .  .\1
<  2\.  .  .  .  .  .  .  .  .  .  .\2
<   3\.  .  .  .  B  .  .  .  .  .  .\3
<    4\.  W  .  .  .  .  .  .  W  .  .\4
<     5\.  B  .  .  .  .  .  .  .  .  .\5
<      6\.  .  .  .  .  .  B  .  .  .  .\6
<       7\.  .  .  .  .  W  .  .  .  .  .\7
<        8\.  .  .  .  .  .  .  .  .  .  .\8
<         9\.  .  .  .  .  .  B  .  .  .  .\9
<         10\.  W  W  .  .  .  .  .  .  .  .\10
<          11\.  .  .  .  .  .  .  .  B  .  .\11
<              a  b  c  d  e  f  g  h  i  j  k  
<
>play w g7
<= 
<
>showboard
<= 
< 
<  10e8005214c037e0
<  a  b  c  d  e  f  g  h  i  j  k  
< 1\.  .  .  .  B  .  .  .  .  .  .\1
<  2\.  .  .  .  .  .  .  .  .  .  .\2
<   3\.  .  .  .  B  .  .  .  .  .  .\3
<    4\.  W  .  .  .  .  .  .  W  .  .\4
<     5\.  B  .  .  .  .  .  .  .  .  .\5
<      6\.  .  .  .  .  .  B  .  .  .  .\6
<       7\.  .  .  .  .  W  W  .  .  .  .\7
<        8\.  .  .  .  .  .  .  .  .  .  .\8
<         9\.  .  .  .  .  .  B  .  .  .  .\9
<         10\.  W  W  .  .  .  .  .  .  .  .\10
<          11\.  .  .  .  .  .  .  .  B  .  .\11
<              a  b  c  d  e  f  g  h  i  j  k  
<
>genmove b
<= h6
<
>showboard
441f7 info: Opponent has won; playing most blocking move.
<= 
< 
<  b6a31366d12912c0
<  a  b  c  d  e  f  g  h  i  j  k  
< 1\.  .  .  .  B  .  .  .  .  .  .\1
<  2\.  .  .  .  .  .  .  .  .  .  .\2
<   3\.  .  .  .  B  .  .  .  .  .  .\3
<    4\.  W  .  .  .  .  .  .  W  .  .\4
<     5\.  B  .  .  .  .  .  .  .  .  .\5
<      6\.  .  .  .  .  .  B  B  .  .  .\6
<       7\.  .  .  .  .  W  W  .  .  .  .\7
<        8\.  .  .  .  .  .  .  .  .  .  .\8
<         9\.  .  .  .  .  .  B  .  .  .  .\9
<         10\.  W  W  .  .  .  .  .  .  .  .\10
<          11\.  .  .  .  .  .  .  .  B  .  .\11
<              a  b  c  d  e  f  g  h  i  j  k  
<
>play w h7
<= 
<
>showboard
<= 
< 
<  b76ec31c935e2908
<  a  b  c  d  e  f  g  h  i  j  k  
< 1\.  .  .  .  B  .  .  .  .  .  .\1
<  2\.  .  .  .  .  .  .  .  .  .  .\2
<   3\.  .  .  .  B  .  .  .  .  .  .\3
<    4\.  W  .  .  .  .  .  .  W  .  .\4
<     5\.  B  .  .  .  .  .  .  .  .  .\5
<      6\.  .  .  .  .  .  B  B  .  .  .\6
<       7\.  .  .  .  .  W  W  W  .  .  .\7
<        8\.  .  .  .  .  .  .  .  .  .  .\8
<         9\.  .  .  .  .  .  B  .  .  .  .\9
<         10\.  W  W  .  .  .  .  .  .  .  .\10
<          11\.  .  .  .  .  .  .  .  B  .  .\11
<              a  b  c  d  e  f  g  h  i  j  k  
<
>genmove b
<= e8
<
>showboard
441f7 info: Opponent has won; playing most blocking move.
<= 
< 
<  5e56ba440b8aa675
<  a  b  c  d  e  f  g  h  i  j  k  
< 1\.  .  .  .  B  .  .  .  .  .  .\1
<  2\.  .  .  .  .  .  .  .  .  .  .\2
<   3\.  .  .  .  B  .  .  .  .  .  .\3
<    4\.  W  .  .  .  .  .  .  W  .  .\4
<     5\.  B  .  .  .  .  .  .  .  .  .\5
<      6\.  .  .  .  .  .  B  B  .  .  .\6
<       7\.  .  .  .  .  W  W  W  .  .  .\7
<        8\.  .  .  .  B  .  .  .  .  .  .\8
<         9\.  .  .  .  .  .  B  .  .  .  .\9
<         10\.  W  W  .  .  .  .  .  .  .  .\10
<          11\.  .  .  .  .  .  .  .  B  .  .\11
<              a  b  c  d  e  f  g  h  i  j  k  
<
>play w e7
<= 
<
>showboard
<= 
< 
<  46efdd049941fc86
<  a  b  c  d  e  f  g  h  i  j  k  
< 1\.  .  .  .  B  .  .  .  .  .  .\1
<  2\.  .  .  .  .  .  .  .  .  .  .\2
<   3\.  .  .  .  B  .  .  .  .  .  .\3
<    4\.  W  .  .  .  .  .  .  W  .  .\4
<     5\.  B  .  .  .  .  .  .  .  .  .\5
<      6\.  .  .  .  .  .  B  B  .  .  .\6
<       7\.  .  .  .  W  W  W  W  .  .  .\7
<        8\.  .  .  .  B  .  .  .  .  .  .\8
<         9\.  .  .  .  .  .  B  .  .  .  .\9
<         10\.  W  W  .  .  .  .  .  .  .  .\10
<          11\.  .  .  .  .  .  .  .  B  .  .\11
<              a  b  c  d  e  f  g  h  i  j  k  
<
>genmove b
<= i6
<
>showboard
441f7 info: Opponent has won; playing most blocking move.
<= 
< 
<  a89c92c1838e6049
<  a  b  c  d  e  f  g  h  i  j  k  
< 1\.  .  .  .  B  .  .  .  .  .  .\1
<  2\.  .  .  .  .  .  .  .  .  .  .\2
<   3\.  .  .  .  B  .  .  .  .  .  .\3
<    4\.  W  .  .  .  .  .  .  W  .  .\4
<     5\.  B  .  .  .  .  .  .  .  .  .\5
<      6\.  .  .  .  .  .  B  B  B  .  .\6
<       7\.  .  .  .  W  W  W  W  .  .  .\7
<        8\.  .  .  .  B  .  .  .  .  .  .\8
<         9\.  .  .  .  .  .  B  .  .  .  .\9
<         10\.  W  W  .  .  .  .  .  .  .  .\10
<          11\.  .  .  .  .  .  .  .  B  .  .\11
<              a  b  c  d  e  f  g  h  i  j  k  
<
>play w i7
<= 
<
>showboard
<= 
< 
<  a7a1d69ae530eb71
<  a  b  c  d  e  f  g  h  i  j  k  
< 1\.  .  .  .  B  .  .  .  .  .  .\1
<  2\.  .  .  .  .  .  .  .  .  .  .\2
<   3\.  .  .  .  B  .  .  .  .  .  .\3
<    4\.  W  .  .  .  .  .  .  W  .  .\4
<     5\.  B  .  .  .  .  .  .  .  .  .\5
<      6\.  .  .  .  .  .  B  B  B  .  .\6
<       7\.  .  .  .  W  W  W  W  W  .  .\7
<        8\.  .  .  .  B  .  .  .  .  .  .\8
<         9\.  .  .  .  .  .  B  .  .  .  .\9
<         10\.  W  W  .  .  .  .  .  .  .  .\10
<          11\.  .  .  .  .  .  .  .  B  .  .\11
<              a  b  c  d  e  f  g  h  i  j  k  
<
>genmove b
<= c8
<
>showboard
441f7 info: Opponent has won; playing most blocking move.
<= 
< 
<  fd297fdf9b3b8905
<  a  b  c  d  e  f  g  h  i  j  k  
< 1\.  .  .  .  B  .  .  .  .  .  .\1
<  2\.  .  .  .  .  .  .  .  .  .  .\2
<   3\.  .  .  .  B  .  .  .  .  .  .\3
<    4\.  W  .  .  .  .  .  .  W  .  .\4
<     5\.  B  .  .  .  .  .  .  .  .  .\5
<      6\.  .  .  .  .  .  B  B  B  .  .\6
<       7\.  .  .  .  W  W  W  W  W  .  .\7
<        8\.  .  B  .  B  .  .  .  .  .  .\8
<         9\.  .  .  .  .  .  B  .  .  .  .\9
<         10\.  W  W  .  .  .  .  .  .  .  .\10
<          11\.  .  .  .  .  .  .  .  B  .  .\11
<              a  b  c  d  e  f  g  h  i  j  k  
<
>play w d8
<= 
<
>showboard
<= 
< 
<  0ba036411bab0056
<  a  b  c  d  e  f  g  h  i  j  k  
< 1\.  .  .  .  B  .  .  .  .  .  .\1
<  2\.  .  .  .  .  .  .  .  .  .  .\2
<   3\.  .  .  .  B  .  .  .  .  .  .\3
<    4\.  W  .  .  .  .  .  .  W  .  .\4
<     5\.  B  .  .  .  .  .  .  .  .  .\5
<      6\.  .  .  .  .  .  B  B  B  .  .\6
<       7\.  .  .  .  W  W  W  W  W  .  .\7
<        8\.  .  B  W  B  .  .  .  .  .  .\8
<         9\.  .  .  .  .  .  B  .  .  .  .\9
<         10\.  W  W  .  .  .  .  .  .  .  .\10
<          11\.  .  .  .  .  .  .  .  B  .  .\11
<              a  b  c  d  e  f  g  h  i  j  k  
<
>genmove b
<= d9
<
>showboard
441f7 info: Opponent has won; playing most blocking move.
<= 
< 
<  e638b837c1eb22f2
<  a  b  c  d  e  f  g  h  i  j  k  
< 1\.  .  .  .  B  .  .  .  .  .  .\1
<  2\.  .  .  .  .  .  .  .  .  .  .\2
<   3\.  .  .  .  B  .  .  .  .  .  .\3
<    4\.  W  .  .  .  .  .  .  W  .  .\4
<     5\.  B  .  .  .  .  .  .  .  .  .\5
<      6\.  .  .  .  .  .  B  B  B  .  .\6
<       7\.  .  .  .  W  W  W  W  W  .  .\7
<        8\.  .  B  W  B  .  .  .  .  .  .\8
<         9\.  .  .  B  .  .  B  .  .  .  .\9
<         10\.  W  W  .  .  .  .  .  .  .  .\10
<          11\.  .  .  .  .  .  .  .  B  .  .\11
<              a  b  c  d  e  f  g  h  i  j  k  
<
>play w c9
<= 
<
>showboard
<= 
< 
<  a22ac3ee2977e754
<  a  b  c  d  e  f  g  h  i  j  k  
< 1\.  .  .  .  B  .  .  .  .  .  .\1
<  2\.  .  .  .  .  .  .  .  .  .  .\2
<   3\.  .  .  .  B  .  .  .  .  .  .\3
<    4\.  W  .  .  .  .  .  .  W  .  .\4
<     5\.  B  .  .  .  .  .  .  .  .  .\5
<      6\.  .  .  .  .  .  B  B  B  .  .\6
<       7\.  .  .  .  W  W  W  W  W  .  .\7
<        8\.  .  B  W  B  .  .  .  .  .  .\8
<         9\.  .  W  B  .  .  B  .  .  .  .\9
<         10\.  W  W  .  .  .  .  .  .  .  .\10
<          11\.  .  .  .  .  .  .  .  B  .  .\11
<              a  b  c  d  e  f  g  h  i  j  k  
<
>genmove b
<= k6
<
>showboard
441f7 info: Opponent has won; playing most blocking move.
<= 
< 
<  e4f60a2ea8f0fee1
<  a  b  c  d  e  f  g  h  i  j  k  
< 1\.  .  .  .  B  .  .  .  .  .  .\1
<  2\.  .  .  .  .  .  .  .  .  .  .\2
<   3\.  .  .  .  B  .  .  .  .  .  .\3
<    4\.  W  .  .  .  .  .  .  W  .  .\4
<     5\.  B  .  .  .  .  .  .  .  .  .\5
<      6\.  .  .  .  .  .  B  B  B  .  B\6
<       7\.  .  .  .  W  W  W  W  W  .  .\7
<        8\.  .  B  W  B  .  .  .  .  .  .\8
<         9\.  .  W  B  .  .  B  .  .  .  .\9
<         10\.  W  W  .  .  .  .  .  .  .  .\10
<          11\.  .  .  .  .  .  .  .  B  .  .\11
<              a  b  c  d  e  f  g  h  i  j  k  
<
>play w j8
<= 
<
>showboard
<= 
< 
<  b2c550550a503eaa
<  a  b  c  d  e  f  g  h  i  j  k  
< 1\.  .  .  .  B  .  .  .  .  .  .\1
<  2\.  .  .  .  .  .  .  .  .  .  .\2
<   3\.  .  .  .  B  .  .  .  .  .  .\3
<    4\.  W  .  .  .  .  .  .  W  .  .\4
<     5\.  B  .  .  .  .  .  .  .  .  .\5
<      6\.  .  .  .  .  .  B  B  B  .  B\6
<       7\.  .  .  .  W  W  W  W  W  .  .\7
<        8\.  .  B  W  B  .  .  .  .  W  .\8
<         9\.  .  W  B  .  .  B  .  .  .  .\9
<         10\.  W  W  .  .  .  .  .  .  .  .\10
<          11\.  .  .  .  .  .  .  .  B  .  .\11
<              a  b  c  d  e  f  g  h  i  j  k  
<
>genmove b
<= j7
<
>showboard
441f7 info: Opponent has won; playing most blocking move.
<= 
< 
<  4a0c6301321af0b7
<  a  b  c  d  e  f  g  h  i  j  k  
< 1\.  .  .  .  B  .  .  .  .  .  .\1
<  2\.  .  .  .  .  .  .  .  .  .  .\2
<   3\.  .  .  .  B  .  .  .  .  .  .\3
<    4\.  W  .  .  .  .  .  .  W  .  .\4
<     5\.  B  .  .  .  .  .  .  .  .  .\5
<      6\.  .  .  .  .  .  B  B  B  .  B\6
<       7\.  .  .  .  W  W  W  W  W  B  .\7
<        8\.  .  B  W  B  .  .  .  .  W  .\8
<         9\.  .  W  B  .  .  B  .  .  .  .\9
<         10\.  W  W  .  .  .  .  .  .  .  .\10
<          11\.  .  .  .  .  .  .  .  B  .  .\11
<              a  b  c  d  e  f  g  h  i  j  k  
<
>play w i8
<= 
<
>showboard
<= 
< 
<  9da326fbde74738d
<  a  b  c  d  e  f  g  h  i  j  k  
< 1\.  .  .  .  B  .  .  .  .  .  .\1
<  2\.  .  .  .  .  .  .  .  .  .  .\2
<   3\.  .  .  .  B  .  .  .  .  .  .\3
<    4\.  W  .  .  .  .  .  .  W  .  .\4
<     5\.  B  .  .  .  .  .  .  .  .  .\5
<      6\.  .  .  .  .  .  B  B  B  .  B\6
<       7\.  .  .  .  W  W  W  W  W  B  .\7
<        8\.  .  B  W  B  .  .  .  W  W  .\8
<         9\.  .  W  B  .  .  B  .  .  .  .\9
<         10\.  W  W  .  .  .  .  .  .  .  .\10
<          11\.  .  .  .  .  .  .  .  B  .  .\11
<              a  b  c  d  e  f  g  h  i  j  k  
<
>genmove b
<= a10
<
>showboard
441f7 info: Captured cells caused win! Removing...
441f7 info: Opponent has won; playing most blocking move.
<= 
< 
<  60286449555b4a9b
<  a  b  c  d  e  f  g  h  i  j  k  
< 1\.  .  .  .  B  .  .  .  .  .  .\1
<  2\.  .  .  .  .  .  .  .  .  .  .\2
<   3\.  .  .  .  B  .  .  .  .  .  .\3
<    4\.  W  .  .  .  .  .  .  W  .  .\4
<     5\.  B  .  .  .  .  .  .  .  .  .\5
<      6\.  .  .  .  .  .  B  B  B  .  B\6
<       7\.  .  .  .  W  W  W  W  W  B  .\7
<        8\.  .  B  W  B  .  .  .  W  W  .\8
<         9\.  .  W  B  .  .  B  .  .  .  .\9
<         10\B  W  W  .  .  .  .  .  .  .  .\10
<          11\.  .  .  .  .  .  .  .  B  .  .\11
<              a  b  c  d  e  f  g  h  i  j  k  
<
>play w a11
<= 
<
>showboard
<= 
< 
<  590e433b5590af51
<  a  b  c  d  e  f  g  h  i  j  k  
< 1\.  .  .  .  B  .  .  .  .  .  .\1
<  2\.  .  .  .  .  .  .  .  .  .  .\2
<   3\.  .  .  .  B  .  .  .  .  .  .\3
<    4\.  W  .  .  .  .  .  .  W  .  .\4
<     5\.  B  .  .  .  .  .  .  .  .  .\5
<      6\.  .  .  .  .  .  B  B  B  .  B\6
<       7\.  .  .  .  W  W  W  W  W  B  .\7
<        8\.  .  B  W  B  .  .  .  W  W  .\8
<         9\.  .  W  B  .  .  B  .  .  .  .\9
<         10\B  W  W  .  .  .  .  .  .  .  .\10
<          11\W  .  .  .  .  .  .  .  B  .  .\11
<              a  b  c  d  e  f  g  h  i  j  k  
<
>genmove b
<= k7
<
>showboard
441f7 info: Captured cells caused win! Removing...
441f7 info: Opponent has won; playing most blocking move.
<= 
< 
<  414ce63762f9356e
<  a  b  c  d  e  f  g  h  i  j  k  
< 1\.  .  .  .  B  .  .  .  .  .  .\1
<  2\.  .  .  .  .  .  .  .  .  .  .\2
<   3\.  .  .  .  B  .  .  .  .  .  .\3
<    4\.  W  .  .  .  .  .  .  W  .  .\4
<     5\.  B  .  .  .  .  .  .  .  .  .\5
<      6\.  .  .  .  .  .  B  B  B  .  B\6
<       7\.  .  .  .  W  W  W  W  W  B  B\7
<        8\.  .  B  W  B  .  .  .  W  W  .\8
<         9\.  .  W  B  .  .  B  .  .  .  .\9
<         10\B  W  W  .  .  .  .  .  .  .  .\10
<          11\W  .  .  .  .  .  .  .  B  .  .\11
<              a  b  c  d  e  f  g  h  i  j  k  
<
>play w k8
<= 
<
>showboard
<= 
< 
<  d76cdb3bf6367172
<  a  b  c  d  e  f  g  h  i  j  k  
< 1\.  .  .  .  B  .  .  .  .  .  .\1
<  2\.  .  .  .  .  .  .  .  .  .  .\2
<   3\.  .  .  .  B  .  .  .  .  .  .\3
<    4\.  W  .  .  .  .  .  .  W  .  .\4
<     5\.  B  .  .  .  .  .  .  .  .  .\5
<      6\.  .  .  .  .  .  B  B  B  .  B\6
<       7\.  .  .  .  W  W  W  W  W  B  B\7
<        8\.  .  B  W  B  .  .  .  W  W  W\8
<         9\.  .  W  B  .  .  B  .  .  .  .\9
<         10\B  W  W  .  .  .  .  .  .  .  .\10
<          11\W  .  .  .  .  .  .  .  B  .  .\11
<              a  b  c  d  e  f  g  h  i  j  k  
<
>genmove b
<= resign
<
>showboard
<= 
< 
<  d76cdb3bf6367172
<  a  b  c  d  e  f  g  h  i  j  k  
< 1\.  .  .  .  B  .  .  .  .  .  .\1
<  2\.  .  .  .  .  .  .  .  .  .  .\2
<   3\.  .  .  .  B  .  .  .  .  .  .\3
<    4\.  W  .  .  .  .  .  .  W  .  .\4
<     5\.  B  .  .  .  .  .  .  .  .  .\5
<      6\.  .  .  .  .  .  B  B  B  .  B\6
<       7\.  .  .  .  W  W  W  W  W  B  B\7
<        8\.  .  B  W  B  .  .  .  W  W  W\8
<         9\.  .  W  B  .  .  B  .  .  .  .\9
<         10\B  W  W  .  .  .  .  .  .  .  .\10
<          11\W  .  .  .  .  .  .  .  B  .  .\11
<              a  b  c  d  e  f  g  h  i  j  k  
<
>final_score
<= W+
<
>quit
<= 
<
