# nice ../build/src/mohex/mohex --config mohex-cg2010.htp --seed 308679 --logfile-name jobs/11x11-mohex-mohex-cg2010-vs-mohex-mohex-weak-3/mohex-mohex-cg2010-207.log
>boardsize 11 11
MoHex 2.0.CMake Mar 21 2025
Copyright (C) 2007-2012 by the authors of the Benzene project.
This program comes with ABSOLUTELY NO WARRANTY. This is
free software and you are welcome to redistribute it under
certain conditions. Type `benzene-license' for details.

SgRandom::SetSeed: 308679
SgUctSearch: system memory 33632358400, using 1000000000 (5681818 nodes)
SgRandom::SetSeed: 1
SgRandom::SetSeed: 308679
0f857 info: Prior Patterns:
0f857 info: Global:
0f857 info: Size            = 565 32648 
0f857 info: TableEntries    = 65932 65910
0f857 info: MirrorsAdded    = 0 0
0f857 info: PrunableCount   = 30593 30629
0f857 info: LargestGamma    = 5820.77
0f857 info: SmallestGamma   = 6.6e-05
0f857 info: Local:
0f857 info: Size            = 550 5318 
0f857 info: TableEntries    = 11602 11588
0f857 info: MirrorsAdded    = 0 0
0f857 info: PrunableCount   = 3659 3667
0f857 info: LargestGamma    = 11281.8
0f857 info: SmallestGamma   = 0.026235
0f857 info: Playout Patterns:
0f857 info: Global:
0f857 info: Size            = 565 32648 
0f857 info: TableEntries    = 70329 70329
0f857 info: MirrorsAdded    = 4397 4419
0f857 info: PrunableCount   = 30593 30629
0f857 info: LargestGamma    = 5820.77
0f857 info: SmallestGamma   = 6.6e-05
0f857 info: Local:
0f857 info: Size            = 550 5318 
0f857 info: TableEntries    = 11602 11588
0f857 info: MirrorsAdded    = 0 0
0f857 info: PrunableCount   = 3659 3667
0f857 info: LargestGamma    = 11281.8
0f857 info: SmallestGamma   = 0.026235
<= 
<
>name
param_game allow_swap 1
= 

param_mohex max_memory 32000000000
= 

param_mohex num_threads 1
= 

param_mohex max_time 1
= 

param_mohex max_games 1
= 

param_mohex knowledge_threshold 400
= 

param_mohex reuse_subtree 1
= 

param_mohex use_parallel_solver 0
= 

<= MoHex
<
>version
<= 2.0.CMake
<
>play b j5
<= 
<
>genmove w
<= swap-pieces
<
>showboard
0f857 info: SwapCheck: reading from '/home/linus/MoHex2.0/nfbranchfix/benzene-vanilla-cmake/share/swap-moves.txt'.
0f857 info: SwapCheck: playing swap.
<= 
< 
<  972f8137512d0e6b
<  a  b  c  d  e  f  g  h  i  j  k  
< 1\.  .  .  .  .  .  .  .  .  .  .\1
<  2\.  .  .  .  .  .  .  .  .  .  .\2
<   3\.  .  .  .  .  .  .  .  .  .  .\3
<    4\.  .  .  .  .  .  .  .  .  .  .\4
<     5\.  .  .  .  .  .  .  .  .  B  .\5
<      6\.  .  .  .  .  .  .  .  .  .  .\6
<       7\.  .  .  .  .  .  .  .  .  .  .\7
<        8\.  .  .  .  .  .  .  .  .  .  .\8
<         9\.  .  .  .  .  .  .  .  .  .  .\9
<         10\.  .  .  .  .  .  .  .  .  .  .\10
<          11\.  .  .  .  .  .  .  .  .  .  .\11
<              a  b  c  d  e  f  g  h  i  j  k  
<
>play w e8
<= 
<
>showboard
<= 
< 
<  671e6d7a875d40ac
<  a  b  c  d  e  f  g  h  i  j  k  
< 1\.  .  .  .  .  .  .  .  .  .  .\1
<  2\.  .  .  .  .  .  .  .  .  .  .\2
<   3\.  .  .  .  .  .  .  .  .  .  .\3
<    4\.  .  .  .  .  .  .  .  .  .  .\4
<     5\.  .  .  .  .  .  .  .  .  B  .\5
<      6\.  .  .  .  .  .  .  .  .  .  .\6
<       7\.  .  .  .  .  .  .  .  .  .  .\7
<        8\.  .  .  .  W  .  .  .  .  .  .\8
<         9\.  .  .  .  .  .  .  .  .  .  .\9
<         10\.  .  .  .  .  .  .  .  .  .  .\10
<          11\.  .  .  .  .  .  .  .  .  .  .\11
<              a  b  c  d  e  f  g  h  i  j  k  
<
>genmove b
<= e11
<
>showboard
0f857 info: Best move cannot be determined, must search state.
0f857 info: --- MoHexPlayer::Search() ---
0f857 info: Color: black
0f857 info: MaxGames: 1
0f857 info: NumberThreads: 1
0f857 info: MaxNodes: 181818181 (15999999928 bytes)
0f857 info: TimeForMove: 1
0f857 info: PreSearch: max time reached (49/89).
0f857 info: Time for PreSearch: 0.203039s
0f857 info: 
  671e6d7a875d40ac
  a  b  c  d  e  f  g  h  i  j  k  
 1\.  .  .  .  .  .  .  .  .  .  .\1
  2\.  .  *  *  *  *  *  *  *  *  *\2
   3\.  *  *  *  *  *  *  *  *  *  *\3
    4\*  *  *  *  *  *  *  *  *  *  .\4
     5\*  *  *  *  *  *  *  *  *  B  .\5
      6\*  *  *  *  *  *  *  *  *  *  *\6
       7\*  *  *  *  *  *  *  *  *  *  *\7
        8\*  *  *  *  W  *  *  *  *  *  *\8
         9\*  *  *  *  *  *  *  *  *  *  .\9
         10\*  *  *  *  *  *  *  *  *  .  .\10
          11\.  .  .  .  .  .  .  .  .  .  .\11
              a  b  c  d  e  f  g  h  i  j  k  
0f857 info: No subtree to reuse.
0f857 info: Creating thread 0
0f857 info: StartSearch()[0]
SgUctSearch: max games reached
0f857 info: 
Elapsed Time   0.365422s
Count          1
GamesPlayed    1
Nodes          1
Knowledge      0 (0.0%)
Expansions     0.0
Time           0.00
GameLen        119.0 dev=0.0 min=119.0 max=119.0
InTree         0.0 dev=0.0 min=0.0 max=0.0
KnowDepth      -
Aborted        0%
Games/s        399.2
Score          0.00
Sequence      
0f857 info: 
0f857 warning: **** MoHexSearch returned empty sequence!
0f857 warning: **** Returning random move!
<= 
< 
<  695c2d2aef1041db
<  a  b  c  d  e  f  g  h  i  j  k  
< 1\.  .  .  .  .  .  .  .  .  .  .\1
<  2\.  .  .  .  .  .  .  .  .  .  .\2
<   3\.  .  .  .  .  .  .  .  .  .  .\3
<    4\.  .  .  .  .  .  .  .  .  .  .\4
<     5\.  .  .  .  .  .  .  .  .  B  .\5
<      6\.  .  .  .  .  .  .  .  .  .  .\6
<       7\.  .  .  .  .  .  .  .  .  .  .\7
<        8\.  .  .  .  W  .  .  .  .  .  .\8
<         9\.  .  .  .  .  .  .  .  .  .  .\9
<         10\.  .  .  .  .  .  .  .  .  .  .\10
<          11\.  .  .  .  B  .  .  .  .  .  .\11
<              a  b  c  d  e  f  g  h  i  j  k  
<
>play w i3
<= 
<
>showboard
<= 
< 
<  ac242e50c143e438
<  a  b  c  d  e  f  g  h  i  j  k  
< 1\.  .  .  .  .  .  .  .  .  .  .\1
<  2\.  .  .  .  .  .  .  .  .  .  .\2
<   3\.  .  .  .  .  .  .  .  W  .  .\3
<    4\.  .  .  .  .  .  .  .  .  .  .\4
<     5\.  .  .  .  .  .  .  .  .  B  .\5
<      6\.  .  .  .  .  .  .  .  .  .  .\6
<       7\.  .  .  .  .  .  .  .  .  .  .\7
<        8\.  .  .  .  W  .  .  .  .  .  .\8
<         9\.  .  .  .  .  .  .  .  .  .  .\9
<         10\.  .  .  .  .  .  .  .  .  .  .\10
<          11\.  .  .  .  B  .  .  .  .  .  .\11
<              a  b  c  d  e  f  g  h  i  j  k  
<
>genmove b
<= b11
<
>showboard
0f857 info: Best move cannot be determined, must search state.
0f857 info: --- MoHexPlayer::Search() ---
0f857 info: Color: black
0f857 info: MaxGames: 1
0f857 info: NumberThreads: 1
0f857 info: MaxNodes: 181818181 (15999999928 bytes)
0f857 info: TimeForMove: 1
0f857 info: PreSearch: max time reached (58/87).
0f857 info: Time for PreSearch: 0.204058s
0f857 info: 
  ac242e50c143e438
  a  b  c  d  e  f  g  h  i  j  k  
 1\.  .  .  .  .  .  .  .  .  .  .\1
  2\.  .  *  *  *  *  *  *  .  *  *\2
   3\.  *  *  *  *  *  *  *  W  *  *\3
    4\*  *  *  *  *  *  *  *  *  *  .\4
     5\*  *  *  *  *  *  *  *  *  B  .\5
      6\*  *  *  *  *  *  *  *  *  *  *\6
       7\*  *  *  *  *  *  *  *  *  *  *\7
        8\*  *  *  *  W  *  *  *  *  *  *\8
         9\*  *  *  *  *  *  *  *  *  *  .\9
         10\*  *  *  *  *  *  *  *  *  .  .\10
          11\.  .  .  .  B  .  .  .  .  .  .\11
              a  b  c  d  e  f  g  h  i  j  k  
0f857 info: Old: [black, j5] [white, swap-pieces] [white, e8] 
0f857 info: New: [black, j5] [white, swap-pieces] [white, e8] [black, e11] [white, i3] 
0f857 info: MovesPlayed: [black, e11] [white, i3] 
0f857 info: No subtree to reuse.
0f857 info: StartSearch()[0]
SgUctSearch: max games reached
0f857 info: 
Elapsed Time   0.357543s
Count          1
GamesPlayed    1
Nodes          1
Knowledge      0 (0.0%)
Expansions     0.0
Time           0.00
GameLen        117.0 dev=0.0 min=117.0 max=117.0
InTree         0.0 dev=0.0 min=0.0 max=0.0
KnowDepth      -
Aborted        0%
Games/s        3225.8
Score          1.00
Sequence      
0f857 info: 
0f857 warning: **** MoHexSearch returned empty sequence!
0f857 warning: **** Returning random move!
<= 
< 
<  a299e4b28a41b117
<  a  b  c  d  e  f  g  h  i  j  k  
< 1\.  .  .  .  .  .  .  .  .  .  .\1
<  2\.  .  .  .  .  .  .  .  .  .  .\2
<   3\.  .  .  .  .  .  .  .  W  .  .\3
<    4\.  .  .  .  .  .  .  .  .  .  .\4
<     5\.  .  .  .  .  .  .  .  .  B  .\5
<      6\.  .  .  .  .  .  .  .  .  .  .\6
<       7\.  .  .  .  .  .  .  .  .  .  .\7
<        8\.  .  .  .  W  .  .  .  .  .  .\8
<         9\.  .  .  .  .  .  .  .  .  .  .\9
<         10\.  .  .  .  .  .  .  .  .  .  .\10
<          11\.  B  .  .  B  .  .  .  .  .  .\11
<              a  b  c  d  e  f  g  h  i  j  k  
<
>play w e3
<= 
<
>showboard
<= 
< 
<  4cdd4515cb4d12cd
<  a  b  c  d  e  f  g  h  i  j  k  
< 1\.  .  .  .  .  .  .  .  .  .  .\1
<  2\.  .  .  .  .  .  .  .  .  .  .\2
<   3\.  .  .  .  W  .  .  .  W  .  .\3
<    4\.  .  .  .  .  .  .  .  .  .  .\4
<     5\.  .  .  .  .  .  .  .  .  B  .\5
<      6\.  .  .  .  .  .  .  .  .  .  .\6
<       7\.  .  .  .  .  .  .  .  .  .  .\7
<        8\.  .  .  .  W  .  .  .  .  .  .\8
<         9\.  .  .  .  .  .  .  .  .  .  .\9
<         10\.  .  .  .  .  .  .  .  .  .  .\10
<          11\.  B  .  .  B  .  .  .  .  .  .\11
<              a  b  c  d  e  f  g  h  i  j  k  
<
>genmove b
<= i10
<
>showboard
0f857 info: Best move cannot be determined, must search state.
0f857 info: --- MoHexPlayer::Search() ---
0f857 info: Color: black
0f857 info: MaxGames: 1
0f857 info: NumberThreads: 1
0f857 info: MaxNodes: 181818181 (15999999928 bytes)
0f857 info: TimeForMove: 1
0f857 info: PreSearch: max time reached (57/81).
0f857 info: Time for PreSearch: 0.201005s
0f857 info: 
  4cdd4515cb4d12cd
  a  b  c  d  e  f  g  h  i  j  k  
 1\.  .  .  .  .  .  .  .  .  .  .\1
  2\.  .  *  *  .  .  *  *  .  *  *\2
   3\.  *  *  *  W  *  *  *  W  *  *\3
    4\*  *  *  *  *  *  *  *  *  *  .\4
     5\*  *  *  *  *  *  *  *  *  B  .\5
      6\*  *  *  *  *  *  *  *  *  *  *\6
       7\*  *  *  *  *  *  *  *  *  *  *\7
        8\*  *  *  *  W  *  *  *  *  *  *\8
         9\*  *  *  *  *  *  *  *  *  *  .\9
         10\*  *  .  .  .  *  *  *  *  .  .\10
          11\.  B  b  b  B  .  .  .  .  .  .\11
              a  b  c  d  e  f  g  h  i  j  k  
0f857 info: Old: [black, j5] [white, swap-pieces] [white, e8] [black, e11] [white, i3] 
0f857 info: New: [black, j5] [white, swap-pieces] [white, e8] [black, e11] [white, i3] [black, b11] [white, e3] 
0f857 info: MovesPlayed: [black, b11] [white, e3] 
0f857 info: No subtree to reuse.
0f857 info: StartSearch()[0]
SgUctSearch: max games reached
0f857 info: 
Elapsed Time   0.34574s
Count          1
GamesPlayed    1
Nodes          1
Knowledge      0 (0.0%)
Expansions     0.0
Time           0.00
GameLen        113.0 dev=0.0 min=113.0 max=113.0
InTree         0.0 dev=0.0 min=0.0 max=0.0
KnowDepth      -
Aborted        0%
Games/s        3289.5
Score          0.00
Sequence      
0f857 info: 
0f857 warning: **** MoHexSearch returned empty sequence!
0f857 warning: **** Returning random move!
<= 
< 
<  a23b1c3d53cd1d16
<  a  b  c  d  e  f  g  h  i  j  k  
< 1\.  .  .  .  .  .  .  .  .  .  .\1
<  2\.  .  .  .  .  .  .  .  .  .  .\2
<   3\.  .  .  .  W  .  .  .  W  .  .\3
<    4\.  .  .  .  .  .  .  .  .  .  .\4
<     5\.  .  .  .  .  .  .  .  .  B  .\5
<      6\.  .  .  .  .  .  .  .  .  .  .\6
<       7\.  .  .  .  .  .  .  .  .  .  .\7
<        8\.  .  .  .  W  .  .  .  .  .  .\8
<         9\.  .  .  .  .  .  .  .  .  .  .\9
<         10\.  .  .  .  .  .  .  .  B  .  .\10
<          11\.  B  .  .  B  .  .  .  .  .  .\11
<              a  b  c  d  e  f  g  h  i  j  k  
<
>play w a10
<= 
<
>showboard
<= 
< 
<  86a0f6faff5432f2
<  a  b  c  d  e  f  g  h  i  j  k  
< 1\.  .  .  .  .  .  .  .  .  .  .\1
<  2\.  .  .  .  .  .  .  .  .  .  .\2
<   3\.  .  .  .  W  .  .  .  W  .  .\3
<    4\.  .  .  .  .  .  .  .  .  .  .\4
<     5\.  .  .  .  .  .  .  .  .  B  .\5
<      6\.  .  .  .  .  .  .  .  .  .  .\6
<       7\.  .  .  .  .  .  .  .  .  .  .\7
<        8\.  .  .  .  W  .  .  .  .  .  .\8
<         9\.  .  .  .  .  .  .  .  .  .  .\9
<         10\W  .  .  .  .  .  .  .  B  .  .\10
<          11\.  B  .  .  B  .  .  .  .  .  .\11
<              a  b  c  d  e  f  g  h  i  j  k  
<
>genmove b
<= g3
<
>showboard
0f857 info: Best move cannot be determined, must search state.
0f857 info: --- MoHexPlayer::Search() ---
0f857 info: Color: black
0f857 info: MaxGames: 1
0f857 info: NumberThreads: 1
0f857 info: MaxNodes: 181818181 (15999999928 bytes)
0f857 info: TimeForMove: 1
0f857 info: Time for PreSearch: 0.201792s
0f857 info: 
  86a0f6faff5432f2
  a  b  c  d  e  f  g  h  i  j  k  
 1\.  .  .  .  .  .  .  .  .  .  .\1
  2\.  .  *  *  .  .  *  *  .  *  *\2
   3\.  *  *  *  W  *  *  *  W  *  *\3
    4\*  *  *  *  *  *  *  *  *  *  .\4
     5\*  *  *  *  *  *  *  *  *  B  .\5
      6\*  *  *  *  *  *  *  *  *  *  *\6
       7\*  *  *  *  *  *  *  *  *  *  *\7
        8\*  *  *  *  W  *  *  *  *  *  *\8
         9\.  *  *  .  .  *  *  *  *  .  .\9
         10\W  .  .  .  .  .  .  .  B  b  b\10
          11\b  B  b  b  B  b  b  b  b  b  b\11
              a  b  c  d  e  f  g  h  i  j  k  
0f857 info: Old: [black, j5] [white, swap-pieces] [white, e8] [black, e11] [white, i3] [black, b11] [white, e3] 
0f857 info: New: [black, j5] [white, swap-pieces] [white, e8] [black, e11] [white, i3] [black, b11] [white, e3] [black, i10] [white, a10] 
0f857 info: MovesPlayed: [black, i10] [white, a10] 
0f857 info: No subtree to reuse.
0f857 info: StartSearch()[0]
SgUctSearch: max games reached
0f857 info: 
Elapsed Time   0.35765s
Count          1
GamesPlayed    1
Nodes          1
Knowledge      0 (0.0%)
Expansions     0.0
Time           0.00
GameLen        102.0 dev=0.0 min=102.0 max=102.0
InTree         0.0 dev=0.0 min=0.0 max=0.0
KnowDepth      -
Aborted        0%
Games/s        3105.6
Score          0.00
Sequence      
0f857 info: 
0f857 warning: **** MoHexSearch returned empty sequence!
0f857 warning: **** Returning random move!
<= 
< 
<  35f6d4409a026484
<  a  b  c  d  e  f  g  h  i  j  k  
< 1\.  .  .  .  .  .  .  .  .  .  .\1
<  2\.  .  .  .  .  .  .  .  .  .  .\2
<   3\.  .  .  .  W  .  B  .  W  .  .\3
<    4\.  .  .  .  .  .  .  .  .  .  .\4
<     5\.  .  .  .  .  .  .  .  .  B  .\5
<      6\.  .  .  .  .  .  .  .  .  .  .\6
<       7\.  .  .  .  .  .  .  .  .  .  .\7
<        8\.  .  .  .  W  .  .  .  .  .  .\8
<         9\.  .  .  .  .  .  .  .  .  .  .\9
<         10\W  .  .  .  .  .  .  .  B  .  .\10
<          11\.  B  .  .  B  .  .  .  .  .  .\11
<              a  b  c  d  e  f  g  h  i  j  k  
<
>play w k6
<= 
<
>showboard
<= 
< 
<  dba0edf1f7872adc
<  a  b  c  d  e  f  g  h  i  j  k  
< 1\.  .  .  .  .  .  .  .  .  .  .\1
<  2\.  .  .  .  .  .  .  .  .  .  .\2
<   3\.  .  .  .  W  .  B  .  W  .  .\3
<    4\.  .  .  .  .  .  .  .  .  .  .\4
<     5\.  .  .  .  .  .  .  .  .  B  .\5
<      6\.  .  .  .  .  .  .  .  .  .  W\6
<       7\.  .  .  .  .  .  .  .  .  .  .\7
<        8\.  .  .  .  W  .  .  .  .  .  .\8
<         9\.  .  .  .  .  .  .  .  .  .  .\9
<         10\W  .  .  .  .  .  .  .  B  .  .\10
<          11\.  B  .  .  B  .  .  .  .  .  .\11
<              a  b  c  d  e  f  g  h  i  j  k  
<
>genmove b
<= k1
<
>showboard
0f857 info: Best move cannot be determined, must search state.
0f857 info: --- MoHexPlayer::Search() ---
0f857 info: Color: black
0f857 info: MaxGames: 1
0f857 info: NumberThreads: 1
0f857 info: MaxNodes: 181818181 (15999999928 bytes)
0f857 info: TimeForMove: 1
0f857 info: Time for PreSearch: 0.190019s
0f857 info: 
  dba0edf1f7872adc
  a  b  c  d  e  f  g  h  i  j  k  
 1\.  .  .  .  .  .  .  .  .  .  .\1
  2\.  .  *  *  .  .  *  .  .  *  *\2
   3\.  *  *  *  W  *  B  *  W  .  *\3
    4\*  *  *  *  *  *  *  *  *  *  .\4
     5\*  *  *  *  *  *  *  *  *  B  b\5
      6\*  *  *  *  *  *  *  *  *  *  W\6
       7\*  *  *  *  *  *  *  *  *  *  .\7
        8\*  *  *  *  W  *  *  *  *  *  *\8
         9\.  *  *  .  .  *  *  *  *  .  .\9
         10\W  .  .  .  .  .  .  .  B  b  b\10
          11\b  B  b  b  B  b  b  b  b  b  b\11
              a  b  c  d  e  f  g  h  i  j  k  
0f857 info: Old: [black, j5] [white, swap-pieces] [white, e8] [black, e11] [white, i3] [black, b11] [white, e3] [black, i10] [white, a10] 
0f857 info: New: [black, j5] [white, swap-pieces] [white, e8] [black, e11] [white, i3] [black, b11] [white, e3] [black, i10] [white, a10] [black, g3] [white, k6] 
0f857 info: MovesPlayed: [black, g3] [white, k6] 
0f857 info: No subtree to reuse.
0f857 info: StartSearch()[0]
SgUctSearch: max games reached
0f857 info: 
Elapsed Time   0.340947s
Count          1
GamesPlayed    1
Nodes          1
Knowledge      0 (0.0%)
Expansions     0.0
Time           0.00
GameLen        99.0 dev=0.0 min=99.0 max=99.0
InTree         0.0 dev=0.0 min=0.0 max=0.0
KnowDepth      -
Aborted        0%
Games/s        3448.3
Score          0.00
Sequence      
0f857 info: 
0f857 warning: **** MoHexSearch returned empty sequence!
0f857 warning: **** Returning random move!
<= 
< 
<  122af514b418b8d7
<  a  b  c  d  e  f  g  h  i  j  k  
< 1\.  .  .  .  .  .  .  .  .  .  B\1
<  2\.  .  .  .  .  .  .  .  .  .  .\2
<   3\.  .  .  .  W  .  B  .  W  .  .\3
<    4\.  .  .  .  .  .  .  .  .  .  .\4
<     5\.  .  .  .  .  .  .  .  .  B  .\5
<      6\.  .  .  .  .  .  .  .  .  .  W\6
<       7\.  .  .  .  .  .  .  .  .  .  .\7
<        8\.  .  .  .  W  .  .  .  .  .  .\8
<         9\.  .  .  .  .  .  .  .  .  .  .\9
<         10\W  .  .  .  .  .  .  .  B  .  .\10
<          11\.  B  .  .  B  .  .  .  .  .  .\11
<              a  b  c  d  e  f  g  h  i  j  k  
<
>play w j2
<= 
<
>showboard
<= 
< 
<  a04c6b2d1eaa7d91
<  a  b  c  d  e  f  g  h  i  j  k  
< 1\.  .  .  .  .  .  .  .  .  .  B\1
<  2\.  .  .  .  .  .  .  .  .  W  .\2
<   3\.  .  .  .  W  .  B  .  W  .  .\3
<    4\.  .  .  .  .  .  .  .  .  .  .\4
<     5\.  .  .  .  .  .  .  .  .  B  .\5
<      6\.  .  .  .  .  .  .  .  .  .  W\6
<       7\.  .  .  .  .  .  .  .  .  .  .\7
<        8\.  .  .  .  W  .  .  .  .  .  .\8
<         9\.  .  .  .  .  .  .  .  .  .  .\9
<         10\W  .  .  .  .  .  .  .  B  .  .\10
<          11\.  B  .  .  B  .  .  .  .  .  .\11
<              a  b  c  d  e  f  g  h  i  j  k  
<
>genmove b
<= h1
<
>showboard
0f857 info: Best move cannot be determined, must search state.
0f857 info: --- MoHexPlayer::Search() ---
0f857 info: Color: black
0f857 info: MaxGames: 1
0f857 info: NumberThreads: 1
0f857 info: MaxNodes: 181818181 (15999999928 bytes)
0f857 info: TimeForMove: 1
0f857 info: Time for PreSearch: 0.181556s
0f857 info: 
  a04c6b2d1eaa7d91
  a  b  c  d  e  f  g  h  i  j  k  
 1\.  .  .  .  .  .  .  .  .  .  B\1
  2\.  .  *  *  .  .  *  .  .  W  *\2
   3\.  *  *  *  W  *  B  *  W  .  .\3
    4\*  *  *  *  *  *  *  *  *  *  .\4
     5\*  *  *  *  *  *  *  *  *  B  b\5
      6\*  *  *  *  *  *  *  *  *  *  W\6
       7\*  *  *  *  *  *  *  *  *  *  .\7
        8\*  *  *  *  W  *  *  *  *  *  *\8
         9\.  *  *  .  .  *  *  *  *  .  .\9
         10\W  .  .  .  .  .  .  .  B  b  b\10
          11\b  B  b  b  B  b  b  b  b  b  b\11
              a  b  c  d  e  f  g  h  i  j  k  
0f857 info: Old: [black, j5] [white, swap-pieces] [white, e8] [black, e11] [white, i3] [black, b11] [white, e3] [black, i10] [white, a10] [black, g3] [white, k6] 
0f857 info: New: [black, j5] [white, swap-pieces] [white, e8] [black, e11] [white, i3] [black, b11] [white, e3] [black, i10] [white, a10] [black, g3] [white, k6] [black, k1] [white, j2] 
0f857 info: MovesPlayed: [black, k1] [white, j2] 
0f857 info: No subtree to reuse.
0f857 info: StartSearch()[0]
SgUctSearch: max games reached
0f857 info: 
Elapsed Time   0.368024s
Count          1
GamesPlayed    1
Nodes          1
Knowledge      0 (0.0%)
Expansions     0.0
Time           0.00
GameLen        97.0 dev=0.0 min=97.0 max=97.0
InTree         0.0 dev=0.0 min=0.0 max=0.0
KnowDepth      -
Aborted        0%
Games/s        3278.7
Score          1.00
Sequence      
0f857 info: 
0f857 warning: **** MoHexSearch returned empty sequence!
0f857 warning: **** Returning random move!
<= 
< 
<  714e355eba3af05e
<  a  b  c  d  e  f  g  h  i  j  k  
< 1\.  .  .  .  .  .  .  B  .  .  B\1
<  2\.  .  .  .  .  .  .  .  .  W  .\2
<   3\.  .  .  .  W  .  B  .  W  .  .\3
<    4\.  .  .  .  .  .  .  .  .  .  .\4
<     5\.  .  .  .  .  .  .  .  .  B  .\5
<      6\.  .  .  .  .  .  .  .  .  .  W\6
<       7\.  .  .  .  .  .  .  .  .  .  .\7
<        8\.  .  .  .  W  .  .  .  .  .  .\8
<         9\.  .  .  .  .  .  .  .  .  .  .\9
<         10\W  .  .  .  .  .  .  .  B  .  .\10
<          11\.  B  .  .  B  .  .  .  .  .  .\11
<              a  b  c  d  e  f  g  h  i  j  k  
<
>play w f9
<= 
<
>showboard
<= 
< 
<  7973d12007ec8aa0
<  a  b  c  d  e  f  g  h  i  j  k  
< 1\.  .  .  .  .  .  .  B  .  .  B\1
<  2\.  .  .  .  .  .  .  .  .  W  .\2
<   3\.  .  .  .  W  .  B  .  W  .  .\3
<    4\.  .  .  .  .  .  .  .  .  .  .\4
<     5\.  .  .  .  .  .  .  .  .  B  .\5
<      6\.  .  .  .  .  .  .  .  .  .  W\6
<       7\.  .  .  .  .  .  .  .  .  .  .\7
<        8\.  .  .  .  W  .  .  .  .  .  .\8
<         9\.  .  .  .  .  W  .  .  .  .  .\9
<         10\W  .  .  .  .  .  .  .  B  .  .\10
<          11\.  B  .  .  B  .  .  .  .  .  .\11
<              a  b  c  d  e  f  g  h  i  j  k  
<
>genmove b
<= e10
<
>showboard
0f857 info: Best move cannot be determined, must search state.
0f857 info: --- MoHexPlayer::Search() ---
0f857 info: Color: black
0f857 info: MaxGames: 1
0f857 info: NumberThreads: 1
0f857 info: MaxNodes: 181818181 (15999999928 bytes)
0f857 info: TimeForMove: 1
0f857 info: Time for PreSearch: 0.172762s
0f857 info: 
  7973d12007ec8aa0
  a  b  c  d  e  f  g  h  i  j  k  
 1\.  .  .  .  .  .  .  B  b  b  B\1
  2\.  .  *  .  .  .  .  .  .  W  *\2
   3\.  *  *  *  W  *  B  *  W  .  .\3
    4\*  *  *  *  *  *  *  *  *  *  .\4
     5\*  *  *  *  *  *  *  *  *  B  b\5
      6\*  *  *  *  *  *  *  *  *  *  W\6
       7\*  *  *  *  *  *  *  *  *  *  .\7
        8\*  *  *  *  W  *  *  *  *  .  *\8
         9\.  *  *  .  *  W  *  *  *  .  .\9
         10\W  .  .  .  .  .  .  .  B  b  b\10
          11\b  B  b  b  B  b  b  b  b  b  b\11
              a  b  c  d  e  f  g  h  i  j  k  
0f857 info: Old: [black, j5] [white, swap-pieces] [white, e8] [black, e11] [white, i3] [black, b11] [white, e3] [black, i10] [white, a10] [black, g3] [white, k6] [black, k1] [white, j2] 
0f857 info: New: [black, j5] [white, swap-pieces] [white, e8] [black, e11] [white, i3] [black, b11] [white, e3] [black, i10] [white, a10] [black, g3] [white, k6] [black, k1] [white, j2] [black, h1] [white, f9] 
0f857 info: MovesPlayed: [black, h1] [white, f9] 
0f857 info: No subtree to reuse.
0f857 info: StartSearch()[0]
SgUctSearch: max games reached
0f857 info: 
Elapsed Time   0.319539s
Count          1
GamesPlayed    1
Nodes          1
Knowledge      0 (0.0%)
Expansions     0.0
Time           0.00
GameLen        93.0 dev=0.0 min=93.0 max=93.0
InTree         0.0 dev=0.0 min=0.0 max=0.0
KnowDepth      -
Aborted        0%
Games/s        2976.2
Score          0.00
Sequence      
0f857 info: 
0f857 warning: **** MoHexSearch returned empty sequence!
0f857 warning: **** Returning random move!
<= 
< 
<  562628253f53a268
<  a  b  c  d  e  f  g  h  i  j  k  
< 1\.  .  .  .  .  .  .  B  .  .  B\1
<  2\.  .  .  .  .  .  .  .  .  W  .\2
<   3\.  .  .  .  W  .  B  .  W  .  .\3
<    4\.  .  .  .  .  .  .  .  .  .  .\4
<     5\.  .  .  .  .  .  .  .  .  B  .\5
<      6\.  .  .  .  .  .  .  .  .  .  W\6
<       7\.  .  .  .  .  .  .  .  .  .  .\7
<        8\.  .  .  .  W  .  .  .  .  .  .\8
<         9\.  .  .  .  .  W  .  .  .  .  .\9
<         10\W  .  .  .  B  .  .  .  B  .  .\10
<          11\.  B  .  .  B  .  .  .  .  .  .\11
<              a  b  c  d  e  f  g  h  i  j  k  
<
>play w k4
<= 
<
>showboard
<= 
< 
<  0ed636b1833e9fa4
<  a  b  c  d  e  f  g  h  i  j  k  
< 1\.  .  .  .  .  .  .  B  .  .  B\1
<  2\.  .  .  .  .  .  .  .  .  W  .\2
<   3\.  .  .  .  W  .  B  .  W  .  .\3
<    4\.  .  .  .  .  .  .  .  .  .  W\4
<     5\.  .  .  .  .  .  .  .  .  B  .\5
<      6\.  .  .  .  .  .  .  .  .  .  W\6
<       7\.  .  .  .  .  .  .  .  .  .  .\7
<        8\.  .  .  .  W  .  .  .  .  .  .\8
<         9\.  .  .  .  .  W  .  .  .  .  .\9
<         10\W  .  .  .  B  .  .  .  B  .  .\10
<          11\.  B  .  .  B  .  .  .  .  .  .\11
<              a  b  c  d  e  f  g  h  i  j  k  
<
>genmove b
<= i6
<
>showboard
0f857 info: Best move cannot be determined, must search state.
0f857 info: --- MoHexPlayer::Search() ---
0f857 info: Color: black
0f857 info: MaxGames: 1
0f857 info: NumberThreads: 1
0f857 info: MaxNodes: 181818181 (15999999928 bytes)
0f857 info: TimeForMove: 1
0f857 info: Time for PreSearch: 0.175472s
0f857 info: 
  0ed636b1833e9fa4
  a  b  c  d  e  f  g  h  i  j  k  
 1\.  .  .  .  .  .  .  B  b  b  B\1
  2\.  .  *  .  .  .  .  .  .  W  *\2
   3\.  *  *  *  W  *  B  *  W  .  .\3
    4\*  *  *  *  *  *  *  *  *  .  W\4
     5\*  *  *  *  *  *  *  *  *  B  b\5
      6\*  *  *  *  *  *  *  *  *  *  W\6
       7\*  *  *  *  *  *  *  *  *  *  .\7
        8\*  *  *  *  W  *  *  *  *  .  *\8
         9\.  *  *  .  *  W  *  *  *  .  .\9
         10\W  .  .  .  B  .  .  .  B  b  b\10
          11\b  B  b  b  B  b  b  b  b  b  b\11
              a  b  c  d  e  f  g  h  i  j  k  
0f857 info: Old: [black, j5] [white, swap-pieces] [white, e8] [black, e11] [white, i3] [black, b11] [white, e3] [black, i10] [white, a10] [black, g3] [white, k6] [black, k1] [white, j2] [black, h1] [white, f9] 
0f857 info: New: [black, j5] [white, swap-pieces] [white, e8] [black, e11] [white, i3] [black, b11] [white, e3] [black, i10] [white, a10] [black, g3] [white, k6] [black, k1] [white, j2] [black, h1] [white, f9] [black, e10] [white, k4] 
0f857 info: MovesPlayed: [black, e10] [white, k4] 
0f857 info: No subtree to reuse.
0f857 info: StartSearch()[0]
SgUctSearch: max games reached
0f857 info: 
Elapsed Time   0.332194s
Count          1
GamesPlayed    1
Nodes          1
Knowledge      0 (0.0%)
Expansions     0.0
Time           0.00
GameLen        91.0 dev=0.0 min=91.0 max=91.0
InTree         0.0 dev=0.0 min=0.0 max=0.0
KnowDepth      -
Aborted        0%
Games/s        2777.8
Score          0.00
Sequence      
0f857 info: 
0f857 warning: **** MoHexSearch returned empty sequence!
0f857 warning: **** Returning random move!
<= 
< 
<  e0a5797499f1036b
<  a  b  c  d  e  f  g  h  i  j  k  
< 1\.  .  .  .  .  .  .  B  .  .  B\1
<  2\.  .  .  .  .  .  .  .  .  W  .\2
<   3\.  .  .  .  W  .  B  .  W  .  .\3
<    4\.  .  .  .  .  .  .  .  .  .  W\4
<     5\.  .  .  .  .  .  .  .  .  B  .\5
<      6\.  .  .  .  .  .  .  .  B  .  W\6
<       7\.  .  .  .  .  .  .  .  .  .  .\7
<        8\.  .  .  .  W  .  .  .  .  .  .\8
<         9\.  .  .  .  .  W  .  .  .  .  .\9
<         10\W  .  .  .  B  .  .  .  B  .  .\10
<          11\.  B  .  .  B  .  .  .  .  .  .\11
<              a  b  c  d  e  f  g  h  i  j  k  
<
>play w k3
<= 
<
>showboard
<= 
< 
<  35dfbf86b7489d02
<  a  b  c  d  e  f  g  h  i  j  k  
< 1\.  .  .  .  .  .  .  B  .  .  B\1
<  2\.  .  .  .  .  .  .  .  .  W  .\2
<   3\.  .  .  .  W  .  B  .  W  .  W\3
<    4\.  .  .  .  .  .  .  .  .  .  W\4
<     5\.  .  .  .  .  .  .  .  .  B  .\5
<      6\.  .  .  .  .  .  .  .  B  .  W\6
<       7\.  .  .  .  .  .  .  .  .  .  .\7
<        8\.  .  .  .  W  .  .  .  .  .  .\8
<         9\.  .  .  .  .  W  .  .  .  .  .\9
<         10\W  .  .  .  B  .  .  .  B  .  .\10
<          11\.  B  .  .  B  .  .  .  .  .  .\11
<              a  b  c  d  e  f  g  h  i  j  k  
<
>genmove b
<= f7
<
>showboard
0f857 info: Best move cannot be determined, must search state.
0f857 info: --- MoHexPlayer::Search() ---
0f857 info: Color: black
0f857 info: MaxGames: 1
0f857 info: NumberThreads: 1
0f857 info: MaxNodes: 181818181 (15999999928 bytes)
0f857 info: TimeForMove: 1
0f857 info: Time for PreSearch: 0.155655s
0f857 info: 
  35dfbf86b7489d02
  a  b  c  d  e  f  g  h  i  j  k  
 1\.  .  .  .  .  .  .  B  b  b  B\1
  2\.  .  *  .  .  .  .  .  .  W  w\2
   3\.  *  *  *  W  *  B  *  W  w  W\3
    4\*  *  *  *  *  *  *  *  *  .  W\4
     5\*  *  *  *  *  *  *  *  .  B  b\5
      6\*  *  *  *  *  *  *  *  B  .  W\6
       7\*  *  *  *  *  *  *  *  *  *  .\7
        8\*  *  *  *  W  *  *  *  *  .  *\8
         9\.  *  *  .  *  W  *  *  *  .  .\9
         10\W  .  .  .  B  .  .  .  B  b  b\10
          11\b  B  b  b  B  b  b  b  b  b  b\11
              a  b  c  d  e  f  g  h  i  j  k  
0f857 info: Old: [black, j5] [white, swap-pieces] [white, e8] [black, e11] [white, i3] [black, b11] [white, e3] [black, i10] [white, a10] [black, g3] [white, k6] [black, k1] [white, j2] [black, h1] [white, f9] [black, e10] [white, k4] 
0f857 info: New: [black, j5] [white, swap-pieces] [white, e8] [black, e11] [white, i3] [black, b11] [white, e3] [black, i10] [white, a10] [black, g3] [white, k6] [black, k1] [white, j2] [black, h1] [white, f9] [black, e10] [white, k4] [black, i6] [white, k3] 
0f857 info: MovesPlayed: [black, i6] [white, k3] 
0f857 info: No subtree to reuse.
0f857 info: StartSearch()[0]
SgUctSearch: max games reached
0f857 info: 
Elapsed Time   0.299565s
Count          1
GamesPlayed    1
Nodes          1
Knowledge      0 (0.0%)
Expansions     0.0
Time           0.00
GameLen        87.0 dev=0.0 min=87.0 max=87.0
InTree         0.0 dev=0.0 min=0.0 max=0.0
KnowDepth      -
Aborted        0%
Games/s        3184.7
Score          1.00
Sequence      
0f857 info: 
0f857 warning: **** MoHexSearch returned empty sequence!
0f857 warning: **** Returning random move!
<= 
< 
<  161fb08affee2057
<  a  b  c  d  e  f  g  h  i  j  k  
< 1\.  .  .  .  .  .  .  B  .  .  B\1
<  2\.  .  .  .  .  .  .  .  .  W  .\2
<   3\.  .  .  .  W  .  B  .  W  .  W\3
<    4\.  .  .  .  .  .  .  .  .  .  W\4
<     5\.  .  .  .  .  .  .  .  .  B  .\5
<      6\.  .  .  .  .  .  .  .  B  .  W\6
<       7\.  .  .  .  .  B  .  .  .  .  .\7
<        8\.  .  .  .  W  .  .  .  .  .  .\8
<         9\.  .  .  .  .  W  .  .  .  .  .\9
<         10\W  .  .  .  B  .  .  .  B  .  .\10
<          11\.  B  .  .  B  .  .  .  .  .  .\11
<              a  b  c  d  e  f  g  h  i  j  k  
<
>play w c7
<= 
<
>showboard
<= 
< 
<  9766047564a23a22
<  a  b  c  d  e  f  g  h  i  j  k  
< 1\.  .  .  .  .  .  .  B  .  .  B\1
<  2\.  .  .  .  .  .  .  .  .  W  .\2
<   3\.  .  .  .  W  .  B  .  W  .  W\3
<    4\.  .  .  .  .  .  .  .  .  .  W\4
<     5\.  .  .  .  .  .  .  .  .  B  .\5
<      6\.  .  .  .  .  .  .  .  B  .  W\6
<       7\.  .  W  .  .  B  .  .  .  .  .\7
<        8\.  .  .  .  W  .  .  .  .  .  .\8
<         9\.  .  .  .  .  W  .  .  .  .  .\9
<         10\W  .  .  .  B  .  .  .  B  .  .\10
<          11\.  B  .  .  B  .  .  .  .  .  .\11
<              a  b  c  d  e  f  g  h  i  j  k  
<
>genmove b
<= h6
<
>showboard
0f857 info: Best move cannot be determined, must search state.
0f857 info: --- MoHexPlayer::Search() ---
0f857 info: Color: black
0f857 info: MaxGames: 1
0f857 info: NumberThreads: 1
0f857 info: MaxNodes: 181818181 (15999999928 bytes)
0f857 info: TimeForMove: 1
0f857 info: Time for PreSearch: 0.182637s
0f857 info: 
  9766047564a23a22
  a  b  c  d  e  f  g  h  i  j  k  
 1\.  .  .  .  .  .  .  B  b  b  B\1
  2\.  .  *  .  .  .  .  .  .  W  w\2
   3\.  *  *  *  W  *  B  *  W  w  W\3
    4\*  *  *  *  *  *  *  *  *  .  W\4
     5\*  *  *  *  *  *  *  *  .  B  b\5
      6\*  *  *  *  *  *  *  *  B  .  W\6
       7\*  *  W  *  *  B  *  *  *  *  .\7
        8\*  *  *  *  W  *  *  *  *  .  *\8
         9\.  *  *  .  *  W  *  *  *  .  .\9
         10\W  .  .  .  B  .  .  .  B  b  b\10
          11\b  B  b  b  B  b  b  b  b  b  b\11
              a  b  c  d  e  f  g  h  i  j  k  
0f857 info: Old: [black, j5] [white, swap-pieces] [white, e8] [black, e11] [white, i3] [black, b11] [white, e3] [black, i10] [white, a10] [black, g3] [white, k6] [black, k1] [white, j2] [black, h1] [white, f9] [black, e10] [white, k4] [black, i6] [white, k3] 
0f857 info: New: [black, j5] [white, swap-pieces] [white, e8] [black, e11] [white, i3] [black, b11] [white, e3] [black, i10] [white, a10] [black, g3] [white, k6] [black, k1] [white, j2] [black, h1] [white, f9] [black, e10] [white, k4] [black, i6] [white, k3] [black, f7] [white, c7] 
0f857 info: MovesPlayed: [black, f7] [white, c7] 
0f857 info: No subtree to reuse.
0f857 info: StartSearch()[0]
SgUctSearch: max games reached
0f857 info: 
Elapsed Time   0.325878s
Count          1
GamesPlayed    1
Nodes          1
Knowledge      0 (0.0%)
Expansions     0.0
Time           0.00
GameLen        85.0 dev=0.0 min=85.0 max=85.0
InTree         0.0 dev=0.0 min=0.0 max=0.0
KnowDepth      -
Aborted        0%
Games/s        3597.1
Score          1.00
Sequence      
0f857 info: 
0f857 warning: **** MoHexSearch returned empty sequence!
0f857 warning: **** Returning random move!
<= 
< 
<  312d1741a14b1f02
<  a  b  c  d  e  f  g  h  i  j  k  
< 1\.  .  .  .  .  .  .  B  .  .  B\1
<  2\.  .  .  .  .  .  .  .  .  W  .\2
<   3\.  .  .  .  W  .  B  .  W  .  W\3
<    4\.  .  .  .  .  .  .  .  .  .  W\4
<     5\.  .  .  .  .  .  .  .  .  B  .\5
<      6\.  .  .  .  .  .  .  B  B  .  W\6
<       7\.  .  W  .  .  B  .  .  .  .  .\7
<        8\.  .  .  .  W  .  .  .  .  .  .\8
<         9\.  .  .  .  .  W  .  .  .  .  .\9
<         10\W  .  .  .  B  .  .  .  B  .  .\10
<          11\.  B  .  .  B  .  .  .  .  .  .\11
<              a  b  c  d  e  f  g  h  i  j  k  
<
>play w d9
<= 
<
>showboard
<= 
< 
<  81afab17a1964489
<  a  b  c  d  e  f  g  h  i  j  k  
< 1\.  .  .  .  .  .  .  B  .  .  B\1
<  2\.  .  .  .  .  .  .  .  .  W  .\2
<   3\.  .  .  .  W  .  B  .  W  .  W\3
<    4\.  .  .  .  .  .  .  .  .  .  W\4
<     5\.  .  .  .  .  .  .  .  .  B  .\5
<      6\.  .  .  .  .  .  .  B  B  .  W\6
<       7\.  .  W  .  .  B  .  .  .  .  .\7
<        8\.  .  .  .  W  .  .  .  .  .  .\8
<         9\.  .  .  W  .  W  .  .  .  .  .\9
<         10\W  .  .  .  B  .  .  .  B  .  .\10
<          11\.  B  .  .  B  .  .  .  .  .  .\11
<              a  b  c  d  e  f  g  h  i  j  k  
<
>genmove b
<= h2
<
>showboard
0f857 info: Best move cannot be determined, must search state.
0f857 info: --- MoHexPlayer::Search() ---
0f857 info: Color: black
0f857 info: MaxGames: 1
0f857 info: NumberThreads: 1
0f857 info: MaxNodes: 181818181 (15999999928 bytes)
0f857 info: TimeForMove: 1
0f857 info: PreSearch: max time reached (45/52).
0f857 info: Time for PreSearch: 0.202867s
0f857 info: 
  81afab17a1964489
  a  b  c  d  e  f  g  h  i  j  k  
 1\.  .  .  .  .  .  .  B  b  b  B\1
  2\.  .  *  .  .  .  .  .  .  W  w\2
   3\.  *  *  *  W  *  B  *  W  w  W\3
    4\*  *  *  *  *  *  *  *  .  b  W\4
     5\*  *  *  *  *  *  *  .  b  B  b\5
      6\*  *  *  *  *  *  *  B  B  .  W\6
       7\*  *  W  *  *  B  .  .  .  .  .\7
        8\*  *  *  *  W  .  .  .  .  .  .\8
         9\.  *  *  W  .  W  .  .  .  .  .\9
         10\W  .  .  b  B  .  .  .  B  b  b\10
          11\b  B  b  b  B  b  b  b  b  b  b\11
              a  b  c  d  e  f  g  h  i  j  k  
0f857 info: Old: [black, j5] [white, swap-pieces] [white, e8] [black, e11] [white, i3] [black, b11] [white, e3] [black, i10] [white, a10] [black, g3] [white, k6] [black, k1] [white, j2] [black, h1] [white, f9] [black, e10] [white, k4] [black, i6] [white, k3] [black, f7] [white, c7] 
0f857 info: New: [black, j5] [white, swap-pieces] [white, e8] [black, e11] [white, i3] [black, b11] [white, e3] [black, i10] [white, a10] [black, g3] [white, k6] [black, k1] [white, j2] [black, h1] [white, f9] [black, e10] [white, k4] [black, i6] [white, k3] [black, f7] [white, c7] [black, h6] [white, d9] 
0f857 info: MovesPlayed: [black, h6] [white, d9] 
0f857 info: No subtree to reuse.
0f857 info: StartSearch()[0]
SgUctSearch: max games reached
0f857 info: 
Elapsed Time   0.345853s
Count          1
GamesPlayed    1
Nodes          1
Knowledge      0 (0.0%)
Expansions     0.0
Time           0.00
GameLen        80.0 dev=0.0 min=80.0 max=80.0
InTree         0.0 dev=0.0 min=0.0 max=0.0
KnowDepth      -
Aborted        0%
Games/s        3278.7
Score          0.00
Sequence      
0f857 info: 
0f857 warning: **** MoHexSearch returned empty sequence!
0f857 warning: **** Returning random move!
<= 
< 
<  e57a3e1000a9bb14
<  a  b  c  d  e  f  g  h  i  j  k  
< 1\.  .  .  .  .  .  .  B  .  .  B\1
<  2\.  .  .  .  .  .  .  B  .  W  .\2
<   3\.  .  .  .  W  .  B  .  W  .  W\3
<    4\.  .  .  .  .  .  .  .  .  .  W\4
<     5\.  .  .  .  .  .  .  .  .  B  .\5
<      6\.  .  .  .  .  .  .  B  B  .  W\6
<       7\.  .  W  .  .  B  .  .  .  .  .\7
<        8\.  .  .  .  W  .  .  .  .  .  .\8
<         9\.  .  .  W  .  W  .  .  .  .  .\9
<         10\W  .  .  .  B  .  .  .  B  .  .\10
<          11\.  B  .  .  B  .  .  .  .  .  .\11
<              a  b  c  d  e  f  g  h  i  j  k  
<
>play w i8
<= 
<
>showboard
<= 
< 
<  32d57beaecc7382e
<  a  b  c  d  e  f  g  h  i  j  k  
< 1\.  .  .  .  .  .  .  B  .  .  B\1
<  2\.  .  .  .  .  .  .  B  .  W  .\2
<   3\.  .  .  .  W  .  B  .  W  .  W\3
<    4\.  .  .  .  .  .  .  .  .  .  W\4
<     5\.  .  .  .  .  .  .  .  .  B  .\5
<      6\.  .  .  .  .  .  .  B  B  .  W\6
<       7\.  .  W  .  .  B  .  .  .  .  .\7
<        8\.  .  .  .  W  .  .  .  W  .  .\8
<         9\.  .  .  W  .  W  .  .  .  .  .\9
<         10\W  .  .  .  B  .  .  .  B  .  .\10
<          11\.  B  .  .  B  .  .  .  .  .  .\11
<              a  b  c  d  e  f  g  h  i  j  k  
<
>genmove b
<= b1
<
>showboard
0f857 info: Best move cannot be determined, must search state.
0f857 info: --- MoHexPlayer::Search() ---
0f857 info: Color: black
0f857 info: MaxGames: 1
0f857 info: NumberThreads: 1
0f857 info: MaxNodes: 181818181 (15999999928 bytes)
0f857 info: TimeForMove: 1
0f857 info: Time for PreSearch: 0.036404s
0f857 info: 
  32d57beaecc7382e
  a  b  c  d  e  f  g  h  i  j  k  
 1\.  .  .  .  b  b  b  B  b  b  B\1
  2\.  .  .  .  .  b  b  B  b  W  w\2
   3\.  .  .  .  W  .  B  .  W  w  W\3
    4\.  .  .  .  .  .  .  .  .  b  W\4
     5\.  .  .  .  .  .  .  .  b  B  b\5
      6\.  .  .  .  .  .  .  B  B  .  W\6
       7\.  *  W  *  .  B  .  .  .  .  .\7
        8\.  *  .  *  W  *  .  *  W  *  .\8
         9\.  *  *  W  .  W  *  .  .  .  .\9
         10\W  .  .  b  B  .  .  .  B  b  b\10
          11\b  B  b  b  B  b  b  b  b  b  b\11
              a  b  c  d  e  f  g  h  i  j  k  
0f857 info: Old: [black, j5] [white, swap-pieces] [white, e8] [black, e11] [white, i3] [black, b11] [white, e3] [black, i10] [white, a10] [black, g3] [white, k6] [black, k1] [white, j2] [black, h1] [white, f9] [black, e10] [white, k4] [black, i6] [white, k3] [black, f7] [white, c7] [black, h6] [white, d9] 
0f857 info: New: [black, j5] [white, swap-pieces] [white, e8] [black, e11] [white, i3] [black, b11] [white, e3] [black, i10] [white, a10] [black, g3] [white, k6] [black, k1] [white, j2] [black, h1] [white, f9] [black, e10] [white, k4] [black, i6] [white, k3] [black, f7] [white, c7] [black, h6] [white, d9] [black, h2] [white, i8] 
0f857 info: MovesPlayed: [black, h2] [white, i8] 
0f857 info: No subtree to reuse.
0f857 info: StartSearch()[0]
SgUctSearch: max games reached
0f857 info: 
Elapsed Time   0.185742s
Count          1
GamesPlayed    1
Nodes          1
Knowledge      0 (0.0%)
Expansions     0.0
Time           0.00
GameLen        72.0 dev=0.0 min=72.0 max=72.0
InTree         0.0 dev=0.0 min=0.0 max=0.0
KnowDepth      -
Aborted        0%
Games/s        3558.7
Score          0.00
Sequence      
0f857 info: 
0f857 warning: **** MoHexSearch returned empty sequence!
0f857 warning: **** Returning random move!
<= 
< 
<  eaf4178954356571
<  a  b  c  d  e  f  g  h  i  j  k  
< 1\.  B  .  .  .  .  .  B  .  .  B\1
<  2\.  .  .  .  .  .  .  B  .  W  .\2
<   3\.  .  .  .  W  .  B  .  W  .  W\3
<    4\.  .  .  .  .  .  .  .  .  .  W\4
<     5\.  .  .  .  .  .  .  .  .  B  .\5
<      6\.  .  .  .  .  .  .  B  B  .  W\6
<       7\.  .  W  .  .  B  .  .  .  .  .\7
<        8\.  .  .  .  W  .  .  .  W  .  .\8
<         9\.  .  .  W  .  W  .  .  .  .  .\9
<         10\W  .  .  .  B  .  .  .  B  .  .\10
<          11\.  B  .  .  B  .  .  .  .  .  .\11
<              a  b  c  d  e  f  g  h  i  j  k  
<
>play w h8
<= 
<
>showboard
<= 
< 
<  7c36af1b7c09408a
<  a  b  c  d  e  f  g  h  i  j  k  
< 1\.  B  .  .  .  .  .  B  .  .  B\1
<  2\.  .  .  .  .  .  .  B  .  W  .\2
<   3\.  .  .  .  W  .  B  .  W  .  W\3
<    4\.  .  .  .  .  .  .  .  .  .  W\4
<     5\.  .  .  .  .  .  .  .  .  B  .\5
<      6\.  .  .  .  .  .  .  B  B  .  W\6
<       7\.  .  W  .  .  B  .  .  .  .  .\7
<        8\.  .  .  .  W  .  .  W  W  .  .\8
<         9\.  .  .  W  .  W  .  .  .  .  .\9
<         10\W  .  .  .  B  .  .  .  B  .  .\10
<          11\.  B  .  .  B  .  .  .  .  .  .\11
<              a  b  c  d  e  f  g  h  i  j  k  
<
>genmove b
<= g8
<
>showboard
0f857 info: Opponent has won; playing most blocking move.
<= 
< 
<  7a95bda07d05adec
<  a  b  c  d  e  f  g  h  i  j  k  
< 1\.  B  .  .  .  .  .  B  .  .  B\1
<  2\.  .  .  .  .  .  .  B  .  W  .\2
<   3\.  .  .  .  W  .  B  .  W  .  W\3
<    4\.  .  .  .  .  .  .  .  .  .  W\4
<     5\.  .  .  .  .  .  .  .  .  B  .\5
<      6\.  .  .  .  .  .  .  B  B  .  W\6
<       7\.  .  W  .  .  B  .  .  .  .  .\7
<        8\.  .  .  .  W  .  B  W  W  .  .\8
<         9\.  .  .  W  .  W  .  .  .  .  .\9
<         10\W  .  .  .  B  .  .  .  B  .  .\10
<          11\.  B  .  .  B  .  .  .  .  .  .\11
<              a  b  c  d  e  f  g  h  i  j  k  
<
>play w g9
<= 
<
>showboard
<= 
< 
<  330ef17814388a5e
<  a  b  c  d  e  f  g  h  i  j  k  
< 1\.  B  .  .  .  .  .  B  .  .  B\1
<  2\.  .  .  .  .  .  .  B  .  W  .\2
<   3\.  .  .  .  W  .  B  .  W  .  W\3
<    4\.  .  .  .  .  .  .  .  .  .  W\4
<     5\.  .  .  .  .  .  .  .  .  B  .\5
<      6\.  .  .  .  .  .  .  B  B  .  W\6
<       7\.  .  W  .  .  B  .  .  .  .  .\7
<        8\.  .  .  .  W  .  B  W  W  .  .\8
<         9\.  .  .  W  .  W  W  .  .  .  .\9
<         10\W  .  .  .  B  .  .  .  B  .  .\10
<          11\.  B  .  .  B  .  .  .  .  .  .\11
<              a  b  c  d  e  f  g  h  i  j  k  
<
>genmove b
<= f8
<
>showboard
0f857 info: Opponent has won; playing most blocking move.
<= 
< 
<  8acd44dadfdc2150
<  a  b  c  d  e  f  g  h  i  j  k  
< 1\.  B  .  .  .  .  .  B  .  .  B\1
<  2\.  .  .  .  .  .  .  B  .  W  .\2
<   3\.  .  .  .  W  .  B  .  W  .  W\3
<    4\.  .  .  .  .  .  .  .  .  .  W\4
<     5\.  .  .  .  .  .  .  .  .  B  .\5
<      6\.  .  .  .  .  .  .  B  B  .  W\6
<       7\.  .  W  .  .  B  .  .  .  .  .\7
<        8\.  .  .  .  W  B  B  W  W  .  .\8
<         9\.  .  .  W  .  W  W  .  .  .  .\9
<         10\W  .  .  .  B  .  .  .  B  .  .\10
<          11\.  B  .  .  B  .  .  .  .  .  .\11
<              a  b  c  d  e  f  g  h  i  j  k  
<
>play w e9
<= 
<
>showboard
<= 
< 
<  8911a04949b044bc
<  a  b  c  d  e  f  g  h  i  j  k  
< 1\.  B  .  .  .  .  .  B  .  .  B\1
<  2\.  .  .  .  .  .  .  B  .  W  .\2
<   3\.  .  .  .  W  .  B  .  W  .  W\3
<    4\.  .  .  .  .  .  .  .  .  .  W\4
<     5\.  .  .  .  .  .  .  .  .  B  .\5
<      6\.  .  .  .  .  .  .  B  B  .  W\6
<       7\.  .  W  .  .  B  .  .  .  .  .\7
<        8\.  .  .  .  W  B  B  W  W  .  .\8
<         9\.  .  .  W  W  W  W  .  .  .  .\9
<         10\W  .  .  .  B  .  .  .  B  .  .\10
<          11\.  B  .  .  B  .  .  .  .  .  .\11
<              a  b  c  d  e  f  g  h  i  j  k  
<
>genmove b
<= b9
<
>showboard
0f857 info: Opponent has won; playing most blocking move.
<= 
< 
<  da0adf124eaf53e7
<  a  b  c  d  e  f  g  h  i  j  k  
< 1\.  B  .  .  .  .  .  B  .  .  B\1
<  2\.  .  .  .  .  .  .  B  .  W  .\2
<   3\.  .  .  .  W  .  B  .  W  .  W\3
<    4\.  .  .  .  .  .  .  .  .  .  W\4
<     5\.  .  .  .  .  .  .  .  .  B  .\5
<      6\.  .  .  .  .  .  .  B  B  .  W\6
<       7\.  .  W  .  .  B  .  .  .  .  .\7
<        8\.  .  .  .  W  B  B  W  W  .  .\8
<         9\.  B  .  W  W  W  W  .  .  .  .\9
<         10\W  .  .  .  B  .  .  .  B  .  .\10
<          11\.  B  .  .  B  .  .  .  .  .  .\11
<              a  b  c  d  e  f  g  h  i  j  k  
<
>play w b10
<= 
<
>showboard
<= 
< 
<  019e1d0f40112338
<  a  b  c  d  e  f  g  h  i  j  k  
< 1\.  B  .  .  .  .  .  B  .  .  B\1
<  2\.  .  .  .  .  .  .  B  .  W  .\2
<   3\.  .  .  .  W  .  B  .  W  .  W\3
<    4\.  .  .  .  .  .  .  .  .  .  W\4
<     5\.  .  .  .  .  .  .  .  .  B  .\5
<      6\.  .  .  .  .  .  .  B  B  .  W\6
<       7\.  .  W  .  .  B  .  .  .  .  .\7
<        8\.  .  .  .  W  B  B  W  W  .  .\8
<         9\.  B  .  W  W  W  W  .  .  .  .\9
<         10\W  W  .  .  B  .  .  .  B  .  .\10
<          11\.  B  .  .  B  .  .  .  .  .  .\11
<              a  b  c  d  e  f  g  h  i  j  k  
<
>genmove b
<= c9
<
>showboard
0f857 info: Opponent has won; playing most blocking move.
<= 
< 
<  4f4f7f5d59bd9cd9
<  a  b  c  d  e  f  g  h  i  j  k  
< 1\.  B  .  .  .  .  .  B  .  .  B\1
<  2\.  .  .  .  .  .  .  B  .  W  .\2
<   3\.  .  .  .  W  .  B  .  W  .  W\3
<    4\.  .  .  .  .  .  .  .  .  .  W\4
<     5\.  .  .  .  .  .  .  .  .  B  .\5
<      6\.  .  .  .  .  .  .  B  B  .  W\6
<       7\.  .  W  .  .  B  .  .  .  .  .\7
<        8\.  .  .  .  W  B  B  W  W  .  .\8
<         9\.  B  B  W  W  W  W  .  .  .  .\9
<         10\W  W  .  .  B  .  .  .  B  .  .\10
<          11\.  B  .  .  B  .  .  .  .  .  .\11
<              a  b  c  d  e  f  g  h  i  j  k  
<
>play w c10
<= 
<
>showboard
<= 
< 
<  ea0ccad77e4a5b91
<  a  b  c  d  e  f  g  h  i  j  k  
< 1\.  B  .  .  .  .  .  B  .  .  B\1
<  2\.  .  .  .  .  .  .  B  .  W  .\2
<   3\.  .  .  .  W  .  B  .  W  .  W\3
<    4\.  .  .  .  .  .  .  .  .  .  W\4
<     5\.  .  .  .  .  .  .  .  .  B  .\5
<      6\.  .  .  .  .  .  .  B  B  .  W\6
<       7\.  .  W  .  .  B  .  .  .  .  .\7
<        8\.  .  .  .  W  B  B  W  W  .  .\8
<         9\.  B  B  W  W  W  W  .  .  .  .\9
<         10\W  W  W  .  B  .  .  .  B  .  .\10
<          11\.  B  .  .  B  .  .  .  .  .  .\11
<              a  b  c  d  e  f  g  h  i  j  k  
<
>genmove b
<= j7
<
>showboard
0f857 info: Captured cells caused win! Removing...
0f857 info: Opponent has won; playing most blocking move.
<= 
< 
<  12c5f9834600958c
<  a  b  c  d  e  f  g  h  i  j  k  
< 1\.  B  .  .  .  .  .  B  .  .  B\1
<  2\.  .  .  .  .  .  .  B  .  W  .\2
<   3\.  .  .  .  W  .  B  .  W  .  W\3
<    4\.  .  .  .  .  .  .  .  .  .  W\4
<     5\.  .  .  .  .  .  .  .  .  B  .\5
<      6\.  .  .  .  .  .  .  B  B  .  W\6
<       7\.  .  W  .  .  B  .  .  .  B  .\7
<        8\.  .  .  .  W  B  B  W  W  .  .\8
<         9\.  B  B  W  W  W  W  .  .  .  .\9
<         10\W  W  W  .  B  .  .  .  B  .  .\10
<          11\.  B  .  .  B  .  .  .  .  .  .\11
<              a  b  c  d  e  f  g  h  i  j  k  
<
>play w j8
<= 
<
>showboard
<= 
< 
<  44f6a3f8e4a055c7
<  a  b  c  d  e  f  g  h  i  j  k  
< 1\.  B  .  .  .  .  .  B  .  .  B\1
<  2\.  .  .  .  .  .  .  B  .  W  .\2
<   3\.  .  .  .  W  .  B  .  W  .  W\3
<    4\.  .  .  .  .  .  .  .  .  .  W\4
<     5\.  .  .  .  .  .  .  .  .  B  .\5
<      6\.  .  .  .  .  .  .  B  B  .  W\6
<       7\.  .  W  .  .  B  .  .  .  B  .\7
<        8\.  .  .  .  W  B  B  W  W  W  .\8
<         9\.  B  B  W  W  W  W  .  .  .  .\9
<         10\W  W  W  .  B  .  .  .  B  .  .\10
<          11\.  B  .  .  B  .  .  .  .  .  .\11
<              a  b  c  d  e  f  g  h  i  j  k  
<
>genmove b
<= k7
<
>showboard
0f857 info: Captured cells caused win! Removing...
0f857 info: Opponent has won; playing most blocking move.
<= 
< 
<  5cb406f4d3c9cff8
<  a  b  c  d  e  f  g  h  i  j  k  
< 1\.  B  .  .  .  .  .  B  .  .  B\1
<  2\.  .  .  .  .  .  .  B  .  W  .\2
<   3\.  .  .  .  W  .  B  .  W  .  W\3
<    4\.  .  .  .  .  .  .  .  .  .  W\4
<     5\.  .  .  .  .  .  .  .  .  B  .\5
<      6\.  .  .  .  .  .  .  B  B  .  W\6
<       7\.  .  W  .  .  B  .  .  .  B  B\7
<        8\.  .  .  .  W  B  B  W  W  W  .\8
<         9\.  B  B  W  W  W  W  .  .  .  .\9
<         10\W  W  W  .  B  .  .  .  B  .  .\10
<          11\.  B  .  .  B  .  .  .  .  .  .\11
<              a  b  c  d  e  f  g  h  i  j  k  
<
>play w k8
<= 
<
>showboard
<= 
< 
<  ca943bf847068be4
<  a  b  c  d  e  f  g  h  i  j  k  
< 1\.  B  .  .  .  .  .  B  .  .  B\1
<  2\.  .  .  .  .  .  .  B  .  W  .\2
<   3\.  .  .  .  W  .  B  .  W  .  W\3
<    4\.  .  .  .  .  .  .  .  .  .  W\4
<     5\.  .  .  .  .  .  .  .  .  B  .\5
<      6\.  .  .  .  .  .  .  B  B  .  W\6
<       7\.  .  W  .  .  B  .  .  .  B  B\7
<        8\.  .  .  .  W  B  B  W  W  W  W\8
<         9\.  B  B  W  W  W  W  .  .  .  .\9
<         10\W  W  W  .  B  .  .  .  B  .  .\10
<          11\.  B  .  .  B  .  .  .  .  .  .\11
<              a  b  c  d  e  f  g  h  i  j  k  
<
>genmove b
<= resign
<
>showboard
<= 
< 
<  ca943bf847068be4
<  a  b  c  d  e  f  g  h  i  j  k  
< 1\.  B  .  .  .  .  .  B  .  .  B\1
<  2\.  .  .  .  .  .  .  B  .  W  .\2
<   3\.  .  .  .  W  .  B  .  W  .  W\3
<    4\.  .  .  .  .  .  .  .  .  .  W\4
<     5\.  .  .  .  .  .  .  .  .  B  .\5
<      6\.  .  .  .  .  .  .  B  B  .  W\6
<       7\.  .  W  .  .  B  .  .  .  B  B\7
<        8\.  .  .  .  W  B  B  W  W  W  W\8
<         9\.  B  B  W  W  W  W  .  .  .  .\9
<         10\W  W  W  .  B  .  .  .  B  .  .\10
<          11\.  B  .  .  B  .  .  .  .  .  .\11
<              a  b  c  d  e  f  g  h  i  j  k  
<
>final_score
<= W+
<
>quit
<= 
<
