51557 config: MoHex v2.0.CMake Mar 21 2025.
51557 config: ============ InitializeSystem ============
51557 config: BenzeneProgram::InitRandom()
51557 config: Seed = 213440
51557 info: Prior Patterns:
51557 info: Global:
51557 info: Size            = 565 32648 
51557 info: TableEntries    = 65932 65910
51557 info: MirrorsAdded    = 0 0
51557 info: PrunableCount   = 30593 30629
51557 info: LargestGamma    = 5820.77
51557 info: SmallestGamma   = 6.6e-05
51557 info: Local:
51557 info: Size            = 550 5318 
51557 info: TableEntries    = 11602 11588
51557 info: MirrorsAdded    = 0 0
51557 info: PrunableCount   = 3659 3667
51557 info: LargestGamma    = 11281.8
51557 info: SmallestGamma   = 0.026235
51557 info: Playout Patterns:
51557 info: Global:
51557 info: Size            = 565 32648 
51557 info: TableEntries    = 70329 70329
51557 info: MirrorsAdded    = 4397 4419
51557 info: PrunableCount   = 30593 30629
51557 info: LargestGamma    = 5820.77
51557 info: SmallestGamma   = 6.6e-05
51557 info: Local:
51557 info: Size            = 550 5318 
51557 info: TableEntries    = 11602 11588
51557 info: MirrorsAdded    = 0 0
51557 info: PrunableCount   = 3659 3667
51557 info: LargestGamma    = 11281.8
51557 info: SmallestGamma   = 0.026235
51557 config: IcePatternSet: reading from '/home/linus/MoHex2.0/nfbranchfix/benzene-vanilla-cmake/share/ice-patterns.txt'.
51557 config: IcePatternSet: parsed 708 patterns.
51557 config: VCS: reading captured set patterns from '/home/linus/MoHex2.0/nfbranchfix/benzene-vanilla-cmake/share/vc-captured-set.txt'.
51557 config: VCS:: parsed 2 patterns.
51557 config: VCS: reading captured set patterns from '/home/linus/MoHex2.0/nfbranchfix/benzene-vanilla-cmake/share/vc-captured-set.txt'.
51557 config: VCS:: parsed 2 patterns.
51557 config: IcePatternSet: reading from '/home/linus/MoHex2.0/nfbranchfix/benzene-vanilla-cmake/share/ice-patterns.txt'.
51557 config: IcePatternSet: parsed 708 patterns.
51557 config: VCS: reading captured set patterns from '/home/linus/MoHex2.0/nfbranchfix/benzene-vanilla-cmake/share/vc-captured-set.txt'.
51557 config: VCS:: parsed 2 patterns.
51557 config: VCS: reading captured set patterns from '/home/linus/MoHex2.0/nfbranchfix/benzene-vanilla-cmake/share/vc-captured-set.txt'.
51557 config: VCS:: parsed 2 patterns.
51557 config: VCS: reading captured set patterns from '/home/linus/MoHex2.0/nfbranchfix/benzene-vanilla-cmake/share/vc-captured-set.txt'.
51557 config: VCS:: parsed 2 patterns.
51557 config: VCS: reading captured set patterns from '/home/linus/MoHex2.0/nfbranchfix/benzene-vanilla-cmake/share/vc-captured-set.txt'.
51557 config: VCS:: parsed 2 patterns.
51557 config: VCS: reading captured set patterns from '/home/linus/MoHex2.0/nfbranchfix/benzene-vanilla-cmake/share/vc-captured-set.txt'.
51557 config: VCS:: parsed 2 patterns.
51557 config: VCS: reading captured set patterns from '/home/linus/MoHex2.0/nfbranchfix/benzene-vanilla-cmake/share/vc-captured-set.txt'.
51557 config: VCS:: parsed 2 patterns.
51557 config: VCPattern: loading pattern templates from '/home/linus/MoHex2.0/nfbranchfix/benzene-vanilla-cmake/share/vc-patterns.txt'.
51557 info: Best move cannot be determined, must search state.
51557 info: --- MoHexPlayer::Search() ---
51557 info: Color: white
51557 info: MaxGames: 1
51557 info: NumberThreads: 1
51557 info: MaxNodes: 181818181 (15999999928 bytes)
51557 info: TimeForMove: 1
51557 info: PreSearch: max time reached (50/90).
51557 info: Time for PreSearch: 0.201946s
51557 info: 
  aee57cb616ca2166
  a  b  c  d  e  f  g  h  i  j  k  
 1\.  .  .  *  *  *  *  *  *  *  .\1
  2\.  .  *  *  *  *  *  *  *  *  .\2
   3\.  *  .  *  *  *  *  *  *  *  .\3
    4\.  *  *  *  *  *  *  *  *  *  .\4
     5\.  *  *  *  *  *  *  *  *  *  .\5
      6\.  *  *  *  *  *  *  *  *  *  .\6
       7\.  *  *  *  *  *  *  *  *  *  .\7
        8\.  *  *  *  *  *  *  *  *  .  .\8
         9\.  *  *  *  *  *  *  *  B  *  .\9
         10\.  *  *  *  *  *  *  *  *  .  .\10
          11\.  *  *  *  *  *  *  *  .  .  .\11
              a  b  c  d  e  f  g  h  i  j  k  
51557 info: No subtree to reuse.
51557 info: Creating thread 0
51557 info: StartSearch()[0]
51557 config: VCS: reading captured set patterns from '/home/linus/MoHex2.0/nfbranchfix/benzene-vanilla-cmake/share/vc-captured-set.txt'.
51557 config: VCS:: parsed 2 patterns.
51557 config: VCS: reading captured set patterns from '/home/linus/MoHex2.0/nfbranchfix/benzene-vanilla-cmake/share/vc-captured-set.txt'.
51557 config: VCS:: parsed 2 patterns.
51557 info: 
Elapsed Time   0.355137s
Count          1
GamesPlayed    1
Nodes          1
Knowledge      0 (0.0%)
Expansions     0.0
Time           0.00
GameLen        120.0 dev=0.0 min=120.0 max=120.0
InTree         0.0 dev=0.0 min=0.0 max=0.0
KnowDepth      -
Aborted        0%
Games/s        398.4
Score          1.00
Sequence      
51557 info: 
51557 warning: **** MoHexSearch returned empty sequence!
51557 warning: **** Returning random move!
51557 info: Best move cannot be determined, must search state.
51557 info: --- MoHexPlayer::Search() ---
51557 info: Color: white
51557 info: MaxGames: 1
51557 info: NumberThreads: 1
51557 info: MaxNodes: 181818181 (15999999928 bytes)
51557 info: TimeForMove: 1
51557 info: PreSearch: max time reached (52/88).
51557 info: Time for PreSearch: 0.200441s
51557 info: 
  ccc598bd9df4054b
  a  b  c  d  e  f  g  h  i  j  k  
 1\.  .  .  *  *  .  .  *  *  *  .\1
  2\.  .  *  *  *  W  *  *  *  *  .\2
   3\.  *  *  *  *  *  *  *  *  *  .\3
    4\.  *  *  *  *  *  *  *  *  *  .\4
     5\.  *  *  *  *  *  *  *  *  *  .\5
      6\.  *  *  *  *  *  *  *  *  *  .\6
       7\B  *  *  *  *  *  *  *  *  *  .\7
        8\.  *  *  *  *  *  *  *  *  .  .\8
         9\.  *  *  *  *  *  *  *  B  *  .\9
         10\.  *  *  *  *  *  *  *  *  .  .\10
          11\.  *  *  *  *  *  *  *  .  .  .\11
              a  b  c  d  e  f  g  h  i  j  k  
51557 info: Old: [black, i9] [white, swap-pieces] 
51557 info: New: [black, i9] [white, swap-pieces] [white, f2] [black, a7] 
51557 info: ReuseSubtree: Colors do not alternate.
51557 info: No subtree to reuse.
51557 info: StartSearch()[0]
51557 info: 
Elapsed Time   0.515386s
Count          1
GamesPlayed    1
Nodes          1
Knowledge      0 (0.0%)
Expansions     0.0
Time           0.00
GameLen        118.0 dev=0.0 min=118.0 max=118.0
InTree         0.0 dev=0.0 min=0.0 max=0.0
KnowDepth      -
Aborted        0%
Games/s        3484.3
Score          1.00
Sequence      
51557 info: 
51557 warning: **** MoHexSearch returned empty sequence!
51557 warning: **** Returning random move!
51557 info: Best move cannot be determined, must search state.
51557 info: --- MoHexPlayer::Search() ---
51557 info: Color: white
51557 info: MaxGames: 1
51557 info: NumberThreads: 1
51557 info: MaxNodes: 181818181 (15999999928 bytes)
51557 info: TimeForMove: 1
51557 info: PreSearch: max time reached (69/85).
51557 info: Time for PreSearch: 0.200784s
51557 info: 
  4a55f67c66fe22a7
  a  b  c  d  e  f  g  h  i  j  k  
 1\.  .  .  *  *  .  .  *  *  *  .\1
  2\.  .  *  *  *  W  *  *  *  *  .\2
   3\.  *  *  *  *  *  *  *  *  *  .\3
    4\.  *  *  *  *  *  *  *  *  *  .\4
     5\.  *  *  *  *  *  *  *  *  *  .\5
      6\.  *  *  *  *  *  *  *  *  .  .\6
       7\B  *  *  *  *  *  *  *  B  *  .\7
        8\.  *  *  *  *  *  *  *  *  .  .\8
         9\.  *  *  *  *  *  *  *  B  *  .\9
         10\.  *  *  *  *  *  *  *  *  .  .\10
          11\.  *  *  *  *  *  W  *  .  .  .\11
              a  b  c  d  e  f  g  h  i  j  k  
51557 info: Old: [black, i9] [white, swap-pieces] [white, f2] [black, a7] 
51557 info: New: [black, i9] [white, swap-pieces] [white, f2] [black, a7] [white, g11] [black, i7] 
51557 info: MovesPlayed: [white, g11] [black, i7] 
51557 info: No subtree to reuse.
51557 info: StartSearch()[0]
51557 info: 
Elapsed Time   0.343059s
Count          1
GamesPlayed    1
Nodes          1
Knowledge      0 (0.0%)
Expansions     0.0
Time           0.00
GameLen        116.0 dev=0.0 min=116.0 max=116.0
InTree         0.0 dev=0.0 min=0.0 max=0.0
KnowDepth      -
Aborted        0%
Games/s        3289.5
Score          1.00
Sequence      
51557 info: 
51557 warning: **** MoHexSearch returned empty sequence!
51557 warning: **** Returning random move!
51557 info: Best move cannot be determined, must search state.
51557 info: --- MoHexPlayer::Search() ---
51557 info: Color: white
51557 info: MaxGames: 1
51557 info: NumberThreads: 1
51557 info: MaxNodes: 181818181 (15999999928 bytes)
51557 info: TimeForMove: 1
51557 info: PreSearch: max time reached (74/82).
51557 info: Time for PreSearch: 0.200317s
51557 info: 
  b02710421fe221a1
  a  b  c  d  e  f  g  h  i  j  k  
 1\.  .  .  *  .  W  .  *  *  *  .\1
  2\.  .  *  *  .  W  *  *  *  *  .\2
   3\.  *  *  *  B  *  *  *  *  *  .\3
    4\.  *  *  *  *  *  *  *  *  *  .\4
     5\.  *  *  *  *  *  *  *  *  *  .\5
      6\.  *  *  *  *  *  *  *  *  .  .\6
       7\B  *  *  *  *  *  *  *  B  *  .\7
        8\.  *  *  *  *  *  *  *  *  .  .\8
         9\.  *  *  *  *  *  *  *  B  *  .\9
         10\.  *  *  *  *  *  *  *  *  .  .\10
          11\.  *  *  *  *  *  W  *  .  .  .\11
              a  b  c  d  e  f  g  h  i  j  k  
51557 info: Old: [black, i9] [white, swap-pieces] [white, f2] [black, a7] [white, g11] [black, i7] 
51557 info: New: [black, i9] [white, swap-pieces] [white, f2] [black, a7] [white, g11] [black, i7] [white, f1] [black, e3] 
51557 info: MovesPlayed: [white, f1] [black, e3] 
51557 info: No subtree to reuse.
51557 info: StartSearch()[0]
51557 info: 
Elapsed Time   0.341983s
Count          1
GamesPlayed    1
Nodes          1
Knowledge      0 (0.0%)
Expansions     0.0
Time           0.00
GameLen        114.0 dev=0.0 min=114.0 max=114.0
InTree         0.0 dev=0.0 min=0.0 max=0.0
KnowDepth      -
Aborted        0%
Games/s        3584.2
Score          0.00
Sequence      
51557 info: 
51557 warning: **** MoHexSearch returned empty sequence!
51557 warning: **** Returning random move!
51557 info: Best move cannot be determined, must search state.
51557 info: --- MoHexPlayer::Search() ---
51557 info: Color: white
51557 info: MaxGames: 1
51557 info: NumberThreads: 1
51557 info: MaxNodes: 181818181 (15999999928 bytes)
51557 info: TimeForMove: 1
51557 info: PreSearch: max time reached (77/82).
51557 info: Time for PreSearch: 0.201783s
51557 info: 
  d75dd434015e2971
  a  b  c  d  e  f  g  h  i  j  k  
 1\w  W  .  *  .  W  .  *  *  *  .\1
  2\w  .  *  *  .  W  *  *  *  *  .\2
   3\w  .  *  *  B  *  *  *  *  *  .\3
    4\.  *  *  *  *  *  *  *  *  *  .\4
     5\.  *  *  *  *  *  *  *  *  *  .\5
      6\.  *  *  *  *  *  *  *  *  .  .\6
       7\B  *  *  *  *  *  *  *  B  *  .\7
        8\B  *  *  *  *  *  *  *  *  .  .\8
         9\.  *  *  *  *  *  *  *  B  *  .\9
         10\.  *  *  *  *  *  *  *  *  .  .\10
          11\.  *  *  *  *  *  W  *  .  .  .\11
              a  b  c  d  e  f  g  h  i  j  k  
51557 info: Old: [black, i9] [white, swap-pieces] [white, f2] [black, a7] [white, g11] [black, i7] [white, f1] [black, e3] 
51557 info: New: [black, i9] [white, swap-pieces] [white, f2] [black, a7] [white, g11] [black, i7] [white, f1] [black, e3] [white, b1] [black, a8] 
51557 info: MovesPlayed: [white, b1] [black, a8] 
51557 info: No subtree to reuse.
51557 info: StartSearch()[0]
51557 info: 
Elapsed Time   0.34565s
Count          1
GamesPlayed    1
Nodes          1
Knowledge      0 (0.0%)
Expansions     0.0
Time           0.00
GameLen        109.0 dev=0.0 min=109.0 max=109.0
InTree         0.0 dev=0.0 min=0.0 max=0.0
KnowDepth      -
Aborted        0%
Games/s        3367.0
Score          0.00
Sequence      
51557 info: 
51557 warning: **** MoHexSearch returned empty sequence!
51557 warning: **** Returning random move!
51557 info: Best move cannot be determined, must search state.
51557 info: --- MoHexPlayer::Search() ---
51557 info: Color: white
51557 info: MaxGames: 1
51557 info: NumberThreads: 1
51557 info: MaxNodes: 181818181 (15999999928 bytes)
51557 info: TimeForMove: 1
51557 info: Time for PreSearch: 0.194055s
51557 info: 
  801a6df14253032c
  a  b  c  d  e  f  g  h  i  j  k  
 1\w  W  w  B  .  W  .  *  *  *  W\1
  2\w  w  .  *  .  W  *  *  *  *  .\2
   3\w  .  *  *  B  *  *  *  *  *  .\3
    4\w  .  *  *  *  *  *  *  *  *  .\4
     5\.  *  *  *  *  *  *  *  *  *  .\5
      6\.  *  *  *  *  *  *  *  *  .  .\6
       7\B  *  *  *  *  *  *  *  B  *  .\7
        8\B  *  *  *  *  *  *  *  *  .  .\8
         9\.  *  *  *  *  *  *  *  B  *  .\9
         10\.  *  *  *  *  *  *  *  *  .  .\10
          11\.  *  *  *  *  *  W  *  .  .  .\11
              a  b  c  d  e  f  g  h  i  j  k  
51557 info: Old: [black, i9] [white, swap-pieces] [white, f2] [black, a7] [white, g11] [black, i7] [white, f1] [black, e3] [white, b1] [black, a8] 
51557 info: New: [black, i9] [white, swap-pieces] [white, f2] [black, a7] [white, g11] [black, i7] [white, f1] [black, e3] [white, b1] [black, a8] [white, k1] [black, d1] 
51557 info: MovesPlayed: [white, k1] [black, d1] 
51557 info: No subtree to reuse.
51557 info: StartSearch()[0]
51557 info: 
Elapsed Time   0.338643s
Count          1
GamesPlayed    1
Nodes          1
Knowledge      0 (0.0%)
Expansions     0.0
Time           0.00
GameLen        104.0 dev=0.0 min=104.0 max=104.0
InTree         0.0 dev=0.0 min=0.0 max=0.0
KnowDepth      -
Aborted        0%
Games/s        3472.2
Score          0.00
Sequence      
51557 info: 
51557 warning: **** MoHexSearch returned empty sequence!
51557 warning: **** Returning random move!
51557 info: Best move cannot be determined, must search state.
51557 info: --- MoHexPlayer::Search() ---
51557 info: Color: white
51557 info: MaxGames: 1
51557 info: NumberThreads: 1
51557 info: MaxNodes: 181818181 (15999999928 bytes)
51557 info: TimeForMove: 1
51557 info: Time for PreSearch: 0.191055s
51557 info: 
  e901b03c32f0b7a1
  a  b  c  d  e  f  g  h  i  j  k  
 1\w  W  w  B  .  W  .  *  *  *  W\1
  2\w  w  .  *  .  W  *  *  *  *  .\2
   3\w  .  *  *  B  *  *  *  *  *  .\3
    4\w  .  *  *  *  *  *  *  *  *  .\4
     5\.  *  *  *  *  *  *  *  *  *  .\5
      6\.  *  *  *  *  *  *  *  *  .  .\6
       7\B  *  *  *  *  *  *  *  B  *  .\7
        8\B  *  *  *  *  *  *  *  *  .  .\8
         9\.  *  *  *  W  *  *  *  B  *  .\9
         10\.  *  *  *  *  *  B  *  *  .  .\10
          11\.  *  *  *  *  *  W  *  .  .  .\11
              a  b  c  d  e  f  g  h  i  j  k  
51557 info: Old: [black, i9] [white, swap-pieces] [white, f2] [black, a7] [white, g11] [black, i7] [white, f1] [black, e3] [white, b1] [black, a8] [white, k1] [black, d1] 
51557 info: New: [black, i9] [white, swap-pieces] [white, f2] [black, a7] [white, g11] [black, i7] [white, f1] [black, e3] [white, b1] [black, a8] [white, k1] [black, d1] [white, e9] [black, g10] 
51557 info: MovesPlayed: [white, e9] [black, g10] 
51557 info: No subtree to reuse.
51557 info: StartSearch()[0]
51557 info: 
Elapsed Time   0.33555s
Count          1
GamesPlayed    1
Nodes          1
Knowledge      0 (0.0%)
Expansions     0.0
Time           0.00
GameLen        102.0 dev=0.0 min=102.0 max=102.0
InTree         0.0 dev=0.0 min=0.0 max=0.0
KnowDepth      -
Aborted        0%
Games/s        3610.1
Score          1.00
Sequence      
51557 info: 
51557 warning: **** MoHexSearch returned empty sequence!
51557 warning: **** Returning random move!
51557 info: Best move cannot be determined, must search state.
51557 info: --- MoHexPlayer::Search() ---
51557 info: Color: white
51557 info: MaxGames: 1
51557 info: NumberThreads: 1
51557 info: MaxNodes: 181818181 (15999999928 bytes)
51557 info: TimeForMove: 1
51557 info: Time for PreSearch: 0.180407s
51557 info: 
  fa0e9e6c2d189524
  a  b  c  d  e  f  g  h  i  j  k  
 1\w  W  w  B  .  W  W  .  *  *  W\1
  2\w  w  .  *  .  W  .  *  *  *  .\2
   3\w  .  *  *  B  *  B  *  *  *  .\3
    4\w  .  *  *  *  *  *  *  *  *  .\4
     5\.  *  *  *  *  *  *  *  *  *  .\5
      6\.  *  *  *  *  *  *  *  *  .  .\6
       7\B  *  *  *  *  *  *  *  B  *  .\7
        8\B  *  *  *  *  *  *  *  *  .  .\8
         9\.  *  *  *  W  *  *  *  B  *  .\9
         10\.  *  *  *  *  *  B  *  *  .  .\10
          11\.  *  *  *  *  *  W  *  .  .  .\11
              a  b  c  d  e  f  g  h  i  j  k  
51557 info: Old: [black, i9] [white, swap-pieces] [white, f2] [black, a7] [white, g11] [black, i7] [white, f1] [black, e3] [white, b1] [black, a8] [white, k1] [black, d1] [white, e9] [black, g10] 
51557 info: New: [black, i9] [white, swap-pieces] [white, f2] [black, a7] [white, g11] [black, i7] [white, f1] [black, e3] [white, b1] [black, a8] [white, k1] [black, d1] [white, e9] [black, g10] [white, g1] [black, g3] 
51557 info: MovesPlayed: [white, g1] [black, g3] 
51557 info: No subtree to reuse.
51557 info: StartSearch()[0]
51557 info: 
Elapsed Time   0.322539s
Count          1
GamesPlayed    1
Nodes          1
Knowledge      0 (0.0%)
Expansions     0.0
Time           0.00
GameLen        100.0 dev=0.0 min=100.0 max=100.0
InTree         0.0 dev=0.0 min=0.0 max=0.0
KnowDepth      -
Aborted        0%
Games/s        3610.1
Score          1.00
Sequence      
51557 info: 
51557 warning: **** MoHexSearch returned empty sequence!
51557 warning: **** Returning random move!
51557 info: Best move cannot be determined, must search state.
51557 info: --- MoHexPlayer::Search() ---
51557 info: Color: white
51557 info: MaxGames: 1
51557 info: NumberThreads: 1
51557 info: MaxNodes: 181818181 (15999999928 bytes)
51557 info: TimeForMove: 1
51557 info: Time for PreSearch: 0.178304s
51557 info: 
  967c1e49a70f9c6f
  a  b  c  d  e  f  g  h  i  j  k  
 1\w  W  w  B  .  W  W  .  *  *  W\1
  2\w  w  .  *  .  W  .  *  *  *  .\2
   3\w  .  *  *  B  *  B  *  *  *  .\3
    4\w  .  *  *  *  *  *  *  *  *  .\4
     5\.  *  *  *  *  *  *  *  *  *  .\5
      6\.  *  *  *  *  *  *  *  *  *  B\6
       7\B  *  *  *  *  *  *  *  B  *  .\7
        8\B  *  *  *  *  *  *  *  *  *  .\8
         9\.  *  *  *  W  *  *  *  B  *  .\9
         10\.  *  *  *  *  *  B  *  *  .  .\10
          11\.  *  *  *  *  W  W  *  .  .  .\11
              a  b  c  d  e  f  g  h  i  j  k  
51557 info: Old: [black, i9] [white, swap-pieces] [white, f2] [black, a7] [white, g11] [black, i7] [white, f1] [black, e3] [white, b1] [black, a8] [white, k1] [black, d1] [white, e9] [black, g10] [white, g1] [black, g3] 
51557 info: New: [black, i9] [white, swap-pieces] [white, f2] [black, a7] [white, g11] [black, i7] [white, f1] [black, e3] [white, b1] [black, a8] [white, k1] [black, d1] [white, e9] [black, g10] [white, g1] [black, g3] [white, f11] [black, k6] 
51557 info: MovesPlayed: [white, f11] [black, k6] 
51557 info: No subtree to reuse.
51557 info: StartSearch()[0]
51557 info: 
Elapsed Time   0.324856s
Count          1
GamesPlayed    1
Nodes          1
Knowledge      0 (0.0%)
Expansions     0.0
Time           0.00
GameLen        98.0 dev=0.0 min=98.0 max=98.0
InTree         0.0 dev=0.0 min=0.0 max=0.0
KnowDepth      -
Aborted        0%
Games/s        3508.8
Score          1.00
Sequence      
51557 info: 
51557 warning: **** MoHexSearch returned empty sequence!
51557 warning: **** Returning random move!
51557 info: Best move cannot be determined, must search state.
51557 info: --- MoHexPlayer::Search() ---
51557 info: Color: white
51557 info: MaxGames: 1
51557 info: NumberThreads: 1
51557 info: MaxNodes: 181818181 (15999999928 bytes)
51557 info: TimeForMove: 1
51557 info: Time for PreSearch: 0.191958s
51557 info: 
  0262248086fb6819
  a  b  c  d  e  f  g  h  i  j  k  
 1\w  W  w  B  .  W  W  .  *  *  W\1
  2\w  w  .  *  .  W  .  *  *  *  .\2
   3\w  .  *  *  B  *  B  *  *  *  .\3
    4\w  .  *  *  *  *  *  *  *  *  .\4
     5\.  *  *  *  *  *  *  *  *  *  .\5
      6\.  *  *  *  *  *  *  *  *  *  B\6
       7\B  *  *  *  *  *  *  *  B  *  *\7
        8\B  *  *  *  *  *  *  *  *  *  B\8
         9\.  *  *  *  W  *  *  *  B  *  .\9
         10\.  *  *  *  *  *  B  *  *  *  .\10
          11\.  *  *  *  *  W  W  *  W  .  .\11
              a  b  c  d  e  f  g  h  i  j  k  
51557 info: Old: [black, i9] [white, swap-pieces] [white, f2] [black, a7] [white, g11] [black, i7] [white, f1] [black, e3] [white, b1] [black, a8] [white, k1] [black, d1] [white, e9] [black, g10] [white, g1] [black, g3] [white, f11] [black, k6] 
51557 info: New: [black, i9] [white, swap-pieces] [white, f2] [black, a7] [white, g11] [black, i7] [white, f1] [black, e3] [white, b1] [black, a8] [white, k1] [black, d1] [white, e9] [black, g10] [white, g1] [black, g3] [white, f11] [black, k6] [white, i11] [black, k8] 
51557 info: MovesPlayed: [white, i11] [black, k8] 
51557 info: No subtree to reuse.
51557 info: StartSearch()[0]
51557 info: 
Elapsed Time   0.344171s
Count          1
GamesPlayed    1
Nodes          1
Knowledge      0 (0.0%)
Expansions     0.0
Time           0.00
GameLen        96.0 dev=0.0 min=96.0 max=96.0
InTree         0.0 dev=0.0 min=0.0 max=0.0
KnowDepth      -
Aborted        0%
Games/s        3257.3
Score          1.00
Sequence      
51557 info: 
51557 warning: **** MoHexSearch returned empty sequence!
51557 warning: **** Returning random move!
51557 info: Best move cannot be determined, must search state.
51557 info: --- MoHexPlayer::Search() ---
51557 info: Color: white
51557 info: MaxGames: 1
51557 info: NumberThreads: 1
51557 info: MaxNodes: 181818181 (15999999928 bytes)
51557 info: TimeForMove: 1
51557 info: Time for PreSearch: 0.169846s
51557 info: 
  fa9d8d8a8510427f
  a  b  c  d  e  f  g  h  i  j  k  
 1\w  W  w  B  .  W  W  .  *  *  W\1
  2\w  w  W  *  .  W  .  *  *  *  .\2
   3\b  w  .  *  B  *  B  *  *  *  .\3
    4\w  .  *  *  *  *  *  *  *  *  .\4
     5\w  .  *  *  *  *  *  *  *  *  .\5
      6\.  *  *  *  *  *  *  *  *  *  B\6
       7\B  *  *  *  *  *  *  *  B  *  *\7
        8\B  *  *  *  *  *  *  *  *  *  B\8
         9\.  *  *  *  W  *  *  *  B  .  .\9
         10\.  *  *  *  *  *  B  .  B  *  .\10
          11\.  *  *  *  *  W  W  *  W  .  .\11
              a  b  c  d  e  f  g  h  i  j  k  
51557 info: Old: [black, i9] [white, swap-pieces] [white, f2] [black, a7] [white, g11] [black, i7] [white, f1] [black, e3] [white, b1] [black, a8] [white, k1] [black, d1] [white, e9] [black, g10] [white, g1] [black, g3] [white, f11] [black, k6] [white, i11] [black, k8] 
51557 info: New: [black, i9] [white, swap-pieces] [white, f2] [black, a7] [white, g11] [black, i7] [white, f1] [black, e3] [white, b1] [black, a8] [white, k1] [black, d1] [white, e9] [black, g10] [white, g1] [black, g3] [white, f11] [black, k6] [white, i11] [black, k8] [white, c2] [black, i10] 
51557 info: MovesPlayed: [white, c2] [black, i10] 
51557 info: No subtree to reuse.
51557 info: StartSearch()[0]
51557 info: 
Elapsed Time   0.3133s
Count          1
GamesPlayed    1
Nodes          1
Knowledge      0 (0.0%)
Expansions     0.0
Time           0.00
GameLen        92.0 dev=0.0 min=92.0 max=92.0
InTree         0.0 dev=0.0 min=0.0 max=0.0
KnowDepth      -
Aborted        0%
Games/s        3484.3
Score          1.00
Sequence      
51557 info: 
51557 warning: **** MoHexSearch returned empty sequence!
51557 warning: **** Returning random move!
51557 info: Best move cannot be determined, must search state.
51557 info: --- MoHexPlayer::Search() ---
51557 info: Color: white
51557 info: MaxGames: 1
51557 info: NumberThreads: 1
51557 info: MaxNodes: 181818181 (15999999928 bytes)
51557 info: TimeForMove: 1
51557 info: Time for PreSearch: 0.164496s
51557 info: 
  5ea5c81d4539cd4d
  a  b  c  d  e  f  g  h  i  j  k  
 1\w  W  w  B  .  W  W  .  *  *  W\1
  2\w  w  W  *  .  W  .  *  *  *  .\2
   3\b  w  .  *  B  *  B  *  *  *  .\3
    4\w  .  *  *  *  *  *  *  *  *  .\4
     5\w  .  *  *  *  *  *  *  *  *  .\5
      6\.  *  *  *  *  *  *  *  *  *  B\6
       7\B  *  *  *  *  *  *  *  B  *  *\7
        8\B  *  *  *  *  *  *  *  *  *  B\8
         9\.  *  *  .  W  *  *  *  B  .  .\9
         10\.  *  W  *  *  *  B  .  B  *  .\10
          11\.  .  B  .  *  W  W  *  W  .  .\11
              a  b  c  d  e  f  g  h  i  j  k  
51557 info: Old: [black, i9] [white, swap-pieces] [white, f2] [black, a7] [white, g11] [black, i7] [white, f1] [black, e3] [white, b1] [black, a8] [white, k1] [black, d1] [white, e9] [black, g10] [white, g1] [black, g3] [white, f11] [black, k6] [white, i11] [black, k8] [white, c2] [black, i10] 
51557 info: New: [black, i9] [white, swap-pieces] [white, f2] [black, a7] [white, g11] [black, i7] [white, f1] [black, e3] [white, b1] [black, a8] [white, k1] [black, d1] [white, e9] [black, g10] [white, g1] [black, g3] [white, f11] [black, k6] [white, i11] [black, k8] [white, c2] [black, i10] [white, c10] [black, c11] 
51557 info: MovesPlayed: [white, c10] [black, c11] 
51557 info: No subtree to reuse.
51557 info: StartSearch()[0]
51557 info: 
Elapsed Time   0.305556s
Count          1
GamesPlayed    1
Nodes          1
Knowledge      0 (0.0%)
Expansions     0.0
Time           0.00
GameLen        90.0 dev=0.0 min=90.0 max=90.0
InTree         0.0 dev=0.0 min=0.0 max=0.0
KnowDepth      -
Aborted        0%
Games/s        3759.4
Score          0.00
Sequence      
51557 info: 
51557 warning: **** MoHexSearch returned empty sequence!
51557 warning: **** Returning random move!
51557 info: Best move cannot be determined, must search state.
51557 info: --- MoHexPlayer::Search() ---
51557 info: Color: white
51557 info: MaxGames: 1
51557 info: NumberThreads: 1
51557 info: MaxNodes: 181818181 (15999999928 bytes)
51557 info: TimeForMove: 1
51557 info: Time for PreSearch: 0.185258s
51557 info: 
  b44cdb4c38a04ac7
  a  b  c  d  e  f  g  h  i  j  k  
 1\w  W  w  B  .  W  W  .  *  *  W\1
  2\w  w  W  *  .  W  .  *  *  *  .\2
   3\b  w  .  *  B  *  B  *  *  *  .\3
    4\w  .  *  *  *  *  *  *  *  *  .\4
     5\w  .  *  *  *  B  *  *  *  *  .\5
      6\.  *  *  W  *  *  *  *  *  *  B\6
       7\B  *  *  *  *  *  *  *  B  *  *\7
        8\B  *  *  *  *  *  *  *  *  *  B\8
         9\.  *  *  .  W  *  *  *  B  .  .\9
         10\.  *  W  *  *  *  B  .  B  *  .\10
          11\.  .  B  .  *  W  W  *  W  .  .\11
              a  b  c  d  e  f  g  h  i  j  k  
51557 info: Old: [black, i9] [white, swap-pieces] [white, f2] [black, a7] [white, g11] [black, i7] [white, f1] [black, e3] [white, b1] [black, a8] [white, k1] [black, d1] [white, e9] [black, g10] [white, g1] [black, g3] [white, f11] [black, k6] [white, i11] [black, k8] [white, c2] [black, i10] [white, c10] [black, c11] 
51557 info: New: [black, i9] [white, swap-pieces] [white, f2] [black, a7] [white, g11] [black, i7] [white, f1] [black, e3] [white, b1] [black, a8] [white, k1] [black, d1] [white, e9] [black, g10] [white, g1] [black, g3] [white, f11] [black, k6] [white, i11] [black, k8] [white, c2] [black, i10] [white, c10] [black, c11] [white, d6] [black, f5] 
51557 info: MovesPlayed: [white, d6] [black, f5] 
51557 info: No subtree to reuse.
51557 info: StartSearch()[0]
51557 info: 
Elapsed Time   0.328628s
Count          1
GamesPlayed    1
Nodes          1
Knowledge      0 (0.0%)
Expansions     0.0
Time           0.00
GameLen        88.0 dev=0.0 min=88.0 max=88.0
InTree         0.0 dev=0.0 min=0.0 max=0.0
KnowDepth      -
Aborted        0%
Games/s        3184.7
Score          1.00
Sequence      
51557 info: 
51557 warning: **** MoHexSearch returned empty sequence!
51557 warning: **** Returning random move!
51557 info: Best move cannot be determined, must search state.
51557 info: --- MoHexPlayer::Search() ---
51557 info: Color: white
51557 info: MaxGames: 1
51557 info: NumberThreads: 1
51557 info: MaxNodes: 181818181 (15999999928 bytes)
51557 info: TimeForMove: 1
51557 info: Time for PreSearch: 0.170448s
51557 info: 
  f3d5a6eaafc3222b
  a  b  c  d  e  f  g  h  i  j  k  
 1\w  W  w  B  .  W  W  .  *  *  W\1
  2\w  w  W  *  .  W  .  *  *  *  .\2
   3\b  w  .  *  B  *  B  *  *  *  .\3
    4\w  .  *  *  W  .  *  *  *  *  .\4
     5\w  .  *  .  .  B  *  *  *  *  .\5
      6\.  *  *  W  *  *  *  *  *  *  B\6
       7\B  *  *  *  *  *  *  *  B  *  *\7
        8\B  *  *  *  *  *  *  *  *  *  B\8
         9\.  *  *  .  W  *  *  *  B  .  .\9
         10\.  *  W  *  *  *  B  .  B  *  .\10
          11\.  B  B  .  *  W  W  *  W  .  .\11
              a  b  c  d  e  f  g  h  i  j  k  
51557 info: Old: [black, i9] [white, swap-pieces] [white, f2] [black, a7] [white, g11] [black, i7] [white, f1] [black, e3] [white, b1] [black, a8] [white, k1] [black, d1] [white, e9] [black, g10] [white, g1] [black, g3] [white, f11] [black, k6] [white, i11] [black, k8] [white, c2] [black, i10] [white, c10] [black, c11] [white, d6] [black, f5] 
51557 info: New: [black, i9] [white, swap-pieces] [white, f2] [black, a7] [white, g11] [black, i7] [white, f1] [black, e3] [white, b1] [black, a8] [white, k1] [black, d1] [white, e9] [black, g10] [white, g1] [black, g3] [white, f11] [black, k6] [white, i11] [black, k8] [white, c2] [black, i10] [white, c10] [black, c11] [white, d6] [black, f5] [white, e4] [black, b11] 
51557 info: MovesPlayed: [white, e4] [black, b11] 
51557 info: No subtree to reuse.
51557 info: StartSearch()[0]
51557 info: 
Elapsed Time   0.312329s
Count          1
GamesPlayed    1
Nodes          1
Knowledge      0 (0.0%)
Expansions     0.0
Time           0.00
GameLen        86.0 dev=0.0 min=86.0 max=86.0
InTree         0.0 dev=0.0 min=0.0 max=0.0
KnowDepth      -
Aborted        0%
Games/s        2985.1
Score          1.00
Sequence      
51557 info: 
51557 warning: **** MoHexSearch returned empty sequence!
51557 warning: **** Returning random move!
51557 info: Best move cannot be determined, must search state.
51557 info: --- MoHexPlayer::Search() ---
51557 info: Color: white
51557 info: MaxGames: 1
51557 info: NumberThreads: 1
51557 info: MaxNodes: 181818181 (15999999928 bytes)
51557 info: TimeForMove: 1
51557 info: Time for PreSearch: 0.167058s
51557 info: 
  bcd5c040a7df650b
  a  b  c  d  e  f  g  h  i  j  k  
 1\w  W  w  B  .  W  W  .  *  *  W\1
  2\w  w  W  *  .  W  .  *  *  *  .\2
   3\b  w  .  *  B  *  B  *  *  *  .\3
    4\w  .  *  *  W  .  *  *  *  *  .\4
     5\w  .  *  .  .  B  *  *  *  *  .\5
      6\.  *  *  W  *  *  *  *  *  *  B\6
       7\B  *  *  *  *  *  *  *  B  *  *\7
        8\B  *  *  *  *  *  *  B  .  *  B\8
         9\.  *  *  .  W  *  *  .  B  .  .\9
         10\.  *  W  *  .  *  B  .  B  *  .\10
          11\W  B  B  .  *  W  W  *  W  .  .\11
              a  b  c  d  e  f  g  h  i  j  k  
51557 info: Old: [black, i9] [white, swap-pieces] [white, f2] [black, a7] [white, g11] [black, i7] [white, f1] [black, e3] [white, b1] [black, a8] [white, k1] [black, d1] [white, e9] [black, g10] [white, g1] [black, g3] [white, f11] [black, k6] [white, i11] [black, k8] [white, c2] [black, i10] [white, c10] [black, c11] [white, d6] [black, f5] [white, e4] [black, b11] 
51557 info: New: [black, i9] [white, swap-pieces] [white, f2] [black, a7] [white, g11] [black, i7] [white, f1] [black, e3] [white, b1] [black, a8] [white, k1] [black, d1] [white, e9] [black, g10] [white, g1] [black, g3] [white, f11] [black, k6] [white, i11] [black, k8] [white, c2] [black, i10] [white, c10] [black, c11] [white, d6] [black, f5] [white, e4] [black, b11] [white, a11] [black, h8] 
51557 info: MovesPlayed: [white, a11] [black, h8] 
51557 info: No subtree to reuse.
51557 info: StartSearch()[0]
51557 info: 
Elapsed Time   0.313291s
Count          1
GamesPlayed    1
Nodes          1
Knowledge      0 (0.0%)
Expansions     0.0
Time           0.00
GameLen        84.0 dev=0.0 min=84.0 max=84.0
InTree         0.0 dev=0.0 min=0.0 max=0.0
KnowDepth      -
Aborted        0%
Games/s        3571.4
Score          1.00
Sequence      
51557 info: 
51557 warning: **** MoHexSearch returned empty sequence!
51557 warning: **** Returning random move!
51557 info: Best move cannot be determined, must search state.
51557 info: --- MoHexPlayer::Search() ---
51557 info: Color: white
51557 info: MaxGames: 1
51557 info: NumberThreads: 1
51557 info: MaxNodes: 181818181 (15999999928 bytes)
51557 info: TimeForMove: 1
51557 info: Time for PreSearch: 0.161293s
51557 info: 
  266306081d418e58
  a  b  c  d  e  f  g  h  i  j  k  
 1\w  W  w  B  .  W  W  .  *  *  W\1
  2\w  w  W  *  .  W  .  *  *  *  .\2
   3\b  w  .  *  B  *  B  *  *  *  .\3
    4\w  .  *  *  W  .  *  *  *  *  .\4
     5\b  B  *  .  .  B  *  *  *  *  .\5
      6\.  *  *  W  *  *  *  *  *  *  B\6
       7\B  *  *  *  *  *  *  *  B  *  *\7
        8\B  *  *  *  *  *  *  B  .  *  B\8
         9\.  *  *  .  W  *  *  .  B  .  .\9
         10\.  *  W  .  W  .  B  .  B  *  .\10
          11\W  B  B  b  .  W  W  *  W  .  .\11
              a  b  c  d  e  f  g  h  i  j  k  
51557 info: Old: [black, i9] [white, swap-pieces] [white, f2] [black, a7] [white, g11] [black, i7] [white, f1] [black, e3] [white, b1] [black, a8] [white, k1] [black, d1] [white, e9] [black, g10] [white, g1] [black, g3] [white, f11] [black, k6] [white, i11] [black, k8] [white, c2] [black, i10] [white, c10] [black, c11] [white, d6] [black, f5] [white, e4] [black, b11] [white, a11] [black, h8] 
51557 info: New: [black, i9] [white, swap-pieces] [white, f2] [black, a7] [white, g11] [black, i7] [white, f1] [black, e3] [white, b1] [black, a8] [white, k1] [black, d1] [white, e9] [black, g10] [white, g1] [black, g3] [white, f11] [black, k6] [white, i11] [black, k8] [white, c2] [black, i10] [white, c10] [black, c11] [white, d6] [black, f5] [white, e4] [black, b11] [white, a11] [black, h8] [white, e10] [black, b5] 
51557 info: MovesPlayed: [white, e10] [black, b5] 
51557 info: No subtree to reuse.
51557 info: StartSearch()[0]
51557 info: 
Elapsed Time   0.309004s
Count          1
GamesPlayed    1
Nodes          1
Knowledge      0 (0.0%)
Expansions     0.0
Time           0.00
GameLen        81.0 dev=0.0 min=81.0 max=81.0
InTree         0.0 dev=0.0 min=0.0 max=0.0
KnowDepth      -
Aborted        0%
Games/s        3236.2
Score          1.00
Sequence      
51557 info: 
51557 warning: **** MoHexSearch returned empty sequence!
51557 warning: **** Returning random move!
51557 info: Best move cannot be determined, must search state.
51557 info: --- MoHexPlayer::Search() ---
51557 info: Color: white
51557 info: MaxGames: 1
51557 info: NumberThreads: 1
51557 info: MaxNodes: 181818181 (15999999928 bytes)
51557 info: TimeForMove: 1
51557 info: Time for PreSearch: 0.153958s
51557 info: 
  85c2fd21d66534f9
  a  b  c  d  e  f  g  h  i  j  k  
 1\w  W  w  B  .  W  W  .  *  *  W\1
  2\w  w  W  *  .  W  .  *  *  *  B\2
   3\b  w  .  *  B  *  B  *  *  *  .\3
    4\w  .  *  *  W  .  *  *  *  *  .\4
     5\b  B  .  .  .  B  *  *  *  *  .\5
      6\.  *  .  W  .  *  *  *  *  *  B\6
       7\B  .  W  .  *  *  *  *  B  *  *\7
        8\B  *  *  *  *  *  *  B  .  *  B\8
         9\.  *  *  .  W  *  *  .  B  .  .\9
         10\.  *  W  .  W  .  B  .  B  *  .\10
          11\W  B  B  b  .  W  W  *  W  .  .\11
              a  b  c  d  e  f  g  h  i  j  k  
51557 info: Old: [black, i9] [white, swap-pieces] [white, f2] [black, a7] [white, g11] [black, i7] [white, f1] [black, e3] [white, b1] [black, a8] [white, k1] [black, d1] [white, e9] [black, g10] [white, g1] [black, g3] [white, f11] [black, k6] [white, i11] [black, k8] [white, c2] [black, i10] [white, c10] [black, c11] [white, d6] [black, f5] [white, e4] [black, b11] [white, a11] [black, h8] [white, e10] [black, b5] 
51557 info: New: [black, i9] [white, swap-pieces] [white, f2] [black, a7] [white, g11] [black, i7] [white, f1] [black, e3] [white, b1] [black, a8] [white, k1] [black, d1] [white, e9] [black, g10] [white, g1] [black, g3] [white, f11] [black, k6] [white, i11] [black, k8] [white, c2] [black, i10] [white, c10] [black, c11] [white, d6] [black, f5] [white, e4] [black, b11] [white, a11] [black, h8] [white, e10] [black, b5] [white, c7] [black, k2] 
51557 info: MovesPlayed: [white, c7] [black, k2] 
51557 info: No subtree to reuse.
51557 info: StartSearch()[0]
51557 info: 
Elapsed Time   0.298353s
Count          1
GamesPlayed    1
Nodes          1
Knowledge      0 (0.0%)
Expansions     0.0
Time           0.00
GameLen        79.0 dev=0.0 min=79.0 max=79.0
InTree         0.0 dev=0.0 min=0.0 max=0.0
KnowDepth      -
Aborted        0%
Games/s        3759.4
Score          1.00
Sequence      
51557 info: 
51557 warning: **** MoHexSearch returned empty sequence!
51557 warning: **** Returning random move!
51557 info: Best move cannot be determined, must search state.
51557 info: --- MoHexPlayer::Search() ---
51557 info: Color: white
51557 info: MaxGames: 1
51557 info: NumberThreads: 1
51557 info: MaxNodes: 181818181 (15999999928 bytes)
51557 info: TimeForMove: 1
51557 info: Time for PreSearch: 0.131075s
51557 info: 
  480f23eabb2ecd2e
  a  b  c  d  e  f  g  h  i  j  k  
 1\w  W  w  B  .  W  W  .  *  *  W\1
  2\w  w  W  *  .  W  .  *  *  *  B\2
   3\b  w  .  *  B  *  B  *  *  .  .\3
    4\w  .  *  *  W  .  *  *  *  .  w\4
     5\b  B  .  .  .  B  *  *  *  W  w\5
      6\.  *  .  W  .  *  *  *  *  .  B\6
       7\B  .  W  .  *  *  *  *  B  *  .\7
        8\B  .  *  *  *  *  *  B  .  *  B\8
         9\B  *  *  .  W  *  *  .  B  .  .\9
         10\.  *  W  .  W  .  B  .  B  *  .\10
          11\W  B  B  b  .  W  W  *  W  .  .\11
              a  b  c  d  e  f  g  h  i  j  k  
51557 info: Old: [black, i9] [white, swap-pieces] [white, f2] [black, a7] [white, g11] [black, i7] [white, f1] [black, e3] [white, b1] [black, a8] [white, k1] [black, d1] [white, e9] [black, g10] [white, g1] [black, g3] [white, f11] [black, k6] [white, i11] [black, k8] [white, c2] [black, i10] [white, c10] [black, c11] [white, d6] [black, f5] [white, e4] [black, b11] [white, a11] [black, h8] [white, e10] [black, b5] [white, c7] [black, k2] 
51557 info: New: [black, i9] [white, swap-pieces] [white, f2] [black, a7] [white, g11] [black, i7] [white, f1] [black, e3] [white, b1] [black, a8] [white, k1] [black, d1] [white, e9] [black, g10] [white, g1] [black, g3] [white, f11] [black, k6] [white, i11] [black, k8] [white, c2] [black, i10] [white, c10] [black, c11] [white, d6] [black, f5] [white, e4] [black, b11] [white, a11] [black, h8] [white, e10] [black, b5] [white, c7] [black, k2] [white, j5] [black, a9] 
51557 info: MovesPlayed: [white, j5] [black, a9] 
51557 info: No subtree to reuse.
51557 info: StartSearch()[0]
51557 info: 
Elapsed Time   0.274895s
Count          1
GamesPlayed    1
Nodes          1
Knowledge      0 (0.0%)
Expansions     0.0
Time           0.00
GameLen        75.0 dev=0.0 min=75.0 max=75.0
InTree         0.0 dev=0.0 min=0.0 max=0.0
KnowDepth      -
Aborted        0%
Games/s        3623.2
Score          0.00
Sequence      
51557 info: 
51557 warning: **** MoHexSearch returned empty sequence!
51557 warning: **** Returning random move!
51557 info: Best move cannot be determined, must search state.
51557 info: --- MoHexPlayer::Search() ---
51557 info: Color: white
51557 info: MaxGames: 1
51557 info: NumberThreads: 1
51557 info: MaxNodes: 181818181 (15999999928 bytes)
51557 info: TimeForMove: 1
51557 info: Time for PreSearch: 0.180991s
51557 info: 
  49af93561e9fe52e
  a  b  c  d  e  f  g  h  i  j  k  
 1\w  W  w  B  .  W  W  .  *  *  W\1
  2\w  w  W  *  .  W  .  *  *  *  B\2
   3\b  w  .  *  B  *  B  *  *  .  .\3
    4\w  .  *  *  W  .  *  *  *  .  w\4
     5\b  B  .  .  .  B  *  *  *  W  w\5
      6\.  *  .  W  W  *  *  *  *  .  B\6
       7\B  .  W  .  *  *  *  *  B  *  .\7
        8\B  .  *  *  *  *  *  B  .  *  B\8
         9\B  *  *  .  W  *  *  .  B  .  .\9
         10\B  *  W  .  W  .  B  .  B  *  .\10
          11\W  B  B  b  .  W  W  *  W  .  .\11
              a  b  c  d  e  f  g  h  i  j  k  
51557 info: Old: [black, i9] [white, swap-pieces] [white, f2] [black, a7] [white, g11] [black, i7] [white, f1] [black, e3] [white, b1] [black, a8] [white, k1] [black, d1] [white, e9] [black, g10] [white, g1] [black, g3] [white, f11] [black, k6] [white, i11] [black, k8] [white, c2] [black, i10] [white, c10] [black, c11] [white, d6] [black, f5] [white, e4] [black, b11] [white, a11] [black, h8] [white, e10] [black, b5] [white, c7] [black, k2] [white, j5] [black, a9] 
51557 info: New: [black, i9] [white, swap-pieces] [white, f2] [black, a7] [white, g11] [black, i7] [white, f1] [black, e3] [white, b1] [black, a8] [white, k1] [black, d1] [white, e9] [black, g10] [white, g1] [black, g3] [white, f11] [black, k6] [white, i11] [black, k8] [white, c2] [black, i10] [white, c10] [black, c11] [white, d6] [black, f5] [white, e4] [black, b11] [white, a11] [black, h8] [white, e10] [black, b5] [white, c7] [black, k2] [white, j5] [black, a9] [white, e6] [black, a10] 
51557 info: MovesPlayed: [white, e6] [black, a10] 
51557 info: No subtree to reuse.
51557 info: StartSearch()[0]
51557 info: 
Elapsed Time   0.338618s
Count          1
GamesPlayed    1
Nodes          1
Knowledge      0 (0.0%)
Expansions     0.0
Time           0.00
GameLen        73.0 dev=0.0 min=73.0 max=73.0
InTree         0.0 dev=0.0 min=0.0 max=0.0
KnowDepth      -
Aborted        0%
Games/s        3436.4
Score          1.00
Sequence      
51557 info: 
51557 warning: **** MoHexSearch returned empty sequence!
51557 warning: **** Returning random move!
51557 info: Winning SC.
51557 info: Winning SC.
51557 info: Winning SC.
51557 info: Winning SC.
51557 info: Winning SC.
51557 info: Winning SC.
51557 info: Winning SC.
51557 info: Captured cells caused win! Removing...
51557 info: Winning SC.
51557 config: ============ BenzeneShutdown =============
51557 config: MoHexProgram:: ShutdownSystem()
51557 config: CommonProgram:: ShutdownSystem()
51557 config: BenzeneProgram:: ShutdownSystem()
Flushing and closing this stream...
