55f97 config: MoHex v2.0.CMake Mar 21 2025.
55f97 config: ============ InitializeSystem ============
55f97 config: BenzeneProgram::InitRandom()
55f97 config: Seed = 910728
55f97 info: Prior Patterns:
55f97 info: Global:
55f97 info: Size            = 565 32648 
55f97 info: TableEntries    = 65932 65910
55f97 info: MirrorsAdded    = 0 0
55f97 info: PrunableCount   = 30593 30629
55f97 info: LargestGamma    = 5820.77
55f97 info: SmallestGamma   = 6.6e-05
55f97 info: Local:
55f97 info: Size            = 550 5318 
55f97 info: TableEntries    = 11602 11588
55f97 info: MirrorsAdded    = 0 0
55f97 info: PrunableCount   = 3659 3667
55f97 info: LargestGamma    = 11281.8
55f97 info: SmallestGamma   = 0.026235
55f97 info: Playout Patterns:
55f97 info: Global:
55f97 info: Size            = 565 32648 
55f97 info: TableEntries    = 70329 70329
55f97 info: MirrorsAdded    = 4397 4419
55f97 info: PrunableCount   = 30593 30629
55f97 info: LargestGamma    = 5820.77
55f97 info: SmallestGamma   = 6.6e-05
55f97 info: Local:
55f97 info: Size            = 550 5318 
55f97 info: TableEntries    = 11602 11588
55f97 info: MirrorsAdded    = 0 0
55f97 info: PrunableCount   = 3659 3667
55f97 info: LargestGamma    = 11281.8
55f97 info: SmallestGamma   = 0.026235
55f97 config: IcePatternSet: reading from '/home/linus/MoHex2.0/nfbranchfix/benzene-vanilla-cmake/share/ice-patterns.txt'.
55f97 config: IcePatternSet: parsed 708 patterns.
55f97 config: VCS: reading captured set patterns from '/home/linus/MoHex2.0/nfbranchfix/benzene-vanilla-cmake/share/vc-captured-set.txt'.
55f97 config: VCS:: parsed 2 patterns.
55f97 config: VCS: reading captured set patterns from '/home/linus/MoHex2.0/nfbranchfix/benzene-vanilla-cmake/share/vc-captured-set.txt'.
55f97 config: VCS:: parsed 2 patterns.
55f97 config: IcePatternSet: reading from '/home/linus/MoHex2.0/nfbranchfix/benzene-vanilla-cmake/share/ice-patterns.txt'.
55f97 config: IcePatternSet: parsed 708 patterns.
55f97 config: VCS: reading captured set patterns from '/home/linus/MoHex2.0/nfbranchfix/benzene-vanilla-cmake/share/vc-captured-set.txt'.
55f97 config: VCS:: parsed 2 patterns.
55f97 config: VCS: reading captured set patterns from '/home/linus/MoHex2.0/nfbranchfix/benzene-vanilla-cmake/share/vc-captured-set.txt'.
55f97 config: VCS:: parsed 2 patterns.
55f97 config: VCS: reading captured set patterns from '/home/linus/MoHex2.0/nfbranchfix/benzene-vanilla-cmake/share/vc-captured-set.txt'.
55f97 config: VCS:: parsed 2 patterns.
55f97 config: VCS: reading captured set patterns from '/home/linus/MoHex2.0/nfbranchfix/benzene-vanilla-cmake/share/vc-captured-set.txt'.
55f97 config: VCS:: parsed 2 patterns.
55f97 config: VCS: reading captured set patterns from '/home/linus/MoHex2.0/nfbranchfix/benzene-vanilla-cmake/share/vc-captured-set.txt'.
55f97 config: VCS:: parsed 2 patterns.
55f97 config: VCS: reading captured set patterns from '/home/linus/MoHex2.0/nfbranchfix/benzene-vanilla-cmake/share/vc-captured-set.txt'.
55f97 config: VCS:: parsed 2 patterns.
55f97 config: VCPattern: loading pattern templates from '/home/linus/MoHex2.0/nfbranchfix/benzene-vanilla-cmake/share/vc-patterns.txt'.
55f97 info: Best move cannot be determined, must search state.
55f97 info: --- MoHexPlayer::Search() ---
55f97 info: Color: black
55f97 info: MaxGames: 1
55f97 info: NumberThreads: 1
55f97 info: MaxNodes: 9090 (799920 bytes)
55f97 info: TimeForMove: 1
55f97 info: PreSearch: max time reached (67/94).
55f97 info: Time for PreSearch: 0.202513s
55f97 info: 
  c060cca0fe606c1d
  a  b  c  d  e  f  g  h  i  j  k  
 1\.  .  .  B  b  .  .  .  .  .  .\1
  2\.  *  *  *  W  *  *  *  *  *  *\2
   3\*  *  *  *  *  *  *  *  *  *  *\3
    4\*  *  *  *  *  *  *  *  *  *  *\4
     5\*  *  *  *  *  *  *  *  *  *  *\5
      6\*  *  *  *  *  *  *  *  *  *  *\6
       7\*  *  *  *  *  *  *  *  *  *  *\7
        8\*  *  *  *  *  *  *  *  *  *  *\8
         9\*  *  *  *  *  *  *  *  *  *  .\9
         10\*  *  *  *  *  *  *  *  *  .  .\10
          11\.  .  .  .  .  .  .  .  .  .  .\11
              a  b  c  d  e  f  g  h  i  j  k  
55f97 info: No subtree to reuse.
55f97 info: Creating thread 0
55f97 info: StartSearch()[0]
55f97 config: VCS: reading captured set patterns from '/home/linus/MoHex2.0/nfbranchfix/benzene-vanilla-cmake/share/vc-captured-set.txt'.
55f97 config: VCS:: parsed 2 patterns.
55f97 config: VCS: reading captured set patterns from '/home/linus/MoHex2.0/nfbranchfix/benzene-vanilla-cmake/share/vc-captured-set.txt'.
55f97 config: VCS:: parsed 2 patterns.
55f97 info: 
Elapsed Time   0.347226s
Count          1
GamesPlayed    1
Nodes          1
Knowledge      0 (0.0%)
Expansions     0.0
Time           0.00
GameLen        118.0 dev=0.0 min=118.0 max=118.0
InTree         0.0 dev=0.0 min=0.0 max=0.0
KnowDepth      -
Aborted        0%
Games/s        406.8
Score          0.00
Sequence      
55f97 info: 
55f97 warning: **** MoHexSearch returned empty sequence!
55f97 warning: **** Returning random move!
55f97 info: Best move cannot be determined, must search state.
55f97 info: --- MoHexPlayer::Search() ---
55f97 info: Color: black
55f97 info: MaxGames: 1
55f97 info: NumberThreads: 1
55f97 info: MaxNodes: 9090 (799920 bytes)
55f97 info: TimeForMove: 1
55f97 info: PreSearch: max time reached (68/86).
55f97 info: Time for PreSearch: 0.200403s
55f97 info: 
  0d02f9cff87d0158
  a  b  c  d  e  f  g  h  i  j  k  
 1\.  .  .  B  b  .  .  .  .  .  .\1
  2\.  *  *  *  W  *  *  *  *  *  *\2
   3\*  *  *  *  *  *  *  *  *  *  *\3
    4\*  *  *  *  *  *  *  *  *  *  *\4
     5\*  *  *  *  *  *  *  *  *  *  *\5
      6\*  *  *  *  *  *  *  *  *  *  .\6
       7\*  *  *  *  *  *  *  *  B  *  w\7
        8\*  *  *  *  *  *  *  *  *  .  w\8
         9\*  *  *  *  *  *  *  *  *  W  w\9
         10\*  *  *  *  *  *  *  .  .  w  w\10
          11\.  .  .  .  .  .  .  .  .  w  w\11
              a  b  c  d  e  f  g  h  i  j  k  
55f97 info: Old: [black, d1] [white, e2] 
55f97 info: New: [black, d1] [white, e2] [black, i7] [white, j9] 
55f97 info: MovesPlayed: [black, i7] [white, j9] 
55f97 info: No subtree to reuse.
55f97 info: StartSearch()[0]
55f97 info: 
Elapsed Time   0.346964s
Count          1
GamesPlayed    1
Nodes          1
Knowledge      0 (0.0%)
Expansions     0.0
Time           0.00
GameLen        109.0 dev=0.0 min=109.0 max=109.0
InTree         0.0 dev=0.0 min=0.0 max=0.0
KnowDepth      -
Aborted        0%
Games/s        2849.0
Score          1.00
Sequence      
55f97 info: 
55f97 warning: **** MoHexSearch returned empty sequence!
55f97 warning: **** Returning random move!
55f97 info: Best move cannot be determined, must search state.
55f97 info: --- MoHexPlayer::Search() ---
55f97 info: Color: black
55f97 info: MaxGames: 1
55f97 info: NumberThreads: 1
55f97 info: MaxNodes: 9090 (799920 bytes)
55f97 info: TimeForMove: 1
55f97 info: PreSearch: max time reached (68/83).
55f97 info: Time for PreSearch: 0.201545s
55f97 info: 
  a3adb8b38aa23059
  a  b  c  d  e  f  g  h  i  j  k  
 1\.  .  .  B  b  .  .  .  B  .  .\1
  2\.  *  *  *  W  *  *  *  *  *  .\2
   3\*  *  *  *  *  *  *  *  *  *  W\3
    4\*  *  *  *  *  *  *  *  *  *  .\4
     5\*  *  *  *  *  *  *  *  *  *  *\5
      6\*  *  *  *  *  *  *  *  *  *  .\6
       7\*  *  *  *  *  *  *  *  B  *  w\7
        8\*  *  *  *  *  *  *  *  *  .  w\8
         9\*  *  *  *  *  *  *  *  *  W  w\9
         10\*  *  *  *  *  *  *  .  .  w  w\10
          11\.  .  .  .  .  .  .  .  .  w  w\11
              a  b  c  d  e  f  g  h  i  j  k  
55f97 info: Old: [black, d1] [white, e2] [black, i7] [white, j9] 
55f97 info: New: [black, d1] [white, e2] [black, i7] [white, j9] [black, i1] [white, k3] 
55f97 info: MovesPlayed: [black, i1] [white, k3] 
55f97 info: No subtree to reuse.
55f97 info: StartSearch()[0]
55f97 info: 
Elapsed Time   0.344258s
Count          1
GamesPlayed    1
Nodes          1
Knowledge      0 (0.0%)
Expansions     0.0
Time           0.00
GameLen        107.0 dev=0.0 min=107.0 max=107.0
InTree         0.0 dev=0.0 min=0.0 max=0.0
KnowDepth      -
Aborted        0%
Games/s        3344.5
Score          1.00
Sequence      
55f97 info: 
55f97 warning: **** MoHexSearch returned empty sequence!
55f97 warning: **** Returning random move!
55f97 info: Best move cannot be determined, must search state.
55f97 info: --- MoHexPlayer::Search() ---
55f97 info: Color: black
55f97 info: MaxGames: 1
55f97 info: NumberThreads: 1
55f97 info: MaxNodes: 9090 (799920 bytes)
55f97 info: TimeForMove: 1
55f97 info: PreSearch: max time reached (70/77).
55f97 info: Time for PreSearch: 0.201412s
55f97 info: 
  3e4e726ea1414390
  a  b  c  d  e  f  g  h  i  j  k  
 1\.  .  .  B  b  .  .  .  B  .  .\1
  2\.  *  *  *  W  *  *  *  .  *  .\2
   3\*  *  *  *  *  *  *  B  *  *  W\3
    4\*  *  *  *  *  *  *  *  *  *  b\4
     5\*  *  *  *  *  *  *  *  *  .  w\5
      6\*  *  *  *  *  *  *  *  *  W  w\6
       7\*  *  *  *  *  *  *  *  B  w  b\7
        8\*  *  *  *  *  *  *  *  *  w  w\8
         9\*  *  *  *  *  *  *  *  *  W  w\9
         10\*  *  *  *  *  *  *  .  .  w  w\10
          11\.  .  .  .  .  .  .  .  .  w  w\11
              a  b  c  d  e  f  g  h  i  j  k  
55f97 info: Old: [black, d1] [white, e2] [black, i7] [white, j9] [black, i1] [white, k3] 
55f97 info: New: [black, d1] [white, e2] [black, i7] [white, j9] [black, i1] [white, k3] [black, h3] [white, j6] 
55f97 info: MovesPlayed: [black, h3] [white, j6] 
55f97 info: No subtree to reuse.
55f97 info: StartSearch()[0]
55f97 info: 
Elapsed Time   0.376961s
Count          1
GamesPlayed    1
Nodes          1
Knowledge      0 (0.0%)
Expansions     0.0
Time           0.00
GameLen        100.0 dev=0.0 min=100.0 max=100.0
InTree         0.0 dev=0.0 min=0.0 max=0.0
KnowDepth      -
Aborted        0%
Games/s        3649.6
Score          1.00
Sequence      
55f97 info: 
55f97 warning: **** MoHexSearch returned empty sequence!
55f97 warning: **** Returning random move!
55f97 info: Best move cannot be determined, must search state.
55f97 info: --- MoHexPlayer::Search() ---
55f97 info: Color: black
55f97 info: MaxGames: 1
55f97 info: NumberThreads: 1
55f97 info: MaxNodes: 9090 (799920 bytes)
55f97 info: TimeForMove: 1
55f97 info: Time for PreSearch: 0.174222s
55f97 info: 
  50a87e343a358cf4
  a  b  c  d  e  f  g  h  i  j  k  
 1\.  .  .  B  b  .  .  .  B  b  B\1
  2\.  .  .  .  W  *  .  .  .  .  .\2
   3\.  .  *  *  *  *  *  B  .  *  W\3
    4\w  .  *  *  *  *  *  *  *  *  b\4
     5\w  W  *  *  *  *  *  *  *  .  w\5
      6\w  .  *  *  *  *  *  *  *  W  w\6
       7\w  *  *  *  *  *  *  *  B  w  b\7
        8\.  *  *  *  *  *  *  *  *  w  w\8
         9\*  *  *  *  *  *  *  *  *  W  w\9
         10\*  *  *  *  *  *  *  .  .  w  w\10
          11\.  .  .  .  .  .  .  .  .  w  w\11
              a  b  c  d  e  f  g  h  i  j  k  
55f97 info: Old: [black, d1] [white, e2] [black, i7] [white, j9] [black, i1] [white, k3] [black, h3] [white, j6] 
55f97 info: New: [black, d1] [white, e2] [black, i7] [white, j9] [black, i1] [white, k3] [black, h3] [white, j6] [black, k1] [white, b5] 
55f97 info: MovesPlayed: [black, k1] [white, b5] 
55f97 info: No subtree to reuse.
55f97 info: StartSearch()[0]
55f97 info: 
Elapsed Time   0.343335s
Count          1
GamesPlayed    1
Nodes          1
Knowledge      0 (0.0%)
Expansions     0.0
Time           0.00
GameLen        93.0 dev=0.0 min=93.0 max=93.0
InTree         0.0 dev=0.0 min=0.0 max=0.0
KnowDepth      -
Aborted        0%
Games/s        3533.6
Score          0.00
Sequence      
55f97 info: 
55f97 warning: **** MoHexSearch returned empty sequence!
55f97 warning: **** Returning random move!
55f97 info: Best move cannot be determined, must search state.
55f97 info: --- MoHexPlayer::Search() ---
55f97 info: Color: black
55f97 info: MaxGames: 1
55f97 info: NumberThreads: 1
55f97 info: MaxNodes: 9090 (799920 bytes)
55f97 info: TimeForMove: 1
55f97 info: Time for PreSearch: 0.200583s
55f97 info: 
  16c5cbed08a62dc8
  a  b  c  d  e  f  g  h  i  j  k  
 1\b  b  b  B  b  .  .  .  B  b  B\1
  2\w  W  .  .  W  *  .  .  .  .  .\2
   3\w  w  *  .  *  *  *  B  .  *  W\3
    4\b  w  .  *  *  *  *  *  *  *  b\4
     5\w  W  *  *  *  B  *  *  *  .  w\5
      6\w  .  *  *  *  *  *  *  *  W  w\6
       7\w  *  *  *  *  *  *  *  B  w  b\7
        8\.  *  *  *  *  *  *  *  *  w  w\8
         9\*  *  *  *  *  *  *  *  *  W  w\9
         10\*  *  *  *  *  *  *  .  .  w  w\10
          11\.  .  .  .  .  .  .  .  .  w  w\11
              a  b  c  d  e  f  g  h  i  j  k  
55f97 info: Old: [black, d1] [white, e2] [black, i7] [white, j9] [black, i1] [white, k3] [black, h3] [white, j6] [black, k1] [white, b5] 
55f97 info: New: [black, d1] [white, e2] [black, i7] [white, j9] [black, i1] [white, k3] [black, h3] [white, j6] [black, k1] [white, b5] [black, f5] [white, b2] 
55f97 info: MovesPlayed: [black, f5] [white, b2] 
55f97 info: No subtree to reuse.
55f97 info: StartSearch()[0]
55f97 info: 
Elapsed Time   0.344987s
Count          1
GamesPlayed    1
Nodes          1
Knowledge      0 (0.0%)
Expansions     0.0
Time           0.00
GameLen        84.0 dev=0.0 min=84.0 max=84.0
InTree         0.0 dev=0.0 min=0.0 max=0.0
KnowDepth      -
Aborted        0%
Games/s        3690.0
Score          1.00
Sequence      
55f97 info: 
55f97 warning: **** MoHexSearch returned empty sequence!
55f97 warning: **** Returning random move!
55f97 info: Winning SC.
55f97 info: Winning SC.
55f97 info: Winning SC.
55f97 info: Winning SC.
55f97 info: Winning SC.
55f97 info: Winning SC.
55f97 info: Winning SC.
55f97 info: Winning SC.
55f97 info: Captured cells caused win! Removing...
55f97 info: Winning SC.
55f97 info: Winning SC.
55f97 config: ============ BenzeneShutdown =============
55f97 config: MoHexProgram:: ShutdownSystem()
55f97 config: CommonProgram:: ShutdownSystem()
55f97 config: BenzeneProgram:: ShutdownSystem()
Flushing and closing this stream...
