83367 config: MoHex v2.0.CMake Mar 21 2025.
83367 config: ============ InitializeSystem ============
83367 config: BenzeneProgram::InitRandom()
83367 config: Seed = 390911
83367 info: Prior Patterns:
83367 info: Global:
83367 info: Size            = 565 32648 
83367 info: TableEntries    = 65932 65910
83367 info: MirrorsAdded    = 0 0
83367 info: PrunableCount   = 30593 30629
83367 info: LargestGamma    = 5820.77
83367 info: SmallestGamma   = 6.6e-05
83367 info: Local:
83367 info: Size            = 550 5318 
83367 info: TableEntries    = 11602 11588
83367 info: MirrorsAdded    = 0 0
83367 info: PrunableCount   = 3659 3667
83367 info: LargestGamma    = 11281.8
83367 info: SmallestGamma   = 0.026235
83367 info: Playout Patterns:
83367 info: Global:
83367 info: Size            = 565 32648 
83367 info: TableEntries    = 70329 70329
83367 info: MirrorsAdded    = 4397 4419
83367 info: PrunableCount   = 30593 30629
83367 info: LargestGamma    = 5820.77
83367 info: SmallestGamma   = 6.6e-05
83367 info: Local:
83367 info: Size            = 550 5318 
83367 info: TableEntries    = 11602 11588
83367 info: MirrorsAdded    = 0 0
83367 info: PrunableCount   = 3659 3667
83367 info: LargestGamma    = 11281.8
83367 info: SmallestGamma   = 0.026235
83367 config: IcePatternSet: reading from '/home/linus/MoHex2.0/nfbranchfix/benzene-vanilla-cmake/share/ice-patterns.txt'.
83367 config: IcePatternSet: parsed 708 patterns.
83367 config: VCS: reading captured set patterns from '/home/linus/MoHex2.0/nfbranchfix/benzene-vanilla-cmake/share/vc-captured-set.txt'.
83367 config: VCS:: parsed 2 patterns.
83367 config: VCS: reading captured set patterns from '/home/linus/MoHex2.0/nfbranchfix/benzene-vanilla-cmake/share/vc-captured-set.txt'.
83367 config: VCS:: parsed 2 patterns.
83367 config: IcePatternSet: reading from '/home/linus/MoHex2.0/nfbranchfix/benzene-vanilla-cmake/share/ice-patterns.txt'.
83367 config: IcePatternSet: parsed 708 patterns.
83367 config: VCS: reading captured set patterns from '/home/linus/MoHex2.0/nfbranchfix/benzene-vanilla-cmake/share/vc-captured-set.txt'.
83367 config: VCS:: parsed 2 patterns.
83367 config: VCS: reading captured set patterns from '/home/linus/MoHex2.0/nfbranchfix/benzene-vanilla-cmake/share/vc-captured-set.txt'.
83367 config: VCS:: parsed 2 patterns.
83367 config: VCS: reading captured set patterns from '/home/linus/MoHex2.0/nfbranchfix/benzene-vanilla-cmake/share/vc-captured-set.txt'.
83367 config: VCS:: parsed 2 patterns.
83367 config: VCS: reading captured set patterns from '/home/linus/MoHex2.0/nfbranchfix/benzene-vanilla-cmake/share/vc-captured-set.txt'.
83367 config: VCS:: parsed 2 patterns.
83367 config: VCS: reading captured set patterns from '/home/linus/MoHex2.0/nfbranchfix/benzene-vanilla-cmake/share/vc-captured-set.txt'.
83367 config: VCS:: parsed 2 patterns.
83367 config: VCS: reading captured set patterns from '/home/linus/MoHex2.0/nfbranchfix/benzene-vanilla-cmake/share/vc-captured-set.txt'.
83367 config: VCS:: parsed 2 patterns.
83367 config: VCPattern: loading pattern templates from '/home/linus/MoHex2.0/nfbranchfix/benzene-vanilla-cmake/share/vc-patterns.txt'.
83367 info: Best move cannot be determined, must search state.
83367 info: --- MoHexPlayer::Search() ---
83367 info: Color: white
83367 info: MaxGames: 1
83367 info: NumberThreads: 1
83367 info: MaxNodes: 181818181 (15999999928 bytes)
83367 info: TimeForMove: 1
83367 info: PreSearch: max time reached (56/90).
83367 info: Time for PreSearch: 0.203412s
83367 info: 
  07f03fc438c89848
  a  b  c  d  e  f  g  h  i  j  k  
 1\.  .  .  *  *  *  *  *  *  *  .\1
  2\.  .  *  *  *  *  *  *  *  *  .\2
   3\.  *  *  *  *  *  *  *  *  *  .\3
    4\.  *  *  *  *  *  *  *  *  *  .\4
     5\.  *  *  *  *  *  *  *  *  *  .\5
      6\.  *  *  *  *  *  *  *  *  *  .\6
       7\.  *  *  *  *  *  *  *  *  *  .\7
        8\.  *  *  *  *  *  *  *  *  *  .\8
         9\.  *  *  *  *  *  *  *  *  *  .\9
         10\.  *  *  *  *  *  *  *  .  B  b\10
          11\.  *  *  *  *  *  .  b  b  b  b\11
              a  b  c  d  e  f  g  h  i  j  k  
83367 info: No subtree to reuse.
83367 info: Creating thread 0
83367 info: StartSearch()[0]
83367 config: VCS: reading captured set patterns from '/home/linus/MoHex2.0/nfbranchfix/benzene-vanilla-cmake/share/vc-captured-set.txt'.
83367 config: VCS:: parsed 2 patterns.
83367 config: VCS: reading captured set patterns from '/home/linus/MoHex2.0/nfbranchfix/benzene-vanilla-cmake/share/vc-captured-set.txt'.
83367 config: VCS:: parsed 2 patterns.
83367 info: 
Elapsed Time   0.531901s
Count          1
GamesPlayed    1
Nodes          1
Knowledge      0 (0.0%)
Expansions     0.0
Time           0.00
GameLen        115.0 dev=0.0 min=115.0 max=115.0
InTree         0.0 dev=0.0 min=0.0 max=0.0
KnowDepth      -
Aborted        0%
Games/s        372.9
Score          0.00
Sequence      
83367 info: 
83367 warning: **** MoHexSearch returned empty sequence!
83367 warning: **** Returning random move!
83367 info: Best move cannot be determined, must search state.
83367 info: --- MoHexPlayer::Search() ---
83367 info: Color: white
83367 info: MaxGames: 1
83367 info: NumberThreads: 1
83367 info: MaxNodes: 181818181 (15999999928 bytes)
83367 info: TimeForMove: 1
83367 info: PreSearch: max time reached (42/81).
83367 info: Time for PreSearch: 0.200613s
83367 info: 
  0a83daa1a7d30f71
  a  b  c  d  e  f  g  h  i  j  k  
 1\.  .  .  *  *  *  *  *  *  *  .\1
  2\.  .  *  *  *  *  *  *  *  *  .\2
   3\.  *  *  *  *  *  *  *  *  *  .\3
    4\.  *  *  *  *  *  *  *  *  *  .\4
     5\.  *  *  *  *  W  *  *  *  *  .\5
      6\.  *  *  *  *  *  *  *  *  *  .\6
       7\.  *  *  *  *  *  *  *  *  *  .\7
        8\.  *  *  *  *  *  *  *  *  *  .\8
         9\.  *  *  *  *  *  *  *  *  *  .\9
         10\.  *  *  .  B  .  *  *  .  B  b\10
          11\.  .  b  b  b  b  b  b  b  b  b\11
              a  b  c  d  e  f  g  h  i  j  k  
83367 info: Old: [black, j10] [white, swap-pieces] 
83367 info: New: [black, j10] [white, swap-pieces] [white, f5] [black, e10] 
83367 info: ReuseSubtree: Colors do not alternate.
83367 info: No subtree to reuse.
83367 info: StartSearch()[0]
83367 info: 
Elapsed Time   0.351068s
Count          1
GamesPlayed    1
Nodes          1
Knowledge      0 (0.0%)
Expansions     0.0
Time           0.00
GameLen        108.0 dev=0.0 min=108.0 max=108.0
InTree         0.0 dev=0.0 min=0.0 max=0.0
KnowDepth      -
Aborted        0%
Games/s        3205.1
Score          1.00
Sequence      
83367 info: 
83367 warning: **** MoHexSearch returned empty sequence!
83367 warning: **** Returning random move!
83367 info: Best move cannot be determined, must search state.
83367 info: --- MoHexPlayer::Search() ---
83367 info: Color: white
83367 info: MaxGames: 1
83367 info: NumberThreads: 1
83367 info: MaxNodes: 181818181 (15999999928 bytes)
83367 info: TimeForMove: 1
83367 info: PreSearch: max time reached (29/79).
83367 info: Time for PreSearch: 0.202347s
83367 info: 
  91e6604178bb11ea
  a  b  c  d  e  f  g  h  i  j  k  
 1\.  .  .  *  *  *  *  *  *  *  .\1
  2\.  .  *  *  *  *  *  *  *  *  .\2
   3\.  *  *  *  *  *  *  *  *  *  .\3
    4\.  *  *  *  *  *  *  *  W  .  .\4
     5\.  *  *  *  *  W  *  *  *  *  .\5
      6\.  *  *  *  *  *  *  *  *  *  .\6
       7\.  *  *  *  *  *  *  *  *  *  .\7
        8\.  *  *  *  *  *  *  *  *  *  .\8
         9\.  *  *  *  *  *  *  *  *  *  .\9
         10\.  *  *  .  B  .  *  *  .  B  b\10
          11\B  b  b  b  b  b  b  b  b  b  b\11
              a  b  c  d  e  f  g  h  i  j  k  
83367 info: Old: [black, j10] [white, swap-pieces] [white, f5] [black, e10] 
83367 info: New: [black, j10] [white, swap-pieces] [white, f5] [black, e10] [white, i4] [black, a11] 
83367 info: MovesPlayed: [white, i4] [black, a11] 
83367 info: No subtree to reuse.
83367 info: StartSearch()[0]
83367 info: 
Elapsed Time   0.350353s
Count          1
GamesPlayed    1
Nodes          1
Knowledge      0 (0.0%)
Expansions     0.0
Time           0.00
GameLen        105.0 dev=0.0 min=105.0 max=105.0
InTree         0.0 dev=0.0 min=0.0 max=0.0
KnowDepth      -
Aborted        0%
Games/s        3533.6
Score          1.00
Sequence      
83367 info: 
83367 warning: **** MoHexSearch returned empty sequence!
83367 warning: **** Returning random move!
83367 info: Best move cannot be determined, must search state.
83367 info: --- MoHexPlayer::Search() ---
83367 info: Color: white
83367 info: MaxGames: 1
83367 info: NumberThreads: 1
83367 info: MaxNodes: 181818181 (15999999928 bytes)
83367 info: TimeForMove: 1
83367 info: PreSearch: max time reached (23/72).
83367 info: Time for PreSearch: 0.203431s
83367 info: 
  35226635ca40860f
  a  b  c  d  e  f  g  h  i  j  k  
 1\.  .  .  *  *  .  .  *  *  *  .\1
  2\.  .  *  *  *  W  *  *  *  *  .\2
   3\.  *  *  *  *  *  *  *  *  *  .\3
    4\.  *  *  *  *  *  *  *  W  .  .\4
     5\.  *  *  *  *  W  *  *  *  *  .\5
      6\.  *  *  *  *  *  *  *  *  *  .\6
       7\.  *  *  *  *  *  *  *  *  *  .\7
        8\.  *  *  *  *  *  *  *  *  *  .\8
         9\.  *  *  *  *  *  *  *  .  B  b\9
         10\.  *  *  .  B  b  b  b  b  B  b\10
          11\B  b  b  b  b  b  b  b  b  b  b\11
              a  b  c  d  e  f  g  h  i  j  k  
83367 info: Old: [black, j10] [white, swap-pieces] [white, f5] [black, e10] [white, i4] [black, a11] 
83367 info: New: [black, j10] [white, swap-pieces] [white, f5] [black, e10] [white, i4] [black, a11] [white, f2] [black, j9] 
83367 info: MovesPlayed: [white, f2] [black, j9] 
83367 info: No subtree to reuse.
83367 info: StartSearch()[0]
83367 info: 
Elapsed Time   0.346329s
Count          1
GamesPlayed    1
Nodes          1
Knowledge      0 (0.0%)
Expansions     0.0
Time           0.00
GameLen        98.0 dev=0.0 min=98.0 max=98.0
InTree         0.0 dev=0.0 min=0.0 max=0.0
KnowDepth      -
Aborted        0%
Games/s        3876.0
Score          1.00
Sequence      
83367 info: 
83367 warning: **** MoHexSearch returned empty sequence!
83367 warning: **** Returning random move!
83367 info: Best move cannot be determined, must search state.
83367 info: --- MoHexPlayer::Search() ---
83367 info: Color: white
83367 info: MaxGames: 1
83367 info: NumberThreads: 1
83367 info: MaxNodes: 181818181 (15999999928 bytes)
83367 info: TimeForMove: 1
83367 info: PreSearch: max time reached (25/71).
83367 info: Time for PreSearch: 0.203532s
83367 info: 
  bb30502dd0121b1b
  a  b  c  d  e  f  g  h  i  j  k  
 1\b  B  .  *  *  .  .  *  *  *  .\1
  2\.  *  *  *  *  W  *  *  *  *  .\2
   3\.  *  *  *  *  *  *  *  *  *  .\3
    4\.  *  *  *  *  *  *  *  W  .  .\4
     5\.  *  *  *  *  W  *  *  *  *  .\5
      6\.  *  *  *  *  *  *  *  *  *  w\6
       7\.  *  *  *  *  *  *  *  *  .  w\7
        8\.  *  *  *  *  *  *  *  *  W  w\8
         9\.  *  *  *  *  *  *  *  .  B  b\9
         10\.  *  *  .  B  b  b  b  b  B  b\10
          11\B  b  b  b  b  b  b  b  b  b  b\11
              a  b  c  d  e  f  g  h  i  j  k  
83367 info: Old: [black, j10] [white, swap-pieces] [white, f5] [black, e10] [white, i4] [black, a11] [white, f2] [black, j9] 
83367 info: New: [black, j10] [white, swap-pieces] [white, f5] [black, e10] [white, i4] [black, a11] [white, f2] [black, j9] [white, j8] [black, b1] 
83367 info: MovesPlayed: [white, j8] [black, b1] 
83367 info: No subtree to reuse.
83367 info: StartSearch()[0]
83367 info: 
Elapsed Time   0.350134s
Count          1
GamesPlayed    1
Nodes          1
Knowledge      0 (0.0%)
Expansions     0.0
Time           0.00
GameLen        92.0 dev=0.0 min=92.0 max=92.0
InTree         0.0 dev=0.0 min=0.0 max=0.0
KnowDepth      -
Aborted        0%
Games/s        3389.8
Score          1.00
Sequence      
83367 info: 
83367 warning: **** MoHexSearch returned empty sequence!
83367 warning: **** Returning random move!
83367 info: Best move cannot be determined, must search state.
83367 info: --- MoHexPlayer::Search() ---
83367 info: Color: white
83367 info: MaxGames: 1
83367 info: NumberThreads: 1
83367 info: MaxNodes: 181818181 (15999999928 bytes)
83367 info: TimeForMove: 1
83367 info: PreSearch: max time reached (33/70).
83367 info: Time for PreSearch: 0.204902s
83367 info: 
  d510074ddd317324
  a  b  c  d  e  f  g  h  i  j  k  
 1\b  B  .  *  *  .  .  *  *  *  .\1
  2\.  .  *  *  *  W  *  *  *  *  .\2
   3\.  .  *  *  *  *  *  *  *  .  .\3
    4\.  *  *  *  *  *  *  *  W  .  .\4
     5\W  *  *  *  *  W  *  *  *  *  .\5
      6\.  *  *  *  *  *  *  *  *  .  w\6
       7\.  *  *  *  *  *  *  *  *  .  w\7
        8\.  *  *  *  *  *  *  *  *  W  w\8
         9\.  *  *  *  *  *  *  *  .  B  b\9
         10\B  .  *  .  B  b  b  b  b  B  b\10
          11\B  b  b  b  b  b  b  b  b  b  b\11
              a  b  c  d  e  f  g  h  i  j  k  
83367 info: Old: [black, j10] [white, swap-pieces] [white, f5] [black, e10] [white, i4] [black, a11] [white, f2] [black, j9] [white, j8] [black, b1] 
83367 info: New: [black, j10] [white, swap-pieces] [white, f5] [black, e10] [white, i4] [black, a11] [white, f2] [black, j9] [white, j8] [black, b1] [white, a5] [black, a10] 
83367 info: MovesPlayed: [white, a5] [black, a10] 
83367 info: No subtree to reuse.
83367 info: StartSearch()[0]
83367 info: 
Elapsed Time   0.353841s
Count          1
GamesPlayed    1
Nodes          1
Knowledge      0 (0.0%)
Expansions     0.0
Time           0.00
GameLen        90.0 dev=0.0 min=90.0 max=90.0
InTree         0.0 dev=0.0 min=0.0 max=0.0
KnowDepth      -
Aborted        0%
Games/s        3703.7
Score          1.00
Sequence      
83367 info: 
83367 warning: **** MoHexSearch returned empty sequence!
83367 warning: **** Returning random move!
83367 info: Best move cannot be determined, must search state.
83367 info: --- MoHexPlayer::Search() ---
83367 info: Color: white
83367 info: MaxGames: 1
83367 info: NumberThreads: 1
83367 info: MaxNodes: 181818181 (15999999928 bytes)
83367 info: TimeForMove: 1
83367 info: PreSearch: max time reached (26/69).
83367 info: Time for PreSearch: 0.204504s
83367 info: 
  aa32239c63c9b3f6
  a  b  c  d  e  f  g  h  i  j  k  
 1\b  B  .  *  .  b  .  *  *  *  .\1
  2\.  .  *  *  W  W  *  *  *  *  .\2
   3\.  .  *  *  *  *  *  *  *  .  .\3
    4\.  *  *  *  *  *  *  *  W  .  .\4
     5\W  *  *  *  *  W  *  *  *  *  .\5
      6\.  *  *  *  *  *  *  *  *  .  w\6
       7\.  *  *  *  *  *  *  *  *  .  w\7
        8\B  *  *  *  *  *  *  *  *  W  w\8
         9\*  *  *  *  *  *  *  *  .  B  b\9
         10\B  .  *  .  B  b  b  b  b  B  b\10
          11\B  b  b  b  b  b  b  b  b  b  b\11
              a  b  c  d  e  f  g  h  i  j  k  
83367 info: Old: [black, j10] [white, swap-pieces] [white, f5] [black, e10] [white, i4] [black, a11] [white, f2] [black, j9] [white, j8] [black, b1] [white, a5] [black, a10] 
83367 info: New: [black, j10] [white, swap-pieces] [white, f5] [black, e10] [white, i4] [black, a11] [white, f2] [black, j9] [white, j8] [black, b1] [white, a5] [black, a10] [white, e2] [black, a8] 
83367 info: MovesPlayed: [white, e2] [black, a8] 
83367 info: No subtree to reuse.
83367 info: StartSearch()[0]
83367 info: 
Elapsed Time   0.347574s
Count          1
GamesPlayed    1
Nodes          1
Knowledge      0 (0.0%)
Expansions     0.0
Time           0.00
GameLen        87.0 dev=0.0 min=87.0 max=87.0
InTree         0.0 dev=0.0 min=0.0 max=0.0
KnowDepth      -
Aborted        0%
Games/s        3717.5
Score          0.00
Sequence      
83367 info: 
83367 warning: **** MoHexSearch returned empty sequence!
83367 warning: **** Returning random move!
83367 info: Best move cannot be determined, must search state.
83367 info: --- MoHexPlayer::Search() ---
83367 info: Color: white
83367 info: MaxGames: 1
83367 info: NumberThreads: 1
83367 info: MaxNodes: 181818181 (15999999928 bytes)
83367 info: TimeForMove: 1
83367 info: PreSearch: max time reached (30/65).
83367 info: Time for PreSearch: 0.208198s
83367 info: 
  9a2bfe5dedade928
  a  b  c  d  e  f  g  h  i  j  k  
 1\b  B  .  *  .  b  .  *  *  *  .\1
  2\.  .  *  *  W  W  *  *  *  *  .\2
   3\.  .  *  *  *  *  *  *  *  .  W\3
    4\.  *  *  *  *  *  *  *  W  .  w\4
     5\W  *  *  *  *  W  *  *  *  .  w\5
      6\.  *  *  *  *  *  *  *  *  .  w\6
       7\.  *  B  *  *  *  *  *  *  .  w\7
        8\B  *  *  *  *  *  *  *  *  W  w\8
         9\*  *  *  *  *  *  *  *  .  B  b\9
         10\B  .  *  .  B  b  b  b  b  B  b\10
          11\B  b  b  b  b  b  b  b  b  b  b\11
              a  b  c  d  e  f  g  h  i  j  k  
83367 info: Old: [black, j10] [white, swap-pieces] [white, f5] [black, e10] [white, i4] [black, a11] [white, f2] [black, j9] [white, j8] [black, b1] [white, a5] [black, a10] [white, e2] [black, a8] 
83367 info: New: [black, j10] [white, swap-pieces] [white, f5] [black, e10] [white, i4] [black, a11] [white, f2] [black, j9] [white, j8] [black, b1] [white, a5] [black, a10] [white, e2] [black, a8] [white, k3] [black, c7] 
83367 info: MovesPlayed: [white, k3] [black, c7] 
83367 info: No subtree to reuse.
83367 info: StartSearch()[0]
83367 info: 
Elapsed Time   0.355999s
Count          1
GamesPlayed    1
Nodes          1
Knowledge      0 (0.0%)
Expansions     0.0
Time           0.00
GameLen        83.0 dev=0.0 min=83.0 max=83.0
InTree         0.0 dev=0.0 min=0.0 max=0.0
KnowDepth      -
Aborted        0%
Games/s        3921.6
Score          1.00
Sequence      
83367 info: 
83367 warning: **** MoHexSearch returned empty sequence!
83367 warning: **** Returning random move!
83367 info: Best move cannot be determined, must search state.
83367 info: --- MoHexPlayer::Search() ---
83367 info: Color: white
83367 info: MaxGames: 1
83367 info: NumberThreads: 1
83367 info: MaxNodes: 181818181 (15999999928 bytes)
83367 info: TimeForMove: 1
83367 info: PreSearch: max time reached (34/60).
83367 info: Time for PreSearch: 0.200461s
83367 info: 
  c8480670445e6580
  a  b  c  d  e  f  g  h  i  j  k  
 1\b  B  .  *  .  b  .  *  *  *  .\1
  2\.  .  *  *  W  W  *  *  *  .  .\2
   3\.  .  *  *  *  *  *  *  *  .  W\3
    4\.  *  *  *  *  *  *  *  W  .  w\4
     5\W  *  *  *  *  W  *  *  *  .  w\5
      6\.  *  *  *  *  *  *  *  *  .  w\6
       7\.  *  B  *  *  *  *  *  B  w  w\7
        8\B  *  W  *  *  *  *  .  .  W  w\8
         9\*  *  *  *  *  *  .  *  .  B  b\9
         10\B  .  *  .  B  b  b  b  b  B  b\10
          11\B  b  b  b  b  b  b  b  b  b  b\11
              a  b  c  d  e  f  g  h  i  j  k  
83367 info: Old: [black, j10] [white, swap-pieces] [white, f5] [black, e10] [white, i4] [black, a11] [white, f2] [black, j9] [white, j8] [black, b1] [white, a5] [black, a10] [white, e2] [black, a8] [white, k3] [black, c7] 
83367 info: New: [black, j10] [white, swap-pieces] [white, f5] [black, e10] [white, i4] [black, a11] [white, f2] [black, j9] [white, j8] [black, b1] [white, a5] [black, a10] [white, e2] [black, a8] [white, k3] [black, c7] [white, c8] [black, i7] 
83367 info: MovesPlayed: [white, c8] [black, i7] 
83367 info: No subtree to reuse.
83367 info: StartSearch()[0]
83367 info: 
Elapsed Time   0.499066s
Count          1
GamesPlayed    1
Nodes          1
Knowledge      0 (0.0%)
Expansions     0.0
Time           0.00
GameLen        80.0 dev=0.0 min=80.0 max=80.0
InTree         0.0 dev=0.0 min=0.0 max=0.0
KnowDepth      -
Aborted        0%
Games/s        3663.0
Score          0.00
Sequence      
83367 info: 
83367 warning: **** MoHexSearch returned empty sequence!
83367 warning: **** Returning random move!
83367 info: Best move cannot be determined, must search state.
83367 info: --- MoHexPlayer::Search() ---
83367 info: Color: white
83367 info: MaxGames: 1
83367 info: NumberThreads: 1
83367 info: MaxNodes: 181818181 (15999999928 bytes)
83367 info: TimeForMove: 1
83367 info: Time for PreSearch: 0.120257s
83367 info: 
  e6da7650478bcd64
  a  b  c  d  e  f  g  h  i  j  k  
 1\b  B  .  *  .  b  .  *  *  .  w\1
  2\.  .  *  *  W  W  *  *  *  W  w\2
   3\.  .  *  *  *  *  *  *  .  w  W\3
    4\.  *  *  *  *  *  *  *  W  w  w\4
     5\W  *  *  *  B  W  *  *  .  w  w\5
      6\.  *  *  *  *  *  *  *  .  w  w\6
       7\.  *  B  *  *  *  *  *  B  w  w\7
        8\B  *  W  *  *  *  *  .  .  W  w\8
         9\*  *  *  *  *  *  .  *  .  B  b\9
         10\B  .  *  .  B  b  b  b  b  B  b\10
          11\B  b  b  b  b  b  b  b  b  b  b\11
              a  b  c  d  e  f  g  h  i  j  k  
83367 info: Old: [black, j10] [white, swap-pieces] [white, f5] [black, e10] [white, i4] [black, a11] [white, f2] [black, j9] [white, j8] [black, b1] [white, a5] [black, a10] [white, e2] [black, a8] [white, k3] [black, c7] [white, c8] [black, i7] 
83367 info: New: [black, j10] [white, swap-pieces] [white, f5] [black, e10] [white, i4] [black, a11] [white, f2] [black, j9] [white, j8] [black, b1] [white, a5] [black, a10] [white, e2] [black, a8] [white, k3] [black, c7] [white, c8] [black, i7] [white, j2] [black, e5] 
83367 info: MovesPlayed: [white, j2] [black, e5] 
83367 info: No subtree to reuse.
83367 info: StartSearch()[0]
83367 info: 
Elapsed Time   0.268653s
Count          1
GamesPlayed    1
Nodes          1
Knowledge      0 (0.0%)
Expansions     0.0
Time           0.00
GameLen        72.0 dev=0.0 min=72.0 max=72.0
InTree         0.0 dev=0.0 min=0.0 max=0.0
KnowDepth      -
Aborted        0%
Games/s        3690.0
Score          1.00
Sequence      
83367 info: 
83367 warning: **** MoHexSearch returned empty sequence!
83367 warning: **** Returning random move!
83367 info: Winning SC.
83367 info: Winning SC.
83367 info: Winning SC.
83367 info: Winning SC.
83367 info: Winning SC.
83367 info: Best move cannot be determined, must search state.
83367 info: --- MoHexPlayer::Search() ---
83367 info: Color: white
83367 info: MaxGames: 1
83367 info: NumberThreads: 1
83367 info: MaxNodes: 181818181 (15999999928 bytes)
83367 info: TimeForMove: 1
83367 info: Winning sequence found before UCT search!
83367 info: Sequence: c2
83367 info: Winning SC.
83367 info: Winning SC.
83367 info: Winning SC.
83367 info: Winning SC.
83367 info: Winning SC.
83367 info: Winning SC.
83367 info: Winning SC.
83367 info: Winning SC.
83367 info: Captured cells caused win! Removing...
83367 info: Winning SC.
83367 config: ============ BenzeneShutdown =============
83367 config: MoHexProgram:: ShutdownSystem()
83367 config: CommonProgram:: ShutdownSystem()
83367 config: BenzeneProgram:: ShutdownSystem()
Flushing and closing this stream...
