fa007 config: MoHex v2.0.CMake Mar 21 2025.
fa007 config: ============ InitializeSystem ============
fa007 config: BenzeneProgram::InitRandom()
fa007 config: Seed = 216057
fa007 info: Prior Patterns:
fa007 info: Global:
fa007 info: Size            = 565 32648 
fa007 info: TableEntries    = 65932 65910
fa007 info: MirrorsAdded    = 0 0
fa007 info: PrunableCount   = 30593 30629
fa007 info: LargestGamma    = 5820.77
fa007 info: SmallestGamma   = 6.6e-05
fa007 info: Local:
fa007 info: Size            = 550 5318 
fa007 info: TableEntries    = 11602 11588
fa007 info: MirrorsAdded    = 0 0
fa007 info: PrunableCount   = 3659 3667
fa007 info: LargestGamma    = 11281.8
fa007 info: SmallestGamma   = 0.026235
fa007 info: Playout Patterns:
fa007 info: Global:
fa007 info: Size            = 565 32648 
fa007 info: TableEntries    = 70329 70329
fa007 info: MirrorsAdded    = 4397 4419
fa007 info: PrunableCount   = 30593 30629
fa007 info: LargestGamma    = 5820.77
fa007 info: SmallestGamma   = 6.6e-05
fa007 info: Local:
fa007 info: Size            = 550 5318 
fa007 info: TableEntries    = 11602 11588
fa007 info: MirrorsAdded    = 0 0
fa007 info: PrunableCount   = 3659 3667
fa007 info: LargestGamma    = 11281.8
fa007 info: SmallestGamma   = 0.026235
fa007 config: IcePatternSet: reading from '/home/linus/MoHex2.0/nfbranchfix/benzene-vanilla-cmake/share/ice-patterns.txt'.
fa007 config: IcePatternSet: parsed 708 patterns.
fa007 config: VCS: reading captured set patterns from '/home/linus/MoHex2.0/nfbranchfix/benzene-vanilla-cmake/share/vc-captured-set.txt'.
fa007 config: VCS:: parsed 2 patterns.
fa007 config: VCS: reading captured set patterns from '/home/linus/MoHex2.0/nfbranchfix/benzene-vanilla-cmake/share/vc-captured-set.txt'.
fa007 config: VCS:: parsed 2 patterns.
fa007 config: IcePatternSet: reading from '/home/linus/MoHex2.0/nfbranchfix/benzene-vanilla-cmake/share/ice-patterns.txt'.
fa007 config: IcePatternSet: parsed 708 patterns.
fa007 config: VCS: reading captured set patterns from '/home/linus/MoHex2.0/nfbranchfix/benzene-vanilla-cmake/share/vc-captured-set.txt'.
fa007 config: VCS:: parsed 2 patterns.
fa007 config: VCS: reading captured set patterns from '/home/linus/MoHex2.0/nfbranchfix/benzene-vanilla-cmake/share/vc-captured-set.txt'.
fa007 config: VCS:: parsed 2 patterns.
fa007 config: VCS: reading captured set patterns from '/home/linus/MoHex2.0/nfbranchfix/benzene-vanilla-cmake/share/vc-captured-set.txt'.
fa007 config: VCS:: parsed 2 patterns.
fa007 config: VCS: reading captured set patterns from '/home/linus/MoHex2.0/nfbranchfix/benzene-vanilla-cmake/share/vc-captured-set.txt'.
fa007 config: VCS:: parsed 2 patterns.
fa007 config: VCS: reading captured set patterns from '/home/linus/MoHex2.0/nfbranchfix/benzene-vanilla-cmake/share/vc-captured-set.txt'.
fa007 config: VCS:: parsed 2 patterns.
fa007 config: VCS: reading captured set patterns from '/home/linus/MoHex2.0/nfbranchfix/benzene-vanilla-cmake/share/vc-captured-set.txt'.
fa007 config: VCS:: parsed 2 patterns.
fa007 info: SwapCheck: reading from '/home/linus/MoHex2.0/nfbranchfix/benzene-vanilla-cmake/share/swap-moves.txt'.
fa007 info: SwapCheck: playing swap.
fa007 config: VCPattern: loading pattern templates from '/home/linus/MoHex2.0/nfbranchfix/benzene-vanilla-cmake/share/vc-patterns.txt'.
fa007 info: Best move cannot be determined, must search state.
fa007 info: --- MoHexPlayer::Search() ---
fa007 info: Color: black
fa007 info: MaxGames: 1
fa007 info: NumberThreads: 1
fa007 info: MaxNodes: 181818181 (15999999928 bytes)
fa007 info: TimeForMove: 1
fa007 info: PreSearch: max time reached (54/89).
fa007 info: Time for PreSearch: 0.202091s
fa007 info: 
  ae39d2ec0c6b9402
  a  b  c  d  e  f  g  h  i  j  k  
 1\.  .  .  .  .  .  .  .  .  .  .\1
  2\.  .  *  *  *  *  *  *  *  *  *\2
   3\.  *  *  *  *  *  *  *  *  *  *\3
    4\*  *  *  *  *  *  *  *  *  *  *\4
     5\*  *  *  *  *  *  *  *  *  *  *\5
      6\*  *  *  *  *  *  *  *  *  *  *\6
       7\.  *  *  *  *  *  *  *  *  *  *\7
        8\W  B  *  *  *  *  *  *  *  *  *\8
         9\.  *  *  *  *  *  *  *  *  *  .\9
         10\*  *  *  *  *  *  *  *  *  .  .\10
          11\.  .  .  .  .  .  .  .  .  .  .\11
              a  b  c  d  e  f  g  h  i  j  k  
fa007 info: No subtree to reuse.
fa007 info: Creating thread 0
fa007 info: StartSearch()[0]
fa007 config: VCS: reading captured set patterns from '/home/linus/MoHex2.0/nfbranchfix/benzene-vanilla-cmake/share/vc-captured-set.txt'.
fa007 config: VCS:: parsed 2 patterns.
fa007 config: VCS: reading captured set patterns from '/home/linus/MoHex2.0/nfbranchfix/benzene-vanilla-cmake/share/vc-captured-set.txt'.
fa007 config: VCS:: parsed 2 patterns.
fa007 info: 
Elapsed Time   0.348656s
Count          1
GamesPlayed    1
Nodes          1
Knowledge      0 (0.0%)
Expansions     0.0
Time           0.00
GameLen        119.0 dev=0.0 min=119.0 max=119.0
InTree         0.0 dev=0.0 min=0.0 max=0.0
KnowDepth      -
Aborted        0%
Games/s        418.2
Score          0.00
Sequence      
fa007 info: 
fa007 warning: **** MoHexSearch returned empty sequence!
fa007 warning: **** Returning random move!
fa007 info: Best move cannot be determined, must search state.
fa007 info: --- MoHexPlayer::Search() ---
fa007 info: Color: black
fa007 info: MaxGames: 1
fa007 info: NumberThreads: 1
fa007 info: MaxNodes: 181818181 (15999999928 bytes)
fa007 info: TimeForMove: 1
fa007 info: PreSearch: max time reached (51/89).
fa007 info: Time for PreSearch: 0.204176s
fa007 info: 
  3e9ea1239024495d
  a  b  c  d  e  f  g  h  i  j  k  
 1\.  .  .  W  .  .  .  .  .  .  .\1
  2\.  *  *  *  *  *  *  *  *  *  *\2
   3\*  *  *  *  *  *  *  *  *  *  *\3
    4\*  *  *  *  *  *  *  *  *  *  *\4
     5\*  *  *  *  *  *  *  *  *  *  *\5
      6\*  *  *  *  *  *  *  *  *  *  *\6
       7\.  *  *  *  *  *  *  *  *  *  *\7
        8\W  B  *  *  *  *  *  *  *  *  *\8
         9\.  *  *  *  *  *  B  *  *  *  .\9
         10\*  *  *  *  *  *  .  *  *  .  .\10
          11\.  .  .  .  .  .  .  .  .  .  .\11
              a  b  c  d  e  f  g  h  i  j  k  
fa007 info: Old: [black, b8] [white, swap-pieces] [white, a8] 
fa007 info: New: [black, b8] [white, swap-pieces] [white, a8] [black, g9] [white, d1] 
fa007 info: MovesPlayed: [black, g9] [white, d1] 
fa007 info: No subtree to reuse.
fa007 info: StartSearch()[0]
fa007 info: 
Elapsed Time   0.349501s
Count          1
GamesPlayed    1
Nodes          1
Knowledge      0 (0.0%)
Expansions     0.0
Time           0.00
GameLen        117.0 dev=0.0 min=117.0 max=117.0
InTree         0.0 dev=0.0 min=0.0 max=0.0
KnowDepth      -
Aborted        0%
Games/s        3484.3
Score          0.00
Sequence      
fa007 info: 
fa007 warning: **** MoHexSearch returned empty sequence!
fa007 warning: **** Returning random move!
fa007 info: Best move cannot be determined, must search state.
fa007 info: --- MoHexPlayer::Search() ---
fa007 info: Color: black
fa007 info: MaxGames: 1
fa007 info: NumberThreads: 1
fa007 info: MaxNodes: 181818181 (15999999928 bytes)
fa007 info: TimeForMove: 1
fa007 info: PreSearch: max time reached (68/84).
fa007 info: Time for PreSearch: 0.201894s
fa007 info: 
  f1d81b40591f9dba
  a  b  c  d  e  f  g  h  i  j  k  
 1\w  .  .  W  .  .  .  .  .  .  .\1
  2\w  *  *  *  *  *  *  *  *  *  *\2
   3\W  *  *  *  *  *  *  *  *  *  *\3
    4\.  *  *  *  *  *  *  *  *  *  *\4
     5\*  *  *  *  *  *  *  *  *  *  *\5
      6\*  *  *  *  *  *  *  *  *  *  *\6
       7\.  *  *  *  *  *  *  *  *  *  *\7
        8\W  B  *  *  *  *  *  *  *  *  *\8
         9\.  *  *  *  *  .  B  .  *  .  .\9
         10\*  *  .  .  .  B  b  .  *  .  .\10
          11\.  .  .  b  b  b  b  b  .  .  .\11
              a  b  c  d  e  f  g  h  i  j  k  
fa007 info: Old: [black, b8] [white, swap-pieces] [white, a8] [black, g9] [white, d1] 
fa007 info: New: [black, b8] [white, swap-pieces] [white, a8] [black, g9] [white, d1] [black, f10] [white, a3] 
fa007 info: MovesPlayed: [black, f10] [white, a3] 
fa007 info: No subtree to reuse.
fa007 info: StartSearch()[0]
fa007 info: 
Elapsed Time   0.342936s
Count          1
GamesPlayed    1
Nodes          1
Knowledge      0 (0.0%)
Expansions     0.0
Time           0.00
GameLen        107.0 dev=0.0 min=107.0 max=107.0
InTree         0.0 dev=0.0 min=0.0 max=0.0
KnowDepth      -
Aborted        0%
Games/s        3496.5
Score          1.00
Sequence      
fa007 info: 
fa007 warning: **** MoHexSearch returned empty sequence!
fa007 warning: **** Returning random move!
fa007 info: Best move cannot be determined, must search state.
fa007 info: --- MoHexPlayer::Search() ---
fa007 info: Color: black
fa007 info: MaxGames: 1
fa007 info: NumberThreads: 1
fa007 info: MaxNodes: 181818181 (15999999928 bytes)
fa007 info: TimeForMove: 1
fa007 info: PreSearch: max time reached (80/83).
fa007 info: Time for PreSearch: 0.201097s
fa007 info: 
  67168cf1f40d608f
  a  b  c  d  e  f  g  h  i  j  k  
 1\w  .  .  W  .  .  .  .  .  .  .\1
  2\w  *  *  *  *  *  *  *  *  *  *\2
   3\W  *  *  *  *  *  *  *  *  *  *\3
    4\.  *  *  *  *  *  *  *  *  *  *\4
     5\*  *  *  *  *  *  *  *  *  *  *\5
      6\*  *  *  *  *  *  *  *  *  *  *\6
       7\.  *  *  *  *  *  *  *  *  *  *\7
        8\W  B  *  *  *  *  *  *  .  .  B\8
         9\.  *  *  *  *  .  B  .  .  .  .\9
         10\*  *  *  *  .  B  b  .  .  .  .\10
          11\.  .  W  .  b  b  b  b  .  .  .\11
              a  b  c  d  e  f  g  h  i  j  k  
fa007 info: Old: [black, b8] [white, swap-pieces] [white, a8] [black, g9] [white, d1] [black, f10] [white, a3] 
fa007 info: New: [black, b8] [white, swap-pieces] [white, a8] [black, g9] [white, d1] [black, f10] [white, a3] [black, k8] [white, c11] 
fa007 info: MovesPlayed: [black, k8] [white, c11] 
fa007 info: No subtree to reuse.
fa007 info: StartSearch()[0]
fa007 info: 
Elapsed Time   0.407883s
Count          1
GamesPlayed    1
Nodes          1
Knowledge      0 (0.0%)
Expansions     0.0
Time           0.00
GameLen        106.0 dev=0.0 min=106.0 max=106.0
InTree         0.0 dev=0.0 min=0.0 max=0.0
KnowDepth      -
Aborted        0%
Games/s        3521.1
Score          0.00
Sequence      
fa007 info: 
fa007 warning: **** MoHexSearch returned empty sequence!
fa007 warning: **** Returning random move!
fa007 info: Best move cannot be determined, must search state.
fa007 info: --- MoHexPlayer::Search() ---
fa007 info: Color: black
fa007 info: MaxGames: 1
fa007 info: NumberThreads: 1
fa007 info: MaxNodes: 181818181 (15999999928 bytes)
fa007 info: TimeForMove: 1
fa007 info: Time for PreSearch: 0.200869s
fa007 info: 
  714f16931ac02c94
  a  b  c  d  e  f  g  h  i  j  k  
 1\w  .  .  W  .  .  .  .  .  .  .\1
  2\w  *  *  *  *  *  *  *  *  *  *\2
   3\W  *  *  *  *  *  *  *  *  *  *\3
    4\.  *  *  *  *  *  *  *  *  *  *\4
     5\*  *  *  *  *  *  *  *  *  *  *\5
      6\.  *  W  *  *  *  *  *  *  *  *\6
       7\.  .  .  *  *  *  *  *  *  *  *\7
        8\W  B  .  *  *  *  *  *  .  .  B\8
         9\b  B  *  *  *  .  B  .  .  .  .\9
         10\.  *  *  *  .  B  b  .  .  .  .\10
          11\.  .  W  .  b  b  b  b  .  .  .\11
              a  b  c  d  e  f  g  h  i  j  k  
fa007 info: Old: [black, b8] [white, swap-pieces] [white, a8] [black, g9] [white, d1] [black, f10] [white, a3] [black, k8] [white, c11] 
fa007 info: New: [black, b8] [white, swap-pieces] [white, a8] [black, g9] [white, d1] [black, f10] [white, a3] [black, k8] [white, c11] [black, b9] [white, c6] 
fa007 info: MovesPlayed: [black, b9] [white, c6] 
fa007 info: No subtree to reuse.
fa007 info: StartSearch()[0]
fa007 info: 
Elapsed Time   0.342111s
Count          1
GamesPlayed    1
Nodes          1
Knowledge      0 (0.0%)
Expansions     0.0
Time           0.00
GameLen        103.0 dev=0.0 min=103.0 max=103.0
InTree         0.0 dev=0.0 min=0.0 max=0.0
KnowDepth      -
Aborted        0%
Games/s        3521.1
Score          1.00
Sequence      
fa007 info: 
fa007 warning: **** MoHexSearch returned empty sequence!
fa007 warning: **** Returning random move!
fa007 info: Best move cannot be determined, must search state.
fa007 info: --- MoHexPlayer::Search() ---
fa007 info: Color: black
fa007 info: MaxGames: 1
fa007 info: NumberThreads: 1
fa007 info: MaxNodes: 181818181 (15999999928 bytes)
fa007 info: TimeForMove: 1
fa007 info: PreSearch: max time reached (68/69).
fa007 info: Time for PreSearch: 0.20141s
fa007 info: 
  c4cd5e1138bb409b
  a  b  c  d  e  f  g  h  i  j  k  
 1\w  .  .  W  .  .  .  .  .  .  .\1
  2\w  *  *  *  *  *  *  *  *  *  *\2
   3\W  *  *  *  *  *  *  *  *  *  *\3
    4\.  *  *  *  *  *  *  *  *  *  *\4
     5\*  *  *  *  *  *  *  *  *  *  *\5
      6\.  *  W  *  *  *  *  *  *  *  *\6
       7\.  .  .  *  *  *  *  *  *  *  .\7
        8\W  B  .  *  B  *  *  *  *  .  B\8
         9\b  B  *  *  *  .  B  .  W  *  .\9
         10\.  *  *  *  .  B  b  b  .  .  .\10
          11\.  .  W  .  b  b  b  b  b  b  b\11
              a  b  c  d  e  f  g  h  i  j  k  
fa007 info: Old: [black, b8] [white, swap-pieces] [white, a8] [black, g9] [white, d1] [black, f10] [white, a3] [black, k8] [white, c11] [black, b9] [white, c6] 
fa007 info: New: [black, b8] [white, swap-pieces] [white, a8] [black, g9] [white, d1] [black, f10] [white, a3] [black, k8] [white, c11] [black, b9] [white, c6] [black, e8] [white, i9] 
fa007 info: MovesPlayed: [black, e8] [white, i9] 
fa007 info: No subtree to reuse.
fa007 info: StartSearch()[0]
fa007 info: 
Elapsed Time   0.342171s
Count          1
GamesPlayed    1
Nodes          1
Knowledge      0 (0.0%)
Expansions     0.0
Time           0.00
GameLen        97.0 dev=0.0 min=97.0 max=97.0
InTree         0.0 dev=0.0 min=0.0 max=0.0
KnowDepth      -
Aborted        0%
Games/s        3623.2
Score          1.00
Sequence      
fa007 info: 
fa007 warning: **** MoHexSearch returned empty sequence!
fa007 warning: **** Returning random move!
fa007 info: Best move cannot be determined, must search state.
fa007 info: --- MoHexPlayer::Search() ---
fa007 info: Color: black
fa007 info: MaxGames: 1
fa007 info: NumberThreads: 1
fa007 info: MaxNodes: 181818181 (15999999928 bytes)
fa007 info: TimeForMove: 1
fa007 info: Time for PreSearch: 0.180851s
fa007 info: 
  43d32556a6c826dd
  a  b  c  d  e  f  g  h  i  j  k  
 1\w  .  .  W  .  .  .  .  .  .  .\1
  2\w  *  *  *  *  *  *  *  *  *  *\2
   3\W  *  *  *  *  *  *  *  *  *  *\3
    4\.  *  *  *  *  *  *  W  *  *  *\4
     5\*  *  *  *  *  *  *  *  *  *  B\5
      6\.  *  W  *  *  *  *  *  *  *  *\6
       7\.  .  .  *  *  *  *  *  *  *  .\7
        8\W  B  .  *  B  *  *  *  *  .  B\8
         9\b  B  *  *  *  .  B  .  W  *  .\9
         10\.  *  *  *  .  B  b  b  .  .  .\10
          11\.  .  W  .  b  b  b  b  b  b  b\11
              a  b  c  d  e  f  g  h  i  j  k  
fa007 info: Old: [black, b8] [white, swap-pieces] [white, a8] [black, g9] [white, d1] [black, f10] [white, a3] [black, k8] [white, c11] [black, b9] [white, c6] [black, e8] [white, i9] 
fa007 info: New: [black, b8] [white, swap-pieces] [white, a8] [black, g9] [white, d1] [black, f10] [white, a3] [black, k8] [white, c11] [black, b9] [white, c6] [black, e8] [white, i9] [black, k5] [white, h4] 
fa007 info: MovesPlayed: [black, k5] [white, h4] 
fa007 info: No subtree to reuse.
fa007 info: StartSearch()[0]
fa007 info: 
Elapsed Time   0.326355s
Count          1
GamesPlayed    1
Nodes          1
Knowledge      0 (0.0%)
Expansions     0.0
Time           0.00
GameLen        95.0 dev=0.0 min=95.0 max=95.0
InTree         0.0 dev=0.0 min=0.0 max=0.0
KnowDepth      -
Aborted        0%
Games/s        3086.4
Score          1.00
Sequence      
fa007 info: 
fa007 warning: **** MoHexSearch returned empty sequence!
fa007 warning: **** Returning random move!
fa007 info: Best move cannot be determined, must search state.
fa007 info: --- MoHexPlayer::Search() ---
fa007 info: Color: black
fa007 info: MaxGames: 1
fa007 info: NumberThreads: 1
fa007 info: MaxNodes: 181818181 (15999999928 bytes)
fa007 info: TimeForMove: 1
fa007 info: Time for PreSearch: 0.190108s
fa007 info: 
  54cc69ddd94c1695
  a  b  c  d  e  f  g  h  i  j  k  
 1\w  .  .  W  .  .  .  .  .  .  .\1
  2\w  *  *  *  *  *  *  *  *  *  *\2
   3\W  *  *  *  *  *  *  *  *  *  *\3
    4\.  *  *  *  *  *  *  W  *  *  .\4
     5\*  *  *  *  *  *  *  *  *  B  B\5
      6\.  *  W  *  *  *  *  *  *  .  .\6
       7\W  .  .  *  *  *  *  *  *  *  .\7
        8\W  B  .  *  B  *  *  *  *  .  B\8
         9\b  B  *  *  *  .  B  .  W  *  .\9
         10\.  *  *  *  .  B  b  b  .  .  .\10
          11\.  .  W  .  b  b  b  b  b  b  b\11
              a  b  c  d  e  f  g  h  i  j  k  
fa007 info: Old: [black, b8] [white, swap-pieces] [white, a8] [black, g9] [white, d1] [black, f10] [white, a3] [black, k8] [white, c11] [black, b9] [white, c6] [black, e8] [white, i9] [black, k5] [white, h4] 
fa007 info: New: [black, b8] [white, swap-pieces] [white, a8] [black, g9] [white, d1] [black, f10] [white, a3] [black, k8] [white, c11] [black, b9] [white, c6] [black, e8] [white, i9] [black, k5] [white, h4] [black, j5] [white, a7] 
fa007 info: MovesPlayed: [black, j5] [white, a7] 
fa007 info: No subtree to reuse.
fa007 info: StartSearch()[0]
fa007 info: 
Elapsed Time   0.33043s
Count          1
GamesPlayed    1
Nodes          1
Knowledge      0 (0.0%)
Expansions     0.0
Time           0.00
GameLen        93.0 dev=0.0 min=93.0 max=93.0
InTree         0.0 dev=0.0 min=0.0 max=0.0
KnowDepth      -
Aborted        0%
Games/s        3367.0
Score          1.00
Sequence      
fa007 info: 
fa007 warning: **** MoHexSearch returned empty sequence!
fa007 warning: **** Returning random move!
fa007 info: Winning SC.
fa007 info: Winning SC.
fa007 info: Winning SC.
fa007 info: Winning SC.
fa007 info: Winning SC.
fa007 info: Winning SC.
fa007 info: Winning SC.
fa007 info: Winning SC.
fa007 info: Winning SC.
fa007 config: ============ BenzeneShutdown =============
fa007 config: MoHexProgram:: ShutdownSystem()
fa007 config: CommonProgram:: ShutdownSystem()
fa007 config: BenzeneProgram:: ShutdownSystem()
Flushing and closing this stream...
