# nice ../build/src/mohex/mohex --config mohex-weak.htp --seed 910441 --logfile-name jobs/11x11-mohex-mohex-cg2010-vs-mohex-mohex-weak-3/mohex-mohex-weak-390.log
>boardsize 11 11
MoHex 2.0.CMake Mar 21 2025
Copyright (C) 2007-2012 by the authors of the Benzene project.
This program comes with ABSOLUTELY NO WARRANTY. This is
free software and you are welcome to redistribute it under
certain conditions. Type `benzene-license' for details.

SgRandom::SetSeed: 910441
SgUctSearch: system memory 33632358400, using 1000000000 (5681818 nodes)
SgRandom::SetSeed: 1
SgRandom::SetSeed: 910441
1a407 info: Prior Patterns:
1a407 info: Global:
1a407 info: Size            = 565 32648 
1a407 info: TableEntries    = 65932 65910
1a407 info: MirrorsAdded    = 0 0
1a407 info: PrunableCount   = 30593 30629
1a407 info: LargestGamma    = 5820.77
1a407 info: SmallestGamma   = 6.6e-05
1a407 info: Local:
1a407 info: Size            = 550 5318 
1a407 info: TableEntries    = 11602 11588
1a407 info: MirrorsAdded    = 0 0
1a407 info: PrunableCount   = 3659 3667
1a407 info: LargestGamma    = 11281.8
1a407 info: SmallestGamma   = 0.026235
1a407 info: Playout Patterns:
1a407 info: Global:
1a407 info: Size            = 565 32648 
1a407 info: TableEntries    = 70329 70329
1a407 info: MirrorsAdded    = 4397 4419
1a407 info: PrunableCount   = 30593 30629
1a407 info: LargestGamma    = 5820.77
1a407 info: SmallestGamma   = 6.6e-05
1a407 info: Local:
1a407 info: Size            = 550 5318 
1a407 info: TableEntries    = 11602 11588
1a407 info: MirrorsAdded    = 0 0
1a407 info: PrunableCount   = 3659 3667
1a407 info: LargestGamma    = 11281.8
1a407 info: SmallestGamma   = 0.026235
param_game allow_swap 1
= 

param_mohex max_memory 1600000
= 

param_mohex num_threads 1
= 

param_mohex max_time 1
= 

param_mohex max_games 1
= 

param_mohex knowledge_threshold 400
= 

param_mohex reuse_subtree 1
= 

param_mohex use_parallel_solver 0
= 

<= 
<
>name
<= MoHex
<
>version
<= 2.0.CMake
<
>play b g9
<= 
<
>genmove w
<= swap-pieces
<
>showboard
1a407 info: SwapCheck: reading from '/home/linus/MoHex2.0/nfbranchfix/benzene-vanilla-cmake/share/swap-moves.txt'.
1a407 info: SwapCheck: playing swap.
<= 
< 
<  d9cab16500599cef
<  a  b  c  d  e  f  g  h  i  j  k  
< 1\.  .  .  .  .  .  .  .  .  .  .\1
<  2\.  .  .  .  .  .  .  .  .  .  .\2
<   3\.  .  .  .  .  .  .  .  .  .  .\3
<    4\.  .  .  .  .  .  .  .  .  .  .\4
<     5\.  .  .  .  .  .  .  .  .  .  .\5
<      6\.  .  .  .  .  .  .  .  .  .  .\6
<       7\.  .  .  .  .  .  .  .  .  .  .\7
<        8\.  .  .  .  .  .  .  .  .  .  .\8
<         9\.  .  .  .  .  .  B  .  .  .  .\9
<         10\.  .  .  .  .  .  .  .  .  .  .\10
<          11\.  .  .  .  .  .  .  .  .  .  .\11
<              a  b  c  d  e  f  g  h  i  j  k  
<
>play w d5
<= 
<
>showboard
<= 
< 
<  a5005a37919c54b6
<  a  b  c  d  e  f  g  h  i  j  k  
< 1\.  .  .  .  .  .  .  .  .  .  .\1
<  2\.  .  .  .  .  .  .  .  .  .  .\2
<   3\.  .  .  .  .  .  .  .  .  .  .\3
<    4\.  .  .  .  .  .  .  .  .  .  .\4
<     5\.  .  .  W  .  .  .  .  .  .  .\5
<      6\.  .  .  .  .  .  .  .  .  .  .\6
<       7\.  .  .  .  .  .  .  .  .  .  .\7
<        8\.  .  .  .  .  .  .  .  .  .  .\8
<         9\.  .  .  .  .  .  B  .  .  .  .\9
<         10\.  .  .  .  .  .  .  .  .  .  .\10
<          11\.  .  .  .  .  .  .  .  .  .  .\11
<              a  b  c  d  e  f  g  h  i  j  k  
<
>genmove b
<= g3
<
>showboard
1a407 info: Best move cannot be determined, must search state.
1a407 info: --- MoHexPlayer::Search() ---
1a407 info: Color: black
1a407 info: MaxGames: 1
1a407 info: NumberThreads: 1
1a407 info: MaxNodes: 9090 (799920 bytes)
1a407 info: TimeForMove: 1
1a407 info: PreSearch: max time reached (46/90).
1a407 info: Time for PreSearch: 0.203259s
1a407 info: 
  a5005a37919c54b6
  a  b  c  d  e  f  g  h  i  j  k  
 1\.  .  .  .  .  .  .  .  .  .  .\1
  2\.  .  *  *  *  *  *  *  *  *  *\2
   3\.  *  *  *  *  *  *  *  *  *  *\3
    4\*  *  *  *  *  *  *  *  *  *  *\4
     5\*  *  *  W  *  *  *  *  *  *  *\5
      6\*  *  *  *  *  *  *  *  *  *  *\6
       7\*  *  *  *  *  *  *  *  *  *  *\7
        8\*  *  *  *  *  *  *  *  *  *  *\8
         9\*  *  *  *  *  *  B  *  *  *  .\9
         10\*  *  *  *  *  *  .  *  *  .  .\10
          11\.  .  .  .  .  .  .  .  .  .  .\11
              a  b  c  d  e  f  g  h  i  j  k  
1a407 info: No subtree to reuse.
1a407 info: Creating thread 0
1a407 info: StartSearch()[0]
SgUctSearch: max games reached
1a407 info: 
Elapsed Time   0.531536s
Count          1
GamesPlayed    1
Nodes          1
Knowledge      0 (0.0%)
Expansions     0.0
Time           0.00
GameLen        119.0 dev=0.0 min=119.0 max=119.0
InTree         0.0 dev=0.0 min=0.0 max=0.0
KnowDepth      -
Aborted        0%
Games/s        219.9
Score          0.00
Sequence      
1a407 info: 
1a407 warning: **** MoHexSearch returned empty sequence!
1a407 warning: **** Returning random move!
<= 
< 
<  1656788df4ca02c0
<  a  b  c  d  e  f  g  h  i  j  k  
< 1\.  .  .  .  .  .  .  .  .  .  .\1
<  2\.  .  .  .  .  .  .  .  .  .  .\2
<   3\.  .  .  .  .  .  B  .  .  .  .\3
<    4\.  .  .  .  .  .  .  .  .  .  .\4
<     5\.  .  .  W  .  .  .  .  .  .  .\5
<      6\.  .  .  .  .  .  .  .  .  .  .\6
<       7\.  .  .  .  .  .  .  .  .  .  .\7
<        8\.  .  .  .  .  .  .  .  .  .  .\8
<         9\.  .  .  .  .  .  B  .  .  .  .\9
<         10\.  .  .  .  .  .  .  .  .  .  .\10
<          11\.  .  .  .  .  .  .  .  .  .  .\11
<              a  b  c  d  e  f  g  h  i  j  k  
<
>play w f4
<= 
<
>showboard
<= 
< 
<  1a6561cbce092e63
<  a  b  c  d  e  f  g  h  i  j  k  
< 1\.  .  .  .  .  .  .  .  .  .  .\1
<  2\.  .  .  .  .  .  .  .  .  .  .\2
<   3\.  .  .  .  .  .  B  .  .  .  .\3
<    4\.  .  .  .  .  W  .  .  .  .  .\4
<     5\.  .  .  W  .  .  .  .  .  .  .\5
<      6\.  .  .  .  .  .  .  .  .  .  .\6
<       7\.  .  .  .  .  .  .  .  .  .  .\7
<        8\.  .  .  .  .  .  .  .  .  .  .\8
<         9\.  .  .  .  .  .  B  .  .  .  .\9
<         10\.  .  .  .  .  .  .  .  .  .  .\10
<          11\.  .  .  .  .  .  .  .  .  .  .\11
<              a  b  c  d  e  f  g  h  i  j  k  
<
>genmove b
<= i10
<
>showboard
1a407 info: Best move cannot be determined, must search state.
1a407 info: --- MoHexPlayer::Search() ---
1a407 info: Color: black
1a407 info: MaxGames: 1
1a407 info: NumberThreads: 1
1a407 info: MaxNodes: 9090 (799920 bytes)
1a407 info: TimeForMove: 1
1a407 info: PreSearch: max time reached (46/87).
1a407 info: Time for PreSearch: 0.20269s
1a407 info: 
  1a6561cbce092e63
  a  b  c  d  e  f  g  h  i  j  k  
 1\.  .  .  .  .  .  .  .  .  .  .\1
  2\.  .  *  *  *  *  *  .  *  *  *\2
   3\.  *  *  *  *  *  B  *  *  *  *\3
    4\*  *  *  *  *  W  *  *  *  *  *\4
     5\*  *  *  W  *  *  *  *  *  *  *\5
      6\*  *  *  *  *  *  *  *  *  *  *\6
       7\*  *  *  *  *  *  *  *  *  *  *\7
        8\*  *  *  *  *  *  *  *  *  *  *\8
         9\*  *  *  *  *  *  B  *  *  *  .\9
         10\*  *  *  *  *  *  .  *  *  .  .\10
          11\.  .  .  .  .  .  .  .  .  .  .\11
              a  b  c  d  e  f  g  h  i  j  k  
1a407 info: Old: [black, g9] [white, swap-pieces] [white, d5] 
1a407 info: New: [black, g9] [white, swap-pieces] [white, d5] [black, g3] [white, f4] 
1a407 info: MovesPlayed: [black, g3] [white, f4] 
1a407 info: No subtree to reuse.
1a407 info: StartSearch()[0]
SgUctSearch: max games reached
1a407 info: 
Elapsed Time   0.348363s
Count          1
GamesPlayed    1
Nodes          1
Knowledge      0 (0.0%)
Expansions     0.0
Time           0.00
GameLen        117.0 dev=0.0 min=117.0 max=117.0
InTree         0.0 dev=0.0 min=0.0 max=0.0
KnowDepth      -
Aborted        0%
Games/s        3246.8
Score          0.00
Sequence      
1a407 info: 
1a407 warning: **** MoHexSearch returned empty sequence!
1a407 warning: **** Returning random move!
<= 
< 
<  f48338e3568921b8
<  a  b  c  d  e  f  g  h  i  j  k  
< 1\.  .  .  .  .  .  .  .  .  .  .\1
<  2\.  .  .  .  .  .  .  .  .  .  .\2
<   3\.  .  .  .  .  .  B  .  .  .  .\3
<    4\.  .  .  .  .  W  .  .  .  .  .\4
<     5\.  .  .  W  .  .  .  .  .  .  .\5
<      6\.  .  .  .  .  .  .  .  .  .  .\6
<       7\.  .  .  .  .  .  .  .  .  .  .\7
<        8\.  .  .  .  .  .  .  .  .  .  .\8
<         9\.  .  .  .  .  .  B  .  .  .  .\9
<         10\.  .  .  .  .  .  .  .  B  .  .\10
<          11\.  .  .  .  .  .  .  .  .  .  .\11
<              a  b  c  d  e  f  g  h  i  j  k  
<
>play w j5
<= 
<
>showboard
<= 
< 
<  f2a5a541ed495e0f
<  a  b  c  d  e  f  g  h  i  j  k  
< 1\.  .  .  .  .  .  .  .  .  .  .\1
<  2\.  .  .  .  .  .  .  .  .  .  .\2
<   3\.  .  .  .  .  .  B  .  .  .  .\3
<    4\.  .  .  .  .  W  .  .  .  .  .\4
<     5\.  .  .  W  .  .  .  .  .  W  .\5
<      6\.  .  .  .  .  .  .  .  .  .  .\6
<       7\.  .  .  .  .  .  .  .  .  .  .\7
<        8\.  .  .  .  .  .  .  .  .  .  .\8
<         9\.  .  .  .  .  .  B  .  .  .  .\9
<         10\.  .  .  .  .  .  .  .  B  .  .\10
<          11\.  .  .  .  .  .  .  .  .  .  .\11
<              a  b  c  d  e  f  g  h  i  j  k  
<
>genmove b
<= b9
<
>showboard
1a407 info: Best move cannot be determined, must search state.
1a407 info: --- MoHexPlayer::Search() ---
1a407 info: Color: black
1a407 info: MaxGames: 1
1a407 info: NumberThreads: 1
1a407 info: MaxNodes: 9090 (799920 bytes)
1a407 info: TimeForMove: 1
1a407 info: Time for PreSearch: 0.107754s
1a407 info: 
  f2a5a541ed495e0f
  a  b  c  d  e  f  g  h  i  j  k  
 1\.  .  .  .  .  .  .  .  .  .  .\1
  2\.  .  .  .  .  .  .  .  .  *  .\2
   3\.  .  .  .  .  .  B  .  *  *  w\3
    4\*  *  *  .  *  W  *  *  *  .  w\4
     5\*  *  *  W  *  *  *  *  *  W  w\5
      6\*  .  *  .  .  .  *  *  *  .  w\6
       7\*  *  *  .  .  .  .  .  .  .  .\7
        8\*  *  .  .  .  .  .  .  .  .  .\8
         9\*  .  .  .  .  .  B  .  .  .  .\9
         10\.  .  .  .  .  .  .  .  B  b  b\10
          11\.  .  .  .  .  .  b  b  b  b  b\11
              a  b  c  d  e  f  g  h  i  j  k  
1a407 info: Old: [black, g9] [white, swap-pieces] [white, d5] [black, g3] [white, f4] 
1a407 info: New: [black, g9] [white, swap-pieces] [white, d5] [black, g3] [white, f4] [black, i10] [white, j5] 
1a407 info: MovesPlayed: [black, i10] [white, j5] 
1a407 info: No subtree to reuse.
1a407 info: StartSearch()[0]
SgUctSearch: max games reached
1a407 info: 
Elapsed Time   0.25341s
Count          1
GamesPlayed    1
Nodes          1
Knowledge      0 (0.0%)
Expansions     0.0
Time           0.00
GameLen        104.0 dev=0.0 min=104.0 max=104.0
InTree         0.0 dev=0.0 min=0.0 max=0.0
KnowDepth      -
Aborted        0%
Games/s        2816.9
Score          1.00
Sequence      
1a407 info: 
1a407 warning: **** MoHexSearch returned empty sequence!
1a407 warning: **** Returning random move!
<= 
< 
<  a1beda1aea564954
<  a  b  c  d  e  f  g  h  i  j  k  
< 1\.  .  .  .  .  .  .  .  .  .  .\1
<  2\.  .  .  .  .  .  .  .  .  .  .\2
<   3\.  .  .  .  .  .  B  .  .  .  .\3
<    4\.  .  .  .  .  W  .  .  .  .  .\4
<     5\.  .  .  W  .  .  .  .  .  W  .\5
<      6\.  .  .  .  .  .  .  .  .  .  .\6
<       7\.  .  .  .  .  .  .  .  .  .  .\7
<        8\.  .  .  .  .  .  .  .  .  .  .\8
<         9\.  B  .  .  .  .  B  .  .  .  .\9
<         10\.  .  .  .  .  .  .  .  B  .  .\10
<          11\.  .  .  .  .  .  .  .  .  .  .\11
<              a  b  c  d  e  f  g  h  i  j  k  
<
>play w g5
<= 
<
>showboard
<= 
< 
<  a9d26ea6c673208d
<  a  b  c  d  e  f  g  h  i  j  k  
< 1\.  .  .  .  .  .  .  .  .  .  .\1
<  2\.  .  .  .  .  .  .  .  .  .  .\2
<   3\.  .  .  .  .  .  B  .  .  .  .\3
<    4\.  .  .  .  .  W  .  .  .  .  .\4
<     5\.  .  .  W  .  .  W  .  .  W  .\5
<      6\.  .  .  .  .  .  .  .  .  .  .\6
<       7\.  .  .  .  .  .  .  .  .  .  .\7
<        8\.  .  .  .  .  .  .  .  .  .  .\8
<         9\.  B  .  .  .  .  B  .  .  .  .\9
<         10\.  .  .  .  .  .  .  .  B  .  .\10
<          11\.  .  .  .  .  .  .  .  .  .  .\11
<              a  b  c  d  e  f  g  h  i  j  k  
<
>genmove b
<= i4
<
>showboard
1a407 info: Opponent has won; playing most blocking move.
<= 
< 
<  ff047b5dc388b410
<  a  b  c  d  e  f  g  h  i  j  k  
< 1\.  .  .  .  .  .  .  .  .  .  .\1
<  2\.  .  .  .  .  .  .  .  .  .  .\2
<   3\.  .  .  .  .  .  B  .  .  .  .\3
<    4\.  .  .  .  .  W  .  .  B  .  .\4
<     5\.  .  .  W  .  .  W  .  .  W  .\5
<      6\.  .  .  .  .  .  .  .  .  .  .\6
<       7\.  .  .  .  .  .  .  .  .  .  .\7
<        8\.  .  .  .  .  .  .  .  .  .  .\8
<         9\.  B  .  .  .  .  B  .  .  .  .\9
<         10\.  .  .  .  .  .  .  .  B  .  .\10
<          11\.  .  .  .  .  .  .  .  .  .  .\11
<              a  b  c  d  e  f  g  h  i  j  k  
<
>play w h6
<= 
<
>showboard
<= 
< 
<  f9cef4aac0f5fa6e
<  a  b  c  d  e  f  g  h  i  j  k  
< 1\.  .  .  .  .  .  .  .  .  .  .\1
<  2\.  .  .  .  .  .  .  .  .  .  .\2
<   3\.  .  .  .  .  .  B  .  .  .  .\3
<    4\.  .  .  .  .  W  .  .  B  .  .\4
<     5\.  .  .  W  .  .  W  .  .  W  .\5
<      6\.  .  .  .  .  .  .  W  .  .  .\6
<       7\.  .  .  .  .  .  .  .  .  .  .\7
<        8\.  .  .  .  .  .  .  .  .  .  .\8
<         9\.  B  .  .  .  .  B  .  .  .  .\9
<         10\.  .  .  .  .  .  .  .  B  .  .\10
<          11\.  .  .  .  .  .  .  .  .  .  .\11
<              a  b  c  d  e  f  g  h  i  j  k  
<
>genmove b
<= h5
<
>showboard
1a407 info: Opponent has won; playing most blocking move.
<= 
< 
<  03089f4a522f8f02
<  a  b  c  d  e  f  g  h  i  j  k  
< 1\.  .  .  .  .  .  .  .  .  .  .\1
<  2\.  .  .  .  .  .  .  .  .  .  .\2
<   3\.  .  .  .  .  .  B  .  .  .  .\3
<    4\.  .  .  .  .  W  .  .  B  .  .\4
<     5\.  .  .  W  .  .  W  B  .  W  .\5
<      6\.  .  .  .  .  .  .  W  .  .  .\6
<       7\.  .  .  .  .  .  .  .  .  .  .\7
<        8\.  .  .  .  .  .  .  .  .  .  .\8
<         9\.  B  .  .  .  .  B  .  .  .  .\9
<         10\.  .  .  .  .  .  .  .  B  .  .\10
<          11\.  .  .  .  .  .  .  .  .  .  .\11
<              a  b  c  d  e  f  g  h  i  j  k  
<
>play w g6
<= 
<
>showboard
<= 
< 
<  63d35345f2c7d753
<  a  b  c  d  e  f  g  h  i  j  k  
< 1\.  .  .  .  .  .  .  .  .  .  .\1
<  2\.  .  .  .  .  .  .  .  .  .  .\2
<   3\.  .  .  .  .  .  B  .  .  .  .\3
<    4\.  .  .  .  .  W  .  .  B  .  .\4
<     5\.  .  .  W  .  .  W  B  .  W  .\5
<      6\.  .  .  .  .  .  W  W  .  .  .\6
<       7\.  .  .  .  .  .  .  .  .  .  .\7
<        8\.  .  .  .  .  .  .  .  .  .  .\8
<         9\.  B  .  .  .  .  B  .  .  .  .\9
<         10\.  .  .  .  .  .  .  .  B  .  .\10
<          11\.  .  .  .  .  .  .  .  .  .  .\11
<              a  b  c  d  e  f  g  h  i  j  k  
<
>genmove b
<= f5
<
>showboard
1a407 info: Opponent has won; playing most blocking move.
<= 
< 
<  8c5f3a3344dc8eaa
<  a  b  c  d  e  f  g  h  i  j  k  
< 1\.  .  .  .  .  .  .  .  .  .  .\1
<  2\.  .  .  .  .  .  .  .  .  .  .\2
<   3\.  .  .  .  .  .  B  .  .  .  .\3
<    4\.  .  .  .  .  W  .  .  B  .  .\4
<     5\.  .  .  W  .  B  W  B  .  W  .\5
<      6\.  .  .  .  .  .  W  W  .  .  .\6
<       7\.  .  .  .  .  .  .  .  .  .  .\7
<        8\.  .  .  .  .  .  .  .  .  .  .\8
<         9\.  B  .  .  .  .  B  .  .  .  .\9
<         10\.  .  .  .  .  .  .  .  B  .  .\10
<          11\.  .  .  .  .  .  .  .  .  .  .\11
<              a  b  c  d  e  f  g  h  i  j  k  
<
>play w d6
<= 
<
>showboard
<= 
< 
<  893a40148f5e50d9
<  a  b  c  d  e  f  g  h  i  j  k  
< 1\.  .  .  .  .  .  .  .  .  .  .\1
<  2\.  .  .  .  .  .  .  .  .  .  .\2
<   3\.  .  .  .  .  .  B  .  .  .  .\3
<    4\.  .  .  .  .  W  .  .  B  .  .\4
<     5\.  .  .  W  .  B  W  B  .  W  .\5
<      6\.  .  .  W  .  .  W  W  .  .  .\6
<       7\.  .  .  .  .  .  .  .  .  .  .\7
<        8\.  .  .  .  .  .  .  .  .  .  .\8
<         9\.  B  .  .  .  .  B  .  .  .  .\9
<         10\.  .  .  .  .  .  .  .  B  .  .\10
<          11\.  .  .  .  .  .  .  .  .  .  .\11
<              a  b  c  d  e  f  g  h  i  j  k  
<
>genmove b
<= i6
<
>showboard
1a407 info: Opponent has won; playing most blocking move.
<= 
< 
<  67490fd19591cc16
<  a  b  c  d  e  f  g  h  i  j  k  
< 1\.  .  .  .  .  .  .  .  .  .  .\1
<  2\.  .  .  .  .  .  .  .  .  .  .\2
<   3\.  .  .  .  .  .  B  .  .  .  .\3
<    4\.  .  .  .  .  W  .  .  B  .  .\4
<     5\.  .  .  W  .  B  W  B  .  W  .\5
<      6\.  .  .  W  .  .  W  W  B  .  .\6
<       7\.  .  .  .  .  .  .  .  .  .  .\7
<        8\.  .  .  .  .  .  .  .  .  .  .\8
<         9\.  B  .  .  .  .  B  .  .  .  .\9
<         10\.  .  .  .  .  .  .  .  B  .  .\10
<          11\.  .  .  .  .  .  .  .  .  .  .\11
<              a  b  c  d  e  f  g  h  i  j  k  
<
>play w i5
<= 
<
>showboard
<= 
< 
<  1d73ec474a7ee8e0
<  a  b  c  d  e  f  g  h  i  j  k  
< 1\.  .  .  .  .  .  .  .  .  .  .\1
<  2\.  .  .  .  .  .  .  .  .  .  .\2
<   3\.  .  .  .  .  .  B  .  .  .  .\3
<    4\.  .  .  .  .  W  .  .  B  .  .\4
<     5\.  .  .  W  .  B  W  B  W  W  .\5
<      6\.  .  .  W  .  .  W  W  B  .  .\6
<       7\.  .  .  .  .  .  .  .  .  .  .\7
<        8\.  .  .  .  .  .  .  .  .  .  .\8
<         9\.  B  .  .  .  .  B  .  .  .  .\9
<         10\.  .  .  .  .  .  .  .  B  .  .\10
<          11\.  .  .  .  .  .  .  .  .  .  .\11
<              a  b  c  d  e  f  g  h  i  j  k  
<
>genmove b
<= d7
<
>showboard
1a407 info: Opponent has won; playing most blocking move.
<= 
< 
<  e477df31f73e8730
<  a  b  c  d  e  f  g  h  i  j  k  
< 1\.  .  .  .  .  .  .  .  .  .  .\1
<  2\.  .  .  .  .  .  .  .  .  .  .\2
<   3\.  .  .  .  .  .  B  .  .  .  .\3
<    4\.  .  .  .  .  W  .  .  B  .  .\4
<     5\.  .  .  W  .  B  W  B  W  W  .\5
<      6\.  .  .  W  .  .  W  W  B  .  .\6
<       7\.  .  .  B  .  .  .  .  .  .  .\7
<        8\.  .  .  .  .  .  .  .  .  .  .\8
<         9\.  B  .  .  .  .  B  .  .  .  .\9
<         10\.  .  .  .  .  .  .  .  B  .  .\10
<          11\.  .  .  .  .  .  .  .  .  .  .\11
<              a  b  c  d  e  f  g  h  i  j  k  
<
>play w g4
<= 
<
>showboard
<= 
< 
<  96e354df27b322c7
<  a  b  c  d  e  f  g  h  i  j  k  
< 1\.  .  .  .  .  .  .  .  .  .  .\1
<  2\.  .  .  .  .  .  .  .  .  .  .\2
<   3\.  .  .  .  .  .  B  .  .  .  .\3
<    4\.  .  .  .  .  W  W  .  B  .  .\4
<     5\.  .  .  W  .  B  W  B  W  W  .\5
<      6\.  .  .  W  .  .  W  W  B  .  .\6
<       7\.  .  .  B  .  .  .  .  .  .  .\7
<        8\.  .  .  .  .  .  .  .  .  .  .\8
<         9\.  B  .  .  .  .  B  .  .  .  .\9
<         10\.  .  .  .  .  .  .  .  B  .  .\10
<          11\.  .  .  .  .  .  .  .  .  .  .\11
<              a  b  c  d  e  f  g  h  i  j  k  
<
>genmove b
<= c5
<
>showboard
1a407 info: Opponent has won; playing most blocking move.
<= 
< 
<  195eb0f52bf0d481
<  a  b  c  d  e  f  g  h  i  j  k  
< 1\.  .  .  .  .  .  .  .  .  .  .\1
<  2\.  .  .  .  .  .  .  .  .  .  .\2
<   3\.  .  .  .  .  .  B  .  .  .  .\3
<    4\.  .  .  .  .  W  W  .  B  .  .\4
<     5\.  .  B  W  .  B  W  B  W  W  .\5
<      6\.  .  .  W  .  .  W  W  B  .  .\6
<       7\.  .  .  B  .  .  .  .  .  .  .\7
<        8\.  .  .  .  .  .  .  .  .  .  .\8
<         9\.  B  .  .  .  .  B  .  .  .  .\9
<         10\.  .  .  .  .  .  .  .  B  .  .\10
<          11\.  .  .  .  .  .  .  .  .  .  .\11
<              a  b  c  d  e  f  g  h  i  j  k  
<
>play w b7
<= 
<
>showboard
<= 
< 
<  36c593b8f72c4884
<  a  b  c  d  e  f  g  h  i  j  k  
< 1\.  .  .  .  .  .  .  .  .  .  .\1
<  2\.  .  .  .  .  .  .  .  .  .  .\2
<   3\.  .  .  .  .  .  B  .  .  .  .\3
<    4\.  .  .  .  .  W  W  .  B  .  .\4
<     5\.  .  B  W  .  B  W  B  W  W  .\5
<      6\.  .  .  W  .  .  W  W  B  .  .\6
<       7\.  W  .  B  .  .  .  .  .  .  .\7
<        8\.  .  .  .  .  .  .  .  .  .  .\8
<         9\.  B  .  .  .  .  B  .  .  .  .\9
<         10\.  .  .  .  .  .  .  .  B  .  .\10
<          11\.  .  .  .  .  .  .  .  .  .  .\11
<              a  b  c  d  e  f  g  h  i  j  k  
<
>genmove b
<= e4
<
>showboard
1a407 info: Opponent has won; playing most blocking move.
<= 
< 
<  b67c8ae1a1920fa4
<  a  b  c  d  e  f  g  h  i  j  k  
< 1\.  .  .  .  .  .  .  .  .  .  .\1
<  2\.  .  .  .  .  .  .  .  .  .  .\2
<   3\.  .  .  .  .  .  B  .  .  .  .\3
<    4\.  .  .  .  B  W  W  .  B  .  .\4
<     5\.  .  B  W  .  B  W  B  W  W  .\5
<      6\.  .  .  W  .  .  W  W  B  .  .\6
<       7\.  W  .  B  .  .  .  .  .  .  .\7
<        8\.  .  .  .  .  .  .  .  .  .  .\8
<         9\.  B  .  .  .  .  B  .  .  .  .\9
<         10\.  .  .  .  .  .  .  .  B  .  .\10
<          11\.  .  .  .  .  .  .  .  .  .  .\11
<              a  b  c  d  e  f  g  h  i  j  k  
<
>play w e5
<= 
<
>showboard
<= 
< 
<  288a36a609adf2ed
<  a  b  c  d  e  f  g  h  i  j  k  
< 1\.  .  .  .  .  .  .  .  .  .  .\1
<  2\.  .  .  .  .  .  .  .  .  .  .\2
<   3\.  .  .  .  .  .  B  .  .  .  .\3
<    4\.  .  .  .  B  W  W  .  B  .  .\4
<     5\.  .  B  W  W  B  W  B  W  W  .\5
<      6\.  .  .  W  .  .  W  W  B  .  .\6
<       7\.  W  .  B  .  .  .  .  .  .  .\7
<        8\.  .  .  .  .  .  .  .  .  .  .\8
<         9\.  B  .  .  .  .  B  .  .  .  .\9
<         10\.  .  .  .  .  .  .  .  B  .  .\10
<          11\.  .  .  .  .  .  .  .  .  .  .\11
<              a  b  c  d  e  f  g  h  i  j  k  
<
>genmove b
<= c6
<
>showboard
1a407 info: Opponent has won; playing most blocking move.
<= 
< 
<  a060f541158a8208
<  a  b  c  d  e  f  g  h  i  j  k  
< 1\.  .  .  .  .  .  .  .  .  .  .\1
<  2\.  .  .  .  .  .  .  .  .  .  .\2
<   3\.  .  .  .  .  .  B  .  .  .  .\3
<    4\.  .  .  .  B  W  W  .  B  .  .\4
<     5\.  .  B  W  W  B  W  B  W  W  .\5
<      6\.  .  B  W  .  .  W  W  B  .  .\6
<       7\.  W  .  B  .  .  .  .  .  .  .\7
<        8\.  .  .  .  .  .  .  .  .  .  .\8
<         9\.  B  .  .  .  .  B  .  .  .  .\9
<         10\.  .  .  .  .  .  .  .  B  .  .\10
<          11\.  .  .  .  .  .  .  .  .  .  .\11
<              a  b  c  d  e  f  g  h  i  j  k  
<
>play w c7
<= 
<
>showboard
<= 
< 
<  211941be8ec6987d
<  a  b  c  d  e  f  g  h  i  j  k  
< 1\.  .  .  .  .  .  .  .  .  .  .\1
<  2\.  .  .  .  .  .  .  .  .  .  .\2
<   3\.  .  .  .  .  .  B  .  .  .  .\3
<    4\.  .  .  .  B  W  W  .  B  .  .\4
<     5\.  .  B  W  W  B  W  B  W  W  .\5
<      6\.  .  B  W  .  .  W  W  B  .  .\6
<       7\.  W  W  B  .  .  .  .  .  .  .\7
<        8\.  .  .  .  .  .  .  .  .  .  .\8
<         9\.  B  .  .  .  .  B  .  .  .  .\9
<         10\.  .  .  .  .  .  .  .  B  .  .\10
<          11\.  .  .  .  .  .  .  .  .  .  .\11
<              a  b  c  d  e  f  g  h  i  j  k  
<
>genmove b
<= a8
<
>showboard
1a407 info: Captured cells caused win! Removing...
1a407 info: Opponent has won; playing most blocking move.
<= 
< 
<  5dc9ca40c4e1663d
<  a  b  c  d  e  f  g  h  i  j  k  
< 1\.  .  .  .  .  .  .  .  .  .  .\1
<  2\.  .  .  .  .  .  .  .  .  .  .\2
<   3\.  .  .  .  .  .  B  .  .  .  .\3
<    4\.  .  .  .  B  W  W  .  B  .  .\4
<     5\.  .  B  W  W  B  W  B  W  W  .\5
<      6\.  .  B  W  .  .  W  W  B  .  .\6
<       7\.  W  W  B  .  .  .  .  .  .  .\7
<        8\B  .  .  .  .  .  .  .  .  .  .\8
<         9\.  B  .  .  .  .  B  .  .  .  .\9
<         10\.  .  .  .  .  .  .  .  B  .  .\10
<          11\.  .  .  .  .  .  .  .  .  .  .\11
<              a  b  c  d  e  f  g  h  i  j  k  
<
>play w a7
<= 
<
>showboard
<= 
< 
<  f781b3748eff6401
<  a  b  c  d  e  f  g  h  i  j  k  
< 1\.  .  .  .  .  .  .  .  .  .  .\1
<  2\.  .  .  .  .  .  .  .  .  .  .\2
<   3\.  .  .  .  .  .  B  .  .  .  .\3
<    4\.  .  .  .  B  W  W  .  B  .  .\4
<     5\.  .  B  W  W  B  W  B  W  W  .\5
<      6\.  .  B  W  .  .  W  W  B  .  .\6
<       7\W  W  W  B  .  .  .  .  .  .  .\7
<        8\B  .  .  .  .  .  .  .  .  .  .\8
<         9\.  B  .  .  .  .  B  .  .  .  .\9
<         10\.  .  .  .  .  .  .  .  B  .  .\10
<          11\.  .  .  .  .  .  .  .  .  .  .\11
<              a  b  c  d  e  f  g  h  i  j  k  
<
>genmove b
<= k4
<
>showboard
1a407 info: Captured cells caused win! Removing...
1a407 info: Opponent has won; playing most blocking move.
<= 
< 
<  7ee815772cd303cb
<  a  b  c  d  e  f  g  h  i  j  k  
< 1\.  .  .  .  .  .  .  .  .  .  .\1
<  2\.  .  .  .  .  .  .  .  .  .  .\2
<   3\.  .  .  .  .  .  B  .  .  .  .\3
<    4\.  .  .  .  B  W  W  .  B  .  B\4
<     5\.  .  B  W  W  B  W  B  W  W  .\5
<      6\.  .  B  W  .  .  W  W  B  .  .\6
<       7\W  W  W  B  .  .  .  .  .  .  .\7
<        8\B  .  .  .  .  .  .  .  .  .  .\8
<         9\.  B  .  .  .  .  B  .  .  .  .\9
<         10\.  .  .  .  .  .  .  .  B  .  .\10
<          11\.  .  .  .  .  .  .  .  .  .  .\11
<              a  b  c  d  e  f  g  h  i  j  k  
<
>play w k5
<= 
<
>showboard
<= 
< 
<  dea72f0e940f414c
<  a  b  c  d  e  f  g  h  i  j  k  
< 1\.  .  .  .  .  .  .  .  .  .  .\1
<  2\.  .  .  .  .  .  .  .  .  .  .\2
<   3\.  .  .  .  .  .  B  .  .  .  .\3
<    4\.  .  .  .  B  W  W  .  B  .  B\4
<     5\.  .  B  W  W  B  W  B  W  W  W\5
<      6\.  .  B  W  .  .  W  W  B  .  .\6
<       7\W  W  W  B  .  .  .  .  .  .  .\7
<        8\B  .  .  .  .  .  .  .  .  .  .\8
<         9\.  B  .  .  .  .  B  .  .  .  .\9
<         10\.  .  .  .  .  .  .  .  B  .  .\10
<          11\.  .  .  .  .  .  .  .  .  .  .\11
<              a  b  c  d  e  f  g  h  i  j  k  
<
>genmove b
<= resign
<
>showboard
<= 
< 
<  dea72f0e940f414c
<  a  b  c  d  e  f  g  h  i  j  k  
< 1\.  .  .  .  .  .  .  .  .  .  .\1
<  2\.  .  .  .  .  .  .  .  .  .  .\2
<   3\.  .  .  .  .  .  B  .  .  .  .\3
<    4\.  .  .  .  B  W  W  .  B  .  B\4
<     5\.  .  B  W  W  B  W  B  W  W  W\5
<      6\.  .  B  W  .  .  W  W  B  .  .\6
<       7\W  W  W  B  .  .  .  .  .  .  .\7
<        8\B  .  .  .  .  .  .  .  .  .  .\8
<         9\.  B  .  .  .  .  B  .  .  .  .\9
<         10\.  .  .  .  .  .  .  .  B  .  .\10
<          11\.  .  .  .  .  .  .  .  .  .  .\11
<              a  b  c  d  e  f  g  h  i  j  k  
<
>final_score
<= W+
<
>quit
<= 
<
