# nice ../build/src/mohex/mohex --config mohex-weak.htp --seed 962564 --logfile-name jobs/11x11-mohex-mohex-cg2010-vs-mohex-mohex-weak-3/mohex-mohex-weak-314.log
>boardsize 11 11
MoHex 2.0.CMake Mar 21 2025
Copyright (C) 2007-2012 by the authors of the Benzene project.
This program comes with ABSOLUTELY NO WARRANTY. This is
free software and you are welcome to redistribute it under
certain conditions. Type `benzene-license' for details.

SgRandom::SetSeed: 962564
SgUctSearch: system memory 33632358400, using 1000000000 (5681818 nodes)
SgRandom::SetSeed: 1
SgRandom::SetSeed: 962564
30e17 info: Prior Patterns:
30e17 info: Global:
30e17 info: Size            = 565 32648 
30e17 info: TableEntries    = 65932 65910
30e17 info: MirrorsAdded    = 0 0
30e17 info: PrunableCount   = 30593 30629
30e17 info: LargestGamma    = 5820.77
30e17 info: SmallestGamma   = 6.6e-05
30e17 info: Local:
30e17 info: Size            = 550 5318 
30e17 info: TableEntries    = 11602 11588
30e17 info: MirrorsAdded    = 0 0
30e17 info: PrunableCount   = 3659 3667
30e17 info: LargestGamma    = 11281.8
30e17 info: SmallestGamma   = 0.026235
30e17 info: Playout Patterns:
30e17 info: Global:
30e17 info: Size            = 565 32648 
30e17 info: TableEntries    = 70329 70329
30e17 info: MirrorsAdded    = 4397 4419
30e17 info: PrunableCount   = 30593 30629
30e17 info: LargestGamma    = 5820.77
30e17 info: SmallestGamma   = 6.6e-05
30e17 info: Local:
30e17 info: Size            = 550 5318 
30e17 info: TableEntries    = 11602 11588
30e17 info: MirrorsAdded    = 0 0
30e17 info: PrunableCount   = 3659 3667
30e17 info: LargestGamma    = 11281.8
30e17 info: SmallestGamma   = 0.026235
param_game allow_swap 1
= 

param_mohex max_memory 1600000
= 

param_mohex num_threads 1
= 

param_mohex max_time 1
= 

param_mohex max_games 1
= 

param_mohex knowledge_threshold 400
= 

param_mohex reuse_subtree 1
= 

param_mohex use_parallel_solver 0
= 

<= 
<
>name
<= MoHex
<
>version
<= 2.0.CMake
<
>play b d4
<= 
<
>genmove w
<= swap-pieces
<
>showboard
30e17 info: SwapCheck: reading from '/home/linus/MoHex2.0/nfbranchfix/benzene-vanilla-cmake/share/swap-moves.txt'.
30e17 info: SwapCheck: playing swap.
<= 
< 
<  1f8da1129d18e937
<  a  b  c  d  e  f  g  h  i  j  k  
< 1\.  .  .  .  .  .  .  .  .  .  .\1
<  2\.  .  .  .  .  .  .  .  .  .  .\2
<   3\.  .  .  .  .  .  .  .  .  .  .\3
<    4\.  .  .  B  .  .  .  .  .  .  .\4
<     5\.  .  .  .  .  .  .  .  .  .  .\5
<      6\.  .  .  .  .  .  .  .  .  .  .\6
<       7\.  .  .  .  .  .  .  .  .  .  .\7
<        8\.  .  .  .  .  .  .  .  .  .  .\8
<         9\.  .  .  .  .  .  .  .  .  .  .\9
<         10\.  .  .  .  .  .  .  .  .  .  .\10
<          11\.  .  .  .  .  .  .  .  .  .  .\11
<              a  b  c  d  e  f  g  h  i  j  k  
<
>play w h3
<= 
<
>showboard
<= 
< 
<  b21b76c64d56a303
<  a  b  c  d  e  f  g  h  i  j  k  
< 1\.  .  .  .  .  .  .  .  .  .  .\1
<  2\.  .  .  .  .  .  .  .  .  .  .\2
<   3\.  .  .  .  .  .  .  W  .  .  .\3
<    4\.  .  .  B  .  .  .  .  .  .  .\4
<     5\.  .  .  .  .  .  .  .  .  .  .\5
<      6\.  .  .  .  .  .  .  .  .  .  .\6
<       7\.  .  .  .  .  .  .  .  .  .  .\7
<        8\.  .  .  .  .  .  .  .  .  .  .\8
<         9\.  .  .  .  .  .  .  .  .  .  .\9
<         10\.  .  .  .  .  .  .  .  .  .  .\10
<          11\.  .  .  .  .  .  .  .  .  .  .\11
<              a  b  c  d  e  f  g  h  i  j  k  
<
>genmove b
<= d9
<
>showboard
30e17 info: Best move cannot be determined, must search state.
30e17 info: --- MoHexPlayer::Search() ---
30e17 info: Color: black
30e17 info: MaxGames: 1
30e17 info: NumberThreads: 1
30e17 info: MaxNodes: 9090 (799920 bytes)
30e17 info: TimeForMove: 1
30e17 info: PreSearch: max time reached (42/89).
30e17 info: Time for PreSearch: 0.203137s
30e17 info: 
  b21b76c64d56a303
  a  b  c  d  e  f  g  h  i  j  k  
 1\.  .  .  .  .  .  .  .  .  .  .\1
  2\.  .  *  *  *  *  *  .  .  *  *\2
   3\.  *  *  *  *  *  *  W  *  *  *\3
    4\*  *  *  B  *  *  *  *  *  *  *\4
     5\*  *  *  *  *  *  *  *  *  *  *\5
      6\*  *  *  *  *  *  *  *  *  *  *\6
       7\*  *  *  *  *  *  *  *  *  *  *\7
        8\*  *  *  *  *  *  *  *  *  *  *\8
         9\*  *  *  *  *  *  *  *  *  *  .\9
         10\*  *  *  *  *  *  *  *  *  .  .\10
          11\.  .  .  .  .  .  .  .  .  .  .\11
              a  b  c  d  e  f  g  h  i  j  k  
30e17 info: No subtree to reuse.
30e17 info: Creating thread 0
30e17 info: StartSearch()[0]
SgUctSearch: max games reached
30e17 info: 
Elapsed Time   0.355289s
Count          1
GamesPlayed    1
Nodes          1
Knowledge      0 (0.0%)
Expansions     0.0
Time           0.00
GameLen        119.0 dev=0.0 min=119.0 max=119.0
InTree         0.0 dev=0.0 min=0.0 max=0.0
KnowDepth      -
Aborted        0%
Games/s        381.4
Score          0.00
Sequence      
30e17 info: 
30e17 warning: **** MoHexSearch returned empty sequence!
30e17 warning: **** Returning random move!
<= 
< 
<  5f83f8b0971681a7
<  a  b  c  d  e  f  g  h  i  j  k  
< 1\.  .  .  .  .  .  .  .  .  .  .\1
<  2\.  .  .  .  .  .  .  .  .  .  .\2
<   3\.  .  .  .  .  .  .  W  .  .  .\3
<    4\.  .  .  B  .  .  .  .  .  .  .\4
<     5\.  .  .  .  .  .  .  .  .  .  .\5
<      6\.  .  .  .  .  .  .  .  .  .  .\6
<       7\.  .  .  .  .  .  .  .  .  .  .\7
<        8\.  .  .  .  .  .  .  .  .  .  .\8
<         9\.  .  .  B  .  .  .  .  .  .  .\9
<         10\.  .  .  .  .  .  .  .  .  .  .\10
<          11\.  .  .  .  .  .  .  .  .  .  .\11
<              a  b  c  d  e  f  g  h  i  j  k  
<
>play w i6
<= 
<
>showboard
<= 
< 
<  3c4f804d80c9fe6b
<  a  b  c  d  e  f  g  h  i  j  k  
< 1\.  .  .  .  .  .  .  .  .  .  .\1
<  2\.  .  .  .  .  .  .  .  .  .  .\2
<   3\.  .  .  .  .  .  .  W  .  .  .\3
<    4\.  .  .  B  .  .  .  .  .  .  .\4
<     5\.  .  .  .  .  .  .  .  .  .  .\5
<      6\.  .  .  .  .  .  .  .  W  .  .\6
<       7\.  .  .  .  .  .  .  .  .  .  .\7
<        8\.  .  .  .  .  .  .  .  .  .  .\8
<         9\.  .  .  B  .  .  .  .  .  .  .\9
<         10\.  .  .  .  .  .  .  .  .  .  .\10
<          11\.  .  .  .  .  .  .  .  .  .  .\11
<              a  b  c  d  e  f  g  h  i  j  k  
<
>genmove b
<= d2
<
>showboard
30e17 info: Best move cannot be determined, must search state.
30e17 info: --- MoHexPlayer::Search() ---
30e17 info: Color: black
30e17 info: MaxGames: 1
30e17 info: NumberThreads: 1
30e17 info: MaxNodes: 9090 (799920 bytes)
30e17 info: TimeForMove: 1
30e17 info: PreSearch: max time reached (38/86).
30e17 info: Time for PreSearch: 0.204772s
30e17 info: 
  3c4f804d80c9fe6b
  a  b  c  d  e  f  g  h  i  j  k  
 1\.  .  .  .  .  .  .  .  .  .  .\1
  2\.  .  *  *  *  *  *  .  .  *  *\2
   3\.  *  *  *  *  *  *  W  *  *  *\3
    4\*  *  *  B  *  *  *  *  *  *  *\4
     5\*  *  *  *  *  *  *  *  *  *  *\5
      6\*  *  *  *  *  *  *  *  W  *  *\6
       7\*  *  *  *  *  *  *  *  *  *  *\7
        8\*  *  *  *  *  *  *  *  *  *  *\8
         9\*  *  *  B  *  *  *  *  *  *  .\9
         10\*  *  *  .  *  *  *  *  *  .  .\10
          11\.  .  .  .  .  .  .  .  .  .  .\11
              a  b  c  d  e  f  g  h  i  j  k  
30e17 info: Old: [black, d4] [white, swap-pieces] [white, h3] 
30e17 info: New: [black, d4] [white, swap-pieces] [white, h3] [black, d9] [white, i6] 
30e17 info: MovesPlayed: [black, d9] [white, i6] 
30e17 info: No subtree to reuse.
30e17 info: StartSearch()[0]
SgUctSearch: max games reached
30e17 info: 
Elapsed Time   0.349617s
Count          1
GamesPlayed    1
Nodes          1
Knowledge      0 (0.0%)
Expansions     0.0
Time           0.00
GameLen        117.0 dev=0.0 min=117.0 max=117.0
InTree         0.0 dev=0.0 min=0.0 max=0.0
KnowDepth      -
Aborted        0%
Games/s        3125.0
Score          1.00
Sequence      
30e17 info: 
30e17 warning: **** MoHexSearch returned empty sequence!
30e17 warning: **** Returning random move!
<= 
< 
<  58df8b26afc304c7
<  a  b  c  d  e  f  g  h  i  j  k  
< 1\.  .  .  .  .  .  .  .  .  .  .\1
<  2\.  .  .  B  .  .  .  .  .  .  .\2
<   3\.  .  .  .  .  .  .  W  .  .  .\3
<    4\.  .  .  B  .  .  .  .  .  .  .\4
<     5\.  .  .  .  .  .  .  .  .  .  .\5
<      6\.  .  .  .  .  .  .  .  W  .  .\6
<       7\.  .  .  .  .  .  .  .  .  .  .\7
<        8\.  .  .  .  .  .  .  .  .  .  .\8
<         9\.  .  .  B  .  .  .  .  .  .  .\9
<         10\.  .  .  .  .  .  .  .  .  .  .\10
<          11\.  .  .  .  .  .  .  .  .  .  .\11
<              a  b  c  d  e  f  g  h  i  j  k  
<
>play w d10
<= 
<
>showboard
<= 
< 
<  455c559930c857ca
<  a  b  c  d  e  f  g  h  i  j  k  
< 1\.  .  .  .  .  .  .  .  .  .  .\1
<  2\.  .  .  B  .  .  .  .  .  .  .\2
<   3\.  .  .  .  .  .  .  W  .  .  .\3
<    4\.  .  .  B  .  .  .  .  .  .  .\4
<     5\.  .  .  .  .  .  .  .  .  .  .\5
<      6\.  .  .  .  .  .  .  .  W  .  .\6
<       7\.  .  .  .  .  .  .  .  .  .  .\7
<        8\.  .  .  .  .  .  .  .  .  .  .\8
<         9\.  .  .  B  .  .  .  .  .  .  .\9
<         10\.  .  .  W  .  .  .  .  .  .  .\10
<          11\.  .  .  .  .  .  .  .  .  .  .\11
<              a  b  c  d  e  f  g  h  i  j  k  
<
>genmove b
<= k3
<
>showboard
30e17 info: Best move cannot be determined, must search state.
30e17 info: --- MoHexPlayer::Search() ---
30e17 info: Color: black
30e17 info: MaxGames: 1
30e17 info: NumberThreads: 1
30e17 info: MaxNodes: 9090 (799920 bytes)
30e17 info: TimeForMove: 1
30e17 info: PreSearch: max time reached (51/81).
30e17 info: Time for PreSearch: 0.200483s
30e17 info: 
  455c559930c857ca
  a  b  c  d  e  f  g  h  i  j  k  
 1\b  b  b  b  b  b  .  .  .  .  .\1
  2\.  .  .  B  .  *  *  .  .  *  *\2
   3\.  *  *  .  .  *  *  W  *  *  *\3
    4\*  *  *  B  *  *  *  *  *  *  *\4
     5\*  *  *  *  *  *  *  *  *  *  *\5
      6\*  *  *  *  *  *  *  *  W  *  *\6
       7\*  *  *  *  *  *  *  *  *  *  *\7
        8\*  *  *  *  *  *  *  *  *  *  *\8
         9\*  *  *  B  *  *  *  *  *  *  .\9
         10\*  *  *  W  *  *  *  *  *  .  .\10
          11\.  .  .  .  .  .  .  .  .  .  .\11
              a  b  c  d  e  f  g  h  i  j  k  
30e17 info: Old: [black, d4] [white, swap-pieces] [white, h3] [black, d9] [white, i6] 
30e17 info: New: [black, d4] [white, swap-pieces] [white, h3] [black, d9] [white, i6] [black, d2] [white, d10] 
30e17 info: MovesPlayed: [black, d2] [white, d10] 
30e17 info: No subtree to reuse.
30e17 info: StartSearch()[0]
SgUctSearch: max games reached
30e17 info: 
Elapsed Time   0.353198s
Count          1
GamesPlayed    1
Nodes          1
Knowledge      0 (0.0%)
Expansions     0.0
Time           0.00
GameLen        109.0 dev=0.0 min=109.0 max=109.0
InTree         0.0 dev=0.0 min=0.0 max=0.0
KnowDepth      -
Aborted        0%
Games/s        2754.8
Score          1.00
Sequence      
30e17 info: 
30e17 warning: **** MoHexSearch returned empty sequence!
30e17 warning: **** Returning random move!
<= 
< 
<  060141b4c0a73dc2
<  a  b  c  d  e  f  g  h  i  j  k  
< 1\.  .  .  .  .  .  .  .  .  .  .\1
<  2\.  .  .  B  .  .  .  .  .  .  .\2
<   3\.  .  .  .  .  .  .  W  .  .  B\3
<    4\.  .  .  B  .  .  .  .  .  .  .\4
<     5\.  .  .  .  .  .  .  .  .  .  .\5
<      6\.  .  .  .  .  .  .  .  W  .  .\6
<       7\.  .  .  .  .  .  .  .  .  .  .\7
<        8\.  .  .  .  .  .  .  .  .  .  .\8
<         9\.  .  .  B  .  .  .  .  .  .  .\9
<         10\.  .  .  W  .  .  .  .  .  .  .\10
<          11\.  .  .  .  .  .  .  .  .  .  .\11
<              a  b  c  d  e  f  g  h  i  j  k  
<
>play w h6
<= 
<
>showboard
<= 
< 
<  00cbce43c3da73bc
<  a  b  c  d  e  f  g  h  i  j  k  
< 1\.  .  .  .  .  .  .  .  .  .  .\1
<  2\.  .  .  B  .  .  .  .  .  .  .\2
<   3\.  .  .  .  .  .  .  W  .  .  B\3
<    4\.  .  .  B  .  .  .  .  .  .  .\4
<     5\.  .  .  .  .  .  .  .  .  .  .\5
<      6\.  .  .  .  .  .  .  W  W  .  .\6
<       7\.  .  .  .  .  .  .  .  .  .  .\7
<        8\.  .  .  .  .  .  .  .  .  .  .\8
<         9\.  .  .  B  .  .  .  .  .  .  .\9
<         10\.  .  .  W  .  .  .  .  .  .  .\10
<          11\.  .  .  .  .  .  .  .  .  .  .\11
<              a  b  c  d  e  f  g  h  i  j  k  
<
>genmove b
<= f10
<
>showboard
30e17 info: Best move cannot be determined, must search state.
30e17 info: --- MoHexPlayer::Search() ---
30e17 info: Color: black
30e17 info: MaxGames: 1
30e17 info: NumberThreads: 1
30e17 info: MaxNodes: 9090 (799920 bytes)
30e17 info: TimeForMove: 1
30e17 info: PreSearch: max time reached (50/79).
30e17 info: Time for PreSearch: 0.202491s
30e17 info: 
  00cbce43c3da73bc
  a  b  c  d  e  f  g  h  i  j  k  
 1\b  b  b  b  b  b  .  .  .  .  .\1
  2\.  .  .  B  .  .  *  .  .  *  *\2
   3\.  .  *  .  .  *  *  W  *  *  B\3
    4\*  *  *  B  *  *  *  *  *  *  *\4
     5\*  *  *  *  *  *  *  *  *  *  *\5
      6\*  *  *  *  *  *  *  W  W  *  *\6
       7\*  *  *  *  *  *  *  *  *  *  *\7
        8\*  *  *  *  *  *  *  *  *  *  *\8
         9\*  *  *  B  *  *  *  *  *  *  .\9
         10\*  *  *  W  *  *  *  *  *  .  .\10
          11\.  .  .  .  .  .  .  .  .  .  .\11
              a  b  c  d  e  f  g  h  i  j  k  
30e17 info: Old: [black, d4] [white, swap-pieces] [white, h3] [black, d9] [white, i6] [black, d2] [white, d10] 
30e17 info: New: [black, d4] [white, swap-pieces] [white, h3] [black, d9] [white, i6] [black, d2] [white, d10] [black, k3] [white, h6] 
30e17 info: MovesPlayed: [black, k3] [white, h6] 
30e17 info: No subtree to reuse.
30e17 info: StartSearch()[0]
SgUctSearch: max games reached
30e17 info: 
Elapsed Time   0.542722s
Count          1
GamesPlayed    1
Nodes          1
Knowledge      0 (0.0%)
Expansions     0.0
Time           0.00
GameLen        107.0 dev=0.0 min=107.0 max=107.0
InTree         0.0 dev=0.0 min=0.0 max=0.0
KnowDepth      -
Aborted        0%
Games/s        3367.0
Score          1.00
Sequence      
30e17 info: 
30e17 warning: **** MoHexSearch returned empty sequence!
30e17 warning: **** Returning random move!
<= 
< 
<  86140df7058f2fb5
<  a  b  c  d  e  f  g  h  i  j  k  
< 1\.  .  .  .  .  .  .  .  .  .  .\1
<  2\.  .  .  B  .  .  .  .  .  .  .\2
<   3\.  .  .  .  .  .  .  W  .  .  B\3
<    4\.  .  .  B  .  .  .  .  .  .  .\4
<     5\.  .  .  .  .  .  .  .  .  .  .\5
<      6\.  .  .  .  .  .  .  W  W  .  .\6
<       7\.  .  .  .  .  .  .  .  .  .  .\7
<        8\.  .  .  .  .  .  .  .  .  .  .\8
<         9\.  .  .  B  .  .  .  .  .  .  .\9
<         10\.  .  .  W  .  B  .  .  .  .  .\10
<          11\.  .  .  .  .  .  .  .  .  .  .\11
<              a  b  c  d  e  f  g  h  i  j  k  
<
>play w g7
<= 
<
>showboard
<= 
< 
<  80bfd0f6f080b98d
<  a  b  c  d  e  f  g  h  i  j  k  
< 1\.  .  .  .  .  .  .  .  .  .  .\1
<  2\.  .  .  B  .  .  .  .  .  .  .\2
<   3\.  .  .  .  .  .  .  W  .  .  B\3
<    4\.  .  .  B  .  .  .  .  .  .  .\4
<     5\.  .  .  .  .  .  .  .  .  .  .\5
<      6\.  .  .  .  .  .  .  W  W  .  .\6
<       7\.  .  .  .  .  .  W  .  .  .  .\7
<        8\.  .  .  .  .  .  .  .  .  .  .\8
<         9\.  .  .  B  .  .  .  .  .  .  .\9
<         10\.  .  .  W  .  B  .  .  .  .  .\10
<          11\.  .  .  .  .  .  .  .  .  .  .\11
<              a  b  c  d  e  f  g  h  i  j  k  
<
>genmove b
<= c6
<
>showboard
30e17 info: Best move cannot be determined, must search state.
30e17 info: --- MoHexPlayer::Search() ---
30e17 info: Color: black
30e17 info: MaxGames: 1
30e17 info: NumberThreads: 1
30e17 info: MaxNodes: 9090 (799920 bytes)
30e17 info: TimeForMove: 1
30e17 info: PreSearch: max time reached (59/74).
30e17 info: Time for PreSearch: 0.203195s
30e17 info: 
  80bfd0f6f080b98d
  a  b  c  d  e  f  g  h  i  j  k  
 1\b  b  b  b  b  b  .  .  .  .  .\1
  2\.  .  .  B  .  .  *  .  .  *  *\2
   3\.  .  *  .  .  *  *  W  *  *  B\3
    4\*  *  *  B  *  *  *  *  *  *  *\4
     5\*  *  *  *  *  *  *  *  *  *  *\5
      6\*  *  *  *  *  *  *  W  W  *  *\6
       7\*  *  *  *  *  *  W  .  *  *  *\7
        8\*  *  *  *  *  *  *  *  *  *  *\8
         9\*  *  *  B  *  *  *  *  *  *  .\9
         10\*  *  *  W  .  B  .  *  *  .  .\10
          11\.  .  .  b  b  b  b  .  .  .  .\11
              a  b  c  d  e  f  g  h  i  j  k  
30e17 info: Old: [black, d4] [white, swap-pieces] [white, h3] [black, d9] [white, i6] [black, d2] [white, d10] [black, k3] [white, h6] 
30e17 info: New: [black, d4] [white, swap-pieces] [white, h3] [black, d9] [white, i6] [black, d2] [white, d10] [black, k3] [white, h6] [black, f10] [white, g7] 
30e17 info: MovesPlayed: [black, f10] [white, g7] 
30e17 info: No subtree to reuse.
30e17 info: StartSearch()[0]
SgUctSearch: max games reached
30e17 info: 
Elapsed Time   0.34999s
Count          1
GamesPlayed    1
Nodes          1
Knowledge      0 (0.0%)
Expansions     0.0
Time           0.00
GameLen        101.0 dev=0.0 min=101.0 max=101.0
InTree         0.0 dev=0.0 min=0.0 max=0.0
KnowDepth      -
Aborted        0%
Games/s        3521.1
Score          0.00
Sequence      
30e17 info: 
30e17 warning: **** MoHexSearch returned empty sequence!
30e17 warning: **** Returning random move!
<= 
< 
<  08551311eca7c968
<  a  b  c  d  e  f  g  h  i  j  k  
< 1\.  .  .  .  .  .  .  .  .  .  .\1
<  2\.  .  .  B  .  .  .  .  .  .  .\2
<   3\.  .  .  .  .  .  .  W  .  .  B\3
<    4\.  .  .  B  .  .  .  .  .  .  .\4
<     5\.  .  .  .  .  .  .  .  .  .  .\5
<      6\.  .  B  .  .  .  .  W  W  .  .\6
<       7\.  .  .  .  .  .  W  .  .  .  .\7
<        8\.  .  .  .  .  .  .  .  .  .  .\8
<         9\.  .  .  B  .  .  .  .  .  .  .\9
<         10\.  .  .  W  .  B  .  .  .  .  .\10
<          11\.  .  .  .  .  .  .  .  .  .  .\11
<              a  b  c  d  e  f  g  h  i  j  k  
<
>play w g4
<= 
<
>showboard
<= 
< 
<  7ac198ff3c2a6c9f
<  a  b  c  d  e  f  g  h  i  j  k  
< 1\.  .  .  .  .  .  .  .  .  .  .\1
<  2\.  .  .  B  .  .  .  .  .  .  .\2
<   3\.  .  .  .  .  .  .  W  .  .  B\3
<    4\.  .  .  B  .  .  W  .  .  .  .\4
<     5\.  .  .  .  .  .  .  .  .  .  .\5
<      6\.  .  B  .  .  .  .  W  W  .  .\6
<       7\.  .  .  .  .  .  W  .  .  .  .\7
<        8\.  .  .  .  .  .  .  .  .  .  .\8
<         9\.  .  .  B  .  .  .  .  .  .  .\9
<         10\.  .  .  W  .  B  .  .  .  .  .\10
<          11\.  .  .  .  .  .  .  .  .  .  .\11
<              a  b  c  d  e  f  g  h  i  j  k  
<
>genmove b
<= c8
<
>showboard
30e17 info: Best move cannot be determined, must search state.
30e17 info: --- MoHexPlayer::Search() ---
30e17 info: Color: black
30e17 info: MaxGames: 1
30e17 info: NumberThreads: 1
30e17 info: MaxNodes: 9090 (799920 bytes)
30e17 info: TimeForMove: 1
30e17 info: Winning sequence found before UCT search!
30e17 info: Sequence: c8
<= 
< 
<  204931ba42210eeb
<  a  b  c  d  e  f  g  h  i  j  k  
< 1\.  .  .  .  .  .  .  .  .  .  .\1
<  2\.  .  .  B  .  .  .  .  .  .  .\2
<   3\.  .  .  .  .  .  .  W  .  .  B\3
<    4\.  .  .  B  .  .  W  .  .  .  .\4
<     5\.  .  .  .  .  .  .  .  .  .  .\5
<      6\.  .  B  .  .  .  .  W  W  .  .\6
<       7\.  .  .  .  .  .  W  .  .  .  .\7
<        8\.  .  B  .  .  .  .  .  .  .  .\8
<         9\.  .  .  B  .  .  .  .  .  .  .\9
<         10\.  .  .  W  .  B  .  .  .  .  .\10
<          11\.  .  .  .  .  .  .  .  .  .  .\11
<              a  b  c  d  e  f  g  h  i  j  k  
<
>play w d8
<= 
<
>showboard
<= 
< 
<  d6c07824c2b187b8
<  a  b  c  d  e  f  g  h  i  j  k  
< 1\.  .  .  .  .  .  .  .  .  .  .\1
<  2\.  .  .  B  .  .  .  .  .  .  .\2
<   3\.  .  .  .  .  .  .  W  .  .  B\3
<    4\.  .  .  B  .  .  W  .  .  .  .\4
<     5\.  .  .  .  .  .  .  .  .  .  .\5
<      6\.  .  B  .  .  .  .  W  W  .  .\6
<       7\.  .  .  .  .  .  W  .  .  .  .\7
<        8\.  .  B  W  .  .  .  .  .  .  .\8
<         9\.  .  .  B  .  .  .  .  .  .  .\9
<         10\.  .  .  W  .  B  .  .  .  .  .\10
<          11\.  .  .  .  .  .  .  .  .  .  .\11
<              a  b  c  d  e  f  g  h  i  j  k  
<
>genmove b
<= b9
<
>showboard
30e17 info: Winning SC.
<= 
< 
<  85db077fc5ae90e3
<  a  b  c  d  e  f  g  h  i  j  k  
< 1\.  .  .  .  .  .  .  .  .  .  .\1
<  2\.  .  .  B  .  .  .  .  .  .  .\2
<   3\.  .  .  .  .  .  .  W  .  .  B\3
<    4\.  .  .  B  .  .  W  .  .  .  .\4
<     5\.  .  .  .  .  .  .  .  .  .  .\5
<      6\.  .  B  .  .  .  .  W  W  .  .\6
<       7\.  .  .  .  .  .  W  .  .  .  .\7
<        8\.  .  B  W  .  .  .  .  .  .  .\8
<         9\.  B  .  B  .  .  .  .  .  .  .\9
<         10\.  .  .  W  .  B  .  .  .  .  .\10
<          11\.  .  .  .  .  .  .  .  .  .  .\11
<              a  b  c  d  e  f  g  h  i  j  k  
<
>play w g6
<= 
<
>showboard
<= 
< 
<  e500cb706546c8b2
<  a  b  c  d  e  f  g  h  i  j  k  
< 1\.  .  .  .  .  .  .  .  .  .  .\1
<  2\.  .  .  B  .  .  .  .  .  .  .\2
<   3\.  .  .  .  .  .  .  W  .  .  B\3
<    4\.  .  .  B  .  .  W  .  .  .  .\4
<     5\.  .  .  .  .  .  .  .  .  .  .\5
<      6\.  .  B  .  .  .  W  W  W  .  .\6
<       7\.  .  .  .  .  .  W  .  .  .  .\7
<        8\.  .  B  W  .  .  .  .  .  .  .\8
<         9\.  B  .  B  .  .  .  .  .  .  .\9
<         10\.  .  .  W  .  B  .  .  .  .  .\10
<          11\.  .  .  .  .  .  .  .  .  .  .\11
<              a  b  c  d  e  f  g  h  i  j  k  
<
>genmove b
<= c7
<
>showboard
30e17 info: Winning SC.
<= 
< 
<  0063d043c59b0c05
<  a  b  c  d  e  f  g  h  i  j  k  
< 1\.  .  .  .  .  .  .  .  .  .  .\1
<  2\.  .  .  B  .  .  .  .  .  .  .\2
<   3\.  .  .  .  .  .  .  W  .  .  B\3
<    4\.  .  .  B  .  .  W  .  .  .  .\4
<     5\.  .  .  .  .  .  .  .  .  .  .\5
<      6\.  .  B  .  .  .  W  W  W  .  .\6
<       7\.  .  B  .  .  .  W  .  .  .  .\7
<        8\.  .  B  W  .  .  .  .  .  .  .\8
<         9\.  B  .  B  .  .  .  .  .  .  .\9
<         10\.  .  .  W  .  B  .  .  .  .  .\10
<          11\.  .  .  .  .  .  .  .  .  .  .\11
<              a  b  c  d  e  f  g  h  i  j  k  
<
>play w c9
<= 
<
>showboard
<= 
< 
<  4471ab9a2d07c9a3
<  a  b  c  d  e  f  g  h  i  j  k  
< 1\.  .  .  .  .  .  .  .  .  .  .\1
<  2\.  .  .  B  .  .  .  .  .  .  .\2
<   3\.  .  .  .  .  .  .  W  .  .  B\3
<    4\.  .  .  B  .  .  W  .  .  .  .\4
<     5\.  .  .  .  .  .  .  .  .  .  .\5
<      6\.  .  B  .  .  .  W  W  W  .  .\6
<       7\.  .  B  .  .  .  W  .  .  .  .\7
<        8\.  .  B  W  .  .  .  .  .  .  .\8
<         9\.  B  W  B  .  .  .  .  .  .  .\9
<         10\.  .  .  W  .  B  .  .  .  .  .\10
<          11\.  .  .  .  .  .  .  .  .  .  .\11
<              a  b  c  d  e  f  g  h  i  j  k  
<
>genmove b
<= b10
<
>showboard
30e17 info: Winning SC.
<= 
< 
<  826ecb989638b01c
<  a  b  c  d  e  f  g  h  i  j  k  
< 1\.  .  .  .  .  .  .  .  .  .  .\1
<  2\.  .  .  B  .  .  .  .  .  .  .\2
<   3\.  .  .  .  .  .  .  W  .  .  B\3
<    4\.  .  .  B  .  .  W  .  .  .  .\4
<     5\.  .  .  .  .  .  .  .  .  .  .\5
<      6\.  .  B  .  .  .  W  W  W  .  .\6
<       7\.  .  B  .  .  .  W  .  .  .  .\7
<        8\.  .  B  W  .  .  .  .  .  .  .\8
<         9\.  B  W  B  .  .  .  .  .  .  .\9
<         10\.  B  .  W  .  B  .  .  .  .  .\10
<          11\.  .  .  .  .  .  .  .  .  .  .\11
<              a  b  c  d  e  f  g  h  i  j  k  
<
>play w c5
<= 
<
>showboard
<= 
< 
<  c52c4503729b5f7c
<  a  b  c  d  e  f  g  h  i  j  k  
< 1\.  .  .  .  .  .  .  .  .  .  .\1
<  2\.  .  .  B  .  .  .  .  .  .  .\2
<   3\.  .  .  .  .  .  .  W  .  .  B\3
<    4\.  .  .  B  .  .  W  .  .  .  .\4
<     5\.  .  W  .  .  .  .  .  .  .  .\5
<      6\.  .  B  .  .  .  W  W  W  .  .\6
<       7\.  .  B  .  .  .  W  .  .  .  .\7
<        8\.  .  B  W  .  .  .  .  .  .  .\8
<         9\.  B  W  B  .  .  .  .  .  .  .\9
<         10\.  B  .  W  .  B  .  .  .  .  .\10
<          11\.  .  .  .  .  .  .  .  .  .  .\11
<              a  b  c  d  e  f  g  h  i  j  k  
<
>genmove b
<= d5
<
>showboard
30e17 info: Winning SC.
<= 
< 
<  9e87650bf2c959e3
<  a  b  c  d  e  f  g  h  i  j  k  
< 1\.  .  .  .  .  .  .  .  .  .  .\1
<  2\.  .  .  B  .  .  .  .  .  .  .\2
<   3\.  .  .  .  .  .  .  W  .  .  B\3
<    4\.  .  .  B  .  .  W  .  .  .  .\4
<     5\.  .  W  B  .  .  .  .  .  .  .\5
<      6\.  .  B  .  .  .  W  W  W  .  .\6
<       7\.  .  B  .  .  .  W  .  .  .  .\7
<        8\.  .  B  W  .  .  .  .  .  .  .\8
<         9\.  B  W  B  .  .  .  .  .  .  .\9
<         10\.  B  .  W  .  B  .  .  .  .  .\10
<          11\.  .  .  .  .  .  .  .  .  .  .\11
<              a  b  c  d  e  f  g  h  i  j  k  
<
>play w d3
<= 
<
>showboard
<= 
< 
<  3e86609110c3ae89
<  a  b  c  d  e  f  g  h  i  j  k  
< 1\.  .  .  .  .  .  .  .  .  .  .\1
<  2\.  .  .  B  .  .  .  .  .  .  .\2
<   3\.  .  .  W  .  .  .  W  .  .  B\3
<    4\.  .  .  B  .  .  W  .  .  .  .\4
<     5\.  .  W  B  .  .  .  .  .  .  .\5
<      6\.  .  B  .  .  .  W  W  W  .  .\6
<       7\.  .  B  .  .  .  W  .  .  .  .\7
<        8\.  .  B  W  .  .  .  .  .  .  .\8
<         9\.  B  W  B  .  .  .  .  .  .  .\9
<         10\.  B  .  W  .  B  .  .  .  .  .\10
<          11\.  .  .  .  .  .  .  .  .  .  .\11
<              a  b  c  d  e  f  g  h  i  j  k  
<
>genmove b
<= e3
<
>showboard
30e17 info: Winning SC.
<= 
< 
<  81a29136906b0fac
<  a  b  c  d  e  f  g  h  i  j  k  
< 1\.  .  .  .  .  .  .  .  .  .  .\1
<  2\.  .  .  B  .  .  .  .  .  .  .\2
<   3\.  .  .  W  B  .  .  W  .  .  B\3
<    4\.  .  .  B  .  .  W  .  .  .  .\4
<     5\.  .  W  B  .  .  .  .  .  .  .\5
<      6\.  .  B  .  .  .  W  W  W  .  .\6
<       7\.  .  B  .  .  .  W  .  .  .  .\7
<        8\.  .  B  W  .  .  .  .  .  .  .\8
<         9\.  B  W  B  .  .  .  .  .  .  .\9
<         10\.  B  .  W  .  B  .  .  .  .  .\10
<          11\.  .  .  .  .  .  .  .  .  .  .\11
<              a  b  c  d  e  f  g  h  i  j  k  
<
>play w e2
<= 
<
>showboard
<= 
< 
<  82503e1964b4313e
<  a  b  c  d  e  f  g  h  i  j  k  
< 1\.  .  .  .  .  .  .  .  .  .  .\1
<  2\.  .  .  B  W  .  .  .  .  .  .\2
<   3\.  .  .  W  B  .  .  W  .  .  B\3
<    4\.  .  .  B  .  .  W  .  .  .  .\4
<     5\.  .  W  B  .  .  .  .  .  .  .\5
<      6\.  .  B  .  .  .  W  W  W  .  .\6
<       7\.  .  B  .  .  .  W  .  .  .  .\7
<        8\.  .  B  W  .  .  .  .  .  .  .\8
<         9\.  B  W  B  .  .  .  .  .  .  .\9
<         10\.  B  .  W  .  B  .  .  .  .  .\10
<          11\.  .  .  .  .  .  .  .  .  .  .\11
<              a  b  c  d  e  f  g  h  i  j  k  
<
>genmove b
<= f2
<
>showboard
30e17 info: Winning SC.
<= 
< 
<  483711959778ca50
<  a  b  c  d  e  f  g  h  i  j  k  
< 1\.  .  .  .  .  .  .  .  .  .  .\1
<  2\.  .  .  B  W  B  .  .  .  .  .\2
<   3\.  .  .  W  B  .  .  W  .  .  B\3
<    4\.  .  .  B  .  .  W  .  .  .  .\4
<     5\.  .  W  B  .  .  .  .  .  .  .\5
<      6\.  .  B  .  .  .  W  W  W  .  .\6
<       7\.  .  B  .  .  .  W  .  .  .  .\7
<        8\.  .  B  W  .  .  .  .  .  .  .\8
<         9\.  B  W  B  .  .  .  .  .  .  .\9
<         10\.  B  .  W  .  B  .  .  .  .  .\10
<          11\.  .  .  .  .  .  .  .  .  .  .\11
<              a  b  c  d  e  f  g  h  i  j  k  
<
>play w a11
<= 
<
>showboard
<= 
< 
<  711136e797b32f9a
<  a  b  c  d  e  f  g  h  i  j  k  
< 1\.  .  .  .  .  .  .  .  .  .  .\1
<  2\.  .  .  B  W  B  .  .  .  .  .\2
<   3\.  .  .  W  B  .  .  W  .  .  B\3
<    4\.  .  .  B  .  .  W  .  .  .  .\4
<     5\.  .  W  B  .  .  .  .  .  .  .\5
<      6\.  .  B  .  .  .  W  W  W  .  .\6
<       7\.  .  B  .  .  .  W  .  .  .  .\7
<        8\.  .  B  W  .  .  .  .  .  .  .\8
<         9\.  B  W  B  .  .  .  .  .  .  .\9
<         10\.  B  .  W  .  B  .  .  .  .  .\10
<          11\W  .  .  .  .  .  .  .  .  .  .\11
<              a  b  c  d  e  f  g  h  i  j  k  
<
>genmove b
<= b11
<
>showboard
30e17 info: Winning SC.
<= 
< 
<  7facfc05dcb17ab5
<  a  b  c  d  e  f  g  h  i  j  k  
< 1\.  .  .  .  .  .  .  .  .  .  .\1
<  2\.  .  .  B  W  B  .  .  .  .  .\2
<   3\.  .  .  W  B  .  .  W  .  .  B\3
<    4\.  .  .  B  .  .  W  .  .  .  .\4
<     5\.  .  W  B  .  .  .  .  .  .  .\5
<      6\.  .  B  .  .  .  W  W  W  .  .\6
<       7\.  .  B  .  .  .  W  .  .  .  .\7
<        8\.  .  B  W  .  .  .  .  .  .  .\8
<         9\.  B  W  B  .  .  .  .  .  .  .\9
<         10\.  B  .  W  .  B  .  .  .  .  .\10
<          11\W  B  .  .  .  .  .  .  .  .  .\11
<              a  b  c  d  e  f  g  h  i  j  k  
<
>play w g1
<= 
<
>showboard
<= 
< 
<  dff5f0efa60f0e46
<  a  b  c  d  e  f  g  h  i  j  k  
< 1\.  .  .  .  .  .  W  .  .  .  .\1
<  2\.  .  .  B  W  B  .  .  .  .  .\2
<   3\.  .  .  W  B  .  .  W  .  .  B\3
<    4\.  .  .  B  .  .  W  .  .  .  .\4
<     5\.  .  W  B  .  .  .  .  .  .  .\5
<      6\.  .  B  .  .  .  W  W  W  .  .\6
<       7\.  .  B  .  .  .  W  .  .  .  .\7
<        8\.  .  B  W  .  .  .  .  .  .  .\8
<         9\.  B  W  B  .  .  .  .  .  .  .\9
<         10\.  B  .  W  .  B  .  .  .  .  .\10
<          11\W  B  .  .  .  .  .  .  .  .  .\11
<              a  b  c  d  e  f  g  h  i  j  k  
<
>genmove b
<= f1
<
>showboard
30e17 info: Winning SC.
<= 
< 
<  18493caacc7551a0
<  a  b  c  d  e  f  g  h  i  j  k  
< 1\.  .  .  .  .  B  W  .  .  .  .\1
<  2\.  .  .  B  W  B  .  .  .  .  .\2
<   3\.  .  .  W  B  .  .  W  .  .  B\3
<    4\.  .  .  B  .  .  W  .  .  .  .\4
<     5\.  .  W  B  .  .  .  .  .  .  .\5
<      6\.  .  B  .  .  .  W  W  W  .  .\6
<       7\.  .  B  .  .  .  W  .  .  .  .\7
<        8\.  .  B  W  .  .  .  .  .  .  .\8
<         9\.  B  W  B  .  .  .  .  .  .  .\9
<         10\.  B  .  W  .  B  .  .  .  .  .\10
<          11\W  B  .  .  .  .  .  .  .  .  .\11
<              a  b  c  d  e  f  g  h  i  j  k  
<
>play w resign
<= 
<
>showboard
<= 
< 
<  18493caacc7551a0
<  a  b  c  d  e  f  g  h  i  j  k  
< 1\.  .  .  .  .  B  W  .  .  .  .\1
<  2\.  .  .  B  W  B  .  .  .  .  .\2
<   3\.  .  .  W  B  .  .  W  .  .  B\3
<    4\.  .  .  B  .  .  W  .  .  .  .\4
<     5\.  .  W  B  .  .  .  .  .  .  .\5
<      6\.  .  B  .  .  .  W  W  W  .  .\6
<       7\.  .  B  .  .  .  W  .  .  .  .\7
<        8\.  .  B  W  .  .  .  .  .  .  .\8
<         9\.  B  W  B  .  .  .  .  .  .  .\9
<         10\.  B  .  W  .  B  .  .  .  .  .\10
<          11\W  B  .  .  .  .  .  .  .  .  .\11
<              a  b  c  d  e  f  g  h  i  j  k  
<
>final_score
<= B+
<
>quit
<= 
<
