d87a7 config: MoHex v2.0.CMake Mar 21 2025.
d87a7 config: ============ InitializeSystem ============
d87a7 config: BenzeneProgram::InitRandom()
d87a7 config: Seed = 991334
d87a7 info: Prior Patterns:
d87a7 info: Global:
d87a7 info: Size            = 565 32648 
d87a7 info: TableEntries    = 65932 65910
d87a7 info: MirrorsAdded    = 0 0
d87a7 info: PrunableCount   = 30593 30629
d87a7 info: LargestGamma    = 5820.77
d87a7 info: SmallestGamma   = 6.6e-05
d87a7 info: Local:
d87a7 info: Size            = 550 5318 
d87a7 info: TableEntries    = 11602 11588
d87a7 info: MirrorsAdded    = 0 0
d87a7 info: PrunableCount   = 3659 3667
d87a7 info: LargestGamma    = 11281.8
d87a7 info: SmallestGamma   = 0.026235
d87a7 info: Playout Patterns:
d87a7 info: Global:
d87a7 info: Size            = 565 32648 
d87a7 info: TableEntries    = 70329 70329
d87a7 info: MirrorsAdded    = 4397 4419
d87a7 info: PrunableCount   = 30593 30629
d87a7 info: LargestGamma    = 5820.77
d87a7 info: SmallestGamma   = 6.6e-05
d87a7 info: Local:
d87a7 info: Size            = 550 5318 
d87a7 info: TableEntries    = 11602 11588
d87a7 info: MirrorsAdded    = 0 0
d87a7 info: PrunableCount   = 3659 3667
d87a7 info: LargestGamma    = 11281.8
d87a7 info: SmallestGamma   = 0.026235
d87a7 config: IcePatternSet: reading from '/home/linus/MoHex2.0/nfbranchfix/benzene-vanilla-cmake/share/ice-patterns.txt'.
d87a7 config: IcePatternSet: parsed 708 patterns.
d87a7 config: VCS: reading captured set patterns from '/home/linus/MoHex2.0/nfbranchfix/benzene-vanilla-cmake/share/vc-captured-set.txt'.
d87a7 config: VCS:: parsed 2 patterns.
d87a7 config: VCS: reading captured set patterns from '/home/linus/MoHex2.0/nfbranchfix/benzene-vanilla-cmake/share/vc-captured-set.txt'.
d87a7 config: VCS:: parsed 2 patterns.
d87a7 config: IcePatternSet: reading from '/home/linus/MoHex2.0/nfbranchfix/benzene-vanilla-cmake/share/ice-patterns.txt'.
d87a7 config: IcePatternSet: parsed 708 patterns.
d87a7 config: VCS: reading captured set patterns from '/home/linus/MoHex2.0/nfbranchfix/benzene-vanilla-cmake/share/vc-captured-set.txt'.
d87a7 config: VCS:: parsed 2 patterns.
d87a7 config: VCS: reading captured set patterns from '/home/linus/MoHex2.0/nfbranchfix/benzene-vanilla-cmake/share/vc-captured-set.txt'.
d87a7 config: VCS:: parsed 2 patterns.
d87a7 config: VCS: reading captured set patterns from '/home/linus/MoHex2.0/nfbranchfix/benzene-vanilla-cmake/share/vc-captured-set.txt'.
d87a7 config: VCS:: parsed 2 patterns.
d87a7 config: VCS: reading captured set patterns from '/home/linus/MoHex2.0/nfbranchfix/benzene-vanilla-cmake/share/vc-captured-set.txt'.
d87a7 config: VCS:: parsed 2 patterns.
d87a7 config: VCS: reading captured set patterns from '/home/linus/MoHex2.0/nfbranchfix/benzene-vanilla-cmake/share/vc-captured-set.txt'.
d87a7 config: VCS:: parsed 2 patterns.
d87a7 config: VCS: reading captured set patterns from '/home/linus/MoHex2.0/nfbranchfix/benzene-vanilla-cmake/share/vc-captured-set.txt'.
d87a7 config: VCS:: parsed 2 patterns.
d87a7 config: VCPattern: loading pattern templates from '/home/linus/MoHex2.0/nfbranchfix/benzene-vanilla-cmake/share/vc-patterns.txt'.
d87a7 info: Best move cannot be determined, must search state.
d87a7 info: --- MoHexPlayer::Search() ---
d87a7 info: Color: white
d87a7 info: MaxGames: 1
d87a7 info: NumberThreads: 1
d87a7 info: MaxNodes: 9090 (799920 bytes)
d87a7 info: TimeForMove: 1
d87a7 info: PreSearch: max time reached (56/92).
d87a7 info: Time for PreSearch: 0.203337s
d87a7 info: 
  77c9a12a222a7b19
  a  b  c  d  e  f  g  h  i  j  k  
 1\b  b  b  .  *  *  *  *  *  *  .\1
  2\B  .  *  *  *  *  *  *  *  *  .\2
   3\.  *  *  *  *  *  *  *  *  *  .\3
    4\.  *  *  *  *  *  *  *  *  *  .\4
     5\.  *  *  *  *  *  *  *  *  *  .\5
      6\.  *  *  *  *  *  *  *  *  *  .\6
       7\.  *  *  *  *  *  *  *  *  *  .\7
        8\.  *  *  *  *  *  *  *  *  *  .\8
         9\.  *  *  *  *  *  *  *  *  *  .\9
         10\.  *  *  *  *  *  *  *  *  .  .\10
          11\.  *  *  *  *  *  *  *  .  .  .\11
              a  b  c  d  e  f  g  h  i  j  k  
d87a7 info: No subtree to reuse.
d87a7 info: Creating thread 0
d87a7 info: StartSearch()[0]
d87a7 config: VCS: reading captured set patterns from '/home/linus/MoHex2.0/nfbranchfix/benzene-vanilla-cmake/share/vc-captured-set.txt'.
d87a7 config: VCS:: parsed 2 patterns.
d87a7 config: VCS: reading captured set patterns from '/home/linus/MoHex2.0/nfbranchfix/benzene-vanilla-cmake/share/vc-captured-set.txt'.
d87a7 config: VCS:: parsed 2 patterns.
d87a7 info: 
Elapsed Time   0.464706s
Count          1
GamesPlayed    1
Nodes          1
Knowledge      0 (0.0%)
Expansions     0.0
Time           0.00
GameLen        117.0 dev=0.0 min=117.0 max=117.0
InTree         0.0 dev=0.0 min=0.0 max=0.0
KnowDepth      -
Aborted        0%
Games/s        421.4
Score          1.00
Sequence      
d87a7 info: 
d87a7 warning: **** MoHexSearch returned empty sequence!
d87a7 warning: **** Returning random move!
d87a7 info: Best move cannot be determined, must search state.
d87a7 info: --- MoHexPlayer::Search() ---
d87a7 info: Color: white
d87a7 info: MaxGames: 1
d87a7 info: NumberThreads: 1
d87a7 info: MaxNodes: 9090 (799920 bytes)
d87a7 info: TimeForMove: 1
d87a7 info: PreSearch: max time reached (54/83).
d87a7 info: Time for PreSearch: 0.200464s
d87a7 info: 
  5743bdd411dd1129
  a  b  c  d  e  f  g  h  i  j  k  
 1\b  b  b  .  *  *  *  *  *  *  .\1
  2\B  .  *  *  *  *  *  *  *  *  .\2
   3\.  *  *  *  *  *  W  *  *  *  .\3
    4\.  *  *  *  *  *  *  *  *  *  .\4
     5\.  *  *  *  *  *  *  *  *  *  .\5
      6\.  *  *  *  *  *  *  *  *  *  .\6
       7\.  *  *  *  *  *  *  *  *  *  .\7
        8\.  *  *  *  *  *  *  *  *  *  .\8
         9\.  *  *  *  *  *  *  *  *  .  .\9
         10\.  *  *  *  *  *  .  B  .  .  .\10
          11\.  *  *  *  .  b  b  b  b  b  b\11
              a  b  c  d  e  f  g  h  i  j  k  
d87a7 info: Old: [black, a2] [white, swap-pieces] 
d87a7 info: New: [black, a2] [white, swap-pieces] [white, g3] [black, h10] 
d87a7 info: ReuseSubtree: Colors do not alternate.
d87a7 info: No subtree to reuse.
d87a7 info: StartSearch()[0]
d87a7 info: 
Elapsed Time   0.351636s
Count          1
GamesPlayed    1
Nodes          1
Knowledge      0 (0.0%)
Expansions     0.0
Time           0.00
GameLen        109.0 dev=0.0 min=109.0 max=109.0
InTree         0.0 dev=0.0 min=0.0 max=0.0
KnowDepth      -
Aborted        0%
Games/s        3322.3
Score          0.00
Sequence      
d87a7 info: 
d87a7 warning: **** MoHexSearch returned empty sequence!
d87a7 warning: **** Returning random move!
d87a7 info: Best move cannot be determined, must search state.
d87a7 info: --- MoHexPlayer::Search() ---
d87a7 info: Color: white
d87a7 info: MaxGames: 1
d87a7 info: NumberThreads: 1
d87a7 info: MaxNodes: 9090 (799920 bytes)
d87a7 info: TimeForMove: 1
d87a7 info: PreSearch: max time reached (43/76).
d87a7 info: Time for PreSearch: 0.20307s
d87a7 info: 
  7114c7bad5d582a2
  a  b  c  d  e  f  g  h  i  j  k  
 1\b  b  b  .  *  *  *  *  .  .  .\1
  2\B  .  *  *  *  *  *  .  W  *  .\2
   3\.  *  *  *  *  *  W  *  *  *  .\3
    4\.  *  *  *  *  *  *  *  *  *  .\4
     5\.  *  *  *  *  *  *  *  *  *  .\5
      6\.  *  *  *  *  *  *  *  *  .  .\6
       7\.  *  *  *  *  *  *  *  B  .  .\7
        8\.  *  *  *  *  *  *  *  *  *  .\8
         9\.  *  *  *  *  *  *  *  *  .  .\9
         10\.  *  *  *  *  *  .  B  .  .  .\10
          11\.  *  *  *  .  b  b  b  b  b  b\11
              a  b  c  d  e  f  g  h  i  j  k  
d87a7 info: Old: [black, a2] [white, swap-pieces] [white, g3] [black, h10] 
d87a7 info: New: [black, a2] [white, swap-pieces] [white, g3] [black, h10] [white, i2] [black, i7] 
d87a7 info: MovesPlayed: [white, i2] [black, i7] 
d87a7 info: No subtree to reuse.
d87a7 info: StartSearch()[0]
d87a7 info: 
Elapsed Time   0.348926s
Count          1
GamesPlayed    1
Nodes          1
Knowledge      0 (0.0%)
Expansions     0.0
Time           0.00
GameLen        107.0 dev=0.0 min=107.0 max=107.0
InTree         0.0 dev=0.0 min=0.0 max=0.0
KnowDepth      -
Aborted        0%
Games/s        3533.6
Score          0.00
Sequence      
d87a7 info: 
d87a7 warning: **** MoHexSearch returned empty sequence!
d87a7 warning: **** Returning random move!
d87a7 info: Best move cannot be determined, must search state.
d87a7 info: --- MoHexPlayer::Search() ---
d87a7 info: Color: white
d87a7 info: MaxGames: 1
d87a7 info: NumberThreads: 1
d87a7 info: MaxNodes: 9090 (799920 bytes)
d87a7 info: TimeForMove: 1
d87a7 info: PreSearch: max time reached (14/74).
d87a7 info: Time for PreSearch: 0.233871s
d87a7 info: 
  52b25bc7111e5f45
  a  b  c  d  e  f  g  h  i  j  k  
 1\b  b  b  .  *  *  *  *  .  .  .\1
  2\B  .  *  *  *  *  *  .  W  *  .\2
   3\.  *  *  *  *  *  W  *  *  *  .\3
    4\.  *  *  *  *  *  *  *  *  *  .\4
     5\.  *  *  W  *  *  *  *  *  *  .\5
      6\.  *  *  *  *  *  *  *  *  .  .\6
       7\.  *  *  *  *  *  *  *  B  .  .\7
        8\.  *  *  *  *  *  *  *  *  *  .\8
         9\.  *  *  *  *  *  *  *  .  B  b\9
         10\.  *  *  *  *  *  .  B  b  b  b\10
          11\.  *  *  *  .  b  b  b  b  b  b\11
              a  b  c  d  e  f  g  h  i  j  k  
d87a7 info: Old: [black, a2] [white, swap-pieces] [white, g3] [black, h10] [white, i2] [black, i7] 
d87a7 info: New: [black, a2] [white, swap-pieces] [white, g3] [black, h10] [white, i2] [black, i7] [white, d5] [black, j9] 
d87a7 info: MovesPlayed: [white, d5] [black, j9] 
d87a7 info: No subtree to reuse.
d87a7 info: StartSearch()[0]
d87a7 info: 
Elapsed Time   0.575528s
Count          1
GamesPlayed    1
Nodes          1
Knowledge      0 (0.0%)
Expansions     0.0
Time           0.00
GameLen        101.0 dev=0.0 min=101.0 max=101.0
InTree         0.0 dev=0.0 min=0.0 max=0.0
KnowDepth      -
Aborted        0%
Games/s        2347.4
Score          0.00
Sequence      
d87a7 info: 
d87a7 warning: **** MoHexSearch returned empty sequence!
d87a7 warning: **** Returning random move!
d87a7 info: Best move cannot be determined, must search state.
d87a7 info: --- MoHexPlayer::Search() ---
d87a7 info: Color: white
d87a7 info: MaxGames: 1
d87a7 info: NumberThreads: 1
d87a7 info: MaxNodes: 9090 (799920 bytes)
d87a7 info: TimeForMove: 1
d87a7 info: PreSearch: max time reached (13/72).
d87a7 info: Time for PreSearch: 0.20991s
d87a7 info: 
  73333a73e344c33e
  a  b  c  d  e  f  g  h  i  j  k  
 1\b  b  b  .  *  *  *  *  .  .  .\1
  2\B  .  *  *  *  *  *  .  W  *  .\2
   3\.  *  *  *  *  *  W  *  *  *  .\3
    4\.  *  *  *  *  *  *  *  *  *  .\4
     5\.  *  *  W  *  *  *  *  *  *  .\5
      6\.  *  *  *  *  *  *  *  *  .  .\6
       7\.  *  *  *  *  *  B  *  B  .  .\7
        8\.  *  *  *  *  *  W  *  *  *  .\8
         9\.  *  *  *  *  *  *  *  .  B  b\9
         10\.  *  *  *  *  *  .  B  b  b  b\10
          11\.  *  *  *  .  b  b  b  b  b  b\11
              a  b  c  d  e  f  g  h  i  j  k  
d87a7 info: Old: [black, a2] [white, swap-pieces] [white, g3] [black, h10] [white, i2] [black, i7] [white, d5] [black, j9] 
d87a7 info: New: [black, a2] [white, swap-pieces] [white, g3] [black, h10] [white, i2] [black, i7] [white, d5] [black, j9] [white, g8] [black, g7] 
d87a7 info: MovesPlayed: [white, g8] [black, g7] 
d87a7 info: No subtree to reuse.
d87a7 info: StartSearch()[0]
d87a7 info: 
Elapsed Time   0.354566s
Count          1
GamesPlayed    1
Nodes          1
Knowledge      0 (0.0%)
Expansions     0.0
Time           0.00
GameLen        99.0 dev=0.0 min=99.0 max=99.0
InTree         0.0 dev=0.0 min=0.0 max=0.0
KnowDepth      -
Aborted        0%
Games/s        3367.0
Score          0.00
Sequence      
d87a7 info: 
d87a7 warning: **** MoHexSearch returned empty sequence!
d87a7 warning: **** Returning random move!
d87a7 info: Winning SC.
d87a7 info: Winning SC.
d87a7 info: Winning SC.
d87a7 info: Winning SC.
d87a7 info: Winning SC.
d87a7 info: Winning SC.
d87a7 info: Winning SC.
d87a7 info: Winning SC.
d87a7 info: Winning SC.
d87a7 info: Winning SC.
d87a7 config: ============ BenzeneShutdown =============
d87a7 config: MoHexProgram:: ShutdownSystem()
d87a7 config: CommonProgram:: ShutdownSystem()
d87a7 config: BenzeneProgram:: ShutdownSystem()
Flushing and closing this stream...
