dc457 config: MoHex v2.0.CMake Mar 21 2025.
dc457 config: ============ InitializeSystem ============
dc457 config: BenzeneProgram::InitRandom()
dc457 config: Seed = 93755
dc457 info: Prior Patterns:
dc457 info: Global:
dc457 info: Size            = 565 32648 
dc457 info: TableEntries    = 65932 65910
dc457 info: MirrorsAdded    = 0 0
dc457 info: PrunableCount   = 30593 30629
dc457 info: LargestGamma    = 5820.77
dc457 info: SmallestGamma   = 6.6e-05
dc457 info: Local:
dc457 info: Size            = 550 5318 
dc457 info: TableEntries    = 11602 11588
dc457 info: MirrorsAdded    = 0 0
dc457 info: PrunableCount   = 3659 3667
dc457 info: LargestGamma    = 11281.8
dc457 info: SmallestGamma   = 0.026235
dc457 info: Playout Patterns:
dc457 info: Global:
dc457 info: Size            = 565 32648 
dc457 info: TableEntries    = 70329 70329
dc457 info: MirrorsAdded    = 4397 4419
dc457 info: PrunableCount   = 30593 30629
dc457 info: LargestGamma    = 5820.77
dc457 info: SmallestGamma   = 6.6e-05
dc457 info: Local:
dc457 info: Size            = 550 5318 
dc457 info: TableEntries    = 11602 11588
dc457 info: MirrorsAdded    = 0 0
dc457 info: PrunableCount   = 3659 3667
dc457 info: LargestGamma    = 11281.8
dc457 info: SmallestGamma   = 0.026235
dc457 config: IcePatternSet: reading from '/home/linus/MoHex2.0/nfbranchfix/benzene-vanilla-cmake/share/ice-patterns.txt'.
dc457 config: IcePatternSet: parsed 708 patterns.
dc457 config: VCS: reading captured set patterns from '/home/linus/MoHex2.0/nfbranchfix/benzene-vanilla-cmake/share/vc-captured-set.txt'.
dc457 config: VCS:: parsed 2 patterns.
dc457 config: VCS: reading captured set patterns from '/home/linus/MoHex2.0/nfbranchfix/benzene-vanilla-cmake/share/vc-captured-set.txt'.
dc457 config: VCS:: parsed 2 patterns.
dc457 config: IcePatternSet: reading from '/home/linus/MoHex2.0/nfbranchfix/benzene-vanilla-cmake/share/ice-patterns.txt'.
dc457 config: IcePatternSet: parsed 708 patterns.
dc457 config: VCS: reading captured set patterns from '/home/linus/MoHex2.0/nfbranchfix/benzene-vanilla-cmake/share/vc-captured-set.txt'.
dc457 config: VCS:: parsed 2 patterns.
dc457 config: VCS: reading captured set patterns from '/home/linus/MoHex2.0/nfbranchfix/benzene-vanilla-cmake/share/vc-captured-set.txt'.
dc457 config: VCS:: parsed 2 patterns.
dc457 config: VCS: reading captured set patterns from '/home/linus/MoHex2.0/nfbranchfix/benzene-vanilla-cmake/share/vc-captured-set.txt'.
dc457 config: VCS:: parsed 2 patterns.
dc457 config: VCS: reading captured set patterns from '/home/linus/MoHex2.0/nfbranchfix/benzene-vanilla-cmake/share/vc-captured-set.txt'.
dc457 config: VCS:: parsed 2 patterns.
dc457 config: VCS: reading captured set patterns from '/home/linus/MoHex2.0/nfbranchfix/benzene-vanilla-cmake/share/vc-captured-set.txt'.
dc457 config: VCS:: parsed 2 patterns.
dc457 config: VCS: reading captured set patterns from '/home/linus/MoHex2.0/nfbranchfix/benzene-vanilla-cmake/share/vc-captured-set.txt'.
dc457 config: VCS:: parsed 2 patterns.
dc457 config: VCPattern: loading pattern templates from '/home/linus/MoHex2.0/nfbranchfix/benzene-vanilla-cmake/share/vc-patterns.txt'.
dc457 info: Best move cannot be determined, must search state.
dc457 info: --- MoHexPlayer::Search() ---
dc457 info: Color: black
dc457 info: MaxGames: 1
dc457 info: NumberThreads: 1
dc457 info: MaxNodes: 181818181 (15999999928 bytes)
dc457 info: TimeForMove: 1
dc457 info: PreSearch: max time reached (48/94).
dc457 info: Time for PreSearch: 0.203193s
dc457 info: 
  50e28ae178977606
  a  b  c  d  e  f  g  h  i  j  k  
 1\.  .  .  .  .  .  .  .  .  .  .\1
  2\.  .  *  *  *  *  *  *  *  *  *\2
   3\.  *  *  *  *  *  *  *  *  *  *\3
    4\*  *  *  *  *  *  *  W  *  *  *\4
     5\*  *  *  *  *  *  *  *  *  *  *\5
      6\*  *  *  *  *  *  *  *  *  *  *\6
       7\*  *  *  *  *  *  *  *  *  *  *\7
        8\*  *  *  *  *  *  *  *  *  *  *\8
         9\*  *  *  *  *  *  *  *  *  *  *\9
         10\*  *  *  *  *  *  *  *  *  *  .\10
          11\.  .  .  .  .  .  .  B  .  .  .\11
              a  b  c  d  e  f  g  h  i  j  k  
dc457 info: No subtree to reuse.
dc457 info: Creating thread 0
dc457 info: StartSearch()[0]
dc457 config: VCS: reading captured set patterns from '/home/linus/MoHex2.0/nfbranchfix/benzene-vanilla-cmake/share/vc-captured-set.txt'.
dc457 config: VCS:: parsed 2 patterns.
dc457 config: VCS: reading captured set patterns from '/home/linus/MoHex2.0/nfbranchfix/benzene-vanilla-cmake/share/vc-captured-set.txt'.
dc457 config: VCS:: parsed 2 patterns.
dc457 info: 
Elapsed Time   0.364954s
Count          1
GamesPlayed    1
Nodes          1
Knowledge      0 (0.0%)
Expansions     0.0
Time           0.00
GameLen        119.0 dev=0.0 min=119.0 max=119.0
InTree         0.0 dev=0.0 min=0.0 max=0.0
KnowDepth      -
Aborted        0%
Games/s        358.3
Score          1.00
Sequence      
dc457 info: 
dc457 warning: **** MoHexSearch returned empty sequence!
dc457 warning: **** Returning random move!
dc457 info: Best move cannot be determined, must search state.
dc457 info: --- MoHexPlayer::Search() ---
dc457 info: Color: black
dc457 info: MaxGames: 1
dc457 info: NumberThreads: 1
dc457 info: MaxNodes: 181818181 (15999999928 bytes)
dc457 info: TimeForMove: 1
dc457 info: PreSearch: max time reached (57/92).
dc457 info: Time for PreSearch: 0.203435s
dc457 info: 
  ae9b677c07677182
  a  b  c  d  e  f  g  h  i  j  k  
 1\.  .  .  .  .  .  .  .  .  .  .\1
  2\.  .  *  *  W  *  *  *  *  *  *\2
   3\.  *  *  *  *  *  *  *  *  *  *\3
    4\*  *  *  *  *  *  *  W  *  *  *\4
     5\*  *  *  *  *  *  *  *  *  *  *\5
      6\*  *  *  *  *  *  *  *  *  *  *\6
       7\*  *  *  *  *  *  *  *  *  *  *\7
        8\*  *  *  *  *  *  *  *  *  *  *\8
         9\*  *  *  *  *  *  *  *  *  *  *\9
         10\B  .  *  *  *  *  *  *  *  *  .\10
          11\.  .  .  .  .  .  .  B  .  .  .\11
              a  b  c  d  e  f  g  h  i  j  k  
dc457 info: Old: [black, h11] [white, h4] 
dc457 info: New: [black, h11] [white, h4] [black, a10] [white, e2] 
dc457 info: MovesPlayed: [black, a10] [white, e2] 
dc457 info: No subtree to reuse.
dc457 info: StartSearch()[0]
dc457 info: 
Elapsed Time   0.380477s
Count          1
GamesPlayed    1
Nodes          1
Knowledge      0 (0.0%)
Expansions     0.0
Time           0.00
GameLen        117.0 dev=0.0 min=117.0 max=117.0
InTree         0.0 dev=0.0 min=0.0 max=0.0
KnowDepth      -
Aborted        0%
Games/s        2770.1
Score          0.00
Sequence      
dc457 info: 
dc457 warning: **** MoHexSearch returned empty sequence!
dc457 warning: **** Returning random move!
dc457 info: Best move cannot be determined, must search state.
dc457 info: --- MoHexPlayer::Search() ---
dc457 info: Color: black
dc457 info: MaxGames: 1
dc457 info: NumberThreads: 1
dc457 info: MaxNodes: 181818181 (15999999928 bytes)
dc457 info: TimeForMove: 1
dc457 info: PreSearch: max time reached (64/88).
dc457 info: Time for PreSearch: 0.201759s
dc457 info: 
  1da0f9a51e92ff46
  a  b  c  d  e  f  g  h  i  j  k  
 1\.  .  .  .  .  .  .  .  .  .  .\1
  2\.  .  *  *  W  *  *  *  *  *  *\2
   3\.  *  *  *  *  *  *  *  *  *  *\3
    4\*  *  *  *  *  *  *  W  *  *  *\4
     5\*  *  *  *  *  *  *  *  *  *  *\5
      6\*  *  *  *  *  *  *  *  *  *  *\6
       7\*  *  *  *  *  *  *  *  *  *  *\7
        8\*  *  *  *  *  *  *  *  *  *  .\8
         9\*  *  *  *  *  *  *  *  *  *  .\9
         10\B  .  *  *  *  *  *  *  W  .  .\10
          11\.  .  .  B  .  .  .  B  .  .  .\11
              a  b  c  d  e  f  g  h  i  j  k  
dc457 info: Old: [black, h11] [white, h4] [black, a10] [white, e2] 
dc457 info: New: [black, h11] [white, h4] [black, a10] [white, e2] [black, d11] [white, i10] 
dc457 info: MovesPlayed: [black, d11] [white, i10] 
dc457 info: No subtree to reuse.
dc457 info: StartSearch()[0]
dc457 info: 
Elapsed Time   0.344083s
Count          1
GamesPlayed    1
Nodes          1
Knowledge      0 (0.0%)
Expansions     0.0
Time           0.00
GameLen        115.0 dev=0.0 min=115.0 max=115.0
InTree         0.0 dev=0.0 min=0.0 max=0.0
KnowDepth      -
Aborted        0%
Games/s        3067.5
Score          1.00
Sequence      
dc457 info: 
dc457 warning: **** MoHexSearch returned empty sequence!
dc457 warning: **** Returning random move!
dc457 info: Best move cannot be determined, must search state.
dc457 info: --- MoHexPlayer::Search() ---
dc457 info: Color: black
dc457 info: MaxGames: 1
dc457 info: NumberThreads: 1
dc457 info: MaxNodes: 181818181 (15999999928 bytes)
dc457 info: TimeForMove: 1
dc457 info: PreSearch: max time reached (67/86).
dc457 info: Time for PreSearch: 0.202355s
dc457 info: 
  87bd5e4a2ca0d27b
  a  b  c  d  e  f  g  h  i  j  k  
 1\.  .  .  .  .  .  .  .  .  .  .\1
  2\.  .  *  *  W  *  *  *  *  *  *\2
   3\.  *  *  *  *  *  *  *  *  *  *\3
    4\*  *  *  *  *  *  *  W  *  *  *\4
     5\*  *  *  *  *  *  *  B  *  *  *\5
      6\*  *  *  *  *  *  W  *  *  *  *\6
       7\*  *  *  *  *  *  *  *  *  *  *\7
        8\*  *  *  *  *  *  *  *  *  *  .\8
         9\*  *  *  *  *  *  *  *  *  *  .\9
         10\B  .  *  *  *  *  *  *  W  .  .\10
          11\.  .  .  B  .  .  .  B  .  .  .\11
              a  b  c  d  e  f  g  h  i  j  k  
dc457 info: Old: [black, h11] [white, h4] [black, a10] [white, e2] [black, d11] [white, i10] 
dc457 info: New: [black, h11] [white, h4] [black, a10] [white, e2] [black, d11] [white, i10] [black, h5] [white, g6] 
dc457 info: MovesPlayed: [black, h5] [white, g6] 
dc457 info: No subtree to reuse.
dc457 info: StartSearch()[0]
dc457 info: 
Elapsed Time   0.350354s
Count          1
GamesPlayed    1
Nodes          1
Knowledge      0 (0.0%)
Expansions     0.0
Time           0.00
GameLen        113.0 dev=0.0 min=113.0 max=113.0
InTree         0.0 dev=0.0 min=0.0 max=0.0
KnowDepth      -
Aborted        0%
Games/s        3268.0
Score          0.00
Sequence      
dc457 info: 
dc457 warning: **** MoHexSearch returned empty sequence!
dc457 warning: **** Returning random move!
dc457 info: Best move cannot be determined, must search state.
dc457 info: --- MoHexPlayer::Search() ---
dc457 info: Color: black
dc457 info: MaxGames: 1
dc457 info: NumberThreads: 1
dc457 info: MaxNodes: 181818181 (15999999928 bytes)
dc457 info: TimeForMove: 1
dc457 info: PreSearch: max time reached (70/82).
dc457 info: Time for PreSearch: 0.20233s
dc457 info: 
  9ba18394888f85e2
  a  b  c  d  e  f  g  h  i  j  k  
 1\.  .  .  .  .  .  .  .  .  .  .\1
  2\.  .  *  *  W  *  *  *  *  *  *\2
   3\.  *  *  *  *  *  *  *  *  *  *\3
    4\*  *  *  *  *  *  *  W  *  *  *\4
     5\*  *  *  *  *  *  *  B  *  *  .\5
      6\*  *  *  *  *  *  W  *  *  B  .\6
       7\*  *  *  *  *  *  *  *  W  *  *\7
        8\*  *  *  *  *  *  *  *  *  *  .\8
         9\*  *  *  *  *  *  *  *  *  *  .\9
         10\B  .  *  *  *  *  *  *  W  .  .\10
          11\.  .  .  B  .  .  .  B  .  .  .\11
              a  b  c  d  e  f  g  h  i  j  k  
dc457 info: Old: [black, h11] [white, h4] [black, a10] [white, e2] [black, d11] [white, i10] [black, h5] [white, g6] 
dc457 info: New: [black, h11] [white, h4] [black, a10] [white, e2] [black, d11] [white, i10] [black, h5] [white, g6] [black, j6] [white, i7] 
dc457 info: MovesPlayed: [black, j6] [white, i7] 
dc457 info: No subtree to reuse.
dc457 info: StartSearch()[0]
dc457 info: 
Elapsed Time   0.347617s
Count          1
GamesPlayed    1
Nodes          1
Knowledge      0 (0.0%)
Expansions     0.0
Time           0.00
GameLen        111.0 dev=0.0 min=111.0 max=111.0
InTree         0.0 dev=0.0 min=0.0 max=0.0
KnowDepth      -
Aborted        0%
Games/s        3289.5
Score          1.00
Sequence      
dc457 info: 
dc457 warning: **** MoHexSearch returned empty sequence!
dc457 warning: **** Returning random move!
dc457 info: Best move cannot be determined, must search state.
dc457 info: --- MoHexPlayer::Search() ---
dc457 info: Color: black
dc457 info: MaxGames: 1
dc457 info: NumberThreads: 1
dc457 info: MaxNodes: 181818181 (15999999928 bytes)
dc457 info: TimeForMove: 1
dc457 info: PreSearch: max time reached (57/78).
dc457 info: Time for PreSearch: 0.201408s
dc457 info: 
  3db96e48e1d73675
  a  b  c  d  e  f  g  h  i  j  k  
 1\.  .  .  .  b  .  .  .  .  .  .\1
  2\.  .  .  W  W  *  *  *  *  .  .\2
   3\.  *  *  *  *  *  *  *  .  B  .\3
    4\*  *  *  *  *  *  *  W  *  *  *\4
     5\*  *  *  *  *  *  *  B  *  *  .\5
      6\*  *  *  *  *  *  W  *  *  B  .\6
       7\*  *  *  *  *  *  *  *  W  *  *\7
        8\*  *  *  *  *  *  *  *  *  *  .\8
         9\*  *  *  *  *  *  *  *  *  *  .\9
         10\B  .  *  *  *  *  *  *  W  .  .\10
          11\.  .  .  B  .  .  .  B  .  .  .\11
              a  b  c  d  e  f  g  h  i  j  k  
dc457 info: Old: [black, h11] [white, h4] [black, a10] [white, e2] [black, d11] [white, i10] [black, h5] [white, g6] [black, j6] [white, i7] 
dc457 info: New: [black, h11] [white, h4] [black, a10] [white, e2] [black, d11] [white, i10] [black, h5] [white, g6] [black, j6] [white, i7] [black, j3] [white, d2] 
dc457 info: MovesPlayed: [black, j3] [white, d2] 
dc457 info: No subtree to reuse.
dc457 info: StartSearch()[0]
dc457 info: 
Elapsed Time   0.52439s
Count          1
GamesPlayed    1
Nodes          1
Knowledge      0 (0.0%)
Expansions     0.0
Time           0.00
GameLen        108.0 dev=0.0 min=108.0 max=108.0
InTree         0.0 dev=0.0 min=0.0 max=0.0
KnowDepth      -
Aborted        0%
Games/s        3413.0
Score          0.00
Sequence      
dc457 info: 
dc457 warning: **** MoHexSearch returned empty sequence!
dc457 warning: **** Returning random move!
dc457 info: Best move cannot be determined, must search state.
dc457 info: --- MoHexPlayer::Search() ---
dc457 info: Color: black
dc457 info: MaxGames: 1
dc457 info: NumberThreads: 1
dc457 info: MaxNodes: 181818181 (15999999928 bytes)
dc457 info: TimeForMove: 1
dc457 info: PreSearch: max time reached (71/76).
dc457 info: Time for PreSearch: 0.202306s
dc457 info: 
  6d40c522ac6a2fe6
  a  b  c  d  e  f  g  h  i  j  k  
 1\.  .  .  .  b  .  .  .  .  .  .\1
  2\.  .  .  W  W  *  *  *  *  .  .\2
   3\.  *  *  *  *  *  *  *  .  B  .\3
    4\*  *  *  *  *  *  *  W  *  *  *\4
     5\*  *  *  *  *  *  *  B  *  *  .\5
      6\B  *  *  *  *  *  W  *  *  B  .\6
       7\*  *  *  *  *  *  *  *  W  *  *\7
        8\*  *  W  *  *  *  *  *  *  *  .\8
         9\*  *  *  *  *  *  *  *  *  *  .\9
         10\B  .  *  *  *  *  *  *  W  .  .\10
          11\.  .  .  B  .  .  .  B  .  .  .\11
              a  b  c  d  e  f  g  h  i  j  k  
dc457 info: Old: [black, h11] [white, h4] [black, a10] [white, e2] [black, d11] [white, i10] [black, h5] [white, g6] [black, j6] [white, i7] [black, j3] [white, d2] 
dc457 info: New: [black, h11] [white, h4] [black, a10] [white, e2] [black, d11] [white, i10] [black, h5] [white, g6] [black, j6] [white, i7] [black, j3] [white, d2] [black, a6] [white, c8] 
dc457 info: MovesPlayed: [black, a6] [white, c8] 
dc457 info: No subtree to reuse.
dc457 info: StartSearch()[0]
dc457 info: 
Elapsed Time   0.345925s
Count          1
GamesPlayed    1
Nodes          1
Knowledge      0 (0.0%)
Expansions     0.0
Time           0.00
GameLen        106.0 dev=0.0 min=106.0 max=106.0
InTree         0.0 dev=0.0 min=0.0 max=0.0
KnowDepth      -
Aborted        0%
Games/s        3194.9
Score          1.00
Sequence      
dc457 info: 
dc457 warning: **** MoHexSearch returned empty sequence!
dc457 warning: **** Returning random move!
dc457 info: Best move cannot be determined, must search state.
dc457 info: --- MoHexPlayer::Search() ---
dc457 info: Color: black
dc457 info: MaxGames: 1
dc457 info: NumberThreads: 1
dc457 info: MaxNodes: 181818181 (15999999928 bytes)
dc457 info: TimeForMove: 1
dc457 info: Time for PreSearch: 0.178794s
dc457 info: 
  6784798e4d027e5b
  a  b  c  d  e  f  g  h  i  j  k  
 1\.  .  .  .  b  .  .  .  .  .  .\1
  2\.  .  .  W  W  *  *  *  W  *  .\2
   3\.  *  *  *  *  *  *  *  .  B  .\3
    4\*  *  *  *  *  *  *  W  *  *  *\4
     5\*  *  *  *  *  *  *  B  *  *  .\5
      6\B  *  *  *  *  *  W  *  *  B  .\6
       7\*  *  *  *  *  *  *  *  W  *  *\7
        8\*  *  W  *  *  *  *  *  *  *  .\8
         9\*  *  *  *  *  *  *  *  *  *  .\9
         10\B  .  *  .  B  .  .  .  W  .  .\10
          11\.  .  b  B  b  b  b  B  .  .  .\11
              a  b  c  d  e  f  g  h  i  j  k  
dc457 info: Old: [black, h11] [white, h4] [black, a10] [white, e2] [black, d11] [white, i10] [black, h5] [white, g6] [black, j6] [white, i7] [black, j3] [white, d2] [black, a6] [white, c8] 
dc457 info: New: [black, h11] [white, h4] [black, a10] [white, e2] [black, d11] [white, i10] [black, h5] [white, g6] [black, j6] [white, i7] [black, j3] [white, d2] [black, a6] [white, c8] [black, e10] [white, i2] 
dc457 info: MovesPlayed: [black, e10] [white, i2] 
dc457 info: No subtree to reuse.
dc457 info: StartSearch()[0]
dc457 info: 
Elapsed Time   0.339077s
Count          1
GamesPlayed    1
Nodes          1
Knowledge      0 (0.0%)
Expansions     0.0
Time           0.00
GameLen        100.0 dev=0.0 min=100.0 max=100.0
InTree         0.0 dev=0.0 min=0.0 max=0.0
KnowDepth      -
Aborted        0%
Games/s        3289.5
Score          1.00
Sequence      
dc457 info: 
dc457 warning: **** MoHexSearch returned empty sequence!
dc457 warning: **** Returning random move!
dc457 info: Best move cannot be determined, must search state.
dc457 info: --- MoHexPlayer::Search() ---
dc457 info: Color: black
dc457 info: MaxGames: 1
dc457 info: NumberThreads: 1
dc457 info: MaxNodes: 181818181 (15999999928 bytes)
dc457 info: TimeForMove: 1
dc457 info: Time for PreSearch: 0.176582s
dc457 info: 
  634ce4b9c6a58a0b
  a  b  c  d  e  f  g  h  i  j  k  
 1\.  .  .  .  b  .  .  .  .  .  .\1
  2\.  .  .  W  W  *  *  *  W  *  .\2
   3\.  *  *  *  *  *  *  *  .  B  .\3
    4\*  *  *  *  *  *  B  W  *  *  *\4
     5\*  *  *  *  *  *  *  B  *  *  .\5
      6\B  *  *  *  *  *  W  *  *  B  .\6
       7\*  *  *  *  *  *  *  *  W  *  *\7
        8\*  *  W  *  *  *  *  *  *  *  .\8
         9\*  *  *  *  *  *  *  *  *  *  .\9
         10\B  .  *  .  B  .  W  *  W  .  .\10
          11\.  .  b  B  b  b  b  B  .  .  .\11
              a  b  c  d  e  f  g  h  i  j  k  
dc457 info: Old: [black, h11] [white, h4] [black, a10] [white, e2] [black, d11] [white, i10] [black, h5] [white, g6] [black, j6] [white, i7] [black, j3] [white, d2] [black, a6] [white, c8] [black, e10] [white, i2] 
dc457 info: New: [black, h11] [white, h4] [black, a10] [white, e2] [black, d11] [white, i10] [black, h5] [white, g6] [black, j6] [white, i7] [black, j3] [white, d2] [black, a6] [white, c8] [black, e10] [white, i2] [black, g4] [white, g10] 
dc457 info: MovesPlayed: [black, g4] [white, g10] 
dc457 info: No subtree to reuse.
dc457 info: StartSearch()[0]
dc457 info: 
Elapsed Time   0.354203s
Count          1
GamesPlayed    1
Nodes          1
Knowledge      0 (0.0%)
Expansions     0.0
Time           0.00
GameLen        98.0 dev=0.0 min=98.0 max=98.0
InTree         0.0 dev=0.0 min=0.0 max=0.0
KnowDepth      -
Aborted        0%
Games/s        3623.2
Score          0.00
Sequence      
dc457 info: 
dc457 warning: **** MoHexSearch returned empty sequence!
dc457 warning: **** Returning random move!
dc457 info: Best move cannot be determined, must search state.
dc457 info: --- MoHexPlayer::Search() ---
dc457 info: Color: black
dc457 info: MaxGames: 1
dc457 info: NumberThreads: 1
dc457 info: MaxNodes: 181818181 (15999999928 bytes)
dc457 info: TimeForMove: 1
dc457 info: Time for PreSearch: 0.162056s
dc457 info: 
  e763d2bfab3c9846
  a  b  c  d  e  f  g  h  i  j  k  
 1\.  .  .  .  b  .  .  .  .  .  .\1
  2\.  .  .  W  W  *  *  *  W  *  .\2
   3\.  *  *  *  *  *  *  *  .  B  .\3
    4\*  *  *  *  *  *  B  W  *  *  *\4
     5\*  *  *  *  *  *  *  B  *  *  .\5
      6\B  *  *  *  *  *  W  *  *  B  w\6
       7\*  *  *  *  *  *  B  *  W  *  w\7
        8\*  *  W  *  *  *  *  *  *  *  W\8
         9\*  *  *  *  *  *  *  *  *  .  .\9
         10\B  .  *  .  B  .  W  *  W  *  .\10
          11\.  .  b  B  b  b  b  B  .  .  .\11
              a  b  c  d  e  f  g  h  i  j  k  
dc457 info: Old: [black, h11] [white, h4] [black, a10] [white, e2] [black, d11] [white, i10] [black, h5] [white, g6] [black, j6] [white, i7] [black, j3] [white, d2] [black, a6] [white, c8] [black, e10] [white, i2] [black, g4] [white, g10] 
dc457 info: New: [black, h11] [white, h4] [black, a10] [white, e2] [black, d11] [white, i10] [black, h5] [white, g6] [black, j6] [white, i7] [black, j3] [white, d2] [black, a6] [white, c8] [black, e10] [white, i2] [black, g4] [white, g10] [black, g7] [white, k8] 
dc457 info: MovesPlayed: [black, g7] [white, k8] 
dc457 info: No subtree to reuse.
dc457 info: StartSearch()[0]
dc457 info: 
Elapsed Time   0.308278s
Count          1
GamesPlayed    1
Nodes          1
Knowledge      0 (0.0%)
Expansions     0.0
Time           0.00
GameLen        94.0 dev=0.0 min=94.0 max=94.0
InTree         0.0 dev=0.0 min=0.0 max=0.0
KnowDepth      -
Aborted        0%
Games/s        3367.0
Score          0.00
Sequence      
dc457 info: 
dc457 warning: **** MoHexSearch returned empty sequence!
dc457 warning: **** Returning random move!
dc457 info: Best move cannot be determined, must search state.
dc457 info: --- MoHexPlayer::Search() ---
dc457 info: Color: black
dc457 info: MaxGames: 1
dc457 info: NumberThreads: 1
dc457 info: MaxNodes: 181818181 (15999999928 bytes)
dc457 info: TimeForMove: 1
dc457 info: Time for PreSearch: 0.173122s
dc457 info: 
  3767fbc4a550382a
  a  b  c  d  e  f  g  h  i  j  k  
 1\.  .  .  .  b  .  .  .  .  .  .\1
  2\.  .  .  W  W  *  *  *  W  *  .\2
   3\.  *  *  *  *  *  *  *  .  B  .\3
    4\*  *  *  *  *  *  B  W  *  *  *\4
     5\*  *  *  *  *  *  *  B  *  *  .\5
      6\B  *  *  *  *  *  W  *  *  B  w\6
       7\w  W  *  *  B  *  B  *  W  *  w\7
        8\w  .  W  *  *  *  *  *  *  *  W\8
         9\.  .  *  *  *  *  *  *  *  .  .\9
         10\B  .  *  .  B  .  W  *  W  *  .\10
          11\.  .  b  B  b  b  b  B  .  .  .\11
              a  b  c  d  e  f  g  h  i  j  k  
dc457 info: Old: [black, h11] [white, h4] [black, a10] [white, e2] [black, d11] [white, i10] [black, h5] [white, g6] [black, j6] [white, i7] [black, j3] [white, d2] [black, a6] [white, c8] [black, e10] [white, i2] [black, g4] [white, g10] [black, g7] [white, k8] 
dc457 info: New: [black, h11] [white, h4] [black, a10] [white, e2] [black, d11] [white, i10] [black, h5] [white, g6] [black, j6] [white, i7] [black, j3] [white, d2] [black, a6] [white, c8] [black, e10] [white, i2] [black, g4] [white, g10] [black, g7] [white, k8] [black, e7] [white, b7] 
dc457 info: MovesPlayed: [black, e7] [white, b7] 
dc457 info: No subtree to reuse.
dc457 info: StartSearch()[0]
dc457 info: 
Elapsed Time   0.321139s
Count          1
GamesPlayed    1
Nodes          1
Knowledge      0 (0.0%)
Expansions     0.0
Time           0.00
GameLen        90.0 dev=0.0 min=90.0 max=90.0
InTree         0.0 dev=0.0 min=0.0 max=0.0
KnowDepth      -
Aborted        0%
Games/s        3521.1
Score          0.00
Sequence      
dc457 info: 
dc457 warning: **** MoHexSearch returned empty sequence!
dc457 warning: **** Returning random move!
dc457 info: Best move cannot be determined, must search state.
dc457 info: --- MoHexPlayer::Search() ---
dc457 info: Color: black
dc457 info: MaxGames: 1
dc457 info: NumberThreads: 1
dc457 info: MaxNodes: 181818181 (15999999928 bytes)
dc457 info: TimeForMove: 1
dc457 info: Time for PreSearch: 0.200051s
dc457 info: 
  6887e2541a51d449
  a  b  c  d  e  f  g  h  i  j  k  
 1\.  .  .  .  b  .  .  .  .  .  .\1
  2\.  .  .  W  W  *  *  *  W  *  .\2
   3\.  *  *  *  *  *  *  *  .  B  .\3
    4\*  *  *  *  *  *  B  W  B  .  .\4
     5\*  *  *  *  *  *  *  B  .  .  .\5
      6\B  *  *  *  *  *  W  *  .  B  w\6
       7\w  W  *  *  B  *  B  *  W  .  w\7
        8\w  .  W  *  *  *  *  *  *  w  W\8
         9\.  .  *  *  *  *  *  *  .  w  W\9
         10\B  .  *  .  B  .  W  *  W  w  w\10
          11\.  .  b  B  b  b  b  B  b  b  w\11
              a  b  c  d  e  f  g  h  i  j  k  
dc457 info: Old: [black, h11] [white, h4] [black, a10] [white, e2] [black, d11] [white, i10] [black, h5] [white, g6] [black, j6] [white, i7] [black, j3] [white, d2] [black, a6] [white, c8] [black, e10] [white, i2] [black, g4] [white, g10] [black, g7] [white, k8] [black, e7] [white, b7] 
dc457 info: New: [black, h11] [white, h4] [black, a10] [white, e2] [black, d11] [white, i10] [black, h5] [white, g6] [black, j6] [white, i7] [black, j3] [white, d2] [black, a6] [white, c8] [black, e10] [white, i2] [black, g4] [white, g10] [black, g7] [white, k8] [black, e7] [white, b7] [black, i4] [white, k9] 
dc457 info: MovesPlayed: [black, i4] [white, k9] 
dc457 info: No subtree to reuse.
dc457 info: StartSearch()[0]
dc457 info: 
Elapsed Time   0.343537s
Count          1
GamesPlayed    1
Nodes          1
Knowledge      0 (0.0%)
Expansions     0.0
Time           0.00
GameLen        81.0 dev=0.0 min=81.0 max=81.0
InTree         0.0 dev=0.0 min=0.0 max=0.0
KnowDepth      -
Aborted        0%
Games/s        3831.4
Score          1.00
Sequence      
dc457 info: 
dc457 warning: **** MoHexSearch returned empty sequence!
dc457 warning: **** Returning random move!
dc457 info: Best move cannot be determined, must search state.
dc457 info: --- MoHexPlayer::Search() ---
dc457 info: Color: black
dc457 info: MaxGames: 1
dc457 info: NumberThreads: 1
dc457 info: MaxNodes: 181818181 (15999999928 bytes)
dc457 info: TimeForMove: 1
dc457 info: Time for PreSearch: 0.138518s
dc457 info: 
  71e901ccaf2c5be2
  a  b  c  d  e  f  g  h  i  j  k  
 1\b  b  b  b  b  .  .  .  .  .  .\1
  2\B  b  .  W  W  *  .  *  W  *  .\2
   3\.  *  *  *  *  W  .  *  .  B  .\3
    4\*  *  *  *  *  *  B  W  B  .  .\4
     5\*  *  *  *  *  *  *  B  .  .  .\5
      6\B  *  *  *  *  *  W  *  .  B  w\6
       7\w  W  *  *  B  *  B  *  W  .  w\7
        8\w  .  W  *  *  *  *  *  *  w  W\8
         9\.  .  *  *  *  *  *  *  .  w  W\9
         10\B  .  *  .  B  .  W  *  W  w  w\10
          11\.  .  b  B  b  b  b  B  b  b  w\11
              a  b  c  d  e  f  g  h  i  j  k  
dc457 info: Old: [black, h11] [white, h4] [black, a10] [white, e2] [black, d11] [white, i10] [black, h5] [white, g6] [black, j6] [white, i7] [black, j3] [white, d2] [black, a6] [white, c8] [black, e10] [white, i2] [black, g4] [white, g10] [black, g7] [white, k8] [black, e7] [white, b7] [black, i4] [white, k9] 
dc457 info: New: [black, h11] [white, h4] [black, a10] [white, e2] [black, d11] [white, i10] [black, h5] [white, g6] [black, j6] [white, i7] [black, j3] [white, d2] [black, a6] [white, c8] [black, e10] [white, i2] [black, g4] [white, g10] [black, g7] [white, k8] [black, e7] [white, b7] [black, i4] [white, k9] [black, a2] [white, f3] 
dc457 info: MovesPlayed: [black, a2] [white, f3] 
dc457 info: No subtree to reuse.
dc457 info: StartSearch()[0]
dc457 info: 
Elapsed Time   0.282109s
Count          1
GamesPlayed    1
Nodes          1
Knowledge      0 (0.0%)
Expansions     0.0
Time           0.00
GameLen        74.0 dev=0.0 min=74.0 max=74.0
InTree         0.0 dev=0.0 min=0.0 max=0.0
KnowDepth      -
Aborted        0%
Games/s        3546.1
Score          0.00
Sequence      
dc457 info: 
dc457 warning: **** MoHexSearch returned empty sequence!
dc457 warning: **** Returning random move!
dc457 info: Best move cannot be determined, must search state.
dc457 info: --- MoHexPlayer::Search() ---
dc457 info: Color: black
dc457 info: MaxGames: 1
dc457 info: NumberThreads: 1
dc457 info: MaxNodes: 181818181 (15999999928 bytes)
dc457 info: TimeForMove: 1
dc457 info: Winning sequence found before UCT search!
dc457 info: Sequence: j2
dc457 info: Winning SC.
dc457 info: Winning SC.
dc457 info: Winning SC.
dc457 info: Winning SC.
dc457 info: Winning SC.
dc457 info: Winning SC.
dc457 info: Winning SC.
dc457 config: ============ BenzeneShutdown =============
dc457 config: MoHexProgram:: ShutdownSystem()
dc457 config: CommonProgram:: ShutdownSystem()
dc457 config: BenzeneProgram:: ShutdownSystem()
Flushing and closing this stream...
