# nice ../build/src/mohex/mohex --config mohex-weak.htp --seed 50815 --logfile-name jobs/11x11-mohex-mohex-cg2010-vs-mohex-mohex-weak-3/mohex-mohex-weak-69.log
>boardsize 11 11
<= 
<
>name
MoHex 2.0.CMake Mar 21 2025
Copyright (C) 2007-2012 by the authors of the Benzene project.
This program comes with ABSOLUTELY NO WARRANTY. This is
free software and you are welcome to redistribute it under
certain conditions. Type `benzene-license' for details.

SgRandom::SetSeed: 50815
SgUctSearch: system memory 33632358400, using 1000000000 (5681818 nodes)
SgRandom::SetSeed: 1
SgRandom::SetSeed: 50815
9d917 info: Prior Patterns:
9d917 info: Global:
9d917 info: Size            = 565 32648 
9d917 info: TableEntries    = 65932 65910
9d917 info: MirrorsAdded    = 0 0
9d917 info: PrunableCount   = 30593 30629
9d917 info: LargestGamma    = 5820.77
9d917 info: SmallestGamma   = 6.6e-05
9d917 info: Local:
9d917 info: Size            = 550 5318 
9d917 info: TableEntries    = 11602 11588
9d917 info: MirrorsAdded    = 0 0
9d917 info: PrunableCount   = 3659 3667
9d917 info: LargestGamma    = 11281.8
9d917 info: SmallestGamma   = 0.026235
9d917 info: Playout Patterns:
9d917 info: Global:
9d917 info: Size            = 565 32648 
9d917 info: TableEntries    = 70329 70329
9d917 info: MirrorsAdded    = 4397 4419
9d917 info: PrunableCount   = 30593 30629
9d917 info: LargestGamma    = 5820.77
9d917 info: SmallestGamma   = 6.6e-05
9d917 info: Local:
9d917 info: Size            = 550 5318 
9d917 info: TableEntries    = 11602 11588
9d917 info: MirrorsAdded    = 0 0
9d917 info: PrunableCount   = 3659 3667
9d917 info: LargestGamma    = 11281.8
9d917 info: SmallestGamma   = 0.026235
param_game allow_swap 1
= 

param_mohex max_memory 1600000
= 

param_mohex num_threads 1
= 

param_mohex max_time 1
= 

param_mohex max_games 1
= 

param_mohex knowledge_threshold 400
= 

param_mohex reuse_subtree 1
= 

param_mohex use_parallel_solver 0
= 

<= MoHex
<
>version
<= 2.0.CMake
<
>play b d2
<= 
<
>showboard
<= 
< 
<  4ee8bfe34bbdc6b3
<  a  b  c  d  e  f  g  h  i  j  k  
< 1\.  .  .  .  .  .  .  .  .  .  .\1
<  2\.  .  .  B  .  .  .  .  .  .  .\2
<   3\.  .  .  .  .  .  .  .  .  .  .\3
<    4\.  .  .  .  .  .  .  .  .  .  .\4
<     5\.  .  .  .  .  .  .  .  .  .  .\5
<      6\.  .  .  .  .  .  .  .  .  .  .\6
<       7\.  .  .  .  .  .  .  .  .  .  .\7
<        8\.  .  .  .  .  .  .  .  .  .  .\8
<         9\.  .  .  .  .  .  .  .  .  .  .\9
<         10\.  .  .  .  .  .  .  .  .  .  .\10
<          11\.  .  .  .  .  .  .  .  .  .  .\11
<              a  b  c  d  e  f  g  h  i  j  k  
<
>play w swap-pieces
<= 
<
>genmove w
<= g8
<
>play b j4
9d917 info: Best move cannot be determined, must search state.
9d917 info: --- MoHexPlayer::Search() ---
9d917 info: Color: white
9d917 info: MaxGames: 1
9d917 info: NumberThreads: 1
9d917 info: MaxNodes: 9090 (799920 bytes)
9d917 info: TimeForMove: 1
9d917 info: PreSearch: max time reached (55/83).
9d917 info: Time for PreSearch: 0.202815s
9d917 info: 
  4ee8bfe34bbdc6b3
  a  b  c  d  e  f  g  h  i  j  k  
 1\b  b  b  b  b  b  .  *  *  *  .\1
  2\.  .  .  B  .  *  *  *  *  *  .\2
   3\.  .  *  *  *  *  *  *  *  *  .\3
    4\.  .  *  *  *  *  *  *  *  *  .\4
     5\.  *  *  *  *  *  *  *  *  *  .\5
      6\.  *  *  *  *  *  *  *  *  *  .\6
       7\.  *  *  *  *  *  *  *  *  *  .\7
        8\.  *  *  *  *  *  *  *  *  .  .\8
         9\.  *  *  *  *  *  *  *  *  *  .\9
         10\.  *  *  *  *  *  *  *  *  .  .\10
          11\.  *  *  *  *  *  *  *  .  .  .\11
              a  b  c  d  e  f  g  h  i  j  k  
9d917 info: No subtree to reuse.
9d917 info: Creating thread 0
9d917 info: StartSearch()[0]
SgUctSearch: max games reached
9d917 info: 
Elapsed Time   3.40871s
Count          1
GamesPlayed    1
Nodes          1
Knowledge      0 (0.0%)
Expansions     0.0
Time           0.00
GameLen        114.0 dev=0.0 min=114.0 max=114.0
InTree         0.0 dev=0.0 min=0.0 max=0.0
KnowDepth      -
Aborted        0%
Games/s        412.7
Score          1.00
Sequence      
9d917 info: 
9d917 warning: **** MoHexSearch returned empty sequence!
9d917 warning: **** Returning random move!
<= 
<
>genmove w
<= k10
<
>play b e10
9d917 info: Best move cannot be determined, must search state.
9d917 info: --- MoHexPlayer::Search() ---
9d917 info: Color: white
9d917 info: MaxGames: 1
9d917 info: NumberThreads: 1
9d917 info: MaxNodes: 9090 (799920 bytes)
9d917 info: TimeForMove: 1
9d917 info: PreSearch: max time reached (54/83).
9d917 info: Time for PreSearch: 0.202729s
9d917 info: 
  f329acaf15b7607f
  a  b  c  d  e  f  g  h  i  j  k  
 1\b  b  b  b  b  b  .  *  *  *  .\1
  2\.  .  .  B  .  *  *  *  *  *  .\2
   3\.  .  *  *  *  *  *  *  *  *  .\3
    4\.  *  *  *  *  *  *  *  *  B  .\4
     5\.  *  *  *  *  *  *  *  *  *  .\5
      6\.  *  *  *  *  *  *  *  *  *  .\6
       7\.  *  *  *  *  *  *  *  *  *  .\7
        8\.  *  *  *  *  *  W  *  *  *  .\8
         9\.  *  *  *  *  *  *  *  *  *  .\9
         10\.  *  *  *  *  *  *  *  *  .  .\10
          11\.  *  *  *  *  *  *  *  .  .  .\11
              a  b  c  d  e  f  g  h  i  j  k  
9d917 info: Old: [black, d2] [white, swap-pieces] 
9d917 info: New: [black, d2] [white, swap-pieces] [white, g8] [black, j4] 
9d917 info: ReuseSubtree: Colors do not alternate.
9d917 info: No subtree to reuse.
9d917 info: StartSearch()[0]
SgUctSearch: max games reached
9d917 info: 
Elapsed Time   0.351869s
Count          1
GamesPlayed    1
Nodes          1
Knowledge      0 (0.0%)
Expansions     0.0
Time           0.00
GameLen        112.0 dev=0.0 min=112.0 max=112.0
InTree         0.0 dev=0.0 min=0.0 max=0.0
KnowDepth      -
Aborted        0%
Games/s        3174.6
Score          0.00
Sequence      
9d917 info: 
9d917 warning: **** MoHexSearch returned empty sequence!
9d917 warning: **** Returning random move!
<= 
<
>genmove w
<= j3
<
>play b b6
9d917 info: Best move cannot be determined, must search state.
9d917 info: --- MoHexPlayer::Search() ---
9d917 info: Color: white
9d917 info: MaxGames: 1
9d917 info: NumberThreads: 1
9d917 info: MaxNodes: 9090 (799920 bytes)
9d917 info: TimeForMove: 1
9d917 info: PreSearch: max time reached (53/76).
9d917 info: Time for PreSearch: 0.202455s
9d917 info: 
  2a9d771fe26f75b8
  a  b  c  d  e  f  g  h  i  j  k  
 1\b  b  b  b  b  b  .  *  *  *  .\1
  2\.  .  .  B  .  *  *  *  *  *  .\2
   3\.  .  *  *  *  *  *  *  *  *  .\3
    4\.  *  *  *  *  *  *  *  *  B  .\4
     5\.  *  *  *  *  *  *  *  *  *  .\5
      6\.  *  *  *  *  *  *  *  *  *  .\6
       7\.  *  *  *  *  *  *  *  *  *  .\7
        8\.  *  *  *  *  *  W  *  *  *  .\8
         9\.  *  *  *  *  *  *  *  *  *  .\9
         10\.  *  *  .  B  .  *  *  *  *  W\10
          11\.  .  b  b  b  b  .  *  *  .  b\11
              a  b  c  d  e  f  g  h  i  j  k  
9d917 info: Old: [black, d2] [white, swap-pieces] [white, g8] [black, j4] 
9d917 info: New: [black, d2] [white, swap-pieces] [white, g8] [black, j4] [white, k10] [black, e10] 
9d917 info: MovesPlayed: [white, k10] [black, e10] 
9d917 info: No subtree to reuse.
9d917 info: StartSearch()[0]
SgUctSearch: max games reached
9d917 info: 
Elapsed Time   0.353568s
Count          1
GamesPlayed    1
Nodes          1
Knowledge      0 (0.0%)
Expansions     0.0
Time           0.00
GameLen        105.0 dev=0.0 min=105.0 max=105.0
InTree         0.0 dev=0.0 min=0.0 max=0.0
KnowDepth      -
Aborted        0%
Games/s        3268.0
Score          0.00
Sequence      
9d917 info: 
9d917 warning: **** MoHexSearch returned empty sequence!
9d917 warning: **** Returning random move!
<= 
<
>genmove w
<= i11
<
>play b g10
9d917 info: Best move cannot be determined, must search state.
9d917 info: --- MoHexPlayer::Search() ---
9d917 info: Color: white
9d917 info: MaxGames: 1
9d917 info: NumberThreads: 1
9d917 info: MaxNodes: 9090 (799920 bytes)
9d917 info: TimeForMove: 1
9d917 info: PreSearch: max time reached (69/73).
9d917 info: Time for PreSearch: 0.201269s
9d917 info: 
  fe3d5084b84800aa
  a  b  c  d  e  f  g  h  i  j  k  
 1\b  b  b  b  b  b  .  *  *  *  .\1
  2\.  .  .  B  .  *  *  *  *  .  w\2
   3\.  .  .  *  *  *  *  *  *  W  w\3
    4\.  .  *  *  *  *  *  *  *  B  .\4
     5\.  .  *  *  *  *  *  *  *  *  .\5
      6\.  B  *  *  *  *  *  *  *  *  .\6
       7\.  *  *  *  *  *  *  *  *  *  .\7
        8\.  *  *  *  *  *  W  *  *  *  .\8
         9\.  *  *  *  *  *  *  *  *  *  .\9
         10\.  *  *  .  B  .  *  *  *  .  W\10
          11\.  .  b  b  b  b  .  *  *  .  b\11
              a  b  c  d  e  f  g  h  i  j  k  
9d917 info: Old: [black, d2] [white, swap-pieces] [white, g8] [black, j4] [white, k10] [black, e10] 
9d917 info: New: [black, d2] [white, swap-pieces] [white, g8] [black, j4] [white, k10] [black, e10] [white, j3] [black, b6] 
9d917 info: MovesPlayed: [white, j3] [black, b6] 
9d917 info: No subtree to reuse.
9d917 info: StartSearch()[0]
SgUctSearch: max games reached
9d917 info: 
Elapsed Time   0.345105s
Count          1
GamesPlayed    1
Nodes          1
Knowledge      0 (0.0%)
Expansions     0.0
Time           0.00
GameLen        101.0 dev=0.0 min=101.0 max=101.0
InTree         0.0 dev=0.0 min=0.0 max=0.0
KnowDepth      -
Aborted        0%
Games/s        3636.4
Score          1.00
Sequence      
9d917 info: 
9d917 warning: **** MoHexSearch returned empty sequence!
9d917 warning: **** Returning random move!
<= 
<
>genmove w
<= i8
<
>play b i7
9d917 info: Best move cannot be determined, must search state.
9d917 info: --- MoHexPlayer::Search() ---
9d917 info: Color: white
9d917 info: MaxGames: 1
9d917 info: NumberThreads: 1
9d917 info: MaxNodes: 9090 (799920 bytes)
9d917 info: TimeForMove: 1
9d917 info: PreSearch: max time reached (66/67).
9d917 info: Time for PreSearch: 0.203095s
9d917 info: 
  e29ed03aa42c9823
  a  b  c  d  e  f  g  h  i  j  k  
 1\b  b  b  b  b  b  .  *  *  *  .\1
  2\.  .  .  B  .  *  *  *  *  .  w\2
   3\.  .  .  *  *  *  *  *  *  W  w\3
    4\.  .  *  *  *  *  *  *  *  B  .\4
     5\.  .  *  *  *  *  *  *  *  *  .\5
      6\.  B  *  *  *  *  *  *  *  *  .\6
       7\.  *  *  *  *  *  *  *  *  .  .\7
        8\.  *  *  *  *  *  W  *  *  .  .\8
         9\.  *  *  *  *  .  .  *  .  .  .\9
         10\.  *  *  .  B  b  B  .  .  .  W\10
          11\.  .  b  b  b  b  b  .  W  .  b\11
              a  b  c  d  e  f  g  h  i  j  k  
9d917 info: Old: [black, d2] [white, swap-pieces] [white, g8] [black, j4] [white, k10] [black, e10] [white, j3] [black, b6] 
9d917 info: New: [black, d2] [white, swap-pieces] [white, g8] [black, j4] [white, k10] [black, e10] [white, j3] [black, b6] [white, i11] [black, g10] 
9d917 info: MovesPlayed: [white, i11] [black, g10] 
9d917 info: No subtree to reuse.
9d917 info: StartSearch()[0]
SgUctSearch: max games reached
9d917 info: 
Elapsed Time   0.353415s
Count          1
GamesPlayed    1
Nodes          1
Knowledge      0 (0.0%)
Expansions     0.0
Time           0.00
GameLen        97.0 dev=0.0 min=97.0 max=97.0
InTree         0.0 dev=0.0 min=0.0 max=0.0
KnowDepth      -
Aborted        0%
Games/s        3355.7
Score          0.00
Sequence      
9d917 info: 
9d917 warning: **** MoHexSearch returned empty sequence!
9d917 warning: **** Returning random move!
<= 
<
>genmove w
<= d10
<
>play b b9
9d917 info: Best move cannot be determined, must search state.
9d917 info: --- MoHexPlayer::Search() ---
9d917 info: Color: white
9d917 info: MaxGames: 1
9d917 info: NumberThreads: 1
9d917 info: MaxNodes: 9090 (799920 bytes)
9d917 info: TimeForMove: 1
9d917 info: Time for PreSearch: 0.173106s
9d917 info: 
  36f7aa07559df1e7
  a  b  c  d  e  f  g  h  i  j  k  
 1\b  b  b  b  b  b  .  *  *  *  .\1
  2\.  .  .  B  .  *  *  *  *  .  w\2
   3\.  .  .  *  *  *  *  *  *  W  w\3
    4\.  .  *  *  *  *  *  *  *  B  .\4
     5\.  .  *  *  *  *  *  *  *  *  .\5
      6\.  B  *  *  *  *  *  *  *  .  .\6
       7\.  *  *  *  *  *  *  *  B  .  .\7
        8\.  *  *  *  *  *  W  .  W  .  .\8
         9\.  *  *  *  *  .  .  *  .  .  .\9
         10\.  *  *  .  B  b  B  .  .  .  W\10
          11\.  .  b  b  b  b  b  .  W  .  b\11
              a  b  c  d  e  f  g  h  i  j  k  
9d917 info: Old: [black, d2] [white, swap-pieces] [white, g8] [black, j4] [white, k10] [black, e10] [white, j3] [black, b6] [white, i11] [black, g10] 
9d917 info: New: [black, d2] [white, swap-pieces] [white, g8] [black, j4] [white, k10] [black, e10] [white, j3] [black, b6] [white, i11] [black, g10] [white, i8] [black, i7] 
9d917 info: MovesPlayed: [white, i8] [black, i7] 
9d917 info: No subtree to reuse.
9d917 info: StartSearch()[0]
SgUctSearch: max games reached
9d917 info: 
Elapsed Time   0.317936s
Count          1
GamesPlayed    1
Nodes          1
Knowledge      0 (0.0%)
Expansions     0.0
Time           0.00
GameLen        95.0 dev=0.0 min=95.0 max=95.0
InTree         0.0 dev=0.0 min=0.0 max=0.0
KnowDepth      -
Aborted        0%
Games/s        3558.7
Score          0.00
Sequence      
9d917 info: 
9d917 warning: **** MoHexSearch returned empty sequence!
9d917 warning: **** Returning random move!
<= 
<
>genmove w
<= e5
<
>play b f7
9d917 info: Best move cannot be determined, must search state.
9d917 info: --- MoHexPlayer::Search() ---
9d917 info: Color: white
9d917 info: MaxGames: 1
9d917 info: NumberThreads: 1
9d917 info: MaxNodes: 9090 (799920 bytes)
9d917 info: TimeForMove: 1
9d917 info: Time for PreSearch: 0.175379s
9d917 info: 
  786f0be3cd89b5b1
  a  b  c  d  e  f  g  h  i  j  k  
 1\b  b  b  b  b  b  .  *  *  *  .\1
  2\.  .  .  B  .  *  *  *  *  .  w\2
   3\.  .  .  *  *  *  *  *  *  W  w\3
    4\.  .  *  *  *  *  *  *  *  B  .\4
     5\.  .  *  *  *  *  *  *  *  *  .\5
      6\.  B  *  *  *  *  *  *  *  .  .\6
       7\.  *  *  *  *  *  *  *  B  .  .\7
        8\.  *  *  *  *  *  W  .  W  .  .\8
         9\.  B  *  *  *  .  .  *  .  .  .\9
         10\.  *  *  W  B  b  B  .  .  .  W\10
          11\.  *  .  b  b  b  b  .  W  .  b\11
              a  b  c  d  e  f  g  h  i  j  k  
9d917 info: Old: [black, d2] [white, swap-pieces] [white, g8] [black, j4] [white, k10] [black, e10] [white, j3] [black, b6] [white, i11] [black, g10] [white, i8] [black, i7] 
9d917 info: New: [black, d2] [white, swap-pieces] [white, g8] [black, j4] [white, k10] [black, e10] [white, j3] [black, b6] [white, i11] [black, g10] [white, i8] [black, i7] [white, d10] [black, b9] 
9d917 info: MovesPlayed: [white, d10] [black, b9] 
9d917 info: No subtree to reuse.
9d917 info: StartSearch()[0]
SgUctSearch: max games reached
9d917 info: 
Elapsed Time   0.401286s
Count          1
GamesPlayed    1
Nodes          1
Knowledge      0 (0.0%)
Expansions     0.0
Time           0.00
GameLen        94.0 dev=0.0 min=94.0 max=94.0
InTree         0.0 dev=0.0 min=0.0 max=0.0
KnowDepth      -
Aborted        0%
Games/s        3205.1
Score          0.00
Sequence      
9d917 info: 
9d917 warning: **** MoHexSearch returned empty sequence!
9d917 warning: **** Returning random move!
<= 
<
>genmove w
<= h9
<
>play b h4
9d917 info: Best move cannot be determined, must search state.
9d917 info: --- MoHexPlayer::Search() ---
9d917 info: Color: white
9d917 info: MaxGames: 1
9d917 info: NumberThreads: 1
9d917 info: MaxNodes: 9090 (799920 bytes)
9d917 info: TimeForMove: 1
9d917 info: Time for PreSearch: 0.140759s
9d917 info: 
  c559b8a82d10f5ad
  a  b  c  d  e  f  g  h  i  j  k  
 1\b  b  b  b  b  b  .  *  *  *  .\1
  2\.  .  .  B  .  *  *  *  *  .  w\2
   3\.  .  .  *  *  *  *  *  *  W  w\3
    4\.  .  *  *  *  *  *  *  *  B  .\4
     5\.  .  *  *  W  *  *  *  *  *  .\5
      6\.  B  *  *  *  *  *  *  *  .  .\6
       7\.  *  *  *  *  B  .  .  B  .  .\7
        8\.  *  *  *  *  .  W  .  W  .  .\8
         9\.  B  *  *  *  .  .  *  .  .  .\9
         10\.  *  *  W  B  b  B  .  .  .  W\10
          11\.  *  .  b  b  b  b  .  W  .  b\11
              a  b  c  d  e  f  g  h  i  j  k  
9d917 info: Old: [black, d2] [white, swap-pieces] [white, g8] [black, j4] [white, k10] [black, e10] [white, j3] [black, b6] [white, i11] [black, g10] [white, i8] [black, i7] [white, d10] [black, b9] 
9d917 info: New: [black, d2] [white, swap-pieces] [white, g8] [black, j4] [white, k10] [black, e10] [white, j3] [black, b6] [white, i11] [black, g10] [white, i8] [black, i7] [white, d10] [black, b9] [white, e5] [black, f7] 
9d917 info: MovesPlayed: [white, e5] [black, f7] 
9d917 info: No subtree to reuse.
9d917 info: StartSearch()[0]
SgUctSearch: max games reached
9d917 info: 
Elapsed Time   0.291683s
Count          1
GamesPlayed    1
Nodes          1
Knowledge      0 (0.0%)
Expansions     0.0
Time           0.00
GameLen        92.0 dev=0.0 min=92.0 max=92.0
InTree         0.0 dev=0.0 min=0.0 max=0.0
KnowDepth      -
Aborted        0%
Games/s        3367.0
Score          0.00
Sequence      
9d917 info: 
9d917 warning: **** MoHexSearch returned empty sequence!
9d917 warning: **** Returning random move!
<= 
<
>genmove w
<= b3
<
>play b i2
9d917 info: Best move cannot be determined, must search state.
9d917 info: --- MoHexPlayer::Search() ---
9d917 info: Color: white
9d917 info: MaxGames: 1
9d917 info: NumberThreads: 1
9d917 info: MaxNodes: 9090 (799920 bytes)
9d917 info: TimeForMove: 1
9d917 info: Time for PreSearch: 0.132808s
9d917 info: 
  1accc7442b237ba7
  a  b  c  d  e  f  g  h  i  j  k  
 1\b  b  b  b  b  b  .  *  *  *  .\1
  2\.  .  .  B  .  *  *  *  *  .  w\2
   3\.  .  .  *  *  *  *  *  .  W  w\3
    4\.  .  *  *  *  *  *  B  .  B  .\4
     5\.  .  *  *  W  *  *  *  .  *  .\5
      6\.  B  *  *  *  *  *  .  .  .  .\6
       7\.  *  *  *  *  B  .  .  B  .  .\7
        8\.  *  *  *  *  .  W  w  W  .  .\8
         9\.  B  *  *  *  .  w  W  .  .  .\9
         10\.  *  *  W  B  b  B  .  .  .  W\10
          11\.  *  .  b  b  b  b  .  W  .  b\11
              a  b  c  d  e  f  g  h  i  j  k  
9d917 info: Old: [black, d2] [white, swap-pieces] [white, g8] [black, j4] [white, k10] [black, e10] [white, j3] [black, b6] [white, i11] [black, g10] [white, i8] [black, i7] [white, d10] [black, b9] [white, e5] [black, f7] 
9d917 info: New: [black, d2] [white, swap-pieces] [white, g8] [black, j4] [white, k10] [black, e10] [white, j3] [black, b6] [white, i11] [black, g10] [white, i8] [black, i7] [white, d10] [black, b9] [white, e5] [black, f7] [white, h9] [black, h4] 
9d917 info: MovesPlayed: [white, h9] [black, h4] 
9d917 info: No subtree to reuse.
9d917 info: StartSearch()[0]
SgUctSearch: max games reached
9d917 info: 
Elapsed Time   0.278729s
Count          1
GamesPlayed    1
Nodes          1
Knowledge      0 (0.0%)
Expansions     0.0
Time           0.00
GameLen        88.0 dev=0.0 min=88.0 max=88.0
InTree         0.0 dev=0.0 min=0.0 max=0.0
KnowDepth      -
Aborted        0%
Games/s        3533.6
Score          0.00
Sequence      
9d917 info: 
9d917 warning: **** MoHexSearch returned empty sequence!
9d917 warning: **** Returning random move!
<= 
<
>genmove w
<= f6
<
>play b k5
9d917 info: Best move cannot be determined, must search state.
9d917 info: --- MoHexPlayer::Search() ---
9d917 info: Color: white
9d917 info: MaxGames: 1
9d917 info: NumberThreads: 1
9d917 info: MaxNodes: 9090 (799920 bytes)
9d917 info: TimeForMove: 1
9d917 info: Time for PreSearch: 0.095794s
9d917 info: 
  5f9f24bfcc967c18
  a  b  c  d  e  f  g  h  i  j  k  
 1\b  b  b  b  b  b  b  b  b  b  b\1
  2\b  b  b  B  .  *  *  .  B  b  w\2
   3\w  W  .  *  *  *  *  *  .  W  w\3
    4\w  w  *  *  *  *  *  B  .  B  .\4
     5\w  .  *  *  W  *  *  *  .  *  .\5
      6\w  B  *  *  *  *  *  .  .  .  .\6
       7\.  *  *  *  *  B  .  .  B  .  .\7
        8\.  *  *  *  *  .  W  w  W  .  .\8
         9\.  B  *  *  *  .  w  W  .  .  .\9
         10\.  *  *  W  B  b  B  .  .  .  W\10
          11\.  *  .  b  b  b  b  .  W  .  b\11
              a  b  c  d  e  f  g  h  i  j  k  
9d917 info: Old: [black, d2] [white, swap-pieces] [white, g8] [black, j4] [white, k10] [black, e10] [white, j3] [black, b6] [white, i11] [black, g10] [white, i8] [black, i7] [white, d10] [black, b9] [white, e5] [black, f7] [white, h9] [black, h4] 
9d917 info: New: [black, d2] [white, swap-pieces] [white, g8] [black, j4] [white, k10] [black, e10] [white, j3] [black, b6] [white, i11] [black, g10] [white, i8] [black, i7] [white, d10] [black, b9] [white, e5] [black, f7] [white, h9] [black, h4] [white, b3] [black, i2] 
9d917 info: MovesPlayed: [white, b3] [black, i2] 
9d917 info: No subtree to reuse.
9d917 info: StartSearch()[0]
SgUctSearch: max games reached
9d917 info: 
Elapsed Time   0.245452s
Count          1
GamesPlayed    1
Nodes          1
Knowledge      0 (0.0%)
Expansions     0.0
Time           0.00
GameLen        72.0 dev=0.0 min=72.0 max=72.0
InTree         0.0 dev=0.0 min=0.0 max=0.0
KnowDepth      -
Aborted        0%
Games/s        3759.4
Score          0.00
Sequence      
9d917 info: 
9d917 warning: **** MoHexSearch returned empty sequence!
9d917 warning: **** Returning random move!
<= 
<
>genmove w
<= k9
<
>play b f4
9d917 info: Best move cannot be determined, must search state.
9d917 info: --- MoHexPlayer::Search() ---
9d917 info: Color: white
9d917 info: MaxGames: 1
9d917 info: NumberThreads: 1
9d917 info: MaxNodes: 9090 (799920 bytes)
9d917 info: TimeForMove: 1
9d917 info: Time for PreSearch: 0.101205s
9d917 info: 
  caaf5a40cb408729
  a  b  c  d  e  f  g  h  i  j  k  
 1\b  b  b  b  b  b  b  b  b  b  b\1
  2\b  b  b  B  .  *  *  .  B  b  w\2
   3\w  W  .  *  *  *  *  *  .  W  w\3
    4\w  w  *  *  *  *  *  B  *  B  .\4
     5\w  .  *  *  W  *  *  *  *  *  B\5
      6\w  B  *  *  *  W  *  *  *  *  .\6
       7\.  *  *  *  *  B  .  .  B  *  .\7
        8\.  *  *  *  *  .  W  w  W  .  .\8
         9\.  B  *  *  *  .  w  W  .  .  .\9
         10\.  *  *  W  B  b  B  .  .  .  W\10
          11\.  *  .  b  b  b  b  .  W  .  b\11
              a  b  c  d  e  f  g  h  i  j  k  
9d917 info: Old: [black, d2] [white, swap-pieces] [white, g8] [black, j4] [white, k10] [black, e10] [white, j3] [black, b6] [white, i11] [black, g10] [white, i8] [black, i7] [white, d10] [black, b9] [white, e5] [black, f7] [white, h9] [black, h4] [white, b3] [black, i2] 
9d917 info: New: [black, d2] [white, swap-pieces] [white, g8] [black, j4] [white, k10] [black, e10] [white, j3] [black, b6] [white, i11] [black, g10] [white, i8] [black, i7] [white, d10] [black, b9] [white, e5] [black, f7] [white, h9] [black, h4] [white, b3] [black, i2] [white, f6] [black, k5] 
9d917 info: MovesPlayed: [white, f6] [black, k5] 
9d917 info: No subtree to reuse.
9d917 info: StartSearch()[0]
SgUctSearch: max games reached
9d917 info: 
Elapsed Time   0.244599s
Count          1
GamesPlayed    1
Nodes          1
Knowledge      0 (0.0%)
Expansions     0.0
Time           0.00
GameLen        70.0 dev=0.0 min=70.0 max=70.0
InTree         0.0 dev=0.0 min=0.0 max=0.0
KnowDepth      -
Aborted        0%
Games/s        3952.6
Score          0.00
Sequence      
9d917 info: 
9d917 warning: **** MoHexSearch returned empty sequence!
9d917 warning: **** Returning random move!
<= 
<
>genmove w
<= d5
<
>play b i4
9d917 info: Best move cannot be determined, must search state.
9d917 info: --- MoHexPlayer::Search() ---
9d917 info: Color: white
9d917 info: MaxGames: 1
9d917 info: NumberThreads: 1
9d917 info: MaxNodes: 9090 (799920 bytes)
9d917 info: TimeForMove: 1
9d917 info: Time for PreSearch: 0.07189s
9d917 info: 
  d947686d992efcb7
  a  b  c  d  e  f  g  h  i  j  k  
 1\b  b  b  b  b  b  b  b  b  b  b\1
  2\b  b  b  B  .  *  *  .  B  b  w\2
   3\w  W  .  *  *  *  *  *  .  W  w\3
    4\w  w  *  *  *  B  *  B  .  B  .\4
     5\w  .  *  *  W  *  *  .  .  .  B\5
      6\w  B  *  *  *  W  *  .  .  .  w\6
       7\.  *  *  *  *  B  .  .  B  w  b\7
        8\.  *  *  *  *  .  W  w  W  w  w\8
         9\.  B  *  *  *  .  w  W  w  w  W\9
         10\.  *  *  W  B  b  B  b  w  w  W\10
          11\.  *  .  b  b  b  b  b  W  w  b\11
              a  b  c  d  e  f  g  h  i  j  k  
9d917 info: Old: [black, d2] [white, swap-pieces] [white, g8] [black, j4] [white, k10] [black, e10] [white, j3] [black, b6] [white, i11] [black, g10] [white, i8] [black, i7] [white, d10] [black, b9] [white, e5] [black, f7] [white, h9] [black, h4] [white, b3] [black, i2] [white, f6] [black, k5] 
9d917 info: New: [black, d2] [white, swap-pieces] [white, g8] [black, j4] [white, k10] [black, e10] [white, j3] [black, b6] [white, i11] [black, g10] [white, i8] [black, i7] [white, d10] [black, b9] [white, e5] [black, f7] [white, h9] [black, h4] [white, b3] [black, i2] [white, f6] [black, k5] [white, k9] [black, f4] 
9d917 info: MovesPlayed: [white, k9] [black, f4] 
9d917 info: No subtree to reuse.
9d917 info: StartSearch()[0]
SgUctSearch: max games reached
9d917 info: 
Elapsed Time   0.215123s
Count          1
GamesPlayed    1
Nodes          1
Knowledge      0 (0.0%)
Expansions     0.0
Time           0.00
GameLen        56.0 dev=0.0 min=56.0 max=56.0
InTree         0.0 dev=0.0 min=0.0 max=0.0
KnowDepth      -
Aborted        0%
Games/s        3968.3
Score          0.00
Sequence      
9d917 info: 
9d917 warning: **** MoHexSearch returned empty sequence!
9d917 warning: **** Returning random move!
<= 
<
>genmove w
<= i6
<
>play b h6
9d917 info: Best move cannot be determined, must search state.
9d917 info: --- MoHexPlayer::Search() ---
9d917 info: Color: white
9d917 info: MaxGames: 1
9d917 info: NumberThreads: 1
9d917 info: MaxNodes: 9090 (799920 bytes)
9d917 info: TimeForMove: 1
9d917 info: Time for PreSearch: 0.069597s
9d917 info: 
  f35b96c40d10a073
  a  b  c  d  e  f  g  h  i  j  k  
 1\b  b  b  b  b  b  b  b  b  b  b\1
  2\b  b  b  B  .  *  *  .  B  b  w\2
   3\w  W  .  *  *  .  *  *  .  W  w\3
    4\w  w  *  *  *  B  *  B  B  B  .\4
     5\w  .  *  W  W  *  *  .  .  .  B\5
      6\w  B  .  .  *  W  *  .  .  .  w\6
       7\.  *  *  *  *  B  .  .  B  w  b\7
        8\.  *  *  *  *  .  W  w  W  w  w\8
         9\.  B  *  *  *  .  w  W  w  w  W\9
         10\.  *  *  W  B  b  B  b  w  w  W\10
          11\.  *  .  b  b  b  b  b  W  w  b\11
              a  b  c  d  e  f  g  h  i  j  k  
9d917 info: Old: [black, d2] [white, swap-pieces] [white, g8] [black, j4] [white, k10] [black, e10] [white, j3] [black, b6] [white, i11] [black, g10] [white, i8] [black, i7] [white, d10] [black, b9] [white, e5] [black, f7] [white, h9] [black, h4] [white, b3] [black, i2] [white, f6] [black, k5] [white, k9] [black, f4] 
9d917 info: New: [black, d2] [white, swap-pieces] [white, g8] [black, j4] [white, k10] [black, e10] [white, j3] [black, b6] [white, i11] [black, g10] [white, i8] [black, i7] [white, d10] [black, b9] [white, e5] [black, f7] [white, h9] [black, h4] [white, b3] [black, i2] [white, f6] [black, k5] [white, k9] [black, f4] [white, d5] [black, i4] 
9d917 info: MovesPlayed: [white, d5] [black, i4] 
9d917 info: No subtree to reuse.
9d917 info: StartSearch()[0]
SgUctSearch: max games reached
9d917 info: 
Elapsed Time   0.218488s
Count          1
GamesPlayed    1
Nodes          1
Knowledge      0 (0.0%)
Expansions     0.0
Time           0.00
GameLen        54.0 dev=0.0 min=54.0 max=54.0
InTree         0.0 dev=0.0 min=0.0 max=0.0
KnowDepth      -
Aborted        0%
Games/s        3649.6
Score          0.00
Sequence      
9d917 info: 
9d917 warning: **** MoHexSearch returned empty sequence!
9d917 warning: **** Returning random move!
<= 
<
>genmove w
<= e9
<
>play b c9
9d917 info: Opponent has won; playing most blocking move.
<= 
<
>genmove w
<= b11
<
>play b a11
9d917 info: Opponent has won; playing most blocking move.
<= 
<
>genmove w
<= d8
<
>play b c7
9d917 info: Opponent has won; playing most blocking move.
<= 
<
>genmove w
<= b8
<
>play b c8
9d917 info: Opponent has won; playing most blocking move.
<= 
<
>genmove w
<= c4
<
>play b e6
9d917 info: Opponent has won; playing most blocking move.
<= 
<
>genmove w
<= e7
<
>play b f5
9d917 info: Opponent has won; playing most blocking move.
<= 
<
>genmove w
<= a10
<
>play b b10
9d917 info: Captured cells caused win! Removing...
9d917 info: Opponent has won; playing most blocking move.
<= 
<
>genmove w
<= d6
<
>play b d7
9d917 info: Captured cells caused win! Removing...
9d917 info: Opponent has won; playing most blocking move.
<= 
<
>genmove w
<= g2
<
>play b i1
9d917 info: Captured cells caused win! Removing...
9d917 info: Opponent has won; playing most blocking move.
<= 
<
>genmove w
<= e3
<
>play b g3
9d917 info: Captured cells caused win! Removing...
9d917 info: Opponent has won; playing most blocking move.
<= 
<
>genmove w
<= i3
<
>play b h3
9d917 info: Captured cells caused win! Removing...
9d917 info: Opponent has won; playing most blocking move.
<= 
<
>genmove w
<= resign
<
>final_score
<= B+
<
>quit
<= 
<
