07797 config: MoHex v2.0.CMake Mar 21 2025.
07797 config: ============ InitializeSystem ============
07797 config: BenzeneProgram::InitRandom()
07797 config: Seed = 865599
07797 info: Prior Patterns:
07797 info: Global:
07797 info: Size            = 565 32648 
07797 info: TableEntries    = 65932 65910
07797 info: MirrorsAdded    = 0 0
07797 info: PrunableCount   = 30593 30629
07797 info: LargestGamma    = 5820.77
07797 info: SmallestGamma   = 6.6e-05
07797 info: Local:
07797 info: Size            = 550 5318 
07797 info: TableEntries    = 11602 11588
07797 info: MirrorsAdded    = 0 0
07797 info: PrunableCount   = 3659 3667
07797 info: LargestGamma    = 11281.8
07797 info: SmallestGamma   = 0.026235
07797 info: Playout Patterns:
07797 info: Global:
07797 info: Size            = 565 32648 
07797 info: TableEntries    = 70329 70329
07797 info: MirrorsAdded    = 4397 4419
07797 info: PrunableCount   = 30593 30629
07797 info: LargestGamma    = 5820.77
07797 info: SmallestGamma   = 6.6e-05
07797 info: Local:
07797 info: Size            = 550 5318 
07797 info: TableEntries    = 11602 11588
07797 info: MirrorsAdded    = 0 0
07797 info: PrunableCount   = 3659 3667
07797 info: LargestGamma    = 11281.8
07797 info: SmallestGamma   = 0.026235
07797 config: IcePatternSet: reading from '/home/linus/MoHex2.0/nfbranchfix/benzene-vanilla-cmake/share/ice-patterns.txt'.
07797 config: IcePatternSet: parsed 708 patterns.
07797 config: VCS: reading captured set patterns from '/home/linus/MoHex2.0/nfbranchfix/benzene-vanilla-cmake/share/vc-captured-set.txt'.
07797 config: VCS:: parsed 2 patterns.
07797 config: VCS: reading captured set patterns from '/home/linus/MoHex2.0/nfbranchfix/benzene-vanilla-cmake/share/vc-captured-set.txt'.
07797 config: VCS:: parsed 2 patterns.
07797 config: IcePatternSet: reading from '/home/linus/MoHex2.0/nfbranchfix/benzene-vanilla-cmake/share/ice-patterns.txt'.
07797 config: IcePatternSet: parsed 708 patterns.
07797 config: VCS: reading captured set patterns from '/home/linus/MoHex2.0/nfbranchfix/benzene-vanilla-cmake/share/vc-captured-set.txt'.
07797 config: VCS:: parsed 2 patterns.
07797 config: VCS: reading captured set patterns from '/home/linus/MoHex2.0/nfbranchfix/benzene-vanilla-cmake/share/vc-captured-set.txt'.
07797 config: VCS:: parsed 2 patterns.
07797 config: VCS: reading captured set patterns from '/home/linus/MoHex2.0/nfbranchfix/benzene-vanilla-cmake/share/vc-captured-set.txt'.
07797 config: VCS:: parsed 2 patterns.
07797 config: VCS: reading captured set patterns from '/home/linus/MoHex2.0/nfbranchfix/benzene-vanilla-cmake/share/vc-captured-set.txt'.
07797 config: VCS:: parsed 2 patterns.
07797 config: VCS: reading captured set patterns from '/home/linus/MoHex2.0/nfbranchfix/benzene-vanilla-cmake/share/vc-captured-set.txt'.
07797 config: VCS:: parsed 2 patterns.
07797 config: VCS: reading captured set patterns from '/home/linus/MoHex2.0/nfbranchfix/benzene-vanilla-cmake/share/vc-captured-set.txt'.
07797 config: VCS:: parsed 2 patterns.
07797 info: SwapCheck: reading from '/home/linus/MoHex2.0/nfbranchfix/benzene-vanilla-cmake/share/swap-moves.txt'.
07797 info: SwapCheck: opting not to swap.
07797 config: VCPattern: loading pattern templates from '/home/linus/MoHex2.0/nfbranchfix/benzene-vanilla-cmake/share/vc-patterns.txt'.
07797 info: Best move cannot be determined, must search state.
07797 info: --- MoHexPlayer::Search() ---
07797 info: Color: white
07797 info: MaxGames: 1
07797 info: NumberThreads: 1
07797 info: MaxNodes: 9090 (799920 bytes)
07797 info: TimeForMove: 1
07797 info: PreSearch: max time reached (52/91).
07797 info: Time for PreSearch: 0.200864s
07797 info: 
  5061c03c4bb2a1c3
  a  b  c  d  e  f  g  h  i  j  k  
 1\.  .  .  *  *  *  *  *  *  *  .\1
  2\.  .  *  *  *  *  *  *  *  *  .\2
   3\.  *  *  *  *  *  *  *  *  *  .\3
    4\.  *  *  *  *  *  *  *  *  *  .\4
     5\.  *  *  *  *  *  *  *  *  *  .\5
      6\.  *  *  *  *  *  *  *  *  *  .\6
       7\.  *  *  *  *  *  *  *  *  *  .\7
        8\.  *  *  *  *  *  *  *  *  *  .\8
         9\.  *  *  *  *  *  *  *  *  .  .\9
         10\.  *  *  *  *  *  *  *  *  .  .\10
          11\.  *  *  *  *  *  *  .  B  b  b\11
              a  b  c  d  e  f  g  h  i  j  k  
07797 info: No subtree to reuse.
07797 info: Creating thread 0
07797 info: StartSearch()[0]
07797 config: VCS: reading captured set patterns from '/home/linus/MoHex2.0/nfbranchfix/benzene-vanilla-cmake/share/vc-captured-set.txt'.
07797 config: VCS:: parsed 2 patterns.
07797 config: VCS: reading captured set patterns from '/home/linus/MoHex2.0/nfbranchfix/benzene-vanilla-cmake/share/vc-captured-set.txt'.
07797 config: VCS:: parsed 2 patterns.
07797 info: 
Elapsed Time   0.346324s
Count          1
GamesPlayed    1
Nodes          1
Knowledge      0 (0.0%)
Expansions     0.0
Time           0.00
GameLen        118.0 dev=0.0 min=118.0 max=118.0
InTree         0.0 dev=0.0 min=0.0 max=0.0
KnowDepth      -
Aborted        0%
Games/s        420.0
Score          1.00
Sequence      
07797 info: 
07797 warning: **** MoHexSearch returned empty sequence!
07797 warning: **** Returning random move!
07797 info: Best move cannot be determined, must search state.
07797 info: --- MoHexPlayer::Search() ---
07797 info: Color: white
07797 info: MaxGames: 1
07797 info: NumberThreads: 1
07797 info: MaxNodes: 9090 (799920 bytes)
07797 info: TimeForMove: 1
07797 info: PreSearch: max time reached (37/91).
07797 info: Time for PreSearch: 0.205618s
07797 info: 
  746b5e51dddeed8a
  a  b  c  d  e  f  g  h  i  j  k  
 1\b  B  .  *  *  *  *  *  *  *  .\1
  2\.  *  *  *  *  *  *  *  *  *  .\2
   3\.  *  *  *  *  *  *  *  *  *  .\3
    4\.  *  *  *  *  *  *  *  *  *  .\4
     5\.  *  *  *  *  *  *  *  *  *  .\5
      6\.  *  *  *  W  *  *  *  *  *  .\6
       7\.  *  *  *  *  *  *  *  *  *  .\7
        8\.  *  *  *  *  *  *  *  *  *  .\8
         9\.  *  *  *  *  *  *  *  *  .  .\9
         10\.  *  *  *  *  *  *  *  *  .  .\10
          11\.  *  *  *  *  *  *  .  B  b  b\11
              a  b  c  d  e  f  g  h  i  j  k  
07797 info: Old: [black, i11] 
07797 info: New: [black, i11] [white, e6] [black, b1] 
07797 info: MovesPlayed: [white, e6] [black, b1] 
07797 info: No subtree to reuse.
07797 info: StartSearch()[0]
07797 info: 
Elapsed Time   0.35297s
Count          1
GamesPlayed    1
Nodes          1
Knowledge      0 (0.0%)
Expansions     0.0
Time           0.00
GameLen        115.0 dev=0.0 min=115.0 max=115.0
InTree         0.0 dev=0.0 min=0.0 max=0.0
KnowDepth      -
Aborted        0%
Games/s        3401.4
Score          1.00
Sequence      
07797 info: 
07797 warning: **** MoHexSearch returned empty sequence!
07797 warning: **** Returning random move!
07797 info: Best move cannot be determined, must search state.
07797 info: --- MoHexPlayer::Search() ---
07797 info: Color: white
07797 info: MaxGames: 1
07797 info: NumberThreads: 1
07797 info: MaxNodes: 9090 (799920 bytes)
07797 info: TimeForMove: 1
07797 info: PreSearch: max time reached (41/88).
07797 info: Time for PreSearch: 0.20062s
07797 info: 
  39cffbb17e211cac
  a  b  c  d  e  f  g  h  i  j  k  
 1\b  B  .  *  W  *  *  *  .  B  .\1
  2\.  *  *  *  *  *  *  *  *  *  .\2
   3\.  *  *  *  *  *  *  *  *  *  .\3
    4\.  *  *  *  *  *  *  *  *  *  .\4
     5\.  *  *  *  *  *  *  *  *  *  .\5
      6\.  *  *  *  W  *  *  *  *  *  .\6
       7\.  *  *  *  *  *  *  *  *  *  .\7
        8\.  *  *  *  *  *  *  *  *  *  .\8
         9\.  *  *  *  *  *  *  *  *  .  .\9
         10\.  *  *  *  *  *  *  *  *  .  .\10
          11\.  *  *  *  *  *  *  .  B  b  b\11
              a  b  c  d  e  f  g  h  i  j  k  
07797 info: Old: [black, i11] [white, e6] [black, b1] 
07797 info: New: [black, i11] [white, e6] [black, b1] [white, e1] [black, j1] 
07797 info: MovesPlayed: [white, e1] [black, j1] 
07797 info: No subtree to reuse.
07797 info: StartSearch()[0]
07797 info: 
Elapsed Time   0.348599s
Count          1
GamesPlayed    1
Nodes          1
Knowledge      0 (0.0%)
Expansions     0.0
Time           0.00
GameLen        113.0 dev=0.0 min=113.0 max=113.0
InTree         0.0 dev=0.0 min=0.0 max=0.0
KnowDepth      -
Aborted        0%
Games/s        3205.1
Score          1.00
Sequence      
07797 info: 
07797 warning: **** MoHexSearch returned empty sequence!
07797 warning: **** Returning random move!
07797 info: Best move cannot be determined, must search state.
07797 info: --- MoHexPlayer::Search() ---
07797 info: Color: white
07797 info: MaxGames: 1
07797 info: NumberThreads: 1
07797 info: MaxNodes: 9090 (799920 bytes)
07797 info: TimeForMove: 1
07797 info: PreSearch: max time reached (53/82).
07797 info: Time for PreSearch: 0.205015s
07797 info: 
  85379fe563c36b5d
  a  b  c  d  e  f  g  h  i  j  k  
 1\b  B  .  *  W  *  *  .  b  B  b\1
  2\.  *  *  *  *  *  *  *  .  B  .\2
   3\.  *  *  *  *  *  *  *  *  *  .\3
    4\.  *  *  *  *  *  *  *  *  *  .\4
     5\.  *  *  *  *  *  *  *  *  *  .\5
      6\.  *  *  *  W  *  *  *  *  *  .\6
       7\.  *  *  *  *  *  *  *  *  *  .\7
        8\.  .  *  *  *  *  *  *  *  *  .\8
         9\w  .  *  *  *  *  *  *  *  .  .\9
         10\w  W  *  *  *  *  *  *  *  .  .\10
          11\w  .  *  *  *  *  *  .  B  b  b\11
              a  b  c  d  e  f  g  h  i  j  k  
07797 info: Old: [black, i11] [white, e6] [black, b1] [white, e1] [black, j1] 
07797 info: New: [black, i11] [white, e6] [black, b1] [white, e1] [black, j1] [white, b10] [black, j2] 
07797 info: MovesPlayed: [white, b10] [black, j2] 
07797 info: No subtree to reuse.
07797 info: StartSearch()[0]
07797 info: 
Elapsed Time   0.498857s
Count          1
GamesPlayed    1
Nodes          1
Knowledge      0 (0.0%)
Expansions     0.0
Time           0.00
GameLen        106.0 dev=0.0 min=106.0 max=106.0
InTree         0.0 dev=0.0 min=0.0 max=0.0
KnowDepth      -
Aborted        0%
Games/s        2617.8
Score          0.00
Sequence      
07797 info: 
07797 warning: **** MoHexSearch returned empty sequence!
07797 warning: **** Returning random move!
07797 info: Best move cannot be determined, must search state.
07797 info: --- MoHexPlayer::Search() ---
07797 info: Color: white
07797 info: MaxGames: 1
07797 info: NumberThreads: 1
07797 info: MaxNodes: 9090 (799920 bytes)
07797 info: TimeForMove: 1
07797 info: PreSearch: max time reached (60/82).
07797 info: Time for PreSearch: 0.203592s
07797 info: 
  ff2075b8adca9d6e
  a  b  c  d  e  f  g  h  i  j  k  
 1\b  B  .  *  W  *  *  .  b  B  b\1
  2\.  *  *  *  *  *  *  W  .  B  .\2
   3\.  *  *  *  *  *  *  *  *  *  .\3
    4\.  *  *  *  *  *  *  *  *  *  .\4
     5\.  *  *  *  *  *  *  *  *  *  .\5
      6\.  *  *  *  W  *  *  *  *  *  .\6
       7\.  *  *  *  *  *  *  *  *  *  B\7
        8\.  .  *  *  *  *  *  *  *  *  .\8
         9\w  .  *  *  *  *  *  *  *  *  .\9
         10\w  W  *  *  *  *  *  *  *  .  .\10
          11\w  .  *  *  *  *  *  .  B  b  b\11
              a  b  c  d  e  f  g  h  i  j  k  
07797 info: Old: [black, i11] [white, e6] [black, b1] [white, e1] [black, j1] [white, b10] [black, j2] 
07797 info: New: [black, i11] [white, e6] [black, b1] [white, e1] [black, j1] [white, b10] [black, j2] [white, h2] [black, k7] 
07797 info: MovesPlayed: [white, h2] [black, k7] 
07797 info: No subtree to reuse.
07797 info: StartSearch()[0]
07797 info: 
Elapsed Time   0.346521s
Count          1
GamesPlayed    1
Nodes          1
Knowledge      0 (0.0%)
Expansions     0.0
Time           0.00
GameLen        104.0 dev=0.0 min=104.0 max=104.0
InTree         0.0 dev=0.0 min=0.0 max=0.0
KnowDepth      -
Aborted        0%
Games/s        3355.7
Score          1.00
Sequence      
07797 info: 
07797 warning: **** MoHexSearch returned empty sequence!
07797 warning: **** Returning random move!
07797 info: Best move cannot be determined, must search state.
07797 info: --- MoHexPlayer::Search() ---
07797 info: Color: white
07797 info: MaxGames: 1
07797 info: NumberThreads: 1
07797 info: MaxNodes: 9090 (799920 bytes)
07797 info: TimeForMove: 1
07797 info: PreSearch: max time reached (50/74).
07797 info: Time for PreSearch: 0.201815s
07797 info: 
  fb16913b83c803b8
  a  b  c  d  e  f  g  h  i  j  k  
 1\b  B  .  *  W  *  *  .  b  B  b\1
  2\.  *  *  *  *  *  *  W  .  B  .\2
   3\.  *  *  *  *  *  *  *  *  *  .\3
    4\.  *  *  *  *  *  *  *  *  *  .\4
     5\.  *  *  *  *  *  *  *  *  *  .\5
      6\.  *  *  *  W  *  *  *  *  *  .\6
       7\.  .  *  *  *  *  *  *  *  *  B\7
        8\.  .  W  *  *  *  *  *  *  *  .\8
         9\w  .  .  *  *  *  *  *  *  *  .\9
         10\w  W  B  .  *  *  *  *  *  .  .\10
          11\w  b  b  b  .  *  *  .  B  b  b\11
              a  b  c  d  e  f  g  h  i  j  k  
07797 info: Old: [black, i11] [white, e6] [black, b1] [white, e1] [black, j1] [white, b10] [black, j2] [white, h2] [black, k7] 
07797 info: New: [black, i11] [white, e6] [black, b1] [white, e1] [black, j1] [white, b10] [black, j2] [white, h2] [black, k7] [white, c8] [black, c10] 
07797 info: MovesPlayed: [white, c8] [black, c10] 
07797 info: No subtree to reuse.
07797 info: StartSearch()[0]
07797 info: 
Elapsed Time   0.349401s
Count          1
GamesPlayed    1
Nodes          1
Knowledge      0 (0.0%)
Expansions     0.0
Time           0.00
GameLen        99.0 dev=0.0 min=99.0 max=99.0
InTree         0.0 dev=0.0 min=0.0 max=0.0
KnowDepth      -
Aborted        0%
Games/s        3289.5
Score          1.00
Sequence      
07797 info: 
07797 warning: **** MoHexSearch returned empty sequence!
07797 warning: **** Returning random move!
07797 info: Best move cannot be determined, must search state.
07797 info: --- MoHexPlayer::Search() ---
07797 info: Color: white
07797 info: MaxGames: 1
07797 info: NumberThreads: 1
07797 info: MaxNodes: 9090 (799920 bytes)
07797 info: TimeForMove: 1
07797 info: PreSearch: max time reached (23/72).
07797 info: Time for PreSearch: 0.205257s
07797 info: 
  6e71f061255ec22e
  a  b  c  d  e  f  g  h  i  j  k  
 1\b  B  .  *  W  *  *  .  b  B  b\1
  2\.  *  *  *  *  *  *  W  .  B  .\2
   3\.  *  *  *  *  *  *  *  *  *  .\3
    4\.  *  *  *  *  *  *  *  *  *  .\4
     5\.  *  *  *  *  *  *  *  *  *  .\5
      6\.  *  *  *  W  *  *  *  *  *  .\6
       7\.  *  *  *  *  W  *  *  *  *  B\7
        8\.  .  W  *  *  *  *  *  *  *  .\8
         9\w  .  .  *  *  *  *  *  *  *  .\9
         10\w  W  B  .  *  *  *  *  *  .  .\10
          11\w  b  b  b  B  .  *  .  B  b  b\11
              a  b  c  d  e  f  g  h  i  j  k  
07797 info: Old: [black, i11] [white, e6] [black, b1] [white, e1] [black, j1] [white, b10] [black, j2] [white, h2] [black, k7] [white, c8] [black, c10] 
07797 info: New: [black, i11] [white, e6] [black, b1] [white, e1] [black, j1] [white, b10] [black, j2] [white, h2] [black, k7] [white, c8] [black, c10] [white, f7] [black, e11] 
07797 info: MovesPlayed: [white, f7] [black, e11] 
07797 info: No subtree to reuse.
07797 info: StartSearch()[0]
07797 info: 
Elapsed Time   3.29811s
Count          1
GamesPlayed    1
Nodes          1
Knowledge      0 (0.0%)
Expansions     0.0
Time           0.00
GameLen        97.0 dev=0.0 min=97.0 max=97.0
InTree         0.0 dev=0.0 min=0.0 max=0.0
KnowDepth      -
Aborted        0%
Games/s        3154.6
Score          1.00
Sequence      
07797 info: 
07797 warning: **** MoHexSearch returned empty sequence!
07797 warning: **** Returning random move!
07797 info: Best move cannot be determined, must search state.
07797 info: --- MoHexPlayer::Search() ---
07797 info: Color: white
07797 info: MaxGames: 1
07797 info: NumberThreads: 1
07797 info: MaxNodes: 9090 (799920 bytes)
07797 info: TimeForMove: 1
07797 info: PreSearch: max time reached (15/64).
07797 info: Time for PreSearch: 0.213454s
07797 info: 
  f258d93885c1138a
  a  b  c  d  e  f  g  h  i  j  k  
 1\b  B  .  .  W  .  *  .  b  B  b\1
  2\.  *  *  .  .  *  *  W  .  B  .\2
   3\.  *  *  B  *  *  *  *  *  *  .\3
    4\.  *  *  *  *  *  *  *  *  *  .\4
     5\.  *  *  *  *  *  *  *  *  *  .\5
      6\.  *  *  W  W  *  *  *  *  *  .\6
       7\.  *  .  .  *  W  *  *  *  *  B\7
        8\.  .  W  *  *  *  *  *  *  *  .\8
         9\w  .  .  *  *  *  *  *  *  *  .\9
         10\w  W  B  .  *  *  *  *  *  .  .\10
          11\w  b  b  b  B  .  *  .  B  b  b\11
              a  b  c  d  e  f  g  h  i  j  k  
07797 info: Old: [black, i11] [white, e6] [black, b1] [white, e1] [black, j1] [white, b10] [black, j2] [white, h2] [black, k7] [white, c8] [black, c10] [white, f7] [black, e11] 
07797 info: New: [black, i11] [white, e6] [black, b1] [white, e1] [black, j1] [white, b10] [black, j2] [white, h2] [black, k7] [white, c8] [black, c10] [white, f7] [black, e11] [white, d6] [black, d3] 
07797 info: MovesPlayed: [white, d6] [black, d3] 
07797 info: No subtree to reuse.
07797 info: StartSearch()[0]
07797 info: 
Elapsed Time   0.357939s
Count          1
GamesPlayed    1
Nodes          1
Knowledge      0 (0.0%)
Expansions     0.0
Time           0.00
GameLen        95.0 dev=0.0 min=95.0 max=95.0
InTree         0.0 dev=0.0 min=0.0 max=0.0
KnowDepth      -
Aborted        0%
Games/s        3521.1
Score          0.00
Sequence      
07797 info: 
07797 warning: **** MoHexSearch returned empty sequence!
07797 warning: **** Returning random move!
07797 info: Winning SC.
07797 info: Winning SC.
07797 info: Winning SC.
07797 info: Winning SC.
07797 info: Winning SC.
07797 info: Winning SC.
07797 info: Winning SC.
07797 info: Winning SC.
07797 info: Captured cells caused win! Removing...
07797 info: Winning SC.
07797 config: ============ BenzeneShutdown =============
07797 config: MoHexProgram:: ShutdownSystem()
07797 config: CommonProgram:: ShutdownSystem()
07797 config: BenzeneProgram:: ShutdownSystem()
Flushing and closing this stream...
