# nice ../build/src/mohex/mohex --config mohex-cg2010.htp --seed 681312 --logfile-name jobs/11x11-mohex-mohex-cg2010-vs-mohex-mohex-weak-3/mohex-mohex-cg2010-181.log
>boardsize 11 11
MoHex 2.0.CMake Mar 21 2025
Copyright (C) 2007-2012 by the authors of the Benzene project.
This program comes with ABSOLUTELY NO WARRANTY. This is
free software and you are welcome to redistribute it under
certain conditions. Type `benzene-license' for details.

SgRandom::SetSeed: 681312
SgUctSearch: system memory 33632358400, using 1000000000 (5681818 nodes)
SgRandom::SetSeed: 1
SgRandom::SetSeed: 681312
4f9c7 info: Prior Patterns:
4f9c7 info: Global:
4f9c7 info: Size            = 565 32648 
4f9c7 info: TableEntries    = 65932 65910
4f9c7 info: MirrorsAdded    = 0 0
4f9c7 info: PrunableCount   = 30593 30629
4f9c7 info: LargestGamma    = 5820.77
4f9c7 info: SmallestGamma   = 6.6e-05
4f9c7 info: Local:
4f9c7 info: Size            = 550 5318 
4f9c7 info: TableEntries    = 11602 11588
4f9c7 info: MirrorsAdded    = 0 0
4f9c7 info: PrunableCount   = 3659 3667
4f9c7 info: LargestGamma    = 11281.8
4f9c7 info: SmallestGamma   = 0.026235
4f9c7 info: Playout Patterns:
4f9c7 info: Global:
4f9c7 info: Size            = 565 32648 
4f9c7 info: TableEntries    = 70329 70329
4f9c7 info: MirrorsAdded    = 4397 4419
4f9c7 info: PrunableCount   = 30593 30629
4f9c7 info: LargestGamma    = 5820.77
4f9c7 info: SmallestGamma   = 6.6e-05
4f9c7 info: Local:
4f9c7 info: Size            = 550 5318 
4f9c7 info: TableEntries    = 11602 11588
4f9c7 info: MirrorsAdded    = 0 0
4f9c7 info: PrunableCount   = 3659 3667
4f9c7 info: LargestGamma    = 11281.8
4f9c7 info: SmallestGamma   = 0.026235
param_game allow_swap 1
= 

param_mohex max_memory 32000000000
= 

param_mohex num_threads 1
= 

param_mohex max_time 1
= 

param_mohex max_games 1
= 

param_mohex knowledge_threshold 400
= 

param_mohex reuse_subtree 1
= 

param_mohex use_parallel_solver 0
= 

<= 
<
>name
<= MoHex
<
>version
<= 2.0.CMake
<
>play b i3
<= 
<
>genmove w
<= swap-pieces
<
>showboard
4f9c7 info: SwapCheck: reading from '/home/linus/MoHex2.0/nfbranchfix/benzene-vanilla-cmake/share/swap-moves.txt'.
4f9c7 info: SwapCheck: playing swap.
<= 
< 
<  f6acc615bba6bf65
<  a  b  c  d  e  f  g  h  i  j  k  
< 1\.  .  .  .  .  .  .  .  .  .  .\1
<  2\.  .  .  .  .  .  .  .  .  .  .\2
<   3\.  .  .  .  .  .  .  .  B  .  .\3
<    4\.  .  .  .  .  .  .  .  .  .  .\4
<     5\.  .  .  .  .  .  .  .  .  .  .\5
<      6\.  .  .  .  .  .  .  .  .  .  .\6
<       7\.  .  .  .  .  .  .  .  .  .  .\7
<        8\.  .  .  .  .  .  .  .  .  .  .\8
<         9\.  .  .  .  .  .  .  .  .  .  .\9
<         10\.  .  .  .  .  .  .  .  .  .  .\10
<          11\.  .  .  .  .  .  .  .  .  .  .\11
<              a  b  c  d  e  f  g  h  i  j  k  
<
>play w f5
<= 
<
>showboard
<= 
< 
<  d48ada751c020094
<  a  b  c  d  e  f  g  h  i  j  k  
< 1\.  .  .  .  .  .  .  .  .  .  .\1
<  2\.  .  .  .  .  .  .  .  .  .  .\2
<   3\.  .  .  .  .  .  .  .  B  .  .\3
<    4\.  .  .  .  .  .  .  .  .  .  .\4
<     5\.  .  .  .  .  W  .  .  .  .  .\5
<      6\.  .  .  .  .  .  .  .  .  .  .\6
<       7\.  .  .  .  .  .  .  .  .  .  .\7
<        8\.  .  .  .  .  .  .  .  .  .  .\8
<         9\.  .  .  .  .  .  .  .  .  .  .\9
<         10\.  .  .  .  .  .  .  .  .  .  .\10
<          11\.  .  .  .  .  .  .  .  .  .  .\11
<              a  b  c  d  e  f  g  h  i  j  k  
<
>genmove b
<= a8
<
>showboard
4f9c7 info: Best move cannot be determined, must search state.
4f9c7 info: --- MoHexPlayer::Search() ---
4f9c7 info: Color: black
4f9c7 info: MaxGames: 1
4f9c7 info: NumberThreads: 1
4f9c7 info: MaxNodes: 181818181 (15999999928 bytes)
4f9c7 info: TimeForMove: 1
4f9c7 info: PreSearch: max time reached (49/90).
4f9c7 info: Time for PreSearch: 0.204485s
4f9c7 info: 
  d48ada751c020094
  a  b  c  d  e  f  g  h  i  j  k  
 1\.  .  .  .  .  .  .  .  .  .  .\1
  2\.  .  *  *  *  *  *  *  *  .  *\2
   3\.  *  *  *  *  *  *  *  B  *  *\3
    4\*  *  *  *  *  *  *  *  *  *  *\4
     5\*  *  *  *  *  W  *  *  *  *  *\5
      6\*  *  *  *  *  *  *  *  *  *  *\6
       7\*  *  *  *  *  *  *  *  *  *  *\7
        8\*  *  *  *  *  *  *  *  *  *  *\8
         9\*  *  *  *  *  *  *  *  *  *  .\9
         10\*  *  *  *  *  *  *  *  *  .  .\10
          11\.  .  .  .  .  .  .  .  .  .  .\11
              a  b  c  d  e  f  g  h  i  j  k  
4f9c7 info: No subtree to reuse.
4f9c7 info: Creating thread 0
4f9c7 info: StartSearch()[0]
SgUctSearch: max games reached
4f9c7 info: 
Elapsed Time   0.360088s
Count          1
GamesPlayed    1
Nodes          1
Knowledge      0 (0.0%)
Expansions     0.0
Time           0.00
GameLen        119.0 dev=0.0 min=119.0 max=119.0
InTree         0.0 dev=0.0 min=0.0 max=0.0
KnowDepth      -
Aborted        0%
Games/s        381.7
Score          0.00
Sequence      
4f9c7 info: 
4f9c7 warning: **** MoHexSearch returned empty sequence!
4f9c7 warning: **** Returning random move!
<= 
< 
<  a85a518b5625fed4
<  a  b  c  d  e  f  g  h  i  j  k  
< 1\.  .  .  .  .  .  .  .  .  .  .\1
<  2\.  .  .  .  .  .  .  .  .  .  .\2
<   3\.  .  .  .  .  .  .  .  B  .  .\3
<    4\.  .  .  .  .  .  .  .  .  .  .\4
<     5\.  .  .  .  .  W  .  .  .  .  .\5
<      6\.  .  .  .  .  .  .  .  .  .  .\6
<       7\.  .  .  .  .  .  .  .  .  .  .\7
<        8\B  .  .  .  .  .  .  .  .  .  .\8
<         9\.  .  .  .  .  .  .  .  .  .  .\9
<         10\.  .  .  .  .  .  .  .  .  .  .\10
<          11\.  .  .  .  .  .  .  .  .  .  .\11
<              a  b  c  d  e  f  g  h  i  j  k  
<
>play w k7
<= 
<
>showboard
<= 
< 
<  44a0a05d12e29471
<  a  b  c  d  e  f  g  h  i  j  k  
< 1\.  .  .  .  .  .  .  .  .  .  .\1
<  2\.  .  .  .  .  .  .  .  .  .  .\2
<   3\.  .  .  .  .  .  .  .  B  .  .\3
<    4\.  .  .  .  .  .  .  .  .  .  .\4
<     5\.  .  .  .  .  W  .  .  .  .  .\5
<      6\.  .  .  .  .  .  .  .  .  .  .\6
<       7\.  .  .  .  .  .  .  .  .  .  W\7
<        8\B  .  .  .  .  .  .  .  .  .  .\8
<         9\.  .  .  .  .  .  .  .  .  .  .\9
<         10\.  .  .  .  .  .  .  .  .  .  .\10
<          11\.  .  .  .  .  .  .  .  .  .  .\11
<              a  b  c  d  e  f  g  h  i  j  k  
<
>genmove b
<= j3
<
>showboard
4f9c7 info: Best move cannot be determined, must search state.
4f9c7 info: --- MoHexPlayer::Search() ---
4f9c7 info: Color: black
4f9c7 info: MaxGames: 1
4f9c7 info: NumberThreads: 1
4f9c7 info: MaxNodes: 181818181 (15999999928 bytes)
4f9c7 info: TimeForMove: 1
4f9c7 info: PreSearch: max time reached (50/86).
4f9c7 info: Time for PreSearch: 0.205836s
4f9c7 info: 
  44a0a05d12e29471
  a  b  c  d  e  f  g  h  i  j  k  
 1\.  .  .  .  .  .  .  .  .  .  .\1
  2\.  .  *  *  *  *  *  *  *  .  *\2
   3\.  *  *  *  *  *  *  *  B  *  *\3
    4\*  *  *  *  *  *  *  *  *  *  *\4
     5\*  *  *  *  *  W  *  *  *  *  *\5
      6\*  *  *  *  *  *  *  *  *  *  .\6
       7\*  *  *  *  *  *  *  *  *  *  W\7
        8\B  *  *  *  *  *  *  *  *  *  .\8
         9\*  *  *  *  *  *  *  *  *  *  .\9
         10\*  *  *  *  *  *  *  *  *  .  .\10
          11\.  .  .  .  .  .  .  .  .  .  .\11
              a  b  c  d  e  f  g  h  i  j  k  
4f9c7 info: Old: [black, i3] [white, swap-pieces] [white, f5] 
4f9c7 info: New: [black, i3] [white, swap-pieces] [white, f5] [black, a8] [white, k7] 
4f9c7 info: MovesPlayed: [black, a8] [white, k7] 
4f9c7 info: No subtree to reuse.
4f9c7 info: StartSearch()[0]
SgUctSearch: max games reached
4f9c7 info: 
Elapsed Time   0.359201s
Count          1
GamesPlayed    1
Nodes          1
Knowledge      0 (0.0%)
Expansions     0.0
Time           0.00
GameLen        117.0 dev=0.0 min=117.0 max=117.0
InTree         0.0 dev=0.0 min=0.0 max=0.0
KnowDepth      -
Aborted        0%
Games/s        2832.9
Score          1.00
Sequence      
4f9c7 info: 
4f9c7 warning: **** MoHexSearch returned empty sequence!
4f9c7 warning: **** Returning random move!
<= 
< 
<  6e7dd86dbd243cc6
<  a  b  c  d  e  f  g  h  i  j  k  
< 1\.  .  .  .  .  .  .  .  .  .  .\1
<  2\.  .  .  .  .  .  .  .  .  .  .\2
<   3\.  .  .  .  .  .  .  .  B  B  .\3
<    4\.  .  .  .  .  .  .  .  .  .  .\4
<     5\.  .  .  .  .  W  .  .  .  .  .\5
<      6\.  .  .  .  .  .  .  .  .  .  .\6
<       7\.  .  .  .  .  .  .  .  .  .  W\7
<        8\B  .  .  .  .  .  .  .  .  .  .\8
<         9\.  .  .  .  .  .  .  .  .  .  .\9
<         10\.  .  .  .  .  .  .  .  .  .  .\10
<          11\.  .  .  .  .  .  .  .  .  .  .\11
<              a  b  c  d  e  f  g  h  i  j  k  
<
>play w j2
<= 
<
>showboard
<= 
< 
<  dc1b46541796f980
<  a  b  c  d  e  f  g  h  i  j  k  
< 1\.  .  .  .  .  .  .  .  .  .  .\1
<  2\.  .  .  .  .  .  .  .  .  W  .\2
<   3\.  .  .  .  .  .  .  .  B  B  .\3
<    4\.  .  .  .  .  .  .  .  .  .  .\4
<     5\.  .  .  .  .  W  .  .  .  .  .\5
<      6\.  .  .  .  .  .  .  .  .  .  .\6
<       7\.  .  .  .  .  .  .  .  .  .  W\7
<        8\B  .  .  .  .  .  .  .  .  .  .\8
<         9\.  .  .  .  .  .  .  .  .  .  .\9
<         10\.  .  .  .  .  .  .  .  .  .  .\10
<          11\.  .  .  .  .  .  .  .  .  .  .\11
<              a  b  c  d  e  f  g  h  i  j  k  
<
>genmove b
<= i6
<
>showboard
4f9c7 info: Best move cannot be determined, must search state.
4f9c7 info: --- MoHexPlayer::Search() ---
4f9c7 info: Color: black
4f9c7 info: MaxGames: 1
4f9c7 info: NumberThreads: 1
4f9c7 info: MaxNodes: 181818181 (15999999928 bytes)
4f9c7 info: TimeForMove: 1
4f9c7 info: PreSearch: max time reached (55/83).
4f9c7 info: Time for PreSearch: 0.201378s
4f9c7 info: 
  dc1b46541796f980
  a  b  c  d  e  f  g  h  i  j  k  
 1\.  .  .  .  .  .  .  .  .  .  w\1
  2\.  .  *  *  *  *  *  *  *  W  w\2
   3\.  *  *  *  *  *  *  *  B  B  .\3
    4\*  *  *  *  *  *  *  *  *  *  *\4
     5\*  *  *  *  *  W  *  *  *  *  *\5
      6\*  *  *  *  *  *  *  *  *  *  .\6
       7\*  *  *  *  *  *  *  *  *  *  W\7
        8\B  *  *  *  *  *  *  *  *  *  .\8
         9\*  *  *  *  *  *  *  *  *  *  .\9
         10\*  *  *  *  *  *  *  *  *  .  .\10
          11\.  .  .  .  .  .  .  .  .  .  .\11
              a  b  c  d  e  f  g  h  i  j  k  
4f9c7 info: Old: [black, i3] [white, swap-pieces] [white, f5] [black, a8] [white, k7] 
4f9c7 info: New: [black, i3] [white, swap-pieces] [white, f5] [black, a8] [white, k7] [black, j3] [white, j2] 
4f9c7 info: MovesPlayed: [black, j3] [white, j2] 
4f9c7 info: No subtree to reuse.
4f9c7 info: StartSearch()[0]
SgUctSearch: max games reached
4f9c7 info: 
Elapsed Time   0.343251s
Count          1
GamesPlayed    1
Nodes          1
Knowledge      0 (0.0%)
Expansions     0.0
Time           0.00
GameLen        113.0 dev=0.0 min=113.0 max=113.0
InTree         0.0 dev=0.0 min=0.0 max=0.0
KnowDepth      -
Aborted        0%
Games/s        3546.1
Score          1.00
Sequence      
4f9c7 info: 
4f9c7 warning: **** MoHexSearch returned empty sequence!
4f9c7 warning: **** Returning random move!
<= 
< 
<  326809910d59654f
<  a  b  c  d  e  f  g  h  i  j  k  
< 1\.  .  .  .  .  .  .  .  .  .  .\1
<  2\.  .  .  .  .  .  .  .  .  W  .\2
<   3\.  .  .  .  .  .  .  .  B  B  .\3
<    4\.  .  .  .  .  .  .  .  .  .  .\4
<     5\.  .  .  .  .  W  .  .  .  .  .\5
<      6\.  .  .  .  .  .  .  .  B  .  .\6
<       7\.  .  .  .  .  .  .  .  .  .  W\7
<        8\B  .  .  .  .  .  .  .  .  .  .\8
<         9\.  .  .  .  .  .  .  .  .  .  .\9
<         10\.  .  .  .  .  .  .  .  .  .  .\10
<          11\.  .  .  .  .  .  .  .  .  .  .\11
<              a  b  c  d  e  f  g  h  i  j  k  
<
>play w f8
<= 
<
>showboard
<= 
< 
<  70f893f8aa7c90f5
<  a  b  c  d  e  f  g  h  i  j  k  
< 1\.  .  .  .  .  .  .  .  .  .  .\1
<  2\.  .  .  .  .  .  .  .  .  W  .\2
<   3\.  .  .  .  .  .  .  .  B  B  .\3
<    4\.  .  .  .  .  .  .  .  .  .  .\4
<     5\.  .  .  .  .  W  .  .  .  .  .\5
<      6\.  .  .  .  .  .  .  .  B  .  .\6
<       7\.  .  .  .  .  .  .  .  .  .  W\7
<        8\B  .  .  .  .  W  .  .  .  .  .\8
<         9\.  .  .  .  .  .  .  .  .  .  .\9
<         10\.  .  .  .  .  .  .  .  .  .  .\10
<          11\.  .  .  .  .  .  .  .  .  .  .\11
<              a  b  c  d  e  f  g  h  i  j  k  
<
>genmove b
<= f11
<
>showboard
4f9c7 info: Best move cannot be determined, must search state.
4f9c7 info: --- MoHexPlayer::Search() ---
4f9c7 info: Color: black
4f9c7 info: MaxGames: 1
4f9c7 info: NumberThreads: 1
4f9c7 info: MaxNodes: 181818181 (15999999928 bytes)
4f9c7 info: TimeForMove: 1
4f9c7 info: PreSearch: max time reached (47/81).
4f9c7 info: Time for PreSearch: 0.200559s
4f9c7 info: 
  70f893f8aa7c90f5
  a  b  c  d  e  f  g  h  i  j  k  
 1\.  .  .  .  .  .  .  .  .  .  w\1
  2\.  .  *  *  *  *  *  *  *  W  w\2
   3\.  *  *  *  *  *  *  *  B  B  .\3
    4\*  *  *  *  *  *  *  *  *  *  *\4
     5\*  *  *  *  *  W  *  *  *  *  *\5
      6\*  *  *  *  *  *  *  *  B  *  .\6
       7\*  *  *  *  *  *  *  *  *  *  W\7
        8\B  *  *  *  *  W  *  *  *  *  .\8
         9\*  *  *  *  *  *  *  *  *  *  .\9
         10\*  *  *  *  *  *  *  *  *  .  .\10
          11\.  .  .  .  .  .  .  .  .  .  .\11
              a  b  c  d  e  f  g  h  i  j  k  
4f9c7 info: Old: [black, i3] [white, swap-pieces] [white, f5] [black, a8] [white, k7] [black, j3] [white, j2] 
4f9c7 info: New: [black, i3] [white, swap-pieces] [white, f5] [black, a8] [white, k7] [black, j3] [white, j2] [black, i6] [white, f8] 
4f9c7 info: MovesPlayed: [black, i6] [white, f8] 
4f9c7 info: No subtree to reuse.
4f9c7 info: StartSearch()[0]
SgUctSearch: max games reached
4f9c7 info: 
Elapsed Time   0.344977s
Count          1
GamesPlayed    1
Nodes          1
Knowledge      0 (0.0%)
Expansions     0.0
Time           0.00
GameLen        111.0 dev=0.0 min=111.0 max=111.0
InTree         0.0 dev=0.0 min=0.0 max=0.0
KnowDepth      -
Aborted        0%
Games/s        3558.7
Score          1.00
Sequence      
4f9c7 info: 
4f9c7 warning: **** MoHexSearch returned empty sequence!
4f9c7 warning: **** Returning random move!
<= 
< 
<  3bc201878e8cb784
<  a  b  c  d  e  f  g  h  i  j  k  
< 1\.  .  .  .  .  .  .  .  .  .  .\1
<  2\.  .  .  .  .  .  .  .  .  W  .\2
<   3\.  .  .  .  .  .  .  .  B  B  .\3
<    4\.  .  .  .  .  .  .  .  .  .  .\4
<     5\.  .  .  .  .  W  .  .  .  .  .\5
<      6\.  .  .  .  .  .  .  .  B  .  .\6
<       7\.  .  .  .  .  .  .  .  .  .  W\7
<        8\B  .  .  .  .  W  .  .  .  .  .\8
<         9\.  .  .  .  .  .  .  .  .  .  .\9
<         10\.  .  .  .  .  .  .  .  .  .  .\10
<          11\.  .  .  .  .  B  .  .  .  .  .\11
<              a  b  c  d  e  f  g  h  i  j  k  
<
>play w b4
<= 
<
>showboard
<= 
< 
<  7c4388125a2f2aa9
<  a  b  c  d  e  f  g  h  i  j  k  
< 1\.  .  .  .  .  .  .  .  .  .  .\1
<  2\.  .  .  .  .  .  .  .  .  W  .\2
<   3\.  .  .  .  .  .  .  .  B  B  .\3
<    4\.  W  .  .  .  .  .  .  .  .  .\4
<     5\.  .  .  .  .  W  .  .  .  .  .\5
<      6\.  .  .  .  .  .  .  .  B  .  .\6
<       7\.  .  .  .  .  .  .  .  .  .  W\7
<        8\B  .  .  .  .  W  .  .  .  .  .\8
<         9\.  .  .  .  .  .  .  .  .  .  .\9
<         10\.  .  .  .  .  .  .  .  .  .  .\10
<          11\.  .  .  .  .  B  .  .  .  .  .\11
<              a  b  c  d  e  f  g  h  i  j  k  
<
>genmove b
<= b11
<
>showboard
4f9c7 info: Best move cannot be determined, must search state.
4f9c7 info: --- MoHexPlayer::Search() ---
4f9c7 info: Color: black
4f9c7 info: MaxGames: 1
4f9c7 info: NumberThreads: 1
4f9c7 info: MaxNodes: 181818181 (15999999928 bytes)
4f9c7 info: TimeForMove: 1
4f9c7 info: PreSearch: max time reached (55/73).
4f9c7 info: Time for PreSearch: 0.200546s
4f9c7 info: 
  7c4388125a2f2aa9
  a  b  c  d  e  f  g  h  i  j  k  
 1\w  .  .  .  .  .  .  .  .  .  w\1
  2\w  .  .  .  *  *  *  *  *  W  w\2
   3\w  .  *  *  *  *  *  *  B  B  .\3
    4\w  W  *  *  *  *  *  *  *  *  *\4
     5\w  .  *  *  *  W  *  *  *  *  *\5
      6\w  *  *  *  *  *  *  *  B  *  .\6
       7\.  *  *  *  *  *  *  *  *  *  W\7
        8\B  *  *  *  *  W  *  *  *  *  .\8
         9\*  *  *  *  *  *  *  *  *  *  .\9
         10\*  *  *  *  *  *  *  *  *  .  .\10
          11\.  .  .  .  .  B  .  .  .  .  .\11
              a  b  c  d  e  f  g  h  i  j  k  
4f9c7 info: Old: [black, i3] [white, swap-pieces] [white, f5] [black, a8] [white, k7] [black, j3] [white, j2] [black, i6] [white, f8] 
4f9c7 info: New: [black, i3] [white, swap-pieces] [white, f5] [black, a8] [white, k7] [black, j3] [white, j2] [black, i6] [white, f8] [black, f11] [white, b4] 
4f9c7 info: MovesPlayed: [black, f11] [white, b4] 
4f9c7 info: No subtree to reuse.
4f9c7 info: StartSearch()[0]
SgUctSearch: max games reached
4f9c7 info: 
Elapsed Time   0.346667s
Count          1
GamesPlayed    1
Nodes          1
Knowledge      0 (0.0%)
Expansions     0.0
Time           0.00
GameLen        103.0 dev=0.0 min=103.0 max=103.0
InTree         0.0 dev=0.0 min=0.0 max=0.0
KnowDepth      -
Aborted        0%
Games/s        3184.7
Score          0.00
Sequence      
4f9c7 info: 
4f9c7 warning: **** MoHexSearch returned empty sequence!
4f9c7 warning: **** Returning random move!
<= 
< 
<  72fe42f0112d7f86
<  a  b  c  d  e  f  g  h  i  j  k  
< 1\.  .  .  .  .  .  .  .  .  .  .\1
<  2\.  .  .  .  .  .  .  .  .  W  .\2
<   3\.  .  .  .  .  .  .  .  B  B  .\3
<    4\.  W  .  .  .  .  .  .  .  .  .\4
<     5\.  .  .  .  .  W  .  .  .  .  .\5
<      6\.  .  .  .  .  .  .  .  B  .  .\6
<       7\.  .  .  .  .  .  .  .  .  .  W\7
<        8\B  .  .  .  .  W  .  .  .  .  .\8
<         9\.  .  .  .  .  .  .  .  .  .  .\9
<         10\.  .  .  .  .  .  .  .  .  .  .\10
<          11\.  B  .  .  .  B  .  .  .  .  .\11
<              a  b  c  d  e  f  g  h  i  j  k  
<
>play w k10
<= 
<
>showboard
<= 
< 
<  841f6045de4a4289
<  a  b  c  d  e  f  g  h  i  j  k  
< 1\.  .  .  .  .  .  .  .  .  .  .\1
<  2\.  .  .  .  .  .  .  .  .  W  .\2
<   3\.  .  .  .  .  .  .  .  B  B  .\3
<    4\.  W  .  .  .  .  .  .  .  .  .\4
<     5\.  .  .  .  .  W  .  .  .  .  .\5
<      6\.  .  .  .  .  .  .  .  B  .  .\6
<       7\.  .  .  .  .  .  .  .  .  .  W\7
<        8\B  .  .  .  .  W  .  .  .  .  .\8
<         9\.  .  .  .  .  .  .  .  .  .  .\9
<         10\.  .  .  .  .  .  .  .  .  .  W\10
<          11\.  B  .  .  .  B  .  .  .  .  .\11
<              a  b  c  d  e  f  g  h  i  j  k  
<
>genmove b
<= e3
<
>showboard
4f9c7 info: Best move cannot be determined, must search state.
4f9c7 info: --- MoHexPlayer::Search() ---
4f9c7 info: Color: black
4f9c7 info: MaxGames: 1
4f9c7 info: NumberThreads: 1
4f9c7 info: MaxNodes: 181818181 (15999999928 bytes)
4f9c7 info: TimeForMove: 1
4f9c7 info: PreSearch: max time reached (57/73).
4f9c7 info: Time for PreSearch: 0.203265s
4f9c7 info: 
  841f6045de4a4289
  a  b  c  d  e  f  g  h  i  j  k  
 1\w  .  .  .  .  .  .  .  .  .  w\1
  2\w  .  .  .  *  *  *  *  *  W  w\2
   3\w  .  *  *  *  *  *  *  B  B  .\3
    4\w  W  *  *  *  *  *  *  *  *  *\4
     5\w  .  *  *  *  W  *  *  *  *  *\5
      6\w  *  *  *  *  *  *  *  B  *  .\6
       7\.  *  *  *  *  *  *  *  *  *  W\7
        8\B  *  *  *  *  W  *  *  *  *  w\8
         9\*  *  *  *  *  *  *  *  *  *  w\9
         10\*  *  *  *  *  *  *  *  .  .  W\10
          11\.  B  .  .  .  B  .  .  .  .  b\11
              a  b  c  d  e  f  g  h  i  j  k  
4f9c7 info: Old: [black, i3] [white, swap-pieces] [white, f5] [black, a8] [white, k7] [black, j3] [white, j2] [black, i6] [white, f8] [black, f11] [white, b4] 
4f9c7 info: New: [black, i3] [white, swap-pieces] [white, f5] [black, a8] [white, k7] [black, j3] [white, j2] [black, i6] [white, f8] [black, f11] [white, b4] [black, b11] [white, k10] 
4f9c7 info: MovesPlayed: [black, b11] [white, k10] 
4f9c7 info: No subtree to reuse.
4f9c7 info: StartSearch()[0]
SgUctSearch: max games reached
4f9c7 info: 
Elapsed Time   0.448456s
Count          1
GamesPlayed    1
Nodes          1
Knowledge      0 (0.0%)
Expansions     0.0
Time           0.00
GameLen        98.0 dev=0.0 min=98.0 max=98.0
InTree         0.0 dev=0.0 min=0.0 max=0.0
KnowDepth      -
Aborted        0%
Games/s        2967.4
Score          1.00
Sequence      
4f9c7 info: 
4f9c7 warning: **** MoHexSearch returned empty sequence!
4f9c7 warning: **** Returning random move!
<= 
< 
<  3b3b91e25ee2e3ac
<  a  b  c  d  e  f  g  h  i  j  k  
< 1\.  .  .  .  .  .  .  .  .  .  .\1
<  2\.  .  .  .  .  .  .  .  .  W  .\2
<   3\.  .  .  .  B  .  .  .  B  B  .\3
<    4\.  W  .  .  .  .  .  .  .  .  .\4
<     5\.  .  .  .  .  W  .  .  .  .  .\5
<      6\.  .  .  .  .  .  .  .  B  .  .\6
<       7\.  .  .  .  .  .  .  .  .  .  W\7
<        8\B  .  .  .  .  W  .  .  .  .  .\8
<         9\.  .  .  .  .  .  .  .  .  .  .\9
<         10\.  .  .  .  .  .  .  .  .  .  W\10
<          11\.  B  .  .  .  B  .  .  .  .  .\11
<              a  b  c  d  e  f  g  h  i  j  k  
<
>play w k3
<= 
<
>showboard
<= 
< 
<  ee415710705b7dc5
<  a  b  c  d  e  f  g  h  i  j  k  
< 1\.  .  .  .  .  .  .  .  .  .  .\1
<  2\.  .  .  .  .  .  .  .  .  W  .\2
<   3\.  .  .  .  B  .  .  .  B  B  W\3
<    4\.  W  .  .  .  .  .  .  .  .  .\4
<     5\.  .  .  .  .  W  .  .  .  .  .\5
<      6\.  .  .  .  .  .  .  .  B  .  .\6
<       7\.  .  .  .  .  .  .  .  .  .  W\7
<        8\B  .  .  .  .  W  .  .  .  .  .\8
<         9\.  .  .  .  .  .  .  .  .  .  .\9
<         10\.  .  .  .  .  .  .  .  .  .  W\10
<          11\.  B  .  .  .  B  .  .  .  .  .\11
<              a  b  c  d  e  f  g  h  i  j  k  
<
>genmove b
<= h8
<
>showboard
4f9c7 info: Best move cannot be determined, must search state.
4f9c7 info: --- MoHexPlayer::Search() ---
4f9c7 info: Color: black
4f9c7 info: MaxGames: 1
4f9c7 info: NumberThreads: 1
4f9c7 info: MaxNodes: 181818181 (15999999928 bytes)
4f9c7 info: TimeForMove: 1
4f9c7 info: PreSearch: max time reached (51/69).
4f9c7 info: Time for PreSearch: 0.202221s
4f9c7 info: 
  ee415710705b7dc5
  a  b  c  d  e  f  g  h  i  j  k  
 1\w  .  .  .  .  .  .  .  .  .  w\1
  2\w  .  .  .  *  .  *  *  *  W  w\2
   3\w  .  .  .  B  *  *  *  B  B  W\3
    4\w  W  *  *  *  *  *  *  .  *  .\4
     5\w  .  *  *  *  W  *  *  *  *  *\5
      6\w  *  *  *  *  *  *  *  B  *  .\6
       7\.  *  *  *  *  *  *  *  *  *  W\7
        8\B  *  *  *  *  W  *  *  *  *  w\8
         9\*  *  *  *  *  *  *  *  *  *  w\9
         10\*  *  *  *  *  *  *  *  .  .  W\10
          11\.  B  .  .  .  B  .  .  .  .  b\11
              a  b  c  d  e  f  g  h  i  j  k  
4f9c7 info: Old: [black, i3] [white, swap-pieces] [white, f5] [black, a8] [white, k7] [black, j3] [white, j2] [black, i6] [white, f8] [black, f11] [white, b4] [black, b11] [white, k10] 
4f9c7 info: New: [black, i3] [white, swap-pieces] [white, f5] [black, a8] [white, k7] [black, j3] [white, j2] [black, i6] [white, f8] [black, f11] [white, b4] [black, b11] [white, k10] [black, e3] [white, k3] 
4f9c7 info: MovesPlayed: [black, e3] [white, k3] 
4f9c7 info: No subtree to reuse.
4f9c7 info: StartSearch()[0]
SgUctSearch: max games reached
4f9c7 info: 
Elapsed Time   0.360954s
Count          1
GamesPlayed    1
Nodes          1
Knowledge      0 (0.0%)
Expansions     0.0
Time           0.00
GameLen        96.0 dev=0.0 min=96.0 max=96.0
InTree         0.0 dev=0.0 min=0.0 max=0.0
KnowDepth      -
Aborted        0%
Games/s        3558.7
Score          0.00
Sequence      
4f9c7 info: 
4f9c7 warning: **** MoHexSearch returned empty sequence!
4f9c7 warning: **** Returning random move!
<= 
< 
<  986716c8788cdf2f
<  a  b  c  d  e  f  g  h  i  j  k  
< 1\.  .  .  .  .  .  .  .  .  .  .\1
<  2\.  .  .  .  .  .  .  .  .  W  .\2
<   3\.  .  .  .  B  .  .  .  B  B  W\3
<    4\.  W  .  .  .  .  .  .  .  .  .\4
<     5\.  .  .  .  .  W  .  .  .  .  .\5
<      6\.  .  .  .  .  .  .  .  B  .  .\6
<       7\.  .  .  .  .  .  .  .  .  .  W\7
<        8\B  .  .  .  .  W  .  B  .  .  .\8
<         9\.  .  .  .  .  .  .  .  .  .  .\9
<         10\.  .  .  .  .  .  .  .  .  .  W\10
<          11\.  B  .  .  .  B  .  .  .  .  .\11
<              a  b  c  d  e  f  g  h  i  j  k  
<
>play w h9
<= 
<
>showboard
<= 
< 
<  ce4bf902038d6df4
<  a  b  c  d  e  f  g  h  i  j  k  
< 1\.  .  .  .  .  .  .  .  .  .  .\1
<  2\.  .  .  .  .  .  .  .  .  W  .\2
<   3\.  .  .  .  B  .  .  .  B  B  W\3
<    4\.  W  .  .  .  .  .  .  .  .  .\4
<     5\.  .  .  .  .  W  .  .  .  .  .\5
<      6\.  .  .  .  .  .  .  .  B  .  .\6
<       7\.  .  .  .  .  .  .  .  .  .  W\7
<        8\B  .  .  .  .  W  .  B  .  .  .\8
<         9\.  .  .  .  .  .  .  W  .  .  .\9
<         10\.  .  .  .  .  .  .  .  .  .  W\10
<          11\.  B  .  .  .  B  .  .  .  .  .\11
<              a  b  c  d  e  f  g  h  i  j  k  
<
>genmove b
<= c8
<
>showboard
4f9c7 info: Best move cannot be determined, must search state.
4f9c7 info: --- MoHexPlayer::Search() ---
4f9c7 info: Color: black
4f9c7 info: MaxGames: 1
4f9c7 info: NumberThreads: 1
4f9c7 info: MaxNodes: 181818181 (15999999928 bytes)
4f9c7 info: TimeForMove: 1
4f9c7 info: PreSearch: max time reached (52/65).
4f9c7 info: Time for PreSearch: 0.201343s
4f9c7 info: 
  ce4bf902038d6df4
  a  b  c  d  e  f  g  h  i  j  k  
 1\w  .  .  .  .  .  .  .  .  .  w\1
  2\w  .  .  .  *  .  *  *  *  W  w\2
   3\w  .  .  .  B  *  *  *  B  B  W\3
    4\w  W  *  *  *  *  *  *  .  *  .\4
     5\w  .  *  *  *  W  *  *  *  *  *\5
      6\w  *  *  *  *  *  *  *  B  *  .\6
       7\.  *  *  *  *  *  *  *  *  *  W\7
        8\B  *  *  *  *  W  *  B  *  *  w\8
         9\*  *  *  *  *  *  *  W  *  *  w\9
         10\*  *  *  *  *  *  .  .  *  .  W\10
          11\.  B  .  .  .  B  .  .  .  .  b\11
              a  b  c  d  e  f  g  h  i  j  k  
4f9c7 info: Old: [black, i3] [white, swap-pieces] [white, f5] [black, a8] [white, k7] [black, j3] [white, j2] [black, i6] [white, f8] [black, f11] [white, b4] [black, b11] [white, k10] [black, e3] [white, k3] 
4f9c7 info: New: [black, i3] [white, swap-pieces] [white, f5] [black, a8] [white, k7] [black, j3] [white, j2] [black, i6] [white, f8] [black, f11] [white, b4] [black, b11] [white, k10] [black, e3] [white, k3] [black, h8] [white, h9] 
4f9c7 info: MovesPlayed: [black, h8] [white, h9] 
4f9c7 info: No subtree to reuse.
4f9c7 info: StartSearch()[0]
SgUctSearch: max games reached
4f9c7 info: 
Elapsed Time   0.350424s
Count          1
GamesPlayed    1
Nodes          1
Knowledge      0 (0.0%)
Expansions     0.0
Time           0.00
GameLen        94.0 dev=0.0 min=94.0 max=94.0
InTree         0.0 dev=0.0 min=0.0 max=0.0
KnowDepth      -
Aborted        0%
Games/s        3460.2
Score          1.00
Sequence      
4f9c7 info: 
4f9c7 warning: **** MoHexSearch returned empty sequence!
4f9c7 warning: **** Returning random move!
<= 
< 
<  94c350477d860f80
<  a  b  c  d  e  f  g  h  i  j  k  
< 1\.  .  .  .  .  .  .  .  .  .  .\1
<  2\.  .  .  .  .  .  .  .  .  W  .\2
<   3\.  .  .  .  B  .  .  .  B  B  W\3
<    4\.  W  .  .  .  .  .  .  .  .  .\4
<     5\.  .  .  .  .  W  .  .  .  .  .\5
<      6\.  .  .  .  .  .  .  .  B  .  .\6
<       7\.  .  .  .  .  .  .  .  .  .  W\7
<        8\B  .  B  .  .  W  .  B  .  .  .\8
<         9\.  .  .  .  .  .  .  W  .  .  .\9
<         10\.  .  .  .  .  .  .  .  .  .  W\10
<          11\.  B  .  .  .  B  .  .  .  .  .\11
<              a  b  c  d  e  f  g  h  i  j  k  
<
>play w d2
<= 
<
>showboard
<= 
< 
<  1806c5abbb1814a0
<  a  b  c  d  e  f  g  h  i  j  k  
< 1\.  .  .  .  .  .  .  .  .  .  .\1
<  2\.  .  .  W  .  .  .  .  .  W  .\2
<   3\.  .  .  .  B  .  .  .  B  B  W\3
<    4\.  W  .  .  .  .  .  .  .  .  .\4
<     5\.  .  .  .  .  W  .  .  .  .  .\5
<      6\.  .  .  .  .  .  .  .  B  .  .\6
<       7\.  .  .  .  .  .  .  .  .  .  W\7
<        8\B  .  B  .  .  W  .  B  .  .  .\8
<         9\.  .  .  .  .  .  .  W  .  .  .\9
<         10\.  .  .  .  .  .  .  .  .  .  W\10
<          11\.  B  .  .  .  B  .  .  .  .  .\11
<              a  b  c  d  e  f  g  h  i  j  k  
<
>genmove b
<= b6
<
>showboard
4f9c7 info: Best move cannot be determined, must search state.
4f9c7 info: --- MoHexPlayer::Search() ---
4f9c7 info: Color: black
4f9c7 info: MaxGames: 1
4f9c7 info: NumberThreads: 1
4f9c7 info: MaxNodes: 181818181 (15999999928 bytes)
4f9c7 info: TimeForMove: 1
4f9c7 info: PreSearch: max time reached (45/61).
4f9c7 info: Time for PreSearch: 0.20314s
4f9c7 info: 
  1806c5abbb1814a0
  a  b  c  d  e  f  g  h  i  j  k  
 1\w  .  .  .  .  .  .  .  .  .  w\1
  2\w  .  *  W  .  .  .  *  *  W  w\2
   3\w  .  .  *  B  *  *  *  B  B  W\3
    4\w  W  *  *  *  *  *  *  .  *  .\4
     5\w  .  *  *  *  W  *  *  *  *  *\5
      6\w  *  *  *  *  *  *  *  B  *  .\6
       7\.  *  *  *  *  *  *  *  *  *  W\7
        8\B  .  B  *  *  W  *  B  *  *  w\8
         9\.  *  *  *  *  *  *  W  *  *  w\9
         10\*  *  *  *  *  *  .  .  *  .  W\10
          11\.  B  .  .  .  B  .  .  .  .  b\11
              a  b  c  d  e  f  g  h  i  j  k  
4f9c7 info: Old: [black, i3] [white, swap-pieces] [white, f5] [black, a8] [white, k7] [black, j3] [white, j2] [black, i6] [white, f8] [black, f11] [white, b4] [black, b11] [white, k10] [black, e3] [white, k3] [black, h8] [white, h9] 
4f9c7 info: New: [black, i3] [white, swap-pieces] [white, f5] [black, a8] [white, k7] [black, j3] [white, j2] [black, i6] [white, f8] [black, f11] [white, b4] [black, b11] [white, k10] [black, e3] [white, k3] [black, h8] [white, h9] [black, c8] [white, d2] 
4f9c7 info: MovesPlayed: [black, c8] [white, d2] 
4f9c7 info: No subtree to reuse.
4f9c7 info: StartSearch()[0]
SgUctSearch: max games reached
4f9c7 info: 
Elapsed Time   0.417929s
Count          1
GamesPlayed    1
Nodes          1
Knowledge      0 (0.0%)
Expansions     0.0
Time           0.00
GameLen        92.0 dev=0.0 min=92.0 max=92.0
InTree         0.0 dev=0.0 min=0.0 max=0.0
KnowDepth      -
Aborted        0%
Games/s        3558.7
Score          0.00
Sequence      
4f9c7 info: 
4f9c7 warning: **** MoHexSearch returned empty sequence!
4f9c7 warning: **** Returning random move!
<= 
< 
<  5ef053bdf8f19e3b
<  a  b  c  d  e  f  g  h  i  j  k  
< 1\.  .  .  .  .  .  .  .  .  .  .\1
<  2\.  .  .  W  .  .  .  .  .  W  .\2
<   3\.  .  .  .  B  .  .  .  B  B  W\3
<    4\.  W  .  .  .  .  .  .  .  .  .\4
<     5\.  .  .  .  .  W  .  .  .  .  .\5
<      6\.  B  .  .  .  .  .  .  B  .  .\6
<       7\.  .  .  .  .  .  .  .  .  .  W\7
<        8\B  .  B  .  .  W  .  B  .  .  .\8
<         9\.  .  .  .  .  .  .  W  .  .  .\9
<         10\.  .  .  .  .  .  .  .  .  .  W\10
<          11\.  B  .  .  .  B  .  .  .  .  .\11
<              a  b  c  d  e  f  g  h  i  j  k  
<
>play w c9
<= 
<
>showboard
<= 
< 
<  1ae22864106d5b9d
<  a  b  c  d  e  f  g  h  i  j  k  
< 1\.  .  .  .  .  .  .  .  .  .  .\1
<  2\.  .  .  W  .  .  .  .  .  W  .\2
<   3\.  .  .  .  B  .  .  .  B  B  W\3
<    4\.  W  .  .  .  .  .  .  .  .  .\4
<     5\.  .  .  .  .  W  .  .  .  .  .\5
<      6\.  B  .  .  .  .  .  .  B  .  .\6
<       7\.  .  .  .  .  .  .  .  .  .  W\7
<        8\B  .  B  .  .  W  .  B  .  .  .\8
<         9\.  .  W  .  .  .  .  W  .  .  .\9
<         10\.  .  .  .  .  .  .  .  .  .  W\10
<          11\.  B  .  .  .  B  .  .  .  .  .\11
<              a  b  c  d  e  f  g  h  i  j  k  
<
>genmove b
<= j1
<
>showboard
4f9c7 info: Best move cannot be determined, must search state.
4f9c7 info: --- MoHexPlayer::Search() ---
4f9c7 info: Color: black
4f9c7 info: MaxGames: 1
4f9c7 info: NumberThreads: 1
4f9c7 info: MaxNodes: 181818181 (15999999928 bytes)
4f9c7 info: TimeForMove: 1
4f9c7 info: PreSearch: max time reached (38/51).
4f9c7 info: Time for PreSearch: 0.202973s
4f9c7 info: 
  1ae22864106d5b9d
  a  b  c  d  e  f  g  h  i  j  k  
 1\w  .  .  .  .  .  .  .  .  .  w\1
  2\w  .  *  W  .  .  .  *  *  W  w\2
   3\w  .  .  *  B  *  *  *  B  B  W\3
    4\w  W  *  *  *  *  *  *  .  *  .\4
     5\w  .  *  *  *  W  *  *  *  *  *\5
      6\b  B  *  *  *  *  *  *  B  *  .\6
       7\.  .  .  *  *  *  *  *  *  *  W\7
        8\B  *  B  *  *  W  *  B  *  *  w\8
         9\.  .  W  *  .  *  *  W  *  *  w\9
         10\*  .  .  .  .  .  .  .  *  .  W\10
          11\.  B  b  b  b  B  .  .  .  .  b\11
              a  b  c  d  e  f  g  h  i  j  k  
4f9c7 info: Old: [black, i3] [white, swap-pieces] [white, f5] [black, a8] [white, k7] [black, j3] [white, j2] [black, i6] [white, f8] [black, f11] [white, b4] [black, b11] [white, k10] [black, e3] [white, k3] [black, h8] [white, h9] [black, c8] [white, d2] 
4f9c7 info: New: [black, i3] [white, swap-pieces] [white, f5] [black, a8] [white, k7] [black, j3] [white, j2] [black, i6] [white, f8] [black, f11] [white, b4] [black, b11] [white, k10] [black, e3] [white, k3] [black, h8] [white, h9] [black, c8] [white, d2] [black, b6] [white, c9] 
4f9c7 info: MovesPlayed: [black, b6] [white, c9] 
4f9c7 info: No subtree to reuse.
4f9c7 info: StartSearch()[0]
SgUctSearch: max games reached
4f9c7 info: 
Elapsed Time   0.350706s
Count          1
GamesPlayed    1
Nodes          1
Knowledge      0 (0.0%)
Expansions     0.0
Time           0.00
GameLen        87.0 dev=0.0 min=87.0 max=87.0
InTree         0.0 dev=0.0 min=0.0 max=0.0
KnowDepth      -
Aborted        0%
Games/s        3745.3
Score          1.00
Sequence      
4f9c7 info: 
4f9c7 warning: **** MoHexSearch returned empty sequence!
4f9c7 warning: **** Returning random move!
<= 
< 
<  8de52429f300b411
<  a  b  c  d  e  f  g  h  i  j  k  
< 1\.  .  .  .  .  .  .  .  .  B  .\1
<  2\.  .  .  W  .  .  .  .  .  W  .\2
<   3\.  .  .  .  B  .  .  .  B  B  W\3
<    4\.  W  .  .  .  .  .  .  .  .  .\4
<     5\.  .  .  .  .  W  .  .  .  .  .\5
<      6\.  B  .  .  .  .  .  .  B  .  .\6
<       7\.  .  .  .  .  .  .  .  .  .  W\7
<        8\B  .  B  .  .  W  .  B  .  .  .\8
<         9\.  .  W  .  .  .  .  W  .  .  .\9
<         10\.  .  .  .  .  .  .  .  .  .  W\10
<          11\.  B  .  .  .  B  .  .  .  .  .\11
<              a  b  c  d  e  f  g  h  i  j  k  
<
>play w b8
<= 
<
>showboard
<= 
< 
<  09158bf1e0e6b4bc
<  a  b  c  d  e  f  g  h  i  j  k  
< 1\.  .  .  .  .  .  .  .  .  B  .\1
<  2\.  .  .  W  .  .  .  .  .  W  .\2
<   3\.  .  .  .  B  .  .  .  B  B  W\3
<    4\.  W  .  .  .  .  .  .  .  .  .\4
<     5\.  .  .  .  .  W  .  .  .  .  .\5
<      6\.  B  .  .  .  .  .  .  B  .  .\6
<       7\.  .  .  .  .  .  .  .  .  .  W\7
<        8\B  W  B  .  .  W  .  B  .  .  .\8
<         9\.  .  W  .  .  .  .  W  .  .  .\9
<         10\.  .  .  .  .  .  .  .  .  .  W\10
<          11\.  B  .  .  .  B  .  .  .  .  .\11
<              a  b  c  d  e  f  g  h  i  j  k  
<
>genmove b
<= c1
<
>showboard
4f9c7 info: Best move cannot be determined, must search state.
4f9c7 info: --- MoHexPlayer::Search() ---
4f9c7 info: Color: black
4f9c7 info: MaxGames: 1
4f9c7 info: NumberThreads: 1
4f9c7 info: MaxNodes: 181818181 (15999999928 bytes)
4f9c7 info: TimeForMove: 1
4f9c7 info: Time for PreSearch: 0.188812s
4f9c7 info: 
  09158bf1e0e6b4bc
  a  b  c  d  e  f  g  h  i  j  k  
 1\w  .  .  .  .  .  .  .  .  B  w\1
  2\w  .  *  W  .  .  .  *  *  W  w\2
   3\w  .  .  *  B  *  *  *  B  B  W\3
    4\w  W  *  *  *  *  *  *  .  *  .\4
     5\w  .  *  *  *  W  *  *  *  *  *\5
      6\b  B  *  *  *  *  *  *  B  *  .\6
       7\.  .  *  *  *  *  *  *  *  *  W\7
        8\B  W  B  *  *  W  *  B  *  *  w\8
         9\*  *  W  *  .  *  *  W  *  *  w\9
         10\*  .  .  .  .  .  .  .  *  .  W\10
          11\.  B  b  b  b  B  .  .  .  .  b\11
              a  b  c  d  e  f  g  h  i  j  k  
4f9c7 info: Old: [black, i3] [white, swap-pieces] [white, f5] [black, a8] [white, k7] [black, j3] [white, j2] [black, i6] [white, f8] [black, f11] [white, b4] [black, b11] [white, k10] [black, e3] [white, k3] [black, h8] [white, h9] [black, c8] [white, d2] [black, b6] [white, c9] 
4f9c7 info: New: [black, i3] [white, swap-pieces] [white, f5] [black, a8] [white, k7] [black, j3] [white, j2] [black, i6] [white, f8] [black, f11] [white, b4] [black, b11] [white, k10] [black, e3] [white, k3] [black, h8] [white, h9] [black, c8] [white, d2] [black, b6] [white, c9] [black, j1] [white, b8] 
4f9c7 info: MovesPlayed: [black, j1] [white, b8] 
4f9c7 info: No subtree to reuse.
4f9c7 info: StartSearch()[0]
SgUctSearch: max games reached
4f9c7 info: 
Elapsed Time   0.339712s
Count          1
GamesPlayed    1
Nodes          1
Knowledge      0 (0.0%)
Expansions     0.0
Time           0.00
GameLen        85.0 dev=0.0 min=85.0 max=85.0
InTree         0.0 dev=0.0 min=0.0 max=0.0
KnowDepth      -
Aborted        0%
Games/s        2267.6
Score          1.00
Sequence      
4f9c7 info: 
4f9c7 warning: **** MoHexSearch returned empty sequence!
4f9c7 warning: **** Returning random move!
<= 
< 
<  f29e8ad6f371fefb
<  a  b  c  d  e  f  g  h  i  j  k  
< 1\.  .  B  .  .  .  .  .  .  B  .\1
<  2\.  .  .  W  .  .  .  .  .  W  .\2
<   3\.  .  .  .  B  .  .  .  B  B  W\3
<    4\.  W  .  .  .  .  .  .  .  .  .\4
<     5\.  .  .  .  .  W  .  .  .  .  .\5
<      6\.  B  .  .  .  .  .  .  B  .  .\6
<       7\.  .  .  .  .  .  .  .  .  .  W\7
<        8\B  W  B  .  .  W  .  B  .  .  .\8
<         9\.  .  W  .  .  .  .  W  .  .  .\9
<         10\.  .  .  .  .  .  .  .  .  .  W\10
<          11\.  B  .  .  .  B  .  .  .  .  .\11
<              a  b  c  d  e  f  g  h  i  j  k  
<
>play w d7
<= 
<
>showboard
<= 
< 
<  3bc697f88568741e
<  a  b  c  d  e  f  g  h  i  j  k  
< 1\.  .  B  .  .  .  .  .  .  B  .\1
<  2\.  .  .  W  .  .  .  .  .  W  .\2
<   3\.  .  .  .  B  .  .  .  B  B  W\3
<    4\.  W  .  .  .  .  .  .  .  .  .\4
<     5\.  .  .  .  .  W  .  .  .  .  .\5
<      6\.  B  .  .  .  .  .  .  B  .  .\6
<       7\.  .  .  W  .  .  .  .  .  .  W\7
<        8\B  W  B  .  .  W  .  B  .  .  .\8
<         9\.  .  W  .  .  .  .  W  .  .  .\9
<         10\.  .  .  .  .  .  .  .  .  .  W\10
<          11\.  B  .  .  .  B  .  .  .  .  .\11
<              a  b  c  d  e  f  g  h  i  j  k  
<
>genmove b
<= k5
<
>showboard
4f9c7 info: Best move cannot be determined, must search state.
4f9c7 info: --- MoHexPlayer::Search() ---
4f9c7 info: Color: black
4f9c7 info: MaxGames: 1
4f9c7 info: NumberThreads: 1
4f9c7 info: MaxNodes: 181818181 (15999999928 bytes)
4f9c7 info: TimeForMove: 1
4f9c7 info: Time for PreSearch: 0.160394s
4f9c7 info: 
  3bc697f88568741e
  a  b  c  d  e  f  g  h  i  j  k  
 1\b  b  B  b  .  .  .  .  .  B  w\1
  2\w  w  w  W  .  .  .  *  *  W  w\2
   3\w  w  w  .  B  *  *  *  B  B  W\3
    4\w  W  *  *  *  *  *  *  .  *  .\4
     5\w  .  *  *  *  W  *  *  *  *  *\5
      6\b  B  *  *  *  *  *  *  B  *  .\6
       7\.  .  *  W  *  *  *  *  *  *  W\7
        8\B  W  B  *  *  W  *  B  *  *  w\8
         9\*  *  W  *  .  *  *  W  *  *  w\9
         10\*  .  .  .  .  .  .  .  *  .  W\10
          11\.  B  b  b  b  B  .  .  .  .  b\11
              a  b  c  d  e  f  g  h  i  j  k  
4f9c7 info: Old: [black, i3] [white, swap-pieces] [white, f5] [black, a8] [white, k7] [black, j3] [white, j2] [black, i6] [white, f8] [black, f11] [white, b4] [black, b11] [white, k10] [black, e3] [white, k3] [black, h8] [white, h9] [black, c8] [white, d2] [black, b6] [white, c9] [black, j1] [white, b8] 
4f9c7 info: New: [black, i3] [white, swap-pieces] [white, f5] [black, a8] [white, k7] [black, j3] [white, j2] [black, i6] [white, f8] [black, f11] [white, b4] [black, b11] [white, k10] [black, e3] [white, k3] [black, h8] [white, h9] [black, c8] [white, d2] [black, b6] [white, c9] [black, j1] [white, b8] [black, c1] [white, d7] 
4f9c7 info: MovesPlayed: [black, c1] [white, d7] 
4f9c7 info: No subtree to reuse.
4f9c7 info: StartSearch()[0]
SgUctSearch: max games reached
4f9c7 info: 
Elapsed Time   0.310448s
Count          1
GamesPlayed    1
Nodes          1
Knowledge      0 (0.0%)
Expansions     0.0
Time           0.00
GameLen        77.0 dev=0.0 min=77.0 max=77.0
InTree         0.0 dev=0.0 min=0.0 max=0.0
KnowDepth      -
Aborted        0%
Games/s        3759.4
Score          0.00
Sequence      
4f9c7 info: 
4f9c7 warning: **** MoHexSearch returned empty sequence!
4f9c7 warning: **** Returning random move!
<= 
< 
<  3266ff9dad6dc040
<  a  b  c  d  e  f  g  h  i  j  k  
< 1\.  .  B  .  .  .  .  .  .  B  .\1
<  2\.  .  .  W  .  .  .  .  .  W  .\2
<   3\.  .  .  .  B  .  .  .  B  B  W\3
<    4\.  W  .  .  .  .  .  .  .  .  .\4
<     5\.  .  .  .  .  W  .  .  .  .  B\5
<      6\.  B  .  .  .  .  .  .  B  .  .\6
<       7\.  .  .  W  .  .  .  .  .  .  W\7
<        8\B  W  B  .  .  W  .  B  .  .  .\8
<         9\.  .  W  .  .  .  .  W  .  .  .\9
<         10\.  .  .  .  .  .  .  .  .  .  W\10
<          11\.  B  .  .  .  B  .  .  .  .  .\11
<              a  b  c  d  e  f  g  h  i  j  k  
<
>play w k6
<= 
<
>showboard
<= 
< 
<  dc30c62cc0e88e18
<  a  b  c  d  e  f  g  h  i  j  k  
< 1\.  .  B  .  .  .  .  .  .  B  .\1
<  2\.  .  .  W  .  .  .  .  .  W  .\2
<   3\.  .  .  .  B  .  .  .  B  B  W\3
<    4\.  W  .  .  .  .  .  .  .  .  .\4
<     5\.  .  .  .  .  W  .  .  .  .  B\5
<      6\.  B  .  .  .  .  .  .  B  .  W\6
<       7\.  .  .  W  .  .  .  .  .  .  W\7
<        8\B  W  B  .  .  W  .  B  .  .  .\8
<         9\.  .  W  .  .  .  .  W  .  .  .\9
<         10\.  .  .  .  .  .  .  .  .  .  W\10
<          11\.  B  .  .  .  B  .  .  .  .  .\11
<              a  b  c  d  e  f  g  h  i  j  k  
<
>genmove b
<= d5
<
>showboard
4f9c7 info: Best move cannot be determined, must search state.
4f9c7 info: --- MoHexPlayer::Search() ---
4f9c7 info: Color: black
4f9c7 info: MaxGames: 1
4f9c7 info: NumberThreads: 1
4f9c7 info: MaxNodes: 181818181 (15999999928 bytes)
4f9c7 info: TimeForMove: 1
4f9c7 info: Time for PreSearch: 0.1752s
4f9c7 info: 
  dc30c62cc0e88e18
  a  b  c  d  e  f  g  h  i  j  k  
 1\b  b  B  b  .  .  .  .  .  B  w\1
  2\w  w  w  W  .  .  .  *  *  W  w\2
   3\w  w  w  .  B  *  *  *  B  B  W\3
    4\w  W  *  *  *  *  *  *  .  *  .\4
     5\w  .  *  *  *  W  *  *  *  .  B\5
      6\b  B  *  *  *  *  *  *  B  *  W\6
       7\.  .  *  W  *  *  *  *  *  *  W\7
        8\B  W  B  *  *  W  *  B  *  *  w\8
         9\*  *  W  *  .  *  *  W  *  *  w\9
         10\*  .  .  .  .  .  .  .  *  .  W\10
          11\.  B  b  b  b  B  .  .  .  .  b\11
              a  b  c  d  e  f  g  h  i  j  k  
4f9c7 info: Old: [black, i3] [white, swap-pieces] [white, f5] [black, a8] [white, k7] [black, j3] [white, j2] [black, i6] [white, f8] [black, f11] [white, b4] [black, b11] [white, k10] [black, e3] [white, k3] [black, h8] [white, h9] [black, c8] [white, d2] [black, b6] [white, c9] [black, j1] [white, b8] [black, c1] [white, d7] 
4f9c7 info: New: [black, i3] [white, swap-pieces] [white, f5] [black, a8] [white, k7] [black, j3] [white, j2] [black, i6] [white, f8] [black, f11] [white, b4] [black, b11] [white, k10] [black, e3] [white, k3] [black, h8] [white, h9] [black, c8] [white, d2] [black, b6] [white, c9] [black, j1] [white, b8] [black, c1] [white, d7] [black, k5] [white, k6] 
4f9c7 info: MovesPlayed: [black, k5] [white, k6] 
4f9c7 info: No subtree to reuse.
4f9c7 info: StartSearch()[0]
SgUctSearch: max games reached
4f9c7 info: 
Elapsed Time   0.345676s
Count          1
GamesPlayed    1
Nodes          1
Knowledge      0 (0.0%)
Expansions     0.0
Time           0.00
GameLen        75.0 dev=0.0 min=75.0 max=75.0
InTree         0.0 dev=0.0 min=0.0 max=0.0
KnowDepth      -
Aborted        0%
Games/s        3508.8
Score          1.00
Sequence      
4f9c7 info: 
4f9c7 warning: **** MoHexSearch returned empty sequence!
4f9c7 warning: **** Returning random move!
<= 
< 
<  879be62440ba8887
<  a  b  c  d  e  f  g  h  i  j  k  
< 1\.  .  B  .  .  .  .  .  .  B  .\1
<  2\.  .  .  W  .  .  .  .  .  W  .\2
<   3\.  .  .  .  B  .  .  .  B  B  W\3
<    4\.  W  .  .  .  .  .  .  .  .  .\4
<     5\.  .  .  B  .  W  .  .  .  .  B\5
<      6\.  B  .  .  .  .  .  .  B  .  W\6
<       7\.  .  .  W  .  .  .  .  .  .  W\7
<        8\B  W  B  .  .  W  .  B  .  .  .\8
<         9\.  .  W  .  .  .  .  W  .  .  .\9
<         10\.  .  .  .  .  .  .  .  .  .  W\10
<          11\.  B  .  .  .  B  .  .  .  .  .\11
<              a  b  c  d  e  f  g  h  i  j  k  
<
>play w h7
<= 
<
>showboard
<= 
< 
<  8656365e02cdb34f
<  a  b  c  d  e  f  g  h  i  j  k  
< 1\.  .  B  .  .  .  .  .  .  B  .\1
<  2\.  .  .  W  .  .  .  .  .  W  .\2
<   3\.  .  .  .  B  .  .  .  B  B  W\3
<    4\.  W  .  .  .  .  .  .  .  .  .\4
<     5\.  .  .  B  .  W  .  .  .  .  B\5
<      6\.  B  .  .  .  .  .  .  B  .  W\6
<       7\.  .  .  W  .  .  .  W  .  .  W\7
<        8\B  W  B  .  .  W  .  B  .  .  .\8
<         9\.  .  W  .  .  .  .  W  .  .  .\9
<         10\.  .  .  .  .  .  .  .  .  .  W\10
<          11\.  B  .  .  .  B  .  .  .  .  .\11
<              a  b  c  d  e  f  g  h  i  j  k  
<
>genmove b
<= e1
<
>showboard
4f9c7 info: Best move cannot be determined, must search state.
4f9c7 info: --- MoHexPlayer::Search() ---
4f9c7 info: Color: black
4f9c7 info: MaxGames: 1
4f9c7 info: NumberThreads: 1
4f9c7 info: MaxNodes: 181818181 (15999999928 bytes)
4f9c7 info: TimeForMove: 1
4f9c7 info: Time for PreSearch: 0.171378s
4f9c7 info: 
  8656365e02cdb34f
  a  b  c  d  e  f  g  h  i  j  k  
 1\b  b  B  b  .  .  .  .  .  B  w\1
  2\w  w  w  W  .  .  .  *  *  W  w\2
   3\w  w  w  .  B  *  *  *  B  B  W\3
    4\w  W  *  .  *  *  *  *  .  *  .\4
     5\w  .  .  B  *  W  *  *  *  .  B\5
      6\b  B  *  *  *  *  *  *  B  *  W\6
       7\.  .  *  W  *  *  *  W  *  *  W\7
        8\B  W  B  *  *  W  *  B  *  *  w\8
         9\*  *  W  *  .  *  *  W  *  *  w\9
         10\*  .  .  .  .  .  .  .  *  .  W\10
          11\.  B  b  b  b  B  .  .  .  .  b\11
              a  b  c  d  e  f  g  h  i  j  k  
4f9c7 info: Old: [black, i3] [white, swap-pieces] [white, f5] [black, a8] [white, k7] [black, j3] [white, j2] [black, i6] [white, f8] [black, f11] [white, b4] [black, b11] [white, k10] [black, e3] [white, k3] [black, h8] [white, h9] [black, c8] [white, d2] [black, b6] [white, c9] [black, j1] [white, b8] [black, c1] [white, d7] [black, k5] [white, k6] 
4f9c7 info: New: [black, i3] [white, swap-pieces] [white, f5] [black, a8] [white, k7] [black, j3] [white, j2] [black, i6] [white, f8] [black, f11] [white, b4] [black, b11] [white, k10] [black, e3] [white, k3] [black, h8] [white, h9] [black, c8] [white, d2] [black, b6] [white, c9] [black, j1] [white, b8] [black, c1] [white, d7] [black, k5] [white, k6] [black, d5] [white, h7] 
4f9c7 info: MovesPlayed: [black, d5] [white, h7] 
4f9c7 info: No subtree to reuse.
4f9c7 info: StartSearch()[0]
SgUctSearch: max games reached
4f9c7 info: 
Elapsed Time   0.32355s
Count          1
GamesPlayed    1
Nodes          1
Knowledge      0 (0.0%)
Expansions     0.0
Time           0.00
GameLen        73.0 dev=0.0 min=73.0 max=73.0
InTree         0.0 dev=0.0 min=0.0 max=0.0
KnowDepth      -
Aborted        0%
Games/s        3278.7
Score          1.00
Sequence      
4f9c7 info: 
4f9c7 warning: **** MoHexSearch returned empty sequence!
4f9c7 warning: **** Returning random move!
<= 
< 
<  debb059c63c00ff2
<  a  b  c  d  e  f  g  h  i  j  k  
< 1\.  .  B  .  B  .  .  .  .  B  .\1
<  2\.  .  .  W  .  .  .  .  .  W  .\2
<   3\.  .  .  .  B  .  .  .  B  B  W\3
<    4\.  W  .  .  .  .  .  .  .  .  .\4
<     5\.  .  .  B  .  W  .  .  .  .  B\5
<      6\.  B  .  .  .  .  .  .  B  .  W\6
<       7\.  .  .  W  .  .  .  W  .  .  W\7
<        8\B  W  B  .  .  W  .  B  .  .  .\8
<         9\.  .  W  .  .  .  .  W  .  .  .\9
<         10\.  .  .  .  .  .  .  .  .  .  W\10
<          11\.  B  .  .  .  B  .  .  .  .  .\11
<              a  b  c  d  e  f  g  h  i  j  k  
<
>play w g4
<= 
<
>showboard
<= 
< 
<  ac2f8e72b34daa05
<  a  b  c  d  e  f  g  h  i  j  k  
< 1\.  .  B  .  B  .  .  .  .  B  .\1
<  2\.  .  .  W  .  .  .  .  .  W  .\2
<   3\.  .  .  .  B  .  .  .  B  B  W\3
<    4\.  W  .  .  .  .  W  .  .  .  .\4
<     5\.  .  .  B  .  W  .  .  .  .  B\5
<      6\.  B  .  .  .  .  .  .  B  .  W\6
<       7\.  .  .  W  .  .  .  W  .  .  W\7
<        8\B  W  B  .  .  W  .  B  .  .  .\8
<         9\.  .  W  .  .  .  .  W  .  .  .\9
<         10\.  .  .  .  .  .  .  .  .  .  W\10
<          11\.  B  .  .  .  B  .  .  .  .  .\11
<              a  b  c  d  e  f  g  h  i  j  k  
<
>genmove b
<= i7
<
>showboard
4f9c7 info: Best move cannot be determined, must search state.
4f9c7 info: --- MoHexPlayer::Search() ---
4f9c7 info: Color: black
4f9c7 info: MaxGames: 1
4f9c7 info: NumberThreads: 1
4f9c7 info: MaxNodes: 181818181 (15999999928 bytes)
4f9c7 info: TimeForMove: 1
4f9c7 info: Time for PreSearch: 0.127476s
4f9c7 info: 
  ac2f8e72b34daa05
  a  b  c  d  e  f  g  h  i  j  k  
 1\b  b  B  b  B  .  .  .  .  B  w\1
  2\w  w  w  W  .  .  .  *  .  W  w\2
   3\w  w  w  .  B  .  .  .  B  B  W\3
    4\w  W  *  .  *  *  W  .  .  *  .\4
     5\w  .  .  B  *  W  *  *  *  .  B\5
      6\b  B  *  *  *  *  *  *  B  *  W\6
       7\.  .  *  W  *  *  *  W  *  *  W\7
        8\B  W  B  *  *  W  *  B  *  *  w\8
         9\*  *  W  *  .  *  *  W  *  *  w\9
         10\*  .  .  .  .  .  .  .  *  .  W\10
          11\.  B  b  b  b  B  .  .  .  .  b\11
              a  b  c  d  e  f  g  h  i  j  k  
4f9c7 info: Old: [black, i3] [white, swap-pieces] [white, f5] [black, a8] [white, k7] [black, j3] [white, j2] [black, i6] [white, f8] [black, f11] [white, b4] [black, b11] [white, k10] [black, e3] [white, k3] [black, h8] [white, h9] [black, c8] [white, d2] [black, b6] [white, c9] [black, j1] [white, b8] [black, c1] [white, d7] [black, k5] [white, k6] [black, d5] [white, h7] 
4f9c7 info: New: [black, i3] [white, swap-pieces] [white, f5] [black, a8] [white, k7] [black, j3] [white, j2] [black, i6] [white, f8] [black, f11] [white, b4] [black, b11] [white, k10] [black, e3] [white, k3] [black, h8] [white, h9] [black, c8] [white, d2] [black, b6] [white, c9] [black, j1] [white, b8] [black, c1] [white, d7] [black, k5] [white, k6] [black, d5] [white, h7] [black, e1] [white, g4] 
4f9c7 info: MovesPlayed: [black, e1] [white, g4] 
4f9c7 info: No subtree to reuse.
4f9c7 info: StartSearch()[0]
SgUctSearch: max games reached
4f9c7 info: 
Elapsed Time   0.27451s
Count          1
GamesPlayed    1
Nodes          1
Knowledge      0 (0.0%)
Expansions     0.0
Time           0.00
GameLen        71.0 dev=0.0 min=71.0 max=71.0
InTree         0.0 dev=0.0 min=0.0 max=0.0
KnowDepth      -
Aborted        0%
Games/s        3401.4
Score          1.00
Sequence      
4f9c7 info: 
4f9c7 warning: **** MoHexSearch returned empty sequence!
4f9c7 warning: **** Returning random move!
<= 
< 
<  afe9b1b5ae9240fb
<  a  b  c  d  e  f  g  h  i  j  k  
< 1\.  .  B  .  B  .  .  .  .  B  .\1
<  2\.  .  .  W  .  .  .  .  .  W  .\2
<   3\.  .  .  .  B  .  .  .  B  B  W\3
<    4\.  W  .  .  .  .  W  .  .  .  .\4
<     5\.  .  .  B  .  W  .  .  .  .  B\5
<      6\.  B  .  .  .  .  .  .  B  .  W\6
<       7\.  .  .  W  .  .  .  W  B  .  W\7
<        8\B  W  B  .  .  W  .  B  .  .  .\8
<         9\.  .  W  .  .  .  .  W  .  .  .\9
<         10\.  .  .  .  .  .  .  .  .  .  W\10
<          11\.  B  .  .  .  B  .  .  .  .  .\11
<              a  b  c  d  e  f  g  h  i  j  k  
<
>play w a9
<= 
<
>showboard
<= 
< 
<  6d0f6ceb41470bed
<  a  b  c  d  e  f  g  h  i  j  k  
< 1\.  .  B  .  B  .  .  .  .  B  .\1
<  2\.  .  .  W  .  .  .  .  .  W  .\2
<   3\.  .  .  .  B  .  .  .  B  B  W\3
<    4\.  W  .  .  .  .  W  .  .  .  .\4
<     5\.  .  .  B  .  W  .  .  .  .  B\5
<      6\.  B  .  .  .  .  .  .  B  .  W\6
<       7\.  .  .  W  .  .  .  W  B  .  W\7
<        8\B  W  B  .  .  W  .  B  .  .  .\8
<         9\W  .  W  .  .  .  .  W  .  .  .\9
<         10\.  .  .  .  .  .  .  .  .  .  W\10
<          11\.  B  .  .  .  B  .  .  .  .  .\11
<              a  b  c  d  e  f  g  h  i  j  k  
<
>genmove b
<= c7
<
>showboard
4f9c7 info: Best move cannot be determined, must search state.
4f9c7 info: --- MoHexPlayer::Search() ---
4f9c7 info: Color: black
4f9c7 info: MaxGames: 1
4f9c7 info: NumberThreads: 1
4f9c7 info: MaxNodes: 181818181 (15999999928 bytes)
4f9c7 info: TimeForMove: 1
4f9c7 info: Time for PreSearch: 0.053059s
4f9c7 info: 
  6d0f6ceb41470bed
  a  b  c  d  e  f  g  h  i  j  k  
 1\b  b  B  b  B  .  .  .  .  B  w\1
  2\w  w  w  W  .  .  .  .  .  W  w\2
   3\w  w  w  .  B  .  .  .  B  B  W\3
    4\w  W  *  .  .  .  W  .  .  .  w\4
     5\w  .  *  B  *  W  *  *  .  .  B\5
      6\b  B  .  *  *  *  *  *  B  w  W\6
       7\b  .  *  W  *  *  *  W  B  .  W\7
        8\B  W  B  *  *  W  *  B  .  .  w\8
         9\W  w  W  *  .  .  .  W  .  .  w\9
         10\w  w  .  .  .  .  .  .  .  .  W\10
          11\w  B  b  b  b  B  .  .  .  .  b\11
              a  b  c  d  e  f  g  h  i  j  k  
4f9c7 info: Old: [black, i3] [white, swap-pieces] [white, f5] [black, a8] [white, k7] [black, j3] [white, j2] [black, i6] [white, f8] [black, f11] [white, b4] [black, b11] [white, k10] [black, e3] [white, k3] [black, h8] [white, h9] [black, c8] [white, d2] [black, b6] [white, c9] [black, j1] [white, b8] [black, c1] [white, d7] [black, k5] [white, k6] [black, d5] [white, h7] [black, e1] [white, g4] 
4f9c7 info: New: [black, i3] [white, swap-pieces] [white, f5] [black, a8] [white, k7] [black, j3] [white, j2] [black, i6] [white, f8] [black, f11] [white, b4] [black, b11] [white, k10] [black, e3] [white, k3] [black, h8] [white, h9] [black, c8] [white, d2] [black, b6] [white, c9] [black, j1] [white, b8] [black, c1] [white, d7] [black, k5] [white, k6] [black, d5] [white, h7] [black, e1] [white, g4] [black, i7] [white, a9] 
4f9c7 info: MovesPlayed: [black, i7] [white, a9] 
4f9c7 info: No subtree to reuse.
4f9c7 info: StartSearch()[0]
SgUctSearch: max games reached
4f9c7 info: 
Elapsed Time   0.211462s
Count          1
GamesPlayed    1
Nodes          1
Knowledge      0 (0.0%)
Expansions     0.0
Time           0.00
GameLen        62.0 dev=0.0 min=62.0 max=62.0
InTree         0.0 dev=0.0 min=0.0 max=0.0
KnowDepth      -
Aborted        0%
Games/s        2865.3
Score          1.00
Sequence      
4f9c7 info: 
4f9c7 warning: **** MoHexSearch returned empty sequence!
4f9c7 warning: **** Returning random move!
<= 
< 
<  886c77d8e19acf5a
<  a  b  c  d  e  f  g  h  i  j  k  
< 1\.  .  B  .  B  .  .  .  .  B  .\1
<  2\.  .  .  W  .  .  .  .  .  W  .\2
<   3\.  .  .  .  B  .  .  .  B  B  W\3
<    4\.  W  .  .  .  .  W  .  .  .  .\4
<     5\.  .  .  B  .  W  .  .  .  .  B\5
<      6\.  B  .  .  .  .  .  .  B  .  W\6
<       7\.  .  B  W  .  .  .  W  B  .  W\7
<        8\B  W  B  .  .  W  .  B  .  .  .\8
<         9\W  .  W  .  .  .  .  W  .  .  .\9
<         10\.  .  .  .  .  .  .  .  .  .  W\10
<          11\.  B  .  .  .  B  .  .  .  .  .\11
<              a  b  c  d  e  f  g  h  i  j  k  
<
>play w g6
<= 
<
>showboard
<= 
< 
<  e8b7bbd74172970b
<  a  b  c  d  e  f  g  h  i  j  k  
< 1\.  .  B  .  B  .  .  .  .  B  .\1
<  2\.  .  .  W  .  .  .  .  .  W  .\2
<   3\.  .  .  .  B  .  .  .  B  B  W\3
<    4\.  W  .  .  .  .  W  .  .  .  .\4
<     5\.  .  .  B  .  W  .  .  .  .  B\5
<      6\.  B  .  .  .  .  W  .  B  .  W\6
<       7\.  .  B  W  .  .  .  W  B  .  W\7
<        8\B  W  B  .  .  W  .  B  .  .  .\8
<         9\W  .  W  .  .  .  .  W  .  .  .\9
<         10\.  .  .  .  .  .  .  .  .  .  W\10
<          11\.  B  .  .  .  B  .  .  .  .  .\11
<              a  b  c  d  e  f  g  h  i  j  k  
<
>genmove b
<= h5
<
>showboard
4f9c7 info: Opponent has won; playing most blocking move.
<= 
< 
<  1271d037d3a8e267
<  a  b  c  d  e  f  g  h  i  j  k  
< 1\.  .  B  .  B  .  .  .  .  B  .\1
<  2\.  .  .  W  .  .  .  .  .  W  .\2
<   3\.  .  .  .  B  .  .  .  B  B  W\3
<    4\.  W  .  .  .  .  W  .  .  .  .\4
<     5\.  .  .  B  .  W  .  B  .  .  B\5
<      6\.  B  .  .  .  .  W  .  B  .  W\6
<       7\.  .  B  W  .  .  .  W  B  .  W\7
<        8\B  W  B  .  .  W  .  B  .  .  .\8
<         9\W  .  W  .  .  .  .  W  .  .  .\9
<         10\.  .  .  .  .  .  .  .  .  .  W\10
<          11\.  B  .  .  .  B  .  .  .  .  .\11
<              a  b  c  d  e  f  g  h  i  j  k  
<
>play w g9
<= 
<
>showboard
<= 
< 
<  5bea9cefba95c5d5
<  a  b  c  d  e  f  g  h  i  j  k  
< 1\.  .  B  .  B  .  .  .  .  B  .\1
<  2\.  .  .  W  .  .  .  .  .  W  .\2
<   3\.  .  .  .  B  .  .  .  B  B  W\3
<    4\.  W  .  .  .  .  W  .  .  .  .\4
<     5\.  .  .  B  .  W  .  B  .  .  B\5
<      6\.  B  .  .  .  .  W  .  B  .  W\6
<       7\.  .  B  W  .  .  .  W  B  .  W\7
<        8\B  W  B  .  .  W  .  B  .  .  .\8
<         9\W  .  W  .  .  .  W  W  .  .  .\9
<         10\.  .  .  .  .  .  .  .  .  .  W\10
<          11\.  B  .  .  .  B  .  .  .  .  .\11
<              a  b  c  d  e  f  g  h  i  j  k  
<
>genmove b
<= j8
<
>showboard
4f9c7 info: Opponent has won; playing most blocking move.
<= 
< 
<  5c80cf140802a1d6
<  a  b  c  d  e  f  g  h  i  j  k  
< 1\.  .  B  .  B  .  .  .  .  B  .\1
<  2\.  .  .  W  .  .  .  .  .  W  .\2
<   3\.  .  .  .  B  .  .  .  B  B  W\3
<    4\.  W  .  .  .  .  W  .  .  .  .\4
<     5\.  .  .  B  .  W  .  B  .  .  B\5
<      6\.  B  .  .  .  .  W  .  B  .  W\6
<       7\.  .  B  W  .  .  .  W  B  .  W\7
<        8\B  W  B  .  .  W  .  B  .  B  .\8
<         9\W  .  W  .  .  .  W  W  .  .  .\9
<         10\.  .  .  .  .  .  .  .  .  .  W\10
<          11\.  B  .  .  .  B  .  .  .  .  .\11
<              a  b  c  d  e  f  g  h  i  j  k  
<
>play w i10
<= 
<
>showboard
<= 
< 
<  bfb08e924fec32f0
<  a  b  c  d  e  f  g  h  i  j  k  
< 1\.  .  B  .  B  .  .  .  .  B  .\1
<  2\.  .  .  W  .  .  .  .  .  W  .\2
<   3\.  .  .  .  B  .  .  .  B  B  W\3
<    4\.  W  .  .  .  .  W  .  .  .  .\4
<     5\.  .  .  B  .  W  .  B  .  .  B\5
<      6\.  B  .  .  .  .  W  .  B  .  W\6
<       7\.  .  B  W  .  .  .  W  B  .  W\7
<        8\B  W  B  .  .  W  .  B  .  B  .\8
<         9\W  .  W  .  .  .  W  W  .  .  .\9
<         10\.  .  .  .  .  .  .  .  W  .  W\10
<          11\.  B  .  .  .  B  .  .  .  .  .\11
<              a  b  c  d  e  f  g  h  i  j  k  
<
>genmove b
<= f9
<
>showboard
4f9c7 info: Opponent has won; playing most blocking move.
<= 
< 
<  39b736e134ac0c56
<  a  b  c  d  e  f  g  h  i  j  k  
< 1\.  .  B  .  B  .  .  .  .  B  .\1
<  2\.  .  .  W  .  .  .  .  .  W  .\2
<   3\.  .  .  .  B  .  .  .  B  B  W\3
<    4\.  W  .  .  .  .  W  .  .  .  .\4
<     5\.  .  .  B  .  W  .  B  .  .  B\5
<      6\.  B  .  .  .  .  W  .  B  .  W\6
<       7\.  .  B  W  .  .  .  W  B  .  W\7
<        8\B  W  B  .  .  W  .  B  .  B  .\8
<         9\W  .  W  .  .  B  W  W  .  .  .\9
<         10\.  .  .  .  .  .  .  .  W  .  W\10
<          11\.  B  .  .  .  B  .  .  .  .  .\11
<              a  b  c  d  e  f  g  h  i  j  k  
<
>play w g8
<= 
<
>showboard
<= 
< 
<  0a395c5f3fa0c67c
<  a  b  c  d  e  f  g  h  i  j  k  
< 1\.  .  B  .  B  .  .  .  .  B  .\1
<  2\.  .  .  W  .  .  .  .  .  W  .\2
<   3\.  .  .  .  B  .  .  .  B  B  W\3
<    4\.  W  .  .  .  .  W  .  .  .  .\4
<     5\.  .  .  B  .  W  .  B  .  .  B\5
<      6\.  B  .  .  .  .  W  .  B  .  W\6
<       7\.  .  B  W  .  .  .  W  B  .  W\7
<        8\B  W  B  .  .  W  W  B  .  B  .\8
<         9\W  .  W  .  .  B  W  W  .  .  .\9
<         10\.  .  .  .  .  .  .  .  W  .  W\10
<          11\.  B  .  .  .  B  .  .  .  .  .\11
<              a  b  c  d  e  f  g  h  i  j  k  
<
>genmove b
<= e8
<
>showboard
4f9c7 info: Opponent has won; playing most blocking move.
<= 
< 
<  e3012507a7744901
<  a  b  c  d  e  f  g  h  i  j  k  
< 1\.  .  B  .  B  .  .  .  .  B  .\1
<  2\.  .  .  W  .  .  .  .  .  W  .\2
<   3\.  .  .  .  B  .  .  .  B  B  W\3
<    4\.  W  .  .  .  .  W  .  .  .  .\4
<     5\.  .  .  B  .  W  .  B  .  .  B\5
<      6\.  B  .  .  .  .  W  .  B  .  W\6
<       7\.  .  B  W  .  .  .  W  B  .  W\7
<        8\B  W  B  .  B  W  W  B  .  B  .\8
<         9\W  .  W  .  .  B  W  W  .  .  .\9
<         10\.  .  .  .  .  .  .  .  W  .  W\10
<          11\.  B  .  .  .  B  .  .  .  .  .\11
<              a  b  c  d  e  f  g  h  i  j  k  
<
>play w d6
<= 
<
>showboard
<= 
< 
<  e6645f206cf69772
<  a  b  c  d  e  f  g  h  i  j  k  
< 1\.  .  B  .  B  .  .  .  .  B  .\1
<  2\.  .  .  W  .  .  .  .  .  W  .\2
<   3\.  .  .  .  B  .  .  .  B  B  W\3
<    4\.  W  .  .  .  .  W  .  .  .  .\4
<     5\.  .  .  B  .  W  .  B  .  .  B\5
<      6\.  B  .  W  .  .  W  .  B  .  W\6
<       7\.  .  B  W  .  .  .  W  B  .  W\7
<        8\B  W  B  .  B  W  W  B  .  B  .\8
<         9\W  .  W  .  .  B  W  W  .  .  .\9
<         10\.  .  .  .  .  .  .  .  W  .  W\10
<          11\.  B  .  .  .  B  .  .  .  .  .\11
<              a  b  c  d  e  f  g  h  i  j  k  
<
>genmove b
<= e5
<
>showboard
4f9c7 info: Opponent has won; playing most blocking move.
<= 
< 
<  7a90b139c591fad0
<  a  b  c  d  e  f  g  h  i  j  k  
< 1\.  .  B  .  B  .  .  .  .  B  .\1
<  2\.  .  .  W  .  .  .  .  .  W  .\2
<   3\.  .  .  .  B  .  .  .  B  B  W\3
<    4\.  W  .  .  .  .  W  .  .  .  .\4
<     5\.  .  .  B  B  W  .  B  .  .  B\5
<      6\.  B  .  W  .  .  W  .  B  .  W\6
<       7\.  .  B  W  .  .  .  W  B  .  W\7
<        8\B  W  B  .  B  W  W  B  .  B  .\8
<         9\W  .  W  .  .  B  W  W  .  .  .\9
<         10\.  .  .  .  .  .  .  .  W  .  W\10
<          11\.  B  .  .  .  B  .  .  .  .  .\11
<              a  b  c  d  e  f  g  h  i  j  k  
<
>play w e6
<= 
<
>showboard
<= 
< 
<  86bb4337eb0febc6
<  a  b  c  d  e  f  g  h  i  j  k  
< 1\.  .  B  .  B  .  .  .  .  B  .\1
<  2\.  .  .  W  .  .  .  .  .  W  .\2
<   3\.  .  .  .  B  .  .  .  B  B  W\3
<    4\.  W  .  .  .  .  W  .  .  .  .\4
<     5\.  .  .  B  B  W  .  B  .  .  B\5
<      6\.  B  .  W  W  .  W  .  B  .  W\6
<       7\.  .  B  W  .  .  .  W  B  .  W\7
<        8\B  W  B  .  B  W  W  B  .  B  .\8
<         9\W  .  W  .  .  B  W  W  .  .  .\9
<         10\.  .  .  .  .  .  .  .  W  .  W\10
<          11\.  B  .  .  .  B  .  .  .  .  .\11
<              a  b  c  d  e  f  g  h  i  j  k  
<
>genmove b
<= d8
<
>showboard
4f9c7 info: Opponent has won; playing most blocking move.
<= 
< 
<  c640d6fcfa1cc029
<  a  b  c  d  e  f  g  h  i  j  k  
< 1\.  .  B  .  B  .  .  .  .  B  .\1
<  2\.  .  .  W  .  .  .  .  .  W  .\2
<   3\.  .  .  .  B  .  .  .  B  B  W\3
<    4\.  W  .  .  .  .  W  .  .  .  .\4
<     5\.  .  .  B  B  W  .  B  .  .  B\5
<      6\.  B  .  W  W  .  W  .  B  .  W\6
<       7\.  .  B  W  .  .  .  W  B  .  W\7
<        8\B  W  B  B  B  W  W  B  .  B  .\8
<         9\W  .  W  .  .  B  W  W  .  .  .\9
<         10\.  .  .  .  .  .  .  .  W  .  W\10
<          11\.  B  .  .  .  B  .  .  .  .  .\11
<              a  b  c  d  e  f  g  h  i  j  k  
<
>play w c6
<= 
<
>showboard
<= 
< 
<  830233c513ce9b69
<  a  b  c  d  e  f  g  h  i  j  k  
< 1\.  .  B  .  B  .  .  .  .  B  .\1
<  2\.  .  .  W  .  .  .  .  .  W  .\2
<   3\.  .  .  .  B  .  .  .  B  B  W\3
<    4\.  W  .  .  .  .  W  .  .  .  .\4
<     5\.  .  .  B  B  W  .  B  .  .  B\5
<      6\.  B  W  W  W  .  W  .  B  .  W\6
<       7\.  .  B  W  .  .  .  W  B  .  W\7
<        8\B  W  B  B  B  W  W  B  .  B  .\8
<         9\W  .  W  .  .  B  W  W  .  .  .\9
<         10\.  .  .  .  .  .  .  .  W  .  W\10
<          11\.  B  .  .  .  B  .  .  .  .  .\11
<              a  b  c  d  e  f  g  h  i  j  k  
<
>genmove b
<= b7
<
>showboard
4f9c7 info: Opponent has won; playing most blocking move.
<= 
< 
<  563f55a5d0d05548
<  a  b  c  d  e  f  g  h  i  j  k  
< 1\.  .  B  .  B  .  .  .  .  B  .\1
<  2\.  .  .  W  .  .  .  .  .  W  .\2
<   3\.  .  .  .  B  .  .  .  B  B  W\3
<    4\.  W  .  .  .  .  W  .  .  .  .\4
<     5\.  .  .  B  B  W  .  B  .  .  B\5
<      6\.  B  W  W  W  .  W  .  B  .  W\6
<       7\.  B  B  W  .  .  .  W  B  .  W\7
<        8\B  W  B  B  B  W  W  B  .  B  .\8
<         9\W  .  W  .  .  B  W  W  .  .  .\9
<         10\.  .  .  .  .  .  .  .  W  .  W\10
<          11\.  B  .  .  .  B  .  .  .  .  .\11
<              a  b  c  d  e  f  g  h  i  j  k  
<
>play w c5
<= 
<
>showboard
<= 
< 
<  117ddb3e3473ba28
<  a  b  c  d  e  f  g  h  i  j  k  
< 1\.  .  B  .  B  .  .  .  .  B  .\1
<  2\.  .  .  W  .  .  .  .  .  W  .\2
<   3\.  .  .  .  B  .  .  .  B  B  W\3
<    4\.  W  .  .  .  .  W  .  .  .  .\4
<     5\.  .  W  B  B  W  .  B  .  .  B\5
<      6\.  B  W  W  W  .  W  .  B  .  W\6
<       7\.  B  B  W  .  .  .  W  B  .  W\7
<        8\B  W  B  B  B  W  W  B  .  B  .\8
<         9\W  .  W  .  .  B  W  W  .  .  .\9
<         10\.  .  .  .  .  .  .  .  W  .  W\10
<          11\.  B  .  .  .  B  .  .  .  .  .\11
<              a  b  c  d  e  f  g  h  i  j  k  
<
>genmove b
<= h10
<
>showboard
4f9c7 info: Captured cells caused win! Removing...
4f9c7 info: Opponent has won; playing most blocking move.
<= 
< 
<  dd85d3350351b64a
<  a  b  c  d  e  f  g  h  i  j  k  
< 1\.  .  B  .  B  .  .  .  .  B  .\1
<  2\.  .  .  W  .  .  .  .  .  W  .\2
<   3\.  .  .  .  B  .  .  .  B  B  W\3
<    4\.  W  .  .  .  .  W  .  .  .  .\4
<     5\.  .  W  B  B  W  .  B  .  .  B\5
<      6\.  B  W  W  W  .  W  .  B  .  W\6
<       7\.  B  B  W  .  .  .  W  B  .  W\7
<        8\B  W  B  B  B  W  W  B  .  B  .\8
<         9\W  .  W  .  .  B  W  W  .  .  .\9
<         10\.  .  .  .  .  .  .  B  W  .  W\10
<          11\.  B  .  .  .  B  .  .  .  .  .\11
<              a  b  c  d  e  f  g  h  i  j  k  
<
>play w i9
<= 
<
>showboard
<= 
< 
<  813fe2efb9fe5538
<  a  b  c  d  e  f  g  h  i  j  k  
< 1\.  .  B  .  B  .  .  .  .  B  .\1
<  2\.  .  .  W  .  .  .  .  .  W  .\2
<   3\.  .  .  .  B  .  .  .  B  B  W\3
<    4\.  W  .  .  .  .  W  .  .  .  .\4
<     5\.  .  W  B  B  W  .  B  .  .  B\5
<      6\.  B  W  W  W  .  W  .  B  .  W\6
<       7\.  B  B  W  .  .  .  W  B  .  W\7
<        8\B  W  B  B  B  W  W  B  .  B  .\8
<         9\W  .  W  .  .  B  W  W  W  .  .\9
<         10\.  .  .  .  .  .  .  B  W  .  W\10
<          11\.  B  .  .  .  B  .  .  .  .  .\11
<              a  b  c  d  e  f  g  h  i  j  k  
<
>genmove b
<= k8
<
>showboard
4f9c7 info: Captured cells caused win! Removing...
4f9c7 info: Opponent has won; playing most blocking move.
<= 
< 
<  634561c662a1e8a6
<  a  b  c  d  e  f  g  h  i  j  k  
< 1\.  .  B  .  B  .  .  .  .  B  .\1
<  2\.  .  .  W  .  .  .  .  .  W  .\2
<   3\.  .  .  .  B  .  .  .  B  B  W\3
<    4\.  W  .  .  .  .  W  .  .  .  .\4
<     5\.  .  W  B  B  W  .  B  .  .  B\5
<      6\.  B  W  W  W  .  W  .  B  .  W\6
<       7\.  B  B  W  .  .  .  W  B  .  W\7
<        8\B  W  B  B  B  W  W  B  .  B  B\8
<         9\W  .  W  .  .  B  W  W  W  .  .\9
<         10\.  .  .  .  .  .  .  B  W  .  W\10
<          11\.  B  .  .  .  B  .  .  .  .  .\11
<              a  b  c  d  e  f  g  h  i  j  k  
<
>play w j10
<= 
<
>showboard
<= 
< 
<  406ae1d497d4dae1
<  a  b  c  d  e  f  g  h  i  j  k  
< 1\.  .  B  .  B  .  .  .  .  B  .\1
<  2\.  .  .  W  .  .  .  .  .  W  .\2
<   3\.  .  .  .  B  .  .  .  B  B  W\3
<    4\.  W  .  .  .  .  W  .  .  .  .\4
<     5\.  .  W  B  B  W  .  B  .  .  B\5
<      6\.  B  W  W  W  .  W  .  B  .  W\6
<       7\.  B  B  W  .  .  .  W  B  .  W\7
<        8\B  W  B  B  B  W  W  B  .  B  B\8
<         9\W  .  W  .  .  B  W  W  W  .  .\9
<         10\.  .  .  .  .  .  .  B  W  W  W\10
<          11\.  B  .  .  .  B  .  .  .  .  .\11
<              a  b  c  d  e  f  g  h  i  j  k  
<
>genmove b
<= a5
<
>showboard
4f9c7 info: Captured cells caused win! Removing...
4f9c7 info: Opponent has won; playing most blocking move.
<= 
< 
<  eddbe765e1716998
<  a  b  c  d  e  f  g  h  i  j  k  
< 1\.  .  B  .  B  .  .  .  .  B  .\1
<  2\.  .  .  W  .  .  .  .  .  W  .\2
<   3\.  .  .  .  B  .  .  .  B  B  W\3
<    4\.  W  .  .  .  .  W  .  .  .  .\4
<     5\B  .  W  B  B  W  .  B  .  .  B\5
<      6\.  B  W  W  W  .  W  .  B  .  W\6
<       7\.  B  B  W  .  .  .  W  B  .  W\7
<        8\B  W  B  B  B  W  W  B  .  B  B\8
<         9\W  .  W  .  .  B  W  W  W  .  .\9
<         10\.  .  .  .  .  .  .  B  W  W  W\10
<          11\.  B  .  .  .  B  .  .  .  .  .\11
<              a  b  c  d  e  f  g  h  i  j  k  
<
>play w a4
<= 
<
>showboard
<= 
< 
<  7111a7c2cd4a624d
<  a  b  c  d  e  f  g  h  i  j  k  
< 1\.  .  B  .  B  .  .  .  .  B  .\1
<  2\.  .  .  W  .  .  .  .  .  W  .\2
<   3\.  .  .  .  B  .  .  .  B  B  W\3
<    4\W  W  .  .  .  .  W  .  .  .  .\4
<     5\B  .  W  B  B  W  .  B  .  .  B\5
<      6\.  B  W  W  W  .  W  .  B  .  W\6
<       7\.  B  B  W  .  .  .  W  B  .  W\7
<        8\B  W  B  B  B  W  W  B  .  B  B\8
<         9\W  .  W  .  .  B  W  W  W  .  .\9
<         10\.  .  .  .  .  .  .  B  W  W  W\10
<          11\.  B  .  .  .  B  .  .  .  .  .\11
<              a  b  c  d  e  f  g  h  i  j  k  
<
>genmove b
<= c4
<
>showboard
4f9c7 info: Captured cells caused win! Removing...
4f9c7 info: Opponent has won; playing most blocking move.
<= 
< 
<  67e3ae4309a91bc5
<  a  b  c  d  e  f  g  h  i  j  k  
< 1\.  .  B  .  B  .  .  .  .  B  .\1
<  2\.  .  .  W  .  .  .  .  .  W  .\2
<   3\.  .  .  .  B  .  .  .  B  B  W\3
<    4\W  W  B  .  .  .  W  .  .  .  .\4
<     5\B  .  W  B  B  W  .  B  .  .  B\5
<      6\.  B  W  W  W  .  W  .  B  .  W\6
<       7\.  B  B  W  .  .  .  W  B  .  W\7
<        8\B  W  B  B  B  W  W  B  .  B  B\8
<         9\W  .  W  .  .  B  W  W  W  .  .\9
<         10\.  .  .  .  .  .  .  B  W  W  W\10
<          11\.  B  .  .  .  B  .  .  .  .  .\11
<              a  b  c  d  e  f  g  h  i  j  k  
<
>play w b5
<= 
<
>showboard
<= 
< 
<  c08fbafcd14246aa
<  a  b  c  d  e  f  g  h  i  j  k  
< 1\.  .  B  .  B  .  .  .  .  B  .\1
<  2\.  .  .  W  .  .  .  .  .  W  .\2
<   3\.  .  .  .  B  .  .  .  B  B  W\3
<    4\W  W  B  .  .  .  W  .  .  .  .\4
<     5\B  W  W  B  B  W  .  B  .  .  B\5
<      6\.  B  W  W  W  .  W  .  B  .  W\6
<       7\.  B  B  W  .  .  .  W  B  .  W\7
<        8\B  W  B  B  B  W  W  B  .  B  B\8
<         9\W  .  W  .  .  B  W  W  W  .  .\9
<         10\.  .  .  .  .  .  .  B  W  W  W\10
<          11\.  B  .  .  .  B  .  .  .  .  .\11
<              a  b  c  d  e  f  g  h  i  j  k  
<
>genmove b
<= f7
<
>showboard
4f9c7 info: Captured cells caused win! Removing...
4f9c7 info: Opponent has won; playing most blocking move.
<= 
< 
<  e34fb5f099e4fbff
<  a  b  c  d  e  f  g  h  i  j  k  
< 1\.  .  B  .  B  .  .  .  .  B  .\1
<  2\.  .  .  W  .  .  .  .  .  W  .\2
<   3\.  .  .  .  B  .  .  .  B  B  W\3
<    4\W  W  B  .  .  .  W  .  .  .  .\4
<     5\B  W  W  B  B  W  .  B  .  .  B\5
<      6\.  B  W  W  W  .  W  .  B  .  W\6
<       7\.  B  B  W  .  B  .  W  B  .  W\7
<        8\B  W  B  B  B  W  W  B  .  B  B\8
<         9\W  .  W  .  .  B  W  W  W  .  .\9
<         10\.  .  .  .  .  .  .  B  W  W  W\10
<          11\.  B  .  .  .  B  .  .  .  .  .\11
<              a  b  c  d  e  f  g  h  i  j  k  
<
>play w h6
<= 
<
>showboard
<= 
< 
<  e5853a079a99b581
<  a  b  c  d  e  f  g  h  i  j  k  
< 1\.  .  B  .  B  .  .  .  .  B  .\1
<  2\.  .  .  W  .  .  .  .  .  W  .\2
<   3\.  .  .  .  B  .  .  .  B  B  W\3
<    4\W  W  B  .  .  .  W  .  .  .  .\4
<     5\B  W  W  B  B  W  .  B  .  .  B\5
<      6\.  B  W  W  W  .  W  W  B  .  W\6
<       7\.  B  B  W  .  B  .  W  B  .  W\7
<        8\B  W  B  B  B  W  W  B  .  B  B\8
<         9\W  .  W  .  .  B  W  W  W  .  .\9
<         10\.  .  .  .  .  .  .  B  W  W  W\10
<          11\.  B  .  .  .  B  .  .  .  .  .\11
<              a  b  c  d  e  f  g  h  i  j  k  
<
>genmove b
<= g5
<
>showboard
4f9c7 info: Captured cells caused win! Removing...
4f9c7 info: Opponent has won; playing most blocking move.
<= 
< 
<  7d4895b12a98f960
<  a  b  c  d  e  f  g  h  i  j  k  
< 1\.  .  B  .  B  .  .  .  .  B  .\1
<  2\.  .  .  W  .  .  .  .  .  W  .\2
<   3\.  .  .  .  B  .  .  .  B  B  W\3
<    4\W  W  B  .  .  .  W  .  .  .  .\4
<     5\B  W  W  B  B  W  B  B  .  .  B\5
<      6\.  B  W  W  W  .  W  W  B  .  W\6
<       7\.  B  B  W  .  B  .  W  B  .  W\7
<        8\B  W  B  B  B  W  W  B  .  B  B\8
<         9\W  .  W  .  .  B  W  W  W  .  .\9
<         10\.  .  .  .  .  .  .  B  W  W  W\10
<          11\.  B  .  .  .  B  .  .  .  .  .\11
<              a  b  c  d  e  f  g  h  i  j  k  
<
>play w f6
<= 
<
>showboard
<= 
< 
<  e1d8832b054bb60f
<  a  b  c  d  e  f  g  h  i  j  k  
< 1\.  .  B  .  B  .  .  .  .  B  .\1
<  2\.  .  .  W  .  .  .  .  .  W  .\2
<   3\.  .  .  .  B  .  .  .  B  B  W\3
<    4\W  W  B  .  .  .  W  .  .  .  .\4
<     5\B  W  W  B  B  W  B  B  .  .  B\5
<      6\.  B  W  W  W  W  W  W  B  .  W\6
<       7\.  B  B  W  .  B  .  W  B  .  W\7
<        8\B  W  B  B  B  W  W  B  .  B  B\8
<         9\W  .  W  .  .  B  W  W  W  .  .\9
<         10\.  .  .  .  .  .  .  B  W  W  W\10
<          11\.  B  .  .  .  B  .  .  .  .  .\11
<              a  b  c  d  e  f  g  h  i  j  k  
<
>genmove b
<= resign
<
>showboard
<= 
< 
<  e1d8832b054bb60f
<  a  b  c  d  e  f  g  h  i  j  k  
< 1\.  .  B  .  B  .  .  .  .  B  .\1
<  2\.  .  .  W  .  .  .  .  .  W  .\2
<   3\.  .  .  .  B  .  .  .  B  B  W\3
<    4\W  W  B  .  .  .  W  .  .  .  .\4
<     5\B  W  W  B  B  W  B  B  .  .  B\5
<      6\.  B  W  W  W  W  W  W  B  .  W\6
<       7\.  B  B  W  .  B  .  W  B  .  W\7
<        8\B  W  B  B  B  W  W  B  .  B  B\8
<         9\W  .  W  .  .  B  W  W  W  .  .\9
<         10\.  .  .  .  .  .  .  B  W  W  W\10
<          11\.  B  .  .  .  B  .  .  .  .  .\11
<              a  b  c  d  e  f  g  h  i  j  k  
<
>final_score
<= W+
<
>quit
<= 
<
