# nice ../build/src/mohex/mohex --config mohex-weak.htp --seed 901940 --logfile-name jobs/11x11-mohex-mohex-cg2010-vs-mohex-mohex-weak-3/mohex-mohex-weak-243.log
>boardsize 11 11
<= 
<
>name
MoHex 2.0.CMake Mar 21 2025
Copyright (C) 2007-2012 by the authors of the Benzene project.
This program comes with ABSOLUTELY NO WARRANTY. This is
free software and you are welcome to redistribute it under
certain conditions. Type `benzene-license' for details.

SgRandom::SetSeed: 901940
SgUctSearch: system memory 33632358400, using 1000000000 (5681818 nodes)
SgRandom::SetSeed: 1
SgRandom::SetSeed: 901940
cb5d7 info: Prior Patterns:
cb5d7 info: Global:
cb5d7 info: Size            = 565 32648 
cb5d7 info: TableEntries    = 65932 65910
cb5d7 info: MirrorsAdded    = 0 0
cb5d7 info: PrunableCount   = 30593 30629
cb5d7 info: LargestGamma    = 5820.77
cb5d7 info: SmallestGamma   = 6.6e-05
cb5d7 info: Local:
cb5d7 info: Size            = 550 5318 
cb5d7 info: TableEntries    = 11602 11588
cb5d7 info: MirrorsAdded    = 0 0
cb5d7 info: PrunableCount   = 3659 3667
cb5d7 info: LargestGamma    = 11281.8
cb5d7 info: SmallestGamma   = 0.026235
cb5d7 info: Playout Patterns:
cb5d7 info: Global:
cb5d7 info: Size            = 565 32648 
cb5d7 info: TableEntries    = 70329 70329
cb5d7 info: MirrorsAdded    = 4397 4419
cb5d7 info: PrunableCount   = 30593 30629
cb5d7 info: LargestGamma    = 5820.77
cb5d7 info: SmallestGamma   = 6.6e-05
cb5d7 info: Local:
cb5d7 info: Size            = 550 5318 
cb5d7 info: TableEntries    = 11602 11588
cb5d7 info: MirrorsAdded    = 0 0
cb5d7 info: PrunableCount   = 3659 3667
cb5d7 info: LargestGamma    = 11281.8
cb5d7 info: SmallestGamma   = 0.026235
param_game allow_swap 1
= 

param_mohex max_memory 1600000
= 

param_mohex num_threads 1
= 

param_mohex max_time 1
= 

param_mohex max_games 1
= 

param_mohex knowledge_threshold 400
= 

param_mohex reuse_subtree 1
= 

param_mohex use_parallel_solver 0
= 

<= MoHex
<
>version
<= 2.0.CMake
<
>play b a1
<= 
<
>showboard
<= 
< 
<  0523bfb43e6bc35d
<  a  b  c  d  e  f  g  h  i  j  k  
< 1\B  .  .  .  .  .  .  .  .  .  .\1
<  2\.  .  .  .  .  .  .  .  .  .  .\2
<   3\.  .  .  .  .  .  .  .  .  .  .\3
<    4\.  .  .  .  .  .  .  .  .  .  .\4
<     5\.  .  .  .  .  .  .  .  .  .  .\5
<      6\.  .  .  .  .  .  .  .  .  .  .\6
<       7\.  .  .  .  .  .  .  .  .  .  .\7
<        8\.  .  .  .  .  .  .  .  .  .  .\8
<         9\.  .  .  .  .  .  .  .  .  .  .\9
<         10\.  .  .  .  .  .  .  .  .  .  .\10
<          11\.  .  .  .  .  .  .  .  .  .  .\11
<              a  b  c  d  e  f  g  h  i  j  k  
<
>play w j7
<= 
<
>showboard
<= 
< 
<  7e1eb0cbdcf35248
<  a  b  c  d  e  f  g  h  i  j  k  
< 1\B  .  .  .  .  .  .  .  .  .  .\1
<  2\.  .  .  .  .  .  .  .  .  .  .\2
<   3\.  .  .  .  .  .  .  .  .  .  .\3
<    4\.  .  .  .  .  .  .  .  .  .  .\4
<     5\.  .  .  .  .  .  .  .  .  .  .\5
<      6\.  .  .  .  .  .  .  .  .  .  .\6
<       7\.  .  .  .  .  .  .  .  .  W  .\7
<        8\.  .  .  .  .  .  .  .  .  .  .\8
<         9\.  .  .  .  .  .  .  .  .  .  .\9
<         10\.  .  .  .  .  .  .  .  .  .  .\10
<          11\.  .  .  .  .  .  .  .  .  .  .\11
<              a  b  c  d  e  f  g  h  i  j  k  
<
>genmove b
<= f4
<
>showboard
cb5d7 info: Best move cannot be determined, must search state.
cb5d7 info: --- MoHexPlayer::Search() ---
cb5d7 info: Color: black
cb5d7 info: MaxGames: 1
cb5d7 info: NumberThreads: 1
cb5d7 info: MaxNodes: 9090 (799920 bytes)
cb5d7 info: TimeForMove: 1
cb5d7 info: PreSearch: max time reached (59/87).
cb5d7 info: Time for PreSearch: 0.201611s
cb5d7 info: 
  7e1eb0cbdcf35248
  a  b  c  d  e  f  g  h  i  j  k  
 1\B  b  .  .  .  .  .  .  .  .  .\1
  2\.  *  *  *  *  *  *  *  *  *  *\2
   3\*  *  *  *  *  *  *  *  *  *  *\3
    4\*  *  *  *  *  *  *  *  *  *  .\4
     5\*  *  *  *  *  *  *  *  *  *  w\5
      6\*  *  *  *  *  *  *  *  *  .  w\6
       7\*  *  *  *  *  *  *  *  *  W  w\7
        8\*  *  *  *  *  *  *  *  *  .  w\8
         9\*  *  *  *  *  *  *  *  *  *  .\9
         10\*  *  *  *  *  *  *  *  *  .  .\10
          11\.  .  .  .  .  .  .  .  .  .  .\11
              a  b  c  d  e  f  g  h  i  j  k  
cb5d7 info: No subtree to reuse.
cb5d7 info: Creating thread 0
cb5d7 info: StartSearch()[0]
SgUctSearch: max games reached
cb5d7 info: 
Elapsed Time   0.356615s
Count          1
GamesPlayed    1
Nodes          1
Knowledge      0 (0.0%)
Expansions     0.0
Time           0.00
GameLen        114.0 dev=0.0 min=114.0 max=114.0
InTree         0.0 dev=0.0 min=0.0 max=0.0
KnowDepth      -
Aborted        0%
Games/s        378.9
Score          1.00
Sequence      
cb5d7 info: 
cb5d7 warning: **** MoHexSearch returned empty sequence!
cb5d7 warning: **** Returning random move!
<= 
< 
<  64c08e8d34675128
<  a  b  c  d  e  f  g  h  i  j  k  
< 1\B  .  .  .  .  .  .  .  .  .  .\1
<  2\.  .  .  .  .  .  .  .  .  .  .\2
<   3\.  .  .  .  .  .  .  .  .  .  .\3
<    4\.  .  .  .  .  B  .  .  .  .  .\4
<     5\.  .  .  .  .  .  .  .  .  .  .\5
<      6\.  .  .  .  .  .  .  .  .  .  .\6
<       7\.  .  .  .  .  .  .  .  .  W  .\7
<        8\.  .  .  .  .  .  .  .  .  .  .\8
<         9\.  .  .  .  .  .  .  .  .  .  .\9
<         10\.  .  .  .  .  .  .  .  .  .  .\10
<          11\.  .  .  .  .  .  .  .  .  .  .\11
<              a  b  c  d  e  f  g  h  i  j  k  
<
>play w b6
<= 
<
>showboard
<= 
< 
<  79665cc4fcb0b517
<  a  b  c  d  e  f  g  h  i  j  k  
< 1\B  .  .  .  .  .  .  .  .  .  .\1
<  2\.  .  .  .  .  .  .  .  .  .  .\2
<   3\.  .  .  .  .  .  .  .  .  .  .\3
<    4\.  .  .  .  .  B  .  .  .  .  .\4
<     5\.  .  .  .  .  .  .  .  .  .  .\5
<      6\.  W  .  .  .  .  .  .  .  .  .\6
<       7\.  .  .  .  .  .  .  .  .  W  .\7
<        8\.  .  .  .  .  .  .  .  .  .  .\8
<         9\.  .  .  .  .  .  .  .  .  .  .\9
<         10\.  .  .  .  .  .  .  .  .  .  .\10
<          11\.  .  .  .  .  .  .  .  .  .  .\11
<              a  b  c  d  e  f  g  h  i  j  k  
<
>genmove b
<= e8
<
>showboard
cb5d7 info: Best move cannot be determined, must search state.
cb5d7 info: --- MoHexPlayer::Search() ---
cb5d7 info: Color: black
cb5d7 info: MaxGames: 1
cb5d7 info: NumberThreads: 1
cb5d7 info: MaxNodes: 9090 (799920 bytes)
cb5d7 info: TimeForMove: 1
cb5d7 info: PreSearch: max time reached (41/77).
cb5d7 info: Time for PreSearch: 0.202205s
cb5d7 info: 
  79665cc4fcb0b517
  a  b  c  d  e  f  g  h  i  j  k  
 1\B  b  .  .  .  .  .  .  .  .  .\1
  2\.  *  *  *  *  *  *  *  *  *  *\2
   3\*  *  *  *  *  *  *  *  *  *  *\3
    4\.  *  *  *  *  B  *  *  *  *  .\4
     5\w  .  *  *  *  *  *  *  *  *  w\5
      6\w  W  *  *  *  *  *  *  *  .  w\6
       7\w  .  *  *  *  *  *  *  *  W  w\7
        8\w  *  *  *  *  *  *  *  *  .  w\8
         9\.  *  *  *  *  *  *  *  *  *  .\9
         10\*  *  *  *  *  *  *  *  *  .  .\10
          11\.  .  .  .  .  .  .  .  .  .  .\11
              a  b  c  d  e  f  g  h  i  j  k  
cb5d7 info: Old: [black, a1] [white, j7] 
cb5d7 info: New: [black, a1] [white, j7] [black, f4] [white, b6] 
cb5d7 info: MovesPlayed: [black, f4] [white, b6] 
cb5d7 info: No subtree to reuse.
cb5d7 info: StartSearch()[0]
SgUctSearch: max games reached
cb5d7 info: 
Elapsed Time   0.344918s
Count          1
GamesPlayed    1
Nodes          1
Knowledge      0 (0.0%)
Expansions     0.0
Time           0.00
GameLen        108.0 dev=0.0 min=108.0 max=108.0
InTree         0.0 dev=0.0 min=0.0 max=0.0
KnowDepth      -
Aborted        0%
Games/s        3215.4
Score          1.00
Sequence      
cb5d7 info: 
cb5d7 warning: **** MoHexSearch returned empty sequence!
cb5d7 warning: **** Returning random move!
<= 
< 
<  905e259c64643a6a
<  a  b  c  d  e  f  g  h  i  j  k  
< 1\B  .  .  .  .  .  .  .  .  .  .\1
<  2\.  .  .  .  .  .  .  .  .  .  .\2
<   3\.  .  .  .  .  .  .  .  .  .  .\3
<    4\.  .  .  .  .  B  .  .  .  .  .\4
<     5\.  .  .  .  .  .  .  .  .  .  .\5
<      6\.  W  .  .  .  .  .  .  .  .  .\6
<       7\.  .  .  .  .  .  .  .  .  W  .\7
<        8\.  .  .  .  B  .  .  .  .  .  .\8
<         9\.  .  .  .  .  .  .  .  .  .  .\9
<         10\.  .  .  .  .  .  .  .  .  .  .\10
<          11\.  .  .  .  .  .  .  .  .  .  .\11
<              a  b  c  d  e  f  g  h  i  j  k  
<
>play w i4
<= 
<
>showboard
<= 
< 
<  028ac3a13b0e4e18
<  a  b  c  d  e  f  g  h  i  j  k  
< 1\B  .  .  .  .  .  .  .  .  .  .\1
<  2\.  .  .  .  .  .  .  .  .  .  .\2
<   3\.  .  .  .  .  .  .  .  .  .  .\3
<    4\.  .  .  .  .  B  .  .  W  .  .\4
<     5\.  .  .  .  .  .  .  .  .  .  .\5
<      6\.  W  .  .  .  .  .  .  .  .  .\6
<       7\.  .  .  .  .  .  .  .  .  W  .\7
<        8\.  .  .  .  B  .  .  .  .  .  .\8
<         9\.  .  .  .  .  .  .  .  .  .  .\9
<         10\.  .  .  .  .  .  .  .  .  .  .\10
<          11\.  .  .  .  .  .  .  .  .  .  .\11
<              a  b  c  d  e  f  g  h  i  j  k  
<
>genmove b
<= e1
<
>showboard
cb5d7 info: Best move cannot be determined, must search state.
cb5d7 info: --- MoHexPlayer::Search() ---
cb5d7 info: Color: black
cb5d7 info: MaxGames: 1
cb5d7 info: NumberThreads: 1
cb5d7 info: MaxNodes: 9090 (799920 bytes)
cb5d7 info: TimeForMove: 1
cb5d7 info: PreSearch: max time reached (19/75).
cb5d7 info: Time for PreSearch: 0.201801s
cb5d7 info: 
  028ac3a13b0e4e18
  a  b  c  d  e  f  g  h  i  j  k  
 1\B  b  .  .  .  .  .  .  .  .  .\1
  2\.  *  *  *  *  *  *  *  *  *  *\2
   3\*  *  *  *  *  *  *  *  *  *  *\3
    4\.  *  *  *  *  B  *  *  W  *  .\4
     5\w  .  *  *  *  *  *  *  *  *  w\5
      6\w  W  *  *  *  *  *  *  *  .  w\6
       7\w  .  *  *  *  *  *  *  *  W  w\7
        8\w  *  *  *  B  *  *  *  *  .  w\8
         9\.  *  *  *  *  *  *  *  *  *  .\9
         10\*  *  *  *  *  *  *  *  *  .  .\10
          11\.  .  .  .  .  .  .  .  .  .  .\11
              a  b  c  d  e  f  g  h  i  j  k  
cb5d7 info: Old: [black, a1] [white, j7] [black, f4] [white, b6] 
cb5d7 info: New: [black, a1] [white, j7] [black, f4] [white, b6] [black, e8] [white, i4] 
cb5d7 info: MovesPlayed: [black, e8] [white, i4] 
cb5d7 info: No subtree to reuse.
cb5d7 info: StartSearch()[0]
SgUctSearch: max games reached
cb5d7 info: 
Elapsed Time   0.344857s
Count          1
GamesPlayed    1
Nodes          1
Knowledge      0 (0.0%)
Expansions     0.0
Time           0.00
GameLen        106.0 dev=0.0 min=106.0 max=106.0
InTree         0.0 dev=0.0 min=0.0 max=0.0
KnowDepth      -
Aborted        0%
Games/s        3021.1
Score          0.00
Sequence      
cb5d7 info: 
cb5d7 warning: **** MoHexSearch returned empty sequence!
cb5d7 warning: **** Returning random move!
<= 
< 
<  5a67f0635a03f2a5
<  a  b  c  d  e  f  g  h  i  j  k  
< 1\B  .  .  .  B  .  .  .  .  .  .\1
<  2\.  .  .  .  .  .  .  .  .  .  .\2
<   3\.  .  .  .  .  .  .  .  .  .  .\3
<    4\.  .  .  .  .  B  .  .  W  .  .\4
<     5\.  .  .  .  .  .  .  .  .  .  .\5
<      6\.  W  .  .  .  .  .  .  .  .  .\6
<       7\.  .  .  .  .  .  .  .  .  W  .\7
<        8\.  .  .  .  B  .  .  .  .  .  .\8
<         9\.  .  .  .  .  .  .  .  .  .  .\9
<         10\.  .  .  .  .  .  .  .  .  .  .\10
<          11\.  .  .  .  .  .  .  .  .  .  .\11
<              a  b  c  d  e  f  g  h  i  j  k  
<
>play w a3
<= 
<
>showboard
<= 
< 
<  13fe89b4556d7a4b
<  a  b  c  d  e  f  g  h  i  j  k  
< 1\B  .  .  .  B  .  .  .  .  .  .\1
<  2\.  .  .  .  .  .  .  .  .  .  .\2
<   3\W  .  .  .  .  .  .  .  .  .  .\3
<    4\.  .  .  .  .  B  .  .  W  .  .\4
<     5\.  .  .  .  .  .  .  .  .  .  .\5
<      6\.  W  .  .  .  .  .  .  .  .  .\6
<       7\.  .  .  .  .  .  .  .  .  W  .\7
<        8\.  .  .  .  B  .  .  .  .  .  .\8
<         9\.  .  .  .  .  .  .  .  .  .  .\9
<         10\.  .  .  .  .  .  .  .  .  .  .\10
<          11\.  .  .  .  .  .  .  .  .  .  .\11
<              a  b  c  d  e  f  g  h  i  j  k  
<
>genmove b
<= k3
<
>showboard
cb5d7 info: Best move cannot be determined, must search state.
cb5d7 info: --- MoHexPlayer::Search() ---
cb5d7 info: Color: black
cb5d7 info: MaxGames: 1
cb5d7 info: NumberThreads: 1
cb5d7 info: MaxNodes: 9090 (799920 bytes)
cb5d7 info: TimeForMove: 1
cb5d7 info: PreSearch: max time reached (21/70).
cb5d7 info: Time for PreSearch: 0.201439s
cb5d7 info: 
  13fe89b4556d7a4b
  a  b  c  d  e  f  g  h  i  j  k  
 1\B  b  b  b  B  .  .  .  .  .  .\1
  2\b  .  .  .  *  *  *  *  *  *  *\2
   3\W  .  *  *  *  *  *  *  *  *  *\3
    4\w  *  *  *  *  B  *  *  W  *  .\4
     5\w  .  *  *  *  *  *  *  *  *  w\5
      6\w  W  *  *  *  *  *  *  *  .  w\6
       7\w  .  *  *  *  *  *  *  *  W  w\7
        8\w  *  *  *  B  *  *  *  *  .  w\8
         9\.  *  *  *  *  *  *  *  *  *  .\9
         10\*  *  *  *  *  *  *  *  *  .  .\10
          11\.  .  .  .  .  .  .  .  .  .  .\11
              a  b  c  d  e  f  g  h  i  j  k  
cb5d7 info: Old: [black, a1] [white, j7] [black, f4] [white, b6] [black, e8] [white, i4] 
cb5d7 info: New: [black, a1] [white, j7] [black, f4] [white, b6] [black, e8] [white, i4] [black, e1] [white, a3] 
cb5d7 info: MovesPlayed: [black, e1] [white, a3] 
cb5d7 info: No subtree to reuse.
cb5d7 info: StartSearch()[0]
SgUctSearch: max games reached
cb5d7 info: 
Elapsed Time   0.377181s
Count          1
GamesPlayed    1
Nodes          1
Knowledge      0 (0.0%)
Expansions     0.0
Time           0.00
GameLen        100.0 dev=0.0 min=100.0 max=100.0
InTree         0.0 dev=0.0 min=0.0 max=0.0
KnowDepth      -
Aborted        0%
Games/s        2611.0
Score          1.00
Sequence      
cb5d7 info: 
cb5d7 warning: **** MoHexSearch returned empty sequence!
cb5d7 warning: **** Returning random move!
<= 
< 
<  50a39d99a5021043
<  a  b  c  d  e  f  g  h  i  j  k  
< 1\B  .  .  .  B  .  .  .  .  .  .\1
<  2\.  .  .  .  .  .  .  .  .  .  .\2
<   3\W  .  .  .  .  .  .  .  .  .  B\3
<    4\.  .  .  .  .  B  .  .  W  .  .\4
<     5\.  .  .  .  .  .  .  .  .  .  .\5
<      6\.  W  .  .  .  .  .  .  .  .  .\6
<       7\.  .  .  .  .  .  .  .  .  W  .\7
<        8\.  .  .  .  B  .  .  .  .  .  .\8
<         9\.  .  .  .  .  .  .  .  .  .  .\9
<         10\.  .  .  .  .  .  .  .  .  .  .\10
<          11\.  .  .  .  .  .  .  .  .  .  .\11
<              a  b  c  d  e  f  g  h  i  j  k  
<
>play w d6
<= 
<
>showboard
<= 
< 
<  55c6e7be6e80ce30
<  a  b  c  d  e  f  g  h  i  j  k  
< 1\B  .  .  .  B  .  .  .  .  .  .\1
<  2\.  .  .  .  .  .  .  .  .  .  .\2
<   3\W  .  .  .  .  .  .  .  .  .  B\3
<    4\.  .  .  .  .  B  .  .  W  .  .\4
<     5\.  .  .  .  .  .  .  .  .  .  .\5
<      6\.  W  .  W  .  .  .  .  .  .  .\6
<       7\.  .  .  .  .  .  .  .  .  W  .\7
<        8\.  .  .  .  B  .  .  .  .  .  .\8
<         9\.  .  .  .  .  .  .  .  .  .  .\9
<         10\.  .  .  .  .  .  .  .  .  .  .\10
<          11\.  .  .  .  .  .  .  .  .  .  .\11
<              a  b  c  d  e  f  g  h  i  j  k  
<
>genmove b
<= e6
<
>showboard
cb5d7 info: Best move cannot be determined, must search state.
cb5d7 info: --- MoHexPlayer::Search() ---
cb5d7 info: Color: black
cb5d7 info: MaxGames: 1
cb5d7 info: NumberThreads: 1
cb5d7 info: MaxNodes: 9090 (799920 bytes)
cb5d7 info: TimeForMove: 1
cb5d7 info: Time for PreSearch: 0.178036s
cb5d7 info: 
  55c6e7be6e80ce30
  a  b  c  d  e  f  g  h  i  j  k  
 1\B  b  b  b  B  .  .  .  .  .  .\1
  2\b  .  .  .  .  .  .  .  .  *  .\2
   3\W  .  .  .  .  .  .  .  *  .  B\3
    4\w  .  .  .  .  B  .  *  W  .  .\4
     5\w  .  .  .  .  .  *  *  *  *  w\5
      6\w  W  *  W  *  *  *  *  *  .  w\6
       7\w  .  *  *  *  *  *  *  *  W  w\7
        8\w  *  *  *  B  .  *  *  *  .  w\8
         9\.  *  *  .  .  .  .  .  .  .  .\9
         10\*  *  .  .  .  .  .  .  .  .  .\10
          11\.  .  .  .  .  .  .  .  .  .  .\11
              a  b  c  d  e  f  g  h  i  j  k  
cb5d7 info: Old: [black, a1] [white, j7] [black, f4] [white, b6] [black, e8] [white, i4] [black, e1] [white, a3] 
cb5d7 info: New: [black, a1] [white, j7] [black, f4] [white, b6] [black, e8] [white, i4] [black, e1] [white, a3] [black, k3] [white, d6] 
cb5d7 info: MovesPlayed: [black, k3] [white, d6] 
cb5d7 info: No subtree to reuse.
cb5d7 info: StartSearch()[0]
SgUctSearch: max games reached
cb5d7 info: 
Elapsed Time   0.330442s
Count          1
GamesPlayed    1
Nodes          1
Knowledge      0 (0.0%)
Expansions     0.0
Time           0.00
GameLen        98.0 dev=0.0 min=98.0 max=98.0
InTree         0.0 dev=0.0 min=0.0 max=0.0
KnowDepth      -
Aborted        0%
Games/s        3236.2
Score          0.00
Sequence      
cb5d7 info: 
cb5d7 warning: **** MoHexSearch returned empty sequence!
cb5d7 warning: **** Returning random move!
<= 
< 
<  58519e5ae7861070
<  a  b  c  d  e  f  g  h  i  j  k  
< 1\B  .  .  .  B  .  .  .  .  .  .\1
<  2\.  .  .  .  .  .  .  .  .  .  .\2
<   3\W  .  .  .  .  .  .  .  .  .  B\3
<    4\.  .  .  .  .  B  .  .  W  .  .\4
<     5\.  .  .  .  .  .  .  .  .  .  .\5
<      6\.  W  .  W  B  .  .  .  .  .  .\6
<       7\.  .  .  .  .  .  .  .  .  W  .\7
<        8\.  .  .  .  B  .  .  .  .  .  .\8
<         9\.  .  .  .  .  .  .  .  .  .  .\9
<         10\.  .  .  .  .  .  .  .  .  .  .\10
<          11\.  .  .  .  .  .  .  .  .  .  .\11
<              a  b  c  d  e  f  g  h  i  j  k  
<
>play w i5
<= 
<
>showboard
<= 
< 
<  226b7dcc38693486
<  a  b  c  d  e  f  g  h  i  j  k  
< 1\B  .  .  .  B  .  .  .  .  .  .\1
<  2\.  .  .  .  .  .  .  .  .  .  .\2
<   3\W  .  .  .  .  .  .  .  .  .  B\3
<    4\.  .  .  .  .  B  .  .  W  .  .\4
<     5\.  .  .  .  .  .  .  .  W  .  .\5
<      6\.  W  .  W  B  .  .  .  .  .  .\6
<       7\.  .  .  .  .  .  .  .  .  W  .\7
<        8\.  .  .  .  B  .  .  .  .  .  .\8
<         9\.  .  .  .  .  .  .  .  .  .  .\9
<         10\.  .  .  .  .  .  .  .  .  .  .\10
<          11\.  .  .  .  .  .  .  .  .  .  .\11
<              a  b  c  d  e  f  g  h  i  j  k  
<
>genmove b
<= d8
<
>showboard
cb5d7 info: Winning SC.
<= 
< 
<  6290e807297a1f69
<  a  b  c  d  e  f  g  h  i  j  k  
< 1\B  .  .  .  B  .  .  .  .  .  .\1
<  2\.  .  .  .  .  .  .  .  .  .  .\2
<   3\W  .  .  .  .  .  .  .  .  .  B\3
<    4\.  .  .  .  .  B  .  .  W  .  .\4
<     5\.  .  .  .  .  .  .  .  W  .  .\5
<      6\.  W  .  W  B  .  .  .  .  .  .\6
<       7\.  .  .  .  .  .  .  .  .  W  .\7
<        8\.  .  .  B  B  .  .  .  .  .  .\8
<         9\.  .  .  .  .  .  .  .  .  .  .\9
<         10\.  .  .  .  .  .  .  .  .  .  .\10
<          11\.  .  .  .  .  .  .  .  .  .  .\11
<              a  b  c  d  e  f  g  h  i  j  k  
<
>play w e5
<= 
<
>showboard
<= 
< 
<  fc6654408145e220
<  a  b  c  d  e  f  g  h  i  j  k  
< 1\B  .  .  .  B  .  .  .  .  .  .\1
<  2\.  .  .  .  .  .  .  .  .  .  .\2
<   3\W  .  .  .  .  .  .  .  .  .  B\3
<    4\.  .  .  .  .  B  .  .  W  .  .\4
<     5\.  .  .  .  W  .  .  .  W  .  .\5
<      6\.  W  .  W  B  .  .  .  .  .  .\6
<       7\.  .  .  .  .  .  .  .  .  W  .\7
<        8\.  .  .  B  B  .  .  .  .  .  .\8
<         9\.  .  .  .  .  .  .  .  .  .  .\9
<         10\.  .  .  .  .  .  .  .  .  .  .\10
<          11\.  .  .  .  .  .  .  .  .  .  .\11
<              a  b  c  d  e  f  g  h  i  j  k  
<
>genmove b
<= f5
<
>showboard
cb5d7 info: Winning SC.
<= 
< 
<  13ea3d36375ebbd9
<  a  b  c  d  e  f  g  h  i  j  k  
< 1\B  .  .  .  B  .  .  .  .  .  .\1
<  2\.  .  .  .  .  .  .  .  .  .  .\2
<   3\W  .  .  .  .  .  .  .  .  .  B\3
<    4\.  .  .  .  .  B  .  .  W  .  .\4
<     5\.  .  .  .  W  B  .  .  W  .  .\5
<      6\.  W  .  W  B  .  .  .  .  .  .\6
<       7\.  .  .  .  .  .  .  .  .  W  .\7
<        8\.  .  .  B  B  .  .  .  .  .  .\8
<         9\.  .  .  .  .  .  .  .  .  .  .\9
<         10\.  .  .  .  .  .  .  .  .  .  .\10
<          11\.  .  .  .  .  .  .  .  .  .  .\11
<              a  b  c  d  e  f  g  h  i  j  k  
<
>play w g1
<= 
<
>showboard
<= 
< 
<  b3b331dc4de0cf2a
<  a  b  c  d  e  f  g  h  i  j  k  
< 1\B  .  .  .  B  .  W  .  .  .  .\1
<  2\.  .  .  .  .  .  .  .  .  .  .\2
<   3\W  .  .  .  .  .  .  .  .  .  B\3
<    4\.  .  .  .  .  B  .  .  W  .  .\4
<     5\.  .  .  .  W  B  .  .  W  .  .\5
<      6\.  W  .  W  B  .  .  .  .  .  .\6
<       7\.  .  .  .  .  .  .  .  .  W  .\7
<        8\.  .  .  B  B  .  .  .  .  .  .\8
<         9\.  .  .  .  .  .  .  .  .  .  .\9
<         10\.  .  .  .  .  .  .  .  .  .  .\10
<          11\.  .  .  .  .  .  .  .  .  .  .\11
<              a  b  c  d  e  f  g  h  i  j  k  
<
>genmove b
<= g2
<
>showboard
cb5d7 info: Winning SC.
<= 
< 
<  1690ea72568ca278
<  a  b  c  d  e  f  g  h  i  j  k  
< 1\B  .  .  .  B  .  W  .  .  .  .\1
<  2\.  .  .  .  .  .  B  .  .  .  .\2
<   3\W  .  .  .  .  .  .  .  .  .  B\3
<    4\.  .  .  .  .  B  .  .  W  .  .\4
<     5\.  .  .  .  W  B  .  .  W  .  .\5
<      6\.  W  .  W  B  .  .  .  .  .  .\6
<       7\.  .  .  .  .  .  .  .  .  W  .\7
<        8\.  .  .  B  B  .  .  .  .  .  .\8
<         9\.  .  .  .  .  .  .  .  .  .  .\9
<         10\.  .  .  .  .  .  .  .  .  .  .\10
<          11\.  .  .  .  .  .  .  .  .  .  .\11
<              a  b  c  d  e  f  g  h  i  j  k  
<
>play w f3
<= 
<
>showboard
<= 
< 
<  524f1c48a56c6ad5
<  a  b  c  d  e  f  g  h  i  j  k  
< 1\B  .  .  .  B  .  W  .  .  .  .\1
<  2\.  .  .  .  .  .  B  .  .  .  .\2
<   3\W  .  .  .  .  W  .  .  .  .  B\3
<    4\.  .  .  .  .  B  .  .  W  .  .\4
<     5\.  .  .  .  W  B  .  .  W  .  .\5
<      6\.  W  .  W  B  .  .  .  .  .  .\6
<       7\.  .  .  .  .  .  .  .  .  W  .\7
<        8\.  .  .  B  B  .  .  .  .  .  .\8
<         9\.  .  .  .  .  .  .  .  .  .  .\9
<         10\.  .  .  .  .  .  .  .  .  .  .\10
<          11\.  .  .  .  .  .  .  .  .  .  .\11
<              a  b  c  d  e  f  g  h  i  j  k  
<
>genmove b
<= g3
<
>showboard
cb5d7 info: Winning SC.
<= 
< 
<  e1193ef2c03a3ca3
<  a  b  c  d  e  f  g  h  i  j  k  
< 1\B  .  .  .  B  .  W  .  .  .  .\1
<  2\.  .  .  .  .  .  B  .  .  .  .\2
<   3\W  .  .  .  .  W  B  .  .  .  B\3
<    4\.  .  .  .  .  B  .  .  W  .  .\4
<     5\.  .  .  .  W  B  .  .  W  .  .\5
<      6\.  W  .  W  B  .  .  .  .  .  .\6
<       7\.  .  .  .  .  .  .  .  .  W  .\7
<        8\.  .  .  B  B  .  .  .  .  .  .\8
<         9\.  .  .  .  .  .  .  .  .  .  .\9
<         10\.  .  .  .  .  .  .  .  .  .  .\10
<          11\.  .  .  .  .  .  .  .  .  .  .\11
<              a  b  c  d  e  f  g  h  i  j  k  
<
>play w e7
<= 
<
>showboard
<= 
< 
<  f9a059b252f16650
<  a  b  c  d  e  f  g  h  i  j  k  
< 1\B  .  .  .  B  .  W  .  .  .  .\1
<  2\.  .  .  .  .  .  B  .  .  .  .\2
<   3\W  .  .  .  .  W  B  .  .  .  B\3
<    4\.  .  .  .  .  B  .  .  W  .  .\4
<     5\.  .  .  .  W  B  .  .  W  .  .\5
<      6\.  W  .  W  B  .  .  .  .  .  .\6
<       7\.  .  .  .  W  .  .  .  .  W  .\7
<        8\.  .  .  B  B  .  .  .  .  .  .\8
<         9\.  .  .  .  .  .  .  .  .  .  .\9
<         10\.  .  .  .  .  .  .  .  .  .  .\10
<          11\.  .  .  .  .  .  .  .  .  .  .\11
<              a  b  c  d  e  f  g  h  i  j  k  
<
>genmove b
<= d7
<
>showboard
cb5d7 info: Winning SC.
<= 
< 
<  00a46ac4efb10980
<  a  b  c  d  e  f  g  h  i  j  k  
< 1\B  .  .  .  B  .  W  .  .  .  .\1
<  2\.  .  .  .  .  .  B  .  .  .  .\2
<   3\W  .  .  .  .  W  B  .  .  .  B\3
<    4\.  .  .  .  .  B  .  .  W  .  .\4
<     5\.  .  .  .  W  B  .  .  W  .  .\5
<      6\.  W  .  W  B  .  .  .  .  .  .\6
<       7\.  .  .  B  W  .  .  .  .  W  .\7
<        8\.  .  .  B  B  .  .  .  .  .  .\8
<         9\.  .  .  .  .  .  .  .  .  .  .\9
<         10\.  .  .  .  .  .  .  .  .  .  .\10
<          11\.  .  .  .  .  .  .  .  .  .  .\11
<              a  b  c  d  e  f  g  h  i  j  k  
<
>play w e2
<= 
<
>showboard
<= 
< 
<  0356c5eb1b6e3712
<  a  b  c  d  e  f  g  h  i  j  k  
< 1\B  .  .  .  B  .  W  .  .  .  .\1
<  2\.  .  .  .  W  .  B  .  .  .  .\2
<   3\W  .  .  .  .  W  B  .  .  .  B\3
<    4\.  .  .  .  .  B  .  .  W  .  .\4
<     5\.  .  .  .  W  B  .  .  W  .  .\5
<      6\.  W  .  W  B  .  .  .  .  .  .\6
<       7\.  .  .  B  W  .  .  .  .  W  .\7
<        8\.  .  .  B  B  .  .  .  .  .  .\8
<         9\.  .  .  .  .  .  .  .  .  .  .\9
<         10\.  .  .  .  .  .  .  .  .  .  .\10
<          11\.  .  .  .  .  .  .  .  .  .  .\11
<              a  b  c  d  e  f  g  h  i  j  k  
<
>genmove b
<= c10
<
>showboard
cb5d7 info: Winning SC.
<= 
< 
<  56c5e6828140cf92
<  a  b  c  d  e  f  g  h  i  j  k  
< 1\B  .  .  .  B  .  W  .  .  .  .\1
<  2\.  .  .  .  W  .  B  .  .  .  .\2
<   3\W  .  .  .  .  W  B  .  .  .  B\3
<    4\.  .  .  .  .  B  .  .  W  .  .\4
<     5\.  .  .  .  W  B  .  .  W  .  .\5
<      6\.  W  .  W  B  .  .  .  .  .  .\6
<       7\.  .  .  B  W  .  .  .  .  W  .\7
<        8\.  .  .  B  B  .  .  .  .  .  .\8
<         9\.  .  .  .  .  .  .  .  .  .  .\9
<         10\.  .  B  .  .  .  .  .  .  .  .\10
<          11\.  .  .  .  .  .  .  .  .  .  .\11
<              a  b  c  d  e  f  g  h  i  j  k  
<
>play w d9
<= 
<
>showboard
<= 
< 
<  e6475ad4819d9419
<  a  b  c  d  e  f  g  h  i  j  k  
< 1\B  .  .  .  B  .  W  .  .  .  .\1
<  2\.  .  .  .  W  .  B  .  .  .  .\2
<   3\W  .  .  .  .  W  B  .  .  .  B\3
<    4\.  .  .  .  .  B  .  .  W  .  .\4
<     5\.  .  .  .  W  B  .  .  W  .  .\5
<      6\.  W  .  W  B  .  .  .  .  .  .\6
<       7\.  .  .  B  W  .  .  .  .  W  .\7
<        8\.  .  .  B  B  .  .  .  .  .  .\8
<         9\.  .  .  W  .  .  .  .  .  .  .\9
<         10\.  .  B  .  .  .  .  .  .  .  .\10
<          11\.  .  .  .  .  .  .  .  .  .  .\11
<              a  b  c  d  e  f  g  h  i  j  k  
<
>genmove b
<= h1
<
>showboard
cb5d7 info: Winning SC.
<= 
< 
<  374504a7250d19d6
<  a  b  c  d  e  f  g  h  i  j  k  
< 1\B  .  .  .  B  .  W  B  .  .  .\1
<  2\.  .  .  .  W  .  B  .  .  .  .\2
<   3\W  .  .  .  .  W  B  .  .  .  B\3
<    4\.  .  .  .  .  B  .  .  W  .  .\4
<     5\.  .  .  .  W  B  .  .  W  .  .\5
<      6\.  W  .  W  B  .  .  .  .  .  .\6
<       7\.  .  .  B  W  .  .  .  .  W  .\7
<        8\.  .  .  B  B  .  .  .  .  .  .\8
<         9\.  .  .  W  .  .  .  .  .  .  .\9
<         10\.  .  B  .  .  .  .  .  .  .  .\10
<          11\.  .  .  .  .  .  .  .  .  .  .\11
<              a  b  c  d  e  f  g  h  i  j  k  
<
>play w e10
<= 
<
>showboard
<= 
< 
<  0200db84b79255eb
<  a  b  c  d  e  f  g  h  i  j  k  
< 1\B  .  .  .  B  .  W  B  .  .  .\1
<  2\.  .  .  .  W  .  B  .  .  .  .\2
<   3\W  .  .  .  .  W  B  .  .  .  B\3
<    4\.  .  .  .  .  B  .  .  W  .  .\4
<     5\.  .  .  .  W  B  .  .  W  .  .\5
<      6\.  W  .  W  B  .  .  .  .  .  .\6
<       7\.  .  .  B  W  .  .  .  .  W  .\7
<        8\.  .  .  B  B  .  .  .  .  .  .\8
<         9\.  .  .  W  .  .  .  .  .  .  .\9
<         10\.  .  B  .  W  .  .  .  .  .  .\10
<          11\.  .  .  .  .  .  .  .  .  .  .\11
<              a  b  c  d  e  f  g  h  i  j  k  
<
>genmove b
<= c9
<
>showboard
cb5d7 info: Winning SC.
<= 
< 
<  4cd1b9d6ae3eea0a
<  a  b  c  d  e  f  g  h  i  j  k  
< 1\B  .  .  .  B  .  W  B  .  .  .\1
<  2\.  .  .  .  W  .  B  .  .  .  .\2
<   3\W  .  .  .  .  W  B  .  .  .  B\3
<    4\.  .  .  .  .  B  .  .  W  .  .\4
<     5\.  .  .  .  W  B  .  .  W  .  .\5
<      6\.  W  .  W  B  .  .  .  .  .  .\6
<       7\.  .  .  B  W  .  .  .  .  W  .\7
<        8\.  .  .  B  B  .  .  .  .  .  .\8
<         9\.  .  B  W  .  .  .  .  .  .  .\9
<         10\.  .  B  .  W  .  .  .  .  .  .\10
<          11\.  .  .  .  .  .  .  .  .  .  .\11
<              a  b  c  d  e  f  g  h  i  j  k  
<
>play w c11
<= 
<
>showboard
<= 
< 
<  3865ad4ed873aaa1
<  a  b  c  d  e  f  g  h  i  j  k  
< 1\B  .  .  .  B  .  W  B  .  .  .\1
<  2\.  .  .  .  W  .  B  .  .  .  .\2
<   3\W  .  .  .  .  W  B  .  .  .  B\3
<    4\.  .  .  .  .  B  .  .  W  .  .\4
<     5\.  .  .  .  W  B  .  .  W  .  .\5
<      6\.  W  .  W  B  .  .  .  .  .  .\6
<       7\.  .  .  B  W  .  .  .  .  W  .\7
<        8\.  .  .  B  B  .  .  .  .  .  .\8
<         9\.  .  B  W  .  .  .  .  .  .  .\9
<         10\.  .  B  .  W  .  .  .  .  .  .\10
<          11\.  .  W  .  .  .  .  .  .  .  .\11
<              a  b  c  d  e  f  g  h  i  j  k  
<
>genmove b
<= b11
<
>showboard
cb5d7 info: Winning SC.
<= 
< 
<  36d867ac9371ff8e
<  a  b  c  d  e  f  g  h  i  j  k  
< 1\B  .  .  .  B  .  W  B  .  .  .\1
<  2\.  .  .  .  W  .  B  .  .  .  .\2
<   3\W  .  .  .  .  W  B  .  .  .  B\3
<    4\.  .  .  .  .  B  .  .  W  .  .\4
<     5\.  .  .  .  W  B  .  .  W  .  .\5
<      6\.  W  .  W  B  .  .  .  .  .  .\6
<       7\.  .  .  B  W  .  .  .  .  W  .\7
<        8\.  .  .  B  B  .  .  .  .  .  .\8
<         9\.  .  B  W  .  .  .  .  .  .  .\9
<         10\.  .  B  .  W  .  .  .  .  .  .\10
<          11\.  B  W  .  .  .  .  .  .  .  .\11
<              a  b  c  d  e  f  g  h  i  j  k  
<
>play w resign
<= 
<
>showboard
<= 
< 
<  36d867ac9371ff8e
<  a  b  c  d  e  f  g  h  i  j  k  
< 1\B  .  .  .  B  .  W  B  .  .  .\1
<  2\.  .  .  .  W  .  B  .  .  .  .\2
<   3\W  .  .  .  .  W  B  .  .  .  B\3
<    4\.  .  .  .  .  B  .  .  W  .  .\4
<     5\.  .  .  .  W  B  .  .  W  .  .\5
<      6\.  W  .  W  B  .  .  .  .  .  .\6
<       7\.  .  .  B  W  .  .  .  .  W  .\7
<        8\.  .  .  B  B  .  .  .  .  .  .\8
<         9\.  .  B  W  .  .  .  .  .  .  .\9
<         10\.  .  B  .  W  .  .  .  .  .  .\10
<          11\.  B  W  .  .  .  .  .  .  .  .\11
<              a  b  c  d  e  f  g  h  i  j  k  
<
>final_score
<= B+
<
>quit
<= 
<
