f2d97 config: MoHex v2.0.CMake Mar 21 2025.
f2d97 config: ============ InitializeSystem ============
f2d97 config: BenzeneProgram::InitRandom()
f2d97 config: Seed = 918508
f2d97 info: Prior Patterns:
f2d97 info: Global:
f2d97 info: Size            = 565 32648 
f2d97 info: TableEntries    = 65932 65910
f2d97 info: MirrorsAdded    = 0 0
f2d97 info: PrunableCount   = 30593 30629
f2d97 info: LargestGamma    = 5820.77
f2d97 info: SmallestGamma   = 6.6e-05
f2d97 info: Local:
f2d97 info: Size            = 550 5318 
f2d97 info: TableEntries    = 11602 11588
f2d97 info: MirrorsAdded    = 0 0
f2d97 info: PrunableCount   = 3659 3667
f2d97 info: LargestGamma    = 11281.8
f2d97 info: SmallestGamma   = 0.026235
f2d97 info: Playout Patterns:
f2d97 info: Global:
f2d97 info: Size            = 565 32648 
f2d97 info: TableEntries    = 70329 70329
f2d97 info: MirrorsAdded    = 4397 4419
f2d97 info: PrunableCount   = 30593 30629
f2d97 info: LargestGamma    = 5820.77
f2d97 info: SmallestGamma   = 6.6e-05
f2d97 info: Local:
f2d97 info: Size            = 550 5318 
f2d97 info: TableEntries    = 11602 11588
f2d97 info: MirrorsAdded    = 0 0
f2d97 info: PrunableCount   = 3659 3667
f2d97 info: LargestGamma    = 11281.8
f2d97 info: SmallestGamma   = 0.026235
f2d97 config: IcePatternSet: reading from '/home/linus/MoHex2.0/nfbranchfix/benzene-vanilla-cmake/share/ice-patterns.txt'.
f2d97 config: IcePatternSet: parsed 708 patterns.
f2d97 config: VCS: reading captured set patterns from '/home/linus/MoHex2.0/nfbranchfix/benzene-vanilla-cmake/share/vc-captured-set.txt'.
f2d97 config: VCS:: parsed 2 patterns.
f2d97 config: VCS: reading captured set patterns from '/home/linus/MoHex2.0/nfbranchfix/benzene-vanilla-cmake/share/vc-captured-set.txt'.
f2d97 config: VCS:: parsed 2 patterns.
f2d97 config: IcePatternSet: reading from '/home/linus/MoHex2.0/nfbranchfix/benzene-vanilla-cmake/share/ice-patterns.txt'.
f2d97 config: IcePatternSet: parsed 708 patterns.
f2d97 config: VCS: reading captured set patterns from '/home/linus/MoHex2.0/nfbranchfix/benzene-vanilla-cmake/share/vc-captured-set.txt'.
f2d97 config: VCS:: parsed 2 patterns.
f2d97 config: VCS: reading captured set patterns from '/home/linus/MoHex2.0/nfbranchfix/benzene-vanilla-cmake/share/vc-captured-set.txt'.
f2d97 config: VCS:: parsed 2 patterns.
f2d97 config: VCS: reading captured set patterns from '/home/linus/MoHex2.0/nfbranchfix/benzene-vanilla-cmake/share/vc-captured-set.txt'.
f2d97 config: VCS:: parsed 2 patterns.
f2d97 config: VCS: reading captured set patterns from '/home/linus/MoHex2.0/nfbranchfix/benzene-vanilla-cmake/share/vc-captured-set.txt'.
f2d97 config: VCS:: parsed 2 patterns.
f2d97 config: VCS: reading captured set patterns from '/home/linus/MoHex2.0/nfbranchfix/benzene-vanilla-cmake/share/vc-captured-set.txt'.
f2d97 config: VCS:: parsed 2 patterns.
f2d97 config: VCS: reading captured set patterns from '/home/linus/MoHex2.0/nfbranchfix/benzene-vanilla-cmake/share/vc-captured-set.txt'.
f2d97 config: VCS:: parsed 2 patterns.
f2d97 config: VCPattern: loading pattern templates from '/home/linus/MoHex2.0/nfbranchfix/benzene-vanilla-cmake/share/vc-patterns.txt'.
f2d97 info: Best move cannot be determined, must search state.
f2d97 info: --- MoHexPlayer::Search() ---
f2d97 info: Color: black
f2d97 info: MaxGames: 1
f2d97 info: NumberThreads: 1
f2d97 info: MaxNodes: 181818181 (15999999928 bytes)
f2d97 info: TimeForMove: 1
f2d97 info: PreSearch: max time reached (59/92).
f2d97 info: Time for PreSearch: 0.201675s
f2d97 info: 
  d3084dd42a44fbd2
  a  b  c  d  e  f  g  h  i  j  k  
 1\.  .  .  .  .  .  B  .  .  .  .\1
  2\.  .  *  *  *  *  *  *  *  *  *\2
   3\.  *  *  *  *  *  *  *  *  *  *\3
    4\*  *  *  *  *  *  W  *  *  *  *\4
     5\*  *  *  *  *  *  *  *  *  *  *\5
      6\*  *  *  *  *  *  *  *  *  *  *\6
       7\*  *  *  *  *  *  *  *  *  *  *\7
        8\*  *  *  *  *  *  *  *  *  *  *\8
         9\*  *  *  *  *  *  *  *  *  *  .\9
         10\*  *  *  *  *  *  *  *  *  .  .\10
          11\.  .  .  .  .  .  .  .  .  .  .\11
              a  b  c  d  e  f  g  h  i  j  k  
f2d97 info: No subtree to reuse.
f2d97 info: Creating thread 0
f2d97 info: StartSearch()[0]
f2d97 config: VCS: reading captured set patterns from '/home/linus/MoHex2.0/nfbranchfix/benzene-vanilla-cmake/share/vc-captured-set.txt'.
f2d97 config: VCS:: parsed 2 patterns.
f2d97 config: VCS: reading captured set patterns from '/home/linus/MoHex2.0/nfbranchfix/benzene-vanilla-cmake/share/vc-captured-set.txt'.
f2d97 config: VCS:: parsed 2 patterns.
f2d97 info: 
Elapsed Time   0.556985s
Count          1
GamesPlayed    1
Nodes          1
Knowledge      0 (0.0%)
Expansions     0.0
Time           0.00
GameLen        119.0 dev=0.0 min=119.0 max=119.0
InTree         0.0 dev=0.0 min=0.0 max=0.0
KnowDepth      -
Aborted        0%
Games/s        409.2
Score          0.00
Sequence      
f2d97 info: 
f2d97 warning: **** MoHexSearch returned empty sequence!
f2d97 warning: **** Returning random move!
f2d97 info: Best move cannot be determined, must search state.
f2d97 info: --- MoHexPlayer::Search() ---
f2d97 info: Color: black
f2d97 info: MaxGames: 1
f2d97 info: NumberThreads: 1
f2d97 info: MaxNodes: 181818181 (15999999928 bytes)
f2d97 info: TimeForMove: 1
f2d97 info: PreSearch: max time reached (60/91).
f2d97 info: Time for PreSearch: 0.201405s
f2d97 info: 
  e747cc874d1a9096
  a  b  c  d  e  f  g  h  i  j  k  
 1\.  .  .  .  .  .  B  .  .  .  .\1
  2\.  .  *  *  *  *  *  *  *  *  *\2
   3\.  *  *  *  *  *  *  *  *  *  *\3
    4\*  *  *  *  *  *  W  *  *  *  *\4
     5\*  *  *  *  *  *  *  *  *  *  *\5
      6\*  *  *  *  *  *  *  *  *  *  *\6
       7\*  *  *  *  *  *  *  *  *  *  *\7
        8\*  *  *  B  *  *  *  *  *  *  *\8
         9\*  *  *  *  *  *  *  *  *  *  .\9
         10\*  *  *  *  *  *  *  *  *  .  .\10
          11\.  .  W  .  .  .  .  .  .  .  .\11
              a  b  c  d  e  f  g  h  i  j  k  
f2d97 info: Old: [black, g1] [white, g4] 
f2d97 info: New: [black, g1] [white, g4] [black, d8] [white, c11] 
f2d97 info: MovesPlayed: [black, d8] [white, c11] 
f2d97 info: No subtree to reuse.
f2d97 info: StartSearch()[0]
f2d97 info: 
Elapsed Time   0.346101s
Count          1
GamesPlayed    1
Nodes          1
Knowledge      0 (0.0%)
Expansions     0.0
Time           0.00
GameLen        117.0 dev=0.0 min=117.0 max=117.0
InTree         0.0 dev=0.0 min=0.0 max=0.0
KnowDepth      -
Aborted        0%
Games/s        2681.0
Score          1.00
Sequence      
f2d97 info: 
f2d97 warning: **** MoHexSearch returned empty sequence!
f2d97 warning: **** Returning random move!
f2d97 info: Best move cannot be determined, must search state.
f2d97 info: --- MoHexPlayer::Search() ---
f2d97 info: Color: black
f2d97 info: MaxGames: 1
f2d97 info: NumberThreads: 1
f2d97 info: MaxNodes: 181818181 (15999999928 bytes)
f2d97 info: TimeForMove: 1
f2d97 info: PreSearch: max time reached (56/89).
f2d97 info: Time for PreSearch: 0.200514s
f2d97 info: 
  740740e805a616e3
  a  b  c  d  e  f  g  h  i  j  k  
 1\w  W  .  .  .  .  B  .  .  .  .\1
  2\w  .  *  *  *  *  *  *  *  *  *\2
   3\w  *  *  *  *  *  *  *  *  *  *\3
    4\.  *  *  *  *  *  W  *  *  *  *\4
     5\*  *  *  *  *  *  *  *  *  *  *\5
      6\*  *  B  *  *  *  *  *  *  *  *\6
       7\*  *  *  *  *  *  *  *  *  *  *\7
        8\*  *  *  B  *  *  *  *  *  *  *\8
         9\*  *  *  *  *  *  *  *  *  *  .\9
         10\*  *  *  *  *  *  *  *  *  .  .\10
          11\.  .  W  .  .  .  .  .  .  .  .\11
              a  b  c  d  e  f  g  h  i  j  k  
f2d97 info: Old: [black, g1] [white, g4] [black, d8] [white, c11] 
f2d97 info: New: [black, g1] [white, g4] [black, d8] [white, c11] [black, c6] [white, b1] 
f2d97 info: MovesPlayed: [black, c6] [white, b1] 
f2d97 info: No subtree to reuse.
f2d97 info: StartSearch()[0]
f2d97 info: 
Elapsed Time   0.349659s
Count          1
GamesPlayed    1
Nodes          1
Knowledge      0 (0.0%)
Expansions     0.0
Time           0.00
GameLen        112.0 dev=0.0 min=112.0 max=112.0
InTree         0.0 dev=0.0 min=0.0 max=0.0
KnowDepth      -
Aborted        0%
Games/s        3194.9
Score          1.00
Sequence      
f2d97 info: 
f2d97 warning: **** MoHexSearch returned empty sequence!
f2d97 warning: **** Returning random move!
f2d97 info: Best move cannot be determined, must search state.
f2d97 info: --- MoHexPlayer::Search() ---
f2d97 info: Color: black
f2d97 info: MaxGames: 1
f2d97 info: NumberThreads: 1
f2d97 info: MaxNodes: 181818181 (15999999928 bytes)
f2d97 info: TimeForMove: 1
f2d97 info: PreSearch: max time reached (64/86).
f2d97 info: Time for PreSearch: 0.202427s
f2d97 info: 
  01cf0a64d52015eb
  a  b  c  d  e  f  g  h  i  j  k  
 1\w  W  .  .  .  .  B  .  .  .  .\1
  2\w  b  .  .  *  *  *  *  *  *  *\2
   3\w  W  *  *  *  *  *  *  *  *  *\3
    4\w  .  *  *  *  *  W  *  *  *  *\4
     5\w  *  *  *  *  *  *  *  *  *  *\5
      6\.  *  B  *  *  *  *  *  *  *  *\6
       7\*  *  *  *  *  *  *  *  *  *  *\7
        8\*  *  *  B  *  *  *  *  *  *  *\8
         9\*  *  *  *  *  *  *  *  *  *  *\9
         10\*  *  *  *  *  *  *  *  *  *  .\10
          11\.  .  W  .  .  .  .  .  .  b  B\11
              a  b  c  d  e  f  g  h  i  j  k  
f2d97 info: Old: [black, g1] [white, g4] [black, d8] [white, c11] [black, c6] [white, b1] 
f2d97 info: New: [black, g1] [white, g4] [black, d8] [white, c11] [black, c6] [white, b1] [black, k11] [white, b3] 
f2d97 info: MovesPlayed: [black, k11] [white, b3] 
f2d97 info: No subtree to reuse.
f2d97 info: StartSearch()[0]
f2d97 info: 
Elapsed Time   0.346858s
Count          1
GamesPlayed    1
Nodes          1
Knowledge      0 (0.0%)
Expansions     0.0
Time           0.00
GameLen        106.0 dev=0.0 min=106.0 max=106.0
InTree         0.0 dev=0.0 min=0.0 max=0.0
KnowDepth      -
Aborted        0%
Games/s        3472.2
Score          0.00
Sequence      
f2d97 info: 
f2d97 warning: **** MoHexSearch returned empty sequence!
f2d97 warning: **** Returning random move!
f2d97 info: Best move cannot be determined, must search state.
f2d97 info: --- MoHexPlayer::Search() ---
f2d97 info: Color: black
f2d97 info: MaxGames: 1
f2d97 info: NumberThreads: 1
f2d97 info: MaxNodes: 181818181 (15999999928 bytes)
f2d97 info: TimeForMove: 1
f2d97 info: PreSearch: max time reached (63/84).
f2d97 info: Time for PreSearch: 0.202118s
f2d97 info: 
  027bf25c290e3894
  a  b  c  d  e  f  g  h  i  j  k  
 1\w  W  .  .  .  .  B  .  .  .  .\1
  2\w  b  .  .  *  *  *  *  *  *  *\2
   3\w  W  *  *  *  *  *  *  *  *  *\3
    4\w  .  *  *  *  *  W  *  *  *  *\4
     5\w  *  *  *  *  *  *  *  *  *  *\5
      6\.  *  B  *  W  *  *  *  *  *  *\6
       7\*  *  *  *  B  *  *  *  *  *  *\7
        8\*  *  *  B  *  *  *  *  *  *  *\8
         9\*  *  *  *  *  *  *  *  *  *  *\9
         10\*  *  *  *  *  *  *  *  *  *  .\10
          11\.  .  W  .  .  .  .  .  .  b  B\11
              a  b  c  d  e  f  g  h  i  j  k  
f2d97 info: Old: [black, g1] [white, g4] [black, d8] [white, c11] [black, c6] [white, b1] [black, k11] [white, b3] 
f2d97 info: New: [black, g1] [white, g4] [black, d8] [white, c11] [black, c6] [white, b1] [black, k11] [white, b3] [black, e7] [white, e6] 
f2d97 info: MovesPlayed: [black, e7] [white, e6] 
f2d97 info: No subtree to reuse.
f2d97 info: StartSearch()[0]
f2d97 info: 
Elapsed Time   0.346995s
Count          1
GamesPlayed    1
Nodes          1
Knowledge      0 (0.0%)
Expansions     0.0
Time           0.00
GameLen        104.0 dev=0.0 min=104.0 max=104.0
InTree         0.0 dev=0.0 min=0.0 max=0.0
KnowDepth      -
Aborted        0%
Games/s        3086.4
Score          1.00
Sequence      
f2d97 info: 
f2d97 warning: **** MoHexSearch returned empty sequence!
f2d97 warning: **** Returning random move!
f2d97 info: Best move cannot be determined, must search state.
f2d97 info: --- MoHexPlayer::Search() ---
f2d97 info: Color: black
f2d97 info: MaxGames: 1
f2d97 info: NumberThreads: 1
f2d97 info: MaxNodes: 181818181 (15999999928 bytes)
f2d97 info: TimeForMove: 1
f2d97 info: PreSearch: max time reached (63/74).
f2d97 info: Time for PreSearch: 0.204696s
f2d97 info: 
  f75ffc47361e2f16
  a  b  c  d  e  f  g  h  i  j  k  
 1\w  W  .  .  .  .  B  .  .  .  .\1
  2\w  b  .  .  *  *  *  *  *  *  *\2
   3\w  W  *  *  *  *  *  *  *  *  *\3
    4\w  .  *  *  *  *  W  *  *  *  *\4
     5\w  *  *  *  *  *  *  *  *  *  *\5
      6\w  .  B  *  W  *  *  *  *  *  *\6
       7\W  .  *  *  B  *  *  *  *  *  *\7
        8\w  *  *  B  *  *  *  *  *  *  .\8
         9\.  *  *  *  *  *  *  *  *  B  w\9
         10\*  *  *  *  *  .  .  .  .  .  w\10
          11\.  .  W  .  .  .  .  .  b  b  B\11
              a  b  c  d  e  f  g  h  i  j  k  
f2d97 info: Old: [black, g1] [white, g4] [black, d8] [white, c11] [black, c6] [white, b1] [black, k11] [white, b3] [black, e7] [white, e6] 
f2d97 info: New: [black, g1] [white, g4] [black, d8] [white, c11] [black, c6] [white, b1] [black, k11] [white, b3] [black, e7] [white, e6] [black, j9] [white, a7] 
f2d97 info: MovesPlayed: [black, j9] [white, a7] 
f2d97 info: No subtree to reuse.
f2d97 info: StartSearch()[0]
f2d97 info: 
Elapsed Time   0.34709s
Count          1
GamesPlayed    1
Nodes          1
Knowledge      0 (0.0%)
Expansions     0.0
Time           0.00
GameLen        97.0 dev=0.0 min=97.0 max=97.0
InTree         0.0 dev=0.0 min=0.0 max=0.0
KnowDepth      -
Aborted        0%
Games/s        3521.1
Score          0.00
Sequence      
f2d97 info: 
f2d97 warning: **** MoHexSearch returned empty sequence!
f2d97 warning: **** Returning random move!
f2d97 info: Best move cannot be determined, must search state.
f2d97 info: --- MoHexPlayer::Search() ---
f2d97 info: Color: black
f2d97 info: MaxGames: 1
f2d97 info: NumberThreads: 1
f2d97 info: MaxNodes: 181818181 (15999999928 bytes)
f2d97 info: TimeForMove: 1
f2d97 info: PreSearch: max time reached (59/69).
f2d97 info: Time for PreSearch: 0.201349s
f2d97 info: 
  aa4d7f5a1244daba
  a  b  c  d  e  f  g  h  i  j  k  
 1\w  W  .  .  .  .  B  .  .  .  .\1
  2\w  b  .  *  .  .  .  .  .  *  *\2
   3\w  W  *  *  W  *  B  *  *  *  *\3
    4\w  .  *  *  *  *  W  *  *  *  *\4
     5\w  *  *  *  *  *  *  *  *  *  *\5
      6\w  .  B  *  W  *  *  *  *  *  *\6
       7\W  .  *  *  B  *  *  *  *  *  *\7
        8\w  *  *  B  *  *  *  *  *  *  .\8
         9\.  *  *  *  *  *  *  *  *  B  w\9
         10\*  *  *  *  *  .  .  .  .  .  w\10
          11\.  .  W  .  .  .  .  .  b  b  B\11
              a  b  c  d  e  f  g  h  i  j  k  
f2d97 info: Old: [black, g1] [white, g4] [black, d8] [white, c11] [black, c6] [white, b1] [black, k11] [white, b3] [black, e7] [white, e6] [black, j9] [white, a7] 
f2d97 info: New: [black, g1] [white, g4] [black, d8] [white, c11] [black, c6] [white, b1] [black, k11] [white, b3] [black, e7] [white, e6] [black, j9] [white, a7] [black, g3] [white, e3] 
f2d97 info: MovesPlayed: [black, g3] [white, e3] 
f2d97 info: No subtree to reuse.
f2d97 info: StartSearch()[0]
f2d97 info: 
Elapsed Time   0.352633s
Count          1
GamesPlayed    1
Nodes          1
Knowledge      0 (0.0%)
Expansions     0.0
Time           0.00
GameLen        95.0 dev=0.0 min=95.0 max=95.0
InTree         0.0 dev=0.0 min=0.0 max=0.0
KnowDepth      -
Aborted        0%
Games/s        2688.2
Score          1.00
Sequence      
f2d97 info: 
f2d97 warning: **** MoHexSearch returned empty sequence!
f2d97 warning: **** Returning random move!
f2d97 info: Best move cannot be determined, must search state.
f2d97 info: --- MoHexPlayer::Search() ---
f2d97 info: Color: black
f2d97 info: MaxGames: 1
f2d97 info: NumberThreads: 1
f2d97 info: MaxNodes: 181818181 (15999999928 bytes)
f2d97 info: TimeForMove: 1
f2d97 info: PreSearch: max time reached (61/66).
f2d97 info: Time for PreSearch: 0.2015s
f2d97 info: 
  7af41bd3aa3ad742
  a  b  c  d  e  f  g  h  i  j  k  
 1\w  W  .  .  .  .  B  .  .  .  .\1
  2\w  b  .  *  .  .  .  .  .  *  *\2
   3\w  W  *  *  W  *  B  *  *  *  *\3
    4\w  .  *  *  *  *  W  *  *  *  *\4
     5\w  *  *  *  *  *  *  *  *  *  *\5
      6\w  .  B  *  W  *  *  *  *  *  *\6
       7\W  .  *  *  B  *  *  *  *  *  *\7
        8\w  *  *  B  .  *  *  *  *  *  .\8
         9\.  *  *  .  B  *  *  *  *  B  w\9
         10\*  *  *  *  *  *  *  *  .  .  w\10
          11\.  .  W  .  .  W  .  .  b  b  B\11
              a  b  c  d  e  f  g  h  i  j  k  
f2d97 info: Old: [black, g1] [white, g4] [black, d8] [white, c11] [black, c6] [white, b1] [black, k11] [white, b3] [black, e7] [white, e6] [black, j9] [white, a7] [black, g3] [white, e3] 
f2d97 info: New: [black, g1] [white, g4] [black, d8] [white, c11] [black, c6] [white, b1] [black, k11] [white, b3] [black, e7] [white, e6] [black, j9] [white, a7] [black, g3] [white, e3] [black, e9] [white, f11] 
f2d97 info: MovesPlayed: [black, e9] [white, f11] 
f2d97 info: No subtree to reuse.
f2d97 info: StartSearch()[0]
f2d97 info: 
Elapsed Time   0.34703s
Count          1
GamesPlayed    1
Nodes          1
Knowledge      0 (0.0%)
Expansions     0.0
Time           0.00
GameLen        93.0 dev=0.0 min=93.0 max=93.0
InTree         0.0 dev=0.0 min=0.0 max=0.0
KnowDepth      -
Aborted        0%
Games/s        3448.3
Score          1.00
Sequence      
f2d97 info: 
f2d97 warning: **** MoHexSearch returned empty sequence!
f2d97 warning: **** Returning random move!
f2d97 info: Best move cannot be determined, must search state.
f2d97 info: --- MoHexPlayer::Search() ---
f2d97 info: Color: black
f2d97 info: MaxGames: 1
f2d97 info: NumberThreads: 1
f2d97 info: MaxNodes: 181818181 (15999999928 bytes)
f2d97 info: TimeForMove: 1
f2d97 info: Time for PreSearch: 0.074263s
f2d97 info: 
  bd1fdd53a8b213a9
  a  b  c  d  e  f  g  h  i  j  k  
 1\w  W  b  b  b  b  B  b  b  .  .\1
  2\w  b  .  .  .  b  b  b  W  *  *\2
   3\w  W  *  *  W  .  B  *  *  *  *\3
    4\w  .  .  *  *  *  W  *  *  *  *\4
     5\w  *  *  .  .  *  *  *  *  *  *\5
      6\w  .  B  *  W  *  .  .  .  .  .\6
       7\W  .  *  *  B  .  .  .  .  .  .\7
        8\w  *  .  B  .  .  .  .  .  .  B\8
         9\.  .  .  .  B  .  .  .  .  B  w\9
         10\.  .  .  .  .  .  .  .  .  .  w\10
          11\.  .  W  .  .  W  .  .  b  b  B\11
              a  b  c  d  e  f  g  h  i  j  k  
f2d97 info: Old: [black, g1] [white, g4] [black, d8] [white, c11] [black, c6] [white, b1] [black, k11] [white, b3] [black, e7] [white, e6] [black, j9] [white, a7] [black, g3] [white, e3] [black, e9] [white, f11] 
f2d97 info: New: [black, g1] [white, g4] [black, d8] [white, c11] [black, c6] [white, b1] [black, k11] [white, b3] [black, e7] [white, e6] [black, j9] [white, a7] [black, g3] [white, e3] [black, e9] [white, f11] [black, k8] [white, i2] 
f2d97 info: MovesPlayed: [black, k8] [white, i2] 
f2d97 info: No subtree to reuse.
f2d97 info: StartSearch()[0]
f2d97 info: 
Elapsed Time   0.220809s
Count          1
GamesPlayed    1
Nodes          1
Knowledge      0 (0.0%)
Expansions     0.0
Time           0.00
GameLen        82.0 dev=0.0 min=82.0 max=82.0
InTree         0.0 dev=0.0 min=0.0 max=0.0
KnowDepth      -
Aborted        0%
Games/s        3289.5
Score          0.00
Sequence      
f2d97 info: 
f2d97 warning: **** MoHexSearch returned empty sequence!
f2d97 warning: **** Returning random move!
f2d97 info: Best move cannot be determined, must search state.
f2d97 info: --- MoHexPlayer::Search() ---
f2d97 info: Color: black
f2d97 info: MaxGames: 1
f2d97 info: NumberThreads: 1
f2d97 info: MaxNodes: 181818181 (15999999928 bytes)
f2d97 info: TimeForMove: 1
f2d97 info: Time for PreSearch: 0.060835s
f2d97 info: 
  c452ebe571951b31
  a  b  c  d  e  f  g  h  i  j  k  
 1\w  W  b  b  b  b  B  b  b  .  .\1
  2\w  b  .  .  .  b  b  b  W  *  *\2
   3\w  W  *  *  W  .  B  *  *  *  *\3
    4\w  .  *  *  *  *  W  *  B  .  .\4
     5\w  *  *  *  *  *  .  .  .  .  .\5
      6\w  .  B  *  W  .  .  .  .  .  .\6
       7\W  W  *  *  B  .  .  .  .  .  .\7
        8\b  *  *  B  .  .  .  .  .  .  B\8
         9\.  *  .  .  B  .  .  .  .  B  w\9
         10\*  .  .  .  .  .  .  .  .  .  w\10
          11\.  .  W  .  .  W  .  .  b  b  B\11
              a  b  c  d  e  f  g  h  i  j  k  
f2d97 info: Old: [black, g1] [white, g4] [black, d8] [white, c11] [black, c6] [white, b1] [black, k11] [white, b3] [black, e7] [white, e6] [black, j9] [white, a7] [black, g3] [white, e3] [black, e9] [white, f11] [black, k8] [white, i2] 
f2d97 info: New: [black, g1] [white, g4] [black, d8] [white, c11] [black, c6] [white, b1] [black, k11] [white, b3] [black, e7] [white, e6] [black, j9] [white, a7] [black, g3] [white, e3] [black, e9] [white, f11] [black, k8] [white, i2] [black, i4] [white, b7] 
f2d97 info: MovesPlayed: [black, i4] [white, b7] 
f2d97 info: No subtree to reuse.
f2d97 info: StartSearch()[0]
f2d97 info: 
Elapsed Time   0.425565s
Count          1
GamesPlayed    1
Nodes          1
Knowledge      0 (0.0%)
Expansions     0.0
Time           0.00
GameLen        80.0 dev=0.0 min=80.0 max=80.0
InTree         0.0 dev=0.0 min=0.0 max=0.0
KnowDepth      -
Aborted        0%
Games/s        3610.1
Score          1.00
Sequence      
f2d97 info: 
f2d97 warning: **** MoHexSearch returned empty sequence!
f2d97 warning: **** Returning random move!
f2d97 info: Opponent has won; playing most blocking move.
f2d97 info: Opponent has won; playing most blocking move.
f2d97 info: Opponent has won; playing most blocking move.
f2d97 info: Opponent has won; playing most blocking move.
f2d97 info: Opponent has won; playing most blocking move.
f2d97 info: Opponent has won; playing most blocking move.
f2d97 info: Captured cells caused win! Removing...
f2d97 info: Opponent has won; playing most blocking move.
f2d97 config: ============ BenzeneShutdown =============
f2d97 config: MoHexProgram:: ShutdownSystem()
f2d97 config: CommonProgram:: ShutdownSystem()
f2d97 config: BenzeneProgram:: ShutdownSystem()
Flushing and closing this stream...
