# nice ../build/src/mohex/mohex --config mohex-cg2010.htp --seed 488455 --logfile-name jobs/11x11-mohex-mohex-cg2010-vs-mohex-mohex-weak-3/mohex-mohex-cg2010-442.log
>boardsize 11 11
<= 
<
>name
MoHex 2.0.CMake Mar 21 2025
Copyright (C) 2007-2012 by the authors of the Benzene project.
This program comes with ABSOLUTELY NO WARRANTY. This is
free software and you are welcome to redistribute it under
certain conditions. Type `benzene-license' for details.

SgRandom::SetSeed: 488455
SgUctSearch: system memory 33632358400, using 1000000000 (5681818 nodes)
SgRandom::SetSeed: 1
SgRandom::SetSeed: 488455
57907 info: Prior Patterns:
57907 info: Global:
57907 info: Size            = 565 32648 
57907 info: TableEntries    = 65932 65910
57907 info: MirrorsAdded    = 0 0
57907 info: PrunableCount   = 30593 30629
57907 info: LargestGamma    = 5820.77
57907 info: SmallestGamma   = 6.6e-05
57907 info: Local:
57907 info: Size            = 550 5318 
57907 info: TableEntries    = 11602 11588
57907 info: MirrorsAdded    = 0 0
57907 info: PrunableCount   = 3659 3667
57907 info: LargestGamma    = 11281.8
57907 info: SmallestGamma   = 0.026235
57907 info: Playout Patterns:
57907 info: Global:
57907 info: Size            = 565 32648 
57907 info: TableEntries    = 70329 70329
57907 info: MirrorsAdded    = 4397 4419
57907 info: PrunableCount   = 30593 30629
57907 info: LargestGamma    = 5820.77
57907 info: SmallestGamma   = 6.6e-05
57907 info: Local:
57907 info: Size            = 550 5318 
57907 info: TableEntries    = 11602 11588
57907 info: MirrorsAdded    = 0 0
57907 info: PrunableCount   = 3659 3667
57907 info: LargestGamma    = 11281.8
57907 info: SmallestGamma   = 0.026235
param_game allow_swap 1
= 

param_mohex max_memory 32000000000
= 

param_mohex num_threads 1
= 

param_mohex max_time 1
= 

param_mohex max_games 1
= 

param_mohex knowledge_threshold 400
= 

param_mohex reuse_subtree 1
= 

param_mohex use_parallel_solver 0
= 

<= MoHex
<
>version
<= 2.0.CMake
<
>play b j2
<= 
<
>showboard
<= 
< 
<  4d1412c177eb3b31
<  a  b  c  d  e  f  g  h  i  j  k  
< 1\.  .  .  .  .  .  .  .  .  .  .\1
<  2\.  .  .  .  .  .  .  .  .  B  .\2
<   3\.  .  .  .  .  .  .  .  .  .  .\3
<    4\.  .  .  .  .  .  .  .  .  .  .\4
<     5\.  .  .  .  .  .  .  .  .  .  .\5
<      6\.  .  .  .  .  .  .  .  .  .  .\6
<       7\.  .  .  .  .  .  .  .  .  .  .\7
<        8\.  .  .  .  .  .  .  .  .  .  .\8
<         9\.  .  .  .  .  .  .  .  .  .  .\9
<         10\.  .  .  .  .  .  .  .  .  .  .\10
<          11\.  .  .  .  .  .  .  .  .  .  .\11
<              a  b  c  d  e  f  g  h  i  j  k  
<
>play w swap-pieces
<= 
<
>genmove w
<= e10
<
>play b j6
57907 info: Best move cannot be determined, must search state.
57907 info: --- MoHexPlayer::Search() ---
57907 info: Color: white
57907 info: MaxGames: 1
57907 info: NumberThreads: 1
57907 info: MaxNodes: 181818181 (15999999928 bytes)
57907 info: TimeForMove: 1
57907 info: PreSearch: max time reached (51/87).
57907 info: Time for PreSearch: 0.20239s
57907 info: 
  4d1412c177eb3b31
  a  b  c  d  e  f  g  h  i  j  k  
 1\.  .  .  *  *  *  *  .  b  b  b\1
  2\.  .  *  *  *  *  *  *  .  B  .\2
   3\.  *  *  *  *  *  *  *  *  *  .\3
    4\.  *  *  *  *  *  *  *  *  *  .\4
     5\.  *  *  *  *  *  *  *  *  *  .\5
      6\.  *  *  *  *  *  *  *  *  *  .\6
       7\.  *  *  *  *  *  *  *  *  *  .\7
        8\.  *  *  *  *  *  *  *  *  *  .\8
         9\.  *  *  *  *  *  *  *  *  *  .\9
         10\.  .  *  *  *  *  *  *  *  .  .\10
          11\.  *  *  *  *  *  *  *  .  .  .\11
              a  b  c  d  e  f  g  h  i  j  k  
57907 info: No subtree to reuse.
57907 info: Creating thread 0
57907 info: StartSearch()[0]
SgUctSearch: max games reached
57907 info: 
Elapsed Time   0.350857s
Count          1
GamesPlayed    1
Nodes          1
Knowledge      0 (0.0%)
Expansions     0.0
Time           0.00
GameLen        117.0 dev=0.0 min=117.0 max=117.0
InTree         0.0 dev=0.0 min=0.0 max=0.0
KnowDepth      -
Aborted        0%
Games/s        398.2
Score          0.00
Sequence      
57907 info: 
57907 warning: **** MoHexSearch returned empty sequence!
57907 warning: **** Returning random move!
<= 
<
>genmove w
<= c3
<
>play b k4
57907 info: Best move cannot be determined, must search state.
57907 info: --- MoHexPlayer::Search() ---
57907 info: Color: white
57907 info: MaxGames: 1
57907 info: NumberThreads: 1
57907 info: MaxNodes: 181818181 (15999999928 bytes)
57907 info: TimeForMove: 1
57907 info: PreSearch: max time reached (59/84).
57907 info: Time for PreSearch: 0.201265s
57907 info: 
  6b70546727e5abad
  a  b  c  d  e  f  g  h  i  j  k  
 1\.  .  .  *  *  *  *  .  b  b  b\1
  2\.  .  *  *  *  *  *  *  .  B  .\2
   3\.  *  *  *  *  *  *  *  *  *  .\3
    4\.  *  *  *  *  *  *  *  *  *  .\4
     5\.  *  *  *  *  *  *  *  *  *  .\5
      6\.  *  *  *  *  *  *  *  *  B  .\6
       7\.  *  *  *  *  *  *  *  *  *  .\7
        8\.  *  *  *  *  *  *  *  *  *  .\8
         9\.  *  *  *  *  *  *  *  *  *  .\9
         10\.  *  *  *  W  *  *  *  *  .  .\10
          11\.  *  *  .  .  *  *  *  .  .  .\11
              a  b  c  d  e  f  g  h  i  j  k  
57907 info: Old: [black, j2] [white, swap-pieces] 
57907 info: New: [black, j2] [white, swap-pieces] [white, e10] [black, j6] 
57907 info: ReuseSubtree: Colors do not alternate.
57907 info: No subtree to reuse.
57907 info: StartSearch()[0]
SgUctSearch: max games reached
57907 info: 
Elapsed Time   0.352552s
Count          1
GamesPlayed    1
Nodes          1
Knowledge      0 (0.0%)
Expansions     0.0
Time           0.00
GameLen        115.0 dev=0.0 min=115.0 max=115.0
InTree         0.0 dev=0.0 min=0.0 max=0.0
KnowDepth      -
Aborted        0%
Games/s        3344.5
Score          1.00
Sequence      
57907 info: 
57907 warning: **** MoHexSearch returned empty sequence!
57907 warning: **** Returning random move!
<= 
<
>genmove w
<= i4
<
>play b a3
57907 info: Best move cannot be determined, must search state.
57907 info: --- MoHexPlayer::Search() ---
57907 info: Color: white
57907 info: MaxGames: 1
57907 info: NumberThreads: 1
57907 info: MaxNodes: 181818181 (15999999928 bytes)
57907 info: TimeForMove: 1
57907 info: PreSearch: max time reached (57/82).
57907 info: Time for PreSearch: 0.201772s
57907 info: 
  51d3056a77b09583
  a  b  c  d  e  f  g  h  i  j  k  
 1\.  .  .  *  *  *  *  .  b  b  b\1
  2\.  .  *  *  *  *  *  *  .  B  .\2
   3\.  *  W  *  *  *  *  *  *  *  .\3
    4\.  .  *  *  *  *  *  *  *  *  B\4
     5\.  *  *  *  *  *  *  *  *  *  .\5
      6\.  *  *  *  *  *  *  *  *  B  .\6
       7\.  *  *  *  *  *  *  *  *  *  .\7
        8\.  *  *  *  *  *  *  *  *  *  .\8
         9\.  *  *  *  *  *  *  *  *  *  .\9
         10\.  *  *  *  W  *  *  *  *  .  .\10
          11\.  *  *  .  .  *  *  *  .  .  .\11
              a  b  c  d  e  f  g  h  i  j  k  
57907 info: Old: [black, j2] [white, swap-pieces] [white, e10] [black, j6] 
57907 info: New: [black, j2] [white, swap-pieces] [white, e10] [black, j6] [white, c3] [black, k4] 
57907 info: MovesPlayed: [white, c3] [black, k4] 
57907 info: No subtree to reuse.
57907 info: StartSearch()[0]
SgUctSearch: max games reached
57907 info: 
Elapsed Time   0.348332s
Count          1
GamesPlayed    1
Nodes          1
Knowledge      0 (0.0%)
Expansions     0.0
Time           0.00
GameLen        113.0 dev=0.0 min=113.0 max=113.0
InTree         0.0 dev=0.0 min=0.0 max=0.0
KnowDepth      -
Aborted        0%
Games/s        2506.3
Score          1.00
Sequence      
57907 info: 
57907 warning: **** MoHexSearch returned empty sequence!
57907 warning: **** Returning random move!
<= 
<
>genmove w
<= g4
<
>play b f6
57907 info: Best move cannot be determined, must search state.
57907 info: --- MoHexPlayer::Search() ---
57907 info: Color: white
57907 info: MaxGames: 1
57907 info: NumberThreads: 1
57907 info: MaxNodes: 181818181 (15999999928 bytes)
57907 info: TimeForMove: 1
57907 info: PreSearch: max time reached (57/83).
57907 info: Time for PreSearch: 0.200347s
57907 info: 
  f4cb2c9eb99bcf3d
  a  b  c  d  e  f  g  h  i  j  k  
 1\.  *  .  *  *  *  *  .  b  b  b\1
  2\.  .  *  *  *  *  *  *  .  B  .\2
   3\B  *  W  *  *  *  *  *  *  *  .\3
    4\.  *  *  *  *  *  *  *  W  .  B\4
     5\.  *  *  *  *  *  *  *  *  *  .\5
      6\.  *  *  *  *  *  *  *  *  B  .\6
       7\.  *  *  *  *  *  *  *  *  *  .\7
        8\.  *  *  *  *  *  *  *  *  *  .\8
         9\.  *  *  *  *  *  *  *  *  *  .\9
         10\.  *  *  *  W  *  *  *  *  .  .\10
          11\.  *  *  .  .  *  *  *  .  .  .\11
              a  b  c  d  e  f  g  h  i  j  k  
57907 info: Old: [black, j2] [white, swap-pieces] [white, e10] [black, j6] [white, c3] [black, k4] 
57907 info: New: [black, j2] [white, swap-pieces] [white, e10] [black, j6] [white, c3] [black, k4] [white, i4] [black, a3] 
57907 info: MovesPlayed: [white, i4] [black, a3] 
57907 info: No subtree to reuse.
57907 info: StartSearch()[0]
SgUctSearch: max games reached
57907 info: 
Elapsed Time   0.516522s
Count          1
GamesPlayed    1
Nodes          1
Knowledge      0 (0.0%)
Expansions     0.0
Time           0.00
GameLen        111.0 dev=0.0 min=111.0 max=111.0
InTree         0.0 dev=0.0 min=0.0 max=0.0
KnowDepth      -
Aborted        0%
Games/s        3584.2
Score          0.00
Sequence      
57907 info: 
57907 warning: **** MoHexSearch returned empty sequence!
57907 warning: **** Returning random move!
<= 
<
>genmove w
<= h10
<
>play b e5
57907 info: Best move cannot be determined, must search state.
57907 info: --- MoHexPlayer::Search() ---
57907 info: Color: white
57907 info: MaxGames: 1
57907 info: NumberThreads: 1
57907 info: MaxNodes: 181818181 (15999999928 bytes)
57907 info: TimeForMove: 1
57907 info: PreSearch: max time reached (58/78).
57907 info: Time for PreSearch: 0.200804s
57907 info: 
  0ad1635da1d6beec
  a  b  c  d  e  f  g  h  i  j  k  
 1\.  *  .  *  *  *  *  .  b  b  b\1
  2\.  .  *  *  *  *  *  *  .  B  .\2
   3\B  *  W  *  *  *  *  *  .  *  .\3
    4\.  *  *  *  *  *  W  .  W  .  B\4
     5\.  *  *  *  *  *  .  *  *  *  .\5
      6\.  *  *  *  *  B  *  *  *  B  .\6
       7\.  *  *  *  *  *  *  *  *  *  .\7
        8\.  *  *  *  *  *  *  *  *  *  .\8
         9\.  *  *  *  *  *  *  *  *  *  .\9
         10\.  *  *  *  W  *  *  *  *  .  .\10
          11\.  *  *  .  .  *  *  *  .  .  .\11
              a  b  c  d  e  f  g  h  i  j  k  
57907 info: Old: [black, j2] [white, swap-pieces] [white, e10] [black, j6] [white, c3] [black, k4] [white, i4] [black, a3] 
57907 info: New: [black, j2] [white, swap-pieces] [white, e10] [black, j6] [white, c3] [black, k4] [white, i4] [black, a3] [white, g4] [black, f6] 
57907 info: MovesPlayed: [white, g4] [black, f6] 
57907 info: No subtree to reuse.
57907 info: StartSearch()[0]
SgUctSearch: max games reached
57907 info: 
Elapsed Time   0.344373s
Count          1
GamesPlayed    1
Nodes          1
Knowledge      0 (0.0%)
Expansions     0.0
Time           0.00
GameLen        109.0 dev=0.0 min=109.0 max=109.0
InTree         0.0 dev=0.0 min=0.0 max=0.0
KnowDepth      -
Aborted        0%
Games/s        3322.3
Score          0.00
Sequence      
57907 info: 
57907 warning: **** MoHexSearch returned empty sequence!
57907 warning: **** Returning random move!
<= 
<
>genmove w
<= h6
<
>play b g5
57907 info: Best move cannot be determined, must search state.
57907 info: --- MoHexPlayer::Search() ---
57907 info: Color: white
57907 info: MaxGames: 1
57907 info: NumberThreads: 1
57907 info: MaxNodes: 181818181 (15999999928 bytes)
57907 info: TimeForMove: 1
57907 info: PreSearch: max time reached (54/73).
57907 info: Time for PreSearch: 0.201292s
57907 info: 
  ea23b796d5e00b0d
  a  b  c  d  e  f  g  h  i  j  k  
 1\.  *  .  *  *  *  *  .  b  b  b\1
  2\.  .  *  *  *  *  *  *  .  B  .\2
   3\B  *  W  *  *  *  *  *  .  *  .\3
    4\.  *  *  *  *  *  W  .  W  .  B\4
     5\.  *  *  *  B  .  .  *  *  *  .\5
      6\.  *  *  *  *  B  *  *  *  B  .\6
       7\.  *  *  *  *  *  *  *  *  *  .\7
        8\.  *  *  *  *  *  *  *  *  *  .\8
         9\.  *  *  *  *  *  *  *  *  *  .\9
         10\.  *  *  *  W  *  *  W  *  .  .\10
          11\.  *  *  .  .  *  .  .  .  .  .\11
              a  b  c  d  e  f  g  h  i  j  k  
57907 info: Old: [black, j2] [white, swap-pieces] [white, e10] [black, j6] [white, c3] [black, k4] [white, i4] [black, a3] [white, g4] [black, f6] 
57907 info: New: [black, j2] [white, swap-pieces] [white, e10] [black, j6] [white, c3] [black, k4] [white, i4] [black, a3] [white, g4] [black, f6] [white, h10] [black, e5] 
57907 info: MovesPlayed: [white, h10] [black, e5] 
57907 info: No subtree to reuse.
57907 info: StartSearch()[0]
SgUctSearch: max games reached
57907 info: 
Elapsed Time   0.343401s
Count          1
GamesPlayed    1
Nodes          1
Knowledge      0 (0.0%)
Expansions     0.0
Time           0.00
GameLen        107.0 dev=0.0 min=107.0 max=107.0
InTree         0.0 dev=0.0 min=0.0 max=0.0
KnowDepth      -
Aborted        0%
Games/s        3558.7
Score          1.00
Sequence      
57907 info: 
57907 warning: **** MoHexSearch returned empty sequence!
57907 warning: **** Returning random move!
<= 
<
>genmove w
<= c6
<
>play b f2
57907 info: Best move cannot be determined, must search state.
57907 info: --- MoHexPlayer::Search() ---
57907 info: Color: white
57907 info: MaxGames: 1
57907 info: NumberThreads: 1
57907 info: MaxNodes: 181818181 (15999999928 bytes)
57907 info: TimeForMove: 1
57907 info: PreSearch: max time reached (42/69).
57907 info: Time for PreSearch: 0.203527s
57907 info: 
  742497d7669c0992
  a  b  c  d  e  f  g  h  i  j  k  
 1\.  *  .  *  *  *  *  .  b  b  b\1
  2\.  .  *  *  *  *  *  *  .  B  .\2
   3\B  *  W  *  *  *  *  *  .  *  .\3
    4\.  *  *  *  *  *  W  .  W  .  B\4
     5\.  *  *  *  B  .  B  .  .  .  .\5
      6\.  *  *  *  *  B  .  W  *  B  .\6
       7\.  *  *  *  *  *  *  *  *  *  .\7
        8\.  *  *  *  *  *  *  *  *  *  .\8
         9\.  *  *  *  *  *  *  *  *  *  .\9
         10\.  *  *  *  W  *  *  W  *  .  .\10
          11\.  *  *  .  .  *  .  .  .  .  .\11
              a  b  c  d  e  f  g  h  i  j  k  
57907 info: Old: [black, j2] [white, swap-pieces] [white, e10] [black, j6] [white, c3] [black, k4] [white, i4] [black, a3] [white, g4] [black, f6] [white, h10] [black, e5] 
57907 info: New: [black, j2] [white, swap-pieces] [white, e10] [black, j6] [white, c3] [black, k4] [white, i4] [black, a3] [white, g4] [black, f6] [white, h10] [black, e5] [white, h6] [black, g5] 
57907 info: MovesPlayed: [white, h6] [black, g5] 
57907 info: No subtree to reuse.
57907 info: StartSearch()[0]
SgUctSearch: max games reached
57907 info: 
Elapsed Time   0.366547s
Count          1
GamesPlayed    1
Nodes          1
Knowledge      0 (0.0%)
Expansions     0.0
Time           0.00
GameLen        105.0 dev=0.0 min=105.0 max=105.0
InTree         0.0 dev=0.0 min=0.0 max=0.0
KnowDepth      -
Aborted        0%
Games/s        3322.3
Score          0.00
Sequence      
57907 info: 
57907 warning: **** MoHexSearch returned empty sequence!
57907 warning: **** Returning random move!
<= 
<
>genmove w
<= a9
<
>play b e6
57907 info: Best move cannot be determined, must search state.
57907 info: --- MoHexPlayer::Search() ---
57907 info: Color: white
57907 info: MaxGames: 1
57907 info: NumberThreads: 1
57907 info: MaxNodes: 181818181 (15999999928 bytes)
57907 info: TimeForMove: 1
57907 info: PreSearch: max time reached (38/57).
57907 info: Time for PreSearch: 0.201938s
57907 info: 
  fb015d627c82a9bc
  a  b  c  d  e  f  g  h  i  j  k  
 1\.  *  .  .  b  b  b  b  b  b  b\1
  2\.  .  .  *  .  B  b  b  b  B  .\2
   3\B  *  W  *  *  *  .  b  b  *  .\3
    4\.  *  *  *  *  .  W  *  W  .  B\4
     5\.  *  *  *  B  .  B  .  .  .  .\5
      6\.  *  W  *  *  B  .  W  *  B  .\6
       7\.  .  *  *  *  *  *  *  *  *  .\7
        8\.  *  *  *  *  *  *  *  *  *  .\8
         9\.  *  *  *  *  *  *  *  *  *  .\9
         10\.  *  *  *  W  *  *  W  *  .  .\10
          11\.  *  *  .  .  *  .  .  .  .  .\11
              a  b  c  d  e  f  g  h  i  j  k  
57907 info: Old: [black, j2] [white, swap-pieces] [white, e10] [black, j6] [white, c3] [black, k4] [white, i4] [black, a3] [white, g4] [black, f6] [white, h10] [black, e5] [white, h6] [black, g5] 
57907 info: New: [black, j2] [white, swap-pieces] [white, e10] [black, j6] [white, c3] [black, k4] [white, i4] [black, a3] [white, g4] [black, f6] [white, h10] [black, e5] [white, h6] [black, g5] [white, c6] [black, f2] 
57907 info: MovesPlayed: [white, c6] [black, f2] 
57907 info: No subtree to reuse.
57907 info: StartSearch()[0]
SgUctSearch: max games reached
57907 info: 
Elapsed Time   0.358168s
Count          1
GamesPlayed    1
Nodes          1
Knowledge      0 (0.0%)
Expansions     0.0
Time           0.00
GameLen        94.0 dev=0.0 min=94.0 max=94.0
InTree         0.0 dev=0.0 min=0.0 max=0.0
KnowDepth      -
Aborted        0%
Games/s        2849.0
Score          1.00
Sequence      
57907 info: 
57907 warning: **** MoHexSearch returned empty sequence!
57907 warning: **** Returning random move!
<= 
<
>genmove w
<= j9
<
>play b a4
57907 info: Best move cannot be determined, must search state.
57907 info: --- MoHexPlayer::Search() ---
57907 info: Color: white
57907 info: MaxGames: 1
57907 info: NumberThreads: 1
57907 info: MaxNodes: 181818181 (15999999928 bytes)
57907 info: TimeForMove: 1
57907 info: Time for PreSearch: 0.15792s
57907 info: 
  3470f9d81a513cea
  a  b  c  d  e  f  g  h  i  j  k  
 1\b  b  b  b  b  b  b  b  b  b  b\1
  2\b  b  b  b  b  B  b  b  b  B  .\2
   3\B  .  W  .  b  b  b  b  b  *  .\3
    4\.  *  .  .  b  b  W  b  W  .  B\4
     5\.  .  .  .  B  b  B  .  .  .  .\5
      6\.  .  W  .  B  B  .  W  *  B  .\6
       7\.  .  *  *  *  *  *  *  *  *  .\7
        8\.  .  *  *  *  *  *  *  *  *  .\8
         9\W  *  *  *  *  *  *  *  *  *  .\9
         10\.  *  *  *  W  *  *  W  *  .  .\10
          11\.  *  *  .  .  *  .  .  .  .  .\11
              a  b  c  d  e  f  g  h  i  j  k  
57907 info: Old: [black, j2] [white, swap-pieces] [white, e10] [black, j6] [white, c3] [black, k4] [white, i4] [black, a3] [white, g4] [black, f6] [white, h10] [black, e5] [white, h6] [black, g5] [white, c6] [black, f2] 
57907 info: New: [black, j2] [white, swap-pieces] [white, e10] [black, j6] [white, c3] [black, k4] [white, i4] [black, a3] [white, g4] [black, f6] [white, h10] [black, e5] [white, h6] [black, g5] [white, c6] [black, f2] [white, a9] [black, e6] 
57907 info: MovesPlayed: [white, a9] [black, e6] 
57907 info: No subtree to reuse.
57907 info: StartSearch()[0]
SgUctSearch: max games reached
57907 info: 
Elapsed Time   0.303246s
Count          1
GamesPlayed    1
Nodes          1
Knowledge      0 (0.0%)
Expansions     0.0
Time           0.00
GameLen        76.0 dev=0.0 min=76.0 max=76.0
InTree         0.0 dev=0.0 min=0.0 max=0.0
KnowDepth      -
Aborted        0%
Games/s        3533.6
Score          0.00
Sequence      
57907 info: 
57907 warning: **** MoHexSearch returned empty sequence!
57907 warning: **** Returning random move!
<= 
<
>genmove w
<= g10
<
>play b f10
57907 info: Best move cannot be determined, must search state.
57907 info: --- MoHexPlayer::Search() ---
57907 info: Color: white
57907 info: MaxGames: 1
57907 info: NumberThreads: 1
57907 info: MaxNodes: 181818181 (15999999928 bytes)
57907 info: TimeForMove: 1
57907 info: Time for PreSearch: 0.11529s
57907 info: 
  c6575863a9c0ce55
  a  b  c  d  e  f  g  h  i  j  k  
 1\b  b  b  b  b  b  b  b  b  b  b\1
  2\b  b  w  b  b  B  b  b  b  B  .\2
   3\B  w  W  .  b  b  b  b  b  *  .\3
    4\B  .  .  .  b  b  W  b  W  .  B\4
     5\.  .  .  .  B  b  B  .  .  .  .\5
      6\.  .  W  .  B  B  .  W  *  B  w\6
       7\.  .  *  *  *  *  *  *  *  .  w\7
        8\.  .  *  *  *  *  *  *  .  .  w\8
         9\W  *  *  *  *  *  *  *  .  W  w\9
         10\.  *  *  *  W  *  *  W  .  w  w\10
          11\.  *  *  .  .  *  .  b  b  w  w\11
              a  b  c  d  e  f  g  h  i  j  k  
57907 info: Old: [black, j2] [white, swap-pieces] [white, e10] [black, j6] [white, c3] [black, k4] [white, i4] [black, a3] [white, g4] [black, f6] [white, h10] [black, e5] [white, h6] [black, g5] [white, c6] [black, f2] [white, a9] [black, e6] 
57907 info: New: [black, j2] [white, swap-pieces] [white, e10] [black, j6] [white, c3] [black, k4] [white, i4] [black, a3] [white, g4] [black, f6] [white, h10] [black, e5] [white, h6] [black, g5] [white, c6] [black, f2] [white, a9] [black, e6] [white, j9] [black, a4] 
57907 info: MovesPlayed: [white, j9] [black, a4] 
57907 info: No subtree to reuse.
57907 info: StartSearch()[0]
SgUctSearch: max games reached
57907 info: 
Elapsed Time   0.261365s
Count          1
GamesPlayed    1
Nodes          1
Knowledge      0 (0.0%)
Expansions     0.0
Time           0.00
GameLen        63.0 dev=0.0 min=63.0 max=63.0
InTree         0.0 dev=0.0 min=0.0 max=0.0
KnowDepth      -
Aborted        0%
Games/s        3533.6
Score          1.00
Sequence      
57907 info: 
57907 warning: **** MoHexSearch returned empty sequence!
57907 warning: **** Returning random move!
<= 
<
>genmove w
<= c7
<
>play b e8
57907 info: Best move cannot be determined, must search state.
57907 info: --- MoHexPlayer::Search() ---
57907 info: Color: white
57907 info: MaxGames: 1
57907 info: NumberThreads: 1
57907 info: MaxNodes: 181818181 (15999999928 bytes)
57907 info: TimeForMove: 1
57907 info: Time for PreSearch: 0.02678s
57907 info: 
  27cd33e772ef3ef8
  a  b  c  d  e  f  g  h  i  j  k  
 1\b  b  b  b  b  b  b  b  b  b  b\1
  2\b  b  w  b  b  B  b  b  b  B  .\2
   3\B  w  W  .  b  b  b  b  b  .  .\3
    4\B  .  .  .  b  b  W  b  W  .  B\4
     5\.  .  .  .  B  b  B  .  .  .  .\5
      6\.  .  W  .  B  B  .  W  .  B  w\6
       7\.  .  .  .  *  *  .  .  .  .  w\7
        8\.  .  .  .  *  *  .  .  .  .  w\8
         9\W  .  *  *  .  *  .  .  .  W  w\9
         10\.  *  *  *  W  B  W  W  .  w  w\10
          11\.  *  *  .  b  b  b  b  b  w  w\11
              a  b  c  d  e  f  g  h  i  j  k  
57907 info: Old: [black, j2] [white, swap-pieces] [white, e10] [black, j6] [white, c3] [black, k4] [white, i4] [black, a3] [white, g4] [black, f6] [white, h10] [black, e5] [white, h6] [black, g5] [white, c6] [black, f2] [white, a9] [black, e6] [white, j9] [black, a4] 
57907 info: New: [black, j2] [white, swap-pieces] [white, e10] [black, j6] [white, c3] [black, k4] [white, i4] [black, a3] [white, g4] [black, f6] [white, h10] [black, e5] [white, h6] [black, g5] [white, c6] [black, f2] [white, a9] [black, e6] [white, j9] [black, a4] [white, g10] [black, f10] 
57907 info: MovesPlayed: [white, g10] [black, f10] 
57907 info: No subtree to reuse.
57907 info: StartSearch()[0]
SgUctSearch: max games reached
57907 info: 
Elapsed Time   0.170622s
Count          1
GamesPlayed    1
Nodes          1
Knowledge      0 (0.0%)
Expansions     0.0
Time           0.00
GameLen        58.0 dev=0.0 min=58.0 max=58.0
InTree         0.0 dev=0.0 min=0.0 max=0.0
KnowDepth      -
Aborted        0%
Games/s        3584.2
Score          0.00
Sequence      
57907 info: 
57907 warning: **** MoHexSearch returned empty sequence!
57907 warning: **** Returning random move!
<= 
<
>genmove w
<= f7
<
>play b d8
57907 info: Opponent has won; playing most blocking move.
<= 
<
>genmove w
<= c10
<
>play b d10
57907 info: Opponent has won; playing most blocking move.
<= 
<
>genmove w
<= f3
<
>play b h4
57907 info: Opponent has won; playing most blocking move.
<= 
<
>genmove w
<= h1
<
>play b i3
57907 info: Captured cells caused win! Removing...
57907 info: Opponent has won; playing most blocking move.
<= 
<
>genmove w
<= d7
<
>play b e7
57907 info: Captured cells caused win! Removing...
57907 info: Opponent has won; playing most blocking move.
<= 
<
>genmove w
<= d9
<
>play b e9
57907 info: Captured cells caused win! Removing...
57907 info: Opponent has won; playing most blocking move.
<= 
<
>genmove w
<= f9
<
>play b c11
57907 info: Captured cells caused win! Removing...
57907 info: Opponent has won; playing most blocking move.
<= 
<
>genmove w
<= f1
<
>play b j1
57907 info: Captured cells caused win! Removing...
57907 info: Opponent has won; playing most blocking move.
<= 
<
>genmove w
<= resign
<
>final_score
<= B+
<
>quit
<= 
<
