# nice ../build/src/mohex/mohex --config mohex-cg2010.htp --seed 436668 --logfile-name jobs/11x11-mohex-mohex-cg2010-vs-mohex-mohex-weak-3/mohex-mohex-cg2010-7.log
>boardsize 11 11
MoHex 2.0.CMake Mar 21 2025
Copyright (C) 2007-2012 by the authors of the Benzene project.
This program comes with ABSOLUTELY NO WARRANTY. This is
free software and you are welcome to redistribute it under
certain conditions. Type `benzene-license' for details.

SgRandom::SetSeed: 436668
SgUctSearch: system memory 33632358400, using 1000000000 (5681818 nodes)
SgRandom::SetSeed: 1
SgRandom::SetSeed: 436668
ef567 info: Prior Patterns:
ef567 info: Global:
ef567 info: Size            = 565 32648 
ef567 info: TableEntries    = 65932 65910
ef567 info: MirrorsAdded    = 0 0
ef567 info: PrunableCount   = 30593 30629
ef567 info: LargestGamma    = 5820.77
ef567 info: SmallestGamma   = 6.6e-05
ef567 info: Local:
ef567 info: Size            = 550 5318 
ef567 info: TableEntries    = 11602 11588
ef567 info: MirrorsAdded    = 0 0
ef567 info: PrunableCount   = 3659 3667
ef567 info: LargestGamma    = 11281.8
ef567 info: SmallestGamma   = 0.026235
ef567 info: Playout Patterns:
ef567 info: Global:
ef567 info: Size            = 565 32648 
ef567 info: TableEntries    = 70329 70329
ef567 info: MirrorsAdded    = 4397 4419
ef567 info: PrunableCount   = 30593 30629
ef567 info: LargestGamma    = 5820.77
ef567 info: SmallestGamma   = 6.6e-05
ef567 info: Local:
ef567 info: Size            = 550 5318 
ef567 info: TableEntries    = 11602 11588
ef567 info: MirrorsAdded    = 0 0
ef567 info: PrunableCount   = 3659 3667
ef567 info: LargestGamma    = 11281.8
ef567 info: SmallestGamma   = 0.026235
param_game allow_swap 1
= 

param_mohex max_memory 32000000000
= 

param_mohex num_threads 1
= 

param_mohex max_time 1
= 

param_mohex max_games 1
= 

param_mohex knowledge_threshold 400
= 

param_mohex reuse_subtree 1
= 

param_mohex use_parallel_solver 0
= 

<= 
<
>name
<= MoHex
<
>version
<= 2.0.CMake
<
>play b a4
<= 
<
>genmove w
<= swap-pieces
<
>showboard
ef567 info: SwapCheck: reading from '/home/linus/MoHex2.0/nfbranchfix/benzene-vanilla-cmake/share/swap-moves.txt'.
ef567 info: SwapCheck: playing swap.
<= 
< 
<  16fb1f9bcce4491b
<  a  b  c  d  e  f  g  h  i  j  k  
< 1\.  .  .  .  .  .  .  .  .  .  .\1
<  2\.  .  .  .  .  .  .  .  .  .  .\2
<   3\.  .  .  .  .  .  .  .  .  .  .\3
<    4\B  .  .  .  .  .  .  .  .  .  .\4
<     5\.  .  .  .  .  .  .  .  .  .  .\5
<      6\.  .  .  .  .  .  .  .  .  .  .\6
<       7\.  .  .  .  .  .  .  .  .  .  .\7
<        8\.  .  .  .  .  .  .  .  .  .  .\8
<         9\.  .  .  .  .  .  .  .  .  .  .\9
<         10\.  .  .  .  .  .  .  .  .  .  .\10
<          11\.  .  .  .  .  .  .  .  .  .  .\11
<              a  b  c  d  e  f  g  h  i  j  k  
<
>play w e9
<= 
<
>showboard
<= 
< 
<  1527fb085a882cf7
<  a  b  c  d  e  f  g  h  i  j  k  
< 1\.  .  .  .  .  .  .  .  .  .  .\1
<  2\.  .  .  .  .  .  .  .  .  .  .\2
<   3\.  .  .  .  .  .  .  .  .  .  .\3
<    4\B  .  .  .  .  .  .  .  .  .  .\4
<     5\.  .  .  .  .  .  .  .  .  .  .\5
<      6\.  .  .  .  .  .  .  .  .  .  .\6
<       7\.  .  .  .  .  .  .  .  .  .  .\7
<        8\.  .  .  .  .  .  .  .  .  .  .\8
<         9\.  .  .  .  W  .  .  .  .  .  .\9
<         10\.  .  .  .  .  .  .  .  .  .  .\10
<          11\.  .  .  .  .  .  .  .  .  .  .\11
<              a  b  c  d  e  f  g  h  i  j  k  
<
>genmove b
<= h2
<
>showboard
ef567 info: Best move cannot be determined, must search state.
ef567 info: --- MoHexPlayer::Search() ---
ef567 info: Color: black
ef567 info: MaxGames: 1
ef567 info: NumberThreads: 1
ef567 info: MaxNodes: 181818181 (15999999928 bytes)
ef567 info: TimeForMove: 1
ef567 info: PreSearch: max time reached (58/89).
ef567 info: Time for PreSearch: 0.204045s
ef567 info: 
  1527fb085a882cf7
  a  b  c  d  e  f  g  h  i  j  k  
 1\.  .  .  .  .  .  .  .  .  .  .\1
  2\.  .  *  *  *  *  *  *  *  *  *\2
   3\.  *  *  *  *  *  *  *  *  *  *\3
    4\B  *  *  *  *  *  *  *  *  *  *\4
     5\*  *  *  *  *  *  *  *  *  *  *\5
      6\*  *  *  *  *  *  *  *  *  *  *\6
       7\*  *  *  *  *  *  *  *  *  *  *\7
        8\*  *  *  *  *  *  *  *  *  *  *\8
         9\*  *  *  *  W  *  *  *  *  *  .\9
         10\*  *  *  .  .  *  *  *  *  .  .\10
          11\.  .  .  .  .  .  .  .  .  .  .\11
              a  b  c  d  e  f  g  h  i  j  k  
ef567 info: No subtree to reuse.
ef567 info: Creating thread 0
ef567 info: StartSearch()[0]
SgUctSearch: max games reached
ef567 info: 
Elapsed Time   0.35007s
Count          1
GamesPlayed    1
Nodes          1
Knowledge      0 (0.0%)
Expansions     0.0
Time           0.00
GameLen        119.0 dev=0.0 min=119.0 max=119.0
InTree         0.0 dev=0.0 min=0.0 max=0.0
KnowDepth      -
Aborted        0%
Games/s        358.6
Score          1.00
Sequence      
ef567 info: 
ef567 warning: **** MoHexSearch returned empty sequence!
ef567 warning: **** Returning random move!
<= 
< 
<  71f26e0ffbb7d36a
<  a  b  c  d  e  f  g  h  i  j  k  
< 1\.  .  .  .  .  .  .  .  .  .  .\1
<  2\.  .  .  .  .  .  .  B  .  .  .\2
<   3\.  .  .  .  .  .  .  .  .  .  .\3
<    4\B  .  .  .  .  .  .  .  .  .  .\4
<     5\.  .  .  .  .  .  .  .  .  .  .\5
<      6\.  .  .  .  .  .  .  .  .  .  .\6
<       7\.  .  .  .  .  .  .  .  .  .  .\7
<        8\.  .  .  .  .  .  .  .  .  .  .\8
<         9\.  .  .  .  W  .  .  .  .  .  .\9
<         10\.  .  .  .  .  .  .  .  .  .  .\10
<          11\.  .  .  .  .  .  .  .  .  .  .\11
<              a  b  c  d  e  f  g  h  i  j  k  
<
>play w g10
<= 
<
>showboard
<= 
< 
<  16b7c63fe6cd7fce
<  a  b  c  d  e  f  g  h  i  j  k  
< 1\.  .  .  .  .  .  .  .  .  .  .\1
<  2\.  .  .  .  .  .  .  B  .  .  .\2
<   3\.  .  .  .  .  .  .  .  .  .  .\3
<    4\B  .  .  .  .  .  .  .  .  .  .\4
<     5\.  .  .  .  .  .  .  .  .  .  .\5
<      6\.  .  .  .  .  .  .  .  .  .  .\6
<       7\.  .  .  .  .  .  .  .  .  .  .\7
<        8\.  .  .  .  .  .  .  .  .  .  .\8
<         9\.  .  .  .  W  .  .  .  .  .  .\9
<         10\.  .  .  .  .  .  W  .  .  .  .\10
<          11\.  .  .  .  .  .  .  .  .  .  .\11
<              a  b  c  d  e  f  g  h  i  j  k  
<
>genmove b
<= h11
<
>showboard
ef567 info: Best move cannot be determined, must search state.
ef567 info: --- MoHexPlayer::Search() ---
ef567 info: Color: black
ef567 info: MaxGames: 1
ef567 info: NumberThreads: 1
ef567 info: MaxNodes: 181818181 (15999999928 bytes)
ef567 info: TimeForMove: 1
ef567 info: PreSearch: max time reached (65/85).
ef567 info: Time for PreSearch: 0.201648s
ef567 info: 
  16b7c63fe6cd7fce
  a  b  c  d  e  f  g  h  i  j  k  
 1\.  .  .  .  .  .  b  b  b  b  .\1
  2\.  .  *  *  *  *  .  B  .  *  *\2
   3\.  *  *  *  *  *  *  *  *  *  *\3
    4\B  *  *  *  *  *  *  *  *  *  *\4
     5\*  *  *  *  *  *  *  *  *  *  *\5
      6\*  *  *  *  *  *  *  *  *  *  *\6
       7\*  *  *  *  *  *  *  *  *  *  *\7
        8\*  *  *  *  *  *  *  *  *  *  *\8
         9\*  *  *  *  W  *  *  *  *  *  .\9
         10\*  *  *  .  .  *  W  *  *  .  .\10
          11\.  .  .  .  .  .  .  .  .  .  .\11
              a  b  c  d  e  f  g  h  i  j  k  
ef567 info: Old: [black, a4] [white, swap-pieces] [white, e9] 
ef567 info: New: [black, a4] [white, swap-pieces] [white, e9] [black, h2] [white, g10] 
ef567 info: MovesPlayed: [black, h2] [white, g10] 
ef567 info: No subtree to reuse.
ef567 info: StartSearch()[0]
SgUctSearch: max games reached
ef567 info: 
Elapsed Time   0.420754s
Count          1
GamesPlayed    1
Nodes          1
Knowledge      0 (0.0%)
Expansions     0.0
Time           0.00
GameLen        113.0 dev=0.0 min=113.0 max=113.0
InTree         0.0 dev=0.0 min=0.0 max=0.0
KnowDepth      -
Aborted        0%
Games/s        2777.8
Score          0.00
Sequence      
ef567 info: 
ef567 warning: **** MoHexSearch returned empty sequence!
ef567 warning: **** Returning random move!
<= 
< 
<  e293eb744c9be7cf
<  a  b  c  d  e  f  g  h  i  j  k  
< 1\.  .  .  .  .  .  .  .  .  .  .\1
<  2\.  .  .  .  .  .  .  B  .  .  .\2
<   3\.  .  .  .  .  .  .  .  .  .  .\3
<    4\B  .  .  .  .  .  .  .  .  .  .\4
<     5\.  .  .  .  .  .  .  .  .  .  .\5
<      6\.  .  .  .  .  .  .  .  .  .  .\6
<       7\.  .  .  .  .  .  .  .  .  .  .\7
<        8\.  .  .  .  .  .  .  .  .  .  .\8
<         9\.  .  .  .  W  .  .  .  .  .  .\9
<         10\.  .  .  .  .  .  W  .  .  .  .\10
<          11\.  .  .  .  .  .  .  B  .  .  .\11
<              a  b  c  d  e  f  g  h  i  j  k  
<
>play w d2
<= 
<
>showboard
<= 
< 
<  6e567e988a05fcef
<  a  b  c  d  e  f  g  h  i  j  k  
< 1\.  .  .  .  .  .  .  .  .  .  .\1
<  2\.  .  .  W  .  .  .  B  .  .  .\2
<   3\.  .  .  .  .  .  .  .  .  .  .\3
<    4\B  .  .  .  .  .  .  .  .  .  .\4
<     5\.  .  .  .  .  .  .  .  .  .  .\5
<      6\.  .  .  .  .  .  .  .  .  .  .\6
<       7\.  .  .  .  .  .  .  .  .  .  .\7
<        8\.  .  .  .  .  .  .  .  .  .  .\8
<         9\.  .  .  .  W  .  .  .  .  .  .\9
<         10\.  .  .  .  .  .  W  .  .  .  .\10
<          11\.  .  .  .  .  .  .  B  .  .  .\11
<              a  b  c  d  e  f  g  h  i  j  k  
<
>genmove b
<= a8
<
>showboard
ef567 info: Best move cannot be determined, must search state.
ef567 info: --- MoHexPlayer::Search() ---
ef567 info: Color: black
ef567 info: MaxGames: 1
ef567 info: NumberThreads: 1
ef567 info: MaxNodes: 181818181 (15999999928 bytes)
ef567 info: TimeForMove: 1
ef567 info: PreSearch: max time reached (82/84).
ef567 info: Time for PreSearch: 0.200412s
ef567 info: 
  6e567e988a05fcef
  a  b  c  d  e  f  g  h  i  j  k  
 1\.  .  .  .  b  b  b  b  b  b  .\1
  2\.  .  *  W  .  .  .  B  .  *  *\2
   3\.  .  *  *  *  *  *  *  *  *  *\3
    4\B  *  *  *  *  *  *  *  *  *  *\4
     5\*  *  *  *  *  *  *  *  *  *  *\5
      6\*  *  *  *  *  *  *  *  *  *  *\6
       7\*  *  *  *  *  *  *  *  *  *  *\7
        8\*  *  *  *  *  *  *  *  *  *  *\8
         9\*  *  *  *  W  *  *  *  *  *  *\9
         10\*  *  *  .  .  *  W  *  *  .  .\10
          11\.  .  .  .  .  .  b  B  .  .  .\11
              a  b  c  d  e  f  g  h  i  j  k  
ef567 info: Old: [black, a4] [white, swap-pieces] [white, e9] [black, h2] [white, g10] 
ef567 info: New: [black, a4] [white, swap-pieces] [white, e9] [black, h2] [white, g10] [black, h11] [white, d2] 
ef567 info: MovesPlayed: [black, h11] [white, d2] 
ef567 info: No subtree to reuse.
ef567 info: StartSearch()[0]
SgUctSearch: max games reached
ef567 info: 
Elapsed Time   0.364394s
Count          1
GamesPlayed    1
Nodes          1
Knowledge      0 (0.0%)
Expansions     0.0
Time           0.00
GameLen        108.0 dev=0.0 min=108.0 max=108.0
InTree         0.0 dev=0.0 min=0.0 max=0.0
KnowDepth      -
Aborted        0%
Games/s        3067.5
Score          0.00
Sequence      
ef567 info: 
ef567 warning: **** MoHexSearch returned empty sequence!
ef567 warning: **** Returning random move!
<= 
< 
<  1286f566c02202af
<  a  b  c  d  e  f  g  h  i  j  k  
< 1\.  .  .  .  .  .  .  .  .  .  .\1
<  2\.  .  .  W  .  .  .  B  .  .  .\2
<   3\.  .  .  .  .  .  .  .  .  .  .\3
<    4\B  .  .  .  .  .  .  .  .  .  .\4
<     5\.  .  .  .  .  .  .  .  .  .  .\5
<      6\.  .  .  .  .  .  .  .  .  .  .\6
<       7\.  .  .  .  .  .  .  .  .  .  .\7
<        8\B  .  .  .  .  .  .  .  .  .  .\8
<         9\.  .  .  .  W  .  .  .  .  .  .\9
<         10\.  .  .  .  .  .  W  .  .  .  .\10
<          11\.  .  .  .  .  .  .  B  .  .  .\11
<              a  b  c  d  e  f  g  h  i  j  k  
<
>play w h8
<= 
<
>showboard
<= 
< 
<  84444df4e81e2754
<  a  b  c  d  e  f  g  h  i  j  k  
< 1\.  .  .  .  .  .  .  .  .  .  .\1
<  2\.  .  .  W  .  .  .  B  .  .  .\2
<   3\.  .  .  .  .  .  .  .  .  .  .\3
<    4\B  .  .  .  .  .  .  .  .  .  .\4
<     5\.  .  .  .  .  .  .  .  .  .  .\5
<      6\.  .  .  .  .  .  .  .  .  .  .\6
<       7\.  .  .  .  .  .  .  .  .  .  .\7
<        8\B  .  .  .  .  .  .  W  .  .  .\8
<         9\.  .  .  .  W  .  .  .  .  .  .\9
<         10\.  .  .  .  .  .  W  .  .  .  .\10
<          11\.  .  .  .  .  .  .  B  .  .  .\11
<              a  b  c  d  e  f  g  h  i  j  k  
<
>genmove b
<= i8
<
>showboard
ef567 info: Best move cannot be determined, must search state.
ef567 info: --- MoHexPlayer::Search() ---
ef567 info: Color: black
ef567 info: MaxGames: 1
ef567 info: NumberThreads: 1
ef567 info: MaxNodes: 181818181 (15999999928 bytes)
ef567 info: TimeForMove: 1
ef567 info: PreSearch: max time reached (74/82).
ef567 info: Time for PreSearch: 0.201418s
ef567 info: 
  84444df4e81e2754
  a  b  c  d  e  f  g  h  i  j  k  
 1\.  .  .  .  b  b  b  b  b  b  .\1
  2\.  .  *  W  .  .  .  B  .  *  *\2
   3\.  .  *  *  *  *  *  *  *  *  *\3
    4\B  *  *  *  *  *  *  *  *  *  *\4
     5\*  *  *  *  *  *  *  *  *  *  *\5
      6\*  *  *  *  *  *  *  *  *  *  *\6
       7\*  *  *  *  *  *  *  *  *  *  *\7
        8\B  *  *  *  *  *  *  W  *  *  *\8
         9\*  *  *  *  W  *  *  *  *  *  *\9
         10\*  *  *  .  .  *  W  *  *  .  .\10
          11\.  .  .  .  .  .  b  B  .  .  .\11
              a  b  c  d  e  f  g  h  i  j  k  
ef567 info: Old: [black, a4] [white, swap-pieces] [white, e9] [black, h2] [white, g10] [black, h11] [white, d2] 
ef567 info: New: [black, a4] [white, swap-pieces] [white, e9] [black, h2] [white, g10] [black, h11] [white, d2] [black, a8] [white, h8] 
ef567 info: MovesPlayed: [black, a8] [white, h8] 
ef567 info: No subtree to reuse.
ef567 info: StartSearch()[0]
SgUctSearch: max games reached
ef567 info: 
Elapsed Time   0.345083s
Count          1
GamesPlayed    1
Nodes          1
Knowledge      0 (0.0%)
Expansions     0.0
Time           0.00
GameLen        106.0 dev=0.0 min=106.0 max=106.0
InTree         0.0 dev=0.0 min=0.0 max=0.0
KnowDepth      -
Aborted        0%
Games/s        3472.2
Score          1.00
Sequence      
ef567 info: 
ef567 warning: **** MoHexSearch returned empty sequence!
ef567 warning: **** Returning random move!
<= 
< 
<  cc4711d546ed604c
<  a  b  c  d  e  f  g  h  i  j  k  
< 1\.  .  .  .  .  .  .  .  .  .  .\1
<  2\.  .  .  W  .  .  .  B  .  .  .\2
<   3\.  .  .  .  .  .  .  .  .  .  .\3
<    4\B  .  .  .  .  .  .  .  .  .  .\4
<     5\.  .  .  .  .  .  .  .  .  .  .\5
<      6\.  .  .  .  .  .  .  .  .  .  .\6
<       7\.  .  .  .  .  .  .  .  .  .  .\7
<        8\B  .  .  .  .  .  .  W  B  .  .\8
<         9\.  .  .  .  W  .  .  .  .  .  .\9
<         10\.  .  .  .  .  .  W  .  .  .  .\10
<          11\.  .  .  .  .  .  .  B  .  .  .\11
<              a  b  c  d  e  f  g  h  i  j  k  
<
>play w j10
<= 
<
>showboard
<= 
< 
<  ef6891c7b398520b
<  a  b  c  d  e  f  g  h  i  j  k  
< 1\.  .  .  .  .  .  .  .  .  .  .\1
<  2\.  .  .  W  .  .  .  B  .  .  .\2
<   3\.  .  .  .  .  .  .  .  .  .  .\3
<    4\B  .  .  .  .  .  .  .  .  .  .\4
<     5\.  .  .  .  .  .  .  .  .  .  .\5
<      6\.  .  .  .  .  .  .  .  .  .  .\6
<       7\.  .  .  .  .  .  .  .  .  .  .\7
<        8\B  .  .  .  .  .  .  W  B  .  .\8
<         9\.  .  .  .  W  .  .  .  .  .  .\9
<         10\.  .  .  .  .  .  W  .  .  W  .\10
<          11\.  .  .  .  .  .  .  B  .  .  .\11
<              a  b  c  d  e  f  g  h  i  j  k  
<
>genmove b
<= i4
<
>showboard
ef567 info: Best move cannot be determined, must search state.
ef567 info: --- MoHexPlayer::Search() ---
ef567 info: Color: black
ef567 info: MaxGames: 1
ef567 info: NumberThreads: 1
ef567 info: MaxNodes: 181818181 (15999999928 bytes)
ef567 info: TimeForMove: 1
ef567 info: Time for PreSearch: 0.176679s
ef567 info: 
  ef6891c7b398520b
  a  b  c  d  e  f  g  h  i  j  k  
 1\.  .  .  .  b  b  b  b  b  b  .\1
  2\.  .  *  W  .  .  .  B  .  *  *\2
   3\.  .  *  *  *  *  *  *  *  *  *\3
    4\B  *  *  *  *  *  *  *  *  *  *\4
     5\*  *  *  *  *  *  *  *  *  *  *\5
      6\*  *  *  *  *  *  *  *  *  *  *\6
       7\*  *  *  *  *  *  *  *  *  *  .\7
        8\B  *  *  *  *  *  *  W  B  *  w\8
         9\*  *  *  *  W  *  *  *  *  .  w\9
         10\*  *  *  .  .  *  W  .  .  W  w\10
          11\.  .  .  .  .  .  b  B  b  b  b\11
              a  b  c  d  e  f  g  h  i  j  k  
ef567 info: Old: [black, a4] [white, swap-pieces] [white, e9] [black, h2] [white, g10] [black, h11] [white, d2] [black, a8] [white, h8] 
ef567 info: New: [black, a4] [white, swap-pieces] [white, e9] [black, h2] [white, g10] [black, h11] [white, d2] [black, a8] [white, h8] [black, i8] [white, j10] 
ef567 info: MovesPlayed: [black, i8] [white, j10] 
ef567 info: No subtree to reuse.
ef567 info: StartSearch()[0]
SgUctSearch: max games reached
ef567 info: 
Elapsed Time   0.31782s
Count          1
GamesPlayed    1
Nodes          1
Knowledge      0 (0.0%)
Expansions     0.0
Time           0.00
GameLen        98.0 dev=0.0 min=98.0 max=98.0
InTree         0.0 dev=0.0 min=0.0 max=0.0
KnowDepth      -
Aborted        0%
Games/s        3731.3
Score          1.00
Sequence      
ef567 info: 
ef567 warning: **** MoHexSearch returned empty sequence!
ef567 warning: **** Returning random move!
<= 
< 
<  b9be843cb663c696
<  a  b  c  d  e  f  g  h  i  j  k  
< 1\.  .  .  .  .  .  .  .  .  .  .\1
<  2\.  .  .  W  .  .  .  B  .  .  .\2
<   3\.  .  .  .  .  .  .  .  .  .  .\3
<    4\B  .  .  .  .  .  .  .  B  .  .\4
<     5\.  .  .  .  .  .  .  .  .  .  .\5
<      6\.  .  .  .  .  .  .  .  .  .  .\6
<       7\.  .  .  .  .  .  .  .  .  .  .\7
<        8\B  .  .  .  .  .  .  W  B  .  .\8
<         9\.  .  .  .  W  .  .  .  .  .  .\9
<         10\.  .  .  .  .  .  W  .  .  W  .\10
<          11\.  .  .  .  .  .  .  B  .  .  .\11
<              a  b  c  d  e  f  g  h  i  j  k  
<
>play w f4
<= 
<
>showboard
<= 
< 
<  b58d9d7a8ca0ea35
<  a  b  c  d  e  f  g  h  i  j  k  
< 1\.  .  .  .  .  .  .  .  .  .  .\1
<  2\.  .  .  W  .  .  .  B  .  .  .\2
<   3\.  .  .  .  .  .  .  .  .  .  .\3
<    4\B  .  .  .  .  W  .  .  B  .  .\4
<     5\.  .  .  .  .  .  .  .  .  .  .\5
<      6\.  .  .  .  .  .  .  .  .  .  .\6
<       7\.  .  .  .  .  .  .  .  .  .  .\7
<        8\B  .  .  .  .  .  .  W  B  .  .\8
<         9\.  .  .  .  W  .  .  .  .  .  .\9
<         10\.  .  .  .  .  .  W  .  .  W  .\10
<          11\.  .  .  .  .  .  .  B  .  .  .\11
<              a  b  c  d  e  f  g  h  i  j  k  
<
>genmove b
<= k3
<
>showboard
ef567 info: Best move cannot be determined, must search state.
ef567 info: --- MoHexPlayer::Search() ---
ef567 info: Color: black
ef567 info: MaxGames: 1
ef567 info: NumberThreads: 1
ef567 info: MaxNodes: 181818181 (15999999928 bytes)
ef567 info: TimeForMove: 1
ef567 info: Time for PreSearch: 0.1688s
ef567 info: 
  b58d9d7a8ca0ea35
  a  b  c  d  e  f  g  h  i  j  k  
 1\.  .  .  .  b  b  b  b  b  b  .\1
  2\.  .  *  W  .  .  .  B  .  *  *\2
   3\.  .  *  *  *  .  .  *  *  *  *\3
    4\B  *  *  *  *  W  *  *  B  *  *\4
     5\*  *  *  *  *  *  *  *  *  *  *\5
      6\*  *  *  *  *  *  *  *  *  *  *\6
       7\*  *  *  *  *  *  *  *  *  *  .\7
        8\B  *  *  *  *  *  *  W  B  *  w\8
         9\*  *  *  *  W  *  *  *  *  .  w\9
         10\*  *  *  .  .  *  W  .  .  W  w\10
          11\.  .  .  .  .  .  b  B  b  b  b\11
              a  b  c  d  e  f  g  h  i  j  k  
ef567 info: Old: [black, a4] [white, swap-pieces] [white, e9] [black, h2] [white, g10] [black, h11] [white, d2] [black, a8] [white, h8] [black, i8] [white, j10] 
ef567 info: New: [black, a4] [white, swap-pieces] [white, e9] [black, h2] [white, g10] [black, h11] [white, d2] [black, a8] [white, h8] [black, i8] [white, j10] [black, i4] [white, f4] 
ef567 info: MovesPlayed: [black, i4] [white, f4] 
ef567 info: No subtree to reuse.
ef567 info: StartSearch()[0]
SgUctSearch: max games reached
ef567 info: 
Elapsed Time   0.318642s
Count          1
GamesPlayed    1
Nodes          1
Knowledge      0 (0.0%)
Expansions     0.0
Time           0.00
GameLen        96.0 dev=0.0 min=96.0 max=96.0
InTree         0.0 dev=0.0 min=0.0 max=0.0
KnowDepth      -
Aborted        0%
Games/s        3125.0
Score          1.00
Sequence      
ef567 info: 
ef567 warning: **** MoHexSearch returned empty sequence!
ef567 warning: **** Returning random move!
<= 
< 
<  f6d089577ccf803d
<  a  b  c  d  e  f  g  h  i  j  k  
< 1\.  .  .  .  .  .  .  .  .  .  .\1
<  2\.  .  .  W  .  .  .  B  .  .  .\2
<   3\.  .  .  .  .  .  .  .  .  .  B\3
<    4\B  .  .  .  .  W  .  .  B  .  .\4
<     5\.  .  .  .  .  .  .  .  .  .  .\5
<      6\.  .  .  .  .  .  .  .  .  .  .\6
<       7\.  .  .  .  .  .  .  .  .  .  .\7
<        8\B  .  .  .  .  .  .  W  B  .  .\8
<         9\.  .  .  .  W  .  .  .  .  .  .\9
<         10\.  .  .  .  .  .  W  .  .  W  .\10
<          11\.  .  .  .  .  .  .  B  .  .  .\11
<              a  b  c  d  e  f  g  h  i  j  k  
<
>play w h10
<= 
<
>showboard
<= 
< 
<  8ad6b385a19e587e
<  a  b  c  d  e  f  g  h  i  j  k  
< 1\.  .  .  .  .  .  .  .  .  .  .\1
<  2\.  .  .  W  .  .  .  B  .  .  .\2
<   3\.  .  .  .  .  .  .  .  .  .  B\3
<    4\B  .  .  .  .  W  .  .  B  .  .\4
<     5\.  .  .  .  .  .  .  .  .  .  .\5
<      6\.  .  .  .  .  .  .  .  .  .  .\6
<       7\.  .  .  .  .  .  .  .  .  .  .\7
<        8\B  .  .  .  .  .  .  W  B  .  .\8
<         9\.  .  .  .  W  .  .  .  .  .  .\9
<         10\.  .  .  .  .  .  W  W  .  W  .\10
<          11\.  .  .  .  .  .  .  B  .  .  .\11
<              a  b  c  d  e  f  g  h  i  j  k  
<
>genmove b
<= j7
<
>showboard
ef567 info: Best move cannot be determined, must search state.
ef567 info: --- MoHexPlayer::Search() ---
ef567 info: Color: black
ef567 info: MaxGames: 1
ef567 info: NumberThreads: 1
ef567 info: MaxNodes: 181818181 (15999999928 bytes)
ef567 info: TimeForMove: 1
ef567 info: Time for PreSearch: 0.190858s
ef567 info: 
  8ad6b385a19e587e
  a  b  c  d  e  f  g  h  i  j  k  
 1\.  .  .  .  b  b  b  b  b  b  .\1
  2\.  .  *  W  .  .  .  B  .  *  *\2
   3\.  .  *  *  *  .  .  *  *  *  B\3
    4\B  *  *  *  *  W  *  *  B  *  *\4
     5\*  *  *  *  *  *  *  *  *  *  *\5
      6\*  *  *  *  *  *  *  *  *  *  *\6
       7\*  *  *  *  *  *  *  *  *  *  .\7
        8\B  *  *  *  *  *  *  W  B  *  w\8
         9\*  *  *  *  W  *  *  .  .  .  w\9
         10\*  *  *  .  .  *  W  W  *  W  w\10
          11\.  .  .  .  .  .  b  B  b  b  b\11
              a  b  c  d  e  f  g  h  i  j  k  
ef567 info: Old: [black, a4] [white, swap-pieces] [white, e9] [black, h2] [white, g10] [black, h11] [white, d2] [black, a8] [white, h8] [black, i8] [white, j10] [black, i4] [white, f4] 
ef567 info: New: [black, a4] [white, swap-pieces] [white, e9] [black, h2] [white, g10] [black, h11] [white, d2] [black, a8] [white, h8] [black, i8] [white, j10] [black, i4] [white, f4] [black, k3] [white, h10] 
ef567 info: MovesPlayed: [black, k3] [white, h10] 
ef567 info: No subtree to reuse.
ef567 info: StartSearch()[0]
SgUctSearch: max games reached
ef567 info: 
Elapsed Time   0.350076s
Count          1
GamesPlayed    1
Nodes          1
Knowledge      0 (0.0%)
Expansions     0.0
Time           0.00
GameLen        94.0 dev=0.0 min=94.0 max=94.0
InTree         0.0 dev=0.0 min=0.0 max=0.0
KnowDepth      -
Aborted        0%
Games/s        2584.0
Score          1.00
Sequence      
ef567 info: 
ef567 warning: **** MoHexSearch returned empty sequence!
ef567 warning: **** Returning random move!
<= 
< 
<  721f80d199d49663
<  a  b  c  d  e  f  g  h  i  j  k  
< 1\.  .  .  .  .  .  .  .  .  .  .\1
<  2\.  .  .  W  .  .  .  B  .  .  .\2
<   3\.  .  .  .  .  .  .  .  .  .  B\3
<    4\B  .  .  .  .  W  .  .  B  .  .\4
<     5\.  .  .  .  .  .  .  .  .  .  .\5
<      6\.  .  .  .  .  .  .  .  .  .  .\6
<       7\.  .  .  .  .  .  .  .  .  B  .\7
<        8\B  .  .  .  .  .  .  W  B  .  .\8
<         9\.  .  .  .  W  .  .  .  .  .  .\9
<         10\.  .  .  .  .  .  W  W  .  W  .\10
<          11\.  .  .  .  .  .  .  B  .  .  .\11
<              a  b  c  d  e  f  g  h  i  j  k  
<
>play w h4
<= 
<
>showboard
<= 
< 
<  fca193f32fa2447b
<  a  b  c  d  e  f  g  h  i  j  k  
< 1\.  .  .  .  .  .  .  .  .  .  .\1
<  2\.  .  .  W  .  .  .  B  .  .  .\2
<   3\.  .  .  .  .  .  .  .  .  .  B\3
<    4\B  .  .  .  .  W  .  W  B  .  .\4
<     5\.  .  .  .  .  .  .  .  .  .  .\5
<      6\.  .  .  .  .  .  .  .  .  .  .\6
<       7\.  .  .  .  .  .  .  .  .  B  .\7
<        8\B  .  .  .  .  .  .  W  B  .  .\8
<         9\.  .  .  .  W  .  .  .  .  .  .\9
<         10\.  .  .  .  .  .  W  W  .  W  .\10
<          11\.  .  .  .  .  .  .  B  .  .  .\11
<              a  b  c  d  e  f  g  h  i  j  k  
<
>genmove b
<= k2
<
>showboard
ef567 info: Best move cannot be determined, must search state.
ef567 info: --- MoHexPlayer::Search() ---
ef567 info: Color: black
ef567 info: MaxGames: 1
ef567 info: NumberThreads: 1
ef567 info: MaxNodes: 181818181 (15999999928 bytes)
ef567 info: TimeForMove: 1
ef567 info: Time for PreSearch: 0.150629s
ef567 info: 
  fca193f32fa2447b
  a  b  c  d  e  f  g  h  i  j  k  
 1\.  .  .  .  b  b  b  b  b  b  .\1
  2\.  .  *  W  .  .  .  B  .  *  *\2
   3\.  .  *  *  *  .  *  .  *  *  B\3
    4\B  *  *  *  *  W  *  W  B  *  *\4
     5\*  *  *  *  *  *  *  *  *  *  *\5
      6\*  *  *  *  *  *  *  *  *  *  .\6
       7\*  *  *  *  *  *  *  *  *  B  w\7
        8\B  *  *  *  *  *  *  W  B  w  w\8
         9\*  *  *  *  W  *  *  .  w  w  w\9
         10\*  *  *  .  .  *  W  W  w  W  w\10
          11\.  .  .  .  .  .  b  B  b  b  b\11
              a  b  c  d  e  f  g  h  i  j  k  
ef567 info: Old: [black, a4] [white, swap-pieces] [white, e9] [black, h2] [white, g10] [black, h11] [white, d2] [black, a8] [white, h8] [black, i8] [white, j10] [black, i4] [white, f4] [black, k3] [white, h10] 
ef567 info: New: [black, a4] [white, swap-pieces] [white, e9] [black, h2] [white, g10] [black, h11] [white, d2] [black, a8] [white, h8] [black, i8] [white, j10] [black, i4] [white, f4] [black, k3] [white, h10] [black, j7] [white, h4] 
ef567 info: MovesPlayed: [black, j7] [white, h4] 
ef567 info: No subtree to reuse.
ef567 info: StartSearch()[0]
SgUctSearch: max games reached
ef567 info: 
Elapsed Time   0.306274s
Count          1
GamesPlayed    1
Nodes          1
Knowledge      0 (0.0%)
Expansions     0.0
Time           0.00
GameLen        87.0 dev=0.0 min=87.0 max=87.0
InTree         0.0 dev=0.0 min=0.0 max=0.0
KnowDepth      -
Aborted        0%
Games/s        3194.9
Score          0.00
Sequence      
ef567 info: 
ef567 warning: **** MoHexSearch returned empty sequence!
ef567 warning: **** Returning random move!
<= 
< 
<  de79dc257fcae4af
<  a  b  c  d  e  f  g  h  i  j  k  
< 1\.  .  .  .  .  .  .  .  .  .  .\1
<  2\.  .  .  W  .  .  .  B  .  .  B\2
<   3\.  .  .  .  .  .  .  .  .  .  B\3
<    4\B  .  .  .  .  W  .  W  B  .  .\4
<     5\.  .  .  .  .  .  .  .  .  .  .\5
<      6\.  .  .  .  .  .  .  .  .  .  .\6
<       7\.  .  .  .  .  .  .  .  .  B  .\7
<        8\B  .  .  .  .  .  .  W  B  .  .\8
<         9\.  .  .  .  W  .  .  .  .  .  .\9
<         10\.  .  .  .  .  .  W  W  .  W  .\10
<          11\.  .  .  .  .  .  .  B  .  .  .\11
<              a  b  c  d  e  f  g  h  i  j  k  
<
>play w b4
<= 
<
>showboard
<= 
< 
<  99f855b0ab697982
<  a  b  c  d  e  f  g  h  i  j  k  
< 1\.  .  .  .  .  .  .  .  .  .  .\1
<  2\.  .  .  W  .  .  .  B  .  .  B\2
<   3\.  .  .  .  .  .  .  .  .  .  B\3
<    4\B  W  .  .  .  W  .  W  B  .  .\4
<     5\.  .  .  .  .  .  .  .  .  .  .\5
<      6\.  .  .  .  .  .  .  .  .  .  .\6
<       7\.  .  .  .  .  .  .  .  .  B  .\7
<        8\B  .  .  .  .  .  .  W  B  .  .\8
<         9\.  .  .  .  W  .  .  .  .  .  .\9
<         10\.  .  .  .  .  .  W  W  .  W  .\10
<          11\.  .  .  .  .  .  .  B  .  .  .\11
<              a  b  c  d  e  f  g  h  i  j  k  
<
>genmove b
<= k1
<
>showboard
ef567 info: Best move cannot be determined, must search state.
ef567 info: --- MoHexPlayer::Search() ---
ef567 info: Color: black
ef567 info: MaxGames: 1
ef567 info: NumberThreads: 1
ef567 info: MaxNodes: 181818181 (15999999928 bytes)
ef567 info: TimeForMove: 1
ef567 info: Time for PreSearch: 0.131036s
ef567 info: 
  99f855b0ab697982
  a  b  c  d  e  f  g  h  i  j  k  
 1\.  .  .  .  b  b  b  b  b  b  .\1
  2\.  .  *  W  .  .  .  B  .  .  B\2
   3\.  .  *  *  *  .  *  .  .  .  B\3
    4\B  W  *  *  *  W  *  W  B  .  *\4
     5\*  *  *  *  *  *  *  *  *  *  *\5
      6\*  *  *  *  *  *  *  *  *  *  .\6
       7\*  *  *  *  *  *  *  *  *  B  w\7
        8\B  *  *  *  *  *  *  W  B  w  w\8
         9\*  *  *  *  W  *  *  .  w  w  w\9
         10\*  *  *  .  .  *  W  W  w  W  w\10
          11\.  .  .  .  .  .  b  B  b  b  b\11
              a  b  c  d  e  f  g  h  i  j  k  
ef567 info: Old: [black, a4] [white, swap-pieces] [white, e9] [black, h2] [white, g10] [black, h11] [white, d2] [black, a8] [white, h8] [black, i8] [white, j10] [black, i4] [white, f4] [black, k3] [white, h10] [black, j7] [white, h4] 
ef567 info: New: [black, a4] [white, swap-pieces] [white, e9] [black, h2] [white, g10] [black, h11] [white, d2] [black, a8] [white, h8] [black, i8] [white, j10] [black, i4] [white, f4] [black, k3] [white, h10] [black, j7] [white, h4] [black, k2] [white, b4] 
ef567 info: MovesPlayed: [black, k2] [white, b4] 
ef567 info: No subtree to reuse.
ef567 info: StartSearch()[0]
SgUctSearch: max games reached
ef567 info: 
Elapsed Time   0.306642s
Count          1
GamesPlayed    1
Nodes          1
Knowledge      0 (0.0%)
Expansions     0.0
Time           0.00
GameLen        85.0 dev=0.0 min=85.0 max=85.0
InTree         0.0 dev=0.0 min=0.0 max=0.0
KnowDepth      -
Aborted        0%
Games/s        3076.9
Score          0.00
Sequence      
ef567 info: 
ef567 warning: **** MoHexSearch returned empty sequence!
ef567 warning: **** Returning random move!
<= 
< 
<  50724d55e8f6eb89
<  a  b  c  d  e  f  g  h  i  j  k  
< 1\.  .  .  .  .  .  .  .  .  .  B\1
<  2\.  .  .  W  .  .  .  B  .  .  B\2
<   3\.  .  .  .  .  .  .  .  .  .  B\3
<    4\B  W  .  .  .  W  .  W  B  .  .\4
<     5\.  .  .  .  .  .  .  .  .  .  .\5
<      6\.  .  .  .  .  .  .  .  .  .  .\6
<       7\.  .  .  .  .  .  .  .  .  B  .\7
<        8\B  .  .  .  .  .  .  W  B  .  .\8
<         9\.  .  .  .  W  .  .  .  .  .  .\9
<         10\.  .  .  .  .  .  W  W  .  W  .\10
<          11\.  .  .  .  .  .  .  B  .  .  .\11
<              a  b  c  d  e  f  g  h  i  j  k  
<
>play w k5
<= 
<
>showboard
<= 
< 
<  f03d772c502aa90e
<  a  b  c  d  e  f  g  h  i  j  k  
< 1\.  .  .  .  .  .  .  .  .  .  B\1
<  2\.  .  .  W  .  .  .  B  .  .  B\2
<   3\.  .  .  .  .  .  .  .  .  .  B\3
<    4\B  W  .  .  .  W  .  W  B  .  .\4
<     5\.  .  .  .  .  .  .  .  .  .  W\5
<      6\.  .  .  .  .  .  .  .  .  .  .\6
<       7\.  .  .  .  .  .  .  .  .  B  .\7
<        8\B  .  .  .  .  .  .  W  B  .  .\8
<         9\.  .  .  .  W  .  .  .  .  .  .\9
<         10\.  .  .  .  .  .  W  W  .  W  .\10
<          11\.  .  .  .  .  .  .  B  .  .  .\11
<              a  b  c  d  e  f  g  h  i  j  k  
<
>genmove b
<= a5
<
>showboard
ef567 info: Best move cannot be determined, must search state.
ef567 info: --- MoHexPlayer::Search() ---
ef567 info: Color: black
ef567 info: MaxGames: 1
ef567 info: NumberThreads: 1
ef567 info: MaxNodes: 181818181 (15999999928 bytes)
ef567 info: TimeForMove: 1
ef567 info: Time for PreSearch: 0.086332s
ef567 info: 
  f03d772c502aa90e
  a  b  c  d  e  f  g  h  i  j  k  
 1\.  .  .  .  b  b  b  b  b  b  B\1
  2\.  .  *  W  .  .  .  B  b  b  B\2
   3\.  .  *  *  *  .  .  .  b  b  B\3
    4\B  W  *  *  *  W  *  W  B  b  b\4
     5\*  *  *  *  *  *  *  *  .  .  W\5
      6\*  *  *  *  *  *  *  *  *  .  b\6
       7\*  *  *  *  *  *  *  *  .  B  w\7
        8\B  *  *  *  *  *  *  W  B  w  w\8
         9\*  *  *  *  W  *  *  .  w  w  w\9
         10\*  *  *  .  .  *  W  W  w  W  w\10
          11\.  .  .  .  .  .  b  B  b  b  b\11
              a  b  c  d  e  f  g  h  i  j  k  
ef567 info: Old: [black, a4] [white, swap-pieces] [white, e9] [black, h2] [white, g10] [black, h11] [white, d2] [black, a8] [white, h8] [black, i8] [white, j10] [black, i4] [white, f4] [black, k3] [white, h10] [black, j7] [white, h4] [black, k2] [white, b4] 
ef567 info: New: [black, a4] [white, swap-pieces] [white, e9] [black, h2] [white, g10] [black, h11] [white, d2] [black, a8] [white, h8] [black, i8] [white, j10] [black, i4] [white, f4] [black, k3] [white, h10] [black, j7] [white, h4] [black, k2] [white, b4] [black, k1] [white, k5] 
ef567 info: MovesPlayed: [black, k1] [white, k5] 
ef567 info: No subtree to reuse.
ef567 info: StartSearch()[0]
SgUctSearch: max games reached
ef567 info: 
Elapsed Time   0.229194s
Count          1
GamesPlayed    1
Nodes          1
Knowledge      0 (0.0%)
Expansions     0.0
Time           0.00
GameLen        76.0 dev=0.0 min=76.0 max=76.0
InTree         0.0 dev=0.0 min=0.0 max=0.0
KnowDepth      -
Aborted        0%
Games/s        3891.1
Score          0.00
Sequence      
ef567 info: 
ef567 warning: **** MoHexSearch returned empty sequence!
ef567 warning: **** Returning random move!
<= 
< 
<  5d8c719d268f1a77
<  a  b  c  d  e  f  g  h  i  j  k  
< 1\.  .  .  .  .  .  .  .  .  .  B\1
<  2\.  .  .  W  .  .  .  B  .  .  B\2
<   3\.  .  .  .  .  .  .  .  .  .  B\3
<    4\B  W  .  .  .  W  .  W  B  .  .\4
<     5\B  .  .  .  .  .  .  .  .  .  W\5
<      6\.  .  .  .  .  .  .  .  .  .  .\6
<       7\.  .  .  .  .  .  .  .  .  B  .\7
<        8\B  .  .  .  .  .  .  W  B  .  .\8
<         9\.  .  .  .  W  .  .  .  .  .  .\9
<         10\.  .  .  .  .  .  W  W  .  W  .\10
<          11\.  .  .  .  .  .  .  B  .  .  .\11
<              a  b  c  d  e  f  g  h  i  j  k  
<
>play w a6
<= 
<
>showboard
<= 
< 
<  30a2d5d615e5cb09
<  a  b  c  d  e  f  g  h  i  j  k  
< 1\.  .  .  .  .  .  .  .  .  .  B\1
<  2\.  .  .  W  .  .  .  B  .  .  B\2
<   3\.  .  .  .  .  .  .  .  .  .  B\3
<    4\B  W  .  .  .  W  .  W  B  .  .\4
<     5\B  .  .  .  .  .  .  .  .  .  W\5
<      6\W  .  .  .  .  .  .  .  .  .  .\6
<       7\.  .  .  .  .  .  .  .  .  B  .\7
<        8\B  .  .  .  .  .  .  W  B  .  .\8
<         9\.  .  .  .  W  .  .  .  .  .  .\9
<         10\.  .  .  .  .  .  W  W  .  W  .\10
<          11\.  .  .  .  .  .  .  B  .  .  .\11
<              a  b  c  d  e  f  g  h  i  j  k  
<
>genmove b
<= e8
<
>showboard
ef567 info: Best move cannot be determined, must search state.
ef567 info: --- MoHexPlayer::Search() ---
ef567 info: Color: black
ef567 info: MaxGames: 1
ef567 info: NumberThreads: 1
ef567 info: MaxNodes: 181818181 (15999999928 bytes)
ef567 info: TimeForMove: 1
ef567 info: Time for PreSearch: 0.084803s
ef567 info: 
  30a2d5d615e5cb09
  a  b  c  d  e  f  g  h  i  j  k  
 1\.  .  .  .  b  b  b  b  b  b  B\1
  2\.  .  *  W  .  .  .  B  b  b  B\2
   3\.  .  *  *  *  .  .  .  b  b  B\3
    4\B  W  *  *  *  W  *  W  B  b  b\4
     5\B  *  *  *  *  *  *  *  .  .  W\5
      6\W  *  *  *  *  *  *  *  *  .  b\6
       7\.  *  *  *  *  *  *  *  .  B  w\7
        8\B  *  *  *  *  *  *  W  B  w  w\8
         9\*  *  *  *  W  *  *  .  w  w  w\9
         10\*  *  *  .  .  *  W  W  w  W  w\10
          11\.  .  .  .  .  .  b  B  b  b  b\11
              a  b  c  d  e  f  g  h  i  j  k  
ef567 info: Old: [black, a4] [white, swap-pieces] [white, e9] [black, h2] [white, g10] [black, h11] [white, d2] [black, a8] [white, h8] [black, i8] [white, j10] [black, i4] [white, f4] [black, k3] [white, h10] [black, j7] [white, h4] [black, k2] [white, b4] [black, k1] [white, k5] 
ef567 info: New: [black, a4] [white, swap-pieces] [white, e9] [black, h2] [white, g10] [black, h11] [white, d2] [black, a8] [white, h8] [black, i8] [white, j10] [black, i4] [white, f4] [black, k3] [white, h10] [black, j7] [white, h4] [black, k2] [white, b4] [black, k1] [white, k5] [black, a5] [white, a6] 
ef567 info: MovesPlayed: [black, a5] [white, a6] 
ef567 info: No subtree to reuse.
ef567 info: StartSearch()[0]
SgUctSearch: max games reached
ef567 info: 
Elapsed Time   0.226759s
Count          1
GamesPlayed    1
Nodes          1
Knowledge      0 (0.0%)
Expansions     0.0
Time           0.00
GameLen        74.0 dev=0.0 min=74.0 max=74.0
InTree         0.0 dev=0.0 min=0.0 max=0.0
KnowDepth      -
Aborted        0%
Games/s        3731.3
Score          1.00
Sequence      
ef567 info: 
ef567 warning: **** MoHexSearch returned empty sequence!
ef567 warning: **** Returning random move!
<= 
< 
<  d99aac8e8d314474
<  a  b  c  d  e  f  g  h  i  j  k  
< 1\.  .  .  .  .  .  .  .  .  .  B\1
<  2\.  .  .  W  .  .  .  B  .  .  B\2
<   3\.  .  .  .  .  .  .  .  .  .  B\3
<    4\B  W  .  .  .  W  .  W  B  .  .\4
<     5\B  .  .  .  .  .  .  .  .  .  W\5
<      6\W  .  .  .  .  .  .  .  .  .  .\6
<       7\.  .  .  .  .  .  .  .  .  B  .\7
<        8\B  .  .  .  B  .  .  W  B  .  .\8
<         9\.  .  .  .  W  .  .  .  .  .  .\9
<         10\.  .  .  .  .  .  W  W  .  W  .\10
<          11\.  .  .  .  .  .  .  B  .  .  .\11
<              a  b  c  d  e  f  g  h  i  j  k  
<
>play w h5
<= 
<
>showboard
<= 
< 
<  c4922c416bd93fac
<  a  b  c  d  e  f  g  h  i  j  k  
< 1\.  .  .  .  .  .  .  .  .  .  B\1
<  2\.  .  .  W  .  .  .  B  .  .  B\2
<   3\.  .  .  .  .  .  .  .  .  .  B\3
<    4\B  W  .  .  .  W  .  W  B  .  .\4
<     5\B  .  .  .  .  .  .  W  .  .  W\5
<      6\W  .  .  .  .  .  .  .  .  .  .\6
<       7\.  .  .  .  .  .  .  .  .  B  .\7
<        8\B  .  .  .  B  .  .  W  B  .  .\8
<         9\.  .  .  .  W  .  .  .  .  .  .\9
<         10\.  .  .  .  .  .  W  W  .  W  .\10
<          11\.  .  .  .  .  .  .  B  .  .  .\11
<              a  b  c  d  e  f  g  h  i  j  k  
<
>genmove b
<= e6
<
>showboard
ef567 info: Best move cannot be determined, must search state.
ef567 info: --- MoHexPlayer::Search() ---
ef567 info: Color: black
ef567 info: MaxGames: 1
ef567 info: NumberThreads: 1
ef567 info: MaxNodes: 181818181 (15999999928 bytes)
ef567 info: TimeForMove: 1
ef567 info: Time for PreSearch: 0.084105s
ef567 info: 
  c4922c416bd93fac
  a  b  c  d  e  f  g  h  i  j  k  
 1\.  .  .  .  b  b  b  b  b  b  B\1
  2\.  .  *  W  .  .  .  B  b  b  B\2
   3\.  .  *  *  *  .  .  .  b  b  B\3
    4\B  W  *  *  *  W  *  W  B  b  b\4
     5\B  *  *  *  *  *  *  W  .  .  W\5
      6\W  *  *  *  *  *  *  *  *  .  b\6
       7\.  *  *  *  *  *  *  *  .  B  w\7
        8\B  *  *  *  B  *  *  W  B  w  w\8
         9\*  *  *  *  W  *  *  .  w  w  w\9
         10\*  *  *  .  .  *  W  W  w  W  w\10
          11\.  .  .  .  .  .  b  B  b  b  b\11
              a  b  c  d  e  f  g  h  i  j  k  
ef567 info: Old: [black, a4] [white, swap-pieces] [white, e9] [black, h2] [white, g10] [black, h11] [white, d2] [black, a8] [white, h8] [black, i8] [white, j10] [black, i4] [white, f4] [black, k3] [white, h10] [black, j7] [white, h4] [black, k2] [white, b4] [black, k1] [white, k5] [black, a5] [white, a6] 
ef567 info: New: [black, a4] [white, swap-pieces] [white, e9] [black, h2] [white, g10] [black, h11] [white, d2] [black, a8] [white, h8] [black, i8] [white, j10] [black, i4] [white, f4] [black, k3] [white, h10] [black, j7] [white, h4] [black, k2] [white, b4] [black, k1] [white, k5] [black, a5] [white, a6] [black, e8] [white, h5] 
ef567 info: MovesPlayed: [black, e8] [white, h5] 
ef567 info: No subtree to reuse.
ef567 info: StartSearch()[0]
SgUctSearch: max games reached
ef567 info: 
Elapsed Time   0.228032s
Count          1
GamesPlayed    1
Nodes          1
Knowledge      0 (0.0%)
Expansions     0.0
Time           0.00
GameLen        72.0 dev=0.0 min=72.0 max=72.0
InTree         0.0 dev=0.0 min=0.0 max=0.0
KnowDepth      -
Aborted        0%
Games/s        4032.3
Score          0.00
Sequence      
ef567 info: 
ef567 warning: **** MoHexSearch returned empty sequence!
ef567 warning: **** Returning random move!
<= 
< 
<  c90555a5e2dfe1ec
<  a  b  c  d  e  f  g  h  i  j  k  
< 1\.  .  .  .  .  .  .  .  .  .  B\1
<  2\.  .  .  W  .  .  .  B  .  .  B\2
<   3\.  .  .  .  .  .  .  .  .  .  B\3
<    4\B  W  .  .  .  W  .  W  B  .  .\4
<     5\B  .  .  .  .  .  .  W  .  .  W\5
<      6\W  .  .  .  B  .  .  .  .  .  .\6
<       7\.  .  .  .  .  .  .  .  .  B  .\7
<        8\B  .  .  .  B  .  .  W  B  .  .\8
<         9\.  .  .  .  W  .  .  .  .  .  .\9
<         10\.  .  .  .  .  .  W  W  .  W  .\10
<          11\.  .  .  .  .  .  .  B  .  .  .\11
<              a  b  c  d  e  f  g  h  i  j  k  
<
>play w g4
<= 
<
>showboard
<= 
< 
<  bb91de4b3252441b
<  a  b  c  d  e  f  g  h  i  j  k  
< 1\.  .  .  .  .  .  .  .  .  .  B\1
<  2\.  .  .  W  .  .  .  B  .  .  B\2
<   3\.  .  .  .  .  .  .  .  .  .  B\3
<    4\B  W  .  .  .  W  W  W  B  .  .\4
<     5\B  .  .  .  .  .  .  W  .  .  W\5
<      6\W  .  .  .  B  .  .  .  .  .  .\6
<       7\.  .  .  .  .  .  .  .  .  B  .\7
<        8\B  .  .  .  B  .  .  W  B  .  .\8
<         9\.  .  .  .  W  .  .  .  .  .  .\9
<         10\.  .  .  .  .  .  W  W  .  W  .\10
<          11\.  .  .  .  .  .  .  B  .  .  .\11
<              a  b  c  d  e  f  g  h  i  j  k  
<
>genmove b
<= d3
<
>showboard
ef567 info: Best move cannot be determined, must search state.
ef567 info: --- MoHexPlayer::Search() ---
ef567 info: Color: black
ef567 info: MaxGames: 1
ef567 info: NumberThreads: 1
ef567 info: MaxNodes: 181818181 (15999999928 bytes)
ef567 info: TimeForMove: 1
ef567 info: Time for PreSearch: 0.053492s
ef567 info: 
  bb91de4b3252441b
  a  b  c  d  e  f  g  h  i  j  k  
 1\.  .  .  .  b  b  b  b  b  b  B\1
  2\.  .  *  W  .  b  b  B  b  b  B\2
   3\.  .  *  *  .  .  b  b  b  b  B\3
    4\B  W  *  *  *  W  W  W  B  b  b\4
     5\B  *  *  *  *  w  w  W  .  .  W\5
      6\W  *  *  *  B  .  *  *  *  .  b\6
       7\.  *  *  .  .  .  *  *  .  B  w\7
        8\B  *  *  .  B  .  *  W  B  w  w\8
         9\*  *  .  .  W  .  *  .  w  w  w\9
         10\*  .  .  .  .  .  W  W  w  W  w\10
          11\.  .  .  .  .  .  b  B  b  b  b\11
              a  b  c  d  e  f  g  h  i  j  k  
ef567 info: Old: [black, a4] [white, swap-pieces] [white, e9] [black, h2] [white, g10] [black, h11] [white, d2] [black, a8] [white, h8] [black, i8] [white, j10] [black, i4] [white, f4] [black, k3] [white, h10] [black, j7] [white, h4] [black, k2] [white, b4] [black, k1] [white, k5] [black, a5] [white, a6] [black, e8] [white, h5] 
ef567 info: New: [black, a4] [white, swap-pieces] [white, e9] [black, h2] [white, g10] [black, h11] [white, d2] [black, a8] [white, h8] [black, i8] [white, j10] [black, i4] [white, f4] [black, k3] [white, h10] [black, j7] [white, h4] [black, k2] [white, b4] [black, k1] [white, k5] [black, a5] [white, a6] [black, e8] [white, h5] [black, e6] [white, g4] 
ef567 info: MovesPlayed: [black, e6] [white, g4] 
ef567 info: No subtree to reuse.
ef567 info: StartSearch()[0]
SgUctSearch: max games reached
ef567 info: 
Elapsed Time   0.198751s
Count          1
GamesPlayed    1
Nodes          1
Knowledge      0 (0.0%)
Expansions     0.0
Time           0.00
GameLen        64.0 dev=0.0 min=64.0 max=64.0
InTree         0.0 dev=0.0 min=0.0 max=0.0
KnowDepth      -
Aborted        0%
Games/s        3649.6
Score          1.00
Sequence      
ef567 info: 
ef567 warning: **** MoHexSearch returned empty sequence!
ef567 warning: **** Returning random move!
<= 
< 
<  22dd8d35594f4bcc
<  a  b  c  d  e  f  g  h  i  j  k  
< 1\.  .  .  .  .  .  .  .  .  .  B\1
<  2\.  .  .  W  .  .  .  B  .  .  B\2
<   3\.  .  .  B  .  .  .  .  .  .  B\3
<    4\B  W  .  .  .  W  W  W  B  .  .\4
<     5\B  .  .  .  .  .  .  W  .  .  W\5
<      6\W  .  .  .  B  .  .  .  .  .  .\6
<       7\.  .  .  .  .  .  .  .  .  B  .\7
<        8\B  .  .  .  B  .  .  W  B  .  .\8
<         9\.  .  .  .  W  .  .  .  .  .  .\9
<         10\.  .  .  .  .  .  W  W  .  W  .\10
<          11\.  .  .  .  .  .  .  B  .  .  .\11
<              a  b  c  d  e  f  g  h  i  j  k  
<
>play w f6
<= 
<
>showboard
<= 
< 
<  be4d9baf769c04a3
<  a  b  c  d  e  f  g  h  i  j  k  
< 1\.  .  .  .  .  .  .  .  .  .  B\1
<  2\.  .  .  W  .  .  .  B  .  .  B\2
<   3\.  .  .  B  .  .  .  .  .  .  B\3
<    4\B  W  .  .  .  W  W  W  B  .  .\4
<     5\B  .  .  .  .  .  .  W  .  .  W\5
<      6\W  .  .  .  B  W  .  .  .  .  .\6
<       7\.  .  .  .  .  .  .  .  .  B  .\7
<        8\B  .  .  .  B  .  .  W  B  .  .\8
<         9\.  .  .  .  W  .  .  .  .  .  .\9
<         10\.  .  .  .  .  .  W  W  .  W  .\10
<          11\.  .  .  .  .  .  .  B  .  .  .\11
<              a  b  c  d  e  f  g  h  i  j  k  
<
>genmove b
<= c2
<
>showboard
ef567 info: Best move cannot be determined, must search state.
ef567 info: --- MoHexPlayer::Search() ---
ef567 info: Color: black
ef567 info: MaxGames: 1
ef567 info: NumberThreads: 1
ef567 info: MaxNodes: 181818181 (15999999928 bytes)
ef567 info: TimeForMove: 1
ef567 info: Time for PreSearch: 0.075151s
ef567 info: 
  be4d9baf769c04a3
  a  b  c  d  e  f  g  h  i  j  k  
 1\.  .  .  .  b  b  b  b  b  b  B\1
  2\.  .  .  W  .  b  b  B  b  b  B\2
   3\.  .  .  B  .  .  b  b  b  b  B\3
    4\B  W  .  *  *  W  W  W  B  b  b\4
     5\B  *  *  *  *  w  w  W  .  .  W\5
      6\W  *  *  *  B  W  .  *  *  .  b\6
       7\.  *  *  *  *  *  *  *  .  B  w\7
        8\B  *  *  *  B  *  *  W  B  w  w\8
         9\*  *  *  *  W  *  *  .  w  w  w\9
         10\*  *  *  .  .  *  W  W  w  W  w\10
          11\.  .  .  .  .  .  b  B  b  b  b\11
              a  b  c  d  e  f  g  h  i  j  k  
ef567 info: Old: [black, a4] [white, swap-pieces] [white, e9] [black, h2] [white, g10] [black, h11] [white, d2] [black, a8] [white, h8] [black, i8] [white, j10] [black, i4] [white, f4] [black, k3] [white, h10] [black, j7] [white, h4] [black, k2] [white, b4] [black, k1] [white, k5] [black, a5] [white, a6] [black, e8] [white, h5] [black, e6] [white, g4] 
ef567 info: New: [black, a4] [white, swap-pieces] [white, e9] [black, h2] [white, g10] [black, h11] [white, d2] [black, a8] [white, h8] [black, i8] [white, j10] [black, i4] [white, f4] [black, k3] [white, h10] [black, j7] [white, h4] [black, k2] [white, b4] [black, k1] [white, k5] [black, a5] [white, a6] [black, e8] [white, h5] [black, e6] [white, g4] [black, d3] [white, f6] 
ef567 info: MovesPlayed: [black, d3] [white, f6] 
ef567 info: No subtree to reuse.
ef567 info: StartSearch()[0]
SgUctSearch: max games reached
ef567 info: 
Elapsed Time   0.22383s
Count          1
GamesPlayed    1
Nodes          1
Knowledge      0 (0.0%)
Expansions     0.0
Time           0.00
GameLen        62.0 dev=0.0 min=62.0 max=62.0
InTree         0.0 dev=0.0 min=0.0 max=0.0
KnowDepth      -
Aborted        0%
Games/s        3891.1
Score          0.00
Sequence      
ef567 info: 
ef567 warning: **** MoHexSearch returned empty sequence!
ef567 warning: **** Returning random move!
<= 
< 
<  4b398f5549421c76
<  a  b  c  d  e  f  g  h  i  j  k  
< 1\.  .  .  .  .  .  .  .  .  .  B\1
<  2\.  .  B  W  .  .  .  B  .  .  B\2
<   3\.  .  .  B  .  .  .  .  .  .  B\3
<    4\B  W  .  .  .  W  W  W  B  .  .\4
<     5\B  .  .  .  .  .  .  W  .  .  W\5
<      6\W  .  .  .  B  W  .  .  .  .  .\6
<       7\.  .  .  .  .  .  .  .  .  B  .\7
<        8\B  .  .  .  B  .  .  W  B  .  .\8
<         9\.  .  .  .  W  .  .  .  .  .  .\9
<         10\.  .  .  .  .  .  W  W  .  W  .\10
<          11\.  .  .  .  .  .  .  B  .  .  .\11
<              a  b  c  d  e  f  g  h  i  j  k  
<
>play w g7
<= 
<
>showboard
<= 
< 
<  4d925254bc4d8a4e
<  a  b  c  d  e  f  g  h  i  j  k  
< 1\.  .  .  .  .  .  .  .  .  .  B\1
<  2\.  .  B  W  .  .  .  B  .  .  B\2
<   3\.  .  .  B  .  .  .  .  .  .  B\3
<    4\B  W  .  .  .  W  W  W  B  .  .\4
<     5\B  .  .  .  .  .  .  W  .  .  W\5
<      6\W  .  .  .  B  W  .  .  .  .  .\6
<       7\.  .  .  .  .  .  W  .  .  B  .\7
<        8\B  .  .  .  B  .  .  W  B  .  .\8
<         9\.  .  .  .  W  .  .  .  .  .  .\9
<         10\.  .  .  .  .  .  W  W  .  W  .\10
<          11\.  .  .  .  .  .  .  B  .  .  .\11
<              a  b  c  d  e  f  g  h  i  j  k  
<
>genmove b
<= e4
<
>showboard
ef567 info: Best move cannot be determined, must search state.
ef567 info: --- MoHexPlayer::Search() ---
ef567 info: Color: black
ef567 info: MaxGames: 1
ef567 info: NumberThreads: 1
ef567 info: MaxNodes: 181818181 (15999999928 bytes)
ef567 info: TimeForMove: 1
ef567 info: Time for PreSearch: 0.047997s
ef567 info: 
  4d925254bc4d8a4e
  a  b  c  d  e  f  g  h  i  j  k  
 1\b  b  b  b  b  b  b  b  b  b  B\1
  2\b  b  B  W  b  b  b  B  b  b  B\2
   3\b  b  b  B  b  b  b  b  b  b  B\3
    4\B  W  .  .  .  W  W  W  B  b  b\4
     5\B  .  .  *  *  w  w  W  .  .  W\5
      6\W  *  *  *  B  W  w  .  *  .  b\6
       7\.  *  *  *  *  w  W  *  .  B  w\7
        8\B  *  *  *  B  *  *  W  B  w  w\8
         9\*  *  *  *  W  *  *  .  w  w  w\9
         10\*  *  *  .  .  *  W  W  w  W  w\10
          11\.  .  .  .  .  .  b  B  b  b  b\11
              a  b  c  d  e  f  g  h  i  j  k  
ef567 info: Old: [black, a4] [white, swap-pieces] [white, e9] [black, h2] [white, g10] [black, h11] [white, d2] [black, a8] [white, h8] [black, i8] [white, j10] [black, i4] [white, f4] [black, k3] [white, h10] [black, j7] [white, h4] [black, k2] [white, b4] [black, k1] [white, k5] [black, a5] [white, a6] [black, e8] [white, h5] [black, e6] [white, g4] [black, d3] [white, f6] 
ef567 info: New: [black, a4] [white, swap-pieces] [white, e9] [black, h2] [white, g10] [black, h11] [white, d2] [black, a8] [white, h8] [black, i8] [white, j10] [black, i4] [white, f4] [black, k3] [white, h10] [black, j7] [white, h4] [black, k2] [white, b4] [black, k1] [white, k5] [black, a5] [white, a6] [black, e8] [white, h5] [black, e6] [white, g4] [black, d3] [white, f6] [black, c2] [white, g7] 
ef567 info: MovesPlayed: [black, c2] [white, g7] 
ef567 info: No subtree to reuse.
ef567 info: StartSearch()[0]
SgUctSearch: max games reached
ef567 info: 
Elapsed Time   0.190843s
Count          1
GamesPlayed    1
Nodes          1
Knowledge      0 (0.0%)
Expansions     0.0
Time           0.00
GameLen        46.0 dev=0.0 min=46.0 max=46.0
InTree         0.0 dev=0.0 min=0.0 max=0.0
KnowDepth      -
Aborted        0%
Games/s        4273.5
Score          0.00
Sequence      
ef567 info: 
ef567 warning: **** MoHexSearch returned empty sequence!
ef567 warning: **** Returning random move!
<= 
< 
<  cd2b4b0deaf3cd6e
<  a  b  c  d  e  f  g  h  i  j  k  
< 1\.  .  .  .  .  .  .  .  .  .  B\1
<  2\.  .  B  W  .  .  .  B  .  .  B\2
<   3\.  .  .  B  .  .  .  .  .  .  B\3
<    4\B  W  .  .  B  W  W  W  B  .  .\4
<     5\B  .  .  .  .  .  .  W  .  .  W\5
<      6\W  .  .  .  B  W  .  .  .  .  .\6
<       7\.  .  .  .  .  .  W  .  .  B  .\7
<        8\B  .  .  .  B  .  .  W  B  .  .\8
<         9\.  .  .  .  W  .  .  .  .  .  .\9
<         10\.  .  .  .  .  .  W  W  .  W  .\10
<          11\.  .  .  .  .  .  .  B  .  .  .\11
<              a  b  c  d  e  f  g  h  i  j  k  
<
>play w b10
<= 
<
>showboard
<= 
< 
<  16bf8910e44dbdb1
<  a  b  c  d  e  f  g  h  i  j  k  
< 1\.  .  .  .  .  .  .  .  .  .  B\1
<  2\.  .  B  W  .  .  .  B  .  .  B\2
<   3\.  .  .  B  .  .  .  .  .  .  B\3
<    4\B  W  .  .  B  W  W  W  B  .  .\4
<     5\B  .  .  .  .  .  .  W  .  .  W\5
<      6\W  .  .  .  B  W  .  .  .  .  .\6
<       7\.  .  .  .  .  .  W  .  .  B  .\7
<        8\B  .  .  .  B  .  .  W  B  .  .\8
<         9\.  .  .  .  W  .  .  .  .  .  .\9
<         10\.  W  .  .  .  .  W  W  .  W  .\10
<          11\.  .  .  .  .  .  .  B  .  .  .\11
<              a  b  c  d  e  f  g  h  i  j  k  
<
>genmove b
<= f8
<
>showboard
ef567 info: Opponent has won; playing most blocking move.
<= 
< 
<  af7c3cb22fa916bf
<  a  b  c  d  e  f  g  h  i  j  k  
< 1\.  .  .  .  .  .  .  .  .  .  B\1
<  2\.  .  B  W  .  .  .  B  .  .  B\2
<   3\.  .  .  B  .  .  .  .  .  .  B\3
<    4\B  W  .  .  B  W  W  W  B  .  .\4
<     5\B  .  .  .  .  .  .  W  .  .  W\5
<      6\W  .  .  .  B  W  .  .  .  .  .\6
<       7\.  .  .  .  .  .  W  .  .  B  .\7
<        8\B  .  .  .  B  B  .  W  B  .  .\8
<         9\.  .  .  .  W  .  .  .  .  .  .\9
<         10\.  W  .  .  .  .  W  W  .  W  .\10
<          11\.  .  .  .  .  .  .  B  .  .  .\11
<              a  b  c  d  e  f  g  h  i  j  k  
<
>play w e7
<= 
<
>showboard
<= 
< 
<  b7c55bf2bd624c4c
<  a  b  c  d  e  f  g  h  i  j  k  
< 1\.  .  .  .  .  .  .  .  .  .  B\1
<  2\.  .  B  W  .  .  .  B  .  .  B\2
<   3\.  .  .  B  .  .  .  .  .  .  B\3
<    4\B  W  .  .  B  W  W  W  B  .  .\4
<     5\B  .  .  .  .  .  .  W  .  .  W\5
<      6\W  .  .  .  B  W  .  .  .  .  .\6
<       7\.  .  .  .  W  .  W  .  .  B  .\7
<        8\B  .  .  .  B  B  .  W  B  .  .\8
<         9\.  .  .  .  W  .  .  .  .  .  .\9
<         10\.  W  .  .  .  .  W  W  .  W  .\10
<          11\.  .  .  .  .  .  .  B  .  .  .\11
<              a  b  c  d  e  f  g  h  i  j  k  
<
>genmove b
<= g9
<
>showboard
ef567 info: Opponent has won; playing most blocking move.
<= 
< 
<  44775e1fd98cecbc
<  a  b  c  d  e  f  g  h  i  j  k  
< 1\.  .  .  .  .  .  .  .  .  .  B\1
<  2\.  .  B  W  .  .  .  B  .  .  B\2
<   3\.  .  .  B  .  .  .  .  .  .  B\3
<    4\B  W  .  .  B  W  W  W  B  .  .\4
<     5\B  .  .  .  .  .  .  W  .  .  W\5
<      6\W  .  .  .  B  W  .  .  .  .  .\6
<       7\.  .  .  .  W  .  W  .  .  B  .\7
<        8\B  .  .  .  B  B  .  W  B  .  .\8
<         9\.  .  .  .  W  .  B  .  .  .  .\9
<         10\.  W  .  .  .  .  W  W  .  W  .\10
<          11\.  .  .  .  .  .  .  B  .  .  .\11
<              a  b  c  d  e  f  g  h  i  j  k  
<
>play w c8
<= 
<
>showboard
<= 
< 
<  15d299f56da08aea
<  a  b  c  d  e  f  g  h  i  j  k  
< 1\.  .  .  .  .  .  .  .  .  .  B\1
<  2\.  .  B  W  .  .  .  B  .  .  B\2
<   3\.  .  .  B  .  .  .  .  .  .  B\3
<    4\B  W  .  .  B  W  W  W  B  .  .\4
<     5\B  .  .  .  .  .  .  W  .  .  W\5
<      6\W  .  .  .  B  W  .  .  .  .  .\6
<       7\.  .  .  .  W  .  W  .  .  B  .\7
<        8\B  .  W  .  B  B  .  W  B  .  .\8
<         9\.  .  .  .  W  .  B  .  .  .  .\9
<         10\.  W  .  .  .  .  W  W  .  W  .\10
<          11\.  .  .  .  .  .  .  B  .  .  .\11
<              a  b  c  d  e  f  g  h  i  j  k  
<
>genmove b
<= h7
<
>showboard
ef567 info: Opponent has won; playing most blocking move.
<= 
< 
<  071c2c0e033686a4
<  a  b  c  d  e  f  g  h  i  j  k  
< 1\.  .  .  .  .  .  .  .  .  .  B\1
<  2\.  .  B  W  .  .  .  B  .  .  B\2
<   3\.  .  .  B  .  .  .  .  .  .  B\3
<    4\B  W  .  .  B  W  W  W  B  .  .\4
<     5\B  .  .  .  .  .  .  W  .  .  W\5
<      6\W  .  .  .  B  W  .  .  .  .  .\6
<       7\.  .  .  .  W  .  W  B  .  B  .\7
<        8\B  .  W  .  B  B  .  W  B  .  .\8
<         9\.  .  .  .  W  .  B  .  .  .  .\9
<         10\.  W  .  .  .  .  W  W  .  W  .\10
<          11\.  .  .  .  .  .  .  B  .  .  .\11
<              a  b  c  d  e  f  g  h  i  j  k  
<
>play w i6
<= 
<
>showboard
<= 
< 
<  64d054f314e9f968
<  a  b  c  d  e  f  g  h  i  j  k  
< 1\.  .  .  .  .  .  .  .  .  .  B\1
<  2\.  .  B  W  .  .  .  B  .  .  B\2
<   3\.  .  .  B  .  .  .  .  .  .  B\3
<    4\B  W  .  .  B  W  W  W  B  .  .\4
<     5\B  .  .  .  .  .  .  W  .  .  W\5
<      6\W  .  .  .  B  W  .  .  W  .  .\6
<       7\.  .  .  .  W  .  W  B  .  B  .\7
<        8\B  .  W  .  B  B  .  W  B  .  .\8
<         9\.  .  .  .  W  .  B  .  .  .  .\9
<         10\.  W  .  .  .  .  W  W  .  W  .\10
<          11\.  .  .  .  .  .  .  B  .  .  .\11
<              a  b  c  d  e  f  g  h  i  j  k  
<
>genmove b
<= d7
<
>showboard
ef567 info: Opponent has won; playing most blocking move.
<= 
< 
<  9dd46785a9a996b8
<  a  b  c  d  e  f  g  h  i  j  k  
< 1\.  .  .  .  .  .  .  .  .  .  B\1
<  2\.  .  B  W  .  .  .  B  .  .  B\2
<   3\.  .  .  B  .  .  .  .  .  .  B\3
<    4\B  W  .  .  B  W  W  W  B  .  .\4
<     5\B  .  .  .  .  .  .  W  .  .  W\5
<      6\W  .  .  .  B  W  .  .  W  .  .\6
<       7\.  .  .  B  W  .  W  B  .  B  .\7
<        8\B  .  W  .  B  B  .  W  B  .  .\8
<         9\.  .  .  .  W  .  B  .  .  .  .\9
<         10\.  W  .  .  .  .  W  W  .  W  .\10
<          11\.  .  .  .  .  .  .  B  .  .  .\11
<              a  b  c  d  e  f  g  h  i  j  k  
<
>play w d8
<= 
<
>showboard
<= 
< 
<  6b5d2e1b29391feb
<  a  b  c  d  e  f  g  h  i  j  k  
< 1\.  .  .  .  .  .  .  .  .  .  B\1
<  2\.  .  B  W  .  .  .  B  .  .  B\2
<   3\.  .  .  B  .  .  .  .  .  .  B\3
<    4\B  W  .  .  B  W  W  W  B  .  .\4
<     5\B  .  .  .  .  .  .  W  .  .  W\5
<      6\W  .  .  .  B  W  .  .  W  .  .\6
<       7\.  .  .  B  W  .  W  B  .  B  .\7
<        8\B  .  W  W  B  B  .  W  B  .  .\8
<         9\.  .  .  .  W  .  B  .  .  .  .\9
<         10\.  W  .  .  .  .  W  W  .  W  .\10
<          11\.  .  .  .  .  .  .  B  .  .  .\11
<              a  b  c  d  e  f  g  h  i  j  k  
<
>genmove b
<= f5
<
>showboard
ef567 info: Captured cells caused win! Removing...
ef567 info: Opponent has won; playing most blocking move.
<= 
< 
<  84d1476d9f224612
<  a  b  c  d  e  f  g  h  i  j  k  
< 1\.  .  .  .  .  .  .  .  .  .  B\1
<  2\.  .  B  W  .  .  .  B  .  .  B\2
<   3\.  .  .  B  .  .  .  .  .  .  B\3
<    4\B  W  .  .  B  W  W  W  B  .  .\4
<     5\B  .  .  .  .  B  .  W  .  .  W\5
<      6\W  .  .  .  B  W  .  .  W  .  .\6
<       7\.  .  .  B  W  .  W  B  .  B  .\7
<        8\B  .  W  W  B  B  .  W  B  .  .\8
<         9\.  .  .  .  W  .  B  .  .  .  .\9
<         10\.  W  .  .  .  .  W  W  .  W  .\10
<          11\.  .  .  .  .  .  .  B  .  .  .\11
<              a  b  c  d  e  f  g  h  i  j  k  
<
>play w g5
<= 
<
>showboard
<= 
< 
<  8cbdf3d1b3072fcb
<  a  b  c  d  e  f  g  h  i  j  k  
< 1\.  .  .  .  .  .  .  .  .  .  B\1
<  2\.  .  B  W  .  .  .  B  .  .  B\2
<   3\.  .  .  B  .  .  .  .  .  .  B\3
<    4\B  W  .  .  B  W  W  W  B  .  .\4
<     5\B  .  .  .  .  B  W  W  .  .  W\5
<      6\W  .  .  .  B  W  .  .  W  .  .\6
<       7\.  .  .  B  W  .  W  B  .  B  .\7
<        8\B  .  W  W  B  B  .  W  B  .  .\8
<         9\.  .  .  .  W  .  B  .  .  .  .\9
<         10\.  W  .  .  .  .  W  W  .  W  .\10
<          11\.  .  .  .  .  .  .  B  .  .  .\11
<              a  b  c  d  e  f  g  h  i  j  k  
<
>genmove b
<= i5
<
>showboard
ef567 info: Captured cells caused win! Removing...
ef567 info: Opponent has won; playing most blocking move.
<= 
< 
<  fc583c972cc92ece
<  a  b  c  d  e  f  g  h  i  j  k  
< 1\.  .  .  .  .  .  .  .  .  .  B\1
<  2\.  .  B  W  .  .  .  B  .  .  B\2
<   3\.  .  .  B  .  .  .  .  .  .  B\3
<    4\B  W  .  .  B  W  W  W  B  .  .\4
<     5\B  .  .  .  .  B  W  W  B  .  W\5
<      6\W  .  .  .  B  W  .  .  W  .  .\6
<       7\.  .  .  B  W  .  W  B  .  B  .\7
<        8\B  .  W  W  B  B  .  W  B  .  .\8
<         9\.  .  .  .  W  .  B  .  .  .  .\9
<         10\.  W  .  .  .  .  W  W  .  W  .\10
<          11\.  .  .  .  .  .  .  B  .  .  .\11
<              a  b  c  d  e  f  g  h  i  j  k  
<
>play w h6
<= 
<
>showboard
<= 
< 
<  fa92b3602fb460b0
<  a  b  c  d  e  f  g  h  i  j  k  
< 1\.  .  .  .  .  .  .  .  .  .  B\1
<  2\.  .  B  W  .  .  .  B  .  .  B\2
<   3\.  .  .  B  .  .  .  .  .  .  B\3
<    4\B  W  .  .  B  W  W  W  B  .  .\4
<     5\B  .  .  .  .  B  W  W  B  .  W\5
<      6\W  .  .  .  B  W  .  W  W  .  .\6
<       7\.  .  .  B  W  .  W  B  .  B  .\7
<        8\B  .  W  W  B  B  .  W  B  .  .\8
<         9\.  .  .  .  W  .  B  .  .  .  .\9
<         10\.  W  .  .  .  .  W  W  .  W  .\10
<          11\.  .  .  .  .  .  .  B  .  .  .\11
<              a  b  c  d  e  f  g  h  i  j  k  
<
>genmove b
<= a10
<
>showboard
ef567 info: Captured cells caused win! Removing...
ef567 info: Opponent has won; playing most blocking move.
<= 
< 
<  0719f1d2a49b59a6
<  a  b  c  d  e  f  g  h  i  j  k  
< 1\.  .  .  .  .  .  .  .  .  .  B\1
<  2\.  .  B  W  .  .  .  B  .  .  B\2
<   3\.  .  .  B  .  .  .  .  .  .  B\3
<    4\B  W  .  .  B  W  W  W  B  .  .\4
<     5\B  .  .  .  .  B  W  W  B  .  W\5
<      6\W  .  .  .  B  W  .  W  W  .  .\6
<       7\.  .  .  B  W  .  W  B  .  B  .\7
<        8\B  .  W  W  B  B  .  W  B  .  .\8
<         9\.  .  .  .  W  .  B  .  .  .  .\9
<         10\B  W  .  .  .  .  W  W  .  W  .\10
<          11\.  .  .  .  .  .  .  B  .  .  .\11
<              a  b  c  d  e  f  g  h  i  j  k  
<
>play w b9
<= 
<
>showboard
<= 
< 
<  21752b9ed1e5b51e
<  a  b  c  d  e  f  g  h  i  j  k  
< 1\.  .  .  .  .  .  .  .  .  .  B\1
<  2\.  .  B  W  .  .  .  B  .  .  B\2
<   3\.  .  .  B  .  .  .  .  .  .  B\3
<    4\B  W  .  .  B  W  W  W  B  .  .\4
<     5\B  .  .  .  .  B  W  W  B  .  W\5
<      6\W  .  .  .  B  W  .  W  W  .  .\6
<       7\.  .  .  B  W  .  W  B  .  B  .\7
<        8\B  .  W  W  B  B  .  W  B  .  .\8
<         9\.  W  .  .  W  .  B  .  .  .  .\9
<         10\B  W  .  .  .  .  W  W  .  W  .\10
<          11\.  .  .  .  .  .  .  B  .  .  .\11
<              a  b  c  d  e  f  g  h  i  j  k  
<
>genmove b
<= k7
<
>showboard
ef567 info: Captured cells caused win! Removing...
ef567 info: Opponent has won; playing most blocking move.
<= 
< 
<  39378e92e68c2f21
<  a  b  c  d  e  f  g  h  i  j  k  
< 1\.  .  .  .  .  .  .  .  .  .  B\1
<  2\.  .  B  W  .  .  .  B  .  .  B\2
<   3\.  .  .  B  .  .  .  .  .  .  B\3
<    4\B  W  .  .  B  W  W  W  B  .  .\4
<     5\B  .  .  .  .  B  W  W  B  .  W\5
<      6\W  .  .  .  B  W  .  W  W  .  .\6
<       7\.  .  .  B  W  .  W  B  .  B  B\7
<        8\B  .  W  W  B  B  .  W  B  .  .\8
<         9\.  W  .  .  W  .  B  .  .  .  .\9
<         10\B  W  .  .  .  .  W  W  .  W  .\10
<          11\.  .  .  .  .  .  .  B  .  .  .\11
<              a  b  c  d  e  f  g  h  i  j  k  
<
>play w j5
<= 
<
>showboard
<= 
< 
<  3f1113305d4c5096
<  a  b  c  d  e  f  g  h  i  j  k  
< 1\.  .  .  .  .  .  .  .  .  .  B\1
<  2\.  .  B  W  .  .  .  B  .  .  B\2
<   3\.  .  .  B  .  .  .  .  .  .  B\3
<    4\B  W  .  .  B  W  W  W  B  .  .\4
<     5\B  .  .  .  .  B  W  W  B  W  W\5
<      6\W  .  .  .  B  W  .  W  W  .  .\6
<       7\.  .  .  B  W  .  W  B  .  B  B\7
<        8\B  .  W  W  B  B  .  W  B  .  .\8
<         9\.  W  .  .  W  .  B  .  .  .  .\9
<         10\B  W  .  .  .  .  W  W  .  W  .\10
<          11\.  .  .  .  .  .  .  B  .  .  .\11
<              a  b  c  d  e  f  g  h  i  j  k  
<
>genmove b
<= a9
<
>showboard
ef567 info: Captured cells caused win! Removing...
ef567 info: Opponent has won; playing most blocking move.
<= 
< 
<  f4fa50598bc7d6f6
<  a  b  c  d  e  f  g  h  i  j  k  
< 1\.  .  .  .  .  .  .  .  .  .  B\1
<  2\.  .  B  W  .  .  .  B  .  .  B\2
<   3\.  .  .  B  .  .  .  .  .  .  B\3
<    4\B  W  .  .  B  W  W  W  B  .  .\4
<     5\B  .  .  .  .  B  W  W  B  W  W\5
<      6\W  .  .  .  B  W  .  W  W  .  .\6
<       7\.  .  .  B  W  .  W  B  .  B  B\7
<        8\B  .  W  W  B  B  .  W  B  .  .\8
<         9\B  W  .  .  W  .  B  .  .  .  .\9
<         10\B  W  .  .  .  .  W  W  .  W  .\10
<          11\.  .  .  .  .  .  .  B  .  .  .\11
<              a  b  c  d  e  f  g  h  i  j  k  
<
>play w a11
<= 
<
>showboard
<= 
< 
<  cddc772b8b0c333c
<  a  b  c  d  e  f  g  h  i  j  k  
< 1\.  .  .  .  .  .  .  .  .  .  B\1
<  2\.  .  B  W  .  .  .  B  .  .  B\2
<   3\.  .  .  B  .  .  .  .  .  .  B\3
<    4\B  W  .  .  B  W  W  W  B  .  .\4
<     5\B  .  .  .  .  B  W  W  B  W  W\5
<      6\W  .  .  .  B  W  .  W  W  .  .\6
<       7\.  .  .  B  W  .  W  B  .  B  B\7
<        8\B  .  W  W  B  B  .  W  B  .  .\8
<         9\B  W  .  .  W  .  B  .  .  .  .\9
<         10\B  W  .  .  .  .  W  W  .  W  .\10
<          11\W  .  .  .  .  .  .  B  .  .  .\11
<              a  b  c  d  e  f  g  h  i  j  k  
<
>genmove b
<= resign
<
>showboard
<= 
< 
<  cddc772b8b0c333c
<  a  b  c  d  e  f  g  h  i  j  k  
< 1\.  .  .  .  .  .  .  .  .  .  B\1
<  2\.  .  B  W  .  .  .  B  .  .  B\2
<   3\.  .  .  B  .  .  .  .  .  .  B\3
<    4\B  W  .  .  B  W  W  W  B  .  .\4
<     5\B  .  .  .  .  B  W  W  B  W  W\5
<      6\W  .  .  .  B  W  .  W  W  .  .\6
<       7\.  .  .  B  W  .  W  B  .  B  B\7
<        8\B  .  W  W  B  B  .  W  B  .  .\8
<         9\B  W  .  .  W  .  B  .  .  .  .\9
<         10\B  W  .  .  .  .  W  W  .  W  .\10
<          11\W  .  .  .  .  .  .  B  .  .  .\11
<              a  b  c  d  e  f  g  h  i  j  k  
<
>final_score
<= W+
<
>quit
<= 
<
