10767 config: MoHex v2.0.CMake Mar 21 2025.
10767 config: ============ InitializeSystem ============
10767 config: BenzeneProgram::InitRandom()
10767 config: Seed = 757790
10767 info: Prior Patterns:
10767 info: Global:
10767 info: Size            = 565 32648 
10767 info: TableEntries    = 65932 65910
10767 info: MirrorsAdded    = 0 0
10767 info: PrunableCount   = 30593 30629
10767 info: LargestGamma    = 5820.77
10767 info: SmallestGamma   = 6.6e-05
10767 info: Local:
10767 info: Size            = 550 5318 
10767 info: TableEntries    = 11602 11588
10767 info: MirrorsAdded    = 0 0
10767 info: PrunableCount   = 3659 3667
10767 info: LargestGamma    = 11281.8
10767 info: SmallestGamma   = 0.026235
10767 info: Playout Patterns:
10767 info: Global:
10767 info: Size            = 565 32648 
10767 info: TableEntries    = 70329 70329
10767 info: MirrorsAdded    = 4397 4419
10767 info: PrunableCount   = 30593 30629
10767 info: LargestGamma    = 5820.77
10767 info: SmallestGamma   = 6.6e-05
10767 info: Local:
10767 info: Size            = 550 5318 
10767 info: TableEntries    = 11602 11588
10767 info: MirrorsAdded    = 0 0
10767 info: PrunableCount   = 3659 3667
10767 info: LargestGamma    = 11281.8
10767 info: SmallestGamma   = 0.026235
10767 config: IcePatternSet: reading from '/home/linus/MoHex2.0/nfbranchfix/benzene-vanilla-cmake/share/ice-patterns.txt'.
10767 config: IcePatternSet: parsed 708 patterns.
10767 config: VCS: reading captured set patterns from '/home/linus/MoHex2.0/nfbranchfix/benzene-vanilla-cmake/share/vc-captured-set.txt'.
10767 config: VCS:: parsed 2 patterns.
10767 config: VCS: reading captured set patterns from '/home/linus/MoHex2.0/nfbranchfix/benzene-vanilla-cmake/share/vc-captured-set.txt'.
10767 config: VCS:: parsed 2 patterns.
10767 config: IcePatternSet: reading from '/home/linus/MoHex2.0/nfbranchfix/benzene-vanilla-cmake/share/ice-patterns.txt'.
10767 config: IcePatternSet: parsed 708 patterns.
10767 config: VCS: reading captured set patterns from '/home/linus/MoHex2.0/nfbranchfix/benzene-vanilla-cmake/share/vc-captured-set.txt'.
10767 config: VCS:: parsed 2 patterns.
10767 config: VCS: reading captured set patterns from '/home/linus/MoHex2.0/nfbranchfix/benzene-vanilla-cmake/share/vc-captured-set.txt'.
10767 config: VCS:: parsed 2 patterns.
10767 config: VCS: reading captured set patterns from '/home/linus/MoHex2.0/nfbranchfix/benzene-vanilla-cmake/share/vc-captured-set.txt'.
10767 config: VCS:: parsed 2 patterns.
10767 config: VCS: reading captured set patterns from '/home/linus/MoHex2.0/nfbranchfix/benzene-vanilla-cmake/share/vc-captured-set.txt'.
10767 config: VCS:: parsed 2 patterns.
10767 config: VCS: reading captured set patterns from '/home/linus/MoHex2.0/nfbranchfix/benzene-vanilla-cmake/share/vc-captured-set.txt'.
10767 config: VCS:: parsed 2 patterns.
10767 config: VCS: reading captured set patterns from '/home/linus/MoHex2.0/nfbranchfix/benzene-vanilla-cmake/share/vc-captured-set.txt'.
10767 config: VCS:: parsed 2 patterns.
10767 config: VCPattern: loading pattern templates from '/home/linus/MoHex2.0/nfbranchfix/benzene-vanilla-cmake/share/vc-patterns.txt'.
10767 info: Best move cannot be determined, must search state.
10767 info: --- MoHexPlayer::Search() ---
10767 info: Color: white
10767 info: MaxGames: 1
10767 info: NumberThreads: 1
10767 info: MaxNodes: 9090 (799920 bytes)
10767 info: TimeForMove: 1
10767 info: PreSearch: max time reached (50/92).
10767 info: Time for PreSearch: 0.201012s
10767 info: 
  23c9e855e4b556f6
  a  b  c  d  e  f  g  h  i  j  k  
 1\.  .  .  *  *  *  *  *  *  *  .\1
  2\.  .  *  *  *  *  *  *  *  *  .\2
   3\.  *  *  *  *  *  *  *  *  *  .\3
    4\.  *  *  *  *  *  *  *  *  *  .\4
     5\.  *  *  *  *  *  *  *  *  *  .\5
      6\.  *  *  *  *  *  *  *  *  *  .\6
       7\.  *  *  *  *  *  *  *  *  *  .\7
        8\.  *  *  *  *  *  *  *  *  *  .\8
         9\.  *  *  *  *  *  *  *  *  *  .\9
         10\.  *  *  *  *  *  *  *  *  .  .\10
          11\B  .  *  *  *  *  *  *  .  .  .\11
              a  b  c  d  e  f  g  h  i  j  k  
10767 info: No subtree to reuse.
10767 info: Creating thread 0
10767 info: StartSearch()[0]
10767 config: VCS: reading captured set patterns from '/home/linus/MoHex2.0/nfbranchfix/benzene-vanilla-cmake/share/vc-captured-set.txt'.
10767 config: VCS:: parsed 2 patterns.
10767 config: VCS: reading captured set patterns from '/home/linus/MoHex2.0/nfbranchfix/benzene-vanilla-cmake/share/vc-captured-set.txt'.
10767 config: VCS:: parsed 2 patterns.
10767 info: 
Elapsed Time   0.531464s
Count          1
GamesPlayed    1
Nodes          1
Knowledge      0 (0.0%)
Expansions     0.0
Time           0.00
GameLen        120.0 dev=0.0 min=120.0 max=120.0
InTree         0.0 dev=0.0 min=0.0 max=0.0
KnowDepth      -
Aborted        0%
Games/s        399.5
Score          1.00
Sequence      
10767 info: 
10767 warning: **** MoHexSearch returned empty sequence!
10767 warning: **** Returning random move!
10767 info: Best move cannot be determined, must search state.
10767 info: --- MoHexPlayer::Search() ---
10767 info: Color: white
10767 info: MaxGames: 1
10767 info: NumberThreads: 1
10767 info: MaxNodes: 9090 (799920 bytes)
10767 info: TimeForMove: 1
10767 info: PreSearch: max time reached (55/90).
10767 info: Time for PreSearch: 0.202439s
10767 info: 
  583415ce431fd3df
  a  b  c  d  e  f  g  h  i  j  k  
 1\.  .  .  *  *  *  *  *  .  B  .\1
  2\.  .  *  *  *  *  *  *  *  *  .\2
   3\.  *  *  *  *  *  *  *  *  *  .\3
    4\.  *  *  *  *  *  *  *  *  *  .\4
     5\.  *  *  *  *  *  *  *  *  *  .\5
      6\.  *  *  *  *  *  *  *  *  *  .\6
       7\.  *  *  *  *  *  *  *  *  *  W\7
        8\.  *  *  *  *  *  *  *  *  *  .\8
         9\.  *  *  *  *  *  *  *  *  *  .\9
         10\.  *  *  *  *  *  *  *  *  .  .\10
          11\B  .  *  *  *  *  *  *  .  .  .\11
              a  b  c  d  e  f  g  h  i  j  k  
10767 info: Old: [black, a11] [white, swap-pieces] 
10767 info: New: [black, a11] [white, swap-pieces] [white, k7] [black, j1] 
10767 info: ReuseSubtree: Colors do not alternate.
10767 info: No subtree to reuse.
10767 info: StartSearch()[0]
10767 info: 
Elapsed Time   0.345682s
Count          1
GamesPlayed    1
Nodes          1
Knowledge      0 (0.0%)
Expansions     0.0
Time           0.00
GameLen        118.0 dev=0.0 min=118.0 max=118.0
InTree         0.0 dev=0.0 min=0.0 max=0.0
KnowDepth      -
Aborted        0%
Games/s        3003.0
Score          1.00
Sequence      
10767 info: 
10767 warning: **** MoHexSearch returned empty sequence!
10767 warning: **** Returning random move!
10767 info: Best move cannot be determined, must search state.
10767 info: --- MoHexPlayer::Search() ---
10767 info: Color: white
10767 info: MaxGames: 1
10767 info: NumberThreads: 1
10767 info: MaxNodes: 9090 (799920 bytes)
10767 info: TimeForMove: 1
10767 info: PreSearch: max time reached (59/88).
10767 info: Time for PreSearch: 0.201261s
10767 info: 
  4efcda7ef0ac387b
  a  b  c  d  e  f  g  h  i  j  k  
 1\.  .  .  *  *  *  *  *  .  B  .\1
  2\.  .  *  *  *  *  *  *  *  *  .\2
   3\.  *  *  *  *  *  *  *  *  *  .\3
    4\.  *  *  *  *  *  *  *  *  *  .\4
     5\.  *  *  *  *  *  *  *  *  *  .\5
      6\.  *  *  *  *  *  *  *  *  *  w\6
       7\.  *  *  *  *  *  *  *  *  .  W\7
        8\.  *  *  B  *  *  *  *  *  W  b\8
         9\.  *  *  *  *  *  *  *  *  .  .\9
         10\.  *  *  *  *  *  *  *  *  *  .\10
          11\B  .  *  *  *  *  *  *  *  .  .\11
              a  b  c  d  e  f  g  h  i  j  k  
10767 info: Old: [black, a11] [white, swap-pieces] [white, k7] [black, j1] 
10767 info: New: [black, a11] [white, swap-pieces] [white, k7] [black, j1] [white, j8] [black, d8] 
10767 info: MovesPlayed: [white, j8] [black, d8] 
10767 info: No subtree to reuse.
10767 info: StartSearch()[0]
10767 info: 
Elapsed Time   0.34754s
Count          1
GamesPlayed    1
Nodes          1
Knowledge      0 (0.0%)
Expansions     0.0
Time           0.00
GameLen        114.0 dev=0.0 min=114.0 max=114.0
InTree         0.0 dev=0.0 min=0.0 max=0.0
KnowDepth      -
Aborted        0%
Games/s        3413.0
Score          0.00
Sequence      
10767 info: 
10767 warning: **** MoHexSearch returned empty sequence!
10767 warning: **** Returning random move!
10767 info: Best move cannot be determined, must search state.
10767 info: --- MoHexPlayer::Search() ---
10767 info: Color: white
10767 info: MaxGames: 1
10767 info: NumberThreads: 1
10767 info: MaxNodes: 9090 (799920 bytes)
10767 info: TimeForMove: 1
10767 info: PreSearch: max time reached (55/83).
10767 info: Time for PreSearch: 0.205543s
10767 info: 
  d94592f13f4e55fa
  a  b  c  d  e  f  g  h  i  j  k  
 1\.  .  .  *  *  *  *  *  .  B  .\1
  2\.  .  *  *  *  *  *  *  *  *  .\2
   3\.  *  *  *  *  *  *  *  *  *  .\3
    4\.  *  *  *  *  *  *  *  *  *  .\4
     5\.  *  *  *  *  *  *  *  *  *  .\5
      6\.  *  *  *  *  *  *  *  *  *  w\6
       7\.  *  *  *  *  *  *  *  .  .  W\7
        8\.  *  *  B  *  *  *  W  .  W  b\8
         9\.  *  *  *  *  *  *  *  *  .  .\9
         10\.  *  *  *  *  *  *  *  *  *  .\10
          11\B  b  B  .  *  *  *  *  *  .  .\11
              a  b  c  d  e  f  g  h  i  j  k  
10767 info: Old: [black, a11] [white, swap-pieces] [white, k7] [black, j1] [white, j8] [black, d8] 
10767 info: New: [black, a11] [white, swap-pieces] [white, k7] [black, j1] [white, j8] [black, d8] [white, h8] [black, c11] 
10767 info: MovesPlayed: [white, h8] [black, c11] 
10767 info: No subtree to reuse.
10767 info: StartSearch()[0]
10767 info: 
Elapsed Time   0.579075s
Count          1
GamesPlayed    1
Nodes          1
Knowledge      0 (0.0%)
Expansions     0.0
Time           0.00
GameLen        111.0 dev=0.0 min=111.0 max=111.0
InTree         0.0 dev=0.0 min=0.0 max=0.0
KnowDepth      -
Aborted        0%
Games/s        3649.6
Score          0.00
Sequence      
10767 info: 
10767 warning: **** MoHexSearch returned empty sequence!
10767 warning: **** Returning random move!
10767 info: Best move cannot be determined, must search state.
10767 info: --- MoHexPlayer::Search() ---
10767 info: Color: white
10767 info: MaxGames: 1
10767 info: NumberThreads: 1
10767 info: MaxNodes: 9090 (799920 bytes)
10767 info: TimeForMove: 1
10767 info: PreSearch: max time reached (56/81).
10767 info: Time for PreSearch: 0.203772s
10767 info: 
  9f59e25f7044747b
  a  b  c  d  e  f  g  h  i  j  k  
 1\.  .  .  *  *  *  *  *  .  B  .\1
  2\.  .  *  *  *  *  *  *  W  *  .\2
   3\.  *  *  *  *  *  *  *  *  *  .\3
    4\.  *  *  *  *  *  B  *  *  *  .\4
     5\.  *  *  *  *  *  *  *  *  *  .\5
      6\.  *  *  *  *  *  *  *  *  *  w\6
       7\.  *  *  *  *  *  *  *  .  .  W\7
        8\.  *  *  B  *  *  *  W  .  W  b\8
         9\.  *  *  *  *  *  *  *  *  .  .\9
         10\.  *  *  *  *  *  *  *  *  *  .\10
          11\B  b  B  .  *  *  *  *  *  .  .\11
              a  b  c  d  e  f  g  h  i  j  k  
10767 info: Old: [black, a11] [white, swap-pieces] [white, k7] [black, j1] [white, j8] [black, d8] [white, h8] [black, c11] 
10767 info: New: [black, a11] [white, swap-pieces] [white, k7] [black, j1] [white, j8] [black, d8] [white, h8] [black, c11] [white, i2] [black, g4] 
10767 info: MovesPlayed: [white, i2] [black, g4] 
10767 info: No subtree to reuse.
10767 info: StartSearch()[0]
10767 info: 
Elapsed Time   0.352896s
Count          1
GamesPlayed    1
Nodes          1
Knowledge      0 (0.0%)
Expansions     0.0
Time           0.00
GameLen        109.0 dev=0.0 min=109.0 max=109.0
InTree         0.0 dev=0.0 min=0.0 max=0.0
KnowDepth      -
Aborted        0%
Games/s        3205.1
Score          0.00
Sequence      
10767 info: 
10767 warning: **** MoHexSearch returned empty sequence!
10767 warning: **** Returning random move!
10767 info: Best move cannot be determined, must search state.
10767 info: --- MoHexPlayer::Search() ---
10767 info: Color: white
10767 info: MaxGames: 1
10767 info: NumberThreads: 1
10767 info: MaxNodes: 9090 (799920 bytes)
10767 info: TimeForMove: 1
10767 info: PreSearch: max time reached (61/70).
10767 info: Time for PreSearch: 0.201458s
10767 info: 
  f3f8e6be3dd80cea
  a  b  c  d  e  f  g  h  i  j  k  
 1\.  .  .  *  *  *  W  *  .  B  .\1
  2\.  .  *  *  *  *  *  *  W  *  .\2
   3\.  *  *  *  *  *  *  *  *  *  .\3
    4\.  *  *  *  *  *  B  *  *  *  .\4
     5\.  *  *  *  *  *  *  *  *  *  .\5
      6\.  *  *  *  *  *  *  *  *  *  w\6
       7\.  *  *  *  *  *  *  *  .  .  W\7
        8\.  *  *  B  *  *  *  W  .  W  b\8
         9\.  *  *  *  *  *  *  *  .  b  w\9
         10\.  *  *  *  *  *  .  B  b  b  w\10
          11\B  b  B  b  b  b  b  b  b  b  b\11
              a  b  c  d  e  f  g  h  i  j  k  
10767 info: Old: [black, a11] [white, swap-pieces] [white, k7] [black, j1] [white, j8] [black, d8] [white, h8] [black, c11] [white, i2] [black, g4] 
10767 info: New: [black, a11] [white, swap-pieces] [white, k7] [black, j1] [white, j8] [black, d8] [white, h8] [black, c11] [white, i2] [black, g4] [white, g1] [black, h10] 
10767 info: MovesPlayed: [white, g1] [black, h10] 
10767 info: No subtree to reuse.
10767 info: StartSearch()[0]
10767 info: 
Elapsed Time   0.341803s
Count          1
GamesPlayed    1
Nodes          1
Knowledge      0 (0.0%)
Expansions     0.0
Time           0.00
GameLen        94.0 dev=0.0 min=94.0 max=94.0
InTree         0.0 dev=0.0 min=0.0 max=0.0
KnowDepth      -
Aborted        0%
Games/s        3690.0
Score          0.00
Sequence      
10767 info: 
10767 warning: **** MoHexSearch returned empty sequence!
10767 warning: **** Returning random move!
10767 info: Best move cannot be determined, must search state.
10767 info: --- MoHexPlayer::Search() ---
10767 info: Color: white
10767 info: MaxGames: 1
10767 info: NumberThreads: 1
10767 info: MaxNodes: 9090 (799920 bytes)
10767 info: TimeForMove: 1
10767 info: PreSearch: max time reached (61/66).
10767 info: Time for PreSearch: 0.205246s
10767 info: 
  540b67e43a203de7
  a  b  c  d  e  f  g  h  i  j  k  
 1\.  .  .  *  *  *  W  *  .  B  .\1
  2\.  .  *  *  *  *  *  *  W  *  .\2
   3\.  *  *  *  *  *  *  *  *  *  .\3
    4\.  *  *  *  *  *  B  *  *  *  .\4
     5\.  *  *  *  *  *  *  *  *  *  .\5
      6\.  *  *  *  *  *  *  *  *  *  w\6
       7\.  .  B  *  *  *  *  *  .  .  W\7
        8\.  .  *  B  *  W  .  W  .  W  b\8
         9\.  *  *  *  *  *  .  *  .  b  w\9
         10\.  *  *  *  *  *  .  B  b  b  w\10
          11\B  b  B  b  b  b  b  b  b  b  b\11
              a  b  c  d  e  f  g  h  i  j  k  
10767 info: Old: [black, a11] [white, swap-pieces] [white, k7] [black, j1] [white, j8] [black, d8] [white, h8] [black, c11] [white, i2] [black, g4] [white, g1] [black, h10] 
10767 info: New: [black, a11] [white, swap-pieces] [white, k7] [black, j1] [white, j8] [black, d8] [white, h8] [black, c11] [white, i2] [black, g4] [white, g1] [black, h10] [white, f8] [black, c7] 
10767 info: MovesPlayed: [white, f8] [black, c7] 
10767 info: No subtree to reuse.
10767 info: StartSearch()[0]
10767 info: 
Elapsed Time   0.353264s
Count          1
GamesPlayed    1
Nodes          1
Knowledge      0 (0.0%)
Expansions     0.0
Time           0.00
GameLen        92.0 dev=0.0 min=92.0 max=92.0
InTree         0.0 dev=0.0 min=0.0 max=0.0
KnowDepth      -
Aborted        0%
Games/s        3021.1
Score          1.00
Sequence      
10767 info: 
10767 warning: **** MoHexSearch returned empty sequence!
10767 warning: **** Returning random move!
10767 info: Best move cannot be determined, must search state.
10767 info: --- MoHexPlayer::Search() ---
10767 info: Color: white
10767 info: MaxGames: 1
10767 info: NumberThreads: 1
10767 info: MaxNodes: 9090 (799920 bytes)
10767 info: TimeForMove: 1
10767 info: PreSearch: max time reached (59/63).
10767 info: Time for PreSearch: 0.20027s
10767 info: 
  557c7867ad6a2a51
  a  b  c  d  e  f  g  h  i  j  k  
 1\w  .  .  *  *  *  W  *  .  B  .\1
  2\w  .  .  *  *  *  *  *  W  *  .\2
   3\w  .  *  *  *  *  *  *  *  *  .\3
    4\w  W  *  *  *  *  B  *  *  *  .\4
     5\w  .  *  *  *  *  *  *  *  *  .\5
      6\b  B  *  *  *  *  *  *  *  .  w\6
       7\.  *  B  *  *  *  *  *  .  .  W\7
        8\.  .  *  B  *  W  .  W  .  W  b\8
         9\.  *  *  *  *  *  .  *  .  b  w\9
         10\.  *  *  *  *  *  .  B  b  b  w\10
          11\B  b  B  b  b  b  b  b  b  b  b\11
              a  b  c  d  e  f  g  h  i  j  k  
10767 info: Old: [black, a11] [white, swap-pieces] [white, k7] [black, j1] [white, j8] [black, d8] [white, h8] [black, c11] [white, i2] [black, g4] [white, g1] [black, h10] [white, f8] [black, c7] 
10767 info: New: [black, a11] [white, swap-pieces] [white, k7] [black, j1] [white, j8] [black, d8] [white, h8] [black, c11] [white, i2] [black, g4] [white, g1] [black, h10] [white, f8] [black, c7] [white, b4] [black, b6] 
10767 info: MovesPlayed: [white, b4] [black, b6] 
10767 info: No subtree to reuse.
10767 info: StartSearch()[0]
10767 info: 
Elapsed Time   0.346542s
Count          1
GamesPlayed    1
Nodes          1
Knowledge      0 (0.0%)
Expansions     0.0
Time           0.00
GameLen        84.0 dev=0.0 min=84.0 max=84.0
InTree         0.0 dev=0.0 min=0.0 max=0.0
KnowDepth      -
Aborted        0%
Games/s        3816.8
Score          1.00
Sequence      
10767 info: 
10767 warning: **** MoHexSearch returned empty sequence!
10767 warning: **** Returning random move!
10767 info: Best move cannot be determined, must search state.
10767 info: --- MoHexPlayer::Search() ---
10767 info: Color: white
10767 info: MaxGames: 1
10767 info: NumberThreads: 1
10767 info: MaxNodes: 9090 (799920 bytes)
10767 info: TimeForMove: 1
10767 info: Time for PreSearch: 0.138132s
10767 info: 
  119e2256b8fd94c4
  a  b  c  d  e  f  g  h  i  j  k  
 1\w  .  .  *  *  *  W  *  .  B  .\1
  2\w  .  .  *  *  *  *  *  W  *  .\2
   3\w  .  *  *  *  *  *  *  *  *  .\3
    4\w  W  *  *  *  *  B  *  *  .  .\4
     5\w  .  *  *  *  *  *  *  *  .  .\5
      6\b  B  *  *  *  *  *  *  *  .  w\6
       7\.  *  B  *  *  *  *  B  .  b  W\7
        8\.  .  *  B  *  W  .  W  w  W  b\8
         9\.  *  *  *  *  .  .  W  w  b  w\9
         10\.  *  *  *  .  .  .  B  b  b  w\10
          11\B  b  B  b  b  b  b  b  b  b  b\11
              a  b  c  d  e  f  g  h  i  j  k  
10767 info: Old: [black, a11] [white, swap-pieces] [white, k7] [black, j1] [white, j8] [black, d8] [white, h8] [black, c11] [white, i2] [black, g4] [white, g1] [black, h10] [white, f8] [black, c7] [white, b4] [black, b6] 
10767 info: New: [black, a11] [white, swap-pieces] [white, k7] [black, j1] [white, j8] [black, d8] [white, h8] [black, c11] [white, i2] [black, g4] [white, g1] [black, h10] [white, f8] [black, c7] [white, b4] [black, b6] [white, h9] [black, h7] 
10767 info: MovesPlayed: [white, h9] [black, h7] 
10767 info: No subtree to reuse.
10767 info: StartSearch()[0]
10767 info: 
Elapsed Time   0.285296s
Count          1
GamesPlayed    1
Nodes          1
Knowledge      0 (0.0%)
Expansions     0.0
Time           0.00
GameLen        79.0 dev=0.0 min=79.0 max=79.0
InTree         0.0 dev=0.0 min=0.0 max=0.0
KnowDepth      -
Aborted        0%
Games/s        3649.6
Score          0.00
Sequence      
10767 info: 
10767 warning: **** MoHexSearch returned empty sequence!
10767 warning: **** Returning random move!
10767 info: Best move cannot be determined, must search state.
10767 info: --- MoHexPlayer::Search() ---
10767 info: Color: white
10767 info: MaxGames: 1
10767 info: NumberThreads: 1
10767 info: MaxNodes: 9090 (799920 bytes)
10767 info: TimeForMove: 1
10767 info: Time for PreSearch: 0.0438s
10767 info: 
  224daa6efa923e5b
  a  b  c  d  e  f  g  h  i  j  k  
 1\w  .  .  *  *  *  W  .  .  B  w\1
  2\w  .  .  *  .  .  .  .  W  .  w\2
   3\w  .  *  *  *  .  .  .  .  .  w\3
    4\w  W  .  B  .  .  B  .  .  .  w\4
     5\w  .  *  .  .  .  .  .  .  W  w\5
      6\b  B  *  .  .  .  .  .  .  w  b\6
       7\.  *  B  *  .  .  .  B  w  w  W\7
        8\.  .  *  B  *  W  .  W  w  W  b\8
         9\.  .  *  *  *  .  .  W  b  b  b\9
         10\.  *  *  *  .  .  .  B  b  b  b\10
          11\B  b  B  b  b  b  b  b  b  b  b\11
              a  b  c  d  e  f  g  h  i  j  k  
10767 info: Old: [black, a11] [white, swap-pieces] [white, k7] [black, j1] [white, j8] [black, d8] [white, h8] [black, c11] [white, i2] [black, g4] [white, g1] [black, h10] [white, f8] [black, c7] [white, b4] [black, b6] [white, h9] [black, h7] 
10767 info: New: [black, a11] [white, swap-pieces] [white, k7] [black, j1] [white, j8] [black, d8] [white, h8] [black, c11] [white, i2] [black, g4] [white, g1] [black, h10] [white, f8] [black, c7] [white, b4] [black, b6] [white, h9] [black, h7] [white, j5] [black, d4] 
10767 info: MovesPlayed: [white, j5] [black, d4] 
10767 info: No subtree to reuse.
10767 info: StartSearch()[0]
10767 info: 
Elapsed Time   0.182573s
Count          1
GamesPlayed    1
Nodes          1
Knowledge      0 (0.0%)
Expansions     0.0
Time           0.00
GameLen        70.0 dev=0.0 min=70.0 max=70.0
InTree         0.0 dev=0.0 min=0.0 max=0.0
KnowDepth      -
Aborted        0%
Games/s        3205.1
Score          1.00
Sequence      
10767 info: 
10767 warning: **** MoHexSearch returned empty sequence!
10767 warning: **** Returning random move!
10767 info: Opponent has won; playing most blocking move.
10767 info: Opponent has won; playing most blocking move.
10767 info: Opponent has won; playing most blocking move.
10767 info: Opponent has won; playing most blocking move.
10767 info: Opponent has won; playing most blocking move.
10767 info: Opponent has won; playing most blocking move.
10767 info: Captured cells caused win! Removing...
10767 info: Opponent has won; playing most blocking move.
10767 info: Captured cells caused win! Removing...
10767 info: Opponent has won; playing most blocking move.
10767 info: Captured cells caused win! Removing...
10767 info: Opponent has won; playing most blocking move.
10767 config: ============ BenzeneShutdown =============
10767 config: MoHexProgram:: ShutdownSystem()
10767 config: CommonProgram:: ShutdownSystem()
10767 config: BenzeneProgram:: ShutdownSystem()
Flushing and closing this stream...
