550b7 config: MoHex v2.0.CMake Mar 21 2025.
550b7 config: ============ InitializeSystem ============
550b7 config: BenzeneProgram::InitRandom()
550b7 config: Seed = 226599
550b7 info: Prior Patterns:
550b7 info: Global:
550b7 info: Size            = 565 32648 
550b7 info: TableEntries    = 65932 65910
550b7 info: MirrorsAdded    = 0 0
550b7 info: PrunableCount   = 30593 30629
550b7 info: LargestGamma    = 5820.77
550b7 info: SmallestGamma   = 6.6e-05
550b7 info: Local:
550b7 info: Size            = 550 5318 
550b7 info: TableEntries    = 11602 11588
550b7 info: MirrorsAdded    = 0 0
550b7 info: PrunableCount   = 3659 3667
550b7 info: LargestGamma    = 11281.8
550b7 info: SmallestGamma   = 0.026235
550b7 info: Playout Patterns:
550b7 info: Global:
550b7 info: Size            = 565 32648 
550b7 info: TableEntries    = 70329 70329
550b7 info: MirrorsAdded    = 4397 4419
550b7 info: PrunableCount   = 30593 30629
550b7 info: LargestGamma    = 5820.77
550b7 info: SmallestGamma   = 6.6e-05
550b7 info: Local:
550b7 info: Size            = 550 5318 
550b7 info: TableEntries    = 11602 11588
550b7 info: MirrorsAdded    = 0 0
550b7 info: PrunableCount   = 3659 3667
550b7 info: LargestGamma    = 11281.8
550b7 info: SmallestGamma   = 0.026235
550b7 config: IcePatternSet: reading from '/home/linus/MoHex2.0/nfbranchfix/benzene-vanilla-cmake/share/ice-patterns.txt'.
550b7 config: IcePatternSet: parsed 708 patterns.
550b7 config: VCS: reading captured set patterns from '/home/linus/MoHex2.0/nfbranchfix/benzene-vanilla-cmake/share/vc-captured-set.txt'.
550b7 config: VCS:: parsed 2 patterns.
550b7 config: VCS: reading captured set patterns from '/home/linus/MoHex2.0/nfbranchfix/benzene-vanilla-cmake/share/vc-captured-set.txt'.
550b7 config: VCS:: parsed 2 patterns.
550b7 config: IcePatternSet: reading from '/home/linus/MoHex2.0/nfbranchfix/benzene-vanilla-cmake/share/ice-patterns.txt'.
550b7 config: IcePatternSet: parsed 708 patterns.
550b7 config: VCS: reading captured set patterns from '/home/linus/MoHex2.0/nfbranchfix/benzene-vanilla-cmake/share/vc-captured-set.txt'.
550b7 config: VCS:: parsed 2 patterns.
550b7 config: VCS: reading captured set patterns from '/home/linus/MoHex2.0/nfbranchfix/benzene-vanilla-cmake/share/vc-captured-set.txt'.
550b7 config: VCS:: parsed 2 patterns.
550b7 config: VCS: reading captured set patterns from '/home/linus/MoHex2.0/nfbranchfix/benzene-vanilla-cmake/share/vc-captured-set.txt'.
550b7 config: VCS:: parsed 2 patterns.
550b7 config: VCS: reading captured set patterns from '/home/linus/MoHex2.0/nfbranchfix/benzene-vanilla-cmake/share/vc-captured-set.txt'.
550b7 config: VCS:: parsed 2 patterns.
550b7 config: VCS: reading captured set patterns from '/home/linus/MoHex2.0/nfbranchfix/benzene-vanilla-cmake/share/vc-captured-set.txt'.
550b7 config: VCS:: parsed 2 patterns.
550b7 config: VCS: reading captured set patterns from '/home/linus/MoHex2.0/nfbranchfix/benzene-vanilla-cmake/share/vc-captured-set.txt'.
550b7 config: VCS:: parsed 2 patterns.
550b7 config: VCPattern: loading pattern templates from '/home/linus/MoHex2.0/nfbranchfix/benzene-vanilla-cmake/share/vc-patterns.txt'.
550b7 info: Best move cannot be determined, must search state.
550b7 info: --- MoHexPlayer::Search() ---
550b7 info: Color: white
550b7 info: MaxGames: 1
550b7 info: NumberThreads: 1
550b7 info: MaxNodes: 181818181 (15999999928 bytes)
550b7 info: TimeForMove: 1
550b7 info: PreSearch: max time reached (58/85).
550b7 info: Time for PreSearch: 0.201087s
550b7 info: 
  c49eeda0fc3733c4
  a  b  c  d  e  f  g  h  i  j  k  
 1\.  .  .  *  *  *  *  *  *  *  .\1
  2\.  .  *  *  *  *  *  *  *  *  .\2
   3\.  .  *  *  *  *  *  *  *  *  .\3
    4\.  *  *  *  *  *  *  *  *  *  .\4
     5\.  *  *  *  *  *  *  *  *  *  .\5
      6\.  *  *  *  *  *  *  *  *  *  .\6
       7\.  *  *  *  *  *  *  *  *  *  .\7
        8\.  *  *  *  *  *  *  *  *  .  .\8
         9\.  *  *  *  *  *  *  *  *  .  .\9
         10\.  *  *  *  *  *  *  .  B  b  b\10
          11\.  *  *  *  *  .  b  b  b  b  b\11
              a  b  c  d  e  f  g  h  i  j  k  
550b7 info: No subtree to reuse.
550b7 info: Creating thread 0
550b7 info: StartSearch()[0]
550b7 config: VCS: reading captured set patterns from '/home/linus/MoHex2.0/nfbranchfix/benzene-vanilla-cmake/share/vc-captured-set.txt'.
550b7 config: VCS:: parsed 2 patterns.
550b7 config: VCS: reading captured set patterns from '/home/linus/MoHex2.0/nfbranchfix/benzene-vanilla-cmake/share/vc-captured-set.txt'.
550b7 config: VCS:: parsed 2 patterns.
550b7 info: 
Elapsed Time   0.34773s
Count          1
GamesPlayed    1
Nodes          1
Knowledge      0 (0.0%)
Expansions     0.0
Time           0.00
GameLen        113.0 dev=0.0 min=113.0 max=113.0
InTree         0.0 dev=0.0 min=0.0 max=0.0
KnowDepth      -
Aborted        0%
Games/s        396.2
Score          0.00
Sequence      
550b7 info: 
550b7 warning: **** MoHexSearch returned empty sequence!
550b7 warning: **** Returning random move!
550b7 info: Best move cannot be determined, must search state.
550b7 info: --- MoHexPlayer::Search() ---
550b7 info: Color: white
550b7 info: MaxGames: 1
550b7 info: NumberThreads: 1
550b7 info: MaxNodes: 181818181 (15999999928 bytes)
550b7 info: TimeForMove: 1
550b7 info: PreSearch: max time reached (41/83).
550b7 info: Time for PreSearch: 0.204844s
550b7 info: 
  4b2086ad8d9186bb
  a  b  c  d  e  f  g  h  i  j  k  
 1\.  .  .  *  *  *  *  *  .  B  .\1
  2\.  .  *  *  *  *  *  *  *  *  .\2
   3\.  *  *  *  *  *  *  *  *  *  .\3
    4\.  *  *  *  *  *  *  *  *  *  .\4
     5\.  *  *  *  *  *  *  *  *  *  .\5
      6\.  *  *  *  *  *  *  *  *  *  .\6
       7\.  *  *  *  W  *  *  *  *  *  .\7
        8\.  *  *  *  *  *  *  *  *  .  .\8
         9\.  *  *  *  *  *  *  *  *  .  .\9
         10\.  *  *  *  *  *  *  .  B  b  b\10
          11\.  *  *  *  *  .  b  b  b  b  b\11
              a  b  c  d  e  f  g  h  i  j  k  
550b7 info: Old: [black, i10] [white, swap-pieces] 
550b7 info: New: [black, i10] [white, swap-pieces] [white, e7] [black, j1] 
550b7 info: ReuseSubtree: Colors do not alternate.
550b7 info: No subtree to reuse.
550b7 info: StartSearch()[0]
550b7 info: 
Elapsed Time   0.418231s
Count          1
GamesPlayed    1
Nodes          1
Knowledge      0 (0.0%)
Expansions     0.0
Time           0.00
GameLen        111.0 dev=0.0 min=111.0 max=111.0
InTree         0.0 dev=0.0 min=0.0 max=0.0
KnowDepth      -
Aborted        0%
Games/s        3333.3
Score          1.00
Sequence      
550b7 info: 
550b7 warning: **** MoHexSearch returned empty sequence!
550b7 warning: **** Returning random move!
550b7 info: Best move cannot be determined, must search state.
550b7 info: --- MoHexPlayer::Search() ---
550b7 info: Color: white
550b7 info: MaxGames: 1
550b7 info: NumberThreads: 1
550b7 info: MaxNodes: 181818181 (15999999928 bytes)
550b7 info: TimeForMove: 1
550b7 info: PreSearch: max time reached (20/78).
550b7 info: Time for PreSearch: 0.201867s
550b7 info: 
  af59acd1dd2885c2
  a  b  c  d  e  f  g  h  i  j  k  
 1\.  .  .  *  *  *  *  *  .  B  .\1
  2\.  .  *  *  *  *  *  *  *  *  .\2
   3\.  *  *  *  *  *  *  *  *  *  .\3
    4\.  *  *  *  *  *  *  W  *  *  .\4
     5\.  *  *  *  *  *  *  *  *  *  .\5
      6\.  *  *  *  *  *  *  *  *  *  .\6
       7\.  *  *  *  W  *  *  *  *  *  .\7
        8\.  *  *  *  *  *  *  *  *  .  .\8
         9\.  *  *  *  *  *  *  *  *  .  .\9
         10\.  *  *  *  *  .  B  b  B  b  b\10
          11\.  *  *  .  b  b  b  b  b  b  b\11
              a  b  c  d  e  f  g  h  i  j  k  
550b7 info: Old: [black, i10] [white, swap-pieces] [white, e7] [black, j1] 
550b7 info: New: [black, i10] [white, swap-pieces] [white, e7] [black, j1] [white, h4] [black, g10] 
550b7 info: MovesPlayed: [white, h4] [black, g10] 
550b7 info: No subtree to reuse.
550b7 info: StartSearch()[0]
550b7 info: 
Elapsed Time   0.342656s
Count          1
GamesPlayed    1
Nodes          1
Knowledge      0 (0.0%)
Expansions     0.0
Time           0.00
GameLen        106.0 dev=0.0 min=106.0 max=106.0
InTree         0.0 dev=0.0 min=0.0 max=0.0
KnowDepth      -
Aborted        0%
Games/s        3472.2
Score          1.00
Sequence      
550b7 info: 
550b7 warning: **** MoHexSearch returned empty sequence!
550b7 warning: **** Returning random move!
550b7 info: Winning SC.
550b7 info: Winning SC.
550b7 info: Winning SC.
550b7 info: Winning SC.
550b7 info: Winning SC.
550b7 info: Winning SC.
550b7 info: Winning SC.
550b7 info: Winning SC.
550b7 info: Winning SC.
550b7 config: ============ BenzeneShutdown =============
550b7 config: MoHexProgram:: ShutdownSystem()
550b7 config: CommonProgram:: ShutdownSystem()
550b7 config: BenzeneProgram:: ShutdownSystem()
Flushing and closing this stream...
