24867 config: MoHex v2.0.CMake Mar 21 2025.
24867 config: ============ InitializeSystem ============
24867 config: BenzeneProgram::InitRandom()
24867 config: Seed = 619832
24867 info: Prior Patterns:
24867 info: Global:
24867 info: Size            = 565 32648 
24867 info: TableEntries    = 65932 65910
24867 info: MirrorsAdded    = 0 0
24867 info: PrunableCount   = 30593 30629
24867 info: LargestGamma    = 5820.77
24867 info: SmallestGamma   = 6.6e-05
24867 info: Local:
24867 info: Size            = 550 5318 
24867 info: TableEntries    = 11602 11588
24867 info: MirrorsAdded    = 0 0
24867 info: PrunableCount   = 3659 3667
24867 info: LargestGamma    = 11281.8
24867 info: SmallestGamma   = 0.026235
24867 info: Playout Patterns:
24867 info: Global:
24867 info: Size            = 565 32648 
24867 info: TableEntries    = 70329 70329
24867 info: MirrorsAdded    = 4397 4419
24867 info: PrunableCount   = 30593 30629
24867 info: LargestGamma    = 5820.77
24867 info: SmallestGamma   = 6.6e-05
24867 info: Local:
24867 info: Size            = 550 5318 
24867 info: TableEntries    = 11602 11588
24867 info: MirrorsAdded    = 0 0
24867 info: PrunableCount   = 3659 3667
24867 info: LargestGamma    = 11281.8
24867 info: SmallestGamma   = 0.026235
24867 config: IcePatternSet: reading from '/home/linus/MoHex2.0/nfbranchfix/benzene-vanilla-cmake/share/ice-patterns.txt'.
24867 config: IcePatternSet: parsed 708 patterns.
24867 config: VCS: reading captured set patterns from '/home/linus/MoHex2.0/nfbranchfix/benzene-vanilla-cmake/share/vc-captured-set.txt'.
24867 config: VCS:: parsed 2 patterns.
24867 config: VCS: reading captured set patterns from '/home/linus/MoHex2.0/nfbranchfix/benzene-vanilla-cmake/share/vc-captured-set.txt'.
24867 config: VCS:: parsed 2 patterns.
24867 config: IcePatternSet: reading from '/home/linus/MoHex2.0/nfbranchfix/benzene-vanilla-cmake/share/ice-patterns.txt'.
24867 config: IcePatternSet: parsed 708 patterns.
24867 config: VCS: reading captured set patterns from '/home/linus/MoHex2.0/nfbranchfix/benzene-vanilla-cmake/share/vc-captured-set.txt'.
24867 config: VCS:: parsed 2 patterns.
24867 config: VCS: reading captured set patterns from '/home/linus/MoHex2.0/nfbranchfix/benzene-vanilla-cmake/share/vc-captured-set.txt'.
24867 config: VCS:: parsed 2 patterns.
24867 config: VCS: reading captured set patterns from '/home/linus/MoHex2.0/nfbranchfix/benzene-vanilla-cmake/share/vc-captured-set.txt'.
24867 config: VCS:: parsed 2 patterns.
24867 config: VCS: reading captured set patterns from '/home/linus/MoHex2.0/nfbranchfix/benzene-vanilla-cmake/share/vc-captured-set.txt'.
24867 config: VCS:: parsed 2 patterns.
24867 config: VCS: reading captured set patterns from '/home/linus/MoHex2.0/nfbranchfix/benzene-vanilla-cmake/share/vc-captured-set.txt'.
24867 config: VCS:: parsed 2 patterns.
24867 config: VCS: reading captured set patterns from '/home/linus/MoHex2.0/nfbranchfix/benzene-vanilla-cmake/share/vc-captured-set.txt'.
24867 config: VCS:: parsed 2 patterns.
24867 config: VCPattern: loading pattern templates from '/home/linus/MoHex2.0/nfbranchfix/benzene-vanilla-cmake/share/vc-patterns.txt'.
24867 info: Best move cannot be determined, must search state.
24867 info: --- MoHexPlayer::Search() ---
24867 info: Color: white
24867 info: MaxGames: 1
24867 info: NumberThreads: 1
24867 info: MaxNodes: 181818181 (15999999928 bytes)
24867 info: TimeForMove: 1
24867 info: PreSearch: max time reached (46/92).
24867 info: Time for PreSearch: 0.201555s
24867 info: 
  77c9a12a222a7b19
  a  b  c  d  e  f  g  h  i  j  k  
 1\b  b  b  .  *  *  *  *  *  *  .\1
  2\B  .  *  *  *  *  *  *  *  *  .\2
   3\.  *  *  *  *  *  *  *  *  *  .\3
    4\.  *  *  *  *  *  *  *  *  *  .\4
     5\.  *  *  *  *  *  *  *  *  *  .\5
      6\.  *  *  *  *  *  *  *  *  *  .\6
       7\.  *  *  *  *  *  *  *  *  *  .\7
        8\.  *  *  *  *  *  *  *  *  *  .\8
         9\.  *  *  *  *  *  *  *  *  *  .\9
         10\.  *  *  *  *  *  *  *  *  .  .\10
          11\.  *  *  *  *  *  *  *  .  .  .\11
              a  b  c  d  e  f  g  h  i  j  k  
24867 info: No subtree to reuse.
24867 info: Creating thread 0
24867 info: StartSearch()[0]
24867 config: VCS: reading captured set patterns from '/home/linus/MoHex2.0/nfbranchfix/benzene-vanilla-cmake/share/vc-captured-set.txt'.
24867 config: VCS:: parsed 2 patterns.
24867 config: VCS: reading captured set patterns from '/home/linus/MoHex2.0/nfbranchfix/benzene-vanilla-cmake/share/vc-captured-set.txt'.
24867 config: VCS:: parsed 2 patterns.
24867 info: 
Elapsed Time   0.544328s
Count          1
GamesPlayed    1
Nodes          1
Knowledge      0 (0.0%)
Expansions     0.0
Time           0.00
GameLen        117.0 dev=0.0 min=117.0 max=117.0
InTree         0.0 dev=0.0 min=0.0 max=0.0
KnowDepth      -
Aborted        0%
Games/s        415.8
Score          1.00
Sequence      
24867 info: 
24867 warning: **** MoHexSearch returned empty sequence!
24867 warning: **** Returning random move!
24867 info: Best move cannot be determined, must search state.
24867 info: --- MoHexPlayer::Search() ---
24867 info: Color: white
24867 info: MaxGames: 1
24867 info: NumberThreads: 1
24867 info: MaxNodes: 181818181 (15999999928 bytes)
24867 info: TimeForMove: 1
24867 info: PreSearch: max time reached (53/91).
24867 info: Time for PreSearch: 0.201104s
24867 info: 
  08f96be50ee15262
  a  b  c  d  e  f  g  h  i  j  k  
 1\b  b  b  .  *  *  *  *  *  *  .\1
  2\B  .  *  *  *  *  *  *  *  *  .\2
   3\.  *  *  *  *  *  *  *  *  *  .\3
    4\.  *  *  *  *  *  *  *  *  *  .\4
     5\.  *  *  B  *  *  *  *  *  *  .\5
      6\.  *  *  *  *  *  *  *  *  *  .\6
       7\.  *  *  *  *  *  *  *  *  *  .\7
        8\.  *  *  *  *  *  *  *  *  *  .\8
         9\.  *  *  *  *  *  *  *  *  *  .\9
         10\W  *  *  *  *  *  *  *  *  .  .\10
          11\.  *  *  *  *  *  *  *  .  .  .\11
              a  b  c  d  e  f  g  h  i  j  k  
24867 info: Old: [black, a2] [white, swap-pieces] 
24867 info: New: [black, a2] [white, swap-pieces] [white, a10] [black, d5] 
24867 info: ReuseSubtree: Colors do not alternate.
24867 info: No subtree to reuse.
24867 info: StartSearch()[0]
24867 info: 
Elapsed Time   0.364624s
Count          1
GamesPlayed    1
Nodes          1
Knowledge      0 (0.0%)
Expansions     0.0
Time           0.00
GameLen        115.0 dev=0.0 min=115.0 max=115.0
InTree         0.0 dev=0.0 min=0.0 max=0.0
KnowDepth      -
Aborted        0%
Games/s        2865.3
Score          1.00
Sequence      
24867 info: 
24867 warning: **** MoHexSearch returned empty sequence!
24867 warning: **** Returning random move!
24867 info: Best move cannot be determined, must search state.
24867 info: --- MoHexPlayer::Search() ---
24867 info: Color: white
24867 info: MaxGames: 1
24867 info: NumberThreads: 1
24867 info: MaxNodes: 181818181 (15999999928 bytes)
24867 info: TimeForMove: 1
24867 info: PreSearch: max time reached (37/87).
24867 info: Time for PreSearch: 0.204526s
24867 info: 
  818e003801dfea5a
  a  b  c  d  e  f  g  h  i  j  k  
 1\b  b  b  .  *  *  *  *  *  *  .\1
  2\B  .  *  *  *  *  *  *  *  *  .\2
   3\.  *  *  *  *  *  *  *  *  *  .\3
    4\.  *  *  *  *  *  *  *  *  *  .\4
     5\.  .  B  B  *  *  *  *  *  *  .\5
      6\.  .  *  *  *  *  *  W  *  *  .\6
       7\.  *  *  *  *  *  *  *  *  *  .\7
        8\.  *  *  *  *  *  *  *  *  *  .\8
         9\.  *  *  *  *  *  *  *  *  *  .\9
         10\W  *  *  *  *  *  *  *  *  .  .\10
          11\.  *  *  *  *  *  *  *  .  .  .\11
              a  b  c  d  e  f  g  h  i  j  k  
24867 info: Old: [black, a2] [white, swap-pieces] [white, a10] [black, d5] 
24867 info: New: [black, a2] [white, swap-pieces] [white, a10] [black, d5] [white, h6] [black, c5] 
24867 info: MovesPlayed: [white, h6] [black, c5] 
24867 info: No subtree to reuse.
24867 info: StartSearch()[0]
24867 info: 
Elapsed Time   0.544663s
Count          1
GamesPlayed    1
Nodes          1
Knowledge      0 (0.0%)
Expansions     0.0
Time           0.00
GameLen        113.0 dev=0.0 min=113.0 max=113.0
InTree         0.0 dev=0.0 min=0.0 max=0.0
KnowDepth      -
Aborted        0%
Games/s        3115.3
Score          1.00
Sequence      
24867 info: 
24867 warning: **** MoHexSearch returned empty sequence!
24867 warning: **** Returning random move!
24867 info: Best move cannot be determined, must search state.
24867 info: --- MoHexPlayer::Search() ---
24867 info: Color: white
24867 info: MaxGames: 1
24867 info: NumberThreads: 1
24867 info: MaxNodes: 181818181 (15999999928 bytes)
24867 info: TimeForMove: 1
24867 info: PreSearch: max time reached (27/84).
24867 info: Time for PreSearch: 0.207195s
24867 info: 
  32b973df5c6d6750
  a  b  c  d  e  f  g  h  i  j  k  
 1\b  b  b  .  *  *  *  *  *  *  .\1
  2\B  .  *  *  *  *  *  *  *  *  .\2
   3\.  *  *  *  *  *  *  *  *  *  .\3
    4\.  *  *  .  B  *  *  *  *  *  .\4
     5\.  .  B  B  *  *  *  *  *  *  .\5
      6\.  .  *  *  *  *  *  W  *  *  .\6
       7\.  *  *  *  *  *  *  *  *  *  .\7
        8\.  *  *  *  *  *  W  *  *  *  .\8
         9\.  *  *  *  *  *  *  *  *  *  .\9
         10\W  *  *  *  *  *  *  *  *  .  .\10
          11\.  *  *  *  *  *  *  *  .  .  .\11
              a  b  c  d  e  f  g  h  i  j  k  
24867 info: Old: [black, a2] [white, swap-pieces] [white, a10] [black, d5] [white, h6] [black, c5] 
24867 info: New: [black, a2] [white, swap-pieces] [white, a10] [black, d5] [white, h6] [black, c5] [white, g8] [black, e4] 
24867 info: MovesPlayed: [white, g8] [black, e4] 
24867 info: No subtree to reuse.
24867 info: StartSearch()[0]
24867 info: 
Elapsed Time   0.371s
Count          1
GamesPlayed    1
Nodes          1
Knowledge      0 (0.0%)
Expansions     0.0
Time           0.00
GameLen        111.0 dev=0.0 min=111.0 max=111.0
InTree         0.0 dev=0.0 min=0.0 max=0.0
KnowDepth      -
Aborted        0%
Games/s        2283.1
Score          1.00
Sequence      
24867 info: 
24867 warning: **** MoHexSearch returned empty sequence!
24867 warning: **** Returning random move!
24867 info: Best move cannot be determined, must search state.
24867 info: --- MoHexPlayer::Search() ---
24867 info: Color: white
24867 info: MaxGames: 1
24867 info: NumberThreads: 1
24867 info: MaxNodes: 181818181 (15999999928 bytes)
24867 info: TimeForMove: 1
24867 info: PreSearch: max time reached (27/75).
24867 info: Time for PreSearch: 0.211327s
24867 info: 
  f6585267125b62cb
  a  b  c  d  e  f  g  h  i  j  k  
 1\b  b  b  b  .  *  *  *  *  *  .\1
  2\B  b  .  *  *  *  *  *  *  *  .\2
   3\b  .  *  *  *  *  *  *  *  *  .\3
    4\w  .  *  .  B  *  B  *  *  *  .\4
     5\w  W  B  B  *  *  *  *  *  *  .\5
      6\w  .  .  *  *  *  *  W  *  *  .\6
       7\w  .  .  *  *  *  *  *  *  *  .\7
        8\w  .  *  *  *  *  W  *  *  *  .\8
         9\w  .  *  *  *  *  *  *  *  *  .\9
         10\W  *  *  *  *  *  *  *  *  .  .\10
          11\.  *  *  *  *  *  *  *  .  .  .\11
              a  b  c  d  e  f  g  h  i  j  k  
24867 info: Old: [black, a2] [white, swap-pieces] [white, a10] [black, d5] [white, h6] [black, c5] [white, g8] [black, e4] 
24867 info: New: [black, a2] [white, swap-pieces] [white, a10] [black, d5] [white, h6] [black, c5] [white, g8] [black, e4] [white, b5] [black, g4] 
24867 info: MovesPlayed: [white, b5] [black, g4] 
24867 info: No subtree to reuse.
24867 info: StartSearch()[0]
24867 info: 
Elapsed Time   0.365899s
Count          1
GamesPlayed    1
Nodes          1
Knowledge      0 (0.0%)
Expansions     0.0
Time           0.00
GameLen        100.0 dev=0.0 min=100.0 max=100.0
InTree         0.0 dev=0.0 min=0.0 max=0.0
KnowDepth      -
Aborted        0%
Games/s        2873.6
Score          0.00
Sequence      
24867 info: 
24867 warning: **** MoHexSearch returned empty sequence!
24867 warning: **** Returning random move!
24867 info: Best move cannot be determined, must search state.
24867 info: --- MoHexPlayer::Search() ---
24867 info: Color: white
24867 info: MaxGames: 1
24867 info: NumberThreads: 1
24867 info: MaxNodes: 181818181 (15999999928 bytes)
24867 info: TimeForMove: 1
24867 info: PreSearch: max time reached (21/70).
24867 info: Time for PreSearch: 0.209755s
24867 info: 
  1d5964f82c675504
  a  b  c  d  e  f  g  h  i  j  k  
 1\b  b  b  b  .  *  *  *  .  B  .\1
  2\B  b  .  *  *  *  *  *  *  *  .\2
   3\b  .  *  *  *  *  *  *  *  *  .\3
    4\w  .  *  .  B  *  B  *  *  *  .\4
     5\w  W  B  B  *  *  *  *  *  *  .\5
      6\w  .  .  *  *  *  *  W  *  *  .\6
       7\w  .  .  *  *  *  *  *  *  *  .\7
        8\w  .  *  *  *  *  W  *  *  *  .\8
         9\w  .  *  *  *  *  *  *  *  *  .\9
         10\W  *  *  *  *  *  *  W  *  .  .\10
          11\.  *  *  *  *  *  .  .  .  .  .\11
              a  b  c  d  e  f  g  h  i  j  k  
24867 info: Old: [black, a2] [white, swap-pieces] [white, a10] [black, d5] [white, h6] [black, c5] [white, g8] [black, e4] [white, b5] [black, g4] 
24867 info: New: [black, a2] [white, swap-pieces] [white, a10] [black, d5] [white, h6] [black, c5] [white, g8] [black, e4] [white, b5] [black, g4] [white, h10] [black, j1] 
24867 info: MovesPlayed: [white, h10] [black, j1] 
24867 info: No subtree to reuse.
24867 info: StartSearch()[0]
24867 info: 
Elapsed Time   0.550272s
Count          1
GamesPlayed    1
Nodes          1
Knowledge      0 (0.0%)
Expansions     0.0
Time           0.00
GameLen        98.0 dev=0.0 min=98.0 max=98.0
InTree         0.0 dev=0.0 min=0.0 max=0.0
KnowDepth      -
Aborted        0%
Games/s        2915.5
Score          0.00
Sequence      
24867 info: 
24867 warning: **** MoHexSearch returned empty sequence!
24867 warning: **** Returning random move!
24867 info: Best move cannot be determined, must search state.
24867 info: --- MoHexPlayer::Search() ---
24867 info: Color: white
24867 info: MaxGames: 1
24867 info: NumberThreads: 1
24867 info: MaxNodes: 181818181 (15999999928 bytes)
24867 info: TimeForMove: 1
24867 info: Winning sequence found before UCT search!
24867 info: Sequence: d8
24867 info: Winning SC.
24867 info: Winning SC.
24867 info: Winning SC.
24867 info: Winning SC.
24867 info: Winning SC.
24867 info: Winning SC.
24867 info: Winning SC.
24867 info: Winning SC.
24867 info: Winning SC.
24867 info: Winning SC.
24867 info: Winning SC.
24867 config: ============ BenzeneShutdown =============
24867 config: MoHexProgram:: ShutdownSystem()
24867 config: CommonProgram:: ShutdownSystem()
24867 config: BenzeneProgram:: ShutdownSystem()
Flushing and closing this stream...
