a52b7 config: MoHex v2.0.CMake Mar 21 2025.
a52b7 config: ============ InitializeSystem ============
a52b7 config: BenzeneProgram::InitRandom()
a52b7 config: Seed = 803919
a52b7 info: Prior Patterns:
a52b7 info: Global:
a52b7 info: Size            = 565 32648 
a52b7 info: TableEntries    = 65932 65910
a52b7 info: MirrorsAdded    = 0 0
a52b7 info: PrunableCount   = 30593 30629
a52b7 info: LargestGamma    = 5820.77
a52b7 info: SmallestGamma   = 6.6e-05
a52b7 info: Local:
a52b7 info: Size            = 550 5318 
a52b7 info: TableEntries    = 11602 11588
a52b7 info: MirrorsAdded    = 0 0
a52b7 info: PrunableCount   = 3659 3667
a52b7 info: LargestGamma    = 11281.8
a52b7 info: SmallestGamma   = 0.026235
a52b7 info: Playout Patterns:
a52b7 info: Global:
a52b7 info: Size            = 565 32648 
a52b7 info: TableEntries    = 70329 70329
a52b7 info: MirrorsAdded    = 4397 4419
a52b7 info: PrunableCount   = 30593 30629
a52b7 info: LargestGamma    = 5820.77
a52b7 info: SmallestGamma   = 6.6e-05
a52b7 info: Local:
a52b7 info: Size            = 550 5318 
a52b7 info: TableEntries    = 11602 11588
a52b7 info: MirrorsAdded    = 0 0
a52b7 info: PrunableCount   = 3659 3667
a52b7 info: LargestGamma    = 11281.8
a52b7 info: SmallestGamma   = 0.026235
a52b7 config: IcePatternSet: reading from '/home/linus/MoHex2.0/nfbranchfix/benzene-vanilla-cmake/share/ice-patterns.txt'.
a52b7 config: IcePatternSet: parsed 708 patterns.
a52b7 config: VCS: reading captured set patterns from '/home/linus/MoHex2.0/nfbranchfix/benzene-vanilla-cmake/share/vc-captured-set.txt'.
a52b7 config: VCS:: parsed 2 patterns.
a52b7 config: VCS: reading captured set patterns from '/home/linus/MoHex2.0/nfbranchfix/benzene-vanilla-cmake/share/vc-captured-set.txt'.
a52b7 config: VCS:: parsed 2 patterns.
a52b7 config: IcePatternSet: reading from '/home/linus/MoHex2.0/nfbranchfix/benzene-vanilla-cmake/share/ice-patterns.txt'.
a52b7 config: IcePatternSet: parsed 708 patterns.
a52b7 config: VCS: reading captured set patterns from '/home/linus/MoHex2.0/nfbranchfix/benzene-vanilla-cmake/share/vc-captured-set.txt'.
a52b7 config: VCS:: parsed 2 patterns.
a52b7 config: VCS: reading captured set patterns from '/home/linus/MoHex2.0/nfbranchfix/benzene-vanilla-cmake/share/vc-captured-set.txt'.
a52b7 config: VCS:: parsed 2 patterns.
a52b7 config: VCS: reading captured set patterns from '/home/linus/MoHex2.0/nfbranchfix/benzene-vanilla-cmake/share/vc-captured-set.txt'.
a52b7 config: VCS:: parsed 2 patterns.
a52b7 config: VCS: reading captured set patterns from '/home/linus/MoHex2.0/nfbranchfix/benzene-vanilla-cmake/share/vc-captured-set.txt'.
a52b7 config: VCS:: parsed 2 patterns.
a52b7 config: VCS: reading captured set patterns from '/home/linus/MoHex2.0/nfbranchfix/benzene-vanilla-cmake/share/vc-captured-set.txt'.
a52b7 config: VCS:: parsed 2 patterns.
a52b7 config: VCS: reading captured set patterns from '/home/linus/MoHex2.0/nfbranchfix/benzene-vanilla-cmake/share/vc-captured-set.txt'.
a52b7 config: VCS:: parsed 2 patterns.
a52b7 info: SwapCheck: reading from '/home/linus/MoHex2.0/nfbranchfix/benzene-vanilla-cmake/share/swap-moves.txt'.
a52b7 info: SwapCheck: playing swap.
a52b7 config: VCPattern: loading pattern templates from '/home/linus/MoHex2.0/nfbranchfix/benzene-vanilla-cmake/share/vc-patterns.txt'.
a52b7 info: Best move cannot be determined, must search state.
a52b7 info: --- MoHexPlayer::Search() ---
a52b7 info: Color: black
a52b7 info: MaxGames: 1
a52b7 info: NumberThreads: 1
a52b7 info: MaxNodes: 181818181 (15999999928 bytes)
a52b7 info: TimeForMove: 1
a52b7 info: PreSearch: max time reached (52/91).
a52b7 info: Time for PreSearch: 0.203607s
a52b7 info: 
  fa66c5dacd0c0051
  a  b  c  d  e  f  g  h  i  j  k  
 1\.  .  .  .  .  .  .  .  .  .  .\1
  2\.  .  *  *  *  *  *  *  *  *  *\2
   3\.  *  *  *  *  *  *  *  *  *  *\3
    4\*  *  *  *  *  *  *  *  *  *  *\4
     5\*  *  *  *  *  *  *  *  *  *  *\5
      6\*  *  *  *  *  *  *  *  *  *  B\6
       7\*  *  *  *  *  *  *  *  *  *  *\7
        8\*  *  *  *  *  *  *  W  *  *  *\8
         9\*  *  *  *  *  *  *  *  *  *  .\9
         10\*  *  *  *  *  *  *  *  *  .  .\10
          11\.  .  .  .  .  .  .  .  .  .  .\11
              a  b  c  d  e  f  g  h  i  j  k  
a52b7 info: No subtree to reuse.
a52b7 info: Creating thread 0
a52b7 info: StartSearch()[0]
a52b7 config: VCS: reading captured set patterns from '/home/linus/MoHex2.0/nfbranchfix/benzene-vanilla-cmake/share/vc-captured-set.txt'.
a52b7 config: VCS:: parsed 2 patterns.
a52b7 config: VCS: reading captured set patterns from '/home/linus/MoHex2.0/nfbranchfix/benzene-vanilla-cmake/share/vc-captured-set.txt'.
a52b7 config: VCS:: parsed 2 patterns.
a52b7 info: 
Elapsed Time   0.428064s
Count          1
GamesPlayed    1
Nodes          1
Knowledge      0 (0.0%)
Expansions     0.0
Time           0.00
GameLen        119.0 dev=0.0 min=119.0 max=119.0
InTree         0.0 dev=0.0 min=0.0 max=0.0
KnowDepth      -
Aborted        0%
Games/s        330.4
Score          1.00
Sequence      
a52b7 info: 
a52b7 warning: **** MoHexSearch returned empty sequence!
a52b7 warning: **** Returning random move!
a52b7 info: Best move cannot be determined, must search state.
a52b7 info: --- MoHexPlayer::Search() ---
a52b7 info: Color: black
a52b7 info: MaxGames: 1
a52b7 info: NumberThreads: 1
a52b7 info: MaxNodes: 181818181 (15999999928 bytes)
a52b7 info: TimeForMove: 1
a52b7 info: PreSearch: max time reached (49/91).
a52b7 info: Time for PreSearch: 0.200409s
a52b7 info: 
  cc32e3e7faef0722
  a  b  c  d  e  f  g  h  i  j  k  
 1\.  .  W  .  .  .  .  .  .  .  .\1
  2\*  .  *  *  *  *  *  *  *  *  *\2
   3\.  *  *  *  *  *  *  *  *  *  *\3
    4\*  *  *  *  *  *  *  *  *  *  *\4
     5\*  *  *  *  *  *  *  *  *  *  *\5
      6\*  *  *  *  *  *  *  *  *  *  B\6
       7\*  *  *  *  *  *  *  *  *  *  *\7
        8\*  *  *  *  *  *  B  W  *  *  *\8
         9\*  *  *  *  *  *  *  *  *  *  .\9
         10\*  *  *  *  *  *  *  *  *  .  .\10
          11\.  .  .  .  .  .  .  .  .  .  .\11
              a  b  c  d  e  f  g  h  i  j  k  
a52b7 info: Old: [black, k6] [white, swap-pieces] [white, h8] 
a52b7 info: New: [black, k6] [white, swap-pieces] [white, h8] [black, g8] [white, c1] 
a52b7 info: MovesPlayed: [black, g8] [white, c1] 
a52b7 info: No subtree to reuse.
a52b7 info: StartSearch()[0]
a52b7 info: 
Elapsed Time   0.353674s
Count          1
GamesPlayed    1
Nodes          1
Knowledge      0 (0.0%)
Expansions     0.0
Time           0.00
GameLen        117.0 dev=0.0 min=117.0 max=117.0
InTree         0.0 dev=0.0 min=0.0 max=0.0
KnowDepth      -
Aborted        0%
Games/s        2873.6
Score          1.00
Sequence      
a52b7 info: 
a52b7 warning: **** MoHexSearch returned empty sequence!
a52b7 warning: **** Returning random move!
a52b7 info: Best move cannot be determined, must search state.
a52b7 info: --- MoHexPlayer::Search() ---
a52b7 info: Color: black
a52b7 info: MaxGames: 1
a52b7 info: NumberThreads: 1
a52b7 info: MaxNodes: 181818181 (15999999928 bytes)
a52b7 info: TimeForMove: 1
a52b7 info: PreSearch: max time reached (33/88).
a52b7 info: Time for PreSearch: 0.204735s
a52b7 info: 
  93acec4bca55cc21
  a  b  c  d  e  f  g  h  i  j  k  
 1\.  .  W  .  .  .  .  .  .  .  .\1
  2\*  .  *  *  .  *  *  *  *  *  *\2
   3\.  *  *  W  *  *  *  *  *  *  *\3
    4\*  *  *  *  *  *  *  *  *  *  *\4
     5\*  *  *  *  *  *  *  *  *  *  *\5
      6\*  *  *  *  *  *  *  *  *  *  B\6
       7\*  *  *  *  B  *  *  *  *  *  *\7
        8\*  *  *  *  *  *  B  W  *  *  *\8
         9\*  *  *  *  *  *  *  *  *  *  .\9
         10\*  *  *  *  *  *  *  *  *  .  .\10
          11\.  .  .  .  .  .  .  .  .  .  .\11
              a  b  c  d  e  f  g  h  i  j  k  
a52b7 info: Old: [black, k6] [white, swap-pieces] [white, h8] [black, g8] [white, c1] 
a52b7 info: New: [black, k6] [white, swap-pieces] [white, h8] [black, g8] [white, c1] [black, e7] [white, d3] 
a52b7 info: MovesPlayed: [black, e7] [white, d3] 
a52b7 info: No subtree to reuse.
a52b7 info: StartSearch()[0]
a52b7 info: 
Elapsed Time   0.367227s
Count          1
GamesPlayed    1
Nodes          1
Knowledge      0 (0.0%)
Expansions     0.0
Time           0.00
GameLen        115.0 dev=0.0 min=115.0 max=115.0
InTree         0.0 dev=0.0 min=0.0 max=0.0
KnowDepth      -
Aborted        0%
Games/s        2702.7
Score          1.00
Sequence      
a52b7 info: 
a52b7 warning: **** MoHexSearch returned empty sequence!
a52b7 warning: **** Returning random move!
a52b7 info: Best move cannot be determined, must search state.
a52b7 info: --- MoHexPlayer::Search() ---
a52b7 info: Color: black
a52b7 info: MaxGames: 1
a52b7 info: NumberThreads: 1
a52b7 info: MaxNodes: 181818181 (15999999928 bytes)
a52b7 info: TimeForMove: 1
a52b7 info: PreSearch: max time reached (26/82).
a52b7 info: Time for PreSearch: 0.201077s
a52b7 info: 
  b8dbe4f86b00ba49
  a  b  c  d  e  f  g  h  i  j  k  
 1\.  .  W  .  .  .  .  .  .  .  .\1
  2\*  .  *  *  .  *  *  *  *  *  *\2
   3\.  *  *  W  *  *  *  *  *  *  *\3
    4\*  *  *  *  *  *  *  *  *  *  .\4
     5\*  *  *  *  *  *  *  *  *  B  .\5
      6\*  *  *  *  *  *  *  *  *  .  B\6
       7\*  *  *  *  B  *  *  *  *  *  .\7
        8\*  *  *  *  *  *  B  W  *  *  W\8
         9\*  *  *  *  *  *  *  *  *  *  .\9
         10\*  *  *  *  *  *  *  *  *  .  .\10
          11\.  .  .  .  .  .  .  .  .  .  .\11
              a  b  c  d  e  f  g  h  i  j  k  
a52b7 info: Old: [black, k6] [white, swap-pieces] [white, h8] [black, g8] [white, c1] [black, e7] [white, d3] 
a52b7 info: New: [black, k6] [white, swap-pieces] [white, h8] [black, g8] [white, c1] [black, e7] [white, d3] [black, j5] [white, k8] 
a52b7 info: MovesPlayed: [black, j5] [white, k8] 
a52b7 info: No subtree to reuse.
a52b7 info: StartSearch()[0]
a52b7 info: 
Elapsed Time   0.513484s
Count          1
GamesPlayed    1
Nodes          1
Knowledge      0 (0.0%)
Expansions     0.0
Time           0.00
GameLen        113.0 dev=0.0 min=113.0 max=113.0
InTree         0.0 dev=0.0 min=0.0 max=0.0
KnowDepth      -
Aborted        0%
Games/s        3194.9
Score          1.00
Sequence      
a52b7 info: 
a52b7 warning: **** MoHexSearch returned empty sequence!
a52b7 warning: **** Returning random move!
a52b7 info: Best move cannot be determined, must search state.
a52b7 info: --- MoHexPlayer::Search() ---
a52b7 info: Color: black
a52b7 info: MaxGames: 1
a52b7 info: NumberThreads: 1
a52b7 info: MaxNodes: 181818181 (15999999928 bytes)
a52b7 info: TimeForMove: 1
a52b7 info: PreSearch: max time reached (12/81).
a52b7 info: Time for PreSearch: 0.226907s
a52b7 info: 
  23e4e4612fdec83a
  a  b  c  d  e  f  g  h  i  j  k  
 1\.  .  W  .  .  .  .  .  .  .  .\1
  2\*  .  *  *  W  *  *  *  *  *  *\2
   3\.  *  *  W  *  *  *  *  *  *  *\3
    4\*  *  *  *  *  *  *  *  *  *  .\4
     5\*  *  *  *  *  *  B  *  *  B  .\5
      6\*  *  *  *  *  *  *  *  *  .  B\6
       7\*  *  *  *  B  *  *  *  *  *  .\7
        8\*  *  *  *  *  *  B  W  *  *  W\8
         9\*  *  *  *  *  *  *  *  *  *  .\9
         10\*  *  *  *  *  *  *  *  *  .  .\10
          11\.  .  .  .  .  .  .  .  .  .  .\11
              a  b  c  d  e  f  g  h  i  j  k  
a52b7 info: Old: [black, k6] [white, swap-pieces] [white, h8] [black, g8] [white, c1] [black, e7] [white, d3] [black, j5] [white, k8] 
a52b7 info: New: [black, k6] [white, swap-pieces] [white, h8] [black, g8] [white, c1] [black, e7] [white, d3] [black, j5] [white, k8] [black, g5] [white, e2] 
a52b7 info: MovesPlayed: [black, g5] [white, e2] 
a52b7 info: No subtree to reuse.
a52b7 info: StartSearch()[0]
a52b7 info: 
Elapsed Time   0.384403s
Count          1
GamesPlayed    1
Nodes          1
Knowledge      0 (0.0%)
Expansions     0.0
Time           0.00
GameLen        111.0 dev=0.0 min=111.0 max=111.0
InTree         0.0 dev=0.0 min=0.0 max=0.0
KnowDepth      -
Aborted        0%
Games/s        3311.3
Score          0.00
Sequence      
a52b7 info: 
a52b7 warning: **** MoHexSearch returned empty sequence!
a52b7 warning: **** Returning random move!
a52b7 info: Best move cannot be determined, must search state.
a52b7 info: --- MoHexPlayer::Search() ---
a52b7 info: Color: black
a52b7 info: MaxGames: 1
a52b7 info: NumberThreads: 1
a52b7 info: MaxNodes: 181818181 (15999999928 bytes)
a52b7 info: TimeForMove: 1
a52b7 info: PreSearch: max time reached (10/80).
a52b7 info: Time for PreSearch: 0.201985s
a52b7 info: 
  c022bf90fab5af8b
  a  b  c  d  e  f  g  h  i  j  k  
 1\.  .  W  .  .  .  .  .  .  .  .\1
  2\*  .  *  *  W  *  *  *  *  *  *\2
   3\.  *  *  W  *  *  *  *  *  *  *\3
    4\*  *  W  *  *  *  *  *  *  *  .\4
     5\*  *  *  *  *  *  B  *  *  B  .\5
      6\*  *  *  *  *  *  *  *  *  .  B\6
       7\*  *  *  *  B  *  *  *  *  *  .\7
        8\*  *  *  *  *  *  B  W  *  *  W\8
         9\*  *  *  *  *  *  *  *  *  *  .\9
         10\*  *  *  *  *  *  *  *  *  .  .\10
          11\B  .  .  .  .  .  .  .  .  .  .\11
              a  b  c  d  e  f  g  h  i  j  k  
a52b7 info: Old: [black, k6] [white, swap-pieces] [white, h8] [black, g8] [white, c1] [black, e7] [white, d3] [black, j5] [white, k8] [black, g5] [white, e2] 
a52b7 info: New: [black, k6] [white, swap-pieces] [white, h8] [black, g8] [white, c1] [black, e7] [white, d3] [black, j5] [white, k8] [black, g5] [white, e2] [black, a11] [white, c4] 
a52b7 info: MovesPlayed: [black, a11] [white, c4] 
a52b7 info: No subtree to reuse.
a52b7 info: StartSearch()[0]
a52b7 info: 
Elapsed Time   0.362778s
Count          1
GamesPlayed    1
Nodes          1
Knowledge      0 (0.0%)
Expansions     0.0
Time           0.00
GameLen        109.0 dev=0.0 min=109.0 max=109.0
InTree         0.0 dev=0.0 min=0.0 max=0.0
KnowDepth      -
Aborted        0%
Games/s        3125.0
Score          1.00
Sequence      
a52b7 info: 
a52b7 warning: **** MoHexSearch returned empty sequence!
a52b7 warning: **** Returning random move!
a52b7 info: Winning SC.
a52b7 info: Winning SC.
a52b7 info: Winning SC.
a52b7 info: Winning SC.
a52b7 info: Winning SC.
a52b7 info: Winning SC.
a52b7 info: Winning SC.
a52b7 info: Winning SC.
a52b7 info: Winning SC.
a52b7 info: Winning SC.
a52b7 info: Winning SC.
a52b7 info: Winning SC.
a52b7 info: Winning SC.
a52b7 config: ============ BenzeneShutdown =============
a52b7 config: MoHexProgram:: ShutdownSystem()
a52b7 config: CommonProgram:: ShutdownSystem()
a52b7 config: BenzeneProgram:: ShutdownSystem()
Flushing and closing this stream...
