# nice ../build/src/mohex/mohex --config mohex-weak.htp --seed 53083 --logfile-name jobs/11x11-mohex-mohex-cg2010-vs-mohex-mohex-weak-4/mohex-mohex-weak-331.log
>boardsize 11 11
<= 
<
>name
MoHex 2.0.CMake Mar 21 2025
Copyright (C) 2007-2012 by the authors of the Benzene project.
This program comes with ABSOLUTELY NO WARRANTY. This is
free software and you are welcome to redistribute it under
certain conditions. Type `benzene-license' for details.

SgRandom::SetSeed: 53083
SgUctSearch: system memory 33632358400, using 1000000000 (5681818 nodes)
SgRandom::SetSeed: 1
SgRandom::SetSeed: 53083
8f757 info: Prior Patterns:
8f757 info: Global:
8f757 info: Size            = 565 32648 
8f757 info: TableEntries    = 65932 65910
8f757 info: MirrorsAdded    = 0 0
8f757 info: PrunableCount   = 30593 30629
8f757 info: LargestGamma    = 5820.77
8f757 info: SmallestGamma   = 6.6e-05
8f757 info: Local:
8f757 info: Size            = 550 5318 
8f757 info: TableEntries    = 11602 11588
8f757 info: MirrorsAdded    = 0 0
8f757 info: PrunableCount   = 3659 3667
8f757 info: LargestGamma    = 11281.8
8f757 info: SmallestGamma   = 0.026235
8f757 info: Playout Patterns:
8f757 info: Global:
8f757 info: Size            = 565 32648 
8f757 info: TableEntries    = 70329 70329
8f757 info: MirrorsAdded    = 4397 4419
8f757 info: PrunableCount   = 30593 30629
8f757 info: LargestGamma    = 5820.77
8f757 info: SmallestGamma   = 6.6e-05
8f757 info: Local:
8f757 info: Size            = 550 5318 
8f757 info: TableEntries    = 11602 11588
8f757 info: MirrorsAdded    = 0 0
8f757 info: PrunableCount   = 3659 3667
8f757 info: LargestGamma    = 11281.8
8f757 info: SmallestGamma   = 0.026235
param_game allow_swap 1
= 

param_mohex max_memory 1600000
= 

param_mohex num_threads 1
= 

param_mohex max_time 1
= 

param_mohex max_games 1
= 

param_mohex knowledge_threshold 400
= 

param_mohex reuse_subtree 1
= 

param_mohex use_parallel_solver 0
= 

<= MoHex
<
>version
<= 2.0.CMake
<
>play b e1
<= 
<
>showboard
<= 
< 
<  7295874a05ba80a2
<  a  b  c  d  e  f  g  h  i  j  k  
< 1\.  .  .  .  B  .  .  .  .  .  .\1
<  2\.  .  .  .  .  .  .  .  .  .  .\2
<   3\.  .  .  .  .  .  .  .  .  .  .\3
<    4\.  .  .  .  .  .  .  .  .  .  .\4
<     5\.  .  .  .  .  .  .  .  .  .  .\5
<      6\.  .  .  .  .  .  .  .  .  .  .\6
<       7\.  .  .  .  .  .  .  .  .  .  .\7
<        8\.  .  .  .  .  .  .  .  .  .  .\8
<         9\.  .  .  .  .  .  .  .  .  .  .\9
<         10\.  .  .  .  .  .  .  .  .  .  .\10
<          11\.  .  .  .  .  .  .  .  .  .  .\11
<              a  b  c  d  e  f  g  h  i  j  k  
<
>play w e4
<= 
<
>showboard
<= 
< 
<  3bb1300ed9dbbd61
<  a  b  c  d  e  f  g  h  i  j  k  
< 1\.  .  .  .  B  .  .  .  .  .  .\1
<  2\.  .  .  .  .  .  .  .  .  .  .\2
<   3\.  .  .  .  .  .  .  .  .  .  .\3
<    4\.  .  .  .  W  .  .  .  .  .  .\4
<     5\.  .  .  .  .  .  .  .  .  .  .\5
<      6\.  .  .  .  .  .  .  .  .  .  .\6
<       7\.  .  .  .  .  .  .  .  .  .  .\7
<        8\.  .  .  .  .  .  .  .  .  .  .\8
<         9\.  .  .  .  .  .  .  .  .  .  .\9
<         10\.  .  .  .  .  .  .  .  .  .  .\10
<          11\.  .  .  .  .  .  .  .  .  .  .\11
<              a  b  c  d  e  f  g  h  i  j  k  
<
>genmove b
<= k3
<
>showboard
8f757 info: Best move cannot be determined, must search state.
8f757 info: --- MoHexPlayer::Search() ---
8f757 info: Color: black
8f757 info: MaxGames: 1
8f757 info: NumberThreads: 1
8f757 info: MaxNodes: 9090 (799920 bytes)
8f757 info: TimeForMove: 1
8f757 info: PreSearch: max time reached (57/92).
8f757 info: Time for PreSearch: 0.20128s
8f757 info: 
  3bb1300ed9dbbd61
  a  b  c  d  e  f  g  h  i  j  k  
 1\.  .  .  .  B  .  .  .  .  .  .\1
  2\.  .  *  *  *  *  *  *  *  *  *\2
   3\.  *  *  *  *  *  *  *  *  *  *\3
    4\*  *  *  *  W  *  *  *  *  *  *\4
     5\*  *  *  *  *  *  *  *  *  *  *\5
      6\*  *  *  *  *  *  *  *  *  *  *\6
       7\*  *  *  *  *  *  *  *  *  *  *\7
        8\*  *  *  *  *  *  *  *  *  *  *\8
         9\*  *  *  *  *  *  *  *  *  *  .\9
         10\*  *  *  *  *  *  *  *  *  .  .\10
          11\.  .  .  .  .  .  .  .  .  .  .\11
              a  b  c  d  e  f  g  h  i  j  k  
8f757 info: No subtree to reuse.
8f757 info: Creating thread 0
8f757 info: StartSearch()[0]
SgUctSearch: max games reached
8f757 info: 
Elapsed Time   0.361745s
Count          1
GamesPlayed    1
Nodes          1
Knowledge      0 (0.0%)
Expansions     0.0
Time           0.00
GameLen        119.0 dev=0.0 min=119.0 max=119.0
InTree         0.0 dev=0.0 min=0.0 max=0.0
KnowDepth      -
Aborted        0%
Games/s        399.4
Score          0.00
Sequence      
8f757 info: 
8f757 warning: **** MoHexSearch returned empty sequence!
8f757 warning: **** Returning random move!
<= 
< 
<  78ec242329b4d769
<  a  b  c  d  e  f  g  h  i  j  k  
< 1\.  .  .  .  B  .  .  .  .  .  .\1
<  2\.  .  .  .  .  .  .  .  .  .  .\2
<   3\.  .  .  .  .  .  .  .  .  .  B\3
<    4\.  .  .  .  W  .  .  .  .  .  .\4
<     5\.  .  .  .  .  .  .  .  .  .  .\5
<      6\.  .  .  .  .  .  .  .  .  .  .\6
<       7\.  .  .  .  .  .  .  .  .  .  .\7
<        8\.  .  .  .  .  .  .  .  .  .  .\8
<         9\.  .  .  .  .  .  .  .  .  .  .\9
<         10\.  .  .  .  .  .  .  .  .  .  .\10
<          11\.  .  .  .  .  .  .  .  .  .  .\11
<              a  b  c  d  e  f  g  h  i  j  k  
<
>play w c9
<= 
<
>showboard
<= 
< 
<  3cfe5ffac12812cf
<  a  b  c  d  e  f  g  h  i  j  k  
< 1\.  .  .  .  B  .  .  .  .  .  .\1
<  2\.  .  .  .  .  .  .  .  .  .  .\2
<   3\.  .  .  .  .  .  .  .  .  .  B\3
<    4\.  .  .  .  W  .  .  .  .  .  .\4
<     5\.  .  .  .  .  .  .  .  .  .  .\5
<      6\.  .  .  .  .  .  .  .  .  .  .\6
<       7\.  .  .  .  .  .  .  .  .  .  .\7
<        8\.  .  .  .  .  .  .  .  .  .  .\8
<         9\.  .  W  .  .  .  .  .  .  .  .\9
<         10\.  .  .  .  .  .  .  .  .  .  .\10
<          11\.  .  .  .  .  .  .  .  .  .  .\11
<              a  b  c  d  e  f  g  h  i  j  k  
<
>genmove b
<= c10
<
>showboard
8f757 info: Best move cannot be determined, must search state.
8f757 info: --- MoHexPlayer::Search() ---
8f757 info: Color: black
8f757 info: MaxGames: 1
8f757 info: NumberThreads: 1
8f757 info: MaxNodes: 9090 (799920 bytes)
8f757 info: TimeForMove: 1
8f757 info: PreSearch: max time reached (51/89).
8f757 info: Time for PreSearch: 0.202526s
8f757 info: 
  3cfe5ffac12812cf
  a  b  c  d  e  f  g  h  i  j  k  
 1\.  .  .  .  B  .  .  .  .  .  .\1
  2\.  .  *  *  *  *  *  *  *  *  *\2
   3\.  *  *  *  *  *  *  *  *  *  B\3
    4\*  *  *  *  W  *  *  *  *  *  *\4
     5\*  *  *  *  *  *  *  *  *  *  *\5
      6\*  *  *  *  *  *  *  *  *  *  *\6
       7\*  *  *  *  *  *  *  *  *  *  *\7
        8\*  *  *  *  *  *  *  *  *  *  *\8
         9\*  *  W  *  *  *  *  *  *  *  .\9
         10\*  *  .  *  *  *  *  *  *  .  .\10
          11\.  .  .  .  .  .  .  .  .  .  .\11
              a  b  c  d  e  f  g  h  i  j  k  
8f757 info: Old: [black, e1] [white, e4] 
8f757 info: New: [black, e1] [white, e4] [black, k3] [white, c9] 
8f757 info: MovesPlayed: [black, k3] [white, c9] 
8f757 info: No subtree to reuse.
8f757 info: StartSearch()[0]
SgUctSearch: max games reached
8f757 info: 
Elapsed Time   0.355867s
Count          1
GamesPlayed    1
Nodes          1
Knowledge      0 (0.0%)
Expansions     0.0
Time           0.00
GameLen        117.0 dev=0.0 min=117.0 max=117.0
InTree         0.0 dev=0.0 min=0.0 max=0.0
KnowDepth      -
Aborted        0%
Games/s        3311.3
Score          0.00
Sequence      
8f757 info: 
8f757 warning: **** MoHexSearch returned empty sequence!
8f757 warning: **** Returning random move!
<= 
< 
<  696d7c935b06ea4f
<  a  b  c  d  e  f  g  h  i  j  k  
< 1\.  .  .  .  B  .  .  .  .  .  .\1
<  2\.  .  .  .  .  .  .  .  .  .  .\2
<   3\.  .  .  .  .  .  .  .  .  .  B\3
<    4\.  .  .  .  W  .  .  .  .  .  .\4
<     5\.  .  .  .  .  .  .  .  .  .  .\5
<      6\.  .  .  .  .  .  .  .  .  .  .\6
<       7\.  .  .  .  .  .  .  .  .  .  .\7
<        8\.  .  .  .  .  .  .  .  .  .  .\8
<         9\.  .  W  .  .  .  .  .  .  .  .\9
<         10\.  .  B  .  .  .  .  .  .  .  .\10
<          11\.  .  .  .  .  .  .  .  .  .  .\11
<              a  b  c  d  e  f  g  h  i  j  k  
<
>play w h8
<= 
<
>showboard
<= 
< 
<  ffafc401733acfb4
<  a  b  c  d  e  f  g  h  i  j  k  
< 1\.  .  .  .  B  .  .  .  .  .  .\1
<  2\.  .  .  .  .  .  .  .  .  .  .\2
<   3\.  .  .  .  .  .  .  .  .  .  B\3
<    4\.  .  .  .  W  .  .  .  .  .  .\4
<     5\.  .  .  .  .  .  .  .  .  .  .\5
<      6\.  .  .  .  .  .  .  .  .  .  .\6
<       7\.  .  .  .  .  .  .  .  .  .  .\7
<        8\.  .  .  .  .  .  .  W  .  .  .\8
<         9\.  .  W  .  .  .  .  .  .  .  .\9
<         10\.  .  B  .  .  .  .  .  .  .  .\10
<          11\.  .  .  .  .  .  .  .  .  .  .\11
<              a  b  c  d  e  f  g  h  i  j  k  
<
>genmove b
<= j9
<
>showboard
8f757 info: Best move cannot be determined, must search state.
8f757 info: --- MoHexPlayer::Search() ---
8f757 info: Color: black
8f757 info: MaxGames: 1
8f757 info: NumberThreads: 1
8f757 info: MaxNodes: 9090 (799920 bytes)
8f757 info: TimeForMove: 1
8f757 info: PreSearch: max time reached (53/84).
8f757 info: Time for PreSearch: 0.200915s
8f757 info: 
  ffafc401733acfb4
  a  b  c  d  e  f  g  h  i  j  k  
 1\.  .  .  .  B  .  .  .  .  .  .\1
  2\.  .  *  *  *  *  *  *  *  *  *\2
   3\.  *  *  *  *  *  *  *  *  *  B\3
    4\*  *  *  *  W  *  *  *  *  *  *\4
     5\*  *  *  *  *  *  *  *  *  *  *\5
      6\*  *  *  *  *  *  *  *  *  *  *\6
       7\*  *  *  *  *  *  *  *  *  *  *\7
        8\*  *  *  *  *  *  *  W  *  *  *\8
         9\.  .  W  *  *  *  *  *  *  *  .\9
         10\*  .  B  .  *  *  *  *  *  .  .\10
          11\.  b  b  b  .  .  .  .  .  .  .\11
              a  b  c  d  e  f  g  h  i  j  k  
8f757 info: Old: [black, e1] [white, e4] [black, k3] [white, c9] 
8f757 info: New: [black, e1] [white, e4] [black, k3] [white, c9] [black, c10] [white, h8] 
8f757 info: MovesPlayed: [black, c10] [white, h8] 
8f757 info: No subtree to reuse.
8f757 info: StartSearch()[0]
SgUctSearch: max games reached
8f757 info: 
Elapsed Time   0.356547s
Count          1
GamesPlayed    1
Nodes          1
Knowledge      0 (0.0%)
Expansions     0.0
Time           0.00
GameLen        112.0 dev=0.0 min=112.0 max=112.0
InTree         0.0 dev=0.0 min=0.0 max=0.0
KnowDepth      -
Aborted        0%
Games/s        3067.5
Score          0.00
Sequence      
8f757 info: 
8f757 warning: **** MoHexSearch returned empty sequence!
8f757 warning: **** Returning random move!
<= 
< 
<  a0c3b32e2634da0a
<  a  b  c  d  e  f  g  h  i  j  k  
< 1\.  .  .  .  B  .  .  .  .  .  .\1
<  2\.  .  .  .  .  .  .  .  .  .  .\2
<   3\.  .  .  .  .  .  .  .  .  .  B\3
<    4\.  .  .  .  W  .  .  .  .  .  .\4
<     5\.  .  .  .  .  .  .  .  .  .  .\5
<      6\.  .  .  .  .  .  .  .  .  .  .\6
<       7\.  .  .  .  .  .  .  .  .  .  .\7
<        8\.  .  .  .  .  .  .  W  .  .  .\8
<         9\.  .  W  .  .  .  .  .  .  B  .\9
<         10\.  .  B  .  .  .  .  .  .  .  .\10
<          11\.  .  .  .  .  .  .  .  .  .  .\11
<              a  b  c  d  e  f  g  h  i  j  k  
<
>play w d9
<= 
<
>showboard
<= 
< 
<  10410f7826e98181
<  a  b  c  d  e  f  g  h  i  j  k  
< 1\.  .  .  .  B  .  .  .  .  .  .\1
<  2\.  .  .  .  .  .  .  .  .  .  .\2
<   3\.  .  .  .  .  .  .  .  .  .  B\3
<    4\.  .  .  .  W  .  .  .  .  .  .\4
<     5\.  .  .  .  .  .  .  .  .  .  .\5
<      6\.  .  .  .  .  .  .  .  .  .  .\6
<       7\.  .  .  .  .  .  .  .  .  .  .\7
<        8\.  .  .  .  .  .  .  W  .  .  .\8
<         9\.  .  W  W  .  .  .  .  .  B  .\9
<         10\.  .  B  .  .  .  .  .  .  .  .\10
<          11\.  .  .  .  .  .  .  .  .  .  .\11
<              a  b  c  d  e  f  g  h  i  j  k  
<
>genmove b
<= h6
<
>showboard
8f757 info: Best move cannot be determined, must search state.
8f757 info: --- MoHexPlayer::Search() ---
8f757 info: Color: black
8f757 info: MaxGames: 1
8f757 info: NumberThreads: 1
8f757 info: MaxNodes: 9090 (799920 bytes)
8f757 info: TimeForMove: 1
8f757 info: PreSearch: max time reached (55/81).
8f757 info: Time for PreSearch: 0.201071s
8f757 info: 
  10410f7826e98181
  a  b  c  d  e  f  g  h  i  j  k  
 1\.  .  .  .  B  .  .  .  .  .  .\1
  2\.  .  *  *  *  *  *  *  *  *  *\2
   3\.  *  *  *  *  *  *  *  *  *  B\3
    4\*  *  *  *  W  *  *  *  *  *  *\4
     5\*  *  *  *  *  *  *  *  *  *  *\5
      6\*  *  *  *  *  *  *  *  *  *  *\6
       7\*  *  *  *  *  *  *  *  *  *  *\7
        8\*  *  *  *  *  *  *  W  *  *  .\8
         9\.  .  W  W  *  *  *  *  *  B  .\9
         10\*  .  B  .  .  *  *  *  *  .  .\10
          11\.  b  b  b  .  .  .  .  .  .  .\11
              a  b  c  d  e  f  g  h  i  j  k  
8f757 info: Old: [black, e1] [white, e4] [black, k3] [white, c9] [black, c10] [white, h8] 
8f757 info: New: [black, e1] [white, e4] [black, k3] [white, c9] [black, c10] [white, h8] [black, j9] [white, d9] 
8f757 info: MovesPlayed: [black, j9] [white, d9] 
8f757 info: No subtree to reuse.
8f757 info: StartSearch()[0]
SgUctSearch: max games reached
8f757 info: 
Elapsed Time   0.360467s
Count          1
GamesPlayed    1
Nodes          1
Knowledge      0 (0.0%)
Expansions     0.0
Time           0.00
GameLen        110.0 dev=0.0 min=110.0 max=110.0
InTree         0.0 dev=0.0 min=0.0 max=0.0
KnowDepth      -
Aborted        0%
Games/s        2666.7
Score          1.00
Sequence      
8f757 info: 
8f757 warning: **** MoHexSearch returned empty sequence!
8f757 warning: **** Returning random move!
<= 
< 
<  b60a1c4ce300a4a1
<  a  b  c  d  e  f  g  h  i  j  k  
< 1\.  .  .  .  B  .  .  .  .  .  .\1
<  2\.  .  .  .  .  .  .  .  .  .  .\2
<   3\.  .  .  .  .  .  .  .  .  .  B\3
<    4\.  .  .  .  W  .  .  .  .  .  .\4
<     5\.  .  .  .  .  .  .  .  .  .  .\5
<      6\.  .  .  .  .  .  .  B  .  .  .\6
<       7\.  .  .  .  .  .  .  .  .  .  .\7
<        8\.  .  .  .  .  .  .  W  .  .  .\8
<         9\.  .  W  W  .  .  .  .  .  B  .\9
<         10\.  .  B  .  .  .  .  .  .  .  .\10
<          11\.  .  .  .  .  .  .  .  .  .  .\11
<              a  b  c  d  e  f  g  h  i  j  k  
<
>play w f3
<= 
<
>showboard
<= 
< 
<  f2d5ea7610e06c0c
<  a  b  c  d  e  f  g  h  i  j  k  
< 1\.  .  .  .  B  .  .  .  .  .  .\1
<  2\.  .  .  .  .  .  .  .  .  .  .\2
<   3\.  .  .  .  .  W  .  .  .  .  B\3
<    4\.  .  .  .  W  .  .  .  .  .  .\4
<     5\.  .  .  .  .  .  .  .  .  .  .\5
<      6\.  .  .  .  .  .  .  B  .  .  .\6
<       7\.  .  .  .  .  .  .  .  .  .  .\7
<        8\.  .  .  .  .  .  .  W  .  .  .\8
<         9\.  .  W  W  .  .  .  .  .  B  .\9
<         10\.  .  B  .  .  .  .  .  .  .  .\10
<          11\.  .  .  .  .  .  .  .  .  .  .\11
<              a  b  c  d  e  f  g  h  i  j  k  
<
>genmove b
<= h1
<
>showboard
8f757 info: Best move cannot be determined, must search state.
8f757 info: --- MoHexPlayer::Search() ---
8f757 info: Color: black
8f757 info: MaxGames: 1
8f757 info: NumberThreads: 1
8f757 info: MaxNodes: 9090 (799920 bytes)
8f757 info: TimeForMove: 1
8f757 info: PreSearch: max time reached (49/77).
8f757 info: Time for PreSearch: 0.202045s
8f757 info: 
  f2d5ea7610e06c0c
  a  b  c  d  e  f  g  h  i  j  k  
 1\.  .  .  .  B  .  .  .  .  .  .\1
  2\.  .  *  *  *  .  .  .  *  *  *\2
   3\.  *  *  *  *  W  *  *  *  *  B\3
    4\*  *  *  *  W  *  *  *  *  *  *\4
     5\*  *  *  *  *  *  *  *  *  *  *\5
      6\*  *  *  *  *  *  *  B  *  *  *\6
       7\*  *  *  *  *  *  *  *  *  *  *\7
        8\*  *  *  *  *  *  *  W  *  *  .\8
         9\.  .  W  W  *  *  *  *  *  B  .\9
         10\*  .  B  .  .  *  *  *  *  .  .\10
          11\.  b  b  b  .  .  .  .  .  .  .\11
              a  b  c  d  e  f  g  h  i  j  k  
8f757 info: Old: [black, e1] [white, e4] [black, k3] [white, c9] [black, c10] [white, h8] [black, j9] [white, d9] 
8f757 info: New: [black, e1] [white, e4] [black, k3] [white, c9] [black, c10] [white, h8] [black, j9] [white, d9] [black, h6] [white, f3] 
8f757 info: MovesPlayed: [black, h6] [white, f3] 
8f757 info: No subtree to reuse.
8f757 info: StartSearch()[0]
SgUctSearch: max games reached
8f757 info: 
Elapsed Time   0.352697s
Count          1
GamesPlayed    1
Nodes          1
Knowledge      0 (0.0%)
Expansions     0.0
Time           0.00
GameLen        108.0 dev=0.0 min=108.0 max=108.0
InTree         0.0 dev=0.0 min=0.0 max=0.0
KnowDepth      -
Aborted        0%
Games/s        2824.9
Score          1.00
Sequence      
8f757 info: 
8f757 warning: **** MoHexSearch returned empty sequence!
8f757 warning: **** Returning random move!
<= 
< 
<  23d7b405b470e1c3
<  a  b  c  d  e  f  g  h  i  j  k  
< 1\.  .  .  .  B  .  .  B  .  .  .\1
<  2\.  .  .  .  .  .  .  .  .  .  .\2
<   3\.  .  .  .  .  W  .  .  .  .  B\3
<    4\.  .  .  .  W  .  .  .  .  .  .\4
<     5\.  .  .  .  .  .  .  .  .  .  .\5
<      6\.  .  .  .  .  .  .  B  .  .  .\6
<       7\.  .  .  .  .  .  .  .  .  .  .\7
<        8\.  .  .  .  .  .  .  W  .  .  .\8
<         9\.  .  W  W  .  .  .  .  .  B  .\9
<         10\.  .  B  .  .  .  .  .  .  .  .\10
<          11\.  .  .  .  .  .  .  .  .  .  .\11
<              a  b  c  d  e  f  g  h  i  j  k  
<
>play w i10
<= 
<
>showboard
<= 
< 
<  c0e7f583f39e72e5
<  a  b  c  d  e  f  g  h  i  j  k  
< 1\.  .  .  .  B  .  .  B  .  .  .\1
<  2\.  .  .  .  .  .  .  .  .  .  .\2
<   3\.  .  .  .  .  W  .  .  .  .  B\3
<    4\.  .  .  .  W  .  .  .  .  .  .\4
<     5\.  .  .  .  .  .  .  .  .  .  .\5
<      6\.  .  .  .  .  .  .  B  .  .  .\6
<       7\.  .  .  .  .  .  .  .  .  .  .\7
<        8\.  .  .  .  .  .  .  W  .  .  .\8
<         9\.  .  W  W  .  .  .  .  .  B  .\9
<         10\.  .  B  .  .  .  .  .  W  .  .\10
<          11\.  .  .  .  .  .  .  .  .  .  .\11
<              a  b  c  d  e  f  g  h  i  j  k  
<
>genmove b
<= b6
<
>showboard
8f757 info: Best move cannot be determined, must search state.
8f757 info: --- MoHexPlayer::Search() ---
8f757 info: Color: black
8f757 info: MaxGames: 1
8f757 info: NumberThreads: 1
8f757 info: MaxNodes: 9090 (799920 bytes)
8f757 info: TimeForMove: 1
8f757 info: PreSearch: max time reached (53/76).
8f757 info: Time for PreSearch: 0.201478s
8f757 info: 
  c0e7f583f39e72e5
  a  b  c  d  e  f  g  h  i  j  k  
 1\.  .  .  .  B  b  b  B  .  .  .\1
  2\.  .  *  *  .  .  .  .  *  *  *\2
   3\.  *  *  *  *  W  *  *  *  *  B\3
    4\*  *  *  *  W  *  *  *  *  *  *\4
     5\*  *  *  *  *  *  *  *  *  *  *\5
      6\*  *  *  *  *  *  *  B  *  *  *\6
       7\*  *  *  *  *  *  *  *  *  *  *\7
        8\*  *  *  *  *  *  *  W  *  *  .\8
         9\.  .  W  W  *  *  *  *  *  B  .\9
         10\*  .  B  .  .  *  *  *  W  *  .\10
          11\.  b  b  b  .  .  .  .  .  .  .\11
              a  b  c  d  e  f  g  h  i  j  k  
8f757 info: Old: [black, e1] [white, e4] [black, k3] [white, c9] [black, c10] [white, h8] [black, j9] [white, d9] [black, h6] [white, f3] 
8f757 info: New: [black, e1] [white, e4] [black, k3] [white, c9] [black, c10] [white, h8] [black, j9] [white, d9] [black, h6] [white, f3] [black, h1] [white, i10] 
8f757 info: MovesPlayed: [black, h1] [white, i10] 
8f757 info: No subtree to reuse.
8f757 info: StartSearch()[0]
SgUctSearch: max games reached
8f757 info: 
Elapsed Time   0.358507s
Count          1
GamesPlayed    1
Nodes          1
Knowledge      0 (0.0%)
Expansions     0.0
Time           0.00
GameLen        104.0 dev=0.0 min=104.0 max=104.0
InTree         0.0 dev=0.0 min=0.0 max=0.0
KnowDepth      -
Aborted        0%
Games/s        3389.8
Score          1.00
Sequence      
8f757 info: 
8f757 warning: **** MoHexSearch returned empty sequence!
8f757 warning: **** Returning random move!
<= 
< 
<  86116395b077f87e
<  a  b  c  d  e  f  g  h  i  j  k  
< 1\.  .  .  .  B  .  .  B  .  .  .\1
<  2\.  .  .  .  .  .  .  .  .  .  .\2
<   3\.  .  .  .  .  W  .  .  .  .  B\3
<    4\.  .  .  .  W  .  .  .  .  .  .\4
<     5\.  .  .  .  .  .  .  .  .  .  .\5
<      6\.  B  .  .  .  .  .  B  .  .  .\6
<       7\.  .  .  .  .  .  .  .  .  .  .\7
<        8\.  .  .  .  .  .  .  W  .  .  .\8
<         9\.  .  W  W  .  .  .  .  .  B  .\9
<         10\.  .  B  .  .  .  .  .  W  .  .\10
<          11\.  .  .  .  .  .  .  .  .  .  .\11
<              a  b  c  d  e  f  g  h  i  j  k  
<
>play w i2
<= 
<
>showboard
<= 
< 
<  a380263c69a0810b
<  a  b  c  d  e  f  g  h  i  j  k  
< 1\.  .  .  .  B  .  .  B  .  .  .\1
<  2\.  .  .  .  .  .  .  .  W  .  .\2
<   3\.  .  .  .  .  W  .  .  .  .  B\3
<    4\.  .  .  .  W  .  .  .  .  .  .\4
<     5\.  .  .  .  .  .  .  .  .  .  .\5
<      6\.  B  .  .  .  .  .  B  .  .  .\6
<       7\.  .  .  .  .  .  .  .  .  .  .\7
<        8\.  .  .  .  .  .  .  W  .  .  .\8
<         9\.  .  W  W  .  .  .  .  .  B  .\9
<         10\.  .  B  .  .  .  .  .  W  .  .\10
<          11\.  .  .  .  .  .  .  .  .  .  .\11
<              a  b  c  d  e  f  g  h  i  j  k  
<
>genmove b
<= i4
<
>showboard
8f757 info: Best move cannot be determined, must search state.
8f757 info: --- MoHexPlayer::Search() ---
8f757 info: Color: black
8f757 info: MaxGames: 1
8f757 info: NumberThreads: 1
8f757 info: MaxNodes: 9090 (799920 bytes)
8f757 info: TimeForMove: 1
8f757 info: PreSearch: max time reached (59/71).
8f757 info: Time for PreSearch: 0.20176s
8f757 info: 
  a380263c69a0810b
  a  b  c  d  e  f  g  h  i  j  k  
 1\.  .  .  .  B  b  b  B  b  .  .\1
  2\.  .  *  *  .  .  .  .  W  *  *\2
   3\.  *  *  *  *  W  *  *  *  *  B\3
    4\*  *  *  *  W  *  *  *  *  *  *\4
     5\*  *  *  *  *  *  *  *  *  *  *\5
      6\.  B  *  *  *  *  *  B  *  *  *\6
       7\.  *  *  *  *  *  *  *  *  *  *\7
        8\*  *  *  *  *  *  *  W  *  *  .\8
         9\.  .  W  W  *  *  *  *  *  B  .\9
         10\*  .  B  .  .  *  *  *  W  *  .\10
          11\.  b  b  b  .  .  .  .  .  .  .\11
              a  b  c  d  e  f  g  h  i  j  k  
8f757 info: Old: [black, e1] [white, e4] [black, k3] [white, c9] [black, c10] [white, h8] [black, j9] [white, d9] [black, h6] [white, f3] [black, h1] [white, i10] 
8f757 info: New: [black, e1] [white, e4] [black, k3] [white, c9] [black, c10] [white, h8] [black, j9] [white, d9] [black, h6] [white, f3] [black, h1] [white, i10] [black, b6] [white, i2] 
8f757 info: MovesPlayed: [black, b6] [white, i2] 
8f757 info: No subtree to reuse.
8f757 info: StartSearch()[0]
SgUctSearch: max games reached
8f757 info: 
Elapsed Time   0.362572s
Count          1
GamesPlayed    1
Nodes          1
Knowledge      0 (0.0%)
Expansions     0.0
Time           0.00
GameLen        101.0 dev=0.0 min=101.0 max=101.0
InTree         0.0 dev=0.0 min=0.0 max=0.0
KnowDepth      -
Aborted        0%
Games/s        2487.6
Score          1.00
Sequence      
8f757 info: 
8f757 warning: **** MoHexSearch returned empty sequence!
8f757 warning: **** Returning random move!
<= 
< 
<  f55633c76c5b1596
<  a  b  c  d  e  f  g  h  i  j  k  
< 1\.  .  .  .  B  .  .  B  .  .  .\1
<  2\.  .  .  .  .  .  .  .  W  .  .\2
<   3\.  .  .  .  .  W  .  .  .  .  B\3
<    4\.  .  .  .  W  .  .  .  B  .  .\4
<     5\.  .  .  .  .  .  .  .  .  .  .\5
<      6\.  B  .  .  .  .  .  B  .  .  .\6
<       7\.  .  .  .  .  .  .  .  .  .  .\7
<        8\.  .  .  .  .  .  .  W  .  .  .\8
<         9\.  .  W  W  .  .  .  .  .  B  .\9
<         10\.  .  B  .  .  .  .  .  W  .  .\10
<          11\.  .  .  .  .  .  .  .  .  .  .\11
<              a  b  c  d  e  f  g  h  i  j  k  
<
>play w j7
<= 
<
>showboard
<= 
< 
<  8e6b3cb88ec38483
<  a  b  c  d  e  f  g  h  i  j  k  
< 1\.  .  .  .  B  .  .  B  .  .  .\1
<  2\.  .  .  .  .  .  .  .  W  .  .\2
<   3\.  .  .  .  .  W  .  .  .  .  B\3
<    4\.  .  .  .  W  .  .  .  B  .  .\4
<     5\.  .  .  .  .  .  .  .  .  .  .\5
<      6\.  B  .  .  .  .  .  B  .  .  .\6
<       7\.  .  .  .  .  .  .  .  .  W  .\7
<        8\.  .  .  .  .  .  .  W  .  .  .\8
<         9\.  .  W  W  .  .  .  .  .  B  .\9
<         10\.  .  B  .  .  .  .  .  W  .  .\10
<          11\.  .  .  .  .  .  .  .  .  .  .\11
<              a  b  c  d  e  f  g  h  i  j  k  
<
>genmove b
<= g4
<
>showboard
8f757 info: Best move cannot be determined, must search state.
8f757 info: --- MoHexPlayer::Search() ---
8f757 info: Color: black
8f757 info: MaxGames: 1
8f757 info: NumberThreads: 1
8f757 info: MaxNodes: 9090 (799920 bytes)
8f757 info: TimeForMove: 1
8f757 info: Time for PreSearch: 0.189295s
8f757 info: 
  8e6b3cb88ec38483
  a  b  c  d  e  f  g  h  i  j  k  
 1\.  .  .  .  B  b  b  B  b  .  .\1
  2\.  .  *  *  .  .  .  .  W  *  *\2
   3\.  *  *  *  *  W  *  *  *  *  B\3
    4\*  *  *  *  W  *  *  *  B  .  .\4
     5\*  *  *  *  *  *  *  *  *  *  w\5
      6\.  B  *  *  *  *  *  B  *  .  w\6
       7\.  *  *  *  *  *  *  *  *  W  w\7
        8\*  *  *  *  *  *  *  W  *  .  b\8
         9\.  .  W  W  *  *  *  *  *  B  .\9
         10\*  .  B  .  .  *  *  *  W  *  .\10
          11\.  b  b  b  .  .  .  .  .  .  .\11
              a  b  c  d  e  f  g  h  i  j  k  
8f757 info: Old: [black, e1] [white, e4] [black, k3] [white, c9] [black, c10] [white, h8] [black, j9] [white, d9] [black, h6] [white, f3] [black, h1] [white, i10] [black, b6] [white, i2] 
8f757 info: New: [black, e1] [white, e4] [black, k3] [white, c9] [black, c10] [white, h8] [black, j9] [white, d9] [black, h6] [white, f3] [black, h1] [white, i10] [black, b6] [white, i2] [black, i4] [white, j7] 
8f757 info: MovesPlayed: [black, i4] [white, j7] 
8f757 info: No subtree to reuse.
8f757 info: StartSearch()[0]
SgUctSearch: max games reached
8f757 info: 
Elapsed Time   0.344233s
Count          1
GamesPlayed    1
Nodes          1
Knowledge      0 (0.0%)
Expansions     0.0
Time           0.00
GameLen        95.0 dev=0.0 min=95.0 max=95.0
InTree         0.0 dev=0.0 min=0.0 max=0.0
KnowDepth      -
Aborted        0%
Games/s        3448.3
Score          0.00
Sequence      
8f757 info: 
8f757 warning: **** MoHexSearch returned empty sequence!
8f757 warning: **** Returning random move!
<= 
< 
<  ede609bf181edc77
<  a  b  c  d  e  f  g  h  i  j  k  
< 1\.  .  .  .  B  .  .  B  .  .  .\1
<  2\.  .  .  .  .  .  .  .  W  .  .\2
<   3\.  .  .  .  .  W  .  .  .  .  B\3
<    4\.  .  .  .  W  .  B  .  B  .  .\4
<     5\.  .  .  .  .  .  .  .  .  .  .\5
<      6\.  B  .  .  .  .  .  B  .  .  .\6
<       7\.  .  .  .  .  .  .  .  .  W  .\7
<        8\.  .  .  .  .  .  .  W  .  .  .\8
<         9\.  .  W  W  .  .  .  .  .  B  .\9
<         10\.  .  B  .  .  .  .  .  W  .  .\10
<          11\.  .  .  .  .  .  .  .  .  .  .\11
<              a  b  c  d  e  f  g  h  i  j  k  
<
>play w h10
<= 
<
>showboard
<= 
< 
<  91e0336dc54f0434
<  a  b  c  d  e  f  g  h  i  j  k  
< 1\.  .  .  .  B  .  .  B  .  .  .\1
<  2\.  .  .  .  .  .  .  .  W  .  .\2
<   3\.  .  .  .  .  W  .  .  .  .  B\3
<    4\.  .  .  .  W  .  B  .  B  .  .\4
<     5\.  .  .  .  .  .  .  .  .  .  .\5
<      6\.  B  .  .  .  .  .  B  .  .  .\6
<       7\.  .  .  .  .  .  .  .  .  W  .\7
<        8\.  .  .  .  .  .  .  W  .  .  .\8
<         9\.  .  W  W  .  .  .  .  .  B  .\9
<         10\.  .  B  .  .  .  .  W  W  .  .\10
<          11\.  .  .  .  .  .  .  .  .  .  .\11
<              a  b  c  d  e  f  g  h  i  j  k  
<
>genmove b
<= i8
<
>showboard
8f757 info: Best move cannot be determined, must search state.
8f757 info: --- MoHexPlayer::Search() ---
8f757 info: Color: black
8f757 info: MaxGames: 1
8f757 info: NumberThreads: 1
8f757 info: MaxNodes: 9090 (799920 bytes)
8f757 info: TimeForMove: 1
8f757 info: Time for PreSearch: 0.044073s
8f757 info: 
  91e0336dc54f0434
  a  b  c  d  e  f  g  h  i  j  k  
 1\.  .  .  .  B  b  b  B  b  .  .\1
  2\.  .  .  .  .  .  .  .  W  .  .\2
   3\.  .  .  .  .  W  .  .  .  .  B\3
    4\.  .  .  .  W  .  B  .  B  .  .\4
     5\.  .  .  .  .  .  .  .  .  .  w\5
      6\.  B  .  .  .  .  .  B  .  .  w\6
       7\.  .  .  .  .  .  .  .  *  W  w\7
        8\*  *  *  .  .  .  *  W  *  .  b\8
         9\.  .  W  W  *  *  *  *  .  B  .\9
         10\*  .  B  .  .  *  *  W  W  *  .\10
          11\.  b  b  b  .  .  .  b  .  .  .\11
              a  b  c  d  e  f  g  h  i  j  k  
8f757 info: Old: [black, e1] [white, e4] [black, k3] [white, c9] [black, c10] [white, h8] [black, j9] [white, d9] [black, h6] [white, f3] [black, h1] [white, i10] [black, b6] [white, i2] [black, i4] [white, j7] 
8f757 info: New: [black, e1] [white, e4] [black, k3] [white, c9] [black, c10] [white, h8] [black, j9] [white, d9] [black, h6] [white, f3] [black, h1] [white, i10] [black, b6] [white, i2] [black, i4] [white, j7] [black, g4] [white, h10] 
8f757 info: MovesPlayed: [black, g4] [white, h10] 
8f757 info: No subtree to reuse.
8f757 info: StartSearch()[0]
SgUctSearch: max games reached
8f757 info: 
Elapsed Time   0.194077s
Count          1
GamesPlayed    1
Nodes          1
Knowledge      0 (0.0%)
Expansions     0.0
Time           0.00
GameLen        92.0 dev=0.0 min=92.0 max=92.0
InTree         0.0 dev=0.0 min=0.0 max=0.0
KnowDepth      -
Aborted        0%
Games/s        3759.4
Score          0.00
Sequence      
8f757 info: 
8f757 warning: **** MoHexSearch returned empty sequence!
8f757 warning: **** Returning random move!
<= 
< 
<  d9e36f4c6bbc432c
<  a  b  c  d  e  f  g  h  i  j  k  
< 1\.  .  .  .  B  .  .  B  .  .  .\1
<  2\.  .  .  .  .  .  .  .  W  .  .\2
<   3\.  .  .  .  .  W  .  .  .  .  B\3
<    4\.  .  .  .  W  .  B  .  B  .  .\4
<     5\.  .  .  .  .  .  .  .  .  .  .\5
<      6\.  B  .  .  .  .  .  B  .  .  .\6
<       7\.  .  .  .  .  .  .  .  .  W  .\7
<        8\.  .  .  .  .  .  .  W  B  .  .\8
<         9\.  .  W  W  .  .  .  .  .  B  .\9
<         10\.  .  B  .  .  .  .  W  W  .  .\10
<          11\.  .  .  .  .  .  .  .  .  .  .\11
<              a  b  c  d  e  f  g  h  i  j  k  
<
>play w k11
<= 
<
>showboard
<= 
< 
<  70f3aee701df0d1f
<  a  b  c  d  e  f  g  h  i  j  k  
< 1\.  .  .  .  B  .  .  B  .  .  .\1
<  2\.  .  .  .  .  .  .  .  W  .  .\2
<   3\.  .  .  .  .  W  .  .  .  .  B\3
<    4\.  .  .  .  W  .  B  .  B  .  .\4
<     5\.  .  .  .  .  .  .  .  .  .  .\5
<      6\.  B  .  .  .  .  .  B  .  .  .\6
<       7\.  .  .  .  .  .  .  .  .  W  .\7
<        8\.  .  .  .  .  .  .  W  B  .  .\8
<         9\.  .  W  W  .  .  .  .  .  B  .\9
<         10\.  .  B  .  .  .  .  W  W  .  .\10
<          11\.  .  .  .  .  .  .  .  .  .  W\11
<              a  b  c  d  e  f  g  h  i  j  k  
<
>genmove b
<= g6
<
>showboard
8f757 info: Best move cannot be determined, must search state.
8f757 info: --- MoHexPlayer::Search() ---
8f757 info: Color: black
8f757 info: MaxGames: 1
8f757 info: NumberThreads: 1
8f757 info: MaxNodes: 9090 (799920 bytes)
8f757 info: TimeForMove: 1
8f757 info: Time for PreSearch: 0.189591s
8f757 info: 
  70f3aee701df0d1f
  a  b  c  d  e  f  g  h  i  j  k  
 1\.  .  .  .  B  b  b  B  b  .  .\1
  2\.  .  *  *  .  .  .  .  W  *  *\2
   3\.  *  *  *  *  W  *  *  *  *  B\3
    4\*  *  *  *  W  .  B  *  B  .  .\4
     5\*  *  *  *  *  *  *  *  *  *  w\5
      6\.  B  *  *  *  *  *  B  *  .  w\6
       7\.  *  *  *  *  *  *  *  *  W  w\7
        8\*  *  *  *  *  *  *  W  B  b  b\8
         9\.  .  W  W  *  *  *  .  b  B  w\9
         10\*  .  B  .  .  *  *  W  W  .  w\10
          11\.  b  b  b  .  .  .  b  b  b  W\11
              a  b  c  d  e  f  g  h  i  j  k  
8f757 info: Old: [black, e1] [white, e4] [black, k3] [white, c9] [black, c10] [white, h8] [black, j9] [white, d9] [black, h6] [white, f3] [black, h1] [white, i10] [black, b6] [white, i2] [black, i4] [white, j7] [black, g4] [white, h10] 
8f757 info: New: [black, e1] [white, e4] [black, k3] [white, c9] [black, c10] [white, h8] [black, j9] [white, d9] [black, h6] [white, f3] [black, h1] [white, i10] [black, b6] [white, i2] [black, i4] [white, j7] [black, g4] [white, h10] [black, i8] [white, k11] 
8f757 info: MovesPlayed: [black, i8] [white, k11] 
8f757 info: No subtree to reuse.
8f757 info: StartSearch()[0]
SgUctSearch: max games reached
8f757 info: 
Elapsed Time   0.347156s
Count          1
GamesPlayed    1
Nodes          1
Knowledge      0 (0.0%)
Expansions     0.0
Time           0.00
GameLen        84.0 dev=0.0 min=84.0 max=84.0
InTree         0.0 dev=0.0 min=0.0 max=0.0
KnowDepth      -
Aborted        0%
Games/s        3344.5
Score          0.00
Sequence      
8f757 info: 
8f757 warning: **** MoHexSearch returned empty sequence!
8f757 warning: **** Returning random move!
<= 
< 
<  bdfe545e6ab3892b
<  a  b  c  d  e  f  g  h  i  j  k  
< 1\.  .  .  .  B  .  .  B  .  .  .\1
<  2\.  .  .  .  .  .  .  .  W  .  .\2
<   3\.  .  .  .  .  W  .  .  .  .  B\3
<    4\.  .  .  .  W  .  B  .  B  .  .\4
<     5\.  .  .  .  .  .  .  .  .  .  .\5
<      6\.  B  .  .  .  .  B  B  .  .  .\6
<       7\.  .  .  .  .  .  .  .  .  W  .\7
<        8\.  .  .  .  .  .  .  W  B  .  .\8
<         9\.  .  W  W  .  .  .  .  .  B  .\9
<         10\.  .  B  .  .  .  .  W  W  .  .\10
<          11\.  .  .  .  .  .  .  .  .  .  W\11
<              a  b  c  d  e  f  g  h  i  j  k  
<
>play w e2
<= 
<
>showboard
<= 
< 
<  be0cfb719e6cb7b9
<  a  b  c  d  e  f  g  h  i  j  k  
< 1\.  .  .  .  B  .  .  B  .  .  .\1
<  2\.  .  .  .  W  .  .  .  W  .  .\2
<   3\.  .  .  .  .  W  .  .  .  .  B\3
<    4\.  .  .  .  W  .  B  .  B  .  .\4
<     5\.  .  .  .  .  .  .  .  .  .  .\5
<      6\.  B  .  .  .  .  B  B  .  .  .\6
<       7\.  .  .  .  .  .  .  .  .  W  .\7
<        8\.  .  .  .  .  .  .  W  B  .  .\8
<         9\.  .  W  W  .  .  .  .  .  B  .\9
<         10\.  .  B  .  .  .  .  W  W  .  .\10
<          11\.  .  .  .  .  .  .  .  .  .  W\11
<              a  b  c  d  e  f  g  h  i  j  k  
<
>genmove b
<= g8
<
>showboard
8f757 info: Winning SC.
<= 
< 
<  b8afe9ca9f605adf
<  a  b  c  d  e  f  g  h  i  j  k  
< 1\.  .  .  .  B  .  .  B  .  .  .\1
<  2\.  .  .  .  W  .  .  .  W  .  .\2
<   3\.  .  .  .  .  W  .  .  .  .  B\3
<    4\.  .  .  .  W  .  B  .  B  .  .\4
<     5\.  .  .  .  .  .  .  .  .  .  .\5
<      6\.  B  .  .  .  .  B  B  .  .  .\6
<       7\.  .  .  .  .  .  .  .  .  W  .\7
<        8\.  .  .  .  .  .  B  W  B  .  .\8
<         9\.  .  W  W  .  .  .  .  .  B  .\9
<         10\.  .  B  .  .  .  .  W  W  .  .\10
<          11\.  .  .  .  .  .  .  .  .  .  W\11
<              a  b  c  d  e  f  g  h  i  j  k  
<
>play w e10
<= 
<
>showboard
<= 
< 
<  8dea36e90dff16e2
<  a  b  c  d  e  f  g  h  i  j  k  
< 1\.  .  .  .  B  .  .  B  .  .  .\1
<  2\.  .  .  .  W  .  .  .  W  .  .\2
<   3\.  .  .  .  .  W  .  .  .  .  B\3
<    4\.  .  .  .  W  .  B  .  B  .  .\4
<     5\.  .  .  .  .  .  .  .  .  .  .\5
<      6\.  B  .  .  .  .  B  B  .  .  .\6
<       7\.  .  .  .  .  .  .  .  .  W  .\7
<        8\.  .  .  .  .  .  B  W  B  .  .\8
<         9\.  .  W  W  .  .  .  .  .  B  .\9
<         10\.  .  B  .  W  .  .  W  W  .  .\10
<          11\.  .  .  .  .  .  .  .  .  .  W\11
<              a  b  c  d  e  f  g  h  i  j  k  
<
>genmove b
<= f10
<
>showboard
8f757 info: Winning SC.
<= 
< 
<  0b35f55dcbaa4aeb
<  a  b  c  d  e  f  g  h  i  j  k  
< 1\.  .  .  .  B  .  .  B  .  .  .\1
<  2\.  .  .  .  W  .  .  .  W  .  .\2
<   3\.  .  .  .  .  W  .  .  .  .  B\3
<    4\.  .  .  .  W  .  B  .  B  .  .\4
<     5\.  .  .  .  .  .  .  .  .  .  .\5
<      6\.  B  .  .  .  .  B  B  .  .  .\6
<       7\.  .  .  .  .  .  .  .  .  W  .\7
<        8\.  .  .  .  .  .  B  W  B  .  .\8
<         9\.  .  W  W  .  .  .  .  .  B  .\9
<         10\.  .  B  .  W  B  .  W  W  .  .\10
<          11\.  .  .  .  .  .  .  .  .  .  W\11
<              a  b  c  d  e  f  g  h  i  j  k  
<
>play w g9
<= 
<
>showboard
<= 
< 
<  42aeb985a2976d59
<  a  b  c  d  e  f  g  h  i  j  k  
< 1\.  .  .  .  B  .  .  B  .  .  .\1
<  2\.  .  .  .  W  .  .  .  W  .  .\2
<   3\.  .  .  .  .  W  .  .  .  .  B\3
<    4\.  .  .  .  W  .  B  .  B  .  .\4
<     5\.  .  .  .  .  .  .  .  .  .  .\5
<      6\.  B  .  .  .  .  B  B  .  .  .\6
<       7\.  .  .  .  .  .  .  .  .  W  .\7
<        8\.  .  .  .  .  .  B  W  B  .  .\8
<         9\.  .  W  W  .  .  W  .  .  B  .\9
<         10\.  .  B  .  W  B  .  W  W  .  .\10
<          11\.  .  .  .  .  .  .  .  .  .  W\11
<              a  b  c  d  e  f  g  h  i  j  k  
<
>genmove b
<= f9
<
>showboard
8f757 info: Winning SC.
<= 
< 
<  c4a901f6d9d753ff
<  a  b  c  d  e  f  g  h  i  j  k  
< 1\.  .  .  .  B  .  .  B  .  .  .\1
<  2\.  .  .  .  W  .  .  .  W  .  .\2
<   3\.  .  .  .  .  W  .  .  .  .  B\3
<    4\.  .  .  .  W  .  B  .  B  .  .\4
<     5\.  .  .  .  .  .  .  .  .  .  .\5
<      6\.  B  .  .  .  .  B  B  .  .  .\6
<       7\.  .  .  .  .  .  .  .  .  W  .\7
<        8\.  .  .  .  .  .  B  W  B  .  .\8
<         9\.  .  W  W  .  B  W  .  .  B  .\9
<         10\.  .  B  .  W  B  .  W  W  .  .\10
<          11\.  .  .  .  .  .  .  .  .  .  W\11
<              a  b  c  d  e  f  g  h  i  j  k  
<
>play w g7
<= 
<
>showboard
<= 
< 
<  c202dcf72cd8c5c7
<  a  b  c  d  e  f  g  h  i  j  k  
< 1\.  .  .  .  B  .  .  B  .  .  .\1
<  2\.  .  .  .  W  .  .  .  W  .  .\2
<   3\.  .  .  .  .  W  .  .  .  .  B\3
<    4\.  .  .  .  W  .  B  .  B  .  .\4
<     5\.  .  .  .  .  .  .  .  .  .  .\5
<      6\.  B  .  .  .  .  B  B  .  .  .\6
<       7\.  .  .  .  .  .  W  .  .  W  .\7
<        8\.  .  .  .  .  .  B  W  B  .  .\8
<         9\.  .  W  W  .  B  W  .  .  B  .\9
<         10\.  .  B  .  W  B  .  W  W  .  .\10
<          11\.  .  .  .  .  .  .  .  .  .  W\11
<              a  b  c  d  e  f  g  h  i  j  k  
<
>genmove b
<= h7
<
>showboard
8f757 info: Winning SC.
<= 
< 
<  d0cc690c424ec989
<  a  b  c  d  e  f  g  h  i  j  k  
< 1\.  .  .  .  B  .  .  B  .  .  .\1
<  2\.  .  .  .  W  .  .  .  W  .  .\2
<   3\.  .  .  .  .  W  .  .  .  .  B\3
<    4\.  .  .  .  W  .  B  .  B  .  .\4
<     5\.  .  .  .  .  .  .  .  .  .  .\5
<      6\.  B  .  .  .  .  B  B  .  .  .\6
<       7\.  .  .  .  .  .  W  B  .  W  .\7
<        8\.  .  .  .  .  .  B  W  B  .  .\8
<         9\.  .  W  W  .  B  W  .  .  B  .\9
<         10\.  .  B  .  W  B  .  W  W  .  .\10
<          11\.  .  .  .  .  .  .  .  .  .  W\11
<              a  b  c  d  e  f  g  h  i  j  k  
<
>play w h5
<= 
<
>showboard
<= 
< 
<  cdc4e9c3a4a6b251
<  a  b  c  d  e  f  g  h  i  j  k  
< 1\.  .  .  .  B  .  .  B  .  .  .\1
<  2\.  .  .  .  W  .  .  .  W  .  .\2
<   3\.  .  .  .  .  W  .  .  .  .  B\3
<    4\.  .  .  .  W  .  B  .  B  .  .\4
<     5\.  .  .  .  .  .  .  W  .  .  .\5
<      6\.  B  .  .  .  .  B  B  .  .  .\6
<       7\.  .  .  .  .  .  W  B  .  W  .\7
<        8\.  .  .  .  .  .  B  W  B  .  .\8
<         9\.  .  W  W  .  B  W  .  .  B  .\9
<         10\.  .  B  .  W  B  .  W  W  .  .\10
<          11\.  .  .  .  .  .  .  .  .  .  W\11
<              a  b  c  d  e  f  g  h  i  j  k  
<
>genmove b
<= h4
<
>showboard
8f757 info: Winning SC.
<= 
< 
<  447d79e5d9948e80
<  a  b  c  d  e  f  g  h  i  j  k  
< 1\.  .  .  .  B  .  .  B  .  .  .\1
<  2\.  .  .  .  W  .  .  .  W  .  .\2
<   3\.  .  .  .  .  W  .  .  .  .  B\3
<    4\.  .  .  .  W  .  B  B  B  .  .\4
<     5\.  .  .  .  .  .  .  W  .  .  .\5
<      6\.  B  .  .  .  .  B  B  .  .  .\6
<       7\.  .  .  .  .  .  W  B  .  W  .\7
<        8\.  .  .  .  .  .  B  W  B  .  .\8
<         9\.  .  W  W  .  B  W  .  .  B  .\9
<         10\.  .  B  .  W  B  .  W  W  .  .\10
<          11\.  .  .  .  .  .  .  .  .  .  W\11
<              a  b  c  d  e  f  g  h  i  j  k  
<
>play w h2
<= 
<
>showboard
<= 
< 
<  262836b420f4e28c
<  a  b  c  d  e  f  g  h  i  j  k  
< 1\.  .  .  .  B  .  .  B  .  .  .\1
<  2\.  .  .  .  W  .  .  W  W  .  .\2
<   3\.  .  .  .  .  W  .  .  .  .  B\3
<    4\.  .  .  .  W  .  B  B  B  .  .\4
<     5\.  .  .  .  .  .  .  W  .  .  .\5
<      6\.  B  .  .  .  .  B  B  .  .  .\6
<       7\.  .  .  .  .  .  W  B  .  W  .\7
<        8\.  .  .  .  .  .  B  W  B  .  .\8
<         9\.  .  W  W  .  B  W  .  .  B  .\9
<         10\.  .  B  .  W  B  .  W  W  .  .\10
<          11\.  .  .  .  .  .  .  .  .  .  W\11
<              a  b  c  d  e  f  g  h  i  j  k  
<
>genmove b
<= j2
<
>showboard
8f757 info: Winning SC.
<= 
< 
<  414490fd33a8e5a2
<  a  b  c  d  e  f  g  h  i  j  k  
< 1\.  .  .  .  B  .  .  B  .  .  .\1
<  2\.  .  .  .  W  .  .  W  W  B  .\2
<   3\.  .  .  .  .  W  .  .  .  .  B\3
<    4\.  .  .  .  W  .  B  B  B  .  .\4
<     5\.  .  .  .  .  .  .  W  .  .  .\5
<      6\.  B  .  .  .  .  B  B  .  .  .\6
<       7\.  .  .  .  .  .  W  B  .  W  .\7
<        8\.  .  .  .  .  .  B  W  B  .  .\8
<         9\.  .  W  W  .  B  W  .  .  B  .\9
<         10\.  .  B  .  W  B  .  W  W  .  .\10
<          11\.  .  .  .  .  .  .  .  .  .  W\11
<              a  b  c  d  e  f  g  h  i  j  k  
<
>play w i3
<= 
<
>showboard
<= 
< 
<  843c93871dfb4041
<  a  b  c  d  e  f  g  h  i  j  k  
< 1\.  .  .  .  B  .  .  B  .  .  .\1
<  2\.  .  .  .  W  .  .  W  W  B  .\2
<   3\.  .  .  .  .  W  .  .  W  .  B\3
<    4\.  .  .  .  W  .  B  B  B  .  .\4
<     5\.  .  .  .  .  .  .  W  .  .  .\5
<      6\.  B  .  .  .  .  B  B  .  .  .\6
<       7\.  .  .  .  .  .  W  B  .  W  .\7
<        8\.  .  .  .  .  .  B  W  B  .  .\8
<         9\.  .  W  W  .  B  W  .  .  B  .\9
<         10\.  .  B  .  W  B  .  W  W  .  .\10
<          11\.  .  .  .  .  .  .  .  .  .  W\11
<              a  b  c  d  e  f  g  h  i  j  k  
<
>genmove b
<= j3
<
>showboard
8f757 info: Winning SC.
<= 
< 
<  aee1ebb7b23de8f6
<  a  b  c  d  e  f  g  h  i  j  k  
< 1\.  .  .  .  B  .  .  B  .  .  .\1
<  2\.  .  .  .  W  .  .  W  W  B  .\2
<   3\.  .  .  .  .  W  .  .  W  B  B\3
<    4\.  .  .  .  W  .  B  B  B  .  .\4
<     5\.  .  .  .  .  .  .  W  .  .  .\5
<      6\.  B  .  .  .  .  B  B  .  .  .\6
<       7\.  .  .  .  .  .  W  B  .  W  .\7
<        8\.  .  .  .  .  .  B  W  B  .  .\8
<         9\.  .  W  W  .  B  W  .  .  B  .\9
<         10\.  .  B  .  W  B  .  W  W  .  .\10
<          11\.  .  .  .  .  .  .  .  .  .  W\11
<              a  b  c  d  e  f  g  h  i  j  k  
<
>play w j1
<= 
<
>showboard
<= 
< 
<  a20328e00fec98bc
<  a  b  c  d  e  f  g  h  i  j  k  
< 1\.  .  .  .  B  .  .  B  .  W  .\1
<  2\.  .  .  .  W  .  .  W  W  B  .\2
<   3\.  .  .  .  .  W  .  .  W  B  B\3
<    4\.  .  .  .  W  .  B  B  B  .  .\4
<     5\.  .  .  .  .  .  .  W  .  .  .\5
<      6\.  B  .  .  .  .  B  B  .  .  .\6
<       7\.  .  .  .  .  .  W  B  .  W  .\7
<        8\.  .  .  .  .  .  B  W  B  .  .\8
<         9\.  .  W  W  .  B  W  .  .  B  .\9
<         10\.  .  B  .  W  B  .  W  W  .  .\10
<          11\.  .  .  .  .  .  .  .  .  .  W\11
<              a  b  c  d  e  f  g  h  i  j  k  
<
>genmove b
<= k1
<
>showboard
8f757 info: Winning SC.
<= 
< 
<  6b8930054c730ab7
<  a  b  c  d  e  f  g  h  i  j  k  
< 1\.  .  .  .  B  .  .  B  .  W  B\1
<  2\.  .  .  .  W  .  .  W  W  B  .\2
<   3\.  .  .  .  .  W  .  .  W  B  B\3
<    4\.  .  .  .  W  .  B  B  B  .  .\4
<     5\.  .  .  .  .  .  .  W  .  .  .\5
<      6\.  B  .  .  .  .  B  B  .  .  .\6
<       7\.  .  .  .  .  .  W  B  .  W  .\7
<        8\.  .  .  .  .  .  B  W  B  .  .\8
<         9\.  .  W  W  .  B  W  .  .  B  .\9
<         10\.  .  B  .  W  B  .  W  W  .  .\10
<          11\.  .  .  .  .  .  .  .  .  .  W\11
<              a  b  c  d  e  f  g  h  i  j  k  
<
>play w g5
<= 
<
>showboard
<= 
< 
<  63e584b96056636e
<  a  b  c  d  e  f  g  h  i  j  k  
< 1\.  .  .  .  B  .  .  B  .  W  B\1
<  2\.  .  .  .  W  .  .  W  W  B  .\2
<   3\.  .  .  .  .  W  .  .  W  B  B\3
<    4\.  .  .  .  W  .  B  B  B  .  .\4
<     5\.  .  .  .  .  .  W  W  .  .  .\5
<      6\.  B  .  .  .  .  B  B  .  .  .\6
<       7\.  .  .  .  .  .  W  B  .  W  .\7
<        8\.  .  .  .  .  .  B  W  B  .  .\8
<         9\.  .  W  W  .  B  W  .  .  B  .\9
<         10\.  .  B  .  W  B  .  W  W  .  .\10
<          11\.  .  .  .  .  .  .  .  .  .  W\11
<              a  b  c  d  e  f  g  h  i  j  k  
<
>genmove b
<= i5
<
>showboard
8f757 info: Winning SC.
<= 
< 
<  13004bffff98626b
<  a  b  c  d  e  f  g  h  i  j  k  
< 1\.  .  .  .  B  .  .  B  .  W  B\1
<  2\.  .  .  .  W  .  .  W  W  B  .\2
<   3\.  .  .  .  .  W  .  .  W  B  B\3
<    4\.  .  .  .  W  .  B  B  B  .  .\4
<     5\.  .  .  .  .  .  W  W  B  .  .\5
<      6\.  B  .  .  .  .  B  B  .  .  .\6
<       7\.  .  .  .  .  .  W  B  .  W  .\7
<        8\.  .  .  .  .  .  B  W  B  .  .\8
<         9\.  .  W  W  .  B  W  .  .  B  .\9
<         10\.  .  B  .  W  B  .  W  W  .  .\10
<          11\.  .  .  .  .  .  .  .  .  .  W\11
<              a  b  c  d  e  f  g  h  i  j  k  
<
>play w e11
<= 
<
>showboard
<= 
< 
<  3fa00487faa9f86a
<  a  b  c  d  e  f  g  h  i  j  k  
< 1\.  .  .  .  B  .  .  B  .  W  B\1
<  2\.  .  .  .  W  .  .  W  W  B  .\2
<   3\.  .  .  .  .  W  .  .  W  B  B\3
<    4\.  .  .  .  W  .  B  B  B  .  .\4
<     5\.  .  .  .  .  .  W  W  B  .  .\5
<      6\.  B  .  .  .  .  B  B  .  .  .\6
<       7\.  .  .  .  .  .  W  B  .  W  .\7
<        8\.  .  .  .  .  .  B  W  B  .  .\8
<         9\.  .  W  W  .  B  W  .  .  B  .\9
<         10\.  .  B  .  W  B  .  W  W  .  .\10
<          11\.  .  .  .  W  .  .  .  .  .  W\11
<              a  b  c  d  e  f  g  h  i  j  k  
<
>genmove b
<= f11
<
>showboard
8f757 info: Winning SC.
<= 
< 
<  749a96f8de59df1b
<  a  b  c  d  e  f  g  h  i  j  k  
< 1\.  .  .  .  B  .  .  B  .  W  B\1
<  2\.  .  .  .  W  .  .  W  W  B  .\2
<   3\.  .  .  .  .  W  .  .  W  B  B\3
<    4\.  .  .  .  W  .  B  B  B  .  .\4
<     5\.  .  .  .  .  .  W  W  B  .  .\5
<      6\.  B  .  .  .  .  B  B  .  .  .\6
<       7\.  .  .  .  .  .  W  B  .  W  .\7
<        8\.  .  .  .  .  .  B  W  B  .  .\8
<         9\.  .  W  W  .  B  W  .  .  B  .\9
<         10\.  .  B  .  W  B  .  W  W  .  .\10
<          11\.  .  .  .  W  B  .  .  .  .  W\11
<              a  b  c  d  e  f  g  h  i  j  k  
<
>play w resign
<= 
<
>showboard
<= 
< 
<  749a96f8de59df1b
<  a  b  c  d  e  f  g  h  i  j  k  
< 1\.  .  .  .  B  .  .  B  .  W  B\1
<  2\.  .  .  .  W  .  .  W  W  B  .\2
<   3\.  .  .  .  .  W  .  .  W  B  B\3
<    4\.  .  .  .  W  .  B  B  B  .  .\4
<     5\.  .  .  .  .  .  W  W  B  .  .\5
<      6\.  B  .  .  .  .  B  B  .  .  .\6
<       7\.  .  .  .  .  .  W  B  .  W  .\7
<        8\.  .  .  .  .  .  B  W  B  .  .\8
<         9\.  .  W  W  .  B  W  .  .  B  .\9
<         10\.  .  B  .  W  B  .  W  W  .  .\10
<          11\.  .  .  .  W  B  .  .  .  .  W\11
<              a  b  c  d  e  f  g  h  i  j  k  
<
>final_score
<= B+
<
>quit
<= 
<
