# nice ../build/src/mohex/mohex --config mohex-cg2010.htp --seed 232025 --logfile-name jobs/11x11-mohex-mohex-cg2010-vs-mohex-mohex-weak-4/mohex-mohex-cg2010-114.log
>boardsize 11 11
<= 
<
>name
MoHex 2.0.CMake Mar 21 2025
Copyright (C) 2007-2012 by the authors of the Benzene project.
This program comes with ABSOLUTELY NO WARRANTY. This is
free software and you are welcome to redistribute it under
certain conditions. Type `benzene-license' for details.

SgRandom::SetSeed: 232025
SgUctSearch: system memory 33632358400, using 1000000000 (5681818 nodes)
SgRandom::SetSeed: 1
SgRandom::SetSeed: 232025
a8ae7 info: Prior Patterns:
a8ae7 info: Global:
a8ae7 info: Size            = 565 32648 
a8ae7 info: TableEntries    = 65932 65910
a8ae7 info: MirrorsAdded    = 0 0
a8ae7 info: PrunableCount   = 30593 30629
a8ae7 info: LargestGamma    = 5820.77
a8ae7 info: SmallestGamma   = 6.6e-05
a8ae7 info: Local:
a8ae7 info: Size            = 550 5318 
a8ae7 info: TableEntries    = 11602 11588
a8ae7 info: MirrorsAdded    = 0 0
a8ae7 info: PrunableCount   = 3659 3667
a8ae7 info: LargestGamma    = 11281.8
a8ae7 info: SmallestGamma   = 0.026235
a8ae7 info: Playout Patterns:
a8ae7 info: Global:
a8ae7 info: Size            = 565 32648 
a8ae7 info: TableEntries    = 70329 70329
a8ae7 info: MirrorsAdded    = 4397 4419
a8ae7 info: PrunableCount   = 30593 30629
a8ae7 info: LargestGamma    = 5820.77
a8ae7 info: SmallestGamma   = 6.6e-05
a8ae7 info: Local:
a8ae7 info: Size            = 550 5318 
a8ae7 info: TableEntries    = 11602 11588
a8ae7 info: MirrorsAdded    = 0 0
a8ae7 info: PrunableCount   = 3659 3667
a8ae7 info: LargestGamma    = 11281.8
a8ae7 info: SmallestGamma   = 0.026235
param_game allow_swap 1
= 

param_mohex max_memory 32000000000
= 

param_mohex num_threads 1
= 

param_mohex max_time 1
= 

param_mohex max_games 1
= 

param_mohex knowledge_threshold 400
= 

param_mohex reuse_subtree 1
= 

param_mohex use_parallel_solver 0
= 

<= MoHex
<
>version
<= 2.0.CMake
<
>play b f3
<= 
<
>showboard
<= 
< 
<  a0c6290ee9c94c34
<  a  b  c  d  e  f  g  h  i  j  k  
< 1\.  .  .  .  .  .  .  .  .  .  .\1
<  2\.  .  .  .  .  .  .  .  .  .  .\2
<   3\.  .  .  .  .  B  .  .  .  .  .\3
<    4\.  .  .  .  .  .  .  .  .  .  .\4
<     5\.  .  .  .  .  .  .  .  .  .  .\5
<      6\.  .  .  .  .  .  .  .  .  .  .\6
<       7\.  .  .  .  .  .  .  .  .  .  .\7
<        8\.  .  .  .  .  .  .  .  .  .  .\8
<         9\.  .  .  .  .  .  .  .  .  .  .\9
<         10\.  .  .  .  .  .  .  .  .  .  .\10
<          11\.  .  .  .  .  .  .  .  .  .  .\11
<              a  b  c  d  e  f  g  h  i  j  k  
<
>play w swap-pieces
<= 
<
>genmove w
<= i2
<
>play b d10
a8ae7 info: Best move cannot be determined, must search state.
a8ae7 info: --- MoHexPlayer::Search() ---
a8ae7 info: Color: white
a8ae7 info: MaxGames: 1
a8ae7 info: NumberThreads: 1
a8ae7 info: MaxNodes: 181818181 (15999999928 bytes)
a8ae7 info: TimeForMove: 1
a8ae7 info: PreSearch: max time reached (46/90).
a8ae7 info: Time for PreSearch: 0.202228s
a8ae7 info: 
  a0c6290ee9c94c34
  a  b  c  d  e  f  g  h  i  j  k  
 1\.  .  .  *  *  *  *  *  *  *  .\1
  2\.  .  *  *  *  *  *  *  *  *  .\2
   3\.  *  *  *  *  B  *  *  *  *  .\3
    4\.  *  *  *  *  *  *  *  *  *  .\4
     5\.  *  *  *  *  *  *  *  *  *  .\5
      6\.  *  .  *  *  *  *  *  .  *  .\6
       7\.  *  *  *  *  *  *  *  *  *  .\7
        8\.  *  *  *  *  *  *  *  *  *  .\8
         9\.  *  *  *  *  *  *  *  *  *  .\9
         10\.  *  *  *  *  *  *  *  *  .  .\10
          11\.  *  *  *  *  *  *  *  .  .  .\11
              a  b  c  d  e  f  g  h  i  j  k  
a8ae7 info: No subtree to reuse.
a8ae7 info: Creating thread 0
a8ae7 info: StartSearch()[0]
SgUctSearch: max games reached
a8ae7 info: 
Elapsed Time   0.506625s
Count          1
GamesPlayed    1
Nodes          1
Knowledge      0 (0.0%)
Expansions     0.0
Time           0.00
GameLen        120.0 dev=0.0 min=120.0 max=120.0
InTree         0.0 dev=0.0 min=0.0 max=0.0
KnowDepth      -
Aborted        0%
Games/s        416.0
Score          1.00
Sequence      
a8ae7 info: 
a8ae7 warning: **** MoHexSearch returned empty sequence!
a8ae7 warning: **** Returning random move!
<= 
<
>genmove w
<= j10
<
>play b e3
a8ae7 info: Best move cannot be determined, must search state.
a8ae7 info: --- MoHexPlayer::Search() ---
a8ae7 info: Color: white
a8ae7 info: MaxGames: 1
a8ae7 info: NumberThreads: 1
a8ae7 info: MaxNodes: 181818181 (15999999928 bytes)
a8ae7 info: TimeForMove: 1
a8ae7 info: PreSearch: max time reached (48/81).
a8ae7 info: Time for PreSearch: 0.200693s
a8ae7 info: 
  939ffafbceb29026
  a  b  c  d  e  f  g  h  i  j  k  
 1\.  .  .  *  *  *  *  *  .  .  .\1
  2\.  .  *  *  *  *  *  *  W  *  .\2
   3\.  *  *  *  *  B  *  *  *  *  .\3
    4\.  *  *  *  *  *  *  *  *  *  .\4
     5\.  *  *  *  *  *  *  *  *  *  .\5
      6\.  *  *  *  *  *  *  *  *  *  .\6
       7\.  *  *  *  *  *  *  *  *  *  .\7
        8\.  *  *  *  *  *  *  *  *  *  .\8
         9\.  *  *  *  *  *  *  *  *  *  .\9
         10\.  *  .  B  .  *  *  *  *  .  .\10
          11\.  b  b  b  b  .  *  *  .  .  .\11
              a  b  c  d  e  f  g  h  i  j  k  
a8ae7 info: Old: [black, f3] [white, swap-pieces] 
a8ae7 info: New: [black, f3] [white, swap-pieces] [white, i2] [black, d10] 
a8ae7 info: ReuseSubtree: Colors do not alternate.
a8ae7 info: No subtree to reuse.
a8ae7 info: StartSearch()[0]
SgUctSearch: max games reached
a8ae7 info: 
Elapsed Time   0.342871s
Count          1
GamesPlayed    1
Nodes          1
Knowledge      0 (0.0%)
Expansions     0.0
Time           0.00
GameLen        114.0 dev=0.0 min=114.0 max=114.0
InTree         0.0 dev=0.0 min=0.0 max=0.0
KnowDepth      -
Aborted        0%
Games/s        2924.0
Score          1.00
Sequence      
a8ae7 info: 
a8ae7 warning: **** MoHexSearch returned empty sequence!
a8ae7 warning: **** Returning random move!
<= 
<
>genmove w
<= i4
<
>play b f6
a8ae7 info: Best move cannot be determined, must search state.
a8ae7 info: --- MoHexPlayer::Search() ---
a8ae7 info: Color: white
a8ae7 info: MaxGames: 1
a8ae7 info: NumberThreads: 1
a8ae7 info: MaxNodes: 181818181 (15999999928 bytes)
a8ae7 info: TimeForMove: 1
a8ae7 info: PreSearch: max time reached (52/78).
a8ae7 info: Time for PreSearch: 0.202406s
a8ae7 info: 
  0f948b4ebb6f0344
  a  b  c  d  e  f  g  h  i  j  k  
 1\.  .  .  *  *  *  *  *  .  .  .\1
  2\.  .  *  *  *  .  *  *  W  *  .\2
   3\.  *  *  *  B  B  *  *  *  *  .\3
    4\.  *  *  *  *  *  *  *  *  *  .\4
     5\.  *  *  *  *  *  *  *  *  *  .\5
      6\.  *  *  *  *  *  *  *  *  *  .\6
       7\.  *  *  *  *  *  *  *  *  *  .\7
        8\.  *  *  *  *  *  *  *  *  *  w\8
         9\.  *  *  *  *  *  *  *  *  .  w\9
         10\.  *  .  B  .  *  *  *  *  W  w\10
          11\.  b  b  b  b  .  *  *  .  b  b\11
              a  b  c  d  e  f  g  h  i  j  k  
a8ae7 info: Old: [black, f3] [white, swap-pieces] [white, i2] [black, d10] 
a8ae7 info: New: [black, f3] [white, swap-pieces] [white, i2] [black, d10] [white, j10] [black, e3] 
a8ae7 info: MovesPlayed: [white, j10] [black, e3] 
a8ae7 info: No subtree to reuse.
a8ae7 info: StartSearch()[0]
SgUctSearch: max games reached
a8ae7 info: 
Elapsed Time   0.342328s
Count          1
GamesPlayed    1
Nodes          1
Knowledge      0 (0.0%)
Expansions     0.0
Time           0.00
GameLen        107.0 dev=0.0 min=107.0 max=107.0
InTree         0.0 dev=0.0 min=0.0 max=0.0
KnowDepth      -
Aborted        0%
Games/s        3355.7
Score          0.00
Sequence      
a8ae7 info: 
a8ae7 warning: **** MoHexSearch returned empty sequence!
a8ae7 warning: **** Returning random move!
<= 
<
>genmove w
<= g8
<
>play b d8
a8ae7 info: Best move cannot be determined, must search state.
a8ae7 info: --- MoHexPlayer::Search() ---
a8ae7 info: Color: white
a8ae7 info: MaxGames: 1
a8ae7 info: NumberThreads: 1
a8ae7 info: MaxNodes: 181818181 (15999999928 bytes)
a8ae7 info: TimeForMove: 1
a8ae7 info: PreSearch: max time reached (50/75).
a8ae7 info: Time for PreSearch: 0.204134s
a8ae7 info: 
  11cea95e2cc5a310
  a  b  c  d  e  f  g  h  i  j  k  
 1\.  .  .  *  *  *  *  *  .  .  .\1
  2\.  .  *  *  *  .  *  *  W  *  .\2
   3\.  *  *  *  B  B  *  *  .  .  .\3
    4\.  *  *  *  *  *  *  *  W  .  .\4
     5\.  *  *  *  *  *  *  *  *  *  .\5
      6\.  *  *  *  *  B  *  *  *  *  .\6
       7\.  *  *  *  *  *  *  *  *  *  .\7
        8\.  *  *  *  *  *  *  *  *  *  w\8
         9\.  *  *  *  *  *  *  *  *  .  w\9
         10\.  *  .  B  .  *  *  *  *  W  w\10
          11\.  b  b  b  b  .  *  *  .  b  b\11
              a  b  c  d  e  f  g  h  i  j  k  
a8ae7 info: Old: [black, f3] [white, swap-pieces] [white, i2] [black, d10] [white, j10] [black, e3] 
a8ae7 info: New: [black, f3] [white, swap-pieces] [white, i2] [black, d10] [white, j10] [black, e3] [white, i4] [black, f6] 
a8ae7 info: MovesPlayed: [white, i4] [black, f6] 
a8ae7 info: No subtree to reuse.
a8ae7 info: StartSearch()[0]
SgUctSearch: max games reached
a8ae7 info: 
Elapsed Time   0.349374s
Count          1
GamesPlayed    1
Nodes          1
Knowledge      0 (0.0%)
Expansions     0.0
Time           0.00
GameLen        105.0 dev=0.0 min=105.0 max=105.0
InTree         0.0 dev=0.0 min=0.0 max=0.0
KnowDepth      -
Aborted        0%
Games/s        3558.7
Score          0.00
Sequence      
a8ae7 info: 
a8ae7 warning: **** MoHexSearch returned empty sequence!
a8ae7 warning: **** Returning random move!
<= 
<
>genmove w
<= f4
<
>play b d5
a8ae7 info: Opponent has won; playing most blocking move.
<= 
<
>genmove w
<= d6
<
>play b e5
a8ae7 info: Opponent has won; playing most blocking move.
<= 
<
>genmove w
<= e7
<
>play b f7
a8ae7 info: Opponent has won; playing most blocking move.
<= 
<
>genmove w
<= e8
<
>play b f8
a8ae7 info: Opponent has won; playing most blocking move.
<= 
<
>genmove w
<= d4
<
>play b e4
a8ae7 info: Opponent has won; playing most blocking move.
<= 
<
>genmove w
<= e6
<
>play b f5
a8ae7 info: Opponent has won; playing most blocking move.
<= 
<
>genmove w
<= e9
<
>play b f9
a8ae7 info: Opponent has won; playing most blocking move.
<= 
<
>genmove w
<= f10
<
>play b e10
a8ae7 info: Opponent has won; playing most blocking move.
<= 
<
>genmove w
<= e1
<
>play b f2
a8ae7 info: Opponent has won; playing most blocking move.
<= 
<
>genmove w
<= f1
<
>play b g1
a8ae7 info: Captured cells caused win! Removing...
a8ae7 info: Opponent has won; playing most blocking move.
<= 
<
>genmove w
<= e11
<
>play b c11
a8ae7 info: Captured cells caused win! Removing...
a8ae7 info: Opponent has won; playing most blocking move.
<= 
<
>genmove w
<= resign
<
>final_score
<= B+
<
>quit
<= 
<
