54e07 config: MoHex v2.0.CMake Mar 21 2025.
54e07 config: ============ InitializeSystem ============
54e07 config: BenzeneProgram::InitRandom()
54e07 config: Seed = 28833
54e07 info: Prior Patterns:
54e07 info: Global:
54e07 info: Size            = 565 32648 
54e07 info: TableEntries    = 65932 65910
54e07 info: MirrorsAdded    = 0 0
54e07 info: PrunableCount   = 30593 30629
54e07 info: LargestGamma    = 5820.77
54e07 info: SmallestGamma   = 6.6e-05
54e07 info: Local:
54e07 info: Size            = 550 5318 
54e07 info: TableEntries    = 11602 11588
54e07 info: MirrorsAdded    = 0 0
54e07 info: PrunableCount   = 3659 3667
54e07 info: LargestGamma    = 11281.8
54e07 info: SmallestGamma   = 0.026235
54e07 info: Playout Patterns:
54e07 info: Global:
54e07 info: Size            = 565 32648 
54e07 info: TableEntries    = 70329 70329
54e07 info: MirrorsAdded    = 4397 4419
54e07 info: PrunableCount   = 30593 30629
54e07 info: LargestGamma    = 5820.77
54e07 info: SmallestGamma   = 6.6e-05
54e07 info: Local:
54e07 info: Size            = 550 5318 
54e07 info: TableEntries    = 11602 11588
54e07 info: MirrorsAdded    = 0 0
54e07 info: PrunableCount   = 3659 3667
54e07 info: LargestGamma    = 11281.8
54e07 info: SmallestGamma   = 0.026235
54e07 config: IcePatternSet: reading from '/home/linus/MoHex2.0/nfbranchfix/benzene-vanilla-cmake/share/ice-patterns.txt'.
54e07 config: IcePatternSet: parsed 708 patterns.
54e07 config: VCS: reading captured set patterns from '/home/linus/MoHex2.0/nfbranchfix/benzene-vanilla-cmake/share/vc-captured-set.txt'.
54e07 config: VCS:: parsed 2 patterns.
54e07 config: VCS: reading captured set patterns from '/home/linus/MoHex2.0/nfbranchfix/benzene-vanilla-cmake/share/vc-captured-set.txt'.
54e07 config: VCS:: parsed 2 patterns.
54e07 config: IcePatternSet: reading from '/home/linus/MoHex2.0/nfbranchfix/benzene-vanilla-cmake/share/ice-patterns.txt'.
54e07 config: IcePatternSet: parsed 708 patterns.
54e07 config: VCS: reading captured set patterns from '/home/linus/MoHex2.0/nfbranchfix/benzene-vanilla-cmake/share/vc-captured-set.txt'.
54e07 config: VCS:: parsed 2 patterns.
54e07 config: VCS: reading captured set patterns from '/home/linus/MoHex2.0/nfbranchfix/benzene-vanilla-cmake/share/vc-captured-set.txt'.
54e07 config: VCS:: parsed 2 patterns.
54e07 config: VCS: reading captured set patterns from '/home/linus/MoHex2.0/nfbranchfix/benzene-vanilla-cmake/share/vc-captured-set.txt'.
54e07 config: VCS:: parsed 2 patterns.
54e07 config: VCS: reading captured set patterns from '/home/linus/MoHex2.0/nfbranchfix/benzene-vanilla-cmake/share/vc-captured-set.txt'.
54e07 config: VCS:: parsed 2 patterns.
54e07 config: VCS: reading captured set patterns from '/home/linus/MoHex2.0/nfbranchfix/benzene-vanilla-cmake/share/vc-captured-set.txt'.
54e07 config: VCS:: parsed 2 patterns.
54e07 config: VCS: reading captured set patterns from '/home/linus/MoHex2.0/nfbranchfix/benzene-vanilla-cmake/share/vc-captured-set.txt'.
54e07 config: VCS:: parsed 2 patterns.
54e07 config: VCPattern: loading pattern templates from '/home/linus/MoHex2.0/nfbranchfix/benzene-vanilla-cmake/share/vc-patterns.txt'.
54e07 info: Best move cannot be determined, must search state.
54e07 info: --- MoHexPlayer::Search() ---
54e07 info: Color: white
54e07 info: MaxGames: 1
54e07 info: NumberThreads: 1
54e07 info: MaxNodes: 9090 (799920 bytes)
54e07 info: TimeForMove: 1
54e07 info: PreSearch: max time reached (59/88).
54e07 info: Time for PreSearch: 0.201138s
54e07 info: 
  70f01dcd1abc5e6b
  a  b  c  d  e  f  g  h  i  j  k  
 1\.  .  .  *  *  *  *  *  *  *  .\1
  2\.  .  *  *  *  *  *  *  *  *  .\2
   3\.  *  *  *  *  *  *  .  *  *  .\3
    4\.  *  *  *  *  *  *  *  *  *  .\4
     5\.  *  *  *  *  *  *  *  *  *  .\5
      6\.  *  *  *  *  *  *  *  *  *  .\6
       7\.  *  *  *  *  *  *  *  *  *  .\7
        8\.  .  B  *  *  *  *  *  *  *  .\8
         9\.  .  *  .  *  *  *  *  *  *  .\9
         10\.  *  *  *  *  *  *  *  *  .  .\10
          11\.  *  *  *  *  *  *  *  .  .  .\11
              a  b  c  d  e  f  g  h  i  j  k  
54e07 info: No subtree to reuse.
54e07 info: Creating thread 0
54e07 info: StartSearch()[0]
54e07 config: VCS: reading captured set patterns from '/home/linus/MoHex2.0/nfbranchfix/benzene-vanilla-cmake/share/vc-captured-set.txt'.
54e07 config: VCS:: parsed 2 patterns.
54e07 config: VCS: reading captured set patterns from '/home/linus/MoHex2.0/nfbranchfix/benzene-vanilla-cmake/share/vc-captured-set.txt'.
54e07 config: VCS:: parsed 2 patterns.
54e07 info: 
Elapsed Time   0.478123s
Count          1
GamesPlayed    1
Nodes          1
Knowledge      0 (0.0%)
Expansions     0.0
Time           0.00
GameLen        120.0 dev=0.0 min=120.0 max=120.0
InTree         0.0 dev=0.0 min=0.0 max=0.0
KnowDepth      -
Aborted        0%
Games/s        385.5
Score          1.00
Sequence      
54e07 info: 
54e07 warning: **** MoHexSearch returned empty sequence!
54e07 warning: **** Returning random move!
54e07 info: Best move cannot be determined, must search state.
54e07 info: --- MoHexPlayer::Search() ---
54e07 info: Color: white
54e07 info: MaxGames: 1
54e07 info: NumberThreads: 1
54e07 info: MaxNodes: 9090 (799920 bytes)
54e07 info: TimeForMove: 1
54e07 info: PreSearch: max time reached (55/88).
54e07 info: Time for PreSearch: 0.202373s
54e07 info: 
  c0dd3e4cdae41ab0
  a  b  c  d  e  f  g  h  i  j  k  
 1\.  .  .  *  *  *  *  *  *  *  .\1
  2\.  .  *  *  *  *  *  *  *  *  .\2
   3\.  *  *  *  *  *  *  *  *  *  .\3
    4\.  *  *  *  *  *  *  *  *  *  .\4
     5\.  *  *  *  *  *  *  *  *  *  .\5
      6\.  *  *  B  *  *  *  *  *  *  .\6
       7\.  *  *  *  *  *  *  *  *  *  .\7
        8\.  .  B  *  *  *  *  *  *  *  .\8
         9\.  .  *  *  *  *  *  *  *  *  .\9
         10\.  *  *  *  *  *  *  *  *  .  .\10
          11\.  *  W  *  *  *  *  *  .  .  .\11
              a  b  c  d  e  f  g  h  i  j  k  
54e07 info: Old: [black, c8] [white, swap-pieces] 
54e07 info: New: [black, c8] [white, swap-pieces] [white, c11] [black, d6] 
54e07 info: ReuseSubtree: Colors do not alternate.
54e07 info: No subtree to reuse.
54e07 info: StartSearch()[0]
54e07 info: 
Elapsed Time   0.346091s
Count          1
GamesPlayed    1
Nodes          1
Knowledge      0 (0.0%)
Expansions     0.0
Time           0.00
GameLen        118.0 dev=0.0 min=118.0 max=118.0
InTree         0.0 dev=0.0 min=0.0 max=0.0
KnowDepth      -
Aborted        0%
Games/s        3623.2
Score          1.00
Sequence      
54e07 info: 
54e07 warning: **** MoHexSearch returned empty sequence!
54e07 warning: **** Returning random move!
54e07 info: Best move cannot be determined, must search state.
54e07 info: --- MoHexPlayer::Search() ---
54e07 info: Color: white
54e07 info: MaxGames: 1
54e07 info: NumberThreads: 1
54e07 info: MaxNodes: 9090 (799920 bytes)
54e07 info: TimeForMove: 1
54e07 info: PreSearch: max time reached (69/86).
54e07 info: Time for PreSearch: 0.202579s
54e07 info: 
  9eb890ccc9a859f6
  a  b  c  d  e  f  g  h  i  j  k  
 1\.  .  .  *  *  *  *  *  *  *  .\1
  2\.  .  *  *  *  *  *  *  *  *  .\2
   3\.  *  *  *  *  *  *  *  *  *  .\3
    4\.  *  *  *  *  *  *  *  *  *  .\4
     5\.  *  *  *  *  *  *  *  *  *  .\5
      6\.  *  *  B  *  *  *  *  *  *  B\6
       7\.  *  *  .  W  *  *  *  *  *  .\7
        8\.  .  B  *  *  *  *  *  *  *  .\8
         9\.  .  *  *  *  *  *  *  *  *  .\9
         10\.  *  *  *  *  *  *  *  *  .  .\10
          11\.  *  W  *  *  *  *  *  .  .  .\11
              a  b  c  d  e  f  g  h  i  j  k  
54e07 info: Old: [black, c8] [white, swap-pieces] [white, c11] [black, d6] 
54e07 info: New: [black, c8] [white, swap-pieces] [white, c11] [black, d6] [white, e7] [black, k6] 
54e07 info: MovesPlayed: [white, e7] [black, k6] 
54e07 info: No subtree to reuse.
54e07 info: StartSearch()[0]
54e07 info: 
Elapsed Time   0.340658s
Count          1
GamesPlayed    1
Nodes          1
Knowledge      0 (0.0%)
Expansions     0.0
Time           0.00
GameLen        116.0 dev=0.0 min=116.0 max=116.0
InTree         0.0 dev=0.0 min=0.0 max=0.0
KnowDepth      -
Aborted        0%
Games/s        3367.0
Score          0.00
Sequence      
54e07 info: 
54e07 warning: **** MoHexSearch returned empty sequence!
54e07 warning: **** Returning random move!
54e07 info: Best move cannot be determined, must search state.
54e07 info: --- MoHexPlayer::Search() ---
54e07 info: Color: white
54e07 info: MaxGames: 1
54e07 info: NumberThreads: 1
54e07 info: MaxNodes: 9090 (799920 bytes)
54e07 info: TimeForMove: 1
54e07 info: PreSearch: max time reached (67/80).
54e07 info: Time for PreSearch: 0.201894s
54e07 info: 
  6fc4dda4d5494202
  a  b  c  d  e  f  g  h  i  j  k  
 1\.  .  .  .  *  *  *  *  *  *  .\1
  2\.  .  *  *  *  *  *  *  *  *  .\2
   3\.  B  *  *  *  *  *  *  *  *  .\3
    4\.  *  *  *  *  *  *  *  *  *  .\4
     5\.  *  *  *  *  *  *  *  *  *  .\5
      6\.  *  *  B  *  *  *  *  *  *  B\6
       7\.  *  *  .  W  *  *  *  *  *  .\7
        8\.  .  B  *  *  *  *  *  *  *  .\8
         9\.  .  *  *  *  *  *  *  *  *  .\9
         10\.  *  .  W  *  *  *  *  *  .  .\10
          11\.  .  W  .  *  *  *  *  .  .  .\11
              a  b  c  d  e  f  g  h  i  j  k  
54e07 info: Old: [black, c8] [white, swap-pieces] [white, c11] [black, d6] [white, e7] [black, k6] 
54e07 info: New: [black, c8] [white, swap-pieces] [white, c11] [black, d6] [white, e7] [black, k6] [white, d10] [black, b3] 
54e07 info: MovesPlayed: [white, d10] [black, b3] 
54e07 info: No subtree to reuse.
54e07 info: StartSearch()[0]
54e07 info: 
Elapsed Time   0.340872s
Count          1
GamesPlayed    1
Nodes          1
Knowledge      0 (0.0%)
Expansions     0.0
Time           0.00
GameLen        114.0 dev=0.0 min=114.0 max=114.0
InTree         0.0 dev=0.0 min=0.0 max=0.0
KnowDepth      -
Aborted        0%
Games/s        3649.6
Score          0.00
Sequence      
54e07 info: 
54e07 warning: **** MoHexSearch returned empty sequence!
54e07 warning: **** Returning random move!
54e07 info: Best move cannot be determined, must search state.
54e07 info: --- MoHexPlayer::Search() ---
54e07 info: Color: white
54e07 info: MaxGames: 1
54e07 info: NumberThreads: 1
54e07 info: MaxNodes: 9090 (799920 bytes)
54e07 info: TimeForMove: 1
54e07 info: PreSearch: max time reached (71/76).
54e07 info: Time for PreSearch: 0.201809s
54e07 info: 
  5feaa22a88ca559c
  a  b  c  d  e  f  g  h  i  j  k  
 1\.  .  .  .  *  *  .  .  *  *  .\1
  2\.  .  *  *  *  *  W  *  *  *  .\2
   3\.  B  *  *  *  *  *  *  *  *  .\3
    4\b  B  *  *  *  *  *  *  *  *  .\4
     5\.  *  *  *  *  *  *  *  *  *  .\5
      6\.  *  *  B  *  *  *  *  *  *  B\6
       7\.  *  *  .  W  *  *  *  *  *  .\7
        8\.  .  B  *  *  *  *  *  *  *  .\8
         9\.  .  *  *  *  *  *  *  *  *  .\9
         10\.  *  .  W  *  *  *  *  *  .  .\10
          11\.  .  W  .  *  *  *  *  .  .  .\11
              a  b  c  d  e  f  g  h  i  j  k  
54e07 info: Old: [black, c8] [white, swap-pieces] [white, c11] [black, d6] [white, e7] [black, k6] [white, d10] [black, b3] 
54e07 info: New: [black, c8] [white, swap-pieces] [white, c11] [black, d6] [white, e7] [black, k6] [white, d10] [black, b3] [white, g2] [black, b4] 
54e07 info: MovesPlayed: [white, g2] [black, b4] 
54e07 info: No subtree to reuse.
54e07 info: StartSearch()[0]
54e07 info: 
Elapsed Time   0.342157s
Count          1
GamesPlayed    1
Nodes          1
Knowledge      0 (0.0%)
Expansions     0.0
Time           0.00
GameLen        111.0 dev=0.0 min=111.0 max=111.0
InTree         0.0 dev=0.0 min=0.0 max=0.0
KnowDepth      -
Aborted        0%
Games/s        3745.3
Score          0.00
Sequence      
54e07 info: 
54e07 warning: **** MoHexSearch returned empty sequence!
54e07 warning: **** Returning random move!
54e07 info: Best move cannot be determined, must search state.
54e07 info: --- MoHexPlayer::Search() ---
54e07 info: Color: white
54e07 info: MaxGames: 1
54e07 info: NumberThreads: 1
54e07 info: MaxNodes: 9090 (799920 bytes)
54e07 info: TimeForMove: 1
54e07 info: PreSearch: max time reached (71/76).
54e07 info: Time for PreSearch: 0.201344s
54e07 info: 
  c405dd763ce46b1f
  a  b  c  d  e  f  g  h  i  j  k  
 1\.  .  .  .  *  *  .  .  *  *  .\1
  2\.  .  *  *  *  *  W  *  *  *  .\2
   3\.  B  *  *  *  *  *  *  *  *  .\3
    4\b  B  *  *  *  *  *  *  *  *  .\4
     5\.  *  *  *  *  *  *  *  *  *  .\5
      6\.  *  *  B  *  *  *  *  *  *  B\6
       7\.  *  *  .  W  *  *  *  *  *  .\7
        8\.  .  B  *  *  *  *  *  *  *  .\8
         9\.  *  *  *  *  *  *  *  *  *  .\9
         10\.  .  B  W  *  *  *  *  *  .  .\10
          11\.  W  W  .  *  *  *  *  .  .  .\11
              a  b  c  d  e  f  g  h  i  j  k  
54e07 info: Old: [black, c8] [white, swap-pieces] [white, c11] [black, d6] [white, e7] [black, k6] [white, d10] [black, b3] [white, g2] [black, b4] 
54e07 info: New: [black, c8] [white, swap-pieces] [white, c11] [black, d6] [white, e7] [black, k6] [white, d10] [black, b3] [white, g2] [black, b4] [white, b11] [black, c10] 
54e07 info: MovesPlayed: [white, b11] [black, c10] 
54e07 info: No subtree to reuse.
54e07 info: StartSearch()[0]
54e07 info: 
Elapsed Time   0.342483s
Count          1
GamesPlayed    1
Nodes          1
Knowledge      0 (0.0%)
Expansions     0.0
Time           0.00
GameLen        109.0 dev=0.0 min=109.0 max=109.0
InTree         0.0 dev=0.0 min=0.0 max=0.0
KnowDepth      -
Aborted        0%
Games/s        3125.0
Score          0.00
Sequence      
54e07 info: 
54e07 warning: **** MoHexSearch returned empty sequence!
54e07 warning: **** Returning random move!
54e07 info: Best move cannot be determined, must search state.
54e07 info: --- MoHexPlayer::Search() ---
54e07 info: Color: white
54e07 info: MaxGames: 1
54e07 info: NumberThreads: 1
54e07 info: MaxNodes: 9090 (799920 bytes)
54e07 info: TimeForMove: 1
54e07 info: Time for PreSearch: 0.164942s
54e07 info: 
  fc2fe7c7a94172c1
  a  b  c  d  e  f  g  h  i  j  k  
 1\b  b  b  b  b  b  b  .  *  *  .\1
  2\b  b  b  B  b  .  W  *  *  *  .\2
   3\b  B  b  .  *  *  *  *  *  *  .\3
    4\b  B  *  *  *  *  *  *  *  *  .\4
     5\.  *  *  *  *  *  *  *  *  *  .\5
      6\.  *  *  B  *  *  *  *  *  *  B\6
       7\.  *  *  .  W  *  *  *  *  *  .\7
        8\.  .  B  *  *  *  *  *  *  *  .\8
         9\.  *  *  *  *  *  *  *  W  .  .\9
         10\.  .  B  W  *  *  *  *  .  .  .\10
          11\.  W  W  .  *  *  *  *  .  .  .\11
              a  b  c  d  e  f  g  h  i  j  k  
54e07 info: Old: [black, c8] [white, swap-pieces] [white, c11] [black, d6] [white, e7] [black, k6] [white, d10] [black, b3] [white, g2] [black, b4] [white, b11] [black, c10] 
54e07 info: New: [black, c8] [white, swap-pieces] [white, c11] [black, d6] [white, e7] [black, k6] [white, d10] [black, b3] [white, g2] [black, b4] [white, b11] [black, c10] [white, i9] [black, d2] 
54e07 info: MovesPlayed: [white, i9] [black, d2] 
54e07 info: No subtree to reuse.
54e07 info: StartSearch()[0]
54e07 info: 
Elapsed Time   0.306127s
Count          1
GamesPlayed    1
Nodes          1
Knowledge      0 (0.0%)
Expansions     0.0
Time           0.00
GameLen        94.0 dev=0.0 min=94.0 max=94.0
InTree         0.0 dev=0.0 min=0.0 max=0.0
KnowDepth      -
Aborted        0%
Games/s        3717.5
Score          1.00
Sequence      
54e07 info: 
54e07 warning: **** MoHexSearch returned empty sequence!
54e07 warning: **** Returning random move!
54e07 info: Best move cannot be determined, must search state.
54e07 info: --- MoHexPlayer::Search() ---
54e07 info: Color: white
54e07 info: MaxGames: 1
54e07 info: NumberThreads: 1
54e07 info: MaxNodes: 9090 (799920 bytes)
54e07 info: TimeForMove: 1
54e07 info: Time for PreSearch: 0.162948s
54e07 info: 
  978b9ed7c716b626
  a  b  c  d  e  f  g  h  i  j  k  
 1\b  b  b  b  b  b  b  .  *  *  .\1
  2\b  b  b  B  b  .  W  *  *  *  .\2
   3\b  B  b  .  *  *  *  *  *  *  .\3
    4\b  B  *  *  *  *  *  *  *  *  .\4
     5\.  *  *  *  *  *  *  *  *  *  W\5
      6\.  *  *  B  *  *  *  *  *  *  B\6
       7\.  *  *  .  W  *  *  *  *  *  .\7
        8\.  *  B  *  *  *  *  *  *  *  .\8
         9\B  *  *  *  *  *  *  *  W  .  .\9
         10\.  *  B  W  *  *  *  *  .  .  .\10
          11\.  W  W  .  *  *  *  *  .  .  .\11
              a  b  c  d  e  f  g  h  i  j  k  
54e07 info: Old: [black, c8] [white, swap-pieces] [white, c11] [black, d6] [white, e7] [black, k6] [white, d10] [black, b3] [white, g2] [black, b4] [white, b11] [black, c10] [white, i9] [black, d2] 
54e07 info: New: [black, c8] [white, swap-pieces] [white, c11] [black, d6] [white, e7] [black, k6] [white, d10] [black, b3] [white, g2] [black, b4] [white, b11] [black, c10] [white, i9] [black, d2] [white, k5] [black, a9] 
54e07 info: MovesPlayed: [white, k5] [black, a9] 
54e07 info: No subtree to reuse.
54e07 info: StartSearch()[0]
54e07 info: 
Elapsed Time   0.30126s
Count          1
GamesPlayed    1
Nodes          1
Knowledge      0 (0.0%)
Expansions     0.0
Time           0.00
GameLen        92.0 dev=0.0 min=92.0 max=92.0
InTree         0.0 dev=0.0 min=0.0 max=0.0
KnowDepth      -
Aborted        0%
Games/s        2924.0
Score          1.00
Sequence      
54e07 info: 
54e07 warning: **** MoHexSearch returned empty sequence!
54e07 warning: **** Returning random move!
54e07 info: Best move cannot be determined, must search state.
54e07 info: --- MoHexPlayer::Search() ---
54e07 info: Color: white
54e07 info: MaxGames: 1
54e07 info: NumberThreads: 1
54e07 info: MaxNodes: 9090 (799920 bytes)
54e07 info: TimeForMove: 1
54e07 info: Time for PreSearch: 0.171677s
54e07 info: 
  062bfc228298cb22
  a  b  c  d  e  f  g  h  i  j  k  
 1\b  b  b  b  b  b  b  .  *  *  .\1
  2\b  b  b  B  b  .  W  *  *  *  .\2
   3\b  B  b  .  *  *  *  *  *  *  .\3
    4\b  B  *  *  *  *  *  *  *  .  w\4
     5\.  *  *  *  *  *  *  *  *  .  W\5
      6\.  *  *  B  *  *  *  *  *  W  B\6
       7\.  *  *  .  W  *  *  *  *  .  .\7
        8\.  *  B  *  *  *  *  *  .  .  B\8
         9\B  *  *  *  *  *  *  *  W  .  .\9
         10\.  *  B  W  *  *  *  *  .  .  .\10
          11\.  W  W  .  *  *  *  .  .  .  .\11
              a  b  c  d  e  f  g  h  i  j  k  
54e07 info: Old: [black, c8] [white, swap-pieces] [white, c11] [black, d6] [white, e7] [black, k6] [white, d10] [black, b3] [white, g2] [black, b4] [white, b11] [black, c10] [white, i9] [black, d2] [white, k5] [black, a9] 
54e07 info: New: [black, c8] [white, swap-pieces] [white, c11] [black, d6] [white, e7] [black, k6] [white, d10] [black, b3] [white, g2] [black, b4] [white, b11] [black, c10] [white, i9] [black, d2] [white, k5] [black, a9] [white, j6] [black, k8] 
54e07 info: MovesPlayed: [white, j6] [black, k8] 
54e07 info: No subtree to reuse.
54e07 info: StartSearch()[0]
54e07 info: 
Elapsed Time   0.500663s
Count          1
GamesPlayed    1
Nodes          1
Knowledge      0 (0.0%)
Expansions     0.0
Time           0.00
GameLen        89.0 dev=0.0 min=89.0 max=89.0
InTree         0.0 dev=0.0 min=0.0 max=0.0
KnowDepth      -
Aborted        0%
Games/s        3496.5
Score          1.00
Sequence      
54e07 info: 
54e07 warning: **** MoHexSearch returned empty sequence!
54e07 warning: **** Returning random move!
54e07 info: Best move cannot be determined, must search state.
54e07 info: --- MoHexPlayer::Search() ---
54e07 info: Color: white
54e07 info: MaxGames: 1
54e07 info: NumberThreads: 1
54e07 info: MaxNodes: 9090 (799920 bytes)
54e07 info: TimeForMove: 1
54e07 info: Time for PreSearch: 0.170815s
54e07 info: 
  96ec0b7d113c8a23
  a  b  c  d  e  f  g  h  i  j  k  
 1\b  b  b  b  b  b  b  .  *  *  .\1
  2\b  b  b  B  b  .  W  *  *  *  .\2
   3\b  B  b  .  *  .  *  *  *  *  .\3
    4\b  B  *  *  *  W  *  *  *  .  w\4
     5\.  *  *  *  B  *  *  *  *  .  W\5
      6\.  *  *  B  .  *  *  *  *  W  B\6
       7\.  *  *  .  W  *  *  *  *  .  .\7
        8\.  *  B  *  *  *  *  *  .  .  B\8
         9\B  *  *  *  *  *  *  *  W  .  .\9
         10\.  *  B  W  *  *  *  *  .  .  .\10
          11\.  W  W  .  *  *  *  .  .  .  .\11
              a  b  c  d  e  f  g  h  i  j  k  
54e07 info: Old: [black, c8] [white, swap-pieces] [white, c11] [black, d6] [white, e7] [black, k6] [white, d10] [black, b3] [white, g2] [black, b4] [white, b11] [black, c10] [white, i9] [black, d2] [white, k5] [black, a9] [white, j6] [black, k8] 
54e07 info: New: [black, c8] [white, swap-pieces] [white, c11] [black, d6] [white, e7] [black, k6] [white, d10] [black, b3] [white, g2] [black, b4] [white, b11] [black, c10] [white, i9] [black, d2] [white, k5] [black, a9] [white, j6] [black, k8] [white, f4] [black, e5] 
54e07 info: MovesPlayed: [white, f4] [black, e5] 
54e07 info: No subtree to reuse.
54e07 info: StartSearch()[0]
54e07 info: 
Elapsed Time   0.310436s
Count          1
GamesPlayed    1
Nodes          1
Knowledge      0 (0.0%)
Expansions     0.0
Time           0.00
GameLen        87.0 dev=0.0 min=87.0 max=87.0
InTree         0.0 dev=0.0 min=0.0 max=0.0
KnowDepth      -
Aborted        0%
Games/s        3690.0
Score          1.00
Sequence      
54e07 info: 
54e07 warning: **** MoHexSearch returned empty sequence!
54e07 warning: **** Returning random move!
54e07 info: Best move cannot be determined, must search state.
54e07 info: --- MoHexPlayer::Search() ---
54e07 info: Color: white
54e07 info: MaxGames: 1
54e07 info: NumberThreads: 1
54e07 info: MaxNodes: 9090 (799920 bytes)
54e07 info: TimeForMove: 1
54e07 info: Winning sequence found before UCT search!
54e07 info: Sequence: b10
54e07 info: Best move cannot be determined, must search state.
54e07 info: --- MoHexPlayer::Search() ---
54e07 info: Color: white
54e07 info: MaxGames: 1
54e07 info: NumberThreads: 1
54e07 info: MaxNodes: 9090 (799920 bytes)
54e07 info: TimeForMove: 1
54e07 info: Winning sequence found before UCT search!
54e07 info: Sequence: f6
54e07 info: Winning SC.
54e07 info: Winning SC.
54e07 info: Winning SC.
54e07 info: Winning SC.
54e07 info: Winning SC.
54e07 info: Winning SC.
54e07 config: ============ BenzeneShutdown =============
54e07 config: MoHexProgram:: ShutdownSystem()
54e07 config: CommonProgram:: ShutdownSystem()
54e07 config: BenzeneProgram:: ShutdownSystem()
Flushing and closing this stream...
