# nice ../build/src/mohex/mohex --config mohex-cg2010.htp --seed 35758 --logfile-name jobs/11x11-mohex-mohex-cg2010-vs-mohex-mohex-weak-4/mohex-mohex-cg2010-296.log
>boardsize 11 11
<= 
<
>name
MoHex 2.0.CMake Mar 21 2025
Copyright (C) 2007-2012 by the authors of the Benzene project.
This program comes with ABSOLUTELY NO WARRANTY. This is
free software and you are welcome to redistribute it under
certain conditions. Type `benzene-license' for details.

SgRandom::SetSeed: 35758
SgUctSearch: system memory 33632358400, using 1000000000 (5681818 nodes)
SgRandom::SetSeed: 1
SgRandom::SetSeed: 35758
ecbe7 info: Prior Patterns:
ecbe7 info: Global:
ecbe7 info: Size            = 565 32648 
ecbe7 info: TableEntries    = 65932 65910
ecbe7 info: MirrorsAdded    = 0 0
ecbe7 info: PrunableCount   = 30593 30629
ecbe7 info: LargestGamma    = 5820.77
ecbe7 info: SmallestGamma   = 6.6e-05
ecbe7 info: Local:
ecbe7 info: Size            = 550 5318 
ecbe7 info: TableEntries    = 11602 11588
ecbe7 info: MirrorsAdded    = 0 0
ecbe7 info: PrunableCount   = 3659 3667
ecbe7 info: LargestGamma    = 11281.8
ecbe7 info: SmallestGamma   = 0.026235
ecbe7 info: Playout Patterns:
ecbe7 info: Global:
ecbe7 info: Size            = 565 32648 
ecbe7 info: TableEntries    = 70329 70329
ecbe7 info: MirrorsAdded    = 4397 4419
ecbe7 info: PrunableCount   = 30593 30629
ecbe7 info: LargestGamma    = 5820.77
ecbe7 info: SmallestGamma   = 6.6e-05
ecbe7 info: Local:
ecbe7 info: Size            = 550 5318 
ecbe7 info: TableEntries    = 11602 11588
ecbe7 info: MirrorsAdded    = 0 0
ecbe7 info: PrunableCount   = 3659 3667
ecbe7 info: LargestGamma    = 11281.8
ecbe7 info: SmallestGamma   = 0.026235
param_game allow_swap 1
= 

param_mohex max_memory 32000000000
= 

param_mohex num_threads 1
= 

param_mohex max_time 1
= 

param_mohex max_games 1
= 

param_mohex knowledge_threshold 400
= 

param_mohex reuse_subtree 1
= 

param_mohex use_parallel_solver 0
= 

<= MoHex
<
>version
<= 2.0.CMake
<
>play b c6
<= 
<
>showboard
<= 
< 
<  a292776f78904cfa
<  a  b  c  d  e  f  g  h  i  j  k  
< 1\.  .  .  .  .  .  .  .  .  .  .\1
<  2\.  .  .  .  .  .  .  .  .  .  .\2
<   3\.  .  .  .  .  .  .  .  .  .  .\3
<    4\.  .  .  .  .  .  .  .  .  .  .\4
<     5\.  .  .  .  .  .  .  .  .  .  .\5
<      6\.  .  B  .  .  .  .  .  .  .  .\6
<       7\.  .  .  .  .  .  .  .  .  .  .\7
<        8\.  .  .  .  .  .  .  .  .  .  .\8
<         9\.  .  .  .  .  .  .  .  .  .  .\9
<         10\.  .  .  .  .  .  .  .  .  .  .\10
<          11\.  .  .  .  .  .  .  .  .  .  .\11
<              a  b  c  d  e  f  g  h  i  j  k  
<
>play w swap-pieces
<= 
<
>genmove w
<= e5
<
>play b b9
ecbe7 info: Best move cannot be determined, must search state.
ecbe7 info: --- MoHexPlayer::Search() ---
ecbe7 info: Color: white
ecbe7 info: MaxGames: 1
ecbe7 info: NumberThreads: 1
ecbe7 info: MaxNodes: 181818181 (15999999928 bytes)
ecbe7 info: TimeForMove: 1
ecbe7 info: PreSearch: max time reached (57/88).
ecbe7 info: Time for PreSearch: 0.205212s
ecbe7 info: 
  a292776f78904cfa
  a  b  c  d  e  f  g  h  i  j  k  
 1\.  .  .  *  *  *  *  *  *  *  .\1
  2\.  .  *  *  *  *  *  *  *  *  .\2
   3\.  *  *  *  *  .  *  *  *  *  .\3
    4\.  *  *  *  *  *  *  *  *  *  .\4
     5\.  *  *  *  *  *  *  *  *  *  .\5
      6\.  .  B  *  *  *  *  *  *  *  .\6
       7\.  .  *  *  *  *  *  *  *  *  .\7
        8\.  *  *  *  *  *  *  *  *  *  .\8
         9\.  *  *  *  *  .  *  *  *  *  .\9
         10\.  *  *  *  *  *  *  *  *  .  .\10
          11\.  *  *  *  *  *  *  *  .  .  .\11
              a  b  c  d  e  f  g  h  i  j  k  
ecbe7 info: No subtree to reuse.
ecbe7 info: Creating thread 0
ecbe7 info: StartSearch()[0]
SgUctSearch: max games reached
ecbe7 info: 
Elapsed Time   0.349323s
Count          1
GamesPlayed    1
Nodes          1
Knowledge      0 (0.0%)
Expansions     0.0
Time           0.00
GameLen        120.0 dev=0.0 min=120.0 max=120.0
InTree         0.0 dev=0.0 min=0.0 max=0.0
KnowDepth      -
Aborted        0%
Games/s        408.7
Score          0.00
Sequence      
ecbe7 info: 
ecbe7 warning: **** MoHexSearch returned empty sequence!
ecbe7 warning: **** Returning random move!
<= 
<
>genmove w
<= g3
<
>play b c9
ecbe7 info: Best move cannot be determined, must search state.
ecbe7 info: --- MoHexPlayer::Search() ---
ecbe7 info: Color: white
ecbe7 info: MaxGames: 1
ecbe7 info: NumberThreads: 1
ecbe7 info: MaxNodes: 181818181 (15999999928 bytes)
ecbe7 info: TimeForMove: 1
ecbe7 info: PreSearch: max time reached (54/88).
ecbe7 info: Time for PreSearch: 0.201748s
ecbe7 info: 
  6f7fb473d7b0a6e8
  a  b  c  d  e  f  g  h  i  j  k  
 1\.  .  .  *  *  *  *  *  *  *  .\1
  2\.  .  *  *  *  *  *  *  *  *  .\2
   3\.  *  *  *  *  *  *  *  *  *  .\3
    4\.  *  *  *  *  *  *  *  *  *  .\4
     5\.  *  *  *  W  *  *  *  *  *  .\5
      6\.  .  B  *  *  *  *  *  *  *  .\6
       7\.  .  *  *  *  *  *  *  *  *  .\7
        8\.  *  *  *  *  *  *  *  *  *  .\8
         9\.  B  *  *  *  *  *  *  *  *  .\9
         10\.  *  *  *  *  *  *  *  *  .  .\10
          11\.  *  *  *  *  *  *  *  .  .  .\11
              a  b  c  d  e  f  g  h  i  j  k  
ecbe7 info: Old: [black, c6] [white, swap-pieces] 
ecbe7 info: New: [black, c6] [white, swap-pieces] [white, e5] [black, b9] 
ecbe7 info: ReuseSubtree: Colors do not alternate.
ecbe7 info: No subtree to reuse.
ecbe7 info: StartSearch()[0]
SgUctSearch: max games reached
ecbe7 info: 
Elapsed Time   0.393529s
Count          1
GamesPlayed    1
Nodes          1
Knowledge      0 (0.0%)
Expansions     0.0
Time           0.00
GameLen        118.0 dev=0.0 min=118.0 max=118.0
InTree         0.0 dev=0.0 min=0.0 max=0.0
KnowDepth      -
Aborted        0%
Games/s        3436.4
Score          1.00
Sequence      
ecbe7 info: 
ecbe7 warning: **** MoHexSearch returned empty sequence!
ecbe7 warning: **** Returning random move!
<= 
<
>genmove w
<= f8
<
>play b a5
ecbe7 info: Best move cannot be determined, must search state.
ecbe7 info: --- MoHexPlayer::Search() ---
ecbe7 info: Color: white
ecbe7 info: MaxGames: 1
ecbe7 info: NumberThreads: 1
ecbe7 info: MaxNodes: 181818181 (15999999928 bytes)
ecbe7 info: TimeForMove: 1
ecbe7 info: PreSearch: max time reached (41/85).
ecbe7 info: Time for PreSearch: 0.201749s
ecbe7 info: 
  cddcc2d4cac97f5b
  a  b  c  d  e  f  g  h  i  j  k  
 1\.  .  .  *  *  *  *  *  *  *  .\1
  2\.  .  *  *  *  *  *  *  *  *  .\2
   3\.  *  *  *  *  *  W  *  *  *  .\3
    4\.  *  *  *  *  *  *  *  *  *  .\4
     5\.  *  *  *  W  *  *  *  *  *  .\5
      6\.  .  B  *  *  *  *  *  *  *  .\6
       7\.  .  *  *  *  *  *  *  *  *  .\7
        8\.  *  *  *  *  *  *  *  *  *  .\8
         9\.  B  B  *  *  *  *  *  *  *  .\9
         10\.  .  *  *  *  *  *  *  *  .  .\10
          11\.  *  *  *  *  *  *  *  .  .  .\11
              a  b  c  d  e  f  g  h  i  j  k  
ecbe7 info: Old: [black, c6] [white, swap-pieces] [white, e5] [black, b9] 
ecbe7 info: New: [black, c6] [white, swap-pieces] [white, e5] [black, b9] [white, g3] [black, c9] 
ecbe7 info: MovesPlayed: [white, g3] [black, c9] 
ecbe7 info: No subtree to reuse.
ecbe7 info: StartSearch()[0]
SgUctSearch: max games reached
ecbe7 info: 
Elapsed Time   0.343853s
Count          1
GamesPlayed    1
Nodes          1
Knowledge      0 (0.0%)
Expansions     0.0
Time           0.00
GameLen        116.0 dev=0.0 min=116.0 max=116.0
InTree         0.0 dev=0.0 min=0.0 max=0.0
KnowDepth      -
Aborted        0%
Games/s        3311.3
Score          0.00
Sequence      
ecbe7 info: 
ecbe7 warning: **** MoHexSearch returned empty sequence!
ecbe7 warning: **** Returning random move!
<= 
<
>genmove w
<= h4
<
>play b c8
ecbe7 info: Best move cannot be determined, must search state.
ecbe7 info: --- MoHexPlayer::Search() ---
ecbe7 info: Color: white
ecbe7 info: MaxGames: 1
ecbe7 info: NumberThreads: 1
ecbe7 info: MaxNodes: 181818181 (15999999928 bytes)
ecbe7 info: TimeForMove: 1
ecbe7 info: PreSearch: max time reached (44/85).
ecbe7 info: Time for PreSearch: 0.204915s
ecbe7 info: 
  22fd5e0c1b493998
  a  b  c  d  e  f  g  h  i  j  k  
 1\.  .  .  *  *  *  *  *  *  *  .\1
  2\.  .  *  *  *  *  *  *  *  *  .\2
   3\.  *  *  *  *  *  W  *  *  *  .\3
    4\.  *  *  *  *  *  *  *  *  *  .\4
     5\B  *  *  *  W  *  *  *  *  *  .\5
      6\.  *  B  *  *  *  *  *  *  *  .\6
       7\.  .  *  *  *  *  *  *  *  *  .\7
        8\.  *  *  *  *  W  *  *  *  *  .\8
         9\.  B  B  *  *  *  *  *  *  *  .\9
         10\.  .  *  *  *  *  *  *  *  .  .\10
          11\.  *  *  *  *  *  *  *  .  .  .\11
              a  b  c  d  e  f  g  h  i  j  k  
ecbe7 info: Old: [black, c6] [white, swap-pieces] [white, e5] [black, b9] [white, g3] [black, c9] 
ecbe7 info: New: [black, c6] [white, swap-pieces] [white, e5] [black, b9] [white, g3] [black, c9] [white, f8] [black, a5] 
ecbe7 info: MovesPlayed: [white, f8] [black, a5] 
ecbe7 info: No subtree to reuse.
ecbe7 info: StartSearch()[0]
SgUctSearch: max games reached
ecbe7 info: 
Elapsed Time   0.353202s
Count          1
GamesPlayed    1
Nodes          1
Knowledge      0 (0.0%)
Expansions     0.0
Time           0.00
GameLen        114.0 dev=0.0 min=114.0 max=114.0
InTree         0.0 dev=0.0 min=0.0 max=0.0
KnowDepth      -
Aborted        0%
Games/s        4000.0
Score          0.00
Sequence      
ecbe7 info: 
ecbe7 warning: **** MoHexSearch returned empty sequence!
ecbe7 warning: **** Returning random move!
<= 
<
>genmove w
<= j6
<
>play b i1
ecbe7 info: Best move cannot be determined, must search state.
ecbe7 info: --- MoHexPlayer::Search() ---
ecbe7 info: Color: white
ecbe7 info: MaxGames: 1
ecbe7 info: NumberThreads: 1
ecbe7 info: MaxNodes: 181818181 (15999999928 bytes)
ecbe7 info: TimeForMove: 1
ecbe7 info: PreSearch: max time reached (27/83).
ecbe7 info: Time for PreSearch: 0.204245s
ecbe7 info: 
  f6cbe46bd33489f4
  a  b  c  d  e  f  g  h  i  j  k  
 1\.  .  .  *  *  *  *  *  *  *  .\1
  2\.  .  *  *  *  *  *  *  *  *  .\2
   3\.  *  *  *  *  *  W  *  *  *  .\3
    4\.  *  *  *  *  *  *  W  *  *  .\4
     5\B  *  *  *  W  *  *  *  *  *  .\5
      6\.  *  B  *  *  *  *  *  *  *  .\6
       7\.  .  *  *  *  *  *  *  *  *  .\7
        8\.  .  B  *  *  W  *  *  *  *  .\8
         9\.  B  B  *  *  *  *  *  *  *  .\9
         10\.  .  *  *  *  *  *  *  *  .  .\10
          11\.  *  *  *  *  *  *  *  .  .  .\11
              a  b  c  d  e  f  g  h  i  j  k  
ecbe7 info: Old: [black, c6] [white, swap-pieces] [white, e5] [black, b9] [white, g3] [black, c9] [white, f8] [black, a5] 
ecbe7 info: New: [black, c6] [white, swap-pieces] [white, e5] [black, b9] [white, g3] [black, c9] [white, f8] [black, a5] [white, h4] [black, c8] 
ecbe7 info: MovesPlayed: [white, h4] [black, c8] 
ecbe7 info: No subtree to reuse.
ecbe7 info: StartSearch()[0]
SgUctSearch: max games reached
ecbe7 info: 
Elapsed Time   0.348687s
Count          1
GamesPlayed    1
Nodes          1
Knowledge      0 (0.0%)
Expansions     0.0
Time           0.00
GameLen        112.0 dev=0.0 min=112.0 max=112.0
InTree         0.0 dev=0.0 min=0.0 max=0.0
KnowDepth      -
Aborted        0%
Games/s        3413.0
Score          0.00
Sequence      
ecbe7 info: 
ecbe7 warning: **** MoHexSearch returned empty sequence!
ecbe7 warning: **** Returning random move!
<= 
<
>genmove w
<= d5
<
>play b k11
ecbe7 info: Best move cannot be determined, must search state.
ecbe7 info: --- MoHexPlayer::Search() ---
ecbe7 info: Color: white
ecbe7 info: MaxGames: 1
ecbe7 info: NumberThreads: 1
ecbe7 info: MaxNodes: 181818181 (15999999928 bytes)
ecbe7 info: TimeForMove: 1
ecbe7 info: Time for PreSearch: 0.10917s
ecbe7 info: 
  fec482391183e606
  a  b  c  d  e  f  g  h  i  j  k  
 1\.  .  .  *  *  *  *  .  B  .  .\1
  2\.  .  *  *  *  *  *  *  .  .  .\2
   3\.  *  .  *  *  .  W  .  .  .  .\3
    4\.  *  .  *  .  .  .  W  .  .  w\4
     5\B  *  *  *  W  .  .  .  .  .  w\5
      6\.  *  B  .  .  .  .  .  .  W  w\6
       7\.  .  *  .  .  .  .  .  .  .  w\7
        8\.  .  B  .  .  W  .  .  .  .  .\8
         9\.  B  B  .  .  .  .  .  .  .  .\9
         10\.  .  *  .  .  .  .  .  .  .  .\10
          11\.  .  *  .  .  .  .  .  .  .  .\11
              a  b  c  d  e  f  g  h  i  j  k  
ecbe7 info: Old: [black, c6] [white, swap-pieces] [white, e5] [black, b9] [white, g3] [black, c9] [white, f8] [black, a5] [white, h4] [black, c8] 
ecbe7 info: New: [black, c6] [white, swap-pieces] [white, e5] [black, b9] [white, g3] [black, c9] [white, f8] [black, a5] [white, h4] [black, c8] [white, j6] [black, i1] 
ecbe7 info: MovesPlayed: [white, j6] [black, i1] 
ecbe7 info: No subtree to reuse.
ecbe7 info: StartSearch()[0]
SgUctSearch: max games reached
ecbe7 info: 
Elapsed Time   0.253214s
Count          1
GamesPlayed    1
Nodes          1
Knowledge      0 (0.0%)
Expansions     0.0
Time           0.00
GameLen        106.0 dev=0.0 min=106.0 max=106.0
InTree         0.0 dev=0.0 min=0.0 max=0.0
KnowDepth      -
Aborted        0%
Games/s        3413.0
Score          0.00
Sequence      
ecbe7 info: 
ecbe7 warning: **** MoHexSearch returned empty sequence!
ecbe7 warning: **** Returning random move!
<= 
<
>genmove w
<= d4
<
>play b d9
ecbe7 info: Best move cannot be determined, must search state.
ecbe7 info: --- MoHexPlayer::Search() ---
ecbe7 info: Color: white
ecbe7 info: MaxGames: 1
ecbe7 info: NumberThreads: 1
ecbe7 info: MaxNodes: 181818181 (15999999928 bytes)
ecbe7 info: TimeForMove: 1
ecbe7 info: PreSearch: max time reached (23/74).
ecbe7 info: Time for PreSearch: 0.212818s
ecbe7 info: 
  02ca9ba0f3f43dba
  a  b  c  d  e  f  g  h  i  j  k  
 1\.  .  .  *  *  *  *  .  B  .  .\1
  2\.  .  *  *  *  *  *  *  *  *  .\2
   3\.  *  *  *  *  *  W  .  *  *  .\3
    4\.  *  *  *  .  .  *  W  *  .  w\4
     5\B  *  *  W  W  *  *  *  *  .  w\5
      6\.  *  B  *  *  *  *  *  *  W  w\6
       7\.  .  *  *  *  *  *  *  *  .  w\7
        8\.  .  B  *  *  W  *  *  *  *  .\8
         9\.  B  B  *  *  *  *  *  *  *  .\9
         10\.  .  *  *  *  *  *  *  *  *  .\10
          11\.  *  *  *  *  *  *  *  .  b  B\11
              a  b  c  d  e  f  g  h  i  j  k  
ecbe7 info: Old: [black, c6] [white, swap-pieces] [white, e5] [black, b9] [white, g3] [black, c9] [white, f8] [black, a5] [white, h4] [black, c8] [white, j6] [black, i1] 
ecbe7 info: New: [black, c6] [white, swap-pieces] [white, e5] [black, b9] [white, g3] [black, c9] [white, f8] [black, a5] [white, h4] [black, c8] [white, j6] [black, i1] [white, d5] [black, k11] 
ecbe7 info: MovesPlayed: [white, d5] [black, k11] 
ecbe7 info: No subtree to reuse.
ecbe7 info: StartSearch()[0]
SgUctSearch: max games reached
ecbe7 info: 
Elapsed Time   0.356506s
Count          1
GamesPlayed    1
Nodes          1
Knowledge      0 (0.0%)
Expansions     0.0
Time           0.00
GameLen        103.0 dev=0.0 min=103.0 max=103.0
InTree         0.0 dev=0.0 min=0.0 max=0.0
KnowDepth      -
Aborted        0%
Games/s        3571.4
Score          1.00
Sequence      
ecbe7 info: 
ecbe7 warning: **** MoHexSearch returned empty sequence!
ecbe7 warning: **** Returning random move!
<= 
<
>genmove w
<= c4
<
>play b h3
ecbe7 info: Winning SC.
<= 
<
>genmove w
<= g4
<
>play b e3
ecbe7 info: Winning SC.
<= 
<
>genmove w
<= j3
<
>play b f5
ecbe7 info: Winning SC.
<= 
<
>genmove w
<= f4
<
>play b b6
ecbe7 info: Winning SC.
<= 
<
>genmove w
<= b3
<
>play b c3
ecbe7 info: Winning SC.
<= 
<
>genmove w
<= b4
<
>play b i4
ecbe7 info: Winning SC.
<= 
<
>genmove w
<= i3
<
>play b a3
ecbe7 info: Winning SC.
<= 
<
>genmove w
<= a4
<
>play b j4
ecbe7 info: Winning SC.
<= 
<
>genmove w
<= k2
<
>play b resign
ecbe7 info: Captured cells caused win! Removing...
ecbe7 info: Winning SC.
<= 
<
>final_score
<= W+
<
>quit
<= 
<
