# nice ../build/src/mohex/mohex --config mohex-weak.htp --seed 796765 --logfile-name jobs/11x11-mohex-mohex-cg2010-vs-mohex-mohex-weak-4/mohex-mohex-weak-8.log
>boardsize 11 11
MoHex 2.0.CMake Mar 21 2025
Copyright (C) 2007-2012 by the authors of the Benzene project.
This program comes with ABSOLUTELY NO WARRANTY. This is
free software and you are welcome to redistribute it under
certain conditions. Type `benzene-license' for details.

SgRandom::SetSeed: 796765
SgUctSearch: system memory 33632358400, using 1000000000 (5681818 nodes)
SgRandom::SetSeed: 1
SgRandom::SetSeed: 796765
2af77 info: Prior Patterns:
2af77 info: Global:
2af77 info: Size            = 565 32648 
2af77 info: TableEntries    = 65932 65910
2af77 info: MirrorsAdded    = 0 0
2af77 info: PrunableCount   = 30593 30629
2af77 info: LargestGamma    = 5820.77
2af77 info: SmallestGamma   = 6.6e-05
2af77 info: Local:
2af77 info: Size            = 550 5318 
2af77 info: TableEntries    = 11602 11588
2af77 info: MirrorsAdded    = 0 0
2af77 info: PrunableCount   = 3659 3667
2af77 info: LargestGamma    = 11281.8
2af77 info: SmallestGamma   = 0.026235
2af77 info: Playout Patterns:
2af77 info: Global:
2af77 info: Size            = 565 32648 
2af77 info: TableEntries    = 70329 70329
2af77 info: MirrorsAdded    = 4397 4419
2af77 info: PrunableCount   = 30593 30629
2af77 info: LargestGamma    = 5820.77
2af77 info: SmallestGamma   = 6.6e-05
2af77 info: Local:
2af77 info: Size            = 550 5318 
2af77 info: TableEntries    = 11602 11588
2af77 info: MirrorsAdded    = 0 0
2af77 info: PrunableCount   = 3659 3667
2af77 info: LargestGamma    = 11281.8
2af77 info: SmallestGamma   = 0.026235
<= 
<
>name
param_game allow_swap 1
= 

param_mohex max_memory 1600000
= 

param_mohex num_threads 1
= 

param_mohex max_time 1
= 

param_mohex max_games 1
= 

param_mohex knowledge_threshold 400
= 

param_mohex reuse_subtree 1
= 

param_mohex use_parallel_solver 0
= 

<= MoHex
<
>version
<= 2.0.CMake
<
>play b a5
<= 
<
>genmove w
<= swap-pieces
<
>showboard
2af77 info: SwapCheck: reading from '/home/linus/MoHex2.0/nfbranchfix/benzene-vanilla-cmake/share/swap-moves.txt'.
2af77 info: SwapCheck: playing swap.
<= 
< 
<  87c9b23912128f66
<  a  b  c  d  e  f  g  h  i  j  k  
< 1\.  .  .  .  .  .  .  .  .  .  .\1
<  2\.  .  .  .  .  .  .  .  .  .  .\2
<   3\.  .  .  .  .  .  .  .  .  .  .\3
<    4\.  .  .  .  .  .  .  .  .  .  .\4
<     5\B  .  .  .  .  .  .  .  .  .  .\5
<      6\.  .  .  .  .  .  .  .  .  .  .\6
<       7\.  .  .  .  .  .  .  .  .  .  .\7
<        8\.  .  .  .  .  .  .  .  .  .  .\8
<         9\.  .  .  .  .  .  .  .  .  .  .\9
<         10\.  .  .  .  .  .  .  .  .  .  .\10
<          11\.  .  .  .  .  .  .  .  .  .  .\11
<              a  b  c  d  e  f  g  h  i  j  k  
<
>play w g10
<= 
<
>showboard
<= 
< 
<  e08c1a090f6823c2
<  a  b  c  d  e  f  g  h  i  j  k  
< 1\.  .  .  .  .  .  .  .  .  .  .\1
<  2\.  .  .  .  .  .  .  .  .  .  .\2
<   3\.  .  .  .  .  .  .  .  .  .  .\3
<    4\.  .  .  .  .  .  .  .  .  .  .\4
<     5\B  .  .  .  .  .  .  .  .  .  .\5
<      6\.  .  .  .  .  .  .  .  .  .  .\6
<       7\.  .  .  .  .  .  .  .  .  .  .\7
<        8\.  .  .  .  .  .  .  .  .  .  .\8
<         9\.  .  .  .  .  .  .  .  .  .  .\9
<         10\.  .  .  .  .  .  W  .  .  .  .\10
<          11\.  .  .  .  .  .  .  .  .  .  .\11
<              a  b  c  d  e  f  g  h  i  j  k  
<
>genmove b
<= b5
<
>showboard
2af77 info: Best move cannot be determined, must search state.
2af77 info: --- MoHexPlayer::Search() ---
2af77 info: Color: black
2af77 info: MaxGames: 1
2af77 info: NumberThreads: 1
2af77 info: MaxNodes: 9090 (799920 bytes)
2af77 info: TimeForMove: 1
2af77 info: PreSearch: max time reached (61/91).
2af77 info: Time for PreSearch: 0.200848s
2af77 info: 
  e08c1a090f6823c2
  a  b  c  d  e  f  g  h  i  j  k  
 1\.  .  .  .  .  .  .  .  .  .  .\1
  2\.  .  *  *  *  *  *  *  *  *  *\2
   3\.  *  *  *  *  *  *  *  *  *  *\3
    4\*  *  *  *  *  *  *  *  *  *  *\4
     5\B  *  *  *  *  *  *  *  *  *  *\5
      6\*  *  *  *  *  *  *  *  *  *  *\6
       7\*  *  *  *  *  *  *  *  *  *  *\7
        8\*  *  *  *  *  *  *  *  *  *  *\8
         9\*  *  *  *  *  *  *  *  *  *  .\9
         10\*  *  *  *  *  *  W  *  *  .  .\10
          11\.  .  .  .  .  .  .  .  .  .  .\11
              a  b  c  d  e  f  g  h  i  j  k  
2af77 info: No subtree to reuse.
2af77 info: Creating thread 0
2af77 info: StartSearch()[0]
SgUctSearch: max games reached
2af77 info: 
Elapsed Time   0.379117s
Count          1
GamesPlayed    1
Nodes          1
Knowledge      0 (0.0%)
Expansions     0.0
Time           0.00
GameLen        119.0 dev=0.0 min=119.0 max=119.0
InTree         0.0 dev=0.0 min=0.0 max=0.0
KnowDepth      -
Aborted        0%
Games/s        428.6
Score          1.00
Sequence      
2af77 info: 
2af77 warning: **** MoHexSearch returned empty sequence!
2af77 warning: **** Returning random move!
<= 
< 
<  4f7f0362276984ac
<  a  b  c  d  e  f  g  h  i  j  k  
< 1\.  .  .  .  .  .  .  .  .  .  .\1
<  2\.  .  .  .  .  .  .  .  .  .  .\2
<   3\.  .  .  .  .  .  .  .  .  .  .\3
<    4\.  .  .  .  .  .  .  .  .  .  .\4
<     5\B  B  .  .  .  .  .  .  .  .  .\5
<      6\.  .  .  .  .  .  .  .  .  .  .\6
<       7\.  .  .  .  .  .  .  .  .  .  .\7
<        8\.  .  .  .  .  .  .  .  .  .  .\8
<         9\.  .  .  .  .  .  .  .  .  .  .\9
<         10\.  .  .  .  .  .  W  .  .  .  .\10
<          11\.  .  .  .  .  .  .  .  .  .  .\11
<              a  b  c  d  e  f  g  h  i  j  k  
<
>play w j9
<= 
<
>showboard
<= 
< 
<  81db09ca3cab0317
<  a  b  c  d  e  f  g  h  i  j  k  
< 1\.  .  .  .  .  .  .  .  .  .  .\1
<  2\.  .  .  .  .  .  .  .  .  .  .\2
<   3\.  .  .  .  .  .  .  .  .  .  .\3
<    4\.  .  .  .  .  .  .  .  .  .  .\4
<     5\B  B  .  .  .  .  .  .  .  .  .\5
<      6\.  .  .  .  .  .  .  .  .  .  .\6
<       7\.  .  .  .  .  .  .  .  .  .  .\7
<        8\.  .  .  .  .  .  .  .  .  .  .\8
<         9\.  .  .  .  .  .  .  .  .  W  .\9
<         10\.  .  .  .  .  .  W  .  .  .  .\10
<          11\.  .  .  .  .  .  .  .  .  .  .\11
<              a  b  c  d  e  f  g  h  i  j  k  
<
>genmove b
<= g6
<
>showboard
2af77 info: Best move cannot be determined, must search state.
2af77 info: --- MoHexPlayer::Search() ---
2af77 info: Color: black
2af77 info: MaxGames: 1
2af77 info: NumberThreads: 1
2af77 info: MaxNodes: 9090 (799920 bytes)
2af77 info: TimeForMove: 1
2af77 info: PreSearch: max time reached (56/81).
2af77 info: Time for PreSearch: 0.201833s
2af77 info: 
  81db09ca3cab0317
  a  b  c  d  e  f  g  h  i  j  k  
 1\.  .  .  .  .  .  .  .  .  .  .\1
  2\.  .  *  *  *  *  *  *  *  *  *\2
   3\.  *  *  *  *  *  *  *  *  *  *\3
    4\.  .  *  *  *  *  *  *  *  *  *\4
     5\B  B  *  *  *  *  *  *  *  *  *\5
      6\.  *  *  *  *  *  *  *  *  *  .\6
       7\*  *  *  *  *  *  *  *  *  *  w\7
        8\*  *  *  *  *  *  *  *  *  .  w\8
         9\*  *  *  *  *  *  *  *  *  W  w\9
         10\*  *  *  *  *  *  W  *  .  w  w\10
          11\.  .  .  .  .  .  .  .  .  w  w\11
              a  b  c  d  e  f  g  h  i  j  k  
2af77 info: Old: [black, a5] [white, swap-pieces] [white, g10] 
2af77 info: New: [black, a5] [white, swap-pieces] [white, g10] [black, b5] [white, j9] 
2af77 info: MovesPlayed: [black, b5] [white, j9] 
2af77 info: No subtree to reuse.
2af77 info: StartSearch()[0]
SgUctSearch: max games reached
2af77 info: 
Elapsed Time   0.343453s
Count          1
GamesPlayed    1
Nodes          1
Knowledge      0 (0.0%)
Expansions     0.0
Time           0.00
GameLen        110.0 dev=0.0 min=110.0 max=110.0
InTree         0.0 dev=0.0 min=0.0 max=0.0
KnowDepth      -
Aborted        0%
Games/s        3125.0
Score          1.00
Sequence      
2af77 info: 
2af77 warning: **** MoHexSearch returned empty sequence!
2af77 warning: **** Returning random move!
<= 
< 
<  4cd6f37357c78723
<  a  b  c  d  e  f  g  h  i  j  k  
< 1\.  .  .  .  .  .  .  .  .  .  .\1
<  2\.  .  .  .  .  .  .  .  .  .  .\2
<   3\.  .  .  .  .  .  .  .  .  .  .\3
<    4\.  .  .  .  .  .  .  .  .  .  .\4
<     5\B  B  .  .  .  .  .  .  .  .  .\5
<      6\.  .  .  .  .  .  B  .  .  .  .\6
<       7\.  .  .  .  .  .  .  .  .  .  .\7
<        8\.  .  .  .  .  .  .  .  .  .  .\8
<         9\.  .  .  .  .  .  .  .  .  W  .\9
<         10\.  .  .  .  .  .  W  .  .  .  .\10
<          11\.  .  .  .  .  .  .  .  .  .  .\11
<              a  b  c  d  e  f  g  h  i  j  k  
<
>play w a6
<= 
<
>showboard
<= 
< 
<  21f8573864ad565d
<  a  b  c  d  e  f  g  h  i  j  k  
< 1\.  .  .  .  .  .  .  .  .  .  .\1
<  2\.  .  .  .  .  .  .  .  .  .  .\2
<   3\.  .  .  .  .  .  .  .  .  .  .\3
<    4\.  .  .  .  .  .  .  .  .  .  .\4
<     5\B  B  .  .  .  .  .  .  .  .  .\5
<      6\W  .  .  .  .  .  B  .  .  .  .\6
<       7\.  .  .  .  .  .  .  .  .  .  .\7
<        8\.  .  .  .  .  .  .  .  .  .  .\8
<         9\.  .  .  .  .  .  .  .  .  W  .\9
<         10\.  .  .  .  .  .  W  .  .  .  .\10
<          11\.  .  .  .  .  .  .  .  .  .  .\11
<              a  b  c  d  e  f  g  h  i  j  k  
<
>genmove b
<= b3
<
>showboard
2af77 info: Best move cannot be determined, must search state.
2af77 info: --- MoHexPlayer::Search() ---
2af77 info: Color: black
2af77 info: MaxGames: 1
2af77 info: NumberThreads: 1
2af77 info: MaxNodes: 9090 (799920 bytes)
2af77 info: TimeForMove: 1
2af77 info: PreSearch: max time reached (45/79).
2af77 info: Time for PreSearch: 0.201108s
2af77 info: 
  21f8573864ad565d
  a  b  c  d  e  f  g  h  i  j  k  
 1\.  .  .  .  .  .  .  .  .  .  .\1
  2\.  .  *  *  *  *  *  *  *  *  *\2
   3\.  *  *  *  *  *  *  *  *  *  *\3
    4\.  .  *  *  *  *  *  *  *  *  *\4
     5\B  B  *  *  *  *  *  *  *  *  *\5
      6\W  *  *  *  *  *  B  *  *  *  .\6
       7\.  *  *  *  *  *  *  *  *  *  w\7
        8\*  *  *  *  *  *  *  *  *  .  w\8
         9\*  *  *  *  *  *  *  *  *  W  w\9
         10\*  *  *  *  *  *  W  *  .  w  w\10
          11\.  .  .  .  .  .  .  .  .  w  w\11
              a  b  c  d  e  f  g  h  i  j  k  
2af77 info: Old: [black, a5] [white, swap-pieces] [white, g10] [black, b5] [white, j9] 
2af77 info: New: [black, a5] [white, swap-pieces] [white, g10] [black, b5] [white, j9] [black, g6] [white, a6] 
2af77 info: MovesPlayed: [black, g6] [white, a6] 
2af77 info: No subtree to reuse.
2af77 info: StartSearch()[0]
SgUctSearch: max games reached
2af77 info: 
Elapsed Time   0.345528s
Count          1
GamesPlayed    1
Nodes          1
Knowledge      0 (0.0%)
Expansions     0.0
Time           0.00
GameLen        108.0 dev=0.0 min=108.0 max=108.0
InTree         0.0 dev=0.0 min=0.0 max=0.0
KnowDepth      -
Aborted        0%
Games/s        3278.7
Score          0.00
Sequence      
2af77 info: 
2af77 warning: **** MoHexSearch returned empty sequence!
2af77 warning: **** Returning random move!
<= 
< 
<  cd07c4efe7471ea4
<  a  b  c  d  e  f  g  h  i  j  k  
< 1\.  .  .  .  .  .  .  .  .  .  .\1
<  2\.  .  .  .  .  .  .  .  .  .  .\2
<   3\.  B  .  .  .  .  .  .  .  .  .\3
<    4\.  .  .  .  .  .  .  .  .  .  .\4
<     5\B  B  .  .  .  .  .  .  .  .  .\5
<      6\W  .  .  .  .  .  B  .  .  .  .\6
<       7\.  .  .  .  .  .  .  .  .  .  .\7
<        8\.  .  .  .  .  .  .  .  .  .  .\8
<         9\.  .  .  .  .  .  .  .  .  W  .\9
<         10\.  .  .  .  .  .  W  .  .  .  .\10
<          11\.  .  .  .  .  .  .  .  .  .  .\11
<              a  b  c  d  e  f  g  h  i  j  k  
<
>play w h7
<= 
<
>showboard
<= 
< 
<  ccca1495a530256c
<  a  b  c  d  e  f  g  h  i  j  k  
< 1\.  .  .  .  .  .  .  .  .  .  .\1
<  2\.  .  .  .  .  .  .  .  .  .  .\2
<   3\.  B  .  .  .  .  .  .  .  .  .\3
<    4\.  .  .  .  .  .  .  .  .  .  .\4
<     5\B  B  .  .  .  .  .  .  .  .  .\5
<      6\W  .  .  .  .  .  B  .  .  .  .\6
<       7\.  .  .  .  .  .  .  W  .  .  .\7
<        8\.  .  .  .  .  .  .  .  .  .  .\8
<         9\.  .  .  .  .  .  .  .  .  W  .\9
<         10\.  .  .  .  .  .  W  .  .  .  .\10
<          11\.  .  .  .  .  .  .  .  .  .  .\11
<              a  b  c  d  e  f  g  h  i  j  k  
<
>genmove b
<= j7
<
>showboard
2af77 info: Best move cannot be determined, must search state.
2af77 info: --- MoHexPlayer::Search() ---
2af77 info: Color: black
2af77 info: MaxGames: 1
2af77 info: NumberThreads: 1
2af77 info: MaxNodes: 9090 (799920 bytes)
2af77 info: TimeForMove: 1
2af77 info: PreSearch: max time reached (40/75).
2af77 info: Time for PreSearch: 0.202218s
2af77 info: 
  ccca1495a530256c
  a  b  c  d  e  f  g  h  i  j  k  
 1\.  .  .  .  .  .  .  .  .  .  .\1
  2\.  *  .  *  *  *  *  *  *  *  *\2
   3\.  B  .  *  *  *  *  *  *  *  *\3
    4\b  b  .  *  *  *  *  *  *  *  *\4
     5\B  B  *  *  *  *  *  *  *  *  *\5
      6\W  *  *  *  *  *  B  *  *  *  .\6
       7\.  *  *  *  *  *  *  W  *  *  w\7
        8\*  *  *  *  *  *  *  *  *  .  w\8
         9\*  *  *  *  *  *  *  *  *  W  w\9
         10\*  *  *  *  *  *  W  *  .  w  w\10
          11\.  .  .  .  .  .  .  .  .  w  w\11
              a  b  c  d  e  f  g  h  i  j  k  
2af77 info: Old: [black, a5] [white, swap-pieces] [white, g10] [black, b5] [white, j9] [black, g6] [white, a6] 
2af77 info: New: [black, a5] [white, swap-pieces] [white, g10] [black, b5] [white, j9] [black, g6] [white, a6] [black, b3] [white, h7] 
2af77 info: MovesPlayed: [black, b3] [white, h7] 
2af77 info: No subtree to reuse.
2af77 info: StartSearch()[0]
SgUctSearch: max games reached
2af77 info: 
Elapsed Time   0.405912s
Count          1
GamesPlayed    1
Nodes          1
Knowledge      0 (0.0%)
Expansions     0.0
Time           0.00
GameLen        104.0 dev=0.0 min=104.0 max=104.0
InTree         0.0 dev=0.0 min=0.0 max=0.0
KnowDepth      -
Aborted        0%
Games/s        2739.7
Score          1.00
Sequence      
2af77 info: 
2af77 warning: **** MoHexSearch returned empty sequence!
2af77 warning: **** Returning random move!
<= 
< 
<  340327c19d7aeb71
<  a  b  c  d  e  f  g  h  i  j  k  
< 1\.  .  .  .  .  .  .  .  .  .  .\1
<  2\.  .  .  .  .  .  .  .  .  .  .\2
<   3\.  B  .  .  .  .  .  .  .  .  .\3
<    4\.  .  .  .  .  .  .  .  .  .  .\4
<     5\B  B  .  .  .  .  .  .  .  .  .\5
<      6\W  .  .  .  .  .  B  .  .  .  .\6
<       7\.  .  .  .  .  .  .  W  .  B  .\7
<        8\.  .  .  .  .  .  .  .  .  .  .\8
<         9\.  .  .  .  .  .  .  .  .  W  .\9
<         10\.  .  .  .  .  .  W  .  .  .  .\10
<          11\.  .  .  .  .  .  .  .  .  .  .\11
<              a  b  c  d  e  f  g  h  i  j  k  
<
>play w h8
<= 
<
>showboard
<= 
< 
<  a2c19f53b546ce8a
<  a  b  c  d  e  f  g  h  i  j  k  
< 1\.  .  .  .  .  .  .  .  .  .  .\1
<  2\.  .  .  .  .  .  .  .  .  .  .\2
<   3\.  B  .  .  .  .  .  .  .  .  .\3
<    4\.  .  .  .  .  .  .  .  .  .  .\4
<     5\B  B  .  .  .  .  .  .  .  .  .\5
<      6\W  .  .  .  .  .  B  .  .  .  .\6
<       7\.  .  .  .  .  .  .  W  .  B  .\7
<        8\.  .  .  .  .  .  .  W  .  .  .\8
<         9\.  .  .  .  .  .  .  .  .  W  .\9
<         10\.  .  .  .  .  .  W  .  .  .  .\10
<          11\.  .  .  .  .  .  .  .  .  .  .\11
<              a  b  c  d  e  f  g  h  i  j  k  
<
>genmove b
<= g7
<
>showboard
2af77 info: Best move cannot be determined, must search state.
2af77 info: --- MoHexPlayer::Search() ---
2af77 info: Color: black
2af77 info: MaxGames: 1
2af77 info: NumberThreads: 1
2af77 info: MaxNodes: 9090 (799920 bytes)
2af77 info: TimeForMove: 1
2af77 info: PreSearch: max time reached (41/71).
2af77 info: Time for PreSearch: 0.200135s
2af77 info: 
  a2c19f53b546ce8a
  a  b  c  d  e  f  g  h  i  j  k  
 1\.  .  .  .  .  .  .  .  .  .  .\1
  2\.  *  .  *  *  *  *  *  *  *  *\2
   3\.  B  .  *  *  *  *  *  *  *  *\3
    4\b  b  .  *  *  *  *  *  *  *  *\4
     5\B  B  *  *  *  *  *  *  *  *  *\5
      6\W  *  *  *  *  *  B  *  *  *  .\6
       7\.  *  *  *  *  *  *  W  .  B  b\7
        8\*  *  *  *  *  *  *  W  .  .  w\8
         9\*  *  *  *  *  *  *  *  *  W  w\9
         10\*  *  *  *  *  *  W  *  .  w  w\10
          11\.  .  .  .  .  .  .  .  .  w  w\11
              a  b  c  d  e  f  g  h  i  j  k  
2af77 info: Old: [black, a5] [white, swap-pieces] [white, g10] [black, b5] [white, j9] [black, g6] [white, a6] [black, b3] [white, h7] 
2af77 info: New: [black, a5] [white, swap-pieces] [white, g10] [black, b5] [white, j9] [black, g6] [white, a6] [black, b3] [white, h7] [black, j7] [white, h8] 
2af77 info: MovesPlayed: [black, j7] [white, h8] 
2af77 info: No subtree to reuse.
2af77 info: StartSearch()[0]
SgUctSearch: max games reached
2af77 info: 
Elapsed Time   0.340329s
Count          1
GamesPlayed    1
Nodes          1
Knowledge      0 (0.0%)
Expansions     0.0
Time           0.00
GameLen        102.0 dev=0.0 min=102.0 max=102.0
InTree         0.0 dev=0.0 min=0.0 max=0.0
KnowDepth      -
Aborted        0%
Games/s        3533.6
Score          0.00
Sequence      
2af77 info: 
2af77 warning: **** MoHexSearch returned empty sequence!
2af77 warning: **** Returning random move!
<= 
< 
<  b0ce94594c1098db
<  a  b  c  d  e  f  g  h  i  j  k  
< 1\.  .  .  .  .  .  .  .  .  .  .\1
<  2\.  .  .  .  .  .  .  .  .  .  .\2
<   3\.  B  .  .  .  .  .  .  .  .  .\3
<    4\.  .  .  .  .  .  .  .  .  .  .\4
<     5\B  B  .  .  .  .  .  .  .  .  .\5
<      6\W  .  .  .  .  .  B  .  .  .  .\6
<       7\.  .  .  .  .  .  B  W  .  B  .\7
<        8\.  .  .  .  .  .  .  W  .  .  .\8
<         9\.  .  .  .  .  .  .  .  .  W  .\9
<         10\.  .  .  .  .  .  W  .  .  .  .\10
<          11\.  .  .  .  .  .  .  .  .  .  .\11
<              a  b  c  d  e  f  g  h  i  j  k  
<
>play w g4
<= 
<
>showboard
<= 
< 
<  c25a1fb79c9d3d2c
<  a  b  c  d  e  f  g  h  i  j  k  
< 1\.  .  .  .  .  .  .  .  .  .  .\1
<  2\.  .  .  .  .  .  .  .  .  .  .\2
<   3\.  B  .  .  .  .  .  .  .  .  .\3
<    4\.  .  .  .  .  .  W  .  .  .  .\4
<     5\B  B  .  .  .  .  .  .  .  .  .\5
<      6\W  .  .  .  .  .  B  .  .  .  .\6
<       7\.  .  .  .  .  .  B  W  .  B  .\7
<        8\.  .  .  .  .  .  .  W  .  .  .\8
<         9\.  .  .  .  .  .  .  .  .  W  .\9
<         10\.  .  .  .  .  .  W  .  .  .  .\10
<          11\.  .  .  .  .  .  .  .  .  .  .\11
<              a  b  c  d  e  f  g  h  i  j  k  
<
>genmove b
<= e9
<
>showboard
2af77 info: Best move cannot be determined, must search state.
2af77 info: --- MoHexPlayer::Search() ---
2af77 info: Color: black
2af77 info: MaxGames: 1
2af77 info: NumberThreads: 1
2af77 info: MaxNodes: 9090 (799920 bytes)
2af77 info: TimeForMove: 1
2af77 info: PreSearch: max time reached (48/69).
2af77 info: Time for PreSearch: 0.200421s
2af77 info: 
  c25a1fb79c9d3d2c
  a  b  c  d  e  f  g  h  i  j  k  
 1\.  .  .  .  .  .  .  .  .  .  .\1
  2\.  *  .  *  *  *  *  *  *  *  *\2
   3\.  B  .  *  *  *  *  *  *  *  *\3
    4\b  b  .  *  *  *  W  *  *  *  *\4
     5\B  B  *  *  *  *  *  *  *  *  *\5
      6\W  *  *  *  *  *  B  *  *  *  .\6
       7\.  *  *  *  *  *  B  W  .  B  b\7
        8\*  *  *  *  *  *  *  W  .  .  w\8
         9\*  *  *  *  *  *  *  *  *  W  w\9
         10\*  *  *  *  *  *  W  *  .  w  w\10
          11\.  .  .  .  .  .  .  .  .  w  w\11
              a  b  c  d  e  f  g  h  i  j  k  
2af77 info: Old: [black, a5] [white, swap-pieces] [white, g10] [black, b5] [white, j9] [black, g6] [white, a6] [black, b3] [white, h7] [black, j7] [white, h8] 
2af77 info: New: [black, a5] [white, swap-pieces] [white, g10] [black, b5] [white, j9] [black, g6] [white, a6] [black, b3] [white, h7] [black, j7] [white, h8] [black, g7] [white, g4] 
2af77 info: MovesPlayed: [black, g7] [white, g4] 
2af77 info: No subtree to reuse.
2af77 info: StartSearch()[0]
SgUctSearch: max games reached
2af77 info: 
Elapsed Time   0.342251s
Count          1
GamesPlayed    1
Nodes          1
Knowledge      0 (0.0%)
Expansions     0.0
Time           0.00
GameLen        100.0 dev=0.0 min=100.0 max=100.0
InTree         0.0 dev=0.0 min=0.0 max=0.0
KnowDepth      -
Aborted        0%
Games/s        3472.2
Score          1.00
Sequence      
2af77 info: 
2af77 warning: **** MoHexSearch returned empty sequence!
2af77 warning: **** Returning random move!
<= 
< 
<  384d32db2f73202a
<  a  b  c  d  e  f  g  h  i  j  k  
< 1\.  .  .  .  .  .  .  .  .  .  .\1
<  2\.  .  .  .  .  .  .  .  .  .  .\2
<   3\.  B  .  .  .  .  .  .  .  .  .\3
<    4\.  .  .  .  .  .  W  .  .  .  .\4
<     5\B  B  .  .  .  .  .  .  .  .  .\5
<      6\W  .  .  .  .  .  B  .  .  .  .\6
<       7\.  .  .  .  .  .  B  W  .  B  .\7
<        8\.  .  .  .  .  .  .  W  .  .  .\8
<         9\.  .  .  .  B  .  .  .  .  W  .\9
<         10\.  .  .  .  .  .  W  .  .  .  .\10
<          11\.  .  .  .  .  .  .  .  .  .  .\11
<              a  b  c  d  e  f  g  h  i  j  k  
<
>play w k4
<= 
<
>showboard
<= 
< 
<  60bd2c4f931e1de6
<  a  b  c  d  e  f  g  h  i  j  k  
< 1\.  .  .  .  .  .  .  .  .  .  .\1
<  2\.  .  .  .  .  .  .  .  .  .  .\2
<   3\.  B  .  .  .  .  .  .  .  .  .\3
<    4\.  .  .  .  .  .  W  .  .  .  W\4
<     5\B  B  .  .  .  .  .  .  .  .  .\5
<      6\W  .  .  .  .  .  B  .  .  .  .\6
<       7\.  .  .  .  .  .  B  W  .  B  .\7
<        8\.  .  .  .  .  .  .  W  .  .  .\8
<         9\.  .  .  .  B  .  .  .  .  W  .\9
<         10\.  .  .  .  .  .  W  .  .  .  .\10
<          11\.  .  .  .  .  .  .  .  .  .  .\11
<              a  b  c  d  e  f  g  h  i  j  k  
<
>genmove b
<= h4
<
>showboard
2af77 info: Winning SC.
<= 
< 
<  e904bc69ee2c2137
<  a  b  c  d  e  f  g  h  i  j  k  
< 1\.  .  .  .  .  .  .  .  .  .  .\1
<  2\.  .  .  .  .  .  .  .  .  .  .\2
<   3\.  B  .  .  .  .  .  .  .  .  .\3
<    4\.  .  .  .  .  .  W  B  .  .  W\4
<     5\B  B  .  .  .  .  .  .  .  .  .\5
<      6\W  .  .  .  .  .  B  .  .  .  .\6
<       7\.  .  .  .  .  .  B  W  .  B  .\7
<        8\.  .  .  .  .  .  .  W  .  .  .\8
<         9\.  .  .  .  B  .  .  .  .  W  .\9
<         10\.  .  .  .  .  .  W  .  .  .  .\10
<          11\.  .  .  .  .  .  .  .  .  .  .\11
<              a  b  c  d  e  f  g  h  i  j  k  
<
>play w h3
<= 
<
>showboard
<= 
< 
<  44926bbd3e626b03
<  a  b  c  d  e  f  g  h  i  j  k  
< 1\.  .  .  .  .  .  .  .  .  .  .\1
<  2\.  .  .  .  .  .  .  .  .  .  .\2
<   3\.  B  .  .  .  .  .  W  .  .  .\3
<    4\.  .  .  .  .  .  W  B  .  .  W\4
<     5\B  B  .  .  .  .  .  .  .  .  .\5
<      6\W  .  .  .  .  .  B  .  .  .  .\6
<       7\.  .  .  .  .  .  B  W  .  B  .\7
<        8\.  .  .  .  .  .  .  W  .  .  .\8
<         9\.  .  .  .  B  .  .  .  .  W  .\9
<         10\.  .  .  .  .  .  W  .  .  .  .\10
<          11\.  .  .  .  .  .  .  .  .  .  .\11
<              a  b  c  d  e  f  g  h  i  j  k  
<
>genmove b
<= i3
<
>showboard
2af77 info: Winning SC.
<= 
< 
<  98461920e173e879
<  a  b  c  d  e  f  g  h  i  j  k  
< 1\.  .  .  .  .  .  .  .  .  .  .\1
<  2\.  .  .  .  .  .  .  .  .  .  .\2
<   3\.  B  .  .  .  .  .  W  B  .  .\3
<    4\.  .  .  .  .  .  W  B  .  .  W\4
<     5\B  B  .  .  .  .  .  .  .  .  .\5
<      6\W  .  .  .  .  .  B  .  .  .  .\6
<       7\.  .  .  .  .  .  B  W  .  B  .\7
<        8\.  .  .  .  .  .  .  W  .  .  .\8
<         9\.  .  .  .  B  .  .  .  .  W  .\9
<         10\.  .  .  .  .  .  W  .  .  .  .\10
<          11\.  .  .  .  .  .  .  .  .  .  .\11
<              a  b  c  d  e  f  g  h  i  j  k  
<
>play w g5
<= 
<
>showboard
<= 
< 
<  902aad9ccd5681a0
<  a  b  c  d  e  f  g  h  i  j  k  
< 1\.  .  .  .  .  .  .  .  .  .  .\1
<  2\.  .  .  .  .  .  .  .  .  .  .\2
<   3\.  B  .  .  .  .  .  W  B  .  .\3
<    4\.  .  .  .  .  .  W  B  .  .  W\4
<     5\B  B  .  .  .  .  W  .  .  .  .\5
<      6\W  .  .  .  .  .  B  .  .  .  .\6
<       7\.  .  .  .  .  .  B  W  .  B  .\7
<        8\.  .  .  .  .  .  .  W  .  .  .\8
<         9\.  .  .  .  B  .  .  .  .  W  .\9
<         10\.  .  .  .  .  .  W  .  .  .  .\10
<          11\.  .  .  .  .  .  .  .  .  .  .\11
<              a  b  c  d  e  f  g  h  i  j  k  
<
>genmove b
<= h5
<
>showboard
2af77 info: Winning SC.
<= 
< 
<  6aecc67c5f8cf4cc
<  a  b  c  d  e  f  g  h  i  j  k  
< 1\.  .  .  .  .  .  .  .  .  .  .\1
<  2\.  .  .  .  .  .  .  .  .  .  .\2
<   3\.  B  .  .  .  .  .  W  B  .  .\3
<    4\.  .  .  .  .  .  W  B  .  .  W\4
<     5\B  B  .  .  .  .  W  B  .  .  .\5
<      6\W  .  .  .  .  .  B  .  .  .  .\6
<       7\.  .  .  .  .  .  B  W  .  B  .\7
<        8\.  .  .  .  .  .  .  W  .  .  .\8
<         9\.  .  .  .  B  .  .  .  .  W  .\9
<         10\.  .  .  .  .  .  W  .  .  .  .\10
<          11\.  .  .  .  .  .  .  .  .  .  .\11
<              a  b  c  d  e  f  g  h  i  j  k  
<
>play w f8
<= 
<
>showboard
<= 
< 
<  287c5c15f8a90176
<  a  b  c  d  e  f  g  h  i  j  k  
< 1\.  .  .  .  .  .  .  .  .  .  .\1
<  2\.  .  .  .  .  .  .  .  .  .  .\2
<   3\.  B  .  .  .  .  .  W  B  .  .\3
<    4\.  .  .  .  .  .  W  B  .  .  W\4
<     5\B  B  .  .  .  .  W  B  .  .  .\5
<      6\W  .  .  .  .  .  B  .  .  .  .\6
<       7\.  .  .  .  .  .  B  W  .  B  .\7
<        8\.  .  .  .  .  W  .  W  .  .  .\8
<         9\.  .  .  .  B  .  .  .  .  W  .\9
<         10\.  .  .  .  .  .  W  .  .  .  .\10
<          11\.  .  .  .  .  .  .  .  .  .  .\11
<              a  b  c  d  e  f  g  h  i  j  k  
<
>genmove b
<= e7
<
>showboard
2af77 info: Winning SC.
<= 
< 
<  d7e356232a193d1f
<  a  b  c  d  e  f  g  h  i  j  k  
< 1\.  .  .  .  .  .  .  .  .  .  .\1
<  2\.  .  .  .  .  .  .  .  .  .  .\2
<   3\.  B  .  .  .  .  .  W  B  .  .\3
<    4\.  .  .  .  .  .  W  B  .  .  W\4
<     5\B  B  .  .  .  .  W  B  .  .  .\5
<      6\W  .  .  .  .  .  B  .  .  .  .\6
<       7\.  .  .  .  B  .  B  W  .  B  .\7
<        8\.  .  .  .  .  W  .  W  .  .  .\8
<         9\.  .  .  .  B  .  .  .  .  W  .\9
<         10\.  .  .  .  .  .  W  .  .  .  .\10
<          11\.  .  .  .  .  .  .  .  .  .  .\11
<              a  b  c  d  e  f  g  h  i  j  k  
<
>play w d11
<= 
<
>showboard
<= 
< 
<  70d821ba0aab0f85
<  a  b  c  d  e  f  g  h  i  j  k  
< 1\.  .  .  .  .  .  .  .  .  .  .\1
<  2\.  .  .  .  .  .  .  .  .  .  .\2
<   3\.  B  .  .  .  .  .  W  B  .  .\3
<    4\.  .  .  .  .  .  W  B  .  .  W\4
<     5\B  B  .  .  .  .  W  B  .  .  .\5
<      6\W  .  .  .  .  .  B  .  .  .  .\6
<       7\.  .  .  .  B  .  B  W  .  B  .\7
<        8\.  .  .  .  .  W  .  W  .  .  .\8
<         9\.  .  .  .  B  .  .  .  .  W  .\9
<         10\.  .  .  .  .  .  W  .  .  .  .\10
<          11\.  .  .  W  .  .  .  .  .  .  .\11
<              a  b  c  d  e  f  g  h  i  j  k  
<
>genmove b
<= d9
<
>showboard
2af77 info: Winning SC.
<= 
< 
<  9d40afccd0eb2d21
<  a  b  c  d  e  f  g  h  i  j  k  
< 1\.  .  .  .  .  .  .  .  .  .  .\1
<  2\.  .  .  .  .  .  .  .  .  .  .\2
<   3\.  B  .  .  .  .  .  W  B  .  .\3
<    4\.  .  .  .  .  .  W  B  .  .  W\4
<     5\B  B  .  .  .  .  W  B  .  .  .\5
<      6\W  .  .  .  .  .  B  .  .  .  .\6
<       7\.  .  .  .  B  .  B  W  .  B  .\7
<        8\.  .  .  .  .  W  .  W  .  .  .\8
<         9\.  .  .  B  B  .  .  .  .  W  .\9
<         10\.  .  .  .  .  .  W  .  .  .  .\10
<          11\.  .  .  W  .  .  .  .  .  .  .\11
<              a  b  c  d  e  f  g  h  i  j  k  
<
>play w d8
<= 
<
>showboard
<= 
< 
<  6bc9e652507ba472
<  a  b  c  d  e  f  g  h  i  j  k  
< 1\.  .  .  .  .  .  .  .  .  .  .\1
<  2\.  .  .  .  .  .  .  .  .  .  .\2
<   3\.  B  .  .  .  .  .  W  B  .  .\3
<    4\.  .  .  .  .  .  W  B  .  .  W\4
<     5\B  B  .  .  .  .  W  B  .  .  .\5
<      6\W  .  .  .  .  .  B  .  .  .  .\6
<       7\.  .  .  .  B  .  B  W  .  B  .\7
<        8\.  .  .  W  .  W  .  W  .  .  .\8
<         9\.  .  .  B  B  .  .  .  .  W  .\9
<         10\.  .  .  .  .  .  W  .  .  .  .\10
<          11\.  .  .  W  .  .  .  .  .  .  .\11
<              a  b  c  d  e  f  g  h  i  j  k  
<
>genmove b
<= e8
<
>showboard
2af77 info: Winning SC.
<= 
< 
<  82f19f0ac8af2b0f
<  a  b  c  d  e  f  g  h  i  j  k  
< 1\.  .  .  .  .  .  .  .  .  .  .\1
<  2\.  .  .  .  .  .  .  .  .  .  .\2
<   3\.  B  .  .  .  .  .  W  B  .  .\3
<    4\.  .  .  .  .  .  W  B  .  .  W\4
<     5\B  B  .  .  .  .  W  B  .  .  .\5
<      6\W  .  .  .  .  .  B  .  .  .  .\6
<       7\.  .  .  .  B  .  B  W  .  B  .\7
<        8\.  .  .  W  B  W  .  W  .  .  .\8
<         9\.  .  .  B  B  .  .  .  .  W  .\9
<         10\.  .  .  .  .  .  W  .  .  .  .\10
<          11\.  .  .  W  .  .  .  .  .  .  .\11
<              a  b  c  d  e  f  g  h  i  j  k  
<
>play w f9
<= 
<
>showboard
<= 
< 
<  8acc7b74757951f1
<  a  b  c  d  e  f  g  h  i  j  k  
< 1\.  .  .  .  .  .  .  .  .  .  .\1
<  2\.  .  .  .  .  .  .  .  .  .  .\2
<   3\.  B  .  .  .  .  .  W  B  .  .\3
<    4\.  .  .  .  .  .  W  B  .  .  W\4
<     5\B  B  .  .  .  .  W  B  .  .  .\5
<      6\W  .  .  .  .  .  B  .  .  .  .\6
<       7\.  .  .  .  B  .  B  W  .  B  .\7
<        8\.  .  .  W  B  W  .  W  .  .  .\8
<         9\.  .  .  B  B  W  .  .  .  W  .\9
<         10\.  .  .  .  .  .  W  .  .  .  .\10
<          11\.  .  .  W  .  .  .  .  .  .  .\11
<              a  b  c  d  e  f  g  h  i  j  k  
<
>genmove b
<= c10
<
>showboard
2af77 info: Winning SC.
<= 
< 
<  df5f581def57a971
<  a  b  c  d  e  f  g  h  i  j  k  
< 1\.  .  .  .  .  .  .  .  .  .  .\1
<  2\.  .  .  .  .  .  .  .  .  .  .\2
<   3\.  B  .  .  .  .  .  W  B  .  .\3
<    4\.  .  .  .  .  .  W  B  .  .  W\4
<     5\B  B  .  .  .  .  W  B  .  .  .\5
<      6\W  .  .  .  .  .  B  .  .  .  .\6
<       7\.  .  .  .  B  .  B  W  .  B  .\7
<        8\.  .  .  W  B  W  .  W  .  .  .\8
<         9\.  .  .  B  B  W  .  .  .  W  .\9
<         10\.  .  B  .  .  .  W  .  .  .  .\10
<          11\.  .  .  W  .  .  .  .  .  .  .\11
<              a  b  c  d  e  f  g  h  i  j  k  
<
>play w i2
<= 
<
>showboard
<= 
< 
<  face1db43680d004
<  a  b  c  d  e  f  g  h  i  j  k  
< 1\.  .  .  .  .  .  .  .  .  .  .\1
<  2\.  .  .  .  .  .  .  .  W  .  .\2
<   3\.  B  .  .  .  .  .  W  B  .  .\3
<    4\.  .  .  .  .  .  W  B  .  .  W\4
<     5\B  B  .  .  .  .  W  B  .  .  .\5
<      6\W  .  .  .  .  .  B  .  .  .  .\6
<       7\.  .  .  .  B  .  B  W  .  B  .\7
<        8\.  .  .  W  B  W  .  W  .  .  .\8
<         9\.  .  .  B  B  W  .  .  .  W  .\9
<         10\.  .  B  .  .  .  W  .  .  .  .\10
<          11\.  .  .  W  .  .  .  .  .  .  .\11
<              a  b  c  d  e  f  g  h  i  j  k  
<
>genmove b
<= j2
<
>showboard
2af77 info: Winning SC.
<= 
< 
<  9da2bbfd25dcd72a
<  a  b  c  d  e  f  g  h  i  j  k  
< 1\.  .  .  .  .  .  .  .  .  .  .\1
<  2\.  .  .  .  .  .  .  .  W  B  .\2
<   3\.  B  .  .  .  .  .  W  B  .  .\3
<    4\.  .  .  .  .  .  W  B  .  .  W\4
<     5\B  B  .  .  .  .  W  B  .  .  .\5
<      6\W  .  .  .  .  .  B  .  .  .  .\6
<       7\.  .  .  .  B  .  B  W  .  B  .\7
<        8\.  .  .  W  B  W  .  W  .  .  .\8
<         9\.  .  .  B  B  W  .  .  .  W  .\9
<         10\.  .  B  .  .  .  W  .  .  .  .\10
<          11\.  .  .  W  .  .  .  .  .  .  .\11
<              a  b  c  d  e  f  g  h  i  j  k  
<
>play w f6
<= 
<
>showboard
<= 
< 
<  0132ad670a0f9845
<  a  b  c  d  e  f  g  h  i  j  k  
< 1\.  .  .  .  .  .  .  .  .  .  .\1
<  2\.  .  .  .  .  .  .  .  W  B  .\2
<   3\.  B  .  .  .  .  .  W  B  .  .\3
<    4\.  .  .  .  .  .  W  B  .  .  W\4
<     5\B  B  .  .  .  .  W  B  .  .  .\5
<      6\W  .  .  .  .  W  B  .  .  .  .\6
<       7\.  .  .  .  B  .  B  W  .  B  .\7
<        8\.  .  .  W  B  W  .  W  .  .  .\8
<         9\.  .  .  B  B  W  .  .  .  W  .\9
<         10\.  .  B  .  .  .  W  .  .  .  .\10
<          11\.  .  .  W  .  .  .  .  .  .  .\11
<              a  b  c  d  e  f  g  h  i  j  k  
<
>genmove b
<= f7
<
>showboard
2af77 info: Winning SC.
<= 
< 
<  22f2a26b42a92510
<  a  b  c  d  e  f  g  h  i  j  k  
< 1\.  .  .  .  .  .  .  .  .  .  .\1
<  2\.  .  .  .  .  .  .  .  W  B  .\2
<   3\.  B  .  .  .  .  .  W  B  .  .\3
<    4\.  .  .  .  .  .  W  B  .  .  W\4
<     5\B  B  .  .  .  .  W  B  .  .  .\5
<      6\W  .  .  .  .  W  B  .  .  .  .\6
<       7\.  .  .  .  B  B  B  W  .  B  .\7
<        8\.  .  .  W  B  W  .  W  .  .  .\8
<         9\.  .  .  B  B  W  .  .  .  W  .\9
<         10\.  .  B  .  .  .  W  .  .  .  .\10
<          11\.  .  .  W  .  .  .  .  .  .  .\11
<              a  b  c  d  e  f  g  h  i  j  k  
<
>play w b11
<= 
<
>showboard
<= 
< 
<  ec8efe5e6ca9e313
<  a  b  c  d  e  f  g  h  i  j  k  
< 1\.  .  .  .  .  .  .  .  .  .  .\1
<  2\.  .  .  .  .  .  .  .  W  B  .\2
<   3\.  B  .  .  .  .  .  W  B  .  .\3
<    4\.  .  .  .  .  .  W  B  .  .  W\4
<     5\B  B  .  .  .  .  W  B  .  .  .\5
<      6\W  .  .  .  .  W  B  .  .  .  .\6
<       7\.  .  .  .  B  B  B  W  .  B  .\7
<        8\.  .  .  W  B  W  .  W  .  .  .\8
<         9\.  .  .  B  B  W  .  .  .  W  .\9
<         10\.  .  B  .  .  .  W  .  .  .  .\10
<          11\.  W  .  W  .  .  .  .  .  .  .\11
<              a  b  c  d  e  f  g  h  i  j  k  
<
>genmove b
<= c11
<
>showboard
2af77 info: Winning SC.
<= 
< 
<  edf50e438b77ab69
<  a  b  c  d  e  f  g  h  i  j  k  
< 1\.  .  .  .  .  .  .  .  .  .  .\1
<  2\.  .  .  .  .  .  .  .  W  B  .\2
<   3\.  B  .  .  .  .  .  W  B  .  .\3
<    4\.  .  .  .  .  .  W  B  .  .  W\4
<     5\B  B  .  .  .  .  W  B  .  .  .\5
<      6\W  .  .  .  .  W  B  .  .  .  .\6
<       7\.  .  .  .  B  B  B  W  .  B  .\7
<        8\.  .  .  W  B  W  .  W  .  .  .\8
<         9\.  .  .  B  B  W  .  .  .  W  .\9
<         10\.  .  B  .  .  .  W  .  .  .  .\10
<          11\.  W  B  W  .  .  .  .  .  .  .\11
<              a  b  c  d  e  f  g  h  i  j  k  
<
>play w j1
<= 
<
>showboard
<= 
< 
<  e117cd1436a6db23
<  a  b  c  d  e  f  g  h  i  j  k  
< 1\.  .  .  .  .  .  .  .  .  W  .\1
<  2\.  .  .  .  .  .  .  .  W  B  .\2
<   3\.  B  .  .  .  .  .  W  B  .  .\3
<    4\.  .  .  .  .  .  W  B  .  .  W\4
<     5\B  B  .  .  .  .  W  B  .  .  .\5
<      6\W  .  .  .  .  W  B  .  .  .  .\6
<       7\.  .  .  .  B  B  B  W  .  B  .\7
<        8\.  .  .  W  B  W  .  W  .  .  .\8
<         9\.  .  .  B  B  W  .  .  .  W  .\9
<         10\.  .  B  .  .  .  W  .  .  .  .\10
<          11\.  W  B  W  .  .  .  .  .  .  .\11
<              a  b  c  d  e  f  g  h  i  j  k  
<
>genmove b
<= k1
<
>showboard
2af77 info: Winning SC.
<= 
< 
<  289dd5f175394928
<  a  b  c  d  e  f  g  h  i  j  k  
< 1\.  .  .  .  .  .  .  .  .  W  B\1
<  2\.  .  .  .  .  .  .  .  W  B  .\2
<   3\.  B  .  .  .  .  .  W  B  .  .\3
<    4\.  .  .  .  .  .  W  B  .  .  W\4
<     5\B  B  .  .  .  .  W  B  .  .  .\5
<      6\W  .  .  .  .  W  B  .  .  .  .\6
<       7\.  .  .  .  B  B  B  W  .  B  .\7
<        8\.  .  .  W  B  W  .  W  .  .  .\8
<         9\.  .  .  B  B  W  .  .  .  W  .\9
<         10\.  .  B  .  .  .  W  .  .  .  .\10
<          11\.  W  B  W  .  .  .  .  .  .  .\11
<              a  b  c  d  e  f  g  h  i  j  k  
<
>play w resign
<= 
<
>showboard
<= 
< 
<  289dd5f175394928
<  a  b  c  d  e  f  g  h  i  j  k  
< 1\.  .  .  .  .  .  .  .  .  W  B\1
<  2\.  .  .  .  .  .  .  .  W  B  .\2
<   3\.  B  .  .  .  .  .  W  B  .  .\3
<    4\.  .  .  .  .  .  W  B  .  .  W\4
<     5\B  B  .  .  .  .  W  B  .  .  .\5
<      6\W  .  .  .  .  W  B  .  .  .  .\6
<       7\.  .  .  .  B  B  B  W  .  B  .\7
<        8\.  .  .  W  B  W  .  W  .  .  .\8
<         9\.  .  .  B  B  W  .  .  .  W  .\9
<         10\.  .  B  .  .  .  W  .  .  .  .\10
<          11\.  W  B  W  .  .  .  .  .  .  .\11
<              a  b  c  d  e  f  g  h  i  j  k  
<
>final_score
<= B+
<
>quit
<= 
<
