# nice ../build/src/mohex/mohex --config mohex-cg2010.htp --seed 655177 --logfile-name jobs/11x11-mohex-mohex-cg2010-vs-mohex-mohex-weak-4/mohex-mohex-cg2010-229.log
>boardsize 11 11
MoHex 2.0.CMake Mar 21 2025
Copyright (C) 2007-2012 by the authors of the Benzene project.
This program comes with ABSOLUTELY NO WARRANTY. This is
free software and you are welcome to redistribute it under
certain conditions. Type `benzene-license' for details.

SgRandom::SetSeed: 655177
SgUctSearch: system memory 33632358400, using 1000000000 (5681818 nodes)
SgRandom::SetSeed: 1
SgRandom::SetSeed: 655177
455e7 info: Prior Patterns:
455e7 info: Global:
455e7 info: Size            = 565 32648 
455e7 info: TableEntries    = 65932 65910
455e7 info: MirrorsAdded    = 0 0
455e7 info: PrunableCount   = 30593 30629
455e7 info: LargestGamma    = 5820.77
455e7 info: SmallestGamma   = 6.6e-05
455e7 info: Local:
455e7 info: Size            = 550 5318 
455e7 info: TableEntries    = 11602 11588
455e7 info: MirrorsAdded    = 0 0
455e7 info: PrunableCount   = 3659 3667
455e7 info: LargestGamma    = 11281.8
455e7 info: SmallestGamma   = 0.026235
455e7 info: Playout Patterns:
455e7 info: Global:
455e7 info: Size            = 565 32648 
455e7 info: TableEntries    = 70329 70329
455e7 info: MirrorsAdded    = 4397 4419
455e7 info: PrunableCount   = 30593 30629
455e7 info: LargestGamma    = 5820.77
455e7 info: SmallestGamma   = 6.6e-05
455e7 info: Local:
455e7 info: Size            = 550 5318 
455e7 info: TableEntries    = 11602 11588
455e7 info: MirrorsAdded    = 0 0
455e7 info: PrunableCount   = 3659 3667
455e7 info: LargestGamma    = 11281.8
455e7 info: SmallestGamma   = 0.026235
param_game allow_swap 1
= 

param_mohex max_memory 32000000000
= 

param_mohex num_threads 1
= 

param_mohex max_time 1
= 

param_mohex max_games 1
= 

param_mohex knowledge_threshold 400
= 

param_mohex reuse_subtree 1
= 

param_mohex use_parallel_solver 0
= 

<= 
<
>name
<= MoHex
<
>version
<= 2.0.CMake
<
>play b k5
<= 
<
>genmove w
<= swap-pieces
<
>showboard
455e7 info: SwapCheck: reading from '/home/linus/MoHex2.0/nfbranchfix/benzene-vanilla-cmake/share/swap-moves.txt'.
455e7 info: SwapCheck: playing swap.
<= 
< 
<  23d8dced4cb28841
<  a  b  c  d  e  f  g  h  i  j  k  
< 1\.  .  .  .  .  .  .  .  .  .  .\1
<  2\.  .  .  .  .  .  .  .  .  .  .\2
<   3\.  .  .  .  .  .  .  .  .  .  .\3
<    4\.  .  .  .  .  .  .  .  .  .  .\4
<     5\.  .  .  .  .  .  .  .  .  .  B\5
<      6\.  .  .  .  .  .  .  .  .  .  .\6
<       7\.  .  .  .  .  .  .  .  .  .  .\7
<        8\.  .  .  .  .  .  .  .  .  .  .\8
<         9\.  .  .  .  .  .  .  .  .  .  .\9
<         10\.  .  .  .  .  .  .  .  .  .  .\10
<          11\.  .  .  .  .  .  .  .  .  .  .\11
<              a  b  c  d  e  f  g  h  i  j  k  
<
>play w g2
<= 
<
>showboard
<= 
< 
<  baea5a2465380029
<  a  b  c  d  e  f  g  h  i  j  k  
< 1\.  .  .  .  .  .  .  .  .  .  .\1
<  2\.  .  .  .  .  .  W  .  .  .  .\2
<   3\.  .  .  .  .  .  .  .  .  .  .\3
<    4\.  .  .  .  .  .  .  .  .  .  .\4
<     5\.  .  .  .  .  .  .  .  .  .  B\5
<      6\.  .  .  .  .  .  .  .  .  .  .\6
<       7\.  .  .  .  .  .  .  .  .  .  .\7
<        8\.  .  .  .  .  .  .  .  .  .  .\8
<         9\.  .  .  .  .  .  .  .  .  .  .\9
<         10\.  .  .  .  .  .  .  .  .  .  .\10
<          11\.  .  .  .  .  .  .  .  .  .  .\11
<              a  b  c  d  e  f  g  h  i  j  k  
<
>genmove b
<= e8
<
>showboard
455e7 info: Best move cannot be determined, must search state.
455e7 info: --- MoHexPlayer::Search() ---
455e7 info: Color: black
455e7 info: MaxGames: 1
455e7 info: NumberThreads: 1
455e7 info: MaxNodes: 181818181 (15999999928 bytes)
455e7 info: TimeForMove: 1
455e7 info: PreSearch: max time reached (62/91).
455e7 info: Time for PreSearch: 0.20152s
455e7 info: 
  baea5a2465380029
  a  b  c  d  e  f  g  h  i  j  k  
 1\.  .  .  .  .  .  .  .  .  .  .\1
  2\.  .  *  *  *  *  W  *  *  *  *\2
   3\.  *  *  *  *  *  *  *  *  *  *\3
    4\*  *  *  *  *  *  *  *  *  *  *\4
     5\*  *  *  *  *  *  *  *  *  *  B\5
      6\*  *  *  *  *  *  *  *  *  *  *\6
       7\*  *  *  *  *  *  *  *  *  *  *\7
        8\*  *  *  *  *  *  *  *  *  *  *\8
         9\*  *  *  *  *  *  *  *  *  *  .\9
         10\*  *  *  *  *  *  *  *  *  .  .\10
          11\.  .  .  .  .  .  .  .  .  .  .\11
              a  b  c  d  e  f  g  h  i  j  k  
455e7 info: No subtree to reuse.
455e7 info: Creating thread 0
455e7 info: StartSearch()[0]
SgUctSearch: max games reached
455e7 info: 
Elapsed Time   0.349223s
Count          1
GamesPlayed    1
Nodes          1
Knowledge      0 (0.0%)
Expansions     0.0
Time           0.00
GameLen        119.0 dev=0.0 min=119.0 max=119.0
InTree         0.0 dev=0.0 min=0.0 max=0.0
KnowDepth      -
Aborted        0%
Games/s        402.7
Score          1.00
Sequence      
455e7 info: 
455e7 warning: **** MoHexSearch returned empty sequence!
455e7 warning: **** Returning random move!
<= 
< 
<  53d2237cfdec8f54
<  a  b  c  d  e  f  g  h  i  j  k  
< 1\.  .  .  .  .  .  .  .  .  .  .\1
<  2\.  .  .  .  .  .  W  .  .  .  .\2
<   3\.  .  .  .  .  .  .  .  .  .  .\3
<    4\.  .  .  .  .  .  .  .  .  .  .\4
<     5\.  .  .  .  .  .  .  .  .  .  B\5
<      6\.  .  .  .  .  .  .  .  .  .  .\6
<       7\.  .  .  .  .  .  .  .  .  .  .\7
<        8\.  .  .  .  B  .  .  .  .  .  .\8
<         9\.  .  .  .  .  .  .  .  .  .  .\9
<         10\.  .  .  .  .  .  .  .  .  .  .\10
<          11\.  .  .  .  .  .  .  .  .  .  .\11
<              a  b  c  d  e  f  g  h  i  j  k  
<
>play w e1
<= 
<
>showboard
<= 
< 
<  89718ad1bd7e91fe
<  a  b  c  d  e  f  g  h  i  j  k  
< 1\.  .  .  .  W  .  .  .  .  .  .\1
<  2\.  .  .  .  .  .  W  .  .  .  .\2
<   3\.  .  .  .  .  .  .  .  .  .  .\3
<    4\.  .  .  .  .  .  .  .  .  .  .\4
<     5\.  .  .  .  .  .  .  .  .  .  B\5
<      6\.  .  .  .  .  .  .  .  .  .  .\6
<       7\.  .  .  .  .  .  .  .  .  .  .\7
<        8\.  .  .  .  B  .  .  .  .  .  .\8
<         9\.  .  .  .  .  .  .  .  .  .  .\9
<         10\.  .  .  .  .  .  .  .  .  .  .\10
<          11\.  .  .  .  .  .  .  .  .  .  .\11
<              a  b  c  d  e  f  g  h  i  j  k  
<
>genmove b
<= b1
<
>showboard
455e7 info: Best move cannot be determined, must search state.
455e7 info: --- MoHexPlayer::Search() ---
455e7 info: Color: black
455e7 info: MaxGames: 1
455e7 info: NumberThreads: 1
455e7 info: MaxNodes: 181818181 (15999999928 bytes)
455e7 info: TimeForMove: 1
455e7 info: PreSearch: max time reached (56/90).
455e7 info: Time for PreSearch: 0.204348s
455e7 info: 
  89718ad1bd7e91fe
  a  b  c  d  e  f  g  h  i  j  k  
 1\.  .  .  .  W  .  .  .  .  .  .\1
  2\.  .  *  *  *  *  W  *  *  *  *\2
   3\.  *  *  *  *  *  *  *  *  *  *\3
    4\*  *  *  *  *  *  *  *  *  *  *\4
     5\*  *  *  *  *  *  *  *  *  *  B\5
      6\*  *  *  *  *  *  *  *  *  *  *\6
       7\*  *  *  *  *  *  *  *  *  *  *\7
        8\*  *  *  *  B  *  *  *  *  *  *\8
         9\*  *  *  *  *  *  *  *  *  *  .\9
         10\*  *  *  *  *  *  *  *  *  .  .\10
          11\.  .  .  .  .  .  .  .  .  .  .\11
              a  b  c  d  e  f  g  h  i  j  k  
455e7 info: Old: [black, k5] [white, swap-pieces] [white, g2] 
455e7 info: New: [black, k5] [white, swap-pieces] [white, g2] [black, e8] [white, e1] 
455e7 info: MovesPlayed: [black, e8] [white, e1] 
455e7 info: No subtree to reuse.
455e7 info: StartSearch()[0]
SgUctSearch: max games reached
455e7 info: 
Elapsed Time   0.350565s
Count          1
GamesPlayed    1
Nodes          1
Knowledge      0 (0.0%)
Expansions     0.0
Time           0.00
GameLen        117.0 dev=0.0 min=117.0 max=117.0
InTree         0.0 dev=0.0 min=0.0 max=0.0
KnowDepth      -
Aborted        0%
Games/s        3205.1
Score          1.00
Sequence      
455e7 info: 
455e7 warning: **** MoHexSearch returned empty sequence!
455e7 warning: **** Returning random move!
<= 
< 
<  5150e6b2058ccca1
<  a  b  c  d  e  f  g  h  i  j  k  
< 1\.  B  .  .  W  .  .  .  .  .  .\1
<  2\.  .  .  .  .  .  W  .  .  .  .\2
<   3\.  .  .  .  .  .  .  .  .  .  .\3
<    4\.  .  .  .  .  .  .  .  .  .  .\4
<     5\.  .  .  .  .  .  .  .  .  .  B\5
<      6\.  .  .  .  .  .  .  .  .  .  .\6
<       7\.  .  .  .  .  .  .  .  .  .  .\7
<        8\.  .  .  .  B  .  .  .  .  .  .\8
<         9\.  .  .  .  .  .  .  .  .  .  .\9
<         10\.  .  .  .  .  .  .  .  .  .  .\10
<          11\.  .  .  .  .  .  .  .  .  .  .\11
<              a  b  c  d  e  f  g  h  i  j  k  
<
>play w c3
<= 
<
>showboard
<= 
< 
<  e29a11bcf7f59545
<  a  b  c  d  e  f  g  h  i  j  k  
< 1\.  B  .  .  W  .  .  .  .  .  .\1
<  2\.  .  .  .  .  .  W  .  .  .  .\2
<   3\.  .  W  .  .  .  .  .  .  .  .\3
<    4\.  .  .  .  .  .  .  .  .  .  .\4
<     5\.  .  .  .  .  .  .  .  .  .  B\5
<      6\.  .  .  .  .  .  .  .  .  .  .\6
<       7\.  .  .  .  .  .  .  .  .  .  .\7
<        8\.  .  .  .  B  .  .  .  .  .  .\8
<         9\.  .  .  .  .  .  .  .  .  .  .\9
<         10\.  .  .  .  .  .  .  .  .  .  .\10
<          11\.  .  .  .  .  .  .  .  .  .  .\11
<              a  b  c  d  e  f  g  h  i  j  k  
<
>genmove b
<= d10
<
>showboard
455e7 info: Best move cannot be determined, must search state.
455e7 info: --- MoHexPlayer::Search() ---
455e7 info: Color: black
455e7 info: MaxGames: 1
455e7 info: NumberThreads: 1
455e7 info: MaxNodes: 181818181 (15999999928 bytes)
455e7 info: TimeForMove: 1
455e7 info: PreSearch: max time reached (53/89).
455e7 info: Time for PreSearch: 0.206276s
455e7 info: 
  e29a11bcf7f59545
  a  b  c  d  e  f  g  h  i  j  k  
 1\b  B  .  .  W  .  .  .  .  .  .\1
  2\.  *  .  *  *  *  W  *  *  *  *\2
   3\*  .  W  *  *  *  *  *  *  *  *\3
    4\*  *  *  *  *  *  *  *  *  *  *\4
     5\*  *  *  *  *  *  *  *  *  *  B\5
      6\*  *  *  *  *  *  *  *  *  *  *\6
       7\*  *  *  *  *  *  *  *  *  *  *\7
        8\*  *  *  *  B  *  *  *  *  *  *\8
         9\*  *  *  *  *  *  *  *  *  *  .\9
         10\*  *  *  *  *  *  *  *  *  .  .\10
          11\.  .  .  .  .  .  .  .  .  .  .\11
              a  b  c  d  e  f  g  h  i  j  k  
455e7 info: Old: [black, k5] [white, swap-pieces] [white, g2] [black, e8] [white, e1] 
455e7 info: New: [black, k5] [white, swap-pieces] [white, g2] [black, e8] [white, e1] [black, b1] [white, c3] 
455e7 info: MovesPlayed: [black, b1] [white, c3] 
455e7 info: No subtree to reuse.
455e7 info: StartSearch()[0]
SgUctSearch: max games reached
455e7 info: 
Elapsed Time   0.36239s
Count          1
GamesPlayed    1
Nodes          1
Knowledge      0 (0.0%)
Expansions     0.0
Time           0.00
GameLen        114.0 dev=0.0 min=114.0 max=114.0
InTree         0.0 dev=0.0 min=0.0 max=0.0
KnowDepth      -
Aborted        0%
Games/s        3378.4
Score          1.00
Sequence      
455e7 info: 
455e7 warning: **** MoHexSearch returned empty sequence!
455e7 warning: **** Returning random move!
<= 
< 
<  f45287e009593022
<  a  b  c  d  e  f  g  h  i  j  k  
< 1\.  B  .  .  W  .  .  .  .  .  .\1
<  2\.  .  .  .  .  .  W  .  .  .  .\2
<   3\.  .  W  .  .  .  .  .  .  .  .\3
<    4\.  .  .  .  .  .  .  .  .  .  .\4
<     5\.  .  .  .  .  .  .  .  .  .  B\5
<      6\.  .  .  .  .  .  .  .  .  .  .\6
<       7\.  .  .  .  .  .  .  .  .  .  .\7
<        8\.  .  .  .  B  .  .  .  .  .  .\8
<         9\.  .  .  .  .  .  .  .  .  .  .\9
<         10\.  .  .  B  .  .  .  .  .  .  .\10
<          11\.  .  .  .  .  .  .  .  .  .  .\11
<              a  b  c  d  e  f  g  h  i  j  k  
<
>play w c4
<= 
<
>showboard
<= 
< 
<  1e2580cc5c303d7a
<  a  b  c  d  e  f  g  h  i  j  k  
< 1\.  B  .  .  W  .  .  .  .  .  .\1
<  2\.  .  .  .  .  .  W  .  .  .  .\2
<   3\.  .  W  .  .  .  .  .  .  .  .\3
<    4\.  .  W  .  .  .  .  .  .  .  .\4
<     5\.  .  .  .  .  .  .  .  .  .  B\5
<      6\.  .  .  .  .  .  .  .  .  .  .\6
<       7\.  .  .  .  .  .  .  .  .  .  .\7
<        8\.  .  .  .  B  .  .  .  .  .  .\8
<         9\.  .  .  .  .  .  .  .  .  .  .\9
<         10\.  .  .  B  .  .  .  .  .  .  .\10
<          11\.  .  .  .  .  .  .  .  .  .  .\11
<              a  b  c  d  e  f  g  h  i  j  k  
<
>genmove b
<= k6
<
>showboard
455e7 info: Best move cannot be determined, must search state.
455e7 info: --- MoHexPlayer::Search() ---
455e7 info: Color: black
455e7 info: MaxGames: 1
455e7 info: NumberThreads: 1
455e7 info: MaxNodes: 181818181 (15999999928 bytes)
455e7 info: TimeForMove: 1
455e7 info: PreSearch: max time reached (59/83).
455e7 info: Time for PreSearch: 0.204247s
455e7 info: 
  1e2580cc5c303d7a
  a  b  c  d  e  f  g  h  i  j  k  
 1\b  B  .  .  W  .  .  .  .  .  .\1
  2\.  *  .  *  *  *  W  *  *  *  *\2
   3\*  .  W  *  *  *  *  *  *  *  *\3
    4\*  .  W  *  *  *  *  *  *  *  *\4
     5\*  *  *  *  *  *  *  *  *  *  B\5
      6\*  *  *  *  *  *  *  *  *  *  *\6
       7\*  *  *  *  *  *  *  *  *  *  *\7
        8\*  *  *  *  B  *  *  *  *  *  *\8
         9\*  *  *  *  .  *  *  *  *  *  .\9
         10\*  *  .  B  .  *  *  *  *  .  .\10
          11\.  b  b  b  b  .  .  .  .  .  .\11
              a  b  c  d  e  f  g  h  i  j  k  
455e7 info: Old: [black, k5] [white, swap-pieces] [white, g2] [black, e8] [white, e1] [black, b1] [white, c3] 
455e7 info: New: [black, k5] [white, swap-pieces] [white, g2] [black, e8] [white, e1] [black, b1] [white, c3] [black, d10] [white, c4] 
455e7 info: MovesPlayed: [black, d10] [white, c4] 
455e7 info: No subtree to reuse.
455e7 info: StartSearch()[0]
SgUctSearch: max games reached
455e7 info: 
Elapsed Time   0.348479s
Count          1
GamesPlayed    1
Nodes          1
Knowledge      0 (0.0%)
Expansions     0.0
Time           0.00
GameLen        108.0 dev=0.0 min=108.0 max=108.0
InTree         0.0 dev=0.0 min=0.0 max=0.0
KnowDepth      -
Aborted        0%
Games/s        3787.9
Score          1.00
Sequence      
455e7 info: 
455e7 warning: **** MoHexSearch returned empty sequence!
455e7 warning: **** Returning random move!
<= 
< 
<  58f9490cddb724cf
<  a  b  c  d  e  f  g  h  i  j  k  
< 1\.  B  .  .  W  .  .  .  .  .  .\1
<  2\.  .  .  .  .  .  W  .  .  .  .\2
<   3\.  .  W  .  .  .  .  .  .  .  .\3
<    4\.  .  W  .  .  .  .  .  .  .  .\4
<     5\.  .  .  .  .  .  .  .  .  .  B\5
<      6\.  .  .  .  .  .  .  .  .  .  B\6
<       7\.  .  .  .  .  .  .  .  .  .  .\7
<        8\.  .  .  .  B  .  .  .  .  .  .\8
<         9\.  .  .  .  .  .  .  .  .  .  .\9
<         10\.  .  .  B  .  .  .  .  .  .  .\10
<          11\.  .  .  .  .  .  .  .  .  .  .\11
<              a  b  c  d  e  f  g  h  i  j  k  
<
>play w b6
<= 
<
>showboard
<= 
< 
<  455f9b451560c0f0
<  a  b  c  d  e  f  g  h  i  j  k  
< 1\.  B  .  .  W  .  .  .  .  .  .\1
<  2\.  .  .  .  .  .  W  .  .  .  .\2
<   3\.  .  W  .  .  .  .  .  .  .  .\3
<    4\.  .  W  .  .  .  .  .  .  .  .\4
<     5\.  .  .  .  .  .  .  .  .  .  B\5
<      6\.  W  .  .  .  .  .  .  .  .  B\6
<       7\.  .  .  .  .  .  .  .  .  .  .\7
<        8\.  .  .  .  B  .  .  .  .  .  .\8
<         9\.  .  .  .  .  .  .  .  .  .  .\9
<         10\.  .  .  B  .  .  .  .  .  .  .\10
<          11\.  .  .  .  .  .  .  .  .  .  .\11
<              a  b  c  d  e  f  g  h  i  j  k  
<
>genmove b
<= h6
<
>showboard
455e7 info: Best move cannot be determined, must search state.
455e7 info: --- MoHexPlayer::Search() ---
455e7 info: Color: black
455e7 info: MaxGames: 1
455e7 info: NumberThreads: 1
455e7 info: MaxNodes: 181818181 (15999999928 bytes)
455e7 info: TimeForMove: 1
455e7 info: PreSearch: max time reached (51/70).
455e7 info: Time for PreSearch: 0.200503s
455e7 info: 
  455f9b451560c0f0
  a  b  c  d  e  f  g  h  i  j  k  
 1\b  B  b  b  W  .  .  .  .  .  .\1
  2\b  b  b  .  .  .  W  *  *  *  *\2
   3\w  w  W  .  *  *  *  *  *  *  *\3
    4\w  w  W  *  *  *  *  *  *  *  *\4
     5\w  w  .  *  *  *  *  *  *  *  B\5
      6\w  W  *  *  *  *  *  *  *  *  B\6
       7\w  .  *  *  *  *  *  *  *  *  *\7
        8\w  *  *  *  B  *  *  *  *  *  *\8
         9\.  *  *  *  .  *  *  *  *  *  .\9
         10\*  *  .  B  .  *  *  *  *  .  .\10
          11\.  b  b  b  b  .  .  .  .  .  .\11
              a  b  c  d  e  f  g  h  i  j  k  
455e7 info: Old: [black, k5] [white, swap-pieces] [white, g2] [black, e8] [white, e1] [black, b1] [white, c3] [black, d10] [white, c4] 
455e7 info: New: [black, k5] [white, swap-pieces] [white, g2] [black, e8] [white, e1] [black, b1] [white, c3] [black, d10] [white, c4] [black, k6] [white, b6] 
455e7 info: MovesPlayed: [black, k6] [white, b6] 
455e7 info: No subtree to reuse.
455e7 info: StartSearch()[0]
SgUctSearch: max games reached
455e7 info: 
Elapsed Time   0.413771s
Count          1
GamesPlayed    1
Nodes          1
Knowledge      0 (0.0%)
Expansions     0.0
Time           0.00
GameLen        92.0 dev=0.0 min=92.0 max=92.0
InTree         0.0 dev=0.0 min=0.0 max=0.0
KnowDepth      -
Aborted        0%
Games/s        3389.8
Score          0.00
Sequence      
455e7 info: 
455e7 warning: **** MoHexSearch returned empty sequence!
455e7 warning: **** Returning random move!
<= 
< 
<  e3148871d089e5d0
<  a  b  c  d  e  f  g  h  i  j  k  
< 1\.  B  .  .  W  .  .  .  .  .  .\1
<  2\.  .  .  .  .  .  W  .  .  .  .\2
<   3\.  .  W  .  .  .  .  .  .  .  .\3
<    4\.  .  W  .  .  .  .  .  .  .  .\4
<     5\.  .  .  .  .  .  .  .  .  .  B\5
<      6\.  W  .  .  .  .  .  B  .  .  B\6
<       7\.  .  .  .  .  .  .  .  .  .  .\7
<        8\.  .  .  .  B  .  .  .  .  .  .\8
<         9\.  .  .  .  .  .  .  .  .  .  .\9
<         10\.  .  .  B  .  .  .  .  .  .  .\10
<          11\.  .  .  .  .  .  .  .  .  .  .\11
<              a  b  c  d  e  f  g  h  i  j  k  
<
>play w e3
<= 
<
>showboard
<= 
< 
<  0d5029d69185460a
<  a  b  c  d  e  f  g  h  i  j  k  
< 1\.  B  .  .  W  .  .  .  .  .  .\1
<  2\.  .  .  .  .  .  W  .  .  .  .\2
<   3\.  .  W  .  W  .  .  .  .  .  .\3
<    4\.  .  W  .  .  .  .  .  .  .  .\4
<     5\.  .  .  .  .  .  .  .  .  .  B\5
<      6\.  W  .  .  .  .  .  B  .  .  B\6
<       7\.  .  .  .  .  .  .  .  .  .  .\7
<        8\.  .  .  .  B  .  .  .  .  .  .\8
<         9\.  .  .  .  .  .  .  .  .  .  .\9
<         10\.  .  .  B  .  .  .  .  .  .  .\10
<          11\.  .  .  .  .  .  .  .  .  .  .\11
<              a  b  c  d  e  f  g  h  i  j  k  
<
>genmove b
<= j2
<
>showboard
455e7 info: Best move cannot be determined, must search state.
455e7 info: --- MoHexPlayer::Search() ---
455e7 info: Color: black
455e7 info: MaxGames: 1
455e7 info: NumberThreads: 1
455e7 info: MaxNodes: 181818181 (15999999928 bytes)
455e7 info: TimeForMove: 1
455e7 info: PreSearch: max time reached (29/66).
455e7 info: Time for PreSearch: 0.201456s
455e7 info: 
  0d5029d69185460a
  a  b  c  d  e  f  g  h  i  j  k  
 1\b  B  b  b  W  .  .  .  .  .  .\1
  2\b  b  b  .  .  *  W  *  *  *  *\2
   3\w  w  W  .  W  *  *  *  *  *  *\3
    4\w  w  W  *  *  *  *  *  *  *  *\4
     5\w  w  .  *  *  *  *  *  *  *  B\5
      6\w  W  *  *  *  *  *  B  *  *  B\6
       7\w  .  *  *  *  *  *  *  *  *  *\7
        8\w  *  *  *  B  *  *  *  *  *  *\8
         9\.  *  *  *  .  *  *  *  *  *  .\9
         10\*  *  .  B  .  *  *  *  *  .  .\10
          11\.  b  b  b  b  .  .  .  .  .  .\11
              a  b  c  d  e  f  g  h  i  j  k  
455e7 info: Old: [black, k5] [white, swap-pieces] [white, g2] [black, e8] [white, e1] [black, b1] [white, c3] [black, d10] [white, c4] [black, k6] [white, b6] 
455e7 info: New: [black, k5] [white, swap-pieces] [white, g2] [black, e8] [white, e1] [black, b1] [white, c3] [black, d10] [white, c4] [black, k6] [white, b6] [black, h6] [white, e3] 
455e7 info: MovesPlayed: [black, h6] [white, e3] 
455e7 info: No subtree to reuse.
455e7 info: StartSearch()[0]
SgUctSearch: max games reached
455e7 info: 
Elapsed Time   0.345896s
Count          1
GamesPlayed    1
Nodes          1
Knowledge      0 (0.0%)
Expansions     0.0
Time           0.00
GameLen        90.0 dev=0.0 min=90.0 max=90.0
InTree         0.0 dev=0.0 min=0.0 max=0.0
KnowDepth      -
Aborted        0%
Games/s        4000.0
Score          1.00
Sequence      
455e7 info: 
455e7 warning: **** MoHexSearch returned empty sequence!
455e7 warning: **** Returning random move!
<= 
< 
<  6a3c8f9f82d94124
<  a  b  c  d  e  f  g  h  i  j  k  
< 1\.  B  .  .  W  .  .  .  .  .  .\1
<  2\.  .  .  .  .  .  W  .  .  B  .\2
<   3\.  .  W  .  W  .  .  .  .  .  .\3
<    4\.  .  W  .  .  .  .  .  .  .  .\4
<     5\.  .  .  .  .  .  .  .  .  .  B\5
<      6\.  W  .  .  .  .  .  B  .  .  B\6
<       7\.  .  .  .  .  .  .  .  .  .  .\7
<        8\.  .  .  .  B  .  .  .  .  .  .\8
<         9\.  .  .  .  .  .  .  .  .  .  .\9
<         10\.  .  .  B  .  .  .  .  .  .  .\10
<          11\.  .  .  .  .  .  .  .  .  .  .\11
<              a  b  c  d  e  f  g  h  i  j  k  
<
>play w g10
<= 
<
>showboard
<= 
< 
<  0d7927af9fa3ed80
<  a  b  c  d  e  f  g  h  i  j  k  
< 1\.  B  .  .  W  .  .  .  .  .  .\1
<  2\.  .  .  .  .  .  W  .  .  B  .\2
<   3\.  .  W  .  W  .  .  .  .  .  .\3
<    4\.  .  W  .  .  .  .  .  .  .  .\4
<     5\.  .  .  .  .  .  .  .  .  .  B\5
<      6\.  W  .  .  .  .  .  B  .  .  B\6
<       7\.  .  .  .  .  .  .  .  .  .  .\7
<        8\.  .  .  .  B  .  .  .  .  .  .\8
<         9\.  .  .  .  .  .  .  .  .  .  .\9
<         10\.  .  .  B  .  .  W  .  .  .  .\10
<          11\.  .  .  .  .  .  .  .  .  .  .\11
<              a  b  c  d  e  f  g  h  i  j  k  
<
>genmove b
<= i4
<
>showboard
455e7 info: Winning SC.
<= 
< 
<  5baf32549a58791d
<  a  b  c  d  e  f  g  h  i  j  k  
< 1\.  B  .  .  W  .  .  .  .  .  .\1
<  2\.  .  .  .  .  .  W  .  .  B  .\2
<   3\.  .  W  .  W  .  .  .  .  .  .\3
<    4\.  .  W  .  .  .  .  .  B  .  .\4
<     5\.  .  .  .  .  .  .  .  .  .  B\5
<      6\.  W  .  .  .  .  .  B  .  .  B\6
<       7\.  .  .  .  .  .  .  .  .  .  .\7
<        8\.  .  .  .  B  .  .  .  .  .  .\8
<         9\.  .  .  .  .  .  .  .  .  .  .\9
<         10\.  .  .  B  .  .  W  .  .  .  .\10
<          11\.  .  .  .  .  .  .  .  .  .  .\11
<              a  b  c  d  e  f  g  h  i  j  k  
<
>play w i3
<= 
<
>showboard
<= 
< 
<  9ed7312eb40bdcfe
<  a  b  c  d  e  f  g  h  i  j  k  
< 1\.  B  .  .  W  .  .  .  .  .  .\1
<  2\.  .  .  .  .  .  W  .  .  B  .\2
<   3\.  .  W  .  W  .  .  .  W  .  .\3
<    4\.  .  W  .  .  .  .  .  B  .  .\4
<     5\.  .  .  .  .  .  .  .  .  .  B\5
<      6\.  W  .  .  .  .  .  B  .  .  B\6
<       7\.  .  .  .  .  .  .  .  .  .  .\7
<        8\.  .  .  .  B  .  .  .  .  .  .\8
<         9\.  .  .  .  .  .  .  .  .  .  .\9
<         10\.  .  .  B  .  .  W  .  .  .  .\10
<          11\.  .  .  .  .  .  .  .  .  .  .\11
<              a  b  c  d  e  f  g  h  i  j  k  
<
>genmove b
<= h4
<
>showboard
455e7 info: Winning SC.
<= 
< 
<  176ea108c939e02f
<  a  b  c  d  e  f  g  h  i  j  k  
< 1\.  B  .  .  W  .  .  .  .  .  .\1
<  2\.  .  .  .  .  .  W  .  .  B  .\2
<   3\.  .  W  .  W  .  .  .  W  .  .\3
<    4\.  .  W  .  .  .  .  B  B  .  .\4
<     5\.  .  .  .  .  .  .  .  .  .  B\5
<      6\.  W  .  .  .  .  .  B  .  .  B\6
<       7\.  .  .  .  .  .  .  .  .  .  .\7
<        8\.  .  .  .  B  .  .  .  .  .  .\8
<         9\.  .  .  .  .  .  .  .  .  .  .\9
<         10\.  .  .  B  .  .  W  .  .  .  .\10
<          11\.  .  .  .  .  .  .  .  .  .  .\11
<              a  b  c  d  e  f  g  h  i  j  k  
<
>play w h2
<= 
<
>showboard
<= 
< 
<  753bee5930598c23
<  a  b  c  d  e  f  g  h  i  j  k  
< 1\.  B  .  .  W  .  .  .  .  .  .\1
<  2\.  .  .  .  .  .  W  W  .  B  .\2
<   3\.  .  W  .  W  .  .  .  W  .  .\3
<    4\.  .  W  .  .  .  .  B  B  .  .\4
<     5\.  .  .  .  .  .  .  .  .  .  B\5
<      6\.  W  .  .  .  .  .  B  .  .  B\6
<       7\.  .  .  .  .  .  .  .  .  .  .\7
<        8\.  .  .  .  B  .  .  .  .  .  .\8
<         9\.  .  .  .  .  .  .  .  .  .  .\9
<         10\.  .  .  B  .  .  W  .  .  .  .\10
<          11\.  .  .  .  .  .  .  .  .  .  .\11
<              a  b  c  d  e  f  g  h  i  j  k  
<
>genmove b
<= j3
<
>showboard
455e7 info: Winning SC.
<= 
< 
<  5fe696699f9f2494
<  a  b  c  d  e  f  g  h  i  j  k  
< 1\.  B  .  .  W  .  .  .  .  .  .\1
<  2\.  .  .  .  .  .  W  W  .  B  .\2
<   3\.  .  W  .  W  .  .  .  W  B  .\3
<    4\.  .  W  .  .  .  .  B  B  .  .\4
<     5\.  .  .  .  .  .  .  .  .  .  B\5
<      6\.  W  .  .  .  .  .  B  .  .  B\6
<       7\.  .  .  .  .  .  .  .  .  .  .\7
<        8\.  .  .  .  B  .  .  .  .  .  .\8
<         9\.  .  .  .  .  .  .  .  .  .  .\9
<         10\.  .  .  B  .  .  W  .  .  .  .\10
<          11\.  .  .  .  .  .  .  .  .  .  .\11
<              a  b  c  d  e  f  g  h  i  j  k  
<
>play w i5
<= 
<
>showboard
<= 
< 
<  25dc75ff40700062
<  a  b  c  d  e  f  g  h  i  j  k  
< 1\.  B  .  .  W  .  .  .  .  .  .\1
<  2\.  .  .  .  .  .  W  W  .  B  .\2
<   3\.  .  W  .  W  .  .  .  W  B  .\3
<    4\.  .  W  .  .  .  .  B  B  .  .\4
<     5\.  .  .  .  .  .  .  .  W  .  B\5
<      6\.  W  .  .  .  .  .  B  .  .  B\6
<       7\.  .  .  .  .  .  .  .  .  .  .\7
<        8\.  .  .  .  B  .  .  .  .  .  .\8
<         9\.  .  .  .  .  .  .  .  .  .  .\9
<         10\.  .  .  B  .  .  W  .  .  .  .\10
<          11\.  .  .  .  .  .  .  .  .  .  .\11
<              a  b  c  d  e  f  g  h  i  j  k  
<
>genmove b
<= g6
<
>showboard
455e7 info: Winning SC.
<= 
< 
<  e8d18f462b1c8456
<  a  b  c  d  e  f  g  h  i  j  k  
< 1\.  B  .  .  W  .  .  .  .  .  .\1
<  2\.  .  .  .  .  .  W  W  .  B  .\2
<   3\.  .  W  .  W  .  .  .  W  B  .\3
<    4\.  .  W  .  .  .  .  B  B  .  .\4
<     5\.  .  .  .  .  .  .  .  W  .  B\5
<      6\.  W  .  .  .  .  B  B  .  .  B\6
<       7\.  .  .  .  .  .  .  .  .  .  .\7
<        8\.  .  .  .  B  .  .  .  .  .  .\8
<         9\.  .  .  .  .  .  .  .  .  .  .\9
<         10\.  .  .  B  .  .  W  .  .  .  .\10
<          11\.  .  .  .  .  .  .  .  .  .  .\11
<              a  b  c  d  e  f  g  h  i  j  k  
<
>play w g5
<= 
<
>showboard
<= 
< 
<  e0bd3bfa0739ed8f
<  a  b  c  d  e  f  g  h  i  j  k  
< 1\.  B  .  .  W  .  .  .  .  .  .\1
<  2\.  .  .  .  .  .  W  W  .  B  .\2
<   3\.  .  W  .  W  .  .  .  W  B  .\3
<    4\.  .  W  .  .  .  .  B  B  .  .\4
<     5\.  .  .  .  .  .  W  .  W  .  B\5
<      6\.  W  .  .  .  .  B  B  .  .  B\6
<       7\.  .  .  .  .  .  .  .  .  .  .\7
<        8\.  .  .  .  B  .  .  .  .  .  .\8
<         9\.  .  .  .  .  .  .  .  .  .  .\9
<         10\.  .  .  B  .  .  W  .  .  .  .\10
<          11\.  .  .  .  .  .  .  .  .  .  .\11
<              a  b  c  d  e  f  g  h  i  j  k  
<
>genmove b
<= h5
<
>showboard
455e7 info: Winning SC.
<= 
< 
<  1a7b501a95e398e3
<  a  b  c  d  e  f  g  h  i  j  k  
< 1\.  B  .  .  W  .  .  .  .  .  .\1
<  2\.  .  .  .  .  .  W  W  .  B  .\2
<   3\.  .  W  .  W  .  .  .  W  B  .\3
<    4\.  .  W  .  .  .  .  B  B  .  .\4
<     5\.  .  .  .  .  .  W  B  W  .  B\5
<      6\.  W  .  .  .  .  B  B  .  .  B\6
<       7\.  .  .  .  .  .  .  .  .  .  .\7
<        8\.  .  .  .  B  .  .  .  .  .  .\8
<         9\.  .  .  .  .  .  .  .  .  .  .\9
<         10\.  .  .  B  .  .  W  .  .  .  .\10
<          11\.  .  .  .  .  .  .  .  .  .  .\11
<              a  b  c  d  e  f  g  h  i  j  k  
<
>play w e9
<= 
<
>showboard
<= 
< 
<  19a7b489038ffd0f
<  a  b  c  d  e  f  g  h  i  j  k  
< 1\.  B  .  .  W  .  .  .  .  .  .\1
<  2\.  .  .  .  .  .  W  W  .  B  .\2
<   3\.  .  W  .  W  .  .  .  W  B  .\3
<    4\.  .  W  .  .  .  .  B  B  .  .\4
<     5\.  .  .  .  .  .  W  B  W  .  B\5
<      6\.  W  .  .  .  .  B  B  .  .  B\6
<       7\.  .  .  .  .  .  .  .  .  .  .\7
<        8\.  .  .  .  B  .  .  .  .  .  .\8
<         9\.  .  .  .  W  .  .  .  .  .  .\9
<         10\.  .  .  B  .  .  W  .  .  .  .\10
<          11\.  .  .  .  .  .  .  .  .  .  .\11
<              a  b  c  d  e  f  g  h  i  j  k  
<
>genmove b
<= f8
<
>showboard
455e7 info: Winning SC.
<= 
< 
<  a064012bc86b5601
<  a  b  c  d  e  f  g  h  i  j  k  
< 1\.  B  .  .  W  .  .  .  .  .  .\1
<  2\.  .  .  .  .  .  W  W  .  B  .\2
<   3\.  .  W  .  W  .  .  .  W  B  .\3
<    4\.  .  W  .  .  .  .  B  B  .  .\4
<     5\.  .  .  .  .  .  W  B  W  .  B\5
<      6\.  W  .  .  .  .  B  B  .  .  B\6
<       7\.  .  .  .  .  .  .  .  .  .  .\7
<        8\.  .  .  .  B  B  .  .  .  .  .\8
<         9\.  .  .  .  W  .  .  .  .  .  .\9
<         10\.  .  .  B  .  .  W  .  .  .  .\10
<          11\.  .  .  .  .  .  .  .  .  .  .\11
<              a  b  c  d  e  f  g  h  i  j  k  
<
>play w j4
<= 
<
>showboard
<= 
< 
<  47a2cefc23d36bc8
<  a  b  c  d  e  f  g  h  i  j  k  
< 1\.  B  .  .  W  .  .  .  .  .  .\1
<  2\.  .  .  .  .  .  W  W  .  B  .\2
<   3\.  .  W  .  W  .  .  .  W  B  .\3
<    4\.  .  W  .  .  .  .  B  B  W  .\4
<     5\.  .  .  .  .  .  W  B  W  .  B\5
<      6\.  W  .  .  .  .  B  B  .  .  B\6
<       7\.  .  .  .  .  .  .  .  .  .  .\7
<        8\.  .  .  .  B  B  .  .  .  .  .\8
<         9\.  .  .  .  W  .  .  .  .  .  .\9
<         10\.  .  .  B  .  .  W  .  .  .  .\10
<          11\.  .  .  .  .  .  .  .  .  .  .\11
<              a  b  c  d  e  f  g  h  i  j  k  
<
>genmove b
<= d9
<
>showboard
455e7 info: Winning SC.
<= 
< 
<  aa3a408af993496c
<  a  b  c  d  e  f  g  h  i  j  k  
< 1\.  B  .  .  W  .  .  .  .  .  .\1
<  2\.  .  .  .  .  .  W  W  .  B  .\2
<   3\.  .  W  .  W  .  .  .  W  B  .\3
<    4\.  .  W  .  .  .  .  B  B  W  .\4
<     5\.  .  .  .  .  .  W  B  W  .  B\5
<      6\.  W  .  .  .  .  B  B  .  .  B\6
<       7\.  .  .  .  .  .  .  .  .  .  .\7
<        8\.  .  .  .  B  B  .  .  .  .  .\8
<         9\.  .  .  B  W  .  .  .  .  .  .\9
<         10\.  .  .  B  .  .  W  .  .  .  .\10
<          11\.  .  .  .  .  .  .  .  .  .  .\11
<              a  b  c  d  e  f  g  h  i  j  k  
<
>play w k1
<= 
<
>showboard
<= 
< 
<  14972e48d4960da1
<  a  b  c  d  e  f  g  h  i  j  k  
< 1\.  B  .  .  W  .  .  .  .  .  W\1
<  2\.  .  .  .  .  .  W  W  .  B  .\2
<   3\.  .  W  .  W  .  .  .  W  B  .\3
<    4\.  .  W  .  .  .  .  B  B  W  .\4
<     5\.  .  .  .  .  .  W  B  W  .  B\5
<      6\.  W  .  .  .  .  B  B  .  .  B\6
<       7\.  .  .  .  .  .  .  .  .  .  .\7
<        8\.  .  .  .  B  B  .  .  .  .  .\8
<         9\.  .  .  B  W  .  .  .  .  .  .\9
<         10\.  .  .  B  .  .  W  .  .  .  .\10
<          11\.  .  .  .  .  .  .  .  .  .  .\11
<              a  b  c  d  e  f  g  h  i  j  k  
<
>genmove b
<= j1
<
>showboard
455e7 info: Winning SC.
<= 
< 
<  8390220537fbe22d
<  a  b  c  d  e  f  g  h  i  j  k  
< 1\.  B  .  .  W  .  .  .  .  B  W\1
<  2\.  .  .  .  .  .  W  W  .  B  .\2
<   3\.  .  W  .  W  .  .  .  W  B  .\3
<    4\.  .  W  .  .  .  .  B  B  W  .\4
<     5\.  .  .  .  .  .  W  B  W  .  B\5
<      6\.  W  .  .  .  .  B  B  .  .  B\6
<       7\.  .  .  .  .  .  .  .  .  .  .\7
<        8\.  .  .  .  B  B  .  .  .  .  .\8
<         9\.  .  .  B  W  .  .  .  .  .  .\9
<         10\.  .  .  B  .  .  W  .  .  .  .\10
<          11\.  .  .  .  .  .  .  .  .  .  .\11
<              a  b  c  d  e  f  g  h  i  j  k  
<
>play w g7
<= 
<
>showboard
<= 
< 
<  853bff04c2f47415
<  a  b  c  d  e  f  g  h  i  j  k  
< 1\.  B  .  .  W  .  .  .  .  B  W\1
<  2\.  .  .  .  .  .  W  W  .  B  .\2
<   3\.  .  W  .  W  .  .  .  W  B  .\3
<    4\.  .  W  .  .  .  .  B  B  W  .\4
<     5\.  .  .  .  .  .  W  B  W  .  B\5
<      6\.  W  .  .  .  .  B  B  .  .  B\6
<       7\.  .  .  .  .  .  W  .  .  .  .\7
<        8\.  .  .  .  B  B  .  .  .  .  .\8
<         9\.  .  .  B  W  .  .  .  .  .  .\9
<         10\.  .  .  B  .  .  W  .  .  .  .\10
<          11\.  .  .  .  .  .  .  .  .  .  .\11
<              a  b  c  d  e  f  g  h  i  j  k  
<
>genmove b
<= f7
<
>showboard
455e7 info: Winning SC.
<= 
< 
<  a6fbf0088a52c940
<  a  b  c  d  e  f  g  h  i  j  k  
< 1\.  B  .  .  W  .  .  .  .  B  W\1
<  2\.  .  .  .  .  .  W  W  .  B  .\2
<   3\.  .  W  .  W  .  .  .  W  B  .\3
<    4\.  .  W  .  .  .  .  B  B  W  .\4
<     5\.  .  .  .  .  .  W  B  W  .  B\5
<      6\.  W  .  .  .  .  B  B  .  .  B\6
<       7\.  .  .  .  .  B  W  .  .  .  .\7
<        8\.  .  .  .  B  B  .  .  .  .  .\8
<         9\.  .  .  B  W  .  .  .  .  .  .\9
<         10\.  .  .  B  .  .  W  .  .  .  .\10
<          11\.  .  .  .  .  .  .  .  .  .  .\11
<              a  b  c  d  e  f  g  h  i  j  k  
<
>play w c11
<= 
<
>showboard
<= 
< 
<  d24fe490fc1f89eb
<  a  b  c  d  e  f  g  h  i  j  k  
< 1\.  B  .  .  W  .  .  .  .  B  W\1
<  2\.  .  .  .  .  .  W  W  .  B  .\2
<   3\.  .  W  .  W  .  .  .  W  B  .\3
<    4\.  .  W  .  .  .  .  B  B  W  .\4
<     5\.  .  .  .  .  .  W  B  W  .  B\5
<      6\.  W  .  .  .  .  B  B  .  .  B\6
<       7\.  .  .  .  .  B  W  .  .  .  .\7
<        8\.  .  .  .  B  B  .  .  .  .  .\8
<         9\.  .  .  B  W  .  .  .  .  .  .\9
<         10\.  .  .  B  .  .  W  .  .  .  .\10
<          11\.  .  W  .  .  .  .  .  .  .  .\11
<              a  b  c  d  e  f  g  h  i  j  k  
<
>genmove b
<= d11
<
>showboard
455e7 info: Winning SC.
<= 
< 
<  82443bcfa2049409
<  a  b  c  d  e  f  g  h  i  j  k  
< 1\.  B  .  .  W  .  .  .  .  B  W\1
<  2\.  .  .  .  .  .  W  W  .  B  .\2
<   3\.  .  W  .  W  .  .  .  W  B  .\3
<    4\.  .  W  .  .  .  .  B  B  W  .\4
<     5\.  .  .  .  .  .  W  B  W  .  B\5
<      6\.  W  .  .  .  .  B  B  .  .  B\6
<       7\.  .  .  .  .  B  W  .  .  .  .\7
<        8\.  .  .  .  B  B  .  .  .  .  .\8
<         9\.  .  .  B  W  .  .  .  .  .  .\9
<         10\.  .  .  B  .  .  W  .  .  .  .\10
<          11\.  .  W  B  .  .  .  .  .  .  .\11
<              a  b  c  d  e  f  g  h  i  j  k  
<
>play w resign
<= 
<
>showboard
<= 
< 
<  82443bcfa2049409
<  a  b  c  d  e  f  g  h  i  j  k  
< 1\.  B  .  .  W  .  .  .  .  B  W\1
<  2\.  .  .  .  .  .  W  W  .  B  .\2
<   3\.  .  W  .  W  .  .  .  W  B  .\3
<    4\.  .  W  .  .  .  .  B  B  W  .\4
<     5\.  .  .  .  .  .  W  B  W  .  B\5
<      6\.  W  .  .  .  .  B  B  .  .  B\6
<       7\.  .  .  .  .  B  W  .  .  .  .\7
<        8\.  .  .  .  B  B  .  .  .  .  .\8
<         9\.  .  .  B  W  .  .  .  .  .  .\9
<         10\.  .  .  B  .  .  W  .  .  .  .\10
<          11\.  .  W  B  .  .  .  .  .  .  .\11
<              a  b  c  d  e  f  g  h  i  j  k  
<
>final_score
<= B+
<
>quit
<= 
<
