03747 config: MoHex v2.0.CMake Mar 21 2025.
03747 config: ============ InitializeSystem ============
03747 config: BenzeneProgram::InitRandom()
03747 config: Seed = 238225
03747 info: Prior Patterns:
03747 info: Global:
03747 info: Size            = 565 32648 
03747 info: TableEntries    = 65932 65910
03747 info: MirrorsAdded    = 0 0
03747 info: PrunableCount   = 30593 30629
03747 info: LargestGamma    = 5820.77
03747 info: SmallestGamma   = 6.6e-05
03747 info: Local:
03747 info: Size            = 550 5318 
03747 info: TableEntries    = 11602 11588
03747 info: MirrorsAdded    = 0 0
03747 info: PrunableCount   = 3659 3667
03747 info: LargestGamma    = 11281.8
03747 info: SmallestGamma   = 0.026235
03747 info: Playout Patterns:
03747 info: Global:
03747 info: Size            = 565 32648 
03747 info: TableEntries    = 70329 70329
03747 info: MirrorsAdded    = 4397 4419
03747 info: PrunableCount   = 30593 30629
03747 info: LargestGamma    = 5820.77
03747 info: SmallestGamma   = 6.6e-05
03747 info: Local:
03747 info: Size            = 550 5318 
03747 info: TableEntries    = 11602 11588
03747 info: MirrorsAdded    = 0 0
03747 info: PrunableCount   = 3659 3667
03747 info: LargestGamma    = 11281.8
03747 info: SmallestGamma   = 0.026235
03747 config: IcePatternSet: reading from '/home/linus/MoHex2.0/nfbranchfix/benzene-vanilla-cmake/share/ice-patterns.txt'.
03747 config: IcePatternSet: parsed 708 patterns.
03747 config: VCS: reading captured set patterns from '/home/linus/MoHex2.0/nfbranchfix/benzene-vanilla-cmake/share/vc-captured-set.txt'.
03747 config: VCS:: parsed 2 patterns.
03747 config: VCS: reading captured set patterns from '/home/linus/MoHex2.0/nfbranchfix/benzene-vanilla-cmake/share/vc-captured-set.txt'.
03747 config: VCS:: parsed 2 patterns.
03747 config: IcePatternSet: reading from '/home/linus/MoHex2.0/nfbranchfix/benzene-vanilla-cmake/share/ice-patterns.txt'.
03747 config: IcePatternSet: parsed 708 patterns.
03747 config: VCS: reading captured set patterns from '/home/linus/MoHex2.0/nfbranchfix/benzene-vanilla-cmake/share/vc-captured-set.txt'.
03747 config: VCS:: parsed 2 patterns.
03747 config: VCS: reading captured set patterns from '/home/linus/MoHex2.0/nfbranchfix/benzene-vanilla-cmake/share/vc-captured-set.txt'.
03747 config: VCS:: parsed 2 patterns.
03747 config: VCS: reading captured set patterns from '/home/linus/MoHex2.0/nfbranchfix/benzene-vanilla-cmake/share/vc-captured-set.txt'.
03747 config: VCS:: parsed 2 patterns.
03747 config: VCS: reading captured set patterns from '/home/linus/MoHex2.0/nfbranchfix/benzene-vanilla-cmake/share/vc-captured-set.txt'.
03747 config: VCS:: parsed 2 patterns.
03747 config: VCS: reading captured set patterns from '/home/linus/MoHex2.0/nfbranchfix/benzene-vanilla-cmake/share/vc-captured-set.txt'.
03747 config: VCS:: parsed 2 patterns.
03747 config: VCS: reading captured set patterns from '/home/linus/MoHex2.0/nfbranchfix/benzene-vanilla-cmake/share/vc-captured-set.txt'.
03747 config: VCS:: parsed 2 patterns.
03747 info: SwapCheck: reading from '/home/linus/MoHex2.0/nfbranchfix/benzene-vanilla-cmake/share/swap-moves.txt'.
03747 info: SwapCheck: playing swap.
03747 config: VCPattern: loading pattern templates from '/home/linus/MoHex2.0/nfbranchfix/benzene-vanilla-cmake/share/vc-patterns.txt'.
03747 info: Best move cannot be determined, must search state.
03747 info: --- MoHexPlayer::Search() ---
03747 info: Color: black
03747 info: MaxGames: 1
03747 info: NumberThreads: 1
03747 info: MaxNodes: 181818181 (15999999928 bytes)
03747 info: TimeForMove: 1
03747 info: PreSearch: max time reached (54/89).
03747 info: Time for PreSearch: 0.20061s
03747 info: 
  9667742ae34db153
  a  b  c  d  e  f  g  h  i  j  k  
 1\.  .  .  .  .  .  .  .  .  .  .\1
  2\.  .  *  *  *  *  *  *  *  *  .\2
   3\.  *  *  *  *  *  *  *  *  B  .\3
    4\*  *  *  *  *  *  *  *  *  *  *\4
     5\*  *  *  *  *  *  *  *  *  *  *\5
      6\*  *  *  *  *  *  *  *  *  *  *\6
       7\*  *  *  *  *  *  *  *  *  *  *\7
        8\*  *  *  *  *  *  *  W  *  *  *\8
         9\*  *  *  *  *  *  *  *  *  *  .\9
         10\*  *  *  *  *  *  *  *  *  .  .\10
          11\.  .  .  .  .  .  .  .  .  .  .\11
              a  b  c  d  e  f  g  h  i  j  k  
03747 info: No subtree to reuse.
03747 info: Creating thread 0
03747 info: StartSearch()[0]
03747 config: VCS: reading captured set patterns from '/home/linus/MoHex2.0/nfbranchfix/benzene-vanilla-cmake/share/vc-captured-set.txt'.
03747 config: VCS:: parsed 2 patterns.
03747 config: VCS: reading captured set patterns from '/home/linus/MoHex2.0/nfbranchfix/benzene-vanilla-cmake/share/vc-captured-set.txt'.
03747 config: VCS:: parsed 2 patterns.
03747 info: 
Elapsed Time   0.343515s
Count          1
GamesPlayed    1
Nodes          1
Knowledge      0 (0.0%)
Expansions     0.0
Time           0.00
GameLen        119.0 dev=0.0 min=119.0 max=119.0
InTree         0.0 dev=0.0 min=0.0 max=0.0
KnowDepth      -
Aborted        0%
Games/s        411.5
Score          1.00
Sequence      
03747 info: 
03747 warning: **** MoHexSearch returned empty sequence!
03747 warning: **** Returning random move!
03747 info: Best move cannot be determined, must search state.
03747 info: --- MoHexPlayer::Search() ---
03747 info: Color: black
03747 info: MaxGames: 1
03747 info: NumberThreads: 1
03747 info: MaxNodes: 181818181 (15999999928 bytes)
03747 info: TimeForMove: 1
03747 info: PreSearch: max time reached (44/85).
03747 info: Time for PreSearch: 0.200719s
03747 info: 
  82f7267b1c128a67
  a  b  c  d  e  f  g  h  i  j  k  
 1\.  .  .  .  .  .  .  .  .  .  .\1
  2\.  .  *  *  *  *  *  *  *  *  .\2
   3\.  *  *  *  *  *  *  *  *  B  .\3
    4\*  *  *  *  *  *  *  *  *  *  *\4
     5\*  *  *  *  *  *  *  B  *  *  .\5
      6\*  *  *  *  *  *  *  *  *  *  W\6
       7\*  *  *  *  *  *  *  *  *  *  .\7
        8\*  *  *  *  *  *  *  W  *  *  *\8
         9\*  *  *  *  *  *  *  *  *  *  .\9
         10\*  *  *  *  *  *  *  *  *  .  .\10
          11\.  .  .  .  .  .  .  .  .  .  .\11
              a  b  c  d  e  f  g  h  i  j  k  
03747 info: Old: [black, j3] [white, swap-pieces] [white, h8] 
03747 info: New: [black, j3] [white, swap-pieces] [white, h8] [black, h5] [white, k6] 
03747 info: MovesPlayed: [black, h5] [white, k6] 
03747 info: No subtree to reuse.
03747 info: StartSearch()[0]
03747 info: 
Elapsed Time   0.341837s
Count          1
GamesPlayed    1
Nodes          1
Knowledge      0 (0.0%)
Expansions     0.0
Time           0.00
GameLen        117.0 dev=0.0 min=117.0 max=117.0
InTree         0.0 dev=0.0 min=0.0 max=0.0
KnowDepth      -
Aborted        0%
Games/s        3268.0
Score          1.00
Sequence      
03747 info: 
03747 warning: **** MoHexSearch returned empty sequence!
03747 warning: **** Returning random move!
03747 info: Best move cannot be determined, must search state.
03747 info: --- MoHexPlayer::Search() ---
03747 info: Color: black
03747 info: MaxGames: 1
03747 info: NumberThreads: 1
03747 info: MaxNodes: 181818181 (15999999928 bytes)
03747 info: TimeForMove: 1
03747 info: PreSearch: max time reached (39/81).
03747 info: Time for PreSearch: 0.20081s
03747 info: 
  dbfa08eb1764da03
  a  b  c  d  e  f  g  h  i  j  k  
 1\.  .  .  .  .  .  .  .  .  .  .\1
  2\.  .  *  *  *  *  *  *  *  *  .\2
   3\.  *  *  *  *  *  *  *  *  B  .\3
    4\*  *  *  *  *  *  *  *  *  *  *\4
     5\*  *  *  *  *  *  *  B  *  *  .\5
      6\*  *  *  *  *  *  *  *  *  *  W\6
       7\*  *  *  *  *  *  *  W  *  *  .\7
        8\.  B  *  *  *  *  *  W  *  *  *\8
         9\.  *  *  *  *  *  *  *  *  *  .\9
         10\*  *  *  *  *  *  *  *  *  .  .\10
          11\.  .  .  .  .  .  .  .  .  .  .\11
              a  b  c  d  e  f  g  h  i  j  k  
03747 info: Old: [black, j3] [white, swap-pieces] [white, h8] [black, h5] [white, k6] 
03747 info: New: [black, j3] [white, swap-pieces] [white, h8] [black, h5] [white, k6] [black, b8] [white, h7] 
03747 info: MovesPlayed: [black, b8] [white, h7] 
03747 info: No subtree to reuse.
03747 info: StartSearch()[0]
03747 info: 
Elapsed Time   0.344437s
Count          1
GamesPlayed    1
Nodes          1
Knowledge      0 (0.0%)
Expansions     0.0
Time           0.00
GameLen        115.0 dev=0.0 min=115.0 max=115.0
InTree         0.0 dev=0.0 min=0.0 max=0.0
KnowDepth      -
Aborted        0%
Games/s        3205.1
Score          0.00
Sequence      
03747 info: 
03747 warning: **** MoHexSearch returned empty sequence!
03747 warning: **** Returning random move!
03747 info: Best move cannot be determined, must search state.
03747 info: --- MoHexPlayer::Search() ---
03747 info: Color: black
03747 info: MaxGames: 1
03747 info: NumberThreads: 1
03747 info: MaxNodes: 181818181 (15999999928 bytes)
03747 info: TimeForMove: 1
03747 info: PreSearch: max time reached (28/77).
03747 info: Time for PreSearch: 0.206462s
03747 info: 
  97c61cf387e4f27b
  a  b  c  d  e  f  g  h  i  j  k  
 1\.  .  .  .  .  .  .  .  .  .  .\1
  2\.  .  *  *  *  *  *  *  *  *  .\2
   3\.  *  *  *  *  *  *  *  *  B  .\3
    4\*  *  W  *  *  *  *  *  .  *  *\4
     5\*  *  *  *  *  *  *  B  .  *  .\5
      6\*  *  *  *  *  *  *  B  *  *  W\6
       7\*  *  *  *  *  *  *  W  *  *  .\7
        8\.  B  *  *  *  *  *  W  *  *  *\8
         9\.  *  *  *  *  *  *  *  *  *  .\9
         10\*  *  *  *  *  *  *  *  *  .  .\10
          11\.  .  .  .  .  .  .  .  .  .  .\11
              a  b  c  d  e  f  g  h  i  j  k  
03747 info: Old: [black, j3] [white, swap-pieces] [white, h8] [black, h5] [white, k6] [black, b8] [white, h7] 
03747 info: New: [black, j3] [white, swap-pieces] [white, h8] [black, h5] [white, k6] [black, b8] [white, h7] [black, h6] [white, c4] 
03747 info: MovesPlayed: [black, h6] [white, c4] 
03747 info: No subtree to reuse.
03747 info: StartSearch()[0]
03747 info: 
Elapsed Time   0.360338s
Count          1
GamesPlayed    1
Nodes          1
Knowledge      0 (0.0%)
Expansions     0.0
Time           0.00
GameLen        113.0 dev=0.0 min=113.0 max=113.0
InTree         0.0 dev=0.0 min=0.0 max=0.0
KnowDepth      -
Aborted        0%
Games/s        3246.8
Score          1.00
Sequence      
03747 info: 
03747 warning: **** MoHexSearch returned empty sequence!
03747 warning: **** Returning random move!
03747 info: Best move cannot be determined, must search state.
03747 info: --- MoHexPlayer::Search() ---
03747 info: Color: black
03747 info: MaxGames: 1
03747 info: NumberThreads: 1
03747 info: MaxNodes: 181818181 (15999999928 bytes)
03747 info: TimeForMove: 1
03747 info: PreSearch: max time reached (38/72).
03747 info: Time for PreSearch: 0.202578s
03747 info: 
  87a557ae8c47c124
  a  b  c  d  e  f  g  h  i  j  k  
 1\.  .  .  .  .  .  .  .  .  .  .\1
  2\.  .  *  *  *  *  *  *  *  *  .\2
   3\.  *  *  *  *  *  *  *  *  B  .\3
    4\*  *  W  *  *  *  *  *  .  *  *\4
     5\*  *  *  *  *  *  *  B  .  *  .\5
      6\*  *  *  *  *  *  *  B  *  *  W\6
       7\*  *  *  *  *  *  W  W  *  *  .\7
        8\.  B  *  *  *  *  .  W  *  *  *\8
         9\.  *  *  *  *  *  *  *  *  *  .\9
         10\*  *  .  B  .  *  *  *  *  .  .\10
          11\.  b  b  b  b  .  .  .  .  .  .\11
              a  b  c  d  e  f  g  h  i  j  k  
03747 info: Old: [black, j3] [white, swap-pieces] [white, h8] [black, h5] [white, k6] [black, b8] [white, h7] [black, h6] [white, c4] 
03747 info: New: [black, j3] [white, swap-pieces] [white, h8] [black, h5] [white, k6] [black, b8] [white, h7] [black, h6] [white, c4] [black, d10] [white, g7] 
03747 info: MovesPlayed: [black, d10] [white, g7] 
03747 info: No subtree to reuse.
03747 info: StartSearch()[0]
03747 info: 
Elapsed Time   0.366976s
Count          1
GamesPlayed    1
Nodes          1
Knowledge      0 (0.0%)
Expansions     0.0
Time           0.00
GameLen        107.0 dev=0.0 min=107.0 max=107.0
InTree         0.0 dev=0.0 min=0.0 max=0.0
KnowDepth      -
Aborted        0%
Games/s        1972.4
Score          0.00
Sequence      
03747 info: 
03747 warning: **** MoHexSearch returned empty sequence!
03747 warning: **** Returning random move!
03747 info: Best move cannot be determined, must search state.
03747 info: --- MoHexPlayer::Search() ---
03747 info: Color: black
03747 info: MaxGames: 1
03747 info: NumberThreads: 1
03747 info: MaxNodes: 181818181 (15999999928 bytes)
03747 info: TimeForMove: 1
03747 info: PreSearch: max time reached (46/71).
03747 info: Time for PreSearch: 0.201036s
03747 info: 
  38c420608d11f91b
  a  b  c  d  e  f  g  h  i  j  k  
 1\.  .  .  .  .  .  .  .  .  .  .\1
  2\.  .  *  *  *  *  *  *  .  *  .\2
   3\.  *  *  *  *  *  *  *  W  B  .\3
    4\*  *  W  *  *  *  *  *  .  *  *\4
     5\*  *  *  *  *  *  *  B  .  *  .\5
      6\*  *  *  *  *  *  *  B  *  *  W\6
       7\*  *  *  *  *  *  W  W  *  *  .\7
        8\.  B  *  *  *  *  .  W  *  *  *\8
         9\.  *  *  *  *  .  *  *  *  *  *\9
         10\*  *  .  B  .  *  *  *  *  .  .\10
          11\.  b  b  b  b  .  .  .  B  b  b\11
              a  b  c  d  e  f  g  h  i  j  k  
03747 info: Old: [black, j3] [white, swap-pieces] [white, h8] [black, h5] [white, k6] [black, b8] [white, h7] [black, h6] [white, c4] [black, d10] [white, g7] 
03747 info: New: [black, j3] [white, swap-pieces] [white, h8] [black, h5] [white, k6] [black, b8] [white, h7] [black, h6] [white, c4] [black, d10] [white, g7] [black, i11] [white, i3] 
03747 info: MovesPlayed: [black, i11] [white, i3] 
03747 info: No subtree to reuse.
03747 info: StartSearch()[0]
03747 info: 
Elapsed Time   0.372995s
Count          1
GamesPlayed    1
Nodes          1
Knowledge      0 (0.0%)
Expansions     0.0
Time           0.00
GameLen        103.0 dev=0.0 min=103.0 max=103.0
InTree         0.0 dev=0.0 min=0.0 max=0.0
KnowDepth      -
Aborted        0%
Games/s        2611.0
Score          0.00
Sequence      
03747 info: 
03747 warning: **** MoHexSearch returned empty sequence!
03747 warning: **** Returning random move!
03747 info: Best move cannot be determined, must search state.
03747 info: --- MoHexPlayer::Search() ---
03747 info: Color: black
03747 info: MaxGames: 1
03747 info: NumberThreads: 1
03747 info: MaxNodes: 181818181 (15999999928 bytes)
03747 info: TimeForMove: 1
03747 info: PreSearch: max time reached (48/69).
03747 info: Time for PreSearch: 0.203555s
03747 info: 
  040f00bac62d9825
  a  b  c  d  e  f  g  h  i  j  k  
 1\.  .  .  .  .  .  .  .  .  .  .\1
  2\.  .  *  *  *  *  *  *  .  *  .\2
   3\.  *  *  *  *  *  *  *  W  B  .\3
    4\*  *  W  *  *  *  *  *  .  *  *\4
     5\*  *  *  *  *  *  *  B  .  *  .\5
      6\*  *  *  *  *  *  *  B  *  *  W\6
       7\B  .  *  *  *  *  W  W  *  *  .\7
        8\.  B  *  *  *  *  .  W  *  *  *\8
         9\.  *  *  *  *  .  *  *  *  *  *\9
         10\*  *  W  B  .  *  *  *  *  .  .\10
          11\.  .  b  b  b  .  .  .  B  b  b\11
              a  b  c  d  e  f  g  h  i  j  k  
03747 info: Old: [black, j3] [white, swap-pieces] [white, h8] [black, h5] [white, k6] [black, b8] [white, h7] [black, h6] [white, c4] [black, d10] [white, g7] [black, i11] [white, i3] 
03747 info: New: [black, j3] [white, swap-pieces] [white, h8] [black, h5] [white, k6] [black, b8] [white, h7] [black, h6] [white, c4] [black, d10] [white, g7] [black, i11] [white, i3] [black, a7] [white, c10] 
03747 info: MovesPlayed: [black, a7] [white, c10] 
03747 info: No subtree to reuse.
03747 info: StartSearch()[0]
03747 info: 
Elapsed Time   0.356048s
Count          1
GamesPlayed    1
Nodes          1
Knowledge      0 (0.0%)
Expansions     0.0
Time           0.00
GameLen        102.0 dev=0.0 min=102.0 max=102.0
InTree         0.0 dev=0.0 min=0.0 max=0.0
KnowDepth      -
Aborted        0%
Games/s        3096.0
Score          0.00
Sequence      
03747 info: 
03747 warning: **** MoHexSearch returned empty sequence!
03747 warning: **** Returning random move!
03747 info: Best move cannot be determined, must search state.
03747 info: --- MoHexPlayer::Search() ---
03747 info: Color: black
03747 info: MaxGames: 1
03747 info: NumberThreads: 1
03747 info: MaxNodes: 181818181 (15999999928 bytes)
03747 info: TimeForMove: 1
03747 info: PreSearch: max time reached (36/64).
03747 info: Time for PreSearch: 0.200141s
03747 info: 
  d93c3031eb83198f
  a  b  c  d  e  f  g  h  i  j  k  
 1\.  .  .  .  .  .  .  .  .  .  .\1
  2\.  .  *  *  *  *  *  *  .  *  .\2
   3\.  *  *  *  *  *  *  *  W  B  .\3
    4\*  *  W  W  *  *  *  .  .  *  *\4
     5\*  *  *  *  *  B  .  B  .  *  .\5
      6\*  *  *  *  *  *  .  B  *  *  W\6
       7\B  .  *  *  *  *  W  W  *  *  .\7
        8\.  B  *  *  *  *  .  W  *  *  *\8
         9\.  *  *  *  *  .  *  *  *  *  *\9
         10\*  *  W  B  .  *  *  *  *  .  .\10
          11\.  .  b  b  b  .  .  .  B  b  b\11
              a  b  c  d  e  f  g  h  i  j  k  
03747 info: Old: [black, j3] [white, swap-pieces] [white, h8] [black, h5] [white, k6] [black, b8] [white, h7] [black, h6] [white, c4] [black, d10] [white, g7] [black, i11] [white, i3] [black, a7] [white, c10] 
03747 info: New: [black, j3] [white, swap-pieces] [white, h8] [black, h5] [white, k6] [black, b8] [white, h7] [black, h6] [white, c4] [black, d10] [white, g7] [black, i11] [white, i3] [black, a7] [white, c10] [black, f5] [white, d4] 
03747 info: MovesPlayed: [black, f5] [white, d4] 
03747 info: No subtree to reuse.
03747 info: StartSearch()[0]
03747 info: 
Elapsed Time   0.362401s
Count          1
GamesPlayed    1
Nodes          1
Knowledge      0 (0.0%)
Expansions     0.0
Time           0.00
GameLen        100.0 dev=0.0 min=100.0 max=100.0
InTree         0.0 dev=0.0 min=0.0 max=0.0
KnowDepth      -
Aborted        0%
Games/s        2188.2
Score          1.00
Sequence      
03747 info: 
03747 warning: **** MoHexSearch returned empty sequence!
03747 warning: **** Returning random move!
03747 info: Best move cannot be determined, must search state.
03747 info: --- MoHexPlayer::Search() ---
03747 info: Color: black
03747 info: MaxGames: 1
03747 info: NumberThreads: 1
03747 info: MaxNodes: 181818181 (15999999928 bytes)
03747 info: TimeForMove: 1
03747 info: PreSearch: max time reached (54/58).
03747 info: Time for PreSearch: 0.203036s
03747 info: 
  7322afc49651ffe5
  a  b  c  d  e  f  g  h  i  j  k  
 1\.  .  .  .  .  b  b  b  b  .  .\1
  2\.  .  *  .  .  .  B  .  .  *  .\2
   3\.  *  *  .  .  *  *  *  W  B  .\3
    4\*  *  W  W  *  *  *  .  .  .  .\4
     5\*  *  *  *  *  B  .  B  .  *  .\5
      6\*  *  *  *  *  *  .  B  .  *  W\6
       7\B  .  *  *  *  *  W  W  W  *  .\7
        8\.  B  *  *  *  *  .  W  *  *  *\8
         9\.  *  *  *  *  .  *  *  *  *  *\9
         10\*  *  W  B  .  .  *  *  *  .  .\10
          11\.  .  b  b  b  .  .  .  B  b  b\11
              a  b  c  d  e  f  g  h  i  j  k  
03747 info: Old: [black, j3] [white, swap-pieces] [white, h8] [black, h5] [white, k6] [black, b8] [white, h7] [black, h6] [white, c4] [black, d10] [white, g7] [black, i11] [white, i3] [black, a7] [white, c10] [black, f5] [white, d4] 
03747 info: New: [black, j3] [white, swap-pieces] [white, h8] [black, h5] [white, k6] [black, b8] [white, h7] [black, h6] [white, c4] [black, d10] [white, g7] [black, i11] [white, i3] [black, a7] [white, c10] [black, f5] [white, d4] [black, g2] [white, i7] 
03747 info: MovesPlayed: [black, g2] [white, i7] 
03747 info: No subtree to reuse.
03747 info: StartSearch()[0]
03747 info: 
Elapsed Time   0.582476s
Count          1
GamesPlayed    1
Nodes          1
Knowledge      0 (0.0%)
Expansions     0.0
Time           0.00
GameLen        94.0 dev=0.0 min=94.0 max=94.0
InTree         0.0 dev=0.0 min=0.0 max=0.0
KnowDepth      -
Aborted        0%
Games/s        3676.5
Score          1.00
Sequence      
03747 info: 
03747 warning: **** MoHexSearch returned empty sequence!
03747 warning: **** Returning random move!
03747 info: Best move cannot be determined, must search state.
03747 info: --- MoHexPlayer::Search() ---
03747 info: Color: black
03747 info: MaxGames: 1
03747 info: NumberThreads: 1
03747 info: MaxNodes: 181818181 (15999999928 bytes)
03747 info: TimeForMove: 1
03747 info: Winning sequence found before UCT search!
03747 info: Sequence: e7
03747 info: Winning SC.
03747 info: Winning SC.
03747 info: Winning SC.
03747 info: Winning SC.
03747 info: Winning SC.
03747 info: Winning SC.
03747 info: Winning SC.
03747 info: Winning SC.
03747 info: Captured cells caused win! Removing...
03747 info: Winning SC.
03747 config: ============ BenzeneShutdown =============
03747 config: MoHexProgram:: ShutdownSystem()
03747 config: CommonProgram:: ShutdownSystem()
03747 config: BenzeneProgram:: ShutdownSystem()
Flushing and closing this stream...
