18b77 config: MoHex v2.0.CMake Mar 21 2025.
18b77 config: ============ InitializeSystem ============
18b77 config: BenzeneProgram::InitRandom()
18b77 config: Seed = 13691
18b77 info: Prior Patterns:
18b77 info: Global:
18b77 info: Size            = 565 32648 
18b77 info: TableEntries    = 65932 65910
18b77 info: MirrorsAdded    = 0 0
18b77 info: PrunableCount   = 30593 30629
18b77 info: LargestGamma    = 5820.77
18b77 info: SmallestGamma   = 6.6e-05
18b77 info: Local:
18b77 info: Size            = 550 5318 
18b77 info: TableEntries    = 11602 11588
18b77 info: MirrorsAdded    = 0 0
18b77 info: PrunableCount   = 3659 3667
18b77 info: LargestGamma    = 11281.8
18b77 info: SmallestGamma   = 0.026235
18b77 info: Playout Patterns:
18b77 info: Global:
18b77 info: Size            = 565 32648 
18b77 info: TableEntries    = 70329 70329
18b77 info: MirrorsAdded    = 4397 4419
18b77 info: PrunableCount   = 30593 30629
18b77 info: LargestGamma    = 5820.77
18b77 info: SmallestGamma   = 6.6e-05
18b77 info: Local:
18b77 info: Size            = 550 5318 
18b77 info: TableEntries    = 11602 11588
18b77 info: MirrorsAdded    = 0 0
18b77 info: PrunableCount   = 3659 3667
18b77 info: LargestGamma    = 11281.8
18b77 info: SmallestGamma   = 0.026235
18b77 config: IcePatternSet: reading from '/home/linus/MoHex2.0/nfbranchfix/benzene-vanilla-cmake/share/ice-patterns.txt'.
18b77 config: IcePatternSet: parsed 708 patterns.
18b77 config: VCS: reading captured set patterns from '/home/linus/MoHex2.0/nfbranchfix/benzene-vanilla-cmake/share/vc-captured-set.txt'.
18b77 config: VCS:: parsed 2 patterns.
18b77 config: VCS: reading captured set patterns from '/home/linus/MoHex2.0/nfbranchfix/benzene-vanilla-cmake/share/vc-captured-set.txt'.
18b77 config: VCS:: parsed 2 patterns.
18b77 config: IcePatternSet: reading from '/home/linus/MoHex2.0/nfbranchfix/benzene-vanilla-cmake/share/ice-patterns.txt'.
18b77 config: IcePatternSet: parsed 708 patterns.
18b77 config: VCS: reading captured set patterns from '/home/linus/MoHex2.0/nfbranchfix/benzene-vanilla-cmake/share/vc-captured-set.txt'.
18b77 config: VCS:: parsed 2 patterns.
18b77 config: VCS: reading captured set patterns from '/home/linus/MoHex2.0/nfbranchfix/benzene-vanilla-cmake/share/vc-captured-set.txt'.
18b77 config: VCS:: parsed 2 patterns.
18b77 config: VCS: reading captured set patterns from '/home/linus/MoHex2.0/nfbranchfix/benzene-vanilla-cmake/share/vc-captured-set.txt'.
18b77 config: VCS:: parsed 2 patterns.
18b77 config: VCS: reading captured set patterns from '/home/linus/MoHex2.0/nfbranchfix/benzene-vanilla-cmake/share/vc-captured-set.txt'.
18b77 config: VCS:: parsed 2 patterns.
18b77 config: VCS: reading captured set patterns from '/home/linus/MoHex2.0/nfbranchfix/benzene-vanilla-cmake/share/vc-captured-set.txt'.
18b77 config: VCS:: parsed 2 patterns.
18b77 config: VCS: reading captured set patterns from '/home/linus/MoHex2.0/nfbranchfix/benzene-vanilla-cmake/share/vc-captured-set.txt'.
18b77 config: VCS:: parsed 2 patterns.
18b77 info: SwapCheck: reading from '/home/linus/MoHex2.0/nfbranchfix/benzene-vanilla-cmake/share/swap-moves.txt'.
18b77 info: SwapCheck: opting not to swap.
18b77 config: VCPattern: loading pattern templates from '/home/linus/MoHex2.0/nfbranchfix/benzene-vanilla-cmake/share/vc-patterns.txt'.
18b77 info: Best move cannot be determined, must search state.
18b77 info: --- MoHexPlayer::Search() ---
18b77 info: Color: white
18b77 info: MaxGames: 1
18b77 info: NumberThreads: 1
18b77 info: MaxNodes: 181818181 (15999999928 bytes)
18b77 info: TimeForMove: 1
18b77 info: PreSearch: max time reached (55/90).
18b77 info: Time for PreSearch: 0.201769s
18b77 info: 
  243af4d80cfa3d68
  a  b  c  d  e  f  g  h  i  j  k  
 1\.  .  .  *  *  *  *  *  *  *  .\1
  2\.  .  *  *  *  *  *  *  *  *  .\2
   3\.  *  *  *  *  *  *  *  *  *  .\3
    4\.  *  *  *  *  *  *  *  *  *  .\4
     5\.  *  *  *  *  *  *  *  *  *  .\5
      6\.  *  *  *  *  *  *  *  *  *  .\6
       7\.  *  *  *  *  *  *  *  *  *  .\7
        8\.  *  *  *  *  *  *  *  *  *  .\8
         9\.  *  *  *  *  *  *  *  *  *  .\9
         10\.  *  *  *  *  *  *  *  *  .  .\10
          11\.  *  *  .  B  .  *  *  .  .  .\11
              a  b  c  d  e  f  g  h  i  j  k  
18b77 info: No subtree to reuse.
18b77 info: Creating thread 0
18b77 info: StartSearch()[0]
18b77 config: VCS: reading captured set patterns from '/home/linus/MoHex2.0/nfbranchfix/benzene-vanilla-cmake/share/vc-captured-set.txt'.
18b77 config: VCS:: parsed 2 patterns.
18b77 config: VCS: reading captured set patterns from '/home/linus/MoHex2.0/nfbranchfix/benzene-vanilla-cmake/share/vc-captured-set.txt'.
18b77 config: VCS:: parsed 2 patterns.
18b77 info: 
Elapsed Time   0.526821s
Count          1
GamesPlayed    1
Nodes          1
Knowledge      0 (0.0%)
Expansions     0.0
Time           0.00
GameLen        120.0 dev=0.0 min=120.0 max=120.0
InTree         0.0 dev=0.0 min=0.0 max=0.0
KnowDepth      -
Aborted        0%
Games/s        433.5
Score          0.00
Sequence      
18b77 info: 
18b77 warning: **** MoHexSearch returned empty sequence!
18b77 warning: **** Returning random move!
18b77 info: Best move cannot be determined, must search state.
18b77 info: --- MoHexPlayer::Search() ---
18b77 info: Color: white
18b77 info: MaxGames: 1
18b77 info: NumberThreads: 1
18b77 info: MaxNodes: 181818181 (15999999928 bytes)
18b77 info: TimeForMove: 1
18b77 info: PreSearch: max time reached (57/86).
18b77 info: Time for PreSearch: 0.202735s
18b77 info: 
  8bcd40ef787abd4f
  a  b  c  d  e  f  g  h  i  j  k  
 1\.  .  .  *  *  *  *  *  *  *  .\1
  2\.  .  *  *  *  *  *  *  *  *  .\2
   3\.  *  *  *  *  *  *  *  *  *  .\3
    4\.  *  *  *  *  *  *  *  *  .  w\4
     5\.  *  *  *  *  *  *  *  *  .  w\5
      6\.  *  *  *  *  *  *  *  *  W  w\6
       7\.  *  *  *  *  *  *  *  *  .  w\7
        8\.  *  *  *  *  *  *  *  *  *  .\8
         9\.  *  *  *  *  *  *  *  *  *  .\9
         10\.  *  *  *  *  *  *  *  *  .  B\10
          11\.  *  *  .  B  .  *  .  b  b  b\11
              a  b  c  d  e  f  g  h  i  j  k  
18b77 info: Old: [black, e11] 
18b77 info: New: [black, e11] [white, j6] [black, k10] 
18b77 info: MovesPlayed: [white, j6] [black, k10] 
18b77 info: No subtree to reuse.
18b77 info: StartSearch()[0]
18b77 info: 
Elapsed Time   0.354765s
Count          1
GamesPlayed    1
Nodes          1
Knowledge      0 (0.0%)
Expansions     0.0
Time           0.00
GameLen        111.0 dev=0.0 min=111.0 max=111.0
InTree         0.0 dev=0.0 min=0.0 max=0.0
KnowDepth      -
Aborted        0%
Games/s        3144.7
Score          1.00
Sequence      
18b77 info: 
18b77 warning: **** MoHexSearch returned empty sequence!
18b77 warning: **** Returning random move!
18b77 info: Best move cannot be determined, must search state.
18b77 info: --- MoHexPlayer::Search() ---
18b77 info: Color: white
18b77 info: MaxGames: 1
18b77 info: NumberThreads: 1
18b77 info: MaxNodes: 181818181 (15999999928 bytes)
18b77 info: TimeForMove: 1
18b77 info: PreSearch: max time reached (70/72).
18b77 info: Time for PreSearch: 0.201827s
18b77 info: 
  82c6014c896a13e2
  a  b  c  d  e  f  g  h  i  j  k  
 1\.  .  .  *  *  *  *  *  *  *  .\1
  2\.  .  *  *  *  *  *  *  *  *  .\2
   3\.  *  *  *  *  *  *  *  *  .  w\3
    4\.  *  *  *  *  *  *  *  *  .  w\4
     5\.  *  *  *  *  *  *  *  .  w  w\5
      6\.  *  *  *  *  *  *  *  W  W  w\6
       7\.  *  *  *  *  *  *  *  .  w  w\7
        8\.  *  *  *  *  *  *  .  .  w  w\8
         9\.  *  *  *  *  *  *  .  .  w  w\9
         10\.  *  *  *  *  .  B  b  b  b  B\10
          11\.  *  *  .  B  b  b  b  b  b  b\11
              a  b  c  d  e  f  g  h  i  j  k  
18b77 info: Old: [black, e11] [white, j6] [black, k10] 
18b77 info: New: [black, e11] [white, j6] [black, k10] [white, i6] [black, g10] 
18b77 info: MovesPlayed: [white, i6] [black, g10] 
18b77 info: No subtree to reuse.
18b77 info: StartSearch()[0]
18b77 info: 
Elapsed Time   0.355451s
Count          1
GamesPlayed    1
Nodes          1
Knowledge      0 (0.0%)
Expansions     0.0
Time           0.00
GameLen        96.0 dev=0.0 min=96.0 max=96.0
InTree         0.0 dev=0.0 min=0.0 max=0.0
KnowDepth      -
Aborted        0%
Games/s        3676.5
Score          0.00
Sequence      
18b77 info: 
18b77 warning: **** MoHexSearch returned empty sequence!
18b77 warning: **** Returning random move!
18b77 info: Best move cannot be determined, must search state.
18b77 info: --- MoHexPlayer::Search() ---
18b77 info: Color: white
18b77 info: MaxGames: 1
18b77 info: NumberThreads: 1
18b77 info: MaxNodes: 181818181 (15999999928 bytes)
18b77 info: TimeForMove: 1
18b77 info: Time for PreSearch: 0.200033s
18b77 info: 
  df557b22fc945d9b
  a  b  c  d  e  f  g  h  i  j  k  
 1\.  .  .  *  *  *  *  *  *  *  .\1
  2\.  .  *  *  *  *  *  *  *  *  .\2
   3\.  *  *  *  *  *  *  *  *  .  w\3
    4\.  *  *  *  *  *  *  *  *  .  w\4
     5\.  *  *  *  *  *  *  *  .  w  w\5
      6\.  *  *  *  *  *  *  *  W  W  w\6
       7\.  *  *  *  *  *  *  *  .  w  w\7
        8\.  .  *  *  *  *  *  .  .  w  w\8
         9\w  .  *  *  *  B  *  .  .  w  w\9
         10\w  W  *  *  *  .  B  b  b  b  B\10
          11\w  .  *  .  B  b  b  b  b  b  b\11
              a  b  c  d  e  f  g  h  i  j  k  
18b77 info: Old: [black, e11] [white, j6] [black, k10] [white, i6] [black, g10] 
18b77 info: New: [black, e11] [white, j6] [black, k10] [white, i6] [black, g10] [white, b10] [black, f9] 
18b77 info: MovesPlayed: [white, b10] [black, f9] 
18b77 info: No subtree to reuse.
18b77 info: StartSearch()[0]
18b77 info: 
Elapsed Time   0.56595s
Count          1
GamesPlayed    1
Nodes          1
Knowledge      0 (0.0%)
Expansions     0.0
Time           0.00
GameLen        91.0 dev=0.0 min=91.0 max=91.0
InTree         0.0 dev=0.0 min=0.0 max=0.0
KnowDepth      -
Aborted        0%
Games/s        3533.6
Score          1.00
Sequence      
18b77 info: 
18b77 warning: **** MoHexSearch returned empty sequence!
18b77 warning: **** Returning random move!
18b77 info: Best move cannot be determined, must search state.
18b77 info: --- MoHexPlayer::Search() ---
18b77 info: Color: white
18b77 info: MaxGames: 1
18b77 info: NumberThreads: 1
18b77 info: MaxNodes: 181818181 (15999999928 bytes)
18b77 info: TimeForMove: 1
18b77 info: Time for PreSearch: 0.146446s
18b77 info: 
  0355c034bd0aae57
  a  b  c  d  e  f  g  h  i  j  k  
 1\.  .  .  *  W  *  *  *  *  *  .\1
  2\.  .  *  *  *  *  *  *  *  *  .\2
   3\.  *  *  *  *  *  *  *  *  .  w\3
    4\.  *  *  *  *  *  *  *  *  .  w\4
     5\.  *  *  *  *  *  *  *  .  w  w\5
      6\.  *  *  *  *  *  *  *  W  W  w\6
       7\.  *  *  *  *  *  *  .  b  w  w\7
        8\.  .  *  *  *  *  B  b  b  w  w\8
         9\w  .  *  *  .  B  b  b  b  w  w\9
         10\w  W  .  b  b  b  B  b  b  b  B\10
          11\w  b  b  b  B  b  b  b  b  b  b\11
              a  b  c  d  e  f  g  h  i  j  k  
18b77 info: Old: [black, e11] [white, j6] [black, k10] [white, i6] [black, g10] [white, b10] [black, f9] 
18b77 info: New: [black, e11] [white, j6] [black, k10] [white, i6] [black, g10] [white, b10] [black, f9] [white, e1] [black, g8] 
18b77 info: MovesPlayed: [white, e1] [black, g8] 
18b77 info: No subtree to reuse.
18b77 info: StartSearch()[0]
18b77 info: 
Elapsed Time   0.290646s
Count          1
GamesPlayed    1
Nodes          1
Knowledge      0 (0.0%)
Expansions     0.0
Time           0.00
GameLen        77.0 dev=0.0 min=77.0 max=77.0
InTree         0.0 dev=0.0 min=0.0 max=0.0
KnowDepth      -
Aborted        0%
Games/s        3968.3
Score          0.00
Sequence      
18b77 info: 
18b77 warning: **** MoHexSearch returned empty sequence!
18b77 warning: **** Returning random move!
18b77 info: Best move cannot be determined, must search state.
18b77 info: --- MoHexPlayer::Search() ---
18b77 info: Color: white
18b77 info: MaxGames: 1
18b77 info: NumberThreads: 1
18b77 info: MaxNodes: 181818181 (15999999928 bytes)
18b77 info: TimeForMove: 1
18b77 info: Time for PreSearch: 0.124249s
18b77 info: 
  5cecc909401661ae
  a  b  c  d  e  f  g  h  i  j  k  
 1\.  *  .  *  W  *  *  *  W  *  .\1
  2\.  .  *  *  *  *  *  *  *  *  .\2
   3\B  *  *  *  *  *  *  *  *  .  w\3
    4\.  *  *  *  *  *  *  *  *  .  w\4
     5\.  *  *  *  *  *  *  *  .  w  w\5
      6\.  *  *  *  *  *  *  *  W  W  w\6
       7\.  *  *  *  *  *  *  .  b  w  w\7
        8\.  .  *  *  *  *  B  b  b  w  w\8
         9\w  .  *  *  .  B  b  b  b  w  w\9
         10\w  W  .  b  b  b  B  b  b  b  B\10
          11\w  b  b  b  B  b  b  b  b  b  b\11
              a  b  c  d  e  f  g  h  i  j  k  
18b77 info: Old: [black, e11] [white, j6] [black, k10] [white, i6] [black, g10] [white, b10] [black, f9] [white, e1] [black, g8] 
18b77 info: New: [black, e11] [white, j6] [black, k10] [white, i6] [black, g10] [white, b10] [black, f9] [white, e1] [black, g8] [white, i1] [black, a3] 
18b77 info: MovesPlayed: [white, i1] [black, a3] 
18b77 info: No subtree to reuse.
18b77 info: StartSearch()[0]
18b77 info: 
Elapsed Time   0.263049s
Count          1
GamesPlayed    1
Nodes          1
Knowledge      0 (0.0%)
Expansions     0.0
Time           0.00
GameLen        75.0 dev=0.0 min=75.0 max=75.0
InTree         0.0 dev=0.0 min=0.0 max=0.0
KnowDepth      -
Aborted        0%
Games/s        3676.5
Score          1.00
Sequence      
18b77 info: 
18b77 warning: **** MoHexSearch returned empty sequence!
18b77 warning: **** Returning random move!
18b77 info: Best move cannot be determined, must search state.
18b77 info: --- MoHexPlayer::Search() ---
18b77 info: Color: white
18b77 info: MaxGames: 1
18b77 info: NumberThreads: 1
18b77 info: MaxNodes: 181818181 (15999999928 bytes)
18b77 info: TimeForMove: 1
18b77 info: Time for PreSearch: 0.096926s
18b77 info: 
  dd48d7d13f4c66d6
  a  b  c  d  e  f  g  h  i  j  k  
 1\.  *  .  *  W  *  *  *  W  *  .\1
  2\.  .  *  *  *  *  *  *  *  *  .\2
   3\B  *  *  *  *  *  *  *  *  .  w\3
    4\.  *  *  *  *  *  *  *  *  .  w\4
     5\W  *  *  *  *  *  *  *  .  w  w\5
      6\.  *  *  *  *  *  *  .  W  W  w\6
       7\.  *  *  *  *  *  B  w  w  w  w\7
        8\.  .  *  *  *  b  B  b  b  w  w\8
         9\w  .  *  *  b  B  b  b  b  w  w\9
         10\w  W  .  b  b  b  B  b  b  b  B\10
          11\w  b  b  b  B  b  b  b  b  b  b\11
              a  b  c  d  e  f  g  h  i  j  k  
18b77 info: Old: [black, e11] [white, j6] [black, k10] [white, i6] [black, g10] [white, b10] [black, f9] [white, e1] [black, g8] [white, i1] [black, a3] 
18b77 info: New: [black, e11] [white, j6] [black, k10] [white, i6] [black, g10] [white, b10] [black, f9] [white, e1] [black, g8] [white, i1] [black, a3] [white, a5] [black, g7] 
18b77 info: MovesPlayed: [white, a5] [black, g7] 
18b77 info: No subtree to reuse.
18b77 info: StartSearch()[0]
18b77 info: 
Elapsed Time   0.239214s
Count          1
GamesPlayed    1
Nodes          1
Knowledge      0 (0.0%)
Expansions     0.0
Time           0.00
GameLen        70.0 dev=0.0 min=70.0 max=70.0
InTree         0.0 dev=0.0 min=0.0 max=0.0
KnowDepth      -
Aborted        0%
Games/s        3891.1
Score          0.00
Sequence      
18b77 info: 
18b77 warning: **** MoHexSearch returned empty sequence!
18b77 warning: **** Returning random move!
18b77 info: Best move cannot be determined, must search state.
18b77 info: --- MoHexPlayer::Search() ---
18b77 info: Color: white
18b77 info: MaxGames: 1
18b77 info: NumberThreads: 1
18b77 info: MaxNodes: 181818181 (15999999928 bytes)
18b77 info: TimeForMove: 1
18b77 info: Time for PreSearch: 0.095666s
18b77 info: 
  cfd466fd8ca59ae6
  a  b  c  d  e  f  g  h  i  j  k  
 1\.  *  .  *  W  *  *  *  W  *  .\1
  2\.  .  *  *  *  *  *  *  *  *  .\2
   3\B  *  *  *  *  *  *  *  *  .  w\3
    4\.  *  *  *  *  *  *  B  .  .  w\4
     5\W  *  *  *  *  *  *  *  .  w  w\5
      6\.  *  *  *  *  *  *  .  W  W  w\6
       7\.  *  *  *  *  W  B  w  w  w  w\7
        8\.  .  *  *  *  b  B  b  b  w  w\8
         9\w  .  *  *  b  B  b  b  b  w  w\9
         10\w  W  .  b  b  b  B  b  b  b  B\10
          11\w  b  b  b  B  b  b  b  b  b  b\11
              a  b  c  d  e  f  g  h  i  j  k  
18b77 info: Old: [black, e11] [white, j6] [black, k10] [white, i6] [black, g10] [white, b10] [black, f9] [white, e1] [black, g8] [white, i1] [black, a3] [white, a5] [black, g7] 
18b77 info: New: [black, e11] [white, j6] [black, k10] [white, i6] [black, g10] [white, b10] [black, f9] [white, e1] [black, g8] [white, i1] [black, a3] [white, a5] [black, g7] [white, f7] [black, h4] 
18b77 info: MovesPlayed: [white, f7] [black, h4] 
18b77 info: No subtree to reuse.
18b77 info: StartSearch()[0]
18b77 info: 
Elapsed Time   0.2428s
Count          1
GamesPlayed    1
Nodes          1
Knowledge      0 (0.0%)
Expansions     0.0
Time           0.00
GameLen        68.0 dev=0.0 min=68.0 max=68.0
InTree         0.0 dev=0.0 min=0.0 max=0.0
KnowDepth      -
Aborted        0%
Games/s        3984.1
Score          0.00
Sequence      
18b77 info: 
18b77 warning: **** MoHexSearch returned empty sequence!
18b77 warning: **** Returning random move!
18b77 info: Winning SC.
18b77 info: Winning SC.
18b77 info: Winning SC.
18b77 info: Winning SC.
18b77 info: Winning SC.
18b77 info: Winning SC.
18b77 config: ============ BenzeneShutdown =============
18b77 config: MoHexProgram:: ShutdownSystem()
18b77 config: CommonProgram:: ShutdownSystem()
18b77 config: BenzeneProgram:: ShutdownSystem()
Flushing and closing this stream...
