# nice ../build/src/mohex/mohex --config mohex-cg2010.htp --seed 273321 --logfile-name jobs/11x11-mohex-mohex-cg2010-vs-mohex-mohex-weak-4/mohex-mohex-cg2010-192.log
>boardsize 11 11
<= 
<
>name
MoHex 2.0.CMake Mar 21 2025
Copyright (C) 2007-2012 by the authors of the Benzene project.
This program comes with ABSOLUTELY NO WARRANTY. This is
free software and you are welcome to redistribute it under
certain conditions. Type `benzene-license' for details.

SgRandom::SetSeed: 273321
SgUctSearch: system memory 33632358400, using 1000000000 (5681818 nodes)
SgRandom::SetSeed: 1
SgRandom::SetSeed: 273321
af347 info: Prior Patterns:
af347 info: Global:
af347 info: Size            = 565 32648 
af347 info: TableEntries    = 65932 65910
af347 info: MirrorsAdded    = 0 0
af347 info: PrunableCount   = 30593 30629
af347 info: LargestGamma    = 5820.77
af347 info: SmallestGamma   = 6.6e-05
af347 info: Local:
af347 info: Size            = 550 5318 
af347 info: TableEntries    = 11602 11588
af347 info: MirrorsAdded    = 0 0
af347 info: PrunableCount   = 3659 3667
af347 info: LargestGamma    = 11281.8
af347 info: SmallestGamma   = 0.026235
af347 info: Playout Patterns:
af347 info: Global:
af347 info: Size            = 565 32648 
af347 info: TableEntries    = 70329 70329
af347 info: MirrorsAdded    = 4397 4419
af347 info: PrunableCount   = 30593 30629
af347 info: LargestGamma    = 5820.77
af347 info: SmallestGamma   = 6.6e-05
af347 info: Local:
af347 info: Size            = 550 5318 
af347 info: TableEntries    = 11602 11588
af347 info: MirrorsAdded    = 0 0
af347 info: PrunableCount   = 3659 3667
af347 info: LargestGamma    = 11281.8
af347 info: SmallestGamma   = 0.026235
param_game allow_swap 1
= 

param_mohex max_memory 32000000000
= 

param_mohex num_threads 1
= 

param_mohex max_time 1
= 

param_mohex max_games 1
= 

param_mohex knowledge_threshold 400
= 

param_mohex reuse_subtree 1
= 

param_mohex use_parallel_solver 0
= 

<= MoHex
<
>version
<= 2.0.CMake
<
>play b i9
<= 
<
>showboard
<= 
< 
<  aee57cb616ca2166
<  a  b  c  d  e  f  g  h  i  j  k  
< 1\.  .  .  .  .  .  .  .  .  .  .\1
<  2\.  .  .  .  .  .  .  .  .  .  .\2
<   3\.  .  .  .  .  .  .  .  .  .  .\3
<    4\.  .  .  .  .  .  .  .  .  .  .\4
<     5\.  .  .  .  .  .  .  .  .  .  .\5
<      6\.  .  .  .  .  .  .  .  .  .  .\6
<       7\.  .  .  .  .  .  .  .  .  .  .\7
<        8\.  .  .  .  .  .  .  .  .  .  .\8
<         9\.  .  .  .  .  .  .  .  B  .  .\9
<         10\.  .  .  .  .  .  .  .  .  .  .\10
<          11\.  .  .  .  .  .  .  .  .  .  .\11
<              a  b  c  d  e  f  g  h  i  j  k  
<
>play w swap-pieces
<= 
<
>genmove w
<= h8
<
>play b b4
af347 info: Best move cannot be determined, must search state.
af347 info: --- MoHexPlayer::Search() ---
af347 info: Color: white
af347 info: MaxGames: 1
af347 info: NumberThreads: 1
af347 info: MaxNodes: 181818181 (15999999928 bytes)
af347 info: TimeForMove: 1
af347 info: PreSearch: max time reached (49/90).
af347 info: Time for PreSearch: 0.200145s
af347 info: 
  aee57cb616ca2166
  a  b  c  d  e  f  g  h  i  j  k  
 1\.  .  .  *  *  *  *  *  *  *  .\1
  2\.  .  *  *  *  *  *  *  *  *  .\2
   3\.  *  .  *  *  *  *  *  *  *  .\3
    4\.  *  *  *  *  *  *  *  *  *  .\4
     5\.  *  *  *  *  *  *  *  *  *  .\5
      6\.  *  *  *  *  *  *  *  *  *  .\6
       7\.  *  *  *  *  *  *  *  *  *  .\7
        8\.  *  *  *  *  *  *  *  *  .  .\8
         9\.  *  *  *  *  *  *  *  B  *  .\9
         10\.  *  *  *  *  *  *  *  *  .  .\10
          11\.  *  *  *  *  *  *  *  .  .  .\11
              a  b  c  d  e  f  g  h  i  j  k  
af347 info: No subtree to reuse.
af347 info: Creating thread 0
af347 info: StartSearch()[0]
SgUctSearch: max games reached
af347 info: 
Elapsed Time   0.528279s
Count          1
GamesPlayed    1
Nodes          1
Knowledge      0 (0.0%)
Expansions     0.0
Time           0.00
GameLen        120.0 dev=0.0 min=120.0 max=120.0
InTree         0.0 dev=0.0 min=0.0 max=0.0
KnowDepth      -
Aborted        0%
Games/s        418.2
Score          1.00
Sequence      
af347 info: 
af347 warning: **** MoHexSearch returned empty sequence!
af347 warning: **** Returning random move!
<= 
<
>genmove w
<= k1
<
>play b c8
af347 info: Best move cannot be determined, must search state.
af347 info: --- MoHexPlayer::Search() ---
af347 info: Color: white
af347 info: MaxGames: 1
af347 info: NumberThreads: 1
af347 info: MaxNodes: 181818181 (15999999928 bytes)
af347 info: TimeForMove: 1
af347 info: PreSearch: max time reached (47/89).
af347 info: Time for PreSearch: 0.205334s
af347 info: 
  913b3d634aff9b6b
  a  b  c  d  e  f  g  h  i  j  k  
 1\.  .  .  *  *  *  *  *  *  *  .\1
  2\.  .  *  *  *  *  *  *  *  *  .\2
   3\.  *  *  *  *  *  *  *  *  *  .\3
    4\.  B  *  *  *  *  *  *  *  *  .\4
     5\.  *  *  *  *  *  *  *  *  *  .\5
      6\.  *  *  *  *  *  *  *  *  *  .\6
       7\.  *  *  *  *  *  *  *  *  *  .\7
        8\.  *  *  *  *  *  *  W  *  .  .\8
         9\.  *  *  *  *  *  *  *  B  *  .\9
         10\.  *  *  *  *  *  *  *  *  .  .\10
          11\.  *  *  *  *  *  *  *  .  .  .\11
              a  b  c  d  e  f  g  h  i  j  k  
af347 info: Old: [black, i9] [white, swap-pieces] 
af347 info: New: [black, i9] [white, swap-pieces] [white, h8] [black, b4] 
af347 info: ReuseSubtree: Colors do not alternate.
af347 info: No subtree to reuse.
af347 info: StartSearch()[0]
SgUctSearch: max games reached
af347 info: 
Elapsed Time   0.347389s
Count          1
GamesPlayed    1
Nodes          1
Knowledge      0 (0.0%)
Expansions     0.0
Time           0.00
GameLen        118.0 dev=0.0 min=118.0 max=118.0
InTree         0.0 dev=0.0 min=0.0 max=0.0
KnowDepth      -
Aborted        0%
Games/s        3333.3
Score          0.00
Sequence      
af347 info: 
af347 warning: **** MoHexSearch returned empty sequence!
af347 warning: **** Returning random move!
<= 
<
>genmove w
<= d10
<
>play b c11
af347 info: Best move cannot be determined, must search state.
af347 info: --- MoHexPlayer::Search() ---
af347 info: Color: white
af347 info: MaxGames: 1
af347 info: NumberThreads: 1
af347 info: MaxNodes: 181818181 (15999999928 bytes)
af347 info: TimeForMove: 1
af347 info: PreSearch: max time reached (55/86).
af347 info: Time for PreSearch: 0.201173s
af347 info: 
  751efae419f1bdd2
  a  b  c  d  e  f  g  h  i  j  k  
 1\.  .  .  *  *  *  *  *  *  *  W\1
  2\.  .  *  *  *  *  *  *  *  *  .\2
   3\.  .  *  *  *  *  *  *  *  *  .\3
    4\.  B  *  *  *  *  *  *  *  *  .\4
     5\.  *  *  *  *  *  *  *  *  *  .\5
      6\.  *  *  *  *  *  *  *  *  *  .\6
       7\.  *  *  *  *  *  *  *  *  *  .\7
        8\.  .  B  *  *  *  *  W  *  .  .\8
         9\.  .  *  *  *  *  *  *  B  *  .\9
         10\.  *  *  *  *  *  *  *  *  .  .\10
          11\.  *  *  *  *  *  *  *  .  .  .\11
              a  b  c  d  e  f  g  h  i  j  k  
af347 info: Old: [black, i9] [white, swap-pieces] [white, h8] [black, b4] 
af347 info: New: [black, i9] [white, swap-pieces] [white, h8] [black, b4] [white, k1] [black, c8] 
af347 info: MovesPlayed: [white, k1] [black, c8] 
af347 info: No subtree to reuse.
af347 info: StartSearch()[0]
SgUctSearch: max games reached
af347 info: 
Elapsed Time   0.350333s
Count          1
GamesPlayed    1
Nodes          1
Knowledge      0 (0.0%)
Expansions     0.0
Time           0.00
GameLen        116.0 dev=0.0 min=116.0 max=116.0
InTree         0.0 dev=0.0 min=0.0 max=0.0
KnowDepth      -
Aborted        0%
Games/s        3584.2
Score          0.00
Sequence      
af347 info: 
af347 warning: **** MoHexSearch returned empty sequence!
af347 warning: **** Returning random move!
<= 
<
>genmove w
<= f4
<
>play b f3
af347 info: Best move cannot be determined, must search state.
af347 info: --- MoHexPlayer::Search() ---
af347 info: Color: white
af347 info: MaxGames: 1
af347 info: NumberThreads: 1
af347 info: MaxNodes: 181818181 (15999999928 bytes)
af347 info: TimeForMove: 1
af347 info: PreSearch: max time reached (49/82).
af347 info: Time for PreSearch: 0.205827s
af347 info: 
  69e6d4466124a6a5
  a  b  c  d  e  f  g  h  i  j  k  
 1\.  .  .  *  *  *  *  *  *  *  W\1
  2\.  .  *  *  *  *  *  *  *  *  .\2
   3\.  *  *  *  *  *  *  *  *  *  .\3
    4\.  B  *  *  *  *  *  *  *  *  .\4
     5\.  *  *  *  *  *  *  *  *  *  .\5
      6\.  *  *  *  *  *  *  *  *  *  .\6
       7\.  *  *  *  *  *  *  *  *  *  .\7
        8\.  .  B  *  *  *  *  W  *  .  .\8
         9\.  .  *  *  *  *  *  *  B  *  .\9
         10\.  *  *  W  *  *  *  *  *  .  .\10
          11\.  .  B  .  *  *  *  *  .  .  .\11
              a  b  c  d  e  f  g  h  i  j  k  
af347 info: Old: [black, i9] [white, swap-pieces] [white, h8] [black, b4] [white, k1] [black, c8] 
af347 info: New: [black, i9] [white, swap-pieces] [white, h8] [black, b4] [white, k1] [black, c8] [white, d10] [black, c11] 
af347 info: MovesPlayed: [white, d10] [black, c11] 
af347 info: No subtree to reuse.
af347 info: StartSearch()[0]
SgUctSearch: max games reached
af347 info: 
Elapsed Time   0.590571s
Count          1
GamesPlayed    1
Nodes          1
Knowledge      0 (0.0%)
Expansions     0.0
Time           0.00
GameLen        114.0 dev=0.0 min=114.0 max=114.0
InTree         0.0 dev=0.0 min=0.0 max=0.0
KnowDepth      -
Aborted        0%
Games/s        2840.9
Score          0.00
Sequence      
af347 info: 
af347 warning: **** MoHexSearch returned empty sequence!
af347 warning: **** Returning random move!
<= 
<
>genmove w
<= j7
<
>play b i5
af347 info: Best move cannot be determined, must search state.
af347 info: --- MoHexPlayer::Search() ---
af347 info: Color: white
af347 info: MaxGames: 1
af347 info: NumberThreads: 1
af347 info: MaxNodes: 181818181 (15999999928 bytes)
af347 info: TimeForMove: 1
af347 info: PreSearch: max time reached (46/80).
af347 info: Time for PreSearch: 0.200867s
af347 info: 
  ef6b5086d699fa2d
  a  b  c  d  e  f  g  h  i  j  k  
 1\.  .  .  *  *  *  *  *  *  *  W\1
  2\.  .  *  *  *  *  *  *  *  *  .\2
   3\.  *  *  *  *  B  *  *  *  *  .\3
    4\.  B  *  *  *  W  *  *  *  *  .\4
     5\.  *  *  *  *  *  *  *  *  *  .\5
      6\.  *  *  *  *  *  *  *  *  *  .\6
       7\.  *  *  *  *  *  *  *  *  *  .\7
        8\.  .  B  *  *  *  *  W  *  .  .\8
         9\.  .  *  *  *  *  *  *  B  *  .\9
         10\.  *  *  W  *  *  *  *  *  .  .\10
          11\.  .  B  .  *  *  *  *  .  .  .\11
              a  b  c  d  e  f  g  h  i  j  k  
af347 info: Old: [black, i9] [white, swap-pieces] [white, h8] [black, b4] [white, k1] [black, c8] [white, d10] [black, c11] 
af347 info: New: [black, i9] [white, swap-pieces] [white, h8] [black, b4] [white, k1] [black, c8] [white, d10] [black, c11] [white, f4] [black, f3] 
af347 info: MovesPlayed: [white, f4] [black, f3] 
af347 info: No subtree to reuse.
af347 info: StartSearch()[0]
SgUctSearch: max games reached
af347 info: 
Elapsed Time   0.343196s
Count          1
GamesPlayed    1
Nodes          1
Knowledge      0 (0.0%)
Expansions     0.0
Time           0.00
GameLen        112.0 dev=0.0 min=112.0 max=112.0
InTree         0.0 dev=0.0 min=0.0 max=0.0
KnowDepth      -
Aborted        0%
Games/s        3257.3
Score          1.00
Sequence      
af347 info: 
af347 warning: **** MoHexSearch returned empty sequence!
af347 warning: **** Returning random move!
<= 
<
>genmove w
<= f6
<
>play b c5
af347 info: Best move cannot be determined, must search state.
af347 info: --- MoHexPlayer::Search() ---
af347 info: Color: white
af347 info: MaxGames: 1
af347 info: NumberThreads: 1
af347 info: MaxNodes: 181818181 (15999999928 bytes)
af347 info: TimeForMove: 1
af347 info: PreSearch: max time reached (69/71).
af347 info: Time for PreSearch: 0.201756s
af347 info: 
  e4b390bfabcf6a3d
  a  b  c  d  e  f  g  h  i  j  k  
 1\.  .  .  *  *  *  *  *  *  *  W\1
  2\.  .  *  *  *  *  *  *  *  *  .\2
   3\.  .  *  *  *  B  *  *  *  .  .\3
    4\.  B  *  *  *  W  *  *  *  .  .\4
     5\.  *  *  *  *  *  *  *  B  .  w\5
      6\.  *  *  *  *  *  *  *  .  .  w\6
       7\.  *  *  *  *  *  *  *  .  W  w\7
        8\.  .  B  *  *  *  *  W  .  w  w\8
         9\.  .  *  *  *  *  *  *  B  .  w\9
         10\.  *  *  W  *  *  *  *  .  .  w\10
          11\.  .  B  .  *  *  *  *  .  .  w\11
              a  b  c  d  e  f  g  h  i  j  k  
af347 info: Old: [black, i9] [white, swap-pieces] [white, h8] [black, b4] [white, k1] [black, c8] [white, d10] [black, c11] [white, f4] [black, f3] 
af347 info: New: [black, i9] [white, swap-pieces] [white, h8] [black, b4] [white, k1] [black, c8] [white, d10] [black, c11] [white, f4] [black, f3] [white, j7] [black, i5] 
af347 info: MovesPlayed: [white, j7] [black, i5] 
af347 info: No subtree to reuse.
af347 info: StartSearch()[0]
SgUctSearch: max games reached
af347 info: 
Elapsed Time   0.341711s
Count          1
GamesPlayed    1
Nodes          1
Knowledge      0 (0.0%)
Expansions     0.0
Time           0.00
GameLen        102.0 dev=0.0 min=102.0 max=102.0
InTree         0.0 dev=0.0 min=0.0 max=0.0
KnowDepth      -
Aborted        0%
Games/s        3676.5
Score          0.00
Sequence      
af347 info: 
af347 warning: **** MoHexSearch returned empty sequence!
af347 warning: **** Returning random move!
<= 
<
>genmove w
<= h5
<
>play b b8
af347 info: Best move cannot be determined, must search state.
af347 info: --- MoHexPlayer::Search() ---
af347 info: Color: white
af347 info: MaxGames: 1
af347 info: NumberThreads: 1
af347 info: MaxNodes: 181818181 (15999999928 bytes)
af347 info: TimeForMove: 1
af347 info: Time for PreSearch: 0.148183s
af347 info: 
  f79e620f885fd314
  a  b  c  d  e  f  g  h  i  j  k  
 1\.  .  .  *  *  *  *  *  *  .  W\1
  2\.  .  *  *  *  *  *  *  .  .  .\2
   3\.  .  *  *  *  B  *  .  .  .  .\3
    4\.  B  *  *  *  W  .  .  .  .  .\4
     5\.  *  B  *  .  .  .  .  B  .  w\5
      6\.  .  *  *  .  W  .  .  .  .  w\6
       7\.  *  *  *  .  .  .  .  .  W  w\7
        8\.  .  B  *  .  .  .  W  .  w  w\8
         9\.  .  *  *  *  *  *  *  B  .  w\9
         10\.  *  *  W  *  *  *  *  .  .  w\10
          11\.  .  B  .  *  *  *  *  .  .  w\11
              a  b  c  d  e  f  g  h  i  j  k  
af347 info: Old: [black, i9] [white, swap-pieces] [white, h8] [black, b4] [white, k1] [black, c8] [white, d10] [black, c11] [white, f4] [black, f3] [white, j7] [black, i5] 
af347 info: New: [black, i9] [white, swap-pieces] [white, h8] [black, b4] [white, k1] [black, c8] [white, d10] [black, c11] [white, f4] [black, f3] [white, j7] [black, i5] [white, f6] [black, c5] 
af347 info: MovesPlayed: [white, f6] [black, c5] 
af347 info: No subtree to reuse.
af347 info: StartSearch()[0]
SgUctSearch: max games reached
af347 info: 
Elapsed Time   0.293576s
Count          1
GamesPlayed    1
Nodes          1
Knowledge      0 (0.0%)
Expansions     0.0
Time           0.00
GameLen        100.0 dev=0.0 min=100.0 max=100.0
InTree         0.0 dev=0.0 min=0.0 max=0.0
KnowDepth      -
Aborted        0%
Games/s        3367.0
Score          0.00
Sequence      
af347 info: 
af347 warning: **** MoHexSearch returned empty sequence!
af347 warning: **** Returning random move!
<= 
<
>genmove w
<= c10
<
>play b b10
af347 info: Opponent has won; playing most blocking move.
<= 
<
>genmove w
<= b9
<
>play b c9
af347 info: Opponent has won; playing most blocking move.
<= 
<
>genmove w
<= c6
<
>play b a7
af347 info: Opponent has won; playing most blocking move.
<= 
<
>genmove w
<= d3
<
>play b b6
af347 info: Opponent has won; playing most blocking move.
<= 
<
>genmove w
<= f1
<
>play b c2
af347 info: Opponent has won; playing most blocking move.
<= 
<
>genmove w
<= b5
<
>play b c4
af347 info: Captured cells caused win! Removing...
af347 info: Opponent has won; playing most blocking move.
<= 
<
>genmove w
<= b7
<
>play b a8
af347 info: Captured cells caused win! Removing...
af347 info: Opponent has won; playing most blocking move.
<= 
<
>genmove w
<= b3
<
>play b c3
af347 info: Captured cells caused win! Removing...
af347 info: Opponent has won; playing most blocking move.
<= 
<
>genmove w
<= c1
<
>play b d1
af347 info: Captured cells caused win! Removing...
af347 info: Opponent has won; playing most blocking move.
<= 
<
>genmove w
<= a11
<
>play b b11
af347 info: Captured cells caused win! Removing...
af347 info: Opponent has won; playing most blocking move.
<= 
<
>genmove w
<= resign
<
>final_score
<= B+
<
>quit
<= 
<
