18217 config: MoHex v2.0.CMake Mar 21 2025.
18217 config: ============ InitializeSystem ============
18217 config: BenzeneProgram::InitRandom()
18217 config: Seed = 646055
18217 info: Prior Patterns:
18217 info: Global:
18217 info: Size            = 565 32648 
18217 info: TableEntries    = 65932 65910
18217 info: MirrorsAdded    = 0 0
18217 info: PrunableCount   = 30593 30629
18217 info: LargestGamma    = 5820.77
18217 info: SmallestGamma   = 6.6e-05
18217 info: Local:
18217 info: Size            = 550 5318 
18217 info: TableEntries    = 11602 11588
18217 info: MirrorsAdded    = 0 0
18217 info: PrunableCount   = 3659 3667
18217 info: LargestGamma    = 11281.8
18217 info: SmallestGamma   = 0.026235
18217 info: Playout Patterns:
18217 info: Global:
18217 info: Size            = 565 32648 
18217 info: TableEntries    = 70329 70329
18217 info: MirrorsAdded    = 4397 4419
18217 info: PrunableCount   = 30593 30629
18217 info: LargestGamma    = 5820.77
18217 info: SmallestGamma   = 6.6e-05
18217 info: Local:
18217 info: Size            = 550 5318 
18217 info: TableEntries    = 11602 11588
18217 info: MirrorsAdded    = 0 0
18217 info: PrunableCount   = 3659 3667
18217 info: LargestGamma    = 11281.8
18217 info: SmallestGamma   = 0.026235
18217 config: IcePatternSet: reading from '/home/linus/MoHex2.0/nfbranchfix/benzene-vanilla-cmake/share/ice-patterns.txt'.
18217 config: IcePatternSet: parsed 708 patterns.
18217 config: VCS: reading captured set patterns from '/home/linus/MoHex2.0/nfbranchfix/benzene-vanilla-cmake/share/vc-captured-set.txt'.
18217 config: VCS:: parsed 2 patterns.
18217 config: VCS: reading captured set patterns from '/home/linus/MoHex2.0/nfbranchfix/benzene-vanilla-cmake/share/vc-captured-set.txt'.
18217 config: VCS:: parsed 2 patterns.
18217 config: IcePatternSet: reading from '/home/linus/MoHex2.0/nfbranchfix/benzene-vanilla-cmake/share/ice-patterns.txt'.
18217 config: IcePatternSet: parsed 708 patterns.
18217 config: VCS: reading captured set patterns from '/home/linus/MoHex2.0/nfbranchfix/benzene-vanilla-cmake/share/vc-captured-set.txt'.
18217 config: VCS:: parsed 2 patterns.
18217 config: VCS: reading captured set patterns from '/home/linus/MoHex2.0/nfbranchfix/benzene-vanilla-cmake/share/vc-captured-set.txt'.
18217 config: VCS:: parsed 2 patterns.
18217 config: VCS: reading captured set patterns from '/home/linus/MoHex2.0/nfbranchfix/benzene-vanilla-cmake/share/vc-captured-set.txt'.
18217 config: VCS:: parsed 2 patterns.
18217 config: VCS: reading captured set patterns from '/home/linus/MoHex2.0/nfbranchfix/benzene-vanilla-cmake/share/vc-captured-set.txt'.
18217 config: VCS:: parsed 2 patterns.
18217 config: VCS: reading captured set patterns from '/home/linus/MoHex2.0/nfbranchfix/benzene-vanilla-cmake/share/vc-captured-set.txt'.
18217 config: VCS:: parsed 2 patterns.
18217 config: VCS: reading captured set patterns from '/home/linus/MoHex2.0/nfbranchfix/benzene-vanilla-cmake/share/vc-captured-set.txt'.
18217 config: VCS:: parsed 2 patterns.
18217 info: SwapCheck: reading from '/home/linus/MoHex2.0/nfbranchfix/benzene-vanilla-cmake/share/swap-moves.txt'.
18217 info: SwapCheck: opting not to swap.
18217 config: VCPattern: loading pattern templates from '/home/linus/MoHex2.0/nfbranchfix/benzene-vanilla-cmake/share/vc-patterns.txt'.
18217 info: Best move cannot be determined, must search state.
18217 info: --- MoHexPlayer::Search() ---
18217 info: Color: white
18217 info: MaxGames: 1
18217 info: NumberThreads: 1
18217 info: MaxNodes: 9090 (799920 bytes)
18217 info: TimeForMove: 1
18217 info: PreSearch: max time reached (43/90).
18217 info: Time for PreSearch: 0.201914s
18217 info: 
  51ad330638d19377
  a  b  c  d  e  f  g  h  i  j  k  
 1\.  .  .  *  *  *  *  .  B  .  .\1
  2\.  .  *  *  *  *  *  *  *  *  .\2
   3\.  *  *  *  *  *  *  *  *  *  .\3
    4\.  *  *  *  *  *  *  *  *  *  .\4
     5\.  *  *  *  *  *  *  *  *  *  .\5
      6\.  *  *  *  *  *  *  *  *  *  .\6
       7\.  *  *  *  *  *  *  *  *  *  .\7
        8\.  *  *  *  *  *  *  *  *  *  .\8
         9\.  *  *  *  *  *  *  *  *  *  .\9
         10\.  *  *  *  *  *  *  *  *  .  .\10
          11\.  *  *  *  *  *  *  *  .  .  .\11
              a  b  c  d  e  f  g  h  i  j  k  
18217 info: No subtree to reuse.
18217 info: Creating thread 0
18217 info: StartSearch()[0]
18217 config: VCS: reading captured set patterns from '/home/linus/MoHex2.0/nfbranchfix/benzene-vanilla-cmake/share/vc-captured-set.txt'.
18217 config: VCS:: parsed 2 patterns.
18217 config: VCS: reading captured set patterns from '/home/linus/MoHex2.0/nfbranchfix/benzene-vanilla-cmake/share/vc-captured-set.txt'.
18217 config: VCS:: parsed 2 patterns.
18217 info: 
Elapsed Time   0.364542s
Count          1
GamesPlayed    1
Nodes          1
Knowledge      0 (0.0%)
Expansions     0.0
Time           0.00
GameLen        120.0 dev=0.0 min=120.0 max=120.0
InTree         0.0 dev=0.0 min=0.0 max=0.0
KnowDepth      -
Aborted        0%
Games/s        370.8
Score          0.00
Sequence      
18217 info: 
18217 warning: **** MoHexSearch returned empty sequence!
18217 warning: **** Returning random move!
18217 info: Best move cannot be determined, must search state.
18217 info: --- MoHexPlayer::Search() ---
18217 info: Color: white
18217 info: MaxGames: 1
18217 info: NumberThreads: 1
18217 info: MaxNodes: 9090 (799920 bytes)
18217 info: TimeForMove: 1
18217 info: PreSearch: max time reached (52/89).
18217 info: Time for PreSearch: 0.201893s
18217 info: 
  0cf1ea982fa3ef7c
  a  b  c  d  e  f  g  h  i  j  k  
 1\w  W  .  *  *  *  *  .  B  .  .\1
  2\w  .  *  *  *  *  *  *  *  *  .\2
   3\w  *  *  *  *  *  *  *  *  *  .\3
    4\.  *  *  *  *  *  *  *  *  *  .\4
     5\.  *  *  *  *  *  *  *  *  *  .\5
      6\.  B  *  *  *  *  *  *  *  *  .\6
       7\.  *  *  *  *  *  *  *  *  *  .\7
        8\.  *  *  *  *  *  *  *  *  *  .\8
         9\.  *  *  *  *  *  *  *  *  *  .\9
         10\.  *  *  *  *  *  *  *  *  .  .\10
          11\.  *  *  *  *  *  *  *  .  .  .\11
              a  b  c  d  e  f  g  h  i  j  k  
18217 info: Old: [black, i1] 
18217 info: New: [black, i1] [white, b1] [black, b6] 
18217 info: MovesPlayed: [white, b1] [black, b6] 
18217 info: No subtree to reuse.
18217 info: StartSearch()[0]
18217 info: 
Elapsed Time   0.388741s
Count          1
GamesPlayed    1
Nodes          1
Knowledge      0 (0.0%)
Expansions     0.0
Time           0.00
GameLen        115.0 dev=0.0 min=115.0 max=115.0
InTree         0.0 dev=0.0 min=0.0 max=0.0
KnowDepth      -
Aborted        0%
Games/s        2967.4
Score          0.00
Sequence      
18217 info: 
18217 warning: **** MoHexSearch returned empty sequence!
18217 warning: **** Returning random move!
18217 info: Best move cannot be determined, must search state.
18217 info: --- MoHexPlayer::Search() ---
18217 info: Color: white
18217 info: MaxGames: 1
18217 info: NumberThreads: 1
18217 info: MaxNodes: 9090 (799920 bytes)
18217 info: TimeForMove: 1
18217 info: PreSearch: max time reached (55/88).
18217 info: Time for PreSearch: 0.201535s
18217 info: 
  3e917e1f11aa3ae7
  a  b  c  d  e  f  g  h  i  j  k  
 1\w  W  .  *  *  *  *  .  B  .  .\1
  2\w  .  *  *  *  *  *  *  *  *  .\2
   3\b  B  *  *  *  *  *  *  *  *  .\3
    4\.  *  *  *  *  *  *  *  *  *  .\4
     5\.  *  *  *  *  *  *  *  *  *  .\5
      6\.  B  *  *  *  *  *  *  *  *  .\6
       7\.  *  *  *  *  *  *  *  *  *  .\7
        8\.  *  *  *  *  *  *  *  *  *  .\8
         9\.  *  *  *  *  *  *  *  *  *  w\9
         10\.  *  *  *  *  *  *  *  *  .  w\10
          11\.  *  *  *  *  *  *  *  .  W  w\11
              a  b  c  d  e  f  g  h  i  j  k  
18217 info: Old: [black, i1] [white, b1] [black, b6] 
18217 info: New: [black, i1] [white, b1] [black, b6] [white, j11] [black, b3] 
18217 info: MovesPlayed: [white, j11] [black, b3] 
18217 info: No subtree to reuse.
18217 info: StartSearch()[0]
18217 info: 
Elapsed Time   0.357044s
Count          1
GamesPlayed    1
Nodes          1
Knowledge      0 (0.0%)
Expansions     0.0
Time           0.00
GameLen        110.0 dev=0.0 min=110.0 max=110.0
InTree         0.0 dev=0.0 min=0.0 max=0.0
KnowDepth      -
Aborted        0%
Games/s        3205.1
Score          1.00
Sequence      
18217 info: 
18217 warning: **** MoHexSearch returned empty sequence!
18217 warning: **** Returning random move!
18217 info: Best move cannot be determined, must search state.
18217 info: --- MoHexPlayer::Search() ---
18217 info: Color: white
18217 info: MaxGames: 1
18217 info: NumberThreads: 1
18217 info: MaxNodes: 9090 (799920 bytes)
18217 info: TimeForMove: 1
18217 info: PreSearch: max time reached (56/86).
18217 info: Time for PreSearch: 0.200527s
18217 info: 
  4c2131a1f9c1f49f
  a  b  c  d  e  f  g  h  i  j  k  
 1\w  W  .  *  *  *  *  .  B  .  .\1
  2\w  .  *  *  *  *  *  *  *  *  .\2
   3\b  B  *  *  W  *  *  *  *  *  .\3
    4\.  *  *  *  *  *  *  *  *  *  .\4
     5\.  *  *  *  B  *  *  *  *  *  .\5
      6\.  B  *  *  *  *  *  *  *  *  .\6
       7\.  *  *  *  *  *  *  *  *  *  .\7
        8\.  *  *  *  *  *  *  *  *  *  .\8
         9\.  *  *  *  *  *  *  *  *  *  w\9
         10\.  *  *  *  *  *  *  *  *  .  w\10
          11\.  *  *  *  *  *  *  *  .  W  w\11
              a  b  c  d  e  f  g  h  i  j  k  
18217 info: Old: [black, i1] [white, b1] [black, b6] [white, j11] [black, b3] 
18217 info: New: [black, i1] [white, b1] [black, b6] [white, j11] [black, b3] [white, e3] [black, e5] 
18217 info: MovesPlayed: [white, e3] [black, e5] 
18217 info: No subtree to reuse.
18217 info: StartSearch()[0]
18217 info: 
Elapsed Time   0.362815s
Count          1
GamesPlayed    1
Nodes          1
Knowledge      0 (0.0%)
Expansions     0.0
Time           0.00
GameLen        108.0 dev=0.0 min=108.0 max=108.0
InTree         0.0 dev=0.0 min=0.0 max=0.0
KnowDepth      -
Aborted        0%
Games/s        2369.7
Score          1.00
Sequence      
18217 info: 
18217 warning: **** MoHexSearch returned empty sequence!
18217 warning: **** Returning random move!
18217 info: Best move cannot be determined, must search state.
18217 info: --- MoHexPlayer::Search() ---
18217 info: Color: white
18217 info: MaxGames: 1
18217 info: NumberThreads: 1
18217 info: MaxNodes: 9090 (799920 bytes)
18217 info: TimeForMove: 1
18217 info: PreSearch: max time reached (50/81).
18217 info: Time for PreSearch: 0.201724s
18217 info: 
  369d347dcc876bd4
  a  b  c  d  e  f  g  h  i  j  k  
 1\w  W  .  *  *  *  *  .  B  .  .\1
  2\w  .  *  *  *  *  *  *  *  *  .\2
   3\b  B  *  *  W  *  *  *  *  *  .\3
    4\.  *  *  W  .  *  *  *  *  *  .\4
     5\.  *  *  *  B  *  *  *  *  *  .\5
      6\.  B  *  *  *  *  *  *  *  .  .\6
       7\.  *  *  *  *  *  *  *  *  .  .\7
        8\.  *  *  *  *  *  *  *  B  .  .\8
         9\.  *  *  *  *  *  *  *  *  .  w\9
         10\.  *  *  *  *  *  *  *  *  .  w\10
          11\.  *  *  *  *  *  *  *  .  W  w\11
              a  b  c  d  e  f  g  h  i  j  k  
18217 info: Old: [black, i1] [white, b1] [black, b6] [white, j11] [black, b3] [white, e3] [black, e5] 
18217 info: New: [black, i1] [white, b1] [black, b6] [white, j11] [black, b3] [white, e3] [black, e5] [white, d4] [black, i8] 
18217 info: MovesPlayed: [white, d4] [black, i8] 
18217 info: No subtree to reuse.
18217 info: StartSearch()[0]
18217 info: 
Elapsed Time   0.51975s
Count          1
GamesPlayed    1
Nodes          1
Knowledge      0 (0.0%)
Expansions     0.0
Time           0.00
GameLen        106.0 dev=0.0 min=106.0 max=106.0
InTree         0.0 dev=0.0 min=0.0 max=0.0
KnowDepth      -
Aborted        0%
Games/s        2967.4
Score          0.00
Sequence      
18217 info: 
18217 warning: **** MoHexSearch returned empty sequence!
18217 warning: **** Returning random move!
18217 info: Best move cannot be determined, must search state.
18217 info: --- MoHexPlayer::Search() ---
18217 info: Color: white
18217 info: MaxGames: 1
18217 info: NumberThreads: 1
18217 info: MaxNodes: 9090 (799920 bytes)
18217 info: TimeForMove: 1
18217 info: PreSearch: max time reached (53/79).
18217 info: Time for PreSearch: 0.201745s
18217 info: 
  177d17da76fc3edb
  a  b  c  d  e  f  g  h  i  j  k  
 1\w  W  .  *  *  *  *  .  B  .  .\1
  2\w  .  *  *  *  *  *  *  *  *  .\2
   3\b  B  *  *  W  *  *  *  *  *  .\3
    4\.  *  *  W  .  *  *  *  *  *  .\4
     5\.  *  *  *  B  W  *  *  *  *  .\5
      6\.  B  *  *  *  *  *  *  *  .  .\6
       7\.  *  *  *  *  *  *  *  B  .  .\7
        8\.  *  *  *  *  *  *  *  B  .  .\8
         9\.  *  *  *  *  *  *  *  *  .  w\9
         10\.  *  *  *  *  *  *  *  *  .  w\10
          11\.  *  *  *  *  *  *  *  .  W  w\11
              a  b  c  d  e  f  g  h  i  j  k  
18217 info: Old: [black, i1] [white, b1] [black, b6] [white, j11] [black, b3] [white, e3] [black, e5] [white, d4] [black, i8] 
18217 info: New: [black, i1] [white, b1] [black, b6] [white, j11] [black, b3] [white, e3] [black, e5] [white, d4] [black, i8] [white, f5] [black, i7] 
18217 info: MovesPlayed: [white, f5] [black, i7] 
18217 info: No subtree to reuse.
18217 info: StartSearch()[0]
18217 info: 
Elapsed Time   0.361323s
Count          1
GamesPlayed    1
Nodes          1
Knowledge      0 (0.0%)
Expansions     0.0
Time           0.00
GameLen        104.0 dev=0.0 min=104.0 max=104.0
InTree         0.0 dev=0.0 min=0.0 max=0.0
KnowDepth      -
Aborted        0%
Games/s        3105.6
Score          0.00
Sequence      
18217 info: 
18217 warning: **** MoHexSearch returned empty sequence!
18217 warning: **** Returning random move!
18217 info: Best move cannot be determined, must search state.
18217 info: --- MoHexPlayer::Search() ---
18217 info: Color: white
18217 info: MaxGames: 1
18217 info: NumberThreads: 1
18217 info: MaxNodes: 9090 (799920 bytes)
18217 info: TimeForMove: 1
18217 info: PreSearch: max time reached (57/71).
18217 info: Time for PreSearch: 0.200946s
18217 info: 
  48d83031965dada9
  a  b  c  d  e  f  g  h  i  j  k  
 1\w  W  .  *  *  *  *  .  B  .  .\1
  2\w  .  *  *  *  *  *  *  *  *  .\2
   3\b  B  *  *  W  *  *  *  *  *  .\3
    4\b  .  .  W  .  *  *  *  *  *  .\4
     5\w  W  *  *  B  W  *  *  *  .  .\5
      6\w  B  *  *  *  *  *  *  *  .  .\6
       7\.  *  *  *  *  *  *  *  B  B  w\7
        8\.  *  *  *  *  *  *  *  B  w  w\8
         9\.  *  *  *  *  *  *  *  .  w  w\9
         10\.  *  *  *  *  *  *  *  .  w  w\10
          11\.  *  *  *  *  *  *  .  .  W  w\11
              a  b  c  d  e  f  g  h  i  j  k  
18217 info: Old: [black, i1] [white, b1] [black, b6] [white, j11] [black, b3] [white, e3] [black, e5] [white, d4] [black, i8] [white, f5] [black, i7] 
18217 info: New: [black, i1] [white, b1] [black, b6] [white, j11] [black, b3] [white, e3] [black, e5] [white, d4] [black, i8] [white, f5] [black, i7] [white, b5] [black, j7] 
18217 info: MovesPlayed: [white, b5] [black, j7] 
18217 info: No subtree to reuse.
18217 info: StartSearch()[0]
18217 info: 
Elapsed Time   0.362711s
Count          1
GamesPlayed    1
Nodes          1
Knowledge      0 (0.0%)
Expansions     0.0
Time           0.00
GameLen        94.0 dev=0.0 min=94.0 max=94.0
InTree         0.0 dev=0.0 min=0.0 max=0.0
KnowDepth      -
Aborted        0%
Games/s        3311.3
Score          1.00
Sequence      
18217 info: 
18217 warning: **** MoHexSearch returned empty sequence!
18217 warning: **** Returning random move!
18217 info: Best move cannot be determined, must search state.
18217 info: --- MoHexPlayer::Search() ---
18217 info: Color: white
18217 info: MaxGames: 1
18217 info: NumberThreads: 1
18217 info: MaxNodes: 9090 (799920 bytes)
18217 info: TimeForMove: 1
18217 info: PreSearch: max time reached (59/70).
18217 info: Time for PreSearch: 0.200276s
18217 info: 
  f7f9af30edd676c5
  a  b  c  d  e  f  g  h  i  j  k  
 1\w  W  .  *  *  *  *  .  B  .  .\1
  2\w  .  *  *  *  *  *  *  *  *  .\2
   3\b  B  *  *  W  *  *  *  *  *  .\3
    4\b  .  .  W  .  *  *  *  *  *  .\4
     5\w  W  *  *  B  W  *  *  *  .  .\5
      6\w  B  *  *  *  *  *  *  *  .  .\6
       7\.  *  *  *  *  *  *  *  B  B  w\7
        8\.  *  *  *  *  *  *  *  B  w  w\8
         9\.  *  *  *  *  B  *  *  .  w  w\9
         10\.  *  *  *  *  *  *  *  .  w  w\10
          11\W  *  *  *  *  *  *  .  .  W  w\11
              a  b  c  d  e  f  g  h  i  j  k  
18217 info: Old: [black, i1] [white, b1] [black, b6] [white, j11] [black, b3] [white, e3] [black, e5] [white, d4] [black, i8] [white, f5] [black, i7] [white, b5] [black, j7] 
18217 info: New: [black, i1] [white, b1] [black, b6] [white, j11] [black, b3] [white, e3] [black, e5] [white, d4] [black, i8] [white, f5] [black, i7] [white, b5] [black, j7] [white, a11] [black, f9] 
18217 info: MovesPlayed: [white, a11] [black, f9] 
18217 info: No subtree to reuse.
18217 info: StartSearch()[0]
18217 info: 
Elapsed Time   0.354891s
Count          1
GamesPlayed    1
Nodes          1
Knowledge      0 (0.0%)
Expansions     0.0
Time           0.00
GameLen        92.0 dev=0.0 min=92.0 max=92.0
InTree         0.0 dev=0.0 min=0.0 max=0.0
KnowDepth      -
Aborted        0%
Games/s        3802.3
Score          0.00
Sequence      
18217 info: 
18217 warning: **** MoHexSearch returned empty sequence!
18217 warning: **** Returning random move!
18217 info: Best move cannot be determined, must search state.
18217 info: --- MoHexPlayer::Search() ---
18217 info: Color: white
18217 info: MaxGames: 1
18217 info: NumberThreads: 1
18217 info: MaxNodes: 9090 (799920 bytes)
18217 info: TimeForMove: 1
18217 info: PreSearch: max time reached (56/68).
18217 info: Time for PreSearch: 0.201493s
18217 info: 
  c13eb828497fc049
  a  b  c  d  e  f  g  h  i  j  k  
 1\w  W  .  *  *  *  *  .  B  .  .\1
  2\w  .  *  *  *  *  *  *  *  *  .\2
   3\b  B  *  *  W  *  *  *  *  *  .\3
    4\b  .  .  W  .  *  *  *  *  *  .\4
     5\w  W  *  *  B  W  *  *  *  .  .\5
      6\w  B  *  *  *  *  *  *  *  .  .\6
       7\.  *  *  W  B  *  *  *  B  B  w\7
        8\.  *  *  *  *  *  *  *  B  w  w\8
         9\.  *  *  *  *  B  *  *  .  w  w\9
         10\.  *  *  *  *  *  *  *  .  w  w\10
          11\W  *  *  *  *  *  *  .  .  W  w\11
              a  b  c  d  e  f  g  h  i  j  k  
18217 info: Old: [black, i1] [white, b1] [black, b6] [white, j11] [black, b3] [white, e3] [black, e5] [white, d4] [black, i8] [white, f5] [black, i7] [white, b5] [black, j7] [white, a11] [black, f9] 
18217 info: New: [black, i1] [white, b1] [black, b6] [white, j11] [black, b3] [white, e3] [black, e5] [white, d4] [black, i8] [white, f5] [black, i7] [white, b5] [black, j7] [white, a11] [black, f9] [white, d7] [black, e7] 
18217 info: MovesPlayed: [white, d7] [black, e7] 
18217 info: No subtree to reuse.
18217 info: StartSearch()[0]
18217 info: 
Elapsed Time   0.358347s
Count          1
GamesPlayed    1
Nodes          1
Knowledge      0 (0.0%)
Expansions     0.0
Time           0.00
GameLen        90.0 dev=0.0 min=90.0 max=90.0
InTree         0.0 dev=0.0 min=0.0 max=0.0
KnowDepth      -
Aborted        0%
Games/s        3030.3
Score          0.00
Sequence      
18217 info: 
18217 warning: **** MoHexSearch returned empty sequence!
18217 warning: **** Returning random move!
18217 info: Best move cannot be determined, must search state.
18217 info: --- MoHexPlayer::Search() ---
18217 info: Color: white
18217 info: MaxGames: 1
18217 info: NumberThreads: 1
18217 info: MaxNodes: 9090 (799920 bytes)
18217 info: TimeForMove: 1
18217 info: PreSearch: max time reached (46/63).
18217 info: Time for PreSearch: 0.20049s
18217 info: 
  1bbf404e1d532d30
  a  b  c  d  e  f  g  h  i  j  k  
 1\w  W  .  .  .  .  *  .  B  .  .\1
  2\w  .  .  .  .  *  *  *  *  *  .\2
   3\b  B  .  .  W  *  *  *  *  *  .\3
    4\b  .  .  W  .  *  *  *  *  *  .\4
     5\w  W  .  W  B  W  *  *  *  .  .\5
      6\w  B  .  .  *  *  *  B  *  .  .\6
       7\.  *  *  W  B  *  *  *  B  B  w\7
        8\.  *  *  *  *  *  *  *  B  w  w\8
         9\.  *  *  *  *  B  *  *  .  w  w\9
         10\.  *  *  *  *  *  *  *  .  w  w\10
          11\W  *  *  *  *  *  *  .  .  W  w\11
              a  b  c  d  e  f  g  h  i  j  k  
18217 info: Old: [black, i1] [white, b1] [black, b6] [white, j11] [black, b3] [white, e3] [black, e5] [white, d4] [black, i8] [white, f5] [black, i7] [white, b5] [black, j7] [white, a11] [black, f9] [white, d7] [black, e7] 
18217 info: New: [black, i1] [white, b1] [black, b6] [white, j11] [black, b3] [white, e3] [black, e5] [white, d4] [black, i8] [white, f5] [black, i7] [white, b5] [black, j7] [white, a11] [black, f9] [white, d7] [black, e7] [white, d5] [black, h6] 
18217 info: MovesPlayed: [white, d5] [black, h6] 
18217 info: No subtree to reuse.
18217 info: StartSearch()[0]
18217 info: 
Elapsed Time   0.359955s
Count          1
GamesPlayed    1
Nodes          1
Knowledge      0 (0.0%)
Expansions     0.0
Time           0.00
GameLen        88.0 dev=0.0 min=88.0 max=88.0
InTree         0.0 dev=0.0 min=0.0 max=0.0
KnowDepth      -
Aborted        0%
Games/s        2824.9
Score          0.00
Sequence      
18217 info: 
18217 warning: **** MoHexSearch returned empty sequence!
18217 warning: **** Returning random move!
18217 info: Opponent has won; playing most blocking move.
18217 info: Opponent has won; playing most blocking move.
18217 info: Opponent has won; playing most blocking move.
18217 info: Opponent has won; playing most blocking move.
18217 info: Opponent has won; playing most blocking move.
18217 info: Opponent has won; playing most blocking move.
18217 info: Opponent has won; playing most blocking move.
18217 info: Opponent has won; playing most blocking move.
18217 info: Captured cells caused win! Removing...
18217 info: Opponent has won; playing most blocking move.
18217 info: Captured cells caused win! Removing...
18217 info: Opponent has won; playing most blocking move.
18217 config: ============ BenzeneShutdown =============
18217 config: MoHexProgram:: ShutdownSystem()
18217 config: CommonProgram:: ShutdownSystem()
18217 config: BenzeneProgram:: ShutdownSystem()
Flushing and closing this stream...
