ac167 config: MoHex v2.0.CMake Mar 21 2025.
ac167 config: ============ InitializeSystem ============
ac167 config: BenzeneProgram::InitRandom()
ac167 config: Seed = 779246
ac167 info: Prior Patterns:
ac167 info: Global:
ac167 info: Size            = 565 32648 
ac167 info: TableEntries    = 65932 65910
ac167 info: MirrorsAdded    = 0 0
ac167 info: PrunableCount   = 30593 30629
ac167 info: LargestGamma    = 5820.77
ac167 info: SmallestGamma   = 6.6e-05
ac167 info: Local:
ac167 info: Size            = 550 5318 
ac167 info: TableEntries    = 11602 11588
ac167 info: MirrorsAdded    = 0 0
ac167 info: PrunableCount   = 3659 3667
ac167 info: LargestGamma    = 11281.8
ac167 info: SmallestGamma   = 0.026235
ac167 info: Playout Patterns:
ac167 info: Global:
ac167 info: Size            = 565 32648 
ac167 info: TableEntries    = 70329 70329
ac167 info: MirrorsAdded    = 4397 4419
ac167 info: PrunableCount   = 30593 30629
ac167 info: LargestGamma    = 5820.77
ac167 info: SmallestGamma   = 6.6e-05
ac167 info: Local:
ac167 info: Size            = 550 5318 
ac167 info: TableEntries    = 11602 11588
ac167 info: MirrorsAdded    = 0 0
ac167 info: PrunableCount   = 3659 3667
ac167 info: LargestGamma    = 11281.8
ac167 info: SmallestGamma   = 0.026235
ac167 config: IcePatternSet: reading from '/home/linus/MoHex2.0/nfbranchfix/benzene-vanilla-cmake/share/ice-patterns.txt'.
ac167 config: IcePatternSet: parsed 708 patterns.
ac167 config: VCS: reading captured set patterns from '/home/linus/MoHex2.0/nfbranchfix/benzene-vanilla-cmake/share/vc-captured-set.txt'.
ac167 config: VCS:: parsed 2 patterns.
ac167 config: VCS: reading captured set patterns from '/home/linus/MoHex2.0/nfbranchfix/benzene-vanilla-cmake/share/vc-captured-set.txt'.
ac167 config: VCS:: parsed 2 patterns.
ac167 config: IcePatternSet: reading from '/home/linus/MoHex2.0/nfbranchfix/benzene-vanilla-cmake/share/ice-patterns.txt'.
ac167 config: IcePatternSet: parsed 708 patterns.
ac167 config: VCS: reading captured set patterns from '/home/linus/MoHex2.0/nfbranchfix/benzene-vanilla-cmake/share/vc-captured-set.txt'.
ac167 config: VCS:: parsed 2 patterns.
ac167 config: VCS: reading captured set patterns from '/home/linus/MoHex2.0/nfbranchfix/benzene-vanilla-cmake/share/vc-captured-set.txt'.
ac167 config: VCS:: parsed 2 patterns.
ac167 config: VCS: reading captured set patterns from '/home/linus/MoHex2.0/nfbranchfix/benzene-vanilla-cmake/share/vc-captured-set.txt'.
ac167 config: VCS:: parsed 2 patterns.
ac167 config: VCS: reading captured set patterns from '/home/linus/MoHex2.0/nfbranchfix/benzene-vanilla-cmake/share/vc-captured-set.txt'.
ac167 config: VCS:: parsed 2 patterns.
ac167 config: VCS: reading captured set patterns from '/home/linus/MoHex2.0/nfbranchfix/benzene-vanilla-cmake/share/vc-captured-set.txt'.
ac167 config: VCS:: parsed 2 patterns.
ac167 config: VCS: reading captured set patterns from '/home/linus/MoHex2.0/nfbranchfix/benzene-vanilla-cmake/share/vc-captured-set.txt'.
ac167 config: VCS:: parsed 2 patterns.
ac167 info: SwapCheck: reading from '/home/linus/MoHex2.0/nfbranchfix/benzene-vanilla-cmake/share/swap-moves.txt'.
ac167 info: SwapCheck: playing swap.
ac167 config: VCPattern: loading pattern templates from '/home/linus/MoHex2.0/nfbranchfix/benzene-vanilla-cmake/share/vc-patterns.txt'.
ac167 info: Best move cannot be determined, must search state.
ac167 info: --- MoHexPlayer::Search() ---
ac167 info: Color: black
ac167 info: MaxGames: 1
ac167 info: NumberThreads: 1
ac167 info: MaxNodes: 181818181 (15999999928 bytes)
ac167 info: TimeForMove: 1
ac167 info: PreSearch: max time reached (61/87).
ac167 info: Time for PreSearch: 0.201999s
ac167 info: 
  458608255b00bd65
  a  b  c  d  e  f  g  h  i  j  k  
 1\b  b  .  .  .  .  .  .  .  .  .\1
  2\w  W  *  *  *  *  *  *  *  *  *\2
   3\w  .  *  *  *  *  *  *  *  *  *\3
    4\w  *  *  *  *  *  *  *  *  *  *\4
     5\.  *  *  *  *  *  *  *  *  *  *\5
      6\*  *  *  *  *  *  *  *  *  *  *\6
       7\*  *  *  *  *  *  *  *  *  *  *\7
        8\*  *  *  *  *  *  *  *  *  *  *\8
         9\*  *  *  *  *  *  *  *  *  *  .\9
         10\.  B  .  *  *  *  *  *  *  .  .\10
          11\b  b  b  .  .  .  .  .  .  .  .\11
              a  b  c  d  e  f  g  h  i  j  k  
ac167 info: No subtree to reuse.
ac167 info: Creating thread 0
ac167 info: StartSearch()[0]
ac167 config: VCS: reading captured set patterns from '/home/linus/MoHex2.0/nfbranchfix/benzene-vanilla-cmake/share/vc-captured-set.txt'.
ac167 config: VCS:: parsed 2 patterns.
ac167 config: VCS: reading captured set patterns from '/home/linus/MoHex2.0/nfbranchfix/benzene-vanilla-cmake/share/vc-captured-set.txt'.
ac167 config: VCS:: parsed 2 patterns.
ac167 info: 
Elapsed Time   0.538284s
Count          1
GamesPlayed    1
Nodes          1
Knowledge      0 (0.0%)
Expansions     0.0
Time           0.00
GameLen        111.0 dev=0.0 min=111.0 max=111.0
InTree         0.0 dev=0.0 min=0.0 max=0.0
KnowDepth      -
Aborted        0%
Games/s        409.2
Score          1.00
Sequence      
ac167 info: 
ac167 warning: **** MoHexSearch returned empty sequence!
ac167 warning: **** Returning random move!
ac167 info: Best move cannot be determined, must search state.
ac167 info: --- MoHexPlayer::Search() ---
ac167 info: Color: black
ac167 info: MaxGames: 1
ac167 info: NumberThreads: 1
ac167 info: MaxNodes: 181818181 (15999999928 bytes)
ac167 info: TimeForMove: 1
ac167 info: PreSearch: max time reached (68/84).
ac167 info: Time for PreSearch: 0.200282s
ac167 info: 
  91ef7409667be979
  a  b  c  d  e  f  g  h  i  j  k  
 1\b  b  .  .  .  .  .  .  .  .  .\1
  2\w  W  *  *  *  *  *  *  *  *  *\2
   3\w  .  *  *  *  *  *  *  *  *  *\3
    4\w  *  *  *  *  *  *  *  *  *  *\4
     5\.  *  *  *  *  *  *  *  *  *  *\5
      6\*  *  *  *  *  *  *  *  *  *  .\6
       7\*  *  *  *  *  *  *  *  *  B  .\7
        8\*  *  *  *  *  *  *  *  *  *  *\8
         9\*  *  *  *  *  *  *  *  *  *  .\9
         10\.  B  .  *  *  *  *  *  *  .  .\10
          11\b  b  b  .  W  .  .  .  .  .  .\11
              a  b  c  d  e  f  g  h  i  j  k  
ac167 info: Old: [black, b10] [white, swap-pieces] [white, b2] 
ac167 info: New: [black, b10] [white, swap-pieces] [white, b2] [black, j7] [white, e11] 
ac167 info: MovesPlayed: [black, j7] [white, e11] 
ac167 info: No subtree to reuse.
ac167 info: StartSearch()[0]
ac167 info: 
Elapsed Time   0.339555s
Count          1
GamesPlayed    1
Nodes          1
Knowledge      0 (0.0%)
Expansions     0.0
Time           0.00
GameLen        109.0 dev=0.0 min=109.0 max=109.0
InTree         0.0 dev=0.0 min=0.0 max=0.0
KnowDepth      -
Aborted        0%
Games/s        3154.6
Score          0.00
Sequence      
ac167 info: 
ac167 warning: **** MoHexSearch returned empty sequence!
ac167 warning: **** Returning random move!
ac167 info: Best move cannot be determined, must search state.
ac167 info: --- MoHexPlayer::Search() ---
ac167 info: Color: black
ac167 info: MaxGames: 1
ac167 info: NumberThreads: 1
ac167 info: MaxNodes: 181818181 (15999999928 bytes)
ac167 info: TimeForMove: 1
ac167 info: PreSearch: max time reached (63/82).
ac167 info: Time for PreSearch: 0.200109s
ac167 info: 
  86d0adf2e0efab39
  a  b  c  d  e  f  g  h  i  j  k  
 1\b  b  .  .  .  .  .  .  .  .  .\1
  2\w  W  *  *  *  *  *  *  *  *  *\2
   3\w  .  *  *  *  *  *  *  *  *  *\3
    4\w  *  B  *  *  *  *  *  *  *  *\4
     5\.  *  *  *  *  *  *  *  *  *  *\5
      6\*  *  *  *  *  *  *  *  *  *  .\6
       7\*  *  *  *  *  *  *  W  *  B  .\7
        8\*  *  *  *  *  *  *  *  *  *  *\8
         9\*  *  *  *  *  *  *  *  *  *  .\9
         10\.  B  .  *  *  *  *  *  *  .  .\10
          11\b  b  b  .  W  .  .  .  .  .  .\11
              a  b  c  d  e  f  g  h  i  j  k  
ac167 info: Old: [black, b10] [white, swap-pieces] [white, b2] [black, j7] [white, e11] 
ac167 info: New: [black, b10] [white, swap-pieces] [white, b2] [black, j7] [white, e11] [black, c4] [white, h7] 
ac167 info: MovesPlayed: [black, c4] [white, h7] 
ac167 info: No subtree to reuse.
ac167 info: StartSearch()[0]
ac167 info: 
Elapsed Time   0.343148s
Count          1
GamesPlayed    1
Nodes          1
Knowledge      0 (0.0%)
Expansions     0.0
Time           0.00
GameLen        107.0 dev=0.0 min=107.0 max=107.0
InTree         0.0 dev=0.0 min=0.0 max=0.0
KnowDepth      -
Aborted        0%
Games/s        3636.4
Score          0.00
Sequence      
ac167 info: 
ac167 warning: **** MoHexSearch returned empty sequence!
ac167 warning: **** Returning random move!
ac167 info: Best move cannot be determined, must search state.
ac167 info: --- MoHexPlayer::Search() ---
ac167 info: Color: black
ac167 info: MaxGames: 1
ac167 info: NumberThreads: 1
ac167 info: MaxNodes: 181818181 (15999999928 bytes)
ac167 info: TimeForMove: 1
ac167 info: PreSearch: max time reached (41/79).
ac167 info: Time for PreSearch: 0.203696s
ac167 info: 
  606ac8efec0e8a3e
  a  b  c  d  e  f  g  h  i  j  k  
 1\b  b  .  .  .  .  .  .  .  .  .\1
  2\w  W  *  *  *  *  *  *  *  *  *\2
   3\w  .  *  *  *  *  *  *  *  *  *\3
    4\w  *  B  *  *  *  *  *  *  *  *\4
     5\.  *  *  *  *  B  *  *  *  *  *\5
      6\*  *  *  *  *  *  *  *  *  *  .\6
       7\*  *  *  *  *  *  *  W  *  B  w\7
        8\*  *  *  *  *  *  *  *  *  *  w\8
         9\*  *  *  *  *  *  *  *  *  *  W\9
         10\.  B  .  *  *  *  *  *  .  .  w\10
          11\b  b  b  .  W  .  .  .  .  .  w\11
              a  b  c  d  e  f  g  h  i  j  k  
ac167 info: Old: [black, b10] [white, swap-pieces] [white, b2] [black, j7] [white, e11] [black, c4] [white, h7] 
ac167 info: New: [black, b10] [white, swap-pieces] [white, b2] [black, j7] [white, e11] [black, c4] [white, h7] [black, f5] [white, k9] 
ac167 info: MovesPlayed: [black, f5] [white, k9] 
ac167 info: No subtree to reuse.
ac167 info: StartSearch()[0]
ac167 info: 
Elapsed Time   0.575228s
Count          1
GamesPlayed    1
Nodes          1
Knowledge      0 (0.0%)
Expansions     0.0
Time           0.00
GameLen        101.0 dev=0.0 min=101.0 max=101.0
InTree         0.0 dev=0.0 min=0.0 max=0.0
KnowDepth      -
Aborted        0%
Games/s        3225.8
Score          1.00
Sequence      
ac167 info: 
ac167 warning: **** MoHexSearch returned empty sequence!
ac167 warning: **** Returning random move!
ac167 info: Winning SC.
ac167 info: Winning SC.
ac167 info: Winning SC.
ac167 info: Winning SC.
ac167 info: Winning SC.
ac167 info: Winning SC.
ac167 info: Winning SC.
ac167 info: Winning SC.
ac167 info: Winning SC.
ac167 info: Winning SC.
ac167 info: Winning SC.
ac167 info: Winning SC.
ac167 config: ============ BenzeneShutdown =============
ac167 config: MoHexProgram:: ShutdownSystem()
ac167 config: CommonProgram:: ShutdownSystem()
ac167 config: BenzeneProgram:: ShutdownSystem()
Flushing and closing this stream...
