# nice ../build/src/mohex/mohex --config mohex-weak.htp --seed 603966 --logfile-name jobs/11x11-mohex-mohex-cg2010-vs-mohex-mohex-weak-4/mohex-mohex-weak-147.log
>boardsize 11 11
<= 
<
>name
MoHex 2.0.CMake Mar 21 2025
Copyright (C) 2007-2012 by the authors of the Benzene project.
This program comes with ABSOLUTELY NO WARRANTY. This is
free software and you are welcome to redistribute it under
certain conditions. Type `benzene-license' for details.

SgRandom::SetSeed: 603966
SgUctSearch: system memory 33632358400, using 1000000000 (5681818 nodes)
SgRandom::SetSeed: 1
SgRandom::SetSeed: 603966
1dfe7 info: Prior Patterns:
1dfe7 info: Global:
1dfe7 info: Size            = 565 32648 
1dfe7 info: TableEntries    = 65932 65910
1dfe7 info: MirrorsAdded    = 0 0
1dfe7 info: PrunableCount   = 30593 30629
1dfe7 info: LargestGamma    = 5820.77
1dfe7 info: SmallestGamma   = 6.6e-05
1dfe7 info: Local:
1dfe7 info: Size            = 550 5318 
1dfe7 info: TableEntries    = 11602 11588
1dfe7 info: MirrorsAdded    = 0 0
1dfe7 info: PrunableCount   = 3659 3667
1dfe7 info: LargestGamma    = 11281.8
1dfe7 info: SmallestGamma   = 0.026235
1dfe7 info: Playout Patterns:
1dfe7 info: Global:
1dfe7 info: Size            = 565 32648 
1dfe7 info: TableEntries    = 70329 70329
1dfe7 info: MirrorsAdded    = 4397 4419
1dfe7 info: PrunableCount   = 30593 30629
1dfe7 info: LargestGamma    = 5820.77
1dfe7 info: SmallestGamma   = 6.6e-05
1dfe7 info: Local:
1dfe7 info: Size            = 550 5318 
1dfe7 info: TableEntries    = 11602 11588
1dfe7 info: MirrorsAdded    = 0 0
1dfe7 info: PrunableCount   = 3659 3667
1dfe7 info: LargestGamma    = 11281.8
1dfe7 info: SmallestGamma   = 0.026235
param_game allow_swap 1
= 

param_mohex max_memory 1600000
= 

param_mohex num_threads 1
= 

param_mohex max_time 1
= 

param_mohex max_games 1
= 

param_mohex knowledge_threshold 400
= 

param_mohex reuse_subtree 1
= 

param_mohex use_parallel_solver 0
= 

<= MoHex
<
>version
<= 2.0.CMake
<
>play b g8
<= 
<
>showboard
<= 
< 
<  2cdba63365bbd179
<  a  b  c  d  e  f  g  h  i  j  k  
< 1\.  .  .  .  .  .  .  .  .  .  .\1
<  2\.  .  .  .  .  .  .  .  .  .  .\2
<   3\.  .  .  .  .  .  .  .  .  .  .\3
<    4\.  .  .  .  .  .  .  .  .  .  .\4
<     5\.  .  .  .  .  .  .  .  .  .  .\5
<      6\.  .  .  .  .  .  .  .  .  .  .\6
<       7\.  .  .  .  .  .  .  .  .  .  .\7
<        8\.  .  .  .  .  .  B  .  .  .  .\8
<         9\.  .  .  .  .  .  .  .  .  .  .\9
<         10\.  .  .  .  .  .  .  .  .  .  .\10
<          11\.  .  .  .  .  .  .  .  .  .  .\11
<              a  b  c  d  e  f  g  h  i  j  k  
<
>play w swap-pieces
<= 
<
>genmove w
<= b8
<
>play b j11
1dfe7 info: Best move cannot be determined, must search state.
1dfe7 info: --- MoHexPlayer::Search() ---
1dfe7 info: Color: white
1dfe7 info: MaxGames: 1
1dfe7 info: NumberThreads: 1
1dfe7 info: MaxNodes: 9090 (799920 bytes)
1dfe7 info: TimeForMove: 1
1dfe7 info: PreSearch: max time reached (55/90).
1dfe7 info: Time for PreSearch: 0.203222s
1dfe7 info: 
  2cdba63365bbd179
  a  b  c  d  e  f  g  h  i  j  k  
 1\.  .  .  *  *  *  *  *  *  *  .\1
  2\.  .  *  *  *  *  *  *  *  *  .\2
   3\.  *  *  *  *  *  *  *  *  *  .\3
    4\.  *  *  *  *  *  *  *  *  *  .\4
     5\.  *  *  .  *  *  *  *  *  *  .\5
      6\.  *  *  *  *  *  *  *  *  *  .\6
       7\.  *  *  *  *  *  *  .  *  *  .\7
        8\.  *  *  *  *  *  B  *  *  *  .\8
         9\.  *  *  *  *  *  *  *  *  *  .\9
         10\.  *  *  *  *  *  *  *  *  .  .\10
          11\.  *  *  *  *  *  *  *  .  .  .\11
              a  b  c  d  e  f  g  h  i  j  k  
1dfe7 info: No subtree to reuse.
1dfe7 info: Creating thread 0
1dfe7 info: StartSearch()[0]
SgUctSearch: max games reached
1dfe7 info: 
Elapsed Time   0.533302s
Count          1
GamesPlayed    1
Nodes          1
Knowledge      0 (0.0%)
Expansions     0.0
Time           0.00
GameLen        120.0 dev=0.0 min=120.0 max=120.0
InTree         0.0 dev=0.0 min=0.0 max=0.0
KnowDepth      -
Aborted        0%
Games/s        427.4
Score          0.00
Sequence      
1dfe7 info: 
1dfe7 warning: **** MoHexSearch returned empty sequence!
1dfe7 warning: **** Returning random move!
<= 
<
>genmove w
<= e11
<
>play b e3
1dfe7 info: Best move cannot be determined, must search state.
1dfe7 info: --- MoHexPlayer::Search() ---
1dfe7 info: Color: white
1dfe7 info: MaxGames: 1
1dfe7 info: NumberThreads: 1
1dfe7 info: MaxNodes: 9090 (799920 bytes)
1dfe7 info: TimeForMove: 1
1dfe7 info: PreSearch: max time reached (61/90).
1dfe7 info: Time for PreSearch: 0.201087s
1dfe7 info: 
  ef11ab9ae3d99894
  a  b  c  d  e  f  g  h  i  j  k  
 1\.  .  .  *  *  *  *  *  *  *  .\1
  2\.  .  *  *  *  *  *  *  *  *  .\2
   3\.  *  *  *  *  *  *  *  *  *  .\3
    4\.  *  *  *  *  *  *  *  *  *  .\4
     5\.  *  *  *  *  *  *  *  *  *  .\5
      6\.  *  *  *  *  *  *  *  *  *  .\6
       7\w  .  *  *  *  *  *  *  *  *  .\7
        8\w  W  *  *  *  *  B  *  *  *  .\8
         9\w  .  *  *  *  *  *  *  *  *  .\9
         10\w  *  *  *  *  *  *  *  *  *  .\10
          11\.  *  *  *  *  *  *  *  .  B  b\11
              a  b  c  d  e  f  g  h  i  j  k  
1dfe7 info: Old: [black, g8] [white, swap-pieces] 
1dfe7 info: New: [black, g8] [white, swap-pieces] [white, b8] [black, j11] 
1dfe7 info: ReuseSubtree: Colors do not alternate.
1dfe7 info: No subtree to reuse.
1dfe7 info: StartSearch()[0]
SgUctSearch: max games reached
1dfe7 info: 
Elapsed Time   0.346524s
Count          1
GamesPlayed    1
Nodes          1
Knowledge      0 (0.0%)
Expansions     0.0
Time           0.00
GameLen        113.0 dev=0.0 min=113.0 max=113.0
InTree         0.0 dev=0.0 min=0.0 max=0.0
KnowDepth      -
Aborted        0%
Games/s        3558.7
Score          0.00
Sequence      
1dfe7 info: 
1dfe7 warning: **** MoHexSearch returned empty sequence!
1dfe7 warning: **** Returning random move!
<= 
<
>genmove w
<= j7
<
>play b d11
1dfe7 info: Best move cannot be determined, must search state.
1dfe7 info: --- MoHexPlayer::Search() ---
1dfe7 info: Color: white
1dfe7 info: MaxGames: 1
1dfe7 info: NumberThreads: 1
1dfe7 info: MaxNodes: 9090 (799920 bytes)
1dfe7 info: TimeForMove: 1
1dfe7 info: PreSearch: max time reached (62/88).
1dfe7 info: Time for PreSearch: 0.201726s
1dfe7 info: 
  7c9515456640a3b0
  a  b  c  d  e  f  g  h  i  j  k  
 1\.  .  .  *  *  *  *  *  *  *  .\1
  2\.  .  *  *  *  *  *  *  *  *  .\2
   3\.  *  *  *  B  *  *  *  *  *  .\3
    4\.  *  *  *  *  *  *  *  *  *  .\4
     5\.  *  *  *  *  *  *  *  *  *  .\5
      6\.  *  *  *  *  *  *  *  *  *  .\6
       7\w  .  *  *  *  *  *  *  *  *  .\7
        8\w  W  *  *  *  *  B  *  *  *  .\8
         9\w  .  *  *  *  *  *  *  *  .  .\9
         10\w  *  *  *  *  *  *  *  *  .  .\10
          11\.  *  *  *  W  *  *  *  .  B  b\11
              a  b  c  d  e  f  g  h  i  j  k  
1dfe7 info: Old: [black, g8] [white, swap-pieces] [white, b8] [black, j11] 
1dfe7 info: New: [black, g8] [white, swap-pieces] [white, b8] [black, j11] [white, e11] [black, e3] 
1dfe7 info: MovesPlayed: [white, e11] [black, e3] 
1dfe7 info: No subtree to reuse.
1dfe7 info: StartSearch()[0]
SgUctSearch: max games reached
1dfe7 info: 
Elapsed Time   0.394475s
Count          1
GamesPlayed    1
Nodes          1
Knowledge      0 (0.0%)
Expansions     0.0
Time           0.00
GameLen        111.0 dev=0.0 min=111.0 max=111.0
InTree         0.0 dev=0.0 min=0.0 max=0.0
KnowDepth      -
Aborted        0%
Games/s        3649.6
Score          1.00
Sequence      
1dfe7 info: 
1dfe7 warning: **** MoHexSearch returned empty sequence!
1dfe7 warning: **** Returning random move!
<= 
<
>genmove w
<= a1
<
>play b d1
1dfe7 info: Best move cannot be determined, must search state.
1dfe7 info: --- MoHexPlayer::Search() ---
1dfe7 info: Color: white
1dfe7 info: MaxGames: 1
1dfe7 info: NumberThreads: 1
1dfe7 info: MaxNodes: 9090 (799920 bytes)
1dfe7 info: TimeForMove: 1
1dfe7 info: PreSearch: max time reached (66/80).
1dfe7 info: Time for PreSearch: 0.202084s
1dfe7 info: 
  57a3c565dac32f47
  a  b  c  d  e  f  g  h  i  j  k  
 1\.  .  .  *  *  *  *  *  *  *  .\1
  2\.  .  *  *  *  *  *  *  *  *  .\2
   3\.  *  *  *  B  *  *  *  *  *  .\3
    4\.  *  *  *  *  *  *  *  *  *  .\4
     5\.  *  *  *  *  *  *  *  *  .  w\5
      6\.  *  *  *  *  *  *  *  *  .  w\6
       7\w  .  *  *  *  *  *  *  *  W  w\7
        8\w  W  *  *  *  *  B  *  *  .  w\8
         9\w  .  *  *  *  *  *  *  .  .  w\9
         10\w  *  *  *  *  *  *  *  .  .  w\10
          11\.  *  .  B  W  *  *  .  b  B  b\11
              a  b  c  d  e  f  g  h  i  j  k  
1dfe7 info: Old: [black, g8] [white, swap-pieces] [white, b8] [black, j11] [white, e11] [black, e3] 
1dfe7 info: New: [black, g8] [white, swap-pieces] [white, b8] [black, j11] [white, e11] [black, e3] [white, j7] [black, d11] 
1dfe7 info: MovesPlayed: [white, j7] [black, d11] 
1dfe7 info: No subtree to reuse.
1dfe7 info: StartSearch()[0]
SgUctSearch: max games reached
1dfe7 info: 
Elapsed Time   0.394981s
Count          1
GamesPlayed    1
Nodes          1
Knowledge      0 (0.0%)
Expansions     0.0
Time           0.00
GameLen        102.0 dev=0.0 min=102.0 max=102.0
InTree         0.0 dev=0.0 min=0.0 max=0.0
KnowDepth      -
Aborted        0%
Games/s        2150.5
Score          0.00
Sequence      
1dfe7 info: 
1dfe7 warning: **** MoHexSearch returned empty sequence!
1dfe7 warning: **** Returning random move!
<= 
<
>genmove w
<= g4
<
>play b e6
1dfe7 info: Best move cannot be determined, must search state.
1dfe7 info: --- MoHexPlayer::Search() ---
1dfe7 info: Color: white
1dfe7 info: MaxGames: 1
1dfe7 info: NumberThreads: 1
1dfe7 info: MaxNodes: 9090 (799920 bytes)
1dfe7 info: TimeForMove: 1
1dfe7 info: PreSearch: max time reached (53/78).
1dfe7 info: Time for PreSearch: 0.202615s
1dfe7 info: 
  f820e3417b61c307
  a  b  c  d  e  f  g  h  i  j  k  
 1\W  b  b  B  .  *  *  *  *  *  .\1
  2\w  .  *  *  *  *  *  *  *  *  .\2
   3\w  *  *  *  B  *  *  *  *  *  .\3
    4\.  *  *  *  *  *  *  *  *  *  .\4
     5\.  *  *  *  *  *  *  *  *  .  w\5
      6\.  *  *  *  *  *  *  *  *  .  w\6
       7\w  .  *  *  *  *  *  *  *  W  w\7
        8\w  W  *  *  *  *  B  *  *  .  w\8
         9\w  .  *  *  *  *  *  *  .  .  w\9
         10\w  *  *  *  *  *  *  *  .  .  w\10
          11\.  *  .  B  W  *  *  .  b  B  b\11
              a  b  c  d  e  f  g  h  i  j  k  
1dfe7 info: Old: [black, g8] [white, swap-pieces] [white, b8] [black, j11] [white, e11] [black, e3] [white, j7] [black, d11] 
1dfe7 info: New: [black, g8] [white, swap-pieces] [white, b8] [black, j11] [white, e11] [black, e3] [white, j7] [black, d11] [white, a1] [black, d1] 
1dfe7 info: MovesPlayed: [white, a1] [black, d1] 
1dfe7 info: No subtree to reuse.
1dfe7 info: StartSearch()[0]
SgUctSearch: max games reached
1dfe7 info: 
Elapsed Time   0.353052s
Count          1
GamesPlayed    1
Nodes          1
Knowledge      0 (0.0%)
Expansions     0.0
Time           0.00
GameLen        96.0 dev=0.0 min=96.0 max=96.0
InTree         0.0 dev=0.0 min=0.0 max=0.0
KnowDepth      -
Aborted        0%
Games/s        3367.0
Score          1.00
Sequence      
1dfe7 info: 
1dfe7 warning: **** MoHexSearch returned empty sequence!
1dfe7 warning: **** Returning random move!
<= 
<
>genmove w
<= d3
<
>play b i7
1dfe7 info: Best move cannot be determined, must search state.
1dfe7 info: --- MoHexPlayer::Search() ---
1dfe7 info: Color: white
1dfe7 info: MaxGames: 1
1dfe7 info: NumberThreads: 1
1dfe7 info: MaxNodes: 9090 (799920 bytes)
1dfe7 info: TimeForMove: 1
1dfe7 info: PreSearch: max time reached (61/76).
1dfe7 info: Time for PreSearch: 0.200538s
1dfe7 info: 
  8723114b22eab8b0
  a  b  c  d  e  f  g  h  i  j  k  
 1\W  b  b  B  .  *  *  *  *  *  .\1
  2\w  .  *  *  *  *  *  *  *  *  .\2
   3\w  *  *  *  B  *  *  *  *  *  .\3
    4\.  *  *  *  *  *  W  *  *  *  .\4
     5\.  *  *  *  *  *  *  *  *  .  w\5
      6\.  *  *  *  B  *  *  *  *  .  w\6
       7\w  .  *  *  *  *  *  *  *  W  w\7
        8\w  W  *  *  *  *  B  *  *  .  w\8
         9\w  .  *  *  *  *  *  *  .  .  w\9
         10\w  *  *  *  *  *  *  *  .  .  w\10
          11\.  *  .  B  W  *  *  .  b  B  b\11
              a  b  c  d  e  f  g  h  i  j  k  
1dfe7 info: Old: [black, g8] [white, swap-pieces] [white, b8] [black, j11] [white, e11] [black, e3] [white, j7] [black, d11] [white, a1] [black, d1] 
1dfe7 info: New: [black, g8] [white, swap-pieces] [white, b8] [black, j11] [white, e11] [black, e3] [white, j7] [black, d11] [white, a1] [black, d1] [white, g4] [black, e6] 
1dfe7 info: MovesPlayed: [white, g4] [black, e6] 
1dfe7 info: No subtree to reuse.
1dfe7 info: StartSearch()[0]
SgUctSearch: max games reached
1dfe7 info: 
Elapsed Time   0.559661s
Count          1
GamesPlayed    1
Nodes          1
Knowledge      0 (0.0%)
Expansions     0.0
Time           0.00
GameLen        94.0 dev=0.0 min=94.0 max=94.0
InTree         0.0 dev=0.0 min=0.0 max=0.0
KnowDepth      -
Aborted        0%
Games/s        3289.5
Score          1.00
Sequence      
1dfe7 info: 
1dfe7 warning: **** MoHexSearch returned empty sequence!
1dfe7 warning: **** Returning random move!
<= 
<
>genmove w
<= h11
<
>play b g7
1dfe7 info: Best move cannot be determined, must search state.
1dfe7 info: --- MoHexPlayer::Search() ---
1dfe7 info: Color: white
1dfe7 info: MaxGames: 1
1dfe7 info: NumberThreads: 1
1dfe7 info: MaxNodes: 9090 (799920 bytes)
1dfe7 info: TimeForMove: 1
1dfe7 info: Time for PreSearch: 0.149864s
1dfe7 info: 
  24e42b16dd3fa524
  a  b  c  d  e  f  g  h  i  j  k  
 1\W  b  b  B  .  *  *  *  *  .  .\1
  2\w  .  .  *  *  *  *  *  .  .  .\2
   3\w  .  .  W  B  *  *  .  .  .  .\3
    4\.  .  .  *  *  *  W  .  .  .  .\4
     5\.  .  .  *  *  *  *  .  .  .  w\5
      6\.  .  .  *  B  *  *  *  *  .  w\6
       7\w  .  .  *  *  *  *  *  B  W  w\7
        8\w  W  .  *  *  *  B  *  *  .  w\8
         9\w  .  *  *  *  *  *  *  .  .  w\9
         10\w  *  *  *  *  *  *  *  .  .  w\10
          11\.  *  .  B  W  *  *  .  b  B  b\11
              a  b  c  d  e  f  g  h  i  j  k  
1dfe7 info: Old: [black, g8] [white, swap-pieces] [white, b8] [black, j11] [white, e11] [black, e3] [white, j7] [black, d11] [white, a1] [black, d1] [white, g4] [black, e6] 
1dfe7 info: New: [black, g8] [white, swap-pieces] [white, b8] [black, j11] [white, e11] [black, e3] [white, j7] [black, d11] [white, a1] [black, d1] [white, g4] [black, e6] [white, d3] [black, i7] 
1dfe7 info: MovesPlayed: [white, d3] [black, i7] 
1dfe7 info: No subtree to reuse.
1dfe7 info: StartSearch()[0]
SgUctSearch: max games reached
1dfe7 info: 
Elapsed Time   0.293971s
Count          1
GamesPlayed    1
Nodes          1
Knowledge      0 (0.0%)
Expansions     0.0
Time           0.00
GameLen        92.0 dev=0.0 min=92.0 max=92.0
InTree         0.0 dev=0.0 min=0.0 max=0.0
KnowDepth      -
Aborted        0%
Games/s        3571.4
Score          0.00
Sequence      
1dfe7 info: 
1dfe7 warning: **** MoHexSearch returned empty sequence!
1dfe7 warning: **** Returning random move!
<= 
<
>genmove w
<= d5
<
>play b g10
1dfe7 info: Best move cannot be determined, must search state.
1dfe7 info: --- MoHexPlayer::Search() ---
1dfe7 info: Color: white
1dfe7 info: MaxGames: 1
1dfe7 info: NumberThreads: 1
1dfe7 info: MaxNodes: 9090 (799920 bytes)
1dfe7 info: TimeForMove: 1
1dfe7 info: PreSearch: max time reached (67/72).
1dfe7 info: Time for PreSearch: 0.201736s
1dfe7 info: 
  8b68c23ee3d0a96a
  a  b  c  d  e  f  g  h  i  j  k  
 1\W  b  b  B  .  *  *  *  *  *  .\1
  2\w  .  *  *  *  *  *  *  *  *  .\2
   3\w  .  *  W  B  *  *  *  *  *  .\3
    4\.  *  *  *  *  *  W  *  *  *  .\4
     5\.  *  *  *  *  *  *  *  *  .  w\5
      6\.  .  *  *  B  *  *  *  *  .  w\6
       7\w  .  *  *  *  *  B  .  B  W  w\7
        8\w  W  *  *  *  *  B  *  *  .  w\8
         9\w  .  *  *  *  *  *  *  *  .  w\9
         10\w  *  *  *  *  *  *  *  *  .  w\10
          11\.  *  .  B  W  *  *  W  .  B  b\11
              a  b  c  d  e  f  g  h  i  j  k  
1dfe7 info: Old: [black, g8] [white, swap-pieces] [white, b8] [black, j11] [white, e11] [black, e3] [white, j7] [black, d11] [white, a1] [black, d1] [white, g4] [black, e6] [white, d3] [black, i7] 
1dfe7 info: New: [black, g8] [white, swap-pieces] [white, b8] [black, j11] [white, e11] [black, e3] [white, j7] [black, d11] [white, a1] [black, d1] [white, g4] [black, e6] [white, d3] [black, i7] [white, h11] [black, g7] 
1dfe7 info: MovesPlayed: [white, h11] [black, g7] 
1dfe7 info: No subtree to reuse.
1dfe7 info: StartSearch()[0]
SgUctSearch: max games reached
1dfe7 info: 
Elapsed Time   0.34466s
Count          1
GamesPlayed    1
Nodes          1
Knowledge      0 (0.0%)
Expansions     0.0
Time           0.00
GameLen        91.0 dev=0.0 min=91.0 max=91.0
InTree         0.0 dev=0.0 min=0.0 max=0.0
KnowDepth      -
Aborted        0%
Games/s        3086.4
Score          0.00
Sequence      
1dfe7 info: 
1dfe7 warning: **** MoHexSearch returned empty sequence!
1dfe7 warning: **** Returning random move!
<= 
<
>genmove w
<= d2
<
>play b f4
1dfe7 info: Best move cannot be determined, must search state.
1dfe7 info: --- MoHexPlayer::Search() ---
1dfe7 info: Color: white
1dfe7 info: MaxGames: 1
1dfe7 info: NumberThreads: 1
1dfe7 info: MaxNodes: 9090 (799920 bytes)
1dfe7 info: TimeForMove: 1
1dfe7 info: Time for PreSearch: 0.040973s
1dfe7 info: 
  9d65103294dab052
  a  b  c  d  e  f  g  h  i  j  k  
 1\W  b  b  B  .  .  *  .  .  .  .\1
  2\w  .  .  .  .  .  .  .  .  .  .\2
   3\w  .  .  W  B  *  .  .  .  .  .\3
    4\.  .  .  .  .  .  W  .  .  .  .\4
     5\.  .  .  W  .  .  .  .  .  .  w\5
      6\.  .  .  .  B  *  *  .  .  .  w\6
       7\w  .  .  .  *  .  B  .  B  W  w\7
        8\w  W  .  *  *  *  B  *  .  .  w\8
         9\w  .  .  *  .  .  *  .  .  .  w\9
         10\w  .  .  .  *  .  B  .  .  .  w\10
          11\.  .  .  B  W  b  b  W  .  B  b\11
              a  b  c  d  e  f  g  h  i  j  k  
1dfe7 info: Old: [black, g8] [white, swap-pieces] [white, b8] [black, j11] [white, e11] [black, e3] [white, j7] [black, d11] [white, a1] [black, d1] [white, g4] [black, e6] [white, d3] [black, i7] [white, h11] [black, g7] 
1dfe7 info: New: [black, g8] [white, swap-pieces] [white, b8] [black, j11] [white, e11] [black, e3] [white, j7] [black, d11] [white, a1] [black, d1] [white, g4] [black, e6] [white, d3] [black, i7] [white, h11] [black, g7] [white, d5] [black, g10] 
1dfe7 info: MovesPlayed: [white, d5] [black, g10] 
1dfe7 info: No subtree to reuse.
1dfe7 info: StartSearch()[0]
SgUctSearch: max games reached
1dfe7 info: 
Elapsed Time   0.189503s
Count          1
GamesPlayed    1
Nodes          1
Knowledge      0 (0.0%)
Expansions     0.0
Time           0.00
GameLen        87.0 dev=0.0 min=87.0 max=87.0
InTree         0.0 dev=0.0 min=0.0 max=0.0
KnowDepth      -
Aborted        0%
Games/s        3389.8
Score          1.00
Sequence      
1dfe7 info: 
1dfe7 warning: **** MoHexSearch returned empty sequence!
1dfe7 warning: **** Returning random move!
<= 
<
>genmove w
<= f5
<
>play b e5
1dfe7 info: Opponent has won; playing most blocking move.
<= 
<
>genmove w
<= f3
<
>play b g2
1dfe7 info: Opponent has won; playing most blocking move.
<= 
<
>genmove w
<= g3
<
>play b e4
1dfe7 info: Opponent has won; playing most blocking move.
<= 
<
>genmove w
<= f7
<
>play b d8
1dfe7 info: Opponent has won; playing most blocking move.
<= 
<
>genmove w
<= e7
<
>play b d7
1dfe7 info: Opponent has won; playing most blocking move.
<= 
<
>genmove w
<= d10
<
>play b c10
1dfe7 info: Opponent has won; playing most blocking move.
<= 
<
>genmove w
<= d9
<
>play b c9
1dfe7 info: Opponent has won; playing most blocking move.
<= 
<
>genmove w
<= f1
<
>play b f2
1dfe7 info: Captured cells caused win! Removing...
1dfe7 info: Opponent has won; playing most blocking move.
<= 
<
>genmove w
<= h1
<
>play b g1
1dfe7 info: Captured cells caused win! Removing...
1dfe7 info: Opponent has won; playing most blocking move.
<= 
<
>genmove w
<= b11
<
>play b c11
1dfe7 info: Captured cells caused win! Removing...
1dfe7 info: Opponent has won; playing most blocking move.
<= 
<
>genmove w
<= resign
<
>final_score
<= B+
<
>quit
<= 
<
