# nice ../build/src/mohex/mohex --config mohex-cg2010.htp --seed 716311 --logfile-name jobs/11x11-mohex-mohex-cg2010-vs-mohex-mohex-weak-4/mohex-mohex-cg2010-249.log
>boardsize 11 11
MoHex 2.0.CMake Mar 21 2025
Copyright (C) 2007-2012 by the authors of the Benzene project.
This program comes with ABSOLUTELY NO WARRANTY. This is
free software and you are welcome to redistribute it under
certain conditions. Type `benzene-license' for details.

SgRandom::SetSeed: 716311
SgUctSearch: system memory 33632358400, using 1000000000 (5681818 nodes)
SgRandom::SetSeed: 1
SgRandom::SetSeed: 716311
e2077 info: Prior Patterns:
e2077 info: Global:
e2077 info: Size            = 565 32648 
e2077 info: TableEntries    = 65932 65910
e2077 info: MirrorsAdded    = 0 0
e2077 info: PrunableCount   = 30593 30629
e2077 info: LargestGamma    = 5820.77
e2077 info: SmallestGamma   = 6.6e-05
e2077 info: Local:
e2077 info: Size            = 550 5318 
e2077 info: TableEntries    = 11602 11588
e2077 info: MirrorsAdded    = 0 0
e2077 info: PrunableCount   = 3659 3667
e2077 info: LargestGamma    = 11281.8
e2077 info: SmallestGamma   = 0.026235
e2077 info: Playout Patterns:
e2077 info: Global:
e2077 info: Size            = 565 32648 
e2077 info: TableEntries    = 70329 70329
e2077 info: MirrorsAdded    = 4397 4419
e2077 info: PrunableCount   = 30593 30629
e2077 info: LargestGamma    = 5820.77
e2077 info: SmallestGamma   = 6.6e-05
e2077 info: Local:
e2077 info: Size            = 550 5318 
e2077 info: TableEntries    = 11602 11588
e2077 info: MirrorsAdded    = 0 0
e2077 info: PrunableCount   = 3659 3667
e2077 info: LargestGamma    = 11281.8
e2077 info: SmallestGamma   = 0.026235
param_game allow_swap 1
= 

param_mohex max_memory 32000000000
= 

param_mohex num_threads 1
= 

param_mohex max_time 1
= 

param_mohex max_games 1
= 

param_mohex knowledge_threshold 400
= 

param_mohex reuse_subtree 1
= 

param_mohex use_parallel_solver 0
= 

<= 
<
>name
<= MoHex
<
>version
<= 2.0.CMake
<
>play b a4
<= 
<
>genmove w
<= swap-pieces
<
>showboard
e2077 info: SwapCheck: reading from '/home/linus/MoHex2.0/nfbranchfix/benzene-vanilla-cmake/share/swap-moves.txt'.
e2077 info: SwapCheck: playing swap.
<= 
< 
<  16fb1f9bcce4491b
<  a  b  c  d  e  f  g  h  i  j  k  
< 1\.  .  .  .  .  .  .  .  .  .  .\1
<  2\.  .  .  .  .  .  .  .  .  .  .\2
<   3\.  .  .  .  .  .  .  .  .  .  .\3
<    4\B  .  .  .  .  .  .  .  .  .  .\4
<     5\.  .  .  .  .  .  .  .  .  .  .\5
<      6\.  .  .  .  .  .  .  .  .  .  .\6
<       7\.  .  .  .  .  .  .  .  .  .  .\7
<        8\.  .  .  .  .  .  .  .  .  .  .\8
<         9\.  .  .  .  .  .  .  .  .  .  .\9
<         10\.  .  .  .  .  .  .  .  .  .  .\10
<          11\.  .  .  .  .  .  .  .  .  .  .\11
<              a  b  c  d  e  f  g  h  i  j  k  
<
>play w j6
<= 
<
>showboard
<= 
< 
<  6521fe4752358981
<  a  b  c  d  e  f  g  h  i  j  k  
< 1\.  .  .  .  .  .  .  .  .  .  .\1
<  2\.  .  .  .  .  .  .  .  .  .  .\2
<   3\.  .  .  .  .  .  .  .  .  .  .\3
<    4\B  .  .  .  .  .  .  .  .  .  .\4
<     5\.  .  .  .  .  .  .  .  .  .  .\5
<      6\.  .  .  .  .  .  .  .  .  W  .\6
<       7\.  .  .  .  .  .  .  .  .  .  .\7
<        8\.  .  .  .  .  .  .  .  .  .  .\8
<         9\.  .  .  .  .  .  .  .  .  .  .\9
<         10\.  .  .  .  .  .  .  .  .  .  .\10
<          11\.  .  .  .  .  .  .  .  .  .  .\11
<              a  b  c  d  e  f  g  h  i  j  k  
<
>genmove b
<= k10
<
>showboard
e2077 info: Best move cannot be determined, must search state.
e2077 info: --- MoHexPlayer::Search() ---
e2077 info: Color: black
e2077 info: MaxGames: 1
e2077 info: NumberThreads: 1
e2077 info: MaxNodes: 181818181 (15999999928 bytes)
e2077 info: TimeForMove: 1
e2077 info: PreSearch: max time reached (56/83).
e2077 info: Time for PreSearch: 0.205562s
e2077 info: 
  6521fe4752358981
  a  b  c  d  e  f  g  h  i  j  k  
 1\.  .  .  .  .  .  .  .  .  .  .\1
  2\.  .  *  *  *  *  *  *  *  *  *\2
   3\.  *  *  *  *  *  *  *  *  *  .\3
    4\B  *  *  *  *  *  *  *  *  *  w\4
     5\*  *  *  *  *  *  *  *  *  .  w\5
      6\*  *  *  *  *  *  *  *  *  W  w\6
       7\*  *  *  *  *  *  *  *  *  .  w\7
        8\*  *  *  *  *  *  *  *  *  *  .\8
         9\*  *  *  *  *  *  *  *  *  *  .\9
         10\*  *  *  *  *  *  *  *  *  .  .\10
          11\.  .  .  .  .  .  .  .  .  .  .\11
              a  b  c  d  e  f  g  h  i  j  k  
e2077 info: No subtree to reuse.
e2077 info: Creating thread 0
e2077 info: StartSearch()[0]
SgUctSearch: max games reached
e2077 info: 
Elapsed Time   0.357315s
Count          1
GamesPlayed    1
Nodes          1
Knowledge      0 (0.0%)
Expansions     0.0
Time           0.00
GameLen        115.0 dev=0.0 min=115.0 max=115.0
InTree         0.0 dev=0.0 min=0.0 max=0.0
KnowDepth      -
Aborted        0%
Games/s        415.5
Score          0.00
Sequence      
e2077 info: 
e2077 warning: **** MoHexSearch returned empty sequence!
e2077 warning: **** Returning random move!
<= 
< 
<  b90cabacb864c93c
<  a  b  c  d  e  f  g  h  i  j  k  
< 1\.  .  .  .  .  .  .  .  .  .  .\1
<  2\.  .  .  .  .  .  .  .  .  .  .\2
<   3\.  .  .  .  .  .  .  .  .  .  .\3
<    4\B  .  .  .  .  .  .  .  .  .  .\4
<     5\.  .  .  .  .  .  .  .  .  .  .\5
<      6\.  .  .  .  .  .  .  .  .  W  .\6
<       7\.  .  .  .  .  .  .  .  .  .  .\7
<        8\.  .  .  .  .  .  .  .  .  .  .\8
<         9\.  .  .  .  .  .  .  .  .  .  .\9
<         10\.  .  .  .  .  .  .  .  .  .  B\10
<          11\.  .  .  .  .  .  .  .  .  .  .\11
<              a  b  c  d  e  f  g  h  i  j  k  
<
>play w b4
<= 
<
>showboard
<= 
< 
<  fe8d22396cc75411
<  a  b  c  d  e  f  g  h  i  j  k  
< 1\.  .  .  .  .  .  .  .  .  .  .\1
<  2\.  .  .  .  .  .  .  .  .  .  .\2
<   3\.  .  .  .  .  .  .  .  .  .  .\3
<    4\B  W  .  .  .  .  .  .  .  .  .\4
<     5\.  .  .  .  .  .  .  .  .  .  .\5
<      6\.  .  .  .  .  .  .  .  .  W  .\6
<       7\.  .  .  .  .  .  .  .  .  .  .\7
<        8\.  .  .  .  .  .  .  .  .  .  .\8
<         9\.  .  .  .  .  .  .  .  .  .  .\9
<         10\.  .  .  .  .  .  .  .  .  .  B\10
<          11\.  .  .  .  .  .  .  .  .  .  .\11
<              a  b  c  d  e  f  g  h  i  j  k  
<
>genmove b
<= a7
<
>showboard
e2077 info: Best move cannot be determined, must search state.
e2077 info: --- MoHexPlayer::Search() ---
e2077 info: Color: black
e2077 info: MaxGames: 1
e2077 info: NumberThreads: 1
e2077 info: MaxNodes: 181818181 (15999999928 bytes)
e2077 info: TimeForMove: 1
e2077 info: PreSearch: max time reached (60/82).
e2077 info: Time for PreSearch: 0.202701s
e2077 info: 
  fe8d22396cc75411
  a  b  c  d  e  f  g  h  i  j  k  
 1\.  .  .  .  .  .  .  .  .  .  .\1
  2\.  .  *  *  *  *  *  *  *  *  *\2
   3\.  *  *  *  *  *  *  *  *  *  .\3
    4\B  W  *  *  *  *  *  *  *  *  w\4
     5\*  *  *  *  *  *  *  *  *  .  w\5
      6\*  *  *  *  *  *  *  *  *  W  w\6
       7\*  *  *  *  *  *  *  *  *  .  w\7
        8\*  *  *  *  *  *  *  *  *  *  .\8
         9\*  *  *  *  *  *  *  *  *  *  .\9
         10\*  *  *  *  *  *  *  *  *  .  B\10
          11\.  .  .  .  .  .  .  .  b  b  b\11
              a  b  c  d  e  f  g  h  i  j  k  
e2077 info: Old: [black, a4] [white, swap-pieces] [white, j6] 
e2077 info: New: [black, a4] [white, swap-pieces] [white, j6] [black, k10] [white, b4] 
e2077 info: MovesPlayed: [black, k10] [white, b4] 
e2077 info: No subtree to reuse.
e2077 info: StartSearch()[0]
SgUctSearch: max games reached
e2077 info: 
Elapsed Time   0.355891s
Count          1
GamesPlayed    1
Nodes          1
Knowledge      0 (0.0%)
Expansions     0.0
Time           0.00
GameLen        110.0 dev=0.0 min=110.0 max=110.0
InTree         0.0 dev=0.0 min=0.0 max=0.0
KnowDepth      -
Aborted        0%
Games/s        3333.3
Score          0.00
Sequence      
e2077 info: 
e2077 warning: **** MoHexSearch returned empty sequence!
e2077 warning: **** Returning random move!
<= 
< 
<  6705b769000cf267
<  a  b  c  d  e  f  g  h  i  j  k  
< 1\.  .  .  .  .  .  .  .  .  .  .\1
<  2\.  .  .  .  .  .  .  .  .  .  .\2
<   3\.  .  .  .  .  .  .  .  .  .  .\3
<    4\B  W  .  .  .  .  .  .  .  .  .\4
<     5\.  .  .  .  .  .  .  .  .  .  .\5
<      6\.  .  .  .  .  .  .  .  .  W  .\6
<       7\B  .  .  .  .  .  .  .  .  .  .\7
<        8\.  .  .  .  .  .  .  .  .  .  .\8
<         9\.  .  .  .  .  .  .  .  .  .  .\9
<         10\.  .  .  .  .  .  .  .  .  .  B\10
<          11\.  .  .  .  .  .  .  .  .  .  .\11
<              a  b  c  d  e  f  g  h  i  j  k  
<
>play w c3
<= 
<
>showboard
<= 
< 
<  d4cf4067f275ab83
<  a  b  c  d  e  f  g  h  i  j  k  
< 1\.  .  .  .  .  .  .  .  .  .  .\1
<  2\.  .  .  .  .  .  .  .  .  .  .\2
<   3\.  .  W  .  .  .  .  .  .  .  .\3
<    4\B  W  .  .  .  .  .  .  .  .  .\4
<     5\.  .  .  .  .  .  .  .  .  .  .\5
<      6\.  .  .  .  .  .  .  .  .  W  .\6
<       7\B  .  .  .  .  .  .  .  .  .  .\7
<        8\.  .  .  .  .  .  .  .  .  .  .\8
<         9\.  .  .  .  .  .  .  .  .  .  .\9
<         10\.  .  .  .  .  .  .  .  .  .  B\10
<          11\.  .  .  .  .  .  .  .  .  .  .\11
<              a  b  c  d  e  f  g  h  i  j  k  
<
>genmove b
<= e5
<
>showboard
e2077 info: Best move cannot be determined, must search state.
e2077 info: --- MoHexPlayer::Search() ---
e2077 info: Color: black
e2077 info: MaxGames: 1
e2077 info: NumberThreads: 1
e2077 info: MaxNodes: 181818181 (15999999928 bytes)
e2077 info: TimeForMove: 1
e2077 info: PreSearch: max time reached (61/78).
e2077 info: Time for PreSearch: 0.201711s
e2077 info: 
  d4cf4067f275ab83
  a  b  c  d  e  f  g  h  i  j  k  
 1\.  .  .  .  .  .  .  .  .  .  .\1
  2\.  *  .  .  *  *  *  *  *  *  *\2
   3\.  .  W  *  *  *  *  *  *  *  .\3
    4\B  W  *  *  *  *  *  *  *  *  w\4
     5\*  *  *  *  *  *  *  *  *  .  w\5
      6\*  *  *  *  *  *  *  *  *  W  w\6
       7\B  *  *  *  *  *  *  *  *  .  w\7
        8\*  *  *  *  *  *  *  *  *  *  .\8
         9\*  *  *  *  *  *  *  *  *  *  .\9
         10\*  *  *  *  *  *  .  .  *  .  B\10
          11\.  .  .  .  .  .  .  .  b  b  b\11
              a  b  c  d  e  f  g  h  i  j  k  
e2077 info: Old: [black, a4] [white, swap-pieces] [white, j6] [black, k10] [white, b4] 
e2077 info: New: [black, a4] [white, swap-pieces] [white, j6] [black, k10] [white, b4] [black, a7] [white, c3] 
e2077 info: MovesPlayed: [black, a7] [white, c3] 
e2077 info: No subtree to reuse.
e2077 info: StartSearch()[0]
SgUctSearch: max games reached
e2077 info: 
Elapsed Time   0.352814s
Count          1
GamesPlayed    1
Nodes          1
Knowledge      0 (0.0%)
Expansions     0.0
Time           0.00
GameLen        108.0 dev=0.0 min=108.0 max=108.0
InTree         0.0 dev=0.0 min=0.0 max=0.0
KnowDepth      -
Aborted        0%
Games/s        2724.8
Score          0.00
Sequence      
e2077 info: 
e2077 warning: **** MoHexSearch returned empty sequence!
e2077 warning: **** Returning random move!
<= 
< 
<  483bae7e5b12c621
<  a  b  c  d  e  f  g  h  i  j  k  
< 1\.  .  .  .  .  .  .  .  .  .  .\1
<  2\.  .  .  .  .  .  .  .  .  .  .\2
<   3\.  .  W  .  .  .  .  .  .  .  .\3
<    4\B  W  .  .  .  .  .  .  .  .  .\4
<     5\.  .  .  .  B  .  .  .  .  .  .\5
<      6\.  .  .  .  .  .  .  .  .  W  .\6
<       7\B  .  .  .  .  .  .  .  .  .  .\7
<        8\.  .  .  .  .  .  .  .  .  .  .\8
<         9\.  .  .  .  .  .  .  .  .  .  .\9
<         10\.  .  .  .  .  .  .  .  .  .  B\10
<          11\.  .  .  .  .  .  .  .  .  .  .\11
<              a  b  c  d  e  f  g  h  i  j  k  
<
>play w a3
<= 
<
>showboard
<= 
< 
<  01a2d7a9547c4ecf
<  a  b  c  d  e  f  g  h  i  j  k  
< 1\.  .  .  .  .  .  .  .  .  .  .\1
<  2\.  .  .  .  .  .  .  .  .  .  .\2
<   3\W  .  W  .  .  .  .  .  .  .  .\3
<    4\B  W  .  .  .  .  .  .  .  .  .\4
<     5\.  .  .  .  B  .  .  .  .  .  .\5
<      6\.  .  .  .  .  .  .  .  .  W  .\6
<       7\B  .  .  .  .  .  .  .  .  .  .\7
<        8\.  .  .  .  .  .  .  .  .  .  .\8
<         9\.  .  .  .  .  .  .  .  .  .  .\9
<         10\.  .  .  .  .  .  .  .  .  .  B\10
<          11\.  .  .  .  .  .  .  .  .  .  .\11
<              a  b  c  d  e  f  g  h  i  j  k  
<
>genmove b
<= f6
<
>showboard
e2077 info: Best move cannot be determined, must search state.
e2077 info: --- MoHexPlayer::Search() ---
e2077 info: Color: black
e2077 info: MaxGames: 1
e2077 info: NumberThreads: 1
e2077 info: MaxNodes: 181818181 (15999999928 bytes)
e2077 info: TimeForMove: 1
e2077 info: PreSearch: max time reached (54/73).
e2077 info: Time for PreSearch: 0.20082s
e2077 info: 
  01a2d7a9547c4ecf
  a  b  c  d  e  f  g  h  i  j  k  
 1\w  w  w  .  .  .  .  .  .  .  .\1
  2\w  w  w  .  .  *  *  *  *  *  *\2
   3\W  w  W  *  *  *  *  *  *  *  .\3
    4\B  W  *  *  *  *  *  *  *  *  w\4
     5\w  *  *  *  B  *  *  *  *  .  w\5
      6\.  *  *  *  *  *  *  *  *  W  w\6
       7\B  *  *  *  *  *  *  *  *  .  w\7
        8\*  *  *  *  *  *  *  *  *  *  .\8
         9\*  *  *  *  *  *  *  *  *  *  .\9
         10\*  *  *  *  *  *  .  .  *  .  B\10
          11\.  .  .  .  .  .  .  .  b  b  b\11
              a  b  c  d  e  f  g  h  i  j  k  
e2077 info: Old: [black, a4] [white, swap-pieces] [white, j6] [black, k10] [white, b4] [black, a7] [white, c3] 
e2077 info: New: [black, a4] [white, swap-pieces] [white, j6] [black, k10] [white, b4] [black, a7] [white, c3] [black, e5] [white, a3] 
e2077 info: MovesPlayed: [black, e5] [white, a3] 
e2077 info: No subtree to reuse.
e2077 info: StartSearch()[0]
SgUctSearch: max games reached
e2077 info: 
Elapsed Time   0.344146s
Count          1
GamesPlayed    1
Nodes          1
Knowledge      0 (0.0%)
Expansions     0.0
Time           0.00
GameLen        98.0 dev=0.0 min=98.0 max=98.0
InTree         0.0 dev=0.0 min=0.0 max=0.0
KnowDepth      -
Aborted        0%
Games/s        3571.4
Score          1.00
Sequence      
e2077 info: 
e2077 warning: **** MoHexSearch returned empty sequence!
e2077 warning: **** Returning random move!
<= 
< 
<  8d2c13849cbc9ae9
<  a  b  c  d  e  f  g  h  i  j  k  
< 1\.  .  .  .  .  .  .  .  .  .  .\1
<  2\.  .  .  .  .  .  .  .  .  .  .\2
<   3\W  .  W  .  .  .  .  .  .  .  .\3
<    4\B  W  .  .  .  .  .  .  .  .  .\4
<     5\.  .  .  .  B  .  .  .  .  .  .\5
<      6\.  .  .  .  .  B  .  .  .  W  .\6
<       7\B  .  .  .  .  .  .  .  .  .  .\7
<        8\.  .  .  .  .  .  .  .  .  .  .\8
<         9\.  .  .  .  .  .  .  .  .  .  .\9
<         10\.  .  .  .  .  .  .  .  .  .  B\10
<          11\.  .  .  .  .  .  .  .  .  .  .\11
<              a  b  c  d  e  f  g  h  i  j  k  
<
>play w h11
<= 
<
>showboard
<= 
< 
<  30aff1a65b05c0f6
<  a  b  c  d  e  f  g  h  i  j  k  
< 1\.  .  .  .  .  .  .  .  .  .  .\1
<  2\.  .  .  .  .  .  .  .  .  .  .\2
<   3\W  .  W  .  .  .  .  .  .  .  .\3
<    4\B  W  .  .  .  .  .  .  .  .  .\4
<     5\.  .  .  .  B  .  .  .  .  .  .\5
<      6\.  .  .  .  .  B  .  .  .  W  .\6
<       7\B  .  .  .  .  .  .  .  .  .  .\7
<        8\.  .  .  .  .  .  .  .  .  .  .\8
<         9\.  .  .  .  .  .  .  .  .  .  .\9
<         10\.  .  .  .  .  .  .  .  .  .  B\10
<          11\.  .  .  .  .  .  .  W  .  .  .\11
<              a  b  c  d  e  f  g  h  i  j  k  
<
>genmove b
<= b6
<
>showboard
e2077 info: Best move cannot be determined, must search state.
e2077 info: --- MoHexPlayer::Search() ---
e2077 info: Color: black
e2077 info: MaxGames: 1
e2077 info: NumberThreads: 1
e2077 info: MaxNodes: 181818181 (15999999928 bytes)
e2077 info: TimeForMove: 1
e2077 info: PreSearch: max time reached (28/72).
e2077 info: Time for PreSearch: 0.207519s
e2077 info: 
  30aff1a65b05c0f6
  a  b  c  d  e  f  g  h  i  j  k  
 1\w  w  w  .  .  .  .  .  .  .  .\1
  2\w  w  w  .  .  *  *  *  *  *  *\2
   3\W  w  W  *  *  *  *  *  *  *  .\3
    4\B  W  *  *  *  *  *  *  *  *  w\4
     5\w  *  *  *  B  *  *  *  *  .  w\5
      6\.  *  *  *  *  B  *  *  *  W  w\6
       7\B  *  *  *  *  *  *  *  *  .  w\7
        8\*  *  *  *  *  *  *  *  *  *  .\8
         9\*  *  *  *  *  *  *  *  *  *  .\9
         10\*  *  *  *  *  *  *  *  *  .  B\10
          11\.  .  .  .  .  .  .  W  .  b  b\11
              a  b  c  d  e  f  g  h  i  j  k  
e2077 info: Old: [black, a4] [white, swap-pieces] [white, j6] [black, k10] [white, b4] [black, a7] [white, c3] [black, e5] [white, a3] 
e2077 info: New: [black, a4] [white, swap-pieces] [white, j6] [black, k10] [white, b4] [black, a7] [white, c3] [black, e5] [white, a3] [black, f6] [white, h11] 
e2077 info: MovesPlayed: [black, f6] [white, h11] 
e2077 info: No subtree to reuse.
e2077 info: StartSearch()[0]
SgUctSearch: max games reached
e2077 info: 
Elapsed Time   0.356212s
Count          1
GamesPlayed    1
Nodes          1
Knowledge      0 (0.0%)
Expansions     0.0
Time           0.00
GameLen        97.0 dev=0.0 min=97.0 max=97.0
InTree         0.0 dev=0.0 min=0.0 max=0.0
KnowDepth      -
Aborted        0%
Games/s        3676.5
Score          1.00
Sequence      
e2077 info: 
e2077 warning: **** MoHexSearch returned empty sequence!
e2077 warning: **** Returning random move!
<= 
< 
<  765967b018ec4a6d
<  a  b  c  d  e  f  g  h  i  j  k  
< 1\.  .  .  .  .  .  .  .  .  .  .\1
<  2\.  .  .  .  .  .  .  .  .  .  .\2
<   3\W  .  W  .  .  .  .  .  .  .  .\3
<    4\B  W  .  .  .  .  .  .  .  .  .\4
<     5\.  .  .  .  B  .  .  .  .  .  .\5
<      6\.  B  .  .  .  B  .  .  .  W  .\6
<       7\B  .  .  .  .  .  .  .  .  .  .\7
<        8\.  .  .  .  .  .  .  .  .  .  .\8
<         9\.  .  .  .  .  .  .  .  .  .  .\9
<         10\.  .  .  .  .  .  .  .  .  .  B\10
<          11\.  .  .  .  .  .  .  W  .  .  .\11
<              a  b  c  d  e  f  g  h  i  j  k  
<
>play w i9
<= 
<
>showboard
<= 
< 
<  2ae3566aa243a91f
<  a  b  c  d  e  f  g  h  i  j  k  
< 1\.  .  .  .  .  .  .  .  .  .  .\1
<  2\.  .  .  .  .  .  .  .  .  .  .\2
<   3\W  .  W  .  .  .  .  .  .  .  .\3
<    4\B  W  .  .  .  .  .  .  .  .  .\4
<     5\.  .  .  .  B  .  .  .  .  .  .\5
<      6\.  B  .  .  .  B  .  .  .  W  .\6
<       7\B  .  .  .  .  .  .  .  .  .  .\7
<        8\.  .  .  .  .  .  .  .  .  .  .\8
<         9\.  .  .  .  .  .  .  .  W  .  .\9
<         10\.  .  .  .  .  .  .  .  .  .  B\10
<          11\.  .  .  .  .  .  .  W  .  .  .\11
<              a  b  c  d  e  f  g  h  i  j  k  
<
>genmove b
<= e10
<
>showboard
e2077 info: Best move cannot be determined, must search state.
e2077 info: --- MoHexPlayer::Search() ---
e2077 info: Color: black
e2077 info: MaxGames: 1
e2077 info: NumberThreads: 1
e2077 info: MaxNodes: 181818181 (15999999928 bytes)
e2077 info: TimeForMove: 1
e2077 info: PreSearch: max time reached (17/66).
e2077 info: Time for PreSearch: 0.201084s
e2077 info: 
  2ae3566aa243a91f
  a  b  c  d  e  f  g  h  i  j  k  
 1\w  w  w  .  .  .  .  .  .  .  .\1
  2\w  w  w  .  .  *  *  *  *  *  *\2
   3\W  w  W  *  *  *  *  *  *  *  .\3
    4\B  W  *  *  *  *  *  *  *  *  w\4
     5\w  .  *  *  B  *  *  *  *  .  w\5
      6\b  B  *  *  *  B  *  *  *  W  w\6
       7\B  .  *  *  *  *  *  *  *  .  w\7
        8\.  *  *  *  *  *  *  *  *  .  .\8
         9\*  *  *  *  *  *  *  *  W  *  .\9
         10\*  *  *  *  *  *  *  *  *  .  B\10
          11\.  .  .  .  .  .  .  W  .  b  b\11
              a  b  c  d  e  f  g  h  i  j  k  
e2077 info: Old: [black, a4] [white, swap-pieces] [white, j6] [black, k10] [white, b4] [black, a7] [white, c3] [black, e5] [white, a3] [black, f6] [white, h11] 
e2077 info: New: [black, a4] [white, swap-pieces] [white, j6] [black, k10] [white, b4] [black, a7] [white, c3] [black, e5] [white, a3] [black, f6] [white, h11] [black, b6] [white, i9] 
e2077 info: MovesPlayed: [black, b6] [white, i9] 
e2077 info: No subtree to reuse.
e2077 info: StartSearch()[0]
SgUctSearch: max games reached
e2077 info: 
Elapsed Time   0.405993s
Count          1
GamesPlayed    1
Nodes          1
Knowledge      0 (0.0%)
Expansions     0.0
Time           0.00
GameLen        94.0 dev=0.0 min=94.0 max=94.0
InTree         0.0 dev=0.0 min=0.0 max=0.0
KnowDepth      -
Aborted        0%
Games/s        3508.8
Score          0.00
Sequence      
e2077 info: 
e2077 warning: **** MoHexSearch returned empty sequence!
e2077 warning: **** Returning random move!
<= 
< 
<  05b6af6f9afc81d7
<  a  b  c  d  e  f  g  h  i  j  k  
< 1\.  .  .  .  .  .  .  .  .  .  .\1
<  2\.  .  .  .  .  .  .  .  .  .  .\2
<   3\W  .  W  .  .  .  .  .  .  .  .\3
<    4\B  W  .  .  .  .  .  .  .  .  .\4
<     5\.  .  .  .  B  .  .  .  .  .  .\5
<      6\.  B  .  .  .  B  .  .  .  W  .\6
<       7\B  .  .  .  .  .  .  .  .  .  .\7
<        8\.  .  .  .  .  .  .  .  .  .  .\8
<         9\.  .  .  .  .  .  .  .  W  .  .\9
<         10\.  .  .  .  B  .  .  .  .  .  B\10
<          11\.  .  .  .  .  .  .  W  .  .  .\11
<              a  b  c  d  e  f  g  h  i  j  k  
<
>play w i5
<= 
<
>showboard
<= 
< 
<  7f8c4cf94513a521
<  a  b  c  d  e  f  g  h  i  j  k  
< 1\.  .  .  .  .  .  .  .  .  .  .\1
<  2\.  .  .  .  .  .  .  .  .  .  .\2
<   3\W  .  W  .  .  .  .  .  .  .  .\3
<    4\B  W  .  .  .  .  .  .  .  .  .\4
<     5\.  .  .  .  B  .  .  .  W  .  .\5
<      6\.  B  .  .  .  B  .  .  .  W  .\6
<       7\B  .  .  .  .  .  .  .  .  .  .\7
<        8\.  .  .  .  .  .  .  .  .  .  .\8
<         9\.  .  .  .  .  .  .  .  W  .  .\9
<         10\.  .  .  .  B  .  .  .  .  .  B\10
<          11\.  .  .  .  .  .  .  W  .  .  .\11
<              a  b  c  d  e  f  g  h  i  j  k  
<
>genmove b
<= e2
<
>showboard
e2077 info: Best move cannot be determined, must search state.
e2077 info: --- MoHexPlayer::Search() ---
e2077 info: Color: black
e2077 info: MaxGames: 1
e2077 info: NumberThreads: 1
e2077 info: MaxNodes: 181818181 (15999999928 bytes)
e2077 info: TimeForMove: 1
e2077 info: PreSearch: max time reached (16/62).
e2077 info: Time for PreSearch: 0.203407s
e2077 info: 
  7f8c4cf94513a521
  a  b  c  d  e  f  g  h  i  j  k  
 1\w  w  w  .  .  .  .  .  .  .  .\1
  2\w  w  w  .  .  *  *  *  *  *  *\2
   3\W  w  W  *  *  *  *  *  *  *  .\3
    4\B  W  *  *  *  *  *  *  *  *  w\4
     5\w  .  *  *  B  *  *  *  W  .  w\5
      6\b  B  *  *  *  B  *  *  *  W  w\6
       7\B  .  *  *  *  *  *  *  *  .  w\7
        8\.  *  *  *  *  *  *  *  *  .  .\8
         9\*  *  *  *  *  *  *  *  W  *  .\9
         10\*  *  .  .  B  .  *  *  *  .  B\10
          11\.  .  b  b  b  b  .  W  .  b  b\11
              a  b  c  d  e  f  g  h  i  j  k  
e2077 info: Old: [black, a4] [white, swap-pieces] [white, j6] [black, k10] [white, b4] [black, a7] [white, c3] [black, e5] [white, a3] [black, f6] [white, h11] [black, b6] [white, i9] 
e2077 info: New: [black, a4] [white, swap-pieces] [white, j6] [black, k10] [white, b4] [black, a7] [white, c3] [black, e5] [white, a3] [black, f6] [white, h11] [black, b6] [white, i9] [black, e10] [white, i5] 
e2077 info: MovesPlayed: [black, e10] [white, i5] 
e2077 info: No subtree to reuse.
e2077 info: StartSearch()[0]
SgUctSearch: max games reached
e2077 info: 
Elapsed Time   0.346313s
Count          1
GamesPlayed    1
Nodes          1
Knowledge      0 (0.0%)
Expansions     0.0
Time           0.00
GameLen        88.0 dev=0.0 min=88.0 max=88.0
InTree         0.0 dev=0.0 min=0.0 max=0.0
KnowDepth      -
Aborted        0%
Games/s        3236.2
Score          1.00
Sequence      
e2077 info: 
e2077 warning: **** MoHexSearch returned empty sequence!
e2077 warning: **** Returning random move!
<= 
< 
<  1b15ac3fb7e5cc69
<  a  b  c  d  e  f  g  h  i  j  k  
< 1\.  .  .  .  .  .  .  .  .  .  .\1
<  2\.  .  .  .  B  .  .  .  .  .  .\2
<   3\W  .  W  .  .  .  .  .  .  .  .\3
<    4\B  W  .  .  .  .  .  .  .  .  .\4
<     5\.  .  .  .  B  .  .  .  W  .  .\5
<      6\.  B  .  .  .  B  .  .  .  W  .\6
<       7\B  .  .  .  .  .  .  .  .  .  .\7
<        8\.  .  .  .  .  .  .  .  .  .  .\8
<         9\.  .  .  .  .  .  .  .  W  .  .\9
<         10\.  .  .  .  B  .  .  .  .  .  B\10
<          11\.  .  .  .  .  .  .  W  .  .  .\11
<              a  b  c  d  e  f  g  h  i  j  k  
<
>play w f4
<= 
<
>showboard
<= 
< 
<  1726b5798d26e0ca
<  a  b  c  d  e  f  g  h  i  j  k  
< 1\.  .  .  .  .  .  .  .  .  .  .\1
<  2\.  .  .  .  B  .  .  .  .  .  .\2
<   3\W  .  W  .  .  .  .  .  .  .  .\3
<    4\B  W  .  .  .  W  .  .  .  .  .\4
<     5\.  .  .  .  B  .  .  .  W  .  .\5
<      6\.  B  .  .  .  B  .  .  .  W  .\6
<       7\B  .  .  .  .  .  .  .  .  .  .\7
<        8\.  .  .  .  .  .  .  .  .  .  .\8
<         9\.  .  .  .  .  .  .  .  W  .  .\9
<         10\.  .  .  .  B  .  .  .  .  .  B\10
<          11\.  .  .  .  .  .  .  W  .  .  .\11
<              a  b  c  d  e  f  g  h  i  j  k  
<
>genmove b
<= g6
<
>showboard
e2077 info: Best move cannot be determined, must search state.
e2077 info: --- MoHexPlayer::Search() ---
e2077 info: Color: black
e2077 info: MaxGames: 1
e2077 info: NumberThreads: 1
e2077 info: MaxNodes: 181818181 (15999999928 bytes)
e2077 info: TimeForMove: 1
e2077 info: PreSearch: max time reached (42/60).
e2077 info: Time for PreSearch: 0.202036s
e2077 info: 
  1726b5798d26e0ca
  a  b  c  d  e  f  g  h  i  j  k  
 1\w  b  b  b  b  b  b  .  .  .  .\1
  2\w  b  b  b  B  .  .  *  *  *  *\2
   3\W  w  W  *  *  .  *  *  *  *  .\3
    4\B  W  *  *  *  W  *  *  *  *  w\4
     5\w  .  *  *  B  *  *  *  W  .  w\5
      6\b  B  *  *  *  B  *  *  *  W  w\6
       7\B  .  *  *  *  *  *  *  *  .  w\7
        8\.  *  *  *  *  *  *  *  *  .  .\8
         9\*  *  *  *  *  *  *  *  W  *  .\9
         10\*  *  .  .  B  .  *  *  *  .  B\10
          11\.  .  b  b  b  b  .  W  .  b  b\11
              a  b  c  d  e  f  g  h  i  j  k  
e2077 info: Old: [black, a4] [white, swap-pieces] [white, j6] [black, k10] [white, b4] [black, a7] [white, c3] [black, e5] [white, a3] [black, f6] [white, h11] [black, b6] [white, i9] [black, e10] [white, i5] 
e2077 info: New: [black, a4] [white, swap-pieces] [white, j6] [black, k10] [white, b4] [black, a7] [white, c3] [black, e5] [white, a3] [black, f6] [white, h11] [black, b6] [white, i9] [black, e10] [white, i5] [black, e2] [white, f4] 
e2077 info: MovesPlayed: [black, e2] [white, f4] 
e2077 info: No subtree to reuse.
e2077 info: StartSearch()[0]
SgUctSearch: max games reached
e2077 info: 
Elapsed Time   0.34454s
Count          1
GamesPlayed    1
Nodes          1
Knowledge      0 (0.0%)
Expansions     0.0
Time           0.00
GameLen        81.0 dev=0.0 min=81.0 max=81.0
InTree         0.0 dev=0.0 min=0.0 max=0.0
KnowDepth      -
Aborted        0%
Games/s        4000.0
Score          1.00
Sequence      
e2077 info: 
e2077 warning: **** MoHexSearch returned empty sequence!
e2077 warning: **** Returning random move!
<= 
< 
<  da2b4fc0e64a64fe
<  a  b  c  d  e  f  g  h  i  j  k  
< 1\.  .  .  .  .  .  .  .  .  .  .\1
<  2\.  .  .  .  B  .  .  .  .  .  .\2
<   3\W  .  W  .  .  .  .  .  .  .  .\3
<    4\B  W  .  .  .  W  .  .  .  .  .\4
<     5\.  .  .  .  B  .  .  .  W  .  .\5
<      6\.  B  .  .  .  B  B  .  .  W  .\6
<       7\B  .  .  .  .  .  .  .  .  .  .\7
<        8\.  .  .  .  .  .  .  .  .  .  .\8
<         9\.  .  .  .  .  .  .  .  W  .  .\9
<         10\.  .  .  .  B  .  .  .  .  .  B\10
<          11\.  .  .  .  .  .  .  W  .  .  .\11
<              a  b  c  d  e  f  g  h  i  j  k  
<
>play w d7
<= 
<
>showboard
<= 
< 
<  137352ee9053ee1b
<  a  b  c  d  e  f  g  h  i  j  k  
< 1\.  .  .  .  .  .  .  .  .  .  .\1
<  2\.  .  .  .  B  .  .  .  .  .  .\2
<   3\W  .  W  .  .  .  .  .  .  .  .\3
<    4\B  W  .  .  .  W  .  .  .  .  .\4
<     5\.  .  .  .  B  .  .  .  W  .  .\5
<      6\.  B  .  .  .  B  B  .  .  W  .\6
<       7\B  .  .  W  .  .  .  .  .  .  .\7
<        8\.  .  .  .  .  .  .  .  .  .  .\8
<         9\.  .  .  .  .  .  .  .  W  .  .\9
<         10\.  .  .  .  B  .  .  .  .  .  B\10
<          11\.  .  .  .  .  .  .  W  .  .  .\11
<              a  b  c  d  e  f  g  h  i  j  k  
<
>genmove b
<= f8
<
>showboard
e2077 info: Winning SC.
<= 
< 
<  aab0e74c5bb74515
<  a  b  c  d  e  f  g  h  i  j  k  
< 1\.  .  .  .  .  .  .  .  .  .  .\1
<  2\.  .  .  .  B  .  .  .  .  .  .\2
<   3\W  .  W  .  .  .  .  .  .  .  .\3
<    4\B  W  .  .  .  W  .  .  .  .  .\4
<     5\.  .  .  .  B  .  .  .  W  .  .\5
<      6\.  B  .  .  .  B  B  .  .  W  .\6
<       7\B  .  .  W  .  .  .  .  .  .  .\7
<        8\.  .  .  .  .  B  .  .  .  .  .\8
<         9\.  .  .  .  .  .  .  .  W  .  .\9
<         10\.  .  .  .  B  .  .  .  .  .  B\10
<          11\.  .  .  .  .  .  .  W  .  .  .\11
<              a  b  c  d  e  f  g  h  i  j  k  
<
>play w e3
<= 
<
>showboard
<= 
< 
<  44f446eb1abbe6cf
<  a  b  c  d  e  f  g  h  i  j  k  
< 1\.  .  .  .  .  .  .  .  .  .  .\1
<  2\.  .  .  .  B  .  .  .  .  .  .\2
<   3\W  .  W  .  W  .  .  .  .  .  .\3
<    4\B  W  .  .  .  W  .  .  .  .  .\4
<     5\.  .  .  .  B  .  .  .  W  .  .\5
<      6\.  B  .  .  .  B  B  .  .  W  .\6
<       7\B  .  .  W  .  .  .  .  .  .  .\7
<        8\.  .  .  .  .  B  .  .  .  .  .\8
<         9\.  .  .  .  .  .  .  .  W  .  .\9
<         10\.  .  .  .  B  .  .  .  .  .  B\10
<          11\.  .  .  .  .  .  .  W  .  .  .\11
<              a  b  c  d  e  f  g  h  i  j  k  
<
>genmove b
<= h4
<
>showboard
e2077 info: Winning SC.
<= 
< 
<  cd4dd6cd6789da1e
<  a  b  c  d  e  f  g  h  i  j  k  
< 1\.  .  .  .  .  .  .  .  .  .  .\1
<  2\.  .  .  .  B  .  .  .  .  .  .\2
<   3\W  .  W  .  W  .  .  .  .  .  .\3
<    4\B  W  .  .  .  W  .  B  .  .  .\4
<     5\.  .  .  .  B  .  .  .  W  .  .\5
<      6\.  B  .  .  .  B  B  .  .  W  .\6
<       7\B  .  .  W  .  .  .  .  .  .  .\7
<        8\.  .  .  .  .  B  .  .  .  .  .\8
<         9\.  .  .  .  .  .  .  .  W  .  .\9
<         10\.  .  .  .  B  .  .  .  .  .  B\10
<          11\.  .  .  .  .  .  .  W  .  .  .\11
<              a  b  c  d  e  f  g  h  i  j  k  
<
>play w i1
<= 
<
>showboard
<= 
< 
<  a53810390bd43b2b
<  a  b  c  d  e  f  g  h  i  j  k  
< 1\.  .  .  .  .  .  .  .  W  .  .\1
<  2\.  .  .  .  B  .  .  .  .  .  .\2
<   3\W  .  W  .  W  .  .  .  .  .  .\3
<    4\B  W  .  .  .  W  .  B  .  .  .\4
<     5\.  .  .  .  B  .  .  .  W  .  .\5
<      6\.  B  .  .  .  B  B  .  .  W  .\6
<       7\B  .  .  W  .  .  .  .  .  .  .\7
<        8\.  .  .  .  .  B  .  .  .  .  .\8
<         9\.  .  .  .  .  .  .  .  W  .  .\9
<         10\.  .  .  .  B  .  .  .  .  .  B\10
<          11\.  .  .  .  .  .  .  W  .  .  .\11
<              a  b  c  d  e  f  g  h  i  j  k  
<
>genmove b
<= f3
<
>showboard
e2077 info: Winning SC.
<= 
< 
<  2f868dbf86aa4b00
<  a  b  c  d  e  f  g  h  i  j  k  
< 1\.  .  .  .  .  .  .  .  W  .  .\1
<  2\.  .  .  .  B  .  .  .  .  .  .\2
<   3\W  .  W  .  W  B  .  .  .  .  .\3
<    4\B  W  .  .  .  W  .  B  .  .  .\4
<     5\.  .  .  .  B  .  .  .  W  .  .\5
<      6\.  B  .  .  .  B  B  .  .  W  .\6
<       7\B  .  .  W  .  .  .  .  .  .  .\7
<        8\.  .  .  .  .  B  .  .  .  .  .\8
<         9\.  .  .  .  .  .  .  .  W  .  .\9
<         10\.  .  .  .  B  .  .  .  .  .  B\10
<          11\.  .  .  .  .  .  .  W  .  .  .\11
<              a  b  c  d  e  f  g  h  i  j  k  
<
>play w h3
<= 
<
>showboard
<= 
< 
<  82105a6b56e40134
<  a  b  c  d  e  f  g  h  i  j  k  
< 1\.  .  .  .  .  .  .  .  W  .  .\1
<  2\.  .  .  .  B  .  .  .  .  .  .\2
<   3\W  .  W  .  W  B  .  W  .  .  .\3
<    4\B  W  .  .  .  W  .  B  .  .  .\4
<     5\.  .  .  .  B  .  .  .  W  .  .\5
<      6\.  B  .  .  .  B  B  .  .  W  .\6
<       7\B  .  .  W  .  .  .  .  .  .  .\7
<        8\.  .  .  .  .  B  .  .  .  .  .\8
<         9\.  .  .  .  .  .  .  .  W  .  .\9
<         10\.  .  .  .  B  .  .  .  .  .  B\10
<          11\.  .  .  .  .  .  .  W  .  .  .\11
<              a  b  c  d  e  f  g  h  i  j  k  
<
>genmove b
<= e4
<
>showboard
e2077 info: Winning SC.
<= 
< 
<  02a94332005a4614
<  a  b  c  d  e  f  g  h  i  j  k  
< 1\.  .  .  .  .  .  .  .  W  .  .\1
<  2\.  .  .  .  B  .  .  .  .  .  .\2
<   3\W  .  W  .  W  B  .  W  .  .  .\3
<    4\B  W  .  .  B  W  .  B  .  .  .\4
<     5\.  .  .  .  B  .  .  .  W  .  .\5
<      6\.  B  .  .  .  B  B  .  .  W  .\6
<       7\B  .  .  W  .  .  .  .  .  .  .\7
<        8\.  .  .  .  .  B  .  .  .  .  .\8
<         9\.  .  .  .  .  .  .  .  W  .  .\9
<         10\.  .  .  .  B  .  .  .  .  .  B\10
<          11\.  .  .  .  .  .  .  W  .  .  .\11
<              a  b  c  d  e  f  g  h  i  j  k  
<
>play w f7
<= 
<
>showboard
<= 
< 
<  998c6238ce8186f5
<  a  b  c  d  e  f  g  h  i  j  k  
< 1\.  .  .  .  .  .  .  .  W  .  .\1
<  2\.  .  .  .  B  .  .  .  .  .  .\2
<   3\W  .  W  .  W  B  .  W  .  .  .\3
<    4\B  W  .  .  B  W  .  B  .  .  .\4
<     5\.  .  .  .  B  .  .  .  W  .  .\5
<      6\.  B  .  .  .  B  B  .  .  W  .\6
<       7\B  .  .  W  .  W  .  .  .  .  .\7
<        8\.  .  .  .  .  B  .  .  .  .  .\8
<         9\.  .  .  .  .  .  .  .  W  .  .\9
<         10\.  .  .  .  B  .  .  .  .  .  B\10
<          11\.  .  .  .  .  .  .  W  .  .  .\11
<              a  b  c  d  e  f  g  h  i  j  k  
<
>genmove b
<= g7
<
>showboard
e2077 info: Winning SC.
<= 
< 
<  8b83693237d7d0a4
<  a  b  c  d  e  f  g  h  i  j  k  
< 1\.  .  .  .  .  .  .  .  W  .  .\1
<  2\.  .  .  .  B  .  .  .  .  .  .\2
<   3\W  .  W  .  W  B  .  W  .  .  .\3
<    4\B  W  .  .  B  W  .  B  .  .  .\4
<     5\.  .  .  .  B  .  .  .  W  .  .\5
<      6\.  B  .  .  .  B  B  .  .  W  .\6
<       7\B  .  .  W  .  W  B  .  .  .  .\7
<        8\.  .  .  .  .  B  .  .  .  .  .\8
<         9\.  .  .  .  .  .  .  .  W  .  .\9
<         10\.  .  .  .  B  .  .  .  .  .  B\10
<          11\.  .  .  .  .  .  .  W  .  .  .\11
<              a  b  c  d  e  f  g  h  i  j  k  
<
>play w e9
<= 
<
>showboard
<= 
< 
<  885f8da1a1bbb548
<  a  b  c  d  e  f  g  h  i  j  k  
< 1\.  .  .  .  .  .  .  .  W  .  .\1
<  2\.  .  .  .  B  .  .  .  .  .  .\2
<   3\W  .  W  .  W  B  .  W  .  .  .\3
<    4\B  W  .  .  B  W  .  B  .  .  .\4
<     5\.  .  .  .  B  .  .  .  W  .  .\5
<      6\.  B  .  .  .  B  B  .  .  W  .\6
<       7\B  .  .  W  .  W  B  .  .  .  .\7
<        8\.  .  .  .  .  B  .  .  .  .  .\8
<         9\.  .  .  .  W  .  .  .  W  .  .\9
<         10\.  .  .  .  B  .  .  .  .  .  B\10
<          11\.  .  .  .  .  .  .  W  .  .  .\11
<              a  b  c  d  e  f  g  h  i  j  k  
<
>genmove b
<= f9
<
>showboard
e2077 info: Winning SC.
<= 
< 
<  0e5835d2dafb8bee
<  a  b  c  d  e  f  g  h  i  j  k  
< 1\.  .  .  .  .  .  .  .  W  .  .\1
<  2\.  .  .  .  B  .  .  .  .  .  .\2
<   3\W  .  W  .  W  B  .  W  .  .  .\3
<    4\B  W  .  .  B  W  .  B  .  .  .\4
<     5\.  .  .  .  B  .  .  .  W  .  .\5
<      6\.  B  .  .  .  B  B  .  .  W  .\6
<       7\B  .  .  W  .  W  B  .  .  .  .\7
<        8\.  .  .  .  .  B  .  .  .  .  .\8
<         9\.  .  .  .  W  B  .  .  W  .  .\9
<         10\.  .  .  .  B  .  .  .  .  .  B\10
<          11\.  .  .  .  .  .  .  W  .  .  .\11
<              a  b  c  d  e  f  g  h  i  j  k  
<
>play w g2
<= 
<
>showboard
<= 
< 
<  976ab31bf3710386
<  a  b  c  d  e  f  g  h  i  j  k  
< 1\.  .  .  .  .  .  .  .  W  .  .\1
<  2\.  .  .  .  B  .  W  .  .  .  .\2
<   3\W  .  W  .  W  B  .  W  .  .  .\3
<    4\B  W  .  .  B  W  .  B  .  .  .\4
<     5\.  .  .  .  B  .  .  .  W  .  .\5
<      6\.  B  .  .  .  B  B  .  .  W  .\6
<       7\B  .  .  W  .  W  B  .  .  .  .\7
<        8\.  .  .  .  .  B  .  .  .  .  .\8
<         9\.  .  .  .  W  B  .  .  W  .  .\9
<         10\.  .  .  .  B  .  .  .  .  .  B\10
<          11\.  .  .  .  .  .  .  W  .  .  .\11
<              a  b  c  d  e  f  g  h  i  j  k  
<
>genmove b
<= f2
<
>showboard
e2077 info: Winning SC.
<= 
< 
<  5d0d9c9700bdf8e8
<  a  b  c  d  e  f  g  h  i  j  k  
< 1\.  .  .  .  .  .  .  .  W  .  .\1
<  2\.  .  .  .  B  B  W  .  .  .  .\2
<   3\W  .  W  .  W  B  .  W  .  .  .\3
<    4\B  W  .  .  B  W  .  B  .  .  .\4
<     5\.  .  .  .  B  .  .  .  W  .  .\5
<      6\.  B  .  .  .  B  B  .  .  W  .\6
<       7\B  .  .  W  .  W  B  .  .  .  .\7
<        8\.  .  .  .  .  B  .  .  .  .  .\8
<         9\.  .  .  .  W  B  .  .  W  .  .\9
<         10\.  .  .  .  B  .  .  .  .  .  B\10
<          11\.  .  .  .  .  .  .  W  .  .  .\11
<              a  b  c  d  e  f  g  h  i  j  k  
<
>play w d11
<= 
<
>showboard
<= 
< 
<  fa36eb0e200fca72
<  a  b  c  d  e  f  g  h  i  j  k  
< 1\.  .  .  .  .  .  .  .  W  .  .\1
<  2\.  .  .  .  B  B  W  .  .  .  .\2
<   3\W  .  W  .  W  B  .  W  .  .  .\3
<    4\B  W  .  .  B  W  .  B  .  .  .\4
<     5\.  .  .  .  B  .  .  .  W  .  .\5
<      6\.  B  .  .  .  B  B  .  .  W  .\6
<       7\B  .  .  W  .  W  B  .  .  .  .\7
<        8\.  .  .  .  .  B  .  .  .  .  .\8
<         9\.  .  .  .  W  B  .  .  W  .  .\9
<         10\.  .  .  .  B  .  .  .  .  .  B\10
<          11\.  .  .  W  .  .  .  W  .  .  .\11
<              a  b  c  d  e  f  g  h  i  j  k  
<
>genmove b
<= e11
<
>showboard
e2077 info: Winning SC.
<= 
< 
<  f474ab5e4842cb05
<  a  b  c  d  e  f  g  h  i  j  k  
< 1\.  .  .  .  .  .  .  .  W  .  .\1
<  2\.  .  .  .  B  B  W  .  .  .  .\2
<   3\W  .  W  .  W  B  .  W  .  .  .\3
<    4\B  W  .  .  B  W  .  B  .  .  .\4
<     5\.  .  .  .  B  .  .  .  W  .  .\5
<      6\.  B  .  .  .  B  B  .  .  W  .\6
<       7\B  .  .  W  .  W  B  .  .  .  .\7
<        8\.  .  .  .  .  B  .  .  .  .  .\8
<         9\.  .  .  .  W  B  .  .  W  .  .\9
<         10\.  .  .  .  B  .  .  .  .  .  B\10
<          11\.  .  .  W  B  .  .  W  .  .  .\11
<              a  b  c  d  e  f  g  h  i  j  k  
<
>play w f5
<= 
<
>showboard
<= 
< 
<  d652b73eefe674f4
<  a  b  c  d  e  f  g  h  i  j  k  
< 1\.  .  .  .  .  .  .  .  W  .  .\1
<  2\.  .  .  .  B  B  W  .  .  .  .\2
<   3\W  .  W  .  W  B  .  W  .  .  .\3
<    4\B  W  .  .  B  W  .  B  .  .  .\4
<     5\.  .  .  .  B  W  .  .  W  .  .\5
<      6\.  B  .  .  .  B  B  .  .  W  .\6
<       7\B  .  .  W  .  W  B  .  .  .  .\7
<        8\.  .  .  .  .  B  .  .  .  .  .\8
<         9\.  .  .  .  W  B  .  .  W  .  .\9
<         10\.  .  .  .  B  .  .  .  .  .  B\10
<          11\.  .  .  W  B  .  .  W  .  .  .\11
<              a  b  c  d  e  f  g  h  i  j  k  
<
>genmove b
<= e6
<
>showboard
e2077 info: Winning SC.
<= 
< 
<  dbc5ceda66e0aab4
<  a  b  c  d  e  f  g  h  i  j  k  
< 1\.  .  .  .  .  .  .  .  W  .  .\1
<  2\.  .  .  .  B  B  W  .  .  .  .\2
<   3\W  .  W  .  W  B  .  W  .  .  .\3
<    4\B  W  .  .  B  W  .  B  .  .  .\4
<     5\.  .  .  .  B  W  .  .  W  .  .\5
<      6\.  B  .  .  B  B  B  .  .  W  .\6
<       7\B  .  .  W  .  W  B  .  .  .  .\7
<        8\.  .  .  .  .  B  .  .  .  .  .\8
<         9\.  .  .  .  W  B  .  .  W  .  .\9
<         10\.  .  .  .  B  .  .  .  .  .  B\10
<          11\.  .  .  W  B  .  .  W  .  .  .\11
<              a  b  c  d  e  f  g  h  i  j  k  
<
>play w e1
<= 
<
>showboard
<= 
< 
<  016667772672b41e
<  a  b  c  d  e  f  g  h  i  j  k  
< 1\.  .  .  .  W  .  .  .  W  .  .\1
<  2\.  .  .  .  B  B  W  .  .  .  .\2
<   3\W  .  W  .  W  B  .  W  .  .  .\3
<    4\B  W  .  .  B  W  .  B  .  .  .\4
<     5\.  .  .  .  B  W  .  .  W  .  .\5
<      6\.  B  .  .  B  B  B  .  .  W  .\6
<       7\B  .  .  W  .  W  B  .  .  .  .\7
<        8\.  .  .  .  .  B  .  .  .  .  .\8
<         9\.  .  .  .  W  B  .  .  W  .  .\9
<         10\.  .  .  .  B  .  .  .  .  .  B\10
<          11\.  .  .  W  B  .  .  W  .  .  .\11
<              a  b  c  d  e  f  g  h  i  j  k  
<
>genmove b
<= f1
<
>showboard
e2077 info: Captured cells caused win! Removing...
e2077 info: Winning SC.
<= 
< 
<  c6daab324c08ebf8
<  a  b  c  d  e  f  g  h  i  j  k  
< 1\.  .  .  .  W  B  .  .  W  .  .\1
<  2\.  .  .  .  B  B  W  .  .  .  .\2
<   3\W  .  W  .  W  B  .  W  .  .  .\3
<    4\B  W  .  .  B  W  .  B  .  .  .\4
<     5\.  .  .  .  B  W  .  .  W  .  .\5
<      6\.  B  .  .  B  B  B  .  .  W  .\6
<       7\B  .  .  W  .  W  B  .  .  .  .\7
<        8\.  .  .  .  .  B  .  .  .  .  .\8
<         9\.  .  .  .  W  B  .  .  W  .  .\9
<         10\.  .  .  .  B  .  .  .  .  .  B\10
<          11\.  .  .  W  B  .  .  W  .  .  .\11
<              a  b  c  d  e  f  g  h  i  j  k  
<
>play w resign
<= 
<
>showboard
<= 
< 
<  c6daab324c08ebf8
<  a  b  c  d  e  f  g  h  i  j  k  
< 1\.  .  .  .  W  B  .  .  W  .  .\1
<  2\.  .  .  .  B  B  W  .  .  .  .\2
<   3\W  .  W  .  W  B  .  W  .  .  .\3
<    4\B  W  .  .  B  W  .  B  .  .  .\4
<     5\.  .  .  .  B  W  .  .  W  .  .\5
<      6\.  B  .  .  B  B  B  .  .  W  .\6
<       7\B  .  .  W  .  W  B  .  .  .  .\7
<        8\.  .  .  .  .  B  .  .  .  .  .\8
<         9\.  .  .  .  W  B  .  .  W  .  .\9
<         10\.  .  .  .  B  .  .  .  .  .  B\10
<          11\.  .  .  W  B  .  .  W  .  .  .\11
<              a  b  c  d  e  f  g  h  i  j  k  
<
>final_score
<= B+
<
>quit
<= 
<
