# nice ../build/src/mohex/mohex --config mohex-weak.htp --seed 231993 --logfile-name jobs/11x11-mohex-mohex-cg2010-vs-mohex-mohex-weak-4/mohex-mohex-weak-465.log
>boardsize 11 11
<= 
<
>name
MoHex 2.0.CMake Mar 21 2025
Copyright (C) 2007-2012 by the authors of the Benzene project.
This program comes with ABSOLUTELY NO WARRANTY. This is
free software and you are welcome to redistribute it under
certain conditions. Type `benzene-license' for details.

SgRandom::SetSeed: 231993
SgUctSearch: system memory 33632358400, using 1000000000 (5681818 nodes)
SgRandom::SetSeed: 1
SgRandom::SetSeed: 231993
14e77 info: Prior Patterns:
14e77 info: Global:
14e77 info: Size            = 565 32648 
14e77 info: TableEntries    = 65932 65910
14e77 info: MirrorsAdded    = 0 0
14e77 info: PrunableCount   = 30593 30629
14e77 info: LargestGamma    = 5820.77
14e77 info: SmallestGamma   = 6.6e-05
14e77 info: Local:
14e77 info: Size            = 550 5318 
14e77 info: TableEntries    = 11602 11588
14e77 info: MirrorsAdded    = 0 0
14e77 info: PrunableCount   = 3659 3667
14e77 info: LargestGamma    = 11281.8
14e77 info: SmallestGamma   = 0.026235
14e77 info: Playout Patterns:
14e77 info: Global:
14e77 info: Size            = 565 32648 
14e77 info: TableEntries    = 70329 70329
14e77 info: MirrorsAdded    = 4397 4419
14e77 info: PrunableCount   = 30593 30629
14e77 info: LargestGamma    = 5820.77
14e77 info: SmallestGamma   = 6.6e-05
14e77 info: Local:
14e77 info: Size            = 550 5318 
14e77 info: TableEntries    = 11602 11588
14e77 info: MirrorsAdded    = 0 0
14e77 info: PrunableCount   = 3659 3667
14e77 info: LargestGamma    = 11281.8
14e77 info: SmallestGamma   = 0.026235
param_game allow_swap 1
= 

param_mohex max_memory 1600000
= 

param_mohex num_threads 1
= 

param_mohex max_time 1
= 

param_mohex max_games 1
= 

param_mohex knowledge_threshold 400
= 

param_mohex reuse_subtree 1
= 

param_mohex use_parallel_solver 0
= 

<= MoHex
<
>version
<= 2.0.CMake
<
>play b k2
<= 
<
>showboard
<= 
< 
<  08a0fb5e34df9ccb
<  a  b  c  d  e  f  g  h  i  j  k  
< 1\.  .  .  .  .  .  .  .  .  .  .\1
<  2\.  .  .  .  .  .  .  .  .  .  B\2
<   3\.  .  .  .  .  .  .  .  .  .  .\3
<    4\.  .  .  .  .  .  .  .  .  .  .\4
<     5\.  .  .  .  .  .  .  .  .  .  .\5
<      6\.  .  .  .  .  .  .  .  .  .  .\6
<       7\.  .  .  .  .  .  .  .  .  .  .\7
<        8\.  .  .  .  .  .  .  .  .  .  .\8
<         9\.  .  .  .  .  .  .  .  .  .  .\9
<         10\.  .  .  .  .  .  .  .  .  .  .\10
<          11\.  .  .  .  .  .  .  .  .  .  .\11
<              a  b  c  d  e  f  g  h  i  j  k  
<
>play w swap-pieces
<= 
<
>genmove w
<= f4
<
>play b c10
14e77 info: Best move cannot be determined, must search state.
14e77 info: --- MoHexPlayer::Search() ---
14e77 info: Color: white
14e77 info: MaxGames: 1
14e77 info: NumberThreads: 1
14e77 info: MaxNodes: 9090 (799920 bytes)
14e77 info: TimeForMove: 1
14e77 info: PreSearch: max time reached (50/92).
14e77 info: Time for PreSearch: 0.200293s
14e77 info: 
  08a0fb5e34df9ccb
  a  b  c  d  e  f  g  h  i  j  k  
 1\.  .  .  *  *  *  *  *  *  .  *\1
  2\.  .  *  *  *  *  *  *  *  *  B\2
   3\.  *  *  *  *  *  *  *  *  *  .\3
    4\.  *  *  *  *  *  *  *  *  *  .\4
     5\.  *  *  *  *  *  *  *  *  *  .\5
      6\.  *  *  *  *  *  *  *  *  *  .\6
       7\.  *  *  *  *  *  *  *  *  *  .\7
        8\.  *  *  *  *  *  *  *  *  *  .\8
         9\.  *  *  *  *  *  *  *  *  *  .\9
         10\.  *  *  *  *  *  *  *  *  .  .\10
          11\.  .  *  *  *  *  *  *  .  .  .\11
              a  b  c  d  e  f  g  h  i  j  k  
14e77 info: No subtree to reuse.
14e77 info: Creating thread 0
14e77 info: StartSearch()[0]
SgUctSearch: max games reached
14e77 info: 
Elapsed Time   0.554146s
Count          1
GamesPlayed    1
Nodes          1
Knowledge      0 (0.0%)
Expansions     0.0
Time           0.00
GameLen        120.0 dev=0.0 min=120.0 max=120.0
InTree         0.0 dev=0.0 min=0.0 max=0.0
KnowDepth      -
Aborted        0%
Games/s        324.9
Score          1.00
Sequence      
14e77 info: 
14e77 warning: **** MoHexSearch returned empty sequence!
14e77 warning: **** Returning random move!
<= 
<
>genmove w
<= d5
<
>play b k7
14e77 info: Best move cannot be determined, must search state.
14e77 info: --- MoHexPlayer::Search() ---
14e77 info: Color: white
14e77 info: MaxGames: 1
14e77 info: NumberThreads: 1
14e77 info: MaxNodes: 9090 (799920 bytes)
14e77 info: TimeForMove: 1
14e77 info: PreSearch: max time reached (44/85).
14e77 info: Time for PreSearch: 0.204674s
14e77 info: 
  5100c171943248e8
  a  b  c  d  e  f  g  h  i  j  k  
 1\.  .  .  *  *  *  *  *  *  *  *\1
  2\.  .  *  *  *  *  *  *  *  *  B\2
   3\.  *  *  *  *  *  *  *  *  *  .\3
    4\.  *  *  *  *  W  *  *  *  *  .\4
     5\.  *  *  *  *  *  *  *  *  *  .\5
      6\.  *  *  *  *  *  *  *  *  *  .\6
       7\.  *  *  *  *  *  *  *  *  *  .\7
        8\.  *  *  *  *  *  *  *  *  *  .\8
         9\.  .  *  *  *  *  *  *  *  *  .\9
         10\.  .  B  .  *  *  *  *  *  .  .\10
          11\.  b  b  b  .  *  *  *  .  .  .\11
              a  b  c  d  e  f  g  h  i  j  k  
14e77 info: Old: [black, k2] [white, swap-pieces] 
14e77 info: New: [black, k2] [white, swap-pieces] [white, f4] [black, c10] 
14e77 info: ReuseSubtree: Colors do not alternate.
14e77 info: No subtree to reuse.
14e77 info: StartSearch()[0]
SgUctSearch: max games reached
14e77 info: 
Elapsed Time   0.372684s
Count          1
GamesPlayed    1
Nodes          1
Knowledge      0 (0.0%)
Expansions     0.0
Time           0.00
GameLen        115.0 dev=0.0 min=115.0 max=115.0
InTree         0.0 dev=0.0 min=0.0 max=0.0
KnowDepth      -
Aborted        0%
Games/s        2538.1
Score          0.00
Sequence      
14e77 info: 
14e77 warning: **** MoHexSearch returned empty sequence!
14e77 warning: **** Returning random move!
<= 
<
>genmove w
<= h7
<
>play b i9
14e77 info: Best move cannot be determined, must search state.
14e77 info: --- MoHexPlayer::Search() ---
14e77 info: Color: white
14e77 info: MaxGames: 1
14e77 info: NumberThreads: 1
14e77 info: MaxNodes: 9090 (799920 bytes)
14e77 info: TimeForMove: 1
14e77 info: PreSearch: max time reached (31/84).
14e77 info: Time for PreSearch: 0.20274s
14e77 info: 
  35888f2f329e1a8e
  a  b  c  d  e  f  g  h  i  j  k  
 1\.  .  .  *  *  *  *  *  *  *  *\1
  2\.  .  *  *  *  *  *  *  *  *  B\2
   3\.  *  *  *  *  *  *  *  *  *  .\3
    4\.  *  *  *  *  W  *  *  *  *  .\4
     5\.  *  *  W  *  *  *  *  *  *  .\5
      6\.  *  *  *  *  *  *  *  *  *  .\6
       7\.  *  *  *  *  *  *  *  *  *  B\7
        8\.  *  *  *  *  *  *  *  *  *  .\8
         9\.  .  *  *  *  *  *  *  *  *  .\9
         10\.  .  B  .  *  *  *  *  *  .  .\10
          11\.  b  b  b  .  *  *  *  .  .  .\11
              a  b  c  d  e  f  g  h  i  j  k  
14e77 info: Old: [black, k2] [white, swap-pieces] [white, f4] [black, c10] 
14e77 info: New: [black, k2] [white, swap-pieces] [white, f4] [black, c10] [white, d5] [black, k7] 
14e77 info: MovesPlayed: [white, d5] [black, k7] 
14e77 info: No subtree to reuse.
14e77 info: StartSearch()[0]
SgUctSearch: max games reached
14e77 info: 
Elapsed Time   0.353118s
Count          1
GamesPlayed    1
Nodes          1
Knowledge      0 (0.0%)
Expansions     0.0
Time           0.00
GameLen        113.0 dev=0.0 min=113.0 max=113.0
InTree         0.0 dev=0.0 min=0.0 max=0.0
KnowDepth      -
Aborted        0%
Games/s        2409.6
Score          1.00
Sequence      
14e77 info: 
14e77 warning: **** MoHexSearch returned empty sequence!
14e77 warning: **** Returning random move!
<= 
<
>genmove w
<= e10
<
>play b b3
14e77 info: Best move cannot be determined, must search state.
14e77 info: --- MoHexPlayer::Search() ---
14e77 info: Color: white
14e77 info: MaxGames: 1
14e77 info: NumberThreads: 1
14e77 info: MaxNodes: 9090 (799920 bytes)
14e77 info: TimeForMove: 1
14e77 info: PreSearch: max time reached (22/82).
14e77 info: Time for PreSearch: 0.202107s
14e77 info: 
  b0d8976b02943c3f
  a  b  c  d  e  f  g  h  i  j  k  
 1\.  .  .  *  *  *  *  *  *  *  *\1
  2\.  .  *  *  *  *  *  *  *  *  B\2
   3\.  *  *  *  *  *  *  *  *  *  .\3
    4\.  *  *  *  *  W  *  *  *  *  .\4
     5\.  *  *  W  *  *  *  *  *  *  .\5
      6\.  *  *  *  *  *  *  *  *  *  .\6
       7\.  *  *  *  *  *  *  W  *  *  B\7
        8\.  *  *  *  *  *  *  *  *  *  .\8
         9\.  .  *  *  *  *  *  *  B  *  .\9
         10\.  .  B  .  *  *  *  *  *  .  .\10
          11\.  b  b  b  .  *  *  *  .  .  .\11
              a  b  c  d  e  f  g  h  i  j  k  
14e77 info: Old: [black, k2] [white, swap-pieces] [white, f4] [black, c10] [white, d5] [black, k7] 
14e77 info: New: [black, k2] [white, swap-pieces] [white, f4] [black, c10] [white, d5] [black, k7] [white, h7] [black, i9] 
14e77 info: MovesPlayed: [white, h7] [black, i9] 
14e77 info: No subtree to reuse.
14e77 info: StartSearch()[0]
SgUctSearch: max games reached
14e77 info: 
Elapsed Time   0.522697s
Count          1
GamesPlayed    1
Nodes          1
Knowledge      0 (0.0%)
Expansions     0.0
Time           0.00
GameLen        111.0 dev=0.0 min=111.0 max=111.0
InTree         0.0 dev=0.0 min=0.0 max=0.0
KnowDepth      -
Aborted        0%
Games/s        2298.9
Score          0.00
Sequence      
14e77 info: 
14e77 warning: **** MoHexSearch returned empty sequence!
14e77 warning: **** Returning random move!
<= 
<
>genmove w
<= a10
<
>play b j2
14e77 info: Best move cannot be determined, must search state.
14e77 info: --- MoHexPlayer::Search() ---
14e77 info: Color: white
14e77 info: MaxGames: 1
14e77 info: NumberThreads: 1
14e77 info: MaxNodes: 9090 (799920 bytes)
14e77 info: TimeForMove: 1
14e77 info: PreSearch: max time reached (22/79).
14e77 info: Time for PreSearch: 0.200882s
14e77 info: 
  6962db9f13e138fb
  a  b  c  d  e  f  g  h  i  j  k  
 1\.  .  .  .  *  *  *  *  *  *  *\1
  2\.  .  *  *  *  *  *  *  *  *  B\2
   3\.  B  *  *  *  *  *  *  *  *  .\3
    4\.  *  *  *  *  W  *  *  *  *  .\4
     5\.  *  *  W  *  *  *  *  *  *  .\5
      6\.  *  *  *  *  *  *  *  *  *  .\6
       7\.  *  *  *  *  *  *  W  *  *  B\7
        8\.  *  *  *  *  *  *  *  *  *  .\8
         9\.  .  *  *  *  *  *  *  B  *  .\9
         10\.  .  B  .  W  *  *  *  *  .  .\10
          11\.  b  b  b  .  *  *  *  .  .  .\11
              a  b  c  d  e  f  g  h  i  j  k  
14e77 info: Old: [black, k2] [white, swap-pieces] [white, f4] [black, c10] [white, d5] [black, k7] [white, h7] [black, i9] 
14e77 info: New: [black, k2] [white, swap-pieces] [white, f4] [black, c10] [white, d5] [black, k7] [white, h7] [black, i9] [white, e10] [black, b3] 
14e77 info: MovesPlayed: [white, e10] [black, b3] 
14e77 info: No subtree to reuse.
14e77 info: StartSearch()[0]
SgUctSearch: max games reached
14e77 info: 
Elapsed Time   0.361115s
Count          1
GamesPlayed    1
Nodes          1
Knowledge      0 (0.0%)
Expansions     0.0
Time           0.00
GameLen        109.0 dev=0.0 min=109.0 max=109.0
InTree         0.0 dev=0.0 min=0.0 max=0.0
KnowDepth      -
Aborted        0%
Games/s        2702.7
Score          0.00
Sequence      
14e77 info: 
14e77 warning: **** MoHexSearch returned empty sequence!
14e77 warning: **** Returning random move!
<= 
<
>genmove w
<= g5
<
>play b c9
14e77 info: Best move cannot be determined, must search state.
14e77 info: --- MoHexPlayer::Search() ---
14e77 info: Color: white
14e77 info: MaxGames: 1
14e77 info: NumberThreads: 1
14e77 info: MaxNodes: 9090 (799920 bytes)
14e77 info: TimeForMove: 1
14e77 info: PreSearch: max time reached (31/74).
14e77 info: Time for PreSearch: 0.203628s
14e77 info: 
  2a959711ac241031
  a  b  c  d  e  f  g  h  i  j  k  
 1\.  .  .  .  *  *  *  .  b  b  b\1
  2\.  .  *  *  *  *  *  *  .  B  B\2
   3\.  B  *  *  *  *  *  *  *  *  .\3
    4\.  *  *  *  *  W  *  *  *  *  .\4
     5\.  *  *  W  *  *  *  *  *  *  .\5
      6\.  *  *  *  *  *  *  *  *  *  .\6
       7\.  *  *  *  *  *  *  W  *  *  B\7
        8\.  *  *  *  *  *  *  *  *  *  .\8
         9\.  *  *  *  *  *  *  *  B  *  .\9
         10\W  .  B  .  W  *  *  *  *  .  .\10
          11\b  b  b  b  .  *  *  *  .  .  .\11
              a  b  c  d  e  f  g  h  i  j  k  
14e77 info: Old: [black, k2] [white, swap-pieces] [white, f4] [black, c10] [white, d5] [black, k7] [white, h7] [black, i9] [white, e10] [black, b3] 
14e77 info: New: [black, k2] [white, swap-pieces] [white, f4] [black, c10] [white, d5] [black, k7] [white, h7] [black, i9] [white, e10] [black, b3] [white, a10] [black, j2] 
14e77 info: MovesPlayed: [white, a10] [black, j2] 
14e77 info: No subtree to reuse.
14e77 info: StartSearch()[0]
SgUctSearch: max games reached
14e77 info: 
Elapsed Time   0.363953s
Count          1
GamesPlayed    1
Nodes          1
Knowledge      0 (0.0%)
Expansions     0.0
Time           0.00
GameLen        103.0 dev=0.0 min=103.0 max=103.0
InTree         0.0 dev=0.0 min=0.0 max=0.0
KnowDepth      -
Aborted        0%
Games/s        3236.2
Score          1.00
Sequence      
14e77 info: 
14e77 warning: **** MoHexSearch returned empty sequence!
14e77 warning: **** Returning random move!
<= 
<
>genmove w
<= h6
<
>play b k5
14e77 info: Winning SC.
<= 
<
>genmove w
<= j4
<
>play b e5
14e77 info: Winning SC.
<= 
<
>genmove w
<= e4
<
>play b g4
14e77 info: Winning SC.
<= 
<
>genmove w
<= f5
<
>play b b6
14e77 info: Winning SC.
<= 
<
>genmove w
<= c7
<
>play b i5
14e77 info: Winning SC.
<= 
<
>genmove w
<= i4
<
>play b h5
14e77 info: Winning SC.
<= 
<
>genmove w
<= h4
<
>play b k3
14e77 info: Winning SC.
<= 
<
>genmove w
<= k4
<
>play b a8
14e77 info: Winning SC.
<= 
<
>genmove w
<= b8
<
>play b b9
14e77 info: Winning SC.
<= 
<
>genmove w
<= a9
<
>play b d6
14e77 info: Winning SC.
<= 
<
>genmove w
<= c6
<
>play b resign
14e77 info: Winning SC.
<= 
<
>final_score
<= W+
<
>quit
<= 
<
