# nice ../build/src/mohex/mohex --config mohex-weak.htp --seed 836188 --logfile-name jobs/11x11-mohex-mohex-cg2010-vs-mohex-mohex-weak-4/mohex-mohex-weak-423.log
>boardsize 11 11
<= 
<
>name
MoHex 2.0.CMake Mar 21 2025
Copyright (C) 2007-2012 by the authors of the Benzene project.
This program comes with ABSOLUTELY NO WARRANTY. This is
free software and you are welcome to redistribute it under
certain conditions. Type `benzene-license' for details.

SgRandom::SetSeed: 836188
SgUctSearch: system memory 33632358400, using 1000000000 (5681818 nodes)
SgRandom::SetSeed: 1
SgRandom::SetSeed: 836188
c3527 info: Prior Patterns:
c3527 info: Global:
c3527 info: Size            = 565 32648 
c3527 info: TableEntries    = 65932 65910
c3527 info: MirrorsAdded    = 0 0
c3527 info: PrunableCount   = 30593 30629
c3527 info: LargestGamma    = 5820.77
c3527 info: SmallestGamma   = 6.6e-05
c3527 info: Local:
c3527 info: Size            = 550 5318 
c3527 info: TableEntries    = 11602 11588
c3527 info: MirrorsAdded    = 0 0
c3527 info: PrunableCount   = 3659 3667
c3527 info: LargestGamma    = 11281.8
c3527 info: SmallestGamma   = 0.026235
c3527 info: Playout Patterns:
c3527 info: Global:
c3527 info: Size            = 565 32648 
c3527 info: TableEntries    = 70329 70329
c3527 info: MirrorsAdded    = 4397 4419
c3527 info: PrunableCount   = 30593 30629
c3527 info: LargestGamma    = 5820.77
c3527 info: SmallestGamma   = 6.6e-05
c3527 info: Local:
c3527 info: Size            = 550 5318 
c3527 info: TableEntries    = 11602 11588
c3527 info: MirrorsAdded    = 0 0
c3527 info: PrunableCount   = 3659 3667
c3527 info: LargestGamma    = 11281.8
c3527 info: SmallestGamma   = 0.026235
param_game allow_swap 1
= 

param_mohex max_memory 1600000
= 

param_mohex num_threads 1
= 

param_mohex max_time 1
= 

param_mohex max_games 1
= 

param_mohex knowledge_threshold 400
= 

param_mohex reuse_subtree 1
= 

param_mohex use_parallel_solver 0
= 

<= MoHex
<
>version
<= 2.0.CMake
<
>play b i3
<= 
<
>showboard
<= 
< 
<  f6acc615bba6bf65
<  a  b  c  d  e  f  g  h  i  j  k  
< 1\.  .  .  .  .  .  .  .  .  .  .\1
<  2\.  .  .  .  .  .  .  .  .  .  .\2
<   3\.  .  .  .  .  .  .  .  B  .  .\3
<    4\.  .  .  .  .  .  .  .  .  .  .\4
<     5\.  .  .  .  .  .  .  .  .  .  .\5
<      6\.  .  .  .  .  .  .  .  .  .  .\6
<       7\.  .  .  .  .  .  .  .  .  .  .\7
<        8\.  .  .  .  .  .  .  .  .  .  .\8
<         9\.  .  .  .  .  .  .  .  .  .  .\9
<         10\.  .  .  .  .  .  .  .  .  .  .\10
<          11\.  .  .  .  .  .  .  .  .  .  .\11
<              a  b  c  d  e  f  g  h  i  j  k  
<
>play w swap-pieces
<= 
<
>genmove w
<= c4
<
>play b j6
c3527 info: Best move cannot be determined, must search state.
c3527 info: --- MoHexPlayer::Search() ---
c3527 info: Color: white
c3527 info: MaxGames: 1
c3527 info: NumberThreads: 1
c3527 info: MaxNodes: 9090 (799920 bytes)
c3527 info: TimeForMove: 1
c3527 info: PreSearch: max time reached (41/90).
c3527 info: Time for PreSearch: 0.204916s
c3527 info: 
  f6acc615bba6bf65
  a  b  c  d  e  f  g  h  i  j  k  
 1\.  .  .  *  *  *  *  *  *  *  .\1
  2\.  .  *  *  *  *  *  *  *  *  .\2
   3\.  *  *  *  *  *  *  *  B  .  .\3
    4\.  *  *  *  *  *  *  *  *  *  .\4
     5\.  *  *  *  *  *  *  *  *  *  .\5
      6\.  *  *  *  *  *  *  *  *  *  .\6
       7\.  *  *  *  *  *  *  *  *  *  .\7
        8\.  *  *  *  *  *  *  *  *  *  .\8
         9\.  *  .  *  *  *  *  *  *  *  .\9
         10\.  *  *  *  *  *  *  *  *  .  .\10
          11\.  *  *  *  *  *  *  *  .  .  .\11
              a  b  c  d  e  f  g  h  i  j  k  
c3527 info: No subtree to reuse.
c3527 info: Creating thread 0
c3527 info: StartSearch()[0]
SgUctSearch: max games reached
c3527 info: 
Elapsed Time   0.566606s
Count          1
GamesPlayed    1
Nodes          1
Knowledge      0 (0.0%)
Expansions     0.0
Time           0.00
GameLen        120.0 dev=0.0 min=120.0 max=120.0
InTree         0.0 dev=0.0 min=0.0 max=0.0
KnowDepth      -
Aborted        0%
Games/s        319.6
Score          1.00
Sequence      
c3527 info: 
c3527 warning: **** MoHexSearch returned empty sequence!
c3527 warning: **** Returning random move!
<= 
<
>genmove w
<= a9
<
>play b g7
c3527 info: Best move cannot be determined, must search state.
c3527 info: --- MoHexPlayer::Search() ---
c3527 info: Color: white
c3527 info: MaxGames: 1
c3527 info: NumberThreads: 1
c3527 info: MaxNodes: 9090 (799920 bytes)
c3527 info: TimeForMove: 1
c3527 info: PreSearch: max time reached (40/88).
c3527 info: Time for PreSearch: 0.20306s
c3527 info: 
  0ffa58bc2c5e6e9c
  a  b  c  d  e  f  g  h  i  j  k  
 1\.  .  .  *  *  *  *  *  *  *  .\1
  2\.  .  *  *  *  *  *  *  *  *  .\2
   3\.  *  *  *  *  *  *  *  B  .  .\3
    4\.  *  W  *  *  *  *  *  *  *  .\4
     5\.  .  *  *  *  *  *  *  *  *  .\5
      6\.  *  *  *  *  *  *  *  *  B  .\6
       7\.  *  *  *  *  *  *  *  *  *  .\7
        8\.  *  *  *  *  *  *  *  *  *  .\8
         9\.  *  *  *  *  *  *  *  *  *  .\9
         10\.  *  *  *  *  *  *  *  *  .  .\10
          11\.  *  *  *  *  *  *  *  .  .  .\11
              a  b  c  d  e  f  g  h  i  j  k  
c3527 info: Old: [black, i3] [white, swap-pieces] 
c3527 info: New: [black, i3] [white, swap-pieces] [white, c4] [black, j6] 
c3527 info: ReuseSubtree: Colors do not alternate.
c3527 info: No subtree to reuse.
c3527 info: StartSearch()[0]
SgUctSearch: max games reached
c3527 info: 
Elapsed Time   0.370224s
Count          1
GamesPlayed    1
Nodes          1
Knowledge      0 (0.0%)
Expansions     0.0
Time           0.00
GameLen        118.0 dev=0.0 min=118.0 max=118.0
InTree         0.0 dev=0.0 min=0.0 max=0.0
KnowDepth      -
Aborted        0%
Games/s        2369.7
Score          1.00
Sequence      
c3527 info: 
c3527 warning: **** MoHexSearch returned empty sequence!
c3527 warning: **** Returning random move!
<= 
<
>genmove w
<= g8
<
>play b f9
c3527 info: Best move cannot be determined, must search state.
c3527 info: --- MoHexPlayer::Search() ---
c3527 info: Color: white
c3527 info: MaxGames: 1
c3527 info: NumberThreads: 1
c3527 info: MaxNodes: 9090 (799920 bytes)
c3527 info: TimeForMove: 1
c3527 info: Time for PreSearch: 0.168634s
c3527 info: 
  df138ee83add73db
  a  b  c  d  e  f  g  h  i  j  k  
 1\.  .  .  .  .  .  .  *  *  *  .\1
  2\.  .  .  .  .  .  .  *  *  *  .\2
   3\.  .  .  .  .  .  .  *  B  .  .\3
    4\.  .  W  .  .  .  .  *  *  .  .\4
     5\.  .  .  .  .  .  .  *  .  .  .\5
      6\.  .  .  .  .  .  *  *  .  B  .\6
       7\.  .  .  .  .  *  B  *  .  .  .\7
        8\.  .  .  .  *  *  *  *  *  .  .\8
         9\W  .  *  *  *  *  *  *  *  *  .\9
         10\.  *  *  *  *  *  *  *  *  .  .\10
          11\.  *  *  *  *  *  *  *  .  .  .\11
              a  b  c  d  e  f  g  h  i  j  k  
c3527 info: Old: [black, i3] [white, swap-pieces] [white, c4] [black, j6] 
c3527 info: New: [black, i3] [white, swap-pieces] [white, c4] [black, j6] [white, a9] [black, g7] 
c3527 info: MovesPlayed: [white, a9] [black, g7] 
c3527 info: No subtree to reuse.
c3527 info: StartSearch()[0]
SgUctSearch: max games reached
c3527 info: 
Elapsed Time   0.323329s
Count          1
GamesPlayed    1
Nodes          1
Knowledge      0 (0.0%)
Expansions     0.0
Time           0.00
GameLen        116.0 dev=0.0 min=116.0 max=116.0
InTree         0.0 dev=0.0 min=0.0 max=0.0
KnowDepth      -
Aborted        0%
Games/s        2710.0
Score          0.00
Sequence      
c3527 info: 
c3527 warning: **** MoHexSearch returned empty sequence!
c3527 warning: **** Returning random move!
<= 
<
>genmove w
<= b5
<
>play b e5
c3527 info: Best move cannot be determined, must search state.
c3527 info: --- MoHexPlayer::Search() ---
c3527 info: Color: white
c3527 info: MaxGames: 1
c3527 info: NumberThreads: 1
c3527 info: MaxNodes: 9090 (799920 bytes)
c3527 info: TimeForMove: 1
c3527 info: PreSearch: max time reached (35/85).
c3527 info: Time for PreSearch: 0.201344s
c3527 info: 
  6a9a5c254a918757
  a  b  c  d  e  f  g  h  i  j  k  
 1\.  .  .  *  *  *  *  *  *  *  .\1
  2\.  .  *  *  *  *  *  *  *  *  .\2
   3\.  *  *  *  *  *  *  *  B  .  .\3
    4\.  *  W  *  *  *  *  *  *  *  .\4
     5\.  .  *  *  *  *  *  *  *  *  .\5
      6\.  *  *  *  *  *  *  *  *  B  .\6
       7\.  *  *  *  *  *  B  *  *  *  .\7
        8\.  *  *  *  *  *  W  *  *  *  .\8
         9\W  *  *  *  *  B  *  *  *  *  .\9
         10\.  *  *  *  *  *  *  *  *  .  .\10
          11\.  *  *  *  *  *  *  *  .  .  .\11
              a  b  c  d  e  f  g  h  i  j  k  
c3527 info: Old: [black, i3] [white, swap-pieces] [white, c4] [black, j6] [white, a9] [black, g7] 
c3527 info: New: [black, i3] [white, swap-pieces] [white, c4] [black, j6] [white, a9] [black, g7] [white, g8] [black, f9] 
c3527 info: MovesPlayed: [white, g8] [black, f9] 
c3527 info: No subtree to reuse.
c3527 info: StartSearch()[0]
SgUctSearch: max games reached
c3527 info: 
Elapsed Time   0.520382s
Count          1
GamesPlayed    1
Nodes          1
Knowledge      0 (0.0%)
Expansions     0.0
Time           0.00
GameLen        114.0 dev=0.0 min=114.0 max=114.0
InTree         0.0 dev=0.0 min=0.0 max=0.0
KnowDepth      -
Aborted        0%
Games/s        2293.6
Score          1.00
Sequence      
c3527 info: 
c3527 warning: **** MoHexSearch returned empty sequence!
c3527 warning: **** Returning random move!
<= 
<
>genmove w
<= b7
<
>play b e3
c3527 info: Best move cannot be determined, must search state.
c3527 info: --- MoHexPlayer::Search() ---
c3527 info: Color: white
c3527 info: MaxGames: 1
c3527 info: NumberThreads: 1
c3527 info: MaxNodes: 9090 (799920 bytes)
c3527 info: TimeForMove: 1
c3527 info: PreSearch: max time reached (58/75).
c3527 info: Time for PreSearch: 0.200654s
c3527 info: 
  5102a6833b1db79a
  a  b  c  d  e  f  g  h  i  j  k  
 1\w  w  .  .  *  *  *  *  *  *  .\1
  2\w  w  .  *  *  *  *  *  *  *  .\2
   3\w  w  .  *  *  *  *  *  B  .  .\3
    4\w  w  W  *  *  *  *  *  *  *  .\4
     5\w  W  .  *  B  *  *  *  *  *  .\5
      6\w  w  *  *  *  *  *  *  *  B  .\6
       7\w  .  *  *  *  *  B  *  *  *  .\7
        8\w  .  *  *  *  *  W  *  *  *  .\8
         9\W  *  *  *  *  B  *  *  *  *  .\9
         10\.  *  *  *  *  *  *  *  *  .  .\10
          11\.  *  *  *  *  *  *  *  .  .  .\11
              a  b  c  d  e  f  g  h  i  j  k  
c3527 info: Old: [black, i3] [white, swap-pieces] [white, c4] [black, j6] [white, a9] [black, g7] [white, g8] [black, f9] 
c3527 info: New: [black, i3] [white, swap-pieces] [white, c4] [black, j6] [white, a9] [black, g7] [white, g8] [black, f9] [white, b5] [black, e5] 
c3527 info: MovesPlayed: [white, b5] [black, e5] 
c3527 info: No subtree to reuse.
c3527 info: StartSearch()[0]
SgUctSearch: max games reached
c3527 info: 
Elapsed Time   0.352574s
Count          1
GamesPlayed    1
Nodes          1
Knowledge      0 (0.0%)
Expansions     0.0
Time           0.00
GameLen        99.0 dev=0.0 min=99.0 max=99.0
InTree         0.0 dev=0.0 min=0.0 max=0.0
KnowDepth      -
Aborted        0%
Games/s        3636.4
Score          0.00
Sequence      
c3527 info: 
c3527 warning: **** MoHexSearch returned empty sequence!
c3527 warning: **** Returning random move!
<= 
<
>genmove w
<= g3
<
>play b f6
c3527 info: Best move cannot be determined, must search state.
c3527 info: --- MoHexPlayer::Search() ---
c3527 info: Color: white
c3527 info: MaxGames: 1
c3527 info: NumberThreads: 1
c3527 info: MaxNodes: 9090 (799920 bytes)
c3527 info: TimeForMove: 1
c3527 info: Time for PreSearch: 0.133216s
c3527 info: 
  c1bd746967698aba
  a  b  c  d  e  f  g  h  i  j  k  
 1\w  w  w  .  .  *  *  *  .  *  .\1
  2\w  w  w  .  .  *  *  *  *  *  .\2
   3\w  w  w  .  B  *  *  *  B  .  .\3
    4\w  w  W  .  *  *  .  .  .  .  .\4
     5\w  W  .  .  B  *  .  .  .  .  .\5
      6\w  b  .  .  *  *  *  .  .  B  .\6
       7\w  W  .  .  *  *  B  .  .  .  .\7
        8\w  .  .  *  *  *  W  .  .  .  .\8
         9\W  .  *  *  *  B  *  .  .  .  .\9
         10\.  *  *  *  *  *  *  .  .  .  .\10
          11\.  *  *  *  *  *  *  .  .  .  .\11
              a  b  c  d  e  f  g  h  i  j  k  
c3527 info: Old: [black, i3] [white, swap-pieces] [white, c4] [black, j6] [white, a9] [black, g7] [white, g8] [black, f9] [white, b5] [black, e5] 
c3527 info: New: [black, i3] [white, swap-pieces] [white, c4] [black, j6] [white, a9] [black, g7] [white, g8] [black, f9] [white, b5] [black, e5] [white, b7] [black, e3] 
c3527 info: MovesPlayed: [white, b7] [black, e3] 
c3527 info: No subtree to reuse.
c3527 info: StartSearch()[0]
SgUctSearch: max games reached
c3527 info: 
Elapsed Time   0.296891s
Count          1
GamesPlayed    1
Nodes          1
Knowledge      0 (0.0%)
Expansions     0.0
Time           0.00
GameLen        94.0 dev=0.0 min=94.0 max=94.0
InTree         0.0 dev=0.0 min=0.0 max=0.0
KnowDepth      -
Aborted        0%
Games/s        2941.2
Score          1.00
Sequence      
c3527 info: 
c3527 warning: **** MoHexSearch returned empty sequence!
c3527 warning: **** Returning random move!
<= 
<
>genmove w
<= e4
<
>play b h5
c3527 info: Opponent has won; playing most blocking move.
<= 
<
>genmove w
<= h4
<
>play b i4
c3527 info: Opponent has won; playing most blocking move.
<= 
<
>genmove w
<= d11
<
>play b e9
c3527 info: Opponent has won; playing most blocking move.
<= 
<
>genmove w
<= j2
<
>play b i2
c3527 info: Opponent has won; playing most blocking move.
<= 
<
>genmove w
<= d9
<
>play b f10
c3527 info: Opponent has won; playing most blocking move.
<= 
<
>genmove w
<= g6
<
>play b f7
c3527 info: Opponent has won; playing most blocking move.
<= 
<
>genmove w
<= e8
<
>play b f8
c3527 info: Opponent has won; playing most blocking move.
<= 
<
>genmove w
<= h6
<
>play b g5
c3527 info: Opponent has won; playing most blocking move.
<= 
<
>genmove w
<= j1
<
>play b i1
c3527 info: Captured cells caused win! Removing...
c3527 info: Opponent has won; playing most blocking move.
<= 
<
>genmove w
<= e11
<
>play b f11
c3527 info: Captured cells caused win! Removing...
c3527 info: Opponent has won; playing most blocking move.
<= 
<
>genmove w
<= resign
<
>final_score
<= B+
<
>quit
<= 
<
