# nice ../build/src/mohex/mohex --config mohex-weak.htp --seed 959562 --logfile-name jobs/11x11-mohex-mohex-cg2010-vs-mohex-mohex-weak-4/mohex-mohex-weak-328.log
>boardsize 11 11
MoHex 2.0.CMake Mar 21 2025
Copyright (C) 2007-2012 by the authors of the Benzene project.
This program comes with ABSOLUTELY NO WARRANTY. This is
free software and you are welcome to redistribute it under
certain conditions. Type `benzene-license' for details.

SgRandom::SetSeed: 959562
SgUctSearch: system memory 33632358400, using 1000000000 (5681818 nodes)
SgRandom::SetSeed: 1
SgRandom::SetSeed: 959562
d89d7 info: Prior Patterns:
d89d7 info: Global:
d89d7 info: Size            = 565 32648 
d89d7 info: TableEntries    = 65932 65910
d89d7 info: MirrorsAdded    = 0 0
d89d7 info: PrunableCount   = 30593 30629
d89d7 info: LargestGamma    = 5820.77
d89d7 info: SmallestGamma   = 6.6e-05
d89d7 info: Local:
d89d7 info: Size            = 550 5318 
d89d7 info: TableEntries    = 11602 11588
d89d7 info: MirrorsAdded    = 0 0
d89d7 info: PrunableCount   = 3659 3667
d89d7 info: LargestGamma    = 11281.8
d89d7 info: SmallestGamma   = 0.026235
d89d7 info: Playout Patterns:
d89d7 info: Global:
d89d7 info: Size            = 565 32648 
d89d7 info: TableEntries    = 70329 70329
d89d7 info: MirrorsAdded    = 4397 4419
d89d7 info: PrunableCount   = 30593 30629
d89d7 info: LargestGamma    = 5820.77
d89d7 info: SmallestGamma   = 6.6e-05
d89d7 info: Local:
d89d7 info: Size            = 550 5318 
d89d7 info: TableEntries    = 11602 11588
d89d7 info: MirrorsAdded    = 0 0
d89d7 info: PrunableCount   = 3659 3667
d89d7 info: LargestGamma    = 11281.8
d89d7 info: SmallestGamma   = 0.026235
param_game allow_swap 1
= 

param_mohex max_memory 1600000
= 

param_mohex num_threads 1
= 

param_mohex max_time 1
= 

param_mohex max_games 1
= 

param_mohex knowledge_threshold 400
= 

param_mohex reuse_subtree 1
= 

param_mohex use_parallel_solver 0
= 

<= 
<
>name
<= MoHex
<
>version
<= 2.0.CMake
<
>play b d11
<= 
<
>genmove w
<= i11
<
>play b h5
d89d7 info: SwapCheck: reading from '/home/linus/MoHex2.0/nfbranchfix/benzene-vanilla-cmake/share/swap-moves.txt'.
d89d7 info: SwapCheck: opting not to swap.
d89d7 info: Best move cannot be determined, must search state.
d89d7 info: --- MoHexPlayer::Search() ---
d89d7 info: Color: white
d89d7 info: MaxGames: 1
d89d7 info: NumberThreads: 1
d89d7 info: MaxNodes: 9090 (799920 bytes)
d89d7 info: TimeForMove: 1
d89d7 info: PreSearch: max time reached (45/90).
d89d7 info: Time for PreSearch: 0.203895s
d89d7 info: 
  7a736bd73aac21fd
  a  b  c  d  e  f  g  h  i  j  k  
 1\.  .  .  *  *  *  *  *  *  *  .\1
  2\.  .  *  *  *  *  *  *  *  *  .\2
   3\.  *  *  *  *  *  *  *  *  *  .\3
    4\.  *  *  *  *  *  *  *  *  *  .\4
     5\.  *  *  *  *  *  *  *  *  *  .\5
      6\.  *  *  *  *  *  *  *  *  *  .\6
       7\.  *  *  *  *  *  *  *  *  *  .\7
        8\.  *  *  *  *  *  *  *  *  *  .\8
         9\.  *  *  *  *  *  *  *  *  *  .\9
         10\.  *  *  *  *  *  *  *  *  .  .\10
          11\.  *  .  B  .  *  *  *  .  .  .\11
              a  b  c  d  e  f  g  h  i  j  k  
d89d7 info: No subtree to reuse.
d89d7 info: Creating thread 0
d89d7 info: StartSearch()[0]
SgUctSearch: max games reached
d89d7 info: 
Elapsed Time   0.568355s
Count          1
GamesPlayed    1
Nodes          1
Knowledge      0 (0.0%)
Expansions     0.0
Time           0.00
GameLen        120.0 dev=0.0 min=120.0 max=120.0
InTree         0.0 dev=0.0 min=0.0 max=0.0
KnowDepth      -
Aborted        0%
Games/s        285.4
Score          1.00
Sequence      
d89d7 info: 
d89d7 warning: **** MoHexSearch returned empty sequence!
d89d7 warning: **** Returning random move!
<= 
<
>genmove w
<= h2
<
>play b d6
d89d7 info: Best move cannot be determined, must search state.
d89d7 info: --- MoHexPlayer::Search() ---
d89d7 info: Color: white
d89d7 info: MaxGames: 1
d89d7 info: NumberThreads: 1
d89d7 info: MaxNodes: 9090 (799920 bytes)
d89d7 info: TimeForMove: 1
d89d7 info: PreSearch: max time reached (45/90).
d89d7 info: Time for PreSearch: 0.204616s
d89d7 info: 
  f6d1b9d752dd1d79
  a  b  c  d  e  f  g  h  i  j  k  
 1\.  .  .  *  *  *  *  *  *  *  .\1
  2\.  .  *  *  *  *  *  *  *  *  .\2
   3\.  *  *  *  *  *  *  *  *  *  .\3
    4\.  *  *  *  *  *  *  *  *  *  .\4
     5\.  *  *  *  *  *  *  B  *  *  .\5
      6\.  *  *  *  *  *  *  *  *  *  .\6
       7\.  *  *  *  *  *  *  *  *  *  .\7
        8\.  *  *  *  *  *  *  *  *  *  .\8
         9\.  *  *  *  *  *  *  *  *  *  .\9
         10\.  *  *  *  *  *  *  *  *  *  .\10
          11\.  *  .  B  .  *  *  *  W  .  .\11
              a  b  c  d  e  f  g  h  i  j  k  
d89d7 info: Old: [black, d11] 
d89d7 info: New: [black, d11] [white, i11] [black, h5] 
d89d7 info: MovesPlayed: [white, i11] [black, h5] 
d89d7 info: No subtree to reuse.
d89d7 info: StartSearch()[0]
SgUctSearch: max games reached
d89d7 info: 
Elapsed Time   0.368353s
Count          1
GamesPlayed    1
Nodes          1
Knowledge      0 (0.0%)
Expansions     0.0
Time           0.00
GameLen        118.0 dev=0.0 min=118.0 max=118.0
InTree         0.0 dev=0.0 min=0.0 max=0.0
KnowDepth      -
Aborted        0%
Games/s        3355.7
Score          1.00
Sequence      
d89d7 info: 
d89d7 warning: **** MoHexSearch returned empty sequence!
d89d7 warning: **** Returning random move!
<= 
<
>genmove w
<= b8
<
>play b f8
d89d7 info: Best move cannot be determined, must search state.
d89d7 info: --- MoHexPlayer::Search() ---
d89d7 info: Color: white
d89d7 info: MaxGames: 1
d89d7 info: NumberThreads: 1
d89d7 info: MaxNodes: 9090 (799920 bytes)
d89d7 info: TimeForMove: 1
d89d7 info: PreSearch: max time reached (51/86).
d89d7 info: Time for PreSearch: 0.202938s
d89d7 info: 
  501dc19f1da87505
  a  b  c  d  e  f  g  h  i  j  k  
 1\.  .  .  *  *  *  *  .  .  *  .\1
  2\.  .  *  *  *  *  *  W  *  *  .\2
   3\.  *  *  *  *  *  *  *  *  *  .\3
    4\.  *  *  *  *  *  *  *  *  *  .\4
     5\.  *  *  *  *  *  *  B  *  *  .\5
      6\.  *  *  B  *  *  *  *  *  *  .\6
       7\.  *  *  *  *  *  *  *  *  *  .\7
        8\.  *  *  *  *  *  *  *  *  *  .\8
         9\.  *  *  *  *  *  *  *  *  *  .\9
         10\.  *  *  *  *  *  *  *  *  *  .\10
          11\.  *  .  B  .  *  *  *  W  .  .\11
              a  b  c  d  e  f  g  h  i  j  k  
d89d7 info: Old: [black, d11] [white, i11] [black, h5] 
d89d7 info: New: [black, d11] [white, i11] [black, h5] [white, h2] [black, d6] 
d89d7 info: MovesPlayed: [white, h2] [black, d6] 
d89d7 info: No subtree to reuse.
d89d7 info: StartSearch()[0]
SgUctSearch: max games reached
d89d7 info: 
Elapsed Time   0.358303s
Count          1
GamesPlayed    1
Nodes          1
Knowledge      0 (0.0%)
Expansions     0.0
Time           0.00
GameLen        116.0 dev=0.0 min=116.0 max=116.0
InTree         0.0 dev=0.0 min=0.0 max=0.0
KnowDepth      -
Aborted        0%
Games/s        3413.0
Score          1.00
Sequence      
d89d7 info: 
d89d7 warning: **** MoHexSearch returned empty sequence!
d89d7 warning: **** Returning random move!
<= 
<
>genmove w
<= b9
<
>play b i10
d89d7 info: Best move cannot be determined, must search state.
d89d7 info: --- MoHexPlayer::Search() ---
d89d7 info: Color: white
d89d7 info: MaxGames: 1
d89d7 info: NumberThreads: 1
d89d7 info: MaxNodes: 9090 (799920 bytes)
d89d7 info: TimeForMove: 1
d89d7 info: PreSearch: max time reached (51/81).
d89d7 info: Time for PreSearch: 0.203829s
d89d7 info: 
  6d2edbe5c5aadea6
  a  b  c  d  e  f  g  h  i  j  k  
 1\.  .  .  *  *  *  *  .  .  *  .\1
  2\.  .  *  *  *  *  *  W  *  *  .\2
   3\.  *  *  *  *  *  *  *  *  *  .\3
    4\.  *  *  *  *  *  *  *  *  *  .\4
     5\.  *  *  *  *  *  *  B  *  *  .\5
      6\.  *  *  B  *  *  *  *  *  *  .\6
       7\w  .  .  *  *  *  *  *  *  *  .\7
        8\w  W  *  *  *  B  *  *  *  *  .\8
         9\w  .  *  *  *  *  *  *  *  *  .\9
         10\w  *  *  *  *  *  *  *  *  *  .\10
          11\.  *  .  B  .  *  *  *  W  .  .\11
              a  b  c  d  e  f  g  h  i  j  k  
d89d7 info: Old: [black, d11] [white, i11] [black, h5] [white, h2] [black, d6] 
d89d7 info: New: [black, d11] [white, i11] [black, h5] [white, h2] [black, d6] [white, b8] [black, f8] 
d89d7 info: MovesPlayed: [white, b8] [black, f8] 
d89d7 info: No subtree to reuse.
d89d7 info: StartSearch()[0]
SgUctSearch: max games reached
d89d7 info: 
Elapsed Time   0.361042s
Count          1
GamesPlayed    1
Nodes          1
Knowledge      0 (0.0%)
Expansions     0.0
Time           0.00
GameLen        110.0 dev=0.0 min=110.0 max=110.0
InTree         0.0 dev=0.0 min=0.0 max=0.0
KnowDepth      -
Aborted        0%
Games/s        3154.6
Score          0.00
Sequence      
d89d7 info: 
d89d7 warning: **** MoHexSearch returned empty sequence!
d89d7 warning: **** Returning random move!
<= 
<
>genmove w
<= e9
<
>play b k4
d89d7 info: Best move cannot be determined, must search state.
d89d7 info: --- MoHexPlayer::Search() ---
d89d7 info: Color: white
d89d7 info: MaxGames: 1
d89d7 info: NumberThreads: 1
d89d7 info: MaxNodes: 9090 (799920 bytes)
d89d7 info: TimeForMove: 1
d89d7 info: PreSearch: max time reached (54/78).
d89d7 info: Time for PreSearch: 0.205205s
d89d7 info: 
  a5a4588128543dc5
  a  b  c  d  e  f  g  h  i  j  k  
 1\.  .  .  *  *  *  *  .  .  *  .\1
  2\.  .  *  *  *  *  *  W  *  *  .\2
   3\.  *  *  *  *  *  *  *  *  *  .\3
    4\.  *  *  *  *  *  *  *  *  *  .\4
     5\.  *  *  *  *  *  *  B  *  *  .\5
      6\.  *  *  B  *  *  *  *  *  *  .\6
       7\w  .  .  *  *  *  *  *  *  *  .\7
        8\w  W  *  *  *  B  *  *  *  *  .\8
         9\w  W  *  *  *  *  *  *  *  .  .\9
         10\b  .  *  *  *  *  *  *  B  *  .\10
          11\.  *  .  B  .  *  *  *  W  .  .\11
              a  b  c  d  e  f  g  h  i  j  k  
d89d7 info: Old: [black, d11] [white, i11] [black, h5] [white, h2] [black, d6] [white, b8] [black, f8] 
d89d7 info: New: [black, d11] [white, i11] [black, h5] [white, h2] [black, d6] [white, b8] [black, f8] [white, b9] [black, i10] 
d89d7 info: MovesPlayed: [white, b9] [black, i10] 
d89d7 info: No subtree to reuse.
d89d7 info: StartSearch()[0]
SgUctSearch: max games reached
d89d7 info: 
Elapsed Time   0.359468s
Count          1
GamesPlayed    1
Nodes          1
Knowledge      0 (0.0%)
Expansions     0.0
Time           0.00
GameLen        108.0 dev=0.0 min=108.0 max=108.0
InTree         0.0 dev=0.0 min=0.0 max=0.0
KnowDepth      -
Aborted        0%
Games/s        2958.6
Score          1.00
Sequence      
d89d7 info: 
d89d7 warning: **** MoHexSearch returned empty sequence!
d89d7 warning: **** Returning random move!
<= 
<
>genmove w
<= b4
<
>play b c5
d89d7 info: Best move cannot be determined, must search state.
d89d7 info: --- MoHexPlayer::Search() ---
d89d7 info: Color: white
d89d7 info: MaxGames: 1
d89d7 info: NumberThreads: 1
d89d7 info: MaxNodes: 9090 (799920 bytes)
d89d7 info: TimeForMove: 1
d89d7 info: PreSearch: max time reached (60/73).
d89d7 info: Time for PreSearch: 0.201891s
d89d7 info: 
  2f111a111c143fe3
  a  b  c  d  e  f  g  h  i  j  k  
 1\.  .  .  *  *  *  *  .  .  *  .\1
  2\.  .  *  *  *  *  *  W  *  *  .\2
   3\.  *  *  *  *  *  *  *  *  *  .\3
    4\.  *  *  *  *  *  *  *  *  *  B\4
     5\.  *  *  *  *  *  *  B  *  *  .\5
      6\.  *  *  B  *  *  *  *  *  *  .\6
       7\w  .  .  *  *  *  *  *  *  *  .\7
        8\w  W  *  *  *  B  *  *  *  *  .\8
         9\w  W  *  *  W  *  *  *  *  .  .\9
         10\b  .  *  .  .  *  *  *  B  .  .\10
          11\b  b  b  B  b  .  *  *  W  .  .\11
              a  b  c  d  e  f  g  h  i  j  k  
d89d7 info: Old: [black, d11] [white, i11] [black, h5] [white, h2] [black, d6] [white, b8] [black, f8] [white, b9] [black, i10] 
d89d7 info: New: [black, d11] [white, i11] [black, h5] [white, h2] [black, d6] [white, b8] [black, f8] [white, b9] [black, i10] [white, e9] [black, k4] 
d89d7 info: MovesPlayed: [white, e9] [black, k4] 
d89d7 info: No subtree to reuse.
d89d7 info: StartSearch()[0]
SgUctSearch: max games reached
d89d7 info: 
Elapsed Time   0.356819s
Count          1
GamesPlayed    1
Nodes          1
Knowledge      0 (0.0%)
Expansions     0.0
Time           0.00
GameLen        102.0 dev=0.0 min=102.0 max=102.0
InTree         0.0 dev=0.0 min=0.0 max=0.0
KnowDepth      -
Aborted        0%
Games/s        3484.3
Score          1.00
Sequence      
d89d7 info: 
d89d7 warning: **** MoHexSearch returned empty sequence!
d89d7 warning: **** Returning random move!
<= 
<
>genmove w
<= f3
<
>play b k2
d89d7 info: Best move cannot be determined, must search state.
d89d7 info: --- MoHexPlayer::Search() ---
d89d7 info: Color: white
d89d7 info: MaxGames: 1
d89d7 info: NumberThreads: 1
d89d7 info: MaxNodes: 9090 (799920 bytes)
d89d7 info: TimeForMove: 1
d89d7 info: Time for PreSearch: 0.17411s
d89d7 info: 
  e72d77aec4f45488
  a  b  c  d  e  f  g  h  i  j  k  
 1\w  .  .  *  *  *  *  .  .  *  .\1
  2\w  .  .  *  *  *  *  W  *  *  .\2
   3\w  .  *  *  *  *  *  *  *  *  .\3
    4\w  W  *  *  *  *  *  *  *  *  B\4
     5\w  b  B  *  *  *  *  B  *  *  .\5
      6\w  w  .  B  *  *  *  *  *  *  .\6
       7\w  w  .  *  *  *  *  *  *  *  .\7
        8\w  W  .  *  *  B  *  *  *  *  .\8
         9\w  W  *  *  W  *  *  *  *  .  .\9
         10\b  .  *  .  .  *  *  *  B  .  .\10
          11\b  b  b  B  b  .  *  *  W  .  .\11
              a  b  c  d  e  f  g  h  i  j  k  
d89d7 info: Old: [black, d11] [white, i11] [black, h5] [white, h2] [black, d6] [white, b8] [black, f8] [white, b9] [black, i10] [white, e9] [black, k4] 
d89d7 info: New: [black, d11] [white, i11] [black, h5] [white, h2] [black, d6] [white, b8] [black, f8] [white, b9] [black, i10] [white, e9] [black, k4] [white, b4] [black, c5] 
d89d7 info: MovesPlayed: [white, b4] [black, c5] 
d89d7 info: No subtree to reuse.
d89d7 info: StartSearch()[0]
SgUctSearch: max games reached
d89d7 info: 
Elapsed Time   0.54908s
Count          1
GamesPlayed    1
Nodes          1
Knowledge      0 (0.0%)
Expansions     0.0
Time           0.00
GameLen        91.0 dev=0.0 min=91.0 max=91.0
InTree         0.0 dev=0.0 min=0.0 max=0.0
KnowDepth      -
Aborted        0%
Games/s        3508.8
Score          1.00
Sequence      
d89d7 info: 
d89d7 warning: **** MoHexSearch returned empty sequence!
d89d7 warning: **** Returning random move!
<= 
<
>genmove w
<= c9
<
>play b b2
d89d7 info: Best move cannot be determined, must search state.
d89d7 info: --- MoHexPlayer::Search() ---
d89d7 info: Color: white
d89d7 info: MaxGames: 1
d89d7 info: NumberThreads: 1
d89d7 info: MaxNodes: 9090 (799920 bytes)
d89d7 info: TimeForMove: 1
d89d7 info: Time for PreSearch: 0.199998s
d89d7 info: 
  812ace42677c3cf1
  a  b  c  d  e  f  g  h  i  j  k  
 1\w  .  .  *  *  *  *  .  .  *  *\1
  2\w  .  .  *  *  *  .  W  *  *  B\2
   3\w  .  *  *  *  W  *  *  *  *  *\3
    4\w  W  *  *  *  *  *  *  *  *  B\4
     5\w  b  B  *  *  *  *  B  *  *  .\5
      6\w  w  .  B  *  *  *  *  *  *  .\6
       7\w  w  .  *  *  *  *  *  *  *  .\7
        8\w  W  .  *  *  B  *  *  *  *  .\8
         9\w  W  *  *  W  *  *  *  *  .  .\9
         10\b  .  *  .  .  *  *  *  B  .  .\10
          11\b  b  b  B  b  .  *  *  W  .  .\11
              a  b  c  d  e  f  g  h  i  j  k  
d89d7 info: Old: [black, d11] [white, i11] [black, h5] [white, h2] [black, d6] [white, b8] [black, f8] [white, b9] [black, i10] [white, e9] [black, k4] [white, b4] [black, c5] 
d89d7 info: New: [black, d11] [white, i11] [black, h5] [white, h2] [black, d6] [white, b8] [black, f8] [white, b9] [black, i10] [white, e9] [black, k4] [white, b4] [black, c5] [white, f3] [black, k2] 
d89d7 info: MovesPlayed: [white, f3] [black, k2] 
d89d7 info: No subtree to reuse.
d89d7 info: StartSearch()[0]
SgUctSearch: max games reached
d89d7 info: 
Elapsed Time   0.353386s
Count          1
GamesPlayed    1
Nodes          1
Knowledge      0 (0.0%)
Expansions     0.0
Time           0.00
GameLen        89.0 dev=0.0 min=89.0 max=89.0
InTree         0.0 dev=0.0 min=0.0 max=0.0
KnowDepth      -
Aborted        0%
Games/s        3134.8
Score          0.00
Sequence      
d89d7 info: 
d89d7 warning: **** MoHexSearch returned empty sequence!
d89d7 warning: **** Returning random move!
<= 
<
>genmove w
<= e4
<
>play b i9
d89d7 info: Best move cannot be determined, must search state.
d89d7 info: --- MoHexPlayer::Search() ---
d89d7 info: Color: white
d89d7 info: MaxGames: 1
d89d7 info: NumberThreads: 1
d89d7 info: MaxNodes: 9090 (799920 bytes)
d89d7 info: TimeForMove: 1
d89d7 info: Time for PreSearch: 0.124252s
d89d7 info: 
  5f8b6ff11d94b792
  a  b  c  d  e  f  g  h  i  j  k  
 1\b  b  b  b  b  .  *  .  .  *  *\1
  2\b  B  b  .  *  *  .  W  *  *  B\2
   3\b  b  .  *  *  W  *  *  *  *  *\3
    4\w  W  .  *  *  *  *  *  *  *  B\4
     5\w  b  B  *  *  *  *  B  *  *  .\5
      6\w  w  .  B  *  *  *  *  *  *  .\6
       7\w  w  w  .  *  *  *  *  *  *  .\7
        8\w  W  w  .  .  B  *  *  *  *  .\8
         9\w  W  W  .  W  *  *  *  *  .  .\9
         10\b  w  b  b  .  *  *  *  B  .  .\10
          11\w  b  b  B  b  .  *  *  W  .  .\11
              a  b  c  d  e  f  g  h  i  j  k  
d89d7 info: Old: [black, d11] [white, i11] [black, h5] [white, h2] [black, d6] [white, b8] [black, f8] [white, b9] [black, i10] [white, e9] [black, k4] [white, b4] [black, c5] [white, f3] [black, k2] 
d89d7 info: New: [black, d11] [white, i11] [black, h5] [white, h2] [black, d6] [white, b8] [black, f8] [white, b9] [black, i10] [white, e9] [black, k4] [white, b4] [black, c5] [white, f3] [black, k2] [white, c9] [black, b2] 
d89d7 info: MovesPlayed: [white, c9] [black, b2] 
d89d7 info: No subtree to reuse.
d89d7 info: StartSearch()[0]
SgUctSearch: max games reached
d89d7 info: 
Elapsed Time   0.286912s
Count          1
GamesPlayed    1
Nodes          1
Knowledge      0 (0.0%)
Expansions     0.0
Time           0.00
GameLen        76.0 dev=0.0 min=76.0 max=76.0
InTree         0.0 dev=0.0 min=0.0 max=0.0
KnowDepth      -
Aborted        0%
Games/s        3246.8
Score          0.00
Sequence      
d89d7 info: 
d89d7 warning: **** MoHexSearch returned empty sequence!
d89d7 warning: **** Returning random move!
<= 
<
>genmove w
<= d8
<
>play b f7
d89d7 info: Best move cannot be determined, must search state.
d89d7 info: --- MoHexPlayer::Search() ---
d89d7 info: Color: white
d89d7 info: MaxGames: 1
d89d7 info: NumberThreads: 1
d89d7 info: MaxNodes: 9090 (799920 bytes)
d89d7 info: TimeForMove: 1
d89d7 info: Time for PreSearch: 0.102079s
d89d7 info: 
  9232108bb3889728
  a  b  c  d  e  f  g  h  i  j  k  
 1\b  b  b  b  b  .  *  .  .  *  *\1
  2\b  B  b  .  .  .  .  W  *  *  B\2
   3\b  b  .  *  .  W  *  *  *  *  *\3
    4\w  W  .  .  W  .  *  *  *  *  B\4
     5\w  b  B  b  .  *  *  B  *  *  .\5
      6\w  w  b  B  *  *  *  *  *  *  .\6
       7\w  w  w  .  *  *  *  *  *  *  .\7
        8\w  W  w  .  .  B  *  *  *  .  .\8
         9\w  W  W  .  W  *  *  *  B  .  .\9
         10\b  w  b  b  .  *  *  .  B  .  .\10
          11\w  b  b  B  b  .  .  *  W  .  .\11
              a  b  c  d  e  f  g  h  i  j  k  
d89d7 info: Old: [black, d11] [white, i11] [black, h5] [white, h2] [black, d6] [white, b8] [black, f8] [white, b9] [black, i10] [white, e9] [black, k4] [white, b4] [black, c5] [white, f3] [black, k2] [white, c9] [black, b2] 
d89d7 info: New: [black, d11] [white, i11] [black, h5] [white, h2] [black, d6] [white, b8] [black, f8] [white, b9] [black, i10] [white, e9] [black, k4] [white, b4] [black, c5] [white, f3] [black, k2] [white, c9] [black, b2] [white, e4] [black, i9] 
d89d7 info: MovesPlayed: [white, e4] [black, i9] 
d89d7 info: No subtree to reuse.
d89d7 info: StartSearch()[0]
SgUctSearch: max games reached
d89d7 info: 
Elapsed Time   0.258153s
Count          1
GamesPlayed    1
Nodes          1
Knowledge      0 (0.0%)
Expansions     0.0
Time           0.00
GameLen        72.0 dev=0.0 min=72.0 max=72.0
InTree         0.0 dev=0.0 min=0.0 max=0.0
KnowDepth      -
Aborted        0%
Games/s        3558.7
Score          0.00
Sequence      
d89d7 info: 
d89d7 warning: **** MoHexSearch returned empty sequence!
d89d7 warning: **** Returning random move!
<= 
<
>genmove w
<= k3
<
>play b i7
d89d7 info: Best move cannot be determined, must search state.
d89d7 info: --- MoHexPlayer::Search() ---
d89d7 info: Color: white
d89d7 info: MaxGames: 1
d89d7 info: NumberThreads: 1
d89d7 info: MaxNodes: 9090 (799920 bytes)
d89d7 info: TimeForMove: 1
d89d7 info: Time for PreSearch: 0.106001s
d89d7 info: 
  477b56197bbea32e
  a  b  c  d  e  f  g  h  i  j  k  
 1\b  b  b  b  b  .  *  .  .  *  *\1
  2\b  B  b  .  .  .  .  W  *  *  B\2
   3\b  b  .  *  .  W  *  *  *  *  *\3
    4\w  W  .  .  W  .  *  *  *  *  B\4
     5\w  b  B  b  .  *  *  B  *  *  .\5
      6\w  w  b  B  *  *  *  *  *  *  .\6
       7\w  w  b  .  .  B  *  *  *  *  .\7
        8\w  W  b  W  w  B  *  *  *  .  .\8
         9\w  W  W  w  W  *  *  *  B  .  .\9
         10\b  b  b  b  .  *  *  .  B  .  .\10
          11\b  b  b  B  b  .  .  *  W  .  .\11
              a  b  c  d  e  f  g  h  i  j  k  
d89d7 info: Old: [black, d11] [white, i11] [black, h5] [white, h2] [black, d6] [white, b8] [black, f8] [white, b9] [black, i10] [white, e9] [black, k4] [white, b4] [black, c5] [white, f3] [black, k2] [white, c9] [black, b2] [white, e4] [black, i9] 
d89d7 info: New: [black, d11] [white, i11] [black, h5] [white, h2] [black, d6] [white, b8] [black, f8] [white, b9] [black, i10] [white, e9] [black, k4] [white, b4] [black, c5] [white, f3] [black, k2] [white, c9] [black, b2] [white, e4] [black, i9] [white, d8] [black, f7] 
d89d7 info: MovesPlayed: [white, d8] [black, f7] 
d89d7 info: No subtree to reuse.
d89d7 info: StartSearch()[0]
SgUctSearch: max games reached
d89d7 info: 
Elapsed Time   0.263278s
Count          1
GamesPlayed    1
Nodes          1
Knowledge      0 (0.0%)
Expansions     0.0
Time           0.00
GameLen        68.0 dev=0.0 min=68.0 max=68.0
InTree         0.0 dev=0.0 min=0.0 max=0.0
KnowDepth      -
Aborted        0%
Games/s        2538.1
Score          0.00
Sequence      
d89d7 info: 
d89d7 warning: **** MoHexSearch returned empty sequence!
d89d7 warning: **** Returning random move!
<= 
<
>genmove w
<= j9
<
>play b k6
d89d7 info: Best move cannot be determined, must search state.
d89d7 info: --- MoHexPlayer::Search() ---
d89d7 info: Color: white
d89d7 info: MaxGames: 1
d89d7 info: NumberThreads: 1
d89d7 info: MaxNodes: 9090 (799920 bytes)
d89d7 info: TimeForMove: 1
d89d7 info: Time for PreSearch: 0.153028s
d89d7 info: 
  91c7af2c48d8d7b9
  a  b  c  d  e  f  g  h  i  j  k  
 1\b  b  b  b  b  .  *  .  .  *  *\1
  2\b  B  b  .  .  .  .  W  *  *  B\2
   3\b  b  .  *  .  W  *  *  *  *  W\3
    4\w  W  .  .  W  .  *  *  *  *  B\4
     5\w  b  B  b  .  *  *  B  *  *  .\5
      6\w  w  b  B  *  *  *  *  *  *  .\6
       7\w  w  b  .  .  B  *  *  B  *  .\7
        8\w  W  b  W  w  B  *  *  *  .  .\8
         9\w  W  W  w  W  *  *  *  B  .  .\9
         10\b  b  b  b  .  *  *  .  B  .  .\10
          11\b  b  b  B  b  .  .  *  W  .  .\11
              a  b  c  d  e  f  g  h  i  j  k  
d89d7 info: Old: [black, d11] [white, i11] [black, h5] [white, h2] [black, d6] [white, b8] [black, f8] [white, b9] [black, i10] [white, e9] [black, k4] [white, b4] [black, c5] [white, f3] [black, k2] [white, c9] [black, b2] [white, e4] [black, i9] [white, d8] [black, f7] 
d89d7 info: New: [black, d11] [white, i11] [black, h5] [white, h2] [black, d6] [white, b8] [black, f8] [white, b9] [black, i10] [white, e9] [black, k4] [white, b4] [black, c5] [white, f3] [black, k2] [white, c9] [black, b2] [white, e4] [black, i9] [white, d8] [black, f7] [white, k3] [black, i7] 
d89d7 info: MovesPlayed: [white, k3] [black, i7] 
d89d7 info: No subtree to reuse.
d89d7 info: StartSearch()[0]
SgUctSearch: max games reached
d89d7 info: 
Elapsed Time   0.321941s
Count          1
GamesPlayed    1
Nodes          1
Knowledge      0 (0.0%)
Expansions     0.0
Time           0.00
GameLen        66.0 dev=0.0 min=66.0 max=66.0
InTree         0.0 dev=0.0 min=0.0 max=0.0
KnowDepth      -
Aborted        0%
Games/s        4098.4
Score          0.00
Sequence      
d89d7 info: 
d89d7 warning: **** MoHexSearch returned empty sequence!
d89d7 warning: **** Returning random move!
<= 
<
>genmove w
<= k7
<
>play b f6
d89d7 info: Best move cannot be determined, must search state.
d89d7 info: --- MoHexPlayer::Search() ---
d89d7 info: Color: white
d89d7 info: MaxGames: 1
d89d7 info: NumberThreads: 1
d89d7 info: MaxNodes: 9090 (799920 bytes)
d89d7 info: TimeForMove: 1
d89d7 info: Time for PreSearch: 0.131795s
d89d7 info: 
  19bf6c44d29d49b7
  a  b  c  d  e  f  g  h  i  j  k  
 1\b  b  b  b  b  .  *  .  .  *  *\1
  2\b  B  b  .  .  .  .  W  *  *  B\2
   3\b  b  .  *  .  W  *  *  *  *  W\3
    4\w  W  .  .  W  .  *  *  *  *  B\4
     5\w  b  B  b  .  *  *  B  *  *  *\5
      6\w  w  b  B  *  *  *  *  *  *  B\6
       7\w  w  b  .  .  B  *  *  B  *  .\7
        8\w  W  b  W  w  B  *  *  *  .  w\8
         9\w  W  W  w  W  *  *  *  B  W  w\9
         10\b  b  b  b  .  *  *  .  B  w  w\10
          11\b  b  b  B  b  .  .  *  W  w  w\11
              a  b  c  d  e  f  g  h  i  j  k  
d89d7 info: Old: [black, d11] [white, i11] [black, h5] [white, h2] [black, d6] [white, b8] [black, f8] [white, b9] [black, i10] [white, e9] [black, k4] [white, b4] [black, c5] [white, f3] [black, k2] [white, c9] [black, b2] [white, e4] [black, i9] [white, d8] [black, f7] [white, k3] [black, i7] 
d89d7 info: New: [black, d11] [white, i11] [black, h5] [white, h2] [black, d6] [white, b8] [black, f8] [white, b9] [black, i10] [white, e9] [black, k4] [white, b4] [black, c5] [white, f3] [black, k2] [white, c9] [black, b2] [white, e4] [black, i9] [white, d8] [black, f7] [white, k3] [black, i7] [white, j9] [black, k6] 
d89d7 info: MovesPlayed: [white, j9] [black, k6] 
d89d7 info: No subtree to reuse.
d89d7 info: StartSearch()[0]
SgUctSearch: max games reached
d89d7 info: 
Elapsed Time   0.322405s
Count          1
GamesPlayed    1
Nodes          1
Knowledge      0 (0.0%)
Expansions     0.0
Time           0.00
GameLen        58.0 dev=0.0 min=58.0 max=58.0
InTree         0.0 dev=0.0 min=0.0 max=0.0
KnowDepth      -
Aborted        0%
Games/s        3048.8
Score          0.00
Sequence      
d89d7 info: 
d89d7 warning: **** MoHexSearch returned empty sequence!
d89d7 warning: **** Returning random move!
<= 
<
>genmove w
<= d2
<
>play b i3
d89d7 info: Best move cannot be determined, must search state.
d89d7 info: --- MoHexPlayer::Search() ---
d89d7 info: Color: white
d89d7 info: MaxGames: 1
d89d7 info: NumberThreads: 1
d89d7 info: MaxNodes: 9090 (799920 bytes)
d89d7 info: TimeForMove: 1
d89d7 info: Time for PreSearch: 0.041512s
d89d7 info: 
  79cb59bf5e9af734
  a  b  c  d  e  f  g  h  i  j  k  
 1\b  b  b  b  b  .  .  .  .  *  *\1
  2\b  B  b  .  .  .  .  W  *  *  B\2
   3\b  b  .  .  .  W  .  .  *  *  W\3
    4\w  W  .  .  W  .  .  .  *  .  B\4
     5\w  b  B  b  .  .  *  B  .  .  .\5
      6\w  w  b  B  .  B  .  .  .  .  B\6
       7\w  w  b  w  w  B  .  .  B  .  W\7
        8\w  W  b  W  w  B  .  .  *  .  w\8
         9\w  W  W  w  W  .  .  *  B  W  w\9
         10\b  b  b  b  .  *  *  .  B  w  w\10
          11\b  b  b  B  b  .  .  *  W  w  w\11
              a  b  c  d  e  f  g  h  i  j  k  
d89d7 info: Old: [black, d11] [white, i11] [black, h5] [white, h2] [black, d6] [white, b8] [black, f8] [white, b9] [black, i10] [white, e9] [black, k4] [white, b4] [black, c5] [white, f3] [black, k2] [white, c9] [black, b2] [white, e4] [black, i9] [white, d8] [black, f7] [white, k3] [black, i7] [white, j9] [black, k6] 
d89d7 info: New: [black, d11] [white, i11] [black, h5] [white, h2] [black, d6] [white, b8] [black, f8] [white, b9] [black, i10] [white, e9] [black, k4] [white, b4] [black, c5] [white, f3] [black, k2] [white, c9] [black, b2] [white, e4] [black, i9] [white, d8] [black, f7] [white, k3] [black, i7] [white, j9] [black, k6] [white, k7] [black, f6] 
d89d7 info: MovesPlayed: [white, k7] [black, f6] 
d89d7 info: No subtree to reuse.
d89d7 info: StartSearch()[0]
SgUctSearch: max games reached
d89d7 info: 
Elapsed Time   0.209917s
Count          1
GamesPlayed    1
Nodes          1
Knowledge      0 (0.0%)
Expansions     0.0
Time           0.00
GameLen        54.0 dev=0.0 min=54.0 max=54.0
InTree         0.0 dev=0.0 min=0.0 max=0.0
KnowDepth      -
Aborted        0%
Games/s        3731.3
Score          0.00
Sequence      
d89d7 info: 
d89d7 warning: **** MoHexSearch returned empty sequence!
d89d7 warning: **** Returning random move!
<= 
<
>genmove w
<= h4
<
>play b i4
d89d7 info: Opponent has won; playing most blocking move.
<= 
<
>genmove w
<= j1
<
>play b k1
d89d7 info: Opponent has won; playing most blocking move.
<= 
<
>genmove w
<= h7
<
>play b f9
d89d7 info: Opponent has won; playing most blocking move.
<= 
<
>genmove w
<= i6
<
>play b g5
d89d7 info: Opponent has won; playing most blocking move.
<= 
<
>genmove w
<= f10
<
>play b e10
d89d7 info: Opponent has won; playing most blocking move.
<= 
<
>genmove w
<= j2
<
>play b j3
d89d7 info: Captured cells caused win! Removing...
d89d7 info: Opponent has won; playing most blocking move.
<= 
<
>genmove w
<= resign
<
>final_score
<= B+
<
>quit
<= 
<
