b30e7 config: MoHex v2.0.CMake Mar 21 2025.
b30e7 config: ============ InitializeSystem ============
b30e7 config: BenzeneProgram::InitRandom()
b30e7 config: Seed = 148029
b30e7 info: Prior Patterns:
b30e7 info: Global:
b30e7 info: Size            = 565 32648 
b30e7 info: TableEntries    = 65932 65910
b30e7 info: MirrorsAdded    = 0 0
b30e7 info: PrunableCount   = 30593 30629
b30e7 info: LargestGamma    = 5820.77
b30e7 info: SmallestGamma   = 6.6e-05
b30e7 info: Local:
b30e7 info: Size            = 550 5318 
b30e7 info: TableEntries    = 11602 11588
b30e7 info: MirrorsAdded    = 0 0
b30e7 info: PrunableCount   = 3659 3667
b30e7 info: LargestGamma    = 11281.8
b30e7 info: SmallestGamma   = 0.026235
b30e7 info: Playout Patterns:
b30e7 info: Global:
b30e7 info: Size            = 565 32648 
b30e7 info: TableEntries    = 70329 70329
b30e7 info: MirrorsAdded    = 4397 4419
b30e7 info: PrunableCount   = 30593 30629
b30e7 info: LargestGamma    = 5820.77
b30e7 info: SmallestGamma   = 6.6e-05
b30e7 info: Local:
b30e7 info: Size            = 550 5318 
b30e7 info: TableEntries    = 11602 11588
b30e7 info: MirrorsAdded    = 0 0
b30e7 info: PrunableCount   = 3659 3667
b30e7 info: LargestGamma    = 11281.8
b30e7 info: SmallestGamma   = 0.026235
b30e7 config: IcePatternSet: reading from '/home/linus/MoHex2.0/nfbranchfix/benzene-vanilla-cmake/share/ice-patterns.txt'.
b30e7 config: IcePatternSet: parsed 708 patterns.
b30e7 config: VCS: reading captured set patterns from '/home/linus/MoHex2.0/nfbranchfix/benzene-vanilla-cmake/share/vc-captured-set.txt'.
b30e7 config: VCS:: parsed 2 patterns.
b30e7 config: VCS: reading captured set patterns from '/home/linus/MoHex2.0/nfbranchfix/benzene-vanilla-cmake/share/vc-captured-set.txt'.
b30e7 config: VCS:: parsed 2 patterns.
b30e7 config: IcePatternSet: reading from '/home/linus/MoHex2.0/nfbranchfix/benzene-vanilla-cmake/share/ice-patterns.txt'.
b30e7 config: IcePatternSet: parsed 708 patterns.
b30e7 config: VCS: reading captured set patterns from '/home/linus/MoHex2.0/nfbranchfix/benzene-vanilla-cmake/share/vc-captured-set.txt'.
b30e7 config: VCS:: parsed 2 patterns.
b30e7 config: VCS: reading captured set patterns from '/home/linus/MoHex2.0/nfbranchfix/benzene-vanilla-cmake/share/vc-captured-set.txt'.
b30e7 config: VCS:: parsed 2 patterns.
b30e7 config: VCS: reading captured set patterns from '/home/linus/MoHex2.0/nfbranchfix/benzene-vanilla-cmake/share/vc-captured-set.txt'.
b30e7 config: VCS:: parsed 2 patterns.
b30e7 config: VCS: reading captured set patterns from '/home/linus/MoHex2.0/nfbranchfix/benzene-vanilla-cmake/share/vc-captured-set.txt'.
b30e7 config: VCS:: parsed 2 patterns.
b30e7 config: VCS: reading captured set patterns from '/home/linus/MoHex2.0/nfbranchfix/benzene-vanilla-cmake/share/vc-captured-set.txt'.
b30e7 config: VCS:: parsed 2 patterns.
b30e7 config: VCS: reading captured set patterns from '/home/linus/MoHex2.0/nfbranchfix/benzene-vanilla-cmake/share/vc-captured-set.txt'.
b30e7 config: VCS:: parsed 2 patterns.
b30e7 info: SwapCheck: reading from '/home/linus/MoHex2.0/nfbranchfix/benzene-vanilla-cmake/share/swap-moves.txt'.
b30e7 info: SwapCheck: playing swap.
b30e7 config: VCPattern: loading pattern templates from '/home/linus/MoHex2.0/nfbranchfix/benzene-vanilla-cmake/share/vc-patterns.txt'.
b30e7 info: Best move cannot be determined, must search state.
b30e7 info: --- MoHexPlayer::Search() ---
b30e7 info: Color: black
b30e7 info: MaxGames: 1
b30e7 info: NumberThreads: 1
b30e7 info: MaxNodes: 9090 (799920 bytes)
b30e7 info: TimeForMove: 1
b30e7 info: PreSearch: max time reached (58/89).
b30e7 info: Time for PreSearch: 0.200721s
b30e7 info: 
  0bcb8aae3a241a20
  a  b  c  d  e  f  g  h  i  j  k  
 1\.  .  .  .  .  .  .  .  .  .  .\1
  2\.  .  *  *  *  *  *  *  *  *  *\2
   3\.  *  *  *  *  *  *  *  *  *  *\3
    4\*  *  *  *  *  *  *  *  *  *  *\4
     5\*  *  *  *  *  *  *  *  *  *  *\5
      6\.  B  *  *  *  *  *  *  *  *  *\6
       7\.  *  *  *  *  *  *  *  *  *  *\7
        8\*  *  *  *  *  *  *  *  *  *  *\8
         9\*  *  *  *  *  *  *  *  *  *  .\9
         10\*  *  *  *  *  *  W  *  *  .  .\10
          11\.  .  .  .  .  .  .  .  .  .  .\11
              a  b  c  d  e  f  g  h  i  j  k  
b30e7 info: No subtree to reuse.
b30e7 info: Creating thread 0
b30e7 info: StartSearch()[0]
b30e7 config: VCS: reading captured set patterns from '/home/linus/MoHex2.0/nfbranchfix/benzene-vanilla-cmake/share/vc-captured-set.txt'.
b30e7 config: VCS:: parsed 2 patterns.
b30e7 config: VCS: reading captured set patterns from '/home/linus/MoHex2.0/nfbranchfix/benzene-vanilla-cmake/share/vc-captured-set.txt'.
b30e7 config: VCS:: parsed 2 patterns.
b30e7 info: 
Elapsed Time   0.343663s
Count          1
GamesPlayed    1
Nodes          1
Knowledge      0 (0.0%)
Expansions     0.0
Time           0.00
GameLen        119.0 dev=0.0 min=119.0 max=119.0
InTree         0.0 dev=0.0 min=0.0 max=0.0
KnowDepth      -
Aborted        0%
Games/s        405.8
Score          1.00
Sequence      
b30e7 info: 
b30e7 warning: **** MoHexSearch returned empty sequence!
b30e7 warning: **** Returning random move!
b30e7 info: Best move cannot be determined, must search state.
b30e7 info: --- MoHexPlayer::Search() ---
b30e7 info: Color: black
b30e7 info: MaxGames: 1
b30e7 info: NumberThreads: 1
b30e7 info: MaxNodes: 9090 (799920 bytes)
b30e7 info: TimeForMove: 1
b30e7 info: PreSearch: max time reached (51/87).
b30e7 info: Time for PreSearch: 0.203242s
b30e7 info: 
  a643fa3b18ba1afc
  a  b  c  d  e  f  g  h  i  j  k  
 1\.  .  .  .  .  .  .  .  .  .  .\1
  2\.  .  *  *  *  *  *  *  *  *  *\2
   3\.  *  *  *  *  *  *  *  *  *  *\3
    4\*  *  *  *  *  *  *  *  *  *  *\4
     5\*  *  *  *  *  *  B  *  *  *  *\5
      6\.  B  *  *  *  *  *  *  *  *  *\6
       7\.  *  *  *  *  *  *  *  *  *  *\7
        8\*  *  *  *  *  *  *  *  *  *  *\8
         9\*  *  *  *  *  *  *  *  *  *  .\9
         10\*  *  *  *  W  *  W  *  *  .  .\10
          11\.  .  .  .  b  b  .  .  .  .  .\11
              a  b  c  d  e  f  g  h  i  j  k  
b30e7 info: Old: [black, b6] [white, swap-pieces] [white, g10] 
b30e7 info: New: [black, b6] [white, swap-pieces] [white, g10] [black, g5] [white, e10] 
b30e7 info: MovesPlayed: [black, g5] [white, e10] 
b30e7 info: No subtree to reuse.
b30e7 info: StartSearch()[0]
b30e7 info: 
Elapsed Time   0.395636s
Count          1
GamesPlayed    1
Nodes          1
Knowledge      0 (0.0%)
Expansions     0.0
Time           0.00
GameLen        115.0 dev=0.0 min=115.0 max=115.0
InTree         0.0 dev=0.0 min=0.0 max=0.0
KnowDepth      -
Aborted        0%
Games/s        3367.0
Score          0.00
Sequence      
b30e7 info: 
b30e7 warning: **** MoHexSearch returned empty sequence!
b30e7 warning: **** Returning random move!
b30e7 info: Best move cannot be determined, must search state.
b30e7 info: --- MoHexPlayer::Search() ---
b30e7 info: Color: black
b30e7 info: MaxGames: 1
b30e7 info: NumberThreads: 1
b30e7 info: MaxNodes: 9090 (799920 bytes)
b30e7 info: TimeForMove: 1
b30e7 info: PreSearch: max time reached (35/85).
b30e7 info: Time for PreSearch: 0.202162s
b30e7 info: 
  3a1088f0ddd55959
  a  b  c  d  e  f  g  h  i  j  k  
 1\.  .  .  .  .  .  .  .  .  .  .\1
  2\.  .  *  *  *  *  *  *  *  *  *\2
   3\.  *  *  *  *  *  *  *  *  *  *\3
    4\*  *  *  *  *  *  *  *  *  *  *\4
     5\*  *  *  *  *  *  B  *  *  *  *\5
      6\.  B  *  *  *  *  *  *  W  *  *\6
       7\.  *  *  *  B  *  *  *  *  *  *\7
        8\*  *  *  *  *  *  *  *  *  *  *\8
         9\*  *  *  *  *  *  *  *  *  *  .\9
         10\*  *  *  *  W  *  W  *  *  .  .\10
          11\.  .  .  .  b  b  .  .  .  .  .\11
              a  b  c  d  e  f  g  h  i  j  k  
b30e7 info: Old: [black, b6] [white, swap-pieces] [white, g10] [black, g5] [white, e10] 
b30e7 info: New: [black, b6] [white, swap-pieces] [white, g10] [black, g5] [white, e10] [black, e7] [white, i6] 
b30e7 info: MovesPlayed: [black, e7] [white, i6] 
b30e7 info: No subtree to reuse.
b30e7 info: StartSearch()[0]
b30e7 info: 
Elapsed Time   0.345096s
Count          1
GamesPlayed    1
Nodes          1
Knowledge      0 (0.0%)
Expansions     0.0
Time           0.00
GameLen        113.0 dev=0.0 min=113.0 max=113.0
InTree         0.0 dev=0.0 min=0.0 max=0.0
KnowDepth      -
Aborted        0%
Games/s        3731.3
Score          1.00
Sequence      
b30e7 info: 
b30e7 warning: **** MoHexSearch returned empty sequence!
b30e7 warning: **** Returning random move!
b30e7 info: Best move cannot be determined, must search state.
b30e7 info: --- MoHexPlayer::Search() ---
b30e7 info: Color: black
b30e7 info: MaxGames: 1
b30e7 info: NumberThreads: 1
b30e7 info: MaxNodes: 9090 (799920 bytes)
b30e7 info: TimeForMove: 1
b30e7 info: PreSearch: max time reached (33/83).
b30e7 info: Time for PreSearch: 0.205758s
b30e7 info: 
  d85b396b7de58205
  a  b  c  d  e  f  g  h  i  j  k  
 1\.  .  .  .  .  .  .  .  .  .  .\1
  2\.  .  *  *  *  *  *  *  *  *  *\2
   3\.  *  *  *  *  *  *  *  *  *  *\3
    4\*  *  *  *  *  *  *  *  *  *  *\4
     5\*  *  *  *  *  *  B  *  *  *  *\5
      6\.  B  *  *  *  *  *  *  W  *  *\6
       7\.  *  *  *  B  *  *  *  *  *  *\7
        8\*  *  *  *  *  *  *  *  *  *  .\8
         9\*  *  *  *  *  *  *  *  *  *  .\9
         10\*  *  *  *  W  *  W  *  W  .  .\10
          11\.  .  B  b  b  b  b  b  .  .  .\11
              a  b  c  d  e  f  g  h  i  j  k  
b30e7 info: Old: [black, b6] [white, swap-pieces] [white, g10] [black, g5] [white, e10] [black, e7] [white, i6] 
b30e7 info: New: [black, b6] [white, swap-pieces] [white, g10] [black, g5] [white, e10] [black, e7] [white, i6] [black, c11] [white, i10] 
b30e7 info: MovesPlayed: [black, c11] [white, i10] 
b30e7 info: No subtree to reuse.
b30e7 info: StartSearch()[0]
b30e7 info: 
Elapsed Time   0.357719s
Count          1
GamesPlayed    1
Nodes          1
Knowledge      0 (0.0%)
Expansions     0.0
Time           0.00
GameLen        108.0 dev=0.0 min=108.0 max=108.0
InTree         0.0 dev=0.0 min=0.0 max=0.0
KnowDepth      -
Aborted        0%
Games/s        2066.1
Score          1.00
Sequence      
b30e7 info: 
b30e7 warning: **** MoHexSearch returned empty sequence!
b30e7 warning: **** Returning random move!
b30e7 info: Best move cannot be determined, must search state.
b30e7 info: --- MoHexPlayer::Search() ---
b30e7 info: Color: black
b30e7 info: MaxGames: 1
b30e7 info: NumberThreads: 1
b30e7 info: MaxNodes: 9090 (799920 bytes)
b30e7 info: TimeForMove: 1
b30e7 info: PreSearch: max time reached (37/80).
b30e7 info: Time for PreSearch: 0.200501s
b30e7 info: 
  c9a73f603b1bc51a
  a  b  c  d  e  f  g  h  i  j  k  
 1\b  b  B  .  .  .  .  .  .  .  .\1
  2\.  .  *  *  *  *  *  *  *  *  *\2
   3\*  *  *  *  *  *  *  *  *  *  *\3
    4\.  .  W  *  *  *  *  *  *  *  *\4
     5\*  .  *  *  *  *  B  *  *  *  *\5
      6\.  B  *  *  *  *  *  *  W  *  *\6
       7\.  *  *  *  B  *  *  *  *  *  *\7
        8\*  *  *  *  *  *  *  *  *  *  .\8
         9\*  *  *  *  *  *  *  *  *  *  .\9
         10\*  *  *  *  W  *  W  *  W  .  .\10
          11\.  .  B  b  b  b  b  b  .  .  .\11
              a  b  c  d  e  f  g  h  i  j  k  
b30e7 info: Old: [black, b6] [white, swap-pieces] [white, g10] [black, g5] [white, e10] [black, e7] [white, i6] [black, c11] [white, i10] 
b30e7 info: New: [black, b6] [white, swap-pieces] [white, g10] [black, g5] [white, e10] [black, e7] [white, i6] [black, c11] [white, i10] [black, c1] [white, c4] 
b30e7 info: MovesPlayed: [black, c1] [white, c4] 
b30e7 info: No subtree to reuse.
b30e7 info: StartSearch()[0]
b30e7 info: 
Elapsed Time   0.588822s
Count          1
GamesPlayed    1
Nodes          1
Knowledge      0 (0.0%)
Expansions     0.0
Time           0.00
GameLen        104.0 dev=0.0 min=104.0 max=104.0
InTree         0.0 dev=0.0 min=0.0 max=0.0
KnowDepth      -
Aborted        0%
Games/s        3039.5
Score          0.00
Sequence      
b30e7 info: 
b30e7 warning: **** MoHexSearch returned empty sequence!
b30e7 warning: **** Returning random move!
b30e7 info: Best move cannot be determined, must search state.
b30e7 info: --- MoHexPlayer::Search() ---
b30e7 info: Color: black
b30e7 info: MaxGames: 1
b30e7 info: NumberThreads: 1
b30e7 info: MaxNodes: 9090 (799920 bytes)
b30e7 info: TimeForMove: 1
b30e7 info: PreSearch: max time reached (30/80).
b30e7 info: Time for PreSearch: 3.72825s
b30e7 info: 
  57963f46628c5268
  a  b  c  d  e  f  g  h  i  j  k  
 1\b  b  B  .  .  .  .  .  .  B  .\1
  2\.  .  *  *  *  *  *  *  *  *  *\2
   3\*  *  *  *  *  *  *  *  *  *  *\3
    4\.  .  W  *  *  *  *  *  *  *  *\4
     5\*  .  *  *  *  *  B  *  *  *  *\5
      6\.  B  *  *  *  *  *  *  W  *  *\6
       7\.  *  *  *  B  *  *  *  *  *  *\7
        8\*  *  *  *  *  *  *  *  *  *  .\8
         9\*  *  *  *  *  *  *  *  *  *  W\9
         10\*  *  *  *  W  *  W  *  W  .  w\10
          11\.  .  B  b  b  b  b  b  b  b  w\11
              a  b  c  d  e  f  g  h  i  j  k  
b30e7 info: Old: [black, b6] [white, swap-pieces] [white, g10] [black, g5] [white, e10] [black, e7] [white, i6] [black, c11] [white, i10] [black, c1] [white, c4] 
b30e7 info: New: [black, b6] [white, swap-pieces] [white, g10] [black, g5] [white, e10] [black, e7] [white, i6] [black, c11] [white, i10] [black, c1] [white, c4] [black, j1] [white, k9] 
b30e7 info: MovesPlayed: [black, j1] [white, k9] 
b30e7 info: No subtree to reuse.
b30e7 info: StartSearch()[0]
b30e7 info: 
Elapsed Time   3.87353s
Count          1
GamesPlayed    1
Nodes          1
Knowledge      0 (0.0%)
Expansions     0.0
Time           0.00
GameLen        98.0 dev=0.0 min=98.0 max=98.0
InTree         0.0 dev=0.0 min=0.0 max=0.0
KnowDepth      -
Aborted        0%
Games/s        3322.3
Score          0.00
Sequence      
b30e7 info: 
b30e7 warning: **** MoHexSearch returned empty sequence!
b30e7 warning: **** Returning random move!
b30e7 info: Best move cannot be determined, must search state.
b30e7 info: --- MoHexPlayer::Search() ---
b30e7 info: Color: black
b30e7 info: MaxGames: 1
b30e7 info: NumberThreads: 1
b30e7 info: MaxNodes: 9090 (799920 bytes)
b30e7 info: TimeForMove: 1
b30e7 info: PreSearch: max time reached (74/78).
b30e7 info: Time for PreSearch: 0.200991s
b30e7 info: 
  f93b781cacce3206
  a  b  c  d  e  f  g  h  i  j  k  
 1\b  b  B  .  .  .  .  .  b  B  .\1
  2\.  .  *  *  *  *  *  W  *  *  *\2
   3\*  *  *  *  *  *  *  *  *  *  *\3
    4\.  .  W  *  *  *  *  *  *  *  *\4
     5\*  .  *  *  *  *  B  *  *  *  *\5
      6\.  B  *  *  *  *  *  *  W  *  *\6
       7\.  *  *  *  B  *  *  *  *  *  *\7
        8\*  *  *  *  *  *  *  *  *  *  .\8
         9\*  *  *  *  *  *  *  *  *  *  W\9
         10\*  *  *  *  W  *  W  B  W  .  w\10
          11\.  .  B  b  b  b  b  b  b  b  w\11
              a  b  c  d  e  f  g  h  i  j  k  
b30e7 info: Old: [black, b6] [white, swap-pieces] [white, g10] [black, g5] [white, e10] [black, e7] [white, i6] [black, c11] [white, i10] [black, c1] [white, c4] [black, j1] [white, k9] 
b30e7 info: New: [black, b6] [white, swap-pieces] [white, g10] [black, g5] [white, e10] [black, e7] [white, i6] [black, c11] [white, i10] [black, c1] [white, c4] [black, j1] [white, k9] [black, h10] [white, h2] 
b30e7 info: MovesPlayed: [black, h10] [white, h2] 
b30e7 info: No subtree to reuse.
b30e7 info: StartSearch()[0]
b30e7 info: 
Elapsed Time   0.345179s
Count          1
GamesPlayed    1
Nodes          1
Knowledge      0 (0.0%)
Expansions     0.0
Time           0.00
GameLen        95.0 dev=0.0 min=95.0 max=95.0
InTree         0.0 dev=0.0 min=0.0 max=0.0
KnowDepth      -
Aborted        0%
Games/s        3508.8
Score          0.00
Sequence      
b30e7 info: 
b30e7 warning: **** MoHexSearch returned empty sequence!
b30e7 warning: **** Returning random move!
b30e7 info: Best move cannot be determined, must search state.
b30e7 info: --- MoHexPlayer::Search() ---
b30e7 info: Color: black
b30e7 info: MaxGames: 1
b30e7 info: NumberThreads: 1
b30e7 info: MaxNodes: 9090 (799920 bytes)
b30e7 info: TimeForMove: 1
b30e7 info: PreSearch: max time reached (46/66).
b30e7 info: Time for PreSearch: 0.201383s
b30e7 info: 
  b952e0dd093d36db
  a  b  c  d  e  f  g  h  i  j  k  
 1\b  b  B  .  .  .  .  .  b  B  .\1
  2\.  .  *  *  *  *  *  W  *  *  *\2
   3\*  *  *  *  *  *  *  *  *  *  *\3
    4\.  .  W  *  *  *  *  *  *  *  *\4
     5\*  .  .  *  *  *  B  *  *  *  *\5
      6\.  B  .  B  *  *  *  *  W  *  *\6
       7\b  .  *  *  B  *  *  *  *  *  *\7
        8\w  W  *  *  *  *  *  *  *  *  .\8
         9\w  .  *  *  *  *  *  *  *  *  W\9
         10\w  .  .  .  W  *  W  B  W  .  w\10
          11\b  b  B  b  b  b  b  b  b  b  w\11
              a  b  c  d  e  f  g  h  i  j  k  
b30e7 info: Old: [black, b6] [white, swap-pieces] [white, g10] [black, g5] [white, e10] [black, e7] [white, i6] [black, c11] [white, i10] [black, c1] [white, c4] [black, j1] [white, k9] [black, h10] [white, h2] 
b30e7 info: New: [black, b6] [white, swap-pieces] [white, g10] [black, g5] [white, e10] [black, e7] [white, i6] [black, c11] [white, i10] [black, c1] [white, c4] [black, j1] [white, k9] [black, h10] [white, h2] [black, d6] [white, b8] 
b30e7 info: MovesPlayed: [black, d6] [white, b8] 
b30e7 info: No subtree to reuse.
b30e7 info: StartSearch()[0]
b30e7 info: 
Elapsed Time   0.345482s
Count          1
GamesPlayed    1
Nodes          1
Knowledge      0 (0.0%)
Expansions     0.0
Time           0.00
GameLen        87.0 dev=0.0 min=87.0 max=87.0
InTree         0.0 dev=0.0 min=0.0 max=0.0
KnowDepth      -
Aborted        0%
Games/s        4115.2
Score          0.00
Sequence      
b30e7 info: 
b30e7 warning: **** MoHexSearch returned empty sequence!
b30e7 warning: **** Returning random move!
b30e7 info: Winning SC.
b30e7 info: Winning SC.
b30e7 info: Winning SC.
b30e7 info: Winning SC.
b30e7 info: Winning SC.
b30e7 info: Winning SC.
b30e7 info: Winning SC.
b30e7 info: Winning SC.
b30e7 info: Winning SC.
b30e7 config: ============ BenzeneShutdown =============
b30e7 config: MoHexProgram:: ShutdownSystem()
b30e7 config: CommonProgram:: ShutdownSystem()
b30e7 config: BenzeneProgram:: ShutdownSystem()
Flushing and closing this stream...
