# nice ../build/src/mohex/mohex --config mohex-cg2010.htp --seed 637953 --logfile-name jobs/11x11-mohex-mohex-cg2010-vs-mohex-mohex-weak-4/mohex-mohex-cg2010-367.log
>boardsize 11 11
MoHex 2.0.CMake Mar 21 2025
Copyright (C) 2007-2012 by the authors of the Benzene project.
This program comes with ABSOLUTELY NO WARRANTY. This is
free software and you are welcome to redistribute it under
certain conditions. Type `benzene-license' for details.

SgRandom::SetSeed: 637953
SgUctSearch: system memory 33632358400, using 1000000000 (5681818 nodes)
SgRandom::SetSeed: 1
SgRandom::SetSeed: 637953
eea57 info: Prior Patterns:
eea57 info: Global:
eea57 info: Size            = 565 32648 
eea57 info: TableEntries    = 65932 65910
eea57 info: MirrorsAdded    = 0 0
eea57 info: PrunableCount   = 30593 30629
eea57 info: LargestGamma    = 5820.77
eea57 info: SmallestGamma   = 6.6e-05
eea57 info: Local:
eea57 info: Size            = 550 5318 
eea57 info: TableEntries    = 11602 11588
eea57 info: MirrorsAdded    = 0 0
eea57 info: PrunableCount   = 3659 3667
eea57 info: LargestGamma    = 11281.8
eea57 info: SmallestGamma   = 0.026235
eea57 info: Playout Patterns:
eea57 info: Global:
eea57 info: Size            = 565 32648 
eea57 info: TableEntries    = 70329 70329
eea57 info: MirrorsAdded    = 4397 4419
eea57 info: PrunableCount   = 30593 30629
eea57 info: LargestGamma    = 5820.77
eea57 info: SmallestGamma   = 6.6e-05
eea57 info: Local:
eea57 info: Size            = 550 5318 
eea57 info: TableEntries    = 11602 11588
eea57 info: MirrorsAdded    = 0 0
eea57 info: PrunableCount   = 3659 3667
eea57 info: LargestGamma    = 11281.8
eea57 info: SmallestGamma   = 0.026235
param_game allow_swap 1
= 

param_mohex max_memory 32000000000
= 

param_mohex num_threads 1
= 

param_mohex max_time 1
= 

param_mohex max_games 1
= 

param_mohex knowledge_threshold 400
= 

param_mohex reuse_subtree 1
= 

param_mohex use_parallel_solver 0
= 

<= 
<
>name
<= MoHex
<
>version
<= 2.0.CMake
<
>play b f8
<= 
<
>genmove w
<= swap-pieces
<
>showboard
eea57 info: SwapCheck: reading from '/home/linus/MoHex2.0/nfbranchfix/benzene-vanilla-cmake/share/swap-moves.txt'.
eea57 info: SwapCheck: playing swap.
<= 
< 
<  93bb012aaf539711
<  a  b  c  d  e  f  g  h  i  j  k  
< 1\.  .  .  .  .  .  .  .  .  .  .\1
<  2\.  .  .  .  .  .  .  .  .  .  .\2
<   3\.  .  .  .  .  .  .  .  .  .  .\3
<    4\.  .  .  .  .  .  .  .  .  .  .\4
<     5\.  .  .  .  .  .  .  .  .  .  .\5
<      6\.  .  .  .  .  .  .  .  .  .  .\6
<       7\.  .  .  .  .  .  .  .  .  .  .\7
<        8\.  .  .  .  .  B  .  .  .  .  .\8
<         9\.  .  .  .  .  .  .  .  .  .  .\9
<         10\.  .  .  .  .  .  .  .  .  .  .\10
<          11\.  .  .  .  .  .  .  .  .  .  .\11
<              a  b  c  d  e  f  g  h  i  j  k  
<
>play w d7
<= 
<
>showboard
<= 
< 
<  5ae31c04d94a1df4
<  a  b  c  d  e  f  g  h  i  j  k  
< 1\.  .  .  .  .  .  .  .  .  .  .\1
<  2\.  .  .  .  .  .  .  .  .  .  .\2
<   3\.  .  .  .  .  .  .  .  .  .  .\3
<    4\.  .  .  .  .  .  .  .  .  .  .\4
<     5\.  .  .  .  .  .  .  .  .  .  .\5
<      6\.  .  .  .  .  .  .  .  .  .  .\6
<       7\.  .  .  W  .  .  .  .  .  .  .\7
<        8\.  .  .  .  .  B  .  .  .  .  .\8
<         9\.  .  .  .  .  .  .  .  .  .  .\9
<         10\.  .  .  .  .  .  .  .  .  .  .\10
<          11\.  .  .  .  .  .  .  .  .  .  .\11
<              a  b  c  d  e  f  g  h  i  j  k  
<
>genmove b
<= d5
<
>showboard
eea57 info: Best move cannot be determined, must search state.
eea57 info: --- MoHexPlayer::Search() ---
eea57 info: Color: black
eea57 info: MaxGames: 1
eea57 info: NumberThreads: 1
eea57 info: MaxNodes: 181818181 (15999999928 bytes)
eea57 info: TimeForMove: 1
eea57 info: PreSearch: max time reached (37/91).
eea57 info: Time for PreSearch: 0.207107s
eea57 info: 
  5ae31c04d94a1df4
  a  b  c  d  e  f  g  h  i  j  k  
 1\.  .  .  .  .  .  .  .  .  .  .\1
  2\.  .  *  *  *  *  *  *  *  *  *\2
   3\.  *  *  *  *  *  *  *  *  *  *\3
    4\*  *  *  *  *  *  *  *  *  *  *\4
     5\*  *  *  *  *  *  *  *  *  *  *\5
      6\*  *  *  *  *  *  *  *  *  *  *\6
       7\*  *  *  W  *  *  *  *  *  *  *\7
        8\*  *  *  *  *  B  *  *  *  *  *\8
         9\*  *  *  *  *  *  *  *  *  *  .\9
         10\*  *  *  *  *  *  *  *  *  .  .\10
          11\.  .  .  .  .  .  .  .  .  .  .\11
              a  b  c  d  e  f  g  h  i  j  k  
eea57 info: No subtree to reuse.
eea57 info: Creating thread 0
eea57 info: StartSearch()[0]
SgUctSearch: max games reached
eea57 info: 
Elapsed Time   0.385802s
Count          1
GamesPlayed    1
Nodes          1
Knowledge      0 (0.0%)
Expansions     0.0
Time           0.00
GameLen        119.0 dev=0.0 min=119.0 max=119.0
InTree         0.0 dev=0.0 min=0.0 max=0.0
KnowDepth      -
Aborted        0%
Games/s        344.4
Score          0.00
Sequence      
eea57 info: 
eea57 warning: **** MoHexSearch returned empty sequence!
eea57 warning: **** Returning random move!
<= 
< 
<  01483c0c59181b6b
<  a  b  c  d  e  f  g  h  i  j  k  
< 1\.  .  .  .  .  .  .  .  .  .  .\1
<  2\.  .  .  .  .  .  .  .  .  .  .\2
<   3\.  .  .  .  .  .  .  .  .  .  .\3
<    4\.  .  .  .  .  .  .  .  .  .  .\4
<     5\.  .  .  B  .  .  .  .  .  .  .\5
<      6\.  .  .  .  .  .  .  .  .  .  .\6
<       7\.  .  .  W  .  .  .  .  .  .  .\7
<        8\.  .  .  .  .  B  .  .  .  .  .\8
<         9\.  .  .  .  .  .  .  .  .  .  .\9
<         10\.  .  .  .  .  .  .  .  .  .  .\10
<          11\.  .  .  .  .  .  .  .  .  .  .\11
<              a  b  c  d  e  f  g  h  i  j  k  
<
>play w k9
<= 
<
>showboard
<= 
< 
<  087e3067e3e26395
<  a  b  c  d  e  f  g  h  i  j  k  
< 1\.  .  .  .  .  .  .  .  .  .  .\1
<  2\.  .  .  .  .  .  .  .  .  .  .\2
<   3\.  .  .  .  .  .  .  .  .  .  .\3
<    4\.  .  .  .  .  .  .  .  .  .  .\4
<     5\.  .  .  B  .  .  .  .  .  .  .\5
<      6\.  .  .  .  .  .  .  .  .  .  .\6
<       7\.  .  .  W  .  .  .  .  .  .  .\7
<        8\.  .  .  .  .  B  .  .  .  .  .\8
<         9\.  .  .  .  .  .  .  .  .  .  W\9
<         10\.  .  .  .  .  .  .  .  .  .  .\10
<          11\.  .  .  .  .  .  .  .  .  .  .\11
<              a  b  c  d  e  f  g  h  i  j  k  
<
>genmove b
<= b2
<
>showboard
eea57 info: Best move cannot be determined, must search state.
eea57 info: --- MoHexPlayer::Search() ---
eea57 info: Color: black
eea57 info: MaxGames: 1
eea57 info: NumberThreads: 1
eea57 info: MaxNodes: 181818181 (15999999928 bytes)
eea57 info: TimeForMove: 1
eea57 info: PreSearch: max time reached (31/88).
eea57 info: Time for PreSearch: 0.206576s
eea57 info: 
  087e3067e3e26395
  a  b  c  d  e  f  g  h  i  j  k  
 1\.  .  .  .  .  .  .  .  .  .  .\1
  2\.  .  *  *  *  *  *  *  *  *  *\2
   3\.  *  *  *  *  *  *  *  *  *  *\3
    4\*  *  *  *  *  *  *  *  *  *  *\4
     5\*  *  *  B  *  *  *  *  *  *  *\5
      6\*  *  *  *  *  *  *  *  *  *  *\6
       7\*  *  *  W  *  *  *  *  *  *  *\7
        8\*  *  *  *  *  B  *  *  *  *  .\8
         9\*  *  *  *  *  *  *  *  *  *  W\9
         10\*  *  *  *  *  *  *  *  .  .  w\10
          11\.  .  .  .  .  .  .  .  .  .  w\11
              a  b  c  d  e  f  g  h  i  j  k  
eea57 info: Old: [black, f8] [white, swap-pieces] [white, d7] 
eea57 info: New: [black, f8] [white, swap-pieces] [white, d7] [black, d5] [white, k9] 
eea57 info: MovesPlayed: [black, d5] [white, k9] 
eea57 info: No subtree to reuse.
eea57 info: StartSearch()[0]
SgUctSearch: max games reached
eea57 info: 
Elapsed Time   0.363898s
Count          1
GamesPlayed    1
Nodes          1
Knowledge      0 (0.0%)
Expansions     0.0
Time           0.00
GameLen        115.0 dev=0.0 min=115.0 max=115.0
InTree         0.0 dev=0.0 min=0.0 max=0.0
KnowDepth      -
Aborted        0%
Games/s        2293.6
Score          1.00
Sequence      
eea57 info: 
eea57 warning: **** MoHexSearch returned empty sequence!
eea57 warning: **** Returning random move!
<= 
< 
<  92cdea0d71962d50
<  a  b  c  d  e  f  g  h  i  j  k  
< 1\.  .  .  .  .  .  .  .  .  .  .\1
<  2\.  B  .  .  .  .  .  .  .  .  .\2
<   3\.  .  .  .  .  .  .  .  .  .  .\3
<    4\.  .  .  .  .  .  .  .  .  .  .\4
<     5\.  .  .  B  .  .  .  .  .  .  .\5
<      6\.  .  .  .  .  .  .  .  .  .  .\6
<       7\.  .  .  W  .  .  .  .  .  .  .\7
<        8\.  .  .  .  .  B  .  .  .  .  .\8
<         9\.  .  .  .  .  .  .  .  .  .  W\9
<         10\.  .  .  .  .  .  .  .  .  .  .\10
<          11\.  .  .  .  .  .  .  .  .  .  .\11
<              a  b  c  d  e  f  g  h  i  j  k  
<
>play w a8
<= 
<
>showboard
<= 
< 
<  4e4c7283504beee1
<  a  b  c  d  e  f  g  h  i  j  k  
< 1\.  .  .  .  .  .  .  .  .  .  .\1
<  2\.  B  .  .  .  .  .  .  .  .  .\2
<   3\.  .  .  .  .  .  .  .  .  .  .\3
<    4\.  .  .  .  .  .  .  .  .  .  .\4
<     5\.  .  .  B  .  .  .  .  .  .  .\5
<      6\.  .  .  .  .  .  .  .  .  .  .\6
<       7\.  .  .  W  .  .  .  .  .  .  .\7
<        8\W  .  .  .  .  B  .  .  .  .  .\8
<         9\.  .  .  .  .  .  .  .  .  .  W\9
<         10\.  .  .  .  .  .  .  .  .  .  .\10
<          11\.  .  .  .  .  .  .  .  .  .  .\11
<              a  b  c  d  e  f  g  h  i  j  k  
<
>genmove b
<= e8
<
>showboard
eea57 info: Best move cannot be determined, must search state.
eea57 info: --- MoHexPlayer::Search() ---
eea57 info: Color: black
eea57 info: MaxGames: 1
eea57 info: NumberThreads: 1
eea57 info: MaxNodes: 181818181 (15999999928 bytes)
eea57 info: TimeForMove: 1
eea57 info: PreSearch: max time reached (35/84).
eea57 info: Time for PreSearch: 0.205379s
eea57 info: 
  4e4c7283504beee1
  a  b  c  d  e  f  g  h  i  j  k  
 1\b  b  b  b  .  .  .  .  .  .  .\1
  2\b  B  .  *  *  *  *  *  *  *  *\2
   3\.  *  *  *  *  *  *  *  *  *  *\3
    4\*  *  *  *  *  *  *  *  *  *  *\4
     5\*  *  *  B  *  *  *  *  *  *  *\5
      6\*  *  *  *  *  *  *  *  *  *  *\6
       7\.  *  *  W  *  *  *  *  *  *  *\7
        8\W  *  *  *  *  B  *  *  *  *  .\8
         9\.  *  *  *  *  *  *  *  *  *  W\9
         10\*  *  *  *  *  *  *  *  .  .  w\10
          11\.  .  .  .  .  .  .  .  .  .  w\11
              a  b  c  d  e  f  g  h  i  j  k  
eea57 info: Old: [black, f8] [white, swap-pieces] [white, d7] [black, d5] [white, k9] 
eea57 info: New: [black, f8] [white, swap-pieces] [white, d7] [black, d5] [white, k9] [black, b2] [white, a8] 
eea57 info: MovesPlayed: [black, b2] [white, a8] 
eea57 info: No subtree to reuse.
eea57 info: StartSearch()[0]
SgUctSearch: max games reached
eea57 info: 
Elapsed Time   0.378795s
Count          1
GamesPlayed    1
Nodes          1
Knowledge      0 (0.0%)
Expansions     0.0
Time           0.00
GameLen        108.0 dev=0.0 min=108.0 max=108.0
InTree         0.0 dev=0.0 min=0.0 max=0.0
KnowDepth      -
Aborted        0%
Games/s        2770.1
Score          1.00
Sequence      
eea57 info: 
eea57 warning: **** MoHexSearch returned empty sequence!
eea57 warning: **** Returning random move!
<= 
< 
<  a7740bdbc89f619c
<  a  b  c  d  e  f  g  h  i  j  k  
< 1\.  .  .  .  .  .  .  .  .  .  .\1
<  2\.  B  .  .  .  .  .  .  .  .  .\2
<   3\.  .  .  .  .  .  .  .  .  .  .\3
<    4\.  .  .  .  .  .  .  .  .  .  .\4
<     5\.  .  .  B  .  .  .  .  .  .  .\5
<      6\.  .  .  .  .  .  .  .  .  .  .\6
<       7\.  .  .  W  .  .  .  .  .  .  .\7
<        8\W  .  .  .  B  B  .  .  .  .  .\8
<         9\.  .  .  .  .  .  .  .  .  .  W\9
<         10\.  .  .  .  .  .  .  .  .  .  .\10
<          11\.  .  .  .  .  .  .  .  .  .  .\11
<              a  b  c  d  e  f  g  h  i  j  k  
<
>play w g9
<= 
<
>showboard
<= 
< 
<  eeef4703a1a2462e
<  a  b  c  d  e  f  g  h  i  j  k  
< 1\.  .  .  .  .  .  .  .  .  .  .\1
<  2\.  B  .  .  .  .  .  .  .  .  .\2
<   3\.  .  .  .  .  .  .  .  .  .  .\3
<    4\.  .  .  .  .  .  .  .  .  .  .\4
<     5\.  .  .  B  .  .  .  .  .  .  .\5
<      6\.  .  .  .  .  .  .  .  .  .  .\6
<       7\.  .  .  W  .  .  .  .  .  .  .\7
<        8\W  .  .  .  B  B  .  .  .  .  .\8
<         9\.  .  .  .  .  .  W  .  .  .  W\9
<         10\.  .  .  .  .  .  .  .  .  .  .\10
<          11\.  .  .  .  .  .  .  .  .  .  .\11
<              a  b  c  d  e  f  g  h  i  j  k  
<
>genmove b
<= e7
<
>showboard
eea57 info: Best move cannot be determined, must search state.
eea57 info: --- MoHexPlayer::Search() ---
eea57 info: Color: black
eea57 info: MaxGames: 1
eea57 info: NumberThreads: 1
eea57 info: MaxNodes: 181818181 (15999999928 bytes)
eea57 info: TimeForMove: 1
eea57 info: PreSearch: max time reached (28/76).
eea57 info: Time for PreSearch: 0.20232s
eea57 info: 
  eeef4703a1a2462e
  a  b  c  d  e  f  g  h  i  j  k  
 1\b  b  b  b  .  .  .  .  .  .  .\1
  2\b  B  .  *  *  *  *  *  *  *  *\2
   3\.  *  *  *  *  *  *  *  *  *  *\3
    4\*  *  *  *  *  *  *  *  *  *  *\4
     5\*  *  *  B  *  *  *  *  *  *  *\5
      6\*  *  *  *  *  *  *  *  *  *  *\6
       7\.  *  *  W  .  .  *  *  *  *  *\7
        8\W  *  *  *  B  B  *  *  *  *  .\8
         9\.  *  *  *  .  .  W  *  *  *  W\9
         10\*  *  .  .  *  .  .  *  .  .  w\10
          11\.  .  .  .  .  .  .  .  .  .  w\11
              a  b  c  d  e  f  g  h  i  j  k  
eea57 info: Old: [black, f8] [white, swap-pieces] [white, d7] [black, d5] [white, k9] [black, b2] [white, a8] 
eea57 info: New: [black, f8] [white, swap-pieces] [white, d7] [black, d5] [white, k9] [black, b2] [white, a8] [black, e8] [white, g9] 
eea57 info: MovesPlayed: [black, e8] [white, g9] 
eea57 info: No subtree to reuse.
eea57 info: StartSearch()[0]
SgUctSearch: max games reached
eea57 info: 
Elapsed Time   0.368335s
Count          1
GamesPlayed    1
Nodes          1
Knowledge      0 (0.0%)
Expansions     0.0
Time           0.00
GameLen        106.0 dev=0.0 min=106.0 max=106.0
InTree         0.0 dev=0.0 min=0.0 max=0.0
KnowDepth      -
Aborted        0%
Games/s        2309.5
Score          0.00
Sequence      
eea57 info: 
eea57 warning: **** MoHexSearch returned empty sequence!
eea57 warning: **** Returning random move!
<= 
< 
<  11704d3573127a47
<  a  b  c  d  e  f  g  h  i  j  k  
< 1\.  .  .  .  .  .  .  .  .  .  .\1
<  2\.  B  .  .  .  .  .  .  .  .  .\2
<   3\.  .  .  .  .  .  .  .  .  .  .\3
<    4\.  .  .  .  .  .  .  .  .  .  .\4
<     5\.  .  .  B  .  .  .  .  .  .  .\5
<      6\.  .  .  .  .  .  .  .  .  .  .\6
<       7\.  .  .  W  B  .  .  .  .  .  .\7
<        8\W  .  .  .  B  B  .  .  .  .  .\8
<         9\.  .  .  .  .  .  W  .  .  .  W\9
<         10\.  .  .  .  .  .  .  .  .  .  .\10
<          11\.  .  .  .  .  .  .  .  .  .  .\11
<              a  b  c  d  e  f  g  h  i  j  k  
<
>play w f3
<= 
<
>showboard
<= 
< 
<  55afbb0f80f2b2ea
<  a  b  c  d  e  f  g  h  i  j  k  
< 1\.  .  .  .  .  .  .  .  .  .  .\1
<  2\.  B  .  .  .  .  .  .  .  .  .\2
<   3\.  .  .  .  .  W  .  .  .  .  .\3
<    4\.  .  .  .  .  .  .  .  .  .  .\4
<     5\.  .  .  B  .  .  .  .  .  .  .\5
<      6\.  .  .  .  .  .  .  .  .  .  .\6
<       7\.  .  .  W  B  .  .  .  .  .  .\7
<        8\W  .  .  .  B  B  .  .  .  .  .\8
<         9\.  .  .  .  .  .  W  .  .  .  W\9
<         10\.  .  .  .  .  .  .  .  .  .  .\10
<          11\.  .  .  .  .  .  .  .  .  .  .\11
<              a  b  c  d  e  f  g  h  i  j  k  
<
>genmove b
<= a11
<
>showboard
eea57 info: Best move cannot be determined, must search state.
eea57 info: --- MoHexPlayer::Search() ---
eea57 info: Color: black
eea57 info: MaxGames: 1
eea57 info: NumberThreads: 1
eea57 info: MaxNodes: 181818181 (15999999928 bytes)
eea57 info: TimeForMove: 1
eea57 info: PreSearch: max time reached (26/73).
eea57 info: Time for PreSearch: 0.204503s
eea57 info: 
  55afbb0f80f2b2ea
  a  b  c  d  e  f  g  h  i  j  k  
 1\b  b  b  b  .  .  .  .  .  .  .\1
  2\b  B  .  *  *  .  .  *  *  *  *\2
   3\.  *  *  *  *  W  *  *  *  *  *\3
    4\*  *  *  *  *  *  *  *  *  *  *\4
     5\*  *  *  B  *  *  *  *  *  *  *\5
      6\*  *  *  *  *  *  *  *  *  *  *\6
       7\.  *  *  W  B  .  *  *  *  *  *\7
        8\W  *  *  *  B  B  *  *  *  *  .\8
         9\.  *  *  *  .  .  W  *  *  *  W\9
         10\*  *  .  .  *  .  .  *  .  .  w\10
          11\.  .  .  .  .  .  .  .  .  .  w\11
              a  b  c  d  e  f  g  h  i  j  k  
eea57 info: Old: [black, f8] [white, swap-pieces] [white, d7] [black, d5] [white, k9] [black, b2] [white, a8] [black, e8] [white, g9] 
eea57 info: New: [black, f8] [white, swap-pieces] [white, d7] [black, d5] [white, k9] [black, b2] [white, a8] [black, e8] [white, g9] [black, e7] [white, f3] 
eea57 info: MovesPlayed: [black, e7] [white, f3] 
eea57 info: No subtree to reuse.
eea57 info: StartSearch()[0]
SgUctSearch: max games reached
eea57 info: 
Elapsed Time   0.379566s
Count          1
GamesPlayed    1
Nodes          1
Knowledge      0 (0.0%)
Expansions     0.0
Time           0.00
GameLen        104.0 dev=0.0 min=104.0 max=104.0
InTree         0.0 dev=0.0 min=0.0 max=0.0
KnowDepth      -
Aborted        0%
Games/s        3389.8
Score          1.00
Sequence      
eea57 info: 
eea57 warning: **** MoHexSearch returned empty sequence!
eea57 warning: **** Returning random move!
<= 
< 
<  5c1ee7d200f0d803
<  a  b  c  d  e  f  g  h  i  j  k  
< 1\.  .  .  .  .  .  .  .  .  .  .\1
<  2\.  B  .  .  .  .  .  .  .  .  .\2
<   3\.  .  .  .  .  W  .  .  .  .  .\3
<    4\.  .  .  .  .  .  .  .  .  .  .\4
<     5\.  .  .  B  .  .  .  .  .  .  .\5
<      6\.  .  .  .  .  .  .  .  .  .  .\6
<       7\.  .  .  W  B  .  .  .  .  .  .\7
<        8\W  .  .  .  B  B  .  .  .  .  .\8
<         9\.  .  .  .  .  .  W  .  .  .  W\9
<         10\.  .  .  .  .  .  .  .  .  .  .\10
<          11\B  .  .  .  .  .  .  .  .  .  .\11
<              a  b  c  d  e  f  g  h  i  j  k  
<
>play w j4
<= 
<
>showboard
<= 
< 
<  bbd82805eb48e5ca
<  a  b  c  d  e  f  g  h  i  j  k  
< 1\.  .  .  .  .  .  .  .  .  .  .\1
<  2\.  B  .  .  .  .  .  .  .  .  .\2
<   3\.  .  .  .  .  W  .  .  .  .  .\3
<    4\.  .  .  .  .  .  .  .  .  W  .\4
<     5\.  .  .  B  .  .  .  .  .  .  .\5
<      6\.  .  .  .  .  .  .  .  .  .  .\6
<       7\.  .  .  W  B  .  .  .  .  .  .\7
<        8\W  .  .  .  B  B  .  .  .  .  .\8
<         9\.  .  .  .  .  .  W  .  .  .  W\9
<         10\.  .  .  .  .  .  .  .  .  .  .\10
<          11\B  .  .  .  .  .  .  .  .  .  .\11
<              a  b  c  d  e  f  g  h  i  j  k  
<
>genmove b
<= g3
<
>showboard
eea57 info: Best move cannot be determined, must search state.
eea57 info: --- MoHexPlayer::Search() ---
eea57 info: Color: black
eea57 info: MaxGames: 1
eea57 info: NumberThreads: 1
eea57 info: MaxNodes: 181818181 (15999999928 bytes)
eea57 info: TimeForMove: 1
eea57 info: PreSearch: max time reached (28/65).
eea57 info: Time for PreSearch: 0.212415s
eea57 info: 
  bbd82805eb48e5ca
  a  b  c  d  e  f  g  h  i  j  k  
 1\b  b  b  b  .  .  .  .  .  .  .\1
  2\b  B  .  *  *  .  .  *  *  *  w\2
   3\.  *  *  *  *  W  *  *  *  .  w\3
    4\*  *  *  *  *  *  *  *  *  W  w\4
     5\*  *  *  B  *  *  *  *  *  .  w\5
      6\*  *  *  *  *  *  *  *  *  *  .\6
       7\.  *  *  W  B  .  *  *  *  *  *\7
        8\W  *  *  .  B  B  *  *  *  *  .\8
         9\.  *  .  .  .  .  W  *  *  *  W\9
         10\*  *  .  .  *  .  .  *  .  .  w\10
          11\B  .  .  .  .  .  .  .  .  .  w\11
              a  b  c  d  e  f  g  h  i  j  k  
eea57 info: Old: [black, f8] [white, swap-pieces] [white, d7] [black, d5] [white, k9] [black, b2] [white, a8] [black, e8] [white, g9] [black, e7] [white, f3] 
eea57 info: New: [black, f8] [white, swap-pieces] [white, d7] [black, d5] [white, k9] [black, b2] [white, a8] [black, e8] [white, g9] [black, e7] [white, f3] [black, a11] [white, j4] 
eea57 info: MovesPlayed: [black, a11] [white, j4] 
eea57 info: No subtree to reuse.
eea57 info: StartSearch()[0]
SgUctSearch: max games reached
eea57 info: 
Elapsed Time   0.371722s
Count          1
GamesPlayed    1
Nodes          1
Knowledge      0 (0.0%)
Expansions     0.0
Time           0.00
GameLen        98.0 dev=0.0 min=98.0 max=98.0
InTree         0.0 dev=0.0 min=0.0 max=0.0
KnowDepth      -
Aborted        0%
Games/s        2439.0
Score          0.00
Sequence      
eea57 info: 
eea57 warning: **** MoHexSearch returned empty sequence!
eea57 warning: **** Returning random move!
<= 
< 
<  088e0abf8e1eb3bc
<  a  b  c  d  e  f  g  h  i  j  k  
< 1\.  .  .  .  .  .  .  .  .  .  .\1
<  2\.  B  .  .  .  .  .  .  .  .  .\2
<   3\.  .  .  .  .  W  B  .  .  .  .\3
<    4\.  .  .  .  .  .  .  .  .  W  .\4
<     5\.  .  .  B  .  .  .  .  .  .  .\5
<      6\.  .  .  .  .  .  .  .  .  .  .\6
<       7\.  .  .  W  B  .  .  .  .  .  .\7
<        8\W  .  .  .  B  B  .  .  .  .  .\8
<         9\.  .  .  .  .  .  W  .  .  .  W\9
<         10\.  .  .  .  .  .  .  .  .  .  .\10
<          11\B  .  .  .  .  .  .  .  .  .  .\11
<              a  b  c  d  e  f  g  h  i  j  k  
<
>play w e11
<= 
<
>showboard
<= 
< 
<  242e45c78b2f29bd
<  a  b  c  d  e  f  g  h  i  j  k  
< 1\.  .  .  .  .  .  .  .  .  .  .\1
<  2\.  B  .  .  .  .  .  .  .  .  .\2
<   3\.  .  .  .  .  W  B  .  .  .  .\3
<    4\.  .  .  .  .  .  .  .  .  W  .\4
<     5\.  .  .  B  .  .  .  .  .  .  .\5
<      6\.  .  .  .  .  .  .  .  .  .  .\6
<       7\.  .  .  W  B  .  .  .  .  .  .\7
<        8\W  .  .  .  B  B  .  .  .  .  .\8
<         9\.  .  .  .  .  .  W  .  .  .  W\9
<         10\.  .  .  .  .  .  .  .  .  .  .\10
<          11\B  .  .  .  W  .  .  .  .  .  .\11
<              a  b  c  d  e  f  g  h  i  j  k  
<
>genmove b
<= f5
<
>showboard
eea57 info: Winning SC.
<= 
< 
<  cba22cb13d347044
<  a  b  c  d  e  f  g  h  i  j  k  
< 1\.  .  .  .  .  .  .  .  .  .  .\1
<  2\.  B  .  .  .  .  .  .  .  .  .\2
<   3\.  .  .  .  .  W  B  .  .  .  .\3
<    4\.  .  .  .  .  .  .  .  .  W  .\4
<     5\.  .  .  B  .  B  .  .  .  .  .\5
<      6\.  .  .  .  .  .  .  .  .  .  .\6
<       7\.  .  .  W  B  .  .  .  .  .  .\7
<        8\W  .  .  .  B  B  .  .  .  .  .\8
<         9\.  .  .  .  .  .  W  .  .  .  W\9
<         10\.  .  .  .  .  .  .  .  .  .  .\10
<          11\B  .  .  .  W  .  .  .  .  .  .\11
<              a  b  c  d  e  f  g  h  i  j  k  
<
>play w d10
<= 
<
>showboard
<= 
< 
<  d621f20ea23f2349
<  a  b  c  d  e  f  g  h  i  j  k  
< 1\.  .  .  .  .  .  .  .  .  .  .\1
<  2\.  B  .  .  .  .  .  .  .  .  .\2
<   3\.  .  .  .  .  W  B  .  .  .  .\3
<    4\.  .  .  .  .  .  .  .  .  W  .\4
<     5\.  .  .  B  .  B  .  .  .  .  .\5
<      6\.  .  .  .  .  .  .  .  .  .  .\6
<       7\.  .  .  W  B  .  .  .  .  .  .\7
<        8\W  .  .  .  B  B  .  .  .  .  .\8
<         9\.  .  .  .  .  .  W  .  .  .  W\9
<         10\.  .  .  W  .  .  .  .  .  .  .\10
<          11\B  .  .  .  W  .  .  .  .  .  .\11
<              a  b  c  d  e  f  g  h  i  j  k  
<
>genmove b
<= c9
<
>showboard
eea57 info: Winning SC.
<= 
< 
<  98f0905cbb939ca8
<  a  b  c  d  e  f  g  h  i  j  k  
< 1\.  .  .  .  .  .  .  .  .  .  .\1
<  2\.  B  .  .  .  .  .  .  .  .  .\2
<   3\.  .  .  .  .  W  B  .  .  .  .\3
<    4\.  .  .  .  .  .  .  .  .  W  .\4
<     5\.  .  .  B  .  B  .  .  .  .  .\5
<      6\.  .  .  .  .  .  .  .  .  .  .\6
<       7\.  .  .  W  B  .  .  .  .  .  .\7
<        8\W  .  .  .  B  B  .  .  .  .  .\8
<         9\.  .  B  .  .  .  W  .  .  .  W\9
<         10\.  .  .  W  .  .  .  .  .  .  .\10
<          11\B  .  .  .  W  .  .  .  .  .  .\11
<              a  b  c  d  e  f  g  h  i  j  k  
<
>play w e6
<= 
<
>showboard
<= 
< 
<  64db6252950d8dbe
<  a  b  c  d  e  f  g  h  i  j  k  
< 1\.  .  .  .  .  .  .  .  .  .  .\1
<  2\.  B  .  .  .  .  .  .  .  .  .\2
<   3\.  .  .  .  .  W  B  .  .  .  .\3
<    4\.  .  .  .  .  .  .  .  .  W  .\4
<     5\.  .  .  B  .  B  .  .  .  .  .\5
<      6\.  .  .  .  W  .  .  .  .  .  .\6
<       7\.  .  .  W  B  .  .  .  .  .  .\7
<        8\W  .  .  .  B  B  .  .  .  .  .\8
<         9\.  .  B  .  .  .  W  .  .  .  W\9
<         10\.  .  .  W  .  .  .  .  .  .  .\10
<          11\B  .  .  .  W  .  .  .  .  .  .\11
<              a  b  c  d  e  f  g  h  i  j  k  
<
>genmove b
<= f6
<
>showboard
eea57 info: Winning SC.
<= 
< 
<  e855a67f5dcd5998
<  a  b  c  d  e  f  g  h  i  j  k  
< 1\.  .  .  .  .  .  .  .  .  .  .\1
<  2\.  B  .  .  .  .  .  .  .  .  .\2
<   3\.  .  .  .  .  W  B  .  .  .  .\3
<    4\.  .  .  .  .  .  .  .  .  W  .\4
<     5\.  .  .  B  .  B  .  .  .  .  .\5
<      6\.  .  .  .  W  B  .  .  .  .  .\6
<       7\.  .  .  W  B  .  .  .  .  .  .\7
<        8\W  .  .  .  B  B  .  .  .  .  .\8
<         9\.  .  B  .  .  .  W  .  .  .  W\9
<         10\.  .  .  W  .  .  .  .  .  .  .\10
<          11\B  .  .  .  W  .  .  .  .  .  .\11
<              a  b  c  d  e  f  g  h  i  j  k  
<
>play w h2
<= 
<
>showboard
<= 
< 
<  8a00e92ea4ad3594
<  a  b  c  d  e  f  g  h  i  j  k  
< 1\.  .  .  .  .  .  .  .  .  .  .\1
<  2\.  B  .  .  .  .  .  W  .  .  .\2
<   3\.  .  .  .  .  W  B  .  .  .  .\3
<    4\.  .  .  .  .  .  .  .  .  W  .\4
<     5\.  .  .  B  .  B  .  .  .  .  .\5
<      6\.  .  .  .  W  B  .  .  .  .  .\6
<       7\.  .  .  W  B  .  .  .  .  .  .\7
<        8\W  .  .  .  B  B  .  .  .  .  .\8
<         9\.  .  B  .  .  .  W  .  .  .  W\9
<         10\.  .  .  W  .  .  .  .  .  .  .\10
<          11\B  .  .  .  W  .  .  .  .  .  .\11
<              a  b  c  d  e  f  g  h  i  j  k  
<
>genmove b
<= g2
<
>showboard
eea57 info: Winning SC.
<= 
< 
<  2f233280bfc158c6
<  a  b  c  d  e  f  g  h  i  j  k  
< 1\.  .  .  .  .  .  .  .  .  .  .\1
<  2\.  B  .  .  .  .  B  W  .  .  .\2
<   3\.  .  .  .  .  W  B  .  .  .  .\3
<    4\.  .  .  .  .  .  .  .  .  W  .\4
<     5\.  .  .  B  .  B  .  .  .  .  .\5
<      6\.  .  .  .  W  B  .  .  .  .  .\6
<       7\.  .  .  W  B  .  .  .  .  .  .\7
<        8\W  .  .  .  B  B  .  .  .  .  .\8
<         9\.  .  B  .  .  .  W  .  .  .  W\9
<         10\.  .  .  W  .  .  .  .  .  .  .\10
<          11\B  .  .  .  W  .  .  .  .  .  .\11
<              a  b  c  d  e  f  g  h  i  j  k  
<
>play w f4
<= 
<
>showboard
<= 
< 
<  23102bc685027465
<  a  b  c  d  e  f  g  h  i  j  k  
< 1\.  .  .  .  .  .  .  .  .  .  .\1
<  2\.  B  .  .  .  .  B  W  .  .  .\2
<   3\.  .  .  .  .  W  B  .  .  .  .\3
<    4\.  .  .  .  .  W  .  .  .  W  .\4
<     5\.  .  .  B  .  B  .  .  .  .  .\5
<      6\.  .  .  .  W  B  .  .  .  .  .\6
<       7\.  .  .  W  B  .  .  .  .  .  .\7
<        8\W  .  .  .  B  B  .  .  .  .  .\8
<         9\.  .  B  .  .  .  W  .  .  .  W\9
<         10\.  .  .  W  .  .  .  .  .  .  .\10
<          11\B  .  .  .  W  .  .  .  .  .  .\11
<              a  b  c  d  e  f  g  h  i  j  k  
<
>genmove b
<= g4
<
>showboard
eea57 info: Winning SC.
<= 
< 
<  409d1ec113df2c91
<  a  b  c  d  e  f  g  h  i  j  k  
< 1\.  .  .  .  .  .  .  .  .  .  .\1
<  2\.  B  .  .  .  .  B  W  .  .  .\2
<   3\.  .  .  .  .  W  B  .  .  .  .\3
<    4\.  .  .  .  .  W  B  .  .  W  .\4
<     5\.  .  .  B  .  B  .  .  .  .  .\5
<      6\.  .  .  .  W  B  .  .  .  .  .\6
<       7\.  .  .  W  B  .  .  .  .  .  .\7
<        8\W  .  .  .  B  B  .  .  .  .  .\8
<         9\.  .  B  .  .  .  W  .  .  .  W\9
<         10\.  .  .  W  .  .  .  .  .  .  .\10
<          11\B  .  .  .  W  .  .  .  .  .  .\11
<              a  b  c  d  e  f  g  h  i  j  k  
<
>play w d8
<= 
<
>showboard
<= 
< 
<  b614575f934fa5c2
<  a  b  c  d  e  f  g  h  i  j  k  
< 1\.  .  .  .  .  .  .  .  .  .  .\1
<  2\.  B  .  .  .  .  B  W  .  .  .\2
<   3\.  .  .  .  .  W  B  .  .  .  .\3
<    4\.  .  .  .  .  W  B  .  .  W  .\4
<     5\.  .  .  B  .  B  .  .  .  .  .\5
<      6\.  .  .  .  W  B  .  .  .  .  .\6
<       7\.  .  .  W  B  .  .  .  .  .  .\7
<        8\W  .  .  W  B  B  .  .  .  .  .\8
<         9\.  .  B  .  .  .  W  .  .  .  W\9
<         10\.  .  .  W  .  .  .  .  .  .  .\10
<          11\B  .  .  .  W  .  .  .  .  .  .\11
<              a  b  c  d  e  f  g  h  i  j  k  
<
>genmove b
<= d9
<
>showboard
eea57 info: Winning SC.
<= 
< 
<  5b8cd929490f8766
<  a  b  c  d  e  f  g  h  i  j  k  
< 1\.  .  .  .  .  .  .  .  .  .  .\1
<  2\.  B  .  .  .  .  B  W  .  .  .\2
<   3\.  .  .  .  .  W  B  .  .  .  .\3
<    4\.  .  .  .  .  W  B  .  .  W  .\4
<     5\.  .  .  B  .  B  .  .  .  .  .\5
<      6\.  .  .  .  W  B  .  .  .  .  .\6
<       7\.  .  .  W  B  .  .  .  .  .  .\7
<        8\W  .  .  W  B  B  .  .  .  .  .\8
<         9\.  .  B  B  .  .  W  .  .  .  W\9
<         10\.  .  .  W  .  .  .  .  .  .  .\10
<          11\B  .  .  .  W  .  .  .  .  .  .\11
<              a  b  c  d  e  f  g  h  i  j  k  
<
>play w c10
<= 
<
>showboard
<= 
< 
<  fecf6ca36ef8402e
<  a  b  c  d  e  f  g  h  i  j  k  
< 1\.  .  .  .  .  .  .  .  .  .  .\1
<  2\.  B  .  .  .  .  B  W  .  .  .\2
<   3\.  .  .  .  .  W  B  .  .  .  .\3
<    4\.  .  .  .  .  W  B  .  .  W  .\4
<     5\.  .  .  B  .  B  .  .  .  .  .\5
<      6\.  .  .  .  W  B  .  .  .  .  .\6
<       7\.  .  .  W  B  .  .  .  .  .  .\7
<        8\W  .  .  W  B  B  .  .  .  .  .\8
<         9\.  .  B  B  .  .  W  .  .  .  W\9
<         10\.  .  W  W  .  .  .  .  .  .  .\10
<          11\B  .  .  .  W  .  .  .  .  .  .\11
<              a  b  c  d  e  f  g  h  i  j  k  
<
>genmove b
<= b10
<
>showboard
eea57 info: Winning SC.
<= 
< 
<  38d00ca1d5c73991
<  a  b  c  d  e  f  g  h  i  j  k  
< 1\.  .  .  .  .  .  .  .  .  .  .\1
<  2\.  B  .  .  .  .  B  W  .  .  .\2
<   3\.  .  .  .  .  W  B  .  .  .  .\3
<    4\.  .  .  .  .  W  B  .  .  W  .\4
<     5\.  .  .  B  .  B  .  .  .  .  .\5
<      6\.  .  .  .  W  B  .  .  .  .  .\6
<       7\.  .  .  W  B  .  .  .  .  .  .\7
<        8\W  .  .  W  B  B  .  .  .  .  .\8
<         9\.  .  B  B  .  .  W  .  .  .  W\9
<         10\.  B  W  W  .  .  .  .  .  .  .\10
<          11\B  .  .  .  W  .  .  .  .  .  .\11
<              a  b  c  d  e  f  g  h  i  j  k  
<
>play w h1
<= 
<
>showboard
<= 
< 
<  a7711bead315288b
<  a  b  c  d  e  f  g  h  i  j  k  
< 1\.  .  .  .  .  .  .  W  .  .  .\1
<  2\.  B  .  .  .  .  B  W  .  .  .\2
<   3\.  .  .  .  .  W  B  .  .  .  .\3
<    4\.  .  .  .  .  W  B  .  .  W  .\4
<     5\.  .  .  B  .  B  .  .  .  .  .\5
<      6\.  .  .  .  W  B  .  .  .  .  .\6
<       7\.  .  .  W  B  .  .  .  .  .  .\7
<        8\W  .  .  W  B  B  .  .  .  .  .\8
<         9\.  .  B  B  .  .  W  .  .  .  W\9
<         10\.  B  W  W  .  .  .  .  .  .  .\10
<          11\B  .  .  .  W  .  .  .  .  .  .\11
<              a  b  c  d  e  f  g  h  i  j  k  
<
>genmove b
<= g1
<
>showboard
eea57 info: Winning SC.
<= 
< 
<  2c9569584d6b4ab1
<  a  b  c  d  e  f  g  h  i  j  k  
< 1\.  .  .  .  .  .  B  W  .  .  .\1
<  2\.  B  .  .  .  .  B  W  .  .  .\2
<   3\.  .  .  .  .  W  B  .  .  .  .\3
<    4\.  .  .  .  .  W  B  .  .  W  .\4
<     5\.  .  .  B  .  B  .  .  .  .  .\5
<      6\.  .  .  .  W  B  .  .  .  .  .\6
<       7\.  .  .  W  B  .  .  .  .  .  .\7
<        8\W  .  .  W  B  B  .  .  .  .  .\8
<         9\.  .  B  B  .  .  W  .  .  .  W\9
<         10\.  B  W  W  .  .  .  .  .  .  .\10
<          11\B  .  .  .  W  .  .  .  .  .  .\11
<              a  b  c  d  e  f  g  h  i  j  k  
<
>play w resign
<= 
<
>showboard
<= 
< 
<  2c9569584d6b4ab1
<  a  b  c  d  e  f  g  h  i  j  k  
< 1\.  .  .  .  .  .  B  W  .  .  .\1
<  2\.  B  .  .  .  .  B  W  .  .  .\2
<   3\.  .  .  .  .  W  B  .  .  .  .\3
<    4\.  .  .  .  .  W  B  .  .  W  .\4
<     5\.  .  .  B  .  B  .  .  .  .  .\5
<      6\.  .  .  .  W  B  .  .  .  .  .\6
<       7\.  .  .  W  B  .  .  .  .  .  .\7
<        8\W  .  .  W  B  B  .  .  .  .  .\8
<         9\.  .  B  B  .  .  W  .  .  .  W\9
<         10\.  B  W  W  .  .  .  .  .  .  .\10
<          11\B  .  .  .  W  .  .  .  .  .  .\11
<              a  b  c  d  e  f  g  h  i  j  k  
<
>final_score
<= B+
<
>quit
<= 
<
