4ada7 config: MoHex v2.0.CMake Mar 21 2025.
4ada7 config: ============ InitializeSystem ============
4ada7 config: BenzeneProgram::InitRandom()
4ada7 config: Seed = 387830
4ada7 info: Prior Patterns:
4ada7 info: Global:
4ada7 info: Size            = 565 32648 
4ada7 info: TableEntries    = 65932 65910
4ada7 info: MirrorsAdded    = 0 0
4ada7 info: PrunableCount   = 30593 30629
4ada7 info: LargestGamma    = 5820.77
4ada7 info: SmallestGamma   = 6.6e-05
4ada7 info: Local:
4ada7 info: Size            = 550 5318 
4ada7 info: TableEntries    = 11602 11588
4ada7 info: MirrorsAdded    = 0 0
4ada7 info: PrunableCount   = 3659 3667
4ada7 info: LargestGamma    = 11281.8
4ada7 info: SmallestGamma   = 0.026235
4ada7 info: Playout Patterns:
4ada7 info: Global:
4ada7 info: Size            = 565 32648 
4ada7 info: TableEntries    = 70329 70329
4ada7 info: MirrorsAdded    = 4397 4419
4ada7 info: PrunableCount   = 30593 30629
4ada7 info: LargestGamma    = 5820.77
4ada7 info: SmallestGamma   = 6.6e-05
4ada7 info: Local:
4ada7 info: Size            = 550 5318 
4ada7 info: TableEntries    = 11602 11588
4ada7 info: MirrorsAdded    = 0 0
4ada7 info: PrunableCount   = 3659 3667
4ada7 info: LargestGamma    = 11281.8
4ada7 info: SmallestGamma   = 0.026235
4ada7 config: IcePatternSet: reading from '/home/linus/MoHex2.0/nfbranchfix/benzene-vanilla-cmake/share/ice-patterns.txt'.
4ada7 config: IcePatternSet: parsed 708 patterns.
4ada7 config: VCS: reading captured set patterns from '/home/linus/MoHex2.0/nfbranchfix/benzene-vanilla-cmake/share/vc-captured-set.txt'.
4ada7 config: VCS:: parsed 2 patterns.
4ada7 config: VCS: reading captured set patterns from '/home/linus/MoHex2.0/nfbranchfix/benzene-vanilla-cmake/share/vc-captured-set.txt'.
4ada7 config: VCS:: parsed 2 patterns.
4ada7 config: IcePatternSet: reading from '/home/linus/MoHex2.0/nfbranchfix/benzene-vanilla-cmake/share/ice-patterns.txt'.
4ada7 config: IcePatternSet: parsed 708 patterns.
4ada7 config: VCS: reading captured set patterns from '/home/linus/MoHex2.0/nfbranchfix/benzene-vanilla-cmake/share/vc-captured-set.txt'.
4ada7 config: VCS:: parsed 2 patterns.
4ada7 config: VCS: reading captured set patterns from '/home/linus/MoHex2.0/nfbranchfix/benzene-vanilla-cmake/share/vc-captured-set.txt'.
4ada7 config: VCS:: parsed 2 patterns.
4ada7 config: VCS: reading captured set patterns from '/home/linus/MoHex2.0/nfbranchfix/benzene-vanilla-cmake/share/vc-captured-set.txt'.
4ada7 config: VCS:: parsed 2 patterns.
4ada7 config: VCS: reading captured set patterns from '/home/linus/MoHex2.0/nfbranchfix/benzene-vanilla-cmake/share/vc-captured-set.txt'.
4ada7 config: VCS:: parsed 2 patterns.
4ada7 config: VCS: reading captured set patterns from '/home/linus/MoHex2.0/nfbranchfix/benzene-vanilla-cmake/share/vc-captured-set.txt'.
4ada7 config: VCS:: parsed 2 patterns.
4ada7 config: VCS: reading captured set patterns from '/home/linus/MoHex2.0/nfbranchfix/benzene-vanilla-cmake/share/vc-captured-set.txt'.
4ada7 config: VCS:: parsed 2 patterns.
4ada7 config: VCPattern: loading pattern templates from '/home/linus/MoHex2.0/nfbranchfix/benzene-vanilla-cmake/share/vc-patterns.txt'.
4ada7 info: Best move cannot be determined, must search state.
4ada7 info: --- MoHexPlayer::Search() ---
4ada7 info: Color: white
4ada7 info: MaxGames: 1
4ada7 info: NumberThreads: 1
4ada7 info: MaxNodes: 9090 (799920 bytes)
4ada7 info: TimeForMove: 1
4ada7 info: PreSearch: max time reached (52/90).
4ada7 info: Time for PreSearch: 0.204462s
4ada7 info: 
  a437cd7a31b150f9
  a  b  c  d  e  f  g  h  i  j  k  
 1\.  .  .  *  *  *  *  *  *  *  .\1
  2\.  .  *  *  *  *  *  .  *  *  .\2
   3\.  *  *  *  *  *  *  *  *  *  .\3
    4\.  *  *  *  *  *  *  *  *  B  .\4
     5\.  *  *  *  *  *  *  *  *  *  .\5
      6\.  *  *  *  *  *  *  *  *  *  .\6
       7\.  *  *  *  *  *  *  *  *  *  .\7
        8\.  *  *  *  *  *  *  *  *  *  .\8
         9\.  *  *  *  *  *  *  *  *  *  .\9
         10\.  *  *  .  *  *  *  *  *  .  .\10
          11\.  *  *  *  *  *  *  *  .  .  .\11
              a  b  c  d  e  f  g  h  i  j  k  
4ada7 info: No subtree to reuse.
4ada7 info: Creating thread 0
4ada7 info: StartSearch()[0]
4ada7 config: VCS: reading captured set patterns from '/home/linus/MoHex2.0/nfbranchfix/benzene-vanilla-cmake/share/vc-captured-set.txt'.
4ada7 config: VCS:: parsed 2 patterns.
4ada7 config: VCS: reading captured set patterns from '/home/linus/MoHex2.0/nfbranchfix/benzene-vanilla-cmake/share/vc-captured-set.txt'.
4ada7 config: VCS:: parsed 2 patterns.
4ada7 info: 
Elapsed Time   0.576345s
Count          1
GamesPlayed    1
Nodes          1
Knowledge      0 (0.0%)
Expansions     0.0
Time           0.00
GameLen        120.0 dev=0.0 min=120.0 max=120.0
InTree         0.0 dev=0.0 min=0.0 max=0.0
KnowDepth      -
Aborted        0%
Games/s        393.1
Score          0.00
Sequence      
4ada7 info: 
4ada7 warning: **** MoHexSearch returned empty sequence!
4ada7 warning: **** Returning random move!
4ada7 info: Best move cannot be determined, must search state.
4ada7 info: --- MoHexPlayer::Search() ---
4ada7 info: Color: white
4ada7 info: MaxGames: 1
4ada7 info: NumberThreads: 1
4ada7 info: MaxNodes: 9090 (799920 bytes)
4ada7 info: TimeForMove: 1
4ada7 info: PreSearch: max time reached (53/83).
4ada7 info: Time for PreSearch: 0.201321s
4ada7 info: 
  edeee7026e1a570e
  a  b  c  d  e  f  g  h  i  j  k  
 1\.  .  .  *  .  b  b  b  b  .  .\1
  2\.  .  *  *  *  .  B  .  *  *  .\2
   3\.  *  *  *  *  *  *  *  *  *  .\3
    4\.  *  *  *  *  *  *  *  *  B  .\4
     5\.  *  *  *  *  *  *  *  *  *  .\5
      6\.  *  *  *  *  *  *  *  *  *  .\6
       7\.  *  *  *  *  *  *  *  *  *  W\7
        8\.  *  *  *  *  *  *  *  *  *  .\8
         9\.  *  *  *  *  *  *  *  *  *  .\9
         10\.  *  *  *  *  *  *  *  *  .  .\10
          11\.  *  *  *  *  *  *  *  .  .  .\11
              a  b  c  d  e  f  g  h  i  j  k  
4ada7 info: Old: [black, j4] [white, swap-pieces] 
4ada7 info: New: [black, j4] [white, swap-pieces] [white, k7] [black, g2] 
4ada7 info: ReuseSubtree: Colors do not alternate.
4ada7 info: No subtree to reuse.
4ada7 info: StartSearch()[0]
4ada7 info: 
Elapsed Time   0.349508s
Count          1
GamesPlayed    1
Nodes          1
Knowledge      0 (0.0%)
Expansions     0.0
Time           0.00
GameLen        114.0 dev=0.0 min=114.0 max=114.0
InTree         0.0 dev=0.0 min=0.0 max=0.0
KnowDepth      -
Aborted        0%
Games/s        2865.3
Score          1.00
Sequence      
4ada7 info: 
4ada7 warning: **** MoHexSearch returned empty sequence!
4ada7 warning: **** Returning random move!
4ada7 info: Best move cannot be determined, must search state.
4ada7 info: --- MoHexPlayer::Search() ---
4ada7 info: Color: white
4ada7 info: MaxGames: 1
4ada7 info: NumberThreads: 1
4ada7 info: MaxNodes: 9090 (799920 bytes)
4ada7 info: TimeForMove: 1
4ada7 info: PreSearch: max time reached (54/79).
4ada7 info: Time for PreSearch: 0.202226s
4ada7 info: 
  d26061e53ca730d4
  a  b  c  d  e  f  g  h  i  j  k  
 1\.  .  .  *  .  b  b  b  b  .  .\1
  2\.  .  *  *  *  .  B  .  *  *  .\2
   3\.  *  *  *  *  *  *  *  *  *  .\3
    4\.  *  *  *  *  *  *  *  *  B  .\4
     5\.  *  *  *  *  *  *  *  *  *  .\5
      6\.  *  *  *  *  *  *  *  *  *  .\6
       7\.  *  *  *  *  *  *  *  *  *  W\7
        8\.  *  *  *  *  *  *  *  *  *  .\8
         9\.  *  *  *  *  *  *  *  *  *  .\9
         10\.  *  *  *  *  *  *  *  *  .  .\10
          11\.  *  W  *  .  B  .  *  .  .  .\11
              a  b  c  d  e  f  g  h  i  j  k  
4ada7 info: Old: [black, j4] [white, swap-pieces] [white, k7] [black, g2] 
4ada7 info: New: [black, j4] [white, swap-pieces] [white, k7] [black, g2] [white, c11] [black, f11] 
4ada7 info: MovesPlayed: [white, c11] [black, f11] 
4ada7 info: No subtree to reuse.
4ada7 info: StartSearch()[0]
4ada7 info: 
Elapsed Time   0.354755s
Count          1
GamesPlayed    1
Nodes          1
Knowledge      0 (0.0%)
Expansions     0.0
Time           0.00
GameLen        112.0 dev=0.0 min=112.0 max=112.0
InTree         0.0 dev=0.0 min=0.0 max=0.0
KnowDepth      -
Aborted        0%
Games/s        2114.2
Score          1.00
Sequence      
4ada7 info: 
4ada7 warning: **** MoHexSearch returned empty sequence!
4ada7 warning: **** Returning random move!
4ada7 info: Best move cannot be determined, must search state.
4ada7 info: --- MoHexPlayer::Search() ---
4ada7 info: Color: white
4ada7 info: MaxGames: 1
4ada7 info: NumberThreads: 1
4ada7 info: MaxNodes: 9090 (799920 bytes)
4ada7 info: TimeForMove: 1
4ada7 info: PreSearch: max time reached (52/73).
4ada7 info: Time for PreSearch: 0.202548s
4ada7 info: 
  8e3fd4dd232746c1
  a  b  c  d  e  f  g  h  i  j  k  
 1\.  .  .  *  .  b  b  b  b  b  w\1
  2\.  .  *  *  *  .  B  b  b  W  w\2
   3\.  *  *  *  *  *  .  B  .  .  b\3
    4\.  *  *  *  *  *  *  *  *  B  .\4
     5\.  *  *  *  *  *  *  *  *  *  .\5
      6\.  *  *  *  *  *  *  *  *  *  .\6
       7\.  *  *  *  *  *  *  *  *  *  W\7
        8\.  *  *  *  *  *  *  *  *  *  .\8
         9\.  *  *  *  *  *  *  *  *  *  .\9
         10\.  *  *  *  *  *  *  *  *  .  .\10
          11\.  *  W  *  .  B  .  *  .  .  .\11
              a  b  c  d  e  f  g  h  i  j  k  
4ada7 info: Old: [black, j4] [white, swap-pieces] [white, k7] [black, g2] [white, c11] [black, f11] 
4ada7 info: New: [black, j4] [white, swap-pieces] [white, k7] [black, g2] [white, c11] [black, f11] [white, j2] [black, h3] 
4ada7 info: MovesPlayed: [white, j2] [black, h3] 
4ada7 info: No subtree to reuse.
4ada7 info: StartSearch()[0]
4ada7 info: 
Elapsed Time   0.516592s
Count          1
GamesPlayed    1
Nodes          1
Knowledge      0 (0.0%)
Expansions     0.0
Time           0.00
GameLen        104.0 dev=0.0 min=104.0 max=104.0
InTree         0.0 dev=0.0 min=0.0 max=0.0
KnowDepth      -
Aborted        0%
Games/s        3115.3
Score          0.00
Sequence      
4ada7 info: 
4ada7 warning: **** MoHexSearch returned empty sequence!
4ada7 warning: **** Returning random move!
4ada7 info: Best move cannot be determined, must search state.
4ada7 info: --- MoHexPlayer::Search() ---
4ada7 info: Color: white
4ada7 info: MaxGames: 1
4ada7 info: NumberThreads: 1
4ada7 info: MaxNodes: 9090 (799920 bytes)
4ada7 info: TimeForMove: 1
4ada7 info: PreSearch: max time reached (60/68).
4ada7 info: Time for PreSearch: 0.202352s
4ada7 info: 
  58a0c4e642bbb514
  a  b  c  d  e  f  g  h  i  j  k  
 1\.  .  .  *  .  b  b  b  b  b  w\1
  2\.  .  *  *  *  .  B  b  b  W  w\2
   3\.  *  *  *  *  *  .  B  .  .  b\3
    4\.  *  *  *  *  *  *  *  *  B  .\4
     5\.  *  *  *  *  *  *  *  *  *  .\5
      6\w  .  *  *  *  *  *  *  *  *  .\6
       7\w  W  .  B  *  *  *  *  *  *  W\7
        8\w  .  *  *  *  *  *  *  *  *  .\8
         9\w  .  *  *  *  *  *  *  *  *  .\9
         10\.  *  *  *  *  *  *  *  *  .  .\10
          11\.  *  W  *  .  B  .  *  .  .  .\11
              a  b  c  d  e  f  g  h  i  j  k  
4ada7 info: Old: [black, j4] [white, swap-pieces] [white, k7] [black, g2] [white, c11] [black, f11] [white, j2] [black, h3] 
4ada7 info: New: [black, j4] [white, swap-pieces] [white, k7] [black, g2] [white, c11] [black, f11] [white, j2] [black, h3] [white, b7] [black, d7] 
4ada7 info: MovesPlayed: [white, b7] [black, d7] 
4ada7 info: No subtree to reuse.
4ada7 info: StartSearch()[0]
4ada7 info: 
Elapsed Time   0.356868s
Count          1
GamesPlayed    1
Nodes          1
Knowledge      0 (0.0%)
Expansions     0.0
Time           0.00
GameLen        98.0 dev=0.0 min=98.0 max=98.0
InTree         0.0 dev=0.0 min=0.0 max=0.0
KnowDepth      -
Aborted        0%
Games/s        1901.1
Score          0.00
Sequence      
4ada7 info: 
4ada7 warning: **** MoHexSearch returned empty sequence!
4ada7 warning: **** Returning random move!
4ada7 info: Best move cannot be determined, must search state.
4ada7 info: --- MoHexPlayer::Search() ---
4ada7 info: Color: white
4ada7 info: MaxGames: 1
4ada7 info: NumberThreads: 1
4ada7 info: MaxNodes: 9090 (799920 bytes)
4ada7 info: TimeForMove: 1
4ada7 info: Time for PreSearch: 0.201709s
4ada7 info: 
  eeedaa4cc2ae52cc
  a  b  c  d  e  f  g  h  i  j  k  
 1\.  .  .  *  .  b  b  b  b  b  w\1
  2\.  .  *  *  *  .  B  b  b  W  w\2
   3\.  *  *  *  *  *  .  B  *  B  b\3
    4\.  *  *  *  *  *  *  *  *  B  .\4
     5\.  .  *  *  *  *  *  *  *  *  .\5
      6\w  .  *  *  *  W  *  *  *  *  .\6
       7\w  W  .  B  *  *  *  *  *  *  W\7
        8\w  .  *  *  *  *  *  *  *  *  .\8
         9\w  .  *  *  *  *  *  *  *  *  .\9
         10\.  *  *  *  *  *  *  *  *  .  .\10
          11\.  *  W  *  .  B  .  *  .  .  .\11
              a  b  c  d  e  f  g  h  i  j  k  
4ada7 info: Old: [black, j4] [white, swap-pieces] [white, k7] [black, g2] [white, c11] [black, f11] [white, j2] [black, h3] [white, b7] [black, d7] 
4ada7 info: New: [black, j4] [white, swap-pieces] [white, k7] [black, g2] [white, c11] [black, f11] [white, j2] [black, h3] [white, b7] [black, d7] [white, f6] [black, j3] 
4ada7 info: MovesPlayed: [white, f6] [black, j3] 
4ada7 info: No subtree to reuse.
4ada7 info: StartSearch()[0]
4ada7 info: 
Elapsed Time   0.35627s
Count          1
GamesPlayed    1
Nodes          1
Knowledge      0 (0.0%)
Expansions     0.0
Time           0.00
GameLen        96.0 dev=0.0 min=96.0 max=96.0
InTree         0.0 dev=0.0 min=0.0 max=0.0
KnowDepth      -
Aborted        0%
Games/s        3048.8
Score          0.00
Sequence      
4ada7 info: 
4ada7 warning: **** MoHexSearch returned empty sequence!
4ada7 warning: **** Returning random move!
4ada7 info: Best move cannot be determined, must search state.
4ada7 info: --- MoHexPlayer::Search() ---
4ada7 info: Color: white
4ada7 info: MaxGames: 1
4ada7 info: NumberThreads: 1
4ada7 info: MaxNodes: 9090 (799920 bytes)
4ada7 info: TimeForMove: 1
4ada7 info: PreSearch: max time reached (49/63).
4ada7 info: Time for PreSearch: 0.202094s
4ada7 info: 
  6e99b4f9f1f498fd
  a  b  c  d  e  f  g  h  i  j  k  
 1\.  .  .  *  .  b  b  b  b  b  w\1
  2\.  .  *  *  *  .  B  b  b  W  w\2
   3\.  *  *  *  *  *  .  B  *  B  b\3
    4\.  *  *  *  *  *  *  *  *  B  .\4
     5\.  *  *  *  *  *  *  *  *  *  .\5
      6\w  .  *  *  *  W  *  *  *  *  .\6
       7\w  W  .  B  *  *  W  *  *  *  W\7
        8\w  .  *  *  *  *  *  *  *  *  .\8
         9\w  .  *  *  *  *  *  *  *  *  .\9
         10\.  *  *  *  *  B  .  *  *  .  .\10
          11\.  *  W  .  b  B  b  .  .  .  .\11
              a  b  c  d  e  f  g  h  i  j  k  
4ada7 info: Old: [black, j4] [white, swap-pieces] [white, k7] [black, g2] [white, c11] [black, f11] [white, j2] [black, h3] [white, b7] [black, d7] [white, f6] [black, j3] 
4ada7 info: New: [black, j4] [white, swap-pieces] [white, k7] [black, g2] [white, c11] [black, f11] [white, j2] [black, h3] [white, b7] [black, d7] [white, f6] [black, j3] [white, g7] [black, f10] 
4ada7 info: MovesPlayed: [white, g7] [black, f10] 
4ada7 info: No subtree to reuse.
4ada7 info: StartSearch()[0]
4ada7 info: 
Elapsed Time   0.350852s
Count          1
GamesPlayed    1
Nodes          1
Knowledge      0 (0.0%)
Expansions     0.0
Time           0.00
GameLen        92.0 dev=0.0 min=92.0 max=92.0
InTree         0.0 dev=0.0 min=0.0 max=0.0
KnowDepth      -
Aborted        0%
Games/s        2976.2
Score          0.00
Sequence      
4ada7 info: 
4ada7 warning: **** MoHexSearch returned empty sequence!
4ada7 warning: **** Returning random move!
4ada7 info: Winning SC.
4ada7 info: Winning SC.
4ada7 info: Winning SC.
4ada7 info: Winning SC.
4ada7 info: Winning SC.
4ada7 info: Winning SC.
4ada7 info: Winning SC.
4ada7 info: Winning SC.
4ada7 info: Winning SC.
4ada7 info: Winning SC.
4ada7 info: Winning SC.
4ada7 info: Winning SC.
4ada7 config: ============ BenzeneShutdown =============
4ada7 config: MoHexProgram:: ShutdownSystem()
4ada7 config: CommonProgram:: ShutdownSystem()
4ada7 config: BenzeneProgram:: ShutdownSystem()
Flushing and closing this stream...
