fea17 config: MoHex v2.0.CMake Mar 21 2025.
fea17 config: ============ InitializeSystem ============
fea17 config: BenzeneProgram::InitRandom()
fea17 config: Seed = 625970
fea17 info: Prior Patterns:
fea17 info: Global:
fea17 info: Size            = 565 32648 
fea17 info: TableEntries    = 65932 65910
fea17 info: MirrorsAdded    = 0 0
fea17 info: PrunableCount   = 30593 30629
fea17 info: LargestGamma    = 5820.77
fea17 info: SmallestGamma   = 6.6e-05
fea17 info: Local:
fea17 info: Size            = 550 5318 
fea17 info: TableEntries    = 11602 11588
fea17 info: MirrorsAdded    = 0 0
fea17 info: PrunableCount   = 3659 3667
fea17 info: LargestGamma    = 11281.8
fea17 info: SmallestGamma   = 0.026235
fea17 info: Playout Patterns:
fea17 info: Global:
fea17 info: Size            = 565 32648 
fea17 info: TableEntries    = 70329 70329
fea17 info: MirrorsAdded    = 4397 4419
fea17 info: PrunableCount   = 30593 30629
fea17 info: LargestGamma    = 5820.77
fea17 info: SmallestGamma   = 6.6e-05
fea17 info: Local:
fea17 info: Size            = 550 5318 
fea17 info: TableEntries    = 11602 11588
fea17 info: MirrorsAdded    = 0 0
fea17 info: PrunableCount   = 3659 3667
fea17 info: LargestGamma    = 11281.8
fea17 info: SmallestGamma   = 0.026235
fea17 config: IcePatternSet: reading from '/home/linus/MoHex2.0/nfbranchfix/benzene-vanilla-cmake/share/ice-patterns.txt'.
fea17 config: IcePatternSet: parsed 708 patterns.
fea17 config: VCS: reading captured set patterns from '/home/linus/MoHex2.0/nfbranchfix/benzene-vanilla-cmake/share/vc-captured-set.txt'.
fea17 config: VCS:: parsed 2 patterns.
fea17 config: VCS: reading captured set patterns from '/home/linus/MoHex2.0/nfbranchfix/benzene-vanilla-cmake/share/vc-captured-set.txt'.
fea17 config: VCS:: parsed 2 patterns.
fea17 config: IcePatternSet: reading from '/home/linus/MoHex2.0/nfbranchfix/benzene-vanilla-cmake/share/ice-patterns.txt'.
fea17 config: IcePatternSet: parsed 708 patterns.
fea17 config: VCS: reading captured set patterns from '/home/linus/MoHex2.0/nfbranchfix/benzene-vanilla-cmake/share/vc-captured-set.txt'.
fea17 config: VCS:: parsed 2 patterns.
fea17 config: VCS: reading captured set patterns from '/home/linus/MoHex2.0/nfbranchfix/benzene-vanilla-cmake/share/vc-captured-set.txt'.
fea17 config: VCS:: parsed 2 patterns.
fea17 config: VCS: reading captured set patterns from '/home/linus/MoHex2.0/nfbranchfix/benzene-vanilla-cmake/share/vc-captured-set.txt'.
fea17 config: VCS:: parsed 2 patterns.
fea17 config: VCS: reading captured set patterns from '/home/linus/MoHex2.0/nfbranchfix/benzene-vanilla-cmake/share/vc-captured-set.txt'.
fea17 config: VCS:: parsed 2 patterns.
fea17 config: VCS: reading captured set patterns from '/home/linus/MoHex2.0/nfbranchfix/benzene-vanilla-cmake/share/vc-captured-set.txt'.
fea17 config: VCS:: parsed 2 patterns.
fea17 config: VCS: reading captured set patterns from '/home/linus/MoHex2.0/nfbranchfix/benzene-vanilla-cmake/share/vc-captured-set.txt'.
fea17 config: VCS:: parsed 2 patterns.
fea17 config: VCPattern: loading pattern templates from '/home/linus/MoHex2.0/nfbranchfix/benzene-vanilla-cmake/share/vc-patterns.txt'.
fea17 info: Best move cannot be determined, must search state.
fea17 info: --- MoHexPlayer::Search() ---
fea17 info: Color: white
fea17 info: MaxGames: 1
fea17 info: NumberThreads: 1
fea17 info: MaxNodes: 9090 (799920 bytes)
fea17 info: TimeForMove: 1
fea17 info: PreSearch: max time reached (58/88).
fea17 info: Time for PreSearch: 0.203673s
fea17 info: 
  cf1bafbbc46af8a8
  a  b  c  d  e  f  g  h  i  j  k  
 1\.  .  .  *  *  *  *  *  *  *  .\1
  2\.  .  *  *  *  *  *  *  *  *  .\2
   3\.  *  *  *  *  *  .  *  *  *  .\3
    4\.  *  *  *  *  *  *  *  *  *  .\4
     5\.  *  *  *  *  *  *  *  *  *  .\5
      6\.  *  *  *  *  *  *  *  *  *  .\6
       7\.  .  B  *  *  *  *  *  *  *  .\7
        8\.  .  *  *  *  *  *  *  *  *  .\8
         9\.  *  *  *  .  *  *  *  *  *  .\9
         10\.  *  *  *  *  *  *  *  *  .  .\10
          11\.  *  *  *  *  *  *  *  .  .  .\11
              a  b  c  d  e  f  g  h  i  j  k  
fea17 info: No subtree to reuse.
fea17 info: Creating thread 0
fea17 info: StartSearch()[0]
fea17 config: VCS: reading captured set patterns from '/home/linus/MoHex2.0/nfbranchfix/benzene-vanilla-cmake/share/vc-captured-set.txt'.
fea17 config: VCS:: parsed 2 patterns.
fea17 config: VCS: reading captured set patterns from '/home/linus/MoHex2.0/nfbranchfix/benzene-vanilla-cmake/share/vc-captured-set.txt'.
fea17 config: VCS:: parsed 2 patterns.
fea17 info: 
Elapsed Time   0.350631s
Count          1
GamesPlayed    1
Nodes          1
Knowledge      0 (0.0%)
Expansions     0.0
Time           0.00
GameLen        120.0 dev=0.0 min=120.0 max=120.0
InTree         0.0 dev=0.0 min=0.0 max=0.0
KnowDepth      -
Aborted        0%
Games/s        398.4
Score          1.00
Sequence      
fea17 info: 
fea17 warning: **** MoHexSearch returned empty sequence!
fea17 warning: **** Returning random move!
fea17 info: Best move cannot be determined, must search state.
fea17 info: --- MoHexPlayer::Search() ---
fea17 info: Color: white
fea17 info: MaxGames: 1
fea17 info: NumberThreads: 1
fea17 info: MaxNodes: 9090 (799920 bytes)
fea17 info: TimeForMove: 1
fea17 info: PreSearch: max time reached (57/88).
fea17 info: Time for PreSearch: 0.203239s
fea17 info: 
  5d1ed99cbe26e6c0
  a  b  c  d  e  f  g  h  i  j  k  
 1\.  .  .  *  *  *  *  *  *  *  .\1
  2\.  .  *  *  *  *  *  *  *  *  .\2
   3\.  *  *  *  *  *  *  *  *  *  .\3
    4\.  *  *  *  *  *  *  *  *  *  .\4
     5\.  *  *  *  *  *  *  *  *  *  w\5
      6\.  *  *  *  *  *  *  *  *  .  w\6
       7\.  .  B  *  *  *  *  *  *  W  w\7
        8\.  .  *  *  B  *  *  *  *  .  w\8
         9\.  *  *  *  *  *  *  *  *  *  .\9
         10\.  *  *  *  *  *  *  *  *  *  .\10
          11\.  *  *  *  *  *  *  *  *  .  .\11
              a  b  c  d  e  f  g  h  i  j  k  
fea17 info: Old: [black, c7] [white, swap-pieces] 
fea17 info: New: [black, c7] [white, swap-pieces] [white, j7] [black, e8] 
fea17 info: ReuseSubtree: Colors do not alternate.
fea17 info: No subtree to reuse.
fea17 info: StartSearch()[0]
fea17 info: 
Elapsed Time   0.346532s
Count          1
GamesPlayed    1
Nodes          1
Knowledge      0 (0.0%)
Expansions     0.0
Time           0.00
GameLen        114.0 dev=0.0 min=114.0 max=114.0
InTree         0.0 dev=0.0 min=0.0 max=0.0
KnowDepth      -
Aborted        0%
Games/s        3571.4
Score          0.00
Sequence      
fea17 info: 
fea17 warning: **** MoHexSearch returned empty sequence!
fea17 warning: **** Returning random move!
fea17 info: Best move cannot be determined, must search state.
fea17 info: --- MoHexPlayer::Search() ---
fea17 info: Color: white
fea17 info: MaxGames: 1
fea17 info: NumberThreads: 1
fea17 info: MaxNodes: 9090 (799920 bytes)
fea17 info: TimeForMove: 1
fea17 info: PreSearch: max time reached (46/84).
fea17 info: Time for PreSearch: 0.201526s
fea17 info: 
  fa4b96781fec9d7c
  a  b  c  d  e  f  g  h  i  j  k  
 1\.  .  .  *  *  *  *  *  *  *  .\1
  2\.  .  *  *  *  *  *  *  *  *  .\2
   3\.  *  *  *  *  *  *  *  *  *  .\3
    4\.  *  *  *  *  *  *  *  *  *  .\4
     5\.  *  *  *  *  *  *  *  *  .  w\5
      6\.  *  *  B  *  *  *  *  W  .  w\6
       7\.  .  B  *  *  *  *  *  .  W  w\7
        8\.  .  *  *  B  *  *  *  *  .  w\8
         9\.  *  *  *  *  *  *  *  *  *  .\9
         10\.  *  *  *  *  *  *  *  *  *  .\10
          11\.  *  *  *  *  *  *  *  *  .  .\11
              a  b  c  d  e  f  g  h  i  j  k  
fea17 info: Old: [black, c7] [white, swap-pieces] [white, j7] [black, e8] 
fea17 info: New: [black, c7] [white, swap-pieces] [white, j7] [black, e8] [white, i6] [black, d6] 
fea17 info: MovesPlayed: [white, i6] [black, d6] 
fea17 info: No subtree to reuse.
fea17 info: StartSearch()[0]
fea17 info: 
Elapsed Time   0.34426s
Count          1
GamesPlayed    1
Nodes          1
Knowledge      0 (0.0%)
Expansions     0.0
Time           0.00
GameLen        112.0 dev=0.0 min=112.0 max=112.0
InTree         0.0 dev=0.0 min=0.0 max=0.0
KnowDepth      -
Aborted        0%
Games/s        3436.4
Score          1.00
Sequence      
fea17 info: 
fea17 warning: **** MoHexSearch returned empty sequence!
fea17 warning: **** Returning random move!
fea17 info: Best move cannot be determined, must search state.
fea17 info: --- MoHexPlayer::Search() ---
fea17 info: Color: white
fea17 info: MaxGames: 1
fea17 info: NumberThreads: 1
fea17 info: MaxNodes: 9090 (799920 bytes)
fea17 info: TimeForMove: 1
fea17 info: PreSearch: max time reached (48/80).
fea17 info: Time for PreSearch: 0.204666s
fea17 info: 
  c91db5f3910892c8
  a  b  c  d  e  f  g  h  i  j  k  
 1\.  .  .  *  *  *  *  *  W  *  .\1
  2\.  .  *  *  *  *  *  *  *  *  .\2
   3\.  *  *  *  *  *  *  *  *  .  .\3
    4\.  *  *  *  *  *  *  *  *  .  .\4
     5\.  *  *  *  *  *  *  *  *  .  w\5
      6\.  *  *  B  *  *  *  *  W  .  w\6
       7\.  .  B  *  *  *  *  *  .  W  w\7
        8\.  .  *  *  B  *  *  *  *  .  w\8
         9\.  *  *  *  *  *  *  *  *  *  .\9
         10\.  *  *  *  *  *  *  *  *  *  .\10
          11\.  *  *  *  *  .  B  .  *  .  .\11
              a  b  c  d  e  f  g  h  i  j  k  
fea17 info: Old: [black, c7] [white, swap-pieces] [white, j7] [black, e8] [white, i6] [black, d6] 
fea17 info: New: [black, c7] [white, swap-pieces] [white, j7] [black, e8] [white, i6] [black, d6] [white, i1] [black, g11] 
fea17 info: MovesPlayed: [white, i1] [black, g11] 
fea17 info: No subtree to reuse.
fea17 info: StartSearch()[0]
fea17 info: 
Elapsed Time   0.522506s
Count          1
GamesPlayed    1
Nodes          1
Knowledge      0 (0.0%)
Expansions     0.0
Time           0.00
GameLen        110.0 dev=0.0 min=110.0 max=110.0
InTree         0.0 dev=0.0 min=0.0 max=0.0
KnowDepth      -
Aborted        0%
Games/s        3246.8
Score          0.00
Sequence      
fea17 info: 
fea17 warning: **** MoHexSearch returned empty sequence!
fea17 warning: **** Returning random move!
fea17 info: Best move cannot be determined, must search state.
fea17 info: --- MoHexPlayer::Search() ---
fea17 info: Color: white
fea17 info: MaxGames: 1
fea17 info: NumberThreads: 1
fea17 info: MaxNodes: 9090 (799920 bytes)
fea17 info: TimeForMove: 1
fea17 info: PreSearch: max time reached (58/78).
fea17 info: Time for PreSearch: 0.200882s
fea17 info: 
  37b329b9d51c5895
  a  b  c  d  e  f  g  h  i  j  k  
 1\.  .  .  *  *  *  *  *  W  *  .\1
  2\.  .  *  *  *  *  *  *  *  *  .\2
   3\.  *  *  *  *  *  *  *  *  .  .\3
    4\.  *  *  *  *  *  *  *  *  .  .\4
     5\.  *  *  *  *  *  *  *  *  .  w\5
      6\.  *  *  B  *  *  *  *  W  .  w\6
       7\.  .  B  *  *  *  *  *  .  W  w\7
        8\.  *  *  *  B  *  *  *  *  .  w\8
         9\B  *  *  *  *  *  *  *  *  *  .\9
         10\.  *  *  *  W  *  *  *  *  *  .\10
          11\.  *  *  .  b  b  B  .  *  .  .\11
              a  b  c  d  e  f  g  h  i  j  k  
fea17 info: Old: [black, c7] [white, swap-pieces] [white, j7] [black, e8] [white, i6] [black, d6] [white, i1] [black, g11] 
fea17 info: New: [black, c7] [white, swap-pieces] [white, j7] [black, e8] [white, i6] [black, d6] [white, i1] [black, g11] [white, e10] [black, a9] 
fea17 info: MovesPlayed: [white, e10] [black, a9] 
fea17 info: No subtree to reuse.
fea17 info: StartSearch()[0]
fea17 info: 
Elapsed Time   0.349317s
Count          1
GamesPlayed    1
Nodes          1
Knowledge      0 (0.0%)
Expansions     0.0
Time           0.00
GameLen        106.0 dev=0.0 min=106.0 max=106.0
InTree         0.0 dev=0.0 min=0.0 max=0.0
KnowDepth      -
Aborted        0%
Games/s        3355.7
Score          1.00
Sequence      
fea17 info: 
fea17 warning: **** MoHexSearch returned empty sequence!
fea17 warning: **** Returning random move!
fea17 info: Best move cannot be determined, must search state.
fea17 info: --- MoHexPlayer::Search() ---
fea17 info: Color: white
fea17 info: MaxGames: 1
fea17 info: NumberThreads: 1
fea17 info: MaxNodes: 9090 (799920 bytes)
fea17 info: TimeForMove: 1
fea17 info: PreSearch: max time reached (49/76).
fea17 info: Time for PreSearch: 0.206927s
fea17 info: 
  cf9d4534b8bc768b
  a  b  c  d  e  f  g  h  i  j  k  
 1\.  .  .  *  *  *  *  *  W  *  .\1
  2\.  .  *  *  *  *  *  *  *  *  .\2
   3\.  *  *  *  *  *  *  *  *  .  .\3
    4\.  *  *  *  *  *  *  *  *  .  .\4
     5\.  *  *  *  *  *  *  *  *  .  w\5
      6\.  B  .  B  *  *  *  *  W  .  w\6
       7\.  *  B  *  *  *  *  *  .  W  w\7
        8\.  *  *  *  B  *  *  *  *  .  w\8
         9\B  *  *  *  *  *  *  *  *  *  .\9
         10\.  *  *  *  W  W  *  *  *  *  .\10
          11\.  *  *  .  b  b  B  .  *  .  .\11
              a  b  c  d  e  f  g  h  i  j  k  
fea17 info: Old: [black, c7] [white, swap-pieces] [white, j7] [black, e8] [white, i6] [black, d6] [white, i1] [black, g11] [white, e10] [black, a9] 
fea17 info: New: [black, c7] [white, swap-pieces] [white, j7] [black, e8] [white, i6] [black, d6] [white, i1] [black, g11] [white, e10] [black, a9] [white, f10] [black, b6] 
fea17 info: MovesPlayed: [white, f10] [black, b6] 
fea17 info: No subtree to reuse.
fea17 info: StartSearch()[0]
fea17 info: 
Elapsed Time   0.349375s
Count          1
GamesPlayed    1
Nodes          1
Knowledge      0 (0.0%)
Expansions     0.0
Time           0.00
GameLen        104.0 dev=0.0 min=104.0 max=104.0
InTree         0.0 dev=0.0 min=0.0 max=0.0
KnowDepth      -
Aborted        0%
Games/s        3861.0
Score          1.00
Sequence      
fea17 info: 
fea17 warning: **** MoHexSearch returned empty sequence!
fea17 warning: **** Returning random move!
fea17 info: Best move cannot be determined, must search state.
fea17 info: --- MoHexPlayer::Search() ---
fea17 info: Color: white
fea17 info: MaxGames: 1
fea17 info: NumberThreads: 1
fea17 info: MaxNodes: 9090 (799920 bytes)
fea17 info: TimeForMove: 1
fea17 info: PreSearch: max time reached (57/75).
fea17 info: Time for PreSearch: 0.20292s
fea17 info: 
  e475d7bdd6e19f0f
  a  b  c  d  e  f  g  h  i  j  k  
 1\.  .  .  *  *  *  *  *  W  *  .\1
  2\.  .  *  *  *  *  *  *  *  *  .\2
   3\.  *  *  *  *  *  *  *  *  .  .\3
    4\.  *  *  *  *  *  *  *  *  .  .\4
     5\.  *  *  *  *  *  *  *  *  .  w\5
      6\.  B  .  B  *  *  *  *  W  .  w\6
       7\.  *  B  *  *  *  *  B  .  W  w\7
        8\.  *  *  *  B  *  *  *  *  .  w\8
         9\B  *  *  *  *  *  *  *  *  *  .\9
         10\.  *  *  *  W  W  *  *  *  *  .\10
          11\W  *  *  .  b  b  B  .  *  .  .\11
              a  b  c  d  e  f  g  h  i  j  k  
fea17 info: Old: [black, c7] [white, swap-pieces] [white, j7] [black, e8] [white, i6] [black, d6] [white, i1] [black, g11] [white, e10] [black, a9] [white, f10] [black, b6] 
fea17 info: New: [black, c7] [white, swap-pieces] [white, j7] [black, e8] [white, i6] [black, d6] [white, i1] [black, g11] [white, e10] [black, a9] [white, f10] [black, b6] [white, a11] [black, h7] 
fea17 info: MovesPlayed: [white, a11] [black, h7] 
fea17 info: No subtree to reuse.
fea17 info: StartSearch()[0]
fea17 info: 
Elapsed Time   0.345999s
Count          1
GamesPlayed    1
Nodes          1
Knowledge      0 (0.0%)
Expansions     0.0
Time           0.00
GameLen        102.0 dev=0.0 min=102.0 max=102.0
InTree         0.0 dev=0.0 min=0.0 max=0.0
KnowDepth      -
Aborted        0%
Games/s        3367.0
Score          1.00
Sequence      
fea17 info: 
fea17 warning: **** MoHexSearch returned empty sequence!
fea17 warning: **** Returning random move!
fea17 info: Best move cannot be determined, must search state.
fea17 info: --- MoHexPlayer::Search() ---
fea17 info: Color: white
fea17 info: MaxGames: 1
fea17 info: NumberThreads: 1
fea17 info: MaxNodes: 9090 (799920 bytes)
fea17 info: TimeForMove: 1
fea17 info: Time for PreSearch: 0.166638s
fea17 info: 
  e5eff24b777c50f9
  a  b  c  d  e  f  g  h  i  j  k  
 1\w  .  *  *  *  *  *  *  W  .  .\1
  2\w  .  *  *  *  *  *  .  .  .  .\2
   3\W  *  *  *  *  *  .  .  .  .  .\3
    4\.  *  *  *  *  *  .  .  .  .  .\4
     5\.  *  *  *  *  *  .  .  .  .  w\5
      6\.  B  .  B  *  *  .  .  W  .  w\6
       7\.  *  B  *  *  *  *  B  .  W  w\7
        8\.  .  *  *  B  *  *  *  B  .  w\8
         9\B  .  .  *  *  .  .  *  *  *  .\9
         10\.  .  .  *  W  W  *  *  *  .  .\10
          11\W  .  *  .  b  b  B  .  *  .  .\11
              a  b  c  d  e  f  g  h  i  j  k  
fea17 info: Old: [black, c7] [white, swap-pieces] [white, j7] [black, e8] [white, i6] [black, d6] [white, i1] [black, g11] [white, e10] [black, a9] [white, f10] [black, b6] [white, a11] [black, h7] 
fea17 info: New: [black, c7] [white, swap-pieces] [white, j7] [black, e8] [white, i6] [black, d6] [white, i1] [black, g11] [white, e10] [black, a9] [white, f10] [black, b6] [white, a11] [black, h7] [white, a3] [black, i8] 
fea17 info: MovesPlayed: [white, a3] [black, i8] 
fea17 info: No subtree to reuse.
fea17 info: StartSearch()[0]
fea17 info: 
Elapsed Time   0.316364s
Count          1
GamesPlayed    1
Nodes          1
Knowledge      0 (0.0%)
Expansions     0.0
Time           0.00
GameLen        98.0 dev=0.0 min=98.0 max=98.0
InTree         0.0 dev=0.0 min=0.0 max=0.0
KnowDepth      -
Aborted        0%
Games/s        3787.9
Score          0.00
Sequence      
fea17 info: 
fea17 warning: **** MoHexSearch returned empty sequence!
fea17 warning: **** Returning random move!
fea17 info: Best move cannot be determined, must search state.
fea17 info: --- MoHexPlayer::Search() ---
fea17 info: Color: white
fea17 info: MaxGames: 1
fea17 info: NumberThreads: 1
fea17 info: MaxNodes: 9090 (799920 bytes)
fea17 info: TimeForMove: 1
fea17 info: Time for PreSearch: 0.111543s
fea17 info: 
  df27a38ae86d0ee9
  a  b  c  d  e  f  g  h  i  j  k  
 1\w  .  .  .  *  *  *  .  W  .  .\1
  2\w  .  .  .  .  *  .  .  .  .  .\2
   3\W  .  .  *  *  .  .  .  .  .  w\3
    4\.  .  .  B  .  .  .  .  .  .  w\4
     5\.  .  *  *  .  .  .  .  .  w  b\5
      6\.  B  .  B  *  .  .  .  W  b  w\6
       7\.  *  B  *  *  .  .  B  W  W  w\7
        8\.  .  *  *  B  .  .  .  B  .  w\8
         9\B  *  *  *  *  .  .  .  .  .  .\9
         10\.  *  *  *  W  W  .  .  .  .  .\10
          11\W  *  *  .  b  b  B  .  .  .  .\11
              a  b  c  d  e  f  g  h  i  j  k  
fea17 info: Old: [black, c7] [white, swap-pieces] [white, j7] [black, e8] [white, i6] [black, d6] [white, i1] [black, g11] [white, e10] [black, a9] [white, f10] [black, b6] [white, a11] [black, h7] [white, a3] [black, i8] 
fea17 info: New: [black, c7] [white, swap-pieces] [white, j7] [black, e8] [white, i6] [black, d6] [white, i1] [black, g11] [white, e10] [black, a9] [white, f10] [black, b6] [white, a11] [black, h7] [white, a3] [black, i8] [white, i7] [black, d4] 
fea17 info: MovesPlayed: [white, i7] [black, d4] 
fea17 info: No subtree to reuse.
fea17 info: StartSearch()[0]
fea17 info: 
Elapsed Time   0.28637s
Count          1
GamesPlayed    1
Nodes          1
Knowledge      0 (0.0%)
Expansions     0.0
Time           0.00
GameLen        92.0 dev=0.0 min=92.0 max=92.0
InTree         0.0 dev=0.0 min=0.0 max=0.0
KnowDepth      -
Aborted        0%
Games/s        3344.5
Score          0.00
Sequence      
fea17 info: 
fea17 warning: **** MoHexSearch returned empty sequence!
fea17 warning: **** Returning random move!
fea17 info: Opponent has won; playing most blocking move.
fea17 info: Opponent has won; playing most blocking move.
fea17 info: Opponent has won; playing most blocking move.
fea17 info: Opponent has won; playing most blocking move.
fea17 info: Opponent has won; playing most blocking move.
fea17 info: Opponent has won; playing most blocking move.
fea17 info: Captured cells caused win! Removing...
fea17 info: Opponent has won; playing most blocking move.
fea17 info: Captured cells caused win! Removing...
fea17 info: Opponent has won; playing most blocking move.
fea17 info: Captured cells caused win! Removing...
fea17 info: Opponent has won; playing most blocking move.
fea17 config: ============ BenzeneShutdown =============
fea17 config: MoHexProgram:: ShutdownSystem()
fea17 config: CommonProgram:: ShutdownSystem()
fea17 config: BenzeneProgram:: ShutdownSystem()
Flushing and closing this stream...
