# nice ../build/src/mohex/mohex --config mohex-weak.htp --seed 158848 --logfile-name jobs/11x11-mohex-mohex-cg2010-vs-mohex-mohex-weak-4/mohex-mohex-weak-97.log
>boardsize 11 11
<= 
<
>name
MoHex 2.0.CMake Mar 21 2025
Copyright (C) 2007-2012 by the authors of the Benzene project.
This program comes with ABSOLUTELY NO WARRANTY. This is
free software and you are welcome to redistribute it under
certain conditions. Type `benzene-license' for details.

SgRandom::SetSeed: 158848
SgUctSearch: system memory 33632358400, using 1000000000 (5681818 nodes)
SgRandom::SetSeed: 1
SgRandom::SetSeed: 158848
84227 info: Prior Patterns:
84227 info: Global:
84227 info: Size            = 565 32648 
84227 info: TableEntries    = 65932 65910
84227 info: MirrorsAdded    = 0 0
84227 info: PrunableCount   = 30593 30629
84227 info: LargestGamma    = 5820.77
84227 info: SmallestGamma   = 6.6e-05
84227 info: Local:
84227 info: Size            = 550 5318 
84227 info: TableEntries    = 11602 11588
84227 info: MirrorsAdded    = 0 0
84227 info: PrunableCount   = 3659 3667
84227 info: LargestGamma    = 11281.8
84227 info: SmallestGamma   = 0.026235
84227 info: Playout Patterns:
84227 info: Global:
84227 info: Size            = 565 32648 
84227 info: TableEntries    = 70329 70329
84227 info: MirrorsAdded    = 4397 4419
84227 info: PrunableCount   = 30593 30629
84227 info: LargestGamma    = 5820.77
84227 info: SmallestGamma   = 6.6e-05
84227 info: Local:
84227 info: Size            = 550 5318 
84227 info: TableEntries    = 11602 11588
84227 info: MirrorsAdded    = 0 0
84227 info: PrunableCount   = 3659 3667
84227 info: LargestGamma    = 11281.8
84227 info: SmallestGamma   = 0.026235
param_game allow_swap 1
= 

param_mohex max_memory 1600000
= 

param_mohex num_threads 1
= 

param_mohex max_time 1
= 

param_mohex max_games 1
= 

param_mohex knowledge_threshold 400
= 

param_mohex reuse_subtree 1
= 

param_mohex use_parallel_solver 0
= 

<= MoHex
<
>version
<= 2.0.CMake
<
>play b e5
<= 
<
>showboard
<= 
< 
<  b68c5a91cdd051bd
<  a  b  c  d  e  f  g  h  i  j  k  
< 1\.  .  .  .  .  .  .  .  .  .  .\1
<  2\.  .  .  .  .  .  .  .  .  .  .\2
<   3\.  .  .  .  .  .  .  .  .  .  .\3
<    4\.  .  .  .  .  .  .  .  .  .  .\4
<     5\.  .  .  .  B  .  .  .  .  .  .\5
<      6\.  .  .  .  .  .  .  .  .  .  .\6
<       7\.  .  .  .  .  .  .  .  .  .  .\7
<        8\.  .  .  .  .  .  .  .  .  .  .\8
<         9\.  .  .  .  .  .  .  .  .  .  .\9
<         10\.  .  .  .  .  .  .  .  .  .  .\10
<          11\.  .  .  .  .  .  .  .  .  .  .\11
<              a  b  c  d  e  f  g  h  i  j  k  
<
>play w swap-pieces
<= 
<
>genmove w
<= g1
<
>play b e2
84227 info: Best move cannot be determined, must search state.
84227 info: --- MoHexPlayer::Search() ---
84227 info: Color: white
84227 info: MaxGames: 1
84227 info: NumberThreads: 1
84227 info: MaxNodes: 9090 (799920 bytes)
84227 info: TimeForMove: 1
84227 info: PreSearch: max time reached (56/91).
84227 info: Time for PreSearch: 0.202117s
84227 info: 
  b68c5a91cdd051bd
  a  b  c  d  e  f  g  h  i  j  k  
 1\.  .  .  *  *  *  *  *  *  *  .\1
  2\.  .  *  *  *  *  *  *  *  *  .\2
   3\.  *  *  *  *  *  *  *  *  *  .\3
    4\.  *  *  *  *  *  *  *  *  *  .\4
     5\.  *  *  *  B  *  *  *  *  *  .\5
      6\.  *  *  *  *  *  *  *  *  *  .\6
       7\.  *  *  *  *  *  .  *  *  *  .\7
        8\.  *  *  *  *  *  *  *  *  *  .\8
         9\.  *  *  *  *  *  *  *  *  *  .\9
         10\.  *  *  *  *  *  *  *  *  .  .\10
          11\.  *  *  *  *  *  *  *  .  .  .\11
              a  b  c  d  e  f  g  h  i  j  k  
84227 info: No subtree to reuse.
84227 info: Creating thread 0
84227 info: StartSearch()[0]
SgUctSearch: max games reached
84227 info: 
Elapsed Time   0.508886s
Count          1
GamesPlayed    1
Nodes          1
Knowledge      0 (0.0%)
Expansions     0.0
Time           0.00
GameLen        120.0 dev=0.0 min=120.0 max=120.0
InTree         0.0 dev=0.0 min=0.0 max=0.0
KnowDepth      -
Aborted        0%
Games/s        347.7
Score          1.00
Sequence      
84227 info: 
84227 warning: **** MoHexSearch returned empty sequence!
84227 warning: **** Returning random move!
<= 
<
>genmove w
<= a2
<
>play b h6
84227 info: Best move cannot be determined, must search state.
84227 info: --- MoHexPlayer::Search() ---
84227 info: Color: white
84227 info: MaxGames: 1
84227 info: NumberThreads: 1
84227 info: MaxNodes: 9090 (799920 bytes)
84227 info: TimeForMove: 1
84227 info: PreSearch: max time reached (60/86).
84227 info: Time for PreSearch: 0.200796s
84227 info: 
  724cb6bd45984c06
  a  b  c  d  e  f  g  h  i  j  k  
 1\.  .  .  b  b  b  W  *  *  *  .\1
  2\.  .  *  .  B  *  *  *  *  *  .\2
   3\.  *  *  *  *  *  *  *  *  *  .\3
    4\.  *  *  *  *  *  *  *  *  *  .\4
     5\.  *  *  *  B  *  *  *  *  *  .\5
      6\.  *  *  *  *  *  *  *  *  *  .\6
       7\.  *  *  *  *  *  *  *  *  *  .\7
        8\.  *  *  *  *  *  *  *  *  *  .\8
         9\.  *  *  *  *  *  *  *  *  *  .\9
         10\.  *  *  *  *  *  *  *  *  .  .\10
          11\.  *  *  *  *  *  *  *  .  .  .\11
              a  b  c  d  e  f  g  h  i  j  k  
84227 info: Old: [black, e5] [white, swap-pieces] 
84227 info: New: [black, e5] [white, swap-pieces] [white, g1] [black, e2] 
84227 info: ReuseSubtree: Colors do not alternate.
84227 info: No subtree to reuse.
84227 info: StartSearch()[0]
SgUctSearch: max games reached
84227 info: 
Elapsed Time   0.341776s
Count          1
GamesPlayed    1
Nodes          1
Knowledge      0 (0.0%)
Expansions     0.0
Time           0.00
GameLen        115.0 dev=0.0 min=115.0 max=115.0
InTree         0.0 dev=0.0 min=0.0 max=0.0
KnowDepth      -
Aborted        0%
Games/s        3333.3
Score          1.00
Sequence      
84227 info: 
84227 warning: **** MoHexSearch returned empty sequence!
84227 warning: **** Returning random move!
<= 
<
>genmove w
<= c4
<
>play b k6
84227 info: Best move cannot be determined, must search state.
84227 info: --- MoHexPlayer::Search() ---
84227 info: Color: white
84227 info: MaxGames: 1
84227 info: NumberThreads: 1
84227 info: MaxNodes: 9090 (799920 bytes)
84227 info: TimeForMove: 1
84227 info: PreSearch: max time reached (65/85).
84227 info: Time for PreSearch: 0.203134s
84227 info: 
  b49560352a1689f9
  a  b  c  d  e  f  g  h  i  j  k  
 1\b  b  b  b  b  b  W  *  *  *  .\1
  2\W  .  *  .  B  *  *  *  *  *  .\2
   3\w  *  *  *  *  *  *  *  *  *  .\3
    4\.  *  *  *  *  *  *  *  *  *  .\4
     5\.  *  *  *  B  *  *  *  *  *  .\5
      6\.  *  *  *  *  *  *  B  *  *  .\6
       7\.  *  *  *  *  *  *  *  *  *  .\7
        8\.  *  *  *  *  *  *  *  *  *  .\8
         9\.  *  *  *  *  *  *  *  *  *  .\9
         10\.  *  *  *  *  *  *  *  *  .  .\10
          11\.  *  *  *  *  *  *  *  .  .  .\11
              a  b  c  d  e  f  g  h  i  j  k  
84227 info: Old: [black, e5] [white, swap-pieces] [white, g1] [black, e2] 
84227 info: New: [black, e5] [white, swap-pieces] [white, g1] [black, e2] [white, a2] [black, h6] 
84227 info: MovesPlayed: [white, a2] [black, h6] 
84227 info: No subtree to reuse.
84227 info: StartSearch()[0]
SgUctSearch: max games reached
84227 info: 
Elapsed Time   0.34204s
Count          1
GamesPlayed    1
Nodes          1
Knowledge      0 (0.0%)
Expansions     0.0
Time           0.00
GameLen        109.0 dev=0.0 min=109.0 max=109.0
InTree         0.0 dev=0.0 min=0.0 max=0.0
KnowDepth      -
Aborted        0%
Games/s        3257.3
Score          0.00
Sequence      
84227 info: 
84227 warning: **** MoHexSearch returned empty sequence!
84227 warning: **** Returning random move!
<= 
<
>genmove w
<= b7
<
>play b f9
84227 info: Best move cannot be determined, must search state.
84227 info: --- MoHexPlayer::Search() ---
84227 info: Color: white
84227 info: MaxGames: 1
84227 info: NumberThreads: 1
84227 info: MaxNodes: 9090 (799920 bytes)
84227 info: TimeForMove: 1
84227 info: PreSearch: max time reached (73/82).
84227 info: Time for PreSearch: 0.201732s
84227 info: 
  183eaed9fef89d14
  a  b  c  d  e  f  g  h  i  j  k  
 1\b  b  b  b  b  b  W  *  *  *  .\1
  2\W  .  *  .  B  *  *  *  *  *  .\2
   3\w  .  .  *  *  *  *  *  *  *  .\3
    4\.  .  W  *  *  *  *  *  *  *  .\4
     5\.  .  *  *  B  *  *  *  *  *  .\5
      6\.  .  *  *  *  *  *  B  *  *  B\6
       7\.  *  *  *  *  *  *  *  *  *  .\7
        8\.  *  *  *  *  *  *  *  *  *  .\8
         9\.  *  *  *  *  *  *  *  *  *  .\9
         10\.  *  *  *  *  *  *  *  *  .  .\10
          11\.  *  *  *  *  *  *  *  .  .  .\11
              a  b  c  d  e  f  g  h  i  j  k  
84227 info: Old: [black, e5] [white, swap-pieces] [white, g1] [black, e2] [white, a2] [black, h6] 
84227 info: New: [black, e5] [white, swap-pieces] [white, g1] [black, e2] [white, a2] [black, h6] [white, c4] [black, k6] 
84227 info: MovesPlayed: [white, c4] [black, k6] 
84227 info: No subtree to reuse.
84227 info: StartSearch()[0]
SgUctSearch: max games reached
84227 info: 
Elapsed Time   0.342886s
Count          1
GamesPlayed    1
Nodes          1
Knowledge      0 (0.0%)
Expansions     0.0
Time           0.00
GameLen        107.0 dev=0.0 min=107.0 max=107.0
InTree         0.0 dev=0.0 min=0.0 max=0.0
KnowDepth      -
Aborted        0%
Games/s        3610.1
Score          0.00
Sequence      
84227 info: 
84227 warning: **** MoHexSearch returned empty sequence!
84227 warning: **** Returning random move!
<= 
<
>genmove w
<= f11
<
>play b j11
84227 info: Best move cannot be determined, must search state.
84227 info: --- MoHexPlayer::Search() ---
84227 info: Color: white
84227 info: MaxGames: 1
84227 info: NumberThreads: 1
84227 info: MaxNodes: 9090 (799920 bytes)
84227 info: TimeForMove: 1
84227 info: Time for PreSearch: 0.098771s
84227 info: 
  b1a235e759643fb7
  a  b  c  d  e  f  g  h  i  j  k  
 1\b  b  b  b  b  b  W  *  *  *  .\1
  2\W  w  b  b  B  *  *  *  *  *  .\2
   3\w  w  b  .  *  *  *  *  *  .  .\3
    4\w  w  W  *  *  *  *  .  .  .  .\4
     5\w  w  .  .  B  .  .  .  .  .  .\5
      6\w  b  .  .  *  *  *  B  .  .  B\6
       7\w  W  .  .  *  *  *  .  .  .  .\7
        8\w  .  .  *  *  *  *  .  .  .  .\8
         9\w  .  *  *  *  B  *  .  .  .  .\9
         10\.  *  *  *  *  *  *  .  .  .  .\10
          11\.  *  *  *  *  *  *  .  .  .  .\11
              a  b  c  d  e  f  g  h  i  j  k  
84227 info: Old: [black, e5] [white, swap-pieces] [white, g1] [black, e2] [white, a2] [black, h6] [white, c4] [black, k6] 
84227 info: New: [black, e5] [white, swap-pieces] [white, g1] [black, e2] [white, a2] [black, h6] [white, c4] [black, k6] [white, b7] [black, f9] 
84227 info: MovesPlayed: [white, b7] [black, f9] 
84227 info: No subtree to reuse.
84227 info: StartSearch()[0]
SgUctSearch: max games reached
84227 info: 
Elapsed Time   0.242102s
Count          1
GamesPlayed    1
Nodes          1
Knowledge      0 (0.0%)
Expansions     0.0
Time           0.00
GameLen        91.0 dev=0.0 min=91.0 max=91.0
InTree         0.0 dev=0.0 min=0.0 max=0.0
KnowDepth      -
Aborted        0%
Games/s        3558.7
Score          0.00
Sequence      
84227 info: 
84227 warning: **** MoHexSearch returned empty sequence!
84227 warning: **** Returning random move!
<= 
<
>genmove w
<= h1
<
>play b c11
84227 info: Best move cannot be determined, must search state.
84227 info: --- MoHexPlayer::Search() ---
84227 info: Color: white
84227 info: MaxGames: 1
84227 info: NumberThreads: 1
84227 info: MaxNodes: 9090 (799920 bytes)
84227 info: TimeForMove: 1
84227 info: Time for PreSearch: 0.142496s
84227 info: 
  dc36de73c7706609
  a  b  c  d  e  f  g  h  i  j  k  
 1\b  b  b  b  b  b  W  *  *  *  .\1
  2\W  w  b  b  B  *  *  *  *  *  .\2
   3\w  w  b  .  *  *  *  *  *  *  .\3
    4\w  w  W  *  *  *  *  *  *  *  .\4
     5\w  w  .  .  B  *  *  *  *  *  .\5
      6\w  b  .  *  *  *  *  B  *  *  B\6
       7\w  W  *  *  *  *  *  *  *  *  .\7
        8\w  .  *  *  *  *  *  *  *  *  .\8
         9\w  .  *  *  *  B  *  *  *  .  .\9
         10\.  *  *  *  *  *  *  *  *  .  .\10
          11\.  *  *  *  *  W  *  *  .  B  b\11
              a  b  c  d  e  f  g  h  i  j  k  
84227 info: Old: [black, e5] [white, swap-pieces] [white, g1] [black, e2] [white, a2] [black, h6] [white, c4] [black, k6] [white, b7] [black, f9] 
84227 info: New: [black, e5] [white, swap-pieces] [white, g1] [black, e2] [white, a2] [black, h6] [white, c4] [black, k6] [white, b7] [black, f9] [white, f11] [black, j11] 
84227 info: MovesPlayed: [white, f11] [black, j11] 
84227 info: No subtree to reuse.
84227 info: StartSearch()[0]
SgUctSearch: max games reached
84227 info: 
Elapsed Time   0.284549s
Count          1
GamesPlayed    1
Nodes          1
Knowledge      0 (0.0%)
Expansions     0.0
Time           0.00
GameLen        88.0 dev=0.0 min=88.0 max=88.0
InTree         0.0 dev=0.0 min=0.0 max=0.0
KnowDepth      -
Aborted        0%
Games/s        3164.6
Score          1.00
Sequence      
84227 info: 
84227 warning: **** MoHexSearch returned empty sequence!
84227 warning: **** Returning random move!
<= 
<
>genmove w
<= h7
<
>play b g7
84227 info: Best move cannot be determined, must search state.
84227 info: --- MoHexPlayer::Search() ---
84227 info: Color: white
84227 info: MaxGames: 1
84227 info: NumberThreads: 1
84227 info: MaxNodes: 9090 (799920 bytes)
84227 info: TimeForMove: 1
84227 info: Time for PreSearch: 0.136516s
84227 info: 
  42ec3925267c3f69
  a  b  c  d  e  f  g  h  i  j  k  
 1\b  b  b  b  b  b  W  W  *  *  .\1
  2\W  w  b  b  B  .  .  *  *  *  .\2
   3\w  w  b  .  *  *  *  *  *  *  .\3
    4\w  w  W  *  *  *  *  *  *  *  .\4
     5\w  w  .  .  B  *  *  *  *  *  .\5
      6\w  b  .  *  *  *  *  B  *  *  B\6
       7\w  W  *  *  *  *  *  *  *  *  .\7
        8\w  .  *  *  *  *  *  *  *  *  .\8
         9\w  .  *  *  *  B  *  *  *  .  .\9
         10\.  *  *  *  *  *  *  *  *  .  .\10
          11\.  .  B  .  *  W  *  *  .  B  b\11
              a  b  c  d  e  f  g  h  i  j  k  
84227 info: Old: [black, e5] [white, swap-pieces] [white, g1] [black, e2] [white, a2] [black, h6] [white, c4] [black, k6] [white, b7] [black, f9] [white, f11] [black, j11] 
84227 info: New: [black, e5] [white, swap-pieces] [white, g1] [black, e2] [white, a2] [black, h6] [white, c4] [black, k6] [white, b7] [black, f9] [white, f11] [black, j11] [white, h1] [black, c11] 
84227 info: MovesPlayed: [white, h1] [black, c11] 
84227 info: No subtree to reuse.
84227 info: StartSearch()[0]
SgUctSearch: max games reached
84227 info: 
Elapsed Time   0.276073s
Count          1
GamesPlayed    1
Nodes          1
Knowledge      0 (0.0%)
Expansions     0.0
Time           0.00
GameLen        86.0 dev=0.0 min=86.0 max=86.0
InTree         0.0 dev=0.0 min=0.0 max=0.0
KnowDepth      -
Aborted        0%
Games/s        3745.3
Score          1.00
Sequence      
84227 info: 
84227 warning: **** MoHexSearch returned empty sequence!
84227 warning: **** Returning random move!
<= 
<
>genmove w
<= k8
<
>play b f5
84227 info: Best move cannot be determined, must search state.
84227 info: --- MoHexPlayer::Search() ---
84227 info: Color: white
84227 info: MaxGames: 1
84227 info: NumberThreads: 1
84227 info: MaxNodes: 9090 (799920 bytes)
84227 info: TimeForMove: 1
84227 info: Time for PreSearch: 0.084627s
84227 info: 
  512ee2559d5d52f0
  a  b  c  d  e  f  g  h  i  j  k  
 1\b  b  b  b  b  b  W  W  *  *  .\1
  2\W  w  b  b  B  .  .  *  *  .  .\2
   3\w  w  b  .  *  *  *  *  .  .  .\3
    4\w  w  W  *  *  *  *  .  .  .  .\4
     5\w  w  .  .  B  *  *  *  .  .  .\5
      6\w  b  .  .  .  *  *  B  .  .  B\6
       7\w  W  .  .  *  *  B  W  .  .  .\7
        8\w  .  .  .  *  *  *  .  .  .  .\8
         9\w  .  .  *  *  B  *  .  .  .  .\9
         10\.  .  *  *  *  *  *  *  *  *  .\10
          11\.  .  B  .  *  W  *  *  .  B  b\11
              a  b  c  d  e  f  g  h  i  j  k  
84227 info: Old: [black, e5] [white, swap-pieces] [white, g1] [black, e2] [white, a2] [black, h6] [white, c4] [black, k6] [white, b7] [black, f9] [white, f11] [black, j11] [white, h1] [black, c11] 
84227 info: New: [black, e5] [white, swap-pieces] [white, g1] [black, e2] [white, a2] [black, h6] [white, c4] [black, k6] [white, b7] [black, f9] [white, f11] [black, j11] [white, h1] [black, c11] [white, h7] [black, g7] 
84227 info: MovesPlayed: [white, h7] [black, g7] 
84227 info: No subtree to reuse.
84227 info: StartSearch()[0]
SgUctSearch: max games reached
84227 info: 
Elapsed Time   0.22979s
Count          1
GamesPlayed    1
Nodes          1
Knowledge      0 (0.0%)
Expansions     0.0
Time           0.00
GameLen        84.0 dev=0.0 min=84.0 max=84.0
InTree         0.0 dev=0.0 min=0.0 max=0.0
KnowDepth      -
Aborted        0%
Games/s        3891.1
Score          0.00
Sequence      
84227 info: 
84227 warning: **** MoHexSearch returned empty sequence!
84227 warning: **** Returning random move!
<= 
<
>genmove w
<= e3
<
>play b g3
84227 info: Opponent has won; playing most blocking move.
<= 
<
>genmove w
<= g4
<
>play b f4
84227 info: Opponent has won; playing most blocking move.
<= 
<
>genmove w
<= f8
<
>play b f7
84227 info: Opponent has won; playing most blocking move.
<= 
<
>genmove w
<= e8
<
>play b g8
84227 info: Opponent has won; playing most blocking move.
<= 
<
>genmove w
<= f6
<
>play b g5
84227 info: Opponent has won; playing most blocking move.
<= 
<
>genmove w
<= h5
<
>play b g6
84227 info: Opponent has won; playing most blocking move.
<= 
<
>genmove w
<= e10
<
>play b g10
84227 info: Opponent has won; playing most blocking move.
<= 
<
>genmove w
<= f10
<
>play b g9
84227 info: Opponent has won; playing most blocking move.
<= 
<
>genmove w
<= h10
<
>play b g11
84227 info: Opponent has won; playing most blocking move.
<= 
<
>genmove w
<= i2
<
>play b f2
84227 info: Opponent has won; playing most blocking move.
<= 
<
>genmove w
<= f1
<
>play b e1
84227 info: Captured cells caused win! Removing...
84227 info: Opponent has won; playing most blocking move.
<= 
<
>genmove w
<= g2
<
>play b f3
84227 info: Captured cells caused win! Removing...
84227 info: Opponent has won; playing most blocking move.
<= 
<
>genmove w
<= resign
<
>final_score
<= B+
<
>quit
<= 
<
