# nice ../build/src/mohex/mohex --config mohex-cg2010.htp --seed 216988 --logfile-name jobs/11x11-mohex-mohex-cg2010-vs-mohex-mohex-weak-4/mohex-mohex-cg2010-381.log
>boardsize 11 11
MoHex 2.0.CMake Mar 21 2025
Copyright (C) 2007-2012 by the authors of the Benzene project.
This program comes with ABSOLUTELY NO WARRANTY. This is
free software and you are welcome to redistribute it under
certain conditions. Type `benzene-license' for details.

SgRandom::SetSeed: 216988
SgUctSearch: system memory 33632358400, using 1000000000 (5681818 nodes)
SgRandom::SetSeed: 1
SgRandom::SetSeed: 216988
787d7 info: Prior Patterns:
787d7 info: Global:
787d7 info: Size            = 565 32648 
787d7 info: TableEntries    = 65932 65910
787d7 info: MirrorsAdded    = 0 0
787d7 info: PrunableCount   = 30593 30629
787d7 info: LargestGamma    = 5820.77
787d7 info: SmallestGamma   = 6.6e-05
787d7 info: Local:
787d7 info: Size            = 550 5318 
787d7 info: TableEntries    = 11602 11588
787d7 info: MirrorsAdded    = 0 0
787d7 info: PrunableCount   = 3659 3667
787d7 info: LargestGamma    = 11281.8
787d7 info: SmallestGamma   = 0.026235
787d7 info: Playout Patterns:
787d7 info: Global:
787d7 info: Size            = 565 32648 
787d7 info: TableEntries    = 70329 70329
787d7 info: MirrorsAdded    = 4397 4419
787d7 info: PrunableCount   = 30593 30629
787d7 info: LargestGamma    = 5820.77
787d7 info: SmallestGamma   = 6.6e-05
787d7 info: Local:
787d7 info: Size            = 550 5318 
787d7 info: TableEntries    = 11602 11588
787d7 info: MirrorsAdded    = 0 0
787d7 info: PrunableCount   = 3659 3667
787d7 info: LargestGamma    = 11281.8
787d7 info: SmallestGamma   = 0.026235
<= 
<
>name
param_game allow_swap 1
= 

param_mohex max_memory 32000000000
= 

param_mohex num_threads 1
= 

param_mohex max_time 1
= 

param_mohex max_games 1
= 

param_mohex knowledge_threshold 400
= 

param_mohex reuse_subtree 1
= 

param_mohex use_parallel_solver 0
= 

<= MoHex
<
>version
<= 2.0.CMake
<
>play b g4
<= 
<
>genmove w
<= swap-pieces
<
>showboard
787d7 info: SwapCheck: reading from '/home/linus/MoHex2.0/nfbranchfix/benzene-vanilla-cmake/share/swap-moves.txt'.
787d7 info: SwapCheck: playing swap.
<= 
< 
<  49f5818ff26a64eb
<  a  b  c  d  e  f  g  h  i  j  k  
< 1\.  .  .  .  .  .  .  .  .  .  .\1
<  2\.  .  .  .  .  .  .  .  .  .  .\2
<   3\.  .  .  .  .  .  .  .  .  .  .\3
<    4\.  .  .  .  .  .  B  .  .  .  .\4
<     5\.  .  .  .  .  .  .  .  .  .  .\5
<      6\.  .  .  .  .  .  .  .  .  .  .\6
<       7\.  .  .  .  .  .  .  .  .  .  .\7
<        8\.  .  .  .  .  .  .  .  .  .  .\8
<         9\.  .  .  .  .  .  .  .  .  .  .\9
<         10\.  .  .  .  .  .  .  .  .  .  .\10
<          11\.  .  .  .  .  .  .  .  .  .  .\11
<              a  b  c  d  e  f  g  h  i  j  k  
<
>play w i2
<= 
<
>showboard
<= 
< 
<  6c64c4262bbd1d9e
<  a  b  c  d  e  f  g  h  i  j  k  
< 1\.  .  .  .  .  .  .  .  .  .  .\1
<  2\.  .  .  .  .  .  .  .  W  .  .\2
<   3\.  .  .  .  .  .  .  .  .  .  .\3
<    4\.  .  .  .  .  .  B  .  .  .  .\4
<     5\.  .  .  .  .  .  .  .  .  .  .\5
<      6\.  .  .  .  .  .  .  .  .  .  .\6
<       7\.  .  .  .  .  .  .  .  .  .  .\7
<        8\.  .  .  .  .  .  .  .  .  .  .\8
<         9\.  .  .  .  .  .  .  .  .  .  .\9
<         10\.  .  .  .  .  .  .  .  .  .  .\10
<          11\.  .  .  .  .  .  .  .  .  .  .\11
<              a  b  c  d  e  f  g  h  i  j  k  
<
>genmove b
<= e4
<
>showboard
787d7 info: Best move cannot be determined, must search state.
787d7 info: --- MoHexPlayer::Search() ---
787d7 info: Color: black
787d7 info: MaxGames: 1
787d7 info: NumberThreads: 1
787d7 info: MaxNodes: 181818181 (15999999928 bytes)
787d7 info: TimeForMove: 1
787d7 info: PreSearch: max time reached (43/91).
787d7 info: Time for PreSearch: 0.200601s
787d7 info: 
  6c64c4262bbd1d9e
  a  b  c  d  e  f  g  h  i  j  k  
 1\.  .  .  .  .  .  .  .  .  .  .\1
  2\.  .  *  *  *  *  *  *  W  *  *\2
   3\.  *  *  *  *  *  *  *  *  *  *\3
    4\*  *  *  *  *  *  B  *  *  *  *\4
     5\*  *  *  *  *  *  *  *  *  *  *\5
      6\*  *  *  *  *  *  *  *  *  *  *\6
       7\*  *  *  *  *  *  *  *  *  *  *\7
        8\*  *  *  *  *  *  *  *  *  *  *\8
         9\*  *  *  *  *  *  *  *  *  *  .\9
         10\*  *  *  *  *  *  *  *  *  .  .\10
          11\.  .  .  .  .  .  .  .  .  .  .\11
              a  b  c  d  e  f  g  h  i  j  k  
787d7 info: No subtree to reuse.
787d7 info: Creating thread 0
787d7 info: StartSearch()[0]
SgUctSearch: max games reached
787d7 info: 
Elapsed Time   0.374442s
Count          1
GamesPlayed    1
Nodes          1
Knowledge      0 (0.0%)
Expansions     0.0
Time           0.00
GameLen        119.0 dev=0.0 min=119.0 max=119.0
InTree         0.0 dev=0.0 min=0.0 max=0.0
KnowDepth      -
Aborted        0%
Games/s        319.0
Score          1.00
Sequence      
787d7 info: 
787d7 warning: **** MoHexSearch returned empty sequence!
787d7 warning: **** Returning random move!
<= 
< 
<  ecdddd7f7d035abe
<  a  b  c  d  e  f  g  h  i  j  k  
< 1\.  .  .  .  .  .  .  .  .  .  .\1
<  2\.  .  .  .  .  .  .  .  W  .  .\2
<   3\.  .  .  .  .  .  .  .  .  .  .\3
<    4\.  .  .  .  B  .  B  .  .  .  .\4
<     5\.  .  .  .  .  .  .  .  .  .  .\5
<      6\.  .  .  .  .  .  .  .  .  .  .\6
<       7\.  .  .  .  .  .  .  .  .  .  .\7
<        8\.  .  .  .  .  .  .  .  .  .  .\8
<         9\.  .  .  .  .  .  .  .  .  .  .\9
<         10\.  .  .  .  .  .  .  .  .  .  .\10
<          11\.  .  .  .  .  .  .  .  .  .  .\11
<              a  b  c  d  e  f  g  h  i  j  k  
<
>play w a8
<= 
<
>showboard
<= 
< 
<  305c45f15cde990f
<  a  b  c  d  e  f  g  h  i  j  k  
< 1\.  .  .  .  .  .  .  .  .  .  .\1
<  2\.  .  .  .  .  .  .  .  W  .  .\2
<   3\.  .  .  .  .  .  .  .  .  .  .\3
<    4\.  .  .  .  B  .  B  .  .  .  .\4
<     5\.  .  .  .  .  .  .  .  .  .  .\5
<      6\.  .  .  .  .  .  .  .  .  .  .\6
<       7\.  .  .  .  .  .  .  .  .  .  .\7
<        8\W  .  .  .  .  .  .  .  .  .  .\8
<         9\.  .  .  .  .  .  .  .  .  .  .\9
<         10\.  .  .  .  .  .  .  .  .  .  .\10
<          11\.  .  .  .  .  .  .  .  .  .  .\11
<              a  b  c  d  e  f  g  h  i  j  k  
<
>genmove b
<= d7
<
>showboard
787d7 info: Best move cannot be determined, must search state.
787d7 info: --- MoHexPlayer::Search() ---
787d7 info: Color: black
787d7 info: MaxGames: 1
787d7 info: NumberThreads: 1
787d7 info: MaxNodes: 181818181 (15999999928 bytes)
787d7 info: TimeForMove: 1
787d7 info: PreSearch: max time reached (23/87).
787d7 info: Time for PreSearch: 0.207268s
787d7 info: 
  305c45f15cde990f
  a  b  c  d  e  f  g  h  i  j  k  
 1\.  .  .  .  .  .  .  .  .  .  .\1
  2\.  .  *  *  *  *  *  *  W  *  *\2
   3\.  *  *  *  *  *  *  *  *  *  *\3
    4\*  *  *  *  B  *  B  *  *  *  *\4
     5\*  *  *  *  *  *  *  *  *  *  *\5
      6\*  *  *  *  *  *  *  *  *  *  *\6
       7\.  *  *  *  *  *  *  *  *  *  *\7
        8\W  *  *  *  *  *  *  *  *  *  *\8
         9\.  *  *  *  *  *  *  *  *  *  .\9
         10\*  *  *  *  *  *  *  *  *  .  .\10
          11\.  .  .  .  .  .  .  .  .  .  .\11
              a  b  c  d  e  f  g  h  i  j  k  
787d7 info: Old: [black, g4] [white, swap-pieces] [white, i2] 
787d7 info: New: [black, g4] [white, swap-pieces] [white, i2] [black, e4] [white, a8] 
787d7 info: MovesPlayed: [black, e4] [white, a8] 
787d7 info: No subtree to reuse.
787d7 info: StartSearch()[0]
SgUctSearch: max games reached
787d7 info: 
Elapsed Time   0.533362s
Count          1
GamesPlayed    1
Nodes          1
Knowledge      0 (0.0%)
Expansions     0.0
Time           0.00
GameLen        117.0 dev=0.0 min=117.0 max=117.0
InTree         0.0 dev=0.0 min=0.0 max=0.0
KnowDepth      -
Aborted        0%
Games/s        2747.3
Score          0.00
Sequence      
787d7 info: 
787d7 warning: **** MoHexSearch returned empty sequence!
787d7 warning: **** Returning random move!
<= 
< 
<  c9587687e19ef6df
<  a  b  c  d  e  f  g  h  i  j  k  
< 1\.  .  .  .  .  .  .  .  .  .  .\1
<  2\.  .  .  .  .  .  .  .  W  .  .\2
<   3\.  .  .  .  .  .  .  .  .  .  .\3
<    4\.  .  .  .  B  .  B  .  .  .  .\4
<     5\.  .  .  .  .  .  .  .  .  .  .\5
<      6\.  .  .  .  .  .  .  .  .  .  .\6
<       7\.  .  .  B  .  .  .  .  .  .  .\7
<        8\W  .  .  .  .  .  .  .  .  .  .\8
<         9\.  .  .  .  .  .  .  .  .  .  .\9
<         10\.  .  .  .  .  .  .  .  .  .  .\10
<          11\.  .  .  .  .  .  .  .  .  .  .\11
<              a  b  c  d  e  f  g  h  i  j  k  
<
>play w c1
<= 
<
>showboard
<= 
< 
<  f9af4201d7711cca
<  a  b  c  d  e  f  g  h  i  j  k  
< 1\.  .  W  .  .  .  .  .  .  .  .\1
<  2\.  .  .  .  .  .  .  .  W  .  .\2
<   3\.  .  .  .  .  .  .  .  .  .  .\3
<    4\.  .  .  .  B  .  B  .  .  .  .\4
<     5\.  .  .  .  .  .  .  .  .  .  .\5
<      6\.  .  .  .  .  .  .  .  .  .  .\6
<       7\.  .  .  B  .  .  .  .  .  .  .\7
<        8\W  .  .  .  .  .  .  .  .  .  .\8
<         9\.  .  .  .  .  .  .  .  .  .  .\9
<         10\.  .  .  .  .  .  .  .  .  .  .\10
<          11\.  .  .  .  .  .  .  .  .  .  .\11
<              a  b  c  d  e  f  g  h  i  j  k  
<
>genmove b
<= b1
<
>showboard
787d7 info: Best move cannot be determined, must search state.
787d7 info: --- MoHexPlayer::Search() ---
787d7 info: Color: black
787d7 info: MaxGames: 1
787d7 info: NumberThreads: 1
787d7 info: MaxNodes: 181818181 (15999999928 bytes)
787d7 info: TimeForMove: 1
787d7 info: PreSearch: max time reached (15/87).
787d7 info: Time for PreSearch: 0.203723s
787d7 info: 
  f9af4201d7711cca
  a  b  c  d  e  f  g  h  i  j  k  
 1\.  .  W  .  .  .  .  .  .  .  .\1
  2\*  .  *  *  *  *  *  *  W  *  *\2
   3\.  *  *  *  *  *  *  *  *  *  *\3
    4\*  *  *  *  B  *  B  *  *  *  *\4
     5\*  *  *  *  *  *  *  *  *  *  *\5
      6\*  *  *  *  *  *  *  *  *  *  *\6
       7\.  *  *  B  *  *  *  *  *  *  *\7
        8\W  *  *  *  *  *  *  *  *  *  *\8
         9\.  *  *  *  *  *  *  *  *  *  .\9
         10\*  *  *  *  *  *  *  *  *  .  .\10
          11\.  .  .  .  .  .  .  .  .  .  .\11
              a  b  c  d  e  f  g  h  i  j  k  
787d7 info: Old: [black, g4] [white, swap-pieces] [white, i2] [black, e4] [white, a8] 
787d7 info: New: [black, g4] [white, swap-pieces] [white, i2] [black, e4] [white, a8] [black, d7] [white, c1] 
787d7 info: MovesPlayed: [black, d7] [white, c1] 
787d7 info: No subtree to reuse.
787d7 info: StartSearch()[0]
SgUctSearch: max games reached
787d7 info: 
Elapsed Time   0.374245s
Count          1
GamesPlayed    1
Nodes          1
Knowledge      0 (0.0%)
Expansions     0.0
Time           0.00
GameLen        115.0 dev=0.0 min=115.0 max=115.0
InTree         0.0 dev=0.0 min=0.0 max=0.0
KnowDepth      -
Aborted        0%
Games/s        3096.0
Score          1.00
Sequence      
787d7 info: 
787d7 warning: **** MoHexSearch returned empty sequence!
787d7 warning: **** Returning random move!
<= 
< 
<  218e2e626f834195
<  a  b  c  d  e  f  g  h  i  j  k  
< 1\.  B  W  .  .  .  .  .  .  .  .\1
<  2\.  .  .  .  .  .  .  .  W  .  .\2
<   3\.  .  .  .  .  .  .  .  .  .  .\3
<    4\.  .  .  .  B  .  B  .  .  .  .\4
<     5\.  .  .  .  .  .  .  .  .  .  .\5
<      6\.  .  .  .  .  .  .  .  .  .  .\6
<       7\.  .  .  B  .  .  .  .  .  .  .\7
<        8\W  .  .  .  .  .  .  .  .  .  .\8
<         9\.  .  .  .  .  .  .  .  .  .  .\9
<         10\.  .  .  .  .  .  .  .  .  .  .\10
<          11\.  .  .  .  .  .  .  .  .  .  .\11
<              a  b  c  d  e  f  g  h  i  j  k  
<
>play w g7
<= 
<
>showboard
<= 
< 
<  2725f3639a8cd7ad
<  a  b  c  d  e  f  g  h  i  j  k  
< 1\.  B  W  .  .  .  .  .  .  .  .\1
<  2\.  .  .  .  .  .  .  .  W  .  .\2
<   3\.  .  .  .  .  .  .  .  .  .  .\3
<    4\.  .  .  .  B  .  B  .  .  .  .\4
<     5\.  .  .  .  .  .  .  .  .  .  .\5
<      6\.  .  .  .  .  .  .  .  .  .  .\6
<       7\.  .  .  B  .  .  W  .  .  .  .\7
<        8\W  .  .  .  .  .  .  .  .  .  .\8
<         9\.  .  .  .  .  .  .  .  .  .  .\9
<         10\.  .  .  .  .  .  .  .  .  .  .\10
<          11\.  .  .  .  .  .  .  .  .  .  .\11
<              a  b  c  d  e  f  g  h  i  j  k  
<
>genmove b
<= a7
<
>showboard
787d7 info: Best move cannot be determined, must search state.
787d7 info: --- MoHexPlayer::Search() ---
787d7 info: Color: black
787d7 info: MaxGames: 1
787d7 info: NumberThreads: 1
787d7 info: MaxNodes: 181818181 (15999999928 bytes)
787d7 info: TimeForMove: 1
787d7 info: PreSearch: max time reached (17/87).
787d7 info: Time for PreSearch: 0.204164s
787d7 info: 
  2725f3639a8cd7ad
  a  b  c  d  e  f  g  h  i  j  k  
 1\b  B  W  .  .  .  .  .  .  .  .\1
  2\.  *  *  *  *  *  *  *  W  *  *\2
   3\*  *  *  *  *  *  *  *  *  *  *\3
    4\*  *  *  *  B  *  B  *  *  *  *\4
     5\*  *  *  *  *  *  *  *  *  *  *\5
      6\*  *  *  *  *  *  *  *  *  *  *\6
       7\.  *  *  B  *  *  W  *  *  *  *\7
        8\W  *  *  *  *  *  *  *  *  *  *\8
         9\.  *  *  *  *  *  *  *  *  *  .\9
         10\*  *  *  *  *  *  *  *  *  .  .\10
          11\.  .  .  .  .  .  .  .  .  .  .\11
              a  b  c  d  e  f  g  h  i  j  k  
787d7 info: Old: [black, g4] [white, swap-pieces] [white, i2] [black, e4] [white, a8] [black, d7] [white, c1] 
787d7 info: New: [black, g4] [white, swap-pieces] [white, i2] [black, e4] [white, a8] [black, d7] [white, c1] [black, b1] [white, g7] 
787d7 info: MovesPlayed: [black, b1] [white, g7] 
787d7 info: No subtree to reuse.
787d7 info: StartSearch()[0]
SgUctSearch: max games reached
787d7 info: 
Elapsed Time   0.372607s
Count          1
GamesPlayed    1
Nodes          1
Knowledge      0 (0.0%)
Expansions     0.0
Time           0.00
GameLen        112.0 dev=0.0 min=112.0 max=112.0
InTree         0.0 dev=0.0 min=0.0 max=0.0
KnowDepth      -
Aborted        0%
Games/s        2597.4
Score          1.00
Sequence      
787d7 info: 
787d7 warning: **** MoHexSearch returned empty sequence!
787d7 warning: **** Returning random move!
<= 
< 
<  bead6633f64771db
<  a  b  c  d  e  f  g  h  i  j  k  
< 1\.  B  W  .  .  .  .  .  .  .  .\1
<  2\.  .  .  .  .  .  .  .  W  .  .\2
<   3\.  .  .  .  .  .  .  .  .  .  .\3
<    4\.  .  .  .  B  .  B  .  .  .  .\4
<     5\.  .  .  .  .  .  .  .  .  .  .\5
<      6\.  .  .  .  .  .  .  .  .  .  .\6
<       7\B  .  .  B  .  .  W  .  .  .  .\7
<        8\W  .  .  .  .  .  .  .  .  .  .\8
<         9\.  .  .  .  .  .  .  .  .  .  .\9
<         10\.  .  .  .  .  .  .  .  .  .  .\10
<          11\.  .  .  .  .  .  .  .  .  .  .\11
<              a  b  c  d  e  f  g  h  i  j  k  
<
>play w b9
<= 
<
>showboard
<= 
< 
<  98c1bc7f83399d63
<  a  b  c  d  e  f  g  h  i  j  k  
< 1\.  B  W  .  .  .  .  .  .  .  .\1
<  2\.  .  .  .  .  .  .  .  W  .  .\2
<   3\.  .  .  .  .  .  .  .  .  .  .\3
<    4\.  .  .  .  B  .  B  .  .  .  .\4
<     5\.  .  .  .  .  .  .  .  .  .  .\5
<      6\.  .  .  .  .  .  .  .  .  .  .\6
<       7\B  .  .  B  .  .  W  .  .  .  .\7
<        8\W  .  .  .  .  .  .  .  .  .  .\8
<         9\.  W  .  .  .  .  .  .  .  .  .\9
<         10\.  .  .  .  .  .  .  .  .  .  .\10
<          11\.  .  .  .  .  .  .  .  .  .  .\11
<              a  b  c  d  e  f  g  h  i  j  k  
<
>genmove b
<= h7
<
>showboard
787d7 info: Best move cannot be determined, must search state.
787d7 info: --- MoHexPlayer::Search() ---
787d7 info: Color: black
787d7 info: MaxGames: 1
787d7 info: NumberThreads: 1
787d7 info: MaxNodes: 181818181 (15999999928 bytes)
787d7 info: TimeForMove: 1
787d7 info: PreSearch: max time reached (17/82).
787d7 info: Time for PreSearch: 0.205623s
787d7 info: 
  98c1bc7f83399d63
  a  b  c  d  e  f  g  h  i  j  k  
 1\b  B  W  .  .  .  .  .  .  .  .\1
  2\.  *  *  *  *  *  *  *  W  *  *\2
   3\*  *  *  *  *  *  *  *  *  *  *\3
    4\*  *  *  *  B  *  B  *  *  *  *\4
     5\*  *  *  *  *  *  *  *  *  *  *\5
      6\*  *  *  *  *  *  *  *  *  *  *\6
       7\B  *  *  B  *  *  W  *  *  *  *\7
        8\W  .  *  *  *  *  *  *  *  *  *\8
         9\w  W  *  *  *  *  *  *  *  *  .\9
         10\w  .  .  *  *  *  *  *  *  .  .\10
          11\.  .  .  .  .  .  .  .  .  .  .\11
              a  b  c  d  e  f  g  h  i  j  k  
787d7 info: Old: [black, g4] [white, swap-pieces] [white, i2] [black, e4] [white, a8] [black, d7] [white, c1] [black, b1] [white, g7] 
787d7 info: New: [black, g4] [white, swap-pieces] [white, i2] [black, e4] [white, a8] [black, d7] [white, c1] [black, b1] [white, g7] [black, a7] [white, b9] 
787d7 info: MovesPlayed: [black, a7] [white, b9] 
787d7 info: No subtree to reuse.
787d7 info: StartSearch()[0]
SgUctSearch: max games reached
787d7 info: 
Elapsed Time   0.36757s
Count          1
GamesPlayed    1
Nodes          1
Knowledge      0 (0.0%)
Expansions     0.0
Time           0.00
GameLen        108.0 dev=0.0 min=108.0 max=108.0
InTree         0.0 dev=0.0 min=0.0 max=0.0
KnowDepth      -
Aborted        0%
Games/s        2463.1
Score          1.00
Sequence      
787d7 info: 
787d7 warning: **** MoHexSearch returned empty sequence!
787d7 warning: **** Returning random move!
<= 
< 
<  8a0f0984edaf912d
<  a  b  c  d  e  f  g  h  i  j  k  
< 1\.  B  W  .  .  .  .  .  .  .  .\1
<  2\.  .  .  .  .  .  .  .  W  .  .\2
<   3\.  .  .  .  .  .  .  .  .  .  .\3
<    4\.  .  .  .  B  .  B  .  .  .  .\4
<     5\.  .  .  .  .  .  .  .  .  .  .\5
<      6\.  .  .  .  .  .  .  .  .  .  .\6
<       7\B  .  .  B  .  .  W  B  .  .  .\7
<        8\W  .  .  .  .  .  .  .  .  .  .\8
<         9\.  W  .  .  .  .  .  .  .  .  .\9
<         10\.  .  .  .  .  .  .  .  .  .  .\10
<          11\.  .  .  .  .  .  .  .  .  .  .\11
<              a  b  c  d  e  f  g  h  i  j  k  
<
>play w j5
<= 
<
>showboard
<= 
< 
<  8c299426566fee9a
<  a  b  c  d  e  f  g  h  i  j  k  
< 1\.  B  W  .  .  .  .  .  .  .  .\1
<  2\.  .  .  .  .  .  .  .  W  .  .\2
<   3\.  .  .  .  .  .  .  .  .  .  .\3
<    4\.  .  .  .  B  .  B  .  .  .  .\4
<     5\.  .  .  .  .  .  .  .  .  W  .\5
<      6\.  .  .  .  .  .  .  .  .  .  .\6
<       7\B  .  .  B  .  .  W  B  .  .  .\7
<        8\W  .  .  .  .  .  .  .  .  .  .\8
<         9\.  W  .  .  .  .  .  .  .  .  .\9
<         10\.  .  .  .  .  .  .  .  .  .  .\10
<          11\.  .  .  .  .  .  .  .  .  .  .\11
<              a  b  c  d  e  f  g  h  i  j  k  
<
>genmove b
<= b10
<
>showboard
787d7 info: Best move cannot be determined, must search state.
787d7 info: --- MoHexPlayer::Search() ---
787d7 info: Color: black
787d7 info: MaxGames: 1
787d7 info: NumberThreads: 1
787d7 info: MaxNodes: 181818181 (15999999928 bytes)
787d7 info: TimeForMove: 1
787d7 info: PreSearch: max time reached (19/72).
787d7 info: Time for PreSearch: 0.202585s
787d7 info: 
  8c299426566fee9a
  a  b  c  d  e  f  g  h  i  j  k  
 1\b  B  W  .  .  .  .  .  .  .  .\1
  2\.  *  *  *  *  *  *  *  W  *  .\2
   3\*  *  *  *  *  *  *  *  *  *  w\3
    4\*  *  *  *  B  *  B  *  *  .  w\4
     5\*  *  *  *  *  *  *  *  *  W  w\5
      6\*  *  *  *  *  *  *  *  *  .  w\6
       7\B  *  *  B  *  *  W  B  *  *  .\7
        8\W  .  *  *  *  *  *  *  *  *  *\8
         9\w  W  *  *  *  *  *  *  *  *  .\9
         10\w  .  .  *  *  *  *  *  *  .  .\10
          11\.  .  .  .  .  .  .  .  .  .  .\11
              a  b  c  d  e  f  g  h  i  j  k  
787d7 info: Old: [black, g4] [white, swap-pieces] [white, i2] [black, e4] [white, a8] [black, d7] [white, c1] [black, b1] [white, g7] [black, a7] [white, b9] 
787d7 info: New: [black, g4] [white, swap-pieces] [white, i2] [black, e4] [white, a8] [black, d7] [white, c1] [black, b1] [white, g7] [black, a7] [white, b9] [black, h7] [white, j5] 
787d7 info: MovesPlayed: [black, h7] [white, j5] 
787d7 info: No subtree to reuse.
787d7 info: StartSearch()[0]
SgUctSearch: max games reached
787d7 info: 
Elapsed Time   0.363563s
Count          1
GamesPlayed    1
Nodes          1
Knowledge      0 (0.0%)
Expansions     0.0
Time           0.00
GameLen        102.0 dev=0.0 min=102.0 max=102.0
InTree         0.0 dev=0.0 min=0.0 max=0.0
KnowDepth      -
Aborted        0%
Games/s        1964.6
Score          1.00
Sequence      
787d7 info: 
787d7 warning: **** MoHexSearch returned empty sequence!
787d7 warning: **** Returning random move!
<= 
< 
<  4a36f424ed509725
<  a  b  c  d  e  f  g  h  i  j  k  
< 1\.  B  W  .  .  .  .  .  .  .  .\1
<  2\.  .  .  .  .  .  .  .  W  .  .\2
<   3\.  .  .  .  .  .  .  .  .  .  .\3
<    4\.  .  .  .  B  .  B  .  .  .  .\4
<     5\.  .  .  .  .  .  .  .  .  W  .\5
<      6\.  .  .  .  .  .  .  .  .  .  .\6
<       7\B  .  .  B  .  .  W  B  .  .  .\7
<        8\W  .  .  .  .  .  .  .  .  .  .\8
<         9\.  W  .  .  .  .  .  .  .  .  .\9
<         10\.  B  .  .  .  .  .  .  .  .  .\10
<          11\.  .  .  .  .  .  .  .  .  .  .\11
<              a  b  c  d  e  f  g  h  i  j  k  
<
>play w h2
<= 
<
>showboard
<= 
< 
<  2863bb751430fb29
<  a  b  c  d  e  f  g  h  i  j  k  
< 1\.  B  W  .  .  .  .  .  .  .  .\1
<  2\.  .  .  .  .  .  .  W  W  .  .\2
<   3\.  .  .  .  .  .  .  .  .  .  .\3
<    4\.  .  .  .  B  .  B  .  .  .  .\4
<     5\.  .  .  .  .  .  .  .  .  W  .\5
<      6\.  .  .  .  .  .  .  .  .  .  .\6
<       7\B  .  .  B  .  .  W  B  .  .  .\7
<        8\W  .  .  .  .  .  .  .  .  .  .\8
<         9\.  W  .  .  .  .  .  .  .  .  .\9
<         10\.  B  .  .  .  .  .  .  .  .  .\10
<          11\.  .  .  .  .  .  .  .  .  .  .\11
<              a  b  c  d  e  f  g  h  i  j  k  
<
>genmove b
<= h9
<
>showboard
787d7 info: Best move cannot be determined, must search state.
787d7 info: --- MoHexPlayer::Search() ---
787d7 info: Color: black
787d7 info: MaxGames: 1
787d7 info: NumberThreads: 1
787d7 info: MaxNodes: 181818181 (15999999928 bytes)
787d7 info: TimeForMove: 1
787d7 info: PreSearch: max time reached (24/68).
787d7 info: Time for PreSearch: 0.20956s
787d7 info: 
  2863bb751430fb29
  a  b  c  d  e  f  g  h  i  j  k  
 1\b  B  W  .  .  .  .  .  b  .  .\1
  2\.  *  *  *  *  *  *  W  W  *  .\2
   3\*  *  *  *  *  *  .  .  *  *  w\3
    4\*  *  *  *  B  .  B  *  *  .  w\4
     5\*  *  *  *  *  *  *  *  *  W  w\5
      6\*  *  *  *  *  *  *  *  *  .  w\6
       7\B  *  *  B  *  *  W  B  *  *  .\7
        8\W  .  *  *  *  *  *  *  *  *  *\8
         9\w  W  *  *  *  *  *  *  *  *  .\9
         10\w  B  .  *  *  *  *  *  *  .  .\10
          11\b  b  b  .  .  .  .  .  .  .  .\11
              a  b  c  d  e  f  g  h  i  j  k  
787d7 info: Old: [black, g4] [white, swap-pieces] [white, i2] [black, e4] [white, a8] [black, d7] [white, c1] [black, b1] [white, g7] [black, a7] [white, b9] [black, h7] [white, j5] 
787d7 info: New: [black, g4] [white, swap-pieces] [white, i2] [black, e4] [white, a8] [black, d7] [white, c1] [black, b1] [white, g7] [black, a7] [white, b9] [black, h7] [white, j5] [black, b10] [white, h2] 
787d7 info: MovesPlayed: [black, b10] [white, h2] 
787d7 info: No subtree to reuse.
787d7 info: StartSearch()[0]
SgUctSearch: max games reached
787d7 info: 
Elapsed Time   0.531532s
Count          1
GamesPlayed    1
Nodes          1
Knowledge      0 (0.0%)
Expansions     0.0
Time           0.00
GameLen        96.0 dev=0.0 min=96.0 max=96.0
InTree         0.0 dev=0.0 min=0.0 max=0.0
KnowDepth      -
Aborted        0%
Games/s        3378.4
Score          1.00
Sequence      
787d7 info: 
787d7 warning: **** MoHexSearch returned empty sequence!
787d7 warning: **** Returning random move!
<= 
< 
<  cb300797f73345b6
<  a  b  c  d  e  f  g  h  i  j  k  
< 1\.  B  W  .  .  .  .  .  .  .  .\1
<  2\.  .  .  .  .  .  .  W  W  .  .\2
<   3\.  .  .  .  .  .  .  .  .  .  .\3
<    4\.  .  .  .  B  .  B  .  .  .  .\4
<     5\.  .  .  .  .  .  .  .  .  W  .\5
<      6\.  .  .  .  .  .  .  .  .  .  .\6
<       7\B  .  .  B  .  .  W  B  .  .  .\7
<        8\W  .  .  .  .  .  .  .  .  .  .\8
<         9\.  W  .  .  .  .  .  B  .  .  .\9
<         10\.  B  .  .  .  .  .  .  .  .  .\10
<          11\.  .  .  .  .  .  .  .  .  .  .\11
<              a  b  c  d  e  f  g  h  i  j  k  
<
>play w h4
<= 
<
>showboard
<= 
< 
<  458e14b5414597ae
<  a  b  c  d  e  f  g  h  i  j  k  
< 1\.  B  W  .  .  .  .  .  .  .  .\1
<  2\.  .  .  .  .  .  .  W  W  .  .\2
<   3\.  .  .  .  .  .  .  .  .  .  .\3
<    4\.  .  .  .  B  .  B  W  .  .  .\4
<     5\.  .  .  .  .  .  .  .  .  W  .\5
<      6\.  .  .  .  .  .  .  .  .  .  .\6
<       7\B  .  .  B  .  .  W  B  .  .  .\7
<        8\W  .  .  .  .  .  .  .  .  .  .\8
<         9\.  W  .  .  .  .  .  B  .  .  .\9
<         10\.  B  .  .  .  .  .  .  .  .  .\10
<          11\.  .  .  .  .  .  .  .  .  .  .\11
<              a  b  c  d  e  f  g  h  i  j  k  
<
>genmove b
<= f6
<
>showboard
787d7 info: Best move cannot be determined, must search state.
787d7 info: --- MoHexPlayer::Search() ---
787d7 info: Color: black
787d7 info: MaxGames: 1
787d7 info: NumberThreads: 1
787d7 info: MaxNodes: 181818181 (15999999928 bytes)
787d7 info: TimeForMove: 1
787d7 info: Winning sequence found before UCT search!
787d7 info: Sequence: f6
<= 
< 
<  c900d09889854388
<  a  b  c  d  e  f  g  h  i  j  k  
< 1\.  B  W  .  .  .  .  .  .  .  .\1
<  2\.  .  .  .  .  .  .  W  W  .  .\2
<   3\.  .  .  .  .  .  .  .  .  .  .\3
<    4\.  .  .  .  B  .  B  W  .  .  .\4
<     5\.  .  .  .  .  .  .  .  .  W  .\5
<      6\.  .  .  .  .  B  .  .  .  .  .\6
<       7\B  .  .  B  .  .  W  B  .  .  .\7
<        8\W  .  .  .  .  .  .  .  .  .  .\8
<         9\.  W  .  .  .  .  .  B  .  .  .\9
<         10\.  B  .  .  .  .  .  .  .  .  .\10
<          11\.  .  .  .  .  .  .  .  .  .  .\11
<              a  b  c  d  e  f  g  h  i  j  k  
<
>play w g1
<= 
<
>showboard
<= 
< 
<  6959dc72f33b377b
<  a  b  c  d  e  f  g  h  i  j  k  
< 1\.  B  W  .  .  .  W  .  .  .  .\1
<  2\.  .  .  .  .  .  .  W  W  .  .\2
<   3\.  .  .  .  .  .  .  .  .  .  .\3
<    4\.  .  .  .  B  .  B  W  .  .  .\4
<     5\.  .  .  .  .  .  .  .  .  W  .\5
<      6\.  .  .  .  .  B  .  .  .  .  .\6
<       7\B  .  .  B  .  .  W  B  .  .  .\7
<        8\W  .  .  .  .  .  .  .  .  .  .\8
<         9\.  W  .  .  .  .  .  B  .  .  .\9
<         10\.  B  .  .  .  .  .  .  .  .  .\10
<          11\.  .  .  .  .  .  .  .  .  .  .\11
<              a  b  c  d  e  f  g  h  i  j  k  
<
>genmove b
<= d3
<
>showboard
787d7 info: Winning SC.
<= 
< 
<  f0158f0c982638ac
<  a  b  c  d  e  f  g  h  i  j  k  
< 1\.  B  W  .  .  .  W  .  .  .  .\1
<  2\.  .  .  .  .  .  .  W  W  .  .\2
<   3\.  .  .  B  .  .  .  .  .  .  .\3
<    4\.  .  .  .  B  .  B  W  .  .  .\4
<     5\.  .  .  .  .  .  .  .  .  W  .\5
<      6\.  .  .  .  .  B  .  .  .  .  .\6
<       7\B  .  .  B  .  .  W  B  .  .  .\7
<        8\W  .  .  .  .  .  .  .  .  .  .\8
<         9\.  W  .  .  .  .  .  B  .  .  .\9
<         10\.  B  .  .  .  .  .  .  .  .  .\10
<          11\.  .  .  .  .  .  .  .  .  .  .\11
<              a  b  c  d  e  f  g  h  i  j  k  
<
>play w c9
<= 
<
>showboard
<= 
< 
<  b407f4d570bafd0a
<  a  b  c  d  e  f  g  h  i  j  k  
< 1\.  B  W  .  .  .  W  .  .  .  .\1
<  2\.  .  .  .  .  .  .  W  W  .  .\2
<   3\.  .  .  B  .  .  .  .  .  .  .\3
<    4\.  .  .  .  B  .  B  W  .  .  .\4
<     5\.  .  .  .  .  .  .  .  .  W  .\5
<      6\.  .  .  .  .  B  .  .  .  .  .\6
<       7\B  .  .  B  .  .  W  B  .  .  .\7
<        8\W  .  .  .  .  .  .  .  .  .  .\8
<         9\.  W  W  .  .  .  .  B  .  .  .\9
<         10\.  B  .  .  .  .  .  .  .  .  .\10
<          11\.  .  .  .  .  .  .  .  .  .  .\11
<              a  b  c  d  e  f  g  h  i  j  k  
<
>genmove b
<= e8
<
>showboard
787d7 info: Winning SC.
<= 
< 
<  5d3f8d8de86e7277
<  a  b  c  d  e  f  g  h  i  j  k  
< 1\.  B  W  .  .  .  W  .  .  .  .\1
<  2\.  .  .  .  .  .  .  W  W  .  .\2
<   3\.  .  .  B  .  .  .  .  .  .  .\3
<    4\.  .  .  .  B  .  B  W  .  .  .\4
<     5\.  .  .  .  .  .  .  .  .  W  .\5
<      6\.  .  .  .  .  B  .  .  .  .  .\6
<       7\B  .  .  B  .  .  W  B  .  .  .\7
<        8\W  .  .  .  B  .  .  .  .  .  .\8
<         9\.  W  W  .  .  .  .  B  .  .  .\9
<         10\.  B  .  .  .  .  .  .  .  .  .\10
<          11\.  .  .  .  .  .  .  .  .  .  .\11
<              a  b  c  d  e  f  g  h  i  j  k  
<
>play w d10
<= 
<
>showboard
<= 
< 
<  40bc53327765217a
<  a  b  c  d  e  f  g  h  i  j  k  
< 1\.  B  W  .  .  .  W  .  .  .  .\1
<  2\.  .  .  .  .  .  .  W  W  .  .\2
<   3\.  .  .  B  .  .  .  .  .  .  .\3
<    4\.  .  .  .  B  .  B  W  .  .  .\4
<     5\.  .  .  .  .  .  .  .  .  W  .\5
<      6\.  .  .  .  .  B  .  .  .  .  .\6
<       7\B  .  .  B  .  .  W  B  .  .  .\7
<        8\W  .  .  .  B  .  .  .  .  .  .\8
<         9\.  W  W  .  .  .  .  B  .  .  .\9
<         10\.  B  .  W  .  .  .  .  .  .  .\10
<          11\.  .  .  .  .  .  .  .  .  .  .\11
<              a  b  c  d  e  f  g  h  i  j  k  
<
>genmove b
<= f9
<
>showboard
787d7 info: Winning SC.
<= 
< 
<  c6bbeb410c251fdc
<  a  b  c  d  e  f  g  h  i  j  k  
< 1\.  B  W  .  .  .  W  .  .  .  .\1
<  2\.  .  .  .  .  .  .  W  W  .  .\2
<   3\.  .  .  B  .  .  .  .  .  .  .\3
<    4\.  .  .  .  B  .  B  W  .  .  .\4
<     5\.  .  .  .  .  .  .  .  .  W  .\5
<      6\.  .  .  .  .  B  .  .  .  .  .\6
<       7\B  .  .  B  .  .  W  B  .  .  .\7
<        8\W  .  .  .  B  .  .  .  .  .  .\8
<         9\.  W  W  .  .  B  .  B  .  .  .\9
<         10\.  B  .  W  .  .  .  .  .  .  .\10
<          11\.  .  .  .  .  .  .  .  .  .  .\11
<              a  b  c  d  e  f  g  h  i  j  k  
<
>play w f11
<= 
<
>showboard
<= 
< 
<  ec15a2a407b50f22
<  a  b  c  d  e  f  g  h  i  j  k  
< 1\.  B  W  .  .  .  W  .  .  .  .\1
<  2\.  .  .  .  .  .  .  W  W  .  .\2
<   3\.  .  .  B  .  .  .  .  .  .  .\3
<    4\.  .  .  .  B  .  B  W  .  .  .\4
<     5\.  .  .  .  .  .  .  .  .  W  .\5
<      6\.  .  .  .  .  B  .  .  .  .  .\6
<       7\B  .  .  B  .  .  W  B  .  .  .\7
<        8\W  .  .  .  B  .  .  .  .  .  .\8
<         9\.  W  W  .  .  B  .  B  .  .  .\9
<         10\.  B  .  W  .  .  .  .  .  .  .\10
<          11\.  .  .  .  .  W  .  .  .  .  .\11
<              a  b  c  d  e  f  g  h  i  j  k  
<
>genmove b
<= e10
<
>showboard
787d7 info: Winning SC.
<= 
< 
<  c3405ba13f0a27ea
<  a  b  c  d  e  f  g  h  i  j  k  
< 1\.  B  W  .  .  .  W  .  .  .  .\1
<  2\.  .  .  .  .  .  .  W  W  .  .\2
<   3\.  .  .  B  .  .  .  .  .  .  .\3
<    4\.  .  .  .  B  .  B  W  .  .  .\4
<     5\.  .  .  .  .  .  .  .  .  W  .\5
<      6\.  .  .  .  .  B  .  .  .  .  .\6
<       7\B  .  .  B  .  .  W  B  .  .  .\7
<        8\W  .  .  .  B  .  .  .  .  .  .\8
<         9\.  W  W  .  .  B  .  B  .  .  .\9
<         10\.  B  .  W  B  .  .  .  .  .  .\10
<          11\.  .  .  .  .  W  .  .  .  .  .\11
<              a  b  c  d  e  f  g  h  i  j  k  
<
>play w d2
<= 
<
>showboard
<= 
< 
<  4f85ce4df9943cca
<  a  b  c  d  e  f  g  h  i  j  k  
< 1\.  B  W  .  .  .  W  .  .  .  .\1
<  2\.  .  .  W  .  .  .  W  W  .  .\2
<   3\.  .  .  B  .  .  .  .  .  .  .\3
<    4\.  .  .  .  B  .  B  W  .  .  .\4
<     5\.  .  .  .  .  .  .  .  .  W  .\5
<      6\.  .  .  .  .  B  .  .  .  .  .\6
<       7\B  .  .  B  .  .  W  B  .  .  .\7
<        8\W  .  .  .  B  .  .  .  .  .  .\8
<         9\.  W  W  .  .  B  .  B  .  .  .\9
<         10\.  B  .  W  B  .  .  .  .  .  .\10
<          11\.  .  .  .  .  W  .  .  .  .  .\11
<              a  b  c  d  e  f  g  h  i  j  k  
<
>genmove b
<= e2
<
>showboard
787d7 info: Winning SC.
<= 
< 
<  2b1c2e8b0b625582
<  a  b  c  d  e  f  g  h  i  j  k  
< 1\.  B  W  .  .  .  W  .  .  .  .\1
<  2\.  .  .  W  B  .  .  W  W  .  .\2
<   3\.  .  .  B  .  .  .  .  .  .  .\3
<    4\.  .  .  .  B  .  B  W  .  .  .\4
<     5\.  .  .  .  .  .  .  .  .  W  .\5
<      6\.  .  .  .  .  B  .  .  .  .  .\6
<       7\B  .  .  B  .  .  W  B  .  .  .\7
<        8\W  .  .  .  B  .  .  .  .  .  .\8
<         9\.  W  W  .  .  B  .  B  .  .  .\9
<         10\.  B  .  W  B  .  .  .  .  .  .\10
<          11\.  .  .  .  .  W  .  .  .  .  .\11
<              a  b  c  d  e  f  g  h  i  j  k  
<
>play w f5
<= 
<
>showboard
<= 
< 
<  093a32ebacc6ea73
<  a  b  c  d  e  f  g  h  i  j  k  
< 1\.  B  W  .  .  .  W  .  .  .  .\1
<  2\.  .  .  W  B  .  .  W  W  .  .\2
<   3\.  .  .  B  .  .  .  .  .  .  .\3
<    4\.  .  .  .  B  .  B  W  .  .  .\4
<     5\.  .  .  .  .  W  .  .  .  W  .\5
<      6\.  .  .  .  .  B  .  .  .  .  .\6
<       7\B  .  .  B  .  .  W  B  .  .  .\7
<        8\W  .  .  .  B  .  .  .  .  .  .\8
<         9\.  W  W  .  .  B  .  B  .  .  .\9
<         10\.  B  .  W  B  .  .  .  .  .  .\10
<          11\.  .  .  .  .  W  .  .  .  .  .\11
<              a  b  c  d  e  f  g  h  i  j  k  
<
>genmove b
<= d6
<
>showboard
787d7 info: Winning SC.
<= 
< 
<  cda305f21ad3ee03
<  a  b  c  d  e  f  g  h  i  j  k  
< 1\.  B  W  .  .  .  W  .  .  .  .\1
<  2\.  .  .  W  B  .  .  W  W  .  .\2
<   3\.  .  .  B  .  .  .  .  .  .  .\3
<    4\.  .  .  .  B  .  B  W  .  .  .\4
<     5\.  .  .  .  .  W  .  .  .  W  .\5
<      6\.  .  .  B  .  B  .  .  .  .  .\6
<       7\B  .  .  B  .  .  W  B  .  .  .\7
<        8\W  .  .  .  B  .  .  .  .  .  .\8
<         9\.  W  W  .  .  B  .  B  .  .  .\9
<         10\.  B  .  W  B  .  .  .  .  .  .\10
<          11\.  .  .  .  .  W  .  .  .  .  .\11
<              a  b  c  d  e  f  g  h  i  j  k  
<
>play w e3
<= 
<
>showboard
<= 
< 
<  23e7a4555bdf4dd9
<  a  b  c  d  e  f  g  h  i  j  k  
< 1\.  B  W  .  .  .  W  .  .  .  .\1
<  2\.  .  .  W  B  .  .  W  W  .  .\2
<   3\.  .  .  B  W  .  .  .  .  .  .\3
<    4\.  .  .  .  B  .  B  W  .  .  .\4
<     5\.  .  .  .  .  W  .  .  .  W  .\5
<      6\.  .  .  B  .  B  .  .  .  .  .\6
<       7\B  .  .  B  .  .  W  B  .  .  .\7
<        8\W  .  .  .  B  .  .  .  .  .  .\8
<         9\.  W  W  .  .  B  .  B  .  .  .\9
<         10\.  B  .  W  B  .  .  .  .  .  .\10
<          11\.  .  .  .  .  W  .  .  .  .  .\11
<              a  b  c  d  e  f  g  h  i  j  k  
<
>genmove b
<= d4
<
>showboard
787d7 info: Winning SC.
<= 
< 
<  1612b1cfa27098f1
<  a  b  c  d  e  f  g  h  i  j  k  
< 1\.  B  W  .  .  .  W  .  .  .  .\1
<  2\.  .  .  W  B  .  .  W  W  .  .\2
<   3\.  .  .  B  W  .  .  .  .  .  .\3
<    4\.  .  .  B  B  .  B  W  .  .  .\4
<     5\.  .  .  .  .  W  .  .  .  W  .\5
<      6\.  .  .  B  .  B  .  .  .  .  .\6
<       7\B  .  .  B  .  .  W  B  .  .  .\7
<        8\W  .  .  .  B  .  .  .  .  .  .\8
<         9\.  W  W  .  .  B  .  B  .  .  .\9
<         10\.  B  .  W  B  .  .  .  .  .  .\10
<          11\.  .  .  .  .  W  .  .  .  .  .\11
<              a  b  c  d  e  f  g  h  i  j  k  
<
>play w e1
<= 
<
>showboard
<= 
< 
<  ccb11862e2e2865b
<  a  b  c  d  e  f  g  h  i  j  k  
< 1\.  B  W  .  W  .  W  .  .  .  .\1
<  2\.  .  .  W  B  .  .  W  W  .  .\2
<   3\.  .  .  B  W  .  .  .  .  .  .\3
<    4\.  .  .  B  B  .  B  W  .  .  .\4
<     5\.  .  .  .  .  W  .  .  .  W  .\5
<      6\.  .  .  B  .  B  .  .  .  .  .\6
<       7\B  .  .  B  .  .  W  B  .  .  .\7
<        8\W  .  .  .  B  .  .  .  .  .  .\8
<         9\.  W  W  .  .  B  .  B  .  .  .\9
<         10\.  B  .  W  B  .  .  .  .  .  .\10
<          11\.  .  .  .  .  W  .  .  .  .  .\11
<              a  b  c  d  e  f  g  h  i  j  k  
<
>genmove b
<= f1
<
>showboard
787d7 info: Winning SC.
<= 
< 
<  0b0dd4278898d9bd
<  a  b  c  d  e  f  g  h  i  j  k  
< 1\.  B  W  .  W  B  W  .  .  .  .\1
<  2\.  .  .  W  B  .  .  W  W  .  .\2
<   3\.  .  .  B  W  .  .  .  .  .  .\3
<    4\.  .  .  B  B  .  B  W  .  .  .\4
<     5\.  .  .  .  .  W  .  .  .  W  .\5
<      6\.  .  .  B  .  B  .  .  .  .  .\6
<       7\B  .  .  B  .  .  W  B  .  .  .\7
<        8\W  .  .  .  B  .  .  .  .  .  .\8
<         9\.  W  W  .  .  B  .  B  .  .  .\9
<         10\.  B  .  W  B  .  .  .  .  .  .\10
<          11\.  .  .  .  .  W  .  .  .  .  .\11
<              a  b  c  d  e  f  g  h  i  j  k  
<
>play w f8
<= 
<
>showboard
<= 
< 
<  499d4e4e2fbd2c07
<  a  b  c  d  e  f  g  h  i  j  k  
< 1\.  B  W  .  W  B  W  .  .  .  .\1
<  2\.  .  .  W  B  .  .  W  W  .  .\2
<   3\.  .  .  B  W  .  .  .  .  .  .\3
<    4\.  .  .  B  B  .  B  W  .  .  .\4
<     5\.  .  .  .  .  W  .  .  .  W  .\5
<      6\.  .  .  B  .  B  .  .  .  .  .\6
<       7\B  .  .  B  .  .  W  B  .  .  .\7
<        8\W  .  .  .  B  W  .  .  .  .  .\8
<         9\.  W  W  .  .  B  .  B  .  .  .\9
<         10\.  B  .  W  B  .  .  .  .  .  .\10
<          11\.  .  .  .  .  W  .  .  .  .  .\11
<              a  b  c  d  e  f  g  h  i  j  k  
<
>genmove b
<= e9
<
>showboard
787d7 info: Winning SC.
<= 
< 
<  b38a63229c533101
<  a  b  c  d  e  f  g  h  i  j  k  
< 1\.  B  W  .  W  B  W  .  .  .  .\1
<  2\.  .  .  W  B  .  .  W  W  .  .\2
<   3\.  .  .  B  W  .  .  .  .  .  .\3
<    4\.  .  .  B  B  .  B  W  .  .  .\4
<     5\.  .  .  .  .  W  .  .  .  W  .\5
<      6\.  .  .  B  .  B  .  .  .  .  .\6
<       7\B  .  .  B  .  .  W  B  .  .  .\7
<        8\W  .  .  .  B  W  .  .  .  .  .\8
<         9\.  W  W  .  B  B  .  B  .  .  .\9
<         10\.  B  .  W  B  .  .  .  .  .  .\10
<          11\.  .  .  .  .  W  .  .  .  .  .\11
<              a  b  c  d  e  f  g  h  i  j  k  
<
>play w d8
<= 
<
>showboard
<= 
< 
<  45032abc1cc3b852
<  a  b  c  d  e  f  g  h  i  j  k  
< 1\.  B  W  .  W  B  W  .  .  .  .\1
<  2\.  .  .  W  B  .  .  W  W  .  .\2
<   3\.  .  .  B  W  .  .  .  .  .  .\3
<    4\.  .  .  B  B  .  B  W  .  .  .\4
<     5\.  .  .  .  .  W  .  .  .  W  .\5
<      6\.  .  .  B  .  B  .  .  .  .  .\6
<       7\B  .  .  B  .  .  W  B  .  .  .\7
<        8\W  .  .  W  B  W  .  .  .  .  .\8
<         9\.  W  W  .  B  B  .  B  .  .  .\9
<         10\.  B  .  W  B  .  .  .  .  .  .\10
<          11\.  .  .  .  .  W  .  .  .  .  .\11
<              a  b  c  d  e  f  g  h  i  j  k  
<
>genmove b
<= e7
<
>showboard
787d7 info: Winning SC.
<= 
< 
<  ba9c208ace73843b
<  a  b  c  d  e  f  g  h  i  j  k  
< 1\.  B  W  .  W  B  W  .  .  .  .\1
<  2\.  .  .  W  B  .  .  W  W  .  .\2
<   3\.  .  .  B  W  .  .  .  .  .  .\3
<    4\.  .  .  B  B  .  B  W  .  .  .\4
<     5\.  .  .  .  .  W  .  .  .  W  .\5
<      6\.  .  .  B  .  B  .  .  .  .  .\6
<       7\B  .  .  B  B  .  W  B  .  .  .\7
<        8\W  .  .  W  B  W  .  .  .  .  .\8
<         9\.  W  W  .  B  B  .  B  .  .  .\9
<         10\.  B  .  W  B  .  .  .  .  .  .\10
<          11\.  .  .  .  .  W  .  .  .  .  .\11
<              a  b  c  d  e  f  g  h  i  j  k  
<
>play w d5
<= 
<
>showboard
<= 
< 
<  c656cbd85fb64c62
<  a  b  c  d  e  f  g  h  i  j  k  
< 1\.  B  W  .  W  B  W  .  .  .  .\1
<  2\.  .  .  W  B  .  .  W  W  .  .\2
<   3\.  .  .  B  W  .  .  .  .  .  .\3
<    4\.  .  .  B  B  .  B  W  .  .  .\4
<     5\.  .  .  W  .  W  .  .  .  W  .\5
<      6\.  .  .  B  .  B  .  .  .  .  .\6
<       7\B  .  .  B  B  .  W  B  .  .  .\7
<        8\W  .  .  W  B  W  .  .  .  .  .\8
<         9\.  W  W  .  B  B  .  B  .  .  .\9
<         10\.  B  .  W  B  .  .  .  .  .  .\10
<          11\.  .  .  .  .  W  .  .  .  .  .\11
<              a  b  c  d  e  f  g  h  i  j  k  
<
>genmove b
<= e5
<
>showboard
787d7 info: Winning SC.
<= 
< 
<  5aa225c1f6d121c0
<  a  b  c  d  e  f  g  h  i  j  k  
< 1\.  B  W  .  W  B  W  .  .  .  .\1
<  2\.  .  .  W  B  .  .  W  W  .  .\2
<   3\.  .  .  B  W  .  .  .  .  .  .\3
<    4\.  .  .  B  B  .  B  W  .  .  .\4
<     5\.  .  .  W  B  W  .  .  .  W  .\5
<      6\.  .  .  B  .  B  .  .  .  .  .\6
<       7\B  .  .  B  B  .  W  B  .  .  .\7
<        8\W  .  .  W  B  W  .  .  .  .  .\8
<         9\.  W  W  .  B  B  .  B  .  .  .\9
<         10\.  B  .  W  B  .  .  .  .  .  .\10
<          11\.  .  .  .  .  W  .  .  .  .  .\11
<              a  b  c  d  e  f  g  h  i  j  k  
<
>play w g9
<= 
<
>showboard
<= 
< 
<  133969199fec0672
<  a  b  c  d  e  f  g  h  i  j  k  
< 1\.  B  W  .  W  B  W  .  .  .  .\1
<  2\.  .  .  W  B  .  .  W  W  .  .\2
<   3\.  .  .  B  W  .  .  .  .  .  .\3
<    4\.  .  .  B  B  .  B  W  .  .  .\4
<     5\.  .  .  W  B  W  .  .  .  W  .\5
<      6\.  .  .  B  .  B  .  .  .  .  .\6
<       7\B  .  .  B  B  .  W  B  .  .  .\7
<        8\W  .  .  W  B  W  .  .  .  .  .\8
<         9\.  W  W  .  B  B  W  B  .  .  .\9
<         10\.  B  .  W  B  .  .  .  .  .  .\10
<          11\.  .  .  .  .  W  .  .  .  .  .\11
<              a  b  c  d  e  f  g  h  i  j  k  
<
>genmove b
<= e11
<
>showboard
787d7 info: Captured cells caused win! Removing...
787d7 info: Winning SC.
<= 
< 
<  1d7b2949f7a10705
<  a  b  c  d  e  f  g  h  i  j  k  
< 1\.  B  W  .  W  B  W  .  .  .  .\1
<  2\.  .  .  W  B  .  .  W  W  .  .\2
<   3\.  .  .  B  W  .  .  .  .  .  .\3
<    4\.  .  .  B  B  .  B  W  .  .  .\4
<     5\.  .  .  W  B  W  .  .  .  W  .\5
<      6\.  .  .  B  .  B  .  .  .  .  .\6
<       7\B  .  .  B  B  .  W  B  .  .  .\7
<        8\W  .  .  W  B  W  .  .  .  .  .\8
<         9\.  W  W  .  B  B  W  B  .  .  .\9
<         10\.  B  .  W  B  .  .  .  .  .  .\10
<          11\.  .  .  .  B  W  .  .  .  .  .\11
<              a  b  c  d  e  f  g  h  i  j  k  
<
>play w resign
<= 
<
>showboard
<= 
< 
<  1d7b2949f7a10705
<  a  b  c  d  e  f  g  h  i  j  k  
< 1\.  B  W  .  W  B  W  .  .  .  .\1
<  2\.  .  .  W  B  .  .  W  W  .  .\2
<   3\.  .  .  B  W  .  .  .  .  .  .\3
<    4\.  .  .  B  B  .  B  W  .  .  .\4
<     5\.  .  .  W  B  W  .  .  .  W  .\5
<      6\.  .  .  B  .  B  .  .  .  .  .\6
<       7\B  .  .  B  B  .  W  B  .  .  .\7
<        8\W  .  .  W  B  W  .  .  .  .  .\8
<         9\.  W  W  .  B  B  W  B  .  .  .\9
<         10\.  B  .  W  B  .  .  .  .  .  .\10
<          11\.  .  .  .  B  W  .  .  .  .  .\11
<              a  b  c  d  e  f  g  h  i  j  k  
<
>final_score
<= B+
<
>quit
<= 
<
