19207 config: MoHex v2.0.CMake Mar 21 2025.
19207 config: ============ InitializeSystem ============
19207 config: BenzeneProgram::InitRandom()
19207 config: Seed = 6907
19207 info: Prior Patterns:
19207 info: Global:
19207 info: Size            = 565 32648 
19207 info: TableEntries    = 65932 65910
19207 info: MirrorsAdded    = 0 0
19207 info: PrunableCount   = 30593 30629
19207 info: LargestGamma    = 5820.77
19207 info: SmallestGamma   = 6.6e-05
19207 info: Local:
19207 info: Size            = 550 5318 
19207 info: TableEntries    = 11602 11588
19207 info: MirrorsAdded    = 0 0
19207 info: PrunableCount   = 3659 3667
19207 info: LargestGamma    = 11281.8
19207 info: SmallestGamma   = 0.026235
19207 info: Playout Patterns:
19207 info: Global:
19207 info: Size            = 565 32648 
19207 info: TableEntries    = 70329 70329
19207 info: MirrorsAdded    = 4397 4419
19207 info: PrunableCount   = 30593 30629
19207 info: LargestGamma    = 5820.77
19207 info: SmallestGamma   = 6.6e-05
19207 info: Local:
19207 info: Size            = 550 5318 
19207 info: TableEntries    = 11602 11588
19207 info: MirrorsAdded    = 0 0
19207 info: PrunableCount   = 3659 3667
19207 info: LargestGamma    = 11281.8
19207 info: SmallestGamma   = 0.026235
19207 config: IcePatternSet: reading from '/home/linus/MoHex2.0/nfbranchfix/benzene-vanilla-cmake/share/ice-patterns.txt'.
19207 config: IcePatternSet: parsed 708 patterns.
19207 config: VCS: reading captured set patterns from '/home/linus/MoHex2.0/nfbranchfix/benzene-vanilla-cmake/share/vc-captured-set.txt'.
19207 config: VCS:: parsed 2 patterns.
19207 config: VCS: reading captured set patterns from '/home/linus/MoHex2.0/nfbranchfix/benzene-vanilla-cmake/share/vc-captured-set.txt'.
19207 config: VCS:: parsed 2 patterns.
19207 config: IcePatternSet: reading from '/home/linus/MoHex2.0/nfbranchfix/benzene-vanilla-cmake/share/ice-patterns.txt'.
19207 config: IcePatternSet: parsed 708 patterns.
19207 config: VCS: reading captured set patterns from '/home/linus/MoHex2.0/nfbranchfix/benzene-vanilla-cmake/share/vc-captured-set.txt'.
19207 config: VCS:: parsed 2 patterns.
19207 config: VCS: reading captured set patterns from '/home/linus/MoHex2.0/nfbranchfix/benzene-vanilla-cmake/share/vc-captured-set.txt'.
19207 config: VCS:: parsed 2 patterns.
19207 config: VCS: reading captured set patterns from '/home/linus/MoHex2.0/nfbranchfix/benzene-vanilla-cmake/share/vc-captured-set.txt'.
19207 config: VCS:: parsed 2 patterns.
19207 config: VCS: reading captured set patterns from '/home/linus/MoHex2.0/nfbranchfix/benzene-vanilla-cmake/share/vc-captured-set.txt'.
19207 config: VCS:: parsed 2 patterns.
19207 config: VCS: reading captured set patterns from '/home/linus/MoHex2.0/nfbranchfix/benzene-vanilla-cmake/share/vc-captured-set.txt'.
19207 config: VCS:: parsed 2 patterns.
19207 config: VCS: reading captured set patterns from '/home/linus/MoHex2.0/nfbranchfix/benzene-vanilla-cmake/share/vc-captured-set.txt'.
19207 config: VCS:: parsed 2 patterns.
19207 config: VCPattern: loading pattern templates from '/home/linus/MoHex2.0/nfbranchfix/benzene-vanilla-cmake/share/vc-patterns.txt'.
19207 info: Best move cannot be determined, must search state.
19207 info: --- MoHexPlayer::Search() ---
19207 info: Color: black
19207 info: MaxGames: 1
19207 info: NumberThreads: 1
19207 info: MaxNodes: 9090 (799920 bytes)
19207 info: TimeForMove: 1
19207 info: PreSearch: max time reached (56/84).
19207 info: Time for PreSearch: 0.202218s
19207 info: 
  57e01504922bfdf2
  a  b  c  d  e  f  g  h  i  j  k  
 1\.  .  .  .  .  .  .  .  .  .  .\1
  2\.  .  *  *  *  *  *  *  *  *  *\2
   3\.  *  *  *  *  *  *  *  *  *  .\3
    4\*  *  *  *  *  *  *  *  *  *  w\4
     5\*  *  *  *  *  *  *  *  *  .  w\5
      6\*  *  *  *  *  *  *  *  *  W  w\6
       7\*  *  *  *  *  *  *  *  *  .  w\7
        8\*  *  *  *  *  *  *  *  *  *  .\8
         9\*  *  *  *  *  *  *  *  *  *  .\9
         10\*  *  *  *  *  *  *  *  *  .  .\10
          11\.  .  .  .  B  .  .  .  .  .  .\11
              a  b  c  d  e  f  g  h  i  j  k  
19207 info: No subtree to reuse.
19207 info: Creating thread 0
19207 info: StartSearch()[0]
19207 config: VCS: reading captured set patterns from '/home/linus/MoHex2.0/nfbranchfix/benzene-vanilla-cmake/share/vc-captured-set.txt'.
19207 config: VCS:: parsed 2 patterns.
19207 config: VCS: reading captured set patterns from '/home/linus/MoHex2.0/nfbranchfix/benzene-vanilla-cmake/share/vc-captured-set.txt'.
19207 config: VCS:: parsed 2 patterns.
19207 info: 
Elapsed Time   0.356078s
Count          1
GamesPlayed    1
Nodes          1
Knowledge      0 (0.0%)
Expansions     0.0
Time           0.00
GameLen        115.0 dev=0.0 min=115.0 max=115.0
InTree         0.0 dev=0.0 min=0.0 max=0.0
KnowDepth      -
Aborted        0%
Games/s        408.2
Score          1.00
Sequence      
19207 info: 
19207 warning: **** MoHexSearch returned empty sequence!
19207 warning: **** Returning random move!
19207 info: Best move cannot be determined, must search state.
19207 info: --- MoHexPlayer::Search() ---
19207 info: Color: black
19207 info: MaxGames: 1
19207 info: NumberThreads: 1
19207 info: MaxNodes: 9090 (799920 bytes)
19207 info: TimeForMove: 1
19207 info: PreSearch: max time reached (56/81).
19207 info: Time for PreSearch: 0.203416s
19207 info: 
  e80138126fa5c283
  a  b  c  d  e  f  g  h  i  j  k  
 1\.  .  .  .  .  .  .  .  .  .  .\1
  2\.  .  *  *  *  *  *  *  *  *  .\2
   3\.  *  *  *  *  *  *  *  *  *  w\3
    4\*  *  *  *  *  *  *  *  *  .  w\4
     5\*  *  *  *  *  *  *  *  *  w  w\5
      6\*  *  *  *  *  *  *  *  W  W  w\6
       7\*  *  *  *  *  *  *  *  *  .  w\7
        8\*  *  *  *  *  *  *  *  *  *  .\8
         9\*  *  *  *  *  *  *  *  *  *  .\9
         10\*  *  *  *  *  .  .  *  *  .  B\10
          11\.  .  .  .  B  .  .  .  b  b  b\11
              a  b  c  d  e  f  g  h  i  j  k  
19207 info: Old: [black, e11] [white, j6] 
19207 info: New: [black, e11] [white, j6] [black, k10] [white, i6] 
19207 info: MovesPlayed: [black, k10] [white, i6] 
19207 info: No subtree to reuse.
19207 info: StartSearch()[0]
19207 info: 
Elapsed Time   0.34945s
Count          1
GamesPlayed    1
Nodes          1
Knowledge      0 (0.0%)
Expansions     0.0
Time           0.00
GameLen        108.0 dev=0.0 min=108.0 max=108.0
InTree         0.0 dev=0.0 min=0.0 max=0.0
KnowDepth      -
Aborted        0%
Games/s        3448.3
Score          1.00
Sequence      
19207 info: 
19207 warning: **** MoHexSearch returned empty sequence!
19207 warning: **** Returning random move!
19207 info: Best move cannot be determined, must search state.
19207 info: --- MoHexPlayer::Search() ---
19207 info: Color: black
19207 info: MaxGames: 1
19207 info: NumberThreads: 1
19207 info: MaxNodes: 9090 (799920 bytes)
19207 info: TimeForMove: 1
19207 info: Time for PreSearch: 0.187844s
19207 info: 
  5952c35187d4633d
  a  b  c  d  e  f  g  h  i  j  k  
 1\.  .  .  .  .  .  .  .  .  .  .\1
  2\.  .  *  *  *  *  *  *  *  *  .\2
   3\.  *  *  *  *  *  *  *  *  *  w\3
    4\*  *  *  *  *  *  *  *  *  .  w\4
     5\*  *  *  *  *  *  *  *  *  w  w\5
      6\*  *  *  *  *  *  *  *  W  W  w\6
       7\*  *  *  *  *  *  *  *  .  w  w\7
        8\.  *  *  *  *  *  *  *  *  w  w\8
         9\w  .  *  *  *  *  *  .  .  w  w\9
         10\w  W  *  *  .  .  B  b  b  b  B\10
          11\w  .  .  .  B  b  b  b  b  b  b\11
              a  b  c  d  e  f  g  h  i  j  k  
19207 info: Old: [black, e11] [white, j6] [black, k10] [white, i6] 
19207 info: New: [black, e11] [white, j6] [black, k10] [white, i6] [black, g10] [white, b10] 
19207 info: MovesPlayed: [black, g10] [white, b10] 
19207 info: No subtree to reuse.
19207 info: StartSearch()[0]
19207 info: 
Elapsed Time   0.331226s
Count          1
GamesPlayed    1
Nodes          1
Knowledge      0 (0.0%)
Expansions     0.0
Time           0.00
GameLen        92.0 dev=0.0 min=92.0 max=92.0
InTree         0.0 dev=0.0 min=0.0 max=0.0
KnowDepth      -
Aborted        0%
Games/s        3816.8
Score          0.00
Sequence      
19207 info: 
19207 warning: **** MoHexSearch returned empty sequence!
19207 warning: **** Returning random move!
19207 info: Best move cannot be determined, must search state.
19207 info: --- MoHexPlayer::Search() ---
19207 info: Color: black
19207 info: MaxGames: 1
19207 info: NumberThreads: 1
19207 info: MaxNodes: 9090 (799920 bytes)
19207 info: TimeForMove: 1
19207 info: Time for PreSearch: 0.157834s
19207 info: 
  05f6d28fbc064331
  a  b  c  d  e  f  g  h  i  j  k  
 1\.  .  .  .  W  .  .  .  .  .  .\1
  2\.  .  *  *  *  *  *  *  *  *  .\2
   3\.  *  *  *  *  *  *  *  *  *  w\3
    4\*  *  *  *  *  *  *  *  *  .  w\4
     5\*  *  *  *  *  *  *  *  *  w  w\5
      6\*  *  *  *  *  *  *  *  W  W  w\6
       7\*  *  *  *  *  *  *  *  .  w  w\7
        8\.  *  *  *  *  *  *  .  .  w  w\8
         9\w  .  *  *  *  B  .  .  .  w  w\9
         10\w  W  *  .  .  .  B  b  b  b  B\10
          11\w  .  .  .  B  b  b  b  b  b  b\11
              a  b  c  d  e  f  g  h  i  j  k  
19207 info: Old: [black, e11] [white, j6] [black, k10] [white, i6] [black, g10] [white, b10] 
19207 info: New: [black, e11] [white, j6] [black, k10] [white, i6] [black, g10] [white, b10] [black, f9] [white, e1] 
19207 info: MovesPlayed: [black, f9] [white, e1] 
19207 info: No subtree to reuse.
19207 info: StartSearch()[0]
19207 info: 
Elapsed Time   0.30158s
Count          1
GamesPlayed    1
Nodes          1
Knowledge      0 (0.0%)
Expansions     0.0
Time           0.00
GameLen        90.0 dev=0.0 min=90.0 max=90.0
InTree         0.0 dev=0.0 min=0.0 max=0.0
KnowDepth      -
Aborted        0%
Games/s        3636.4
Score          0.00
Sequence      
19207 info: 
19207 warning: **** MoHexSearch returned empty sequence!
19207 warning: **** Returning random move!
19207 info: Best move cannot be determined, must search state.
19207 info: --- MoHexPlayer::Search() ---
19207 info: Color: black
19207 info: MaxGames: 1
19207 info: NumberThreads: 1
19207 info: MaxNodes: 9090 (799920 bytes)
19207 info: TimeForMove: 1
19207 info: Time for PreSearch: 0.10068s
19207 info: 
  6b2006c0d1574f62
  a  b  c  d  e  f  g  h  i  j  k  
 1\.  .  .  .  W  .  .  .  W  .  .\1
  2\.  .  *  *  *  *  *  *  *  *  .\2
   3\.  *  *  *  *  *  *  *  *  *  w\3
    4\*  *  *  *  *  *  *  *  *  .  w\4
     5\*  *  *  *  *  *  *  *  *  w  w\5
      6\*  *  *  *  *  *  *  *  W  W  w\6
       7\*  *  *  *  *  *  *  .  w  w  w\7
        8\.  *  *  *  *  .  B  b  w  b  w\8
         9\w  .  *  .  .  B  b  b  b  b  w\9
         10\w  W  .  b  b  b  B  b  b  b  B\10
          11\w  b  b  b  B  b  b  b  b  b  b\11
              a  b  c  d  e  f  g  h  i  j  k  
19207 info: Old: [black, e11] [white, j6] [black, k10] [white, i6] [black, g10] [white, b10] [black, f9] [white, e1] 
19207 info: New: [black, e11] [white, j6] [black, k10] [white, i6] [black, g10] [white, b10] [black, f9] [white, e1] [black, g8] [white, i1] 
19207 info: MovesPlayed: [black, g8] [white, i1] 
19207 info: No subtree to reuse.
19207 info: StartSearch()[0]
19207 info: 
Elapsed Time   0.244553s
Count          1
GamesPlayed    1
Nodes          1
Knowledge      0 (0.0%)
Expansions     0.0
Time           0.00
GameLen        76.0 dev=0.0 min=76.0 max=76.0
InTree         0.0 dev=0.0 min=0.0 max=0.0
KnowDepth      -
Aborted        0%
Games/s        4219.4
Score          0.00
Sequence      
19207 info: 
19207 warning: **** MoHexSearch returned empty sequence!
19207 warning: **** Returning random move!
19207 info: Best move cannot be determined, must search state.
19207 info: --- MoHexPlayer::Search() ---
19207 info: Color: black
19207 info: MaxGames: 1
19207 info: NumberThreads: 1
19207 info: MaxNodes: 9090 (799920 bytes)
19207 info: TimeForMove: 1
19207 info: Time for PreSearch: 0.090482s
19207 info: 
  cf47dcdbc61a3087
  a  b  c  d  e  f  g  h  i  j  k  
 1\.  .  .  .  W  .  .  .  W  .  .\1
  2\.  .  *  *  *  *  *  *  *  *  .\2
   3\B  .  *  *  *  *  *  *  *  *  w\3
    4\.  *  *  *  *  *  *  *  *  .  w\4
     5\W  *  *  *  *  *  *  *  *  w  w\5
      6\.  *  *  *  *  *  *  *  W  W  w\6
       7\*  *  *  *  *  *  *  .  w  w  w\7
        8\.  *  *  *  *  .  B  b  w  b  w\8
         9\w  .  *  .  .  B  b  b  b  b  w\9
         10\w  W  .  b  b  b  B  b  b  b  B\10
          11\w  b  b  b  B  b  b  b  b  b  b\11
              a  b  c  d  e  f  g  h  i  j  k  
19207 info: Old: [black, e11] [white, j6] [black, k10] [white, i6] [black, g10] [white, b10] [black, f9] [white, e1] [black, g8] [white, i1] 
19207 info: New: [black, e11] [white, j6] [black, k10] [white, i6] [black, g10] [white, b10] [black, f9] [white, e1] [black, g8] [white, i1] [black, a3] [white, a5] 
19207 info: MovesPlayed: [black, a3] [white, a5] 
19207 info: No subtree to reuse.
19207 info: StartSearch()[0]
19207 info: 
Elapsed Time   0.228847s
Count          1
GamesPlayed    1
Nodes          1
Knowledge      0 (0.0%)
Expansions     0.0
Time           0.00
GameLen        74.0 dev=0.0 min=74.0 max=74.0
InTree         0.0 dev=0.0 min=0.0 max=0.0
KnowDepth      -
Aborted        0%
Games/s        4166.7
Score          0.00
Sequence      
19207 info: 
19207 warning: **** MoHexSearch returned empty sequence!
19207 warning: **** Returning random move!
19207 info: Best move cannot be determined, must search state.
19207 info: --- MoHexPlayer::Search() ---
19207 info: Color: black
19207 info: MaxGames: 1
19207 info: NumberThreads: 1
19207 info: MaxNodes: 9090 (799920 bytes)
19207 info: TimeForMove: 1
19207 info: Time for PreSearch: 0.081059s
19207 info: 
  466df6dbf197a637
  a  b  c  d  e  f  g  h  i  j  k  
 1\.  .  .  .  W  .  .  .  W  .  .\1
  2\.  .  *  *  *  *  *  *  *  *  .\2
   3\B  .  *  *  *  *  *  *  *  *  w\3
    4\.  *  *  *  *  *  *  *  *  .  w\4
     5\W  *  *  *  *  *  *  *  *  w  w\5
      6\.  *  *  *  *  *  *  *  W  W  w\6
       7\*  *  *  *  *  W  B  b  b  w  w\7
        8\.  *  *  *  .  b  B  b  b  b  w\8
         9\w  .  *  .  b  B  b  b  b  b  w\9
         10\w  W  .  b  b  b  B  b  b  b  B\10
          11\w  b  b  b  B  b  b  b  b  b  b\11
              a  b  c  d  e  f  g  h  i  j  k  
19207 info: Old: [black, e11] [white, j6] [black, k10] [white, i6] [black, g10] [white, b10] [black, f9] [white, e1] [black, g8] [white, i1] [black, a3] [white, a5] 
19207 info: New: [black, e11] [white, j6] [black, k10] [white, i6] [black, g10] [white, b10] [black, f9] [white, e1] [black, g8] [white, i1] [black, a3] [white, a5] [black, g7] [white, f7] 
19207 info: MovesPlayed: [black, g7] [white, f7] 
19207 info: No subtree to reuse.
19207 info: StartSearch()[0]
19207 info: 
Elapsed Time   0.225404s
Count          1
GamesPlayed    1
Nodes          1
Knowledge      0 (0.0%)
Expansions     0.0
Time           0.00
GameLen        69.0 dev=0.0 min=69.0 max=69.0
InTree         0.0 dev=0.0 min=0.0 max=0.0
KnowDepth      -
Aborted        0%
Games/s        2695.4
Score          0.00
Sequence      
19207 info: 
19207 warning: **** MoHexSearch returned empty sequence!
19207 warning: **** Returning random move!
19207 info: Best move cannot be determined, must search state.
19207 info: --- MoHexPlayer::Search() ---
19207 info: Color: black
19207 info: MaxGames: 1
19207 info: NumberThreads: 1
19207 info: MaxNodes: 9090 (799920 bytes)
19207 info: TimeForMove: 1
19207 info: Time for PreSearch: 0.028442s
19207 info: 
  3fe58ab05ad5d421
  a  b  c  d  e  f  g  h  i  j  k  
 1\.  .  .  .  W  .  .  .  W  .  .\1
  2\.  .  .  .  .  .  .  .  .  .  .\2
   3\B  .  .  .  .  .  .  .  .  *  w\3
    4\.  .  .  .  .  .  .  B  *  .  w\4
     5\W  *  .  .  .  .  .  *  *  w  w\5
      6\.  *  *  *  .  .  *  *  W  W  w\6
       7\*  *  *  *  *  W  B  b  b  w  w\7
        8\.  *  .  *  W  b  B  b  b  b  w\8
         9\w  .  *  .  b  B  b  b  b  b  w\9
         10\w  W  .  b  b  b  B  b  b  b  B\10
          11\w  b  b  b  B  b  b  b  b  b  b\11
              a  b  c  d  e  f  g  h  i  j  k  
19207 info: Old: [black, e11] [white, j6] [black, k10] [white, i6] [black, g10] [white, b10] [black, f9] [white, e1] [black, g8] [white, i1] [black, a3] [white, a5] [black, g7] [white, f7] 
19207 info: New: [black, e11] [white, j6] [black, k10] [white, i6] [black, g10] [white, b10] [black, f9] [white, e1] [black, g8] [white, i1] [black, a3] [white, a5] [black, g7] [white, f7] [black, h4] [white, e8] 
19207 info: MovesPlayed: [black, h4] [white, e8] 
19207 info: No subtree to reuse.
19207 info: StartSearch()[0]
19207 info: 
Elapsed Time   0.169028s
Count          1
GamesPlayed    1
Nodes          1
Knowledge      0 (0.0%)
Expansions     0.0
Time           0.00
GameLen        67.0 dev=0.0 min=67.0 max=67.0
InTree         0.0 dev=0.0 min=0.0 max=0.0
KnowDepth      -
Aborted        0%
Games/s        3891.1
Score          0.00
Sequence      
19207 info: 
19207 warning: **** MoHexSearch returned empty sequence!
19207 warning: **** Returning random move!
19207 info: Opponent has won; playing most blocking move.
19207 info: Opponent has won; playing most blocking move.
19207 info: Opponent has won; playing most blocking move.
19207 info: Captured cells caused win! Removing...
19207 info: Opponent has won; playing most blocking move.
19207 info: Captured cells caused win! Removing...
19207 info: Opponent has won; playing most blocking move.
19207 config: ============ BenzeneShutdown =============
19207 config: MoHexProgram:: ShutdownSystem()
19207 config: CommonProgram:: ShutdownSystem()
19207 config: BenzeneProgram:: ShutdownSystem()
Flushing and closing this stream...
