d2507 config: MoHex v2.0.CMake Mar 21 2025.
d2507 config: ============ InitializeSystem ============
d2507 config: BenzeneProgram::InitRandom()
d2507 config: Seed = 469157
d2507 info: Prior Patterns:
d2507 info: Global:
d2507 info: Size            = 565 32648 
d2507 info: TableEntries    = 65932 65910
d2507 info: MirrorsAdded    = 0 0
d2507 info: PrunableCount   = 30593 30629
d2507 info: LargestGamma    = 5820.77
d2507 info: SmallestGamma   = 6.6e-05
d2507 info: Local:
d2507 info: Size            = 550 5318 
d2507 info: TableEntries    = 11602 11588
d2507 info: MirrorsAdded    = 0 0
d2507 info: PrunableCount   = 3659 3667
d2507 info: LargestGamma    = 11281.8
d2507 info: SmallestGamma   = 0.026235
d2507 info: Playout Patterns:
d2507 info: Global:
d2507 info: Size            = 565 32648 
d2507 info: TableEntries    = 70329 70329
d2507 info: MirrorsAdded    = 4397 4419
d2507 info: PrunableCount   = 30593 30629
d2507 info: LargestGamma    = 5820.77
d2507 info: SmallestGamma   = 6.6e-05
d2507 info: Local:
d2507 info: Size            = 550 5318 
d2507 info: TableEntries    = 11602 11588
d2507 info: MirrorsAdded    = 0 0
d2507 info: PrunableCount   = 3659 3667
d2507 info: LargestGamma    = 11281.8
d2507 info: SmallestGamma   = 0.026235
d2507 config: IcePatternSet: reading from '/home/linus/MoHex2.0/nfbranchfix/benzene-vanilla-cmake/share/ice-patterns.txt'.
d2507 config: IcePatternSet: parsed 708 patterns.
d2507 config: VCS: reading captured set patterns from '/home/linus/MoHex2.0/nfbranchfix/benzene-vanilla-cmake/share/vc-captured-set.txt'.
d2507 config: VCS:: parsed 2 patterns.
d2507 config: VCS: reading captured set patterns from '/home/linus/MoHex2.0/nfbranchfix/benzene-vanilla-cmake/share/vc-captured-set.txt'.
d2507 config: VCS:: parsed 2 patterns.
d2507 config: IcePatternSet: reading from '/home/linus/MoHex2.0/nfbranchfix/benzene-vanilla-cmake/share/ice-patterns.txt'.
d2507 config: IcePatternSet: parsed 708 patterns.
d2507 config: VCS: reading captured set patterns from '/home/linus/MoHex2.0/nfbranchfix/benzene-vanilla-cmake/share/vc-captured-set.txt'.
d2507 config: VCS:: parsed 2 patterns.
d2507 config: VCS: reading captured set patterns from '/home/linus/MoHex2.0/nfbranchfix/benzene-vanilla-cmake/share/vc-captured-set.txt'.
d2507 config: VCS:: parsed 2 patterns.
d2507 config: VCS: reading captured set patterns from '/home/linus/MoHex2.0/nfbranchfix/benzene-vanilla-cmake/share/vc-captured-set.txt'.
d2507 config: VCS:: parsed 2 patterns.
d2507 config: VCS: reading captured set patterns from '/home/linus/MoHex2.0/nfbranchfix/benzene-vanilla-cmake/share/vc-captured-set.txt'.
d2507 config: VCS:: parsed 2 patterns.
d2507 config: VCS: reading captured set patterns from '/home/linus/MoHex2.0/nfbranchfix/benzene-vanilla-cmake/share/vc-captured-set.txt'.
d2507 config: VCS:: parsed 2 patterns.
d2507 config: VCS: reading captured set patterns from '/home/linus/MoHex2.0/nfbranchfix/benzene-vanilla-cmake/share/vc-captured-set.txt'.
d2507 config: VCS:: parsed 2 patterns.
d2507 info: SwapCheck: reading from '/home/linus/MoHex2.0/nfbranchfix/benzene-vanilla-cmake/share/swap-moves.txt'.
d2507 info: SwapCheck: playing swap.
d2507 config: VCPattern: loading pattern templates from '/home/linus/MoHex2.0/nfbranchfix/benzene-vanilla-cmake/share/vc-patterns.txt'.
d2507 info: Best move cannot be determined, must search state.
d2507 info: --- MoHexPlayer::Search() ---
d2507 info: Color: black
d2507 info: MaxGames: 1
d2507 info: NumberThreads: 1
d2507 info: MaxNodes: 9090 (799920 bytes)
d2507 info: TimeForMove: 1
d2507 info: PreSearch: max time reached (55/92).
d2507 info: Time for PreSearch: 0.200524s
d2507 info: 
  52a5a73c094dc81b
  a  b  c  d  e  f  g  h  i  j  k  
 1\.  .  .  .  .  .  .  .  .  .  .\1
  2\.  .  *  *  *  *  *  *  *  *  *\2
   3\.  *  *  *  *  *  *  *  *  *  *\3
    4\*  *  *  *  *  *  *  *  *  *  *\4
     5\*  *  *  *  *  *  *  *  *  *  *\5
      6\*  *  *  *  *  *  *  *  *  *  *\6
       7\*  *  *  *  *  *  *  *  *  *  *\7
        8\*  *  *  *  *  *  *  *  *  *  *\8
         9\*  *  *  *  *  *  *  *  *  *  .\9
         10\B  .  *  *  *  *  *  *  *  .  .\10
          11\.  .  .  .  .  .  W  .  .  .  .\11
              a  b  c  d  e  f  g  h  i  j  k  
d2507 info: No subtree to reuse.
d2507 info: Creating thread 0
d2507 info: StartSearch()[0]
d2507 config: VCS: reading captured set patterns from '/home/linus/MoHex2.0/nfbranchfix/benzene-vanilla-cmake/share/vc-captured-set.txt'.
d2507 config: VCS:: parsed 2 patterns.
d2507 config: VCS: reading captured set patterns from '/home/linus/MoHex2.0/nfbranchfix/benzene-vanilla-cmake/share/vc-captured-set.txt'.
d2507 config: VCS:: parsed 2 patterns.
d2507 info: 
Elapsed Time   0.349736s
Count          1
GamesPlayed    1
Nodes          1
Knowledge      0 (0.0%)
Expansions     0.0
Time           0.00
GameLen        119.0 dev=0.0 min=119.0 max=119.0
InTree         0.0 dev=0.0 min=0.0 max=0.0
KnowDepth      -
Aborted        0%
Games/s        408.0
Score          1.00
Sequence      
d2507 info: 
d2507 warning: **** MoHexSearch returned empty sequence!
d2507 warning: **** Returning random move!
d2507 info: Best move cannot be determined, must search state.
d2507 info: --- MoHexPlayer::Search() ---
d2507 info: Color: black
d2507 info: MaxGames: 1
d2507 info: NumberThreads: 1
d2507 info: MaxNodes: 9090 (799920 bytes)
d2507 info: TimeForMove: 1
d2507 info: PreSearch: max time reached (59/88).
d2507 info: Time for PreSearch: 0.202874s
d2507 info: 
  b874a1720c94432f
  a  b  c  d  e  f  g  h  i  j  k  
 1\.  .  .  .  .  .  .  .  .  .  .\1
  2\.  .  *  *  *  *  .  .  *  *  *\2
   3\.  *  *  *  *  *  W  *  *  *  *\3
    4\*  *  *  *  *  *  *  *  *  *  *\4
     5\*  *  *  *  *  *  *  *  *  *  *\5
      6\*  *  *  *  *  *  *  *  *  *  *\6
       7\*  *  *  *  *  *  *  *  *  *  *\7
        8\*  *  *  *  *  *  B  *  *  *  *\8
         9\*  *  *  *  *  *  *  *  *  *  .\9
         10\B  .  *  *  *  *  *  *  *  .  .\10
          11\.  .  .  .  .  .  W  .  .  .  .\11
              a  b  c  d  e  f  g  h  i  j  k  
d2507 info: Old: [black, a10] [white, swap-pieces] [white, g11] 
d2507 info: New: [black, a10] [white, swap-pieces] [white, g11] [black, g8] [white, g3] 
d2507 info: MovesPlayed: [black, g8] [white, g3] 
d2507 info: No subtree to reuse.
d2507 info: StartSearch()[0]
d2507 info: 
Elapsed Time   0.345599s
Count          1
GamesPlayed    1
Nodes          1
Knowledge      0 (0.0%)
Expansions     0.0
Time           0.00
GameLen        117.0 dev=0.0 min=117.0 max=117.0
InTree         0.0 dev=0.0 min=0.0 max=0.0
KnowDepth      -
Aborted        0%
Games/s        2994.0
Score          0.00
Sequence      
d2507 info: 
d2507 warning: **** MoHexSearch returned empty sequence!
d2507 warning: **** Returning random move!
d2507 info: Best move cannot be determined, must search state.
d2507 info: --- MoHexPlayer::Search() ---
d2507 info: Color: black
d2507 info: MaxGames: 1
d2507 info: NumberThreads: 1
d2507 info: MaxNodes: 9090 (799920 bytes)
d2507 info: TimeForMove: 1
d2507 info: PreSearch: max time reached (59/84).
d2507 info: Time for PreSearch: 0.200182s
d2507 info: 
  d3f609cf9b75a6b3
  a  b  c  d  e  f  g  h  i  j  k  
 1\b  b  b  b  b  .  .  .  .  .  .\1
  2\b  b  B  .  *  *  .  .  *  *  *\2
   3\.  .  *  *  *  *  W  *  *  *  *\3
    4\*  *  *  *  *  *  *  *  *  *  *\4
     5\*  *  *  *  W  *  *  *  *  *  *\5
      6\*  *  *  *  *  *  *  *  *  *  *\6
       7\*  *  *  *  *  *  *  *  *  *  *\7
        8\*  *  *  *  *  *  B  *  *  *  *\8
         9\*  *  *  *  *  *  *  *  *  *  .\9
         10\B  .  *  *  *  *  *  *  *  .  .\10
          11\.  .  .  .  .  .  W  .  .  .  .\11
              a  b  c  d  e  f  g  h  i  j  k  
d2507 info: Old: [black, a10] [white, swap-pieces] [white, g11] [black, g8] [white, g3] 
d2507 info: New: [black, a10] [white, swap-pieces] [white, g11] [black, g8] [white, g3] [black, c2] [white, e5] 
d2507 info: MovesPlayed: [black, c2] [white, e5] 
d2507 info: No subtree to reuse.
d2507 info: StartSearch()[0]
d2507 info: 
Elapsed Time   0.34143s
Count          1
GamesPlayed    1
Nodes          1
Knowledge      0 (0.0%)
Expansions     0.0
Time           0.00
GameLen        108.0 dev=0.0 min=108.0 max=108.0
InTree         0.0 dev=0.0 min=0.0 max=0.0
KnowDepth      -
Aborted        0%
Games/s        3115.3
Score          0.00
Sequence      
d2507 info: 
d2507 warning: **** MoHexSearch returned empty sequence!
d2507 warning: **** Returning random move!
d2507 info: Best move cannot be determined, must search state.
d2507 info: --- MoHexPlayer::Search() ---
d2507 info: Color: black
d2507 info: MaxGames: 1
d2507 info: NumberThreads: 1
d2507 info: MaxNodes: 9090 (799920 bytes)
d2507 info: TimeForMove: 1
d2507 info: PreSearch: max time reached (58/82).
d2507 info: Time for PreSearch: 0.202359s
d2507 info: 
  dfd92ddb957e6fef
  a  b  c  d  e  f  g  h  i  j  k  
 1\b  b  b  b  b  .  .  .  .  .  .\1
  2\b  b  B  .  *  *  .  .  *  *  *\2
   3\.  .  *  *  *  *  W  *  *  *  *\3
    4\*  *  *  *  *  *  *  *  *  *  *\4
     5\*  *  *  W  W  *  *  *  B  *  *\5
      6\*  *  *  *  *  *  *  *  *  *  *\6
       7\*  *  *  *  *  *  *  *  *  *  *\7
        8\*  *  *  *  *  *  B  *  *  *  *\8
         9\*  *  *  *  *  *  *  *  *  *  .\9
         10\B  .  *  *  *  *  *  *  *  .  .\10
          11\.  .  .  .  .  .  W  .  .  .  .\11
              a  b  c  d  e  f  g  h  i  j  k  
d2507 info: Old: [black, a10] [white, swap-pieces] [white, g11] [black, g8] [white, g3] [black, c2] [white, e5] 
d2507 info: New: [black, a10] [white, swap-pieces] [white, g11] [black, g8] [white, g3] [black, c2] [white, e5] [black, i5] [white, d5] 
d2507 info: MovesPlayed: [black, i5] [white, d5] 
d2507 info: No subtree to reuse.
d2507 info: StartSearch()[0]
d2507 info: 
Elapsed Time   0.346183s
Count          1
GamesPlayed    1
Nodes          1
Knowledge      0 (0.0%)
Expansions     0.0
Time           0.00
GameLen        106.0 dev=0.0 min=106.0 max=106.0
InTree         0.0 dev=0.0 min=0.0 max=0.0
KnowDepth      -
Aborted        0%
Games/s        3460.2
Score          1.00
Sequence      
d2507 info: 
d2507 warning: **** MoHexSearch returned empty sequence!
d2507 warning: **** Returning random move!
d2507 info: Best move cannot be determined, must search state.
d2507 info: --- MoHexPlayer::Search() ---
d2507 info: Color: black
d2507 info: MaxGames: 1
d2507 info: NumberThreads: 1
d2507 info: MaxNodes: 9090 (799920 bytes)
d2507 info: TimeForMove: 1
d2507 info: PreSearch: max time reached (60/74).
d2507 info: Time for PreSearch: 0.20169s
d2507 info: 
  aaa662f41fabff8d
  a  b  c  d  e  f  g  h  i  j  k  
 1\b  b  b  b  b  .  .  .  .  .  .\1
  2\b  b  B  .  *  *  .  .  *  *  *\2
   3\.  .  *  *  *  *  W  *  *  *  *\3
    4\*  *  *  *  *  *  *  *  *  *  .\4
     5\*  *  *  W  W  *  *  *  B  *  w\5
      6\*  *  *  *  *  *  *  *  *  .  w\6
       7\*  *  *  *  *  *  *  *  *  W  w\7
        8\*  *  *  *  *  *  B  *  *  .  w\8
         9\*  *  *  *  *  *  *  *  *  *  .\9
         10\B  .  *  *  *  *  *  *  *  .  .\10
          11\.  .  .  .  B  .  W  .  .  .  .\11
              a  b  c  d  e  f  g  h  i  j  k  
d2507 info: Old: [black, a10] [white, swap-pieces] [white, g11] [black, g8] [white, g3] [black, c2] [white, e5] [black, i5] [white, d5] 
d2507 info: New: [black, a10] [white, swap-pieces] [white, g11] [black, g8] [white, g3] [black, c2] [white, e5] [black, i5] [white, d5] [black, e11] [white, j7] 
d2507 info: MovesPlayed: [black, e11] [white, j7] 
d2507 info: No subtree to reuse.
d2507 info: StartSearch()[0]
d2507 info: 
Elapsed Time   0.344189s
Count          1
GamesPlayed    1
Nodes          1
Knowledge      0 (0.0%)
Expansions     0.0
Time           0.00
GameLen        100.0 dev=0.0 min=100.0 max=100.0
InTree         0.0 dev=0.0 min=0.0 max=0.0
KnowDepth      -
Aborted        0%
Games/s        3086.4
Score          0.00
Sequence      
d2507 info: 
d2507 warning: **** MoHexSearch returned empty sequence!
d2507 warning: **** Returning random move!
d2507 info: Best move cannot be determined, must search state.
d2507 info: --- MoHexPlayer::Search() ---
d2507 info: Color: black
d2507 info: MaxGames: 1
d2507 info: NumberThreads: 1
d2507 info: MaxNodes: 9090 (799920 bytes)
d2507 info: TimeForMove: 1
d2507 info: PreSearch: max time reached (49/72).
d2507 info: Time for PreSearch: 0.202133s
d2507 info: 
  4d5ad39d546f1409
  a  b  c  d  e  f  g  h  i  j  k  
 1\b  b  b  b  b  .  .  .  .  .  .\1
  2\b  b  B  .  *  *  .  .  *  *  *\2
   3\.  .  *  *  *  *  W  *  *  *  *\3
    4\*  *  *  *  B  *  *  *  *  *  .\4
     5\*  *  *  W  W  *  *  *  B  *  w\5
      6\*  *  *  *  *  *  *  *  *  .  w\6
       7\*  *  *  *  *  *  *  *  *  W  w\7
        8\*  *  *  *  *  *  B  *  *  .  w\8
         9\*  *  *  *  *  *  *  *  *  *  .\9
         10\B  .  *  *  *  *  W  *  *  .  .\10
          11\.  .  .  .  B  b  W  .  .  .  .\11
              a  b  c  d  e  f  g  h  i  j  k  
d2507 info: Old: [black, a10] [white, swap-pieces] [white, g11] [black, g8] [white, g3] [black, c2] [white, e5] [black, i5] [white, d5] [black, e11] [white, j7] 
d2507 info: New: [black, a10] [white, swap-pieces] [white, g11] [black, g8] [white, g3] [black, c2] [white, e5] [black, i5] [white, d5] [black, e11] [white, j7] [black, e4] [white, g10] 
d2507 info: MovesPlayed: [black, e4] [white, g10] 
d2507 info: No subtree to reuse.
d2507 info: StartSearch()[0]
d2507 info: 
Elapsed Time   0.424842s
Count          1
GamesPlayed    1
Nodes          1
Knowledge      0 (0.0%)
Expansions     0.0
Time           0.00
GameLen        97.0 dev=0.0 min=97.0 max=97.0
InTree         0.0 dev=0.0 min=0.0 max=0.0
KnowDepth      -
Aborted        0%
Games/s        3533.6
Score          0.00
Sequence      
d2507 info: 
d2507 warning: **** MoHexSearch returned empty sequence!
d2507 warning: **** Returning random move!
d2507 info: Best move cannot be determined, must search state.
d2507 info: --- MoHexPlayer::Search() ---
d2507 info: Color: black
d2507 info: MaxGames: 1
d2507 info: NumberThreads: 1
d2507 info: MaxNodes: 9090 (799920 bytes)
d2507 info: TimeForMove: 1
d2507 info: PreSearch: max time reached (40/65).
d2507 info: Time for PreSearch: 0.203855s
d2507 info: 
  aa98de2199cd08aa
  a  b  c  d  e  f  g  h  i  j  k  
 1\b  b  b  b  b  .  .  .  .  .  .\1
  2\b  b  B  .  .  *  .  .  *  *  *\2
   3\w  W  *  *  .  .  W  *  *  *  *\3
    4\w  .  *  *  B  *  *  *  *  *  .\4
     5\w  *  *  W  W  *  *  *  B  *  w\5
      6\.  *  *  *  *  *  *  *  .  .  w\6
       7\*  *  *  *  *  *  *  B  *  W  w\7
        8\*  *  *  *  *  *  B  .  *  .  w\8
         9\*  *  *  *  *  *  *  *  *  *  .\9
         10\B  .  *  *  *  *  W  *  *  .  .\10
          11\.  .  .  .  B  b  W  .  .  .  .\11
              a  b  c  d  e  f  g  h  i  j  k  
d2507 info: Old: [black, a10] [white, swap-pieces] [white, g11] [black, g8] [white, g3] [black, c2] [white, e5] [black, i5] [white, d5] [black, e11] [white, j7] [black, e4] [white, g10] 
d2507 info: New: [black, a10] [white, swap-pieces] [white, g11] [black, g8] [white, g3] [black, c2] [white, e5] [black, i5] [white, d5] [black, e11] [white, j7] [black, e4] [white, g10] [black, h7] [white, b3] 
d2507 info: MovesPlayed: [black, h7] [white, b3] 
d2507 info: No subtree to reuse.
d2507 info: StartSearch()[0]
d2507 info: 
Elapsed Time   0.355758s
Count          1
GamesPlayed    1
Nodes          1
Knowledge      0 (0.0%)
Expansions     0.0
Time           0.00
GameLen        92.0 dev=0.0 min=92.0 max=92.0
InTree         0.0 dev=0.0 min=0.0 max=0.0
KnowDepth      -
Aborted        0%
Games/s        3571.4
Score          0.00
Sequence      
d2507 info: 
d2507 warning: **** MoHexSearch returned empty sequence!
d2507 warning: **** Returning random move!
d2507 info: Best move cannot be determined, must search state.
d2507 info: --- MoHexPlayer::Search() ---
d2507 info: Color: black
d2507 info: MaxGames: 1
d2507 info: NumberThreads: 1
d2507 info: MaxNodes: 9090 (799920 bytes)
d2507 info: TimeForMove: 1
d2507 info: PreSearch: max time reached (31/63).
d2507 info: Time for PreSearch: 0.200292s
d2507 info: 
  f2da2caa1a1579b6
  a  b  c  d  e  f  g  h  i  j  k  
 1\b  b  b  b  b  .  .  .  .  .  .\1
  2\b  b  B  .  *  *  .  .  *  *  *\2
   3\w  W  *  *  *  *  W  *  *  *  *\3
    4\w  .  *  *  B  *  *  *  *  *  .\4
     5\w  *  *  W  W  *  *  *  B  *  w\5
      6\.  *  *  *  *  *  *  *  .  .  w\6
       7\*  *  *  *  W  *  *  B  *  W  w\7
        8\*  *  *  B  *  *  B  .  *  .  w\8
         9\*  *  *  *  *  *  *  *  *  *  .\9
         10\B  *  *  *  *  *  W  *  *  .  .\10
          11\.  .  .  .  B  b  W  .  .  .  .\11
              a  b  c  d  e  f  g  h  i  j  k  
d2507 info: Old: [black, a10] [white, swap-pieces] [white, g11] [black, g8] [white, g3] [black, c2] [white, e5] [black, i5] [white, d5] [black, e11] [white, j7] [black, e4] [white, g10] [black, h7] [white, b3] 
d2507 info: New: [black, a10] [white, swap-pieces] [white, g11] [black, g8] [white, g3] [black, c2] [white, e5] [black, i5] [white, d5] [black, e11] [white, j7] [black, e4] [white, g10] [black, h7] [white, b3] [black, d8] [white, e7] 
d2507 info: MovesPlayed: [black, d8] [white, e7] 
d2507 info: No subtree to reuse.
d2507 info: StartSearch()[0]
d2507 info: 
Elapsed Time   0.345539s
Count          1
GamesPlayed    1
Nodes          1
Knowledge      0 (0.0%)
Expansions     0.0
Time           0.00
GameLen        90.0 dev=0.0 min=90.0 max=90.0
InTree         0.0 dev=0.0 min=0.0 max=0.0
KnowDepth      -
Aborted        0%
Games/s        3846.2
Score          0.00
Sequence      
d2507 info: 
d2507 warning: **** MoHexSearch returned empty sequence!
d2507 warning: **** Returning random move!
d2507 info: Opponent has won; playing most blocking move.
d2507 info: Opponent has won; playing most blocking move.
d2507 info: Opponent has won; playing most blocking move.
d2507 info: Opponent has won; playing most blocking move.
d2507 info: Opponent has won; playing most blocking move.
d2507 info: Opponent has won; playing most blocking move.
d2507 info: Opponent has won; playing most blocking move.
d2507 info: Opponent has won; playing most blocking move.
d2507 info: Opponent has won; playing most blocking move.
d2507 info: Captured cells caused win! Removing...
d2507 info: Opponent has won; playing most blocking move.
d2507 config: ============ BenzeneShutdown =============
d2507 config: MoHexProgram:: ShutdownSystem()
d2507 config: CommonProgram:: ShutdownSystem()
d2507 config: BenzeneProgram:: ShutdownSystem()
Flushing and closing this stream...
