# nice ../build/src/mohex/mohex --config mohex-weak.htp --seed 434453 --logfile-name jobs/11x11-mohex-mohex-cg2010-vs-mohex-mohex-weak-4/mohex-mohex-weak-289.log
>boardsize 11 11
<= 
<
>name
MoHex 2.0.CMake Mar 21 2025
Copyright (C) 2007-2012 by the authors of the Benzene project.
This program comes with ABSOLUTELY NO WARRANTY. This is
free software and you are welcome to redistribute it under
certain conditions. Type `benzene-license' for details.

SgRandom::SetSeed: 434453
SgUctSearch: system memory 33632358400, using 1000000000 (5681818 nodes)
SgRandom::SetSeed: 1
SgRandom::SetSeed: 434453
59447 info: Prior Patterns:
59447 info: Global:
59447 info: Size            = 565 32648 
59447 info: TableEntries    = 65932 65910
59447 info: MirrorsAdded    = 0 0
59447 info: PrunableCount   = 30593 30629
59447 info: LargestGamma    = 5820.77
59447 info: SmallestGamma   = 6.6e-05
59447 info: Local:
59447 info: Size            = 550 5318 
59447 info: TableEntries    = 11602 11588
59447 info: MirrorsAdded    = 0 0
59447 info: PrunableCount   = 3659 3667
59447 info: LargestGamma    = 11281.8
59447 info: SmallestGamma   = 0.026235
59447 info: Playout Patterns:
59447 info: Global:
59447 info: Size            = 565 32648 
59447 info: TableEntries    = 70329 70329
59447 info: MirrorsAdded    = 4397 4419
59447 info: PrunableCount   = 30593 30629
59447 info: LargestGamma    = 5820.77
59447 info: SmallestGamma   = 6.6e-05
59447 info: Local:
59447 info: Size            = 550 5318 
59447 info: TableEntries    = 11602 11588
59447 info: MirrorsAdded    = 0 0
59447 info: PrunableCount   = 3659 3667
59447 info: LargestGamma    = 11281.8
59447 info: SmallestGamma   = 0.026235
param_game allow_swap 1
= 

param_mohex max_memory 1600000
= 

param_mohex num_threads 1
= 

param_mohex max_time 1
= 

param_mohex max_games 1
= 

param_mohex knowledge_threshold 400
= 

param_mohex reuse_subtree 1
= 

param_mohex use_parallel_solver 0
= 

<= MoHex
<
>version
<= 2.0.CMake
<
>play b c2
<= 
<
>showboard
<= 
< 
<  df0ca0725b6924ca
<  a  b  c  d  e  f  g  h  i  j  k  
< 1\.  .  .  .  .  .  .  .  .  .  .\1
<  2\.  .  B  .  .  .  .  .  .  .  .\2
<   3\.  .  .  .  .  .  .  .  .  .  .\3
<    4\.  .  .  .  .  .  .  .  .  .  .\4
<     5\.  .  .  .  .  .  .  .  .  .  .\5
<      6\.  .  .  .  .  .  .  .  .  .  .\6
<       7\.  .  .  .  .  .  .  .  .  .  .\7
<        8\.  .  .  .  .  .  .  .  .  .  .\8
<         9\.  .  .  .  .  .  .  .  .  .  .\9
<         10\.  .  .  .  .  .  .  .  .  .  .\10
<          11\.  .  .  .  .  .  .  .  .  .  .\11
<              a  b  c  d  e  f  g  h  i  j  k  
<
>play w swap-pieces
<= 
<
>genmove w
<= j8
<
>play b e3
59447 info: Best move cannot be determined, must search state.
59447 info: --- MoHexPlayer::Search() ---
59447 info: Color: white
59447 info: MaxGames: 1
59447 info: NumberThreads: 1
59447 info: MaxNodes: 9090 (799920 bytes)
59447 info: TimeForMove: 1
59447 info: PreSearch: max time reached (55/85).
59447 info: Time for PreSearch: 0.203998s
59447 info: 
  df0ca0725b6924ca
  a  b  c  d  e  f  g  h  i  j  k  
 1\b  b  b  b  b  .  *  *  *  *  .\1
  2\b  b  B  .  *  *  *  *  *  *  .\2
   3\.  .  *  *  *  *  *  *  *  *  .\3
    4\.  .  *  *  *  *  *  *  *  *  .\4
     5\.  *  *  *  *  *  *  *  *  *  .\5
      6\.  *  *  *  *  *  *  *  *  *  .\6
       7\.  *  *  *  *  *  *  *  *  *  .\7
        8\.  *  *  *  *  *  *  *  *  *  .\8
         9\.  *  *  *  *  *  *  *  *  .  .\9
         10\.  *  *  *  *  *  *  *  *  .  .\10
          11\.  *  *  *  *  *  *  *  .  .  .\11
              a  b  c  d  e  f  g  h  i  j  k  
59447 info: No subtree to reuse.
59447 info: Creating thread 0
59447 info: StartSearch()[0]
SgUctSearch: max games reached
59447 info: 
Elapsed Time   0.550957s
Count          1
GamesPlayed    1
Nodes          1
Knowledge      0 (0.0%)
Expansions     0.0
Time           0.00
GameLen        113.0 dev=0.0 min=113.0 max=113.0
InTree         0.0 dev=0.0 min=0.0 max=0.0
KnowDepth      -
Aborted        0%
Games/s        253.2
Score          0.00
Sequence      
59447 info: 
59447 warning: **** MoHexSearch returned empty sequence!
59447 warning: **** Returning random move!
<= 
<
>genmove w
<= d5
<
>play b g4
59447 info: Best move cannot be determined, must search state.
59447 info: --- MoHexPlayer::Search() ---
59447 info: Color: white
59447 info: MaxGames: 1
59447 info: NumberThreads: 1
59447 info: MaxNodes: 9090 (799920 bytes)
59447 info: TimeForMove: 1
59447 info: PreSearch: max time reached (56/80).
59447 info: Time for PreSearch: 0.201434s
59447 info: 
  361b0bae796145a4
  a  b  c  d  e  f  g  h  i  j  k  
 1\b  b  b  b  b  .  .  *  *  *  .\1
  2\b  b  B  .  .  *  *  *  *  *  .\2
   3\.  .  *  *  B  *  *  *  *  *  .\3
    4\.  .  *  *  *  *  *  *  *  *  .\4
     5\.  *  *  *  *  *  *  *  *  *  .\5
      6\.  *  *  *  *  *  *  *  *  *  w\6
       7\.  *  *  *  *  *  *  *  *  .  w\7
        8\.  *  *  *  *  *  *  *  *  W  w\8
         9\.  *  *  *  *  *  *  *  *  .  w\9
         10\.  *  *  *  *  *  *  *  *  .  w\10
          11\.  *  *  *  *  *  *  *  .  .  w\11
              a  b  c  d  e  f  g  h  i  j  k  
59447 info: Old: [black, c2] [white, swap-pieces] 
59447 info: New: [black, c2] [white, swap-pieces] [white, j8] [black, e3] 
59447 info: ReuseSubtree: Colors do not alternate.
59447 info: No subtree to reuse.
59447 info: StartSearch()[0]
SgUctSearch: max games reached
59447 info: 
Elapsed Time   0.348922s
Count          1
GamesPlayed    1
Nodes          1
Knowledge      0 (0.0%)
Expansions     0.0
Time           0.00
GameLen        105.0 dev=0.0 min=105.0 max=105.0
InTree         0.0 dev=0.0 min=0.0 max=0.0
KnowDepth      -
Aborted        0%
Games/s        3355.7
Score          1.00
Sequence      
59447 info: 
59447 warning: **** MoHexSearch returned empty sequence!
59447 warning: **** Returning random move!
<= 
<
>genmove w
<= c4
<
>play b j1
59447 info: Best move cannot be determined, must search state.
59447 info: --- MoHexPlayer::Search() ---
59447 info: Color: white
59447 info: MaxGames: 1
59447 info: NumberThreads: 1
59447 info: MaxNodes: 9090 (799920 bytes)
59447 info: TimeForMove: 1
59447 info: PreSearch: max time reached (46/78).
59447 info: Time for PreSearch: 0.205347s
59447 info: 
  295cd5fb7e79d509
  a  b  c  d  e  f  g  h  i  j  k  
 1\b  b  b  b  b  .  .  *  *  *  .\1
  2\b  b  B  .  .  *  *  *  *  *  .\2
   3\.  .  *  *  B  *  *  *  *  *  .\3
    4\.  .  *  *  *  *  B  *  *  *  .\4
     5\.  *  *  W  *  *  *  *  *  *  .\5
      6\.  *  *  *  *  *  *  *  *  *  w\6
       7\.  *  *  *  *  *  *  *  *  .  w\7
        8\.  *  *  *  *  *  *  *  *  W  w\8
         9\.  *  *  *  *  *  *  *  *  .  w\9
         10\.  *  *  *  *  *  *  *  *  .  w\10
          11\.  *  *  *  *  *  *  *  .  .  w\11
              a  b  c  d  e  f  g  h  i  j  k  
59447 info: Old: [black, c2] [white, swap-pieces] [white, j8] [black, e3] 
59447 info: New: [black, c2] [white, swap-pieces] [white, j8] [black, e3] [white, d5] [black, g4] 
59447 info: MovesPlayed: [white, d5] [black, g4] 
59447 info: No subtree to reuse.
59447 info: StartSearch()[0]
SgUctSearch: max games reached
59447 info: 
Elapsed Time   0.351715s
Count          1
GamesPlayed    1
Nodes          1
Knowledge      0 (0.0%)
Expansions     0.0
Time           0.00
GameLen        103.0 dev=0.0 min=103.0 max=103.0
InTree         0.0 dev=0.0 min=0.0 max=0.0
KnowDepth      -
Aborted        0%
Games/s        3448.3
Score          0.00
Sequence      
59447 info: 
59447 warning: **** MoHexSearch returned empty sequence!
59447 warning: **** Returning random move!
<= 
<
>genmove w
<= d4
<
>play b h11
59447 info: Best move cannot be determined, must search state.
59447 info: --- MoHexPlayer::Search() ---
59447 info: Color: white
59447 info: MaxGames: 1
59447 info: NumberThreads: 1
59447 info: MaxNodes: 9090 (799920 bytes)
59447 info: TimeForMove: 1
59447 info: PreSearch: max time reached (42/72).
59447 info: Time for PreSearch: 0.202819s
59447 info: 
  542cde9ac87d37dd
  a  b  c  d  e  f  g  h  i  j  k  
 1\b  b  b  b  b  .  .  *  .  B  .\1
  2\b  b  B  .  .  *  *  *  *  *  .\2
   3\.  .  *  .  B  *  *  *  *  *  .\3
    4\.  *  W  .  *  *  B  *  *  *  .\4
     5\.  .  .  W  *  *  *  *  *  *  .\5
      6\.  *  *  *  *  *  *  *  *  *  w\6
       7\.  *  *  *  *  *  *  *  *  .  w\7
        8\.  *  *  *  *  *  *  *  *  W  w\8
         9\.  *  *  *  *  *  *  *  *  .  w\9
         10\.  *  *  *  *  *  *  *  *  .  w\10
          11\.  *  *  *  *  *  *  *  .  .  w\11
              a  b  c  d  e  f  g  h  i  j  k  
59447 info: Old: [black, c2] [white, swap-pieces] [white, j8] [black, e3] [white, d5] [black, g4] 
59447 info: New: [black, c2] [white, swap-pieces] [white, j8] [black, e3] [white, d5] [black, g4] [white, c4] [black, j1] 
59447 info: MovesPlayed: [white, c4] [black, j1] 
59447 info: No subtree to reuse.
59447 info: StartSearch()[0]
SgUctSearch: max games reached
59447 info: 
Elapsed Time   0.533982s
Count          1
GamesPlayed    1
Nodes          1
Knowledge      0 (0.0%)
Expansions     0.0
Time           0.00
GameLen        101.0 dev=0.0 min=101.0 max=101.0
InTree         0.0 dev=0.0 min=0.0 max=0.0
KnowDepth      -
Aborted        0%
Games/s        3144.7
Score          1.00
Sequence      
59447 info: 
59447 warning: **** MoHexSearch returned empty sequence!
59447 warning: **** Returning random move!
<= 
<
>genmove w
<= j7
<
>play b k2
59447 info: Best move cannot be determined, must search state.
59447 info: --- MoHexPlayer::Search() ---
59447 info: Color: white
59447 info: MaxGames: 1
59447 info: NumberThreads: 1
59447 info: MaxNodes: 9090 (799920 bytes)
59447 info: TimeForMove: 1
59447 info: PreSearch: max time reached (37/68).
59447 info: Time for PreSearch: 0.200343s
59447 info: 
  92b7aa2cf99e778f
  a  b  c  d  e  f  g  h  i  j  k  
 1\b  b  b  b  b  .  .  *  .  B  .\1
  2\b  b  B  .  .  *  *  *  *  *  .\2
   3\.  .  *  .  B  *  *  *  *  *  .\3
    4\.  *  W  W  *  *  B  *  *  *  .\4
     5\.  .  .  W  *  *  *  *  *  *  .\5
      6\.  *  *  *  *  *  *  *  *  *  w\6
       7\.  *  *  *  *  *  *  *  *  .  w\7
        8\.  *  *  *  *  *  *  *  *  W  w\8
         9\.  *  *  *  *  *  *  *  .  w  w\9
         10\.  *  *  *  *  *  *  *  .  w  w\10
          11\.  *  *  *  *  *  .  B  b  b  w\11
              a  b  c  d  e  f  g  h  i  j  k  
59447 info: Old: [black, c2] [white, swap-pieces] [white, j8] [black, e3] [white, d5] [black, g4] [white, c4] [black, j1] 
59447 info: New: [black, c2] [white, swap-pieces] [white, j8] [black, e3] [white, d5] [black, g4] [white, c4] [black, j1] [white, d4] [black, h11] 
59447 info: MovesPlayed: [white, d4] [black, h11] 
59447 info: No subtree to reuse.
59447 info: StartSearch()[0]
SgUctSearch: max games reached
59447 info: 
Elapsed Time   0.347342s
Count          1
GamesPlayed    1
Nodes          1
Knowledge      0 (0.0%)
Expansions     0.0
Time           0.00
GameLen        95.0 dev=0.0 min=95.0 max=95.0
InTree         0.0 dev=0.0 min=0.0 max=0.0
KnowDepth      -
Aborted        0%
Games/s        2816.9
Score          0.00
Sequence      
59447 info: 
59447 warning: **** MoHexSearch returned empty sequence!
59447 warning: **** Returning random move!
<= 
<
>genmove w
<= e2
<
>play b e7
59447 info: Best move cannot be determined, must search state.
59447 info: --- MoHexPlayer::Search() ---
59447 info: Color: white
59447 info: MaxGames: 1
59447 info: NumberThreads: 1
59447 info: MaxNodes: 9090 (799920 bytes)
59447 info: TimeForMove: 1
59447 info: Time for PreSearch: 0.156429s
59447 info: 
  cb52ea854b6e464e
  a  b  c  d  e  f  g  h  i  j  k  
 1\b  b  b  b  b  .  .  *  .  B  .\1
  2\b  b  B  .  .  *  .  *  *  *  B\2
   3\.  .  *  .  B  *  *  *  *  *  .\3
    4\.  .  W  W  *  *  B  *  *  *  .\4
     5\.  .  .  W  .  *  *  *  *  .  w\5
      6\.  .  .  .  .  *  *  *  .  .  w\6
       7\.  .  .  .  .  *  *  *  .  W  w\7
        8\.  .  .  .  *  *  *  *  *  W  b\8
         9\.  .  *  *  *  *  *  *  *  .  .\9
         10\.  *  *  *  *  *  *  *  .  .  .\10
          11\.  *  *  *  *  *  .  B  .  .  .\11
              a  b  c  d  e  f  g  h  i  j  k  
59447 info: Old: [black, c2] [white, swap-pieces] [white, j8] [black, e3] [white, d5] [black, g4] [white, c4] [black, j1] [white, d4] [black, h11] 
59447 info: New: [black, c2] [white, swap-pieces] [white, j8] [black, e3] [white, d5] [black, g4] [white, c4] [black, j1] [white, d4] [black, h11] [white, j7] [black, k2] 
59447 info: MovesPlayed: [white, j7] [black, k2] 
59447 info: No subtree to reuse.
59447 info: StartSearch()[0]
SgUctSearch: max games reached
59447 info: 
Elapsed Time   0.301401s
Count          1
GamesPlayed    1
Nodes          1
Knowledge      0 (0.0%)
Expansions     0.0
Time           0.00
GameLen        99.0 dev=0.0 min=99.0 max=99.0
InTree         0.0 dev=0.0 min=0.0 max=0.0
KnowDepth      -
Aborted        0%
Games/s        3571.4
Score          1.00
Sequence      
59447 info: 
59447 warning: **** MoHexSearch returned empty sequence!
59447 warning: **** Returning random move!
<= 
<
>genmove w
<= g6
<
>play b d7
59447 info: Best move cannot be determined, must search state.
59447 info: --- MoHexPlayer::Search() ---
59447 info: Color: white
59447 info: MaxGames: 1
59447 info: NumberThreads: 1
59447 info: MaxNodes: 9090 (799920 bytes)
59447 info: TimeForMove: 1
59447 info: Time for PreSearch: 0.077912s
59447 info: 
  373f4f9c6d0144b5
  a  b  c  d  e  f  g  h  i  j  k  
 1\b  b  b  b  b  .  *  *  .  B  .\1
  2\b  b  B  .  W  *  .  *  *  *  B\2
   3\.  .  *  .  B  *  *  *  *  .  .\3
    4\.  .  W  W  .  *  B  *  .  .  .\4
     5\.  .  .  W  .  *  *  .  .  .  w\5
      6\.  .  .  .  *  *  *  .  .  .  w\6
       7\.  .  .  .  B  *  .  .  .  W  w\7
        8\.  .  .  .  *  .  .  .  .  W  b\8
         9\.  .  .  *  .  .  .  .  .  .  .\9
         10\.  .  *  *  .  .  .  .  .  .  .\10
          11\.  *  .  .  .  .  .  B  .  .  .\11
              a  b  c  d  e  f  g  h  i  j  k  
59447 info: Old: [black, c2] [white, swap-pieces] [white, j8] [black, e3] [white, d5] [black, g4] [white, c4] [black, j1] [white, d4] [black, h11] [white, j7] [black, k2] 
59447 info: New: [black, c2] [white, swap-pieces] [white, j8] [black, e3] [white, d5] [black, g4] [white, c4] [black, j1] [white, d4] [black, h11] [white, j7] [black, k2] [white, e2] [black, e7] 
59447 info: MovesPlayed: [white, e2] [black, e7] 
59447 info: No subtree to reuse.
59447 info: StartSearch()[0]
SgUctSearch: max games reached
59447 info: 
Elapsed Time   0.231692s
Count          1
GamesPlayed    1
Nodes          1
Knowledge      0 (0.0%)
Expansions     0.0
Time           0.00
GameLen        97.0 dev=0.0 min=97.0 max=97.0
InTree         0.0 dev=0.0 min=0.0 max=0.0
KnowDepth      -
Aborted        0%
Games/s        3086.4
Score          0.00
Sequence      
59447 info: 
59447 warning: **** MoHexSearch returned empty sequence!
59447 warning: **** Returning random move!
<= 
<
>genmove w
<= d11
<
>play b d9
59447 info: Opponent has won; playing most blocking move.
<= 
<
>genmove w
<= b11
<
>play b c11
59447 info: Opponent has won; playing most blocking move.
<= 
<
>genmove w
<= d10
<
>play b c10
59447 info: Opponent has won; playing most blocking move.
<= 
<
>genmove w
<= h3
<
>play b f4
59447 info: Opponent has won; playing most blocking move.
<= 
<
>genmove w
<= e6
<
>play b f6
59447 info: Opponent has won; playing most blocking move.
<= 
<
>genmove w
<= f5
<
>play b g5
59447 info: Opponent has won; playing most blocking move.
<= 
<
>genmove w
<= d8
<
>play b e8
59447 info: Opponent has won; playing most blocking move.
<= 
<
>genmove w
<= f3
<
>play b g3
59447 info: Opponent has won; playing most blocking move.
<= 
<
>genmove w
<= h2
<
>play b g2
59447 info: Opponent has won; playing most blocking move.
<= 
<
>genmove w
<= g1
<
>play b h1
59447 info: Captured cells caused win! Removing...
59447 info: Opponent has won; playing most blocking move.
<= 
<
>genmove w
<= resign
<
>final_score
<= B+
<
>quit
<= 
<
