7b8c7 config: MoHex v2.0.CMake Mar 21 2025.
7b8c7 config: ============ InitializeSystem ============
7b8c7 config: BenzeneProgram::InitRandom()
7b8c7 config: Seed = 290028
7b8c7 info: Prior Patterns:
7b8c7 info: Global:
7b8c7 info: Size            = 565 32648 
7b8c7 info: TableEntries    = 65932 65910
7b8c7 info: MirrorsAdded    = 0 0
7b8c7 info: PrunableCount   = 30593 30629
7b8c7 info: LargestGamma    = 5820.77
7b8c7 info: SmallestGamma   = 6.6e-05
7b8c7 info: Local:
7b8c7 info: Size            = 550 5318 
7b8c7 info: TableEntries    = 11602 11588
7b8c7 info: MirrorsAdded    = 0 0
7b8c7 info: PrunableCount   = 3659 3667
7b8c7 info: LargestGamma    = 11281.8
7b8c7 info: SmallestGamma   = 0.026235
7b8c7 info: Playout Patterns:
7b8c7 info: Global:
7b8c7 info: Size            = 565 32648 
7b8c7 info: TableEntries    = 70329 70329
7b8c7 info: MirrorsAdded    = 4397 4419
7b8c7 info: PrunableCount   = 30593 30629
7b8c7 info: LargestGamma    = 5820.77
7b8c7 info: SmallestGamma   = 6.6e-05
7b8c7 info: Local:
7b8c7 info: Size            = 550 5318 
7b8c7 info: TableEntries    = 11602 11588
7b8c7 info: MirrorsAdded    = 0 0
7b8c7 info: PrunableCount   = 3659 3667
7b8c7 info: LargestGamma    = 11281.8
7b8c7 info: SmallestGamma   = 0.026235
7b8c7 config: IcePatternSet: reading from '/home/linus/MoHex2.0/nfbranchfix/benzene-vanilla-cmake/share/ice-patterns.txt'.
7b8c7 config: IcePatternSet: parsed 708 patterns.
7b8c7 config: VCS: reading captured set patterns from '/home/linus/MoHex2.0/nfbranchfix/benzene-vanilla-cmake/share/vc-captured-set.txt'.
7b8c7 config: VCS:: parsed 2 patterns.
7b8c7 config: VCS: reading captured set patterns from '/home/linus/MoHex2.0/nfbranchfix/benzene-vanilla-cmake/share/vc-captured-set.txt'.
7b8c7 config: VCS:: parsed 2 patterns.
7b8c7 config: IcePatternSet: reading from '/home/linus/MoHex2.0/nfbranchfix/benzene-vanilla-cmake/share/ice-patterns.txt'.
7b8c7 config: IcePatternSet: parsed 708 patterns.
7b8c7 config: VCS: reading captured set patterns from '/home/linus/MoHex2.0/nfbranchfix/benzene-vanilla-cmake/share/vc-captured-set.txt'.
7b8c7 config: VCS:: parsed 2 patterns.
7b8c7 config: VCS: reading captured set patterns from '/home/linus/MoHex2.0/nfbranchfix/benzene-vanilla-cmake/share/vc-captured-set.txt'.
7b8c7 config: VCS:: parsed 2 patterns.
7b8c7 config: VCS: reading captured set patterns from '/home/linus/MoHex2.0/nfbranchfix/benzene-vanilla-cmake/share/vc-captured-set.txt'.
7b8c7 config: VCS:: parsed 2 patterns.
7b8c7 config: VCS: reading captured set patterns from '/home/linus/MoHex2.0/nfbranchfix/benzene-vanilla-cmake/share/vc-captured-set.txt'.
7b8c7 config: VCS:: parsed 2 patterns.
7b8c7 config: VCS: reading captured set patterns from '/home/linus/MoHex2.0/nfbranchfix/benzene-vanilla-cmake/share/vc-captured-set.txt'.
7b8c7 config: VCS:: parsed 2 patterns.
7b8c7 config: VCS: reading captured set patterns from '/home/linus/MoHex2.0/nfbranchfix/benzene-vanilla-cmake/share/vc-captured-set.txt'.
7b8c7 config: VCS:: parsed 2 patterns.
7b8c7 config: VCPattern: loading pattern templates from '/home/linus/MoHex2.0/nfbranchfix/benzene-vanilla-cmake/share/vc-patterns.txt'.
7b8c7 info: Best move cannot be determined, must search state.
7b8c7 info: --- MoHexPlayer::Search() ---
7b8c7 info: Color: white
7b8c7 info: MaxGames: 1
7b8c7 info: NumberThreads: 1
7b8c7 info: MaxNodes: 181818181 (15999999928 bytes)
7b8c7 info: TimeForMove: 1
7b8c7 info: PreSearch: max time reached (55/91).
7b8c7 info: Time for PreSearch: 0.201174s
7b8c7 info: 
  87c9b23912128f66
  a  b  c  d  e  f  g  h  i  j  k  
 1\.  .  .  *  .  *  *  *  *  *  .\1
  2\.  .  *  *  *  *  *  *  *  *  .\2
   3\.  *  *  *  *  *  *  *  *  *  .\3
    4\.  *  *  *  *  *  *  *  *  *  .\4
     5\B  *  *  *  *  *  *  *  *  *  .\5
      6\.  *  *  *  *  *  *  *  *  *  .\6
       7\.  *  *  *  *  *  *  *  *  *  .\7
        8\.  *  *  *  *  *  *  *  *  *  .\8
         9\.  *  *  *  *  *  *  *  *  *  .\9
         10\.  *  *  *  *  *  *  *  *  .  .\10
          11\.  *  *  *  *  *  .  *  .  .  .\11
              a  b  c  d  e  f  g  h  i  j  k  
7b8c7 info: No subtree to reuse.
7b8c7 info: Creating thread 0
7b8c7 info: StartSearch()[0]
7b8c7 config: VCS: reading captured set patterns from '/home/linus/MoHex2.0/nfbranchfix/benzene-vanilla-cmake/share/vc-captured-set.txt'.
7b8c7 config: VCS:: parsed 2 patterns.
7b8c7 config: VCS: reading captured set patterns from '/home/linus/MoHex2.0/nfbranchfix/benzene-vanilla-cmake/share/vc-captured-set.txt'.
7b8c7 config: VCS:: parsed 2 patterns.
7b8c7 info: 
Elapsed Time   0.538605s
Count          1
GamesPlayed    1
Nodes          1
Knowledge      0 (0.0%)
Expansions     0.0
Time           0.00
GameLen        120.0 dev=0.0 min=120.0 max=120.0
InTree         0.0 dev=0.0 min=0.0 max=0.0
KnowDepth      -
Aborted        0%
Games/s        405.8
Score          1.00
Sequence      
7b8c7 info: 
7b8c7 warning: **** MoHexSearch returned empty sequence!
7b8c7 warning: **** Returning random move!
7b8c7 info: Best move cannot be determined, must search state.
7b8c7 info: --- MoHexPlayer::Search() ---
7b8c7 info: Color: white
7b8c7 info: MaxGames: 1
7b8c7 info: NumberThreads: 1
7b8c7 info: MaxNodes: 181818181 (15999999928 bytes)
7b8c7 info: TimeForMove: 1
7b8c7 info: PreSearch: max time reached (59/92).
7b8c7 info: Time for PreSearch: 0.200598s
7b8c7 info: 
  38b060ac05c927c3
  a  b  c  d  e  f  g  h  i  j  k  
 1\.  .  .  *  *  *  *  *  *  *  .\1
  2\.  .  *  *  *  *  *  *  *  *  .\2
   3\.  *  *  *  *  *  *  *  *  *  .\3
    4\.  *  *  *  *  *  *  *  *  *  .\4
     5\B  *  *  *  *  *  *  *  *  *  .\5
      6\.  *  *  *  *  *  *  *  *  *  .\6
       7\.  *  *  *  *  *  *  *  *  *  B\7
        8\.  *  *  *  *  *  *  *  *  *  .\8
         9\.  *  *  *  *  *  *  *  *  *  .\9
         10\.  *  *  *  *  *  *  *  *  .  .\10
          11\.  *  *  W  *  *  *  *  .  .  .\11
              a  b  c  d  e  f  g  h  i  j  k  
7b8c7 info: Old: [black, a5] [white, swap-pieces] 
7b8c7 info: New: [black, a5] [white, swap-pieces] [white, d11] [black, k7] 
7b8c7 info: ReuseSubtree: Colors do not alternate.
7b8c7 info: No subtree to reuse.
7b8c7 info: StartSearch()[0]
7b8c7 info: 
Elapsed Time   0.34251s
Count          1
GamesPlayed    1
Nodes          1
Knowledge      0 (0.0%)
Expansions     0.0
Time           0.00
GameLen        118.0 dev=0.0 min=118.0 max=118.0
InTree         0.0 dev=0.0 min=0.0 max=0.0
KnowDepth      -
Aborted        0%
Games/s        3246.8
Score          1.00
Sequence      
7b8c7 info: 
7b8c7 warning: **** MoHexSearch returned empty sequence!
7b8c7 warning: **** Returning random move!
7b8c7 info: Best move cannot be determined, must search state.
7b8c7 info: --- MoHexPlayer::Search() ---
7b8c7 info: Color: white
7b8c7 info: MaxGames: 1
7b8c7 info: NumberThreads: 1
7b8c7 info: MaxNodes: 181818181 (15999999928 bytes)
7b8c7 info: TimeForMove: 1
7b8c7 info: PreSearch: max time reached (55/90).
7b8c7 info: Time for PreSearch: 0.201346s
7b8c7 info: 
  2d9e8dbe57463ba7
  a  b  c  d  e  f  g  h  i  j  k  
 1\.  .  .  *  *  *  *  *  *  *  .\1
  2\.  .  *  *  *  *  *  *  *  *  .\2
   3\.  *  *  *  *  *  *  *  *  *  .\3
    4\.  *  B  *  *  *  *  *  *  *  .\4
     5\B  *  *  *  *  *  *  *  *  *  .\5
      6\.  *  *  *  *  *  *  *  *  *  .\6
       7\.  *  *  *  *  *  *  *  *  *  B\7
        8\.  *  *  *  *  *  *  *  *  *  .\8
         9\.  *  *  *  W  *  *  *  *  *  .\9
         10\.  *  *  *  *  *  *  *  *  .  .\10
          11\.  *  *  W  *  *  *  *  .  .  .\11
              a  b  c  d  e  f  g  h  i  j  k  
7b8c7 info: Old: [black, a5] [white, swap-pieces] [white, d11] [black, k7] 
7b8c7 info: New: [black, a5] [white, swap-pieces] [white, d11] [black, k7] [white, e9] [black, c4] 
7b8c7 info: MovesPlayed: [white, e9] [black, c4] 
7b8c7 info: No subtree to reuse.
7b8c7 info: StartSearch()[0]
7b8c7 info: 
Elapsed Time   0.35036s
Count          1
GamesPlayed    1
Nodes          1
Knowledge      0 (0.0%)
Expansions     0.0
Time           0.00
GameLen        116.0 dev=0.0 min=116.0 max=116.0
InTree         0.0 dev=0.0 min=0.0 max=0.0
KnowDepth      -
Aborted        0%
Games/s        3389.8
Score          1.00
Sequence      
7b8c7 info: 
7b8c7 warning: **** MoHexSearch returned empty sequence!
7b8c7 warning: **** Returning random move!
7b8c7 info: Best move cannot be determined, must search state.
7b8c7 info: --- MoHexPlayer::Search() ---
7b8c7 info: Color: white
7b8c7 info: MaxGames: 1
7b8c7 info: NumberThreads: 1
7b8c7 info: MaxNodes: 181818181 (15999999928 bytes)
7b8c7 info: TimeForMove: 1
7b8c7 info: PreSearch: max time reached (49/77).
7b8c7 info: Time for PreSearch: 0.202284s
7b8c7 info: 
  953e88afd32105f8
  a  b  c  d  e  f  g  h  i  j  k  
 1\.  .  .  *  .  b  b  b  b  .  .\1
  2\.  .  *  *  *  .  B  .  *  *  .\2
   3\.  *  *  *  *  *  *  *  *  *  .\3
    4\.  *  B  *  *  *  *  *  *  *  .\4
     5\B  *  *  *  *  *  *  *  *  *  .\5
      6\.  *  *  *  *  *  *  *  *  *  .\6
       7\.  *  *  *  *  *  *  *  *  *  B\7
        8\.  *  *  *  *  *  *  *  *  *  .\8
         9\.  *  *  *  W  *  *  *  *  *  .\9
         10\.  *  *  W  .  *  *  *  *  .  .\10
          11\.  *  .  W  .  *  *  *  .  .  .\11
              a  b  c  d  e  f  g  h  i  j  k  
7b8c7 info: Old: [black, a5] [white, swap-pieces] [white, d11] [black, k7] [white, e9] [black, c4] 
7b8c7 info: New: [black, a5] [white, swap-pieces] [white, d11] [black, k7] [white, e9] [black, c4] [white, d10] [black, g2] 
7b8c7 info: MovesPlayed: [white, d10] [black, g2] 
7b8c7 info: No subtree to reuse.
7b8c7 info: StartSearch()[0]
7b8c7 info: 
Elapsed Time   0.56768s
Count          1
GamesPlayed    1
Nodes          1
Knowledge      0 (0.0%)
Expansions     0.0
Time           0.00
GameLen        110.0 dev=0.0 min=110.0 max=110.0
InTree         0.0 dev=0.0 min=0.0 max=0.0
KnowDepth      -
Aborted        0%
Games/s        3484.3
Score          1.00
Sequence      
7b8c7 info: 
7b8c7 warning: **** MoHexSearch returned empty sequence!
7b8c7 warning: **** Returning random move!
7b8c7 info: Best move cannot be determined, must search state.
7b8c7 info: --- MoHexPlayer::Search() ---
7b8c7 info: Color: white
7b8c7 info: MaxGames: 1
7b8c7 info: NumberThreads: 1
7b8c7 info: MaxNodes: 181818181 (15999999928 bytes)
7b8c7 info: TimeForMove: 1
7b8c7 info: PreSearch: max time reached (60/76).
7b8c7 info: Time for PreSearch: 0.20149s
7b8c7 info: 
  dcf3110f78c856e9
  a  b  c  d  e  f  g  h  i  j  k  
 1\.  .  .  *  .  b  b  b  b  .  .\1
  2\.  .  *  *  *  .  B  .  *  *  .\2
   3\.  *  *  *  *  *  *  *  *  *  .\3
    4\.  *  B  *  *  *  *  *  *  *  .\4
     5\B  *  *  *  *  *  *  *  *  *  .\5
      6\.  *  *  *  *  *  *  *  *  *  .\6
       7\.  *  *  *  *  *  *  *  *  *  B\7
        8\.  *  *  B  *  *  *  *  *  *  .\8
         9\.  *  *  .  W  *  *  *  *  *  W\9
         10\.  *  *  W  .  *  *  *  *  .  w\10
          11\.  *  .  W  .  *  *  *  *  .  w\11
              a  b  c  d  e  f  g  h  i  j  k  
7b8c7 info: Old: [black, a5] [white, swap-pieces] [white, d11] [black, k7] [white, e9] [black, c4] [white, d10] [black, g2] 
7b8c7 info: New: [black, a5] [white, swap-pieces] [white, d11] [black, k7] [white, e9] [black, c4] [white, d10] [black, g2] [white, k9] [black, d8] 
7b8c7 info: MovesPlayed: [white, k9] [black, d8] 
7b8c7 info: No subtree to reuse.
7b8c7 info: StartSearch()[0]
7b8c7 info: 
Elapsed Time   0.347221s
Count          1
GamesPlayed    1
Nodes          1
Knowledge      0 (0.0%)
Expansions     0.0
Time           0.00
GameLen        106.0 dev=0.0 min=106.0 max=106.0
InTree         0.0 dev=0.0 min=0.0 max=0.0
KnowDepth      -
Aborted        0%
Games/s        3333.3
Score          0.00
Sequence      
7b8c7 info: 
7b8c7 warning: **** MoHexSearch returned empty sequence!
7b8c7 warning: **** Returning random move!
7b8c7 info: Best move cannot be determined, must search state.
7b8c7 info: --- MoHexPlayer::Search() ---
7b8c7 info: Color: white
7b8c7 info: MaxGames: 1
7b8c7 info: NumberThreads: 1
7b8c7 info: MaxNodes: 181818181 (15999999928 bytes)
7b8c7 info: TimeForMove: 1
7b8c7 info: PreSearch: max time reached (67/73).
7b8c7 info: Time for PreSearch: 0.203467s
7b8c7 info: 
  fb5c7acc099a0119
  a  b  c  d  e  f  g  h  i  j  k  
 1\.  .  .  *  .  b  b  b  b  .  .\1
  2\.  .  *  *  *  .  B  .  *  *  .\2
   3\.  *  *  *  *  *  *  *  *  *  .\3
    4\.  *  B  *  *  *  *  *  *  *  .\4
     5\B  *  *  *  *  *  *  *  *  *  .\5
      6\.  *  *  *  *  *  *  *  *  *  .\6
       7\.  *  *  *  *  *  *  *  *  *  B\7
        8\.  *  *  B  *  *  *  *  *  *  .\8
         9\.  B  *  .  W  *  *  *  *  *  W\9
         10\.  *  .  W  .  *  *  *  *  .  w\10
          11\.  .  W  W  .  *  *  *  *  .  w\11
              a  b  c  d  e  f  g  h  i  j  k  
7b8c7 info: Old: [black, a5] [white, swap-pieces] [white, d11] [black, k7] [white, e9] [black, c4] [white, d10] [black, g2] [white, k9] [black, d8] 
7b8c7 info: New: [black, a5] [white, swap-pieces] [white, d11] [black, k7] [white, e9] [black, c4] [white, d10] [black, g2] [white, k9] [black, d8] [white, c11] [black, b9] 
7b8c7 info: MovesPlayed: [white, c11] [black, b9] 
7b8c7 info: No subtree to reuse.
7b8c7 info: StartSearch()[0]
7b8c7 info: 
Elapsed Time   0.35112s
Count          1
GamesPlayed    1
Nodes          1
Knowledge      0 (0.0%)
Expansions     0.0
Time           0.00
GameLen        104.0 dev=0.0 min=104.0 max=104.0
InTree         0.0 dev=0.0 min=0.0 max=0.0
KnowDepth      -
Aborted        0%
Games/s        3048.8
Score          1.00
Sequence      
7b8c7 info: 
7b8c7 warning: **** MoHexSearch returned empty sequence!
7b8c7 warning: **** Returning random move!
7b8c7 info: Best move cannot be determined, must search state.
7b8c7 info: --- MoHexPlayer::Search() ---
7b8c7 info: Color: white
7b8c7 info: MaxGames: 1
7b8c7 info: NumberThreads: 1
7b8c7 info: MaxNodes: 181818181 (15999999928 bytes)
7b8c7 info: TimeForMove: 1
7b8c7 info: Time for PreSearch: 0.107868s
7b8c7 info: 
  953a7c21e2700c67
  a  b  c  d  e  f  g  h  i  j  k  
 1\.  .  .  *  .  b  b  b  b  .  .\1
  2\.  .  *  *  *  .  B  .  *  .  .\2
   3\.  *  *  *  *  *  *  *  .  .  .\3
    4\.  *  B  *  *  *  *  .  .  .  .\4
     5\B  *  *  *  *  *  .  .  .  .  .\5
      6\.  *  *  *  .  .  W  .  .  .  .\6
       7\.  *  *  *  .  .  .  .  .  .  B\7
        8\.  *  *  B  .  .  .  .  .  .  .\8
         9\.  B  *  .  W  .  .  .  .  .  W\9
         10\w  *  .  W  .  .  .  .  .  .  w\10
          11\w  B  W  W  .  .  .  .  .  .  w\11
              a  b  c  d  e  f  g  h  i  j  k  
7b8c7 info: Old: [black, a5] [white, swap-pieces] [white, d11] [black, k7] [white, e9] [black, c4] [white, d10] [black, g2] [white, k9] [black, d8] [white, c11] [black, b9] 
7b8c7 info: New: [black, a5] [white, swap-pieces] [white, d11] [black, k7] [white, e9] [black, c4] [white, d10] [black, g2] [white, k9] [black, d8] [white, c11] [black, b9] [white, g6] [black, b11] 
7b8c7 info: MovesPlayed: [white, g6] [black, b11] 
7b8c7 info: No subtree to reuse.
7b8c7 info: StartSearch()[0]
7b8c7 info: 
Elapsed Time   0.433265s
Count          1
GamesPlayed    1
Nodes          1
Knowledge      0 (0.0%)
Expansions     0.0
Time           0.00
GameLen        100.0 dev=0.0 min=100.0 max=100.0
InTree         0.0 dev=0.0 min=0.0 max=0.0
KnowDepth      -
Aborted        0%
Games/s        3125.0
Score          0.00
Sequence      
7b8c7 info: 
7b8c7 warning: **** MoHexSearch returned empty sequence!
7b8c7 warning: **** Returning random move!
7b8c7 info: Opponent has won; playing most blocking move.
7b8c7 info: Opponent has won; playing most blocking move.
7b8c7 info: Opponent has won; playing most blocking move.
7b8c7 info: Opponent has won; playing most blocking move.
7b8c7 info: Opponent has won; playing most blocking move.
7b8c7 info: Opponent has won; playing most blocking move.
7b8c7 info: Opponent has won; playing most blocking move.
7b8c7 info: Opponent has won; playing most blocking move.
7b8c7 info: Captured cells caused win! Removing...
7b8c7 info: Opponent has won; playing most blocking move.
7b8c7 info: Captured cells caused win! Removing...
7b8c7 info: Opponent has won; playing most blocking move.
7b8c7 info: Captured cells caused win! Removing...
7b8c7 info: Opponent has won; playing most blocking move.
7b8c7 info: Captured cells caused win! Removing...
7b8c7 info: Opponent has won; playing most blocking move.
7b8c7 config: ============ BenzeneShutdown =============
7b8c7 config: MoHexProgram:: ShutdownSystem()
7b8c7 config: CommonProgram:: ShutdownSystem()
7b8c7 config: BenzeneProgram:: ShutdownSystem()
Flushing and closing this stream...
