8fcf7 config: MoHex v2.0.CMake Mar 21 2025.
8fcf7 config: ============ InitializeSystem ============
8fcf7 config: BenzeneProgram::InitRandom()
8fcf7 config: Seed = 418896
8fcf7 info: Prior Patterns:
8fcf7 info: Global:
8fcf7 info: Size            = 565 32648 
8fcf7 info: TableEntries    = 65932 65910
8fcf7 info: MirrorsAdded    = 0 0
8fcf7 info: PrunableCount   = 30593 30629
8fcf7 info: LargestGamma    = 5820.77
8fcf7 info: SmallestGamma   = 6.6e-05
8fcf7 info: Local:
8fcf7 info: Size            = 550 5318 
8fcf7 info: TableEntries    = 11602 11588
8fcf7 info: MirrorsAdded    = 0 0
8fcf7 info: PrunableCount   = 3659 3667
8fcf7 info: LargestGamma    = 11281.8
8fcf7 info: SmallestGamma   = 0.026235
8fcf7 info: Playout Patterns:
8fcf7 info: Global:
8fcf7 info: Size            = 565 32648 
8fcf7 info: TableEntries    = 70329 70329
8fcf7 info: MirrorsAdded    = 4397 4419
8fcf7 info: PrunableCount   = 30593 30629
8fcf7 info: LargestGamma    = 5820.77
8fcf7 info: SmallestGamma   = 6.6e-05
8fcf7 info: Local:
8fcf7 info: Size            = 550 5318 
8fcf7 info: TableEntries    = 11602 11588
8fcf7 info: MirrorsAdded    = 0 0
8fcf7 info: PrunableCount   = 3659 3667
8fcf7 info: LargestGamma    = 11281.8
8fcf7 info: SmallestGamma   = 0.026235
8fcf7 config: IcePatternSet: reading from '/home/linus/MoHex2.0/nfbranchfix/benzene-vanilla-cmake/share/ice-patterns.txt'.
8fcf7 config: IcePatternSet: parsed 708 patterns.
8fcf7 config: VCS: reading captured set patterns from '/home/linus/MoHex2.0/nfbranchfix/benzene-vanilla-cmake/share/vc-captured-set.txt'.
8fcf7 config: VCS:: parsed 2 patterns.
8fcf7 config: VCS: reading captured set patterns from '/home/linus/MoHex2.0/nfbranchfix/benzene-vanilla-cmake/share/vc-captured-set.txt'.
8fcf7 config: VCS:: parsed 2 patterns.
8fcf7 config: IcePatternSet: reading from '/home/linus/MoHex2.0/nfbranchfix/benzene-vanilla-cmake/share/ice-patterns.txt'.
8fcf7 config: IcePatternSet: parsed 708 patterns.
8fcf7 config: VCS: reading captured set patterns from '/home/linus/MoHex2.0/nfbranchfix/benzene-vanilla-cmake/share/vc-captured-set.txt'.
8fcf7 config: VCS:: parsed 2 patterns.
8fcf7 config: VCS: reading captured set patterns from '/home/linus/MoHex2.0/nfbranchfix/benzene-vanilla-cmake/share/vc-captured-set.txt'.
8fcf7 config: VCS:: parsed 2 patterns.
8fcf7 config: VCS: reading captured set patterns from '/home/linus/MoHex2.0/nfbranchfix/benzene-vanilla-cmake/share/vc-captured-set.txt'.
8fcf7 config: VCS:: parsed 2 patterns.
8fcf7 config: VCS: reading captured set patterns from '/home/linus/MoHex2.0/nfbranchfix/benzene-vanilla-cmake/share/vc-captured-set.txt'.
8fcf7 config: VCS:: parsed 2 patterns.
8fcf7 config: VCS: reading captured set patterns from '/home/linus/MoHex2.0/nfbranchfix/benzene-vanilla-cmake/share/vc-captured-set.txt'.
8fcf7 config: VCS:: parsed 2 patterns.
8fcf7 config: VCS: reading captured set patterns from '/home/linus/MoHex2.0/nfbranchfix/benzene-vanilla-cmake/share/vc-captured-set.txt'.
8fcf7 config: VCS:: parsed 2 patterns.
8fcf7 config: VCPattern: loading pattern templates from '/home/linus/MoHex2.0/nfbranchfix/benzene-vanilla-cmake/share/vc-patterns.txt'.
8fcf7 info: Best move cannot be determined, must search state.
8fcf7 info: --- MoHexPlayer::Search() ---
8fcf7 info: Color: white
8fcf7 info: MaxGames: 1
8fcf7 info: NumberThreads: 1
8fcf7 info: MaxNodes: 9090 (799920 bytes)
8fcf7 info: TimeForMove: 1
8fcf7 info: PreSearch: max time reached (58/90).
8fcf7 info: Time for PreSearch: 0.20191s
8fcf7 info: 
  6c8e229e275eb684
  a  b  c  d  e  f  g  h  i  j  k  
 1\.  .  .  *  *  *  *  *  *  *  .\1
  2\.  .  *  *  *  .  *  *  *  *  .\2
   3\.  *  *  *  *  *  *  *  *  *  .\3
    4\.  *  *  *  *  *  *  *  *  *  .\4
     5\.  *  *  *  *  *  *  *  *  *  .\5
      6\.  B  *  *  *  *  *  *  *  *  .\6
       7\.  *  *  *  *  *  *  *  *  *  .\7
        8\.  *  *  *  *  *  *  *  *  *  .\8
         9\.  *  *  *  *  *  *  *  *  *  .\9
         10\.  *  *  *  *  .  *  *  *  .  .\10
          11\.  *  *  *  *  *  *  *  .  .  .\11
              a  b  c  d  e  f  g  h  i  j  k  
8fcf7 info: No subtree to reuse.
8fcf7 info: Creating thread 0
8fcf7 info: StartSearch()[0]
8fcf7 config: VCS: reading captured set patterns from '/home/linus/MoHex2.0/nfbranchfix/benzene-vanilla-cmake/share/vc-captured-set.txt'.
8fcf7 config: VCS:: parsed 2 patterns.
8fcf7 config: VCS: reading captured set patterns from '/home/linus/MoHex2.0/nfbranchfix/benzene-vanilla-cmake/share/vc-captured-set.txt'.
8fcf7 config: VCS:: parsed 2 patterns.
8fcf7 info: 
Elapsed Time   0.347743s
Count          1
GamesPlayed    1
Nodes          1
Knowledge      0 (0.0%)
Expansions     0.0
Time           0.00
GameLen        120.0 dev=0.0 min=120.0 max=120.0
InTree         0.0 dev=0.0 min=0.0 max=0.0
KnowDepth      -
Aborted        0%
Games/s        403.9
Score          1.00
Sequence      
8fcf7 info: 
8fcf7 warning: **** MoHexSearch returned empty sequence!
8fcf7 warning: **** Returning random move!
8fcf7 info: Best move cannot be determined, must search state.
8fcf7 info: --- MoHexPlayer::Search() ---
8fcf7 info: Color: white
8fcf7 info: MaxGames: 1
8fcf7 info: NumberThreads: 1
8fcf7 info: MaxNodes: 9090 (799920 bytes)
8fcf7 info: TimeForMove: 1
8fcf7 info: PreSearch: max time reached (50/90).
8fcf7 info: Time for PreSearch: 0.200997s
8fcf7 info: 
  024bc2c64fcd288c
  a  b  c  d  e  f  g  h  i  j  k  
 1\.  .  .  *  *  *  *  *  *  *  .\1
  2\.  .  *  *  *  *  *  *  *  *  .\2
   3\.  *  *  *  *  *  *  *  *  *  .\3
    4\.  *  *  *  *  *  *  *  *  *  .\4
     5\.  *  *  W  *  *  *  *  *  *  .\5
      6\.  B  *  *  *  *  *  *  *  *  .\6
       7\.  *  *  *  *  *  B  *  *  *  .\7
        8\.  *  *  *  *  *  *  *  *  *  .\8
         9\.  *  *  *  *  *  *  *  *  *  .\9
         10\.  *  *  *  *  *  *  *  *  .  .\10
          11\.  *  *  *  *  *  *  *  .  .  .\11
              a  b  c  d  e  f  g  h  i  j  k  
8fcf7 info: Old: [black, b6] [white, swap-pieces] 
8fcf7 info: New: [black, b6] [white, swap-pieces] [white, d5] [black, g7] 
8fcf7 info: ReuseSubtree: Colors do not alternate.
8fcf7 info: No subtree to reuse.
8fcf7 info: StartSearch()[0]
8fcf7 info: 
Elapsed Time   0.532553s
Count          1
GamesPlayed    1
Nodes          1
Knowledge      0 (0.0%)
Expansions     0.0
Time           0.00
GameLen        118.0 dev=0.0 min=118.0 max=118.0
InTree         0.0 dev=0.0 min=0.0 max=0.0
KnowDepth      -
Aborted        0%
Games/s        3225.8
Score          1.00
Sequence      
8fcf7 info: 
8fcf7 warning: **** MoHexSearch returned empty sequence!
8fcf7 warning: **** Returning random move!
8fcf7 info: Best move cannot be determined, must search state.
8fcf7 info: --- MoHexPlayer::Search() ---
8fcf7 info: Color: white
8fcf7 info: MaxGames: 1
8fcf7 info: NumberThreads: 1
8fcf7 info: MaxNodes: 9090 (799920 bytes)
8fcf7 info: TimeForMove: 1
8fcf7 info: PreSearch: max time reached (55/89).
8fcf7 info: Time for PreSearch: 0.201723s
8fcf7 info: 
  9dc5ac21db6e0ff4
  a  b  c  d  e  f  g  h  i  j  k  
 1\.  .  .  B  .  *  *  *  *  *  .\1
  2\.  .  *  *  *  *  *  *  *  *  .\2
   3\.  *  *  *  *  *  *  *  *  *  .\3
    4\.  *  *  *  *  *  *  *  *  *  .\4
     5\.  *  *  W  *  *  *  *  *  *  .\5
      6\.  B  *  *  *  *  *  *  *  *  .\6
       7\.  *  *  *  *  *  B  *  *  *  .\7
        8\.  *  *  *  *  *  *  *  *  *  .\8
         9\.  *  *  *  *  *  *  *  *  *  .\9
         10\.  *  *  *  *  *  *  *  *  *  .\10
          11\.  *  *  *  *  *  *  *  W  .  .\11
              a  b  c  d  e  f  g  h  i  j  k  
8fcf7 info: Old: [black, b6] [white, swap-pieces] [white, d5] [black, g7] 
8fcf7 info: New: [black, b6] [white, swap-pieces] [white, d5] [black, g7] [white, i11] [black, d1] 
8fcf7 info: MovesPlayed: [white, i11] [black, d1] 
8fcf7 info: No subtree to reuse.
8fcf7 info: StartSearch()[0]
8fcf7 info: 
Elapsed Time   0.341174s
Count          1
GamesPlayed    1
Nodes          1
Knowledge      0 (0.0%)
Expansions     0.0
Time           0.00
GameLen        116.0 dev=0.0 min=116.0 max=116.0
InTree         0.0 dev=0.0 min=0.0 max=0.0
KnowDepth      -
Aborted        0%
Games/s        3378.4
Score          1.00
Sequence      
8fcf7 info: 
8fcf7 warning: **** MoHexSearch returned empty sequence!
8fcf7 warning: **** Returning random move!
8fcf7 info: Best move cannot be determined, must search state.
8fcf7 info: --- MoHexPlayer::Search() ---
8fcf7 info: Color: white
8fcf7 info: MaxGames: 1
8fcf7 info: NumberThreads: 1
8fcf7 info: MaxNodes: 9090 (799920 bytes)
8fcf7 info: TimeForMove: 1
8fcf7 info: PreSearch: max time reached (47/86).
8fcf7 info: Time for PreSearch: 0.202088s
8fcf7 info: 
  b6e732267628388f
  a  b  c  d  e  f  g  h  i  j  k  
 1\.  .  .  B  .  *  *  *  *  *  .\1
  2\.  .  *  *  *  *  *  *  *  *  .\2
   3\.  *  *  *  *  *  *  *  *  *  .\3
    4\.  *  *  *  *  *  *  *  *  *  .\4
     5\.  *  *  W  *  *  *  *  *  *  .\5
      6\.  B  .  .  *  *  *  *  *  *  .\6
       7\.  *  *  W  *  *  B  *  *  *  .\7
        8\.  *  *  *  *  *  *  *  *  *  B\8
         9\.  *  *  *  *  *  *  *  *  *  .\9
         10\.  *  *  *  *  *  *  *  *  *  .\10
          11\.  *  *  *  *  *  *  *  W  .  .\11
              a  b  c  d  e  f  g  h  i  j  k  
8fcf7 info: Old: [black, b6] [white, swap-pieces] [white, d5] [black, g7] [white, i11] [black, d1] 
8fcf7 info: New: [black, b6] [white, swap-pieces] [white, d5] [black, g7] [white, i11] [black, d1] [white, d7] [black, k8] 
8fcf7 info: MovesPlayed: [white, d7] [black, k8] 
8fcf7 info: No subtree to reuse.
8fcf7 info: StartSearch()[0]
8fcf7 info: 
Elapsed Time   0.346085s
Count          1
GamesPlayed    1
Nodes          1
Knowledge      0 (0.0%)
Expansions     0.0
Time           0.00
GameLen        114.0 dev=0.0 min=114.0 max=114.0
InTree         0.0 dev=0.0 min=0.0 max=0.0
KnowDepth      -
Aborted        0%
Games/s        3105.6
Score          0.00
Sequence      
8fcf7 info: 
8fcf7 warning: **** MoHexSearch returned empty sequence!
8fcf7 warning: **** Returning random move!
8fcf7 info: Best move cannot be determined, must search state.
8fcf7 info: --- MoHexPlayer::Search() ---
8fcf7 info: Color: white
8fcf7 info: MaxGames: 1
8fcf7 info: NumberThreads: 1
8fcf7 info: MaxNodes: 9090 (799920 bytes)
8fcf7 info: TimeForMove: 1
8fcf7 info: PreSearch: max time reached (72/77).
8fcf7 info: Time for PreSearch: 0.202064s
8fcf7 info: 
  6b521dac998cb7a0
  a  b  c  d  e  f  g  h  i  j  k  
 1\w  W  w  B  .  *  *  *  *  *  .\1
  2\w  w  .  *  *  *  *  *  *  *  .\2
   3\w  w  .  *  *  *  *  *  *  *  .\3
    4\w  .  *  *  *  *  *  *  *  *  .\4
     5\w  .  *  W  *  *  *  *  *  *  .\5
      6\w  B  .  .  *  *  *  *  *  *  .\6
       7\.  *  *  W  *  *  B  *  *  *  .\7
        8\.  *  *  *  *  *  *  *  *  *  B\8
         9\.  *  *  *  *  *  *  *  *  *  .\9
         10\.  B  .  *  *  *  *  *  *  *  .\10
          11\b  b  b  .  *  *  *  *  W  .  .\11
              a  b  c  d  e  f  g  h  i  j  k  
8fcf7 info: Old: [black, b6] [white, swap-pieces] [white, d5] [black, g7] [white, i11] [black, d1] [white, d7] [black, k8] 
8fcf7 info: New: [black, b6] [white, swap-pieces] [white, d5] [black, g7] [white, i11] [black, d1] [white, d7] [black, k8] [white, b1] [black, b10] 
8fcf7 info: MovesPlayed: [white, b1] [black, b10] 
8fcf7 info: No subtree to reuse.
8fcf7 info: StartSearch()[0]
8fcf7 info: 
Elapsed Time   0.342675s
Count          1
GamesPlayed    1
Nodes          1
Knowledge      0 (0.0%)
Expansions     0.0
Time           0.00
GameLen        100.0 dev=0.0 min=100.0 max=100.0
InTree         0.0 dev=0.0 min=0.0 max=0.0
KnowDepth      -
Aborted        0%
Games/s        3460.2
Score          0.00
Sequence      
8fcf7 info: 
8fcf7 warning: **** MoHexSearch returned empty sequence!
8fcf7 warning: **** Returning random move!
8fcf7 info: Best move cannot be determined, must search state.
8fcf7 info: --- MoHexPlayer::Search() ---
8fcf7 info: Color: white
8fcf7 info: MaxGames: 1
8fcf7 info: NumberThreads: 1
8fcf7 info: MaxNodes: 9090 (799920 bytes)
8fcf7 info: TimeForMove: 1
8fcf7 info: PreSearch: max time reached (68/75).
8fcf7 info: Time for PreSearch: 0.201684s
8fcf7 info: 
  4f96d978914fde2a
  a  b  c  d  e  f  g  h  i  j  k  
 1\w  W  w  B  .  *  W  *  *  *  .\1
  2\w  w  .  *  *  *  *  *  *  *  .\2
   3\w  w  .  *  *  *  *  *  *  *  .\3
    4\w  .  *  *  *  *  *  *  *  *  .\4
     5\w  .  *  W  *  *  *  *  *  *  .\5
      6\w  B  .  .  *  *  *  *  *  *  .\6
       7\.  *  *  W  *  *  B  *  *  *  .\7
        8\.  *  *  *  *  *  *  *  *  *  B\8
         9\.  *  *  *  *  *  *  *  B  *  .\9
         10\.  B  .  *  *  *  *  *  *  *  .\10
          11\b  b  b  .  *  *  *  *  W  .  .\11
              a  b  c  d  e  f  g  h  i  j  k  
8fcf7 info: Old: [black, b6] [white, swap-pieces] [white, d5] [black, g7] [white, i11] [black, d1] [white, d7] [black, k8] [white, b1] [black, b10] 
8fcf7 info: New: [black, b6] [white, swap-pieces] [white, d5] [black, g7] [white, i11] [black, d1] [white, d7] [black, k8] [white, b1] [black, b10] [white, g1] [black, i9] 
8fcf7 info: MovesPlayed: [white, g1] [black, i9] 
8fcf7 info: No subtree to reuse.
8fcf7 info: StartSearch()[0]
8fcf7 info: 
Elapsed Time   0.341603s
Count          1
GamesPlayed    1
Nodes          1
Knowledge      0 (0.0%)
Expansions     0.0
Time           0.00
GameLen        98.0 dev=0.0 min=98.0 max=98.0
InTree         0.0 dev=0.0 min=0.0 max=0.0
KnowDepth      -
Aborted        0%
Games/s        3154.6
Score          1.00
Sequence      
8fcf7 info: 
8fcf7 warning: **** MoHexSearch returned empty sequence!
8fcf7 warning: **** Returning random move!
8fcf7 info: Best move cannot be determined, must search state.
8fcf7 info: --- MoHexPlayer::Search() ---
8fcf7 info: Color: white
8fcf7 info: MaxGames: 1
8fcf7 info: NumberThreads: 1
8fcf7 info: MaxNodes: 9090 (799920 bytes)
8fcf7 info: TimeForMove: 1
8fcf7 info: Time for PreSearch: 0.196265s
8fcf7 info: 
  ce6dc634b7001dab
  a  b  c  d  e  f  g  h  i  j  k  
 1\w  W  w  B  .  *  W  *  *  *  .\1
  2\w  w  .  *  *  *  *  *  *  *  .\2
   3\w  w  .  *  *  *  *  *  *  *  .\3
    4\w  .  *  *  *  B  *  *  *  *  .\4
     5\w  .  *  W  .  *  *  *  *  *  .\5
      6\w  B  .  .  *  *  *  *  *  *  .\6
       7\.  *  *  W  *  W  B  *  *  *  .\7
        8\.  *  *  *  *  *  *  *  *  *  B\8
         9\.  *  *  *  *  *  *  *  B  *  .\9
         10\.  B  .  *  *  *  *  *  *  *  .\10
          11\b  b  b  .  *  *  *  *  W  .  .\11
              a  b  c  d  e  f  g  h  i  j  k  
8fcf7 info: Old: [black, b6] [white, swap-pieces] [white, d5] [black, g7] [white, i11] [black, d1] [white, d7] [black, k8] [white, b1] [black, b10] [white, g1] [black, i9] 
8fcf7 info: New: [black, b6] [white, swap-pieces] [white, d5] [black, g7] [white, i11] [black, d1] [white, d7] [black, k8] [white, b1] [black, b10] [white, g1] [black, i9] [white, f7] [black, f4] 
8fcf7 info: MovesPlayed: [white, f7] [black, f4] 
8fcf7 info: No subtree to reuse.
8fcf7 info: StartSearch()[0]
8fcf7 info: 
Elapsed Time   0.404215s
Count          1
GamesPlayed    1
Nodes          1
Knowledge      0 (0.0%)
Expansions     0.0
Time           0.00
GameLen        96.0 dev=0.0 min=96.0 max=96.0
InTree         0.0 dev=0.0 min=0.0 max=0.0
KnowDepth      -
Aborted        0%
Games/s        3773.6
Score          1.00
Sequence      
8fcf7 info: 
8fcf7 warning: **** MoHexSearch returned empty sequence!
8fcf7 warning: **** Returning random move!
8fcf7 info: Best move cannot be determined, must search state.
8fcf7 info: --- MoHexPlayer::Search() ---
8fcf7 info: Color: white
8fcf7 info: MaxGames: 1
8fcf7 info: NumberThreads: 1
8fcf7 info: MaxNodes: 9090 (799920 bytes)
8fcf7 info: TimeForMove: 1
8fcf7 info: Time for PreSearch: 0.173762s
8fcf7 info: 
  1334fea3173c6a37
  a  b  c  d  e  f  g  h  i  j  k  
 1\w  W  w  B  .  *  W  *  *  *  .\1
  2\w  w  .  *  *  *  *  *  *  *  .\2
   3\w  w  .  *  *  *  *  *  *  *  .\3
    4\w  .  *  *  *  B  *  *  *  *  .\4
     5\w  .  *  W  .  *  *  *  *  *  .\5
      6\w  B  .  .  *  *  *  *  *  .  .\6
       7\.  *  *  W  *  W  B  *  B  .  .\7
        8\.  *  *  *  *  *  *  *  *  .  B\8
         9\.  *  *  *  *  *  *  *  B  .  w\9
         10\.  B  .  *  *  *  *  *  .  w  w\10
          11\b  b  b  .  *  *  *  .  W  W  w\11
              a  b  c  d  e  f  g  h  i  j  k  
8fcf7 info: Old: [black, b6] [white, swap-pieces] [white, d5] [black, g7] [white, i11] [black, d1] [white, d7] [black, k8] [white, b1] [black, b10] [white, g1] [black, i9] [white, f7] [black, f4] 
8fcf7 info: New: [black, b6] [white, swap-pieces] [white, d5] [black, g7] [white, i11] [black, d1] [white, d7] [black, k8] [white, b1] [black, b10] [white, g1] [black, i9] [white, f7] [black, f4] [white, j11] [black, i7] 
8fcf7 info: MovesPlayed: [white, j11] [black, i7] 
8fcf7 info: No subtree to reuse.
8fcf7 info: StartSearch()[0]
8fcf7 info: 
Elapsed Time   0.325489s
Count          1
GamesPlayed    1
Nodes          1
Knowledge      0 (0.0%)
Expansions     0.0
Time           0.00
GameLen        90.0 dev=0.0 min=90.0 max=90.0
InTree         0.0 dev=0.0 min=0.0 max=0.0
KnowDepth      -
Aborted        0%
Games/s        3508.8
Score          1.00
Sequence      
8fcf7 info: 
8fcf7 warning: **** MoHexSearch returned empty sequence!
8fcf7 warning: **** Returning random move!
8fcf7 info: Best move cannot be determined, must search state.
8fcf7 info: --- MoHexPlayer::Search() ---
8fcf7 info: Color: white
8fcf7 info: MaxGames: 1
8fcf7 info: NumberThreads: 1
8fcf7 info: MaxNodes: 9090 (799920 bytes)
8fcf7 info: TimeForMove: 1
8fcf7 info: PreSearch: max time reached (55/62).
8fcf7 info: Time for PreSearch: 0.201722s
8fcf7 info: 
  82f3c9af24b2715f
  a  b  c  d  e  f  g  h  i  j  k  
 1\w  W  w  B  .  *  W  *  *  *  .\1
  2\w  w  .  *  *  *  *  *  *  *  .\2
   3\w  w  .  *  *  *  *  *  *  *  .\3
    4\w  .  *  *  *  B  W  *  *  *  .\4
     5\w  .  *  W  .  *  *  *  *  *  .\5
      6\w  B  .  .  *  *  *  *  *  .  .\6
       7\.  *  *  W  *  W  B  *  B  .  .\7
        8\.  *  *  *  *  *  *  *  .  .  B\8
         9\.  *  *  *  *  *  *  B  B  .  w\9
         10\.  B  .  *  *  *  *  .  .  w  w\10
          11\b  b  b  .  *  *  *  .  W  W  w\11
              a  b  c  d  e  f  g  h  i  j  k  
8fcf7 info: Old: [black, b6] [white, swap-pieces] [white, d5] [black, g7] [white, i11] [black, d1] [white, d7] [black, k8] [white, b1] [black, b10] [white, g1] [black, i9] [white, f7] [black, f4] [white, j11] [black, i7] 
8fcf7 info: New: [black, b6] [white, swap-pieces] [white, d5] [black, g7] [white, i11] [black, d1] [white, d7] [black, k8] [white, b1] [black, b10] [white, g1] [black, i9] [white, f7] [black, f4] [white, j11] [black, i7] [white, g4] [black, h9] 
8fcf7 info: MovesPlayed: [white, g4] [black, h9] 
8fcf7 info: No subtree to reuse.
8fcf7 info: StartSearch()[0]
8fcf7 info: 
Elapsed Time   0.345279s
Count          1
GamesPlayed    1
Nodes          1
Knowledge      0 (0.0%)
Expansions     0.0
Time           0.00
GameLen        88.0 dev=0.0 min=88.0 max=88.0
InTree         0.0 dev=0.0 min=0.0 max=0.0
KnowDepth      -
Aborted        0%
Games/s        3636.4
Score          0.00
Sequence      
8fcf7 info: 
8fcf7 warning: **** MoHexSearch returned empty sequence!
8fcf7 warning: **** Returning random move!
8fcf7 info: Best move cannot be determined, must search state.
8fcf7 info: --- MoHexPlayer::Search() ---
8fcf7 info: Color: white
8fcf7 info: MaxGames: 1
8fcf7 info: NumberThreads: 1
8fcf7 info: MaxNodes: 9090 (799920 bytes)
8fcf7 info: TimeForMove: 1
8fcf7 info: Winning sequence found before UCT search!
8fcf7 info: Sequence: g6
8fcf7 info: Winning SC.
8fcf7 info: Winning SC.
8fcf7 info: Winning SC.
8fcf7 info: Winning SC.
8fcf7 info: Winning SC.
8fcf7 info: Winning SC.
8fcf7 info: Winning SC.
8fcf7 info: Captured cells caused win! Removing...
8fcf7 info: Winning SC.
8fcf7 info: Winning SC.
8fcf7 info: Winning SC.
8fcf7 info: Captured cells caused win! Removing...
8fcf7 info: Winning SC.
8fcf7 config: ============ BenzeneShutdown =============
8fcf7 config: MoHexProgram:: ShutdownSystem()
8fcf7 config: CommonProgram:: ShutdownSystem()
8fcf7 config: BenzeneProgram:: ShutdownSystem()
Flushing and closing this stream...
