38407 config: MoHex v2.0.CMake Mar 21 2025.
38407 config: ============ InitializeSystem ============
38407 config: BenzeneProgram::InitRandom()
38407 config: Seed = 103338
38407 info: Prior Patterns:
38407 info: Global:
38407 info: Size            = 565 32648 
38407 info: TableEntries    = 65932 65910
38407 info: MirrorsAdded    = 0 0
38407 info: PrunableCount   = 30593 30629
38407 info: LargestGamma    = 5820.77
38407 info: SmallestGamma   = 6.6e-05
38407 info: Local:
38407 info: Size            = 550 5318 
38407 info: TableEntries    = 11602 11588
38407 info: MirrorsAdded    = 0 0
38407 info: PrunableCount   = 3659 3667
38407 info: LargestGamma    = 11281.8
38407 info: SmallestGamma   = 0.026235
38407 info: Playout Patterns:
38407 info: Global:
38407 info: Size            = 565 32648 
38407 info: TableEntries    = 70329 70329
38407 info: MirrorsAdded    = 4397 4419
38407 info: PrunableCount   = 30593 30629
38407 info: LargestGamma    = 5820.77
38407 info: SmallestGamma   = 6.6e-05
38407 info: Local:
38407 info: Size            = 550 5318 
38407 info: TableEntries    = 11602 11588
38407 info: MirrorsAdded    = 0 0
38407 info: PrunableCount   = 3659 3667
38407 info: LargestGamma    = 11281.8
38407 info: SmallestGamma   = 0.026235
38407 config: IcePatternSet: reading from '/home/linus/MoHex2.0/nfbranchfix/benzene-vanilla-cmake/share/ice-patterns.txt'.
38407 config: IcePatternSet: parsed 708 patterns.
38407 config: VCS: reading captured set patterns from '/home/linus/MoHex2.0/nfbranchfix/benzene-vanilla-cmake/share/vc-captured-set.txt'.
38407 config: VCS:: parsed 2 patterns.
38407 config: VCS: reading captured set patterns from '/home/linus/MoHex2.0/nfbranchfix/benzene-vanilla-cmake/share/vc-captured-set.txt'.
38407 config: VCS:: parsed 2 patterns.
38407 config: IcePatternSet: reading from '/home/linus/MoHex2.0/nfbranchfix/benzene-vanilla-cmake/share/ice-patterns.txt'.
38407 config: IcePatternSet: parsed 708 patterns.
38407 config: VCS: reading captured set patterns from '/home/linus/MoHex2.0/nfbranchfix/benzene-vanilla-cmake/share/vc-captured-set.txt'.
38407 config: VCS:: parsed 2 patterns.
38407 config: VCS: reading captured set patterns from '/home/linus/MoHex2.0/nfbranchfix/benzene-vanilla-cmake/share/vc-captured-set.txt'.
38407 config: VCS:: parsed 2 patterns.
38407 config: VCS: reading captured set patterns from '/home/linus/MoHex2.0/nfbranchfix/benzene-vanilla-cmake/share/vc-captured-set.txt'.
38407 config: VCS:: parsed 2 patterns.
38407 config: VCS: reading captured set patterns from '/home/linus/MoHex2.0/nfbranchfix/benzene-vanilla-cmake/share/vc-captured-set.txt'.
38407 config: VCS:: parsed 2 patterns.
38407 config: VCS: reading captured set patterns from '/home/linus/MoHex2.0/nfbranchfix/benzene-vanilla-cmake/share/vc-captured-set.txt'.
38407 config: VCS:: parsed 2 patterns.
38407 config: VCS: reading captured set patterns from '/home/linus/MoHex2.0/nfbranchfix/benzene-vanilla-cmake/share/vc-captured-set.txt'.
38407 config: VCS:: parsed 2 patterns.
38407 config: VCPattern: loading pattern templates from '/home/linus/MoHex2.0/nfbranchfix/benzene-vanilla-cmake/share/vc-patterns.txt'.
38407 info: Best move cannot be determined, must search state.
38407 info: --- MoHexPlayer::Search() ---
38407 info: Color: white
38407 info: MaxGames: 1
38407 info: NumberThreads: 1
38407 info: MaxNodes: 9090 (799920 bytes)
38407 info: TimeForMove: 1
38407 info: PreSearch: max time reached (22/91).
38407 info: Time for PreSearch: 3.66153s
38407 info: 
  b68c5a91cdd051bd
  a  b  c  d  e  f  g  h  i  j  k  
 1\.  .  .  *  *  *  *  *  *  *  .\1
  2\.  .  *  *  *  *  *  *  *  *  .\2
   3\.  *  *  *  *  *  *  *  *  *  .\3
    4\.  *  *  *  *  *  *  *  *  *  .\4
     5\.  *  *  *  B  *  *  *  *  *  .\5
      6\.  *  *  *  *  *  *  *  *  *  .\6
       7\.  *  *  *  *  *  .  *  *  *  .\7
        8\.  *  *  *  *  *  *  *  *  *  .\8
         9\.  *  *  *  *  *  *  *  *  *  .\9
         10\.  *  *  *  *  *  *  *  *  .  .\10
          11\.  *  *  *  *  *  *  *  .  .  .\11
              a  b  c  d  e  f  g  h  i  j  k  
38407 info: No subtree to reuse.
38407 info: Creating thread 0
38407 info: StartSearch()[0]
38407 config: VCS: reading captured set patterns from '/home/linus/MoHex2.0/nfbranchfix/benzene-vanilla-cmake/share/vc-captured-set.txt'.
38407 config: VCS:: parsed 2 patterns.
38407 config: VCS: reading captured set patterns from '/home/linus/MoHex2.0/nfbranchfix/benzene-vanilla-cmake/share/vc-captured-set.txt'.
38407 config: VCS:: parsed 2 patterns.
38407 info: 
Elapsed Time   3.88851s
Count          1
GamesPlayed    1
Nodes          1
Knowledge      0 (0.0%)
Expansions     0.0
Time           0.00
GameLen        120.0 dev=0.0 min=120.0 max=120.0
InTree         0.0 dev=0.0 min=0.0 max=0.0
KnowDepth      -
Aborted        0%
Games/s        394.0
Score          1.00
Sequence      
38407 info: 
38407 warning: **** MoHexSearch returned empty sequence!
38407 warning: **** Returning random move!
38407 info: Best move cannot be determined, must search state.
38407 info: --- MoHexPlayer::Search() ---
38407 info: Color: white
38407 info: MaxGames: 1
38407 info: NumberThreads: 1
38407 info: MaxNodes: 9090 (799920 bytes)
38407 info: TimeForMove: 1
38407 info: PreSearch: max time reached (49/87).
38407 info: Time for PreSearch: 0.203625s
38407 info: 
  eae88fc0986d075b
  a  b  c  d  e  f  g  h  i  j  k  
 1\b  b  b  b  b  .  *  *  *  *  .\1
  2\b  b  B  .  *  *  *  *  *  *  .\2
   3\.  .  *  *  *  *  *  *  *  *  .\3
    4\.  .  *  *  *  *  *  *  *  *  .\4
     5\.  *  *  *  B  *  *  *  *  *  .\5
      6\.  *  *  *  *  *  *  *  *  *  .\6
       7\.  *  *  *  *  *  *  *  *  *  .\7
        8\.  *  *  *  *  *  *  *  *  *  .\8
         9\.  *  *  *  *  *  *  *  *  *  .\9
         10\.  *  *  *  *  *  *  *  *  *  w\10
          11\.  *  *  *  *  *  *  *  *  .  W\11
              a  b  c  d  e  f  g  h  i  j  k  
38407 info: Old: [black, e5] [white, swap-pieces] 
38407 info: New: [black, e5] [white, swap-pieces] [white, k11] [black, c2] 
38407 info: ReuseSubtree: Colors do not alternate.
38407 info: No subtree to reuse.
38407 info: StartSearch()[0]
38407 info: 
Elapsed Time   0.362138s
Count          1
GamesPlayed    1
Nodes          1
Knowledge      0 (0.0%)
Expansions     0.0
Time           0.00
GameLen        110.0 dev=0.0 min=110.0 max=110.0
InTree         0.0 dev=0.0 min=0.0 max=0.0
KnowDepth      -
Aborted        0%
Games/s        2985.1
Score          1.00
Sequence      
38407 info: 
38407 warning: **** MoHexSearch returned empty sequence!
38407 warning: **** Returning random move!
38407 info: Best move cannot be determined, must search state.
38407 info: --- MoHexPlayer::Search() ---
38407 info: Color: white
38407 info: MaxGames: 1
38407 info: NumberThreads: 1
38407 info: MaxNodes: 9090 (799920 bytes)
38407 info: TimeForMove: 1
38407 info: PreSearch: max time reached (48/82).
38407 info: Time for PreSearch: 0.200841s
38407 info: 
  f72cc07e92dc217d
  a  b  c  d  e  f  g  h  i  j  k  
 1\b  b  b  b  b  b  B  .  *  *  .\1
  2\b  b  B  .  *  *  *  *  *  *  .\2
   3\.  .  *  *  *  *  *  *  *  *  .\3
    4\.  .  *  *  *  *  *  *  *  *  .\4
     5\.  *  *  *  B  *  *  *  *  *  .\5
      6\.  *  *  *  *  *  *  *  *  *  .\6
       7\.  *  *  *  *  *  *  *  *  *  .\7
        8\.  *  *  *  *  *  *  *  *  *  W\8
         9\.  *  *  *  *  *  *  *  *  .  w\9
         10\.  *  *  *  *  *  *  *  *  .  w\10
          11\.  *  *  *  *  *  *  *  .  .  W\11
              a  b  c  d  e  f  g  h  i  j  k  
38407 info: Old: [black, e5] [white, swap-pieces] [white, k11] [black, c2] 
38407 info: New: [black, e5] [white, swap-pieces] [white, k11] [black, c2] [white, k8] [black, g1] 
38407 info: MovesPlayed: [white, k8] [black, g1] 
38407 info: No subtree to reuse.
38407 info: StartSearch()[0]
38407 info: 
Elapsed Time   0.359802s
Count          1
GamesPlayed    1
Nodes          1
Knowledge      0 (0.0%)
Expansions     0.0
Time           0.00
GameLen        106.0 dev=0.0 min=106.0 max=106.0
InTree         0.0 dev=0.0 min=0.0 max=0.0
KnowDepth      -
Aborted        0%
Games/s        2227.2
Score          0.00
Sequence      
38407 info: 
38407 warning: **** MoHexSearch returned empty sequence!
38407 warning: **** Returning random move!
38407 info: Best move cannot be determined, must search state.
38407 info: --- MoHexPlayer::Search() ---
38407 info: Color: white
38407 info: MaxGames: 1
38407 info: NumberThreads: 1
38407 info: MaxNodes: 9090 (799920 bytes)
38407 info: TimeForMove: 1
38407 info: PreSearch: max time reached (38/78).
38407 info: Time for PreSearch: 0.202125s
38407 info: 
  fa9c2f010e4e1e98
  a  b  c  d  e  f  g  h  i  j  k  
 1\b  b  b  b  b  b  B  .  *  *  .\1
  2\b  b  B  .  W  *  *  *  *  *  .\2
   3\.  .  *  *  *  *  *  *  *  *  .\3
    4\.  .  *  *  *  *  *  *  *  *  .\4
     5\.  *  *  *  B  *  *  *  *  *  .\5
      6\.  *  *  *  *  *  *  *  *  *  .\6
       7\.  *  *  *  *  *  *  *  *  *  .\7
        8\.  *  *  *  *  *  *  *  *  *  W\8
         9\.  *  *  *  *  *  *  *  *  .  w\9
         10\.  *  *  *  *  *  *  *  *  .  w\10
          11\.  *  *  .  B  .  *  *  .  .  W\11
              a  b  c  d  e  f  g  h  i  j  k  
38407 info: Old: [black, e5] [white, swap-pieces] [white, k11] [black, c2] [white, k8] [black, g1] 
38407 info: New: [black, e5] [white, swap-pieces] [white, k11] [black, c2] [white, k8] [black, g1] [white, e2] [black, e11] 
38407 info: MovesPlayed: [white, e2] [black, e11] 
38407 info: No subtree to reuse.
38407 info: StartSearch()[0]
38407 info: 
Elapsed Time   0.574787s
Count          1
GamesPlayed    1
Nodes          1
Knowledge      0 (0.0%)
Expansions     0.0
Time           0.00
GameLen        104.0 dev=0.0 min=104.0 max=104.0
InTree         0.0 dev=0.0 min=0.0 max=0.0
KnowDepth      -
Aborted        0%
Games/s        2967.4
Score          1.00
Sequence      
38407 info: 
38407 warning: **** MoHexSearch returned empty sequence!
38407 warning: **** Returning random move!
38407 info: Best move cannot be determined, must search state.
38407 info: --- MoHexPlayer::Search() ---
38407 info: Color: white
38407 info: MaxGames: 1
38407 info: NumberThreads: 1
38407 info: MaxNodes: 9090 (799920 bytes)
38407 info: TimeForMove: 1
38407 info: PreSearch: max time reached (44/78).
38407 info: Time for PreSearch: 0.20298s
38407 info: 
  c37afe356d9fb5ef
  a  b  c  d  e  f  g  h  i  j  k  
 1\b  b  b  b  b  b  B  .  *  *  .\1
  2\b  b  B  .  W  *  *  *  *  *  .\2
   3\b  b  *  *  *  *  *  *  *  *  .\3
    4\B  *  *  *  *  *  *  *  *  *  .\4
     5\.  *  *  *  B  *  *  *  *  *  .\5
      6\.  *  *  W  *  *  *  *  *  *  .\6
       7\.  *  *  *  *  *  *  *  *  *  .\7
        8\.  *  *  *  *  *  *  *  *  *  W\8
         9\.  *  *  *  *  *  *  *  *  .  w\9
         10\.  *  *  *  *  *  *  *  *  .  w\10
          11\.  *  *  .  B  .  *  *  .  .  W\11
              a  b  c  d  e  f  g  h  i  j  k  
38407 info: Old: [black, e5] [white, swap-pieces] [white, k11] [black, c2] [white, k8] [black, g1] [white, e2] [black, e11] 
38407 info: New: [black, e5] [white, swap-pieces] [white, k11] [black, c2] [white, k8] [black, g1] [white, e2] [black, e11] [white, d6] [black, a4] 
38407 info: MovesPlayed: [white, d6] [black, a4] 
38407 info: No subtree to reuse.
38407 info: StartSearch()[0]
38407 info: 
Elapsed Time   0.359285s
Count          1
GamesPlayed    1
Nodes          1
Knowledge      0 (0.0%)
Expansions     0.0
Time           0.00
GameLen        100.0 dev=0.0 min=100.0 max=100.0
InTree         0.0 dev=0.0 min=0.0 max=0.0
KnowDepth      -
Aborted        0%
Games/s        2907.0
Score          1.00
Sequence      
38407 info: 
38407 warning: **** MoHexSearch returned empty sequence!
38407 warning: **** Returning random move!
38407 info: Best move cannot be determined, must search state.
38407 info: --- MoHexPlayer::Search() ---
38407 info: Color: white
38407 info: MaxGames: 1
38407 info: NumberThreads: 1
38407 info: MaxNodes: 9090 (799920 bytes)
38407 info: TimeForMove: 1
38407 info: PreSearch: max time reached (51/77).
38407 info: Time for PreSearch: 0.202786s
38407 info: 
  075e91cfba5d6fc9
  a  b  c  d  e  f  g  h  i  j  k  
 1\b  b  b  b  b  b  B  .  *  *  .\1
  2\b  b  B  .  W  *  *  *  *  *  .\2
   3\b  b  *  *  *  *  *  *  W  .  .\3
    4\B  *  *  *  *  *  *  *  *  *  .\4
     5\*  *  *  *  B  *  *  *  *  *  .\5
      6\B  *  *  W  *  *  *  *  *  *  .\6
       7\.  *  *  *  *  *  *  *  *  *  .\7
        8\.  *  *  *  *  *  *  *  *  *  W\8
         9\.  *  *  *  *  *  *  *  *  .  w\9
         10\.  *  *  *  *  *  *  *  *  .  w\10
          11\.  *  *  .  B  .  *  *  .  .  W\11
              a  b  c  d  e  f  g  h  i  j  k  
38407 info: Old: [black, e5] [white, swap-pieces] [white, k11] [black, c2] [white, k8] [black, g1] [white, e2] [black, e11] [white, d6] [black, a4] 
38407 info: New: [black, e5] [white, swap-pieces] [white, k11] [black, c2] [white, k8] [black, g1] [white, e2] [black, e11] [white, d6] [black, a4] [white, i3] [black, a6] 
38407 info: MovesPlayed: [white, i3] [black, a6] 
38407 info: No subtree to reuse.
38407 info: StartSearch()[0]
38407 info: 
Elapsed Time   0.372983s
Count          1
GamesPlayed    1
Nodes          1
Knowledge      0 (0.0%)
Expansions     0.0
Time           0.00
GameLen        98.0 dev=0.0 min=98.0 max=98.0
InTree         0.0 dev=0.0 min=0.0 max=0.0
KnowDepth      -
Aborted        0%
Games/s        3096.0
Score          1.00
Sequence      
38407 info: 
38407 warning: **** MoHexSearch returned empty sequence!
38407 warning: **** Returning random move!
38407 info: Best move cannot be determined, must search state.
38407 info: --- MoHexPlayer::Search() ---
38407 info: Color: white
38407 info: MaxGames: 1
38407 info: NumberThreads: 1
38407 info: MaxNodes: 9090 (799920 bytes)
38407 info: TimeForMove: 1
38407 info: PreSearch: max time reached (50/70).
38407 info: Time for PreSearch: 0.203133s
38407 info: 
  dfd0c47b50bed042
  a  b  c  d  e  f  g  h  i  j  k  
 1\b  b  b  b  b  b  B  .  *  *  .\1
  2\b  b  B  b  W  *  *  *  *  *  .\2
   3\b  b  b  .  *  *  *  *  W  .  .\3
    4\B  b  B  *  *  *  *  *  *  *  .\4
     5\b  b  *  *  B  *  *  *  *  *  .\5
      6\B  *  *  W  *  *  *  *  *  *  .\6
       7\.  *  *  *  *  *  *  *  *  *  .\7
        8\.  *  *  *  *  *  *  *  *  *  W\8
         9\.  *  *  *  *  *  *  *  *  .  w\9
         10\.  .  *  *  *  *  *  *  *  .  w\10
          11\.  W  *  .  B  .  *  *  .  .  W\11
              a  b  c  d  e  f  g  h  i  j  k  
38407 info: Old: [black, e5] [white, swap-pieces] [white, k11] [black, c2] [white, k8] [black, g1] [white, e2] [black, e11] [white, d6] [black, a4] [white, i3] [black, a6] 
38407 info: New: [black, e5] [white, swap-pieces] [white, k11] [black, c2] [white, k8] [black, g1] [white, e2] [black, e11] [white, d6] [black, a4] [white, i3] [black, a6] [white, b11] [black, c4] 
38407 info: MovesPlayed: [white, b11] [black, c4] 
38407 info: No subtree to reuse.
38407 info: StartSearch()[0]
38407 info: 
Elapsed Time   0.356985s
Count          1
GamesPlayed    1
Nodes          1
Knowledge      0 (0.0%)
Expansions     0.0
Time           0.00
GameLen        91.0 dev=0.0 min=91.0 max=91.0
InTree         0.0 dev=0.0 min=0.0 max=0.0
KnowDepth      -
Aborted        0%
Games/s        2518.9
Score          1.00
Sequence      
38407 info: 
38407 warning: **** MoHexSearch returned empty sequence!
38407 warning: **** Returning random move!
38407 info: Best move cannot be determined, must search state.
38407 info: --- MoHexPlayer::Search() ---
38407 info: Color: white
38407 info: MaxGames: 1
38407 info: NumberThreads: 1
38407 info: MaxNodes: 9090 (799920 bytes)
38407 info: TimeForMove: 1
38407 info: PreSearch: max time reached (46/63).
38407 info: Time for PreSearch: 0.204084s
38407 info: 
  3ed5595d75bc25c1
  a  b  c  d  e  f  g  h  i  j  k  
 1\b  b  b  b  b  b  B  .  *  *  .\1
  2\b  b  B  b  W  *  *  *  *  *  .\2
   3\b  b  b  .  *  *  *  *  W  .  .\3
    4\B  b  B  *  *  *  *  *  *  *  .\4
     5\b  b  *  *  B  *  *  *  *  *  .\5
      6\B  *  *  W  *  *  *  *  *  *  .\6
       7\.  *  *  *  *  *  *  *  *  *  .\7
        8\.  *  *  *  B  *  *  *  *  *  W\8
         9\.  *  *  *  .  W  *  *  *  .  w\9
         10\.  .  *  *  .  .  *  *  *  .  w\10
          11\.  W  .  b  B  b  .  *  .  .  W\11
              a  b  c  d  e  f  g  h  i  j  k  
38407 info: Old: [black, e5] [white, swap-pieces] [white, k11] [black, c2] [white, k8] [black, g1] [white, e2] [black, e11] [white, d6] [black, a4] [white, i3] [black, a6] [white, b11] [black, c4] 
38407 info: New: [black, e5] [white, swap-pieces] [white, k11] [black, c2] [white, k8] [black, g1] [white, e2] [black, e11] [white, d6] [black, a4] [white, i3] [black, a6] [white, b11] [black, c4] [white, f9] [black, e8] 
38407 info: MovesPlayed: [white, f9] [black, e8] 
38407 info: No subtree to reuse.
38407 info: StartSearch()[0]
38407 info: 
Elapsed Time   0.355129s
Count          1
GamesPlayed    1
Nodes          1
Knowledge      0 (0.0%)
Expansions     0.0
Time           0.00
GameLen        87.0 dev=0.0 min=87.0 max=87.0
InTree         0.0 dev=0.0 min=0.0 max=0.0
KnowDepth      -
Aborted        0%
Games/s        2924.0
Score          0.00
Sequence      
38407 info: 
38407 warning: **** MoHexSearch returned empty sequence!
38407 warning: **** Returning random move!
38407 info: Best move cannot be determined, must search state.
38407 info: --- MoHexPlayer::Search() ---
38407 info: Color: white
38407 info: MaxGames: 1
38407 info: NumberThreads: 1
38407 info: MaxNodes: 9090 (799920 bytes)
38407 info: TimeForMove: 1
38407 info: PreSearch: max time reached (53/62).
38407 info: Time for PreSearch: 0.203619s
38407 info: 
  a98c03516a3fbe82
  a  b  c  d  e  f  g  h  i  j  k  
 1\b  b  b  b  b  b  B  .  *  *  .\1
  2\b  b  B  b  W  *  *  *  *  *  .\2
   3\b  b  b  .  *  *  *  *  W  .  .\3
    4\B  b  B  *  *  *  *  *  *  *  .\4
     5\b  b  *  *  B  *  *  *  *  *  .\5
      6\B  *  *  W  *  *  *  *  *  *  .\6
       7\.  *  *  *  *  *  B  *  *  *  .\7
        8\.  *  *  *  B  .  *  *  *  *  W\8
         9\.  *  *  *  .  W  *  *  *  .  w\9
         10\.  .  *  *  .  *  *  *  *  .  w\10
          11\.  W  .  b  B  .  W  *  .  .  W\11
              a  b  c  d  e  f  g  h  i  j  k  
38407 info: Old: [black, e5] [white, swap-pieces] [white, k11] [black, c2] [white, k8] [black, g1] [white, e2] [black, e11] [white, d6] [black, a4] [white, i3] [black, a6] [white, b11] [black, c4] [white, f9] [black, e8] 
38407 info: New: [black, e5] [white, swap-pieces] [white, k11] [black, c2] [white, k8] [black, g1] [white, e2] [black, e11] [white, d6] [black, a4] [white, i3] [black, a6] [white, b11] [black, c4] [white, f9] [black, e8] [white, g11] [black, g7] 
38407 info: MovesPlayed: [white, g11] [black, g7] 
38407 info: No subtree to reuse.
38407 info: StartSearch()[0]
38407 info: 
Elapsed Time   0.564305s
Count          1
GamesPlayed    1
Nodes          1
Knowledge      0 (0.0%)
Expansions     0.0
Time           0.00
GameLen        86.0 dev=0.0 min=86.0 max=86.0
InTree         0.0 dev=0.0 min=0.0 max=0.0
KnowDepth      -
Aborted        0%
Games/s        3610.1
Score          1.00
Sequence      
38407 info: 
38407 warning: **** MoHexSearch returned empty sequence!
38407 warning: **** Returning random move!
38407 info: Best move cannot be determined, must search state.
38407 info: --- MoHexPlayer::Search() ---
38407 info: Color: white
38407 info: MaxGames: 1
38407 info: NumberThreads: 1
38407 info: MaxNodes: 9090 (799920 bytes)
38407 info: TimeForMove: 1
38407 info: PreSearch: max time reached (54/59).
38407 info: Time for PreSearch: 0.201018s
38407 info: 
  5a9679908f2a5eb3
  a  b  c  d  e  f  g  h  i  j  k  
 1\b  b  b  b  b  b  B  .  *  *  .\1
  2\b  b  B  b  W  .  *  *  *  *  .\2
   3\b  b  b  W  .  *  *  *  W  .  .\3
    4\B  b  B  *  *  *  *  *  *  *  .\4
     5\b  b  *  *  B  *  *  *  *  *  .\5
      6\B  *  *  W  *  *  *  *  *  *  .\6
       7\.  *  *  *  *  *  B  *  *  *  .\7
        8\.  *  *  *  B  .  *  *  *  *  W\8
         9\.  B  *  *  .  W  *  *  *  .  w\9
         10\.  *  *  *  .  *  *  *  *  .  w\10
          11\.  W  .  b  B  .  W  *  .  .  W\11
              a  b  c  d  e  f  g  h  i  j  k  
38407 info: Old: [black, e5] [white, swap-pieces] [white, k11] [black, c2] [white, k8] [black, g1] [white, e2] [black, e11] [white, d6] [black, a4] [white, i3] [black, a6] [white, b11] [black, c4] [white, f9] [black, e8] [white, g11] [black, g7] 
38407 info: New: [black, e5] [white, swap-pieces] [white, k11] [black, c2] [white, k8] [black, g1] [white, e2] [black, e11] [white, d6] [black, a4] [white, i3] [black, a6] [white, b11] [black, c4] [white, f9] [black, e8] [white, g11] [black, g7] [white, d3] [black, b9] 
38407 info: MovesPlayed: [white, d3] [black, b9] 
38407 info: No subtree to reuse.
38407 info: StartSearch()[0]
38407 info: 
Elapsed Time   0.34741s
Count          1
GamesPlayed    1
Nodes          1
Knowledge      0 (0.0%)
Expansions     0.0
Time           0.00
GameLen        84.0 dev=0.0 min=84.0 max=84.0
InTree         0.0 dev=0.0 min=0.0 max=0.0
KnowDepth      -
Aborted        0%
Games/s        3125.0
Score          0.00
Sequence      
38407 info: 
38407 warning: **** MoHexSearch returned empty sequence!
38407 warning: **** Returning random move!
38407 info: Best move cannot be determined, must search state.
38407 info: --- MoHexPlayer::Search() ---
38407 info: Color: white
38407 info: MaxGames: 1
38407 info: NumberThreads: 1
38407 info: MaxNodes: 9090 (799920 bytes)
38407 info: TimeForMove: 1
38407 info: Time for PreSearch: 0.029922s
38407 info: 
  24853a125db81323
  a  b  c  d  e  f  g  h  i  j  k  
 1\b  b  b  b  b  b  B  .  .  .  .\1
  2\b  b  B  b  W  .  *  .  .  .  .\2
   3\b  b  b  W  .  .  .  .  W  .  .\3
    4\B  b  B  *  .  *  .  .  .  .  .\4
     5\b  b  .  .  B  .  .  .  .  .  .\5
      6\B  *  .  W  *  .  .  .  .  .  .\6
       7\.  *  *  .  *  .  B  .  .  .  .\7
        8\.  .  B  *  B  .  .  .  .  .  W\8
         9\.  B  .  *  .  W  .  .  .  .  w\9
         10\W  .  *  *  .  .  .  .  .  .  w\10
          11\.  W  .  b  B  .  W  .  .  .  W\11
              a  b  c  d  e  f  g  h  i  j  k  
38407 info: Old: [black, e5] [white, swap-pieces] [white, k11] [black, c2] [white, k8] [black, g1] [white, e2] [black, e11] [white, d6] [black, a4] [white, i3] [black, a6] [white, b11] [black, c4] [white, f9] [black, e8] [white, g11] [black, g7] [white, d3] [black, b9] 
38407 info: New: [black, e5] [white, swap-pieces] [white, k11] [black, c2] [white, k8] [black, g1] [white, e2] [black, e11] [white, d6] [black, a4] [white, i3] [black, a6] [white, b11] [black, c4] [white, f9] [black, e8] [white, g11] [black, g7] [white, d3] [black, b9] [white, a10] [black, c8] 
38407 info: MovesPlayed: [white, a10] [black, c8] 
38407 info: No subtree to reuse.
38407 info: StartSearch()[0]
38407 info: 
Elapsed Time   0.184694s
Count          1
GamesPlayed    1
Nodes          1
Knowledge      0 (0.0%)
Expansions     0.0
Time           0.00
GameLen        82.0 dev=0.0 min=82.0 max=82.0
InTree         0.0 dev=0.0 min=0.0 max=0.0
KnowDepth      -
Aborted        0%
Games/s        3039.5
Score          1.00
Sequence      
38407 info: 
38407 warning: **** MoHexSearch returned empty sequence!
38407 warning: **** Returning random move!
38407 info: Opponent has won; playing most blocking move.
38407 info: Opponent has won; playing most blocking move.
38407 info: Opponent has won; playing most blocking move.
38407 info: Opponent has won; playing most blocking move.
38407 info: Opponent has won; playing most blocking move.
38407 info: Captured cells caused win! Removing...
38407 info: Opponent has won; playing most blocking move.
38407 info: Captured cells caused win! Removing...
38407 info: Opponent has won; playing most blocking move.
38407 info: Captured cells caused win! Removing...
38407 info: Opponent has won; playing most blocking move.
38407 config: ============ BenzeneShutdown =============
38407 config: MoHexProgram:: ShutdownSystem()
38407 config: CommonProgram:: ShutdownSystem()
38407 config: BenzeneProgram:: ShutdownSystem()
Flushing and closing this stream...
