35b67 config: MoHex v2.0.CMake Mar 21 2025.
35b67 config: ============ InitializeSystem ============
35b67 config: BenzeneProgram::InitRandom()
35b67 config: Seed = 323408
35b67 info: Prior Patterns:
35b67 info: Global:
35b67 info: Size            = 565 32648 
35b67 info: TableEntries    = 65932 65910
35b67 info: MirrorsAdded    = 0 0
35b67 info: PrunableCount   = 30593 30629
35b67 info: LargestGamma    = 5820.77
35b67 info: SmallestGamma   = 6.6e-05
35b67 info: Local:
35b67 info: Size            = 550 5318 
35b67 info: TableEntries    = 11602 11588
35b67 info: MirrorsAdded    = 0 0
35b67 info: PrunableCount   = 3659 3667
35b67 info: LargestGamma    = 11281.8
35b67 info: SmallestGamma   = 0.026235
35b67 info: Playout Patterns:
35b67 info: Global:
35b67 info: Size            = 565 32648 
35b67 info: TableEntries    = 70329 70329
35b67 info: MirrorsAdded    = 4397 4419
35b67 info: PrunableCount   = 30593 30629
35b67 info: LargestGamma    = 5820.77
35b67 info: SmallestGamma   = 6.6e-05
35b67 info: Local:
35b67 info: Size            = 550 5318 
35b67 info: TableEntries    = 11602 11588
35b67 info: MirrorsAdded    = 0 0
35b67 info: PrunableCount   = 3659 3667
35b67 info: LargestGamma    = 11281.8
35b67 info: SmallestGamma   = 0.026235
35b67 config: IcePatternSet: reading from '/home/linus/MoHex2.0/nfbranchfix/benzene-vanilla-cmake/share/ice-patterns.txt'.
35b67 config: IcePatternSet: parsed 708 patterns.
35b67 config: VCS: reading captured set patterns from '/home/linus/MoHex2.0/nfbranchfix/benzene-vanilla-cmake/share/vc-captured-set.txt'.
35b67 config: VCS:: parsed 2 patterns.
35b67 config: VCS: reading captured set patterns from '/home/linus/MoHex2.0/nfbranchfix/benzene-vanilla-cmake/share/vc-captured-set.txt'.
35b67 config: VCS:: parsed 2 patterns.
35b67 config: IcePatternSet: reading from '/home/linus/MoHex2.0/nfbranchfix/benzene-vanilla-cmake/share/ice-patterns.txt'.
35b67 config: IcePatternSet: parsed 708 patterns.
35b67 config: VCS: reading captured set patterns from '/home/linus/MoHex2.0/nfbranchfix/benzene-vanilla-cmake/share/vc-captured-set.txt'.
35b67 config: VCS:: parsed 2 patterns.
35b67 config: VCS: reading captured set patterns from '/home/linus/MoHex2.0/nfbranchfix/benzene-vanilla-cmake/share/vc-captured-set.txt'.
35b67 config: VCS:: parsed 2 patterns.
35b67 config: VCS: reading captured set patterns from '/home/linus/MoHex2.0/nfbranchfix/benzene-vanilla-cmake/share/vc-captured-set.txt'.
35b67 config: VCS:: parsed 2 patterns.
35b67 config: VCS: reading captured set patterns from '/home/linus/MoHex2.0/nfbranchfix/benzene-vanilla-cmake/share/vc-captured-set.txt'.
35b67 config: VCS:: parsed 2 patterns.
35b67 config: VCS: reading captured set patterns from '/home/linus/MoHex2.0/nfbranchfix/benzene-vanilla-cmake/share/vc-captured-set.txt'.
35b67 config: VCS:: parsed 2 patterns.
35b67 config: VCS: reading captured set patterns from '/home/linus/MoHex2.0/nfbranchfix/benzene-vanilla-cmake/share/vc-captured-set.txt'.
35b67 config: VCS:: parsed 2 patterns.
35b67 config: VCPattern: loading pattern templates from '/home/linus/MoHex2.0/nfbranchfix/benzene-vanilla-cmake/share/vc-patterns.txt'.
35b67 info: Best move cannot be determined, must search state.
35b67 info: --- MoHexPlayer::Search() ---
35b67 info: Color: white
35b67 info: MaxGames: 1
35b67 info: NumberThreads: 1
35b67 info: MaxNodes: 181818181 (15999999928 bytes)
35b67 info: TimeForMove: 1
35b67 info: PreSearch: max time reached (32/90).
35b67 info: Time for PreSearch: 0.200416s
35b67 info: 
  c92b086a87b48280
  a  b  c  d  e  f  g  h  i  j  k  
 1\.  .  .  *  *  *  *  *  *  *  .\1
  2\.  .  *  *  *  *  *  *  *  *  .\2
   3\.  *  *  *  *  *  *  *  *  *  .\3
    4\.  *  .  *  *  *  *  *  *  *  .\4
     5\.  *  *  *  *  *  *  *  *  *  .\5
      6\.  *  *  *  *  *  *  *  *  *  .\6
       7\.  *  *  *  *  *  *  *  *  *  .\7
        8\.  *  *  *  *  *  *  *  .  *  .\8
         9\.  *  *  *  *  *  *  B  *  *  .\9
         10\.  *  *  *  *  *  *  *  *  .  .\10
          11\.  *  *  *  *  *  *  *  .  .  .\11
              a  b  c  d  e  f  g  h  i  j  k  
35b67 info: No subtree to reuse.
35b67 info: Creating thread 0
35b67 info: StartSearch()[0]
35b67 config: VCS: reading captured set patterns from '/home/linus/MoHex2.0/nfbranchfix/benzene-vanilla-cmake/share/vc-captured-set.txt'.
35b67 config: VCS:: parsed 2 patterns.
35b67 config: VCS: reading captured set patterns from '/home/linus/MoHex2.0/nfbranchfix/benzene-vanilla-cmake/share/vc-captured-set.txt'.
35b67 config: VCS:: parsed 2 patterns.
35b67 info: 
Elapsed Time   0.371161s
Count          1
GamesPlayed    1
Nodes          1
Knowledge      0 (0.0%)
Expansions     0.0
Time           0.00
GameLen        120.0 dev=0.0 min=120.0 max=120.0
InTree         0.0 dev=0.0 min=0.0 max=0.0
KnowDepth      -
Aborted        0%
Games/s        395.9
Score          0.00
Sequence      
35b67 info: 
35b67 warning: **** MoHexSearch returned empty sequence!
35b67 warning: **** Returning random move!
35b67 info: Best move cannot be determined, must search state.
35b67 info: --- MoHexPlayer::Search() ---
35b67 info: Color: white
35b67 info: MaxGames: 1
35b67 info: NumberThreads: 1
35b67 info: MaxNodes: 181818181 (15999999928 bytes)
35b67 info: TimeForMove: 1
35b67 info: PreSearch: max time reached (46/83).
35b67 info: Time for PreSearch: 0.200229s
35b67 info: 
  928f2bf5ac129c8b
  a  b  c  d  e  f  g  h  i  j  k  
 1\.  .  .  *  *  *  *  *  *  *  .\1
  2\.  .  *  *  *  *  *  *  *  *  .\2
   3\.  *  *  *  *  *  *  *  *  *  .\3
    4\.  *  *  *  *  *  *  *  *  *  .\4
     5\.  *  *  *  *  *  *  *  *  *  .\5
      6\.  *  *  *  B  *  *  *  *  .  w\6
       7\.  *  *  *  *  *  *  *  *  .  w\7
        8\.  *  *  *  *  *  *  *  .  W  w\8
         9\.  *  *  *  *  *  *  B  .  w  w\9
         10\.  *  *  *  *  *  *  .  .  w  w\10
          11\.  *  *  *  *  *  *  .  .  w  w\11
              a  b  c  d  e  f  g  h  i  j  k  
35b67 info: Old: [black, h9] [white, swap-pieces] 
35b67 info: New: [black, h9] [white, swap-pieces] [white, j8] [black, e6] 
35b67 info: ReuseSubtree: Colors do not alternate.
35b67 info: No subtree to reuse.
35b67 info: StartSearch()[0]
35b67 info: 
Elapsed Time   0.362871s
Count          1
GamesPlayed    1
Nodes          1
Knowledge      0 (0.0%)
Expansions     0.0
Time           0.00
GameLen        109.0 dev=0.0 min=109.0 max=109.0
InTree         0.0 dev=0.0 min=0.0 max=0.0
KnowDepth      -
Aborted        0%
Games/s        2506.3
Score          0.00
Sequence      
35b67 info: 
35b67 warning: **** MoHexSearch returned empty sequence!
35b67 warning: **** Returning random move!
35b67 info: Best move cannot be determined, must search state.
35b67 info: --- MoHexPlayer::Search() ---
35b67 info: Color: white
35b67 info: MaxGames: 1
35b67 info: NumberThreads: 1
35b67 info: MaxNodes: 181818181 (15999999928 bytes)
35b67 info: TimeForMove: 1
35b67 info: PreSearch: max time reached (47/82).
35b67 info: Time for PreSearch: 0.200976s
35b67 info: 
  17d637a6eefdb42a
  a  b  c  d  e  f  g  h  i  j  k  
 1\.  .  *  *  *  *  *  *  *  *  .\1
  2\.  *  *  *  *  *  *  *  *  *  .\2
   3\.  *  *  *  *  *  *  *  *  *  .\3
    4\w  .  B  *  *  *  *  *  *  *  .\4
     5\W  .  *  *  *  *  *  *  *  *  .\5
      6\w  *  *  *  B  *  *  *  *  .  w\6
       7\.  *  *  *  *  *  *  *  *  .  w\7
        8\.  *  *  *  *  *  *  *  .  W  w\8
         9\.  *  *  *  *  *  *  B  .  w  w\9
         10\.  *  *  *  *  *  *  .  .  w  w\10
          11\.  *  *  *  *  *  *  .  .  w  w\11
              a  b  c  d  e  f  g  h  i  j  k  
35b67 info: Old: [black, h9] [white, swap-pieces] [white, j8] [black, e6] 
35b67 info: New: [black, h9] [white, swap-pieces] [white, j8] [black, e6] [white, a5] [black, c4] 
35b67 info: MovesPlayed: [white, a5] [black, c4] 
35b67 info: No subtree to reuse.
35b67 info: StartSearch()[0]
35b67 info: 
Elapsed Time   0.36336s
Count          1
GamesPlayed    1
Nodes          1
Knowledge      0 (0.0%)
Expansions     0.0
Time           0.00
GameLen        105.0 dev=0.0 min=105.0 max=105.0
InTree         0.0 dev=0.0 min=0.0 max=0.0
KnowDepth      -
Aborted        0%
Games/s        3039.5
Score          0.00
Sequence      
35b67 info: 
35b67 warning: **** MoHexSearch returned empty sequence!
35b67 warning: **** Returning random move!
35b67 info: Best move cannot be determined, must search state.
35b67 info: --- MoHexPlayer::Search() ---
35b67 info: Color: white
35b67 info: MaxGames: 1
35b67 info: NumberThreads: 1
35b67 info: MaxNodes: 181818181 (15999999928 bytes)
35b67 info: TimeForMove: 1
35b67 info: PreSearch: max time reached (49/80).
35b67 info: Time for PreSearch: 0.202372s
35b67 info: 
  03873d3d3b82dcd8
  a  b  c  d  e  f  g  h  i  j  k  
 1\.  .  *  *  *  *  *  *  *  *  .\1
  2\.  *  *  *  *  *  *  *  *  *  W\2
   3\.  *  *  *  *  *  *  *  *  *  .\3
    4\w  .  B  *  *  *  *  *  *  *  .\4
     5\W  .  *  *  *  *  *  *  *  *  .\5
      6\w  *  *  *  B  *  *  *  *  *  w\6
       7\.  *  *  *  *  *  *  *  *  .  w\7
        8\.  *  *  *  *  *  *  *  .  W  w\8
         9\.  *  *  *  *  *  B  B  .  w  w\9
         10\.  *  *  *  *  .  .  .  .  w  w\10
          11\.  *  *  *  .  *  *  .  .  w  w\11
              a  b  c  d  e  f  g  h  i  j  k  
35b67 info: Old: [black, h9] [white, swap-pieces] [white, j8] [black, e6] [white, a5] [black, c4] 
35b67 info: New: [black, h9] [white, swap-pieces] [white, j8] [black, e6] [white, a5] [black, c4] [white, k2] [black, g9] 
35b67 info: MovesPlayed: [white, k2] [black, g9] 
35b67 info: No subtree to reuse.
35b67 info: StartSearch()[0]
35b67 info: 
Elapsed Time   0.372452s
Count          1
GamesPlayed    1
Nodes          1
Knowledge      0 (0.0%)
Expansions     0.0
Time           0.00
GameLen        103.0 dev=0.0 min=103.0 max=103.0
InTree         0.0 dev=0.0 min=0.0 max=0.0
KnowDepth      -
Aborted        0%
Games/s        3194.9
Score          0.00
Sequence      
35b67 info: 
35b67 warning: **** MoHexSearch returned empty sequence!
35b67 warning: **** Returning random move!
35b67 info: Best move cannot be determined, must search state.
35b67 info: --- MoHexPlayer::Search() ---
35b67 info: Color: white
35b67 info: MaxGames: 1
35b67 info: NumberThreads: 1
35b67 info: MaxNodes: 181818181 (15999999928 bytes)
35b67 info: TimeForMove: 1
35b67 info: PreSearch: max time reached (54/73).
35b67 info: Time for PreSearch: 0.200724s
35b67 info: 
  6d35d1994e219ae4
  a  b  c  d  e  f  g  h  i  j  k  
 1\.  .  *  *  *  *  *  *  *  .  b\1
  2\.  *  *  *  *  *  *  *  *  W  W\2
   3\.  *  *  *  *  *  *  *  B  .  w\3
    4\w  .  B  *  *  *  *  *  *  .  w\4
     5\W  .  *  *  *  *  *  *  *  .  w\5
      6\w  .  *  *  B  *  *  *  *  .  w\6
       7\.  *  *  *  *  *  *  *  .  w  w\7
        8\.  *  *  *  *  *  *  *  .  W  w\8
         9\.  *  *  *  *  *  B  B  .  w  w\9
         10\.  *  *  *  *  .  .  .  .  w  w\10
          11\.  *  *  *  .  *  *  .  .  w  w\11
              a  b  c  d  e  f  g  h  i  j  k  
35b67 info: Old: [black, h9] [white, swap-pieces] [white, j8] [black, e6] [white, a5] [black, c4] [white, k2] [black, g9] 
35b67 info: New: [black, h9] [white, swap-pieces] [white, j8] [black, e6] [white, a5] [black, c4] [white, k2] [black, g9] [white, j2] [black, i3] 
35b67 info: MovesPlayed: [white, j2] [black, i3] 
35b67 info: No subtree to reuse.
35b67 info: StartSearch()[0]
35b67 info: 
Elapsed Time   0.374733s
Count          1
GamesPlayed    1
Nodes          1
Knowledge      0 (0.0%)
Expansions     0.0
Time           0.00
GameLen        96.0 dev=0.0 min=96.0 max=96.0
InTree         0.0 dev=0.0 min=0.0 max=0.0
KnowDepth      -
Aborted        0%
Games/s        3584.2
Score          1.00
Sequence      
35b67 info: 
35b67 warning: **** MoHexSearch returned empty sequence!
35b67 warning: **** Returning random move!
35b67 info: Best move cannot be determined, must search state.
35b67 info: --- MoHexPlayer::Search() ---
35b67 info: Color: white
35b67 info: MaxGames: 1
35b67 info: NumberThreads: 1
35b67 info: MaxNodes: 181818181 (15999999928 bytes)
35b67 info: TimeForMove: 1
35b67 info: Time for PreSearch: 0.064422s
35b67 info: 
  af056f7b43f395e8
  a  b  c  d  e  f  g  h  i  j  k  
 1\.  .  .  .  .  .  *  *  *  .  b\1
  2\.  .  .  .  .  *  *  .  *  W  W\2
   3\.  .  .  .  .  .  *  *  B  .  w\3
    4\w  .  B  .  .  .  .  .  .  .  w\4
     5\W  .  .  .  .  .  .  .  .  .  w\5
      6\w  .  .  .  B  .  B  .  .  b  b\6
       7\.  .  .  .  .  .  .  .  W  w  w\7
        8\.  .  .  .  .  .  *  .  w  W  w\8
         9\.  .  .  .  *  .  B  B  .  w  w\9
         10\.  .  .  .  .  .  .  .  .  w  w\10
          11\.  .  .  .  .  *  *  .  .  w  w\11
              a  b  c  d  e  f  g  h  i  j  k  
35b67 info: Old: [black, h9] [white, swap-pieces] [white, j8] [black, e6] [white, a5] [black, c4] [white, k2] [black, g9] [white, j2] [black, i3] 
35b67 info: New: [black, h9] [white, swap-pieces] [white, j8] [black, e6] [white, a5] [black, c4] [white, k2] [black, g9] [white, j2] [black, i3] [white, i7] [black, g6] 
35b67 info: MovesPlayed: [white, i7] [black, g6] 
35b67 info: No subtree to reuse.
35b67 info: StartSearch()[0]
35b67 info: 
Elapsed Time   0.225971s
Count          1
GamesPlayed    1
Nodes          1
Knowledge      0 (0.0%)
Expansions     0.0
Time           0.00
GameLen        92.0 dev=0.0 min=92.0 max=92.0
InTree         0.0 dev=0.0 min=0.0 max=0.0
KnowDepth      -
Aborted        0%
Games/s        2347.4
Score          0.00
Sequence      
35b67 info: 
35b67 warning: **** MoHexSearch returned empty sequence!
35b67 warning: **** Returning random move!
35b67 info: Opponent has won; playing most blocking move.
35b67 info: Opponent has won; playing most blocking move.
35b67 info: Opponent has won; playing most blocking move.
35b67 info: Opponent has won; playing most blocking move.
35b67 info: Opponent has won; playing most blocking move.
35b67 info: Opponent has won; playing most blocking move.
35b67 info: Captured cells caused win! Removing...
35b67 info: Opponent has won; playing most blocking move.
35b67 info: Captured cells caused win! Removing...
35b67 info: Opponent has won; playing most blocking move.
35b67 info: Captured cells caused win! Removing...
35b67 info: Opponent has won; playing most blocking move.
35b67 config: ============ BenzeneShutdown =============
35b67 config: MoHexProgram:: ShutdownSystem()
35b67 config: CommonProgram:: ShutdownSystem()
35b67 config: BenzeneProgram:: ShutdownSystem()
Flushing and closing this stream...
