ff9d7 config: MoHex v2.0.CMake Mar 21 2025.
ff9d7 config: ============ InitializeSystem ============
ff9d7 config: BenzeneProgram::InitRandom()
ff9d7 config: Seed = 64116
ff9d7 info: Prior Patterns:
ff9d7 info: Global:
ff9d7 info: Size            = 565 32648 
ff9d7 info: TableEntries    = 65932 65910
ff9d7 info: MirrorsAdded    = 0 0
ff9d7 info: PrunableCount   = 30593 30629
ff9d7 info: LargestGamma    = 5820.77
ff9d7 info: SmallestGamma   = 6.6e-05
ff9d7 info: Local:
ff9d7 info: Size            = 550 5318 
ff9d7 info: TableEntries    = 11602 11588
ff9d7 info: MirrorsAdded    = 0 0
ff9d7 info: PrunableCount   = 3659 3667
ff9d7 info: LargestGamma    = 11281.8
ff9d7 info: SmallestGamma   = 0.026235
ff9d7 info: Playout Patterns:
ff9d7 info: Global:
ff9d7 info: Size            = 565 32648 
ff9d7 info: TableEntries    = 70329 70329
ff9d7 info: MirrorsAdded    = 4397 4419
ff9d7 info: PrunableCount   = 30593 30629
ff9d7 info: LargestGamma    = 5820.77
ff9d7 info: SmallestGamma   = 6.6e-05
ff9d7 info: Local:
ff9d7 info: Size            = 550 5318 
ff9d7 info: TableEntries    = 11602 11588
ff9d7 info: MirrorsAdded    = 0 0
ff9d7 info: PrunableCount   = 3659 3667
ff9d7 info: LargestGamma    = 11281.8
ff9d7 info: SmallestGamma   = 0.026235
ff9d7 config: IcePatternSet: reading from '/home/linus/MoHex2.0/nfbranchfix/benzene-vanilla-cmake/share/ice-patterns.txt'.
ff9d7 config: IcePatternSet: parsed 708 patterns.
ff9d7 config: VCS: reading captured set patterns from '/home/linus/MoHex2.0/nfbranchfix/benzene-vanilla-cmake/share/vc-captured-set.txt'.
ff9d7 config: VCS:: parsed 2 patterns.
ff9d7 config: VCS: reading captured set patterns from '/home/linus/MoHex2.0/nfbranchfix/benzene-vanilla-cmake/share/vc-captured-set.txt'.
ff9d7 config: VCS:: parsed 2 patterns.
ff9d7 config: IcePatternSet: reading from '/home/linus/MoHex2.0/nfbranchfix/benzene-vanilla-cmake/share/ice-patterns.txt'.
ff9d7 config: IcePatternSet: parsed 708 patterns.
ff9d7 config: VCS: reading captured set patterns from '/home/linus/MoHex2.0/nfbranchfix/benzene-vanilla-cmake/share/vc-captured-set.txt'.
ff9d7 config: VCS:: parsed 2 patterns.
ff9d7 config: VCS: reading captured set patterns from '/home/linus/MoHex2.0/nfbranchfix/benzene-vanilla-cmake/share/vc-captured-set.txt'.
ff9d7 config: VCS:: parsed 2 patterns.
ff9d7 config: VCS: reading captured set patterns from '/home/linus/MoHex2.0/nfbranchfix/benzene-vanilla-cmake/share/vc-captured-set.txt'.
ff9d7 config: VCS:: parsed 2 patterns.
ff9d7 config: VCS: reading captured set patterns from '/home/linus/MoHex2.0/nfbranchfix/benzene-vanilla-cmake/share/vc-captured-set.txt'.
ff9d7 config: VCS:: parsed 2 patterns.
ff9d7 config: VCS: reading captured set patterns from '/home/linus/MoHex2.0/nfbranchfix/benzene-vanilla-cmake/share/vc-captured-set.txt'.
ff9d7 config: VCS:: parsed 2 patterns.
ff9d7 config: VCS: reading captured set patterns from '/home/linus/MoHex2.0/nfbranchfix/benzene-vanilla-cmake/share/vc-captured-set.txt'.
ff9d7 config: VCS:: parsed 2 patterns.
ff9d7 config: VCPattern: loading pattern templates from '/home/linus/MoHex2.0/nfbranchfix/benzene-vanilla-cmake/share/vc-patterns.txt'.
ff9d7 info: Best move cannot be determined, must search state.
ff9d7 info: --- MoHexPlayer::Search() ---
ff9d7 info: Color: black
ff9d7 info: MaxGames: 1
ff9d7 info: NumberThreads: 1
ff9d7 info: MaxNodes: 181818181 (15999999928 bytes)
ff9d7 info: TimeForMove: 1
ff9d7 info: PreSearch: max time reached (47/86).
ff9d7 info: Time for PreSearch: 0.200195s
ff9d7 info: 
  c23771b1527c5e4a
  a  b  c  d  e  f  g  h  i  j  k  
 1\.  .  .  .  .  .  .  .  .  .  .\1
  2\.  .  *  *  *  *  *  *  .  .  w\2
   3\.  *  *  *  *  *  *  *  *  W  w\3
    4\*  *  *  *  *  *  *  *  *  .  w\4
     5\*  *  *  *  *  *  *  *  *  *  .\5
      6\*  *  *  *  *  *  *  *  *  *  *\6
       7\*  *  *  *  *  *  *  *  *  *  *\7
        8\*  *  *  *  *  *  *  *  *  *  *\8
         9\*  *  *  *  *  *  *  *  *  *  *\9
         10\*  *  *  *  *  *  *  *  *  .  .\10
          11\.  .  .  .  .  .  .  .  B  b  b\11
              a  b  c  d  e  f  g  h  i  j  k  
ff9d7 info: No subtree to reuse.
ff9d7 info: Creating thread 0
ff9d7 info: StartSearch()[0]
ff9d7 config: VCS: reading captured set patterns from '/home/linus/MoHex2.0/nfbranchfix/benzene-vanilla-cmake/share/vc-captured-set.txt'.
ff9d7 config: VCS:: parsed 2 patterns.
ff9d7 config: VCS: reading captured set patterns from '/home/linus/MoHex2.0/nfbranchfix/benzene-vanilla-cmake/share/vc-captured-set.txt'.
ff9d7 config: VCS:: parsed 2 patterns.
ff9d7 info: 
Elapsed Time   0.379132s
Count          1
GamesPlayed    1
Nodes          1
Knowledge      0 (0.0%)
Expansions     0.0
Time           0.00
GameLen        114.0 dev=0.0 min=114.0 max=114.0
InTree         0.0 dev=0.0 min=0.0 max=0.0
KnowDepth      -
Aborted        0%
Games/s        377.2
Score          1.00
Sequence      
ff9d7 info: 
ff9d7 warning: **** MoHexSearch returned empty sequence!
ff9d7 warning: **** Returning random move!
ff9d7 info: Best move cannot be determined, must search state.
ff9d7 info: --- MoHexPlayer::Search() ---
ff9d7 info: Color: black
ff9d7 info: MaxGames: 1
ff9d7 info: NumberThreads: 1
ff9d7 info: MaxNodes: 181818181 (15999999928 bytes)
ff9d7 info: TimeForMove: 1
ff9d7 info: PreSearch: max time reached (36/82).
ff9d7 info: Time for PreSearch: 0.206771s
ff9d7 info: 
  32bf8f4e47ed522f
  a  b  c  d  e  f  g  h  i  j  k  
 1\.  .  .  .  .  .  .  .  .  .  .\1
  2\.  .  *  *  *  *  *  *  .  .  w\2
   3\.  *  *  *  *  *  *  *  *  W  w\3
    4\*  *  *  *  *  *  *  *  *  .  w\4
     5\*  *  *  *  *  *  *  *  *  *  .\5
      6\*  *  *  *  *  B  *  *  *  *  *\6
       7\*  *  *  *  *  *  *  *  *  *  *\7
        8\*  *  *  *  *  *  *  *  *  *  *\8
         9\*  *  *  *  *  *  *  *  *  *  .\9
         10\*  *  *  *  *  *  *  W  .  .  .\10
          11\.  .  .  .  .  .  .  b  B  b  b\11
              a  b  c  d  e  f  g  h  i  j  k  
ff9d7 info: Old: [black, i11] [white, j3] 
ff9d7 info: New: [black, i11] [white, j3] [black, f6] [white, h10] 
ff9d7 info: MovesPlayed: [black, f6] [white, h10] 
ff9d7 info: No subtree to reuse.
ff9d7 info: StartSearch()[0]
ff9d7 info: 
Elapsed Time   0.387627s
Count          1
GamesPlayed    1
Nodes          1
Knowledge      0 (0.0%)
Expansions     0.0
Time           0.00
GameLen        111.0 dev=0.0 min=111.0 max=111.0
InTree         0.0 dev=0.0 min=0.0 max=0.0
KnowDepth      -
Aborted        0%
Games/s        2702.7
Score          0.00
Sequence      
ff9d7 info: 
ff9d7 warning: **** MoHexSearch returned empty sequence!
ff9d7 warning: **** Returning random move!
ff9d7 info: Best move cannot be determined, must search state.
ff9d7 info: --- MoHexPlayer::Search() ---
ff9d7 info: Color: black
ff9d7 info: MaxGames: 1
ff9d7 info: NumberThreads: 1
ff9d7 info: MaxNodes: 181818181 (15999999928 bytes)
ff9d7 info: TimeForMove: 1
ff9d7 info: PreSearch: max time reached (53/78).
ff9d7 info: Time for PreSearch: 0.201393s
ff9d7 info: 
  81a1ec94163621c3
  a  b  c  d  e  f  g  h  i  j  k  
 1\.  .  .  .  .  .  .  .  .  .  .\1
  2\.  .  *  *  *  *  .  *  .  .  w\2
   3\.  *  *  *  *  *  W  *  *  W  w\3
    4\*  *  *  *  *  *  *  *  *  .  w\4
     5\*  *  *  *  *  *  *  *  *  *  .\5
      6\*  *  *  *  *  B  *  *  *  *  *\6
       7\*  *  *  *  *  *  *  *  *  *  *\7
        8\*  *  *  *  *  *  *  *  *  *  .\8
         9\*  *  *  *  *  *  *  *  *  B  b\9
         10\*  *  *  *  *  *  *  W  b  b  b\10
          11\.  .  .  .  .  .  .  b  B  b  b\11
              a  b  c  d  e  f  g  h  i  j  k  
ff9d7 info: Old: [black, i11] [white, j3] [black, f6] [white, h10] 
ff9d7 info: New: [black, i11] [white, j3] [black, f6] [white, h10] [black, j9] [white, g3] 
ff9d7 info: MovesPlayed: [black, j9] [white, g3] 
ff9d7 info: No subtree to reuse.
ff9d7 info: StartSearch()[0]
ff9d7 info: 
Elapsed Time   0.374302s
Count          1
GamesPlayed    1
Nodes          1
Knowledge      0 (0.0%)
Expansions     0.0
Time           0.00
GameLen        105.0 dev=0.0 min=105.0 max=105.0
InTree         0.0 dev=0.0 min=0.0 max=0.0
KnowDepth      -
Aborted        0%
Games/s        2777.8
Score          1.00
Sequence      
ff9d7 info: 
ff9d7 warning: **** MoHexSearch returned empty sequence!
ff9d7 warning: **** Returning random move!
ff9d7 info: Best move cannot be determined, must search state.
ff9d7 info: --- MoHexPlayer::Search() ---
ff9d7 info: Color: black
ff9d7 info: MaxGames: 1
ff9d7 info: NumberThreads: 1
ff9d7 info: MaxNodes: 181818181 (15999999928 bytes)
ff9d7 info: TimeForMove: 1
ff9d7 info: PreSearch: max time reached (52/76).
ff9d7 info: Time for PreSearch: 0.200825s
ff9d7 info: 
  e3ad6492e76e063c
  a  b  c  d  e  f  g  h  i  j  k  
 1\.  .  .  .  .  .  .  .  .  .  .\1
  2\.  .  *  *  *  *  .  .  .  .  w\2
   3\.  *  *  *  *  *  W  *  B  W  w\3
    4\*  *  *  *  *  *  *  *  *  .  w\4
     5\*  *  *  *  *  *  *  *  *  *  .\5
      6\*  *  *  *  *  B  *  *  *  *  *\6
       7\*  *  *  *  *  *  *  *  *  *  *\7
        8\*  *  *  *  *  *  *  *  *  *  .\8
         9\*  *  *  *  *  *  *  *  .  B  b\9
         10\*  *  *  *  *  W  .  W  b  b  b\10
          11\.  .  .  .  .  b  b  b  B  b  b\11
              a  b  c  d  e  f  g  h  i  j  k  
ff9d7 info: Old: [black, i11] [white, j3] [black, f6] [white, h10] [black, j9] [white, g3] 
ff9d7 info: New: [black, i11] [white, j3] [black, f6] [white, h10] [black, j9] [white, g3] [black, i3] [white, f10] 
ff9d7 info: MovesPlayed: [black, i3] [white, f10] 
ff9d7 info: No subtree to reuse.
ff9d7 info: StartSearch()[0]
ff9d7 info: 
Elapsed Time   0.355046s
Count          1
GamesPlayed    1
Nodes          1
Knowledge      0 (0.0%)
Expansions     0.0
Time           0.00
GameLen        101.0 dev=0.0 min=101.0 max=101.0
InTree         0.0 dev=0.0 min=0.0 max=0.0
KnowDepth      -
Aborted        0%
Games/s        3115.3
Score          1.00
Sequence      
ff9d7 info: 
ff9d7 warning: **** MoHexSearch returned empty sequence!
ff9d7 warning: **** Returning random move!
ff9d7 info: Best move cannot be determined, must search state.
ff9d7 info: --- MoHexPlayer::Search() ---
ff9d7 info: Color: black
ff9d7 info: MaxGames: 1
ff9d7 info: NumberThreads: 1
ff9d7 info: MaxNodes: 181818181 (15999999928 bytes)
ff9d7 info: TimeForMove: 1
ff9d7 info: PreSearch: max time reached (15/72).
ff9d7 info: Time for PreSearch: 0.209341s
ff9d7 info: 
  f0bf681937dc1035
  a  b  c  d  e  f  g  h  i  j  k  
 1\.  .  .  .  .  .  .  .  .  .  .\1
  2\.  .  *  *  *  *  .  .  .  .  w\2
   3\.  *  *  *  *  *  W  *  B  W  w\3
    4\.  *  *  *  B  *  *  *  *  .  w\4
     5\W  *  *  *  *  *  *  *  *  *  .\5
      6\.  *  *  *  *  B  *  *  *  *  *\6
       7\*  *  *  *  *  *  *  *  *  *  *\7
        8\*  *  *  *  *  *  *  *  *  *  .\8
         9\*  *  *  *  *  *  *  *  *  B  b\9
         10\*  *  *  *  *  W  *  W  b  b  b\10
          11\.  .  .  .  .  b  b  b  B  b  b\11
              a  b  c  d  e  f  g  h  i  j  k  
ff9d7 info: Old: [black, i11] [white, j3] [black, f6] [white, h10] [black, j9] [white, g3] [black, i3] [white, f10] 
ff9d7 info: New: [black, i11] [white, j3] [black, f6] [white, h10] [black, j9] [white, g3] [black, i3] [white, f10] [black, e4] [white, a5] 
ff9d7 info: MovesPlayed: [black, e4] [white, a5] 
ff9d7 info: No subtree to reuse.
ff9d7 info: StartSearch()[0]
ff9d7 info: 
Elapsed Time   0.399834s
Count          1
GamesPlayed    1
Nodes          1
Knowledge      0 (0.0%)
Expansions     0.0
Time           0.00
GameLen        99.0 dev=0.0 min=99.0 max=99.0
InTree         0.0 dev=0.0 min=0.0 max=0.0
KnowDepth      -
Aborted        0%
Games/s        1886.8
Score          1.00
Sequence      
ff9d7 info: 
ff9d7 warning: **** MoHexSearch returned empty sequence!
ff9d7 warning: **** Returning random move!
ff9d7 info: Best move cannot be determined, must search state.
ff9d7 info: --- MoHexPlayer::Search() ---
ff9d7 info: Color: black
ff9d7 info: MaxGames: 1
ff9d7 info: NumberThreads: 1
ff9d7 info: MaxNodes: 181818181 (15999999928 bytes)
ff9d7 info: TimeForMove: 1
ff9d7 info: PreSearch: max time reached (35/68).
ff9d7 info: Time for PreSearch: 0.201454s
ff9d7 info: 
  ef042c7814cacd26
  a  b  c  d  e  f  g  h  i  j  k  
 1\.  .  .  .  .  .  .  .  .  .  .\1
  2\.  .  *  *  *  *  .  .  .  .  w\2
   3\.  *  *  *  *  *  W  *  B  W  w\3
    4\.  *  *  *  B  B  *  *  *  .  w\4
     5\W  *  *  *  .  .  *  *  *  *  .\5
      6\.  *  *  W  *  B  *  *  *  *  *\6
       7\*  *  *  *  *  *  *  *  *  *  *\7
        8\*  *  *  *  *  *  *  *  *  *  .\8
         9\*  *  *  *  *  *  *  *  *  B  b\9
         10\*  *  *  *  *  W  *  W  b  b  b\10
          11\.  .  .  .  .  b  b  b  B  b  b\11
              a  b  c  d  e  f  g  h  i  j  k  
ff9d7 info: Old: [black, i11] [white, j3] [black, f6] [white, h10] [black, j9] [white, g3] [black, i3] [white, f10] [black, e4] [white, a5] 
ff9d7 info: New: [black, i11] [white, j3] [black, f6] [white, h10] [black, j9] [white, g3] [black, i3] [white, f10] [black, e4] [white, a5] [black, f4] [white, d6] 
ff9d7 info: MovesPlayed: [black, f4] [white, d6] 
ff9d7 info: No subtree to reuse.
ff9d7 info: StartSearch()[0]
ff9d7 info: 
Elapsed Time   0.36472s
Count          1
GamesPlayed    1
Nodes          1
Knowledge      0 (0.0%)
Expansions     0.0
Time           0.00
GameLen        97.0 dev=0.0 min=97.0 max=97.0
InTree         0.0 dev=0.0 min=0.0 max=0.0
KnowDepth      -
Aborted        0%
Games/s        2127.7
Score          0.00
Sequence      
ff9d7 info: 
ff9d7 warning: **** MoHexSearch returned empty sequence!
ff9d7 warning: **** Returning random move!
ff9d7 info: Winning SC.
ff9d7 info: Winning SC.
ff9d7 info: Winning SC.
ff9d7 info: Winning SC.
ff9d7 info: Winning SC.
ff9d7 info: Winning SC.
ff9d7 info: Winning SC.
ff9d7 info: Winning SC.
ff9d7 info: Winning SC.
ff9d7 info: Winning SC.
ff9d7 info: Winning SC.
ff9d7 config: ============ BenzeneShutdown =============
ff9d7 config: MoHexProgram:: ShutdownSystem()
ff9d7 config: CommonProgram:: ShutdownSystem()
ff9d7 config: BenzeneProgram:: ShutdownSystem()
Flushing and closing this stream...
