d9737 config: MoHex v2.0.CMake Mar 21 2025.
d9737 config: ============ InitializeSystem ============
d9737 config: BenzeneProgram::InitRandom()
d9737 config: Seed = 999668
d9737 info: Prior Patterns:
d9737 info: Global:
d9737 info: Size            = 565 32648 
d9737 info: TableEntries    = 65932 65910
d9737 info: MirrorsAdded    = 0 0
d9737 info: PrunableCount   = 30593 30629
d9737 info: LargestGamma    = 5820.77
d9737 info: SmallestGamma   = 6.6e-05
d9737 info: Local:
d9737 info: Size            = 550 5318 
d9737 info: TableEntries    = 11602 11588
d9737 info: MirrorsAdded    = 0 0
d9737 info: PrunableCount   = 3659 3667
d9737 info: LargestGamma    = 11281.8
d9737 info: SmallestGamma   = 0.026235
d9737 info: Playout Patterns:
d9737 info: Global:
d9737 info: Size            = 565 32648 
d9737 info: TableEntries    = 70329 70329
d9737 info: MirrorsAdded    = 4397 4419
d9737 info: PrunableCount   = 30593 30629
d9737 info: LargestGamma    = 5820.77
d9737 info: SmallestGamma   = 6.6e-05
d9737 info: Local:
d9737 info: Size            = 550 5318 
d9737 info: TableEntries    = 11602 11588
d9737 info: MirrorsAdded    = 0 0
d9737 info: PrunableCount   = 3659 3667
d9737 info: LargestGamma    = 11281.8
d9737 info: SmallestGamma   = 0.026235
d9737 config: IcePatternSet: reading from '/home/linus/MoHex2.0/nfbranchfix/benzene-vanilla-cmake/share/ice-patterns.txt'.
d9737 config: IcePatternSet: parsed 708 patterns.
d9737 config: VCS: reading captured set patterns from '/home/linus/MoHex2.0/nfbranchfix/benzene-vanilla-cmake/share/vc-captured-set.txt'.
d9737 config: VCS:: parsed 2 patterns.
d9737 config: VCS: reading captured set patterns from '/home/linus/MoHex2.0/nfbranchfix/benzene-vanilla-cmake/share/vc-captured-set.txt'.
d9737 config: VCS:: parsed 2 patterns.
d9737 config: IcePatternSet: reading from '/home/linus/MoHex2.0/nfbranchfix/benzene-vanilla-cmake/share/ice-patterns.txt'.
d9737 config: IcePatternSet: parsed 708 patterns.
d9737 config: VCS: reading captured set patterns from '/home/linus/MoHex2.0/nfbranchfix/benzene-vanilla-cmake/share/vc-captured-set.txt'.
d9737 config: VCS:: parsed 2 patterns.
d9737 config: VCS: reading captured set patterns from '/home/linus/MoHex2.0/nfbranchfix/benzene-vanilla-cmake/share/vc-captured-set.txt'.
d9737 config: VCS:: parsed 2 patterns.
d9737 config: VCS: reading captured set patterns from '/home/linus/MoHex2.0/nfbranchfix/benzene-vanilla-cmake/share/vc-captured-set.txt'.
d9737 config: VCS:: parsed 2 patterns.
d9737 config: VCS: reading captured set patterns from '/home/linus/MoHex2.0/nfbranchfix/benzene-vanilla-cmake/share/vc-captured-set.txt'.
d9737 config: VCS:: parsed 2 patterns.
d9737 config: VCS: reading captured set patterns from '/home/linus/MoHex2.0/nfbranchfix/benzene-vanilla-cmake/share/vc-captured-set.txt'.
d9737 config: VCS:: parsed 2 patterns.
d9737 config: VCS: reading captured set patterns from '/home/linus/MoHex2.0/nfbranchfix/benzene-vanilla-cmake/share/vc-captured-set.txt'.
d9737 config: VCS:: parsed 2 patterns.
d9737 config: VCPattern: loading pattern templates from '/home/linus/MoHex2.0/nfbranchfix/benzene-vanilla-cmake/share/vc-patterns.txt'.
d9737 info: Best move cannot be determined, must search state.
d9737 info: --- MoHexPlayer::Search() ---
d9737 info: Color: white
d9737 info: MaxGames: 1
d9737 info: NumberThreads: 1
d9737 info: MaxNodes: 181818181 (15999999928 bytes)
d9737 info: TimeForMove: 1
d9737 info: PreSearch: max time reached (47/90).
d9737 info: Time for PreSearch: 0.202229s
d9737 info: 
  aac1add132097b3f
  a  b  c  d  e  f  g  h  i  j  k  
 1\.  .  .  *  *  *  *  *  *  *  .\1
  2\.  .  *  *  *  *  *  *  *  *  .\2
   3\.  *  *  *  *  *  *  *  *  *  .\3
    4\.  *  *  *  B  *  *  *  *  *  .\4
     5\.  *  *  .  *  *  *  *  *  *  .\5
      6\.  *  *  *  *  *  *  *  *  *  .\6
       7\.  *  *  *  *  *  *  .  *  *  .\7
        8\.  *  *  *  *  *  *  *  *  *  .\8
         9\.  *  *  *  *  *  *  *  *  *  .\9
         10\.  *  *  *  *  *  *  *  *  .  .\10
          11\.  *  *  *  *  *  *  *  .  .  .\11
              a  b  c  d  e  f  g  h  i  j  k  
d9737 info: No subtree to reuse.
d9737 info: Creating thread 0
d9737 info: StartSearch()[0]
d9737 config: VCS: reading captured set patterns from '/home/linus/MoHex2.0/nfbranchfix/benzene-vanilla-cmake/share/vc-captured-set.txt'.
d9737 config: VCS:: parsed 2 patterns.
d9737 config: VCS: reading captured set patterns from '/home/linus/MoHex2.0/nfbranchfix/benzene-vanilla-cmake/share/vc-captured-set.txt'.
d9737 config: VCS:: parsed 2 patterns.
d9737 info: 
Elapsed Time   0.553435s
Count          1
GamesPlayed    1
Nodes          1
Knowledge      0 (0.0%)
Expansions     0.0
Time           0.00
GameLen        120.0 dev=0.0 min=120.0 max=120.0
InTree         0.0 dev=0.0 min=0.0 max=0.0
KnowDepth      -
Aborted        0%
Games/s        344.6
Score          1.00
Sequence      
d9737 info: 
d9737 warning: **** MoHexSearch returned empty sequence!
d9737 warning: **** Returning random move!
d9737 info: Best move cannot be determined, must search state.
d9737 info: --- MoHexPlayer::Search() ---
d9737 info: Color: white
d9737 info: MaxGames: 1
d9737 info: NumberThreads: 1
d9737 info: MaxNodes: 181818181 (15999999928 bytes)
d9737 info: TimeForMove: 1
d9737 info: PreSearch: max time reached (43/86).
d9737 info: Time for PreSearch: 0.201078s
d9737 info: 
  db760c60eb90ae13
  a  b  c  d  e  f  g  h  i  j  k  
 1\.  .  .  *  *  *  *  *  *  *  .\1
  2\.  .  *  *  *  *  *  *  *  *  .\2
   3\.  *  *  *  *  *  *  *  *  *  .\3
    4\.  .  B  *  B  *  *  *  *  *  .\4
     5\.  .  *  *  *  *  *  *  *  *  .\5
      6\.  *  *  *  *  *  *  *  *  *  .\6
       7\.  *  *  *  *  *  *  *  *  *  .\7
        8\.  *  *  *  *  *  *  *  *  *  .\8
         9\.  *  *  *  *  *  *  *  *  *  .\9
         10\.  *  *  *  *  *  W  *  *  .  .\10
          11\.  *  *  *  *  .  .  *  .  .  .\11
              a  b  c  d  e  f  g  h  i  j  k  
d9737 info: Old: [black, e4] [white, swap-pieces] 
d9737 info: New: [black, e4] [white, swap-pieces] [white, g10] [black, c4] 
d9737 info: ReuseSubtree: Colors do not alternate.
d9737 info: No subtree to reuse.
d9737 info: StartSearch()[0]
d9737 info: 
Elapsed Time   0.36393s
Count          1
GamesPlayed    1
Nodes          1
Knowledge      0 (0.0%)
Expansions     0.0
Time           0.00
GameLen        118.0 dev=0.0 min=118.0 max=118.0
InTree         0.0 dev=0.0 min=0.0 max=0.0
KnowDepth      -
Aborted        0%
Games/s        2645.5
Score          0.00
Sequence      
d9737 info: 
d9737 warning: **** MoHexSearch returned empty sequence!
d9737 warning: **** Returning random move!
d9737 info: Best move cannot be determined, must search state.
d9737 info: --- MoHexPlayer::Search() ---
d9737 info: Color: white
d9737 info: MaxGames: 1
d9737 info: NumberThreads: 1
d9737 info: MaxNodes: 181818181 (15999999928 bytes)
d9737 info: TimeForMove: 1
d9737 info: PreSearch: max time reached (52/82).
d9737 info: Time for PreSearch: 0.200261s
d9737 info: 
  9f31ba3222ecd9c0
  a  b  c  d  e  f  g  h  i  j  k  
 1\w  .  .  *  *  *  *  *  *  *  .\1
  2\w  .  *  *  *  *  *  *  *  *  .\2
   3\w  .  *  *  *  *  *  *  *  *  .\3
    4\w  W  B  *  B  *  *  *  *  *  .\4
     5\w  .  *  *  *  *  *  *  *  *  .\5
      6\w  .  *  *  *  *  *  *  *  .  .\6
       7\.  *  *  *  *  *  *  *  B  .  .\7
        8\.  *  *  *  *  *  *  *  *  *  .\8
         9\.  *  *  *  *  *  *  *  *  *  .\9
         10\.  *  *  *  *  *  W  *  *  .  .\10
          11\.  *  *  *  *  .  .  *  .  .  .\11
              a  b  c  d  e  f  g  h  i  j  k  
d9737 info: Old: [black, e4] [white, swap-pieces] [white, g10] [black, c4] 
d9737 info: New: [black, e4] [white, swap-pieces] [white, g10] [black, c4] [white, b4] [black, i7] 
d9737 info: MovesPlayed: [white, b4] [black, i7] 
d9737 info: No subtree to reuse.
d9737 info: StartSearch()[0]
d9737 info: 
Elapsed Time   0.36018s
Count          1
GamesPlayed    1
Nodes          1
Knowledge      0 (0.0%)
Expansions     0.0
Time           0.00
GameLen        110.0 dev=0.0 min=110.0 max=110.0
InTree         0.0 dev=0.0 min=0.0 max=0.0
KnowDepth      -
Aborted        0%
Games/s        3546.1
Score          0.00
Sequence      
d9737 info: 
d9737 warning: **** MoHexSearch returned empty sequence!
d9737 warning: **** Returning random move!
d9737 info: Best move cannot be determined, must search state.
d9737 info: --- MoHexPlayer::Search() ---
d9737 info: Color: white
d9737 info: MaxGames: 1
d9737 info: NumberThreads: 1
d9737 info: MaxNodes: 181818181 (15999999928 bytes)
d9737 info: TimeForMove: 1
d9737 info: PreSearch: max time reached (50/81).
d9737 info: Time for PreSearch: 0.203919s
d9737 info: 
  4814b165a253f028
  a  b  c  d  e  f  g  h  i  j  k  
 1\w  .  .  .  *  *  *  *  *  *  .\1
  2\w  .  .  *  *  *  *  *  *  *  .\2
   3\w  .  .  *  *  *  *  *  *  *  .\3
    4\w  W  B  *  B  *  *  *  *  *  .\4
     5\w  .  *  *  *  *  *  *  *  *  .\5
      6\w  .  *  *  *  *  *  *  *  .  .\6
       7\.  *  *  *  *  *  *  *  B  .  .\7
        8\.  *  *  *  *  *  *  *  *  *  .\8
         9\.  *  *  *  *  *  *  *  *  *  .\9
         10\B  *  *  *  *  .  W  *  *  .  .\10
          11\*  *  *  *  .  W  .  *  .  .  .\11
              a  b  c  d  e  f  g  h  i  j  k  
d9737 info: Old: [black, e4] [white, swap-pieces] [white, g10] [black, c4] [white, b4] [black, i7] 
d9737 info: New: [black, e4] [white, swap-pieces] [white, g10] [black, c4] [white, b4] [black, i7] [white, f11] [black, a10] 
d9737 info: MovesPlayed: [white, f11] [black, a10] 
d9737 info: No subtree to reuse.
d9737 info: StartSearch()[0]
d9737 info: 
Elapsed Time   0.533769s
Count          1
GamesPlayed    1
Nodes          1
Knowledge      0 (0.0%)
Expansions     0.0
Time           0.00
GameLen        108.0 dev=0.0 min=108.0 max=108.0
InTree         0.0 dev=0.0 min=0.0 max=0.0
KnowDepth      -
Aborted        0%
Games/s        2178.6
Score          0.00
Sequence      
d9737 info: 
d9737 warning: **** MoHexSearch returned empty sequence!
d9737 warning: **** Returning random move!
d9737 info: Best move cannot be determined, must search state.
d9737 info: --- MoHexPlayer::Search() ---
d9737 info: Color: white
d9737 info: MaxGames: 1
d9737 info: NumberThreads: 1
d9737 info: MaxNodes: 181818181 (15999999928 bytes)
d9737 info: TimeForMove: 1
d9737 info: PreSearch: max time reached (56/79).
d9737 info: Time for PreSearch: 0.200288s
d9737 info: 
  6f467258c76e6071
  a  b  c  d  e  f  g  h  i  j  k  
 1\w  .  .  .  *  *  *  *  *  *  .\1
  2\w  .  .  *  *  *  *  *  *  *  .\2
   3\w  .  .  *  *  W  *  *  *  *  .\3
    4\w  W  B  *  B  *  B  *  *  *  .\4
     5\w  .  *  *  *  *  *  *  *  *  .\5
      6\w  .  *  *  *  *  *  *  *  .  .\6
       7\.  *  *  *  *  *  *  *  B  .  .\7
        8\.  *  *  *  *  *  *  *  *  *  .\8
         9\.  *  *  *  *  *  *  *  *  *  .\9
         10\B  *  *  *  *  .  W  *  *  .  .\10
          11\*  *  *  *  .  W  .  *  .  .  .\11
              a  b  c  d  e  f  g  h  i  j  k  
d9737 info: Old: [black, e4] [white, swap-pieces] [white, g10] [black, c4] [white, b4] [black, i7] [white, f11] [black, a10] 
d9737 info: New: [black, e4] [white, swap-pieces] [white, g10] [black, c4] [white, b4] [black, i7] [white, f11] [black, a10] [white, f3] [black, g4] 
d9737 info: MovesPlayed: [white, f3] [black, g4] 
d9737 info: No subtree to reuse.
d9737 info: StartSearch()[0]
d9737 info: 
Elapsed Time   0.358413s
Count          1
GamesPlayed    1
Nodes          1
Knowledge      0 (0.0%)
Expansions     0.0
Time           0.00
GameLen        106.0 dev=0.0 min=106.0 max=106.0
InTree         0.0 dev=0.0 min=0.0 max=0.0
KnowDepth      -
Aborted        0%
Games/s        3039.5
Score          0.00
Sequence      
d9737 info: 
d9737 warning: **** MoHexSearch returned empty sequence!
d9737 warning: **** Returning random move!
d9737 info: Best move cannot be determined, must search state.
d9737 info: --- MoHexPlayer::Search() ---
d9737 info: Color: white
d9737 info: MaxGames: 1
d9737 info: NumberThreads: 1
d9737 info: MaxNodes: 181818181 (15999999928 bytes)
d9737 info: TimeForMove: 1
d9737 info: PreSearch: max time reached (57/75).
d9737 info: Time for PreSearch: 0.201047s
d9737 info: 
  93a6841aee746aaa
  a  b  c  d  e  f  g  h  i  j  k  
 1\w  .  .  .  *  *  *  *  *  *  .\1
  2\w  .  .  *  *  *  *  *  *  *  .\2
   3\w  .  .  *  *  W  *  *  *  .  w\3
    4\w  W  B  *  B  *  B  *  *  .  w\4
     5\w  .  *  *  *  *  *  B  .  W  w\5
      6\w  .  *  *  *  *  *  *  *  w  w\6
       7\.  *  *  *  *  *  *  *  B  .  w\7
        8\.  *  *  *  *  *  *  *  .  .  .\8
         9\.  *  *  *  *  *  *  *  .  .  .\9
         10\B  *  *  *  *  .  W  .  .  .  .\10
          11\*  *  *  *  .  W  .  .  .  .  .\11
              a  b  c  d  e  f  g  h  i  j  k  
d9737 info: Old: [black, e4] [white, swap-pieces] [white, g10] [black, c4] [white, b4] [black, i7] [white, f11] [black, a10] [white, f3] [black, g4] 
d9737 info: New: [black, e4] [white, swap-pieces] [white, g10] [black, c4] [white, b4] [black, i7] [white, f11] [black, a10] [white, f3] [black, g4] [white, j5] [black, h5] 
d9737 info: MovesPlayed: [white, j5] [black, h5] 
d9737 info: No subtree to reuse.
d9737 info: StartSearch()[0]
d9737 info: 
Elapsed Time   0.350038s
Count          1
GamesPlayed    1
Nodes          1
Knowledge      0 (0.0%)
Expansions     0.0
Time           0.00
GameLen        98.0 dev=0.0 min=98.0 max=98.0
InTree         0.0 dev=0.0 min=0.0 max=0.0
KnowDepth      -
Aborted        0%
Games/s        3174.6
Score          1.00
Sequence      
d9737 info: 
d9737 warning: **** MoHexSearch returned empty sequence!
d9737 warning: **** Returning random move!
d9737 info: Best move cannot be determined, must search state.
d9737 info: --- MoHexPlayer::Search() ---
d9737 info: Color: white
d9737 info: MaxGames: 1
d9737 info: NumberThreads: 1
d9737 info: MaxNodes: 181818181 (15999999928 bytes)
d9737 info: TimeForMove: 1
d9737 info: PreSearch: max time reached (50/73).
d9737 info: Time for PreSearch: 0.202565s
d9737 info: 
  8c3f293007891267
  a  b  c  d  e  f  g  h  i  j  k  
 1\w  .  .  .  *  *  *  *  *  *  .\1
  2\w  .  .  *  *  *  *  *  *  *  .\2
   3\w  .  .  *  *  W  *  *  *  .  w\3
    4\w  W  B  *  B  *  B  B  .  .  w\4
     5\w  .  *  *  *  *  .  B  .  W  w\5
      6\w  .  *  *  *  *  *  *  *  b  w\6
       7\.  *  *  *  *  *  *  *  B  .  w\7
        8\.  *  *  *  *  *  *  *  .  .  W\8
         9\.  *  *  *  *  *  *  *  .  .  .\9
         10\B  *  *  *  *  .  W  .  .  .  .\10
          11\*  *  *  *  .  W  .  .  .  .  .\11
              a  b  c  d  e  f  g  h  i  j  k  
d9737 info: Old: [black, e4] [white, swap-pieces] [white, g10] [black, c4] [white, b4] [black, i7] [white, f11] [black, a10] [white, f3] [black, g4] [white, j5] [black, h5] 
d9737 info: New: [black, e4] [white, swap-pieces] [white, g10] [black, c4] [white, b4] [black, i7] [white, f11] [black, a10] [white, f3] [black, g4] [white, j5] [black, h5] [white, k8] [black, h4] 
d9737 info: MovesPlayed: [white, k8] [black, h4] 
d9737 info: No subtree to reuse.
d9737 info: StartSearch()[0]
d9737 info: 
Elapsed Time   0.367463s
Count          1
GamesPlayed    1
Nodes          1
Knowledge      0 (0.0%)
Expansions     0.0
Time           0.00
GameLen        96.0 dev=0.0 min=96.0 max=96.0
InTree         0.0 dev=0.0 min=0.0 max=0.0
KnowDepth      -
Aborted        0%
Games/s        2638.5
Score          0.00
Sequence      
d9737 info: 
d9737 warning: **** MoHexSearch returned empty sequence!
d9737 warning: **** Returning random move!
d9737 info: Best move cannot be determined, must search state.
d9737 info: --- MoHexPlayer::Search() ---
d9737 info: Color: white
d9737 info: MaxGames: 1
d9737 info: NumberThreads: 1
d9737 info: MaxNodes: 181818181 (15999999928 bytes)
d9737 info: TimeForMove: 1
d9737 info: Time for PreSearch: 0.05418s
d9737 info: 
  7a962f6d6fc356f0
  a  b  c  d  e  f  g  h  i  j  k  
 1\w  .  .  .  .  .  .  *  *  *  .\1
  2\w  .  .  .  .  .  .  *  *  .  .\2
   3\w  .  .  .  .  W  *  *  *  .  w\3
    4\w  W  B  .  B  .  B  B  .  .  w\4
     5\w  .  .  .  .  .  .  B  .  W  w\5
      6\w  .  .  .  .  *  .  .  .  b  w\6
       7\.  .  .  .  B  .  .  .  B  .  w\7
        8\.  .  .  .  *  .  .  .  .  .  W\8
         9\.  .  .  *  .  .  .  .  .  .  W\9
         10\B  .  .  *  .  .  W  .  .  .  w\10
          11\.  .  .  *  .  W  .  .  .  .  w\11
              a  b  c  d  e  f  g  h  i  j  k  
d9737 info: Old: [black, e4] [white, swap-pieces] [white, g10] [black, c4] [white, b4] [black, i7] [white, f11] [black, a10] [white, f3] [black, g4] [white, j5] [black, h5] [white, k8] [black, h4] 
d9737 info: New: [black, e4] [white, swap-pieces] [white, g10] [black, c4] [white, b4] [black, i7] [white, f11] [black, a10] [white, f3] [black, g4] [white, j5] [black, h5] [white, k8] [black, h4] [white, k9] [black, e7] 
d9737 info: MovesPlayed: [white, k9] [black, e7] 
d9737 info: No subtree to reuse.
d9737 info: StartSearch()[0]
d9737 info: 
Elapsed Time   0.213692s
Count          1
GamesPlayed    1
Nodes          1
Knowledge      0 (0.0%)
Expansions     0.0
Time           0.00
GameLen        92.0 dev=0.0 min=92.0 max=92.0
InTree         0.0 dev=0.0 min=0.0 max=0.0
KnowDepth      -
Aborted        0%
Games/s        3030.3
Score          1.00
Sequence      
d9737 info: 
d9737 warning: **** MoHexSearch returned empty sequence!
d9737 warning: **** Returning random move!
d9737 info: Opponent has won; playing most blocking move.
d9737 info: Opponent has won; playing most blocking move.
d9737 info: Opponent has won; playing most blocking move.
d9737 info: Opponent has won; playing most blocking move.
d9737 info: Opponent has won; playing most blocking move.
d9737 info: Opponent has won; playing most blocking move.
d9737 info: Opponent has won; playing most blocking move.
d9737 info: Captured cells caused win! Removing...
d9737 info: Opponent has won; playing most blocking move.
d9737 info: Captured cells caused win! Removing...
d9737 info: Opponent has won; playing most blocking move.
d9737 info: Captured cells caused win! Removing...
d9737 info: Opponent has won; playing most blocking move.
d9737 config: ============ BenzeneShutdown =============
d9737 config: MoHexProgram:: ShutdownSystem()
d9737 config: CommonProgram:: ShutdownSystem()
d9737 config: BenzeneProgram:: ShutdownSystem()
Flushing and closing this stream...
