# nice ../build/src/mohex/mohex --config mohex-weak.htp --seed 137032 --logfile-name jobs/11x11-mohex-mohex-cg2010-vs-mohex-mohex-weak-4/mohex-mohex-weak-48.log
>boardsize 11 11
MoHex 2.0.CMake Mar 21 2025
Copyright (C) 2007-2012 by the authors of the Benzene project.
This program comes with ABSOLUTELY NO WARRANTY. This is
free software and you are welcome to redistribute it under
certain conditions. Type `benzene-license' for details.

SgRandom::SetSeed: 137032
SgUctSearch: system memory 33632358400, using 1000000000 (5681818 nodes)
SgRandom::SetSeed: 1
SgRandom::SetSeed: 137032
ef137 info: Prior Patterns:
ef137 info: Global:
ef137 info: Size            = 565 32648 
ef137 info: TableEntries    = 65932 65910
ef137 info: MirrorsAdded    = 0 0
ef137 info: PrunableCount   = 30593 30629
ef137 info: LargestGamma    = 5820.77
ef137 info: SmallestGamma   = 6.6e-05
ef137 info: Local:
ef137 info: Size            = 550 5318 
ef137 info: TableEntries    = 11602 11588
ef137 info: MirrorsAdded    = 0 0
ef137 info: PrunableCount   = 3659 3667
ef137 info: LargestGamma    = 11281.8
ef137 info: SmallestGamma   = 0.026235
ef137 info: Playout Patterns:
ef137 info: Global:
ef137 info: Size            = 565 32648 
ef137 info: TableEntries    = 70329 70329
ef137 info: MirrorsAdded    = 4397 4419
ef137 info: PrunableCount   = 30593 30629
ef137 info: LargestGamma    = 5820.77
ef137 info: SmallestGamma   = 6.6e-05
ef137 info: Local:
ef137 info: Size            = 550 5318 
ef137 info: TableEntries    = 11602 11588
ef137 info: MirrorsAdded    = 0 0
ef137 info: PrunableCount   = 3659 3667
ef137 info: LargestGamma    = 11281.8
ef137 info: SmallestGamma   = 0.026235
param_game allow_swap 1
= 

param_mohex max_memory 1600000
= 

param_mohex num_threads 1
= 

param_mohex max_time 1
= 

param_mohex max_games 1
= 

param_mohex knowledge_threshold 400
= 

param_mohex reuse_subtree 1
= 

param_mohex use_parallel_solver 0
= 

<= 
<
>name
<= MoHex
<
>version
<= 2.0.CMake
<
>play b c3
<= 
<
>genmove w
<= swap-pieces
<
>showboard
ef137 info: SwapCheck: reading from '/home/linus/MoHex2.0/nfbranchfix/benzene-vanilla-cmake/share/swap-moves.txt'.
ef137 info: SwapCheck: playing swap.
<= 
< 
<  9af481a52c1456bb
<  a  b  c  d  e  f  g  h  i  j  k  
< 1\.  .  .  .  .  .  .  .  .  .  .\1
<  2\.  .  .  .  .  .  .  .  .  .  .\2
<   3\.  .  B  .  .  .  .  .  .  .  .\3
<    4\.  .  .  .  .  .  .  .  .  .  .\4
<     5\.  .  .  .  .  .  .  .  .  .  .\5
<      6\.  .  .  .  .  .  .  .  .  .  .\6
<       7\.  .  .  .  .  .  .  .  .  .  .\7
<        8\.  .  .  .  .  .  .  .  .  .  .\8
<         9\.  .  .  .  .  .  .  .  .  .  .\9
<         10\.  .  .  .  .  .  .  .  .  .  .\10
<          11\.  .  .  .  .  .  .  .  .  .  .\11
<              a  b  c  d  e  f  g  h  i  j  k  
<
>play w b8
<= 
<
>showboard
<= 
< 
<  1e042e7d3ff25616
<  a  b  c  d  e  f  g  h  i  j  k  
< 1\.  .  .  .  .  .  .  .  .  .  .\1
<  2\.  .  .  .  .  .  .  .  .  .  .\2
<   3\.  .  B  .  .  .  .  .  .  .  .\3
<    4\.  .  .  .  .  .  .  .  .  .  .\4
<     5\.  .  .  .  .  .  .  .  .  .  .\5
<      6\.  .  .  .  .  .  .  .  .  .  .\6
<       7\.  .  .  .  .  .  .  .  .  .  .\7
<        8\.  W  .  .  .  .  .  .  .  .  .\8
<         9\.  .  .  .  .  .  .  .  .  .  .\9
<         10\.  .  .  .  .  .  .  .  .  .  .\10
<          11\.  .  .  .  .  .  .  .  .  .  .\11
<              a  b  c  d  e  f  g  h  i  j  k  
<
>genmove b
<= i8
<
>showboard
ef137 info: Best move cannot be determined, must search state.
ef137 info: --- MoHexPlayer::Search() ---
ef137 info: Color: black
ef137 info: MaxGames: 1
ef137 info: NumberThreads: 1
ef137 info: MaxNodes: 9090 (799920 bytes)
ef137 info: TimeForMove: 1
ef137 info: PreSearch: max time reached (51/83).
ef137 info: Time for PreSearch: 0.20195s
ef137 info: 
  1e042e7d3ff25616
  a  b  c  d  e  f  g  h  i  j  k  
 1\.  .  .  .  .  .  .  .  .  .  .\1
  2\.  .  *  .  *  *  *  *  *  *  *\2
   3\.  *  B  *  *  *  *  *  *  *  *\3
    4\*  *  *  *  *  *  *  *  *  *  *\4
     5\*  *  *  *  *  *  *  *  *  *  *\5
      6\.  *  *  *  *  *  *  *  *  *  *\6
       7\w  .  *  *  *  *  *  *  *  *  *\7
        8\w  W  *  *  *  *  *  *  *  *  *\8
         9\w  .  *  *  *  *  *  *  *  *  .\9
         10\w  *  *  *  *  *  *  *  *  .  .\10
          11\.  .  .  .  .  .  .  .  .  .  .\11
              a  b  c  d  e  f  g  h  i  j  k  
ef137 info: No subtree to reuse.
ef137 info: Creating thread 0
ef137 info: StartSearch()[0]
SgUctSearch: max games reached
ef137 info: 
Elapsed Time   0.347403s
Count          1
GamesPlayed    1
Nodes          1
Knowledge      0 (0.0%)
Expansions     0.0
Time           0.00
GameLen        115.0 dev=0.0 min=115.0 max=115.0
InTree         0.0 dev=0.0 min=0.0 max=0.0
KnowDepth      -
Aborted        0%
Games/s        416.3
Score          0.00
Sequence      
ef137 info: 
ef137 warning: **** MoHexSearch returned empty sequence!
ef137 warning: **** Returning random move!
<= 
< 
<  5607725c9101110e
<  a  b  c  d  e  f  g  h  i  j  k  
< 1\.  .  .  .  .  .  .  .  .  .  .\1
<  2\.  .  .  .  .  .  .  .  .  .  .\2
<   3\.  .  B  .  .  .  .  .  .  .  .\3
<    4\.  .  .  .  .  .  .  .  .  .  .\4
<     5\.  .  .  .  .  .  .  .  .  .  .\5
<      6\.  .  .  .  .  .  .  .  .  .  .\6
<       7\.  .  .  .  .  .  .  .  .  .  .\7
<        8\.  W  .  .  .  .  .  .  B  .  .\8
<         9\.  .  .  .  .  .  .  .  .  .  .\9
<         10\.  .  .  .  .  .  .  .  .  .  .\10
<          11\.  .  .  .  .  .  .  .  .  .  .\11
<              a  b  c  d  e  f  g  h  i  j  k  
<
>play w e10
<= 
<
>showboard
<= 
< 
<  6342ad7f039e5d33
<  a  b  c  d  e  f  g  h  i  j  k  
< 1\.  .  .  .  .  .  .  .  .  .  .\1
<  2\.  .  .  .  .  .  .  .  .  .  .\2
<   3\.  .  B  .  .  .  .  .  .  .  .\3
<    4\.  .  .  .  .  .  .  .  .  .  .\4
<     5\.  .  .  .  .  .  .  .  .  .  .\5
<      6\.  .  .  .  .  .  .  .  .  .  .\6
<       7\.  .  .  .  .  .  .  .  .  .  .\7
<        8\.  W  .  .  .  .  .  .  B  .  .\8
<         9\.  .  .  .  .  .  .  .  .  .  .\9
<         10\.  .  .  .  W  .  .  .  .  .  .\10
<          11\.  .  .  .  .  .  .  .  .  .  .\11
<              a  b  c  d  e  f  g  h  i  j  k  
<
>genmove b
<= k7
<
>showboard
ef137 info: Best move cannot be determined, must search state.
ef137 info: --- MoHexPlayer::Search() ---
ef137 info: Color: black
ef137 info: MaxGames: 1
ef137 info: NumberThreads: 1
ef137 info: MaxNodes: 9090 (799920 bytes)
ef137 info: TimeForMove: 1
ef137 info: PreSearch: max time reached (52/81).
ef137 info: Time for PreSearch: 0.201936s
ef137 info: 
  6342ad7f039e5d33
  a  b  c  d  e  f  g  h  i  j  k  
 1\.  .  .  .  .  .  .  .  .  .  .\1
  2\.  .  *  .  *  *  *  *  *  *  *\2
   3\.  *  B  *  *  *  *  *  *  *  *\3
    4\*  *  *  *  *  *  *  *  *  *  *\4
     5\*  *  *  *  *  *  *  *  *  *  *\5
      6\.  *  *  *  *  *  *  *  *  *  *\6
       7\w  .  *  *  *  *  *  *  *  *  *\7
        8\w  W  *  *  *  *  *  *  B  *  *\8
         9\w  .  *  *  *  *  *  *  *  *  .\9
         10\w  *  *  *  W  *  *  *  *  .  .\10
          11\.  .  .  .  .  .  .  .  .  .  .\11
              a  b  c  d  e  f  g  h  i  j  k  
ef137 info: Old: [black, c3] [white, swap-pieces] [white, b8] 
ef137 info: New: [black, c3] [white, swap-pieces] [white, b8] [black, i8] [white, e10] 
ef137 info: MovesPlayed: [black, i8] [white, e10] 
ef137 info: No subtree to reuse.
ef137 info: StartSearch()[0]
SgUctSearch: max games reached
ef137 info: 
Elapsed Time   0.347225s
Count          1
GamesPlayed    1
Nodes          1
Knowledge      0 (0.0%)
Expansions     0.0
Time           0.00
GameLen        113.0 dev=0.0 min=113.0 max=113.0
InTree         0.0 dev=0.0 min=0.0 max=0.0
KnowDepth      -
Aborted        0%
Games/s        3571.4
Score          0.00
Sequence      
ef137 info: 
ef137 warning: **** MoHexSearch returned empty sequence!
ef137 warning: **** Returning random move!
<= 
< 
<  7b00087334f7c70c
<  a  b  c  d  e  f  g  h  i  j  k  
< 1\.  .  .  .  .  .  .  .  .  .  .\1
<  2\.  .  .  .  .  .  .  .  .  .  .\2
<   3\.  .  B  .  .  .  .  .  .  .  .\3
<    4\.  .  .  .  .  .  .  .  .  .  .\4
<     5\.  .  .  .  .  .  .  .  .  .  .\5
<      6\.  .  .  .  .  .  .  .  .  .  .\6
<       7\.  .  .  .  .  .  .  .  .  .  B\7
<        8\.  W  .  .  .  .  .  .  B  .  .\8
<         9\.  .  .  .  .  .  .  .  .  .  .\9
<         10\.  .  .  .  W  .  .  .  .  .  .\10
<          11\.  .  .  .  .  .  .  .  .  .  .\11
<              a  b  c  d  e  f  g  h  i  j  k  
<
>play w k9
<= 
<
>showboard
<= 
< 
<  723604188e0dbff2
<  a  b  c  d  e  f  g  h  i  j  k  
< 1\.  .  .  .  .  .  .  .  .  .  .\1
<  2\.  .  .  .  .  .  .  .  .  .  .\2
<   3\.  .  B  .  .  .  .  .  .  .  .\3
<    4\.  .  .  .  .  .  .  .  .  .  .\4
<     5\.  .  .  .  .  .  .  .  .  .  .\5
<      6\.  .  .  .  .  .  .  .  .  .  .\6
<       7\.  .  .  .  .  .  .  .  .  .  B\7
<        8\.  W  .  .  .  .  .  .  B  .  .\8
<         9\.  .  .  .  .  .  .  .  .  .  W\9
<         10\.  .  .  .  W  .  .  .  .  .  .\10
<          11\.  .  .  .  .  .  .  .  .  .  .\11
<              a  b  c  d  e  f  g  h  i  j  k  
<
>genmove b
<= j5
<
>showboard
ef137 info: Best move cannot be determined, must search state.
ef137 info: --- MoHexPlayer::Search() ---
ef137 info: Color: black
ef137 info: MaxGames: 1
ef137 info: NumberThreads: 1
ef137 info: MaxNodes: 9090 (799920 bytes)
ef137 info: TimeForMove: 1
ef137 info: PreSearch: max time reached (57/77).
ef137 info: Time for PreSearch: 0.202192s
ef137 info: 
  723604188e0dbff2
  a  b  c  d  e  f  g  h  i  j  k  
 1\.  .  .  .  .  .  .  .  .  .  .\1
  2\.  .  *  .  *  *  *  *  *  *  *\2
   3\.  *  B  *  *  *  *  *  *  *  *\3
    4\*  *  *  *  *  *  *  *  *  *  *\4
     5\*  *  *  *  *  *  *  *  *  *  *\5
      6\.  *  *  *  *  *  *  *  *  *  *\6
       7\w  .  *  *  *  *  *  *  *  *  B\7
        8\w  W  *  *  *  *  *  *  B  .  .\8
         9\w  .  *  *  *  *  *  *  *  *  W\9
         10\w  *  *  *  W  *  *  *  .  .  w\10
          11\.  .  .  .  .  .  .  .  .  .  w\11
              a  b  c  d  e  f  g  h  i  j  k  
ef137 info: Old: [black, c3] [white, swap-pieces] [white, b8] [black, i8] [white, e10] 
ef137 info: New: [black, c3] [white, swap-pieces] [white, b8] [black, i8] [white, e10] [black, k7] [white, k9] 
ef137 info: MovesPlayed: [black, k7] [white, k9] 
ef137 info: No subtree to reuse.
ef137 info: StartSearch()[0]
SgUctSearch: max games reached
ef137 info: 
Elapsed Time   0.351391s
Count          1
GamesPlayed    1
Nodes          1
Knowledge      0 (0.0%)
Expansions     0.0
Time           0.00
GameLen        109.0 dev=0.0 min=109.0 max=109.0
InTree         0.0 dev=0.0 min=0.0 max=0.0
KnowDepth      -
Aborted        0%
Games/s        3690.0
Score          0.00
Sequence      
ef137 info: 
ef137 warning: **** MoHexSearch returned empty sequence!
ef137 warning: **** Returning random move!
<= 
< 
<  cf6131a7bb978d86
<  a  b  c  d  e  f  g  h  i  j  k  
< 1\.  .  .  .  .  .  .  .  .  .  .\1
<  2\.  .  .  .  .  .  .  .  .  .  .\2
<   3\.  .  B  .  .  .  .  .  .  .  .\3
<    4\.  .  .  .  .  .  .  .  .  .  .\4
<     5\.  .  .  .  .  .  .  .  .  B  .\5
<      6\.  .  .  .  .  .  .  .  .  .  .\6
<       7\.  .  .  .  .  .  .  .  .  .  B\7
<        8\.  W  .  .  .  .  .  .  B  .  .\8
<         9\.  .  .  .  .  .  .  .  .  .  W\9
<         10\.  .  .  .  W  .  .  .  .  .  .\10
<          11\.  .  .  .  .  .  .  .  .  .  .\11
<              a  b  c  d  e  f  g  h  i  j  k  
<
>play w d11
<= 
<
>showboard
<= 
< 
<  685a463e9b25bf1c
<  a  b  c  d  e  f  g  h  i  j  k  
< 1\.  .  .  .  .  .  .  .  .  .  .\1
<  2\.  .  .  .  .  .  .  .  .  .  .\2
<   3\.  .  B  .  .  .  .  .  .  .  .\3
<    4\.  .  .  .  .  .  .  .  .  .  .\4
<     5\.  .  .  .  .  .  .  .  .  B  .\5
<      6\.  .  .  .  .  .  .  .  .  .  .\6
<       7\.  .  .  .  .  .  .  .  .  .  B\7
<        8\.  W  .  .  .  .  .  .  B  .  .\8
<         9\.  .  .  .  .  .  .  .  .  .  W\9
<         10\.  .  .  .  W  .  .  .  .  .  .\10
<          11\.  .  .  W  .  .  .  .  .  .  .\11
<              a  b  c  d  e  f  g  h  i  j  k  
<
>genmove b
<= b3
<
>showboard
ef137 info: Best move cannot be determined, must search state.
ef137 info: --- MoHexPlayer::Search() ---
ef137 info: Color: black
ef137 info: MaxGames: 1
ef137 info: NumberThreads: 1
ef137 info: MaxNodes: 9090 (799920 bytes)
ef137 info: TimeForMove: 1
ef137 info: PreSearch: max time reached (40/74).
ef137 info: Time for PreSearch: 0.204408s
ef137 info: 
  685a463e9b25bf1c
  a  b  c  d  e  f  g  h  i  j  k  
 1\.  .  .  .  .  .  .  .  .  .  .\1
  2\.  .  *  .  *  *  *  *  *  *  *\2
   3\.  *  B  *  *  *  *  *  *  *  *\3
    4\*  *  *  *  *  *  *  *  *  *  .\4
     5\*  *  *  *  *  *  *  *  *  B  .\5
      6\.  *  *  *  *  *  *  *  *  *  *\6
       7\w  .  *  *  *  *  *  *  *  *  B\7
        8\w  W  *  *  *  *  *  *  B  .  .\8
         9\w  .  *  *  *  *  *  *  *  *  W\9
         10\w  *  *  *  W  *  *  *  .  .  w\10
          11\.  .  .  W  .  .  .  .  .  .  w\11
              a  b  c  d  e  f  g  h  i  j  k  
ef137 info: Old: [black, c3] [white, swap-pieces] [white, b8] [black, i8] [white, e10] [black, k7] [white, k9] 
ef137 info: New: [black, c3] [white, swap-pieces] [white, b8] [black, i8] [white, e10] [black, k7] [white, k9] [black, j5] [white, d11] 
ef137 info: MovesPlayed: [black, j5] [white, d11] 
ef137 info: No subtree to reuse.
ef137 info: StartSearch()[0]
SgUctSearch: max games reached
ef137 info: 
Elapsed Time   0.459321s
Count          1
GamesPlayed    1
Nodes          1
Knowledge      0 (0.0%)
Expansions     0.0
Time           0.00
GameLen        107.0 dev=0.0 min=107.0 max=107.0
InTree         0.0 dev=0.0 min=0.0 max=0.0
KnowDepth      -
Aborted        0%
Games/s        3344.5
Score          1.00
Sequence      
ef137 info: 
ef137 warning: **** MoHexSearch returned empty sequence!
ef137 warning: **** Returning random move!
<= 
< 
<  84a5d5e918cff7e5
<  a  b  c  d  e  f  g  h  i  j  k  
< 1\.  .  .  .  .  .  .  .  .  .  .\1
<  2\.  .  .  .  .  .  .  .  .  .  .\2
<   3\.  B  B  .  .  .  .  .  .  .  .\3
<    4\.  .  .  .  .  .  .  .  .  .  .\4
<     5\.  .  .  .  .  .  .  .  .  B  .\5
<      6\.  .  .  .  .  .  .  .  .  .  .\6
<       7\.  .  .  .  .  .  .  .  .  .  B\7
<        8\.  W  .  .  .  .  .  .  B  .  .\8
<         9\.  .  .  .  .  .  .  .  .  .  W\9
<         10\.  .  .  .  W  .  .  .  .  .  .\10
<          11\.  .  .  W  .  .  .  .  .  .  .\11
<              a  b  c  d  e  f  g  h  i  j  k  
<
>play w f7
<= 
<
>showboard
<= 
< 
<  1f80f4e3d6143704
<  a  b  c  d  e  f  g  h  i  j  k  
< 1\.  .  .  .  .  .  .  .  .  .  .\1
<  2\.  .  .  .  .  .  .  .  .  .  .\2
<   3\.  B  B  .  .  .  .  .  .  .  .\3
<    4\.  .  .  .  .  .  .  .  .  .  .\4
<     5\.  .  .  .  .  .  .  .  .  B  .\5
<      6\.  .  .  .  .  .  .  .  .  .  .\6
<       7\.  .  .  .  .  W  .  .  .  .  B\7
<        8\.  W  .  .  .  .  .  .  B  .  .\8
<         9\.  .  .  .  .  .  .  .  .  .  W\9
<         10\.  .  .  .  W  .  .  .  .  .  .\10
<          11\.  .  .  W  .  .  .  .  .  .  .\11
<              a  b  c  d  e  f  g  h  i  j  k  
<
>genmove b
<= c5
<
>showboard
ef137 info: Best move cannot be determined, must search state.
ef137 info: --- MoHexPlayer::Search() ---
ef137 info: Color: black
ef137 info: MaxGames: 1
ef137 info: NumberThreads: 1
ef137 info: MaxNodes: 9090 (799920 bytes)
ef137 info: TimeForMove: 1
ef137 info: PreSearch: max time reached (44/70).
ef137 info: Time for PreSearch: 0.205511s
ef137 info: 
  1f80f4e3d6143704
  a  b  c  d  e  f  g  h  i  j  k  
 1\.  .  .  .  .  .  .  .  .  .  .\1
  2\.  .  *  .  *  *  *  *  *  *  *\2
   3\.  B  B  *  *  *  *  *  *  *  *\3
    4\.  .  *  *  *  *  *  *  *  *  .\4
     5\*  *  *  *  *  *  *  *  *  B  .\5
      6\.  *  *  *  *  *  *  *  *  *  *\6
       7\w  .  *  *  *  W  *  *  *  *  B\7
        8\w  W  *  *  *  *  *  *  B  .  .\8
         9\w  .  *  *  *  *  *  *  *  *  W\9
         10\w  *  *  *  W  *  *  *  .  .  w\10
          11\.  .  .  W  .  .  .  .  .  .  w\11
              a  b  c  d  e  f  g  h  i  j  k  
ef137 info: Old: [black, c3] [white, swap-pieces] [white, b8] [black, i8] [white, e10] [black, k7] [white, k9] [black, j5] [white, d11] 
ef137 info: New: [black, c3] [white, swap-pieces] [white, b8] [black, i8] [white, e10] [black, k7] [white, k9] [black, j5] [white, d11] [black, b3] [white, f7] 
ef137 info: MovesPlayed: [black, b3] [white, f7] 
ef137 info: No subtree to reuse.
ef137 info: StartSearch()[0]
SgUctSearch: max games reached
ef137 info: 
Elapsed Time   0.354797s
Count          1
GamesPlayed    1
Nodes          1
Knowledge      0 (0.0%)
Expansions     0.0
Time           0.00
GameLen        105.0 dev=0.0 min=105.0 max=105.0
InTree         0.0 dev=0.0 min=0.0 max=0.0
KnowDepth      -
Aborted        0%
Games/s        3355.7
Score          0.00
Sequence      
ef137 info: 
ef137 warning: **** MoHexSearch returned empty sequence!
ef137 warning: **** Returning random move!
<= 
< 
<  903d10c9da57c142
<  a  b  c  d  e  f  g  h  i  j  k  
< 1\.  .  .  .  .  .  .  .  .  .  .\1
<  2\.  .  .  .  .  .  .  .  .  .  .\2
<   3\.  B  B  .  .  .  .  .  .  .  .\3
<    4\.  .  .  .  .  .  .  .  .  .  .\4
<     5\.  .  B  .  .  .  .  .  .  B  .\5
<      6\.  .  .  .  .  .  .  .  .  .  .\6
<       7\.  .  .  .  .  W  .  .  .  .  B\7
<        8\.  W  .  .  .  .  .  .  B  .  .\8
<         9\.  .  .  .  .  .  .  .  .  .  W\9
<         10\.  .  .  .  W  .  .  .  .  .  .\10
<          11\.  .  .  W  .  .  .  .  .  .  .\11
<              a  b  c  d  e  f  g  h  i  j  k  
<
>play w e11
<= 
<
>showboard
<= 
< 
<  bc9d5fb1df665b43
<  a  b  c  d  e  f  g  h  i  j  k  
< 1\.  .  .  .  .  .  .  .  .  .  .\1
<  2\.  .  .  .  .  .  .  .  .  .  .\2
<   3\.  B  B  .  .  .  .  .  .  .  .\3
<    4\.  .  .  .  .  .  .  .  .  .  .\4
<     5\.  .  B  .  .  .  .  .  .  B  .\5
<      6\.  .  .  .  .  .  .  .  .  .  .\6
<       7\.  .  .  .  .  W  .  .  .  .  B\7
<        8\.  W  .  .  .  .  .  .  B  .  .\8
<         9\.  .  .  .  .  .  .  .  .  .  W\9
<         10\.  .  .  .  W  .  .  .  .  .  .\10
<          11\.  .  .  W  W  .  .  .  .  .  .\11
<              a  b  c  d  e  f  g  h  i  j  k  
<
>genmove b
<= b7
<
>showboard
ef137 info: Best move cannot be determined, must search state.
ef137 info: --- MoHexPlayer::Search() ---
ef137 info: Color: black
ef137 info: MaxGames: 1
ef137 info: NumberThreads: 1
ef137 info: MaxNodes: 9090 (799920 bytes)
ef137 info: TimeForMove: 1
ef137 info: PreSearch: max time reached (43/67).
ef137 info: Time for PreSearch: 0.202707s
ef137 info: 
  bc9d5fb1df665b43
  a  b  c  d  e  f  g  h  i  j  k  
 1\.  .  .  .  .  .  .  .  .  .  .\1
  2\.  .  *  .  *  *  *  *  *  *  *\2
   3\.  B  B  *  *  *  *  *  *  *  *\3
    4\.  .  .  *  *  *  *  *  *  *  .\4
     5\*  .  B  *  *  *  *  *  *  B  .\5
      6\.  *  *  *  *  *  *  *  *  *  *\6
       7\w  .  *  *  *  W  *  *  *  *  B\7
        8\w  W  *  *  *  *  *  *  B  .  .\8
         9\w  .  *  *  *  *  *  *  *  *  W\9
         10\w  *  *  *  W  *  *  *  .  .  w\10
          11\.  .  .  W  W  .  .  .  .  .  w\11
              a  b  c  d  e  f  g  h  i  j  k  
ef137 info: Old: [black, c3] [white, swap-pieces] [white, b8] [black, i8] [white, e10] [black, k7] [white, k9] [black, j5] [white, d11] [black, b3] [white, f7] 
ef137 info: New: [black, c3] [white, swap-pieces] [white, b8] [black, i8] [white, e10] [black, k7] [white, k9] [black, j5] [white, d11] [black, b3] [white, f7] [black, c5] [white, e11] 
ef137 info: MovesPlayed: [black, c5] [white, e11] 
ef137 info: No subtree to reuse.
ef137 info: StartSearch()[0]
SgUctSearch: max games reached
ef137 info: 
Elapsed Time   0.356323s
Count          1
GamesPlayed    1
Nodes          1
Knowledge      0 (0.0%)
Expansions     0.0
Time           0.00
GameLen        103.0 dev=0.0 min=103.0 max=103.0
InTree         0.0 dev=0.0 min=0.0 max=0.0
KnowDepth      -
Aborted        0%
Games/s        3278.7
Score          1.00
Sequence      
ef137 info: 
ef137 warning: **** MoHexSearch returned empty sequence!
ef137 warning: **** Returning random move!
<= 
< 
<  69a039d11c789562
<  a  b  c  d  e  f  g  h  i  j  k  
< 1\.  .  .  .  .  .  .  .  .  .  .\1
<  2\.  .  .  .  .  .  .  .  .  .  .\2
<   3\.  B  B  .  .  .  .  .  .  .  .\3
<    4\.  .  .  .  .  .  .  .  .  .  .\4
<     5\.  .  B  .  .  .  .  .  .  B  .\5
<      6\.  .  .  .  .  .  .  .  .  .  .\6
<       7\.  B  .  .  .  W  .  .  .  .  B\7
<        8\.  W  .  .  .  .  .  .  B  .  .\8
<         9\.  .  .  .  .  .  .  .  .  .  W\9
<         10\.  .  .  .  W  .  .  .  .  .  .\10
<          11\.  .  .  W  W  .  .  .  .  .  .\11
<              a  b  c  d  e  f  g  h  i  j  k  
<
>play w d6
<= 
<
>showboard
<= 
< 
<  6cc543f6d7fa4b11
<  a  b  c  d  e  f  g  h  i  j  k  
< 1\.  .  .  .  .  .  .  .  .  .  .\1
<  2\.  .  .  .  .  .  .  .  .  .  .\2
<   3\.  B  B  .  .  .  .  .  .  .  .\3
<    4\.  .  .  .  .  .  .  .  .  .  .\4
<     5\.  .  B  .  .  .  .  .  .  B  .\5
<      6\.  .  .  W  .  .  .  .  .  .  .\6
<       7\.  B  .  .  .  W  .  .  .  .  B\7
<        8\.  W  .  .  .  .  .  .  B  .  .\8
<         9\.  .  .  .  .  .  .  .  .  .  W\9
<         10\.  .  .  .  W  .  .  .  .  .  .\10
<          11\.  .  .  W  W  .  .  .  .  .  .\11
<              a  b  c  d  e  f  g  h  i  j  k  
<
>genmove b
<= f10
<
>showboard
ef137 info: Best move cannot be determined, must search state.
ef137 info: --- MoHexPlayer::Search() ---
ef137 info: Color: black
ef137 info: MaxGames: 1
ef137 info: NumberThreads: 1
ef137 info: MaxNodes: 9090 (799920 bytes)
ef137 info: TimeForMove: 1
ef137 info: PreSearch: max time reached (42/65).
ef137 info: Time for PreSearch: 0.20038s
ef137 info: 
  6cc543f6d7fa4b11
  a  b  c  d  e  f  g  h  i  j  k  
 1\.  .  .  .  .  .  .  .  .  .  .\1
  2\.  .  *  .  *  *  *  *  *  *  *\2
   3\.  B  B  *  *  *  *  *  *  *  *\3
    4\.  .  .  *  *  *  *  *  *  *  .\4
     5\*  .  B  *  *  *  *  *  *  B  .\5
      6\*  .  .  W  *  *  *  *  *  *  *\6
       7\.  B  *  *  *  W  *  *  *  *  B\7
        8\w  W  *  *  *  *  *  *  B  .  .\8
         9\w  .  *  *  *  *  *  *  *  *  W\9
         10\w  *  *  *  W  *  *  *  .  .  w\10
          11\.  .  .  W  W  .  .  .  .  .  w\11
              a  b  c  d  e  f  g  h  i  j  k  
ef137 info: Old: [black, c3] [white, swap-pieces] [white, b8] [black, i8] [white, e10] [black, k7] [white, k9] [black, j5] [white, d11] [black, b3] [white, f7] [black, c5] [white, e11] 
ef137 info: New: [black, c3] [white, swap-pieces] [white, b8] [black, i8] [white, e10] [black, k7] [white, k9] [black, j5] [white, d11] [black, b3] [white, f7] [black, c5] [white, e11] [black, b7] [white, d6] 
ef137 info: MovesPlayed: [black, b7] [white, d6] 
ef137 info: No subtree to reuse.
ef137 info: StartSearch()[0]
SgUctSearch: max games reached
ef137 info: 
Elapsed Time   0.546255s
Count          1
GamesPlayed    1
Nodes          1
Knowledge      0 (0.0%)
Expansions     0.0
Time           0.00
GameLen        102.0 dev=0.0 min=102.0 max=102.0
InTree         0.0 dev=0.0 min=0.0 max=0.0
KnowDepth      -
Aborted        0%
Games/s        3636.4
Score          1.00
Sequence      
ef137 info: 
ef137 warning: **** MoHexSearch returned empty sequence!
ef137 warning: **** Returning random move!
<= 
< 
<  ea1a804211af1718
<  a  b  c  d  e  f  g  h  i  j  k  
< 1\.  .  .  .  .  .  .  .  .  .  .\1
<  2\.  .  .  .  .  .  .  .  .  .  .\2
<   3\.  B  B  .  .  .  .  .  .  .  .\3
<    4\.  .  .  .  .  .  .  .  .  .  .\4
<     5\.  .  B  .  .  .  .  .  .  B  .\5
<      6\.  .  .  W  .  .  .  .  .  .  .\6
<       7\.  B  .  .  .  W  .  .  .  .  B\7
<        8\.  W  .  .  .  .  .  .  B  .  .\8
<         9\.  .  .  .  .  .  .  .  .  .  W\9
<         10\.  .  .  .  W  B  .  .  .  .  .\10
<          11\.  .  .  W  W  .  .  .  .  .  .\11
<              a  b  c  d  e  f  g  h  i  j  k  
<
>play w b2
<= 
<
>showboard
<= 
< 
<  43fb5ced9527efdd
<  a  b  c  d  e  f  g  h  i  j  k  
< 1\.  .  .  .  .  .  .  .  .  .  .\1
<  2\.  W  .  .  .  .  .  .  .  .  .\2
<   3\.  B  B  .  .  .  .  .  .  .  .\3
<    4\.  .  .  .  .  .  .  .  .  .  .\4
<     5\.  .  B  .  .  .  .  .  .  B  .\5
<      6\.  .  .  W  .  .  .  .  .  .  .\6
<       7\.  B  .  .  .  W  .  .  .  .  B\7
<        8\.  W  .  .  .  .  .  .  B  .  .\8
<         9\.  .  .  .  .  .  .  .  .  .  W\9
<         10\.  .  .  .  W  B  .  .  .  .  .\10
<          11\.  .  .  W  W  .  .  .  .  .  .\11
<              a  b  c  d  e  f  g  h  i  j  k  
<
>genmove b
<= e8
<
>showboard
ef137 info: Best move cannot be determined, must search state.
ef137 info: --- MoHexPlayer::Search() ---
ef137 info: Color: black
ef137 info: MaxGames: 1
ef137 info: NumberThreads: 1
ef137 info: MaxNodes: 9090 (799920 bytes)
ef137 info: TimeForMove: 1
ef137 info: PreSearch: max time reached (41/64).
ef137 info: Time for PreSearch: 0.20553s
ef137 info: 
  43fb5ced9527efdd
  a  b  c  d  e  f  g  h  i  j  k  
 1\b  b  .  .  .  .  .  .  .  .  .\1
  2\w  W  *  .  *  *  *  *  *  *  *\2
   3\w  B  B  *  *  *  *  *  *  *  *\3
    4\.  .  .  *  *  *  *  *  *  *  .\4
     5\*  .  B  *  *  *  *  *  *  B  .\5
      6\*  .  .  W  *  *  *  *  *  *  *\6
       7\.  B  *  *  *  W  *  *  *  *  B\7
        8\w  W  *  *  *  *  *  *  B  .  .\8
         9\w  .  *  *  *  *  *  .  .  *  W\9
         10\w  *  *  *  W  B  .  *  .  .  w\10
          11\.  .  .  W  W  .  .  .  .  .  w\11
              a  b  c  d  e  f  g  h  i  j  k  
ef137 info: Old: [black, c3] [white, swap-pieces] [white, b8] [black, i8] [white, e10] [black, k7] [white, k9] [black, j5] [white, d11] [black, b3] [white, f7] [black, c5] [white, e11] [black, b7] [white, d6] 
ef137 info: New: [black, c3] [white, swap-pieces] [white, b8] [black, i8] [white, e10] [black, k7] [white, k9] [black, j5] [white, d11] [black, b3] [white, f7] [black, c5] [white, e11] [black, b7] [white, d6] [black, f10] [white, b2] 
ef137 info: MovesPlayed: [black, f10] [white, b2] 
ef137 info: No subtree to reuse.
ef137 info: StartSearch()[0]
SgUctSearch: max games reached
ef137 info: 
Elapsed Time   0.350054s
Count          1
GamesPlayed    1
Nodes          1
Knowledge      0 (0.0%)
Expansions     0.0
Time           0.00
GameLen        96.0 dev=0.0 min=96.0 max=96.0
InTree         0.0 dev=0.0 min=0.0 max=0.0
KnowDepth      -
Aborted        0%
Games/s        3558.7
Score          0.00
Sequence      
ef137 info: 
ef137 warning: **** MoHexSearch returned empty sequence!
ef137 warning: **** Returning random move!
<= 
< 
<  aac325b50df360a0
<  a  b  c  d  e  f  g  h  i  j  k  
< 1\.  .  .  .  .  .  .  .  .  .  .\1
<  2\.  W  .  .  .  .  .  .  .  .  .\2
<   3\.  B  B  .  .  .  .  .  .  .  .\3
<    4\.  .  .  .  .  .  .  .  .  .  .\4
<     5\.  .  B  .  .  .  .  .  .  B  .\5
<      6\.  .  .  W  .  .  .  .  .  .  .\6
<       7\.  B  .  .  .  W  .  .  .  .  B\7
<        8\.  W  .  .  B  .  .  .  B  .  .\8
<         9\.  .  .  .  .  .  .  .  .  .  W\9
<         10\.  .  .  .  W  B  .  .  .  .  .\10
<          11\.  .  .  W  W  .  .  .  .  .  .\11
<              a  b  c  d  e  f  g  h  i  j  k  
<
>play w h11
<= 
<
>showboard
<= 
< 
<  1740c797ca4a3abf
<  a  b  c  d  e  f  g  h  i  j  k  
< 1\.  .  .  .  .  .  .  .  .  .  .\1
<  2\.  W  .  .  .  .  .  .  .  .  .\2
<   3\.  B  B  .  .  .  .  .  .  .  .\3
<    4\.  .  .  .  .  .  .  .  .  .  .\4
<     5\.  .  B  .  .  .  .  .  .  B  .\5
<      6\.  .  .  W  .  .  .  .  .  .  .\6
<       7\.  B  .  .  .  W  .  .  .  .  B\7
<        8\.  W  .  .  B  .  .  .  B  .  .\8
<         9\.  .  .  .  .  .  .  .  .  .  W\9
<         10\.  .  .  .  W  B  .  .  .  .  .\10
<          11\.  .  .  W  W  .  .  W  .  .  .\11
<              a  b  c  d  e  f  g  h  i  j  k  
<
>genmove b
<= d9
<
>showboard
ef137 info: Best move cannot be determined, must search state.
ef137 info: --- MoHexPlayer::Search() ---
ef137 info: Color: black
ef137 info: MaxGames: 1
ef137 info: NumberThreads: 1
ef137 info: MaxNodes: 9090 (799920 bytes)
ef137 info: TimeForMove: 1
ef137 info: PreSearch: max time reached (49/65).
ef137 info: Time for PreSearch: 0.201918s
ef137 info: 
  1740c797ca4a3abf
  a  b  c  d  e  f  g  h  i  j  k  
 1\b  b  .  .  .  .  .  .  .  .  .\1
  2\w  W  *  .  *  *  *  *  *  *  *\2
   3\w  B  B  *  *  *  *  *  *  *  *\3
    4\.  .  .  *  *  *  *  *  *  *  .\4
     5\*  .  B  *  *  *  *  *  *  B  .\5
      6\*  .  .  W  *  *  *  *  *  *  *\6
       7\.  B  *  *  *  W  *  *  *  *  B\7
        8\w  W  *  *  B  *  *  *  B  .  .\8
         9\w  .  *  *  *  *  *  *  *  *  W\9
         10\w  *  *  *  W  B  *  *  *  *  w\10
          11\.  .  .  W  W  .  .  W  .  .  w\11
              a  b  c  d  e  f  g  h  i  j  k  
ef137 info: Old: [black, c3] [white, swap-pieces] [white, b8] [black, i8] [white, e10] [black, k7] [white, k9] [black, j5] [white, d11] [black, b3] [white, f7] [black, c5] [white, e11] [black, b7] [white, d6] [black, f10] [white, b2] 
ef137 info: New: [black, c3] [white, swap-pieces] [white, b8] [black, i8] [white, e10] [black, k7] [white, k9] [black, j5] [white, d11] [black, b3] [white, f7] [black, c5] [white, e11] [black, b7] [white, d6] [black, f10] [white, b2] [black, e8] [white, h11] 
ef137 info: MovesPlayed: [black, e8] [white, h11] 
ef137 info: No subtree to reuse.
ef137 info: StartSearch()[0]
SgUctSearch: max games reached
ef137 info: 
Elapsed Time   0.357918s
Count          1
GamesPlayed    1
Nodes          1
Knowledge      0 (0.0%)
Expansions     0.0
Time           0.00
GameLen        94.0 dev=0.0 min=94.0 max=94.0
InTree         0.0 dev=0.0 min=0.0 max=0.0
KnowDepth      -
Aborted        0%
Games/s        3401.4
Score          0.00
Sequence      
ef137 info: 
ef137 warning: **** MoHexSearch returned empty sequence!
ef137 warning: **** Returning random move!
<= 
< 
<  fad849e1100a181b
<  a  b  c  d  e  f  g  h  i  j  k  
< 1\.  .  .  .  .  .  .  .  .  .  .\1
<  2\.  W  .  .  .  .  .  .  .  .  .\2
<   3\.  B  B  .  .  .  .  .  .  .  .\3
<    4\.  .  .  .  .  .  .  .  .  .  .\4
<     5\.  .  B  .  .  .  .  .  .  B  .\5
<      6\.  .  .  W  .  .  .  .  .  .  .\6
<       7\.  B  .  .  .  W  .  .  .  .  B\7
<        8\.  W  .  .  B  .  .  .  B  .  .\8
<         9\.  .  .  B  .  .  .  .  .  .  W\9
<         10\.  .  .  .  W  B  .  .  .  .  .\10
<          11\.  .  .  W  W  .  .  W  .  .  .\11
<              a  b  c  d  e  f  g  h  i  j  k  
<
>play w b5
<= 
<
>showboard
<= 
< 
<  5db45d5ec8e14574
<  a  b  c  d  e  f  g  h  i  j  k  
< 1\.  .  .  .  .  .  .  .  .  .  .\1
<  2\.  W  .  .  .  .  .  .  .  .  .\2
<   3\.  B  B  .  .  .  .  .  .  .  .\3
<    4\.  .  .  .  .  .  .  .  .  .  .\4
<     5\.  W  B  .  .  .  .  .  .  B  .\5
<      6\.  .  .  W  .  .  .  .  .  .  .\6
<       7\.  B  .  .  .  W  .  .  .  .  B\7
<        8\.  W  .  .  B  .  .  .  B  .  .\8
<         9\.  .  .  B  .  .  .  .  .  .  W\9
<         10\.  .  .  .  W  B  .  .  .  .  .\10
<          11\.  .  .  W  W  .  .  W  .  .  .\11
<              a  b  c  d  e  f  g  h  i  j  k  
<
>genmove b
<= g10
<
>showboard
ef137 info: Best move cannot be determined, must search state.
ef137 info: --- MoHexPlayer::Search() ---
ef137 info: Color: black
ef137 info: MaxGames: 1
ef137 info: NumberThreads: 1
ef137 info: MaxNodes: 9090 (799920 bytes)
ef137 info: TimeForMove: 1
ef137 info: PreSearch: max time reached (55/61).
ef137 info: Time for PreSearch: 0.20039s
ef137 info: 
  5db45d5ec8e14574
  a  b  c  d  e  f  g  h  i  j  k  
 1\b  b  .  .  .  .  .  .  .  .  .\1
  2\w  W  .  .  .  *  *  *  *  *  *\2
   3\w  B  B  *  *  *  *  *  *  *  *\3
    4\b  b  *  *  *  *  *  *  *  *  .\4
     5\w  W  B  *  *  *  *  *  *  B  .\5
      6\w  b  b  W  *  *  *  *  *  *  *\6
       7\b  B  *  *  *  W  *  *  *  *  B\7
        8\w  W  *  *  B  *  *  *  B  .  .\8
         9\w  .  *  B  .  *  *  *  *  *  W\9
         10\w  .  .  .  W  B  *  *  *  *  w\10
          11\.  .  .  W  W  .  .  W  .  .  w\11
              a  b  c  d  e  f  g  h  i  j  k  
ef137 info: Old: [black, c3] [white, swap-pieces] [white, b8] [black, i8] [white, e10] [black, k7] [white, k9] [black, j5] [white, d11] [black, b3] [white, f7] [black, c5] [white, e11] [black, b7] [white, d6] [black, f10] [white, b2] [black, e8] [white, h11] 
ef137 info: New: [black, c3] [white, swap-pieces] [white, b8] [black, i8] [white, e10] [black, k7] [white, k9] [black, j5] [white, d11] [black, b3] [white, f7] [black, c5] [white, e11] [black, b7] [white, d6] [black, f10] [white, b2] [black, e8] [white, h11] [black, d9] [white, b5] 
ef137 info: MovesPlayed: [black, d9] [white, b5] 
ef137 info: No subtree to reuse.
ef137 info: StartSearch()[0]
SgUctSearch: max games reached
ef137 info: 
Elapsed Time   0.342508s
Count          1
GamesPlayed    1
Nodes          1
Knowledge      0 (0.0%)
Expansions     0.0
Time           0.00
GameLen        85.0 dev=0.0 min=85.0 max=85.0
InTree         0.0 dev=0.0 min=0.0 max=0.0
KnowDepth      -
Aborted        0%
Games/s        4016.1
Score          0.00
Sequence      
ef137 info: 
ef137 warning: **** MoHexSearch returned empty sequence!
ef137 warning: **** Returning random move!
<= 
< 
<  377364002e2e9415
<  a  b  c  d  e  f  g  h  i  j  k  
< 1\.  .  .  .  .  .  .  .  .  .  .\1
<  2\.  W  .  .  .  .  .  .  .  .  .\2
<   3\.  B  B  .  .  .  .  .  .  .  .\3
<    4\.  .  .  .  .  .  .  .  .  .  .\4
<     5\.  W  B  .  .  .  .  .  .  B  .\5
<      6\.  .  .  W  .  .  .  .  .  .  .\6
<       7\.  B  .  .  .  W  .  .  .  .  B\7
<        8\.  W  .  .  B  .  .  .  B  .  .\8
<         9\.  .  .  B  .  .  .  .  .  .  W\9
<         10\.  .  .  .  W  B  B  .  .  .  .\10
<          11\.  .  .  W  W  .  .  W  .  .  .\11
<              a  b  c  d  e  f  g  h  i  j  k  
<
>play w g2
<= 
<
>showboard
<= 
< 
<  ae41e2c907a41c7d
<  a  b  c  d  e  f  g  h  i  j  k  
< 1\.  .  .  .  .  .  .  .  .  .  .\1
<  2\.  W  .  .  .  .  W  .  .  .  .\2
<   3\.  B  B  .  .  .  .  .  .  .  .\3
<    4\.  .  .  .  .  .  .  .  .  .  .\4
<     5\.  W  B  .  .  .  .  .  .  B  .\5
<      6\.  .  .  W  .  .  .  .  .  .  .\6
<       7\.  B  .  .  .  W  .  .  .  .  B\7
<        8\.  W  .  .  B  .  .  .  B  .  .\8
<         9\.  .  .  B  .  .  .  .  .  .  W\9
<         10\.  .  .  .  W  B  B  .  .  .  .\10
<          11\.  .  .  W  W  .  .  W  .  .  .\11
<              a  b  c  d  e  f  g  h  i  j  k  
<
>genmove b
<= i11
<
>showboard
ef137 info: Best move cannot be determined, must search state.
ef137 info: --- MoHexPlayer::Search() ---
ef137 info: Color: black
ef137 info: MaxGames: 1
ef137 info: NumberThreads: 1
ef137 info: MaxNodes: 9090 (799920 bytes)
ef137 info: TimeForMove: 1
ef137 info: Time for PreSearch: 0.133163s
ef137 info: 
  ae41e2c907a41c7d
  a  b  c  d  e  f  g  h  i  j  k  
 1\b  b  .  .  .  .  .  .  .  .  .\1
  2\w  W  .  .  .  *  W  *  *  *  *\2
   3\w  B  B  *  *  *  *  *  *  *  *\3
    4\b  b  *  *  *  *  *  *  *  *  .\4
     5\w  W  B  *  *  *  *  *  *  B  .\5
      6\w  b  b  W  *  *  *  *  *  *  *\6
       7\b  B  *  *  *  W  *  *  *  *  B\7
        8\w  W  *  *  B  *  *  *  B  .  .\8
         9\w  .  *  B  .  *  .  .  *  *  W\9
         10\w  .  .  .  W  B  B  .  .  .  w\10
          11\.  .  .  W  W  b  b  W  .  .  w\11
              a  b  c  d  e  f  g  h  i  j  k  
ef137 info: Old: [black, c3] [white, swap-pieces] [white, b8] [black, i8] [white, e10] [black, k7] [white, k9] [black, j5] [white, d11] [black, b3] [white, f7] [black, c5] [white, e11] [black, b7] [white, d6] [black, f10] [white, b2] [black, e8] [white, h11] [black, d9] [white, b5] 
ef137 info: New: [black, c3] [white, swap-pieces] [white, b8] [black, i8] [white, e10] [black, k7] [white, k9] [black, j5] [white, d11] [black, b3] [white, f7] [black, c5] [white, e11] [black, b7] [white, d6] [black, f10] [white, b2] [black, e8] [white, h11] [black, d9] [white, b5] [black, g10] [white, g2] 
ef137 info: MovesPlayed: [black, g10] [white, g2] 
ef137 info: No subtree to reuse.
ef137 info: StartSearch()[0]
SgUctSearch: max games reached
ef137 info: 
Elapsed Time   0.27595s
Count          1
GamesPlayed    1
Nodes          1
Knowledge      0 (0.0%)
Expansions     0.0
Time           0.00
GameLen        81.0 dev=0.0 min=81.0 max=81.0
InTree         0.0 dev=0.0 min=0.0 max=0.0
KnowDepth      -
Aborted        0%
Games/s        3610.1
Score          1.00
Sequence      
ef137 info: 
ef137 warning: **** MoHexSearch returned empty sequence!
ef137 warning: **** Returning random move!
<= 
< 
<  d458967d28a181a1
<  a  b  c  d  e  f  g  h  i  j  k  
< 1\.  .  .  .  .  .  .  .  .  .  .\1
<  2\.  W  .  .  .  .  W  .  .  .  .\2
<   3\.  B  B  .  .  .  .  .  .  .  .\3
<    4\.  .  .  .  .  .  .  .  .  .  .\4
<     5\.  W  B  .  .  .  .  .  .  B  .\5
<      6\.  .  .  W  .  .  .  .  .  .  .\6
<       7\.  B  .  .  .  W  .  .  .  .  B\7
<        8\.  W  .  .  B  .  .  .  B  .  .\8
<         9\.  .  .  B  .  .  .  .  .  .  W\9
<         10\.  .  .  .  W  B  B  .  .  .  .\10
<          11\.  .  .  W  W  .  .  W  B  .  .\11
<              a  b  c  d  e  f  g  h  i  j  k  
<
>play w e7
<= 
<
>showboard
<= 
< 
<  cce1f13dba6adb52
<  a  b  c  d  e  f  g  h  i  j  k  
< 1\.  .  .  .  .  .  .  .  .  .  .\1
<  2\.  W  .  .  .  .  W  .  .  .  .\2
<   3\.  B  B  .  .  .  .  .  .  .  .\3
<    4\.  .  .  .  .  .  .  .  .  .  .\4
<     5\.  W  B  .  .  .  .  .  .  B  .\5
<      6\.  .  .  W  .  .  .  .  .  .  .\6
<       7\.  B  .  .  W  W  .  .  .  .  B\7
<        8\.  W  .  .  B  .  .  .  B  .  .\8
<         9\.  .  .  B  .  .  .  .  .  .  W\9
<         10\.  .  .  .  W  B  B  .  .  .  .\10
<          11\.  .  .  W  W  .  .  W  B  .  .\11
<              a  b  c  d  e  f  g  h  i  j  k  
<
>genmove b
<= j3
<
>showboard
ef137 info: Best move cannot be determined, must search state.
ef137 info: --- MoHexPlayer::Search() ---
ef137 info: Color: black
ef137 info: MaxGames: 1
ef137 info: NumberThreads: 1
ef137 info: MaxNodes: 9090 (799920 bytes)
ef137 info: TimeForMove: 1
ef137 info: Time for PreSearch: 0.143764s
ef137 info: 
  cce1f13dba6adb52
  a  b  c  d  e  f  g  h  i  j  k  
 1\b  b  .  .  .  .  .  .  .  .  .\1
  2\w  W  .  .  .  *  W  *  *  *  *\2
   3\w  B  B  *  *  *  *  *  *  *  *\3
    4\b  b  *  *  *  *  *  *  *  *  .\4
     5\w  W  B  *  *  *  *  *  *  B  .\5
      6\w  b  b  W  *  *  *  *  *  *  *\6
       7\b  B  *  *  W  W  *  *  *  *  B\7
        8\w  W  *  *  B  *  *  *  B  .  .\8
         9\w  .  *  B  .  *  .  .  .  *  W\9
         10\w  .  .  .  W  B  B  .  .  .  b\10
          11\.  .  .  W  W  b  b  W  B  b  b\11
              a  b  c  d  e  f  g  h  i  j  k  
ef137 info: Old: [black, c3] [white, swap-pieces] [white, b8] [black, i8] [white, e10] [black, k7] [white, k9] [black, j5] [white, d11] [black, b3] [white, f7] [black, c5] [white, e11] [black, b7] [white, d6] [black, f10] [white, b2] [black, e8] [white, h11] [black, d9] [white, b5] [black, g10] [white, g2] 
ef137 info: New: [black, c3] [white, swap-pieces] [white, b8] [black, i8] [white, e10] [black, k7] [white, k9] [black, j5] [white, d11] [black, b3] [white, f7] [black, c5] [white, e11] [black, b7] [white, d6] [black, f10] [white, b2] [black, e8] [white, h11] [black, d9] [white, b5] [black, g10] [white, g2] [black, i11] [white, e7] 
ef137 info: MovesPlayed: [black, i11] [white, e7] 
ef137 info: No subtree to reuse.
ef137 info: StartSearch()[0]
SgUctSearch: max games reached
ef137 info: 
Elapsed Time   0.289768s
Count          1
GamesPlayed    1
Nodes          1
Knowledge      0 (0.0%)
Expansions     0.0
Time           0.00
GameLen        78.0 dev=0.0 min=78.0 max=78.0
InTree         0.0 dev=0.0 min=0.0 max=0.0
KnowDepth      -
Aborted        0%
Games/s        4255.3
Score          0.00
Sequence      
ef137 info: 
ef137 warning: **** MoHexSearch returned empty sequence!
ef137 warning: **** Returning random move!
<= 
< 
<  e63c890d15ac73e5
<  a  b  c  d  e  f  g  h  i  j  k  
< 1\.  .  .  .  .  .  .  .  .  .  .\1
<  2\.  W  .  .  .  .  W  .  .  .  .\2
<   3\.  B  B  .  .  .  .  .  .  B  .\3
<    4\.  .  .  .  .  .  .  .  .  .  .\4
<     5\.  W  B  .  .  .  .  .  .  B  .\5
<      6\.  .  .  W  .  .  .  .  .  .  .\6
<       7\.  B  .  .  W  W  .  .  .  .  B\7
<        8\.  W  .  .  B  .  .  .  B  .  .\8
<         9\.  .  .  B  .  .  .  .  .  .  W\9
<         10\.  .  .  .  W  B  B  .  .  .  .\10
<          11\.  .  .  W  W  .  .  W  B  .  .\11
<              a  b  c  d  e  f  g  h  i  j  k  
<
>play w c8
<= 
<
>showboard
<= 
< 
<  b7994ee7a18015b3
<  a  b  c  d  e  f  g  h  i  j  k  
< 1\.  .  .  .  .  .  .  .  .  .  .\1
<  2\.  W  .  .  .  .  W  .  .  .  .\2
<   3\.  B  B  .  .  .  .  .  .  B  .\3
<    4\.  .  .  .  .  .  .  .  .  .  .\4
<     5\.  W  B  .  .  .  .  .  .  B  .\5
<      6\.  .  .  W  .  .  .  .  .  .  .\6
<       7\.  B  .  .  W  W  .  .  .  .  B\7
<        8\.  W  W  .  B  .  .  .  B  .  .\8
<         9\.  .  .  B  .  .  .  .  .  .  W\9
<         10\.  .  .  .  W  B  B  .  .  .  .\10
<          11\.  .  .  W  W  .  .  W  B  .  .\11
<              a  b  c  d  e  f  g  h  i  j  k  
<
>genmove b
<= g1
<
>showboard
ef137 info: Best move cannot be determined, must search state.
ef137 info: --- MoHexPlayer::Search() ---
ef137 info: Color: black
ef137 info: MaxGames: 1
ef137 info: NumberThreads: 1
ef137 info: MaxNodes: 9090 (799920 bytes)
ef137 info: TimeForMove: 1
ef137 info: Time for PreSearch: 0.141712s
ef137 info: 
  b7994ee7a18015b3
  a  b  c  d  e  f  g  h  i  j  k  
 1\b  b  .  .  .  .  .  .  .  .  .\1
  2\w  W  .  .  .  *  W  *  *  *  .\2
   3\w  B  B  *  *  *  *  *  *  B  w\3
    4\b  b  *  *  *  *  *  *  *  *  w\4
     5\w  W  B  *  *  *  *  *  *  B  .\5
      6\w  b  b  W  *  *  *  *  *  *  *\6
       7\b  B  .  .  W  W  *  *  *  *  B\7
        8\w  W  W  .  B  *  *  *  B  .  .\8
         9\w  w  .  B  .  .  .  .  .  *  W\9
         10\w  .  .  .  W  B  B  .  .  .  b\10
          11\.  .  .  W  W  b  b  W  B  b  b\11
              a  b  c  d  e  f  g  h  i  j  k  
ef137 info: Old: [black, c3] [white, swap-pieces] [white, b8] [black, i8] [white, e10] [black, k7] [white, k9] [black, j5] [white, d11] [black, b3] [white, f7] [black, c5] [white, e11] [black, b7] [white, d6] [black, f10] [white, b2] [black, e8] [white, h11] [black, d9] [white, b5] [black, g10] [white, g2] [black, i11] [white, e7] 
ef137 info: New: [black, c3] [white, swap-pieces] [white, b8] [black, i8] [white, e10] [black, k7] [white, k9] [black, j5] [white, d11] [black, b3] [white, f7] [black, c5] [white, e11] [black, b7] [white, d6] [black, f10] [white, b2] [black, e8] [white, h11] [black, d9] [white, b5] [black, g10] [white, g2] [black, i11] [white, e7] [black, j3] [white, c8] 
ef137 info: MovesPlayed: [black, j3] [white, c8] 
ef137 info: No subtree to reuse.
ef137 info: StartSearch()[0]
SgUctSearch: max games reached
ef137 info: 
Elapsed Time   0.29084s
Count          1
GamesPlayed    1
Nodes          1
Knowledge      0 (0.0%)
Expansions     0.0
Time           0.00
GameLen        73.0 dev=0.0 min=73.0 max=73.0
InTree         0.0 dev=0.0 min=0.0 max=0.0
KnowDepth      -
Aborted        0%
Games/s        3676.5
Score          1.00
Sequence      
ef137 info: 
ef137 warning: **** MoHexSearch returned empty sequence!
ef137 warning: **** Returning random move!
<= 
< 
<  3c7d3c553ffe7789
<  a  b  c  d  e  f  g  h  i  j  k  
< 1\.  .  .  .  .  .  B  .  .  .  .\1
<  2\.  W  .  .  .  .  W  .  .  .  .\2
<   3\.  B  B  .  .  .  .  .  .  B  .\3
<    4\.  .  .  .  .  .  .  .  .  .  .\4
<     5\.  W  B  .  .  .  .  .  .  B  .\5
<      6\.  .  .  W  .  .  .  .  .  .  .\6
<       7\.  B  .  .  W  W  .  .  .  .  B\7
<        8\.  W  W  .  B  .  .  .  B  .  .\8
<         9\.  .  .  B  .  .  .  .  .  .  W\9
<         10\.  .  .  .  W  B  B  .  .  .  .\10
<          11\.  .  .  W  W  .  .  W  B  .  .\11
<              a  b  c  d  e  f  g  h  i  j  k  
<
>play w d3
<= 
<
>showboard
<= 
< 
<  9c7c39cfddf480e3
<  a  b  c  d  e  f  g  h  i  j  k  
< 1\.  .  .  .  .  .  B  .  .  .  .\1
<  2\.  W  .  .  .  .  W  .  .  .  .\2
<   3\.  B  B  W  .  .  .  .  .  B  .\3
<    4\.  .  .  .  .  .  .  .  .  .  .\4
<     5\.  W  B  .  .  .  .  .  .  B  .\5
<      6\.  .  .  W  .  .  .  .  .  .  .\6
<       7\.  B  .  .  W  W  .  .  .  .  B\7
<        8\.  W  W  .  B  .  .  .  B  .  .\8
<         9\.  .  .  B  .  .  .  .  .  .  W\9
<         10\.  .  .  .  W  B  B  .  .  .  .\10
<          11\.  .  .  W  W  .  .  W  B  .  .\11
<              a  b  c  d  e  f  g  h  i  j  k  
<
>genmove b
<= f4
<
>showboard
ef137 info: Best move cannot be determined, must search state.
ef137 info: --- MoHexPlayer::Search() ---
ef137 info: Color: black
ef137 info: MaxGames: 1
ef137 info: NumberThreads: 1
ef137 info: MaxNodes: 9090 (799920 bytes)
ef137 info: TimeForMove: 1
ef137 info: Time for PreSearch: 0.110161s
ef137 info: 
  9c7c39cfddf480e3
  a  b  c  d  e  f  g  h  i  j  k  
 1\b  b  .  .  .  .  B  .  .  .  .\1
  2\w  W  .  .  .  *  W  *  *  *  .\2
   3\w  B  B  W  *  *  *  *  *  B  w\3
    4\b  b  *  .  *  *  *  *  *  *  w\4
     5\w  W  B  .  *  *  *  *  *  B  .\5
      6\w  b  b  W  *  *  *  *  *  *  *\6
       7\b  B  .  .  W  W  *  *  *  *  B\7
        8\w  W  W  .  B  *  *  *  B  .  .\8
         9\w  w  .  B  .  .  .  .  .  *  W\9
         10\w  .  .  .  W  B  B  .  .  .  b\10
          11\.  .  .  W  W  b  b  W  B  b  b\11
              a  b  c  d  e  f  g  h  i  j  k  
ef137 info: Old: [black, c3] [white, swap-pieces] [white, b8] [black, i8] [white, e10] [black, k7] [white, k9] [black, j5] [white, d11] [black, b3] [white, f7] [black, c5] [white, e11] [black, b7] [white, d6] [black, f10] [white, b2] [black, e8] [white, h11] [black, d9] [white, b5] [black, g10] [white, g2] [black, i11] [white, e7] [black, j3] [white, c8] 
ef137 info: New: [black, c3] [white, swap-pieces] [white, b8] [black, i8] [white, e10] [black, k7] [white, k9] [black, j5] [white, d11] [black, b3] [white, f7] [black, c5] [white, e11] [black, b7] [white, d6] [black, f10] [white, b2] [black, e8] [white, h11] [black, d9] [white, b5] [black, g10] [white, g2] [black, i11] [white, e7] [black, j3] [white, c8] [black, g1] [white, d3] 
ef137 info: MovesPlayed: [black, g1] [white, d3] 
ef137 info: No subtree to reuse.
ef137 info: StartSearch()[0]
SgUctSearch: max games reached
ef137 info: 
Elapsed Time   0.265245s
Count          1
GamesPlayed    1
Nodes          1
Knowledge      0 (0.0%)
Expansions     0.0
Time           0.00
GameLen        71.0 dev=0.0 min=71.0 max=71.0
InTree         0.0 dev=0.0 min=0.0 max=0.0
KnowDepth      -
Aborted        0%
Games/s        3773.6
Score          0.00
Sequence      
ef137 info: 
ef137 warning: **** MoHexSearch returned empty sequence!
ef137 warning: **** Returning random move!
<= 
< 
<  86a2078935608383
<  a  b  c  d  e  f  g  h  i  j  k  
< 1\.  .  .  .  .  .  B  .  .  .  .\1
<  2\.  W  .  .  .  .  W  .  .  .  .\2
<   3\.  B  B  W  .  .  .  .  .  B  .\3
<    4\.  .  .  .  .  B  .  .  .  .  .\4
<     5\.  W  B  .  .  .  .  .  .  B  .\5
<      6\.  .  .  W  .  .  .  .  .  .  .\6
<       7\.  B  .  .  W  W  .  .  .  .  B\7
<        8\.  W  W  .  B  .  .  .  B  .  .\8
<         9\.  .  .  B  .  .  .  .  .  .  W\9
<         10\.  .  .  .  W  B  B  .  .  .  .\10
<          11\.  .  .  W  W  .  .  W  B  .  .\11
<              a  b  c  d  e  f  g  h  i  j  k  
<
>play w g8
<= 
<
>showboard
<= 
< 
<  b52c6d373e6c49a9
<  a  b  c  d  e  f  g  h  i  j  k  
< 1\.  .  .  .  .  .  B  .  .  .  .\1
<  2\.  W  .  .  .  .  W  .  .  .  .\2
<   3\.  B  B  W  .  .  .  .  .  B  .\3
<    4\.  .  .  .  .  B  .  .  .  .  .\4
<     5\.  W  B  .  .  .  .  .  .  B  .\5
<      6\.  .  .  W  .  .  .  .  .  .  .\6
<       7\.  B  .  .  W  W  .  .  .  .  B\7
<        8\.  W  W  .  B  .  W  .  B  .  .\8
<         9\.  .  .  B  .  .  .  .  .  .  W\9
<         10\.  .  .  .  W  B  B  .  .  .  .\10
<          11\.  .  .  W  W  .  .  W  B  .  .\11
<              a  b  c  d  e  f  g  h  i  j  k  
<
>genmove b
<= j1
<
>showboard
ef137 info: Best move cannot be determined, must search state.
ef137 info: --- MoHexPlayer::Search() ---
ef137 info: Color: black
ef137 info: MaxGames: 1
ef137 info: NumberThreads: 1
ef137 info: MaxNodes: 9090 (799920 bytes)
ef137 info: TimeForMove: 1
ef137 info: Time for PreSearch: 0.111152s
ef137 info: 
  b52c6d373e6c49a9
  a  b  c  d  e  f  g  h  i  j  k  
 1\b  b  .  .  .  .  B  .  .  .  .\1
  2\w  W  .  .  .  .  W  *  *  *  .\2
   3\w  B  B  W  .  .  *  *  *  B  w\3
    4\b  b  .  .  *  B  *  *  *  *  w\4
     5\w  W  B  .  *  *  *  *  *  B  .\5
      6\w  b  b  W  *  *  *  *  *  *  *\6
       7\b  B  .  .  W  W  *  *  *  *  B\7
        8\w  W  W  .  B  .  W  *  B  .  .\8
         9\w  w  .  B  .  *  .  .  .  *  W\9
         10\w  .  .  .  W  B  B  .  .  .  b\10
          11\.  .  .  W  W  b  b  W  B  b  b\11
              a  b  c  d  e  f  g  h  i  j  k  
ef137 info: Old: [black, c3] [white, swap-pieces] [white, b8] [black, i8] [white, e10] [black, k7] [white, k9] [black, j5] [white, d11] [black, b3] [white, f7] [black, c5] [white, e11] [black, b7] [white, d6] [black, f10] [white, b2] [black, e8] [white, h11] [black, d9] [white, b5] [black, g10] [white, g2] [black, i11] [white, e7] [black, j3] [white, c8] [black, g1] [white, d3] 
ef137 info: New: [black, c3] [white, swap-pieces] [white, b8] [black, i8] [white, e10] [black, k7] [white, k9] [black, j5] [white, d11] [black, b3] [white, f7] [black, c5] [white, e11] [black, b7] [white, d6] [black, f10] [white, b2] [black, e8] [white, h11] [black, d9] [white, b5] [black, g10] [white, g2] [black, i11] [white, e7] [black, j3] [white, c8] [black, g1] [white, d3] [black, f4] [white, g8] 
ef137 info: MovesPlayed: [black, f4] [white, g8] 
ef137 info: No subtree to reuse.
ef137 info: StartSearch()[0]
SgUctSearch: max games reached
ef137 info: 
Elapsed Time   0.252748s
Count          1
GamesPlayed    1
Nodes          1
Knowledge      0 (0.0%)
Expansions     0.0
Time           0.00
GameLen        69.0 dev=0.0 min=69.0 max=69.0
InTree         0.0 dev=0.0 min=0.0 max=0.0
KnowDepth      -
Aborted        0%
Games/s        3690.0
Score          1.00
Sequence      
ef137 info: 
ef137 warning: **** MoHexSearch returned empty sequence!
ef137 warning: **** Returning random move!
<= 
< 
<  222b617add01a625
<  a  b  c  d  e  f  g  h  i  j  k  
< 1\.  .  .  .  .  .  B  .  .  B  .\1
<  2\.  W  .  .  .  .  W  .  .  .  .\2
<   3\.  B  B  W  .  .  .  .  .  B  .\3
<    4\.  .  .  .  .  B  .  .  .  .  .\4
<     5\.  W  B  .  .  .  .  .  .  B  .\5
<      6\.  .  .  W  .  .  .  .  .  .  .\6
<       7\.  B  .  .  W  W  .  .  .  .  B\7
<        8\.  W  W  .  B  .  W  .  B  .  .\8
<         9\.  .  .  B  .  .  .  .  .  .  W\9
<         10\.  .  .  .  W  B  B  .  .  .  .\10
<          11\.  .  .  W  W  .  .  W  B  .  .\11
<              a  b  c  d  e  f  g  h  i  j  k  
<
>play w b11
<= 
<
>showboard
<= 
< 
<  ec573d4ff3016026
<  a  b  c  d  e  f  g  h  i  j  k  
< 1\.  .  .  .  .  .  B  .  .  B  .\1
<  2\.  W  .  .  .  .  W  .  .  .  .\2
<   3\.  B  B  W  .  .  .  .  .  B  .\3
<    4\.  .  .  .  .  B  .  .  .  .  .\4
<     5\.  W  B  .  .  .  .  .  .  B  .\5
<      6\.  .  .  W  .  .  .  .  .  .  .\6
<       7\.  B  .  .  W  W  .  .  .  .  B\7
<        8\.  W  W  .  B  .  W  .  B  .  .\8
<         9\.  .  .  B  .  .  .  .  .  .  W\9
<         10\.  .  .  .  W  B  B  .  .  .  .\10
<          11\.  W  .  W  W  .  .  W  B  .  .\11
<              a  b  c  d  e  f  g  h  i  j  k  
<
>genmove b
<= i5
<
>showboard
ef137 info: Winning SC.
<= 
< 
<  9cb2f2096ccf6123
<  a  b  c  d  e  f  g  h  i  j  k  
< 1\.  .  .  .  .  .  B  .  .  B  .\1
<  2\.  W  .  .  .  .  W  .  .  .  .\2
<   3\.  B  B  W  .  .  .  .  .  B  .\3
<    4\.  .  .  .  .  B  .  .  .  .  .\4
<     5\.  W  B  .  .  .  .  .  B  B  .\5
<      6\.  .  .  W  .  .  .  .  .  .  .\6
<       7\.  B  .  .  W  W  .  .  .  .  B\7
<        8\.  W  W  .  B  .  W  .  B  .  .\8
<         9\.  .  .  B  .  .  .  .  .  .  W\9
<         10\.  .  .  .  W  B  B  .  .  .  .\10
<          11\.  W  .  W  W  .  .  W  B  .  .\11
<              a  b  c  d  e  f  g  h  i  j  k  
<
>play w h9
<= 
<
>showboard
<= 
< 
<  ca9e1dc317ced3f8
<  a  b  c  d  e  f  g  h  i  j  k  
< 1\.  .  .  .  .  .  B  .  .  B  .\1
<  2\.  W  .  .  .  .  W  .  .  .  .\2
<   3\.  B  B  W  .  .  .  .  .  B  .\3
<    4\.  .  .  .  .  B  .  .  .  .  .\4
<     5\.  W  B  .  .  .  .  .  B  B  .\5
<      6\.  .  .  W  .  .  .  .  .  .  .\6
<       7\.  B  .  .  W  W  .  .  .  .  B\7
<        8\.  W  W  .  B  .  W  .  B  .  .\8
<         9\.  .  .  B  .  .  .  W  .  .  W\9
<         10\.  .  .  .  W  B  B  .  .  .  .\10
<          11\.  W  .  W  W  .  .  W  B  .  .\11
<              a  b  c  d  e  f  g  h  i  j  k  
<
>genmove b
<= h8
<
>showboard
ef137 info: Winning SC.
<= 
< 
<  bcb85c1b1f197112
<  a  b  c  d  e  f  g  h  i  j  k  
< 1\.  .  .  .  .  .  B  .  .  B  .\1
<  2\.  W  .  .  .  .  W  .  .  .  .\2
<   3\.  B  B  W  .  .  .  .  .  B  .\3
<    4\.  .  .  .  .  B  .  .  .  .  .\4
<     5\.  W  B  .  .  .  .  .  B  B  .\5
<      6\.  .  .  W  .  .  .  .  .  .  .\6
<       7\.  B  .  .  W  W  .  .  .  .  B\7
<        8\.  W  W  .  B  .  W  B  B  .  .\8
<         9\.  .  .  B  .  .  .  W  .  .  W\9
<         10\.  .  .  .  W  B  B  .  .  .  .\10
<          11\.  W  .  W  W  .  .  W  B  .  .\11
<              a  b  c  d  e  f  g  h  i  j  k  
<
>play w g9
<= 
<
>showboard
<= 
< 
<  f52310c3762456a0
<  a  b  c  d  e  f  g  h  i  j  k  
< 1\.  .  .  .  .  .  B  .  .  B  .\1
<  2\.  W  .  .  .  .  W  .  .  .  .\2
<   3\.  B  B  W  .  .  .  .  .  B  .\3
<    4\.  .  .  .  .  B  .  .  .  .  .\4
<     5\.  W  B  .  .  .  .  .  B  B  .\5
<      6\.  .  .  W  .  .  .  .  .  .  .\6
<       7\.  B  .  .  W  W  .  .  .  .  B\7
<        8\.  W  W  .  B  .  W  B  B  .  .\8
<         9\.  .  .  B  .  .  W  W  .  .  W\9
<         10\.  .  .  .  W  B  B  .  .  .  .\10
<          11\.  W  .  W  W  .  .  W  B  .  .\11
<              a  b  c  d  e  f  g  h  i  j  k  
<
>genmove b
<= i9
<
>showboard
ef137 info: Winning SC.
<= 
< 
<  71bed8fd04594bd9
<  a  b  c  d  e  f  g  h  i  j  k  
< 1\.  .  .  .  .  .  B  .  .  B  .\1
<  2\.  W  .  .  .  .  W  .  .  .  .\2
<   3\.  B  B  W  .  .  .  .  .  B  .\3
<    4\.  .  .  .  .  B  .  .  .  .  .\4
<     5\.  W  B  .  .  .  .  .  B  B  .\5
<      6\.  .  .  W  .  .  .  .  .  .  .\6
<       7\.  B  .  .  W  W  .  .  .  .  B\7
<        8\.  W  W  .  B  .  W  B  B  .  .\8
<         9\.  .  .  B  .  .  W  W  B  .  W\9
<         10\.  .  .  .  W  B  B  .  .  .  .\10
<          11\.  W  .  W  W  .  .  W  B  .  .\11
<              a  b  c  d  e  f  g  h  i  j  k  
<
>play w h7
<= 
<
>showboard
<= 
< 
<  70730887462e7011
<  a  b  c  d  e  f  g  h  i  j  k  
< 1\.  .  .  .  .  .  B  .  .  B  .\1
<  2\.  W  .  .  .  .  W  .  .  .  .\2
<   3\.  B  B  W  .  .  .  .  .  B  .\3
<    4\.  .  .  .  .  B  .  .  .  .  .\4
<     5\.  W  B  .  .  .  .  .  B  B  .\5
<      6\.  .  .  W  .  .  .  .  .  .  .\6
<       7\.  B  .  .  W  W  .  W  .  .  B\7
<        8\.  W  W  .  B  .  W  B  B  .  .\8
<         9\.  .  .  B  .  .  W  W  B  .  W\9
<         10\.  .  .  .  W  B  B  .  .  .  .\10
<          11\.  W  .  W  W  .  .  W  B  .  .\11
<              a  b  c  d  e  f  g  h  i  j  k  
<
>genmove b
<= j6
<
>showboard
ef137 info: Winning SC.
<= 
< 
<  6352910284bfacb0
<  a  b  c  d  e  f  g  h  i  j  k  
< 1\.  .  .  .  .  .  B  .  .  B  .\1
<  2\.  W  .  .  .  .  W  .  .  .  .\2
<   3\.  B  B  W  .  .  .  .  .  B  .\3
<    4\.  .  .  .  .  B  .  .  .  .  .\4
<     5\.  W  B  .  .  .  .  .  B  B  .\5
<      6\.  .  .  W  .  .  .  .  .  B  .\6
<       7\.  B  .  .  W  W  .  W  .  .  B\7
<        8\.  W  W  .  B  .  W  B  B  .  .\8
<         9\.  .  .  B  .  .  W  W  B  .  W\9
<         10\.  .  .  .  W  B  B  .  .  .  .\10
<          11\.  W  .  W  W  .  .  W  B  .  .\11
<              a  b  c  d  e  f  g  h  i  j  k  
<
>play w i4
<= 
<
>showboard
<= 
< 
<  f186773fdbd5d8c2
<  a  b  c  d  e  f  g  h  i  j  k  
< 1\.  .  .  .  .  .  B  .  .  B  .\1
<  2\.  W  .  .  .  .  W  .  .  .  .\2
<   3\.  B  B  W  .  .  .  .  .  B  .\3
<    4\.  .  .  .  .  B  .  .  W  .  .\4
<     5\.  W  B  .  .  .  .  .  B  B  .\5
<      6\.  .  .  W  .  .  .  .  .  B  .\6
<       7\.  B  .  .  W  W  .  W  .  .  B\7
<        8\.  W  W  .  B  .  W  B  B  .  .\8
<         9\.  .  .  B  .  .  W  W  B  .  W\9
<         10\.  .  .  .  W  B  B  .  .  .  .\10
<          11\.  W  .  W  W  .  .  W  B  .  .\11
<              a  b  c  d  e  f  g  h  i  j  k  
<
>genmove b
<= j4
<
>showboard
ef137 info: Winning SC.
<= 
< 
<  7fc90ecd8ed3b424
<  a  b  c  d  e  f  g  h  i  j  k  
< 1\.  .  .  .  .  .  B  .  .  B  .\1
<  2\.  W  .  .  .  .  W  .  .  .  .\2
<   3\.  B  B  W  .  .  .  .  .  B  .\3
<    4\.  .  .  .  .  B  .  .  W  B  .\4
<     5\.  W  B  .  .  .  .  .  B  B  .\5
<      6\.  .  .  W  .  .  .  .  .  B  .\6
<       7\.  B  .  .  W  W  .  W  .  .  B\7
<        8\.  W  W  .  B  .  W  B  B  .  .\8
<         9\.  .  .  B  .  .  W  W  B  .  W\9
<         10\.  .  .  .  W  B  B  .  .  .  .\10
<          11\.  W  .  W  W  .  .  W  B  .  .\11
<              a  b  c  d  e  f  g  h  i  j  k  
<
>play w j2
<= 
<
>showboard
<= 
< 
<  cdaf90f424617162
<  a  b  c  d  e  f  g  h  i  j  k  
< 1\.  .  .  .  .  .  B  .  .  B  .\1
<  2\.  W  .  .  .  .  W  .  .  W  .\2
<   3\.  B  B  W  .  .  .  .  .  B  .\3
<    4\.  .  .  .  .  B  .  .  W  B  .\4
<     5\.  W  B  .  .  .  .  .  B  B  .\5
<      6\.  .  .  W  .  .  .  .  .  B  .\6
<       7\.  B  .  .  W  W  .  W  .  .  B\7
<        8\.  W  W  .  B  .  W  B  B  .  .\8
<         9\.  .  .  B  .  .  W  W  B  .  W\9
<         10\.  .  .  .  W  B  B  .  .  .  .\10
<          11\.  W  .  W  W  .  .  W  B  .  .\11
<              a  b  c  d  e  f  g  h  i  j  k  
<
>genmove b
<= i3
<
>showboard
ef137 info: Winning SC.
<= 
< 
<  117be269fb70f218
<  a  b  c  d  e  f  g  h  i  j  k  
< 1\.  .  .  .  .  .  B  .  .  B  .\1
<  2\.  W  .  .  .  .  W  .  .  W  .\2
<   3\.  B  B  W  .  .  .  .  B  B  .\3
<    4\.  .  .  .  .  B  .  .  W  B  .\4
<     5\.  W  B  .  .  .  .  .  B  B  .\5
<      6\.  .  .  W  .  .  .  .  .  B  .\6
<       7\.  B  .  .  W  W  .  W  .  .  B\7
<        8\.  W  W  .  B  .  W  B  B  .  .\8
<         9\.  .  .  B  .  .  W  W  B  .  W\9
<         10\.  .  .  .  W  B  B  .  .  .  .\10
<          11\.  W  .  W  W  .  .  W  B  .  .\11
<              a  b  c  d  e  f  g  h  i  j  k  
<
>play w i2
<= 
<
>showboard
<= 
< 
<  34eaa7c022a78b6d
<  a  b  c  d  e  f  g  h  i  j  k  
< 1\.  .  .  .  .  .  B  .  .  B  .\1
<  2\.  W  .  .  .  .  W  .  W  W  .\2
<   3\.  B  B  W  .  .  .  .  B  B  .\3
<    4\.  .  .  .  .  B  .  .  W  B  .\4
<     5\.  W  B  .  .  .  .  .  B  B  .\5
<      6\.  .  .  W  .  .  .  .  .  B  .\6
<       7\.  B  .  .  W  W  .  W  .  .  B\7
<        8\.  W  W  .  B  .  W  B  B  .  .\8
<         9\.  .  .  B  .  .  W  W  B  .  W\9
<         10\.  .  .  .  W  B  B  .  .  .  .\10
<          11\.  W  .  W  W  .  .  W  B  .  .\11
<              a  b  c  d  e  f  g  h  i  j  k  
<
>genmove b
<= h3
<
>showboard
ef137 info: Winning SC.
<= 
< 
<  dad38cc19795383e
<  a  b  c  d  e  f  g  h  i  j  k  
< 1\.  .  .  .  .  .  B  .  .  B  .\1
<  2\.  W  .  .  .  .  W  .  W  W  .\2
<   3\.  B  B  W  .  .  .  B  B  B  .\3
<    4\.  .  .  .  .  B  .  .  W  B  .\4
<     5\.  W  B  .  .  .  .  .  B  B  .\5
<      6\.  .  .  W  .  .  .  .  .  B  .\6
<       7\.  B  .  .  W  W  .  W  .  .  B\7
<        8\.  W  W  .  B  .  W  B  B  .  .\8
<         9\.  .  .  B  .  .  W  W  B  .  W\9
<         10\.  .  .  .  W  B  B  .  .  .  .\10
<          11\.  W  .  W  W  .  .  W  B  .  .\11
<              a  b  c  d  e  f  g  h  i  j  k  
<
>play w e2
<= 
<
>showboard
<= 
< 
<  d92123ee634a06ac
<  a  b  c  d  e  f  g  h  i  j  k  
< 1\.  .  .  .  .  .  B  .  .  B  .\1
<  2\.  W  .  .  W  .  W  .  W  W  .\2
<   3\.  B  B  W  .  .  .  B  B  B  .\3
<    4\.  .  .  .  .  B  .  .  W  B  .\4
<     5\.  W  B  .  .  .  .  .  B  B  .\5
<      6\.  .  .  W  .  .  .  .  .  B  .\6
<       7\.  B  .  .  W  W  .  W  .  .  B\7
<        8\.  W  W  .  B  .  W  B  B  .  .\8
<         9\.  .  .  B  .  .  W  W  B  .  W\9
<         10\.  .  .  .  W  B  B  .  .  .  .\10
<          11\.  W  .  W  W  .  .  W  B  .  .\11
<              a  b  c  d  e  f  g  h  i  j  k  
<
>genmove b
<= h2
<
>showboard
ef137 info: Winning SC.
<= 
< 
<  bdf4b6e9c275f931
<  a  b  c  d  e  f  g  h  i  j  k  
< 1\.  .  .  .  .  .  B  .  .  B  .\1
<  2\.  W  .  .  W  .  W  B  W  W  .\2
<   3\.  B  B  W  .  .  .  B  B  B  .\3
<    4\.  .  .  .  .  B  .  .  W  B  .\4
<     5\.  W  B  .  .  .  .  .  B  B  .\5
<      6\.  .  .  W  .  .  .  .  .  B  .\6
<       7\.  B  .  .  W  W  .  W  .  .  B\7
<        8\.  W  W  .  B  .  W  B  B  .  .\8
<         9\.  .  .  B  .  .  W  W  B  .  W\9
<         10\.  .  .  .  W  B  B  .  .  .  .\10
<          11\.  W  .  W  W  .  .  W  B  .  .\11
<              a  b  c  d  e  f  g  h  i  j  k  
<
>play w i10
<= 
<
>showboard
<= 
< 
<  5ec4f76f859b6a17
<  a  b  c  d  e  f  g  h  i  j  k  
< 1\.  .  .  .  .  .  B  .  .  B  .\1
<  2\.  W  .  .  W  .  W  B  W  W  .\2
<   3\.  B  B  W  .  .  .  B  B  B  .\3
<    4\.  .  .  .  .  B  .  .  W  B  .\4
<     5\.  W  B  .  .  .  .  .  B  B  .\5
<      6\.  .  .  W  .  .  .  .  .  B  .\6
<       7\.  B  .  .  W  W  .  W  .  .  B\7
<        8\.  W  W  .  B  .  W  B  B  .  .\8
<         9\.  .  .  B  .  .  W  W  B  .  W\9
<         10\.  .  .  .  W  B  B  .  W  .  .\10
<          11\.  W  .  W  W  .  .  W  B  .  .\11
<              a  b  c  d  e  f  g  h  i  j  k  
<
>genmove b
<= h10
<
>showboard
ef137 info: Winning SC.
<= 
< 
<  923cff64b2b96675
<  a  b  c  d  e  f  g  h  i  j  k  
< 1\.  .  .  .  .  .  B  .  .  B  .\1
<  2\.  W  .  .  W  .  W  B  W  W  .\2
<   3\.  B  B  W  .  .  .  B  B  B  .\3
<    4\.  .  .  .  .  B  .  .  W  B  .\4
<     5\.  W  B  .  .  .  .  .  B  B  .\5
<      6\.  .  .  W  .  .  .  .  .  B  .\6
<       7\.  B  .  .  W  W  .  W  .  .  B\7
<        8\.  W  W  .  B  .  W  B  B  .  .\8
<         9\.  .  .  B  .  .  W  W  B  .  W\9
<         10\.  .  .  .  W  B  B  B  W  .  .\10
<          11\.  W  .  W  W  .  .  W  B  .  .\11
<              a  b  c  d  e  f  g  h  i  j  k  
<
>play w i7
<= 
<
>showboard
<= 
< 
<  9d01bb3fd407ed4d
<  a  b  c  d  e  f  g  h  i  j  k  
< 1\.  .  .  .  .  .  B  .  .  B  .\1
<  2\.  W  .  .  W  .  W  B  W  W  .\2
<   3\.  B  B  W  .  .  .  B  B  B  .\3
<    4\.  .  .  .  .  B  .  .  W  B  .\4
<     5\.  W  B  .  .  .  .  .  B  B  .\5
<      6\.  .  .  W  .  .  .  .  .  B  .\6
<       7\.  B  .  .  W  W  .  W  W  .  B\7
<        8\.  W  W  .  B  .  W  B  B  .  .\8
<         9\.  .  .  B  .  .  W  W  B  .  W\9
<         10\.  .  .  .  W  B  B  B  W  .  .\10
<          11\.  W  .  W  W  .  .  W  B  .  .\11
<              a  b  c  d  e  f  g  h  i  j  k  
<
>genmove b
<= j7
<
>showboard
ef137 info: Winning SC.
<= 
< 
<  65c8886bec4d2350
<  a  b  c  d  e  f  g  h  i  j  k  
< 1\.  .  .  .  .  .  B  .  .  B  .\1
<  2\.  W  .  .  W  .  W  B  W  W  .\2
<   3\.  B  B  W  .  .  .  B  B  B  .\3
<    4\.  .  .  .  .  B  .  .  W  B  .\4
<     5\.  W  B  .  .  .  .  .  B  B  .\5
<      6\.  .  .  W  .  .  .  .  .  B  .\6
<       7\.  B  .  .  W  W  .  W  W  B  B\7
<        8\.  W  W  .  B  .  W  B  B  .  .\8
<         9\.  .  .  B  .  .  W  W  B  .  W\9
<         10\.  .  .  .  W  B  B  B  W  .  .\10
<          11\.  W  .  W  W  .  .  W  B  .  .\11
<              a  b  c  d  e  f  g  h  i  j  k  
<
>play w h1
<= 
<
>showboard
<= 
< 
<  fa699f20ea9f324a
<  a  b  c  d  e  f  g  h  i  j  k  
< 1\.  .  .  .  .  .  B  W  .  B  .\1
<  2\.  W  .  .  W  .  W  B  W  W  .\2
<   3\.  B  B  W  .  .  .  B  B  B  .\3
<    4\.  .  .  .  .  B  .  .  W  B  .\4
<     5\.  W  B  .  .  .  .  .  B  B  .\5
<      6\.  .  .  W  .  .  .  .  .  B  .\6
<       7\.  B  .  .  W  W  .  W  W  B  B\7
<        8\.  W  W  .  B  .  W  B  B  .  .\8
<         9\.  .  .  B  .  .  W  W  B  .  W\9
<         10\.  .  .  .  W  B  B  B  W  .  .\10
<          11\.  W  .  W  W  .  .  W  B  .  .\11
<              a  b  c  d  e  f  g  h  i  j  k  
<
>genmove b
<= i1
<
>showboard
ef137 info: Winning SC.
<= 
< 
<  81bc18aeb6f99d22
<  a  b  c  d  e  f  g  h  i  j  k  
< 1\.  .  .  .  .  .  B  W  B  B  .\1
<  2\.  W  .  .  W  .  W  B  W  W  .\2
<   3\.  B  B  W  .  .  .  B  B  B  .\3
<    4\.  .  .  .  .  B  .  .  W  B  .\4
<     5\.  W  B  .  .  .  .  .  B  B  .\5
<      6\.  .  .  W  .  .  .  .  .  B  .\6
<       7\.  B  .  .  W  W  .  W  W  B  B\7
<        8\.  W  W  .  B  .  W  B  B  .  .\8
<         9\.  .  .  B  .  .  W  W  B  .  W\9
<         10\.  .  .  .  W  B  B  B  W  .  .\10
<          11\.  W  .  W  W  .  .  W  B  .  .\11
<              a  b  c  d  e  f  g  h  i  j  k  
<
>play w f11
<= 
<
>showboard
<= 
< 
<  ab12514bbd698ddc
<  a  b  c  d  e  f  g  h  i  j  k  
< 1\.  .  .  .  .  .  B  W  B  B  .\1
<  2\.  W  .  .  W  .  W  B  W  W  .\2
<   3\.  B  B  W  .  .  .  B  B  B  .\3
<    4\.  .  .  .  .  B  .  .  W  B  .\4
<     5\.  W  B  .  .  .  .  .  B  B  .\5
<      6\.  .  .  W  .  .  .  .  .  B  .\6
<       7\.  B  .  .  W  W  .  W  W  B  B\7
<        8\.  W  W  .  B  .  W  B  B  .  .\8
<         9\.  .  .  B  .  .  W  W  B  .  W\9
<         10\.  .  .  .  W  B  B  B  W  .  .\10
<          11\.  W  .  W  W  W  .  W  B  .  .\11
<              a  b  c  d  e  f  g  h  i  j  k  
<
>genmove b
<= g11
<
>showboard
ef137 info: Winning SC.
<= 
< 
<  f031b4345fd0635d
<  a  b  c  d  e  f  g  h  i  j  k  
< 1\.  .  .  .  .  .  B  W  B  B  .\1
<  2\.  W  .  .  W  .  W  B  W  W  .\2
<   3\.  B  B  W  .  .  .  B  B  B  .\3
<    4\.  .  .  .  .  B  .  .  W  B  .\4
<     5\.  W  B  .  .  .  .  .  B  B  .\5
<      6\.  .  .  W  .  .  .  .  .  B  .\6
<       7\.  B  .  .  W  W  .  W  W  B  B\7
<        8\.  W  W  .  B  .  W  B  B  .  .\8
<         9\.  .  .  B  .  .  W  W  B  .  W\9
<         10\.  .  .  .  W  B  B  B  W  .  .\10
<          11\.  W  .  W  W  W  B  W  B  .  .\11
<              a  b  c  d  e  f  g  h  i  j  k  
<
>play w resign
<= 
<
>showboard
<= 
< 
<  f031b4345fd0635d
<  a  b  c  d  e  f  g  h  i  j  k  
< 1\.  .  .  .  .  .  B  W  B  B  .\1
<  2\.  W  .  .  W  .  W  B  W  W  .\2
<   3\.  B  B  W  .  .  .  B  B  B  .\3
<    4\.  .  .  .  .  B  .  .  W  B  .\4
<     5\.  W  B  .  .  .  .  .  B  B  .\5
<      6\.  .  .  W  .  .  .  .  .  B  .\6
<       7\.  B  .  .  W  W  .  W  W  B  B\7
<        8\.  W  W  .  B  .  W  B  B  .  .\8
<         9\.  .  .  B  .  .  W  W  B  .  W\9
<         10\.  .  .  .  W  B  B  B  W  .  .\10
<          11\.  W  .  W  W  W  B  W  B  .  .\11
<              a  b  c  d  e  f  g  h  i  j  k  
<
>final_score
<= B+
<
>quit
<= 
<
